Loading required package: future

Attaching package: ‘future’

The following object is masked from ‘package:drake’:

    plan


...............target dat_mcdb
.target dat_gentry
.target dat_bbs
.target dat_misc_abund
.target dat_fia

Attaching package: ‘future’

The following object is masked from ‘package:drake’:

    plan

..target dat_s_dat_misc_abund

Attaching package: ‘future’

The following object is masked from ‘package:drake’:

    plan

..target dat_s_dat_fia

Attaching package: ‘future’

The following object is masked from ‘package:drake’:

    plan

..target dat_s_dat_mcdb

Attaching package: ‘future’

The following object is masked from ‘package:drake’:

    plan

..target dat_s_dat_gentry

Attaching package: ‘future’

The following object is masked from ‘package:drake’:

    plan

..target dat_s_dat_bbs

Attaching package: ‘future’

The following object is masked from ‘package:drake’:

    plan

..target sv_dat_s_dat_gentry

Attaching package: ‘future’

The following object is masked from ‘package:drake’:

    plan

Warning: target dat_s_dat_misc_abund warnings:
  NaNs produced
..target sv_dat_s_dat_misc_abund

Attaching package: ‘future’

The following object is masked from ‘package:drake’:

    plan

Warning: target dat_s_dat_mcdb warnings:
  NaNs produced
  NaNs produced
  NaNs produced
..target sv_dat_s_dat_mcdb

Attaching package: ‘future’

The following object is masked from ‘package:drake’:

    plan

..target sv_dat_s_dat_bbs

Attaching package: ‘future’

The following object is masked from ‘package:drake’:

    plan

.
Attaching package: ‘future’

The following object is masked from ‘package:drake’:

    plan

.
Attaching package: ‘future’

The following object is masked from ‘package:drake’:

    plan

.
Attaching package: ‘future’

The following object is masked from ‘package:drake’:

    plan

.
Attaching package: ‘future’

The following object is masked from ‘package:drake’:

    plan

Warning: target dat_s_dat_fia warnings:
  NaNs produced
  NaNs produced
  NaNs produced
  NaNs produced
  NaNs produced
  NaNs produced
  NaNs produced
  NaNs produced
  NaNs produced
  NaNs produced
  NaNs produced
  NaNs produced
  NaNs produced
  NaNs produced
  NaNs produced
  NaNs produced
  NaNs produced
  NaNs produced
  NaNs produced
  NaNs produced
  NaNs produced
  NaNs produced
  NaNs produced
  NaNs produced
  NaNs produced
  NaNs produced
  NaNs produced
  NaNs produced
  NaNs produced
  ...
..target sv_dat_s_dat_fia

Attaching package: ‘future’

The following object is masked from ‘package:drake’:

    plan

..target all_sv

Attaching package: ‘future’

The following object is masked from ‘package:drake’:

    plan

..target sv_report

Attaching package: ‘future’

The following object is masked from ‘package:drake’:

    plan

Target sv_report messages:
  

processing file: statevars.Rmd
  output file: statevars.knit.md

  
Output created: statevars.md
..