Loading required package: future

Attaching package: ‘future’

The following object is masked from ‘package:drake’:

    plan


.................In drake, consider r_make() instead of make(). r_make() runs make() in a fresh R session for enhanced robustness and reproducibility.
target all_sv
.target mp_tall
.target mp_mamm

Attaching package: ‘future’

The following object is masked from ‘package:drake’:

    plan

..target sv_report

Attaching package: ‘future’

The following object is masked from ‘package:drake’:

    plan

Target sv_report messages:
  

processing file: statevars.Rmd
  output file: statevars.knit.md

  
Output created: statevars.md
.
Attaching package: ‘future’

The following object is masked from ‘package:drake’:

    plan

..fail mp_tall
.Error: Target `mp_tall` failed. Call `diagnose(mp_tall)` for details. Error message:
  Worker terminated unexpectedly before the target could complete. Is something wrong with your system or job scheduler?
In addition: Warning message:
No checksum available for target mp_tall. 
Execution halted
Error : BatchtoolsExpiration: Future ('mp_tall') expired (registry path /home/diaz.renata/scadsanalysis/.future/20191031_180722-q4i7dC/mp_tall_1235595788).. The last few lines of the logged output:
[1] ".Rprofile loaded"
### [bt]: This is batchtools v0.9.11
### [bt]: Starting calculation of 1 jobs
### [bt]: Setting working directory to '/home/diaz.renata/scadsanalysis'
Loading required package: scadsanalysis
### [bt]: Memory measurement disabled
### [bt]: Starting job [batchtools job.id=1]
### [bt]: Setting seed to 1 ...
slurmstepd: error: *** JOB 43444908 ON c33a-s25 CANCELLED AT 2019-11-01T02:09:57 DUE TO TIME LIMIT ***
