2020-01-21 10:48:12.311624 | Master: tcp://c24a-s1:7958
2020-01-21 10:48:12.342838 | WORKER_UP to: tcp://c24a-s1:7958
2020-01-21 10:48:17.063937 | > DO_SETUP (3.424s wait)
2020-01-21 10:48:17.064816 | token from msg: set_common_data_token
2020-01-21 10:48:18.342254 | > DO_CALL (0.000s wait)
.* Option 'clustermq.scheduler' not set, defaulting to ‘SLURM’
--- see: https://mschubert.github.io/clustermq/articles/userguide.html#configuration
2020-01-21 10:48:18.632062 | eval'd: drake::cmq_buildtargetmetadepsspecht_is_subtargetconfig
2020-01-21 10:48:23.678013 | > DO_CALL (0.000s wait)
.2020-01-21 10:48:24.031335 | eval'd: drake::cmq_buildtargetmetadepsspecht_is_subtargetconfig
2020-01-21 10:48:31.151330 | > DO_CALL (0.001s wait)
.2020-01-21 10:48:31.160168 | eval'd: drake::cmq_buildtargetmetadepsspecht_is_subtargetconfig
2020-01-21 10:48:37.850998 | > DO_CALL (0.001s wait)
.2020-01-21 10:48:37.860360 | eval'd: drake::cmq_buildtargetmetadepsspecht_is_subtargetconfig
2020-01-21 10:48:43.976032 | > DO_CALL (0.001s wait)
.2020-01-21 10:48:43.983062 | eval'd: drake::cmq_buildtargetmetadepsspecht_is_subtargetconfig
2020-01-21 10:48:50.476018 | > DO_CALL (0.001s wait)
.2020-01-21 10:48:50.485343 | eval'd: drake::cmq_buildtargetmetadepsspecht_is_subtargetconfig
2020-01-21 10:48:58.026928 | > DO_CALL (0.000s wait)
.2020-01-21 10:48:58.034237 | eval'd: drake::cmq_buildtargetmetadepsspecht_is_subtargetconfig
2020-01-21 10:49:04.381490 | > DO_CALL (0.001s wait)
.2020-01-21 10:49:04.386744 | eval'd: drake::cmq_buildtargetmetadepsspecht_is_subtargetconfig
2020-01-21 10:49:11.726918 | > DO_CALL (0.001s wait)
.2020-01-21 10:49:11.736062 | eval'd: drake::cmq_buildtargetmetadepsspecht_is_subtargetconfig
2020-01-21 10:49:20.175966 | > DO_CALL (0.001s wait)
.2020-01-21 10:49:20.184192 | eval'd: drake::cmq_buildtargetmetadepsspecht_is_subtargetconfig
2020-01-21 10:49:26.579290 | > DO_CALL (0.001s wait)
.2020-01-21 10:49:26.583981 | eval'd: drake::cmq_buildtargetmetadepsspecht_is_subtargetconfig
2020-01-21 10:49:32.159021 | > DO_CALL (0.000s wait)
.2020-01-21 10:49:32.164052 | eval'd: drake::cmq_buildtargetmetadepsspecht_is_subtargetconfig
2020-01-21 10:49:38.661585 | > DO_CALL (0.001s wait)
.2020-01-21 10:49:38.667593 | eval'd: drake::cmq_buildtargetmetadepsspecht_is_subtargetconfig
2020-01-21 10:49:45.320892 | > DO_CALL (0.001s wait)
.2020-01-21 10:49:45.327350 | eval'd: drake::cmq_buildtargetmetadepsspecht_is_subtargetconfig
2020-01-21 10:49:51.680584 | > DO_CALL (0.001s wait)
.2020-01-21 10:49:51.689376 | eval'd: drake::cmq_buildtargetmetadepsspecht_is_subtargetconfig
2020-01-21 10:49:57.941897 | > DO_CALL (0.000s wait)
.2020-01-21 10:49:57.946928 | eval'd: drake::cmq_buildtargetmetadepsspecht_is_subtargetconfig
2020-01-21 10:50:03.624883 | > DO_CALL (0.000s wait)
.2020-01-21 10:50:03.629772 | eval'd: drake::cmq_buildtargetmetadepsspecht_is_subtargetconfig
2020-01-21 10:50:08.997989 | > DO_CALL (0.000s wait)
.2020-01-21 10:50:09.006019 | eval'd: drake::cmq_buildtargetmetadepsspecht_is_subtargetconfig
2020-01-21 10:50:14.408833 | > DO_CALL (0.001s wait)
.2020-01-21 10:50:14.415227 | eval'd: drake::cmq_buildtargetmetadepsspecht_is_subtargetconfig
2020-01-21 10:50:21.398966 | > DO_CALL (0.000s wait)
.2020-01-21 10:50:21.408321 | eval'd: drake::cmq_buildtargetmetadepsspecht_is_subtargetconfig
2020-01-21 10:50:26.447393 | > DO_CALL (0.001s wait)
.2020-01-21 10:50:26.453212 | eval'd: drake::cmq_buildtargetmetadepsspecht_is_subtargetconfig
2020-01-21 10:50:32.193839 | > DO_CALL (0.001s wait)
.2020-01-21 10:50:32.200121 | eval'd: drake::cmq_buildtargetmetadepsspecht_is_subtargetconfig
2020-01-21 10:50:38.613615 | > DO_CALL (0.001s wait)
.2020-01-21 10:50:38.619786 | eval'd: drake::cmq_buildtargetmetadepsspecht_is_subtargetconfig
2020-01-21 10:50:44.652192 | > DO_CALL (0.000s wait)
.2020-01-21 10:50:44.657159 | eval'd: drake::cmq_buildtargetmetadepsspecht_is_subtargetconfig
2020-01-21 10:50:50.104911 | > DO_CALL (0.001s wait)
.2020-01-21 10:50:50.114145 | eval'd: drake::cmq_buildtargetmetadepsspecht_is_subtargetconfig
2020-01-21 10:50:55.289795 | > DO_CALL (0.000s wait)
.2020-01-21 10:50:55.294575 | eval'd: drake::cmq_buildtargetmetadepsspecht_is_subtargetconfig
2020-01-21 10:51:00.377785 | > DO_CALL (0.001s wait)
.2020-01-21 10:51:00.386919 | eval'd: drake::cmq_buildtargetmetadepsspecht_is_subtargetconfig
2020-01-21 10:51:06.443870 | > DO_CALL (0.001s wait)
.2020-01-21 10:51:06.450323 | eval'd: drake::cmq_buildtargetmetadepsspecht_is_subtargetconfig
2020-01-21 10:51:12.182652 | > DO_CALL (0.001s wait)
.2020-01-21 10:51:12.188831 | eval'd: drake::cmq_buildtargetmetadepsspecht_is_subtargetconfig
2020-01-21 10:51:17.729147 | > DO_CALL (0.000s wait)
.2020-01-21 10:51:17.734362 | eval'd: drake::cmq_buildtargetmetadepsspecht_is_subtargetconfig
2020-01-21 10:51:24.519832 | > DO_CALL (0.000s wait)
.2020-01-21 10:51:24.527622 | eval'd: drake::cmq_buildtargetmetadepsspecht_is_subtargetconfig
2020-01-21 10:51:29.697793 | > DO_CALL (0.000s wait)
.2020-01-21 10:51:29.706115 | eval'd: drake::cmq_buildtargetmetadepsspecht_is_subtargetconfig
2020-01-21 10:51:34.513655 | > DO_CALL (0.001s wait)
.2020-01-21 10:51:34.521425 | eval'd: drake::cmq_buildtargetmetadepsspecht_is_subtargetconfig
2020-01-21 10:51:39.229129 | > DO_CALL (0.000s wait)
.2020-01-21 10:51:39.237982 | eval'd: drake::cmq_buildtargetmetadepsspecht_is_subtargetconfig
2020-01-21 10:51:44.271929 | > DO_CALL (0.000s wait)
.2020-01-21 10:51:44.277390 | eval'd: drake::cmq_buildtargetmetadepsspecht_is_subtargetconfig
2020-01-21 10:51:49.178948 | > DO_CALL (0.000s wait)
.2020-01-21 10:51:49.187226 | eval'd: drake::cmq_buildtargetmetadepsspecht_is_subtargetconfig
2020-01-21 10:51:54.876669 | > DO_CALL (0.001s wait)
.2020-01-21 10:51:54.884223 | eval'd: drake::cmq_buildtargetmetadepsspecht_is_subtargetconfig
2020-01-21 10:51:59.744443 | > DO_CALL (0.001s wait)
.2020-01-21 10:51:59.754043 | eval'd: drake::cmq_buildtargetmetadepsspecht_is_subtargetconfig
2020-01-21 10:52:04.788538 | > DO_CALL (0.001s wait)
.2020-01-21 10:52:04.795301 | eval'd: drake::cmq_buildtargetmetadepsspecht_is_subtargetconfig
2020-01-21 10:52:10.057152 | > DO_CALL (0.000s wait)
.2020-01-21 10:52:10.065712 | eval'd: drake::cmq_buildtargetmetadepsspecht_is_subtargetconfig
2020-01-21 10:52:15.100769 | > DO_CALL (0.001s wait)
.2020-01-21 10:52:15.108078 | eval'd: drake::cmq_buildtargetmetadepsspecht_is_subtargetconfig
2020-01-21 10:52:20.197362 | > DO_CALL (0.001s wait)
.2020-01-21 10:52:20.207363 | eval'd: drake::cmq_buildtargetmetadepsspecht_is_subtargetconfig
2020-01-21 10:52:26.691910 | > DO_CALL (0.000s wait)
.2020-01-21 10:52:26.699819 | eval'd: drake::cmq_buildtargetmetadepsspecht_is_subtargetconfig
2020-01-21 10:52:32.095247 | > DO_CALL (0.000s wait)
.2020-01-21 10:52:32.101895 | eval'd: drake::cmq_buildtargetmetadepsspecht_is_subtargetconfig
2020-01-21 10:52:37.578963 | > DO_CALL (0.000s wait)
.2020-01-21 10:52:37.585073 | eval'd: drake::cmq_buildtargetmetadepsspecht_is_subtargetconfig
2020-01-21 10:52:42.239328 | > DO_CALL (0.002s wait)
.2020-01-21 10:52:42.247362 | eval'd: drake::cmq_buildtargetmetadepsspecht_is_subtargetconfig
2020-01-21 10:52:46.800981 | > DO_CALL (0.000s wait)
.2020-01-21 10:52:46.807145 | eval'd: drake::cmq_buildtargetmetadepsspecht_is_subtargetconfig
2020-01-21 10:52:51.220683 | > DO_CALL (0.001s wait)
.2020-01-21 10:52:51.228420 | eval'd: drake::cmq_buildtargetmetadepsspecht_is_subtargetconfig
2020-01-21 10:52:56.217559 | > DO_CALL (0.001s wait)
.2020-01-21 10:52:56.224943 | eval'd: drake::cmq_buildtargetmetadepsspecht_is_subtargetconfig
2020-01-21 10:53:00.803913 | > DO_CALL (0.000s wait)
.2020-01-21 10:53:00.809613 | eval'd: drake::cmq_buildtargetmetadepsspecht_is_subtargetconfig
2020-01-21 10:53:05.381402 | > DO_CALL (0.001s wait)
.2020-01-21 10:53:05.388565 | eval'd: drake::cmq_buildtargetmetadepsspecht_is_subtargetconfig
2020-01-21 10:53:10.504762 | > DO_CALL (0.000s wait)
.2020-01-21 10:53:10.513296 | eval'd: drake::cmq_buildtargetmetadepsspecht_is_subtargetconfig
2020-01-21 10:53:14.865424 | > DO_CALL (0.001s wait)
.2020-01-21 10:53:14.872640 | eval'd: drake::cmq_buildtargetmetadepsspecht_is_subtargetconfig
2020-01-21 10:53:19.435111 | > DO_CALL (0.000s wait)
.2020-01-21 10:53:19.444804 | eval'd: drake::cmq_buildtargetmetadepsspecht_is_subtargetconfig
2020-01-21 10:53:24.698800 | > DO_CALL (0.000s wait)
.2020-01-21 10:53:24.705078 | eval'd: drake::cmq_buildtargetmetadepsspecht_is_subtargetconfig
2020-01-21 10:53:30.878021 | > DO_CALL (0.000s wait)
.
2020-01-21 10:53:30.890107 | eval'd: drake::cmq_buildtargetmetadepsspecht_is_subtargetconfig
2020-01-21 10:53:35.622409 | > DO_CALL (0.001s wait)
.2020-01-21 10:53:35.629680 | eval'd: drake::cmq_buildtargetmetadepsspecht_is_subtargetconfig
2020-01-21 10:53:39.792684 | > DO_CALL (0.000s wait)
.2020-01-21 10:53:39.801359 | eval'd: drake::cmq_buildtargetmetadepsspecht_is_subtargetconfig
2020-01-21 10:53:44.742579 | > DO_CALL (0.001s wait)
.2020-01-21 10:53:44.750188 | eval'd: drake::cmq_buildtargetmetadepsspecht_is_subtargetconfig
2020-01-21 10:53:49.152182 | > DO_CALL (0.000s wait)
.2020-01-21 10:53:49.162088 | eval'd: drake::cmq_buildtargetmetadepsspecht_is_subtargetconfig
2020-01-21 10:53:53.573903 | > DO_CALL (0.001s wait)
.2020-01-21 10:53:53.582081 | eval'd: drake::cmq_buildtargetmetadepsspecht_is_subtargetconfig
2020-01-21 10:53:57.575774 | > DO_CALL (0.000s wait)
.2020-01-21 10:53:57.584169 | eval'd: drake::cmq_buildtargetmetadepsspecht_is_subtargetconfig
2020-01-21 10:54:01.830628 | > DO_CALL (0.000s wait)
.2020-01-21 10:54:01.836558 | eval'd: drake::cmq_buildtargetmetadepsspecht_is_subtargetconfig
2020-01-21 10:54:06.556026 | > DO_CALL (0.000s wait)
.2020-01-21 10:54:06.562210 | eval'd: drake::cmq_buildtargetmetadepsspecht_is_subtargetconfig
2020-01-21 10:54:10.768309 | > DO_CALL (0.001s wait)
.2020-01-21 10:54:10.774971 | eval'd: drake::cmq_buildtargetmetadepsspecht_is_subtargetconfig
2020-01-21 10:54:15.513607 | > DO_CALL (0.000s wait)
.2020-01-21 10:54:15.519146 | eval'd: drake::cmq_buildtargetmetadepsspecht_is_subtargetconfig
2020-01-21 10:54:19.780670 | > DO_CALL (0.000s wait)
.2020-01-21 10:54:19.788886 | eval'd: drake::cmq_buildtargetmetadepsspecht_is_subtargetconfig
2020-01-21 10:54:25.145617 | > DO_CALL (0.000s wait)
.2020-01-21 10:54:25.151191 | eval'd: drake::cmq_buildtargetmetadepsspecht_is_subtargetconfig
2020-01-21 10:54:31.522793 | > DO_CALL (0.000s wait)
.2020-01-21 10:54:31.533147 | eval'd: drake::cmq_buildtargetmetadepsspecht_is_subtargetconfig
2020-01-21 10:54:35.845647 | > DO_CALL (0.001s wait)
.2020-01-21 10:54:35.853384 | eval'd: drake::cmq_buildtargetmetadepsspecht_is_subtargetconfig
2020-01-21 10:54:39.989731 | > DO_CALL (0.001s wait)
.2020-01-21 10:54:39.997370 | eval'd: drake::cmq_buildtargetmetadepsspecht_is_subtargetconfig
2020-01-21 10:54:44.199710 | > DO_CALL (0.001s wait)
.2020-01-21 10:54:44.207612 | eval'd: drake::cmq_buildtargetmetadepsspecht_is_subtargetconfig
2020-01-21 10:54:48.238101 | > DO_CALL (0.000s wait)
.2020-01-21 10:54:48.246376 | eval'd: drake::cmq_buildtargetmetadepsspecht_is_subtargetconfig
2020-01-21 10:54:51.980684 | > DO_CALL (0.000s wait)
.2020-01-21 10:54:51.986440 | eval'd: drake::cmq_buildtargetmetadepsspecht_is_subtargetconfig
2020-01-21 10:54:56.083806 | > DO_CALL (0.000s wait)
.2020-01-21 10:54:56.089544 | eval'd: drake::cmq_buildtargetmetadepsspecht_is_subtargetconfig
2020-01-21 10:55:00.312717 | > DO_CALL (0.001s wait)
.2020-01-21 10:55:00.323660 | eval'd: drake::cmq_buildtargetmetadepsspecht_is_subtargetconfig
2020-01-21 10:55:04.614340 | > DO_CALL (0.001s wait)
.2020-01-21 10:55:04.635070 | eval'd: drake::cmq_buildtargetmetadepsspecht_is_subtargetconfig
2020-01-21 10:55:08.965500 | > DO_CALL (0.001s wait)
.2020-01-21 10:55:08.974950 | eval'd: drake::cmq_buildtargetmetadepsspecht_is_subtargetconfig
2020-01-21 10:55:12.778605 | > DO_CALL (0.000s wait)
.2020-01-21 10:55:12.783193 | eval'd: drake::cmq_buildtargetmetadepsspecht_is_subtargetconfig
2020-01-21 10:55:16.730606 | > DO_CALL (0.000s wait)
.2020-01-21 10:55:16.735298 | eval'd: drake::cmq_buildtargetmetadepsspecht_is_subtargetconfig
2020-01-21 10:55:20.958382 | > DO_CALL (0.001s wait)
.2020-01-21 10:55:20.964575 | eval'd: drake::cmq_buildtargetmetadepsspecht_is_subtargetconfig
2020-01-21 10:55:24.861415 | > DO_CALL (0.001s wait)
.2020-01-21 10:55:24.868043 | eval'd: drake::cmq_buildtargetmetadepsspecht_is_subtargetconfig
2020-01-21 10:55:28.731500 | > DO_CALL (0.001s wait)
.2020-01-21 10:55:28.740292 | eval'd: drake::cmq_buildtargetmetadepsspecht_is_subtargetconfig
2020-01-21 10:55:35.758562 | > DO_CALL (0.001s wait)
.2020-01-21 10:55:35.767297 | eval'd: drake::cmq_buildtargetmetadepsspecht_is_subtargetconfig
2020-01-21 10:55:40.478282 | > DO_CALL (0.000s wait)
.2020-01-21 10:55:40.487766 | eval'd: drake::cmq_buildtargetmetadepsspecht_is_subtargetconfig
2020-01-21 10:55:44.636321 | > DO_CALL (0.001s wait)
.2020-01-21 10:55:44.642319 | eval'd: drake::cmq_buildtargetmetadepsspecht_is_subtargetconfig
2020-01-21 10:55:48.660854 | > DO_CALL (0.000s wait)
.2020-01-21 10:55:48.668944 | eval'd: drake::cmq_buildtargetmetadepsspecht_is_subtargetconfig
2020-01-21 10:55:52.654281 | > DO_CALL (0.000s wait)
.2020-01-21 10:55:52.659888 | eval'd: drake::cmq_buildtargetmetadepsspecht_is_subtargetconfig
2020-01-21 10:55:56.607637 | > DO_CALL (0.000s wait)
.2020-01-21 10:55:56.612635 | eval'd: drake::cmq_buildtargetmetadepsspecht_is_subtargetconfig
2020-01-21 10:56:00.353988 | > DO_CALL (0.000s wait)
.2020-01-21 10:56:00.359383 | eval'd: drake::cmq_buildtargetmetadepsspecht_is_subtargetconfig
2020-01-21 10:56:04.420934 | > DO_CALL (0.000s wait)
.2020-01-21 10:56:04.426246 | eval'd: drake::cmq_buildtargetmetadepsspecht_is_subtargetconfig
2020-01-21 10:56:08.529500 | > DO_CALL (0.001s wait)
.2020-01-21 10:56:08.537446 | eval'd: drake::cmq_buildtargetmetadepsspecht_is_subtargetconfig
2020-01-21 10:56:12.700402 | > DO_CALL (0.001s wait)
.2020-01-21 10:56:12.707224 | eval'd: drake::cmq_buildtargetmetadepsspecht_is_subtargetconfig
2020-01-21 10:56:16.784882 | > DO_CALL (0.000s wait)
.2020-01-21 10:56:16.790400 | eval'd: drake::cmq_buildtargetmetadepsspecht_is_subtargetconfig
2020-01-21 10:56:21.413154 | > DO_CALL (0.000s wait)
.2020-01-21 10:56:21.418953 | eval'd: drake::cmq_buildtargetmetadepsspecht_is_subtargetconfig
2020-01-21 10:56:25.386536 | > DO_CALL (0.000s wait)
.2020-01-21 10:56:25.391410 | eval'd: drake::cmq_buildtargetmetadepsspecht_is_subtargetconfig
2020-01-21 10:56:29.698502 | > DO_CALL (0.001s wait)
.2020-01-21 10:56:29.706591 | eval'd: drake::cmq_buildtargetmetadepsspecht_is_subtargetconfig
2020-01-21 10:56:35.964922 | > DO_CALL (0.000s wait)
.2020-01-21 10:56:35.972075 | eval'd: drake::cmq_buildtargetmetadepsspecht_is_subtargetconfig
2020-01-21 10:56:39.824359 | > DO_CALL (0.001s wait)
.2020-01-21 10:56:39.834080 | eval'd: drake::cmq_buildtargetmetadepsspecht_is_subtargetconfig
2020-01-21 10:56:44.689807 | > DO_CALL (0.000s wait)
.2020-01-21 10:56:44.695178 | eval'd: drake::cmq_buildtargetmetadepsspecht_is_subtargetconfig
2020-01-21 10:56:48.715742 | > DO_CALL (0.000s wait)
.2020-01-21 10:56:48.723802 | eval'd: drake::cmq_buildtargetmetadepsspecht_is_subtargetconfig
2020-01-21 10:56:52.477453 | > DO_CALL (0.001s wait)
.2020-01-21 10:56:52.482077 | eval'd: drake::cmq_buildtargetmetadepsspecht_is_subtargetconfig
2020-01-21 10:56:56.238834 | > DO_CALL (0.001s wait)
.2020-01-21 10:56:56.245256 | eval'd: drake::cmq_buildtargetmetadepsspecht_is_subtargetconfig
2020-01-21 10:57:00.676784 | > DO_CALL (0.000s wait)
.2020-01-21 10:57:00.681986 | eval'd: drake::cmq_buildtargetmetadepsspecht_is_subtargetconfig
2020-01-21 10:57:05.259536 | > DO_CALL (0.001s wait)
.2020-01-21 10:57:05.264475 | eval'd: drake::cmq_buildtargetmetadepsspecht_is_subtargetconfig
2020-01-21 10:57:09.419493 | > DO_CALL (0.001s wait)
.2020-01-21 10:57:09.427164 | eval'd: drake::cmq_buildtargetmetadepsspecht_is_subtargetconfig
2020-01-21 10:57:13.260510 | > DO_CALL (0.001s wait)
.2020-01-21 10:57:13.265322 | eval'd: drake::cmq_buildtargetmetadepsspecht_is_subtargetconfig
2020-01-21 10:57:17.362132 | > DO_CALL (0.000s wait)
.2020-01-21 10:57:17.371211 | eval'd: drake::cmq_buildtargetmetadepsspecht_is_subtargetconfig
2020-01-21 10:57:21.975348 | > DO_CALL (0.001s wait)
.2020-01-21 10:57:21.981670 | eval'd: drake::cmq_buildtargetmetadepsspecht_is_subtargetconfig
2020-01-21 10:57:26.097679 | > DO_CALL (0.000s wait)
.2020-01-21 10:57:26.102727 | eval'd: drake::cmq_buildtargetmetadepsspecht_is_subtargetconfig
2020-01-21 10:57:30.339783 | > DO_CALL (0.000s wait)
.2020-01-21 10:57:30.347979 | eval'd: drake::cmq_buildtargetmetadepsspecht_is_subtargetconfig
2020-01-21 10:57:34.124275 | > DO_CALL (0.000s wait)
.2020-01-21 10:57:34.130323 | eval'd: drake::cmq_buildtargetmetadepsspecht_is_subtargetconfig
2020-01-21 10:57:39.890937 | > DO_CALL (0.000s wait)
.2020-01-21 10:57:39.901254 | eval'd: drake::cmq_buildtargetmetadepsspecht_is_subtargetconfig
2020-01-21 10:57:44.128419 | > DO_CALL (0.001s wait)
.2020-01-21 10:57:44.133360 | eval'd: drake::cmq_buildtargetmetadepsspecht_is_subtargetconfig
2020-01-21 10:57:48.125374 | > DO_CALL (0.001s wait)
.2020-01-21 10:57:48.133341 | eval'd: drake::cmq_buildtargetmetadepsspecht_is_subtargetconfig
2020-01-21 10:57:52.390335 | > DO_CALL (0.001s wait)
.2020-01-21 10:57:52.396587 | eval'd: drake::cmq_buildtargetmetadepsspecht_is_subtargetconfig
2020-01-21 10:57:56.520855 | > DO_CALL (0.000s wait)
.2020-01-21 10:57:56.526493 | eval'd: drake::cmq_buildtargetmetadepsspecht_is_subtargetconfig
2020-01-21 10:58:01.256335 | > DO_CALL (0.001s wait)
.2020-01-21 10:58:01.262901 | eval'd: drake::cmq_buildtargetmetadepsspecht_is_subtargetconfig
2020-01-21 10:58:05.094336 | > DO_CALL (0.001s wait)
.2020-01-21 10:58:05.100898 | eval'd: drake::cmq_buildtargetmetadepsspecht_is_subtargetconfig
2020-01-21 10:58:09.125439 | > DO_CALL (0.001s wait)
.2020-01-21 10:58:09.133550 | eval'd: drake::cmq_buildtargetmetadepsspecht_is_subtargetconfig
2020-01-21 10:58:13.122879 | > DO_CALL (0.000s wait)
.2020-01-21 10:58:13.128520 | eval'd: drake::cmq_buildtargetmetadepsspecht_is_subtargetconfig
2020-01-21 10:58:16.769476 | > DO_CALL (0.001s wait)
.2020-01-21 10:58:16.774360 | eval'd: drake::cmq_buildtargetmetadepsspecht_is_subtargetconfig
2020-01-21 10:58:20.542398 | > DO_CALL (0.001s wait)
.2020-01-21 10:58:20.546987 | eval'd: drake::cmq_buildtargetmetadepsspecht_is_subtargetconfig
2020-01-21 10:58:24.763520 | > DO_CALL (0.001s wait)
.2020-01-21 10:58:24.768596 | eval'd: drake::cmq_buildtargetmetadepsspecht_is_subtargetconfig
2020-01-21 10:58:28.433224 | > DO_CALL (0.000s wait)
.2020-01-21 10:58:28.442676 | eval'd: drake::cmq_buildtargetmetadepsspecht_is_subtargetconfig
2020-01-21 10:58:32.093464 | > DO_CALL (0.001s wait)
.2020-01-21 10:58:32.098421 | eval'd: drake::cmq_buildtargetmetadepsspecht_is_subtargetconfig
2020-01-21 10:58:36.023721 | > DO_CALL (0.000s wait)
.2020-01-21 10:58:36.029041 | eval'd: drake::cmq_buildtargetmetadepsspecht_is_subtargetconfig
2020-01-21 10:58:41.142377 | > DO_CALL (0.001s wait)
.2020-01-21 10:58:41.152657 | eval'd: drake::cmq_buildtargetmetadepsspecht_is_subtargetconfig
2020-01-21 10:58:46.056093 | > DO_CALL (0.000s wait)
.2020-01-21 10:58:46.061800 | eval'd: drake::cmq_buildtargetmetadepsspecht_is_subtargetconfig
2020-01-21 10:58:49.956722 | > DO_CALL (0.000s wait)
.2020-01-21 10:58:49.964896 | eval'd: drake::cmq_buildtargetmetadepsspecht_is_subtargetconfig
2020-01-21 10:58:54.075184 | > DO_CALL (0.000s wait)
.2020-01-21 10:58:54.081640 | eval'd: drake::cmq_buildtargetmetadepsspecht_is_subtargetconfig
2020-01-21 10:58:58.903872 | > DO_CALL (0.000s wait)
.2020-01-21 10:58:58.912327 | eval'd: drake::cmq_buildtargetmetadepsspecht_is_subtargetconfig
2020-01-21 10:59:02.949331 | > DO_CALL (0.001s wait)
.2020-01-21 10:59:02.954217 | eval'd: drake::cmq_buildtargetmetadepsspecht_is_subtargetconfig
2020-01-21 10:59:06.838924 | > DO_CALL (0.000s wait)
.2020-01-21 10:59:06.844600 | eval'd: drake::cmq_buildtargetmetadepsspecht_is_subtargetconfig
2020-01-21 10:59:10.699344 | > DO_CALL (0.001s wait)
.
2020-01-21 10:59:10.704441 | eval'd: drake::cmq_buildtargetmetadepsspecht_is_subtargetconfig
2020-01-21 10:59:14.694609 | > DO_CALL (0.001s wait)
.2020-01-21 10:59:14.699639 | eval'd: drake::cmq_buildtargetmetadepsspecht_is_subtargetconfig
2020-01-21 10:59:18.557446 | > DO_CALL (0.001s wait)
.2020-01-21 10:59:18.566665 | eval'd: drake::cmq_buildtargetmetadepsspecht_is_subtargetconfig
2020-01-21 10:59:22.597854 | > DO_CALL (0.000s wait)
.2020-01-21 10:59:22.603698 | eval'd: drake::cmq_buildtargetmetadepsspecht_is_subtargetconfig
2020-01-21 10:59:26.570955 | > DO_CALL (0.000s wait)
.2020-01-21 10:59:26.577060 | eval'd: drake::cmq_buildtargetmetadepsspecht_is_subtargetconfig
2020-01-21 10:59:31.198168 | > DO_CALL (0.000s wait)
.2020-01-21 10:59:31.204818 | eval'd: drake::cmq_buildtargetmetadepsspecht_is_subtargetconfig
2020-01-21 10:59:34.982373 | > DO_CALL (0.001s wait)
.2020-01-21 10:59:34.989014 | eval'd: drake::cmq_buildtargetmetadepsspecht_is_subtargetconfig
2020-01-21 10:59:38.810488 | > DO_CALL (0.001s wait)
.2020-01-21 10:59:38.820823 | eval'd: drake::cmq_buildtargetmetadepsspecht_is_subtargetconfig
2020-01-21 10:59:42.650480 | > DO_CALL (0.001s wait)
.2020-01-21 10:59:42.659314 | eval'd: drake::cmq_buildtargetmetadepsspecht_is_subtargetconfig
2020-01-21 10:59:48.917726 | > DO_CALL (0.001s wait)
.2020-01-21 10:59:48.926131 | eval'd: drake::cmq_buildtargetmetadepsspecht_is_subtargetconfig
2020-01-21 10:59:52.622583 | > DO_CALL (0.001s wait)
.2020-01-21 10:59:52.627810 | eval'd: drake::cmq_buildtargetmetadepsspecht_is_subtargetconfig
2020-01-21 10:59:56.505774 | > DO_CALL (0.001s wait)
.2020-01-21 10:59:56.511137 | eval'd: drake::cmq_buildtargetmetadepsspecht_is_subtargetconfig
2020-01-21 11:00:00.390575 | > DO_CALL (0.001s wait)
.2020-01-21 11:00:00.397735 | eval'd: drake::cmq_buildtargetmetadepsspecht_is_subtargetconfig
2020-01-21 11:00:04.138105 | > DO_CALL (0.000s wait)
.2020-01-21 11:00:04.144067 | eval'd: drake::cmq_buildtargetmetadepsspecht_is_subtargetconfig
2020-01-21 11:00:07.730333 | > DO_CALL (0.001s wait)
.2020-01-21 11:00:07.737067 | eval'd: drake::cmq_buildtargetmetadepsspecht_is_subtargetconfig
2020-01-21 11:00:11.320208 | > DO_CALL (0.000s wait)
.2020-01-21 11:00:11.326268 | eval'd: drake::cmq_buildtargetmetadepsspecht_is_subtargetconfig
2020-01-21 11:00:15.018402 | > DO_CALL (0.001s wait)
.2020-01-21 11:00:15.023199 | eval'd: drake::cmq_buildtargetmetadepsspecht_is_subtargetconfig
2020-01-21 11:00:18.782112 | > DO_CALL (0.000s wait)
.2020-01-21 11:00:18.802428 | eval'd: drake::cmq_buildtargetmetadepsspecht_is_subtargetconfig
2020-01-21 11:00:22.774629 | > DO_CALL (0.001s wait)
.2020-01-21 11:00:22.780054 | eval'd: drake::cmq_buildtargetmetadepsspecht_is_subtargetconfig
2020-01-21 11:00:26.684522 | > DO_CALL (0.001s wait)
.2020-01-21 11:00:26.690126 | eval'd: drake::cmq_buildtargetmetadepsspecht_is_subtargetconfig
2020-01-21 11:00:31.164452 | > DO_CALL (0.001s wait)
.2020-01-21 11:00:31.169339 | eval'd: drake::cmq_buildtargetmetadepsspecht_is_subtargetconfig
2020-01-21 11:00:35.076813 | > DO_CALL (0.000s wait)
.2020-01-21 11:00:35.082460 | eval'd: drake::cmq_buildtargetmetadepsspecht_is_subtargetconfig
2020-01-21 11:00:39.148199 | > DO_CALL (0.000s wait)
.2020-01-21 11:00:39.157444 | eval'd: drake::cmq_buildtargetmetadepsspecht_is_subtargetconfig
2020-01-21 11:00:42.958297 | > DO_CALL (0.001s wait)
.2020-01-21 11:00:42.967474 | eval'd: drake::cmq_buildtargetmetadepsspecht_is_subtargetconfig
2020-01-21 11:00:48.627784 | > DO_CALL (0.001s wait)
.2020-01-21 11:00:48.636538 | eval'd: drake::cmq_buildtargetmetadepsspecht_is_subtargetconfig
2020-01-21 11:00:52.520808 | > DO_CALL (0.001s wait)
.2020-01-21 11:00:52.526714 | eval'd: drake::cmq_buildtargetmetadepsspecht_is_subtargetconfig
2020-01-21 11:00:56.677992 | > DO_CALL (0.000s wait)
.2020-01-21 11:00:56.683893 | eval'd: drake::cmq_buildtargetmetadepsspecht_is_subtargetconfig
2020-01-21 11:01:00.421000 | > DO_CALL (0.000s wait)
.2020-01-21 11:01:00.430521 | eval'd: drake::cmq_buildtargetmetadepsspecht_is_subtargetconfig
2020-01-21 11:01:05.108498 | > DO_CALL (0.001s wait)
.2020-01-21 11:01:05.116626 | eval'd: drake::cmq_buildtargetmetadepsspecht_is_subtargetconfig
2020-01-21 11:01:09.032683 | > DO_CALL (0.001s wait)
.2020-01-21 11:01:09.041386 | eval'd: drake::cmq_buildtargetmetadepsspecht_is_subtargetconfig
2020-01-21 11:01:13.199396 | > DO_CALL (0.001s wait)
.2020-01-21 11:01:13.206666 | eval'd: drake::cmq_buildtargetmetadepsspecht_is_subtargetconfig
2020-01-21 11:01:17.174273 | > DO_CALL (0.000s wait)
.2020-01-21 11:01:17.179499 | eval'd: drake::cmq_buildtargetmetadepsspecht_is_subtargetconfig
2020-01-21 11:01:20.922479 | > DO_CALL (0.001s wait)
.2020-01-21 11:01:20.928184 | eval'd: drake::cmq_buildtargetmetadepsspecht_is_subtargetconfig
2020-01-21 11:01:24.654957 | > DO_CALL (0.001s wait)
.2020-01-21 11:01:24.661584 | eval'd: drake::cmq_buildtargetmetadepsspecht_is_subtargetconfig
2020-01-21 11:01:28.341260 | > DO_CALL (0.000s wait)
.2020-01-21 11:01:28.349992 | eval'd: drake::cmq_buildtargetmetadepsspecht_is_subtargetconfig
2020-01-21 11:01:32.119603 | > DO_CALL (0.001s wait)
.2020-01-21 11:01:32.125296 | eval'd: drake::cmq_buildtargetmetadepsspecht_is_subtargetconfig
2020-01-21 11:01:36.365690 | > DO_CALL (0.001s wait)
.2020-01-21 11:01:36.371507 | eval'd: drake::cmq_buildtargetmetadepsspecht_is_subtargetconfig
2020-01-21 11:01:39.977651 | > DO_CALL (0.001s wait)
.2020-01-21 11:01:39.983799 | eval'd: drake::cmq_buildtargetmetadepsspecht_is_subtargetconfig
2020-01-21 11:01:43.612497 | > DO_CALL (0.001s wait)
.2020-01-21 11:01:43.620265 | eval'd: drake::cmq_buildtargetmetadepsspecht_is_subtargetconfig
2020-01-21 11:01:47.380884 | > DO_CALL (0.001s wait)
.2020-01-21 11:01:47.390363 | eval'd: drake::cmq_buildtargetmetadepsspecht_is_subtargetconfig
2020-01-21 11:01:52.976400 | > DO_CALL (0.001s wait)
.2020-01-21 11:01:52.984075 | eval'd: drake::cmq_buildtargetmetadepsspecht_is_subtargetconfig
2020-01-21 11:01:56.773414 | > DO_CALL (0.001s wait)
.2020-01-21 11:01:56.778829 | eval'd: drake::cmq_buildtargetmetadepsspecht_is_subtargetconfig
2020-01-21 11:02:00.784718 | > DO_CALL (0.001s wait)
.2020-01-21 11:02:00.790703 | eval'd: drake::cmq_buildtargetmetadepsspecht_is_subtargetconfig
2020-01-21 11:02:04.382778 | > DO_CALL (0.001s wait)
.2020-01-21 11:02:04.388476 | eval'd: drake::cmq_buildtargetmetadepsspecht_is_subtargetconfig
2020-01-21 11:02:08.015851 | > DO_CALL (0.001s wait)
.2020-01-21 11:02:08.024092 | eval'd: drake::cmq_buildtargetmetadepsspecht_is_subtargetconfig
2020-01-21 11:02:11.765372 | > DO_CALL (0.001s wait)
.2020-01-21 11:02:11.770250 | eval'd: drake::cmq_buildtargetmetadepsspecht_is_subtargetconfig
2020-01-21 11:02:15.675677 | > DO_CALL (0.001s wait)
.2020-01-21 11:02:15.681333 | eval'd: drake::cmq_buildtargetmetadepsspecht_is_subtargetconfig
2020-01-21 11:02:19.505318 | > DO_CALL (0.001s wait)
.2020-01-21 11:02:19.513888 | eval'd: drake::cmq_buildtargetmetadepsspecht_is_subtargetconfig
2020-01-21 11:02:23.461395 | > DO_CALL (0.001s wait)
.2020-01-21 11:02:23.468615 | eval'd: drake::cmq_buildtargetmetadepsspecht_is_subtargetconfig
2020-01-21 11:02:27.125084 | > DO_CALL (0.000s wait)
.2020-01-21 11:02:27.131707 | eval'd: drake::cmq_buildtargetmetadepsspecht_is_subtargetconfig
2020-01-21 11:02:30.712320 | > DO_CALL (0.001s wait)
.2020-01-21 11:02:30.718032 | eval'd: drake::cmq_buildtargetmetadepsspecht_is_subtargetconfig
2020-01-21 11:02:35.199744 | > DO_CALL (0.001s wait)
.2020-01-21 11:02:35.206007 | eval'd: drake::cmq_buildtargetmetadepsspecht_is_subtargetconfig
2020-01-21 11:02:39.545474 | > DO_CALL (0.001s wait)
.2020-01-21 11:02:39.552975 | eval'd: drake::cmq_buildtargetmetadepsspecht_is_subtargetconfig
2020-01-21 11:02:43.293328 | > DO_CALL (0.001s wait)
.2020-01-21 11:02:43.298827 | eval'd: drake::cmq_buildtargetmetadepsspecht_is_subtargetconfig
2020-01-21 11:02:47.182181 | > DO_CALL (0.000s wait)
.2020-01-21 11:02:47.189056 | eval'd: drake::cmq_buildtargetmetadepsspecht_is_subtargetconfig
2020-01-21 11:02:50.935244 | > DO_CALL (0.000s wait)
.2020-01-21 11:02:50.940375 | eval'd: drake::cmq_buildtargetmetadepsspecht_is_subtargetconfig
2020-01-21 11:02:56.251248 | > DO_CALL (0.000s wait)
.2020-01-21 11:02:56.256112 | eval'd: drake::cmq_buildtargetmetadepsspecht_is_subtargetconfig
2020-01-21 11:02:59.795301 | > DO_CALL (0.001s wait)
.2020-01-21 11:02:59.800723 | eval'd: drake::cmq_buildtargetmetadepsspecht_is_subtargetconfig
2020-01-21 11:03:03.520686 | > DO_CALL (0.001s wait)
.2020-01-21 11:03:03.527954 | eval'd: drake::cmq_buildtargetmetadepsspecht_is_subtargetconfig
2020-01-21 11:03:07.137653 | > DO_CALL (0.001s wait)
.2020-01-21 11:03:07.144087 | eval'd: drake::cmq_buildtargetmetadepsspecht_is_subtargetconfig
2020-01-21 11:03:10.806561 | > DO_CALL (0.001s wait)
.2020-01-21 11:03:10.812138 | eval'd: drake::cmq_buildtargetmetadepsspecht_is_subtargetconfig
2020-01-21 11:03:14.528243 | > DO_CALL (0.000s wait)
.2020-01-21 11:03:14.533647 | eval'd: drake::cmq_buildtargetmetadepsspecht_is_subtargetconfig
2020-01-21 11:03:19.032135 | > DO_CALL (0.000s wait)
.2020-01-21 11:03:19.041847 | eval'd: drake::cmq_buildtargetmetadepsspecht_is_subtargetconfig
2020-01-21 11:03:22.496735 | > DO_CALL (0.001s wait)
.2020-01-21 11:03:22.502828 | eval'd: drake::cmq_buildtargetmetadepsspecht_is_subtargetconfig
2020-01-21 11:03:25.939543 | > DO_CALL (0.001s wait)
.2020-01-21 11:03:25.945475 | eval'd: drake::cmq_buildtargetmetadepsspecht_is_subtargetconfig
2020-01-21 11:03:29.976706 | > DO_CALL (0.001s wait)
.2020-01-21 11:03:29.985891 | eval'd: drake::cmq_buildtargetmetadepsspecht_is_subtargetconfig
2020-01-21 11:03:34.512621 | > DO_CALL (0.001s wait)
.2020-01-21 11:03:34.518964 | eval'd: drake::cmq_buildtargetmetadepsspecht_is_subtargetconfig
2020-01-21 11:03:38.732262 | > DO_CALL (0.000s wait)
.2020-01-21 11:03:38.742733 | eval'd: drake::cmq_buildtargetmetadepsspecht_is_subtargetconfig
2020-01-21 11:03:43.156553 | > DO_CALL (0.001s wait)
.2020-01-21 11:03:43.162596 | eval'd: drake::cmq_buildtargetmetadepsspecht_is_subtargetconfig
2020-01-21 11:03:46.959239 | > DO_CALL (0.000s wait)
.2020-01-21 11:03:46.966652 | eval'd: drake::cmq_buildtargetmetadepsspecht_is_subtargetconfig
2020-01-21 11:03:50.541764 | > DO_CALL (0.001s wait)
.2020-01-21 11:03:50.550048 | eval'd: drake::cmq_buildtargetmetadepsspecht_is_subtargetconfig
2020-01-21 11:03:54.384303 | > DO_CALL (0.001s wait)
.2020-01-21 11:03:54.391727 | eval'd: drake::cmq_buildtargetmetadepsspecht_is_subtargetconfig
2020-01-21 11:04:00.194303 | > DO_CALL (0.001s wait)
.2020-01-21 11:04:00.203210 | eval'd: drake::cmq_buildtargetmetadepsspecht_is_subtargetconfig
2020-01-21 11:04:04.930207 | > DO_CALL (0.000s wait)
.2020-01-21 11:04:04.935528 | eval'd: drake::cmq_buildtargetmetadepsspecht_is_subtargetconfig
2020-01-21 11:04:08.642345 | > DO_CALL (0.001s wait)
.2020-01-21 11:04:08.653449 | eval'd: drake::cmq_buildtargetmetadepsspecht_is_subtargetconfig
2020-01-21 11:04:12.358452 | > DO_CALL (0.001s wait)
.2020-01-21 11:04:12.364578 | eval'd: drake::cmq_buildtargetmetadepsspecht_is_subtargetconfig
2020-01-21 11:04:16.156592 | > DO_CALL (0.001s wait)
.2020-01-21 11:04:16.162775 | eval'd: drake::cmq_buildtargetmetadepsspecht_is_subtargetconfig
2020-01-21 11:04:19.937030 | > DO_CALL (0.001s wait)
.2020-01-21 11:04:19.946602 | eval'd: drake::cmq_buildtargetmetadepsspecht_is_subtargetconfig
2020-01-21 11:04:23.692791 | > DO_CALL (0.001s wait)
.2020-01-21 11:04:23.699141 | eval'd: drake::cmq_buildtargetmetadepsspecht_is_subtargetconfig
2020-01-21 11:04:27.392495 | > DO_CALL (0.001s wait)
.
2020-01-21 11:04:27.413470 | eval'd: drake::cmq_buildtargetmetadepsspecht_is_subtargetconfig
2020-01-21 11:04:30.961368 | > DO_CALL (0.001s wait)
.2020-01-21 11:04:30.967170 | eval'd: drake::cmq_buildtargetmetadepsspecht_is_subtargetconfig
2020-01-21 11:04:34.629174 | > DO_CALL (0.001s wait)
.2020-01-21 11:04:34.636143 | eval'd: drake::cmq_buildtargetmetadepsspecht_is_subtargetconfig
2020-01-21 11:04:38.417270 | > DO_CALL (0.000s wait)
.2020-01-21 11:04:38.426810 | eval'd: drake::cmq_buildtargetmetadepsspecht_is_subtargetconfig
2020-01-21 11:04:42.333258 | > DO_CALL (0.001s wait)
.2020-01-21 11:04:42.340249 | eval'd: drake::cmq_buildtargetmetadepsspecht_is_subtargetconfig
2020-01-21 11:04:46.645602 | > DO_CALL (0.001s wait)
.2020-01-21 11:04:46.651505 | eval'd: drake::cmq_buildtargetmetadepsspecht_is_subtargetconfig
2020-01-21 11:04:50.327289 | > DO_CALL (0.001s wait)
.2020-01-21 11:04:50.332482 | eval'd: drake::cmq_buildtargetmetadepsspecht_is_subtargetconfig
2020-01-21 11:04:54.231099 | > DO_CALL (0.001s wait)
.2020-01-21 11:04:54.239613 | eval'd: drake::cmq_buildtargetmetadepsspecht_is_subtargetconfig
2020-01-21 11:04:57.892881 | > DO_CALL (0.001s wait)
.2020-01-21 11:04:57.902542 | eval'd: drake::cmq_buildtargetmetadepsspecht_is_subtargetconfig
2020-01-21 11:05:03.480080 | > DO_CALL (0.000s wait)
.2020-01-21 11:05:03.486725 | eval'd: drake::cmq_buildtargetmetadepsspecht_is_subtargetconfig
2020-01-21 11:05:07.013177 | > DO_CALL (0.001s wait)
.2020-01-21 11:05:07.020095 | eval'd: drake::cmq_buildtargetmetadepsspecht_is_subtargetconfig
2020-01-21 11:05:10.788325 | > DO_CALL (0.001s wait)
.2020-01-21 11:05:10.793773 | eval'd: drake::cmq_buildtargetmetadepsspecht_is_subtargetconfig
2020-01-21 11:05:14.495207 | > DO_CALL (0.001s wait)
.2020-01-21 11:05:14.502600 | eval'd: drake::cmq_buildtargetmetadepsspecht_is_subtargetconfig
2020-01-21 11:05:18.879706 | > DO_CALL (0.001s wait)
.2020-01-21 11:05:18.888695 | eval'd: drake::cmq_buildtargetmetadepsspecht_is_subtargetconfig
2020-01-21 11:05:22.466187 | > DO_CALL (0.001s wait)
.2020-01-21 11:05:22.488649 | eval'd: drake::cmq_buildtargetmetadepsspecht_is_subtargetconfig
2020-01-21 11:05:26.187198 | > DO_CALL (0.000s wait)
.2020-01-21 11:05:26.192308 | eval'd: drake::cmq_buildtargetmetadepsspecht_is_subtargetconfig
2020-01-21 11:05:29.860107 | > DO_CALL (0.001s wait)
.2020-01-21 11:05:29.869459 | eval'd: drake::cmq_buildtargetmetadepsspecht_is_subtargetconfig
2020-01-21 11:05:33.650977 | > DO_CALL (0.001s wait)
.2020-01-21 11:05:33.657536 | eval'd: drake::cmq_buildtargetmetadepsspecht_is_subtargetconfig
2020-01-21 11:05:37.238328 | > DO_CALL (0.001s wait)
.2020-01-21 11:05:37.248393 | eval'd: drake::cmq_buildtargetmetadepsspecht_is_subtargetconfig
2020-01-21 11:05:41.003265 | > DO_CALL (0.000s wait)
.2020-01-21 11:05:41.008624 | eval'd: drake::cmq_buildtargetmetadepsspecht_is_subtargetconfig
2020-01-21 11:05:44.788836 | > DO_CALL (0.001s wait)
.2020-01-21 11:05:44.795362 | eval'd: drake::cmq_buildtargetmetadepsspecht_is_subtargetconfig
2020-01-21 11:05:49.175153 | > DO_CALL (0.000s wait)
.2020-01-21 11:05:49.182576 | eval'd: drake::cmq_buildtargetmetadepsspecht_is_subtargetconfig
2020-01-21 11:05:52.921452 | > DO_CALL (0.001s wait)
.2020-01-21 11:05:52.926898 | eval'd: drake::cmq_buildtargetmetadepsspecht_is_subtargetconfig
2020-01-21 11:05:56.337093 | > DO_CALL (0.001s wait)
.2020-01-21 11:05:56.345793 | eval'd: drake::cmq_buildtargetmetadepsspecht_is_subtargetconfig
2020-01-21 11:05:59.873109 | > DO_CALL (0.000s wait)
.2020-01-21 11:05:59.877914 | eval'd: drake::cmq_buildtargetmetadepsspecht_is_subtargetconfig
2020-01-21 11:06:04.771848 | > DO_CALL (0.001s wait)
.2020-01-21 11:06:04.778058 | eval'd: drake::cmq_buildtargetmetadepsspecht_is_subtargetconfig
2020-01-21 11:06:08.305829 | > DO_CALL (0.001s wait)
.2020-01-21 11:06:08.314476 | eval'd: drake::cmq_buildtargetmetadepsspecht_is_subtargetconfig
2020-01-21 11:06:11.793136 | > DO_CALL (0.000s wait)
.2020-01-21 11:06:11.798231 | eval'd: drake::cmq_buildtargetmetadepsspecht_is_subtargetconfig
2020-01-21 11:06:15.728523 | > DO_CALL (0.001s wait)
.2020-01-21 11:06:15.733758 | eval'd: drake::cmq_buildtargetmetadepsspecht_is_subtargetconfig
2020-01-21 11:06:20.125301 | > DO_CALL (0.001s wait)
.2020-01-21 11:06:20.130487 | eval'd: drake::cmq_buildtargetmetadepsspecht_is_subtargetconfig
2020-01-21 11:06:23.560135 | > DO_CALL (0.000s wait)
.2020-01-21 11:06:23.564778 | eval'd: drake::cmq_buildtargetmetadepsspecht_is_subtargetconfig
2020-01-21 11:06:27.146090 | > DO_CALL (0.001s wait)
.2020-01-21 11:06:27.152493 | eval'd: drake::cmq_buildtargetmetadepsspecht_is_subtargetconfig
2020-01-21 11:06:30.745819 | > DO_CALL (0.001s wait)
.2020-01-21 11:06:30.751879 | eval'd: drake::cmq_buildtargetmetadepsspecht_is_subtargetconfig
2020-01-21 11:06:34.430109 | > DO_CALL (0.000s wait)
.2020-01-21 11:06:34.434728 | eval'd: drake::cmq_buildtargetmetadepsspecht_is_subtargetconfig
2020-01-21 11:06:38.018205 | > DO_CALL (0.000s wait)
.2020-01-21 11:06:38.025644 | eval'd: drake::cmq_buildtargetmetadepsspecht_is_subtargetconfig
2020-01-21 11:06:41.737868 | > DO_CALL (0.001s wait)
.2020-01-21 11:06:41.744119 | eval'd: drake::cmq_buildtargetmetadepsspecht_is_subtargetconfig
2020-01-21 11:06:45.225912 | > DO_CALL (0.001s wait)
.2020-01-21 11:06:45.232128 | eval'd: drake::cmq_buildtargetmetadepsspecht_is_subtargetconfig
2020-01-21 11:06:49.470229 | > DO_CALL (0.000s wait)
.2020-01-21 11:06:49.475212 | eval'd: drake::cmq_buildtargetmetadepsspecht_is_subtargetconfig
2020-01-21 11:06:53.154291 | > DO_CALL (0.000s wait)
.2020-01-21 11:06:53.159492 | eval'd: drake::cmq_buildtargetmetadepsspecht_is_subtargetconfig
2020-01-21 11:06:56.777282 | > DO_CALL (0.000s wait)
.2020-01-21 11:06:56.784547 | eval'd: drake::cmq_buildtargetmetadepsspecht_is_subtargetconfig
2020-01-21 11:07:00.666114 | > DO_CALL (0.001s wait)
.2020-01-21 11:07:00.672664 | eval'd: drake::cmq_buildtargetmetadepsspecht_is_subtargetconfig
2020-01-21 11:07:06.319919 | > DO_CALL (0.001s wait)
.2020-01-21 11:07:06.325928 | eval'd: drake::cmq_buildtargetmetadepsspecht_is_subtargetconfig
2020-01-21 11:07:09.945151 | > DO_CALL (0.000s wait)
.2020-01-21 11:07:09.949882 | eval'd: drake::cmq_buildtargetmetadepsspecht_is_subtargetconfig
2020-01-21 11:07:13.333482 | > DO_CALL (0.001s wait)
.2020-01-21 11:07:13.339193 | eval'd: drake::cmq_buildtargetmetadepsspecht_is_subtargetconfig
2020-01-21 11:07:16.749121 | > DO_CALL (0.001s wait)
.2020-01-21 11:07:16.755435 | eval'd: drake::cmq_buildtargetmetadepsspecht_is_subtargetconfig
2020-01-21 11:07:20.315809 | > DO_CALL (0.001s wait)
.2020-01-21 11:07:20.321962 | eval'd: drake::cmq_buildtargetmetadepsspecht_is_subtargetconfig
2020-01-21 11:07:23.731161 | > DO_CALL (0.001s wait)
.2020-01-21 11:07:23.737602 | eval'd: drake::cmq_buildtargetmetadepsspecht_is_subtargetconfig
2020-01-21 11:07:28.029201 | > DO_CALL (0.000s wait)
.2020-01-21 11:07:28.037713 | eval'd: drake::cmq_buildtargetmetadepsspecht_is_subtargetconfig
2020-01-21 11:07:31.699057 | > DO_CALL (0.001s wait)
.2020-01-21 11:07:31.705621 | eval'd: drake::cmq_buildtargetmetadepsspecht_is_subtargetconfig
2020-01-21 11:07:35.194639 | > DO_CALL (0.001s wait)
.2020-01-21 11:07:35.200741 | eval'd: drake::cmq_buildtargetmetadepsspecht_is_subtargetconfig
2020-01-21 11:07:38.707222 | > DO_CALL (0.000s wait)
.2020-01-21 11:07:38.714673 | eval'd: drake::cmq_buildtargetmetadepsspecht_is_subtargetconfig
2020-01-21 11:07:42.364113 | > DO_CALL (0.001s wait)
.2020-01-21 11:07:42.370811 | eval'd: drake::cmq_buildtargetmetadepsspecht_is_subtargetconfig
2020-01-21 11:07:45.962391 | > DO_CALL (0.001s wait)
.2020-01-21 11:07:45.967770 | eval'd: drake::cmq_buildtargetmetadepsspecht_is_subtargetconfig
2020-01-21 11:07:49.662326 | > DO_CALL (0.001s wait)
.2020-01-21 11:07:49.670852 | eval'd: drake::cmq_buildtargetmetadepsspecht_is_subtargetconfig
2020-01-21 11:07:53.726355 | > DO_CALL (0.001s wait)
.2020-01-21 11:07:53.731508 | eval'd: drake::cmq_buildtargetmetadepsspecht_is_subtargetconfig
2020-01-21 11:07:58.094192 | > DO_CALL (0.001s wait)
.2020-01-21 11:07:58.105987 | eval'd: drake::cmq_buildtargetmetadepsspecht_is_subtargetconfig
2020-01-21 11:08:01.647094 | > DO_CALL (0.000s wait)
.2020-01-21 11:08:01.651840 | eval'd: drake::cmq_buildtargetmetadepsspecht_is_subtargetconfig
2020-01-21 11:08:05.275014 | > DO_CALL (0.001s wait)
.2020-01-21 11:08:05.281481 | eval'd: drake::cmq_buildtargetmetadepsspecht_is_subtargetconfig
2020-01-21 11:08:10.758852 | > DO_CALL (0.001s wait)
.2020-01-21 11:08:10.767501 | eval'd: drake::cmq_buildtargetmetadepsspecht_is_subtargetconfig
2020-01-21 11:08:14.339709 | > DO_CALL (0.001s wait)
.2020-01-21 11:08:14.346211 | eval'd: drake::cmq_buildtargetmetadepsspecht_is_subtargetconfig
2020-01-21 11:08:17.807082 | > DO_CALL (0.001s wait)
.2020-01-21 11:08:17.816208 | eval'd: drake::cmq_buildtargetmetadepsspecht_is_subtargetconfig
2020-01-21 11:08:21.382834 | > DO_CALL (0.001s wait)
.2020-01-21 11:08:21.388895 | eval'd: drake::cmq_buildtargetmetadepsspecht_is_subtargetconfig
2020-01-21 11:08:24.937183 | > DO_CALL (0.000s wait)
.2020-01-21 11:08:24.942154 | eval'd: drake::cmq_buildtargetmetadepsspecht_is_subtargetconfig
2020-01-21 11:08:28.393930 | > DO_CALL (0.001s wait)
.2020-01-21 11:08:28.402848 | eval'd: drake::cmq_buildtargetmetadepsspecht_is_subtargetconfig
2020-01-21 11:08:31.918902 | > DO_CALL (0.001s wait)
.2020-01-21 11:08:31.924704 | eval'd: drake::cmq_buildtargetmetadepsspecht_is_subtargetconfig
2020-01-21 11:08:36.528070 | > DO_CALL (0.001s wait)
.2020-01-21 11:08:36.534193 | eval'd: drake::cmq_buildtargetmetadepsspecht_is_subtargetconfig
2020-01-21 11:08:40.077273 | > DO_CALL (0.000s wait)
.2020-01-21 11:08:40.082112 | eval'd: drake::cmq_buildtargetmetadepsspecht_is_subtargetconfig
2020-01-21 11:08:43.779508 | > DO_CALL (0.001s wait)
.2020-01-21 11:08:43.784651 | eval'd: drake::cmq_buildtargetmetadepsspecht_is_subtargetconfig
2020-01-21 11:08:47.455253 | > DO_CALL (0.000s wait)
.2020-01-21 11:08:47.463759 | eval'd: drake::cmq_buildtargetmetadepsspecht_is_subtargetconfig
2020-01-21 11:08:50.947873 | > DO_CALL (0.000s wait)
.2020-01-21 11:08:50.952845 | eval'd: drake::cmq_buildtargetmetadepsspecht_is_subtargetconfig
2020-01-21 11:08:54.849506 | > DO_CALL (0.001s wait)
.2020-01-21 11:08:54.854997 | eval'd: drake::cmq_buildtargetmetadepsspecht_is_subtargetconfig
2020-01-21 11:08:58.581889 | > DO_CALL (0.001s wait)
.2020-01-21 11:08:58.592234 | eval'd: drake::cmq_buildtargetmetadepsspecht_is_subtargetconfig
2020-01-21 11:09:02.379478 | > DO_CALL (0.001s wait)
.2020-01-21 11:09:02.384293 | eval'd: drake::cmq_buildtargetmetadepsspecht_is_subtargetconfig
2020-01-21 11:09:06.109110 | > DO_CALL (0.000s wait)
.2020-01-21 11:09:06.113986 | eval'd: drake::cmq_buildtargetmetadepsspecht_is_subtargetconfig
2020-01-21 11:09:10.874291 | > DO_CALL (0.001s wait)
.2020-01-21 11:09:10.882980 | eval'd: drake::cmq_buildtargetmetadepsspecht_is_subtargetconfig
2020-01-21 11:09:15.297734 | > DO_CALL (0.001s wait)
.2020-01-21 11:09:15.303810 | eval'd: drake::cmq_buildtargetmetadepsspecht_is_subtargetconfig
2020-01-21 11:09:18.676172 | > DO_CALL (0.000s wait)
.2020-01-21 11:09:18.684669 | eval'd: drake::cmq_buildtargetmetadepsspecht_is_subtargetconfig
2020-01-21 11:09:22.138612 | > DO_CALL (0.001s wait)
.2020-01-21 11:09:22.143522 | eval'd: drake::cmq_buildtargetmetadepsspecht_is_subtargetconfig
2020-01-21 11:09:25.651472 | > DO_CALL (0.001s wait)
.2020-01-21 11:09:25.657001 | eval'd: drake::cmq_buildtargetmetadepsspecht_is_subtargetconfig
2020-01-21 11:09:29.363979 | > DO_CALL (0.001s wait)
.
2020-01-21 11:09:29.383934 | eval'd: drake::cmq_buildtargetmetadepsspecht_is_subtargetconfig
2020-01-21 11:09:33.120311 | > DO_CALL (0.001s wait)
.2020-01-21 11:09:33.125268 | eval'd: drake::cmq_buildtargetmetadepsspecht_is_subtargetconfig
2020-01-21 11:09:36.915202 | > DO_CALL (0.001s wait)
.2020-01-21 11:09:36.921838 | eval'd: drake::cmq_buildtargetmetadepsspecht_is_subtargetconfig
2020-01-21 11:09:41.308348 | > DO_CALL (0.002s wait)
.2020-01-21 11:09:41.315373 | eval'd: drake::cmq_buildtargetmetadepsspecht_is_subtargetconfig
2020-01-21 11:09:45.047335 | > DO_CALL (0.002s wait)
.2020-01-21 11:09:45.054247 | eval'd: drake::cmq_buildtargetmetadepsspecht_is_subtargetconfig
2020-01-21 11:09:48.603566 | > DO_CALL (0.001s wait)
.2020-01-21 11:09:48.609668 | eval'd: drake::cmq_buildtargetmetadepsspecht_is_subtargetconfig
2020-01-21 11:09:52.128158 | > DO_CALL (0.000s wait)
.2020-01-21 11:09:52.133174 | eval'd: drake::cmq_buildtargetmetadepsspecht_is_subtargetconfig
2020-01-21 11:09:55.611930 | > DO_CALL (0.001s wait)
.2020-01-21 11:09:55.617813 | eval'd: drake::cmq_buildtargetmetadepsspecht_is_subtargetconfig
2020-01-21 11:09:59.715376 | > DO_CALL (0.001s wait)
.2020-01-21 11:09:59.744342 | eval'd: drake::cmq_buildtargetmetadepsspecht_is_subtargetconfig
2020-01-21 11:10:03.092138 | > DO_CALL (0.000s wait)
.2020-01-21 11:10:03.097040 | eval'd: drake::cmq_buildtargetmetadepsspecht_is_subtargetconfig
2020-01-21 11:10:06.633983 | > DO_CALL (0.001s wait)
.2020-01-21 11:10:06.639882 | eval'd: drake::cmq_buildtargetmetadepsspecht_is_subtargetconfig
2020-01-21 11:10:10.094499 | > DO_CALL (0.001s wait)
.2020-01-21 11:10:10.099944 | eval'd: drake::cmq_buildtargetmetadepsspecht_is_subtargetconfig
2020-01-21 11:10:15.401202 | > DO_CALL (0.000s wait)
.2020-01-21 11:10:15.406254 | eval'd: drake::cmq_buildtargetmetadepsspecht_is_subtargetconfig
2020-01-21 11:10:18.894429 | > DO_CALL (0.001s wait)
.2020-01-21 11:10:18.903128 | eval'd: drake::cmq_buildtargetmetadepsspecht_is_subtargetconfig
2020-01-21 11:10:22.498715 | > DO_CALL (0.001s wait)
.2020-01-21 11:10:22.504622 | eval'd: drake::cmq_buildtargetmetadepsspecht_is_subtargetconfig
2020-01-21 11:10:25.962824 | > DO_CALL (0.001s wait)
.2020-01-21 11:10:25.968685 | eval'd: drake::cmq_buildtargetmetadepsspecht_is_subtargetconfig
2020-01-21 11:10:29.485201 | > DO_CALL (0.000s wait)
.2020-01-21 11:10:29.492228 | eval'd: drake::cmq_buildtargetmetadepsspecht_is_subtargetconfig
2020-01-21 11:10:33.021762 | > DO_CALL (0.001s wait)
.2020-01-21 11:10:33.027302 | eval'd: drake::cmq_buildtargetmetadepsspecht_is_subtargetconfig
2020-01-21 11:10:36.678406 | > DO_CALL (0.021s wait)
.2020-01-21 11:10:36.683448 | eval'd: drake::cmq_buildtargetmetadepsspecht_is_subtargetconfig
2020-01-21 11:10:40.365231 | > DO_CALL (0.000s wait)
.2020-01-21 11:10:40.370024 | eval'd: drake::cmq_buildtargetmetadepsspecht_is_subtargetconfig
2020-01-21 11:10:43.864642 | > DO_CALL (0.001s wait)
.2020-01-21 11:10:43.870040 | eval'd: drake::cmq_buildtargetmetadepsspecht_is_subtargetconfig
2020-01-21 11:10:47.479062 | > DO_CALL (0.001s wait)
.2020-01-21 11:10:47.488065 | eval'd: drake::cmq_buildtargetmetadepsspecht_is_subtargetconfig
2020-01-21 11:10:50.893506 | > DO_CALL (0.001s wait)
.2020-01-21 11:10:50.899307 | eval'd: drake::cmq_buildtargetmetadepsspecht_is_subtargetconfig
2020-01-21 11:10:54.469059 | > DO_CALL (0.000s wait)
.2020-01-21 11:10:54.475632 | eval'd: drake::cmq_buildtargetmetadepsspecht_is_subtargetconfig
2020-01-21 11:10:59.029686 | > DO_CALL (0.001s wait)
.2020-01-21 11:10:59.038520 | eval'd: drake::cmq_buildtargetmetadepsspecht_is_subtargetconfig
2020-01-21 11:11:03.238507 | > DO_CALL (0.001s wait)
.2020-01-21 11:11:03.246695 | eval'd: drake::cmq_buildtargetmetadepsspecht_is_subtargetconfig
2020-01-21 11:11:06.898397 | > DO_CALL (0.001s wait)
.2020-01-21 11:11:06.903600 | eval'd: drake::cmq_buildtargetmetadepsspecht_is_subtargetconfig
2020-01-21 11:11:10.381038 | > DO_CALL (0.001s wait)
.2020-01-21 11:11:10.387181 | eval'd: drake::cmq_buildtargetmetadepsspecht_is_subtargetconfig
2020-01-21 11:11:14.078459 | > DO_CALL (0.001s wait)
.2020-01-21 11:11:14.083635 | eval'd: drake::cmq_buildtargetmetadepsspecht_is_subtargetconfig
2020-01-21 11:11:19.570352 | > DO_CALL (0.001s wait)
.2020-01-21 11:11:19.578697 | eval'd: drake::cmq_buildtargetmetadepsspecht_is_subtargetconfig
2020-01-21 11:11:23.155350 | > DO_CALL (0.001s wait)
.2020-01-21 11:11:23.160326 | eval'd: drake::cmq_buildtargetmetadepsspecht_is_subtargetconfig
2020-01-21 11:11:26.679926 | > DO_CALL (0.001s wait)
.2020-01-21 11:11:26.687533 | eval'd: drake::cmq_buildtargetmetadepsspecht_is_subtargetconfig
2020-01-21 11:11:30.148018 | > DO_CALL (0.001s wait)
.2020-01-21 11:11:30.153539 | eval'd: drake::cmq_buildtargetmetadepsspecht_is_subtargetconfig
2020-01-21 11:11:33.829329 | > DO_CALL (0.001s wait)
.2020-01-21 11:11:33.834487 | eval'd: drake::cmq_buildtargetmetadepsspecht_is_subtargetconfig
2020-01-21 11:11:37.605336 | > DO_CALL (0.001s wait)
.2020-01-21 11:11:37.613493 | eval'd: drake::cmq_buildtargetmetadepsspecht_is_subtargetconfig
2020-01-21 11:11:41.394957 | > DO_CALL (0.001s wait)
.2020-01-21 11:11:41.401058 | eval'd: drake::cmq_buildtargetmetadepsspecht_is_subtargetconfig
2020-01-21 11:11:45.040197 | > DO_CALL (0.000s wait)
.2020-01-21 11:11:45.044932 | eval'd: drake::cmq_buildtargetmetadepsspecht_is_subtargetconfig
2020-01-21 11:11:48.544078 | > DO_CALL (0.001s wait)
.2020-01-21 11:11:48.550648 | eval'd: drake::cmq_buildtargetmetadepsspecht_is_subtargetconfig
2020-01-21 11:11:51.996178 | > DO_CALL (0.000s wait)
.2020-01-21 11:11:52.001315 | eval'd: drake::cmq_buildtargetmetadepsspecht_is_subtargetconfig
2020-01-21 11:11:56.385606 | > DO_CALL (0.001s wait)
.2020-01-21 11:11:56.391183 | eval'd: drake::cmq_buildtargetmetadepsspecht_is_subtargetconfig
2020-01-21 11:11:59.928145 | > DO_CALL (0.000s wait)
.2020-01-21 11:11:59.932811 | eval'd: drake::cmq_buildtargetmetadepsspecht_is_subtargetconfig
2020-01-21 11:12:04.074198 | > DO_CALL (0.000s wait)
.2020-01-21 11:12:04.081283 | eval'd: drake::cmq_buildtargetmetadepsspecht_is_subtargetconfig
2020-01-21 11:12:07.565051 | > DO_CALL (0.001s wait)
.2020-01-21 11:12:07.574078 | eval'd: drake::cmq_buildtargetmetadepsspecht_is_subtargetconfig
2020-01-21 11:12:11.080262 | > DO_CALL (0.000s wait)
.2020-01-21 11:12:11.085262 | eval'd: drake::cmq_buildtargetmetadepsspecht_is_subtargetconfig
2020-01-21 11:12:14.474189 | > DO_CALL (0.000s wait)
.2020-01-21 11:12:14.478937 | eval'd: drake::cmq_buildtargetmetadepsspecht_is_subtargetconfig
2020-01-21 11:12:18.024008 | > DO_CALL (0.001s wait)
.2020-01-21 11:12:18.033026 | eval'd: drake::cmq_buildtargetmetadepsspecht_is_subtargetconfig
2020-01-21 11:12:23.281227 | > DO_CALL (0.000s wait)
.2020-01-21 11:12:23.286145 | eval'd: drake::cmq_buildtargetmetadepsspecht_is_subtargetconfig
2020-01-21 11:12:26.668003 | > DO_CALL (0.001s wait)
.2020-01-21 11:12:26.674174 | eval'd: drake::cmq_buildtargetmetadepsspecht_is_subtargetconfig
2020-01-21 11:12:30.255121 | > DO_CALL (0.000s wait)
.2020-01-21 11:12:30.261560 | eval'd: drake::cmq_buildtargetmetadepsspecht_is_subtargetconfig
2020-01-21 11:12:34.610906 | > DO_CALL (0.001s wait)
.2020-01-21 11:12:34.617659 | eval'd: drake::cmq_buildtargetmetadepsspecht_is_subtargetconfig
2020-01-21 11:12:38.096255 | > DO_CALL (0.000s wait)
.2020-01-21 11:12:38.103322 | eval'd: drake::cmq_buildtargetmetadepsspecht_is_subtargetconfig
2020-01-21 11:12:41.620186 | > DO_CALL (0.000s wait)
.2020-01-21 11:12:41.625191 | eval'd: drake::cmq_buildtargetmetadepsspecht_is_subtargetconfig
2020-01-21 11:12:45.112913 | > DO_CALL (0.001s wait)
.2020-01-21 11:12:45.119333 | eval'd: drake::cmq_buildtargetmetadepsspecht_is_subtargetconfig
2020-01-21 11:12:48.739120 | > DO_CALL (0.001s wait)
.2020-01-21 11:12:48.747897 | eval'd: drake::cmq_buildtargetmetadepsspecht_is_subtargetconfig
2020-01-21 11:12:52.275195 | > DO_CALL (0.000s wait)
.2020-01-21 11:12:52.280548 | eval'd: drake::cmq_buildtargetmetadepsspecht_is_subtargetconfig
2020-01-21 11:12:55.725152 | > DO_CALL (0.000s wait)
.2020-01-21 11:12:55.731387 | eval'd: drake::cmq_buildtargetmetadepsspecht_is_subtargetconfig
2020-01-21 11:12:59.324156 | > DO_CALL (0.000s wait)
.2020-01-21 11:12:59.331514 | eval'd: drake::cmq_buildtargetmetadepsspecht_is_subtargetconfig
2020-01-21 11:13:02.604676 | > DO_CALL (0.000s wait)
.2020-01-21 11:13:02.609676 | eval'd: drake::cmq_buildtargetmetadepsspecht_is_subtargetconfig
2020-01-21 11:13:06.531163 | > DO_CALL (0.000s wait)
.2020-01-21 11:13:06.538348 | eval'd: drake::cmq_buildtargetmetadepsspecht_is_subtargetconfig
2020-01-21 11:13:10.072693 | > DO_CALL (0.001s wait)
.2020-01-21 11:13:10.078237 | eval'd: drake::cmq_buildtargetmetadepsspecht_is_subtargetconfig
2020-01-21 11:13:13.583786 | > DO_CALL (0.001s wait)
.2020-01-21 11:13:13.589642 | eval'd: drake::cmq_buildtargetmetadepsspecht_is_subtargetconfig
2020-01-21 11:13:17.237755 | > DO_CALL (0.000s wait)
.2020-01-21 11:13:17.245589 | eval'd: drake::cmq_buildtargetmetadepsspecht_is_subtargetconfig
2020-01-21 11:13:20.832590 | > DO_CALL (0.001s wait)
.2020-01-21 11:13:20.838231 | eval'd: drake::cmq_buildtargetmetadepsspecht_is_subtargetconfig
2020-01-21 11:13:25.927114 | > DO_CALL (0.000s wait)
.2020-01-21 11:13:25.933186 | eval'd: drake::cmq_buildtargetmetadepsspecht_is_subtargetconfig
2020-01-21 11:13:29.352181 | > DO_CALL (0.000s wait)
.2020-01-21 11:13:29.359591 | eval'd: drake::cmq_buildtargetmetadepsspecht_is_subtargetconfig
2020-01-21 11:13:33.060832 | > DO_CALL (0.001s wait)
.2020-01-21 11:13:33.066881 | eval'd: drake::cmq_buildtargetmetadepsspecht_is_subtargetconfig
2020-01-21 11:13:36.513216 | > DO_CALL (0.000s wait)
.2020-01-21 11:13:36.518315 | eval'd: drake::cmq_buildtargetmetadepsspecht_is_subtargetconfig
2020-01-21 11:13:39.971181 | > DO_CALL (0.000s wait)
.2020-01-21 11:13:39.976031 | eval'd: drake::cmq_buildtargetmetadepsspecht_is_subtargetconfig
2020-01-21 11:13:44.286344 | > DO_CALL (0.001s wait)
.2020-01-21 11:13:44.291311 | eval'd: drake::cmq_buildtargetmetadepsspecht_is_subtargetconfig
2020-01-21 11:13:47.736540 | > DO_CALL (0.001s wait)
.2020-01-21 11:13:47.745005 | eval'd: drake::cmq_buildtargetmetadepsspecht_is_subtargetconfig
2020-01-21 11:13:51.365263 | > DO_CALL (0.000s wait)
.2020-01-21 11:13:51.370470 | eval'd: drake::cmq_buildtargetmetadepsspecht_is_subtargetconfig
2020-01-21 11:13:54.906050 | > DO_CALL (0.000s wait)
.2020-01-21 11:13:54.911999 | eval'd: drake::cmq_buildtargetmetadepsspecht_is_subtargetconfig
2020-01-21 11:13:58.365678 | > DO_CALL (0.001s wait)
.2020-01-21 11:13:58.373781 | eval'd: drake::cmq_buildtargetmetadepsspecht_is_subtargetconfig
2020-01-21 11:14:01.722140 | > DO_CALL (0.000s wait)
.2020-01-21 11:14:01.727031 | eval'd: drake::cmq_buildtargetmetadepsspecht_is_subtargetconfig
2020-01-21 11:14:05.278983 | > DO_CALL (0.001s wait)
.2020-01-21 11:14:05.284588 | eval'd: drake::cmq_buildtargetmetadepsspecht_is_subtargetconfig
2020-01-21 11:14:09.420294 | > DO_CALL (0.001s wait)
.2020-01-21 11:14:09.427802 | eval'd: drake::cmq_buildtargetmetadepsspecht_is_subtargetconfig
2020-01-21 11:14:12.856250 | > DO_CALL (0.000s wait)
.2020-01-21 11:14:12.860624 | eval'd: drake::cmq_buildtargetmetadepsspecht_is_subtargetconfig
2020-01-21 11:14:16.236171 | > DO_CALL (0.000s wait)
.2020-01-21 11:14:16.241005 | eval'd: drake::cmq_buildtargetmetadepsspecht_is_subtargetconfig
2020-01-21 11:14:19.634240 | > DO_CALL (0.000s wait)
.2020-01-21 11:14:19.639224 | eval'd: drake::cmq_buildtargetmetadepsspecht_is_subtargetconfig
2020-01-21 11:14:23.901878 | > DO_CALL (0.001s wait)
.
2020-01-21 11:14:23.908017 | eval'd: drake::cmq_buildtargetmetadepsspecht_is_subtargetconfig
2020-01-21 11:14:29.414529 | > DO_CALL (0.001s wait)
.2020-01-21 11:14:29.423687 | eval'd: drake::cmq_buildtargetmetadepsspecht_is_subtargetconfig
2020-01-21 11:14:33.034190 | > DO_CALL (0.001s wait)
.2020-01-21 11:14:33.040803 | eval'd: drake::cmq_buildtargetmetadepsspecht_is_subtargetconfig
2020-01-21 11:14:36.486631 | > DO_CALL (0.001s wait)
.2020-01-21 11:14:36.492299 | eval'd: drake::cmq_buildtargetmetadepsspecht_is_subtargetconfig
2020-01-21 11:14:39.948226 | > DO_CALL (0.000s wait)
.2020-01-21 11:14:39.953008 | eval'd: drake::cmq_buildtargetmetadepsspecht_is_subtargetconfig
2020-01-21 11:14:43.434491 | > DO_CALL (0.001s wait)
.2020-01-21 11:14:43.456773 | eval'd: drake::cmq_buildtargetmetadepsspecht_is_subtargetconfig
2020-01-21 11:14:46.853278 | > DO_CALL (0.000s wait)
.2020-01-21 11:14:46.859244 | eval'd: drake::cmq_buildtargetmetadepsspecht_is_subtargetconfig
2020-01-21 11:14:50.121506 | > DO_CALL (0.001s wait)
.2020-01-21 11:14:50.126717 | eval'd: drake::cmq_buildtargetmetadepsspecht_is_subtargetconfig
2020-01-21 11:14:53.573307 | > DO_CALL (0.001s wait)
.2020-01-21 11:14:53.580022 | eval'd: drake::cmq_buildtargetmetadepsspecht_is_subtargetconfig
2020-01-21 11:14:56.952228 | > DO_CALL (0.000s wait)
.2020-01-21 11:14:56.957309 | eval'd: drake::cmq_buildtargetmetadepsspecht_is_subtargetconfig
2020-01-21 11:15:00.458939 | > DO_CALL (0.000s wait)
.2020-01-21 11:15:00.464955 | eval'd: drake::cmq_buildtargetmetadepsspecht_is_subtargetconfig
2020-01-21 11:15:03.877559 | > DO_CALL (0.001s wait)
.2020-01-21 11:15:03.882788 | eval'd: drake::cmq_buildtargetmetadepsspecht_is_subtargetconfig
2020-01-21 11:15:07.348358 | > DO_CALL (0.001s wait)
.2020-01-21 11:15:07.358230 | eval'd: drake::cmq_buildtargetmetadepsspecht_is_subtargetconfig
2020-01-21 11:15:10.783469 | > DO_CALL (0.001s wait)
.2020-01-21 11:15:10.790699 | eval'd: drake::cmq_buildtargetmetadepsspecht_is_subtargetconfig
2020-01-21 11:15:14.884158 | > DO_CALL (0.000s wait)
.2020-01-21 11:15:14.888653 | eval'd: drake::cmq_buildtargetmetadepsspecht_is_subtargetconfig
2020-01-21 11:15:18.357702 | > DO_CALL (0.000s wait)
.2020-01-21 11:15:18.365780 | eval'd: drake::cmq_buildtargetmetadepsspecht_is_subtargetconfig
2020-01-21 11:15:22.523231 | > DO_CALL (0.000s wait)
.2020-01-21 11:15:22.528237 | eval'd: drake::cmq_buildtargetmetadepsspecht_is_subtargetconfig
2020-01-21 11:15:25.976114 | > DO_CALL (0.000s wait)
.2020-01-21 11:15:25.982547 | eval'd: drake::cmq_buildtargetmetadepsspecht_is_subtargetconfig
2020-01-21 11:15:31.559172 | > DO_CALL (0.000s wait)
.2020-01-21 11:15:31.566517 | eval'd: drake::cmq_buildtargetmetadepsspecht_is_subtargetconfig
2020-01-21 11:15:34.969750 | > DO_CALL (0.001s wait)
.2020-01-21 11:15:34.975820 | eval'd: drake::cmq_buildtargetmetadepsspecht_is_subtargetconfig
2020-01-21 11:15:38.275777 | > DO_CALL (0.001s wait)
.2020-01-21 11:15:38.281430 | eval'd: drake::cmq_buildtargetmetadepsspecht_is_subtargetconfig
2020-01-21 11:15:41.812015 | > DO_CALL (0.000s wait)
.2020-01-21 11:15:41.817034 | eval'd: drake::cmq_buildtargetmetadepsspecht_is_subtargetconfig
2020-01-21 11:15:45.225081 | > DO_CALL (0.000s wait)
.2020-01-21 11:15:45.229956 | eval'd: drake::cmq_buildtargetmetadepsspecht_is_subtargetconfig
2020-01-21 11:15:49.676195 | > DO_CALL (0.000s wait)
.2020-01-21 11:15:49.683374 | eval'd: drake::cmq_buildtargetmetadepsspecht_is_subtargetconfig
2020-01-21 11:15:52.959229 | > DO_CALL (0.000s wait)
.2020-01-21 11:15:52.963957 | eval'd: drake::cmq_buildtargetmetadepsspecht_is_subtargetconfig
2020-01-21 11:15:56.361190 | > DO_CALL (0.000s wait)
.2020-01-21 11:15:56.367449 | eval'd: drake::cmq_buildtargetmetadepsspecht_is_subtargetconfig
2020-01-21 11:15:59.662283 | > DO_CALL (0.000s wait)
.2020-01-21 11:15:59.669122 | eval'd: drake::cmq_buildtargetmetadepsspecht_is_subtargetconfig
2020-01-21 11:16:03.018661 | > DO_CALL (0.001s wait)
.2020-01-21 11:16:03.023907 | eval'd: drake::cmq_buildtargetmetadepsspecht_is_subtargetconfig
2020-01-21 11:16:06.345178 | > DO_CALL (0.000s wait)
.2020-01-21 11:16:06.350016 | eval'd: drake::cmq_buildtargetmetadepsspecht_is_subtargetconfig
2020-01-21 11:16:09.879078 | > DO_CALL (0.000s wait)
.2020-01-21 11:16:09.883944 | eval'd: drake::cmq_buildtargetmetadepsspecht_is_subtargetconfig
2020-01-21 11:16:13.271596 | > DO_CALL (0.001s wait)
.2020-01-21 11:16:13.279250 | eval'd: drake::cmq_buildtargetmetadepsspecht_is_subtargetconfig
2020-01-21 11:16:17.010988 | > DO_CALL (0.000s wait)
.2020-01-21 11:16:17.017428 | eval'd: drake::cmq_buildtargetmetadepsspecht_is_subtargetconfig
2020-01-21 11:16:20.407424 | > DO_CALL (0.001s wait)
.2020-01-21 11:16:20.412702 | eval'd: drake::cmq_buildtargetmetadepsspecht_is_subtargetconfig
2020-01-21 11:16:23.887154 | > DO_CALL (0.000s wait)
.2020-01-21 11:16:23.893718 | eval'd: drake::cmq_buildtargetmetadepsspecht_is_subtargetconfig
2020-01-21 11:16:27.343239 | > DO_CALL (0.000s wait)
.2020-01-21 11:16:27.352936 | eval'd: drake::cmq_buildtargetmetadepsspecht_is_subtargetconfig
2020-01-21 11:16:32.187079 | > DO_CALL (0.000s wait)
.2020-01-21 11:16:32.192212 | eval'd: drake::cmq_buildtargetmetadepsspecht_is_subtargetconfig
2020-01-21 11:16:35.792300 | > DO_CALL (0.001s wait)
.2020-01-21 11:16:35.797466 | eval'd: drake::cmq_buildtargetmetadepsspecht_is_subtargetconfig
2020-01-21 11:16:40.037301 | > DO_CALL (0.001s wait)
.2020-01-21 11:16:40.047478 | eval'd: drake::cmq_buildtargetmetadepsspecht_is_subtargetconfig
2020-01-21 11:16:43.434029 | > DO_CALL (0.000s wait)
.2020-01-21 11:16:43.439740 | eval'd: drake::cmq_buildtargetmetadepsspecht_is_subtargetconfig
2020-01-21 11:16:46.749083 | > DO_CALL (0.000s wait)
.2020-01-21 11:16:46.754834 | eval'd: drake::cmq_buildtargetmetadepsspecht_is_subtargetconfig
2020-01-21 11:16:50.231255 | > DO_CALL (0.000s wait)
.2020-01-21 11:16:50.235925 | eval'd: drake::cmq_buildtargetmetadepsspecht_is_subtargetconfig
2020-01-21 11:16:53.655159 | > DO_CALL (0.000s wait)
.2020-01-21 11:16:53.660977 | eval'd: drake::cmq_buildtargetmetadepsspecht_is_subtargetconfig
2020-01-21 11:16:57.111224 | > DO_CALL (0.000s wait)
.2020-01-21 11:16:57.115654 | eval'd: drake::cmq_buildtargetmetadepsspecht_is_subtargetconfig
2020-01-21 11:16:59.809092 | > WORKER_WAIT (0.000s wait)
2020-01-21 11:16:59.809598 | waiting 2.50s
2020-01-21 11:19:41.994253 | > WORKER_WAIT (0.000s wait)
2020-01-21 11:19:42.002056 | waiting 2.50s
Error in clustermq:::worker("tcp://c24a-s1:7958") : 
  Timeout reached, terminating
Execution halted
