2020-02-12 15:52:15.940005 | Master: tcp://c28a-s7:7632
2020-02-12 15:52:15.961390 | WORKER_UP to: tcp://c28a-s7:7632
2020-02-12 15:52:18.619713 | > DO_SETUP (2.433s wait)
2020-02-12 15:52:18.620337 | token from msg: set_common_data_token
2020-02-12 15:53:23.672362 | > DO_CALL (22.724s wait)
.* Option 'clustermq.scheduler' not set, defaulting to ‘SLURM’
--- see: https://mschubert.github.io/clustermq/articles/userguide.html#configuration
2020-02-12 15:55:12.878145 | eval'd: drake::cmq_buildtargetmetadepsspecht_is_subtargetconfig
2020-02-12 15:55:22.266498 | > DO_CALL (6.016s wait)
.2020-02-12 15:57:11.421520 | eval'd: drake::cmq_buildtargetmetadepsspecht_is_subtargetconfig
2020-02-12 15:57:20.941302 | > DO_CALL (5.179s wait)
.2020-02-12 15:58:08.991986 | eval'd: drake::cmq_buildtargetmetadepsspecht_is_subtargetconfig
2020-02-12 15:58:18.279329 | > DO_CALL (5.113s wait)
.2020-02-12 16:06:50.825344 | eval'd: drake::cmq_buildtargetmetadepsspecht_is_subtargetconfig
2020-02-12 16:07:01.744620 | > DO_CALL (5.750s wait)
.2020-02-12 16:12:17.393238 | eval'd: drake::cmq_buildtargetmetadepsspecht_is_subtargetconfig
2020-02-12 16:12:26.823918 | > DO_CALL (6.076s wait)
.2020-02-12 16:15:29.220698 | eval'd: drake::cmq_buildtargetmetadepsspecht_is_subtargetconfig
2020-02-12 16:15:29.586579 | > DO_CALL (0.001s wait)
.2020-02-12 16:15:29.623639 | eval'd: drake::cmq_buildtargetmetadepsspecht_is_subtargetconfig
2020-02-12 16:15:29.695617 | > DO_CALL (0.011s wait)
.2020-02-12 16:15:32.303115 | eval'd: drake::cmq_buildtargetmetadepsspecht_is_subtargetconfig
2020-02-12 16:15:32.389447 | > DO_CALL (0.017s wait)
.2020-02-12 16:15:32.835796 | eval'd: drake::cmq_buildtargetmetadepsspecht_is_subtargetconfig
2020-02-12 16:15:32.943804 | > DO_CALL (0.027s wait)
.2020-02-12 16:15:33.401423 | eval'd: drake::cmq_buildtargetmetadepsspecht_is_subtargetconfig
2020-02-12 16:15:33.462810 | > DO_CALL (0.001s wait)
.2020-02-12 16:15:33.535687 | eval'd: drake::cmq_buildtargetmetadepsspecht_is_subtargetconfig
2020-02-12 16:15:33.597423 | > DO_CALL (0.009s wait)
.2020-02-12 16:15:34.652525 | eval'd: drake::cmq_buildtargetmetadepsspecht_is_subtargetconfig
2020-02-12 16:15:34.732117 | > DO_CALL (0.012s wait)
.2020-02-12 16:15:35.120163 | eval'd: drake::cmq_buildtargetmetadepsspecht_is_subtargetconfig
2020-02-12 16:15:35.211616 | > DO_CALL (0.015s wait)
.2020-02-12 16:15:35.610331 | eval'd: drake::cmq_buildtargetmetadepsspecht_is_subtargetconfig
2020-02-12 16:15:35.671387 | > DO_CALL (0.006s wait)
.2020-02-12 16:15:36.792903 | eval'd: drake::cmq_buildtargetmetadepsspecht_is_subtargetconfig
2020-02-12 16:15:37.105641 | > DO_CALL (0.038s wait)
.2020-02-12 16:15:37.548351 | eval'd: drake::cmq_buildtargetmetadepsspecht_is_subtargetconfig
2020-02-12 16:15:37.672730 | > DO_CALL (0.024s wait)
.2020-02-12 16:15:38.082381 | eval'd: drake::cmq_buildtargetmetadepsspecht_is_subtargetconfig
2020-02-12 16:15:38.269011 | > DO_CALL (0.041s wait)
.2020-02-12 16:15:39.382084 | eval'd: drake::cmq_buildtargetmetadepsspecht_is_subtargetconfig
2020-02-12 16:15:39.432438 | > DO_CALL (0.000s wait)
.2020-02-12 16:15:39.460245 | eval'd: drake::cmq_buildtargetmetadepsspecht_is_subtargetconfig
2020-02-12 16:15:39.583927 | > DO_CALL (0.037s wait)
.2020-02-12 16:15:40.022024 | eval'd: drake::cmq_buildtargetmetadepsspecht_is_subtargetconfig
2020-02-12 16:15:40.106725 | > DO_CALL (0.015s wait)
.2020-02-12 16:15:40.510431 | eval'd: drake::cmq_buildtargetmetadepsspecht_is_subtargetconfig
2020-02-12 16:15:40.700504 | > DO_CALL (0.042s wait)
.2020-02-12 16:15:41.839423 | eval'd: drake::cmq_buildtargetmetadepsspecht_is_subtargetconfig
2020-02-12 16:15:42.229838 | > DO_CALL (0.027s wait)
.2020-02-12 16:15:42.679890 | eval'd: drake::cmq_buildtargetmetadepsspecht_is_subtargetconfig
2020-02-12 16:15:42.784988 | > DO_CALL (0.024s wait)
.2020-02-12 16:15:43.204109 | eval'd: drake::cmq_buildtargetmetadepsspecht_is_subtargetconfig
2020-02-12 16:15:43.376641 | > DO_CALL (0.044s wait)
.2020-02-12 16:15:43.815102 | eval'd: drake::cmq_buildtargetmetadepsspecht_is_subtargetconfig
2020-02-12 16:15:44.402035 | > DO_CALL (0.036s wait)
.2020-02-12 16:15:45.503032 | eval'd: drake::cmq_buildtargetmetadepsspecht_is_subtargetconfig
2020-02-12 16:15:45.618697 | > DO_CALL (0.028s wait)
.2020-02-12 16:15:46.038469 | eval'd: drake::cmq_buildtargetmetadepsspecht_is_subtargetconfig
2020-02-12 16:15:46.174526 | > DO_CALL (0.037s wait)
.2020-02-12 16:15:46.603892 | eval'd: drake::cmq_buildtargetmetadepsspecht_is_subtargetconfig
2020-02-12 16:15:46.914384 | > DO_CALL (0.018s wait)
.2020-02-12 16:15:48.017155 | eval'd: drake::cmq_buildtargetmetadepsspecht_is_subtargetconfig
2020-02-12 16:15:48.202700 | > DO_CALL (0.058s wait)
.2020-02-12 16:15:48.681887 | eval'd: drake::cmq_buildtargetmetadepsspecht_is_subtargetconfig
2020-02-12 16:15:48.820804 | > DO_CALL (0.028s wait)
.2020-02-12 16:15:49.263513 | eval'd: drake::cmq_buildtargetmetadepsspecht_is_subtargetconfig
2020-02-12 16:15:49.613975 | > DO_CALL (0.004s wait)
.2020-02-12 16:15:50.684359 | eval'd: drake::cmq_buildtargetmetadepsspecht_is_subtargetconfig
2020-02-12 16:15:51.158143 | > DO_CALL (0.015s wait)
.2020-02-12 16:15:51.557439 | eval'd: drake::cmq_buildtargetmetadepsspecht_is_subtargetconfig
2020-02-12 16:15:51.624568 | > DO_CALL (0.006s wait)
.2020-02-12 16:15:52.001409 | eval'd: drake::cmq_buildtargetmetadepsspecht_is_subtargetconfig
2020-02-12 16:15:52.056682 | > DO_CALL (0.004s wait)
.2020-02-12 16:15:52.433482 | eval'd: drake::cmq_buildtargetmetadepsspecht_is_subtargetconfig
2020-02-12 16:15:52.545863 | > DO_CALL (0.017s wait)
.2020-02-12 16:15:53.634347 | eval'd: drake::cmq_buildtargetmetadepsspecht_is_subtargetconfig
2020-02-12 16:15:53.728242 | > DO_CALL (0.015s wait)
.2020-02-12 16:15:54.148231 | eval'd: drake::cmq_buildtargetmetadepsspecht_is_subtargetconfig
2020-02-12 16:15:54.411167 | > DO_CALL (0.033s wait)
.2020-02-12 16:15:54.860647 | eval'd: drake::cmq_buildtargetmetadepsspecht_is_subtargetconfig
2020-02-12 16:15:55.030378 | > DO_CALL (0.040s wait)
.2020-02-12 16:15:56.124305 | eval'd: drake::cmq_buildtargetmetadepsspecht_is_subtargetconfig
2020-02-12 16:15:56.273657 | > DO_CALL (0.004s wait)
.2020-02-12 16:15:56.640677 | eval'd: drake::cmq_buildtargetmetadepsspecht_is_subtargetconfig
2020-02-12 16:15:56.767695 | > DO_CALL (0.034s wait)
.2020-02-12 16:15:57.194197 | eval'd: drake::cmq_buildtargetmetadepsspecht_is_subtargetconfig
2020-02-12 16:15:57.356107 | > DO_CALL (0.047s wait)
.2020-02-12 16:15:58.494884 | eval'd: drake::cmq_buildtargetmetadepsspecht_is_subtargetconfig
2020-02-12 16:15:58.752487 | > DO_CALL (0.000s wait)
.2020-02-12 16:15:58.780338 | eval'd: drake::cmq_buildtargetmetadepsspecht_is_subtargetconfig
2020-02-12 16:15:58.923157 | > DO_CALL (0.042s wait)
.2020-02-12 16:15:59.373213 | eval'd: drake::cmq_buildtargetmetadepsspecht_is_subtargetconfig
2020-02-12 16:15:59.543419 | > DO_CALL (0.018s wait)
.2020-02-12 16:15:59.946653 | eval'd: drake::cmq_buildtargetmetadepsspecht_is_subtargetconfig
2020-02-12 16:16:00.100754 | > DO_CALL (0.038s wait)
.2020-02-12 16:16:01.210798 | eval'd: drake::cmq_buildtargetmetadepsspecht_is_subtargetconfig
2020-02-12 16:16:01.259948 | > DO_CALL (0.000s wait)
.2020-02-12 16:16:01.298080 | eval'd: drake::cmq_buildtargetmetadepsspecht_is_subtargetconfig
2020-02-12 16:16:01.379686 | > DO_CALL (0.012s wait)
.2020-02-12 16:16:01.767631 | eval'd: drake::cmq_buildtargetmetadepsspecht_is_subtargetconfig
2020-02-12 16:16:01.933260 | > DO_CALL (0.046s wait)
.2020-02-12 16:16:02.392310 | eval'd: drake::cmq_buildtargetmetadepsspecht_is_subtargetconfig
2020-02-12 16:16:02.551997 | > DO_CALL (0.031s wait)
.2020-02-12 16:16:02.975246 | eval'd: drake::cmq_buildtargetmetadepsspecht_is_subtargetconfig
2020-02-12 16:16:03.063498 | > DO_CALL (0.018s wait)
.2020-02-12 16:16:04.118775 | eval'd: drake::cmq_buildtargetmetadepsspecht_is_subtargetconfig
2020-02-12 16:16:04.231472 | > DO_CALL (0.028s wait)
.2020-02-12 16:16:04.650359 | eval'd: drake::cmq_buildtargetmetadepsspecht_is_subtargetconfig
2020-02-12 16:16:04.878400 | > DO_CALL (0.054s wait)
.2020-02-12 16:16:05.328612 | eval'd: drake::cmq_buildtargetmetadepsspecht_is_subtargetconfig
2020-02-12 16:16:05.647527 | > DO_CALL (0.046s wait)
.2020-02-12 16:16:06.783594 | eval'd: drake::cmq_buildtargetmetadepsspecht_is_subtargetconfig
2020-02-12 16:16:06.966762 | > DO_CALL (0.059s wait)
.2020-02-12 16:16:07.422616 | eval'd: drake::cmq_buildtargetmetadepsspecht_is_subtargetconfig
2020-02-12 16:16:07.597882 | > DO_CALL (0.046s wait)
.2020-02-12 16:16:08.035134 | eval'd: drake::cmq_buildtargetmetadepsspecht_is_subtargetconfig
2020-02-12 16:16:08.183687 | > DO_CALL (0.041s wait)
.2020-02-12 16:16:09.312169 | eval'd: drake::cmq_buildtargetmetadepsspecht_is_subtargetconfig
2020-02-12 16:16:09.544603 | > DO_CALL (0.071s wait)
.2020-02-12 16:16:10.019724 | eval'd: drake::cmq_buildtargetmetadepsspecht_is_subtargetconfig
2020-02-12 16:16:10.125084 | > DO_CALL (0.028s wait)
.2020-02-12 16:16:10.540207 | eval'd: drake::cmq_buildtargetmetadepsspecht_is_subtargetconfig
2020-02-12 16:16:10.667358 | > DO_CALL (0.035s wait)
.2020-02-12 16:16:11.114505 | eval'd: drake::cmq_buildtargetmetadepsspecht_is_subtargetconfig
2020-02-12 16:16:11.256093 | > DO_CALL (0.034s wait)
.2020-02-12 16:16:12.336974 | eval'd: drake::cmq_buildtargetmetadepsspecht_is_subtargetconfig
2020-02-12 16:16:12.585874 | > DO_CALL (0.012s wait)
.
2020-02-12 16:16:12.966719 | eval'd: drake::cmq_buildtargetmetadepsspecht_is_subtargetconfig
2020-02-12 16:16:13.088750 | > DO_CALL (0.034s wait)
.2020-02-12 16:16:13.513005 | eval'd: drake::cmq_buildtargetmetadepsspecht_is_subtargetconfig
2020-02-12 16:16:13.789254 | > DO_CALL (0.042s wait)
.2020-02-12 16:16:14.901402 | eval'd: drake::cmq_buildtargetmetadepsspecht_is_subtargetconfig
2020-02-12 16:16:15.032360 | > DO_CALL (0.029s wait)
.2020-02-12 16:16:15.455942 | eval'd: drake::cmq_buildtargetmetadepsspecht_is_subtargetconfig
2020-02-12 16:16:15.676680 | > DO_CALL (0.029s wait)
.2020-02-12 16:16:16.087728 | eval'd: drake::cmq_buildtargetmetadepsspecht_is_subtargetconfig
2020-02-12 16:16:16.189523 | > DO_CALL (0.023s wait)
.2020-02-12 16:16:17.284339 | eval'd: drake::cmq_buildtargetmetadepsspecht_is_subtargetconfig
2020-02-12 16:16:17.355819 | > DO_CALL (0.000s wait)
.2020-02-12 16:16:17.385493 | eval'd: drake::cmq_buildtargetmetadepsspecht_is_subtargetconfig
2020-02-12 16:16:17.543333 | > DO_CALL (0.039s wait)
.2020-02-12 16:16:17.980386 | eval'd: drake::cmq_buildtargetmetadepsspecht_is_subtargetconfig
2020-02-12 16:16:18.035280 | > DO_CALL (0.000s wait)
.2020-02-12 16:16:18.041522 | eval'd: drake::cmq_buildtargetmetadepsspecht_is_subtargetconfig
2020-02-12 16:16:18.090529 | > DO_CALL (0.002s wait)
2020-02-12 16:16:20.206500 | eval'd: drake::cmq_buildtargetmetadepsspecht_is_subtargetconfig
2020-02-12 16:16:20.290402 | > DO_CALL (0.001s wait)
.2020-02-12 16:16:20.296519 | eval'd: drake::cmq_buildtargetmetadepsspecht_is_subtargetconfig
2020-02-12 16:16:20.338127 | > DO_CALL (0.001s wait)
2020-02-12 16:16:20.344080 | eval'd: drake::cmq_buildtargetmetadepsspecht_is_subtargetconfig
2020-02-12 16:16:20.539429 | > DO_CALL (0.001s wait)
.2020-02-12 16:16:20.545446 | eval'd: drake::cmq_buildtargetmetadepsspecht_is_subtargetconfig
2020-02-12 16:16:21.002650 | > DO_CALL (0.002s wait)
.2020-02-12 16:16:21.008977 | eval'd: drake::cmq_buildtargetmetadepsspecht_is_subtargetconfig
2020-02-12 16:16:21.085134 | > DO_CALL (0.000s wait)
.2020-02-12 16:16:21.089474 | eval'd: drake::cmq_buildtargetmetadepsspecht_is_subtargetconfig
2020-02-12 16:16:21.206606 | > DO_CALL (0.001s wait)
.2020-02-12 16:16:21.212537 | eval'd: drake::cmq_buildtargetmetadepsspecht_is_subtargetconfig
2020-02-12 16:16:21.463775 | > DO_CALL (0.001s wait)
.2020-02-12 16:16:21.469767 | eval'd: drake::cmq_buildtargetmetadepsspecht_is_subtargetconfig
2020-02-12 16:16:21.859109 | > DO_CALL (0.001s wait)
.2020-02-12 16:16:21.865056 | eval'd: drake::cmq_buildtargetmetadepsspecht_is_subtargetconfig
2020-02-12 16:16:21.986421 | > DO_CALL (0.001s wait)
.2020-02-12 16:16:21.992482 | eval'd: drake::cmq_buildtargetmetadepsspecht_is_subtargetconfig
2020-02-12 16:16:22.198659 | > DO_CALL (0.002s wait)
.2020-02-12 16:16:22.204596 | eval'd: drake::cmq_buildtargetmetadepsspecht_is_subtargetconfig
2020-02-12 16:16:22.384868 | > DO_CALL (0.001s wait)
.2020-02-12 16:16:22.391239 | eval'd: drake::cmq_buildtargetmetadepsspecht_is_subtargetconfig
2020-02-12 16:16:22.560974 | > DO_CALL (0.001s wait)
.2020-02-12 16:16:22.566999 | eval'd: drake::cmq_buildtargetmetadepsspecht_is_subtargetconfig
2020-02-12 16:16:22.941300 | > DO_CALL (0.001s wait)
.2020-02-12 16:16:22.947441 | eval'd: drake::cmq_buildtargetmetadepsspecht_is_subtargetconfig
2020-02-12 16:16:23.350627 | > DO_CALL (0.002s wait)
.2020-02-12 16:16:23.356706 | eval'd: drake::cmq_buildtargetmetadepsspecht_is_subtargetconfig
2020-02-12 16:16:23.609011 | > DO_CALL (0.001s wait)
.2020-02-12 16:16:23.614983 | eval'd: drake::cmq_buildtargetmetadepsspecht_is_subtargetconfig
2020-02-12 16:16:23.927200 | > DO_CALL (0.001s wait)
.2020-02-12 16:16:23.933234 | eval'd: drake::cmq_buildtargetmetadepsspecht_is_subtargetconfig
2020-02-12 16:16:24.204933 | > DO_CALL (0.001s wait)
.2020-02-12 16:16:24.211203 | eval'd: drake::cmq_buildtargetmetadepsspecht_is_subtargetconfig
2020-02-12 16:16:24.608174 | > DO_CALL (0.001s wait)
.2020-02-12 16:16:24.614998 | eval'd: drake::cmq_buildtargetmetadepsspecht_is_subtargetconfig
2020-02-12 16:16:25.204277 | > DO_CALL (0.001s wait)
.2020-02-12 16:16:25.211142 | eval'd: drake::cmq_buildtargetmetadepsspecht_is_subtargetconfig
2020-02-12 16:16:26.039183 | > DO_CALL (0.001s wait)
.2020-02-12 16:16:26.046253 | eval'd: drake::cmq_buildtargetmetadepsspecht_is_subtargetconfig
2020-02-12 16:16:26.587476 | > DO_CALL (0.001s wait)
.2020-02-12 16:16:26.594217 | eval'd: drake::cmq_buildtargetmetadepsspecht_is_subtargetconfig
2020-02-12 16:16:26.750764 | > DO_CALL (0.001s wait)
.2020-02-12 16:16:26.757529 | eval'd: drake::cmq_buildtargetmetadepsspecht_is_subtargetconfig
2020-02-12 16:16:26.915760 | > DO_CALL (0.002s wait)
.2020-02-12 16:16:26.922524 | eval'd: drake::cmq_buildtargetmetadepsspecht_is_subtargetconfig
2020-02-12 16:16:27.051243 | > DO_CALL (0.001s wait)
.2020-02-12 16:16:27.057956 | eval'd: drake::cmq_buildtargetmetadepsspecht_is_subtargetconfig
2020-02-12 16:16:27.435645 | > DO_CALL (0.002s wait)
.2020-02-12 16:16:27.442513 | eval'd: drake::cmq_buildtargetmetadepsspecht_is_subtargetconfig
2020-02-12 16:16:27.553347 | > DO_CALL (0.001s wait)
.2020-02-12 16:16:27.560166 | eval'd: drake::cmq_buildtargetmetadepsspecht_is_subtargetconfig
2020-02-12 16:16:27.960439 | > DO_CALL (0.001s wait)
.2020-02-12 16:16:27.967141 | eval'd: drake::cmq_buildtargetmetadepsspecht_is_subtargetconfig
2020-02-12 16:16:28.823349 | > DO_CALL (0.001s wait)
.2020-02-12 16:16:28.830201 | eval'd: drake::cmq_buildtargetmetadepsspecht_is_subtargetconfig
2020-02-12 16:16:29.173279 | > DO_CALL (0.001s wait)
.2020-02-12 16:16:29.180183 | eval'd: drake::cmq_buildtargetmetadepsspecht_is_subtargetconfig
2020-02-12 16:16:30.462822 | > DO_CALL (0.001s wait)
.2020-02-12 16:16:30.471536 | eval'd: drake::cmq_buildtargetmetadepsspecht_is_subtargetconfig
2020-02-12 16:16:30.600366 | > DO_CALL (0.001s wait)
.2020-02-12 16:16:30.607228 | eval'd: drake::cmq_buildtargetmetadepsspecht_is_subtargetconfig
2020-02-12 16:16:31.066481 | > DO_CALL (0.001s wait)
.2020-02-12 16:16:31.073192 | eval'd: drake::cmq_buildtargetmetadepsspecht_is_subtargetconfig
2020-02-12 16:16:31.569364 | > DO_CALL (0.001s wait)
.2020-02-12 16:16:31.576142 | eval'd: drake::cmq_buildtargetmetadepsspecht_is_subtargetconfig
2020-02-12 16:16:31.736320 | > DO_CALL (0.001s wait)
.2020-02-12 16:16:31.743023 | eval'd: drake::cmq_buildtargetmetadepsspecht_is_subtargetconfig
2020-02-12 16:16:32.171685 | > DO_CALL (0.001s wait)
.2020-02-12 16:16:32.178412 | eval'd: drake::cmq_buildtargetmetadepsspecht_is_subtargetconfig
2020-02-12 16:16:32.383471 | > DO_CALL (0.008s wait)
.2020-02-12 16:16:32.793584 | eval'd: drake::cmq_buildtargetmetadepsspecht_is_subtargetconfig
2020-02-12 16:16:33.005053 | > DO_CALL (0.018s wait)
.2020-02-12 16:16:33.437823 | eval'd: drake::cmq_buildtargetmetadepsspecht_is_subtargetconfig
2020-02-12 16:16:33.896570 | > DO_CALL (0.002s wait)
.2020-02-12 16:16:33.903423 | eval'd: drake::cmq_buildtargetmetadepsspecht_is_subtargetconfig
2020-02-12 16:16:34.761983 | > WORKER_WAIT (0.000s wait)
2020-02-12 16:16:34.762532 | waiting 0.75s
2020-02-12 16:16:35.515592 | > WORKER_WAIT (0.000s wait)
2020-02-12 16:16:35.516074 | waiting 0.75s
2020-02-12 16:16:36.268298 | > WORKER_WAIT (0.000s wait)
2020-02-12 16:16:36.268801 | waiting 0.75s
2020-02-12 16:16:37.021511 | > WORKER_WAIT (0.001s wait)
2020-02-12 16:16:37.022018 | waiting 0.75s
2020-02-12 16:16:37.774572 | > WORKER_WAIT (0.001s wait)
2020-02-12 16:16:37.775076 | waiting 0.75s
2020-02-12 16:16:38.527563 | > WORKER_WAIT (0.001s wait)
2020-02-12 16:16:38.528089 | waiting 0.75s
2020-02-12 16:16:39.280528 | > WORKER_WAIT (0.001s wait)
2020-02-12 16:16:39.281031 | waiting 0.75s
2020-02-12 16:16:40.033478 | > WORKER_WAIT (0.000s wait)
2020-02-12 16:16:40.033970 | waiting 0.75s
2020-02-12 16:16:40.786474 | > WORKER_WAIT (0.000s wait)
2020-02-12 16:16:40.786947 | waiting 0.75s
2020-02-12 16:16:41.539462 | > WORKER_WAIT (0.000s wait)
2020-02-12 16:16:41.539963 | waiting 0.75s
2020-02-12 16:16:42.292438 | > WORKER_WAIT (0.000s wait)
2020-02-12 16:16:42.292932 | waiting 0.75s
2020-02-12 16:16:43.045404 | > WORKER_WAIT (0.000s wait)
2020-02-12 16:16:43.045915 | waiting 0.75s
2020-02-12 16:16:43.798392 | > WORKER_WAIT (0.000s wait)
2020-02-12 16:16:43.798904 | waiting 0.75s
2020-02-12 16:16:44.551406 | > WORKER_WAIT (0.000s wait)
2020-02-12 16:16:44.551908 | waiting 0.75s
2020-02-12 16:16:45.304351 | > WORKER_WAIT (0.000s wait)
2020-02-12 16:16:45.304853 | waiting 0.75s
2020-02-12 16:16:46.057329 | > WORKER_WAIT (0.000s wait)
2020-02-12 16:16:46.057801 | waiting 0.75s
2020-02-12 16:16:46.810295 | > WORKER_WAIT (0.000s wait)
2020-02-12 16:16:46.810794 | waiting 0.75s
2020-02-12 16:16:47.563267 | > WORKER_WAIT (0.000s wait)
2020-02-12 16:16:47.563745 | waiting 0.75s
2020-02-12 16:16:48.316200 | > WORKER_WAIT (0.000s wait)
2020-02-12 16:16:48.316709 | waiting 0.75s
2020-02-12 16:16:49.068917 | > WORKER_WAIT (0.000s wait)
2020-02-12 16:16:49.069451 | waiting 0.75s
2020-02-12 16:16:49.821932 | > WORKER_WAIT (0.000s wait)
2020-02-12 16:16:49.822449 | waiting 0.75s
2020-02-12 16:16:50.574903 | > WORKER_WAIT (0.000s wait)
2020-02-12 16:16:50.575427 | waiting 0.75s
2020-02-12 16:16:51.327993 | > WORKER_WAIT (0.000s wait)
2020-02-12 16:16:51.328519 | waiting 0.75s
2020-02-12 16:16:52.081244 | > WORKER_WAIT (0.000s wait)
2020-02-12 16:16:52.081742 | waiting 0.75s
2020-02-12 16:16:52.833936 | > WORKER_WAIT (0.000s wait)
2020-02-12 16:16:52.834464 | waiting 0.75s
2020-02-12 16:16:53.586961 | > WORKER_WAIT (0.000s wait)
2020-02-12 16:16:53.587482 | waiting 0.75s
2020-02-12 16:16:54.340248 | > WORKER_WAIT (0.000s wait)
2020-02-12 16:16:54.340775 | waiting 0.75s
2020-02-12 16:16:55.093019 | > WORKER_WAIT (0.000s wait)
2020-02-12 16:16:55.093529 | waiting 0.75s
2020-02-12 16:16:55.845986 | > WORKER_WAIT (0.000s wait)
2020-02-12 16:16:55.846493 | waiting 0.75s
2020-02-12 16:16:56.598930 | > WORKER_WAIT (0.000s wait)
2020-02-12 16:16:56.599453 | waiting 0.75s
2020-02-12 16:16:57.352238 | > WORKER_WAIT (0.000s wait)
2020-02-12 16:16:57.352732 | waiting 0.75s
2020-02-12 16:16:58.104921 | > WORKER_WAIT (0.000s wait)
2020-02-12 16:16:58.105442 | waiting 0.75s
2020-02-12 16:16:58.857923 | > WORKER_WAIT (0.000s wait)
2020-02-12 16:16:58.858428 | waiting 0.75s
2020-02-12 16:16:59.610869 | > WORKER_WAIT (0.000s wait)
2020-02-12 16:16:59.611394 | waiting 0.75s
2020-02-12 16:17:00.363357 | > WORKER_WAIT (0.000s wait)
2020-02-12 16:17:00.363858 | waiting 0.75s
2020-02-12 16:17:01.116018 | > WORKER_WAIT (0.000s wait)
2020-02-12 16:17:01.116523 | waiting 0.75s
2020-02-12 16:17:01.868759 | > WORKER_WAIT (0.000s wait)
2020-02-12 16:17:01.869272 | waiting 0.75s
2020-02-12 16:17:02.621552 | > WORKER_WAIT (0.001s wait)
2020-02-12 16:17:02.622057 | waiting 0.75s
2020-02-12 16:17:03.374306 | > WORKER_WAIT (0.000s wait)
2020-02-12 16:17:03.374798 | waiting 0.75s
2020-02-12 16:17:04.127250 | > WORKER_WAIT (0.000s wait)
2020-02-12 16:17:04.127756 | waiting 0.75s
2020-02-12 16:17:04.879991 | > WORKER_WAIT (0.000s wait)
2020-02-12 16:17:04.880517 | waiting 0.75s
2020-02-12 16:17:05.632800 | > WORKER_WAIT (0.000s wait)
2020-02-12 16:17:05.633320 | waiting 0.75s
2020-02-12 16:17:06.385495 | > WORKER_WAIT (0.000s wait)
2020-02-12 16:17:06.385991 | waiting 0.75s
2020-02-12 16:17:07.138259 | > WORKER_WAIT (0.000s wait)
2020-02-12 16:17:07.138740 | waiting 0.75s
2020-02-12 16:17:07.890872 | > WORKER_WAIT (0.000s wait)
2020-02-12 16:17:07.891376 | waiting 0.75s
2020-02-12 16:17:08.643575 | > WORKER_WAIT (0.001s wait)
2020-02-12 16:17:08.644094 | waiting 0.75s
2020-02-12 16:17:09.396315 | > WORKER_WAIT (0.000s wait)
2020-02-12 16:17:09.396813 | waiting 0.75s
2020-02-12 16:17:10.148781 | > WORKER_WAIT (0.000s wait)
2020-02-12 16:17:10.149317 | waiting 0.75s
2020-02-12 16:17:10.901338 | > WORKER_WAIT (0.000s wait)
2020-02-12 16:17:10.901846 | waiting 0.75s
2020-02-12 16:17:11.654018 | > WORKER_WAIT (0.000s wait)
2020-02-12 16:17:11.654535 | waiting 0.75s
2020-02-12 16:17:12.406783 | > WORKER_WAIT (0.000s wait)
2020-02-12 16:17:12.407265 | waiting 0.75s
2020-02-12 16:17:13.159470 | > WORKER_WAIT (0.000s wait)
2020-02-12 16:17:13.159979 | waiting 0.75s
2020-02-12 16:17:13.912143 | > WORKER_WAIT (0.000s wait)
2020-02-12 16:17:13.912647 | waiting 0.75s
2020-02-12 16:17:14.664863 | > WORKER_WAIT (0.000s wait)
2020-02-12 16:17:14.665353 | waiting 0.75s
2020-02-12 16:17:15.417522 | > WORKER_WAIT (0.001s wait)
2020-02-12 16:17:15.418040 | waiting 0.75s
2020-02-12 16:17:16.170208 | > WORKER_WAIT (0.000s wait)
2020-02-12 16:17:16.170681 | waiting 0.75s
2020-02-12 16:17:16.922864 | > WORKER_WAIT (0.000s wait)
2020-02-12 16:17:16.923357 | waiting 0.75s
2020-02-12 16:17:17.675529 | > WORKER_WAIT (0.001s wait)
2020-02-12 16:17:17.676019 | waiting 0.75s
2020-02-12 16:17:18.428272 | > WORKER_WAIT (0.000s wait)
2020-02-12 16:17:18.428779 | waiting 0.75s
2020-02-12 16:17:19.180940 | > WORKER_WAIT (0.000s wait)
2020-02-12 16:17:19.181443 | waiting 0.75s
2020-02-12 16:17:19.933610 | > WORKER_WAIT (0.000s wait)
2020-02-12 16:17:19.934115 | waiting 0.75s
2020-02-12 16:17:20.686294 | > WORKER_WAIT (0.000s wait)
2020-02-12 16:17:20.686789 | waiting 0.75s
2020-02-12 16:17:21.439000 | > WORKER_WAIT (0.000s wait)
2020-02-12 16:17:21.439506 | waiting 0.75s
2020-02-12 16:17:22.191654 | > WORKER_WAIT (0.000s wait)
2020-02-12 16:17:22.192163 | waiting 0.75s
2020-02-12 16:17:22.944324 | > WORKER_WAIT (0.000s wait)
2020-02-12 16:17:22.944797 | waiting 0.75s
2020-02-12 16:17:23.697028 | > WORKER_WAIT (0.000s wait)
2020-02-12 16:17:23.697541 | waiting 0.75s
2020-02-12 16:17:24.449666 | > WORKER_WAIT (0.000s wait)
2020-02-12 16:17:24.450190 | waiting 0.75s
2020-02-12 16:17:25.202365 | > WORKER_WAIT (0.000s wait)
2020-02-12 16:17:25.202871 | waiting 0.75s
2020-02-12 16:17:25.955013 | > WORKER_WAIT (0.000s wait)
2020-02-12 16:17:25.955540 | waiting 0.75s
2020-02-12 16:17:26.707786 | > WORKER_WAIT (0.000s wait)
2020-02-12 16:17:26.708300 | waiting 0.75s
2020-02-12 16:17:27.460482 | > WORKER_WAIT (0.000s wait)
2020-02-12 16:17:27.460976 | waiting 0.75s
2020-02-12 16:17:28.213229 | > WORKER_WAIT (0.000s wait)
2020-02-12 16:17:28.213728 | waiting 0.75s
2020-02-12 16:17:28.965943 | > WORKER_WAIT (0.000s wait)
2020-02-12 16:17:28.966454 | waiting 0.75s
2020-02-12 16:17:29.718685 | > WORKER_WAIT (0.000s wait)
2020-02-12 16:17:29.719185 | waiting 0.75s
2020-02-12 16:17:30.471392 | > WORKER_WAIT (0.000s wait)
2020-02-12 16:17:30.473871 | waiting 0.75s
2020-02-12 16:17:31.225927 | > WORKER_WAIT (0.000s wait)
2020-02-12 16:17:31.226447 | waiting 0.75s
2020-02-12 16:17:31.978483 | > WORKER_WAIT (0.000s wait)
2020-02-12 16:17:31.978957 | waiting 0.75s
2020-02-12 16:17:32.731030 | > WORKER_WAIT (0.000s wait)
2020-02-12 16:17:32.731548 | waiting 0.75s
2020-02-12 16:17:33.483570 | > WORKER_WAIT (0.001s wait)
2020-02-12 16:17:33.484070 | waiting 0.75s
2020-02-12 16:17:34.236115 | > WORKER_WAIT (0.000s wait)
2020-02-12 16:17:34.236628 | waiting 0.75s
2020-02-12 16:17:35.171761 | > WORKER_WAIT (0.000s wait)
2020-02-12 16:17:35.172283 | waiting 0.75s
2020-02-12 16:17:35.925666 | > WORKER_WAIT (0.000s wait)
2020-02-12 16:17:35.926167 | waiting 0.75s
2020-02-12 16:17:36.679294 | > WORKER_WAIT (0.000s wait)
2020-02-12 16:17:36.679818 | waiting 0.75s
2020-02-12 16:17:37.431997 | > WORKER_WAIT (0.000s wait)
2020-02-12 16:17:37.432502 | waiting 0.75s
2020-02-12 16:17:38.184978 | > WORKER_WAIT (0.000s wait)
2020-02-12 16:17:38.185489 | waiting 0.75s
2020-02-12 16:17:38.937989 | > WORKER_WAIT (0.000s wait)
2020-02-12 16:17:38.938514 | waiting 0.75s
2020-02-12 16:17:39.690986 | > WORKER_WAIT (0.000s wait)
2020-02-12 16:17:39.691495 | waiting 0.75s
2020-02-12 16:17:40.443963 | > WORKER_WAIT (0.000s wait)
2020-02-12 16:17:40.444472 | waiting 0.75s
2020-02-12 16:17:41.196959 | > WORKER_WAIT (0.000s wait)
2020-02-12 16:17:41.197478 | waiting 0.75s
2020-02-12 16:17:41.949920 | > WORKER_WAIT (0.000s wait)
2020-02-12 16:17:41.950446 | waiting 0.75s
2020-02-12 16:17:42.702561 | > WORKER_WAIT (0.001s wait)
2020-02-12 16:17:42.703069 | waiting 0.75s
2020-02-12 16:17:43.455574 | > WORKER_WAIT (0.000s wait)
2020-02-12 16:17:43.456078 | waiting 0.75s
2020-02-12 16:17:44.208646 | > WORKER_WAIT (0.000s wait)
2020-02-12 16:17:44.209159 | waiting 0.75s
2020-02-12 16:17:44.961996 | > WORKER_WAIT (0.000s wait)
2020-02-12 16:17:44.962499 | waiting 0.75s
2020-02-12 16:17:45.715016 | > WORKER_WAIT (0.000s wait)
2020-02-12 16:17:45.715522 | waiting 0.75s
2020-02-12 16:17:46.467977 | > WORKER_WAIT (0.000s wait)
2020-02-12 16:17:46.468507 | waiting 0.75s
2020-02-12 16:17:47.220969 | > WORKER_WAIT (0.000s wait)
2020-02-12 16:17:47.221500 | waiting 0.75s
2020-02-12 16:17:48.462517 | > WORKER_WAIT (0.001s wait)
2020-02-12 16:17:48.463005 | waiting 0.75s
2020-02-12 16:17:49.305821 | > WORKER_WAIT (0.000s wait)
2020-02-12 16:17:49.306333 | waiting 0.75s
2020-02-12 16:17:50.060378 | > WORKER_WAIT (0.000s wait)
2020-02-12 16:17:50.060887 | waiting 0.75s
2020-02-12 16:17:50.814320 | > WORKER_WAIT (0.000s wait)
2020-02-12 16:17:50.814808 | waiting 0.75s
2020-02-12 16:17:51.567655 | > WORKER_WAIT (0.000s wait)
2020-02-12 16:17:51.568166 | waiting 0.75s
2020-02-12 16:17:52.320777 | > WORKER_WAIT (0.000s wait)
2020-02-12 16:17:52.321310 | waiting 0.75s
2020-02-12 16:17:53.073624 | > WORKER_WAIT (0.000s wait)
2020-02-12 16:17:53.074114 | waiting 0.75s
2020-02-12 16:17:53.826518 | > WORKER_WAIT (0.001s wait)
2020-02-12 16:17:53.827015 | waiting 0.75s
2020-02-12 16:17:54.579684 | > WORKER_WAIT (0.000s wait)
2020-02-12 16:17:54.580184 | waiting 0.75s
2020-02-12 16:17:55.332181 | > WORKER_WAIT (0.000s wait)
2020-02-12 16:17:55.332674 | waiting 0.75s
2020-02-12 16:17:56.084610 | > WORKER_WAIT (0.000s wait)
2020-02-12 16:17:56.085108 | waiting 0.75s
2020-02-12 16:17:56.837099 | > WORKER_WAIT (0.000s wait)
2020-02-12 16:17:56.837619 | waiting 0.75s
2020-02-12 16:17:57.589581 | > WORKER_WAIT (0.000s wait)
2020-02-12 16:17:57.590101 | waiting 0.75s
2020-02-12 16:17:58.342065 | > WORKER_WAIT (0.000s wait)
2020-02-12 16:17:58.342571 | waiting 0.75s
2020-02-12 16:17:59.094527 | > WORKER_WAIT (0.001s wait)
2020-02-12 16:17:59.095031 | waiting 0.75s
2020-02-12 16:17:59.847019 | > WORKER_WAIT (0.000s wait)
2020-02-12 16:17:59.847535 | waiting 0.75s
2020-02-12 16:18:00.599504 | > WORKER_WAIT (0.000s wait)
2020-02-12 16:18:00.599988 | waiting 0.75s
2020-02-12 16:18:01.352034 | > WORKER_WAIT (0.000s wait)
2020-02-12 16:18:01.352553 | waiting 0.75s
2020-02-12 16:18:02.104605 | > WORKER_WAIT (0.000s wait)
2020-02-12 16:18:02.105109 | waiting 0.75s
2020-02-12 16:18:02.857195 | > WORKER_WAIT (0.000s wait)
2020-02-12 16:18:02.857702 | waiting 0.75s
2020-02-12 16:18:03.609739 | > WORKER_WAIT (0.000s wait)
2020-02-12 16:18:03.610260 | waiting 0.75s
2020-02-12 16:18:04.362422 | > WORKER_WAIT (0.000s wait)
2020-02-12 16:18:04.362919 | waiting 0.75s
2020-02-12 16:18:05.115006 | > WORKER_WAIT (0.000s wait)
2020-02-12 16:18:05.115536 | waiting 0.75s
2020-02-12 16:18:05.867558 | > WORKER_WAIT (0.001s wait)
2020-02-12 16:18:05.868063 | waiting 0.75s
2020-02-12 16:18:06.620022 | > WORKER_WAIT (0.000s wait)
2020-02-12 16:18:06.620520 | waiting 0.75s
2020-02-12 16:18:07.372627 | > WORKER_WAIT (0.000s wait)
2020-02-12 16:18:07.373146 | waiting 0.75s
2020-02-12 16:18:08.125232 | > WORKER_WAIT (0.000s wait)
2020-02-12 16:18:08.125763 | waiting 0.75s
2020-02-12 16:18:08.877768 | > WORKER_WAIT (0.000s wait)
2020-02-12 16:18:08.878272 | waiting 0.75s
2020-02-12 16:18:09.630231 | > WORKER_WAIT (0.000s wait)
2020-02-12 16:18:09.630731 | waiting 0.75s
2020-02-12 16:18:10.382796 | > WORKER_WAIT (0.000s wait)
2020-02-12 16:18:10.383306 | waiting 0.75s
2020-02-12 16:18:11.135434 | > WORKER_WAIT (0.000s wait)
2020-02-12 16:18:11.135936 | waiting 0.75s
2020-02-12 16:18:11.888034 | > WORKER_WAIT (0.000s wait)
2020-02-12 16:18:11.888540 | waiting 0.75s
2020-02-12 16:18:12.640547 | > WORKER_WAIT (0.001s wait)
2020-02-12 16:18:12.641045 | waiting 0.75s
2020-02-12 16:18:13.393030 | > WORKER_WAIT (0.000s wait)
2020-02-12 16:18:13.393562 | waiting 0.75s
2020-02-12 16:18:14.145613 | > WORKER_WAIT (0.000s wait)
2020-02-12 16:18:14.146117 | waiting 0.75s
2020-02-12 16:18:14.898225 | > WORKER_WAIT (0.000s wait)
2020-02-12 16:18:14.898719 | waiting 0.75s
2020-02-12 16:18:15.650755 | > WORKER_WAIT (0.000s wait)
2020-02-12 16:18:15.651270 | waiting 0.75s
2020-02-12 16:18:16.403273 | > WORKER_WAIT (0.000s wait)
2020-02-12 16:18:16.403771 | waiting 0.75s
2020-02-12 16:18:17.155887 | > WORKER_WAIT (0.000s wait)
2020-02-12 16:18:17.156398 | waiting 0.75s
2020-02-12 16:18:17.908478 | > WORKER_WAIT (0.000s wait)
2020-02-12 16:18:17.908973 | waiting 0.75s
2020-02-12 16:18:18.661054 | > WORKER_WAIT (0.000s wait)
2020-02-12 16:18:18.661572 | waiting 0.75s
2020-02-12 16:18:19.413480 | > WORKER_WAIT (0.000s wait)
2020-02-12 16:18:19.413976 | waiting 0.75s
2020-02-12 16:18:20.166643 | > WORKER_WAIT (0.000s wait)
2020-02-12 16:18:20.167160 | waiting 0.75s
2020-02-12 16:18:20.919369 | > WORKER_WAIT (0.000s wait)
2020-02-12 16:18:20.919870 | waiting 0.75s
2020-02-12 16:18:21.671872 | > WORKER_WAIT (0.000s wait)
2020-02-12 16:18:21.672384 | waiting 0.75s
2020-02-12 16:18:22.424348 | > WORKER_WAIT (0.000s wait)
2020-02-12 16:18:22.424837 | waiting 0.75s
2020-02-12 16:18:23.176848 | > WORKER_WAIT (0.000s wait)
2020-02-12 16:18:23.177356 | waiting 0.75s
2020-02-12 16:18:23.929464 | > WORKER_WAIT (0.000s wait)
2020-02-12 16:18:23.929977 | waiting 0.75s
2020-02-12 16:18:25.462694 | > WORKER_WAIT (0.000s wait)
2020-02-12 16:18:25.463190 | waiting 0.75s
2020-02-12 16:18:26.351467 | > WORKER_WAIT (0.000s wait)
2020-02-12 16:18:26.351971 | waiting 0.75s
2020-02-12 16:18:27.106524 | > WORKER_WAIT (0.001s wait)
2020-02-12 16:18:27.107014 | waiting 0.75s
2020-02-12 16:18:27.861018 | > WORKER_WAIT (0.000s wait)
2020-02-12 16:18:27.861525 | waiting 0.75s
2020-02-12 16:18:28.614397 | > WORKER_WAIT (0.000s wait)
2020-02-12 16:18:28.614902 | waiting 0.75s
2020-02-12 16:18:29.367258 | > WORKER_WAIT (0.000s wait)
2020-02-12 16:18:29.367779 | waiting 0.75s
2020-02-12 16:18:30.120127 | > WORKER_WAIT (0.000s wait)
2020-02-12 16:18:30.120626 | waiting 0.75s
2020-02-12 16:18:30.872599 | > WORKER_WAIT (0.000s wait)
2020-02-12 16:18:30.875023 | waiting 0.75s
2020-02-12 16:18:31.627089 | > WORKER_WAIT (0.000s wait)
2020-02-12 16:18:31.627597 | waiting 0.75s
2020-02-12 16:18:32.379641 | > WORKER_WAIT (0.000s wait)
2020-02-12 16:18:32.380155 | waiting 0.75s
2020-02-12 16:18:33.132200 | > WORKER_WAIT (0.000s wait)
2020-02-12 16:18:33.132694 | waiting 0.75s
2020-02-12 16:18:33.884633 | > WORKER_WAIT (0.000s wait)
2020-02-12 16:18:33.885152 | waiting 0.75s
2020-02-12 16:18:34.637181 | > WORKER_WAIT (0.000s wait)
2020-02-12 16:18:34.637699 | waiting 0.75s
2020-02-12 16:18:35.389761 | > WORKER_WAIT (0.000s wait)
2020-02-12 16:18:35.390280 | waiting 0.75s
2020-02-12 16:18:36.142296 | > WORKER_WAIT (0.000s wait)
2020-02-12 16:18:36.142802 | waiting 0.75s
2020-02-12 16:18:36.894872 | > WORKER_WAIT (0.000s wait)
2020-02-12 16:18:36.895390 | waiting 0.75s
2020-02-12 16:18:37.647443 | > WORKER_WAIT (0.000s wait)
2020-02-12 16:18:37.647937 | waiting 0.75s
2020-02-12 16:18:38.400022 | > WORKER_WAIT (0.000s wait)
2020-02-12 16:18:38.400512 | waiting 0.75s
2020-02-12 16:18:39.152548 | > WORKER_WAIT (0.001s wait)
2020-02-12 16:18:39.153062 | waiting 0.75s
2020-02-12 16:18:39.905111 | > WORKER_WAIT (0.000s wait)
2020-02-12 16:18:39.905647 | waiting 0.75s
2020-02-12 16:18:40.657698 | > WORKER_WAIT (0.000s wait)
2020-02-12 16:18:40.658205 | waiting 0.75s
2020-02-12 16:18:41.411222 | > WORKER_WAIT (0.000s wait)
2020-02-12 16:18:41.411732 | waiting 0.75s
2020-02-12 16:18:42.164271 | > WORKER_WAIT (0.000s wait)
2020-02-12 16:18:42.164746 | waiting 0.75s
2020-02-12 16:18:42.917217 | > WORKER_WAIT (0.000s wait)
2020-02-12 16:18:42.917730 | waiting 0.75s
2020-02-12 16:18:43.669863 | > WORKER_WAIT (0.000s wait)
2020-02-12 16:18:43.670367 | waiting 0.75s
2020-02-12 16:18:44.422801 | > WORKER_WAIT (0.000s wait)
2020-02-12 16:18:44.423302 | waiting 0.75s
2020-02-12 16:18:45.175824 | > WORKER_WAIT (0.000s wait)
2020-02-12 16:18:45.176357 | waiting 0.75s
2020-02-12 16:18:45.928802 | > WORKER_WAIT (0.000s wait)
2020-02-12 16:18:45.929322 | waiting 0.75s
2020-02-12 16:18:46.681495 | > WORKER_WAIT (0.000s wait)
2020-02-12 16:18:46.681983 | waiting 0.75s
2020-02-12 16:18:47.434217 | > WORKER_WAIT (0.000s wait)
2020-02-12 16:18:47.434706 | waiting 0.75s
2020-02-12 16:18:48.186854 | > WORKER_WAIT (0.000s wait)
2020-02-12 16:18:48.187368 | waiting 0.75s
2020-02-12 16:18:48.939318 | > WORKER_WAIT (0.000s wait)
2020-02-12 16:18:48.939818 | waiting 0.75s
2020-02-12 16:18:49.691946 | > WORKER_WAIT (0.000s wait)
2020-02-12 16:18:49.692435 | waiting 0.75s
2020-02-12 16:18:50.444623 | > WORKER_WAIT (0.000s wait)
2020-02-12 16:18:50.445115 | waiting 0.75s
2020-02-12 16:18:51.197309 | > WORKER_WAIT (0.000s wait)
2020-02-12 16:18:51.197820 | waiting 0.75s
2020-02-12 16:18:51.950036 | > WORKER_WAIT (0.000s wait)
2020-02-12 16:18:51.950567 | waiting 0.75s
2020-02-12 16:18:52.702737 | > WORKER_WAIT (0.000s wait)
2020-02-12 16:18:52.703254 | waiting 0.75s
2020-02-12 16:18:53.455406 | > WORKER_WAIT (0.000s wait)
2020-02-12 16:18:53.455910 | waiting 0.75s
2020-02-12 16:18:54.208114 | > WORKER_WAIT (0.000s wait)
2020-02-12 16:18:54.208603 | waiting 0.75s
2020-02-12 16:18:54.960849 | > WORKER_WAIT (0.000s wait)
2020-02-12 16:18:54.961372 | waiting 0.75s
2020-02-12 16:18:55.713522 | > WORKER_WAIT (0.001s wait)
2020-02-12 16:18:55.714039 | waiting 0.75s
2020-02-12 16:18:56.466238 | > WORKER_WAIT (0.000s wait)
2020-02-12 16:18:56.466731 | waiting 0.75s
2020-02-12 16:18:57.218965 | > WORKER_WAIT (0.000s wait)
2020-02-12 16:18:57.219487 | waiting 0.75s
2020-02-12 16:18:57.971657 | > WORKER_WAIT (0.000s wait)
2020-02-12 16:18:57.972168 | waiting 0.75s
2020-02-12 16:18:58.724324 | > WORKER_WAIT (0.000s wait)
2020-02-12 16:18:58.724827 | waiting 0.75s
2020-02-12 16:18:59.477028 | > WORKER_WAIT (0.000s wait)
2020-02-12 16:18:59.477548 | waiting 0.75s
2020-02-12 16:19:00.229678 | > WORKER_WAIT (0.000s wait)
2020-02-12 16:19:00.230197 | waiting 0.75s
2020-02-12 16:19:00.982137 | > WORKER_WAIT (0.000s wait)
2020-02-12 16:19:00.982647 | waiting 0.75s
2020-02-12 16:19:01.734606 | > WORKER_WAIT (0.000s wait)
2020-02-12 16:19:01.735094 | waiting 0.75s
2020-02-12 16:19:02.487064 | > WORKER_WAIT (0.000s wait)
2020-02-12 16:19:02.487573 | waiting 0.75s
2020-02-12 16:19:03.239538 | > WORKER_WAIT (0.001s wait)
2020-02-12 16:19:03.240038 | waiting 0.75s
2020-02-12 16:19:03.992024 | > WORKER_WAIT (0.000s wait)
2020-02-12 16:19:03.992537 | waiting 0.75s
2020-02-12 16:19:04.744481 | > WORKER_WAIT (0.000s wait)
2020-02-12 16:19:04.744971 | waiting 0.75s
2020-02-12 16:19:05.496960 | > WORKER_WAIT (0.000s wait)
2020-02-12 16:19:05.497468 | waiting 0.75s
2020-02-12 16:19:06.249413 | > WORKER_WAIT (0.000s wait)
2020-02-12 16:19:06.249919 | waiting 0.75s
2020-02-12 16:19:07.001901 | > WORKER_WAIT (0.000s wait)
2020-02-12 16:19:07.002409 | waiting 0.75s
2020-02-12 16:19:07.754361 | > WORKER_WAIT (0.000s wait)
2020-02-12 16:19:07.754860 | waiting 0.75s
2020-02-12 16:19:08.506856 | > WORKER_WAIT (0.000s wait)
2020-02-12 16:19:08.507363 | waiting 0.75s
2020-02-12 16:19:09.259333 | > WORKER_WAIT (0.000s wait)
2020-02-12 16:19:09.259835 | waiting 0.75s
2020-02-12 16:19:10.011820 | > WORKER_WAIT (0.000s wait)
2020-02-12 16:19:10.012336 | waiting 0.75s
2020-02-12 16:19:10.764295 | > WORKER_WAIT (0.000s wait)
2020-02-12 16:19:10.764801 | waiting 0.75s
2020-02-12 16:19:11.516858 | > WORKER_WAIT (0.000s wait)
2020-02-12 16:19:11.517391 | waiting 0.75s
2020-02-12 16:19:12.269430 | > WORKER_WAIT (0.000s wait)
2020-02-12 16:19:12.269921 | waiting 0.75s
2020-02-12 16:19:13.021974 | > WORKER_WAIT (0.000s wait)
2020-02-12 16:19:13.022491 | waiting 0.75s
2020-02-12 16:19:13.774510 | > WORKER_WAIT (0.000s wait)
2020-02-12 16:19:13.774980 | waiting 0.75s
2020-02-12 16:19:14.527033 | > WORKER_WAIT (0.000s wait)
2020-02-12 16:19:14.527546 | waiting 0.75s
2020-02-12 16:19:15.589147 | > WORKER_WAIT (0.000s wait)
2020-02-12 16:19:15.589648 | waiting 0.75s
2020-02-12 16:19:16.344789 | > WORKER_WAIT (0.000s wait)
2020-02-12 16:19:16.345314 | waiting 0.75s
2020-02-12 16:19:17.099240 | > WORKER_WAIT (0.000s wait)
2020-02-12 16:19:17.099760 | waiting 0.75s
2020-02-12 16:19:17.853482 | > WORKER_WAIT (0.000s wait)
2020-02-12 16:19:17.853998 | waiting 0.75s
2020-02-12 16:19:18.607200 | > WORKER_WAIT (0.000s wait)
2020-02-12 16:19:18.607695 | waiting 0.75s
2020-02-12 16:19:19.360028 | > WORKER_WAIT (0.000s wait)
2020-02-12 16:19:19.360539 | waiting 0.75s
2020-02-12 16:19:20.112906 | > WORKER_WAIT (0.000s wait)
2020-02-12 16:19:20.113413 | waiting 0.75s
2020-02-12 16:19:20.865785 | > WORKER_WAIT (0.000s wait)
2020-02-12 16:19:20.866301 | waiting 0.75s
2020-02-12 16:19:21.618614 | > WORKER_WAIT (0.000s wait)
2020-02-12 16:19:21.619109 | waiting 0.75s
2020-02-12 16:19:22.371106 | > WORKER_WAIT (0.000s wait)
2020-02-12 16:19:22.371613 | waiting 0.75s
2020-02-12 16:19:23.124246 | > WORKER_WAIT (0.000s wait)
2020-02-12 16:19:23.124729 | waiting 0.75s
2020-02-12 16:19:23.876976 | > WORKER_WAIT (0.000s wait)
2020-02-12 16:19:23.877488 | waiting 0.75s
2020-02-12 16:19:24.630274 | > WORKER_WAIT (0.000s wait)
2020-02-12 16:19:24.630773 | waiting 0.75s
2020-02-12 16:19:25.383630 | > WORKER_WAIT (0.000s wait)
2020-02-12 16:19:25.384131 | waiting 0.75s
2020-02-12 16:19:26.136881 | > WORKER_WAIT (0.000s wait)
2020-02-12 16:19:26.137372 | waiting 0.75s
2020-02-12 16:19:26.890093 | > WORKER_WAIT (0.000s wait)
2020-02-12 16:19:26.890604 | waiting 0.75s
2020-02-12 16:19:27.643043 | > WORKER_WAIT (0.000s wait)
2020-02-12 16:19:27.643579 | waiting 0.75s
2020-02-12 16:19:28.396326 | > WORKER_WAIT (0.000s wait)
2020-02-12 16:19:28.396825 | waiting 0.75s
2020-02-12 16:19:29.149220 | > WORKER_WAIT (0.000s wait)
2020-02-12 16:19:29.149728 | waiting 0.75s
2020-02-12 16:19:29.901984 | > WORKER_WAIT (0.000s wait)
2020-02-12 16:19:29.902495 | waiting 0.75s
2020-02-12 16:19:30.655116 | > WORKER_WAIT (0.000s wait)
2020-02-12 16:19:30.655628 | waiting 0.75s
2020-02-12 16:19:31.408675 | > WORKER_WAIT (0.000s wait)
2020-02-12 16:19:31.411220 | waiting 0.75s
2020-02-12 16:19:32.163239 | > WORKER_WAIT (0.000s wait)
2020-02-12 16:19:32.163740 | waiting 0.75s
2020-02-12 16:19:32.915900 | > WORKER_WAIT (0.000s wait)
2020-02-12 16:19:32.916433 | waiting 0.75s
2020-02-12 16:19:33.668898 | > WORKER_WAIT (0.000s wait)
2020-02-12 16:19:33.669420 | waiting 0.75s
2020-02-12 16:19:34.422469 | > WORKER_WAIT (0.000s wait)
2020-02-12 16:19:34.422964 | waiting 0.75s
2020-02-12 16:19:35.175112 | > WORKER_WAIT (0.000s wait)
2020-02-12 16:19:35.175639 | waiting 0.75s
2020-02-12 16:19:35.928617 | > WORKER_WAIT (0.000s wait)
2020-02-12 16:19:35.929116 | waiting 0.75s
2020-02-12 16:19:36.681923 | > WORKER_WAIT (0.000s wait)
2020-02-12 16:19:36.682446 | waiting 0.75s
2020-02-12 16:19:37.434801 | > WORKER_WAIT (0.000s wait)
2020-02-12 16:19:37.435311 | waiting 0.75s
2020-02-12 16:19:38.188080 | > WORKER_WAIT (0.000s wait)
2020-02-12 16:19:38.188624 | waiting 0.75s
2020-02-12 16:19:38.941597 | > WORKER_WAIT (0.000s wait)
2020-02-12 16:19:38.942089 | waiting 0.75s
2020-02-12 16:19:39.694722 | > WORKER_WAIT (0.000s wait)
2020-02-12 16:19:39.695223 | waiting 0.75s
2020-02-12 16:19:40.447273 | > WORKER_WAIT (0.000s wait)
2020-02-12 16:19:40.447780 | waiting 0.75s
2020-02-12 16:19:41.199904 | > WORKER_WAIT (0.000s wait)
2020-02-12 16:19:41.200445 | waiting 0.75s
2020-02-12 16:19:41.952516 | > WORKER_WAIT (0.001s wait)
2020-02-12 16:19:41.953016 | waiting 0.75s
2020-02-12 16:19:42.705092 | > WORKER_WAIT (0.000s wait)
2020-02-12 16:19:42.705592 | waiting 0.75s
2020-02-12 16:19:43.457527 | > WORKER_WAIT (0.001s wait)
2020-02-12 16:19:43.458038 | waiting 0.75s
2020-02-12 16:19:44.210080 | > WORKER_WAIT (0.000s wait)
2020-02-12 16:19:44.210576 | waiting 0.75s
2020-02-12 16:19:44.962782 | > WORKER_WAIT (0.000s wait)
2020-02-12 16:19:44.963299 | waiting 0.75s
2020-02-12 16:19:45.715448 | > WORKER_WAIT (0.000s wait)
2020-02-12 16:19:45.715927 | waiting 0.75s
2020-02-12 16:19:46.468255 | > WORKER_WAIT (0.000s wait)
2020-02-12 16:19:46.468761 | waiting 0.75s
2020-02-12 16:19:47.221024 | > WORKER_WAIT (0.000s wait)
2020-02-12 16:19:47.221536 | waiting 0.75s
2020-02-12 16:19:47.973739 | > WORKER_WAIT (0.000s wait)
2020-02-12 16:19:47.974249 | waiting 0.75s
2020-02-12 16:19:48.726913 | > WORKER_WAIT (0.000s wait)
2020-02-12 16:19:48.727440 | waiting 0.75s
2020-02-12 16:19:49.479405 | > WORKER_WAIT (0.000s wait)
2020-02-12 16:19:49.479905 | waiting 0.75s
2020-02-12 16:19:50.232259 | > WORKER_WAIT (0.000s wait)
2020-02-12 16:19:50.232757 | waiting 0.75s
2020-02-12 16:19:50.985083 | > WORKER_WAIT (0.000s wait)
2020-02-12 16:19:50.985576 | waiting 0.75s
2020-02-12 16:19:51.737983 | > WORKER_WAIT (0.000s wait)
2020-02-12 16:19:51.738501 | waiting 0.75s
2020-02-12 16:19:52.490804 | > WORKER_WAIT (0.000s wait)
2020-02-12 16:19:52.491312 | waiting 0.75s
2020-02-12 16:19:53.243549 | > WORKER_WAIT (0.001s wait)
2020-02-12 16:19:53.244055 | waiting 0.75s
2020-02-12 16:19:53.996423 | > WORKER_WAIT (0.000s wait)
2020-02-12 16:19:53.996920 | waiting 0.75s
2020-02-12 16:19:54.749299 | > WORKER_WAIT (0.000s wait)
2020-02-12 16:19:54.749795 | waiting 0.75s
2020-02-12 16:19:55.502086 | > WORKER_WAIT (0.000s wait)
2020-02-12 16:19:55.502607 | waiting 0.75s
2020-02-12 16:19:56.254842 | > WORKER_WAIT (0.000s wait)
2020-02-12 16:19:56.255329 | waiting 0.75s
2020-02-12 16:19:57.007666 | > WORKER_WAIT (0.000s wait)
2020-02-12 16:19:57.008181 | waiting 0.75s
2020-02-12 16:19:57.760489 | > WORKER_WAIT (0.000s wait)
2020-02-12 16:19:57.760985 | waiting 0.75s
2020-02-12 16:19:58.513302 | > WORKER_WAIT (0.000s wait)
2020-02-12 16:19:58.513802 | waiting 0.75s
2020-02-12 16:19:59.266106 | > WORKER_WAIT (0.000s wait)
2020-02-12 16:19:59.266635 | waiting 0.75s
2020-02-12 16:20:00.018887 | > WORKER_WAIT (0.000s wait)
2020-02-12 16:20:00.019388 | waiting 0.75s
2020-02-12 16:20:00.771578 | > WORKER_WAIT (0.001s wait)
2020-02-12 16:20:00.772077 | waiting 0.75s
2020-02-12 16:20:01.524367 | > WORKER_WAIT (0.000s wait)
2020-02-12 16:20:01.524867 | waiting 0.75s
2020-02-12 16:20:02.276939 | > WORKER_WAIT (0.000s wait)
2020-02-12 16:20:02.277441 | waiting 0.75s
2020-02-12 16:20:03.029397 | > WORKER_WAIT (0.000s wait)
2020-02-12 16:20:03.029871 | waiting 0.75s
2020-02-12 16:20:03.781856 | > WORKER_WAIT (0.000s wait)
2020-02-12 16:20:03.782368 | waiting 0.75s
2020-02-12 16:20:04.534374 | > WORKER_WAIT (0.000s wait)
2020-02-12 16:20:04.534886 | waiting 0.75s
2020-02-12 16:20:05.286930 | > WORKER_WAIT (0.000s wait)
2020-02-12 16:20:05.287446 | waiting 0.75s
2020-02-12 16:20:06.040031 | > WORKER_WAIT (0.000s wait)
2020-02-12 16:20:06.040541 | waiting 0.75s
2020-02-12 16:20:06.793557 | > WORKER_WAIT (0.001s wait)
2020-02-12 16:20:06.794056 | waiting 0.75s
2020-02-12 16:20:07.546353 | > WORKER_WAIT (0.000s wait)
2020-02-12 16:20:07.546848 | waiting 0.75s
2020-02-12 16:20:08.299170 | > WORKER_WAIT (0.000s wait)
2020-02-12 16:20:08.299674 | waiting 0.75s
2020-02-12 16:20:09.051653 | > WORKER_WAIT (0.000s wait)
2020-02-12 16:20:09.052170 | waiting 0.75s
2020-02-12 16:20:09.804250 | > WORKER_WAIT (0.000s wait)
2020-02-12 16:20:09.804770 | waiting 0.75s
2020-02-12 16:20:10.556807 | > WORKER_WAIT (0.000s wait)
2020-02-12 16:20:10.557300 | waiting 0.75s
2020-02-12 16:20:11.309325 | > WORKER_WAIT (0.000s wait)
2020-02-12 16:20:11.309828 | waiting 0.75s
2020-02-12 16:20:12.061812 | > WORKER_WAIT (0.000s wait)
2020-02-12 16:20:12.062319 | waiting 0.75s
2020-02-12 16:20:12.814424 | > WORKER_WAIT (0.000s wait)
2020-02-12 16:20:12.814904 | waiting 0.75s
2020-02-12 16:20:13.567150 | > WORKER_WAIT (0.000s wait)
2020-02-12 16:20:13.567621 | waiting 0.75s
2020-02-12 16:20:14.319825 | > WORKER_WAIT (0.000s wait)
2020-02-12 16:20:14.320314 | waiting 0.75s
2020-02-12 16:20:15.072567 | > WORKER_WAIT (0.001s wait)
2020-02-12 16:20:15.073051 | waiting 0.75s
2020-02-12 16:20:15.825326 | > WORKER_WAIT (0.000s wait)
2020-02-12 16:20:15.825823 | waiting 0.75s
2020-02-12 16:20:16.578019 | > WORKER_WAIT (0.000s wait)
2020-02-12 16:20:16.578503 | waiting 0.75s
2020-02-12 16:20:17.330676 | > WORKER_WAIT (0.000s wait)
2020-02-12 16:20:17.331166 | waiting 0.75s
2020-02-12 16:20:18.083307 | > WORKER_WAIT (0.000s wait)
2020-02-12 16:20:18.083776 | waiting 0.75s
2020-02-12 16:20:18.836338 | > WORKER_WAIT (0.000s wait)
2020-02-12 16:20:18.836803 | waiting 0.75s
2020-02-12 16:20:19.588784 | > WORKER_WAIT (0.000s wait)
2020-02-12 16:20:19.589271 | waiting 0.75s
2020-02-12 16:20:20.341498 | > WORKER_WAIT (0.000s wait)
2020-02-12 16:20:20.341976 | waiting 0.75s
2020-02-12 16:20:21.094237 | > WORKER_WAIT (0.000s wait)
2020-02-12 16:20:21.094717 | waiting 0.75s
2020-02-12 16:20:21.846982 | > WORKER_WAIT (0.000s wait)
2020-02-12 16:20:21.847463 | waiting 0.75s
2020-02-12 16:20:22.600045 | > WORKER_WAIT (0.000s wait)
2020-02-12 16:20:22.600539 | waiting 0.75s
2020-02-12 16:20:23.352766 | > WORKER_WAIT (0.000s wait)
2020-02-12 16:20:23.353246 | waiting 0.75s
2020-02-12 16:20:24.105448 | > WORKER_WAIT (0.000s wait)
2020-02-12 16:20:24.105924 | waiting 0.75s
2020-02-12 16:20:24.857921 | > WORKER_WAIT (0.000s wait)
2020-02-12 16:20:24.858430 | waiting 0.75s
2020-02-12 16:20:25.610522 | > WORKER_WAIT (0.001s wait)
2020-02-12 16:20:25.611035 | waiting 0.75s
2020-02-12 16:20:26.363200 | > WORKER_WAIT (0.000s wait)
2020-02-12 16:20:26.363700 | waiting 0.75s
2020-02-12 16:20:27.115845 | > WORKER_WAIT (0.000s wait)
2020-02-12 16:20:27.116362 | waiting 0.75s
2020-02-12 16:20:27.868600 | > WORKER_WAIT (0.000s wait)
2020-02-12 16:20:27.869092 | waiting 0.75s
2020-02-12 16:20:28.621284 | > WORKER_WAIT (0.000s wait)
2020-02-12 16:20:28.621790 | waiting 0.75s
2020-02-12 16:20:29.373840 | > WORKER_WAIT (0.000s wait)
2020-02-12 16:20:29.374348 | waiting 0.75s
2020-02-12 16:20:30.126446 | > WORKER_WAIT (0.000s wait)
2020-02-12 16:20:30.126935 | waiting 0.75s
2020-02-12 16:20:30.879034 | > WORKER_WAIT (0.000s wait)
2020-02-12 16:20:30.879558 | waiting 0.75s
2020-02-12 16:20:31.631686 | > WORKER_WAIT (0.000s wait)
2020-02-12 16:20:31.634673 | waiting 0.75s
2020-02-12 16:20:32.386725 | > WORKER_WAIT (0.000s wait)
2020-02-12 16:20:32.387245 | waiting 0.75s
2020-02-12 16:20:33.139283 | > WORKER_WAIT (0.000s wait)
2020-02-12 16:20:33.139804 | waiting 0.75s
2020-02-12 16:20:33.891889 | > WORKER_WAIT (0.000s wait)
2020-02-12 16:20:33.892394 | waiting 0.75s
2020-02-12 16:20:34.644451 | > WORKER_WAIT (0.000s wait)
2020-02-12 16:20:34.644939 | waiting 0.75s
2020-02-12 16:20:35.396991 | > WORKER_WAIT (0.000s wait)
2020-02-12 16:20:35.397480 | waiting 0.75s
2020-02-12 16:20:36.149525 | > WORKER_WAIT (0.001s wait)
2020-02-12 16:20:36.152430 | waiting 0.75s
2020-02-12 16:20:36.904504 | > WORKER_WAIT (0.000s wait)
2020-02-12 16:20:36.905003 | waiting 0.75s
2020-02-12 16:20:37.657084 | > WORKER_WAIT (0.000s wait)
2020-02-12 16:20:37.657589 | waiting 0.75s
2020-02-12 16:20:38.409641 | > WORKER_WAIT (0.000s wait)
2020-02-12 16:20:38.410166 | waiting 0.75s
2020-02-12 16:20:39.162265 | > WORKER_WAIT (0.000s wait)
2020-02-12 16:20:39.162778 | waiting 0.75s
2020-02-12 16:20:39.915187 | > WORKER_WAIT (0.000s wait)
2020-02-12 16:20:39.915688 | waiting 0.75s
2020-02-12 16:20:40.667890 | > WORKER_WAIT (0.000s wait)
2020-02-12 16:20:40.668403 | waiting 0.75s
2020-02-12 16:20:41.420354 | > WORKER_WAIT (0.000s wait)
2020-02-12 16:20:41.420869 | waiting 0.75s
2020-02-12 16:20:42.172892 | > WORKER_WAIT (0.000s wait)
2020-02-12 16:20:42.173400 | waiting 0.75s
2020-02-12 16:20:42.925420 | > WORKER_WAIT (0.000s wait)
2020-02-12 16:20:42.925958 | waiting 0.75s
2020-02-12 16:20:43.678009 | > WORKER_WAIT (0.000s wait)
2020-02-12 16:20:43.678504 | waiting 0.75s
2020-02-12 16:20:44.430531 | > WORKER_WAIT (0.001s wait)
2020-02-12 16:20:44.431037 | waiting 0.75s
2020-02-12 16:20:45.183095 | > WORKER_WAIT (0.000s wait)
2020-02-12 16:20:45.183616 | waiting 0.75s
2020-02-12 16:20:45.935666 | > WORKER_WAIT (0.000s wait)
2020-02-12 16:20:45.936177 | waiting 0.75s
2020-02-12 16:20:46.688234 | > WORKER_WAIT (0.000s wait)
2020-02-12 16:20:46.688760 | waiting 0.75s
2020-02-12 16:20:47.440813 | > WORKER_WAIT (0.000s wait)
2020-02-12 16:20:47.441325 | waiting 0.75s
2020-02-12 16:20:48.193373 | > WORKER_WAIT (0.000s wait)
2020-02-12 16:20:48.193845 | waiting 0.75s
2020-02-12 16:20:48.945899 | > WORKER_WAIT (0.000s wait)
2020-02-12 16:20:48.946403 | waiting 0.75s
2020-02-12 16:20:49.698376 | > WORKER_WAIT (0.000s wait)
2020-02-12 16:20:49.698874 | waiting 0.75s
2020-02-12 16:20:50.450846 | > WORKER_WAIT (0.000s wait)
2020-02-12 16:20:50.451326 | waiting 0.75s
2020-02-12 16:20:51.203304 | > WORKER_WAIT (0.000s wait)
2020-02-12 16:20:51.203824 | waiting 0.75s
2020-02-12 16:20:51.955832 | > WORKER_WAIT (0.000s wait)
2020-02-12 16:20:51.956358 | waiting 0.75s
2020-02-12 16:20:52.708413 | > WORKER_WAIT (0.000s wait)
2020-02-12 16:20:52.708924 | waiting 0.75s
2020-02-12 16:20:53.460908 | > WORKER_WAIT (0.000s wait)
2020-02-12 16:20:53.461416 | waiting 0.75s
2020-02-12 16:20:54.213409 | > WORKER_WAIT (0.000s wait)
2020-02-12 16:20:54.213881 | waiting 0.75s
2020-02-12 16:20:54.966337 | > WORKER_WAIT (0.000s wait)
2020-02-12 16:20:54.966837 | waiting 0.75s
2020-02-12 16:20:55.719224 | > WORKER_WAIT (0.000s wait)
2020-02-12 16:20:55.719734 | waiting 0.75s
2020-02-12 16:20:56.472084 | > WORKER_WAIT (0.000s wait)
2020-02-12 16:20:56.472593 | waiting 0.75s
2020-02-12 16:20:57.224638 | > WORKER_WAIT (0.000s wait)
2020-02-12 16:20:57.225177 | waiting 0.75s
2020-02-12 16:20:57.977253 | > WORKER_WAIT (0.000s wait)
2020-02-12 16:20:57.977751 | waiting 0.75s
2020-02-12 16:20:58.729838 | > WORKER_WAIT (0.000s wait)
2020-02-12 16:20:58.730360 | waiting 0.75s
2020-02-12 16:20:59.482442 | > WORKER_WAIT (0.000s wait)
2020-02-12 16:20:59.482942 | waiting 0.75s
2020-02-12 16:21:00.235064 | > WORKER_WAIT (0.000s wait)
2020-02-12 16:21:00.235578 | waiting 0.75s
2020-02-12 16:21:00.987641 | > WORKER_WAIT (0.000s wait)
2020-02-12 16:21:00.988151 | waiting 0.75s
2020-02-12 16:21:01.740108 | > WORKER_WAIT (0.000s wait)
2020-02-12 16:21:01.740633 | waiting 0.75s
2020-02-12 16:21:02.493666 | > WORKER_WAIT (0.000s wait)
2020-02-12 16:21:02.494164 | waiting 0.75s
2020-02-12 16:21:03.246157 | > WORKER_WAIT (0.000s wait)
2020-02-12 16:21:03.246634 | waiting 0.75s
2020-02-12 16:21:04.694697 | > WORKER_WAIT (0.000s wait)
2020-02-12 16:21:04.695202 | waiting 0.75s
2020-02-12 16:21:05.448070 | > WORKER_WAIT (0.000s wait)
2020-02-12 16:21:05.448580 | waiting 0.75s
2020-02-12 16:21:06.201207 | > WORKER_WAIT (0.000s wait)
2020-02-12 16:21:06.201711 | waiting 0.75s
2020-02-12 16:21:06.954285 | > WORKER_WAIT (0.000s wait)
2020-02-12 16:21:06.954795 | waiting 0.75s
2020-02-12 16:21:07.707065 | > WORKER_WAIT (0.000s wait)
2020-02-12 16:21:07.707588 | waiting 0.75s
2020-02-12 16:21:08.460134 | > WORKER_WAIT (0.000s wait)
2020-02-12 16:21:08.460638 | waiting 0.75s
2020-02-12 16:21:09.212902 | > WORKER_WAIT (0.000s wait)
2020-02-12 16:21:09.213426 | waiting 0.75s
2020-02-12 16:21:09.965647 | > WORKER_WAIT (0.000s wait)
2020-02-12 16:21:09.966146 | waiting 0.75s
2020-02-12 16:21:10.718485 | > WORKER_WAIT (0.000s wait)
2020-02-12 16:21:10.718986 | waiting 0.75s
2020-02-12 16:21:11.471266 | > WORKER_WAIT (0.000s wait)
2020-02-12 16:21:11.471767 | waiting 0.75s
2020-02-12 16:21:12.223744 | > WORKER_WAIT (0.000s wait)
2020-02-12 16:21:12.224242 | waiting 0.75s
2020-02-12 16:21:12.976792 | > WORKER_WAIT (0.000s wait)
2020-02-12 16:21:12.977321 | waiting 0.75s
2020-02-12 16:21:13.729564 | > WORKER_WAIT (0.001s wait)
2020-02-12 16:21:13.730031 | waiting 0.75s
2020-02-12 16:21:14.482379 | > WORKER_WAIT (0.000s wait)
2020-02-12 16:21:14.482911 | waiting 0.75s
2020-02-12 16:21:15.235223 | > WORKER_WAIT (0.000s wait)
2020-02-12 16:21:15.235728 | waiting 0.75s
2020-02-12 16:21:15.988046 | > WORKER_WAIT (0.000s wait)
2020-02-12 16:21:15.988540 | waiting 0.75s
2020-02-12 16:21:16.740856 | > WORKER_WAIT (0.000s wait)
2020-02-12 16:21:16.741361 | waiting 0.75s
2020-02-12 16:21:17.493667 | > WORKER_WAIT (0.000s wait)
2020-02-12 16:21:17.494182 | waiting 0.75s
2020-02-12 16:21:18.246188 | > WORKER_WAIT (0.000s wait)
2020-02-12 16:21:18.246683 | waiting 0.75s
2020-02-12 16:21:18.999313 | > WORKER_WAIT (0.000s wait)
2020-02-12 16:21:18.999808 | waiting 0.75s
2020-02-12 16:21:19.752411 | > WORKER_WAIT (0.000s wait)
2020-02-12 16:21:19.752921 | waiting 0.75s
2020-02-12 16:21:20.505455 | > WORKER_WAIT (0.000s wait)
2020-02-12 16:21:20.505961 | waiting 0.75s
2020-02-12 16:21:21.257921 | > WORKER_WAIT (0.000s wait)
2020-02-12 16:21:21.258424 | waiting 0.75s
2020-02-12 16:21:22.010551 | > WORKER_WAIT (0.001s wait)
2020-02-12 16:21:22.011048 | waiting 0.75s
2020-02-12 16:21:22.763342 | > WORKER_WAIT (0.000s wait)
2020-02-12 16:21:22.763818 | waiting 0.75s
2020-02-12 16:21:23.516194 | > WORKER_WAIT (0.000s wait)
2020-02-12 16:21:23.516705 | waiting 0.75s
2020-02-12 16:21:24.269004 | > WORKER_WAIT (0.000s wait)
2020-02-12 16:21:24.269524 | waiting 0.75s
2020-02-12 16:21:25.021810 | > WORKER_WAIT (0.000s wait)
2020-02-12 16:21:25.022329 | waiting 0.75s
2020-02-12 16:21:25.774669 | > WORKER_WAIT (0.000s wait)
2020-02-12 16:21:25.775196 | waiting 0.75s
2020-02-12 16:21:26.527491 | > WORKER_WAIT (0.000s wait)
2020-02-12 16:21:26.527986 | waiting 0.75s
2020-02-12 16:21:27.280256 | > WORKER_WAIT (0.000s wait)
2020-02-12 16:21:27.280755 | waiting 0.75s
2020-02-12 16:21:28.033175 | > WORKER_WAIT (0.000s wait)
2020-02-12 16:21:28.033675 | waiting 0.75s
2020-02-12 16:21:28.786098 | > WORKER_WAIT (0.000s wait)
2020-02-12 16:21:28.786623 | waiting 0.75s
2020-02-12 16:21:29.539159 | > WORKER_WAIT (0.000s wait)
2020-02-12 16:21:29.539659 | waiting 0.75s
2020-02-12 16:21:30.291965 | > WORKER_WAIT (0.000s wait)
2020-02-12 16:21:30.292491 | waiting 0.75s
2020-02-12 16:21:31.044736 | > WORKER_WAIT (0.000s wait)
2020-02-12 16:21:31.045238 | waiting 0.75s
2020-02-12 16:21:31.797631 | > WORKER_WAIT (0.000s wait)
2020-02-12 16:21:31.800198 | waiting 0.75s
2020-02-12 16:21:32.552255 | > WORKER_WAIT (0.000s wait)
2020-02-12 16:21:32.552765 | waiting 0.75s
2020-02-12 16:21:33.304822 | > WORKER_WAIT (0.000s wait)
2020-02-12 16:21:33.305335 | waiting 0.75s
2020-02-12 16:21:34.057293 | > WORKER_WAIT (0.000s wait)
2020-02-12 16:21:34.057837 | waiting 0.75s
2020-02-12 16:21:34.809983 | > WORKER_WAIT (0.000s wait)
2020-02-12 16:21:34.810493 | waiting 0.75s
2020-02-12 16:21:35.562803 | > WORKER_WAIT (0.000s wait)
2020-02-12 16:21:35.563316 | waiting 0.75s
2020-02-12 16:21:36.315575 | > WORKER_WAIT (0.001s wait)
2020-02-12 16:21:36.316052 | waiting 0.75s
2020-02-12 16:21:37.068438 | > WORKER_WAIT (0.000s wait)
2020-02-12 16:21:37.068948 | waiting 0.75s
2020-02-12 16:21:37.821294 | > WORKER_WAIT (0.000s wait)
2020-02-12 16:21:37.821786 | waiting 0.75s
2020-02-12 16:21:38.574099 | > WORKER_WAIT (0.000s wait)
2020-02-12 16:21:38.574610 | waiting 0.75s
2020-02-12 16:21:39.326941 | > WORKER_WAIT (0.000s wait)
2020-02-12 16:21:39.327468 | waiting 0.75s
2020-02-12 16:21:40.080093 | > WORKER_WAIT (0.000s wait)
2020-02-12 16:21:40.080610 | waiting 0.75s
2020-02-12 16:21:40.832932 | > WORKER_WAIT (0.000s wait)
2020-02-12 16:21:40.833445 | waiting 0.75s
2020-02-12 16:21:41.585777 | > WORKER_WAIT (0.000s wait)
2020-02-12 16:21:41.586265 | waiting 0.75s
2020-02-12 16:21:42.338625 | > WORKER_WAIT (0.000s wait)
2020-02-12 16:21:42.339103 | waiting 0.75s
2020-02-12 16:21:43.091471 | > WORKER_WAIT (0.000s wait)
2020-02-12 16:21:43.091975 | waiting 0.75s
2020-02-12 16:21:43.844334 | > WORKER_WAIT (0.000s wait)
2020-02-12 16:21:43.844833 | waiting 0.75s
2020-02-12 16:21:44.597167 | > WORKER_WAIT (0.000s wait)
2020-02-12 16:21:44.597681 | waiting 0.75s
2020-02-12 16:21:45.349675 | > WORKER_WAIT (0.000s wait)
2020-02-12 16:21:45.350214 | waiting 0.75s
2020-02-12 16:21:46.102755 | > WORKER_WAIT (0.000s wait)
2020-02-12 16:21:46.103254 | waiting 0.75s
2020-02-12 16:21:46.855691 | > WORKER_WAIT (0.000s wait)
2020-02-12 16:21:46.856197 | waiting 0.75s
2020-02-12 16:21:47.608234 | > WORKER_WAIT (0.000s wait)
2020-02-12 16:21:47.608735 | waiting 0.75s
2020-02-12 16:21:48.361074 | > WORKER_WAIT (0.000s wait)
2020-02-12 16:21:48.361584 | waiting 0.75s
2020-02-12 16:21:49.114191 | > WORKER_WAIT (0.000s wait)
2020-02-12 16:21:49.114680 | waiting 0.75s
2020-02-12 16:21:49.866761 | > WORKER_WAIT (0.000s wait)
2020-02-12 16:21:49.867294 | waiting 0.75s
2020-02-12 16:21:50.619519 | > WORKER_WAIT (0.001s wait)
2020-02-12 16:21:50.620020 | waiting 0.75s
2020-02-12 16:21:51.372315 | > WORKER_WAIT (0.000s wait)
2020-02-12 16:21:51.372781 | waiting 0.75s
2020-02-12 16:21:52.125106 | > WORKER_WAIT (0.000s wait)
2020-02-12 16:21:52.125626 | waiting 0.75s
2020-02-12 16:21:52.877980 | > WORKER_WAIT (0.000s wait)
2020-02-12 16:21:52.878496 | waiting 0.75s
2020-02-12 16:21:53.630824 | > WORKER_WAIT (0.000s wait)
2020-02-12 16:21:53.631341 | waiting 0.75s
2020-02-12 16:21:54.383966 | > WORKER_WAIT (0.000s wait)
2020-02-12 16:21:54.384446 | waiting 0.75s
2020-02-12 16:21:55.136817 | > WORKER_WAIT (0.000s wait)
2020-02-12 16:21:55.137355 | waiting 0.75s
2020-02-12 16:21:55.889977 | > WORKER_WAIT (0.000s wait)
2020-02-12 16:21:55.890501 | waiting 0.75s
2020-02-12 16:21:56.643198 | > WORKER_WAIT (0.000s wait)
2020-02-12 16:21:56.643700 | waiting 0.75s
2020-02-12 16:21:57.396069 | > WORKER_WAIT (0.000s wait)
2020-02-12 16:21:57.396579 | waiting 0.75s
2020-02-12 16:21:58.148746 | > WORKER_WAIT (0.000s wait)
2020-02-12 16:21:58.149258 | waiting 0.75s
2020-02-12 16:21:58.901585 | > WORKER_WAIT (0.000s wait)
2020-02-12 16:21:58.902082 | waiting 0.75s
2020-02-12 16:21:59.654374 | > WORKER_WAIT (0.000s wait)
2020-02-12 16:21:59.654876 | waiting 0.75s
2020-02-12 16:22:00.407090 | > WORKER_WAIT (0.000s wait)
2020-02-12 16:22:00.407616 | waiting 0.75s
2020-02-12 16:22:01.159832 | > WORKER_WAIT (0.000s wait)
2020-02-12 16:22:01.160343 | waiting 0.75s
2020-02-12 16:22:01.912739 | > WORKER_WAIT (0.000s wait)
2020-02-12 16:22:01.913253 | waiting 0.75s
2020-02-12 16:22:02.665466 | > WORKER_WAIT (0.000s wait)
2020-02-12 16:22:02.665940 | waiting 0.75s
2020-02-12 16:22:03.418198 | > WORKER_WAIT (0.000s wait)
2020-02-12 16:22:03.418690 | waiting 0.75s
2020-02-12 16:22:04.171295 | > WORKER_WAIT (0.000s wait)
2020-02-12 16:22:04.171788 | waiting 0.75s
2020-02-12 16:22:04.923943 | > WORKER_WAIT (0.000s wait)
2020-02-12 16:22:04.924453 | waiting 0.75s
2020-02-12 16:22:05.676872 | > WORKER_WAIT (0.000s wait)
2020-02-12 16:22:05.677387 | waiting 0.75s
2020-02-12 16:22:06.429738 | > WORKER_WAIT (0.000s wait)
2020-02-12 16:22:06.430248 | waiting 0.75s
2020-02-12 16:22:07.182974 | > WORKER_WAIT (0.000s wait)
2020-02-12 16:22:07.183481 | waiting 0.75s
2020-02-12 16:22:07.935504 | > WORKER_WAIT (0.000s wait)
2020-02-12 16:22:07.935998 | waiting 0.75s
2020-02-12 16:22:08.688768 | > WORKER_WAIT (0.000s wait)
2020-02-12 16:22:08.689284 | waiting 0.75s
2020-02-12 16:22:09.441572 | > WORKER_WAIT (0.001s wait)
2020-02-12 16:22:09.442069 | waiting 0.75s
2020-02-12 16:22:10.194282 | > WORKER_WAIT (0.000s wait)
2020-02-12 16:22:10.194780 | waiting 0.75s
2020-02-12 16:22:10.947171 | > WORKER_WAIT (0.000s wait)
2020-02-12 16:22:10.947701 | waiting 0.75s
2020-02-12 16:22:11.700183 | > WORKER_WAIT (0.000s wait)
2020-02-12 16:22:11.700687 | waiting 0.75s
2020-02-12 16:22:12.453315 | > WORKER_WAIT (0.000s wait)
2020-02-12 16:22:12.453815 | waiting 0.75s
2020-02-12 16:22:13.206231 | > WORKER_WAIT (0.000s wait)
2020-02-12 16:22:13.206732 | waiting 0.75s
2020-02-12 16:22:13.959063 | > WORKER_WAIT (0.000s wait)
2020-02-12 16:22:13.959544 | waiting 0.75s
2020-02-12 16:22:14.712036 | > WORKER_WAIT (0.000s wait)
2020-02-12 16:22:14.712557 | waiting 0.75s
2020-02-12 16:22:15.464856 | > WORKER_WAIT (0.000s wait)
2020-02-12 16:22:15.465367 | waiting 0.75s
2020-02-12 16:22:16.217771 | > WORKER_WAIT (0.000s wait)
2020-02-12 16:22:16.218327 | waiting 0.75s
2020-02-12 16:22:16.970947 | > WORKER_WAIT (0.000s wait)
2020-02-12 16:22:16.971467 | waiting 0.75s
2020-02-12 16:22:17.723542 | > WORKER_WAIT (0.001s wait)
2020-02-12 16:22:17.724012 | waiting 0.75s
2020-02-12 16:22:18.476852 | > WORKER_WAIT (0.000s wait)
2020-02-12 16:22:18.477355 | waiting 0.75s
2020-02-12 16:22:19.229815 | > WORKER_WAIT (0.000s wait)
2020-02-12 16:22:19.230343 | waiting 0.75s
2020-02-12 16:22:19.982748 | > WORKER_WAIT (0.000s wait)
2020-02-12 16:22:19.983257 | waiting 0.75s
2020-02-12 16:22:20.735402 | > WORKER_WAIT (0.000s wait)
2020-02-12 16:22:20.735912 | waiting 0.75s
2020-02-12 16:22:21.488281 | > WORKER_WAIT (0.000s wait)
2020-02-12 16:22:21.488810 | waiting 0.75s
2020-02-12 16:22:22.243459 | > WORKER_WAIT (0.000s wait)
2020-02-12 16:22:22.244000 | waiting 0.75s
2020-02-12 16:22:22.996083 | > WORKER_WAIT (0.000s wait)
2020-02-12 16:22:22.996587 | waiting 0.75s
2020-02-12 16:22:23.748650 | > WORKER_WAIT (0.000s wait)
2020-02-12 16:22:23.749166 | waiting 0.75s
2020-02-12 16:22:24.501237 | > WORKER_WAIT (0.000s wait)
2020-02-12 16:22:24.501734 | waiting 0.75s
2020-02-12 16:22:25.253787 | > WORKER_WAIT (0.000s wait)
2020-02-12 16:22:25.254320 | waiting 0.75s
2020-02-12 16:22:26.006341 | > WORKER_WAIT (0.000s wait)
2020-02-12 16:22:26.006864 | waiting 0.75s
2020-02-12 16:22:26.758863 | > WORKER_WAIT (0.000s wait)
2020-02-12 16:22:26.759384 | waiting 0.75s
2020-02-12 16:22:27.511496 | > WORKER_WAIT (0.000s wait)
2020-02-12 16:22:27.512002 | waiting 0.75s
2020-02-12 16:22:28.264295 | > WORKER_WAIT (0.000s wait)
2020-02-12 16:22:28.264798 | waiting 0.75s
2020-02-12 16:22:29.017021 | > WORKER_WAIT (0.000s wait)
2020-02-12 16:22:29.017534 | waiting 0.75s
2020-02-12 16:22:29.769769 | > WORKER_WAIT (0.000s wait)
2020-02-12 16:22:29.770290 | waiting 0.75s
2020-02-12 16:22:30.522240 | > WORKER_WAIT (0.000s wait)
2020-02-12 16:22:30.522750 | waiting 0.75s
2020-02-12 16:22:31.274826 | > WORKER_WAIT (0.000s wait)
2020-02-12 16:22:31.275348 | waiting 0.75s
2020-02-12 16:22:32.027402 | > WORKER_WAIT (0.000s wait)
2020-02-12 16:22:32.029993 | waiting 0.75s
2020-02-12 16:22:32.782092 | > WORKER_WAIT (0.000s wait)
2020-02-12 16:22:32.782611 | waiting 0.75s
2020-02-12 16:22:33.534666 | > WORKER_WAIT (0.000s wait)
2020-02-12 16:22:33.535184 | waiting 0.75s
2020-02-12 16:22:34.287194 | > WORKER_WAIT (0.000s wait)
2020-02-12 16:22:34.287692 | waiting 0.75s
2020-02-12 16:22:35.039885 | > WORKER_WAIT (0.000s wait)
2020-02-12 16:22:35.040416 | waiting 0.75s
2020-02-12 16:22:35.792432 | > WORKER_WAIT (0.000s wait)
2020-02-12 16:22:35.792918 | waiting 0.75s
2020-02-12 16:22:36.545113 | > WORKER_WAIT (0.000s wait)
2020-02-12 16:22:36.545615 | waiting 0.75s
2020-02-12 16:22:37.297868 | > WORKER_WAIT (0.000s wait)
2020-02-12 16:22:37.298372 | waiting 0.75s
2020-02-12 16:22:38.050434 | > WORKER_WAIT (0.000s wait)
2020-02-12 16:22:38.050945 | waiting 0.75s
2020-02-12 16:22:38.803009 | > WORKER_WAIT (0.000s wait)
2020-02-12 16:22:38.803484 | waiting 0.75s
2020-02-12 16:22:39.555528 | > WORKER_WAIT (0.001s wait)
2020-02-12 16:22:39.556027 | waiting 0.75s
2020-02-12 16:22:40.308142 | > WORKER_WAIT (0.000s wait)
2020-02-12 16:22:40.308640 | waiting 0.75s
2020-02-12 16:22:41.060690 | > WORKER_WAIT (0.000s wait)
2020-02-12 16:22:41.061196 | waiting 0.75s
2020-02-12 16:22:41.813250 | > WORKER_WAIT (0.000s wait)
2020-02-12 16:22:41.813744 | waiting 0.75s
2020-02-12 16:22:42.565786 | > WORKER_WAIT (0.000s wait)
2020-02-12 16:22:42.566308 | waiting 0.75s
2020-02-12 16:22:43.318354 | > WORKER_WAIT (0.000s wait)
2020-02-12 16:22:43.318853 | waiting 0.75s
2020-02-12 16:22:44.070962 | > WORKER_WAIT (0.000s wait)
2020-02-12 16:22:44.071476 | waiting 0.75s
2020-02-12 16:22:44.823571 | > WORKER_WAIT (0.001s wait)
2020-02-12 16:22:44.824072 | waiting 0.75s
2020-02-12 16:22:45.576134 | > WORKER_WAIT (0.000s wait)
2020-02-12 16:22:45.576640 | waiting 0.75s
2020-02-12 16:22:46.328680 | > WORKER_WAIT (0.000s wait)
2020-02-12 16:22:46.329213 | waiting 0.75s
2020-02-12 16:22:47.081282 | > WORKER_WAIT (0.000s wait)
2020-02-12 16:22:47.081827 | waiting 0.75s
2020-02-12 16:22:47.834233 | > WORKER_WAIT (0.000s wait)
2020-02-12 16:22:47.834761 | waiting 0.75s
2020-02-12 16:22:48.586872 | > WORKER_WAIT (0.000s wait)
2020-02-12 16:22:48.587379 | waiting 0.75s
2020-02-12 16:22:49.339411 | > WORKER_WAIT (0.000s wait)
2020-02-12 16:22:49.339912 | waiting 0.75s
2020-02-12 16:22:50.091893 | > WORKER_WAIT (0.000s wait)
2020-02-12 16:22:50.092402 | waiting 0.75s
2020-02-12 16:22:50.844674 | > WORKER_WAIT (0.000s wait)
2020-02-12 16:22:50.845208 | waiting 0.75s
2020-02-12 16:22:51.597877 | > WORKER_WAIT (0.000s wait)
2020-02-12 16:22:51.598396 | waiting 0.75s
2020-02-12 16:22:52.351271 | > WORKER_WAIT (0.000s wait)
2020-02-12 16:22:52.351771 | waiting 0.75s
2020-02-12 16:22:53.103742 | > WORKER_WAIT (0.000s wait)
2020-02-12 16:22:53.104276 | waiting 0.75s
2020-02-12 16:22:53.856647 | > WORKER_WAIT (0.000s wait)
2020-02-12 16:22:53.857164 | waiting 0.75s
2020-02-12 16:22:54.609531 | > WORKER_WAIT (0.001s wait)
2020-02-12 16:22:54.610037 | waiting 0.75s
2020-02-12 16:22:55.362381 | > WORKER_WAIT (0.000s wait)
2020-02-12 16:22:55.362888 | waiting 0.75s
2020-02-12 16:22:56.115309 | > WORKER_WAIT (0.000s wait)
2020-02-12 16:22:56.115815 | waiting 0.75s
2020-02-12 16:22:56.868171 | > WORKER_WAIT (0.000s wait)
2020-02-12 16:22:56.868658 | waiting 0.75s
2020-02-12 16:22:57.620817 | > WORKER_WAIT (0.000s wait)
2020-02-12 16:22:57.621330 | waiting 0.75s
2020-02-12 16:22:58.373745 | > WORKER_WAIT (0.000s wait)
2020-02-12 16:22:58.374274 | waiting 0.75s
2020-02-12 16:22:59.126424 | > WORKER_WAIT (0.000s wait)
2020-02-12 16:22:59.126918 | waiting 0.75s
2020-02-12 16:22:59.878929 | > WORKER_WAIT (0.000s wait)
2020-02-12 16:22:59.879452 | waiting 0.75s
2020-02-12 16:23:00.631378 | > WORKER_WAIT (0.000s wait)
2020-02-12 16:23:00.631903 | waiting 0.75s
2020-02-12 16:23:01.384008 | > WORKER_WAIT (0.000s wait)
2020-02-12 16:23:01.384512 | waiting 0.75s
2020-02-12 16:23:02.136550 | > WORKER_WAIT (0.001s wait)
2020-02-12 16:23:02.137056 | waiting 0.75s
2020-02-12 16:23:02.889092 | > WORKER_WAIT (0.000s wait)
2020-02-12 16:23:02.889601 | waiting 0.75s
2020-02-12 16:23:03.718163 | > WORKER_WAIT (0.000s wait)
2020-02-12 16:23:03.718672 | waiting 0.75s
Error in clustermq:::worker("tcp://c28a-s7:7632") : 
  Timeout reached, terminating
Execution halted
