2020-01-21 10:48:11.474670 | Master: tcp://c24a-s1:7958
2020-01-21 10:48:11.499356 | WORKER_UP to: tcp://c24a-s1:7958
2020-01-21 10:48:16.449249 | > DO_SETUP (3.057s wait)
2020-01-21 10:48:16.450942 | token from msg: set_common_data_token
2020-01-21 10:48:17.887197 | > DO_CALL (0.001s wait)
.* Option 'clustermq.scheduler' not set, defaulting to ‘SLURM’
--- see: https://mschubert.github.io/clustermq/articles/userguide.html#configuration
2020-01-21 10:48:18.135328 | eval'd: drake::cmq_buildtargetmetadepsspecht_is_subtargetconfig
2020-01-21 10:48:22.868243 | > DO_CALL (0.001s wait)
.2020-01-21 10:48:23.203141 | eval'd: drake::cmq_buildtargetmetadepsspecht_is_subtargetconfig
2020-01-21 10:48:29.973146 | > DO_CALL (0.000s wait)
.2020-01-21 10:48:29.979420 | eval'd: drake::cmq_buildtargetmetadepsspecht_is_subtargetconfig
2020-01-21 10:48:36.804639 | > DO_CALL (0.001s wait)
.2020-01-21 10:48:36.810649 | eval'd: drake::cmq_buildtargetmetadepsspecht_is_subtargetconfig
2020-01-21 10:48:42.973636 | > DO_CALL (0.001s wait)
.2020-01-21 10:48:42.979411 | eval'd: drake::cmq_buildtargetmetadepsspecht_is_subtargetconfig
2020-01-21 10:48:49.648004 | > DO_CALL (0.000s wait)
.2020-01-21 10:48:49.654268 | eval'd: drake::cmq_buildtargetmetadepsspecht_is_subtargetconfig
2020-01-21 10:48:56.631201 | > DO_CALL (0.001s wait)
.2020-01-21 10:48:56.638086 | eval'd: drake::cmq_buildtargetmetadepsspecht_is_subtargetconfig
2020-01-21 10:49:03.504417 | > DO_CALL (0.001s wait)
.2020-01-21 10:49:03.510006 | eval'd: drake::cmq_buildtargetmetadepsspecht_is_subtargetconfig
2020-01-21 10:49:10.768851 | > DO_CALL (0.001s wait)
.2020-01-21 10:49:10.774834 | eval'd: drake::cmq_buildtargetmetadepsspecht_is_subtargetconfig
2020-01-21 10:49:19.221058 | > DO_CALL (0.000s wait)
.2020-01-21 10:49:19.226264 | eval'd: drake::cmq_buildtargetmetadepsspecht_is_subtargetconfig
2020-01-21 10:49:25.769843 | > DO_CALL (0.001s wait)
.2020-01-21 10:49:25.775522 | eval'd: drake::cmq_buildtargetmetadepsspecht_is_subtargetconfig
2020-01-21 10:49:31.359042 | > DO_CALL (0.000s wait)
.2020-01-21 10:49:31.363585 | eval'd: drake::cmq_buildtargetmetadepsspecht_is_subtargetconfig
2020-01-21 10:49:37.760113 | > DO_CALL (0.000s wait)
.2020-01-21 10:49:37.765306 | eval'd: drake::cmq_buildtargetmetadepsspecht_is_subtargetconfig
2020-01-21 10:49:44.248159 | > DO_CALL (0.000s wait)
.2020-01-21 10:49:44.253543 | eval'd: drake::cmq_buildtargetmetadepsspecht_is_subtargetconfig
2020-01-21 10:49:50.648463 | > DO_CALL (0.001s wait)
.2020-01-21 10:49:50.653765 | eval'd: drake::cmq_buildtargetmetadepsspecht_is_subtargetconfig
2020-01-21 10:49:57.099165 | > DO_CALL (0.000s wait)
.2020-01-21 10:49:57.106395 | eval'd: drake::cmq_buildtargetmetadepsspecht_is_subtargetconfig
2020-01-21 10:50:03.016826 | > DO_CALL (0.001s wait)
.2020-01-21 10:50:03.022737 | eval'd: drake::cmq_buildtargetmetadepsspecht_is_subtargetconfig
2020-01-21 10:50:08.277413 | > DO_CALL (0.001s wait)
.2020-01-21 10:50:08.282616 | eval'd: drake::cmq_buildtargetmetadepsspecht_is_subtargetconfig
2020-01-21 10:50:13.744991 | > DO_CALL (0.001s wait)
.2020-01-21 10:50:13.751857 | eval'd: drake::cmq_buildtargetmetadepsspecht_is_subtargetconfig
2020-01-21 10:50:20.788128 | > DO_CALL (0.000s wait)
.2020-01-21 10:50:20.792862 | eval'd: drake::cmq_buildtargetmetadepsspecht_is_subtargetconfig
2020-01-21 10:50:25.889176 | > DO_CALL (0.001s wait)
.2020-01-21 10:50:25.894530 | eval'd: drake::cmq_buildtargetmetadepsspecht_is_subtargetconfig
2020-01-21 10:50:31.363267 | > DO_CALL (0.001s wait)
.2020-01-21 10:50:31.368468 | eval'd: drake::cmq_buildtargetmetadepsspecht_is_subtargetconfig
2020-01-21 10:50:37.800228 | > DO_CALL (0.001s wait)
.2020-01-21 10:50:37.805745 | eval'd: drake::cmq_buildtargetmetadepsspecht_is_subtargetconfig
2020-01-21 10:50:43.854176 | > DO_CALL (0.001s wait)
.2020-01-21 10:50:43.859561 | eval'd: drake::cmq_buildtargetmetadepsspecht_is_subtargetconfig
2020-01-21 10:50:49.329680 | > DO_CALL (0.001s wait)
.2020-01-21 10:50:49.335700 | eval'd: drake::cmq_buildtargetmetadepsspecht_is_subtargetconfig
2020-01-21 10:50:54.626965 | > DO_CALL (0.000s wait)
.2020-01-21 10:50:54.632172 | eval'd: drake::cmq_buildtargetmetadepsspecht_is_subtargetconfig
2020-01-21 10:50:59.724939 | > DO_CALL (0.000s wait)
.2020-01-21 10:50:59.729568 | eval'd: drake::cmq_buildtargetmetadepsspecht_is_subtargetconfig
2020-01-21 10:51:05.580302 | > DO_CALL (0.001s wait)
.2020-01-21 10:51:05.586013 | eval'd: drake::cmq_buildtargetmetadepsspecht_is_subtargetconfig
2020-01-21 10:51:11.393082 | > DO_CALL (0.001s wait)
.2020-01-21 10:51:11.399712 | eval'd: drake::cmq_buildtargetmetadepsspecht_is_subtargetconfig
2020-01-21 10:51:17.120852 | > DO_CALL (0.001s wait)
.2020-01-21 10:51:17.127563 | eval'd: drake::cmq_buildtargetmetadepsspecht_is_subtargetconfig
2020-01-21 10:51:23.676051 | > DO_CALL (0.000s wait)
.2020-01-21 10:51:23.681581 | eval'd: drake::cmq_buildtargetmetadepsspecht_is_subtargetconfig
2020-01-21 10:51:28.976061 | > DO_CALL (0.001s wait)
.2020-01-21 10:51:28.982833 | eval'd: drake::cmq_buildtargetmetadepsspecht_is_subtargetconfig
2020-01-21 10:51:34.028152 | > DO_CALL (0.000s wait)
.2020-01-21 10:51:34.033830 | eval'd: drake::cmq_buildtargetmetadepsspecht_is_subtargetconfig
2020-01-21 10:51:38.541945 | > DO_CALL (0.000s wait)
.2020-01-21 10:51:38.547259 | eval'd: drake::cmq_buildtargetmetadepsspecht_is_subtargetconfig
2020-01-21 10:51:43.474584 | > DO_CALL (0.001s wait)
.2020-01-21 10:51:43.481896 | eval'd: drake::cmq_buildtargetmetadepsspecht_is_subtargetconfig
2020-01-21 10:51:48.419059 | > DO_CALL (0.001s wait)
.2020-01-21 10:51:48.426934 | eval'd: drake::cmq_buildtargetmetadepsspecht_is_subtargetconfig
2020-01-21 10:51:54.109989 | > DO_CALL (0.001s wait)
.2020-01-21 10:51:54.118095 | eval'd: drake::cmq_buildtargetmetadepsspecht_is_subtargetconfig
2020-01-21 10:51:59.104151 | > DO_CALL (0.000s wait)
.2020-01-21 10:51:59.109930 | eval'd: drake::cmq_buildtargetmetadepsspecht_is_subtargetconfig
2020-01-21 10:52:04.072648 | > DO_CALL (0.001s wait)
.2020-01-21 10:52:04.080137 | eval'd: drake::cmq_buildtargetmetadepsspecht_is_subtargetconfig
2020-01-21 10:52:09.414741 | > DO_CALL (0.001s wait)
.2020-01-21 10:52:09.421700 | eval'd: drake::cmq_buildtargetmetadepsspecht_is_subtargetconfig
2020-01-21 10:52:14.421918 | > DO_CALL (0.000s wait)
.2020-01-21 10:52:14.427792 | eval'd: drake::cmq_buildtargetmetadepsspecht_is_subtargetconfig
2020-01-21 10:52:19.329817 | > DO_CALL (0.001s wait)
.2020-01-21 10:52:19.337208 | eval'd: drake::cmq_buildtargetmetadepsspecht_is_subtargetconfig
2020-01-21 10:52:26.005408 | > DO_CALL (0.001s wait)
.2020-01-21 10:52:26.012353 | eval'd: drake::cmq_buildtargetmetadepsspecht_is_subtargetconfig
2020-01-21 10:52:31.400973 | > DO_CALL (0.001s wait)
.2020-01-21 10:52:31.408675 | eval'd: drake::cmq_buildtargetmetadepsspecht_is_subtargetconfig
2020-01-21 10:52:36.928683 | > DO_CALL (0.001s wait)
.2020-01-21 10:52:36.936268 | eval'd: drake::cmq_buildtargetmetadepsspecht_is_subtargetconfig
2020-01-21 10:52:41.617843 | > DO_CALL (0.001s wait)
.2020-01-21 10:52:41.625395 | eval'd: drake::cmq_buildtargetmetadepsspecht_is_subtargetconfig
2020-01-21 10:52:46.345793 | > DO_CALL (0.001s wait)
.2020-01-21 10:52:46.353688 | eval'd: drake::cmq_buildtargetmetadepsspecht_is_subtargetconfig
2020-01-21 10:52:50.647140 | > DO_CALL (0.000s wait)
.2020-01-21 10:52:50.653014 | eval'd: drake::cmq_buildtargetmetadepsspecht_is_subtargetconfig
2020-01-21 10:52:55.598933 | > DO_CALL (0.000s wait)
.2020-01-21 10:52:55.604905 | eval'd: drake::cmq_buildtargetmetadepsspecht_is_subtargetconfig
2020-01-21 10:53:00.230104 | > DO_CALL (0.000s wait)
.2020-01-21 10:53:00.235817 | eval'd: drake::cmq_buildtargetmetadepsspecht_is_subtargetconfig
2020-01-21 10:53:04.700948 | > DO_CALL (0.000s wait)
.2020-01-21 10:53:04.706905 | eval'd: drake::cmq_buildtargetmetadepsspecht_is_subtargetconfig
2020-01-21 10:53:09.981903 | > DO_CALL (0.001s wait)
.2020-01-21 10:53:09.989474 | eval'd: drake::cmq_buildtargetmetadepsspecht_is_subtargetconfig
2020-01-21 10:53:14.269430 | > DO_CALL (0.001s wait)
.2020-01-21 10:53:14.276379 | eval'd: drake::cmq_buildtargetmetadepsspecht_is_subtargetconfig
2020-01-21 10:53:18.766433 | > DO_CALL (0.001s wait)
.2020-01-21 10:53:18.773077 | eval'd: drake::cmq_buildtargetmetadepsspecht_is_subtargetconfig
2020-01-21 10:53:23.421820 | > DO_CALL (0.000s wait)
.2020-01-21 10:53:23.427225 | eval'd: drake::cmq_buildtargetmetadepsspecht_is_subtargetconfig
2020-01-21 10:53:30.276007 | > DO_CALL (0.000s wait)
.
2020-01-21 10:53:30.281763 | eval'd: drake::cmq_buildtargetmetadepsspecht_is_subtargetconfig
2020-01-21 10:53:34.997581 | > DO_CALL (0.001s wait)
.2020-01-21 10:53:35.005035 | eval'd: drake::cmq_buildtargetmetadepsspecht_is_subtargetconfig
2020-01-21 10:53:39.234818 | > DO_CALL (0.000s wait)
.2020-01-21 10:53:39.240422 | eval'd: drake::cmq_buildtargetmetadepsspecht_is_subtargetconfig
2020-01-21 10:53:44.060138 | > DO_CALL (0.000s wait)
.2020-01-21 10:53:44.066735 | eval'd: drake::cmq_buildtargetmetadepsspecht_is_subtargetconfig
2020-01-21 10:53:48.422943 | > DO_CALL (0.001s wait)
.2020-01-21 10:53:48.430903 | eval'd: drake::cmq_buildtargetmetadepsspecht_is_subtargetconfig
2020-01-21 10:53:53.031780 | > DO_CALL (0.000s wait)
.2020-01-21 10:53:53.037097 | eval'd: drake::cmq_buildtargetmetadepsspecht_is_subtargetconfig
2020-01-21 10:53:57.028896 | > DO_CALL (0.001s wait)
.2020-01-21 10:53:57.036727 | eval'd: drake::cmq_buildtargetmetadepsspecht_is_subtargetconfig
2020-01-21 10:54:01.303307 | > DO_CALL (0.001s wait)
.2020-01-21 10:54:01.309686 | eval'd: drake::cmq_buildtargetmetadepsspecht_is_subtargetconfig
2020-01-21 10:54:05.941696 | > DO_CALL (0.001s wait)
.2020-01-21 10:54:05.949569 | eval'd: drake::cmq_buildtargetmetadepsspecht_is_subtargetconfig
2020-01-21 10:54:10.239504 | > DO_CALL (0.001s wait)
.2020-01-21 10:54:10.246373 | eval'd: drake::cmq_buildtargetmetadepsspecht_is_subtargetconfig
2020-01-21 10:54:14.983421 | > DO_CALL (0.001s wait)
.2020-01-21 10:54:14.990589 | eval'd: drake::cmq_buildtargetmetadepsspecht_is_subtargetconfig
2020-01-21 10:54:19.237805 | > DO_CALL (0.001s wait)
.2020-01-21 10:54:19.245346 | eval'd: drake::cmq_buildtargetmetadepsspecht_is_subtargetconfig
2020-01-21 10:54:24.450391 | > DO_CALL (0.001s wait)
.2020-01-21 10:54:24.457726 | eval'd: drake::cmq_buildtargetmetadepsspecht_is_subtargetconfig
2020-01-21 10:54:31.079885 | > DO_CALL (0.001s wait)
.2020-01-21 10:54:31.087652 | eval'd: drake::cmq_buildtargetmetadepsspecht_is_subtargetconfig
2020-01-21 10:54:35.110146 | > DO_CALL (0.000s wait)
.2020-01-21 10:54:35.116800 | eval'd: drake::cmq_buildtargetmetadepsspecht_is_subtargetconfig
2020-01-21 10:54:39.384743 | > DO_CALL (0.000s wait)
.2020-01-21 10:54:39.390059 | eval'd: drake::cmq_buildtargetmetadepsspecht_is_subtargetconfig
2020-01-21 10:54:43.562582 | > DO_CALL (0.001s wait)
.2020-01-21 10:54:43.570156 | eval'd: drake::cmq_buildtargetmetadepsspecht_is_subtargetconfig
2020-01-21 10:54:47.522459 | > DO_CALL (0.001s wait)
.2020-01-21 10:54:47.529225 | eval'd: drake::cmq_buildtargetmetadepsspecht_is_subtargetconfig
2020-01-21 10:54:51.468307 | > DO_CALL (0.001s wait)
.2020-01-21 10:54:51.474812 | eval'd: drake::cmq_buildtargetmetadepsspecht_is_subtargetconfig
2020-01-21 10:54:55.455762 | > DO_CALL (0.000s wait)
.2020-01-21 10:54:55.461738 | eval'd: drake::cmq_buildtargetmetadepsspecht_is_subtargetconfig
2020-01-21 10:54:59.729874 | > DO_CALL (0.000s wait)
.2020-01-21 10:54:59.748863 | eval'd: drake::cmq_buildtargetmetadepsspecht_is_subtargetconfig
2020-01-21 10:55:04.002683 | > DO_CALL (0.000s wait)
.2020-01-21 10:55:04.007693 | eval'd: drake::cmq_buildtargetmetadepsspecht_is_subtargetconfig
2020-01-21 10:55:08.345529 | > DO_CALL (0.001s wait)
.2020-01-21 10:55:08.351614 | eval'd: drake::cmq_buildtargetmetadepsspecht_is_subtargetconfig
2020-01-21 10:55:12.231926 | > DO_CALL (0.000s wait)
.2020-01-21 10:55:12.237296 | eval'd: drake::cmq_buildtargetmetadepsspecht_is_subtargetconfig
2020-01-21 10:55:16.235075 | > DO_CALL (0.000s wait)
.2020-01-21 10:55:16.240284 | eval'd: drake::cmq_buildtargetmetadepsspecht_is_subtargetconfig
2020-01-21 10:55:20.309725 | > DO_CALL (0.000s wait)
.2020-01-21 10:55:20.314625 | eval'd: drake::cmq_buildtargetmetadepsspecht_is_subtargetconfig
2020-01-21 10:55:24.367545 | > DO_CALL (0.001s wait)
.2020-01-21 10:55:24.374571 | eval'd: drake::cmq_buildtargetmetadepsspecht_is_subtargetconfig
2020-01-21 10:55:28.138640 | > DO_CALL (0.000s wait)
.2020-01-21 10:55:28.143258 | eval'd: drake::cmq_buildtargetmetadepsspecht_is_subtargetconfig
2020-01-21 10:55:35.092703 | > DO_CALL (0.000s wait)
.2020-01-21 10:55:35.097968 | eval'd: drake::cmq_buildtargetmetadepsspecht_is_subtargetconfig
2020-01-21 10:55:39.703334 | > DO_CALL (0.001s wait)
.2020-01-21 10:55:39.709186 | eval'd: drake::cmq_buildtargetmetadepsspecht_is_subtargetconfig
2020-01-21 10:55:44.107263 | > DO_CALL (0.001s wait)
.2020-01-21 10:55:44.113577 | eval'd: drake::cmq_buildtargetmetadepsspecht_is_subtargetconfig
2020-01-21 10:55:48.024622 | > DO_CALL (0.000s wait)
.2020-01-21 10:55:48.029198 | eval'd: drake::cmq_buildtargetmetadepsspecht_is_subtargetconfig
2020-01-21 10:55:52.018780 | > DO_CALL (0.000s wait)
.2020-01-21 10:55:52.023733 | eval'd: drake::cmq_buildtargetmetadepsspecht_is_subtargetconfig
2020-01-21 10:55:56.161236 | > DO_CALL (0.001s wait)
.2020-01-21 10:55:56.166830 | eval'd: drake::cmq_buildtargetmetadepsspecht_is_subtargetconfig
2020-01-21 10:55:59.803498 | > DO_CALL (0.001s wait)
.2020-01-21 10:55:59.810178 | eval'd: drake::cmq_buildtargetmetadepsspecht_is_subtargetconfig
2020-01-21 10:56:03.831636 | > DO_CALL (0.000s wait)
.2020-01-21 10:56:03.836792 | eval'd: drake::cmq_buildtargetmetadepsspecht_is_subtargetconfig
2020-01-21 10:56:07.947947 | > DO_CALL (0.000s wait)
.2020-01-21 10:56:07.953217 | eval'd: drake::cmq_buildtargetmetadepsspecht_is_subtargetconfig
2020-01-21 10:56:12.113072 | > DO_CALL (0.000s wait)
.2020-01-21 10:56:12.118355 | eval'd: drake::cmq_buildtargetmetadepsspecht_is_subtargetconfig
2020-01-21 10:56:16.341786 | > DO_CALL (0.000s wait)
.2020-01-21 10:56:16.346823 | eval'd: drake::cmq_buildtargetmetadepsspecht_is_subtargetconfig
2020-01-21 10:56:20.863547 | > DO_CALL (0.000s wait)
.2020-01-21 10:56:20.868155 | eval'd: drake::cmq_buildtargetmetadepsspecht_is_subtargetconfig
2020-01-21 10:56:24.918134 | > DO_CALL (0.000s wait)
.2020-01-21 10:56:24.924165 | eval'd: drake::cmq_buildtargetmetadepsspecht_is_subtargetconfig
2020-01-21 10:56:29.132968 | > DO_CALL (0.000s wait)
.2020-01-21 10:56:29.138237 | eval'd: drake::cmq_buildtargetmetadepsspecht_is_subtargetconfig
2020-01-21 10:56:33.396493 | > DO_CALL (0.001s wait)
.2020-01-21 10:56:33.403353 | eval'd: drake::cmq_buildtargetmetadepsspecht_is_subtargetconfig
2020-01-21 10:56:39.376590 | > DO_CALL (0.000s wait)
.2020-01-21 10:56:39.381238 | eval'd: drake::cmq_buildtargetmetadepsspecht_is_subtargetconfig
2020-01-21 10:56:43.968504 | > DO_CALL (0.001s wait)
.2020-01-21 10:56:43.975317 | eval'd: drake::cmq_buildtargetmetadepsspecht_is_subtargetconfig
2020-01-21 10:56:48.182132 | > DO_CALL (0.000s wait)
.2020-01-21 10:56:48.187744 | eval'd: drake::cmq_buildtargetmetadepsspecht_is_subtargetconfig
2020-01-21 10:56:52.014492 | > DO_CALL (0.001s wait)
.2020-01-21 10:56:52.020944 | eval'd: drake::cmq_buildtargetmetadepsspecht_is_subtargetconfig
2020-01-21 10:56:55.669882 | > DO_CALL (0.000s wait)
.2020-01-21 10:56:55.675673 | eval'd: drake::cmq_buildtargetmetadepsspecht_is_subtargetconfig
2020-01-21 10:57:00.066338 | > DO_CALL (0.001s wait)
.2020-01-21 10:57:00.072723 | eval'd: drake::cmq_buildtargetmetadepsspecht_is_subtargetconfig
2020-01-21 10:57:04.566339 | > DO_CALL (0.001s wait)
.2020-01-21 10:57:04.572618 | eval'd: drake::cmq_buildtargetmetadepsspecht_is_subtargetconfig
2020-01-21 10:57:08.828410 | > DO_CALL (0.001s wait)
.2020-01-21 10:57:08.834805 | eval'd: drake::cmq_buildtargetmetadepsspecht_is_subtargetconfig
2020-01-21 10:57:12.723774 | > DO_CALL (0.000s wait)
.2020-01-21 10:57:12.729019 | eval'd: drake::cmq_buildtargetmetadepsspecht_is_subtargetconfig
2020-01-21 10:57:16.867566 | > DO_CALL (0.000s wait)
.2020-01-21 10:57:16.872376 | eval'd: drake::cmq_buildtargetmetadepsspecht_is_subtargetconfig
2020-01-21 10:57:20.810829 | > DO_CALL (0.000s wait)
.2020-01-21 10:57:20.816186 | eval'd: drake::cmq_buildtargetmetadepsspecht_is_subtargetconfig
2020-01-21 10:57:25.454254 | > DO_CALL (0.001s wait)
.2020-01-21 10:57:25.460726 | eval'd: drake::cmq_buildtargetmetadepsspecht_is_subtargetconfig
2020-01-21 10:57:29.751024 | > DO_CALL (0.000s wait)
.2020-01-21 10:57:29.756717 | eval'd: drake::cmq_buildtargetmetadepsspecht_is_subtargetconfig
2020-01-21 10:57:33.518515 | > DO_CALL (0.000s wait)
.2020-01-21 10:57:33.523834 | eval'd: drake::cmq_buildtargetmetadepsspecht_is_subtargetconfig
2020-01-21 10:57:39.420204 | > DO_CALL (0.001s wait)
.2020-01-21 10:57:39.425933 | eval'd: drake::cmq_buildtargetmetadepsspecht_is_subtargetconfig
2020-01-21 10:57:43.624480 | > DO_CALL (0.000s wait)
.2020-01-21 10:57:43.629725 | eval'd: drake::cmq_buildtargetmetadepsspecht_is_subtargetconfig
2020-01-21 10:57:47.604912 | > DO_CALL (0.000s wait)
.2020-01-21 10:57:47.610183 | eval'd: drake::cmq_buildtargetmetadepsspecht_is_subtargetconfig
2020-01-21 10:57:51.798143 | > DO_CALL (0.000s wait)
.2020-01-21 10:57:51.803802 | eval'd: drake::cmq_buildtargetmetadepsspecht_is_subtargetconfig
2020-01-21 10:57:55.984515 | > DO_CALL (0.000s wait)
.2020-01-21 10:57:55.989943 | eval'd: drake::cmq_buildtargetmetadepsspecht_is_subtargetconfig
2020-01-21 10:58:00.706500 | > DO_CALL (0.000s wait)
.2020-01-21 10:58:00.711278 | eval'd: drake::cmq_buildtargetmetadepsspecht_is_subtargetconfig
2020-01-21 10:58:04.455276 | > DO_CALL (0.001s wait)
.2020-01-21 10:58:04.462008 | eval'd: drake::cmq_buildtargetmetadepsspecht_is_subtargetconfig
2020-01-21 10:58:08.613472 | > DO_CALL (0.000s wait)
.2020-01-21 10:58:08.618181 | eval'd: drake::cmq_buildtargetmetadepsspecht_is_subtargetconfig
2020-01-21 10:58:12.507592 | > DO_CALL (0.000s wait)
.2020-01-21 10:58:12.512411 | eval'd: drake::cmq_buildtargetmetadepsspecht_is_subtargetconfig
2020-01-21 10:58:16.331389 | > DO_CALL (0.000s wait)
.2020-01-21 10:58:16.336232 | eval'd: drake::cmq_buildtargetmetadepsspecht_is_subtargetconfig
2020-01-21 10:58:20.006521 | > DO_CALL (0.000s wait)
.2020-01-21 10:58:20.011291 | eval'd: drake::cmq_buildtargetmetadepsspecht_is_subtargetconfig
2020-01-21 10:58:23.728383 | > DO_CALL (0.001s wait)
.2020-01-21 10:58:23.735323 | eval'd: drake::cmq_buildtargetmetadepsspecht_is_subtargetconfig
2020-01-21 10:58:27.900769 | > DO_CALL (0.000s wait)
.2020-01-21 10:58:27.905993 | eval'd: drake::cmq_buildtargetmetadepsspecht_is_subtargetconfig
2020-01-21 10:58:31.585457 | > DO_CALL (0.000s wait)
.2020-01-21 10:58:31.590102 | eval'd: drake::cmq_buildtargetmetadepsspecht_is_subtargetconfig
2020-01-21 10:58:35.496805 | > DO_CALL (0.000s wait)
.2020-01-21 10:58:35.502552 | eval'd: drake::cmq_buildtargetmetadepsspecht_is_subtargetconfig
2020-01-21 10:58:39.384323 | > DO_CALL (0.001s wait)
.2020-01-21 10:58:39.392713 | eval'd: drake::cmq_buildtargetmetadepsspecht_is_subtargetconfig
2020-01-21 10:58:45.545226 | > DO_CALL (0.001s wait)
.2020-01-21 10:58:45.551534 | eval'd: drake::cmq_buildtargetmetadepsspecht_is_subtargetconfig
2020-01-21 10:58:49.380306 | > DO_CALL (0.001s wait)
.2020-01-21 10:58:49.386665 | eval'd: drake::cmq_buildtargetmetadepsspecht_is_subtargetconfig
2020-01-21 10:58:53.419415 | > DO_CALL (0.001s wait)
.2020-01-21 10:58:53.426236 | eval'd: drake::cmq_buildtargetmetadepsspecht_is_subtargetconfig
2020-01-21 10:58:57.588493 | > DO_CALL (0.000s wait)
.2020-01-21 10:58:57.593312 | eval'd: drake::cmq_buildtargetmetadepsspecht_is_subtargetconfig
2020-01-21 10:59:02.366853 | > DO_CALL (0.000s wait)
.2020-01-21 10:59:02.372117 | eval'd: drake::cmq_buildtargetmetadepsspecht_is_subtargetconfig
2020-01-21 10:59:06.362372 | > DO_CALL (0.001s wait)
.2020-01-21 10:59:06.368662 | eval'd: drake::cmq_buildtargetmetadepsspecht_is_subtargetconfig
2020-01-21 10:59:10.194386 | > DO_CALL (0.001s wait)
.
2020-01-21 10:59:10.201045 | eval'd: drake::cmq_buildtargetmetadepsspecht_is_subtargetconfig
2020-01-21 10:59:14.081391 | > DO_CALL (0.000s wait)
.2020-01-21 10:59:14.086634 | eval'd: drake::cmq_buildtargetmetadepsspecht_is_subtargetconfig
2020-01-21 10:59:18.035270 | > DO_CALL (0.001s wait)
.2020-01-21 10:59:18.041676 | eval'd: drake::cmq_buildtargetmetadepsspecht_is_subtargetconfig
2020-01-21 10:59:22.074865 | > DO_CALL (0.000s wait)
.2020-01-21 10:59:22.080259 | eval'd: drake::cmq_buildtargetmetadepsspecht_is_subtargetconfig
2020-01-21 10:59:26.085790 | > DO_CALL (0.000s wait)
.2020-01-21 10:59:26.091643 | eval'd: drake::cmq_buildtargetmetadepsspecht_is_subtargetconfig
2020-01-21 10:59:30.546035 | > DO_CALL (0.000s wait)
.2020-01-21 10:59:30.552111 | eval'd: drake::cmq_buildtargetmetadepsspecht_is_subtargetconfig
2020-01-21 10:59:34.453608 | > DO_CALL (0.000s wait)
.2020-01-21 10:59:34.459218 | eval'd: drake::cmq_buildtargetmetadepsspecht_is_subtargetconfig
2020-01-21 10:59:38.280026 | > DO_CALL (0.000s wait)
.2020-01-21 10:59:38.285878 | eval'd: drake::cmq_buildtargetmetadepsspecht_is_subtargetconfig
2020-01-21 10:59:42.048225 | > DO_CALL (0.001s wait)
.2020-01-21 10:59:42.054360 | eval'd: drake::cmq_buildtargetmetadepsspecht_is_subtargetconfig
2020-01-21 10:59:48.342708 | > DO_CALL (0.000s wait)
.2020-01-21 10:59:48.347798 | eval'd: drake::cmq_buildtargetmetadepsspecht_is_subtargetconfig
2020-01-21 10:59:52.169513 | > DO_CALL (0.000s wait)
.2020-01-21 10:59:52.174424 | eval'd: drake::cmq_buildtargetmetadepsspecht_is_subtargetconfig
2020-01-21 10:59:55.949515 | > DO_CALL (0.000s wait)
.2020-01-21 10:59:55.954418 | eval'd: drake::cmq_buildtargetmetadepsspecht_is_subtargetconfig
2020-01-21 10:59:59.822474 | > DO_CALL (0.001s wait)
.2020-01-21 10:59:59.828915 | eval'd: drake::cmq_buildtargetmetadepsspecht_is_subtargetconfig
2020-01-21 11:00:03.663493 | > DO_CALL (0.000s wait)
.2020-01-21 11:00:03.669025 | eval'd: drake::cmq_buildtargetmetadepsspecht_is_subtargetconfig
2020-01-21 11:00:07.238797 | > DO_CALL (0.000s wait)
.2020-01-21 11:00:07.243454 | eval'd: drake::cmq_buildtargetmetadepsspecht_is_subtargetconfig
2020-01-21 11:00:10.773482 | > DO_CALL (0.001s wait)
.2020-01-21 11:00:10.780010 | eval'd: drake::cmq_buildtargetmetadepsspecht_is_subtargetconfig
2020-01-21 11:00:14.501847 | > DO_CALL (0.000s wait)
.2020-01-21 11:00:14.522102 | eval'd: drake::cmq_buildtargetmetadepsspecht_is_subtargetconfig
2020-01-21 11:00:18.239730 | > DO_CALL (0.001s wait)
.2020-01-21 11:00:18.246092 | eval'd: drake::cmq_buildtargetmetadepsspecht_is_subtargetconfig
2020-01-21 11:00:22.237264 | > DO_CALL (0.001s wait)
.2020-01-21 11:00:22.243582 | eval'd: drake::cmq_buildtargetmetadepsspecht_is_subtargetconfig
2020-01-21 11:00:26.077713 | > DO_CALL (0.000s wait)
.2020-01-21 11:00:26.083150 | eval'd: drake::cmq_buildtargetmetadepsspecht_is_subtargetconfig
2020-01-21 11:00:30.092482 | > DO_CALL (0.000s wait)
.2020-01-21 11:00:30.097419 | eval'd: drake::cmq_buildtargetmetadepsspecht_is_subtargetconfig
2020-01-21 11:00:34.563410 | > DO_CALL (0.000s wait)
.2020-01-21 11:00:34.568696 | eval'd: drake::cmq_buildtargetmetadepsspecht_is_subtargetconfig
2020-01-21 11:00:38.709363 | > DO_CALL (0.001s wait)
.2020-01-21 11:00:38.714121 | eval'd: drake::cmq_buildtargetmetadepsspecht_is_subtargetconfig
2020-01-21 11:00:42.392399 | > DO_CALL (0.001s wait)
.2020-01-21 11:00:42.397240 | eval'd: drake::cmq_buildtargetmetadepsspecht_is_subtargetconfig
2020-01-21 11:00:47.809262 | > DO_CALL (0.001s wait)
.2020-01-21 11:00:47.815442 | eval'd: drake::cmq_buildtargetmetadepsspecht_is_subtargetconfig
2020-01-21 11:00:52.001659 | > DO_CALL (0.000s wait)
.2020-01-21 11:00:52.006936 | eval'd: drake::cmq_buildtargetmetadepsspecht_is_subtargetconfig
2020-01-21 11:00:55.942015 | > DO_CALL (0.000s wait)
.2020-01-21 11:00:55.948374 | eval'd: drake::cmq_buildtargetmetadepsspecht_is_subtargetconfig
2020-01-21 11:00:59.889785 | > DO_CALL (0.000s wait)
.2020-01-21 11:00:59.895242 | eval'd: drake::cmq_buildtargetmetadepsspecht_is_subtargetconfig
2020-01-21 11:01:04.508306 | > DO_CALL (0.001s wait)
.2020-01-21 11:01:04.515260 | eval'd: drake::cmq_buildtargetmetadepsspecht_is_subtargetconfig
2020-01-21 11:01:08.593242 | > DO_CALL (0.001s wait)
.2020-01-21 11:01:08.599431 | eval'd: drake::cmq_buildtargetmetadepsspecht_is_subtargetconfig
2020-01-21 11:01:12.651857 | > DO_CALL (0.000s wait)
.2020-01-21 11:01:12.657359 | eval'd: drake::cmq_buildtargetmetadepsspecht_is_subtargetconfig
2020-01-21 11:01:16.588192 | > DO_CALL (0.001s wait)
.2020-01-21 11:01:16.594240 | eval'd: drake::cmq_buildtargetmetadepsspecht_is_subtargetconfig
2020-01-21 11:01:20.436254 | > DO_CALL (0.001s wait)
.2020-01-21 11:01:20.442562 | eval'd: drake::cmq_buildtargetmetadepsspecht_is_subtargetconfig
2020-01-21 11:01:23.948624 | > DO_CALL (0.000s wait)
.2020-01-21 11:01:23.954278 | eval'd: drake::cmq_buildtargetmetadepsspecht_is_subtargetconfig
2020-01-21 11:01:27.786325 | > DO_CALL (0.001s wait)
.2020-01-21 11:01:27.791165 | eval'd: drake::cmq_buildtargetmetadepsspecht_is_subtargetconfig
2020-01-21 11:01:31.594478 | > DO_CALL (0.000s wait)
.2020-01-21 11:01:31.599344 | eval'd: drake::cmq_buildtargetmetadepsspecht_is_subtargetconfig
2020-01-21 11:01:35.858652 | > DO_CALL (0.000s wait)
.2020-01-21 11:01:35.864309 | eval'd: drake::cmq_buildtargetmetadepsspecht_is_subtargetconfig
2020-01-21 11:01:39.541358 | > DO_CALL (0.001s wait)
.2020-01-21 11:01:39.546000 | eval'd: drake::cmq_buildtargetmetadepsspecht_is_subtargetconfig
2020-01-21 11:01:43.154172 | > DO_CALL (0.000s wait)
.2020-01-21 11:01:43.160595 | eval'd: drake::cmq_buildtargetmetadepsspecht_is_subtargetconfig
2020-01-21 11:01:46.815417 | > DO_CALL (0.001s wait)
.2020-01-21 11:01:46.820603 | eval'd: drake::cmq_buildtargetmetadepsspecht_is_subtargetconfig
2020-01-21 11:01:52.446258 | > DO_CALL (0.001s wait)
.2020-01-21 11:01:52.450834 | eval'd: drake::cmq_buildtargetmetadepsspecht_is_subtargetconfig
2020-01-21 11:01:56.335294 | > DO_CALL (0.001s wait)
.2020-01-21 11:01:56.341593 | eval'd: drake::cmq_buildtargetmetadepsspecht_is_subtargetconfig
2020-01-21 11:02:00.221522 | > DO_CALL (0.000s wait)
.2020-01-21 11:02:00.226522 | eval'd: drake::cmq_buildtargetmetadepsspecht_is_subtargetconfig
2020-01-21 11:02:03.875730 | > DO_CALL (0.000s wait)
.2020-01-21 11:02:03.881641 | eval'd: drake::cmq_buildtargetmetadepsspecht_is_subtargetconfig
2020-01-21 11:02:07.584325 | > DO_CALL (0.001s wait)
.2020-01-21 11:02:07.589000 | eval'd: drake::cmq_buildtargetmetadepsspecht_is_subtargetconfig
2020-01-21 11:02:11.280303 | > DO_CALL (0.001s wait)
.2020-01-21 11:02:11.285251 | eval'd: drake::cmq_buildtargetmetadepsspecht_is_subtargetconfig
2020-01-21 11:02:15.238827 | > DO_CALL (0.000s wait)
.2020-01-21 11:02:15.244338 | eval'd: drake::cmq_buildtargetmetadepsspecht_is_subtargetconfig
2020-01-21 11:02:19.028178 | > DO_CALL (0.001s wait)
.2020-01-21 11:02:19.034285 | eval'd: drake::cmq_buildtargetmetadepsspecht_is_subtargetconfig
2020-01-21 11:02:22.968254 | > DO_CALL (0.001s wait)
.2020-01-21 11:02:22.973425 | eval'd: drake::cmq_buildtargetmetadepsspecht_is_subtargetconfig
2020-01-21 11:02:26.620598 | > DO_CALL (0.001s wait)
.2020-01-21 11:02:26.626321 | eval'd: drake::cmq_buildtargetmetadepsspecht_is_subtargetconfig
2020-01-21 11:02:30.191536 | > DO_CALL (0.001s wait)
.2020-01-21 11:02:30.197298 | eval'd: drake::cmq_buildtargetmetadepsspecht_is_subtargetconfig
2020-01-21 11:02:34.701070 | > DO_CALL (0.000s wait)
.2020-01-21 11:02:34.707778 | eval'd: drake::cmq_buildtargetmetadepsspecht_is_subtargetconfig
2020-01-21 11:02:38.993161 | > DO_CALL (0.000s wait)
.2020-01-21 11:02:38.999305 | eval'd: drake::cmq_buildtargetmetadepsspecht_is_subtargetconfig
2020-01-21 11:02:42.764148 | > DO_CALL (0.000s wait)
.2020-01-21 11:02:42.770220 | eval'd: drake::cmq_buildtargetmetadepsspecht_is_subtargetconfig
2020-01-21 11:02:46.623162 | > DO_CALL (0.000s wait)
.2020-01-21 11:02:46.629303 | eval'd: drake::cmq_buildtargetmetadepsspecht_is_subtargetconfig
2020-01-21 11:02:50.421742 | > DO_CALL (0.000s wait)
.2020-01-21 11:02:50.427265 | eval'd: drake::cmq_buildtargetmetadepsspecht_is_subtargetconfig
2020-01-21 11:02:55.802405 | > DO_CALL (0.001s wait)
.2020-01-21 11:02:55.807828 | eval'd: drake::cmq_buildtargetmetadepsspecht_is_subtargetconfig
2020-01-21 11:02:59.366317 | > DO_CALL (0.001s wait)
.2020-01-21 11:02:59.371317 | eval'd: drake::cmq_buildtargetmetadepsspecht_is_subtargetconfig
2020-01-21 11:03:02.987234 | > DO_CALL (0.001s wait)
.2020-01-21 11:03:02.991945 | eval'd: drake::cmq_buildtargetmetadepsspecht_is_subtargetconfig
2020-01-21 11:03:06.603135 | > DO_CALL (0.000s wait)
.2020-01-21 11:03:06.609149 | eval'd: drake::cmq_buildtargetmetadepsspecht_is_subtargetconfig
2020-01-21 11:03:10.228033 | > DO_CALL (0.000s wait)
.2020-01-21 11:03:10.234314 | eval'd: drake::cmq_buildtargetmetadepsspecht_is_subtargetconfig
2020-01-21 11:03:14.095109 | > DO_CALL (0.000s wait)
.2020-01-21 11:03:14.102051 | eval'd: drake::cmq_buildtargetmetadepsspecht_is_subtargetconfig
2020-01-21 11:03:18.412435 | > DO_CALL (0.001s wait)
.2020-01-21 11:03:18.417528 | eval'd: drake::cmq_buildtargetmetadepsspecht_is_subtargetconfig
2020-01-21 11:03:21.968167 | > DO_CALL (0.000s wait)
.2020-01-21 11:03:21.974784 | eval'd: drake::cmq_buildtargetmetadepsspecht_is_subtargetconfig
2020-01-21 11:03:25.421684 | > DO_CALL (0.000s wait)
.2020-01-21 11:03:25.427176 | eval'd: drake::cmq_buildtargetmetadepsspecht_is_subtargetconfig
2020-01-21 11:03:29.478290 | > DO_CALL (0.001s wait)
.2020-01-21 11:03:29.483381 | eval'd: drake::cmq_buildtargetmetadepsspecht_is_subtargetconfig
2020-01-21 11:03:33.943166 | > DO_CALL (0.000s wait)
.2020-01-21 11:03:33.950149 | eval'd: drake::cmq_buildtargetmetadepsspecht_is_subtargetconfig
2020-01-21 11:03:38.270125 | > DO_CALL (0.000s wait)
.2020-01-21 11:03:38.276225 | eval'd: drake::cmq_buildtargetmetadepsspecht_is_subtargetconfig
2020-01-21 11:03:42.691737 | > DO_CALL (0.000s wait)
.2020-01-21 11:03:42.697360 | eval'd: drake::cmq_buildtargetmetadepsspecht_is_subtargetconfig
2020-01-21 11:03:46.463230 | > DO_CALL (0.001s wait)
.2020-01-21 11:03:46.467870 | eval'd: drake::cmq_buildtargetmetadepsspecht_is_subtargetconfig
2020-01-21 11:03:49.983338 | > DO_CALL (0.001s wait)
.2020-01-21 11:03:49.988506 | eval'd: drake::cmq_buildtargetmetadepsspecht_is_subtargetconfig
2020-01-21 11:03:53.868284 | > DO_CALL (0.001s wait)
.2020-01-21 11:03:53.873746 | eval'd: drake::cmq_buildtargetmetadepsspecht_is_subtargetconfig
2020-01-21 11:03:59.643148 | > DO_CALL (0.000s wait)
.2020-01-21 11:03:59.649256 | eval'd: drake::cmq_buildtargetmetadepsspecht_is_subtargetconfig
2020-01-21 11:04:04.366196 | > DO_CALL (0.001s wait)
.2020-01-21 11:04:04.374693 | eval'd: drake::cmq_buildtargetmetadepsspecht_is_subtargetconfig
2020-01-21 11:04:08.177047 | > DO_CALL (0.000s wait)
.2020-01-21 11:04:08.184123 | eval'd: drake::cmq_buildtargetmetadepsspecht_is_subtargetconfig
2020-01-21 11:04:11.855650 | > DO_CALL (0.001s wait)
.2020-01-21 11:04:11.861912 | eval'd: drake::cmq_buildtargetmetadepsspecht_is_subtargetconfig
2020-01-21 11:04:15.506436 | > DO_CALL (0.001s wait)
.2020-01-21 11:04:15.514703 | eval'd: drake::cmq_buildtargetmetadepsspecht_is_subtargetconfig
2020-01-21 11:04:19.383338 | > DO_CALL (0.001s wait)
.2020-01-21 11:04:19.390827 | eval'd: drake::cmq_buildtargetmetadepsspecht_is_subtargetconfig
2020-01-21 11:04:23.176146 | > DO_CALL (0.000s wait)
.2020-01-21 11:04:23.183478 | eval'd: drake::cmq_buildtargetmetadepsspecht_is_subtargetconfig
2020-01-21 11:04:26.893048 | > DO_CALL (0.000s wait)
.
2020-01-21 11:04:26.900103 | eval'd: drake::cmq_buildtargetmetadepsspecht_is_subtargetconfig
2020-01-21 11:04:30.514491 | > DO_CALL (0.001s wait)
.2020-01-21 11:04:30.520260 | eval'd: drake::cmq_buildtargetmetadepsspecht_is_subtargetconfig
2020-01-21 11:04:34.077210 | > DO_CALL (0.001s wait)
.2020-01-21 11:04:34.082943 | eval'd: drake::cmq_buildtargetmetadepsspecht_is_subtargetconfig
2020-01-21 11:04:37.908254 | > DO_CALL (0.001s wait)
.2020-01-21 11:04:37.915373 | eval'd: drake::cmq_buildtargetmetadepsspecht_is_subtargetconfig
2020-01-21 11:04:41.785629 | > DO_CALL (0.001s wait)
.2020-01-21 11:04:41.791563 | eval'd: drake::cmq_buildtargetmetadepsspecht_is_subtargetconfig
2020-01-21 11:04:46.181313 | > DO_CALL (0.001s wait)
.2020-01-21 11:04:46.188496 | eval'd: drake::cmq_buildtargetmetadepsspecht_is_subtargetconfig
2020-01-21 11:04:49.867711 | > DO_CALL (0.001s wait)
.2020-01-21 11:04:49.873940 | eval'd: drake::cmq_buildtargetmetadepsspecht_is_subtargetconfig
2020-01-21 11:04:53.791181 | > DO_CALL (0.000s wait)
.2020-01-21 11:04:53.799014 | eval'd: drake::cmq_buildtargetmetadepsspecht_is_subtargetconfig
2020-01-21 11:04:57.353488 | > DO_CALL (0.001s wait)
.2020-01-21 11:04:57.359310 | eval'd: drake::cmq_buildtargetmetadepsspecht_is_subtargetconfig
2020-01-21 11:05:03.025418 | > DO_CALL (0.001s wait)
.2020-01-21 11:05:03.032765 | eval'd: drake::cmq_buildtargetmetadepsspecht_is_subtargetconfig
2020-01-21 11:05:06.581871 | > DO_CALL (0.000s wait)
.2020-01-21 11:05:06.609142 | eval'd: drake::cmq_buildtargetmetadepsspecht_is_subtargetconfig
2020-01-21 11:05:10.177168 | > DO_CALL (0.000s wait)
.2020-01-21 11:05:10.184294 | eval'd: drake::cmq_buildtargetmetadepsspecht_is_subtargetconfig
2020-01-21 11:05:14.014022 | > DO_CALL (0.000s wait)
.2020-01-21 11:05:14.021565 | eval'd: drake::cmq_buildtargetmetadepsspecht_is_subtargetconfig
2020-01-21 11:05:18.436353 | > DO_CALL (0.001s wait)
.2020-01-21 11:05:18.441713 | eval'd: drake::cmq_buildtargetmetadepsspecht_is_subtargetconfig
2020-01-21 11:05:21.999110 | > DO_CALL (0.000s wait)
.2020-01-21 11:05:22.003995 | eval'd: drake::cmq_buildtargetmetadepsspecht_is_subtargetconfig
2020-01-21 11:05:25.662696 | > DO_CALL (0.001s wait)
.2020-01-21 11:05:25.669618 | eval'd: drake::cmq_buildtargetmetadepsspecht_is_subtargetconfig
2020-01-21 11:05:29.329352 | > DO_CALL (0.001s wait)
.2020-01-21 11:05:29.334690 | eval'd: drake::cmq_buildtargetmetadepsspecht_is_subtargetconfig
2020-01-21 11:05:33.080996 | > DO_CALL (0.000s wait)
.2020-01-21 11:05:33.087559 | eval'd: drake::cmq_buildtargetmetadepsspecht_is_subtargetconfig
2020-01-21 11:05:36.693360 | > DO_CALL (0.001s wait)
.2020-01-21 11:05:36.698861 | eval'd: drake::cmq_buildtargetmetadepsspecht_is_subtargetconfig
2020-01-21 11:05:40.460005 | > DO_CALL (0.000s wait)
.2020-01-21 11:05:40.466634 | eval'd: drake::cmq_buildtargetmetadepsspecht_is_subtargetconfig
2020-01-21 11:05:44.266216 | > DO_CALL (0.001s wait)
.2020-01-21 11:05:44.273927 | eval'd: drake::cmq_buildtargetmetadepsspecht_is_subtargetconfig
2020-01-21 11:05:48.660565 | > DO_CALL (0.001s wait)
.2020-01-21 11:05:48.666732 | eval'd: drake::cmq_buildtargetmetadepsspecht_is_subtargetconfig
2020-01-21 11:05:52.387995 | > DO_CALL (0.000s wait)
.2020-01-21 11:05:52.394444 | eval'd: drake::cmq_buildtargetmetadepsspecht_is_subtargetconfig
2020-01-21 11:05:55.899105 | > DO_CALL (0.000s wait)
.2020-01-21 11:05:55.904038 | eval'd: drake::cmq_buildtargetmetadepsspecht_is_subtargetconfig
2020-01-21 11:05:59.435436 | > DO_CALL (0.001s wait)
.2020-01-21 11:05:59.441121 | eval'd: drake::cmq_buildtargetmetadepsspecht_is_subtargetconfig
2020-01-21 11:06:04.187703 | > DO_CALL (0.001s wait)
.2020-01-21 11:06:04.194301 | eval'd: drake::cmq_buildtargetmetadepsspecht_is_subtargetconfig
2020-01-21 11:06:07.774161 | > DO_CALL (0.000s wait)
.2020-01-21 11:06:07.779276 | eval'd: drake::cmq_buildtargetmetadepsspecht_is_subtargetconfig
2020-01-21 11:06:11.338227 | > DO_CALL (0.001s wait)
.2020-01-21 11:06:11.343614 | eval'd: drake::cmq_buildtargetmetadepsspecht_is_subtargetconfig
2020-01-21 11:06:15.187664 | > DO_CALL (0.001s wait)
.2020-01-21 11:06:15.194549 | eval'd: drake::cmq_buildtargetmetadepsspecht_is_subtargetconfig
2020-01-21 11:06:19.703973 | > DO_CALL (0.001s wait)
.2020-01-21 11:06:19.710605 | eval'd: drake::cmq_buildtargetmetadepsspecht_is_subtargetconfig
2020-01-21 11:06:23.078088 | > DO_CALL (0.000s wait)
.2020-01-21 11:06:23.083090 | eval'd: drake::cmq_buildtargetmetadepsspecht_is_subtargetconfig
2020-01-21 11:06:26.637066 | > DO_CALL (0.000s wait)
.2020-01-21 11:06:26.643707 | eval'd: drake::cmq_buildtargetmetadepsspecht_is_subtargetconfig
2020-01-21 11:06:30.237114 | > DO_CALL (0.000s wait)
.2020-01-21 11:06:30.242134 | eval'd: drake::cmq_buildtargetmetadepsspecht_is_subtargetconfig
2020-01-21 11:06:33.973186 | > DO_CALL (0.001s wait)
.2020-01-21 11:06:33.979094 | eval'd: drake::cmq_buildtargetmetadepsspecht_is_subtargetconfig
2020-01-21 11:06:37.571331 | > DO_CALL (0.001s wait)
.2020-01-21 11:06:37.576719 | eval'd: drake::cmq_buildtargetmetadepsspecht_is_subtargetconfig
2020-01-21 11:06:41.158149 | > DO_CALL (0.000s wait)
.2020-01-21 11:06:41.165014 | eval'd: drake::cmq_buildtargetmetadepsspecht_is_subtargetconfig
2020-01-21 11:06:44.732119 | > DO_CALL (0.000s wait)
.2020-01-21 11:06:44.739236 | eval'd: drake::cmq_buildtargetmetadepsspecht_is_subtargetconfig
2020-01-21 11:06:48.911035 | > DO_CALL (0.001s wait)
.2020-01-21 11:06:48.917239 | eval'd: drake::cmq_buildtargetmetadepsspecht_is_subtargetconfig
2020-01-21 11:06:52.654717 | > DO_CALL (0.001s wait)
.2020-01-21 11:06:52.660618 | eval'd: drake::cmq_buildtargetmetadepsspecht_is_subtargetconfig
2020-01-21 11:06:56.332272 | > DO_CALL (0.001s wait)
.2020-01-21 11:06:56.337319 | eval'd: drake::cmq_buildtargetmetadepsspecht_is_subtargetconfig
2020-01-21 11:07:00.080143 | > DO_CALL (0.000s wait)
.2020-01-21 11:07:00.086972 | eval'd: drake::cmq_buildtargetmetadepsspecht_is_subtargetconfig
2020-01-21 11:07:04.195066 | > DO_CALL (0.000s wait)
.2020-01-21 11:07:04.200832 | eval'd: drake::cmq_buildtargetmetadepsspecht_is_subtargetconfig
2020-01-21 11:07:09.451072 | > DO_CALL (0.000s wait)
.2020-01-21 11:07:09.456094 | eval'd: drake::cmq_buildtargetmetadepsspecht_is_subtargetconfig
2020-01-21 11:07:12.867860 | > DO_CALL (0.001s wait)
.2020-01-21 11:07:12.874545 | eval'd: drake::cmq_buildtargetmetadepsspecht_is_subtargetconfig
2020-01-21 11:07:16.325336 | > DO_CALL (0.001s wait)
.2020-01-21 11:07:16.330816 | eval'd: drake::cmq_buildtargetmetadepsspecht_is_subtargetconfig
2020-01-21 11:07:19.793408 | > DO_CALL (0.001s wait)
.2020-01-21 11:07:19.799163 | eval'd: drake::cmq_buildtargetmetadepsspecht_is_subtargetconfig
2020-01-21 11:07:23.233020 | > DO_CALL (0.000s wait)
.2020-01-21 11:07:23.238455 | eval'd: drake::cmq_buildtargetmetadepsspecht_is_subtargetconfig
2020-01-21 11:07:27.523097 | > DO_CALL (0.000s wait)
.2020-01-21 11:07:27.528356 | eval'd: drake::cmq_buildtargetmetadepsspecht_is_subtargetconfig
2020-01-21 11:07:31.142843 | > DO_CALL (0.001s wait)
.2020-01-21 11:07:31.149468 | eval'd: drake::cmq_buildtargetmetadepsspecht_is_subtargetconfig
2020-01-21 11:07:34.638194 | > DO_CALL (0.001s wait)
.2020-01-21 11:07:34.643526 | eval'd: drake::cmq_buildtargetmetadepsspecht_is_subtargetconfig
2020-01-21 11:07:38.165246 | > DO_CALL (0.001s wait)
.2020-01-21 11:07:38.170685 | eval'd: drake::cmq_buildtargetmetadepsspecht_is_subtargetconfig
2020-01-21 11:07:41.737119 | > DO_CALL (0.000s wait)
.2020-01-21 11:07:41.742285 | eval'd: drake::cmq_buildtargetmetadepsspecht_is_subtargetconfig
2020-01-21 11:07:45.465120 | > DO_CALL (0.001s wait)
.2020-01-21 11:07:45.472575 | eval'd: drake::cmq_buildtargetmetadepsspecht_is_subtargetconfig
2020-01-21 11:07:49.134104 | > DO_CALL (0.000s wait)
.2020-01-21 11:07:49.139340 | eval'd: drake::cmq_buildtargetmetadepsspecht_is_subtargetconfig
2020-01-21 11:07:53.199233 | > DO_CALL (0.001s wait)
.2020-01-21 11:07:53.205075 | eval'd: drake::cmq_buildtargetmetadepsspecht_is_subtargetconfig
2020-01-21 11:07:57.564691 | > DO_CALL (0.001s wait)
.2020-01-21 11:07:57.571258 | eval'd: drake::cmq_buildtargetmetadepsspecht_is_subtargetconfig
2020-01-21 11:08:01.134082 | > DO_CALL (0.000s wait)
.2020-01-21 11:08:01.139275 | eval'd: drake::cmq_buildtargetmetadepsspecht_is_subtargetconfig
2020-01-21 11:08:04.737772 | > DO_CALL (0.001s wait)
.2020-01-21 11:08:04.744698 | eval'd: drake::cmq_buildtargetmetadepsspecht_is_subtargetconfig
2020-01-21 11:08:10.310034 | > DO_CALL (0.001s wait)
.2020-01-21 11:08:10.316964 | eval'd: drake::cmq_buildtargetmetadepsspecht_is_subtargetconfig
2020-01-21 11:08:13.793355 | > DO_CALL (0.001s wait)
.2020-01-21 11:08:13.799385 | eval'd: drake::cmq_buildtargetmetadepsspecht_is_subtargetconfig
2020-01-21 11:08:17.269583 | > DO_CALL (0.001s wait)
.2020-01-21 11:08:17.275660 | eval'd: drake::cmq_buildtargetmetadepsspecht_is_subtargetconfig
2020-01-21 11:08:20.864212 | > DO_CALL (0.001s wait)
.2020-01-21 11:08:20.869596 | eval'd: drake::cmq_buildtargetmetadepsspecht_is_subtargetconfig
2020-01-21 11:08:24.408956 | > DO_CALL (0.001s wait)
.2020-01-21 11:08:24.416321 | eval'd: drake::cmq_buildtargetmetadepsspecht_is_subtargetconfig
2020-01-21 11:08:27.876191 | > DO_CALL (0.001s wait)
.2020-01-21 11:08:27.883275 | eval'd: drake::cmq_buildtargetmetadepsspecht_is_subtargetconfig
2020-01-21 11:08:31.384808 | > DO_CALL (0.001s wait)
.2020-01-21 11:08:31.391149 | eval'd: drake::cmq_buildtargetmetadepsspecht_is_subtargetconfig
2020-01-21 11:08:36.014749 | > DO_CALL (0.001s wait)
.2020-01-21 11:08:36.021656 | eval'd: drake::cmq_buildtargetmetadepsspecht_is_subtargetconfig
2020-01-21 11:08:39.487957 | > DO_CALL (0.001s wait)
.2020-01-21 11:08:39.495043 | eval'd: drake::cmq_buildtargetmetadepsspecht_is_subtargetconfig
2020-01-21 11:08:43.285970 | > DO_CALL (0.000s wait)
.2020-01-21 11:08:43.291506 | eval'd: drake::cmq_buildtargetmetadepsspecht_is_subtargetconfig
2020-01-21 11:08:46.895885 | > DO_CALL (0.001s wait)
.2020-01-21 11:08:46.901988 | eval'd: drake::cmq_buildtargetmetadepsspecht_is_subtargetconfig
2020-01-21 11:08:50.504023 | > DO_CALL (0.000s wait)
.2020-01-21 11:08:50.508891 | eval'd: drake::cmq_buildtargetmetadepsspecht_is_subtargetconfig
2020-01-21 11:08:53.932966 | > DO_CALL (0.000s wait)
.2020-01-21 11:08:53.938185 | eval'd: drake::cmq_buildtargetmetadepsspecht_is_subtargetconfig
2020-01-21 11:08:58.043018 | > DO_CALL (0.000s wait)
.2020-01-21 11:08:58.047844 | eval'd: drake::cmq_buildtargetmetadepsspecht_is_subtargetconfig
2020-01-21 11:09:01.853075 | > DO_CALL (0.000s wait)
.2020-01-21 11:09:01.857942 | eval'd: drake::cmq_buildtargetmetadepsspecht_is_subtargetconfig
2020-01-21 11:09:05.564767 | > DO_CALL (0.001s wait)
.2020-01-21 11:09:05.570748 | eval'd: drake::cmq_buildtargetmetadepsspecht_is_subtargetconfig
2020-01-21 11:09:09.266733 | > DO_CALL (0.001s wait)
.2020-01-21 11:09:09.272688 | eval'd: drake::cmq_buildtargetmetadepsspecht_is_subtargetconfig
2020-01-21 11:09:14.782595 | > DO_CALL (0.001s wait)
.2020-01-21 11:09:14.788847 | eval'd: drake::cmq_buildtargetmetadepsspecht_is_subtargetconfig
2020-01-21 11:09:18.182210 | > DO_CALL (0.001s wait)
.2020-01-21 11:09:18.187421 | eval'd: drake::cmq_buildtargetmetadepsspecht_is_subtargetconfig
2020-01-21 11:09:21.599421 | > DO_CALL (0.001s wait)
.2020-01-21 11:09:21.604684 | eval'd: drake::cmq_buildtargetmetadepsspecht_is_subtargetconfig
2020-01-21 11:09:25.153909 | > DO_CALL (0.000s wait)
.2020-01-21 11:09:25.159385 | eval'd: drake::cmq_buildtargetmetadepsspecht_is_subtargetconfig
2020-01-21 11:09:28.840058 | > DO_CALL (0.001s wait)
.
2020-01-21 11:09:28.846841 | eval'd: drake::cmq_buildtargetmetadepsspecht_is_subtargetconfig
2020-01-21 11:09:32.645293 | > DO_CALL (0.001s wait)
.2020-01-21 11:09:32.650385 | eval'd: drake::cmq_buildtargetmetadepsspecht_is_subtargetconfig
2020-01-21 11:09:36.380256 | > DO_CALL (0.001s wait)
.2020-01-21 11:09:36.385458 | eval'd: drake::cmq_buildtargetmetadepsspecht_is_subtargetconfig
2020-01-21 11:09:40.818238 | > DO_CALL (0.002s wait)
.2020-01-21 11:09:40.825130 | eval'd: drake::cmq_buildtargetmetadepsspecht_is_subtargetconfig
2020-01-21 11:09:44.577246 | > DO_CALL (0.001s wait)
.2020-01-21 11:09:44.583240 | eval'd: drake::cmq_buildtargetmetadepsspecht_is_subtargetconfig
2020-01-21 11:09:48.190003 | > DO_CALL (0.001s wait)
.2020-01-21 11:09:48.196684 | eval'd: drake::cmq_buildtargetmetadepsspecht_is_subtargetconfig
2020-01-21 11:09:51.555050 | > DO_CALL (0.001s wait)
.2020-01-21 11:09:51.575370 | eval'd: drake::cmq_buildtargetmetadepsspecht_is_subtargetconfig
2020-01-21 11:09:55.097158 | > DO_CALL (0.000s wait)
.2020-01-21 11:09:55.102082 | eval'd: drake::cmq_buildtargetmetadepsspecht_is_subtargetconfig
2020-01-21 11:09:59.181069 | > DO_CALL (0.000s wait)
.2020-01-21 11:09:59.186634 | eval'd: drake::cmq_buildtargetmetadepsspecht_is_subtargetconfig
2020-01-21 11:10:02.640009 | > DO_CALL (0.000s wait)
.2020-01-21 11:10:02.644773 | eval'd: drake::cmq_buildtargetmetadepsspecht_is_subtargetconfig
2020-01-21 11:10:06.104125 | > DO_CALL (0.000s wait)
.2020-01-21 11:10:06.109050 | eval'd: drake::cmq_buildtargetmetadepsspecht_is_subtargetconfig
2020-01-21 11:10:09.573543 | > DO_CALL (0.001s wait)
.2020-01-21 11:10:09.579161 | eval'd: drake::cmq_buildtargetmetadepsspecht_is_subtargetconfig
2020-01-21 11:10:14.846260 | > DO_CALL (0.001s wait)
.2020-01-21 11:10:14.851992 | eval'd: drake::cmq_buildtargetmetadepsspecht_is_subtargetconfig
2020-01-21 11:10:18.373015 | > DO_CALL (0.000s wait)
.2020-01-21 11:10:18.377722 | eval'd: drake::cmq_buildtargetmetadepsspecht_is_subtargetconfig
2020-01-21 11:10:21.937473 | > DO_CALL (0.001s wait)
.2020-01-21 11:10:21.942967 | eval'd: drake::cmq_buildtargetmetadepsspecht_is_subtargetconfig
2020-01-21 11:10:25.457134 | > DO_CALL (0.000s wait)
.2020-01-21 11:10:25.462556 | eval'd: drake::cmq_buildtargetmetadepsspecht_is_subtargetconfig
2020-01-21 11:10:28.939772 | > DO_CALL (0.001s wait)
.2020-01-21 11:10:28.945827 | eval'd: drake::cmq_buildtargetmetadepsspecht_is_subtargetconfig
2020-01-21 11:10:32.590848 | > DO_CALL (0.001s wait)
.2020-01-21 11:10:32.596889 | eval'd: drake::cmq_buildtargetmetadepsspecht_is_subtargetconfig
2020-01-21 11:10:36.085218 | > DO_CALL (0.001s wait)
.2020-01-21 11:10:36.090379 | eval'd: drake::cmq_buildtargetmetadepsspecht_is_subtargetconfig
2020-01-21 11:10:39.848846 | > DO_CALL (0.001s wait)
.2020-01-21 11:10:39.855238 | eval'd: drake::cmq_buildtargetmetadepsspecht_is_subtargetconfig
2020-01-21 11:10:43.360194 | > DO_CALL (0.001s wait)
.2020-01-21 11:10:43.366071 | eval'd: drake::cmq_buildtargetmetadepsspecht_is_subtargetconfig
2020-01-21 11:10:46.945421 | > DO_CALL (0.001s wait)
.2020-01-21 11:10:46.950931 | eval'd: drake::cmq_buildtargetmetadepsspecht_is_subtargetconfig
2020-01-21 11:10:50.455610 | > DO_CALL (0.001s wait)
.2020-01-21 11:10:50.461422 | eval'd: drake::cmq_buildtargetmetadepsspecht_is_subtargetconfig
2020-01-21 11:10:53.949900 | > DO_CALL (0.000s wait)
.2020-01-21 11:10:53.955211 | eval'd: drake::cmq_buildtargetmetadepsspecht_is_subtargetconfig
2020-01-21 11:10:58.491676 | > DO_CALL (0.001s wait)
.2020-01-21 11:10:58.497751 | eval'd: drake::cmq_buildtargetmetadepsspecht_is_subtargetconfig
2020-01-21 11:11:02.602164 | > DO_CALL (0.000s wait)
.2020-01-21 11:11:02.607350 | eval'd: drake::cmq_buildtargetmetadepsspecht_is_subtargetconfig
2020-01-21 11:11:06.398668 | > DO_CALL (0.001s wait)
.2020-01-21 11:11:06.404629 | eval'd: drake::cmq_buildtargetmetadepsspecht_is_subtargetconfig
2020-01-21 11:11:09.920680 | > DO_CALL (0.001s wait)
.2020-01-21 11:11:09.926732 | eval'd: drake::cmq_buildtargetmetadepsspecht_is_subtargetconfig
2020-01-21 11:11:13.526666 | > DO_CALL (0.001s wait)
.2020-01-21 11:11:13.533171 | eval'd: drake::cmq_buildtargetmetadepsspecht_is_subtargetconfig
2020-01-21 11:11:19.110628 | > DO_CALL (0.001s wait)
.2020-01-21 11:11:19.116372 | eval'd: drake::cmq_buildtargetmetadepsspecht_is_subtargetconfig
2020-01-21 11:11:22.638725 | > DO_CALL (0.001s wait)
.2020-01-21 11:11:22.644741 | eval'd: drake::cmq_buildtargetmetadepsspecht_is_subtargetconfig
2020-01-21 11:11:26.168944 | > DO_CALL (0.000s wait)
.2020-01-21 11:11:26.173615 | eval'd: drake::cmq_buildtargetmetadepsspecht_is_subtargetconfig
2020-01-21 11:11:29.698808 | > DO_CALL (0.001s wait)
.2020-01-21 11:11:29.704998 | eval'd: drake::cmq_buildtargetmetadepsspecht_is_subtargetconfig
2020-01-21 11:11:33.317253 | > DO_CALL (0.001s wait)
.2020-01-21 11:11:33.323059 | eval'd: drake::cmq_buildtargetmetadepsspecht_is_subtargetconfig
2020-01-21 11:11:37.005773 | > DO_CALL (0.001s wait)
.2020-01-21 11:11:37.011699 | eval'd: drake::cmq_buildtargetmetadepsspecht_is_subtargetconfig
2020-01-21 11:11:40.795902 | > DO_CALL (0.000s wait)
.2020-01-21 11:11:40.800669 | eval'd: drake::cmq_buildtargetmetadepsspecht_is_subtargetconfig
2020-01-21 11:11:44.536192 | > DO_CALL (0.001s wait)
.2020-01-21 11:11:44.541901 | eval'd: drake::cmq_buildtargetmetadepsspecht_is_subtargetconfig
2020-01-21 11:11:48.078767 | > DO_CALL (0.001s wait)
.2020-01-21 11:11:48.085019 | eval'd: drake::cmq_buildtargetmetadepsspecht_is_subtargetconfig
2020-01-21 11:11:51.561605 | > DO_CALL (0.000s wait)
.2020-01-21 11:11:51.566329 | eval'd: drake::cmq_buildtargetmetadepsspecht_is_subtargetconfig
2020-01-21 11:11:55.961759 | > DO_CALL (0.001s wait)
.2020-01-21 11:11:55.968154 | eval'd: drake::cmq_buildtargetmetadepsspecht_is_subtargetconfig
2020-01-21 11:11:59.408907 | > DO_CALL (0.000s wait)
.2020-01-21 11:11:59.413856 | eval'd: drake::cmq_buildtargetmetadepsspecht_is_subtargetconfig
2020-01-21 11:12:03.545306 | > DO_CALL (0.001s wait)
.2020-01-21 11:12:03.551329 | eval'd: drake::cmq_buildtargetmetadepsspecht_is_subtargetconfig
2020-01-21 11:12:07.068902 | > DO_CALL (0.000s wait)
.2020-01-21 11:12:07.073974 | eval'd: drake::cmq_buildtargetmetadepsspecht_is_subtargetconfig
2020-01-21 11:12:10.512020 | > DO_CALL (0.000s wait)
.2020-01-21 11:12:10.516951 | eval'd: drake::cmq_buildtargetmetadepsspecht_is_subtargetconfig
2020-01-21 11:12:13.990102 | > DO_CALL (0.000s wait)
.2020-01-21 11:12:13.995623 | eval'd: drake::cmq_buildtargetmetadepsspecht_is_subtargetconfig
2020-01-21 11:12:17.497217 | > DO_CALL (0.001s wait)
.2020-01-21 11:12:17.502528 | eval'd: drake::cmq_buildtargetmetadepsspecht_is_subtargetconfig
2020-01-21 11:12:22.764276 | > DO_CALL (0.001s wait)
.2020-01-21 11:12:22.769755 | eval'd: drake::cmq_buildtargetmetadepsspecht_is_subtargetconfig
2020-01-21 11:12:26.181371 | > DO_CALL (0.001s wait)
.2020-01-21 11:12:26.186796 | eval'd: drake::cmq_buildtargetmetadepsspecht_is_subtargetconfig
2020-01-21 11:12:29.752585 | > DO_CALL (0.001s wait)
.2020-01-21 11:12:29.758463 | eval'd: drake::cmq_buildtargetmetadepsspecht_is_subtargetconfig
2020-01-21 11:12:34.165946 | > DO_CALL (0.000s wait)
.2020-01-21 11:12:34.171590 | eval'd: drake::cmq_buildtargetmetadepsspecht_is_subtargetconfig
2020-01-21 11:12:37.667937 | > DO_CALL (0.000s wait)
.2020-01-21 11:12:37.672758 | eval'd: drake::cmq_buildtargetmetadepsspecht_is_subtargetconfig
2020-01-21 11:12:41.191124 | > DO_CALL (0.000s wait)
.2020-01-21 11:12:41.196265 | eval'd: drake::cmq_buildtargetmetadepsspecht_is_subtargetconfig
2020-01-21 11:12:44.623173 | > DO_CALL (0.001s wait)
.2020-01-21 11:12:44.628940 | eval'd: drake::cmq_buildtargetmetadepsspecht_is_subtargetconfig
2020-01-21 11:12:48.219888 | > DO_CALL (0.000s wait)
.2020-01-21 11:12:48.224776 | eval'd: drake::cmq_buildtargetmetadepsspecht_is_subtargetconfig
2020-01-21 11:12:51.729643 | > DO_CALL (0.001s wait)
.2020-01-21 11:12:51.735882 | eval'd: drake::cmq_buildtargetmetadepsspecht_is_subtargetconfig
2020-01-21 11:12:55.311777 | > DO_CALL (0.000s wait)
.2020-01-21 11:12:55.316534 | eval'd: drake::cmq_buildtargetmetadepsspecht_is_subtargetconfig
2020-01-21 11:12:58.784801 | > DO_CALL (0.000s wait)
.2020-01-21 11:12:58.789608 | eval'd: drake::cmq_buildtargetmetadepsspecht_is_subtargetconfig
2020-01-21 11:13:02.128350 | > DO_CALL (0.001s wait)
.2020-01-21 11:13:02.134065 | eval'd: drake::cmq_buildtargetmetadepsspecht_is_subtargetconfig
2020-01-21 11:13:05.503563 | > DO_CALL (0.001s wait)
.2020-01-21 11:13:05.509430 | eval'd: drake::cmq_buildtargetmetadepsspecht_is_subtargetconfig
2020-01-21 11:13:09.558266 | > DO_CALL (0.001s wait)
.2020-01-21 11:13:09.563803 | eval'd: drake::cmq_buildtargetmetadepsspecht_is_subtargetconfig
2020-01-21 11:13:13.109185 | > DO_CALL (0.001s wait)
.2020-01-21 11:13:13.114765 | eval'd: drake::cmq_buildtargetmetadepsspecht_is_subtargetconfig
2020-01-21 11:13:16.707681 | > DO_CALL (0.001s wait)
.2020-01-21 11:13:16.713774 | eval'd: drake::cmq_buildtargetmetadepsspecht_is_subtargetconfig
2020-01-21 11:13:20.399011 | > DO_CALL (0.000s wait)
.2020-01-21 11:13:20.403906 | eval'd: drake::cmq_buildtargetmetadepsspecht_is_subtargetconfig
2020-01-21 11:13:25.421530 | > DO_CALL (0.001s wait)
.2020-01-21 11:13:25.428070 | eval'd: drake::cmq_buildtargetmetadepsspecht_is_subtargetconfig
2020-01-21 11:13:28.911868 | > DO_CALL (0.000s wait)
.2020-01-21 11:13:28.916823 | eval'd: drake::cmq_buildtargetmetadepsspecht_is_subtargetconfig
2020-01-21 11:13:32.544800 | > DO_CALL (0.000s wait)
.2020-01-21 11:13:32.549545 | eval'd: drake::cmq_buildtargetmetadepsspecht_is_subtargetconfig
2020-01-21 11:13:36.098206 | > DO_CALL (0.001s wait)
.2020-01-21 11:13:36.103714 | eval'd: drake::cmq_buildtargetmetadepsspecht_is_subtargetconfig
2020-01-21 11:13:39.541672 | > DO_CALL (0.001s wait)
.2020-01-21 11:13:39.547832 | eval'd: drake::cmq_buildtargetmetadepsspecht_is_subtargetconfig
2020-01-21 11:13:43.764156 | > DO_CALL (0.000s wait)
.2020-01-21 11:13:43.770050 | eval'd: drake::cmq_buildtargetmetadepsspecht_is_subtargetconfig
2020-01-21 11:13:47.204893 | > DO_CALL (0.001s wait)
.2020-01-21 11:13:47.211595 | eval'd: drake::cmq_buildtargetmetadepsspecht_is_subtargetconfig
2020-01-21 11:13:50.808115 | > DO_CALL (0.000s wait)
.2020-01-21 11:13:50.813231 | eval'd: drake::cmq_buildtargetmetadepsspecht_is_subtargetconfig
2020-01-21 11:13:54.365803 | > DO_CALL (0.000s wait)
.2020-01-21 11:13:54.371119 | eval'd: drake::cmq_buildtargetmetadepsspecht_is_subtargetconfig
2020-01-21 11:13:57.819448 | > DO_CALL (0.001s wait)
.2020-01-21 11:13:57.825285 | eval'd: drake::cmq_buildtargetmetadepsspecht_is_subtargetconfig
2020-01-21 11:14:01.309489 | > DO_CALL (0.001s wait)
.2020-01-21 11:14:01.315435 | eval'd: drake::cmq_buildtargetmetadepsspecht_is_subtargetconfig
2020-01-21 11:14:04.826345 | > DO_CALL (0.001s wait)
.2020-01-21 11:14:04.831863 | eval'd: drake::cmq_buildtargetmetadepsspecht_is_subtargetconfig
2020-01-21 11:14:08.357805 | > DO_CALL (0.000s wait)
.2020-01-21 11:14:08.362619 | eval'd: drake::cmq_buildtargetmetadepsspecht_is_subtargetconfig
2020-01-21 11:14:12.340886 | > DO_CALL (0.001s wait)
.2020-01-21 11:14:12.347685 | eval'd: drake::cmq_buildtargetmetadepsspecht_is_subtargetconfig
2020-01-21 11:14:15.686106 | > DO_CALL (0.000s wait)
.2020-01-21 11:14:15.691442 | eval'd: drake::cmq_buildtargetmetadepsspecht_is_subtargetconfig
2020-01-21 11:14:19.134940 | > DO_CALL (0.001s wait)
.2020-01-21 11:14:19.141806 | eval'd: drake::cmq_buildtargetmetadepsspecht_is_subtargetconfig
2020-01-21 11:14:23.390991 | > DO_CALL (0.000s wait)
.
2020-01-21 11:14:23.396625 | eval'd: drake::cmq_buildtargetmetadepsspecht_is_subtargetconfig
2020-01-21 11:14:28.896543 | > DO_CALL (0.001s wait)
.2020-01-21 11:14:28.918449 | eval'd: drake::cmq_buildtargetmetadepsspecht_is_subtargetconfig
2020-01-21 11:14:32.533645 | > DO_CALL (0.001s wait)
.2020-01-21 11:14:32.539987 | eval'd: drake::cmq_buildtargetmetadepsspecht_is_subtargetconfig
2020-01-21 11:14:35.940061 | > DO_CALL (0.000s wait)
.2020-01-21 11:14:35.945308 | eval'd: drake::cmq_buildtargetmetadepsspecht_is_subtargetconfig
2020-01-21 11:14:39.421314 | > DO_CALL (0.001s wait)
.2020-01-21 11:14:39.426885 | eval'd: drake::cmq_buildtargetmetadepsspecht_is_subtargetconfig
2020-01-21 11:14:42.922017 | > DO_CALL (0.000s wait)
.2020-01-21 11:14:42.927061 | eval'd: drake::cmq_buildtargetmetadepsspecht_is_subtargetconfig
2020-01-21 11:14:46.360692 | > DO_CALL (0.001s wait)
.2020-01-21 11:14:46.366987 | eval'd: drake::cmq_buildtargetmetadepsspecht_is_subtargetconfig
2020-01-21 11:14:49.712218 | > DO_CALL (0.001s wait)
.2020-01-21 11:14:49.717646 | eval'd: drake::cmq_buildtargetmetadepsspecht_is_subtargetconfig
2020-01-21 11:14:53.147547 | > DO_CALL (0.000s wait)
.2020-01-21 11:14:53.152933 | eval'd: drake::cmq_buildtargetmetadepsspecht_is_subtargetconfig
2020-01-21 11:14:56.532792 | > DO_CALL (0.000s wait)
.2020-01-21 11:14:56.537689 | eval'd: drake::cmq_buildtargetmetadepsspecht_is_subtargetconfig
2020-01-21 11:15:00.046272 | > DO_CALL (0.001s wait)
.2020-01-21 11:15:00.051824 | eval'd: drake::cmq_buildtargetmetadepsspecht_is_subtargetconfig
2020-01-21 11:15:03.445811 | > DO_CALL (0.000s wait)
.2020-01-21 11:15:03.451076 | eval'd: drake::cmq_buildtargetmetadepsspecht_is_subtargetconfig
2020-01-21 11:15:06.794649 | > DO_CALL (0.001s wait)
.2020-01-21 11:15:06.801005 | eval'd: drake::cmq_buildtargetmetadepsspecht_is_subtargetconfig
2020-01-21 11:15:10.231611 | > DO_CALL (0.001s wait)
.2020-01-21 11:15:10.237750 | eval'd: drake::cmq_buildtargetmetadepsspecht_is_subtargetconfig
2020-01-21 11:15:14.328085 | > DO_CALL (0.000s wait)
.2020-01-21 11:15:14.333704 | eval'd: drake::cmq_buildtargetmetadepsspecht_is_subtargetconfig
2020-01-21 11:15:17.940537 | > DO_CALL (0.000s wait)
.2020-01-21 11:15:17.945122 | eval'd: drake::cmq_buildtargetmetadepsspecht_is_subtargetconfig
2020-01-21 11:15:22.096635 | > DO_CALL (0.001s wait)
.2020-01-21 11:15:22.102833 | eval'd: drake::cmq_buildtargetmetadepsspecht_is_subtargetconfig
2020-01-21 11:15:25.537517 | > DO_CALL (0.001s wait)
.2020-01-21 11:15:25.543451 | eval'd: drake::cmq_buildtargetmetadepsspecht_is_subtargetconfig
2020-01-21 11:15:31.009974 | > DO_CALL (0.000s wait)
.2020-01-21 11:15:31.014968 | eval'd: drake::cmq_buildtargetmetadepsspecht_is_subtargetconfig
2020-01-21 11:15:34.476811 | > DO_CALL (0.000s wait)
.2020-01-21 11:15:34.482311 | eval'd: drake::cmq_buildtargetmetadepsspecht_is_subtargetconfig
2020-01-21 11:15:37.801723 | > DO_CALL (0.000s wait)
.2020-01-21 11:15:37.806481 | eval'd: drake::cmq_buildtargetmetadepsspecht_is_subtargetconfig
2020-01-21 11:15:41.365679 | > DO_CALL (0.000s wait)
.2020-01-21 11:15:41.370442 | eval'd: drake::cmq_buildtargetmetadepsspecht_is_subtargetconfig
2020-01-21 11:15:44.695833 | > DO_CALL (0.000s wait)
.2020-01-21 11:15:44.700584 | eval'd: drake::cmq_buildtargetmetadepsspecht_is_subtargetconfig
2020-01-21 11:15:48.317829 | > DO_CALL (0.000s wait)
.2020-01-21 11:15:48.322782 | eval'd: drake::cmq_buildtargetmetadepsspecht_is_subtargetconfig
2020-01-21 11:15:52.552751 | > DO_CALL (0.000s wait)
.2020-01-21 11:15:52.557375 | eval'd: drake::cmq_buildtargetmetadepsspecht_is_subtargetconfig
2020-01-21 11:15:55.852755 | > DO_CALL (0.000s wait)
.2020-01-21 11:15:55.857447 | eval'd: drake::cmq_buildtargetmetadepsspecht_is_subtargetconfig
2020-01-21 11:15:59.172731 | > DO_CALL (0.000s wait)
.2020-01-21 11:15:59.177455 | eval'd: drake::cmq_buildtargetmetadepsspecht_is_subtargetconfig
2020-01-21 11:16:02.585719 | > DO_CALL (0.000s wait)
.2020-01-21 11:16:02.590314 | eval'd: drake::cmq_buildtargetmetadepsspecht_is_subtargetconfig
2020-01-21 11:16:05.864924 | > DO_CALL (0.000s wait)
.2020-01-21 11:16:05.869969 | eval'd: drake::cmq_buildtargetmetadepsspecht_is_subtargetconfig
2020-01-21 11:16:09.363743 | > DO_CALL (0.000s wait)
.2020-01-21 11:16:09.368429 | eval'd: drake::cmq_buildtargetmetadepsspecht_is_subtargetconfig
2020-01-21 11:16:12.740362 | > DO_CALL (0.001s wait)
.2020-01-21 11:16:12.746047 | eval'd: drake::cmq_buildtargetmetadepsspecht_is_subtargetconfig
2020-01-21 11:16:16.582805 | > DO_CALL (0.000s wait)
.2020-01-21 11:16:16.587919 | eval'd: drake::cmq_buildtargetmetadepsspecht_is_subtargetconfig
2020-01-21 11:16:19.923624 | > DO_CALL (0.001s wait)
.2020-01-21 11:16:19.930039 | eval'd: drake::cmq_buildtargetmetadepsspecht_is_subtargetconfig
2020-01-21 11:16:23.386594 | > DO_CALL (0.001s wait)
.2020-01-21 11:16:23.393561 | eval'd: drake::cmq_buildtargetmetadepsspecht_is_subtargetconfig
2020-01-21 11:16:26.774612 | > DO_CALL (0.001s wait)
.2020-01-21 11:16:26.780868 | eval'd: drake::cmq_buildtargetmetadepsspecht_is_subtargetconfig
2020-01-21 11:16:30.336730 | > DO_CALL (0.000s wait)
.2020-01-21 11:16:30.341507 | eval'd: drake::cmq_buildtargetmetadepsspecht_is_subtargetconfig
2020-01-21 11:16:35.239097 | > DO_CALL (0.000s wait)
.2020-01-21 11:16:35.245842 | eval'd: drake::cmq_buildtargetmetadepsspecht_is_subtargetconfig
2020-01-21 11:16:38.709077 | > DO_CALL (0.000s wait)
.2020-01-21 11:16:38.714311 | eval'd: drake::cmq_buildtargetmetadepsspecht_is_subtargetconfig
2020-01-21 11:16:42.944598 | > DO_CALL (0.001s wait)
.2020-01-21 11:16:42.950798 | eval'd: drake::cmq_buildtargetmetadepsspecht_is_subtargetconfig
2020-01-21 11:16:46.330337 | > DO_CALL (0.001s wait)
.2020-01-21 11:16:46.335940 | eval'd: drake::cmq_buildtargetmetadepsspecht_is_subtargetconfig
2020-01-21 11:16:49.823036 | > DO_CALL (0.000s wait)
.2020-01-21 11:16:49.828451 | eval'd: drake::cmq_buildtargetmetadepsspecht_is_subtargetconfig
2020-01-21 11:16:53.238763 | > DO_CALL (0.000s wait)
.2020-01-21 11:16:53.244915 | eval'd: drake::cmq_buildtargetmetadepsspecht_is_subtargetconfig
2020-01-21 11:16:56.552654 | > DO_CALL (0.000s wait)
.2020-01-21 11:16:56.557245 | eval'd: drake::cmq_buildtargetmetadepsspecht_is_subtargetconfig
2020-01-21 11:16:59.454559 | > WORKER_WAIT (0.000s wait)
2020-01-21 11:16:59.455079 | waiting 2.50s
2020-01-21 11:19:41.994671 | > WORKER_WAIT (0.000s wait)
2020-01-21 11:19:41.999003 | waiting 2.50s
Error in clustermq:::worker("tcp://c24a-s1:7958") : 
  Timeout reached, terminating
Execution halted
