2020-08-01 14:27:07.125324 | Master: tcp://c22a-s1.ufhpc:8674
2020-08-01 14:27:07.149698 | WORKER_UP to: tcp://c22a-s1.ufhpc:8674
2020-08-01 14:27:09.933424 | > DO_SETUP (2.761s wait)
2020-08-01 14:27:09.934011 | token from msg: set_common_data_token
2020-08-01 14:28:36.973292 | > DO_CALL (21.190s wait)
* Option 'clustermq.scheduler' not set, defaulting to ‘SLURM’
--- see: https://mschubert.github.io/clustermq/articles/userguide.html#configuration
2020-08-01 14:28:47.686411 | eval'd: drake::cmq_buildtargetmetadepsspecconfig_tmpconfig
2020-08-01 14:29:06.916628 | > DO_CALL (5.004s wait)
2020-08-01 14:49:32.132141 | eval'd: drake::cmq_buildtargetmetadepsspecconfig_tmpconfig
2020-08-01 14:49:42.959532 | > DO_CALL (5.657s wait)
2020-08-01 14:50:32.853248 | eval'd: drake::cmq_buildtargetmetadepsspecconfig_tmpconfig
2020-08-01 14:50:42.996807 | > DO_CALL (5.047s wait)
2020-08-01 14:51:12.833466 | eval'd: drake::cmq_buildtargetmetadepsspecconfig_tmpconfig
2020-08-01 14:51:23.850625 | > DO_CALL (5.001s wait)
2020-08-01 14:51:31.681492 | eval'd: drake::cmq_buildtargetmetadepsspecconfig_tmpconfig
2020-08-01 14:51:43.172926 | > DO_CALL (5.004s wait)
2020-08-01 14:51:50.423073 | eval'd: drake::cmq_buildtargetmetadepsspecconfig_tmpconfig
2020-08-01 14:51:58.500372 | > DO_CALL (5.030s wait)
2020-08-01 14:52:06.550713 | eval'd: drake::cmq_buildtargetmetadepsspecconfig_tmpconfig
2020-08-01 14:52:17.183507 | > DO_CALL (5.315s wait)
2020-08-01 14:52:45.648961 | eval'd: drake::cmq_buildtargetmetadepsspecconfig_tmpconfig
2020-08-01 14:52:56.300261 | > DO_CALL (5.133s wait)
2020-08-01 14:53:51.531015 | eval'd: drake::cmq_buildtargetmetadepsspecconfig_tmpconfig
2020-08-01 14:54:05.791596 | > DO_CALL (5.066s wait)
2020-08-01 14:54:41.155832 | eval'd: drake::cmq_buildtargetmetadepsspecconfig_tmpconfig
2020-08-01 14:54:51.902227 | > DO_CALL (5.014s wait)
2020-08-01 14:55:05.789562 | eval'd: drake::cmq_buildtargetmetadepsspecconfig_tmpconfig
2020-08-01 14:55:15.561345 | > DO_CALL (5.136s wait)
2020-08-01 14:56:28.142978 | eval'd: drake::cmq_buildtargetmetadepsspecconfig_tmpconfig
2020-08-01 14:56:40.133101 | > DO_CALL (4.984s wait)
2020-08-01 14:56:55.541691 | eval'd: drake::cmq_buildtargetmetadepsspecconfig_tmpconfig
2020-08-01 14:57:06.558020 | > DO_CALL (4.989s wait)
2020-08-01 14:57:45.816544 | eval'd: drake::cmq_buildtargetmetadepsspecconfig_tmpconfig
2020-08-01 14:57:54.877873 | > DO_CALL (5.013s wait)
2020-08-01 14:58:41.434106 | eval'd: drake::cmq_buildtargetmetadepsspecconfig_tmpconfig
2020-08-01 14:58:51.501599 | > DO_CALL (5.011s wait)
2020-08-01 15:00:51.676104 | eval'd: drake::cmq_buildtargetmetadepsspecconfig_tmpconfig
2020-08-01 15:01:02.079562 | > DO_CALL (4.966s wait)
2020-08-01 15:01:08.226248 | eval'd: drake::cmq_buildtargetmetadepsspecconfig_tmpconfig
2020-08-01 15:01:17.078672 | > DO_CALL (4.981s wait)
2020-08-01 15:02:32.722740 | eval'd: drake::cmq_buildtargetmetadepsspecconfig_tmpconfig
2020-08-01 15:02:41.595152 | > DO_CALL (5.050s wait)
2020-08-01 15:03:00.009365 | eval'd: drake::cmq_buildtargetmetadepsspecconfig_tmpconfig
2020-08-01 15:03:10.362859 | > DO_CALL (4.974s wait)
2020-08-01 15:03:44.883167 | eval'd: drake::cmq_buildtargetmetadepsspecconfig_tmpconfig
2020-08-01 15:03:55.571708 | > DO_CALL (5.043s wait)
2020-08-01 15:04:01.361442 | eval'd: drake::cmq_buildtargetmetadepsspecconfig_tmpconfig
2020-08-01 15:04:09.627487 | > DO_CALL (5.073s wait)
2020-08-01 15:05:39.874644 | eval'd: drake::cmq_buildtargetmetadepsspecconfig_tmpconfig
2020-08-01 15:05:53.437753 | > DO_CALL (5.025s wait)
2020-08-01 15:29:09.439138 | eval'd: drake::cmq_buildtargetmetadepsspecconfig_tmpconfig
2020-08-01 15:29:18.166660 | > DO_CALL (5.089s wait)
2020-08-01 15:29:25.039962 | eval'd: drake::cmq_buildtargetmetadepsspecconfig_tmpconfig
2020-08-01 15:29:35.493628 | > DO_CALL (5.072s wait)
2020-08-01 15:30:01.870855 | eval'd: drake::cmq_buildtargetmetadepsspecconfig_tmpconfig
2020-08-01 15:30:10.885328 | > DO_CALL (5.161s wait)
2020-08-01 15:31:02.937760 | eval'd: drake::cmq_buildtargetmetadepsspecconfig_tmpconfig
2020-08-01 15:31:13.567287 | > DO_CALL (5.133s wait)
2020-08-01 15:31:18.361863 | eval'd: drake::cmq_buildtargetmetadepsspecconfig_tmpconfig
2020-08-01 15:31:27.171131 | > DO_CALL (5.139s wait)
2020-08-01 15:31:58.644848 | eval'd: drake::cmq_buildtargetmetadepsspecconfig_tmpconfig
2020-08-01 15:32:08.420367 | > DO_CALL (5.061s wait)
2020-08-01 15:32:28.003581 | eval'd: drake::cmq_buildtargetmetadepsspecconfig_tmpconfig
2020-08-01 15:32:37.990100 | > DO_CALL (5.034s wait)
2020-08-01 15:32:59.455458 | eval'd: drake::cmq_buildtargetmetadepsspecconfig_tmpconfig
2020-08-01 15:33:09.993069 | > DO_CALL (5.047s wait)
2020-08-01 15:33:23.649518 | eval'd: drake::cmq_buildtargetmetadepsspecconfig_tmpconfig
2020-08-01 15:33:34.313386 | > DO_CALL (4.988s wait)
2020-08-01 15:34:02.887093 | eval'd: drake::cmq_buildtargetmetadepsspecconfig_tmpconfig
2020-08-01 15:34:12.054535 | > DO_CALL (5.093s wait)
2020-08-01 15:34:16.364954 | eval'd: drake::cmq_buildtargetmetadepsspecconfig_tmpconfig
2020-08-01 15:34:26.544631 | > DO_CALL (4.998s wait)
2020-08-01 15:35:06.587292 | eval'd: drake::cmq_buildtargetmetadepsspecconfig_tmpconfig
2020-08-01 15:35:17.087756 | > DO_CALL (5.116s wait)
2020-08-01 15:37:14.168154 | eval'd: drake::cmq_buildtargetmetadepsspecconfig_tmpconfig
2020-08-01 15:37:30.696006 | > DO_CALL (5.124s wait)
2020-08-01 15:37:46.266538 | eval'd: drake::cmq_buildtargetmetadepsspecconfig_tmpconfig
2020-08-01 15:37:58.731019 | > DO_CALL (4.850s wait)
2020-08-01 15:39:35.490747 | eval'd: drake::cmq_buildtargetmetadepsspecconfig_tmpconfig
2020-08-01 15:39:48.821728 | > DO_CALL (5.122s wait)
2020-08-01 15:40:02.313292 | eval'd: drake::cmq_buildtargetmetadepsspecconfig_tmpconfig
2020-08-01 15:40:14.496925 | > DO_CALL (5.083s wait)
2020-08-01 15:40:34.063012 | eval'd: drake::cmq_buildtargetmetadepsspecconfig_tmpconfig
2020-08-01 15:40:50.460947 | > DO_CALL (5.108s wait)
2020-08-01 15:41:07.840687 | eval'd: drake::cmq_buildtargetmetadepsspecconfig_tmpconfig
2020-08-01 15:41:17.601250 | > DO_CALL (5.091s wait)
2020-08-01 15:41:41.662540 | eval'd: drake::cmq_buildtargetmetadepsspecconfig_tmpconfig
2020-08-01 15:41:54.204159 | > DO_CALL (5.002s wait)
2020-08-01 15:42:36.541069 | eval'd: drake::cmq_buildtargetmetadepsspecconfig_tmpconfig
2020-08-01 15:42:48.621948 | > DO_CALL (5.015s wait)
2020-08-01 15:42:55.778206 | eval'd: drake::cmq_buildtargetmetadepsspecconfig_tmpconfig
2020-08-01 15:43:11.124676 | > DO_CALL (5.084s wait)
2020-08-01 15:43:54.564374 | eval'd: drake::cmq_buildtargetmetadepsspecconfig_tmpconfig
2020-08-01 15:44:09.181772 | > DO_CALL (5.036s wait)
2020-08-01 15:44:13.060705 | eval'd: drake::cmq_buildtargetmetadepsspecconfig_tmpconfig
2020-08-01 15:44:32.038980 | > DO_CALL (4.953s wait)
2020-08-01 15:44:42.620890 | eval'd: drake::cmq_buildtargetmetadepsspecconfig_tmpconfig
2020-08-01 15:44:56.133395 | > DO_CALL (5.077s wait)
2020-08-01 15:45:36.397835 | eval'd: drake::cmq_buildtargetmetadepsspecconfig_tmpconfig
2020-08-01 15:45:47.751309 | > DO_CALL (5.030s wait)
2020-08-01 15:45:51.619244 | eval'd: drake::cmq_buildtargetmetadepsspecconfig_tmpconfig
2020-08-01 15:46:02.181952 | > DO_CALL (5.064s wait)
2020-08-01 15:46:10.330364 | eval'd: drake::cmq_buildtargetmetadepsspecconfig_tmpconfig
2020-08-01 15:46:22.657726 | > DO_CALL (4.990s wait)
2020-08-01 15:46:37.677456 | eval'd: drake::cmq_buildtargetmetadepsspecconfig_tmpconfig
2020-08-01 15:46:47.929116 | > DO_CALL (0.011s wait)
2020-08-01 15:46:53.695455 | eval'd: drake::cmq_buildtargetmetadepsspecconfig_tmpconfig
2020-08-01 15:46:53.803604 | > DO_CALL (0.015s wait)
2020-08-01 15:47:01.669941 | eval'd: drake::cmq_buildtargetmetadepsspecconfig_tmpconfig
2020-08-01 15:47:01.754746 | > DO_CALL (0.011s wait)
2020-08-01 15:47:07.869766 | eval'd: drake::cmq_buildtargetmetadepsspecconfig_tmpconfig
2020-08-01 15:47:08.065974 | > DO_CALL (0.041s wait)
2020-08-01 15:47:14.367188 | eval'd: drake::cmq_buildtargetmetadepsspecconfig_tmpconfig
2020-08-01 15:47:14.632087 | > DO_CALL (0.063s wait)
2020-08-01 15:47:20.853191 | eval'd: drake::cmq_buildtargetmetadepsspecconfig_tmpconfig
2020-08-01 15:47:20.945304 | > DO_CALL (0.013s wait)
2020-08-01 15:47:27.007243 | eval'd: drake::cmq_buildtargetmetadepsspecconfig_tmpconfig
2020-08-01 15:47:27.122661 | > DO_CALL (0.016s wait)
2020-08-01 15:47:33.239992 | eval'd: drake::cmq_buildtargetmetadepsspecconfig_tmpconfig
2020-08-01 15:47:33.432314 | > DO_CALL (0.026s wait)
2020-08-01 15:47:39.520918 | eval'd: drake::cmq_buildtargetmetadepsspecconfig_tmpconfig
2020-08-01 15:47:40.034984 | > DO_CALL (0.077s wait)
2020-08-01 15:47:46.182857 | eval'd: drake::cmq_buildtargetmetadepsspecconfig_tmpconfig
2020-08-01 15:47:46.358645 | > DO_CALL (0.035s wait)
2020-08-01 15:47:52.473201 | eval'd: drake::cmq_buildtargetmetadepsspecconfig_tmpconfig
2020-08-01 15:47:52.593034 | > DO_CALL (0.000s wait)
2020-08-01 15:47:58.130684 | eval'd: drake::cmq_buildtargetmetadepsspecconfig_tmpconfig
2020-08-01 15:47:58.330831 | > DO_CALL (0.045s wait)
2020-08-01 15:48:04.443378 | eval'd: drake::cmq_buildtargetmetadepsspecconfig_tmpconfig
2020-08-01 15:48:04.596216 | > DO_CALL (0.031s wait)
2020-08-01 15:48:10.726768 | eval'd: drake::cmq_buildtargetmetadepsspecconfig_tmpconfig
2020-08-01 15:48:10.909081 | > DO_CALL (0.038s wait)
2020-08-01 15:48:17.163027 | eval'd: drake::cmq_buildtargetmetadepsspecconfig_tmpconfig
2020-08-01 15:48:17.395199 | > DO_CALL (0.030s wait)
2020-08-01 15:48:23.778276 | eval'd: drake::cmq_buildtargetmetadepsspecconfig_tmpconfig
2020-08-01 15:48:24.095665 | > DO_CALL (0.079s wait)
2020-08-01 15:48:30.527886 | eval'd: drake::cmq_buildtargetmetadepsspecconfig_tmpconfig
2020-08-01 15:48:30.596326 | > DO_CALL (0.005s wait)
2020-08-01 15:48:36.501369 | eval'd: drake::cmq_buildtargetmetadepsspecconfig_tmpconfig
2020-08-01 15:48:36.628365 | > DO_CALL (0.001s wait)
2020-08-01 15:48:42.439356 | eval'd: drake::cmq_buildtargetmetadepsspecconfig_tmpconfig
2020-08-01 15:48:42.482792 | > DO_CALL (0.000s wait)
2020-08-01 15:48:48.303339 | eval'd: drake::cmq_buildtargetmetadepsspecconfig_tmpconfig
2020-08-01 15:48:49.065616 | > DO_CALL (0.000s wait)
2020-08-01 15:48:54.864417 | eval'd: drake::cmq_buildtargetmetadepsspecconfig_tmpconfig
2020-08-01 15:48:54.937043 | > DO_CALL (0.000s wait)
2020-08-01 15:49:00.719715 | eval'd: drake::cmq_buildtargetmetadepsspecconfig_tmpconfig
2020-08-01 15:49:01.288231 | > DO_CALL (0.064s wait)
2020-08-01 15:49:07.710844 | eval'd: drake::cmq_buildtargetmetadepsspecconfig_tmpconfig
2020-08-01 15:49:07.857580 | > DO_CALL (0.025s wait)
2020-08-01 15:49:14.368819 | eval'd: drake::cmq_buildtargetmetadepsspecconfig_tmpconfig
2020-08-01 15:49:14.464157 | > DO_CALL (0.014s wait)
2020-08-01 15:49:20.879142 | eval'd: drake::cmq_buildtargetmetadepsspecconfig_tmpconfig
2020-08-01 15:49:21.122546 | > DO_CALL (0.035s wait)
2020-08-01 15:49:27.556767 | eval'd: drake::cmq_buildtargetmetadepsspecconfig_tmpconfig
2020-08-01 15:49:27.657901 | > DO_CALL (0.000s wait)
2020-08-01 15:49:33.429620 | eval'd: drake::cmq_buildtargetmetadepsspecconfig_tmpconfig
2020-08-01 15:49:33.535778 | > DO_CALL (0.020s wait)
2020-08-01 15:49:39.908547 | eval'd: drake::cmq_buildtargetmetadepsspecconfig_tmpconfig
2020-08-01 15:49:39.958051 | > DO_CALL (0.000s wait)
2020-08-01 15:49:45.719102 | eval'd: drake::cmq_buildtargetmetadepsspecconfig_tmpconfig
2020-08-01 15:49:45.896707 | > DO_CALL (0.044s wait)
2020-08-01 15:49:52.278109 | eval'd: drake::cmq_buildtargetmetadepsspecconfig_tmpconfig
2020-08-01 15:49:52.479076 | > DO_CALL (0.050s wait)
2020-08-01 15:49:58.840411 | eval'd: drake::cmq_buildtargetmetadepsspecconfig_tmpconfig
2020-08-01 15:49:59.098424 | > DO_CALL (0.062s wait)
2020-08-01 15:50:05.459017 | eval'd: drake::cmq_buildtargetmetadepsspecconfig_tmpconfig
2020-08-01 15:50:05.749776 | > DO_CALL (0.069s wait)
2020-08-01 15:50:12.108108 | eval'd: drake::cmq_buildtargetmetadepsspecconfig_tmpconfig
2020-08-01 15:50:12.418736 | > DO_CALL (0.056s wait)
2020-08-01 15:50:18.796472 | eval'd: drake::cmq_buildtargetmetadepsspecconfig_tmpconfig
2020-08-01 15:50:19.060986 | > DO_CALL (0.020s wait)
2020-08-01 15:50:25.424291 | eval'd: drake::cmq_buildtargetmetadepsspecconfig_tmpconfig
2020-08-01 15:50:26.118549 | > DO_CALL (0.149s wait)
2020-08-01 15:50:32.668584 | eval'd: drake::cmq_buildtargetmetadepsspecconfig_tmpconfig
2020-08-01 15:50:32.861485 | > DO_CALL (0.043s wait)
2020-08-01 15:50:39.238697 | eval'd: drake::cmq_buildtargetmetadepsspecconfig_tmpconfig
2020-08-01 15:50:39.287090 | > DO_CALL (0.000s wait)
2020-08-01 15:50:45.060091 | eval'd: drake::cmq_buildtargetmetadepsspecconfig_tmpconfig
2020-08-01 15:50:45.170622 | > DO_CALL (0.020s wait)
2020-08-01 15:50:51.519615 | eval'd: drake::cmq_buildtargetmetadepsspecconfig_tmpconfig
2020-08-01 15:50:51.701051 | > DO_CALL (0.040s wait)
2020-08-01 15:50:58.088366 | eval'd: drake::cmq_buildtargetmetadepsspecconfig_tmpconfig
2020-08-01 15:50:58.302604 | > DO_CALL (0.051s wait)
2020-08-01 15:51:04.630089 | eval'd: drake::cmq_buildtargetmetadepsspecconfig_tmpconfig
2020-08-01 15:51:04.761392 | > DO_CALL (0.013s wait)
2020-08-01 15:51:11.083704 | eval'd: drake::cmq_buildtargetmetadepsspecconfig_tmpconfig
2020-08-01 15:51:11.352321 | > DO_CALL (0.001s wait)
2020-08-01 15:51:17.392048 | eval'd: drake::cmq_buildtargetmetadepsspecconfig_tmpconfig
2020-08-01 15:51:17.694505 | > DO_CALL (0.044s wait)
2020-08-01 15:51:24.197051 | eval'd: drake::cmq_buildtargetmetadepsspecconfig_tmpconfig
2020-08-01 15:51:24.289576 | > DO_CALL (0.000s wait)
2020-08-01 15:51:30.106298 | eval'd: drake::cmq_buildtargetmetadepsspecconfig_tmpconfig
2020-08-01 15:51:30.493689 | > DO_CALL (0.116s wait)
2020-08-01 15:51:36.984998 | eval'd: drake::cmq_buildtargetmetadepsspecconfig_tmpconfig
2020-08-01 15:51:37.224676 | > DO_CALL (0.036s wait)
2020-08-01 15:51:43.599583 | eval'd: drake::cmq_buildtargetmetadepsspecconfig_tmpconfig
2020-08-01 15:51:43.978153 | > DO_CALL (0.057s wait)
2020-08-01 15:51:50.359017 | eval'd: drake::cmq_buildtargetmetadepsspecconfig_tmpconfig
2020-08-01 15:51:50.701351 | > DO_CALL (0.085s wait)
2020-08-01 15:51:57.103397 | eval'd: drake::cmq_buildtargetmetadepsspecconfig_tmpconfig
2020-08-01 15:51:57.343532 | > DO_CALL (0.031s wait)
2020-08-01 15:52:03.721914 | eval'd: drake::cmq_buildtargetmetadepsspecconfig_tmpconfig
2020-08-01 15:52:03.838781 | > DO_CALL (0.019s wait)
2020-08-01 15:52:10.161254 | eval'd: drake::cmq_buildtargetmetadepsspecconfig_tmpconfig
2020-08-01 15:52:10.310630 | > DO_CALL (0.026s wait)
2020-08-01 15:52:16.703729 | eval'd: drake::cmq_buildtargetmetadepsspecconfig_tmpconfig
2020-08-01 15:52:17.051158 | > DO_CALL (0.092s wait)
2020-08-01 15:52:23.615754 | eval'd: drake::cmq_buildtargetmetadepsspecconfig_tmpconfig
2020-08-01 15:52:23.768078 | > DO_CALL (0.031s wait)
2020-08-01 15:52:30.255966 | eval'd: drake::cmq_buildtargetmetadepsspecconfig_tmpconfig
2020-08-01 15:52:30.362049 | > DO_CALL (0.015s wait)
2020-08-01 15:52:36.758470 | eval'd: drake::cmq_buildtargetmetadepsspecconfig_tmpconfig
2020-08-01 15:52:36.976836 | > DO_CALL (0.050s wait)
2020-08-01 15:52:43.378785 | eval'd: drake::cmq_buildtargetmetadepsspecconfig_tmpconfig
2020-08-01 15:52:44.270000 | > DO_CALL (0.047s wait)
2020-08-01 15:52:50.702085 | eval'd: drake::cmq_buildtargetmetadepsspecconfig_tmpconfig
2020-08-01 15:52:50.807135 | > DO_CALL (0.015s wait)
2020-08-01 15:52:57.171116 | eval'd: drake::cmq_buildtargetmetadepsspecconfig_tmpconfig
2020-08-01 15:52:57.220597 | > DO_CALL (0.000s wait)
2020-08-01 15:53:03.011651 | eval'd: drake::cmq_buildtargetmetadepsspecconfig_tmpconfig
2020-08-01 15:53:03.119501 | > DO_CALL (0.021s wait)
2020-08-01 15:53:09.444642 | eval'd: drake::cmq_buildtargetmetadepsspecconfig_tmpconfig
2020-08-01 15:53:10.086786 | > DO_CALL (0.150s wait)
2020-08-01 15:53:16.415681 | eval'd: drake::cmq_buildtargetmetadepsspecconfig_tmpconfig
2020-08-01 15:53:16.560876 | > DO_CALL (0.027s wait)
2020-08-01 15:53:22.830630 | eval'd: drake::cmq_buildtargetmetadepsspecconfig_tmpconfig
2020-08-01 15:53:22.986763 | > DO_CALL (0.032s wait)
2020-08-01 15:53:29.357775 | eval'd: drake::cmq_buildtargetmetadepsspecconfig_tmpconfig
2020-08-01 15:53:29.438607 | > DO_CALL (0.009s wait)
2020-08-01 15:53:35.697882 | eval'd: drake::cmq_buildtargetmetadepsspecconfig_tmpconfig
2020-08-01 15:53:35.846067 | > DO_CALL (0.029s wait)
2020-08-01 15:53:42.139602 | eval'd: drake::cmq_buildtargetmetadepsspecconfig_tmpconfig
2020-08-01 15:53:42.185904 | > DO_CALL (0.000s wait)
2020-08-01 15:53:47.971032 | eval'd: drake::cmq_buildtargetmetadepsspecconfig_tmpconfig
2020-08-01 15:53:48.038819 | > DO_CALL (0.009s wait)
2020-08-01 15:53:54.302549 | eval'd: drake::cmq_buildtargetmetadepsspecconfig_tmpconfig
2020-08-01 15:53:54.713881 | > DO_CALL (0.100s wait)
2020-08-01 15:54:01.116477 | eval'd: drake::cmq_buildtargetmetadepsspecconfig_tmpconfig
2020-08-01 15:54:01.304348 | > DO_CALL (0.045s wait)
2020-08-01 15:54:07.588610 | eval'd: drake::cmq_buildtargetmetadepsspecconfig_tmpconfig
2020-08-01 15:54:07.668216 | > DO_CALL (0.010s wait)
2020-08-01 15:54:13.927388 | eval'd: drake::cmq_buildtargetmetadepsspecconfig_tmpconfig
2020-08-01 15:54:14.044820 | > DO_CALL (0.020s wait)
2020-08-01 15:54:20.314162 | eval'd: drake::cmq_buildtargetmetadepsspecconfig_tmpconfig
2020-08-01 15:54:20.459434 | > DO_CALL (0.032s wait)
2020-08-01 15:54:26.842703 | eval'd: drake::cmq_buildtargetmetadepsspecconfig_tmpconfig
2020-08-01 15:54:28.973443 | > DO_CALL (0.564s wait)
2020-08-01 15:54:35.627928 | eval'd: drake::cmq_buildtargetmetadepsspecconfig_tmpconfig
2020-08-01 15:54:35.763593 | > DO_CALL (0.024s wait)
2020-08-01 15:54:42.233103 | eval'd: drake::cmq_buildtargetmetadepsspecconfig_tmpconfig
2020-08-01 15:54:42.370574 | > DO_CALL (0.026s wait)
2020-08-01 15:54:48.609975 | eval'd: drake::cmq_buildtargetmetadepsspecconfig_tmpconfig
2020-08-01 15:54:48.663139 | > DO_CALL (0.003s wait)
Joining, by = c("dat", "site", "s0", "n0")
2020-08-01 15:54:52.519491 | eval'd: drake::cmq_buildtargetmetadepsspecconfig_tmpconfig
2020-08-01 15:54:52.590228 | > DO_CALL (0.003s wait)
Joining, by = c("dat", "site", "s0", "n0")
2020-08-01 15:54:58.506486 | eval'd: drake::cmq_buildtargetmetadepsspecconfig_tmpconfig
2020-08-01 15:54:58.551178 | > DO_CALL (0.003s wait)
Joining, by = c("dat", "site", "s0", "n0")
2020-08-01 15:55:02.476758 | eval'd: drake::cmq_buildtargetmetadepsspecconfig_tmpconfig
2020-08-01 15:55:02.530311 | > DO_CALL (0.003s wait)
Joining, by = c("dat", "site", "s0", "n0")
2020-08-01 15:55:06.485118 | eval'd: drake::cmq_buildtargetmetadepsspecconfig_tmpconfig
2020-08-01 15:55:06.525040 | > DO_CALL (0.000s wait)
Joining, by = c("dat", "site", "s0", "n0")
2020-08-01 15:55:10.456942 | eval'd: drake::cmq_buildtargetmetadepsspecconfig_tmpconfig
2020-08-01 15:55:10.494442 | > DO_CALL (0.000s wait)
Joining, by = c("dat", "site", "s0", "n0")
2020-08-01 15:55:14.379041 | eval'd: drake::cmq_buildtargetmetadepsspecconfig_tmpconfig
2020-08-01 15:55:14.431699 | > DO_CALL (0.002s wait)
Joining, by = c("dat", "site", "s0", "n0")
2020-08-01 15:55:18.355983 | eval'd: drake::cmq_buildtargetmetadepsspecconfig_tmpconfig
2020-08-01 15:55:18.409735 | > DO_CALL (0.002s wait)
Joining, by = c("dat", "site", "s0", "n0")
2020-08-01 15:55:22.466597 | eval'd: drake::cmq_buildtargetmetadepsspecconfig_tmpconfig
2020-08-01 15:55:22.506663 | > DO_CALL (0.000s wait)
Joining, by = c("dat", "site", "s0", "n0")
2020-08-01 15:55:26.536514 | eval'd: drake::cmq_buildtargetmetadepsspecconfig_tmpconfig
2020-08-01 15:55:26.596190 | > DO_CALL (0.003s wait)
Joining, by = c("dat", "site", "s0", "n0")
2020-08-01 15:55:30.590696 | eval'd: drake::cmq_buildtargetmetadepsspecconfig_tmpconfig
2020-08-01 15:55:30.634191 | > DO_CALL (0.003s wait)
Joining, by = c("dat", "site", "s0", "n0")
2020-08-01 15:55:34.624709 | eval'd: drake::cmq_buildtargetmetadepsspecconfig_tmpconfig
2020-08-01 15:55:34.686433 | > DO_CALL (0.003s wait)
Joining, by = c("dat", "site", "s0", "n0")
2020-08-01 15:55:38.740195 | eval'd: drake::cmq_buildtargetmetadepsspecconfig_tmpconfig
2020-08-01 15:55:38.783299 | > DO_CALL (0.003s wait)
Joining, by = c("dat", "site", "s0", "n0")
2020-08-01 15:55:42.750524 | eval'd: drake::cmq_buildtargetmetadepsspecconfig_tmpconfig
2020-08-01 15:55:42.798623 | > DO_CALL (0.002s wait)
Joining, by = c("dat", "site", "s0", "n0")
2020-08-01 15:55:46.830562 | eval'd: drake::cmq_buildtargetmetadepsspecconfig_tmpconfig
2020-08-01 15:55:46.873744 | > DO_CALL (0.002s wait)
Joining, by = c("dat", "site", "s0", "n0")
2020-08-01 15:55:50.843223 | eval'd: drake::cmq_buildtargetmetadepsspecconfig_tmpconfig
2020-08-01 15:55:50.888074 | > DO_CALL (0.002s wait)
Joining, by = c("dat", "site", "s0", "n0")
2020-08-01 15:55:54.851352 | eval'd: drake::cmq_buildtargetmetadepsspecconfig_tmpconfig
2020-08-01 15:55:54.890611 | > DO_CALL (0.000s wait)
Joining, by = c("dat", "site", "s0", "n0")
2020-08-01 15:55:58.845833 | eval'd: drake::cmq_buildtargetmetadepsspecconfig_tmpconfig
2020-08-01 15:55:58.930583 | > DO_CALL (0.003s wait)
Joining, by = c("dat", "site", "s0", "n0")
2020-08-01 15:56:02.898891 | eval'd: drake::cmq_buildtargetmetadepsspecconfig_tmpconfig
2020-08-01 15:56:02.941989 | > DO_CALL (0.002s wait)
Joining, by = c("dat", "site", "s0", "n0")
2020-08-01 15:56:06.927855 | eval'd: drake::cmq_buildtargetmetadepsspecconfig_tmpconfig
2020-08-01 15:56:06.971653 | > DO_CALL (0.002s wait)
Joining, by = c("dat", "site", "s0", "n0")
2020-08-01 15:56:10.954703 | eval'd: drake::cmq_buildtargetmetadepsspecconfig_tmpconfig
2020-08-01 15:56:11.015965 | > DO_CALL (0.002s wait)
Joining, by = c("dat", "site", "s0", "n0")
2020-08-01 15:56:14.993359 | eval'd: drake::cmq_buildtargetmetadepsspecconfig_tmpconfig
2020-08-01 15:56:15.029904 | > DO_CALL (0.000s wait)
Joining, by = c("dat", "site", "s0", "n0")
2020-08-01 15:56:18.958566 | eval'd: drake::cmq_buildtargetmetadepsspecconfig_tmpconfig
2020-08-01 15:56:19.002828 | > DO_CALL (0.003s wait)
Joining, by = c("dat", "site", "s0", "n0")
2020-08-01 15:56:22.961653 | eval'd: drake::cmq_buildtargetmetadepsspecconfig_tmpconfig
2020-08-01 15:56:23.004739 | > DO_CALL (0.002s wait)
Joining, by = c("dat", "site", "s0", "n0")
2020-08-01 15:56:27.050212 | eval'd: drake::cmq_buildtargetmetadepsspecconfig_tmpconfig
2020-08-01 15:56:27.086893 | > DO_CALL (0.000s wait)
Joining, by = c("dat", "site", "s0", "n0")
2020-08-01 15:56:31.120151 | eval'd: drake::cmq_buildtargetmetadepsspecconfig_tmpconfig
2020-08-01 15:56:31.165751 | > DO_CALL (0.002s wait)
Joining, by = c("dat", "site", "s0", "n0")
2020-08-01 15:56:35.196337 | eval'd: drake::cmq_buildtargetmetadepsspecconfig_tmpconfig
2020-08-01 15:56:35.257413 | > DO_CALL (0.003s wait)
Joining, by = c("dat", "site", "s0", "n0")
2020-08-01 15:56:39.228200 | eval'd: drake::cmq_buildtargetmetadepsspecconfig_tmpconfig
2020-08-01 15:56:39.299309 | > DO_CALL (0.003s wait)
Joining, by = c("dat", "site", "s0", "n0")
2020-08-01 15:56:43.313246 | eval'd: drake::cmq_buildtargetmetadepsspecconfig_tmpconfig
2020-08-01 15:56:43.374169 | > DO_CALL (0.003s wait)
Joining, by = c("dat", "site", "s0", "n0")
2020-08-01 15:56:47.406393 | eval'd: drake::cmq_buildtargetmetadepsspecconfig_tmpconfig
2020-08-01 15:56:47.450286 | > DO_CALL (0.003s wait)
Joining, by = c("dat", "site", "s0", "n0")
2020-08-01 15:56:51.474128 | eval'd: drake::cmq_buildtargetmetadepsspecconfig_tmpconfig
2020-08-01 15:56:51.519043 | > DO_CALL (0.002s wait)
Joining, by = c("dat", "site", "s0", "n0")
2020-08-01 15:56:55.518236 | eval'd: drake::cmq_buildtargetmetadepsspecconfig_tmpconfig
2020-08-01 15:56:55.562337 | > DO_CALL (0.003s wait)
Joining, by = c("dat", "site", "s0", "n0")
2020-08-01 15:56:59.556058 | eval'd: drake::cmq_buildtargetmetadepsspecconfig_tmpconfig
2020-08-01 15:56:59.602539 | > DO_CALL (0.002s wait)
Joining, by = c("dat", "site", "s0", "n0")
2020-08-01 15:57:03.497080 | eval'd: drake::cmq_buildtargetmetadepsspecconfig_tmpconfig
2020-08-01 15:57:04.190961 | > DO_CALL (0.003s wait)
Joining, by = c("dat", "site", "s0", "n0")
2020-08-01 15:57:08.184151 | eval'd: drake::cmq_buildtargetmetadepsspecconfig_tmpconfig
2020-08-01 15:57:08.501097 | > DO_CALL (0.002s wait)
Joining, by = c("dat", "site", "s0", "n0")
2020-08-01 15:57:12.464840 | eval'd: drake::cmq_buildtargetmetadepsspecconfig_tmpconfig
2020-08-01 15:57:12.508336 | > DO_CALL (0.003s wait)
Joining, by = c("dat", "site", "s0", "n0")
2020-08-01 15:57:16.444317 | eval'd: drake::cmq_buildtargetmetadepsspecconfig_tmpconfig
2020-08-01 15:57:16.492849 | > DO_CALL (0.002s wait)
Joining, by = c("dat", "site", "s0", "n0")
2020-08-01 15:57:20.524227 | eval'd: drake::cmq_buildtargetmetadepsspecconfig_tmpconfig
2020-08-01 15:57:20.562126 | > DO_CALL (0.001s wait)
Joining, by = c("dat", "site", "s0", "n0")
2020-08-01 15:57:24.526999 | eval'd: drake::cmq_buildtargetmetadepsspecconfig_tmpconfig
2020-08-01 15:57:24.595086 | > DO_CALL (0.002s wait)
Joining, by = c("dat", "site", "s0", "n0")
2020-08-01 15:57:28.604011 | eval'd: drake::cmq_buildtargetmetadepsspecconfig_tmpconfig
2020-08-01 15:57:28.648627 | > DO_CALL (0.002s wait)
Joining, by = c("dat", "site", "s0", "n0")
2020-08-01 15:57:32.645594 | eval'd: drake::cmq_buildtargetmetadepsspecconfig_tmpconfig
2020-08-01 15:57:32.690266 | > DO_CALL (0.003s wait)
Joining, by = c("dat", "site", "s0", "n0")
2020-08-01 15:57:36.643359 | eval'd: drake::cmq_buildtargetmetadepsspecconfig_tmpconfig
2020-08-01 15:57:36.683038 | > DO_CALL (0.000s wait)
Joining, by = c("dat", "site", "s0", "n0")
2020-08-01 15:57:40.700899 | eval'd: drake::cmq_buildtargetmetadepsspecconfig_tmpconfig
2020-08-01 15:57:40.738719 | > DO_CALL (0.000s wait)
Joining, by = c("dat", "site", "s0", "n0")
2020-08-01 15:57:44.662444 | eval'd: drake::cmq_buildtargetmetadepsspecconfig_tmpconfig
2020-08-01 15:57:44.708088 | > DO_CALL (0.002s wait)
Joining, by = c("dat", "site", "s0", "n0")
2020-08-01 15:57:48.681254 | eval'd: drake::cmq_buildtargetmetadepsspecconfig_tmpconfig
2020-08-01 15:57:49.073016 | > DO_CALL (0.002s wait)
Joining, by = c("dat", "site", "s0", "n0")
2020-08-01 15:57:53.060629 | eval'd: drake::cmq_buildtargetmetadepsspecconfig_tmpconfig
2020-08-01 15:57:53.107869 | > DO_CALL (0.002s wait)
Joining, by = c("dat", "site", "s0", "n0")
2020-08-01 15:57:57.073816 | eval'd: drake::cmq_buildtargetmetadepsspecconfig_tmpconfig
2020-08-01 15:57:57.117991 | > DO_CALL (0.002s wait)
Joining, by = c("dat", "site", "s0", "n0")
2020-08-01 15:58:01.072030 | eval'd: drake::cmq_buildtargetmetadepsspecconfig_tmpconfig
2020-08-01 15:58:01.109652 | > DO_CALL (0.000s wait)
Joining, by = c("dat", "site", "s0", "n0")
2020-08-01 15:58:05.045412 | eval'd: drake::cmq_buildtargetmetadepsspecconfig_tmpconfig
2020-08-01 15:58:05.090434 | > DO_CALL (0.003s wait)
Joining, by = c("dat", "site", "s0", "n0")
2020-08-01 15:58:08.992889 | eval'd: drake::cmq_buildtargetmetadepsspecconfig_tmpconfig
2020-08-01 15:58:09.040686 | > DO_CALL (0.002s wait)
Joining, by = c("dat", "site", "s0", "n0")
2020-08-01 15:58:13.001337 | eval'd: drake::cmq_buildtargetmetadepsspecconfig_tmpconfig
2020-08-01 15:58:13.119848 | > DO_CALL (0.002s wait)
Joining, by = c("dat", "site", "s0", "n0")
2020-08-01 15:58:17.083896 | eval'd: drake::cmq_buildtargetmetadepsspecconfig_tmpconfig
2020-08-01 15:58:17.132971 | > DO_CALL (0.002s wait)
Joining, by = c("dat", "site", "s0", "n0")
2020-08-01 15:58:21.094856 | eval'd: drake::cmq_buildtargetmetadepsspecconfig_tmpconfig
2020-08-01 15:58:21.139204 | > DO_CALL (0.003s wait)
Joining, by = c("dat", "site", "s0", "n0")
2020-08-01 15:58:25.071499 | eval'd: drake::cmq_buildtargetmetadepsspecconfig_tmpconfig
2020-08-01 15:58:25.115584 | > DO_CALL (0.002s wait)
Joining, by = c("dat", "site", "s0", "n0")
2020-08-01 15:58:29.109138 | eval'd: drake::cmq_buildtargetmetadepsspecconfig_tmpconfig
2020-08-01 15:58:29.146646 | > DO_CALL (0.000s wait)
Joining, by = c("dat", "site", "s0", "n0")
2020-08-01 15:58:33.078404 | eval'd: drake::cmq_buildtargetmetadepsspecconfig_tmpconfig
2020-08-01 15:58:33.131533 | > DO_CALL (0.002s wait)
Joining, by = c("dat", "site", "s0", "n0")
2020-08-01 15:58:37.136015 | eval'd: drake::cmq_buildtargetmetadepsspecconfig_tmpconfig
2020-08-01 15:58:37.205826 | > DO_CALL (0.003s wait)
Joining, by = c("dat", "site", "s0", "n0")
2020-08-01 15:58:41.205737 | eval'd: drake::cmq_buildtargetmetadepsspecconfig_tmpconfig
2020-08-01 15:58:41.248181 | > DO_CALL (0.001s wait)
Joining, by = c("dat", "site", "s0", "n0")
2020-08-01 15:58:45.246482 | eval'd: drake::cmq_buildtargetmetadepsspecconfig_tmpconfig
2020-08-01 15:58:45.291759 | > DO_CALL (0.000s wait)
Joining, by = c("dat", "site", "s0", "n0")
2020-08-01 15:58:49.257143 | eval'd: drake::cmq_buildtargetmetadepsspecconfig_tmpconfig
2020-08-01 15:58:49.301600 | > DO_CALL (0.002s wait)
Joining, by = c("dat", "site", "s0", "n0")
2020-08-01 15:58:53.298817 | eval'd: drake::cmq_buildtargetmetadepsspecconfig_tmpconfig
2020-08-01 15:58:53.354088 | > DO_CALL (0.002s wait)
Joining, by = c("dat", "site", "s0", "n0")
2020-08-01 15:58:57.331645 | eval'd: drake::cmq_buildtargetmetadepsspecconfig_tmpconfig
2020-08-01 15:58:57.377725 | > DO_CALL (0.002s wait)
Joining, by = c("dat", "site", "s0", "n0")
2020-08-01 15:59:01.313550 | eval'd: drake::cmq_buildtargetmetadepsspecconfig_tmpconfig
2020-08-01 15:59:01.357224 | > DO_CALL (0.003s wait)
Joining, by = c("dat", "site", "s0", "n0")
2020-08-01 15:59:05.315349 | eval'd: drake::cmq_buildtargetmetadepsspecconfig_tmpconfig
2020-08-01 15:59:05.370874 | > DO_CALL (0.002s wait)
Joining, by = c("dat", "site", "s0", "n0")
2020-08-01 15:59:09.319710 | eval'd: drake::cmq_buildtargetmetadepsspecconfig_tmpconfig
2020-08-01 15:59:09.359732 | > DO_CALL (0.001s wait)
Joining, by = c("dat", "site", "s0", "n0")
2020-08-01 15:59:13.303745 | eval'd: drake::cmq_buildtargetmetadepsspecconfig_tmpconfig
2020-08-01 15:59:13.348588 | > DO_CALL (0.002s wait)
Joining, by = c("dat", "site", "s0", "n0")
2020-08-01 15:59:17.316320 | eval'd: drake::cmq_buildtargetmetadepsspecconfig_tmpconfig
2020-08-01 15:59:17.363810 | > DO_CALL (0.002s wait)
Joining, by = c("dat", "site", "s0", "n0")
2020-08-01 15:59:21.336386 | eval'd: drake::cmq_buildtargetmetadepsspecconfig_tmpconfig
2020-08-01 15:59:21.843374 | > WORKER_WAIT (0.000s wait)
2020-08-01 15:59:21.843832 | waiting 1.00s
2020-08-01 15:59:22.846471 | > WORKER_WAIT (0.000s wait)
2020-08-01 15:59:22.846885 | waiting 1.00s
2020-08-01 15:59:23.849367 | > WORKER_WAIT (0.000s wait)
2020-08-01 15:59:23.849795 | waiting 1.00s
2020-08-01 15:59:24.852300 | > WORKER_WAIT (0.000s wait)
2020-08-01 15:59:24.852730 | waiting 1.00s
2020-08-01 15:59:25.855182 | > WORKER_WAIT (0.001s wait)
2020-08-01 15:59:25.855623 | waiting 1.00s
2020-08-01 15:59:26.904565 | > WORKER_WAIT (0.000s wait)
2020-08-01 15:59:26.904989 | waiting 1.00s
2020-08-01 15:59:27.907671 | > WORKER_WAIT (0.000s wait)
2020-08-01 15:59:27.908087 | waiting 1.00s
2020-08-01 15:59:28.910566 | > WORKER_WAIT (0.000s wait)
2020-08-01 15:59:28.911000 | waiting 1.00s
2020-08-01 15:59:29.913387 | > WORKER_WAIT (0.000s wait)
2020-08-01 15:59:29.913836 | waiting 1.00s
2020-08-01 15:59:41.212961 | > WORKER_WAIT (0.000s wait)
2020-08-01 15:59:41.213424 | waiting 1.00s
2020-08-01 16:00:33.236262 | > WORKER_STOP (0.001s wait)
2020-08-01 16:00:33.239462 | shutting down worker
2020-08-01 16:00:35.173619 | 
Total: 191 in 5072.61s [user], 88.29s [system], 5606.09s [elapsed]
There were 18 warnings (use warnings() to see them)
