2020-01-21 10:48:11.378951 | Master: tcp://c24a-s1:7958
2020-01-21 10:48:11.400417 | WORKER_UP to: tcp://c24a-s1:7958
2020-01-21 10:48:16.412020 | > DO_SETUP (2.842s wait)
2020-01-21 10:48:16.412717 | token from msg: set_common_data_token
2020-01-21 10:48:17.683552 | > DO_CALL (0.000s wait)
.* Option 'clustermq.scheduler' not set, defaulting to ‘SLURM’
--- see: https://mschubert.github.io/clustermq/articles/userguide.html#configuration
2020-01-21 10:48:17.888467 | eval'd: drake::cmq_buildtargetmetadepsspecht_is_subtargetconfig
2020-01-21 10:48:22.612258 | > DO_CALL (0.000s wait)
.2020-01-21 10:48:22.904658 | eval'd: drake::cmq_buildtargetmetadepsspecht_is_subtargetconfig
2020-01-21 10:48:29.607298 | > DO_CALL (0.000s wait)
.2020-01-21 10:48:29.611689 | eval'd: drake::cmq_buildtargetmetadepsspecht_is_subtargetconfig
2020-01-21 10:48:36.629299 | > DO_CALL (0.000s wait)
.2020-01-21 10:48:36.633654 | eval'd: drake::cmq_buildtargetmetadepsspecht_is_subtargetconfig
2020-01-21 10:48:42.726571 | > DO_CALL (0.000s wait)
.2020-01-21 10:48:42.731972 | eval'd: drake::cmq_buildtargetmetadepsspecht_is_subtargetconfig
2020-01-21 10:48:49.489632 | > DO_CALL (0.000s wait)
.2020-01-21 10:48:49.495404 | eval'd: drake::cmq_buildtargetmetadepsspecht_is_subtargetconfig
2020-01-21 10:48:56.351093 | > DO_CALL (0.001s wait)
.2020-01-21 10:48:56.356690 | eval'd: drake::cmq_buildtargetmetadepsspecht_is_subtargetconfig
2020-01-21 10:49:03.209896 | > DO_CALL (0.000s wait)
.2020-01-21 10:49:03.216090 | eval'd: drake::cmq_buildtargetmetadepsspecht_is_subtargetconfig
2020-01-21 10:49:10.562242 | > DO_CALL (0.000s wait)
.2020-01-21 10:49:10.566883 | eval'd: drake::cmq_buildtargetmetadepsspecht_is_subtargetconfig
2020-01-21 10:49:18.990170 | > DO_CALL (0.001s wait)
.2020-01-21 10:49:18.996639 | eval'd: drake::cmq_buildtargetmetadepsspecht_is_subtargetconfig
2020-01-21 10:49:25.621262 | > DO_CALL (0.001s wait)
.2020-01-21 10:49:25.626865 | eval'd: drake::cmq_buildtargetmetadepsspecht_is_subtargetconfig
2020-01-21 10:49:31.198198 | > DO_CALL (0.000s wait)
.2020-01-21 10:49:31.203152 | eval'd: drake::cmq_buildtargetmetadepsspecht_is_subtargetconfig
2020-01-21 10:49:37.624231 | > DO_CALL (0.000s wait)
.2020-01-21 10:49:37.629568 | eval'd: drake::cmq_buildtargetmetadepsspecht_is_subtargetconfig
2020-01-21 10:49:43.913271 | > DO_CALL (0.001s wait)
.2020-01-21 10:49:43.919096 | eval'd: drake::cmq_buildtargetmetadepsspecht_is_subtargetconfig
2020-01-21 10:49:50.398195 | > DO_CALL (0.001s wait)
.2020-01-21 10:49:50.403829 | eval'd: drake::cmq_buildtargetmetadepsspecht_is_subtargetconfig
2020-01-21 10:49:56.860279 | > DO_CALL (0.000s wait)
.2020-01-21 10:49:56.864710 | eval'd: drake::cmq_buildtargetmetadepsspecht_is_subtargetconfig
2020-01-21 10:50:02.799222 | > DO_CALL (0.000s wait)
.2020-01-21 10:50:02.804083 | eval'd: drake::cmq_buildtargetmetadepsspecht_is_subtargetconfig
2020-01-21 10:50:07.926323 | > DO_CALL (0.000s wait)
.2020-01-21 10:50:07.931177 | eval'd: drake::cmq_buildtargetmetadepsspecht_is_subtargetconfig
2020-01-21 10:50:13.517085 | > DO_CALL (0.001s wait)
.2020-01-21 10:50:13.523117 | eval'd: drake::cmq_buildtargetmetadepsspecht_is_subtargetconfig
2020-01-21 10:50:20.515974 | > DO_CALL (0.001s wait)
.2020-01-21 10:50:20.521759 | eval'd: drake::cmq_buildtargetmetadepsspecht_is_subtargetconfig
2020-01-21 10:50:25.683508 | > DO_CALL (0.000s wait)
.2020-01-21 10:50:25.688422 | eval'd: drake::cmq_buildtargetmetadepsspecht_is_subtargetconfig
2020-01-21 10:50:31.080177 | > DO_CALL (0.001s wait)
.2020-01-21 10:50:31.085024 | eval'd: drake::cmq_buildtargetmetadepsspecht_is_subtargetconfig
2020-01-21 10:50:37.490240 | > DO_CALL (0.000s wait)
.2020-01-21 10:50:37.495251 | eval'd: drake::cmq_buildtargetmetadepsspecht_is_subtargetconfig
2020-01-21 10:50:43.680739 | > DO_CALL (0.000s wait)
.2020-01-21 10:50:43.686128 | eval'd: drake::cmq_buildtargetmetadepsspecht_is_subtargetconfig
2020-01-21 10:50:49.158347 | > DO_CALL (0.000s wait)
.2020-01-21 10:50:49.163132 | eval'd: drake::cmq_buildtargetmetadepsspecht_is_subtargetconfig
2020-01-21 10:50:54.362184 | > DO_CALL (0.001s wait)
.2020-01-21 10:50:54.366734 | eval'd: drake::cmq_buildtargetmetadepsspecht_is_subtargetconfig
2020-01-21 10:50:59.474537 | > DO_CALL (0.000s wait)
.2020-01-21 10:50:59.480284 | eval'd: drake::cmq_buildtargetmetadepsspecht_is_subtargetconfig
2020-01-21 10:51:05.428259 | > DO_CALL (0.000s wait)
.2020-01-21 10:51:05.432901 | eval'd: drake::cmq_buildtargetmetadepsspecht_is_subtargetconfig
2020-01-21 10:51:11.044125 | > DO_CALL (0.001s wait)
.2020-01-21 10:51:11.050880 | eval'd: drake::cmq_buildtargetmetadepsspecht_is_subtargetconfig
2020-01-21 10:51:16.913162 | > DO_CALL (0.001s wait)
.2020-01-21 10:51:16.919329 | eval'd: drake::cmq_buildtargetmetadepsspecht_is_subtargetconfig
2020-01-21 10:51:23.416242 | > DO_CALL (0.001s wait)
.2020-01-21 10:51:23.421481 | eval'd: drake::cmq_buildtargetmetadepsspecht_is_subtargetconfig
2020-01-21 10:51:28.793263 | > DO_CALL (0.000s wait)
.2020-01-21 10:51:28.798204 | eval'd: drake::cmq_buildtargetmetadepsspecht_is_subtargetconfig
2020-01-21 10:51:33.902559 | > DO_CALL (0.000s wait)
.2020-01-21 10:51:33.907830 | eval'd: drake::cmq_buildtargetmetadepsspecht_is_subtargetconfig
2020-01-21 10:51:38.334248 | > DO_CALL (0.000s wait)
.2020-01-21 10:51:38.339666 | eval'd: drake::cmq_buildtargetmetadepsspecht_is_subtargetconfig
2020-01-21 10:51:43.333979 | > DO_CALL (0.001s wait)
.2020-01-21 10:51:43.340872 | eval'd: drake::cmq_buildtargetmetadepsspecht_is_subtargetconfig
2020-01-21 10:51:48.236306 | > DO_CALL (0.000s wait)
.2020-01-21 10:51:48.241919 | eval'd: drake::cmq_buildtargetmetadepsspecht_is_subtargetconfig
2020-01-21 10:51:53.801203 | > DO_CALL (0.001s wait)
.2020-01-21 10:51:53.806254 | eval'd: drake::cmq_buildtargetmetadepsspecht_is_subtargetconfig
2020-01-21 10:51:58.955176 | > DO_CALL (0.001s wait)
.2020-01-21 10:51:58.960164 | eval'd: drake::cmq_buildtargetmetadepsspecht_is_subtargetconfig
2020-01-21 10:52:03.858701 | > DO_CALL (0.000s wait)
.2020-01-21 10:52:03.864814 | eval'd: drake::cmq_buildtargetmetadepsspecht_is_subtargetconfig
2020-01-21 10:52:09.160163 | > DO_CALL (0.001s wait)
.2020-01-21 10:52:09.165531 | eval'd: drake::cmq_buildtargetmetadepsspecht_is_subtargetconfig
2020-01-21 10:52:14.289878 | > DO_CALL (0.000s wait)
.2020-01-21 10:52:14.296208 | eval'd: drake::cmq_buildtargetmetadepsspecht_is_subtargetconfig
2020-01-21 10:52:19.047092 | > DO_CALL (0.001s wait)
.2020-01-21 10:52:19.054576 | eval'd: drake::cmq_buildtargetmetadepsspecht_is_subtargetconfig
2020-01-21 10:52:25.797457 | > DO_CALL (0.000s wait)
.2020-01-21 10:52:25.802985 | eval'd: drake::cmq_buildtargetmetadepsspecht_is_subtargetconfig
2020-01-21 10:52:31.007338 | > DO_CALL (0.001s wait)
.2020-01-21 10:52:31.015574 | eval'd: drake::cmq_buildtargetmetadepsspecht_is_subtargetconfig
2020-01-21 10:52:36.675276 | > DO_CALL (0.001s wait)
.2020-01-21 10:52:36.682971 | eval'd: drake::cmq_buildtargetmetadepsspecht_is_subtargetconfig
2020-01-21 10:52:41.423909 | > DO_CALL (0.000s wait)
.2020-01-21 10:52:41.430310 | eval'd: drake::cmq_buildtargetmetadepsspecht_is_subtargetconfig
2020-01-21 10:52:46.210173 | > DO_CALL (0.001s wait)
.2020-01-21 10:52:46.215456 | eval'd: drake::cmq_buildtargetmetadepsspecht_is_subtargetconfig
2020-01-21 10:52:50.444245 | > DO_CALL (0.001s wait)
.2020-01-21 10:52:50.451139 | eval'd: drake::cmq_buildtargetmetadepsspecht_is_subtargetconfig
2020-01-21 10:52:55.439110 | > DO_CALL (0.001s wait)
.2020-01-21 10:52:55.445841 | eval'd: drake::cmq_buildtargetmetadepsspecht_is_subtargetconfig
2020-01-21 10:52:59.937329 | > DO_CALL (0.000s wait)
.2020-01-21 10:52:59.943558 | eval'd: drake::cmq_buildtargetmetadepsspecht_is_subtargetconfig
2020-01-21 10:53:04.574365 | > DO_CALL (0.000s wait)
.2020-01-21 10:53:04.579746 | eval'd: drake::cmq_buildtargetmetadepsspecht_is_subtargetconfig
2020-01-21 10:53:09.821189 | > DO_CALL (0.001s wait)
.2020-01-21 10:53:09.829158 | eval'd: drake::cmq_buildtargetmetadepsspecht_is_subtargetconfig
2020-01-21 10:53:14.079309 | > DO_CALL (0.001s wait)
.2020-01-21 10:53:14.087303 | eval'd: drake::cmq_buildtargetmetadepsspecht_is_subtargetconfig
2020-01-21 10:53:18.613132 | > DO_CALL (0.001s wait)
.2020-01-21 10:53:18.618632 | eval'd: drake::cmq_buildtargetmetadepsspecht_is_subtargetconfig
2020-01-21 10:53:23.237888 | > DO_CALL (0.000s wait)
.2020-01-21 10:53:23.244115 | eval'd: drake::cmq_buildtargetmetadepsspecht_is_subtargetconfig
2020-01-21 10:53:30.058309 | > DO_CALL (0.001s wait)
.
2020-01-21 10:53:30.066292 | eval'd: drake::cmq_buildtargetmetadepsspecht_is_subtargetconfig
2020-01-21 10:53:34.795171 | > DO_CALL (0.001s wait)
.2020-01-21 10:53:34.802439 | eval'd: drake::cmq_buildtargetmetadepsspecht_is_subtargetconfig
2020-01-21 10:53:39.015514 | > DO_CALL (0.000s wait)
.2020-01-21 10:53:39.021519 | eval'd: drake::cmq_buildtargetmetadepsspecht_is_subtargetconfig
2020-01-21 10:53:43.892167 | > DO_CALL (0.001s wait)
.2020-01-21 10:53:43.899259 | eval'd: drake::cmq_buildtargetmetadepsspecht_is_subtargetconfig
2020-01-21 10:53:48.247960 | > DO_CALL (0.001s wait)
.2020-01-21 10:53:48.255116 | eval'd: drake::cmq_buildtargetmetadepsspecht_is_subtargetconfig
2020-01-21 10:53:52.906792 | > DO_CALL (0.000s wait)
.2020-01-21 10:53:52.913296 | eval'd: drake::cmq_buildtargetmetadepsspecht_is_subtargetconfig
2020-01-21 10:53:56.893134 | > DO_CALL (0.001s wait)
.2020-01-21 10:53:56.900479 | eval'd: drake::cmq_buildtargetmetadepsspecht_is_subtargetconfig
2020-01-21 10:54:01.080477 | > DO_CALL (0.000s wait)
.2020-01-21 10:54:01.086601 | eval'd: drake::cmq_buildtargetmetadepsspecht_is_subtargetconfig
2020-01-21 10:54:05.762022 | > DO_CALL (0.001s wait)
.2020-01-21 10:54:05.768860 | eval'd: drake::cmq_buildtargetmetadepsspecht_is_subtargetconfig
2020-01-21 10:54:10.051161 | > DO_CALL (0.001s wait)
.2020-01-21 10:54:10.056995 | eval'd: drake::cmq_buildtargetmetadepsspecht_is_subtargetconfig
2020-01-21 10:54:14.855909 | > DO_CALL (0.000s wait)
.2020-01-21 10:54:14.862509 | eval'd: drake::cmq_buildtargetmetadepsspecht_is_subtargetconfig
2020-01-21 10:54:18.944817 | > DO_CALL (0.000s wait)
.2020-01-21 10:54:18.951898 | eval'd: drake::cmq_buildtargetmetadepsspecht_is_subtargetconfig
2020-01-21 10:54:24.323281 | > DO_CALL (0.001s wait)
.2020-01-21 10:54:24.328734 | eval'd: drake::cmq_buildtargetmetadepsspecht_is_subtargetconfig
2020-01-21 10:54:30.894399 | > DO_CALL (0.000s wait)
.2020-01-21 10:54:30.900812 | eval'd: drake::cmq_buildtargetmetadepsspecht_is_subtargetconfig
2020-01-21 10:54:34.983196 | > DO_CALL (0.001s wait)
.2020-01-21 10:54:34.990638 | eval'd: drake::cmq_buildtargetmetadepsspecht_is_subtargetconfig
2020-01-21 10:54:39.178193 | > DO_CALL (0.001s wait)
.2020-01-21 10:54:39.183734 | eval'd: drake::cmq_buildtargetmetadepsspecht_is_subtargetconfig
2020-01-21 10:54:43.406286 | > DO_CALL (0.001s wait)
.2020-01-21 10:54:43.411308 | eval'd: drake::cmq_buildtargetmetadepsspecht_is_subtargetconfig
2020-01-21 10:54:47.397219 | > DO_CALL (0.001s wait)
.2020-01-21 10:54:47.402769 | eval'd: drake::cmq_buildtargetmetadepsspecht_is_subtargetconfig
2020-01-21 10:54:51.329210 | > DO_CALL (0.001s wait)
.2020-01-21 10:54:51.334503 | eval'd: drake::cmq_buildtargetmetadepsspecht_is_subtargetconfig
2020-01-21 10:54:55.274340 | > DO_CALL (0.001s wait)
.2020-01-21 10:54:55.281613 | eval'd: drake::cmq_buildtargetmetadepsspecht_is_subtargetconfig
2020-01-21 10:54:59.576151 | > DO_CALL (0.001s wait)
.2020-01-21 10:54:59.583365 | eval'd: drake::cmq_buildtargetmetadepsspecht_is_subtargetconfig
2020-01-21 10:55:03.886934 | > DO_CALL (0.000s wait)
.2020-01-21 10:55:03.907146 | eval'd: drake::cmq_buildtargetmetadepsspecht_is_subtargetconfig
2020-01-21 10:55:08.214238 | > DO_CALL (0.001s wait)
.2020-01-21 10:55:08.219458 | eval'd: drake::cmq_buildtargetmetadepsspecht_is_subtargetconfig
2020-01-21 10:55:12.111095 | > DO_CALL (0.001s wait)
.2020-01-21 10:55:12.115677 | eval'd: drake::cmq_buildtargetmetadepsspecht_is_subtargetconfig
2020-01-21 10:55:16.082341 | > DO_CALL (0.000s wait)
.2020-01-21 10:55:16.087183 | eval'd: drake::cmq_buildtargetmetadepsspecht_is_subtargetconfig
2020-01-21 10:55:20.181330 | > DO_CALL (0.000s wait)
.2020-01-21 10:55:20.185859 | eval'd: drake::cmq_buildtargetmetadepsspecht_is_subtargetconfig
2020-01-21 10:55:24.130552 | > DO_CALL (0.000s wait)
.2020-01-21 10:55:24.135586 | eval'd: drake::cmq_buildtargetmetadepsspecht_is_subtargetconfig
2020-01-21 10:55:28.000877 | > DO_CALL (0.000s wait)
.2020-01-21 10:55:28.007072 | eval'd: drake::cmq_buildtargetmetadepsspecht_is_subtargetconfig
2020-01-21 10:55:34.931765 | > DO_CALL (0.000s wait)
.2020-01-21 10:55:34.937357 | eval'd: drake::cmq_buildtargetmetadepsspecht_is_subtargetconfig
2020-01-21 10:55:39.586785 | > DO_CALL (0.000s wait)
.2020-01-21 10:55:39.592990 | eval'd: drake::cmq_buildtargetmetadepsspecht_is_subtargetconfig
2020-01-21 10:55:43.921193 | > DO_CALL (0.001s wait)
.2020-01-21 10:55:43.925873 | eval'd: drake::cmq_buildtargetmetadepsspecht_is_subtargetconfig
2020-01-21 10:55:47.884644 | > DO_CALL (0.000s wait)
.2020-01-21 10:55:47.891249 | eval'd: drake::cmq_buildtargetmetadepsspecht_is_subtargetconfig
2020-01-21 10:55:51.893342 | > DO_CALL (0.000s wait)
.2020-01-21 10:55:51.898197 | eval'd: drake::cmq_buildtargetmetadepsspecht_is_subtargetconfig
2020-01-21 10:55:55.969804 | > DO_CALL (0.000s wait)
.2020-01-21 10:55:55.975156 | eval'd: drake::cmq_buildtargetmetadepsspecht_is_subtargetconfig
2020-01-21 10:55:59.672308 | > DO_CALL (0.000s wait)
.2020-01-21 10:55:59.676882 | eval'd: drake::cmq_buildtargetmetadepsspecht_is_subtargetconfig
2020-01-21 10:56:03.648537 | > DO_CALL (0.000s wait)
.2020-01-21 10:56:03.653429 | eval'd: drake::cmq_buildtargetmetadepsspecht_is_subtargetconfig
2020-01-21 10:56:07.811962 | > DO_CALL (0.001s wait)
.2020-01-21 10:56:07.818340 | eval'd: drake::cmq_buildtargetmetadepsspecht_is_subtargetconfig
2020-01-21 10:56:11.990263 | > DO_CALL (0.001s wait)
.2020-01-21 10:56:11.994791 | eval'd: drake::cmq_buildtargetmetadepsspecht_is_subtargetconfig
2020-01-21 10:56:16.142008 | > DO_CALL (0.001s wait)
.2020-01-21 10:56:16.148128 | eval'd: drake::cmq_buildtargetmetadepsspecht_is_subtargetconfig
2020-01-21 10:56:20.742243 | > DO_CALL (0.001s wait)
.2020-01-21 10:56:20.746998 | eval'd: drake::cmq_buildtargetmetadepsspecht_is_subtargetconfig
2020-01-21 10:56:24.712232 | > DO_CALL (0.001s wait)
.2020-01-21 10:56:24.717128 | eval'd: drake::cmq_buildtargetmetadepsspecht_is_subtargetconfig
2020-01-21 10:56:28.912885 | > DO_CALL (0.000s wait)
.2020-01-21 10:56:28.919085 | eval'd: drake::cmq_buildtargetmetadepsspecht_is_subtargetconfig
2020-01-21 10:56:33.202158 | > DO_CALL (0.001s wait)
.2020-01-21 10:56:33.206808 | eval'd: drake::cmq_buildtargetmetadepsspecht_is_subtargetconfig
2020-01-21 10:56:39.238852 | > DO_CALL (0.000s wait)
.2020-01-21 10:56:39.244972 | eval'd: drake::cmq_buildtargetmetadepsspecht_is_subtargetconfig
2020-01-21 10:56:43.831451 | > DO_CALL (0.000s wait)
.2020-01-21 10:56:43.836260 | eval'd: drake::cmq_buildtargetmetadepsspecht_is_subtargetconfig
2020-01-21 10:56:48.058124 | > DO_CALL (0.001s wait)
.2020-01-21 10:56:48.063462 | eval'd: drake::cmq_buildtargetmetadepsspecht_is_subtargetconfig
2020-01-21 10:56:51.743194 | > DO_CALL (0.001s wait)
.2020-01-21 10:56:51.747908 | eval'd: drake::cmq_buildtargetmetadepsspecht_is_subtargetconfig
2020-01-21 10:56:55.522896 | > DO_CALL (0.000s wait)
.2020-01-21 10:56:55.528801 | eval'd: drake::cmq_buildtargetmetadepsspecht_is_subtargetconfig
2020-01-21 10:56:59.927972 | > DO_CALL (0.001s wait)
.2020-01-21 10:56:59.934717 | eval'd: drake::cmq_buildtargetmetadepsspecht_is_subtargetconfig
2020-01-21 10:57:04.346063 | > DO_CALL (0.001s wait)
.2020-01-21 10:57:04.350347 | eval'd: drake::cmq_buildtargetmetadepsspecht_is_subtargetconfig
2020-01-21 10:57:08.682282 | > DO_CALL (0.001s wait)
.2020-01-21 10:57:08.687743 | eval'd: drake::cmq_buildtargetmetadepsspecht_is_subtargetconfig
2020-01-21 10:57:12.599690 | > DO_CALL (0.000s wait)
.2020-01-21 10:57:12.604975 | eval'd: drake::cmq_buildtargetmetadepsspecht_is_subtargetconfig
2020-01-21 10:57:16.741919 | > DO_CALL (0.000s wait)
.2020-01-21 10:57:16.747695 | eval'd: drake::cmq_buildtargetmetadepsspecht_is_subtargetconfig
2020-01-21 10:57:20.681602 | > DO_CALL (0.000s wait)
.2020-01-21 10:57:20.686957 | eval'd: drake::cmq_buildtargetmetadepsspecht_is_subtargetconfig
2020-01-21 10:57:25.253645 | > DO_CALL (0.000s wait)
.2020-01-21 10:57:25.259189 | eval'd: drake::cmq_buildtargetmetadepsspecht_is_subtargetconfig
2020-01-21 10:57:29.623648 | > DO_CALL (0.000s wait)
.2020-01-21 10:57:29.629647 | eval'd: drake::cmq_buildtargetmetadepsspecht_is_subtargetconfig
2020-01-21 10:57:33.367251 | > DO_CALL (0.001s wait)
.2020-01-21 10:57:33.372069 | eval'd: drake::cmq_buildtargetmetadepsspecht_is_subtargetconfig
2020-01-21 10:57:39.230365 | > DO_CALL (0.000s wait)
.2020-01-21 10:57:39.235950 | eval'd: drake::cmq_buildtargetmetadepsspecht_is_subtargetconfig
2020-01-21 10:57:43.481070 | > DO_CALL (0.001s wait)
.2020-01-21 10:57:43.485606 | eval'd: drake::cmq_buildtargetmetadepsspecht_is_subtargetconfig
2020-01-21 10:57:47.443718 | > DO_CALL (0.000s wait)
.2020-01-21 10:57:47.449896 | eval'd: drake::cmq_buildtargetmetadepsspecht_is_subtargetconfig
2020-01-21 10:57:51.585206 | > DO_CALL (0.001s wait)
.2020-01-21 10:57:51.589746 | eval'd: drake::cmq_buildtargetmetadepsspecht_is_subtargetconfig
2020-01-21 10:57:55.700999 | > DO_CALL (0.001s wait)
.2020-01-21 10:57:55.706974 | eval'd: drake::cmq_buildtargetmetadepsspecht_is_subtargetconfig
2020-01-21 10:58:00.585011 | > DO_CALL (0.001s wait)
.2020-01-21 10:58:00.591084 | eval'd: drake::cmq_buildtargetmetadepsspecht_is_subtargetconfig
2020-01-21 10:58:04.266074 | > DO_CALL (0.001s wait)
.2020-01-21 10:58:04.270714 | eval'd: drake::cmq_buildtargetmetadepsspecht_is_subtargetconfig
2020-01-21 10:58:08.405631 | > DO_CALL (0.000s wait)
.2020-01-21 10:58:08.411467 | eval'd: drake::cmq_buildtargetmetadepsspecht_is_subtargetconfig
2020-01-21 10:58:12.256883 | > DO_CALL (0.000s wait)
.2020-01-21 10:58:12.262879 | eval'd: drake::cmq_buildtargetmetadepsspecht_is_subtargetconfig
2020-01-21 10:58:16.141904 | > DO_CALL (0.000s wait)
.2020-01-21 10:58:16.147909 | eval'd: drake::cmq_buildtargetmetadepsspecht_is_subtargetconfig
2020-01-21 10:58:19.885375 | > DO_CALL (0.000s wait)
.2020-01-21 10:58:19.890774 | eval'd: drake::cmq_buildtargetmetadepsspecht_is_subtargetconfig
2020-01-21 10:58:23.608140 | > DO_CALL (0.001s wait)
.2020-01-21 10:58:23.612712 | eval'd: drake::cmq_buildtargetmetadepsspecht_is_subtargetconfig
2020-01-21 10:58:27.775003 | > DO_CALL (0.001s wait)
.2020-01-21 10:58:27.781688 | eval'd: drake::cmq_buildtargetmetadepsspecht_is_subtargetconfig
2020-01-21 10:58:31.462131 | > DO_CALL (0.001s wait)
.2020-01-21 10:58:31.466745 | eval'd: drake::cmq_buildtargetmetadepsspecht_is_subtargetconfig
2020-01-21 10:58:35.361099 | > DO_CALL (0.001s wait)
.2020-01-21 10:58:35.365543 | eval'd: drake::cmq_buildtargetmetadepsspecht_is_subtargetconfig
2020-01-21 10:58:39.249255 | > DO_CALL (0.001s wait)
.2020-01-21 10:58:39.254437 | eval'd: drake::cmq_buildtargetmetadepsspecht_is_subtargetconfig
2020-01-21 10:58:45.336877 | > DO_CALL (0.000s wait)
.2020-01-21 10:58:45.342800 | eval'd: drake::cmq_buildtargetmetadepsspecht_is_subtargetconfig
2020-01-21 10:58:49.254096 | > DO_CALL (0.001s wait)
.2020-01-21 10:58:49.259387 | eval'd: drake::cmq_buildtargetmetadepsspecht_is_subtargetconfig
2020-01-21 10:58:53.295128 | > DO_CALL (0.001s wait)
.2020-01-21 10:58:53.299538 | eval'd: drake::cmq_buildtargetmetadepsspecht_is_subtargetconfig
2020-01-21 10:58:57.472157 | > DO_CALL (0.001s wait)
.2020-01-21 10:58:57.477050 | eval'd: drake::cmq_buildtargetmetadepsspecht_is_subtargetconfig
2020-01-21 10:59:02.242146 | > DO_CALL (0.001s wait)
.2020-01-21 10:59:02.247671 | eval'd: drake::cmq_buildtargetmetadepsspecht_is_subtargetconfig
2020-01-21 10:59:06.173238 | > DO_CALL (0.001s wait)
.2020-01-21 10:59:06.178086 | eval'd: drake::cmq_buildtargetmetadepsspecht_is_subtargetconfig
2020-01-21 10:59:10.063788 | > DO_CALL (0.000s wait)
.
2020-01-21 10:59:10.069519 | eval'd: drake::cmq_buildtargetmetadepsspecht_is_subtargetconfig
2020-01-21 10:59:13.878978 | > DO_CALL (0.001s wait)
.2020-01-21 10:59:13.884923 | eval'd: drake::cmq_buildtargetmetadepsspecht_is_subtargetconfig
2020-01-21 10:59:17.893564 | > DO_CALL (0.000s wait)
.2020-01-21 10:59:17.899636 | eval'd: drake::cmq_buildtargetmetadepsspecht_is_subtargetconfig
2020-01-21 10:59:21.855916 | > DO_CALL (0.000s wait)
.2020-01-21 10:59:21.862141 | eval'd: drake::cmq_buildtargetmetadepsspecht_is_subtargetconfig
2020-01-21 10:59:25.903159 | > DO_CALL (0.001s wait)
.2020-01-21 10:59:25.907810 | eval'd: drake::cmq_buildtargetmetadepsspecht_is_subtargetconfig
2020-01-21 10:59:30.418272 | > DO_CALL (0.001s wait)
.2020-01-21 10:59:30.423326 | eval'd: drake::cmq_buildtargetmetadepsspecht_is_subtargetconfig
2020-01-21 10:59:34.335285 | > DO_CALL (0.001s wait)
.2020-01-21 10:59:34.342454 | eval'd: drake::cmq_buildtargetmetadepsspecht_is_subtargetconfig
2020-01-21 10:59:38.132250 | > DO_CALL (0.001s wait)
.2020-01-21 10:59:38.137848 | eval'd: drake::cmq_buildtargetmetadepsspecht_is_subtargetconfig
2020-01-21 10:59:41.924123 | > DO_CALL (0.001s wait)
.2020-01-21 10:59:41.928762 | eval'd: drake::cmq_buildtargetmetadepsspecht_is_subtargetconfig
2020-01-21 10:59:48.214074 | > DO_CALL (0.001s wait)
.2020-01-21 10:59:48.220758 | eval'd: drake::cmq_buildtargetmetadepsspecht_is_subtargetconfig
2020-01-21 10:59:51.971241 | > DO_CALL (0.001s wait)
.2020-01-21 10:59:51.977622 | eval'd: drake::cmq_buildtargetmetadepsspecht_is_subtargetconfig
2020-01-21 10:59:55.784193 | > DO_CALL (0.001s wait)
.2020-01-21 10:59:55.788973 | eval'd: drake::cmq_buildtargetmetadepsspecht_is_subtargetconfig
2020-01-21 10:59:59.699068 | > DO_CALL (0.001s wait)
.2020-01-21 10:59:59.703503 | eval'd: drake::cmq_buildtargetmetadepsspecht_is_subtargetconfig
2020-01-21 11:00:03.540246 | > DO_CALL (0.001s wait)
.2020-01-21 11:00:03.546612 | eval'd: drake::cmq_buildtargetmetadepsspecht_is_subtargetconfig
2020-01-21 11:00:07.109063 | > DO_CALL (0.001s wait)
.2020-01-21 11:00:07.115696 | eval'd: drake::cmq_buildtargetmetadepsspecht_is_subtargetconfig
2020-01-21 11:00:10.649001 | > DO_CALL (0.001s wait)
.2020-01-21 11:00:10.654816 | eval'd: drake::cmq_buildtargetmetadepsspecht_is_subtargetconfig
2020-01-21 11:00:14.370167 | > DO_CALL (0.001s wait)
.2020-01-21 11:00:14.376143 | eval'd: drake::cmq_buildtargetmetadepsspecht_is_subtargetconfig
2020-01-21 11:00:18.102231 | > DO_CALL (0.001s wait)
.2020-01-21 11:00:18.123078 | eval'd: drake::cmq_buildtargetmetadepsspecht_is_subtargetconfig
2020-01-21 11:00:22.115209 | > DO_CALL (0.001s wait)
.2020-01-21 11:00:22.119824 | eval'd: drake::cmq_buildtargetmetadepsspecht_is_subtargetconfig
2020-01-21 11:00:25.953885 | > DO_CALL (0.000s wait)
.2020-01-21 11:00:25.959437 | eval'd: drake::cmq_buildtargetmetadepsspecht_is_subtargetconfig
2020-01-21 11:00:29.876752 | > DO_CALL (0.000s wait)
.2020-01-21 11:00:29.882945 | eval'd: drake::cmq_buildtargetmetadepsspecht_is_subtargetconfig
2020-01-21 11:00:34.369213 | > DO_CALL (0.001s wait)
.2020-01-21 11:00:34.375756 | eval'd: drake::cmq_buildtargetmetadepsspecht_is_subtargetconfig
2020-01-21 11:00:38.579376 | > DO_CALL (0.000s wait)
.2020-01-21 11:00:38.584882 | eval'd: drake::cmq_buildtargetmetadepsspecht_is_subtargetconfig
2020-01-21 11:00:42.265968 | > DO_CALL (0.001s wait)
.2020-01-21 11:00:42.271697 | eval'd: drake::cmq_buildtargetmetadepsspecht_is_subtargetconfig
2020-01-21 11:00:47.034865 | > DO_CALL (0.000s wait)
.2020-01-21 11:00:47.040321 | eval'd: drake::cmq_buildtargetmetadepsspecht_is_subtargetconfig
2020-01-21 11:00:51.874772 | > DO_CALL (0.000s wait)
.2020-01-21 11:00:51.880033 | eval'd: drake::cmq_buildtargetmetadepsspecht_is_subtargetconfig
2020-01-21 11:00:55.819223 | > DO_CALL (0.001s wait)
.2020-01-21 11:00:55.823630 | eval'd: drake::cmq_buildtargetmetadepsspecht_is_subtargetconfig
2020-01-21 11:00:59.768914 | > DO_CALL (0.000s wait)
.2020-01-21 11:00:59.775504 | eval'd: drake::cmq_buildtargetmetadepsspecht_is_subtargetconfig
2020-01-21 11:01:04.351444 | > DO_CALL (0.000s wait)
.2020-01-21 11:01:04.356167 | eval'd: drake::cmq_buildtargetmetadepsspecht_is_subtargetconfig
2020-01-21 11:01:08.408946 | > DO_CALL (0.000s wait)
.2020-01-21 11:01:08.415322 | eval'd: drake::cmq_buildtargetmetadepsspecht_is_subtargetconfig
2020-01-21 11:01:12.494387 | > DO_CALL (0.000s wait)
.2020-01-21 11:01:12.499342 | eval'd: drake::cmq_buildtargetmetadepsspecht_is_subtargetconfig
2020-01-21 11:01:16.402199 | > DO_CALL (0.001s wait)
.2020-01-21 11:01:16.408273 | eval'd: drake::cmq_buildtargetmetadepsspecht_is_subtargetconfig
2020-01-21 11:01:20.307293 | > DO_CALL (0.000s wait)
.2020-01-21 11:01:20.312474 | eval'd: drake::cmq_buildtargetmetadepsspecht_is_subtargetconfig
2020-01-21 11:01:23.825758 | > DO_CALL (0.000s wait)
.2020-01-21 11:01:23.831013 | eval'd: drake::cmq_buildtargetmetadepsspecht_is_subtargetconfig
2020-01-21 11:01:27.664171 | > DO_CALL (0.001s wait)
.2020-01-21 11:01:27.669205 | eval'd: drake::cmq_buildtargetmetadepsspecht_is_subtargetconfig
2020-01-21 11:01:31.475835 | > DO_CALL (0.000s wait)
.2020-01-21 11:01:31.481415 | eval'd: drake::cmq_buildtargetmetadepsspecht_is_subtargetconfig
2020-01-21 11:01:35.737227 | > DO_CALL (0.001s wait)
.2020-01-21 11:01:35.741898 | eval'd: drake::cmq_buildtargetmetadepsspecht_is_subtargetconfig
2020-01-21 11:01:39.420096 | > DO_CALL (0.001s wait)
.2020-01-21 11:01:39.425251 | eval'd: drake::cmq_buildtargetmetadepsspecht_is_subtargetconfig
2020-01-21 11:01:42.960727 | > DO_CALL (0.000s wait)
.2020-01-21 11:01:42.966318 | eval'd: drake::cmq_buildtargetmetadepsspecht_is_subtargetconfig
2020-01-21 11:01:46.691136 | > DO_CALL (0.001s wait)
.2020-01-21 11:01:46.695609 | eval'd: drake::cmq_buildtargetmetadepsspecht_is_subtargetconfig
2020-01-21 11:01:52.324156 | > DO_CALL (0.001s wait)
.2020-01-21 11:01:52.328708 | eval'd: drake::cmq_buildtargetmetadepsspecht_is_subtargetconfig
2020-01-21 11:01:56.207200 | > DO_CALL (0.001s wait)
.2020-01-21 11:01:56.211687 | eval'd: drake::cmq_buildtargetmetadepsspecht_is_subtargetconfig
2020-01-21 11:02:00.077008 | > DO_CALL (0.001s wait)
.2020-01-21 11:02:00.082960 | eval'd: drake::cmq_buildtargetmetadepsspecht_is_subtargetconfig
2020-01-21 11:02:03.751049 | > DO_CALL (0.001s wait)
.2020-01-21 11:02:03.756991 | eval'd: drake::cmq_buildtargetmetadepsspecht_is_subtargetconfig
2020-01-21 11:02:07.465044 | > DO_CALL (0.001s wait)
.2020-01-21 11:02:07.471561 | eval'd: drake::cmq_buildtargetmetadepsspecht_is_subtargetconfig
2020-01-21 11:02:11.088234 | > DO_CALL (0.000s wait)
.2020-01-21 11:02:11.092631 | eval'd: drake::cmq_buildtargetmetadepsspecht_is_subtargetconfig
2020-01-21 11:02:15.050461 | > DO_CALL (0.000s wait)
.2020-01-21 11:02:15.055651 | eval'd: drake::cmq_buildtargetmetadepsspecht_is_subtargetconfig
2020-01-21 11:02:18.912437 | > DO_CALL (0.000s wait)
.2020-01-21 11:02:18.918107 | eval'd: drake::cmq_buildtargetmetadepsspecht_is_subtargetconfig
2020-01-21 11:02:22.847776 | > DO_CALL (0.000s wait)
.2020-01-21 11:02:22.853121 | eval'd: drake::cmq_buildtargetmetadepsspecht_is_subtargetconfig
2020-01-21 11:02:26.484159 | > DO_CALL (0.001s wait)
.2020-01-21 11:02:26.488630 | eval'd: drake::cmq_buildtargetmetadepsspecht_is_subtargetconfig
2020-01-21 11:02:30.034492 | > DO_CALL (0.000s wait)
.2020-01-21 11:02:30.039518 | eval'd: drake::cmq_buildtargetmetadepsspecht_is_subtargetconfig
2020-01-21 11:02:34.585354 | > DO_CALL (0.000s wait)
.2020-01-21 11:02:34.590254 | eval'd: drake::cmq_buildtargetmetadepsspecht_is_subtargetconfig
2020-01-21 11:02:38.872058 | > DO_CALL (0.001s wait)
.2020-01-21 11:02:38.878888 | eval'd: drake::cmq_buildtargetmetadepsspecht_is_subtargetconfig
2020-01-21 11:02:42.639209 | > DO_CALL (0.001s wait)
.2020-01-21 11:02:42.643888 | eval'd: drake::cmq_buildtargetmetadepsspecht_is_subtargetconfig
2020-01-21 11:02:46.424428 | > DO_CALL (0.000s wait)
.2020-01-21 11:02:46.429366 | eval'd: drake::cmq_buildtargetmetadepsspecht_is_subtargetconfig
2020-01-21 11:02:50.309938 | > DO_CALL (0.000s wait)
.2020-01-21 11:02:50.315444 | eval'd: drake::cmq_buildtargetmetadepsspecht_is_subtargetconfig
2020-01-21 11:02:55.614838 | > DO_CALL (0.000s wait)
.2020-01-21 11:02:55.620519 | eval'd: drake::cmq_buildtargetmetadepsspecht_is_subtargetconfig
2020-01-21 11:02:59.242554 | > DO_CALL (0.001s wait)
.2020-01-21 11:02:59.249188 | eval'd: drake::cmq_buildtargetmetadepsspecht_is_subtargetconfig
2020-01-21 11:03:02.863445 | > DO_CALL (0.000s wait)
.2020-01-21 11:03:02.868493 | eval'd: drake::cmq_buildtargetmetadepsspecht_is_subtargetconfig
2020-01-21 11:03:06.484305 | > DO_CALL (0.000s wait)
.2020-01-21 11:03:06.488944 | eval'd: drake::cmq_buildtargetmetadepsspecht_is_subtargetconfig
2020-01-21 11:03:10.105728 | > DO_CALL (0.000s wait)
.2020-01-21 11:03:10.111172 | eval'd: drake::cmq_buildtargetmetadepsspecht_is_subtargetconfig
2020-01-21 11:03:13.902362 | > DO_CALL (0.000s wait)
.2020-01-21 11:03:13.907082 | eval'd: drake::cmq_buildtargetmetadepsspecht_is_subtargetconfig
2020-01-21 11:03:18.289981 | > DO_CALL (0.001s wait)
.2020-01-21 11:03:18.296122 | eval'd: drake::cmq_buildtargetmetadepsspecht_is_subtargetconfig
2020-01-21 11:03:21.846649 | > DO_CALL (0.000s wait)
.2020-01-21 11:03:21.851966 | eval'd: drake::cmq_buildtargetmetadepsspecht_is_subtargetconfig
2020-01-21 11:03:25.283998 | > DO_CALL (0.001s wait)
.2020-01-21 11:03:25.289853 | eval'd: drake::cmq_buildtargetmetadepsspecht_is_subtargetconfig
2020-01-21 11:03:29.356373 | > DO_CALL (0.000s wait)
.2020-01-21 11:03:29.361873 | eval'd: drake::cmq_buildtargetmetadepsspecht_is_subtargetconfig
2020-01-21 11:03:33.820931 | > DO_CALL (0.000s wait)
.2020-01-21 11:03:33.826785 | eval'd: drake::cmq_buildtargetmetadepsspecht_is_subtargetconfig
2020-01-21 11:03:38.148764 | > DO_CALL (0.000s wait)
.2020-01-21 11:03:38.156593 | eval'd: drake::cmq_buildtargetmetadepsspecht_is_subtargetconfig
2020-01-21 11:03:42.514752 | > DO_CALL (0.000s wait)
.2020-01-21 11:03:42.520411 | eval'd: drake::cmq_buildtargetmetadepsspecht_is_subtargetconfig
2020-01-21 11:03:46.344951 | > DO_CALL (0.000s wait)
.2020-01-21 11:03:46.350695 | eval'd: drake::cmq_buildtargetmetadepsspecht_is_subtargetconfig
2020-01-21 11:03:49.848375 | > DO_CALL (0.000s wait)
.2020-01-21 11:03:49.853273 | eval'd: drake::cmq_buildtargetmetadepsspecht_is_subtargetconfig
2020-01-21 11:03:53.735746 | > DO_CALL (0.000s wait)
.2020-01-21 11:03:53.741261 | eval'd: drake::cmq_buildtargetmetadepsspecht_is_subtargetconfig
2020-01-21 11:03:59.496087 | > DO_CALL (0.001s wait)
.2020-01-21 11:03:59.502648 | eval'd: drake::cmq_buildtargetmetadepsspecht_is_subtargetconfig
2020-01-21 11:04:04.241362 | > DO_CALL (0.000s wait)
.2020-01-21 11:04:04.246114 | eval'd: drake::cmq_buildtargetmetadepsspecht_is_subtargetconfig
2020-01-21 11:04:07.960238 | > DO_CALL (0.000s wait)
.2020-01-21 11:04:07.965453 | eval'd: drake::cmq_buildtargetmetadepsspecht_is_subtargetconfig
2020-01-21 11:04:11.720096 | > DO_CALL (0.001s wait)
.2020-01-21 11:04:11.726544 | eval'd: drake::cmq_buildtargetmetadepsspecht_is_subtargetconfig
2020-01-21 11:04:15.388348 | > DO_CALL (0.001s wait)
.2020-01-21 11:04:15.394845 | eval'd: drake::cmq_buildtargetmetadepsspecht_is_subtargetconfig
2020-01-21 11:04:19.242564 | > DO_CALL (0.001s wait)
.2020-01-21 11:04:19.248927 | eval'd: drake::cmq_buildtargetmetadepsspecht_is_subtargetconfig
2020-01-21 11:04:23.037251 | > DO_CALL (0.001s wait)
.2020-01-21 11:04:23.043277 | eval'd: drake::cmq_buildtargetmetadepsspecht_is_subtargetconfig
2020-01-21 11:04:26.768887 | > DO_CALL (0.000s wait)
.
2020-01-21 11:04:26.774718 | eval'd: drake::cmq_buildtargetmetadepsspecht_is_subtargetconfig
2020-01-21 11:04:30.394399 | > DO_CALL (0.000s wait)
.2020-01-21 11:04:30.399924 | eval'd: drake::cmq_buildtargetmetadepsspecht_is_subtargetconfig
2020-01-21 11:04:33.955172 | > DO_CALL (0.000s wait)
.2020-01-21 11:04:33.959595 | eval'd: drake::cmq_buildtargetmetadepsspecht_is_subtargetconfig
2020-01-21 11:04:37.791199 | > DO_CALL (0.001s wait)
.2020-01-21 11:04:37.798299 | eval'd: drake::cmq_buildtargetmetadepsspecht_is_subtargetconfig
2020-01-21 11:04:41.657786 | > DO_CALL (0.000s wait)
.2020-01-21 11:04:41.663411 | eval'd: drake::cmq_buildtargetmetadepsspecht_is_subtargetconfig
2020-01-21 11:04:46.018731 | > DO_CALL (0.000s wait)
.2020-01-21 11:04:46.024157 | eval'd: drake::cmq_buildtargetmetadepsspecht_is_subtargetconfig
2020-01-21 11:04:49.679327 | > DO_CALL (0.001s wait)
.2020-01-21 11:04:49.685826 | eval'd: drake::cmq_buildtargetmetadepsspecht_is_subtargetconfig
2020-01-21 11:04:53.531535 | > DO_CALL (0.000s wait)
.2020-01-21 11:04:53.536604 | eval'd: drake::cmq_buildtargetmetadepsspecht_is_subtargetconfig
2020-01-21 11:04:57.162247 | > DO_CALL (0.000s wait)
.2020-01-21 11:04:57.168059 | eval'd: drake::cmq_buildtargetmetadepsspecht_is_subtargetconfig
2020-01-21 11:05:02.830298 | > DO_CALL (0.000s wait)
.2020-01-21 11:05:02.835134 | eval'd: drake::cmq_buildtargetmetadepsspecht_is_subtargetconfig
2020-01-21 11:05:06.449591 | > DO_CALL (0.000s wait)
.2020-01-21 11:05:06.468282 | eval'd: drake::cmq_buildtargetmetadepsspecht_is_subtargetconfig
2020-01-21 11:05:10.055858 | > DO_CALL (0.000s wait)
.2020-01-21 11:05:10.061124 | eval'd: drake::cmq_buildtargetmetadepsspecht_is_subtargetconfig
2020-01-21 11:05:13.850876 | > DO_CALL (0.000s wait)
.2020-01-21 11:05:13.856542 | eval'd: drake::cmq_buildtargetmetadepsspecht_is_subtargetconfig
2020-01-21 11:05:18.308545 | > DO_CALL (0.000s wait)
.2020-01-21 11:05:18.314447 | eval'd: drake::cmq_buildtargetmetadepsspecht_is_subtargetconfig
2020-01-21 11:05:21.883269 | > DO_CALL (0.000s wait)
.2020-01-21 11:05:21.887845 | eval'd: drake::cmq_buildtargetmetadepsspecht_is_subtargetconfig
2020-01-21 11:05:25.542428 | > DO_CALL (0.000s wait)
.2020-01-21 11:05:25.547266 | eval'd: drake::cmq_buildtargetmetadepsspecht_is_subtargetconfig
2020-01-21 11:05:29.207558 | > DO_CALL (0.000s wait)
.2020-01-21 11:05:29.212713 | eval'd: drake::cmq_buildtargetmetadepsspecht_is_subtargetconfig
2020-01-21 11:05:32.959110 | > DO_CALL (0.001s wait)
.2020-01-21 11:05:32.965140 | eval'd: drake::cmq_buildtargetmetadepsspecht_is_subtargetconfig
2020-01-21 11:05:36.569367 | > DO_CALL (0.000s wait)
.2020-01-21 11:05:36.574327 | eval'd: drake::cmq_buildtargetmetadepsspecht_is_subtargetconfig
2020-01-21 11:05:40.336632 | > DO_CALL (0.000s wait)
.2020-01-21 11:05:40.341823 | eval'd: drake::cmq_buildtargetmetadepsspecht_is_subtargetconfig
2020-01-21 11:05:44.142186 | > DO_CALL (0.000s wait)
.2020-01-21 11:05:44.146508 | eval'd: drake::cmq_buildtargetmetadepsspecht_is_subtargetconfig
2020-01-21 11:05:48.533324 | > DO_CALL (0.000s wait)
.2020-01-21 11:05:48.538761 | eval'd: drake::cmq_buildtargetmetadepsspecht_is_subtargetconfig
2020-01-21 11:05:52.264928 | > DO_CALL (0.000s wait)
.2020-01-21 11:05:52.270799 | eval'd: drake::cmq_buildtargetmetadepsspecht_is_subtargetconfig
2020-01-21 11:05:55.781791 | > DO_CALL (0.000s wait)
.2020-01-21 11:05:55.787605 | eval'd: drake::cmq_buildtargetmetadepsspecht_is_subtargetconfig
2020-01-21 11:05:59.315340 | > DO_CALL (0.000s wait)
.2020-01-21 11:05:59.320719 | eval'd: drake::cmq_buildtargetmetadepsspecht_is_subtargetconfig
2020-01-21 11:06:04.070567 | > DO_CALL (0.000s wait)
.2020-01-21 11:06:04.075378 | eval'd: drake::cmq_buildtargetmetadepsspecht_is_subtargetconfig
2020-01-21 11:06:07.655008 | > DO_CALL (0.001s wait)
.2020-01-21 11:06:07.661226 | eval'd: drake::cmq_buildtargetmetadepsspecht_is_subtargetconfig
2020-01-21 11:06:11.150212 | > DO_CALL (0.000s wait)
.2020-01-21 11:06:11.154788 | eval'd: drake::cmq_buildtargetmetadepsspecht_is_subtargetconfig
2020-01-21 11:06:15.062523 | > DO_CALL (0.000s wait)
.2020-01-21 11:06:15.067235 | eval'd: drake::cmq_buildtargetmetadepsspecht_is_subtargetconfig
2020-01-21 11:06:19.586024 | > DO_CALL (0.001s wait)
.2020-01-21 11:06:19.592143 | eval'd: drake::cmq_buildtargetmetadepsspecht_is_subtargetconfig
2020-01-21 11:06:22.958650 | > DO_CALL (0.000s wait)
.2020-01-21 11:06:22.963864 | eval'd: drake::cmq_buildtargetmetadepsspecht_is_subtargetconfig
2020-01-21 11:06:26.500162 | > DO_CALL (0.000s wait)
.2020-01-21 11:06:26.504433 | eval'd: drake::cmq_buildtargetmetadepsspecht_is_subtargetconfig
2020-01-21 11:06:30.094867 | > DO_CALL (0.000s wait)
.2020-01-21 11:06:30.100642 | eval'd: drake::cmq_buildtargetmetadepsspecht_is_subtargetconfig
2020-01-21 11:06:33.851874 | > DO_CALL (0.000s wait)
.2020-01-21 11:06:33.857561 | eval'd: drake::cmq_buildtargetmetadepsspecht_is_subtargetconfig
2020-01-21 11:06:37.450255 | > DO_CALL (0.000s wait)
.2020-01-21 11:06:37.455464 | eval'd: drake::cmq_buildtargetmetadepsspecht_is_subtargetconfig
2020-01-21 11:06:41.037647 | > DO_CALL (0.000s wait)
.2020-01-21 11:06:41.042629 | eval'd: drake::cmq_buildtargetmetadepsspecht_is_subtargetconfig
2020-01-21 11:06:44.614186 | > DO_CALL (0.000s wait)
.2020-01-21 11:06:44.618667 | eval'd: drake::cmq_buildtargetmetadepsspecht_is_subtargetconfig
2020-01-21 11:06:48.525988 | > DO_CALL (0.001s wait)
.2020-01-21 11:06:48.532645 | eval'd: drake::cmq_buildtargetmetadepsspecht_is_subtargetconfig
2020-01-21 11:06:52.536648 | > DO_CALL (0.000s wait)
.2020-01-21 11:06:52.544714 | eval'd: drake::cmq_buildtargetmetadepsspecht_is_subtargetconfig
2020-01-21 11:06:56.208591 | > DO_CALL (0.000s wait)
.2020-01-21 11:06:56.214242 | eval'd: drake::cmq_buildtargetmetadepsspecht_is_subtargetconfig
2020-01-21 11:06:59.933315 | > DO_CALL (0.000s wait)
.2020-01-21 11:06:59.939302 | eval'd: drake::cmq_buildtargetmetadepsspecht_is_subtargetconfig
2020-01-21 11:07:03.681779 | > DO_CALL (0.000s wait)
.2020-01-21 11:07:03.687675 | eval'd: drake::cmq_buildtargetmetadepsspecht_is_subtargetconfig
2020-01-21 11:07:09.335557 | > DO_CALL (0.000s wait)
.2020-01-21 11:07:09.341099 | eval'd: drake::cmq_buildtargetmetadepsspecht_is_subtargetconfig
2020-01-21 11:07:12.747252 | > DO_CALL (0.000s wait)
.2020-01-21 11:07:12.751910 | eval'd: drake::cmq_buildtargetmetadepsspecht_is_subtargetconfig
2020-01-21 11:07:16.198912 | > DO_CALL (0.000s wait)
.2020-01-21 11:07:16.204623 | eval'd: drake::cmq_buildtargetmetadepsspecht_is_subtargetconfig
2020-01-21 11:07:19.674149 | > DO_CALL (0.001s wait)
.2020-01-21 11:07:19.680397 | eval'd: drake::cmq_buildtargetmetadepsspecht_is_subtargetconfig
2020-01-21 11:07:23.114219 | > DO_CALL (0.000s wait)
.2020-01-21 11:07:23.118842 | eval'd: drake::cmq_buildtargetmetadepsspecht_is_subtargetconfig
2020-01-21 11:07:27.402262 | > DO_CALL (0.000s wait)
.2020-01-21 11:07:27.407356 | eval'd: drake::cmq_buildtargetmetadepsspecht_is_subtargetconfig
2020-01-21 11:07:30.981970 | > DO_CALL (0.001s wait)
.2020-01-21 11:07:30.987805 | eval'd: drake::cmq_buildtargetmetadepsspecht_is_subtargetconfig
2020-01-21 11:07:34.496427 | > DO_CALL (0.000s wait)
.2020-01-21 11:07:34.501363 | eval'd: drake::cmq_buildtargetmetadepsspecht_is_subtargetconfig
2020-01-21 11:07:38.046505 | > DO_CALL (0.000s wait)
.2020-01-21 11:07:38.051831 | eval'd: drake::cmq_buildtargetmetadepsspecht_is_subtargetconfig
2020-01-21 11:07:41.620960 | > DO_CALL (0.001s wait)
.2020-01-21 11:07:41.626902 | eval'd: drake::cmq_buildtargetmetadepsspecht_is_subtargetconfig
2020-01-21 11:07:45.345215 | > DO_CALL (0.000s wait)
.2020-01-21 11:07:45.349910 | eval'd: drake::cmq_buildtargetmetadepsspecht_is_subtargetconfig
2020-01-21 11:07:49.013276 | > DO_CALL (0.000s wait)
.2020-01-21 11:07:49.018184 | eval'd: drake::cmq_buildtargetmetadepsspecht_is_subtargetconfig
2020-01-21 11:07:53.071223 | > DO_CALL (0.000s wait)
.2020-01-21 11:07:53.075892 | eval'd: drake::cmq_buildtargetmetadepsspecht_is_subtargetconfig
2020-01-21 11:07:57.444134 | > DO_CALL (0.001s wait)
.2020-01-21 11:07:57.450357 | eval'd: drake::cmq_buildtargetmetadepsspecht_is_subtargetconfig
2020-01-21 11:08:01.002060 | > DO_CALL (0.001s wait)
.2020-01-21 11:08:01.007972 | eval'd: drake::cmq_buildtargetmetadepsspecht_is_subtargetconfig
2020-01-21 11:08:04.592072 | > DO_CALL (0.001s wait)
.2020-01-21 11:08:04.597599 | eval'd: drake::cmq_buildtargetmetadepsspecht_is_subtargetconfig
2020-01-21 11:08:10.111518 | > DO_CALL (0.000s wait)
.2020-01-21 11:08:10.117149 | eval'd: drake::cmq_buildtargetmetadepsspecht_is_subtargetconfig
2020-01-21 11:08:13.677934 | > DO_CALL (0.000s wait)
.2020-01-21 11:08:13.683552 | eval'd: drake::cmq_buildtargetmetadepsspecht_is_subtargetconfig
2020-01-21 11:08:17.150135 | > DO_CALL (0.001s wait)
.2020-01-21 11:08:17.156846 | eval'd: drake::cmq_buildtargetmetadepsspecht_is_subtargetconfig
2020-01-21 11:08:20.746536 | > DO_CALL (0.000s wait)
.2020-01-21 11:08:20.751624 | eval'd: drake::cmq_buildtargetmetadepsspecht_is_subtargetconfig
2020-01-21 11:08:24.290488 | > DO_CALL (0.000s wait)
.2020-01-21 11:08:24.295513 | eval'd: drake::cmq_buildtargetmetadepsspecht_is_subtargetconfig
2020-01-21 11:08:27.754079 | > DO_CALL (0.001s wait)
.2020-01-21 11:08:27.760593 | eval'd: drake::cmq_buildtargetmetadepsspecht_is_subtargetconfig
2020-01-21 11:08:31.248426 | > DO_CALL (0.000s wait)
.2020-01-21 11:08:31.253115 | eval'd: drake::cmq_buildtargetmetadepsspecht_is_subtargetconfig
2020-01-21 11:08:35.894245 | > DO_CALL (0.000s wait)
.2020-01-21 11:08:35.898715 | eval'd: drake::cmq_buildtargetmetadepsspecht_is_subtargetconfig
2020-01-21 11:08:39.369195 | > DO_CALL (0.000s wait)
.2020-01-21 11:08:39.374293 | eval'd: drake::cmq_buildtargetmetadepsspecht_is_subtargetconfig
2020-01-21 11:08:43.150904 | > DO_CALL (0.000s wait)
.2020-01-21 11:08:43.156557 | eval'd: drake::cmq_buildtargetmetadepsspecht_is_subtargetconfig
2020-01-21 11:08:46.719314 | > DO_CALL (0.000s wait)
.2020-01-21 11:08:46.724242 | eval'd: drake::cmq_buildtargetmetadepsspecht_is_subtargetconfig
2020-01-21 11:08:50.386812 | > DO_CALL (0.000s wait)
.2020-01-21 11:08:50.393121 | eval'd: drake::cmq_buildtargetmetadepsspecht_is_subtargetconfig
2020-01-21 11:08:53.819238 | > DO_CALL (0.000s wait)
.2020-01-21 11:08:53.823848 | eval'd: drake::cmq_buildtargetmetadepsspecht_is_subtargetconfig
2020-01-21 11:08:57.918785 | > DO_CALL (0.000s wait)
.2020-01-21 11:08:57.925343 | eval'd: drake::cmq_buildtargetmetadepsspecht_is_subtargetconfig
2020-01-21 11:09:01.701203 | > DO_CALL (0.000s wait)
.2020-01-21 11:09:01.705785 | eval'd: drake::cmq_buildtargetmetadepsspecht_is_subtargetconfig
2020-01-21 11:09:05.429048 | > DO_CALL (0.001s wait)
.2020-01-21 11:09:05.434676 | eval'd: drake::cmq_buildtargetmetadepsspecht_is_subtargetconfig
2020-01-21 11:09:09.138273 | > DO_CALL (0.000s wait)
.2020-01-21 11:09:09.142741 | eval'd: drake::cmq_buildtargetmetadepsspecht_is_subtargetconfig
2020-01-21 11:09:14.671205 | > DO_CALL (0.000s wait)
.2020-01-21 11:09:14.675867 | eval'd: drake::cmq_buildtargetmetadepsspecht_is_subtargetconfig
2020-01-21 11:09:18.064883 | > DO_CALL (0.000s wait)
.2020-01-21 11:09:18.071125 | eval'd: drake::cmq_buildtargetmetadepsspecht_is_subtargetconfig
2020-01-21 11:09:21.472559 | > DO_CALL (0.000s wait)
.2020-01-21 11:09:21.477694 | eval'd: drake::cmq_buildtargetmetadepsspecht_is_subtargetconfig
2020-01-21 11:09:25.019954 | > DO_CALL (0.001s wait)
.2020-01-21 11:09:25.025477 | eval'd: drake::cmq_buildtargetmetadepsspecht_is_subtargetconfig
2020-01-21 11:09:28.724370 | > DO_CALL (0.000s wait)
.
2020-01-21 11:09:28.729886 | eval'd: drake::cmq_buildtargetmetadepsspecht_is_subtargetconfig
2020-01-21 11:09:32.492115 | > DO_CALL (0.001s wait)
.2020-01-21 11:09:32.498166 | eval'd: drake::cmq_buildtargetmetadepsspecht_is_subtargetconfig
2020-01-21 11:09:36.272322 | > DO_CALL (0.000s wait)
.2020-01-21 11:09:36.277419 | eval'd: drake::cmq_buildtargetmetadepsspecht_is_subtargetconfig
2020-01-21 11:09:40.687258 | > DO_CALL (0.001s wait)
.2020-01-21 11:09:40.694153 | eval'd: drake::cmq_buildtargetmetadepsspecht_is_subtargetconfig
2020-01-21 11:09:44.447050 | > DO_CALL (0.001s wait)
.2020-01-21 11:09:44.452706 | eval'd: drake::cmq_buildtargetmetadepsspecht_is_subtargetconfig
2020-01-21 11:09:48.046107 | > DO_CALL (0.001s wait)
.2020-01-21 11:09:48.053366 | eval'd: drake::cmq_buildtargetmetadepsspecht_is_subtargetconfig
2020-01-21 11:09:51.435261 | > DO_CALL (0.000s wait)
.2020-01-21 11:09:51.464530 | eval'd: drake::cmq_buildtargetmetadepsspecht_is_subtargetconfig
2020-01-21 11:09:54.977985 | > DO_CALL (0.001s wait)
.2020-01-21 11:09:54.983508 | eval'd: drake::cmq_buildtargetmetadepsspecht_is_subtargetconfig
2020-01-21 11:09:59.075176 | > DO_CALL (0.018s wait)
.2020-01-21 11:09:59.081394 | eval'd: drake::cmq_buildtargetmetadepsspecht_is_subtargetconfig
2020-01-21 11:10:02.503964 | > DO_CALL (0.001s wait)
.2020-01-21 11:10:02.509688 | eval'd: drake::cmq_buildtargetmetadepsspecht_is_subtargetconfig
2020-01-21 11:10:05.977245 | > DO_CALL (0.000s wait)
.2020-01-21 11:10:05.981804 | eval'd: drake::cmq_buildtargetmetadepsspecht_is_subtargetconfig
2020-01-21 11:10:09.455960 | > DO_CALL (0.001s wait)
.2020-01-21 11:10:09.462470 | eval'd: drake::cmq_buildtargetmetadepsspecht_is_subtargetconfig
2020-01-21 11:10:14.354989 | > DO_CALL (0.001s wait)
.2020-01-21 11:10:14.360501 | eval'd: drake::cmq_buildtargetmetadepsspecht_is_subtargetconfig
2020-01-21 11:10:18.252333 | > DO_CALL (0.000s wait)
.2020-01-21 11:10:18.256870 | eval'd: drake::cmq_buildtargetmetadepsspecht_is_subtargetconfig
2020-01-21 11:10:21.817086 | > DO_CALL (0.001s wait)
.2020-01-21 11:10:21.822555 | eval'd: drake::cmq_buildtargetmetadepsspecht_is_subtargetconfig
2020-01-21 11:10:25.329211 | > DO_CALL (0.000s wait)
.2020-01-21 11:10:25.333709 | eval'd: drake::cmq_buildtargetmetadepsspecht_is_subtargetconfig
2020-01-21 11:10:28.819325 | > DO_CALL (0.000s wait)
.2020-01-21 11:10:28.824873 | eval'd: drake::cmq_buildtargetmetadepsspecht_is_subtargetconfig
2020-01-21 11:10:32.381024 | > DO_CALL (0.001s wait)
.2020-01-21 11:10:32.386645 | eval'd: drake::cmq_buildtargetmetadepsspecht_is_subtargetconfig
2020-01-21 11:10:35.977293 | > DO_CALL (0.000s wait)
.2020-01-21 11:10:35.981851 | eval'd: drake::cmq_buildtargetmetadepsspecht_is_subtargetconfig
2020-01-21 11:10:39.738445 | > DO_CALL (0.000s wait)
.2020-01-21 11:10:39.743224 | eval'd: drake::cmq_buildtargetmetadepsspecht_is_subtargetconfig
2020-01-21 11:10:43.238112 | > DO_CALL (0.001s wait)
.2020-01-21 11:10:43.244371 | eval'd: drake::cmq_buildtargetmetadepsspecht_is_subtargetconfig
2020-01-21 11:10:46.818328 | > DO_CALL (0.000s wait)
.2020-01-21 11:10:46.824840 | eval'd: drake::cmq_buildtargetmetadepsspecht_is_subtargetconfig
2020-01-21 11:10:50.331258 | > DO_CALL (0.000s wait)
.2020-01-21 11:10:50.335582 | eval'd: drake::cmq_buildtargetmetadepsspecht_is_subtargetconfig
2020-01-21 11:10:53.808571 | > DO_CALL (0.000s wait)
.2020-01-21 11:10:53.813341 | eval'd: drake::cmq_buildtargetmetadepsspecht_is_subtargetconfig
2020-01-21 11:10:58.366623 | > DO_CALL (0.000s wait)
.2020-01-21 11:10:58.372371 | eval'd: drake::cmq_buildtargetmetadepsspecht_is_subtargetconfig
2020-01-21 11:11:02.472076 | > DO_CALL (0.001s wait)
.2020-01-21 11:11:02.477941 | eval'd: drake::cmq_buildtargetmetadepsspecht_is_subtargetconfig
2020-01-21 11:11:06.272427 | > DO_CALL (0.000s wait)
.2020-01-21 11:11:06.277099 | eval'd: drake::cmq_buildtargetmetadepsspecht_is_subtargetconfig
2020-01-21 11:11:09.791311 | > DO_CALL (0.000s wait)
.2020-01-21 11:11:09.795666 | eval'd: drake::cmq_buildtargetmetadepsspecht_is_subtargetconfig
2020-01-21 11:11:13.392856 | > DO_CALL (0.000s wait)
.2020-01-21 11:11:13.398199 | eval'd: drake::cmq_buildtargetmetadepsspecht_is_subtargetconfig
2020-01-21 11:11:18.936910 | > DO_CALL (0.000s wait)
.2020-01-21 11:11:18.943200 | eval'd: drake::cmq_buildtargetmetadepsspecht_is_subtargetconfig
2020-01-21 11:11:22.516330 | > DO_CALL (0.000s wait)
.2020-01-21 11:11:22.521051 | eval'd: drake::cmq_buildtargetmetadepsspecht_is_subtargetconfig
2020-01-21 11:11:26.052545 | > DO_CALL (0.000s wait)
.2020-01-21 11:11:26.057509 | eval'd: drake::cmq_buildtargetmetadepsspecht_is_subtargetconfig
2020-01-21 11:11:29.534339 | > DO_CALL (0.000s wait)
.2020-01-21 11:11:29.538968 | eval'd: drake::cmq_buildtargetmetadepsspecht_is_subtargetconfig
2020-01-21 11:11:33.188136 | > DO_CALL (0.001s wait)
.2020-01-21 11:11:33.194183 | eval'd: drake::cmq_buildtargetmetadepsspecht_is_subtargetconfig
2020-01-21 11:11:36.882595 | > DO_CALL (0.000s wait)
.2020-01-21 11:11:36.887786 | eval'd: drake::cmq_buildtargetmetadepsspecht_is_subtargetconfig
2020-01-21 11:11:40.648787 | > DO_CALL (0.000s wait)
.2020-01-21 11:11:40.654226 | eval'd: drake::cmq_buildtargetmetadepsspecht_is_subtargetconfig
2020-01-21 11:11:44.418202 | > DO_CALL (0.000s wait)
.2020-01-21 11:11:44.422825 | eval'd: drake::cmq_buildtargetmetadepsspecht_is_subtargetconfig
2020-01-21 11:11:47.953226 | > DO_CALL (0.000s wait)
.2020-01-21 11:11:47.958901 | eval'd: drake::cmq_buildtargetmetadepsspecht_is_subtargetconfig
2020-01-21 11:11:51.447269 | > DO_CALL (0.000s wait)
.2020-01-21 11:11:51.451945 | eval'd: drake::cmq_buildtargetmetadepsspecht_is_subtargetconfig
2020-01-21 11:11:55.830911 | > DO_CALL (0.000s wait)
.2020-01-21 11:11:55.836480 | eval'd: drake::cmq_buildtargetmetadepsspecht_is_subtargetconfig
2020-01-21 11:11:59.283633 | > DO_CALL (0.000s wait)
.2020-01-21 11:11:59.289638 | eval'd: drake::cmq_buildtargetmetadepsspecht_is_subtargetconfig
2020-01-21 11:12:03.319556 | > DO_CALL (0.000s wait)
.2020-01-21 11:12:03.324683 | eval'd: drake::cmq_buildtargetmetadepsspecht_is_subtargetconfig
2020-01-21 11:12:06.952296 | > DO_CALL (0.000s wait)
.2020-01-21 11:12:06.956986 | eval'd: drake::cmq_buildtargetmetadepsspecht_is_subtargetconfig
2020-01-21 11:12:10.394302 | > DO_CALL (0.000s wait)
.2020-01-21 11:12:10.398733 | eval'd: drake::cmq_buildtargetmetadepsspecht_is_subtargetconfig
2020-01-21 11:12:13.819923 | > DO_CALL (0.000s wait)
.2020-01-21 11:12:13.825507 | eval'd: drake::cmq_buildtargetmetadepsspecht_is_subtargetconfig
2020-01-21 11:12:17.379270 | > DO_CALL (0.000s wait)
.2020-01-21 11:12:17.384410 | eval'd: drake::cmq_buildtargetmetadepsspecht_is_subtargetconfig
2020-01-21 11:12:22.643980 | > DO_CALL (0.001s wait)
.2020-01-21 11:12:22.649723 | eval'd: drake::cmq_buildtargetmetadepsspecht_is_subtargetconfig
2020-01-21 11:12:26.069059 | > DO_CALL (0.001s wait)
.2020-01-21 11:12:26.074958 | eval'd: drake::cmq_buildtargetmetadepsspecht_is_subtargetconfig
2020-01-21 11:12:29.624243 | > DO_CALL (0.000s wait)
.2020-01-21 11:12:29.628794 | eval'd: drake::cmq_buildtargetmetadepsspecht_is_subtargetconfig
2020-01-21 11:12:34.042577 | > DO_CALL (0.000s wait)
.2020-01-21 11:12:34.047789 | eval'd: drake::cmq_buildtargetmetadepsspecht_is_subtargetconfig
2020-01-21 11:12:37.554164 | > DO_CALL (0.000s wait)
.2020-01-21 11:12:37.559204 | eval'd: drake::cmq_buildtargetmetadepsspecht_is_subtargetconfig
2020-01-21 11:12:40.955869 | > DO_CALL (0.000s wait)
.2020-01-21 11:12:40.961284 | eval'd: drake::cmq_buildtargetmetadepsspecht_is_subtargetconfig
2020-01-21 11:12:44.498098 | > DO_CALL (0.001s wait)
.2020-01-21 11:12:44.503900 | eval'd: drake::cmq_buildtargetmetadepsspecht_is_subtargetconfig
2020-01-21 11:12:48.104808 | > DO_CALL (0.000s wait)
.2020-01-21 11:12:48.110893 | eval'd: drake::cmq_buildtargetmetadepsspecht_is_subtargetconfig
2020-01-21 11:12:51.608850 | > DO_CALL (0.000s wait)
.2020-01-21 11:12:51.614398 | eval'd: drake::cmq_buildtargetmetadepsspecht_is_subtargetconfig
2020-01-21 11:12:55.119582 | > DO_CALL (0.000s wait)
.2020-01-21 11:12:55.124612 | eval'd: drake::cmq_buildtargetmetadepsspecht_is_subtargetconfig
2020-01-21 11:12:58.640292 | > DO_CALL (0.000s wait)
.2020-01-21 11:12:58.645316 | eval'd: drake::cmq_buildtargetmetadepsspecht_is_subtargetconfig
2020-01-21 11:13:01.999452 | > DO_CALL (0.000s wait)
.2020-01-21 11:13:02.004105 | eval'd: drake::cmq_buildtargetmetadepsspecht_is_subtargetconfig
2020-01-21 11:13:05.369692 | > DO_CALL (0.000s wait)
.2020-01-21 11:13:05.375001 | eval'd: drake::cmq_buildtargetmetadepsspecht_is_subtargetconfig
2020-01-21 11:13:09.418637 | > DO_CALL (0.000s wait)
.2020-01-21 11:13:09.424179 | eval'd: drake::cmq_buildtargetmetadepsspecht_is_subtargetconfig
2020-01-21 11:13:12.911087 | > DO_CALL (0.001s wait)
.2020-01-21 11:13:12.916712 | eval'd: drake::cmq_buildtargetmetadepsspecht_is_subtargetconfig
2020-01-21 11:13:16.591588 | > DO_CALL (0.000s wait)
.2020-01-21 11:13:16.596452 | eval'd: drake::cmq_buildtargetmetadepsspecht_is_subtargetconfig
2020-01-21 11:13:20.203069 | > DO_CALL (0.001s wait)
.2020-01-21 11:13:20.208695 | eval'd: drake::cmq_buildtargetmetadepsspecht_is_subtargetconfig
2020-01-21 11:13:25.305269 | > DO_CALL (0.000s wait)
.2020-01-21 11:13:25.309850 | eval'd: drake::cmq_buildtargetmetadepsspecht_is_subtargetconfig
2020-01-21 11:13:28.789429 | > DO_CALL (0.000s wait)
.2020-01-21 11:13:28.794719 | eval'd: drake::cmq_buildtargetmetadepsspecht_is_subtargetconfig
2020-01-21 11:13:32.425024 | > DO_CALL (0.001s wait)
.2020-01-21 11:13:32.430668 | eval'd: drake::cmq_buildtargetmetadepsspecht_is_subtargetconfig
2020-01-21 11:13:35.964302 | > DO_CALL (0.001s wait)
.2020-01-21 11:13:35.970739 | eval'd: drake::cmq_buildtargetmetadepsspecht_is_subtargetconfig
2020-01-21 11:13:39.421354 | > DO_CALL (0.001s wait)
.2020-01-21 11:13:39.427746 | eval'd: drake::cmq_buildtargetmetadepsspecht_is_subtargetconfig
2020-01-21 11:13:43.653178 | > DO_CALL (0.000s wait)
.2020-01-21 11:13:43.657494 | eval'd: drake::cmq_buildtargetmetadepsspecht_is_subtargetconfig
2020-01-21 11:13:47.077822 | > DO_CALL (0.000s wait)
.2020-01-21 11:13:47.083977 | eval'd: drake::cmq_buildtargetmetadepsspecht_is_subtargetconfig
2020-01-21 11:13:50.642980 | > DO_CALL (0.001s wait)
.2020-01-21 11:13:50.648770 | eval'd: drake::cmq_buildtargetmetadepsspecht_is_subtargetconfig
2020-01-21 11:13:54.241889 | > DO_CALL (0.000s wait)
.2020-01-21 11:13:54.246568 | eval'd: drake::cmq_buildtargetmetadepsspecht_is_subtargetconfig
2020-01-21 11:13:57.706295 | > DO_CALL (0.000s wait)
.2020-01-21 11:13:57.711512 | eval'd: drake::cmq_buildtargetmetadepsspecht_is_subtargetconfig
2020-01-21 11:14:01.170296 | > DO_CALL (0.000s wait)
.2020-01-21 11:14:01.174766 | eval'd: drake::cmq_buildtargetmetadepsspecht_is_subtargetconfig
2020-01-21 11:14:04.710182 | > DO_CALL (0.000s wait)
.2020-01-21 11:14:04.714576 | eval'd: drake::cmq_buildtargetmetadepsspecht_is_subtargetconfig
2020-01-21 11:14:08.151684 | > DO_CALL (0.000s wait)
.2020-01-21 11:14:08.157710 | eval'd: drake::cmq_buildtargetmetadepsspecht_is_subtargetconfig
2020-01-21 11:14:12.228230 | > DO_CALL (0.000s wait)
.2020-01-21 11:14:12.232802 | eval'd: drake::cmq_buildtargetmetadepsspecht_is_subtargetconfig
2020-01-21 11:14:15.532654 | > DO_CALL (0.000s wait)
.2020-01-21 11:14:15.537570 | eval'd: drake::cmq_buildtargetmetadepsspecht_is_subtargetconfig
2020-01-21 11:14:19.016212 | > DO_CALL (0.000s wait)
.2020-01-21 11:14:19.020783 | eval'd: drake::cmq_buildtargetmetadepsspecht_is_subtargetconfig
2020-01-21 11:14:23.279980 | > DO_CALL (0.001s wait)
.
2020-01-21 11:14:23.285832 | eval'd: drake::cmq_buildtargetmetadepsspecht_is_subtargetconfig
2020-01-21 11:14:28.775290 | > DO_CALL (0.000s wait)
.2020-01-21 11:14:28.780572 | eval'd: drake::cmq_buildtargetmetadepsspecht_is_subtargetconfig
2020-01-21 11:14:32.382977 | > DO_CALL (0.001s wait)
.2020-01-21 11:14:32.387572 | eval'd: drake::cmq_buildtargetmetadepsspecht_is_subtargetconfig
2020-01-21 11:14:35.823600 | > DO_CALL (0.000s wait)
.2020-01-21 11:14:35.844403 | eval'd: drake::cmq_buildtargetmetadepsspecht_is_subtargetconfig
2020-01-21 11:14:39.307130 | > DO_CALL (0.001s wait)
.2020-01-21 11:14:39.313324 | eval'd: drake::cmq_buildtargetmetadepsspecht_is_subtargetconfig
2020-01-21 11:14:42.806882 | > DO_CALL (0.000s wait)
.2020-01-21 11:14:42.812169 | eval'd: drake::cmq_buildtargetmetadepsspecht_is_subtargetconfig
2020-01-21 11:14:46.241713 | > DO_CALL (0.000s wait)
.2020-01-21 11:14:46.246092 | eval'd: drake::cmq_buildtargetmetadepsspecht_is_subtargetconfig
2020-01-21 11:14:49.597490 | > DO_CALL (0.000s wait)
.2020-01-21 11:14:49.604085 | eval'd: drake::cmq_buildtargetmetadepsspecht_is_subtargetconfig
2020-01-21 11:14:53.026272 | > DO_CALL (0.000s wait)
.2020-01-21 11:14:53.030848 | eval'd: drake::cmq_buildtargetmetadepsspecht_is_subtargetconfig
2020-01-21 11:14:56.421412 | > DO_CALL (0.000s wait)
.2020-01-21 11:14:56.426298 | eval'd: drake::cmq_buildtargetmetadepsspecht_is_subtargetconfig
2020-01-21 11:14:59.854929 | > DO_CALL (0.000s wait)
.2020-01-21 11:14:59.860778 | eval'd: drake::cmq_buildtargetmetadepsspecht_is_subtargetconfig
2020-01-21 11:15:03.242156 | > DO_CALL (0.001s wait)
.2020-01-21 11:15:03.247353 | eval'd: drake::cmq_buildtargetmetadepsspecht_is_subtargetconfig
2020-01-21 11:15:06.684070 | > DO_CALL (0.001s wait)
.2020-01-21 11:15:06.689942 | eval'd: drake::cmq_buildtargetmetadepsspecht_is_subtargetconfig
2020-01-21 11:15:10.107532 | > DO_CALL (0.000s wait)
.2020-01-21 11:15:10.112907 | eval'd: drake::cmq_buildtargetmetadepsspecht_is_subtargetconfig
2020-01-21 11:15:14.218367 | > DO_CALL (0.000s wait)
.2020-01-21 11:15:14.223070 | eval'd: drake::cmq_buildtargetmetadepsspecht_is_subtargetconfig
2020-01-21 11:15:17.824932 | > DO_CALL (0.000s wait)
.2020-01-21 11:15:17.830860 | eval'd: drake::cmq_buildtargetmetadepsspecht_is_subtargetconfig
2020-01-21 11:15:21.979313 | > DO_CALL (0.000s wait)
.2020-01-21 11:15:21.984057 | eval'd: drake::cmq_buildtargetmetadepsspecht_is_subtargetconfig
2020-01-21 11:15:25.312795 | > DO_CALL (0.000s wait)
.2020-01-21 11:15:25.318406 | eval'd: drake::cmq_buildtargetmetadepsspecht_is_subtargetconfig
2020-01-21 11:15:30.896138 | > DO_CALL (0.001s wait)
.2020-01-21 11:15:30.902713 | eval'd: drake::cmq_buildtargetmetadepsspecht_is_subtargetconfig
2020-01-21 11:15:34.365240 | > DO_CALL (0.000s wait)
.2020-01-21 11:15:34.369612 | eval'd: drake::cmq_buildtargetmetadepsspecht_is_subtargetconfig
2020-01-21 11:15:37.686157 | > DO_CALL (0.001s wait)
.2020-01-21 11:15:37.691222 | eval'd: drake::cmq_buildtargetmetadepsspecht_is_subtargetconfig
2020-01-21 11:15:41.247990 | > DO_CALL (0.001s wait)
.2020-01-21 11:15:41.253411 | eval'd: drake::cmq_buildtargetmetadepsspecht_is_subtargetconfig
2020-01-21 11:15:44.592239 | > DO_CALL (0.000s wait)
.2020-01-21 11:15:44.596765 | eval'd: drake::cmq_buildtargetmetadepsspecht_is_subtargetconfig
2020-01-21 11:15:48.200805 | > DO_CALL (0.000s wait)
.2020-01-21 11:15:48.206547 | eval'd: drake::cmq_buildtargetmetadepsspecht_is_subtargetconfig
2020-01-21 11:15:52.439264 | > DO_CALL (0.000s wait)
.2020-01-21 11:15:52.443727 | eval'd: drake::cmq_buildtargetmetadepsspecht_is_subtargetconfig
2020-01-21 11:15:55.732618 | > DO_CALL (0.000s wait)
.2020-01-21 11:15:55.737716 | eval'd: drake::cmq_buildtargetmetadepsspecht_is_subtargetconfig
2020-01-21 11:15:59.057126 | > DO_CALL (0.001s wait)
.2020-01-21 11:15:59.063075 | eval'd: drake::cmq_buildtargetmetadepsspecht_is_subtargetconfig
2020-01-21 11:16:02.472716 | > DO_CALL (0.000s wait)
.2020-01-21 11:16:02.477993 | eval'd: drake::cmq_buildtargetmetadepsspecht_is_subtargetconfig
2020-01-21 11:16:05.750311 | > DO_CALL (0.000s wait)
.2020-01-21 11:16:05.754950 | eval'd: drake::cmq_buildtargetmetadepsspecht_is_subtargetconfig
2020-01-21 11:16:09.254941 | > DO_CALL (0.000s wait)
.2020-01-21 11:16:09.261314 | eval'd: drake::cmq_buildtargetmetadepsspecht_is_subtargetconfig
2020-01-21 11:16:12.626889 | > DO_CALL (0.000s wait)
.2020-01-21 11:16:12.632211 | eval'd: drake::cmq_buildtargetmetadepsspecht_is_subtargetconfig
2020-01-21 11:16:16.441086 | > DO_CALL (0.001s wait)
.2020-01-21 11:16:16.446635 | eval'd: drake::cmq_buildtargetmetadepsspecht_is_subtargetconfig
2020-01-21 11:16:19.814310 | > DO_CALL (0.000s wait)
.2020-01-21 11:16:19.819318 | eval'd: drake::cmq_buildtargetmetadepsspecht_is_subtargetconfig
2020-01-21 11:16:23.276221 | > DO_CALL (0.000s wait)
.2020-01-21 11:16:23.280555 | eval'd: drake::cmq_buildtargetmetadepsspecht_is_subtargetconfig
2020-01-21 11:16:26.655152 | > DO_CALL (0.001s wait)
.2020-01-21 11:16:26.661136 | eval'd: drake::cmq_buildtargetmetadepsspecht_is_subtargetconfig
2020-01-21 11:16:30.132615 | > DO_CALL (0.000s wait)
.2020-01-21 11:16:30.137966 | eval'd: drake::cmq_buildtargetmetadepsspecht_is_subtargetconfig
2020-01-21 11:16:35.120570 | > DO_CALL (0.000s wait)
.2020-01-21 11:16:35.125616 | eval'd: drake::cmq_buildtargetmetadepsspecht_is_subtargetconfig
2020-01-21 11:16:38.598054 | > DO_CALL (0.001s wait)
.2020-01-21 11:16:38.604150 | eval'd: drake::cmq_buildtargetmetadepsspecht_is_subtargetconfig
2020-01-21 11:16:42.816264 | > DO_CALL (0.000s wait)
.2020-01-21 11:16:42.820960 | eval'd: drake::cmq_buildtargetmetadepsspecht_is_subtargetconfig
2020-01-21 11:16:46.212767 | > DO_CALL (0.000s wait)
.2020-01-21 11:16:46.218161 | eval'd: drake::cmq_buildtargetmetadepsspecht_is_subtargetconfig
2020-01-21 11:16:49.704121 | > DO_CALL (0.001s wait)
.2020-01-21 11:16:49.710144 | eval'd: drake::cmq_buildtargetmetadepsspecht_is_subtargetconfig
2020-01-21 11:16:53.127736 | > DO_CALL (0.000s wait)
.2020-01-21 11:16:53.132866 | eval'd: drake::cmq_buildtargetmetadepsspecht_is_subtargetconfig
2020-01-21 11:16:56.439317 | > DO_CALL (0.000s wait)
.2020-01-21 11:16:56.443834 | eval'd: drake::cmq_buildtargetmetadepsspecht_is_subtargetconfig
2020-01-21 11:16:59.385059 | > WORKER_WAIT (0.001s wait)
2020-01-21 11:16:59.385543 | waiting 2.50s
2020-01-21 11:19:41.998167 | > WORKER_WAIT (0.000s wait)
2020-01-21 11:19:42.001675 | waiting 2.50s
Error in clustermq:::worker("tcp://c24a-s1:7958") : 
  Timeout reached, terminating
Execution halted
