2019-11-12 16:44:41.415896 | Master: tcp://c32a-s27:6496
2019-11-12 16:44:41.443588 | WORKER_UP to: tcp://c32a-s27:6496
2019-11-12 16:45:12.187050 | > DO_SETUP (18.361s wait)
2019-11-12 16:45:12.187578 | token from msg: set_common_data_token
2019-11-12 16:46:01.375632 | > DO_CALL (10.755s wait)
.* Option 'clustermq.scheduler' not set, defaulting to ‘SLURM’
--- see: https://mschubert.github.io/clustermq/articles/userguide.html#configuration
2019-11-12 16:46:02.422906 | eval'd: drake::cmq_buildtargetmetadepslayoutconfig
2019-11-12 16:46:40.655698 | > DO_CALL (6.129s wait)
.2019-11-12 16:46:43.241516 | eval'd: drake::cmq_buildtargetmetadepslayoutconfig
2019-11-12 16:47:24.240303 | > DO_CALL (5.920s wait)
.2019-11-12 16:47:24.423846 | eval'd: drake::cmq_buildtargetmetadepslayoutconfig
2019-11-12 16:48:07.461969 | > DO_CALL (6.366s wait)
.2019-11-12 16:48:09.356551 | eval'd: drake::cmq_buildtargetmetadepslayoutconfig
2019-11-12 16:48:50.496229 | > DO_CALL (5.592s wait)
.2019-11-12 16:48:54.811326 | eval'd: drake::cmq_buildtargetmetadepslayoutconfig
2019-11-12 16:49:35.669958 | > DO_CALL (6.828s wait)
.2019-11-12 16:49:35.731341 | eval'd: drake::cmq_buildtargetmetadepslayoutconfig
2019-11-12 16:50:16.811032 | > DO_CALL (4.757s wait)
.2019-11-12 16:50:16.838908 | eval'd: drake::cmq_buildtargetmetadepslayoutconfig
2019-11-12 16:51:02.663715 | > DO_CALL (5.610s wait)
.2019-11-12 16:51:05.781203 | eval'd: drake::cmq_buildtargetmetadepslayoutconfig
2019-11-12 16:51:15.062933 | > DO_CALL (0.001s wait)
.2019-11-12 16:51:15.087613 | eval'd: drake::cmq_buildtargetmetadepslayoutconfig
2019-11-12 16:51:16.457564 | > DO_CALL (0.000s wait)
.2019-11-12 16:51:18.698915 | eval'd: drake::cmq_buildtargetmetadepslayoutconfig
2019-11-12 16:51:19.075089 | > DO_CALL (0.001s wait)
.2019-11-12 16:51:19.094109 | eval'd: drake::cmq_buildtargetmetadepslayoutconfig
2019-11-12 16:51:19.613406 | > DO_CALL (0.001s wait)
.2019-11-12 16:51:19.630578 | eval'd: drake::cmq_buildtargetmetadepslayoutconfig
2019-11-12 16:51:20.141381 | > DO_CALL (0.001s wait)
.2019-11-12 16:51:20.159095 | eval'd: drake::cmq_buildtargetmetadepslayoutconfig
2019-11-12 16:51:20.641519 | > DO_CALL (0.001s wait)
.2019-11-12 16:51:20.659575 | eval'd: drake::cmq_buildtargetmetadepslayoutconfig
2019-11-12 16:51:21.177924 | > DO_CALL (0.000s wait)
.2019-11-12 16:51:21.194787 | eval'd: drake::cmq_buildtargetmetadepslayoutconfig
2019-11-12 16:51:22.289376 | > DO_CALL (0.001s wait)
.2019-11-12 16:51:22.307233 | eval'd: drake::cmq_buildtargetmetadepslayoutconfig
2019-11-12 16:51:22.782101 | > DO_CALL (0.000s wait)
.2019-11-12 16:51:22.800983 | eval'd: drake::cmq_buildtargetmetadepslayoutconfig
2019-11-12 16:51:23.196688 | > WORKER_WAIT (0.000s wait)
2019-11-12 16:51:23.197096 | waiting 0.75s
2019-11-12 16:51:23.949225 | > WORKER_WAIT (0.000s wait)
2019-11-12 16:51:23.949618 | waiting 0.75s
2019-11-12 16:51:24.701770 | > WORKER_WAIT (0.000s wait)
2019-11-12 16:51:24.702220 | waiting 0.75s
2019-11-12 16:51:25.454319 | > WORKER_WAIT (0.000s wait)
2019-11-12 16:51:25.454766 | waiting 0.75s
2019-11-12 16:51:26.206916 | > WORKER_WAIT (0.000s wait)
2019-11-12 16:51:26.207400 | waiting 0.75s
2019-11-12 16:51:26.974877 | > WORKER_WAIT (0.000s wait)
2019-11-12 16:51:26.975352 | waiting 0.75s
2019-11-12 16:51:41.911220 | > WORKER_STOP (0.000s wait)
2019-11-12 16:51:41.911687 | shutting down worker
2019-11-12 16:51:43.783224 | 
Total: 17 in 78.39s [user], 14.34s [system], 420.47s [elapsed]
