2020-08-01 13:51:09.048713 | Master: tcp://c3a-s3.ufhpc:9532
2020-08-01 13:51:09.062440 | WORKER_UP to: tcp://c3a-s3.ufhpc:9532
2020-08-01 13:51:11.191360 | > DO_SETUP (1.954s wait)
2020-08-01 13:51:11.191883 | token from msg: set_common_data_token
2020-08-01 13:51:16.983142 | > DO_CALL (1.129s wait)
* Option 'clustermq.scheduler' not set, defaulting to ‘SLURM’
--- see: https://mschubert.github.io/clustermq/articles/userguide.html#configuration
2020-08-01 13:51:18.066087 | eval'd: drake::cmq_buildtargetmetadepsspecconfig_tmpconfig
2020-08-01 13:51:19.556232 | > DO_CALL (0.267s wait)
2020-08-01 13:51:21.864288 | eval'd: drake::cmq_buildtargetmetadepsspecconfig_tmpconfig
2020-08-01 13:51:22.864315 | > DO_CALL (0.247s wait)
2020-08-01 13:51:26.039732 | eval'd: drake::cmq_buildtargetmetadepsspecconfig_tmpconfig
2020-08-01 13:51:27.388879 | > DO_CALL (0.232s wait)
2020-08-01 13:51:31.499992 | eval'd: drake::cmq_buildtargetmetadepsspecconfig_tmpconfig
2020-08-01 13:51:32.723154 | > DO_CALL (0.232s wait)
2020-08-01 13:51:37.798499 | eval'd: drake::cmq_buildtargetmetadepsspecconfig_tmpconfig
2020-08-01 13:51:38.966997 | > DO_CALL (0.231s wait)
2020-08-01 13:51:46.690912 | eval'd: drake::cmq_buildtargetmetadepsspecconfig_tmpconfig
2020-08-01 13:51:47.523055 | > DO_CALL (0.241s wait)
2020-08-01 13:51:48.982229 | eval'd: drake::cmq_buildtargetmetadepsspecconfig_tmpconfig
2020-08-01 13:51:49.699898 | > DO_CALL (0.220s wait)
2020-08-01 13:51:52.731380 | eval'd: drake::cmq_buildtargetmetadepsspecconfig_tmpconfig
2020-08-01 13:51:53.689666 | > DO_CALL (0.227s wait)
2020-08-01 13:51:55.461345 | eval'd: drake::cmq_buildtargetmetadepsspecconfig_tmpconfig
2020-08-01 13:51:56.226341 | > DO_CALL (0.231s wait)
2020-08-01 13:51:57.350916 | eval'd: drake::cmq_buildtargetmetadepsspecconfig_tmpconfig
2020-08-01 13:51:58.961333 | > DO_CALL (0.247s wait)
2020-08-01 13:52:00.603220 | eval'd: drake::cmq_buildtargetmetadepsspecconfig_tmpconfig
2020-08-01 13:52:01.442291 | > DO_CALL (0.248s wait)
2020-08-01 13:52:04.240908 | eval'd: drake::cmq_buildtargetmetadepsspecconfig_tmpconfig
2020-08-01 13:52:05.152862 | > DO_CALL (0.226s wait)
2020-08-01 13:52:09.211873 | eval'd: drake::cmq_buildtargetmetadepsspecconfig_tmpconfig
2020-08-01 13:52:10.045782 | > DO_CALL (0.246s wait)
2020-08-01 13:52:14.034030 | eval'd: drake::cmq_buildtargetmetadepsspecconfig_tmpconfig
2020-08-01 13:52:15.291701 | > DO_CALL (0.260s wait)
2020-08-01 13:52:18.675490 | eval'd: drake::cmq_buildtargetmetadepsspecconfig_tmpconfig
2020-08-01 13:52:21.062555 | > DO_CALL (0.218s wait)
2020-08-01 13:52:29.650364 | eval'd: drake::cmq_buildtargetmetadepsspecconfig_tmpconfig
2020-08-01 13:52:31.297080 | > DO_CALL (0.245s wait)
2020-08-01 13:52:33.603184 | eval'd: drake::cmq_buildtargetmetadepsspecconfig_tmpconfig
2020-08-01 13:52:34.438691 | > DO_CALL (0.240s wait)
2020-08-01 13:52:41.631475 | eval'd: drake::cmq_buildtargetmetadepsspecconfig_tmpconfig
2020-08-01 13:52:43.548549 | > DO_CALL (0.241s wait)
2020-08-01 13:52:49.354458 | eval'd: drake::cmq_buildtargetmetadepsspecconfig_tmpconfig
2020-08-01 13:52:52.127662 | > DO_CALL (0.240s wait)
2020-08-01 13:52:59.412359 | eval'd: drake::cmq_buildtargetmetadepsspecconfig_tmpconfig
2020-08-01 13:53:00.413391 | > DO_CALL (0.240s wait)
2020-08-01 13:53:04.110035 | eval'd: drake::cmq_buildtargetmetadepsspecconfig_tmpconfig
2020-08-01 13:53:04.884836 | > DO_CALL (0.250s wait)
2020-08-01 13:53:58.895484 | eval'd: drake::cmq_buildtargetmetadepsspecconfig_tmpconfig
2020-08-01 13:54:00.822237 | > DO_CALL (0.234s wait)
2020-08-01 13:54:01.795876 | eval'd: drake::cmq_buildtargetmetadepsspecconfig_tmpconfig
2020-08-01 13:54:04.389308 | > DO_CALL (0.216s wait)
2020-08-01 13:54:19.510076 | eval'd: drake::cmq_buildtargetmetadepsspecconfig_tmpconfig
2020-08-01 13:54:22.415292 | > DO_CALL (0.266s wait)
2020-08-01 13:54:32.918870 | eval'd: drake::cmq_buildtargetmetadepsspecconfig_tmpconfig
2020-08-01 13:54:34.278998 | > DO_CALL (0.252s wait)
2020-08-01 13:54:50.567126 | eval'd: drake::cmq_buildtargetmetadepsspecconfig_tmpconfig
2020-08-01 13:54:51.799859 | > DO_CALL (0.225s wait)
2020-08-01 13:55:00.033108 | eval'd: drake::cmq_buildtargetmetadepsspecconfig_tmpconfig
2020-08-01 13:55:01.385966 | > DO_CALL (0.247s wait)
2020-08-01 13:55:09.373400 | eval'd: drake::cmq_buildtargetmetadepsspecconfig_tmpconfig
2020-08-01 13:55:10.326392 | > DO_CALL (0.247s wait)
2020-08-01 13:55:18.234024 | eval'd: drake::cmq_buildtargetmetadepsspecconfig_tmpconfig
2020-08-01 13:55:19.827777 | > DO_CALL (0.221s wait)
2020-08-01 13:55:29.364629 | eval'd: drake::cmq_buildtargetmetadepsspecconfig_tmpconfig
2020-08-01 13:55:30.591402 | > DO_CALL (0.258s wait)
2020-08-01 13:55:32.173233 | eval'd: drake::cmq_buildtargetmetadepsspecconfig_tmpconfig
2020-08-01 13:55:33.499944 | > DO_CALL (0.251s wait)
2020-08-01 13:55:37.278328 | eval'd: drake::cmq_buildtargetmetadepsspecconfig_tmpconfig
2020-08-01 13:55:38.191435 | > DO_CALL (0.256s wait)
2020-08-01 13:55:41.347914 | eval'd: drake::cmq_buildtargetmetadepsspecconfig_tmpconfig
2020-08-01 13:55:43.255827 | > DO_CALL (0.236s wait)
2020-08-01 13:55:44.273717 | eval'd: drake::cmq_buildtargetmetadepsspecconfig_tmpconfig
2020-08-01 13:55:45.684271 | > DO_CALL (0.237s wait)
2020-08-01 13:55:46.644796 | eval'd: drake::cmq_buildtargetmetadepsspecconfig_tmpconfig
2020-08-01 13:55:48.018667 | > DO_CALL (0.225s wait)
2020-08-01 13:55:50.363106 | eval'd: drake::cmq_buildtargetmetadepsspecconfig_tmpconfig
2020-08-01 13:55:51.377713 | > DO_CALL (0.221s wait)
2020-08-01 13:55:53.147683 | eval'd: drake::cmq_buildtargetmetadepsspecconfig_tmpconfig
2020-08-01 13:55:53.966324 | > DO_CALL (0.216s wait)
2020-08-01 13:56:00.008126 | eval'd: drake::cmq_buildtargetmetadepsspecconfig_tmpconfig
2020-08-01 13:56:00.812561 | > DO_CALL (0.217s wait)
2020-08-01 13:56:02.262705 | eval'd: drake::cmq_buildtargetmetadepsspecconfig_tmpconfig
2020-08-01 13:56:03.052300 | > DO_CALL (0.244s wait)
2020-08-01 13:56:19.351380 | eval'd: drake::cmq_buildtargetmetadepsspecconfig_tmpconfig
2020-08-01 13:56:20.476823 | > DO_CALL (0.213s wait)
2020-08-01 13:56:25.358696 | eval'd: drake::cmq_buildtargetmetadepsspecconfig_tmpconfig
2020-08-01 13:56:26.250298 | > DO_CALL (0.218s wait)
2020-08-01 13:56:29.404363 | eval'd: drake::cmq_buildtargetmetadepsspecconfig_tmpconfig
2020-08-01 13:56:30.837399 | > DO_CALL (0.210s wait)
2020-08-01 13:56:35.797455 | eval'd: drake::cmq_buildtargetmetadepsspecconfig_tmpconfig
2020-08-01 13:56:37.155684 | > DO_CALL (0.231s wait)
2020-08-01 13:56:44.238172 | eval'd: drake::cmq_buildtargetmetadepsspecconfig_tmpconfig
2020-08-01 13:56:46.340410 | > DO_CALL (0.253s wait)
2020-08-01 13:56:48.658535 | eval'd: drake::cmq_buildtargetmetadepsspecconfig_tmpconfig
2020-08-01 13:56:49.503485 | > DO_CALL (0.226s wait)
2020-08-01 13:56:57.622529 | eval'd: drake::cmq_buildtargetmetadepsspecconfig_tmpconfig
2020-08-01 13:56:59.204009 | > DO_CALL (0.261s wait)
2020-08-01 13:57:03.678379 | eval'd: drake::cmq_buildtargetmetadepsspecconfig_tmpconfig
2020-08-01 13:57:04.570535 | > DO_CALL (0.198s wait)
2020-08-01 13:57:05.126802 | eval'd: drake::cmq_buildtargetmetadepsspecconfig_tmpconfig
2020-08-01 13:57:05.973259 | > DO_CALL (0.198s wait)
2020-08-01 13:57:09.705864 | eval'd: drake::cmq_buildtargetmetadepsspecconfig_tmpconfig
2020-08-01 13:57:10.805830 | > DO_CALL (0.203s wait)
2020-08-01 13:57:12.434413 | eval'd: drake::cmq_buildtargetmetadepsspecconfig_tmpconfig
2020-08-01 13:57:13.122583 | > DO_CALL (0.217s wait)
2020-08-01 13:57:22.604296 | eval'd: drake::cmq_buildtargetmetadepsspecconfig_tmpconfig
2020-08-01 13:57:23.569024 | > DO_CALL (0.240s wait)
2020-08-01 13:57:42.876740 | eval'd: drake::cmq_buildtargetmetadepsspecconfig_tmpconfig
2020-08-01 13:57:43.993277 | > DO_CALL (0.244s wait)
2020-08-01 13:57:44.678252 | eval'd: drake::cmq_buildtargetmetadepsspecconfig_tmpconfig
2020-08-01 13:57:45.978681 | > DO_CALL (0.235s wait)
2020-08-01 13:57:49.010429 | eval'd: drake::cmq_buildtargetmetadepsspecconfig_tmpconfig
2020-08-01 13:57:50.187837 | > DO_CALL (0.248s wait)
2020-08-01 13:57:52.339269 | eval'd: drake::cmq_buildtargetmetadepsspecconfig_tmpconfig
2020-08-01 13:57:54.154346 | > DO_CALL (0.240s wait)
2020-08-01 13:57:55.969523 | eval'd: drake::cmq_buildtargetmetadepsspecconfig_tmpconfig
2020-08-01 13:57:57.289987 | > DO_CALL (0.271s wait)
2020-08-01 13:57:59.225659 | eval'd: drake::cmq_buildtargetmetadepsspecconfig_tmpconfig
2020-08-01 13:58:00.018168 | > DO_CALL (0.218s wait)
2020-08-01 13:58:04.924565 | eval'd: drake::cmq_buildtargetmetadepsspecconfig_tmpconfig
2020-08-01 13:58:05.793363 | > DO_CALL (0.222s wait)
2020-08-01 13:58:17.954121 | eval'd: drake::cmq_buildtargetmetadepsspecconfig_tmpconfig
2020-08-01 13:58:18.861262 | > DO_CALL (0.240s wait)
2020-08-01 13:58:21.670799 | eval'd: drake::cmq_buildtargetmetadepsspecconfig_tmpconfig
2020-08-01 13:58:24.239334 | > DO_CALL (0.251s wait)
2020-08-01 13:58:29.675328 | eval'd: drake::cmq_buildtargetmetadepsspecconfig_tmpconfig
2020-08-01 13:58:30.631281 | > DO_CALL (0.211s wait)
2020-08-01 13:58:32.859481 | eval'd: drake::cmq_buildtargetmetadepsspecconfig_tmpconfig
2020-08-01 13:58:33.557332 | > DO_CALL (0.209s wait)
2020-08-01 13:58:36.228092 | eval'd: drake::cmq_buildtargetmetadepsspecconfig_tmpconfig
2020-08-01 13:58:37.408329 | > DO_CALL (0.247s wait)
2020-08-01 13:58:40.751130 | eval'd: drake::cmq_buildtargetmetadepsspecconfig_tmpconfig
2020-08-01 13:58:41.683771 | > DO_CALL (0.213s wait)
2020-08-01 13:58:45.990744 | eval'd: drake::cmq_buildtargetmetadepsspecconfig_tmpconfig
2020-08-01 13:58:46.798527 | > DO_CALL (0.248s wait)
2020-08-01 13:58:49.015349 | eval'd: drake::cmq_buildtargetmetadepsspecconfig_tmpconfig
2020-08-01 13:58:49.837150 | > DO_CALL (0.226s wait)
2020-08-01 13:58:50.440406 | eval'd: drake::cmq_buildtargetmetadepsspecconfig_tmpconfig
2020-08-01 13:58:52.660328 | > DO_CALL (0.245s wait)
2020-08-01 13:58:53.238054 | eval'd: drake::cmq_buildtargetmetadepsspecconfig_tmpconfig
2020-08-01 13:58:54.496124 | > DO_CALL (0.233s wait)
2020-08-01 13:58:57.224781 | eval'd: drake::cmq_buildtargetmetadepsspecconfig_tmpconfig
2020-08-01 13:58:57.964561 | > DO_CALL (0.213s wait)
2020-08-01 13:59:01.841957 | eval'd: drake::cmq_buildtargetmetadepsspecconfig_tmpconfig
2020-08-01 13:59:03.192072 | > DO_CALL (0.245s wait)
2020-08-01 13:59:14.766468 | eval'd: drake::cmq_buildtargetmetadepsspecconfig_tmpconfig
2020-08-01 13:59:16.505902 | > DO_CALL (0.244s wait)
2020-08-01 13:59:17.859863 | eval'd: drake::cmq_buildtargetmetadepsspecconfig_tmpconfig
2020-08-01 13:59:19.379518 | > DO_CALL (0.357s wait)
2020-08-01 13:59:31.767365 | eval'd: drake::cmq_buildtargetmetadepsspecconfig_tmpconfig
2020-08-01 13:59:33.243223 | > DO_CALL (0.201s wait)
2020-08-01 13:59:34.900870 | eval'd: drake::cmq_buildtargetmetadepsspecconfig_tmpconfig
2020-08-01 13:59:36.895948 | > DO_CALL (0.212s wait)
2020-08-01 13:59:38.381058 | eval'd: drake::cmq_buildtargetmetadepsspecconfig_tmpconfig
2020-08-01 13:59:39.622797 | > DO_CALL (0.224s wait)
2020-08-01 13:59:42.789871 | eval'd: drake::cmq_buildtargetmetadepsspecconfig_tmpconfig
2020-08-01 13:59:43.527508 | > DO_CALL (0.211s wait)
2020-08-01 13:59:49.499077 | eval'd: drake::cmq_buildtargetmetadepsspecconfig_tmpconfig
2020-08-01 13:59:50.966091 | > DO_CALL (0.247s wait)
2020-08-01 13:59:58.474968 | eval'd: drake::cmq_buildtargetmetadepsspecconfig_tmpconfig
2020-08-01 13:59:59.523125 | > DO_CALL (0.315s wait)
2020-08-01 14:00:07.552896 | eval'd: drake::cmq_buildtargetmetadepsspecconfig_tmpconfig
2020-08-01 14:00:08.763504 | > DO_CALL (0.232s wait)
2020-08-01 14:00:09.358254 | eval'd: drake::cmq_buildtargetmetadepsspecconfig_tmpconfig
2020-08-01 14:00:10.042172 | > DO_CALL (0.215s wait)
2020-08-01 14:00:12.382795 | eval'd: drake::cmq_buildtargetmetadepsspecconfig_tmpconfig
2020-08-01 14:00:13.150595 | > DO_CALL (0.292s wait)
2020-08-01 14:00:15.916092 | eval'd: drake::cmq_buildtargetmetadepsspecconfig_tmpconfig
2020-08-01 14:00:16.907843 | > DO_CALL (0.224s wait)
2020-08-01 14:00:31.710381 | eval'd: drake::cmq_buildtargetmetadepsspecconfig_tmpconfig
2020-08-01 14:00:32.859695 | > DO_CALL (0.226s wait)
2020-08-01 14:00:49.700013 | eval'd: drake::cmq_buildtargetmetadepsspecconfig_tmpconfig
2020-08-01 14:00:50.911076 | > DO_CALL (0.214s wait)
2020-08-01 14:00:52.689800 | eval'd: drake::cmq_buildtargetmetadepsspecconfig_tmpconfig
2020-08-01 14:00:54.226006 | > DO_CALL (0.205s wait)
2020-08-01 14:00:55.245559 | eval'd: drake::cmq_buildtargetmetadepsspecconfig_tmpconfig
2020-08-01 14:00:55.972145 | > DO_CALL (0.245s wait)
2020-08-01 14:00:57.388053 | eval'd: drake::cmq_buildtargetmetadepsspecconfig_tmpconfig
2020-08-01 14:00:58.090747 | > DO_CALL (0.235s wait)
2020-08-01 14:01:04.411969 | eval'd: drake::cmq_buildtargetmetadepsspecconfig_tmpconfig
2020-08-01 14:01:05.282603 | > DO_CALL (0.244s wait)
2020-08-01 14:01:07.293050 | eval'd: drake::cmq_buildtargetmetadepsspecconfig_tmpconfig
2020-08-01 14:01:08.169601 | > DO_CALL (0.250s wait)
2020-08-01 14:01:18.026252 | eval'd: drake::cmq_buildtargetmetadepsspecconfig_tmpconfig
2020-08-01 14:01:19.100139 | > DO_CALL (0.229s wait)
2020-08-01 14:01:21.322254 | eval'd: drake::cmq_buildtargetmetadepsspecconfig_tmpconfig
2020-08-01 14:01:22.221501 | > DO_CALL (0.234s wait)
2020-08-01 14:01:31.661038 | eval'd: drake::cmq_buildtargetmetadepsspecconfig_tmpconfig
2020-08-01 14:01:32.628750 | > DO_CALL (0.215s wait)
2020-08-01 14:02:08.315597 | eval'd: drake::cmq_buildtargetmetadepsspecconfig_tmpconfig
2020-08-01 14:02:09.350519 | > DO_CALL (0.261s wait)
2020-08-01 14:02:30.701539 | eval'd: drake::cmq_buildtargetmetadepsspecconfig_tmpconfig
2020-08-01 14:02:31.399256 | > DO_CALL (0.036s wait)
2020-08-01 14:02:32.860665 | eval'd: drake::cmq_buildtargetmetadepsspecconfig_tmpconfig
2020-08-01 14:02:33.175390 | > DO_CALL (0.000s wait)
2020-08-01 14:02:34.383764 | eval'd: drake::cmq_buildtargetmetadepsspecconfig_tmpconfig
2020-08-01 14:02:34.553436 | > DO_CALL (0.021s wait)
2020-08-01 14:02:35.936168 | eval'd: drake::cmq_buildtargetmetadepsspecconfig_tmpconfig
2020-08-01 14:02:36.421419 | > DO_CALL (0.016s wait)
2020-08-01 14:02:37.840017 | eval'd: drake::cmq_buildtargetmetadepsspecconfig_tmpconfig
2020-08-01 14:02:38.370968 | > DO_CALL (0.014s wait)
2020-08-01 14:02:39.826941 | eval'd: drake::cmq_buildtargetmetadepsspecconfig_tmpconfig
2020-08-01 14:02:40.279503 | > DO_CALL (0.024s wait)
2020-08-01 14:02:41.641415 | eval'd: drake::cmq_buildtargetmetadepsspecconfig_tmpconfig
2020-08-01 14:02:42.518763 | > DO_CALL (0.007s wait)
2020-08-01 14:02:43.602778 | eval'd: drake::cmq_buildtargetmetadepsspecconfig_tmpconfig
2020-08-01 14:02:43.964713 | > DO_CALL (0.001s wait)
2020-08-01 14:02:44.881400 | eval'd: drake::cmq_buildtargetmetadepsspecconfig_tmpconfig
2020-08-01 14:02:44.981420 | > DO_CALL (0.000s wait)
2020-08-01 14:02:45.899386 | eval'd: drake::cmq_buildtargetmetadepsspecconfig_tmpconfig
2020-08-01 14:02:46.064257 | > DO_CALL (0.007s wait)
2020-08-01 14:02:47.208413 | eval'd: drake::cmq_buildtargetmetadepsspecconfig_tmpconfig
2020-08-01 14:02:47.590417 | > DO_CALL (0.024s wait)
2020-08-01 14:02:49.089175 | eval'd: drake::cmq_buildtargetmetadepsspecconfig_tmpconfig
2020-08-01 14:02:49.239923 | > DO_CALL (0.005s wait)
2020-08-01 14:02:50.299812 | eval'd: drake::cmq_buildtargetmetadepsspecconfig_tmpconfig
2020-08-01 14:02:51.345145 | > DO_CALL (0.003s wait)
2020-08-01 14:02:52.346728 | eval'd: drake::cmq_buildtargetmetadepsspecconfig_tmpconfig
2020-08-01 14:02:52.878309 | > DO_CALL (0.001s wait)
2020-08-01 14:02:53.772058 | eval'd: drake::cmq_buildtargetmetadepsspecconfig_tmpconfig
2020-08-01 14:02:54.071901 | > DO_CALL (0.000s wait)
2020-08-01 14:02:54.980628 | eval'd: drake::cmq_buildtargetmetadepsspecconfig_tmpconfig
2020-08-01 14:02:55.662818 | > DO_CALL (0.001s wait)
2020-08-01 14:02:56.593281 | eval'd: drake::cmq_buildtargetmetadepsspecconfig_tmpconfig
2020-08-01 14:02:56.753022 | > DO_CALL (0.000s wait)
2020-08-01 14:02:57.626327 | eval'd: drake::cmq_buildtargetmetadepsspecconfig_tmpconfig
2020-08-01 14:02:58.124797 | > DO_CALL (0.000s wait)
2020-08-01 14:02:59.017248 | eval'd: drake::cmq_buildtargetmetadepsspecconfig_tmpconfig
2020-08-01 14:02:59.490050 | > DO_CALL (0.000s wait)
2020-08-01 14:03:00.427042 | eval'd: drake::cmq_buildtargetmetadepsspecconfig_tmpconfig
2020-08-01 14:03:00.635856 | > DO_CALL (0.017s wait)
2020-08-01 14:03:02.089617 | eval'd: drake::cmq_buildtargetmetadepsspecconfig_tmpconfig
2020-08-01 14:03:02.484251 | > DO_CALL (0.019s wait)
2020-08-01 14:03:03.978251 | eval'd: drake::cmq_buildtargetmetadepsspecconfig_tmpconfig
2020-08-01 14:03:04.240154 | > DO_CALL (0.006s wait)
2020-08-01 14:03:05.528934 | eval'd: drake::cmq_buildtargetmetadepsspecconfig_tmpconfig
2020-08-01 14:03:06.221202 | > DO_CALL (0.004s wait)
2020-08-01 14:03:07.254979 | eval'd: drake::cmq_buildtargetmetadepsspecconfig_tmpconfig
2020-08-01 14:03:08.093042 | > DO_CALL (0.016s wait)
2020-08-01 14:03:09.526697 | eval'd: drake::cmq_buildtargetmetadepsspecconfig_tmpconfig
2020-08-01 14:03:10.085686 | > DO_CALL (0.001s wait)
2020-08-01 14:03:11.035016 | eval'd: drake::cmq_buildtargetmetadepsspecconfig_tmpconfig
2020-08-01 14:03:11.546964 | > DO_CALL (0.000s wait)
2020-08-01 14:03:12.445384 | eval'd: drake::cmq_buildtargetmetadepsspecconfig_tmpconfig
2020-08-01 14:03:12.622552 | > DO_CALL (0.013s wait)
2020-08-01 14:03:14.029061 | eval'd: drake::cmq_buildtargetmetadepsspecconfig_tmpconfig
2020-08-01 14:03:14.441756 | > DO_CALL (0.021s wait)
2020-08-01 14:03:15.937430 | eval'd: drake::cmq_buildtargetmetadepsspecconfig_tmpconfig
2020-08-01 14:03:16.451482 | > DO_CALL (0.000s wait)
2020-08-01 14:03:17.412073 | eval'd: drake::cmq_buildtargetmetadepsspecconfig_tmpconfig
2020-08-01 14:03:18.575613 | > DO_CALL (0.008s wait)
2020-08-01 14:03:19.793455 | eval'd: drake::cmq_buildtargetmetadepsspecconfig_tmpconfig
2020-08-01 14:03:20.477372 | > DO_CALL (0.013s wait)
2020-08-01 14:03:21.884268 | eval'd: drake::cmq_buildtargetmetadepsspecconfig_tmpconfig
2020-08-01 14:03:21.991285 | > DO_CALL (0.001s wait)
2020-08-01 14:03:22.899417 | eval'd: drake::cmq_buildtargetmetadepsspecconfig_tmpconfig
2020-08-01 14:03:23.860849 | > DO_CALL (0.000s wait)
2020-08-01 14:03:24.783624 | eval'd: drake::cmq_buildtargetmetadepsspecconfig_tmpconfig
2020-08-01 14:03:25.498922 | > DO_CALL (0.016s wait)
2020-08-01 14:03:27.036930 | eval'd: drake::cmq_buildtargetmetadepsspecconfig_tmpconfig
2020-08-01 14:03:29.281315 | > DO_CALL (0.020s wait)
2020-08-01 14:03:30.766862 | eval'd: drake::cmq_buildtargetmetadepsspecconfig_tmpconfig
2020-08-01 14:03:31.323817 | > DO_CALL (0.002s wait)
2020-08-01 14:03:32.352686 | eval'd: drake::cmq_buildtargetmetadepsspecconfig_tmpconfig
2020-08-01 14:03:33.246025 | > DO_CALL (0.002s wait)
2020-08-01 14:03:34.307258 | eval'd: drake::cmq_buildtargetmetadepsspecconfig_tmpconfig
2020-08-01 14:03:34.940043 | > DO_CALL (0.000s wait)
2020-08-01 14:03:35.882739 | eval'd: drake::cmq_buildtargetmetadepsspecconfig_tmpconfig
2020-08-01 14:03:36.591850 | > DO_CALL (0.017s wait)
2020-08-01 14:03:38.100363 | eval'd: drake::cmq_buildtargetmetadepsspecconfig_tmpconfig
2020-08-01 14:03:38.411350 | > DO_CALL (0.018s wait)
2020-08-01 14:03:39.942662 | eval'd: drake::cmq_buildtargetmetadepsspecconfig_tmpconfig
2020-08-01 14:03:40.449141 | > DO_CALL (0.013s wait)
2020-08-01 14:03:41.636545 | eval'd: drake::cmq_buildtargetmetadepsspecconfig_tmpconfig
2020-08-01 14:03:42.507669 | > DO_CALL (0.001s wait)
2020-08-01 14:03:43.508337 | eval'd: drake::cmq_buildtargetmetadepsspecconfig_tmpconfig
2020-08-01 14:03:43.741680 | > DO_CALL (0.023s wait)
2020-08-01 14:03:45.411122 | eval'd: drake::cmq_buildtargetmetadepsspecconfig_tmpconfig
2020-08-01 14:03:45.771507 | > DO_CALL (0.001s wait)
2020-08-01 14:03:46.782779 | eval'd: drake::cmq_buildtargetmetadepsspecconfig_tmpconfig
2020-08-01 14:03:47.830497 | > DO_CALL (0.001s wait)
2020-08-01 14:03:48.782973 | eval'd: drake::cmq_buildtargetmetadepsspecconfig_tmpconfig
2020-08-01 14:03:49.394881 | > DO_CALL (0.000s wait)
2020-08-01 14:03:50.312113 | eval'd: drake::cmq_buildtargetmetadepsspecconfig_tmpconfig
2020-08-01 14:03:50.762879 | > DO_CALL (0.008s wait)
2020-08-01 14:03:52.174089 | eval'd: drake::cmq_buildtargetmetadepsspecconfig_tmpconfig
2020-08-01 14:03:52.568643 | > DO_CALL (0.003s wait)
2020-08-01 14:03:53.677239 | eval'd: drake::cmq_buildtargetmetadepsspecconfig_tmpconfig
2020-08-01 14:03:54.573612 | > DO_CALL (0.002s wait)
2020-08-01 14:03:55.641228 | eval'd: drake::cmq_buildtargetmetadepsspecconfig_tmpconfig
2020-08-01 14:03:56.077989 | > DO_CALL (0.008s wait)
2020-08-01 14:03:57.608773 | eval'd: drake::cmq_buildtargetmetadepsspecconfig_tmpconfig
2020-08-01 14:03:57.931639 | > DO_CALL (0.024s wait)
2020-08-01 14:03:59.450215 | eval'd: drake::cmq_buildtargetmetadepsspecconfig_tmpconfig
2020-08-01 14:03:59.718077 | > DO_CALL (0.013s wait)
2020-08-01 14:04:01.296329 | eval'd: drake::cmq_buildtargetmetadepsspecconfig_tmpconfig
2020-08-01 14:04:01.453613 | > DO_CALL (0.003s wait)
2020-08-01 14:04:02.588587 | eval'd: drake::cmq_buildtargetmetadepsspecconfig_tmpconfig
2020-08-01 14:04:03.080716 | > DO_CALL (0.002s wait)
2020-08-01 14:04:04.127229 | eval'd: drake::cmq_buildtargetmetadepsspecconfig_tmpconfig
2020-08-01 14:04:05.028012 | > DO_CALL (0.000s wait)
2020-08-01 14:04:05.933469 | eval'd: drake::cmq_buildtargetmetadepsspecconfig_tmpconfig
2020-08-01 14:04:06.227178 | > DO_CALL (0.001s wait)
2020-08-01 14:04:07.117403 | eval'd: drake::cmq_buildtargetmetadepsspecconfig_tmpconfig
2020-08-01 14:04:07.928035 | > DO_CALL (0.035s wait)
2020-08-01 14:04:09.408094 | eval'd: drake::cmq_buildtargetmetadepsspecconfig_tmpconfig
2020-08-01 14:04:09.756018 | > DO_CALL (0.000s wait)
2020-08-01 14:04:10.675420 | eval'd: drake::cmq_buildtargetmetadepsspecconfig_tmpconfig
2020-08-01 14:04:11.032275 | > DO_CALL (0.010s wait)
2020-08-01 14:04:12.510301 | eval'd: drake::cmq_buildtargetmetadepsspecconfig_tmpconfig
2020-08-01 14:04:13.073158 | > DO_CALL (0.005s wait)
2020-08-01 14:04:14.447849 | eval'd: drake::cmq_buildtargetmetadepsspecconfig_tmpconfig
2020-08-01 14:04:14.801945 | > DO_CALL (0.000s wait)
2020-08-01 14:04:15.718453 | eval'd: drake::cmq_buildtargetmetadepsspecconfig_tmpconfig
2020-08-01 14:04:16.268606 | > DO_CALL (0.000s wait)
2020-08-01 14:04:17.217705 | eval'd: drake::cmq_buildtargetmetadepsspecconfig_tmpconfig
2020-08-01 14:04:18.262986 | > DO_CALL (0.008s wait)
2020-08-01 14:04:19.536768 | eval'd: drake::cmq_buildtargetmetadepsspecconfig_tmpconfig
2020-08-01 14:04:19.898787 | > DO_CALL (0.001s wait)
2020-08-01 14:04:20.854004 | eval'd: drake::cmq_buildtargetmetadepsspecconfig_tmpconfig
2020-08-01 14:04:22.018159 | > DO_CALL (0.022s wait)
2020-08-01 14:04:23.463224 | eval'd: drake::cmq_buildtargetmetadepsspecconfig_tmpconfig
2020-08-01 14:04:23.786656 | > DO_CALL (0.012s wait)
2020-08-01 14:04:25.145106 | eval'd: drake::cmq_buildtargetmetadepsspecconfig_tmpconfig
2020-08-01 14:04:25.815869 | > DO_CALL (0.000s wait)
2020-08-01 14:04:26.780015 | eval'd: drake::cmq_buildtargetmetadepsspecconfig_tmpconfig
2020-08-01 14:04:27.694723 | > DO_CALL (0.013s wait)
2020-08-01 14:04:29.148111 | eval'd: drake::cmq_buildtargetmetadepsspecconfig_tmpconfig
2020-08-01 14:04:29.528837 | > DO_CALL (0.014s wait)
2020-08-01 14:04:31.047838 | eval'd: drake::cmq_buildtargetmetadepsspecconfig_tmpconfig
2020-08-01 14:04:31.499567 | > DO_CALL (0.015s wait)
2020-08-01 14:04:33.068499 | eval'd: drake::cmq_buildtargetmetadepsspecconfig_tmpconfig
2020-08-01 14:04:33.829198 | > DO_CALL (0.001s wait)
2020-08-01 14:04:34.808347 | eval'd: drake::cmq_buildtargetmetadepsspecconfig_tmpconfig
2020-08-01 14:04:34.926664 | > DO_CALL (0.000s wait)
2020-08-01 14:04:35.896457 | eval'd: drake::cmq_buildtargetmetadepsspecconfig_tmpconfig
2020-08-01 14:04:36.252948 | > DO_CALL (0.014s wait)
2020-08-01 14:04:37.610635 | eval'd: drake::cmq_buildtargetmetadepsspecconfig_tmpconfig
2020-08-01 14:04:37.760571 | > DO_CALL (0.001s wait)
2020-08-01 14:04:38.765762 | eval'd: drake::cmq_buildtargetmetadepsspecconfig_tmpconfig
2020-08-01 14:04:39.545262 | > DO_CALL (0.031s wait)
2020-08-01 14:04:41.129445 | eval'd: drake::cmq_buildtargetmetadepsspecconfig_tmpconfig
2020-08-01 14:04:41.480037 | > DO_CALL (0.001s wait)
2020-08-01 14:04:42.495520 | eval'd: drake::cmq_buildtargetmetadepsspecconfig_tmpconfig
2020-08-01 14:04:42.869633 | > DO_CALL (0.045s wait)
2020-08-01 14:04:44.486361 | eval'd: drake::cmq_buildtargetmetadepsspecconfig_tmpconfig
2020-08-01 14:04:44.558811 | > DO_CALL (0.000s wait)
2020-08-01 14:04:45.621928 | eval'd: drake::cmq_buildtargetmetadepsspecconfig_tmpconfig
2020-08-01 14:04:45.826206 | > DO_CALL (0.001s wait)
2020-08-01 14:04:46.787068 | eval'd: drake::cmq_buildtargetmetadepsspecconfig_tmpconfig
2020-08-01 14:04:46.886622 | > DO_CALL (0.002s wait)
Joining, by = c("dat", "site", "s0", "n0")
2020-08-01 14:04:47.528862 | eval'd: drake::cmq_buildtargetmetadepsspecconfig_tmpconfig
2020-08-01 14:04:47.801668 | > DO_CALL (0.000s wait)
Joining, by = c("dat", "site", "s0", "n0")
2020-08-01 14:04:48.702741 | eval'd: drake::cmq_buildtargetmetadepsspecconfig_tmpconfig
2020-08-01 14:04:48.842884 | > DO_CALL (0.002s wait)
Joining, by = c("dat", "site", "s0", "n0")
2020-08-01 14:04:49.496299 | eval'd: drake::cmq_buildtargetmetadepsspecconfig_tmpconfig
2020-08-01 14:04:50.111100 | > DO_CALL (0.049s wait)
2020-08-01 14:04:51.729206 | eval'd: drake::cmq_buildtargetmetadepsspecconfig_tmpconfig
2020-08-01 14:04:52.133324 | > DO_CALL (0.002s wait)
Joining, by = c("dat", "site", "s0", "n0")
2020-08-01 14:04:52.772142 | eval'd: drake::cmq_buildtargetmetadepsspecconfig_tmpconfig
2020-08-01 14:04:53.439686 | > DO_CALL (0.002s wait)
Joining, by = c("dat", "site", "s0", "n0")
2020-08-01 14:04:54.117154 | eval'd: drake::cmq_buildtargetmetadepsspecconfig_tmpconfig
2020-08-01 14:04:54.537935 | > DO_CALL (0.002s wait)
Joining, by = c("dat", "site", "s0", "n0")
2020-08-01 14:04:55.200872 | eval'd: drake::cmq_buildtargetmetadepsspecconfig_tmpconfig
2020-08-01 14:04:55.616547 | > DO_CALL (0.000s wait)
Joining, by = c("dat", "site", "s0", "n0")
2020-08-01 14:04:56.258169 | eval'd: drake::cmq_buildtargetmetadepsspecconfig_tmpconfig
2020-08-01 14:04:56.997124 | > DO_CALL (0.003s wait)
Joining, by = c("dat", "site", "s0", "n0")
2020-08-01 14:04:57.737670 | eval'd: drake::cmq_buildtargetmetadepsspecconfig_tmpconfig
2020-08-01 14:04:58.146668 | > DO_CALL (0.000s wait)
Joining, by = c("dat", "site", "s0", "n0")
2020-08-01 14:04:58.752037 | eval'd: drake::cmq_buildtargetmetadepsspecconfig_tmpconfig
2020-08-01 14:04:59.225873 | > DO_CALL (0.000s wait)
Joining, by = c("dat", "site", "s0", "n0")
2020-08-01 14:04:59.840017 | eval'd: drake::cmq_buildtargetmetadepsspecconfig_tmpconfig
2020-08-01 14:05:00.282599 | > DO_CALL (0.001s wait)
Joining, by = c("dat", "site", "s0", "n0")
2020-08-01 14:05:00.892137 | eval'd: drake::cmq_buildtargetmetadepsspecconfig_tmpconfig
2020-08-01 14:05:01.379470 | > DO_CALL (0.000s wait)
Joining, by = c("dat", "site", "s0", "n0")
2020-08-01 14:05:01.989154 | eval'd: drake::cmq_buildtargetmetadepsspecconfig_tmpconfig
2020-08-01 14:05:02.478563 | > DO_CALL (0.000s wait)
Joining, by = c("dat", "site", "s0", "n0")
2020-08-01 14:05:03.096863 | eval'd: drake::cmq_buildtargetmetadepsspecconfig_tmpconfig
2020-08-01 14:05:03.525163 | > DO_CALL (0.001s wait)
Joining, by = c("dat", "site", "s0", "n0")
2020-08-01 14:05:04.135421 | eval'd: drake::cmq_buildtargetmetadepsspecconfig_tmpconfig
2020-08-01 14:05:04.713221 | > DO_CALL (0.001s wait)
Joining, by = c("dat", "site", "s0", "n0")
2020-08-01 14:05:05.328058 | eval'd: drake::cmq_buildtargetmetadepsspecconfig_tmpconfig
2020-08-01 14:05:05.774337 | > DO_CALL (0.002s wait)
Joining, by = c("dat", "site", "s0", "n0")
2020-08-01 14:05:06.390751 | eval'd: drake::cmq_buildtargetmetadepsspecconfig_tmpconfig
2020-08-01 14:05:06.831867 | > DO_CALL (0.000s wait)
Joining, by = c("dat", "site", "s0", "n0")
2020-08-01 14:05:07.441407 | eval'd: drake::cmq_buildtargetmetadepsspecconfig_tmpconfig
2020-08-01 14:05:07.826658 | > DO_CALL (0.001s wait)
Joining, by = c("dat", "site", "s0", "n0")
2020-08-01 14:05:08.439778 | eval'd: drake::cmq_buildtargetmetadepsspecconfig_tmpconfig
2020-08-01 14:05:08.884935 | > DO_CALL (0.002s wait)
Joining, by = c("dat", "site", "s0", "n0")
2020-08-01 14:05:09.496003 | eval'd: drake::cmq_buildtargetmetadepsspecconfig_tmpconfig
2020-08-01 14:05:09.925680 | > DO_CALL (0.002s wait)
Joining, by = c("dat", "site", "s0", "n0")
2020-08-01 14:05:10.542586 | eval'd: drake::cmq_buildtargetmetadepsspecconfig_tmpconfig
2020-08-01 14:05:10.985701 | > DO_CALL (0.002s wait)
Joining, by = c("dat", "site", "s0", "n0")
2020-08-01 14:05:11.600791 | eval'd: drake::cmq_buildtargetmetadepsspecconfig_tmpconfig
2020-08-01 14:05:12.063261 | > DO_CALL (0.002s wait)
Joining, by = c("dat", "site", "s0", "n0")
2020-08-01 14:05:12.676358 | eval'd: drake::cmq_buildtargetmetadepsspecconfig_tmpconfig
2020-08-01 14:05:13.134033 | > DO_CALL (0.001s wait)
Joining, by = c("dat", "site", "s0", "n0")
2020-08-01 14:05:13.744724 | eval'd: drake::cmq_buildtargetmetadepsspecconfig_tmpconfig
2020-08-01 14:05:14.228338 | > DO_CALL (0.001s wait)
Joining, by = c("dat", "site", "s0", "n0")
2020-08-01 14:05:14.838773 | eval'd: drake::cmq_buildtargetmetadepsspecconfig_tmpconfig
2020-08-01 14:05:15.431304 | > DO_CALL (0.002s wait)
Joining, by = c("dat", "site", "s0", "n0")
2020-08-01 14:05:16.066983 | eval'd: drake::cmq_buildtargetmetadepsspecconfig_tmpconfig
2020-08-01 14:05:16.600183 | > DO_CALL (0.003s wait)
Joining, by = c("dat", "site", "s0", "n0")
2020-08-01 14:05:17.215541 | eval'd: drake::cmq_buildtargetmetadepsspecconfig_tmpconfig
2020-08-01 14:05:17.874557 | > DO_CALL (0.002s wait)
Joining, by = c("dat", "site", "s0", "n0")
2020-08-01 14:05:18.493205 | eval'd: drake::cmq_buildtargetmetadepsspecconfig_tmpconfig
2020-08-01 14:05:19.183568 | > DO_CALL (0.002s wait)
Joining, by = c("dat", "site", "s0", "n0")
2020-08-01 14:05:19.793066 | eval'd: drake::cmq_buildtargetmetadepsspecconfig_tmpconfig
2020-08-01 14:05:20.972697 | > DO_CALL (0.001s wait)
Joining, by = c("dat", "site", "s0", "n0")
2020-08-01 14:05:21.592777 | eval'd: drake::cmq_buildtargetmetadepsspecconfig_tmpconfig
2020-08-01 14:05:22.282403 | > DO_CALL (0.001s wait)
Joining, by = c("dat", "site", "s0", "n0")
2020-08-01 14:05:22.914815 | eval'd: drake::cmq_buildtargetmetadepsspecconfig_tmpconfig
2020-08-01 14:05:23.540505 | > DO_CALL (0.001s wait)
Joining, by = c("dat", "site", "s0", "n0")
2020-08-01 14:05:24.174545 | eval'd: drake::cmq_buildtargetmetadepsspecconfig_tmpconfig
2020-08-01 14:05:24.834105 | > DO_CALL (0.001s wait)
Joining, by = c("dat", "site", "s0", "n0")
2020-08-01 14:05:25.461113 | eval'd: drake::cmq_buildtargetmetadepsspecconfig_tmpconfig
2020-08-01 14:05:26.195820 | > DO_CALL (0.002s wait)
Joining, by = c("dat", "site", "s0", "n0")
2020-08-01 14:05:26.837186 | eval'd: drake::cmq_buildtargetmetadepsspecconfig_tmpconfig
2020-08-01 14:05:27.579979 | > DO_CALL (0.002s wait)
Joining, by = c("dat", "site", "s0", "n0")
2020-08-01 14:05:28.222799 | eval'd: drake::cmq_buildtargetmetadepsspecconfig_tmpconfig
2020-08-01 14:05:28.897605 | > DO_CALL (0.000s wait)
Joining, by = c("dat", "site", "s0", "n0")
2020-08-01 14:05:29.508839 | eval'd: drake::cmq_buildtargetmetadepsspecconfig_tmpconfig
2020-08-01 14:05:30.229167 | > DO_CALL (0.001s wait)
Joining, by = c("dat", "site", "s0", "n0")
2020-08-01 14:05:30.840675 | eval'd: drake::cmq_buildtargetmetadepsspecconfig_tmpconfig
2020-08-01 14:05:31.624761 | > DO_CALL (0.000s wait)
Joining, by = c("dat", "site", "s0", "n0")
2020-08-01 14:05:32.237341 | eval'd: drake::cmq_buildtargetmetadepsspecconfig_tmpconfig
2020-08-01 14:05:33.025548 | > DO_CALL (0.001s wait)
Joining, by = c("dat", "site", "s0", "n0")
2020-08-01 14:05:33.633198 | eval'd: drake::cmq_buildtargetmetadepsspecconfig_tmpconfig
2020-08-01 14:05:34.396413 | > DO_CALL (0.001s wait)
Joining, by = c("dat", "site", "s0", "n0")
2020-08-01 14:05:35.022230 | eval'd: drake::cmq_buildtargetmetadepsspecconfig_tmpconfig
2020-08-01 14:05:35.647171 | > DO_CALL (0.001s wait)
Joining, by = c("dat", "site", "s0", "n0")
2020-08-01 14:05:36.258784 | eval'd: drake::cmq_buildtargetmetadepsspecconfig_tmpconfig
2020-08-01 14:05:37.051147 | > DO_CALL (0.003s wait)
Joining, by = c("dat", "site", "s0", "n0")
2020-08-01 14:05:37.679678 | eval'd: drake::cmq_buildtargetmetadepsspecconfig_tmpconfig
2020-08-01 14:05:38.399084 | > DO_CALL (0.002s wait)
Joining, by = c("dat", "site", "s0", "n0")
2020-08-01 14:05:39.028347 | eval'd: drake::cmq_buildtargetmetadepsspecconfig_tmpconfig
2020-08-01 14:05:39.692104 | > DO_CALL (0.001s wait)
Joining, by = c("dat", "site", "s0", "n0")
2020-08-01 14:05:40.331660 | eval'd: drake::cmq_buildtargetmetadepsspecconfig_tmpconfig
2020-08-01 14:05:41.035512 | > DO_CALL (0.000s wait)
Joining, by = c("dat", "site", "s0", "n0")
2020-08-01 14:05:41.677577 | eval'd: drake::cmq_buildtargetmetadepsspecconfig_tmpconfig
2020-08-01 14:05:42.390018 | > DO_CALL (0.001s wait)
Joining, by = c("dat", "site", "s0", "n0")
2020-08-01 14:05:42.997944 | eval'd: drake::cmq_buildtargetmetadepsspecconfig_tmpconfig
2020-08-01 14:05:43.898257 | > DO_CALL (0.001s wait)
Joining, by = c("dat", "site", "s0", "n0")
2020-08-01 14:05:44.507349 | eval'd: drake::cmq_buildtargetmetadepsspecconfig_tmpconfig
2020-08-01 14:05:45.212639 | > DO_CALL (0.002s wait)
Joining, by = c("dat", "site", "s0", "n0")
2020-08-01 14:05:45.820410 | eval'd: drake::cmq_buildtargetmetadepsspecconfig_tmpconfig
2020-08-01 14:05:46.562669 | > DO_CALL (0.001s wait)
Joining, by = c("dat", "site", "s0", "n0")
2020-08-01 14:05:47.194335 | eval'd: drake::cmq_buildtargetmetadepsspecconfig_tmpconfig
2020-08-01 14:05:47.871014 | > DO_CALL (0.002s wait)
Joining, by = c("dat", "site", "s0", "n0")
2020-08-01 14:05:48.545128 | eval'd: drake::cmq_buildtargetmetadepsspecconfig_tmpconfig
2020-08-01 14:05:49.250081 | > DO_CALL (0.001s wait)
Joining, by = c("dat", "site", "s0", "n0")
2020-08-01 14:05:49.932536 | eval'd: drake::cmq_buildtargetmetadepsspecconfig_tmpconfig
2020-08-01 14:05:50.579170 | > DO_CALL (0.001s wait)
Joining, by = c("dat", "site", "s0", "n0")
2020-08-01 14:05:51.213301 | eval'd: drake::cmq_buildtargetmetadepsspecconfig_tmpconfig
2020-08-01 14:05:51.954828 | > DO_CALL (0.000s wait)
Joining, by = c("dat", "site", "s0", "n0")
2020-08-01 14:05:52.576152 | eval'd: drake::cmq_buildtargetmetadepsspecconfig_tmpconfig
2020-08-01 14:05:53.202470 | > DO_CALL (0.000s wait)
Joining, by = c("dat", "site", "s0", "n0")
2020-08-01 14:05:53.877619 | eval'd: drake::cmq_buildtargetmetadepsspecconfig_tmpconfig
2020-08-01 14:05:54.502894 | > DO_CALL (0.000s wait)
Joining, by = c("dat", "site", "s0", "n0")
2020-08-01 14:05:55.143737 | eval'd: drake::cmq_buildtargetmetadepsspecconfig_tmpconfig
2020-08-01 14:05:55.817545 | > DO_CALL (0.001s wait)
Joining, by = c("dat", "site", "s0", "n0")
2020-08-01 14:05:56.453369 | eval'd: drake::cmq_buildtargetmetadepsspecconfig_tmpconfig
2020-08-01 14:05:57.148858 | > DO_CALL (0.000s wait)
Joining, by = c("dat", "site", "s0", "n0")
2020-08-01 14:05:57.766266 | eval'd: drake::cmq_buildtargetmetadepsspecconfig_tmpconfig
2020-08-01 14:05:58.517412 | > DO_CALL (0.002s wait)
Joining, by = c("dat", "site", "s0", "n0")
2020-08-01 14:05:59.127304 | eval'd: drake::cmq_buildtargetmetadepsspecconfig_tmpconfig
2020-08-01 14:05:59.885496 | > DO_CALL (0.000s wait)
Joining, by = c("dat", "site", "s0", "n0")
2020-08-01 14:06:00.540899 | eval'd: drake::cmq_buildtargetmetadepsspecconfig_tmpconfig
2020-08-01 14:06:01.255340 | > DO_CALL (0.002s wait)
Joining, by = c("dat", "site", "s0", "n0")
2020-08-01 14:06:01.984344 | eval'd: drake::cmq_buildtargetmetadepsspecconfig_tmpconfig
2020-08-01 14:06:02.610963 | > DO_CALL (0.000s wait)
Joining, by = c("dat", "site", "s0", "n0")
2020-08-01 14:06:03.274589 | eval'd: drake::cmq_buildtargetmetadepsspecconfig_tmpconfig
2020-08-01 14:06:03.960410 | > DO_CALL (0.000s wait)
Joining, by = c("dat", "site", "s0", "n0")
2020-08-01 14:06:04.611467 | eval'd: drake::cmq_buildtargetmetadepsspecconfig_tmpconfig
2020-08-01 14:06:05.306488 | > DO_CALL (0.001s wait)
Joining, by = c("dat", "site", "s0", "n0")
2020-08-01 14:06:05.947399 | eval'd: drake::cmq_buildtargetmetadepsspecconfig_tmpconfig
2020-08-01 14:06:06.673456 | > DO_CALL (0.001s wait)
Joining, by = c("dat", "site", "s0", "n0")
2020-08-01 14:06:07.479146 | eval'd: drake::cmq_buildtargetmetadepsspecconfig_tmpconfig
2020-08-01 14:06:08.053635 | > DO_CALL (0.002s wait)
Joining, by = c("dat", "site", "s0", "n0")
2020-08-01 14:06:08.705082 | eval'd: drake::cmq_buildtargetmetadepsspecconfig_tmpconfig
2020-08-01 14:06:09.363650 | > DO_CALL (0.000s wait)
Joining, by = c("dat", "site", "s0", "n0")
2020-08-01 14:06:09.995024 | eval'd: drake::cmq_buildtargetmetadepsspecconfig_tmpconfig
2020-08-01 14:06:10.617148 | > DO_CALL (0.003s wait)
Joining, by = c("dat", "site", "s0", "n0")
2020-08-01 14:06:11.239160 | eval'd: drake::cmq_buildtargetmetadepsspecconfig_tmpconfig
2020-08-01 14:06:11.950766 | > DO_CALL (0.002s wait)
Joining, by = c("dat", "site", "s0", "n0")
2020-08-01 14:06:12.656856 | eval'd: drake::cmq_buildtargetmetadepsspecconfig_tmpconfig
2020-08-01 14:06:13.329010 | > DO_CALL (0.002s wait)
Joining, by = c("dat", "site", "s0", "n0")
2020-08-01 14:06:14.008008 | eval'd: drake::cmq_buildtargetmetadepsspecconfig_tmpconfig
2020-08-01 14:06:14.650326 | > DO_CALL (0.003s wait)
Joining, by = c("dat", "site", "s0", "n0")
2020-08-01 14:06:15.292661 | eval'd: drake::cmq_buildtargetmetadepsspecconfig_tmpconfig
2020-08-01 14:06:15.969461 | > DO_CALL (0.000s wait)
Joining, by = c("dat", "site", "s0", "n0")
2020-08-01 14:06:16.642967 | eval'd: drake::cmq_buildtargetmetadepsspecconfig_tmpconfig
2020-08-01 14:06:17.347684 | > DO_CALL (0.002s wait)
Joining, by = c("dat", "site", "s0", "n0")
2020-08-01 14:06:18.020436 | eval'd: drake::cmq_buildtargetmetadepsspecconfig_tmpconfig
2020-08-01 14:06:18.659202 | > DO_CALL (0.003s wait)
Joining, by = c("dat", "site", "s0", "n0")
2020-08-01 14:06:19.333396 | eval'd: drake::cmq_buildtargetmetadepsspecconfig_tmpconfig
2020-08-01 14:06:20.038060 | > WORKER_WAIT (0.000s wait)
2020-08-01 14:06:20.038481 | waiting 1.00s
2020-08-01 14:06:23.713463 | > WORKER_WAIT (0.000s wait)
2020-08-01 14:06:23.713889 | waiting 1.00s
2020-08-01 14:06:27.776971 | > WORKER_WAIT (0.000s wait)
2020-08-01 14:06:27.777387 | waiting 1.00s
2020-08-01 14:08:21.493640 | > WORKER_STOP (0.000s wait)
2020-08-01 14:08:21.494046 | shutting down worker
2020-08-01 14:08:21.833564 | 
Total: 246 in 729.36s [user], 8.93s [system], 1032.43s [elapsed]
There were 15 warnings (use warnings() to see them)
