2020-01-20 10:04:54.173635 | Master: tcp://c2a-s18:7983
2020-01-20 10:04:54.195990 | WORKER_UP to: tcp://c2a-s18:7983
2020-01-20 10:07:14.583250 | > DO_SETUP (23.446s wait)
2020-01-20 10:07:14.584434 | token from msg: set_common_data_token
2020-01-20 10:08:29.837219 | > DO_CALL (9.628s wait)
.* Option 'clustermq.scheduler' not set, defaulting to ‘SLURM’
--- see: https://mschubert.github.io/clustermq/articles/userguide.html#configuration
2020-01-20 10:09:13.896423 | eval'd: drake::cmq_buildtargetmetadepsspecht_is_subtargetconfig
2020-01-20 10:10:40.801803 | > DO_CALL (5.154s wait)
.2020-01-20 10:10:43.680035 | eval'd: drake::cmq_buildtargetmetadepsspecht_is_subtargetconfig
2020-01-20 10:11:53.044153 | > DO_CALL (5.256s wait)
.2020-01-20 10:12:07.735493 | eval'd: drake::cmq_buildtargetmetadepsspecht_is_subtargetconfig
2020-01-20 10:13:37.086086 | > DO_CALL (5.138s wait)
.2020-01-20 10:16:02.914233 | eval'd: drake::cmq_buildtargetmetadepsspecht_is_subtargetconfig
2020-01-20 10:17:30.538338 | > DO_CALL (5.197s wait)
.2020-01-20 10:17:58.014312 | eval'd: drake::cmq_buildtargetmetadepsspecht_is_subtargetconfig
2020-01-20 10:19:16.500457 | > DO_CALL (5.262s wait)
.2020-01-20 10:19:29.584904 | eval'd: drake::cmq_buildtargetmetadepsspecht_is_subtargetconfig
2020-01-20 10:20:37.044850 | > DO_CALL (5.230s wait)
.2020-01-20 10:21:30.960460 | eval'd: drake::cmq_buildtargetmetadepsspecht_is_subtargetconfig
2020-01-20 10:23:24.356752 | > DO_CALL (5.251s wait)
.2020-01-20 10:23:32.685560 | eval'd: drake::cmq_buildtargetmetadepsspecht_is_subtargetconfig
2020-01-20 10:24:37.929218 | > DO_CALL (5.119s wait)
.2020-01-20 10:24:54.143052 | eval'd: drake::cmq_buildtargetmetadepsspecht_is_subtargetconfig
2020-01-20 10:26:11.694359 | > DO_CALL (5.257s wait)
.2020-01-20 10:26:57.615361 | eval'd: drake::cmq_buildtargetmetadepsspecht_is_subtargetconfig
2020-01-20 10:27:58.266499 | > DO_CALL (5.987s wait)
.2020-01-20 10:28:24.103811 | eval'd: drake::cmq_buildtargetmetadepsspecht_is_subtargetconfig
2020-01-20 10:29:43.880976 | > DO_CALL (5.131s wait)
.2020-01-20 10:30:02.752831 | eval'd: drake::cmq_buildtargetmetadepsspecht_is_subtargetconfig
2020-01-20 10:31:17.233923 | > DO_CALL (5.202s wait)
.2020-01-20 10:31:45.642556 | eval'd: drake::cmq_buildtargetmetadepsspecht_is_subtargetconfig
2020-01-20 10:33:08.686572 | > DO_CALL (5.145s wait)
.2020-01-20 10:33:08.956188 | eval'd: drake::cmq_buildtargetmetadepsspecht_is_subtargetconfig
2020-01-20 10:34:37.718427 | > DO_CALL (6.069s wait)
.2020-01-20 10:35:26.136698 | eval'd: drake::cmq_buildtargetmetadepsspecht_is_subtargetconfig
2020-01-20 10:36:17.525072 | > DO_CALL (5.316s wait)
.2020-01-20 10:36:19.966993 | eval'd: drake::cmq_buildtargetmetadepsspecht_is_subtargetconfig
2020-01-20 10:37:17.520083 | > DO_CALL (5.206s wait)
.2020-01-20 10:38:19.813887 | eval'd: drake::cmq_buildtargetmetadepsspecht_is_subtargetconfig
2020-01-20 10:39:15.138739 | > DO_CALL (6.179s wait)
.2020-01-20 10:39:15.628768 | eval'd: drake::cmq_buildtargetmetadepsspecht_is_subtargetconfig
2020-01-20 10:40:38.966627 | > DO_CALL (7.378s wait)
.2020-01-20 10:40:46.871684 | eval'd: drake::cmq_buildtargetmetadepsspecht_is_subtargetconfig
2020-01-20 10:41:39.219150 | > DO_CALL (5.182s wait)
.2020-01-20 10:41:53.594218 | eval'd: drake::cmq_buildtargetmetadepsspecht_is_subtargetconfig
2020-01-20 10:43:08.981923 | > DO_CALL (5.118s wait)
.2020-01-20 10:43:27.444142 | eval'd: drake::cmq_buildtargetmetadepsspecht_is_subtargetconfig
2020-01-20 10:44:38.483699 | > DO_CALL (5.220s wait)
.2020-01-20 10:45:39.334745 | eval'd: drake::cmq_buildtargetmetadepsspecht_is_subtargetconfig
2020-01-20 10:46:43.992513 | > DO_CALL (5.286s wait)
.2020-01-20 10:46:50.684566 | eval'd: drake::cmq_buildtargetmetadepsspecht_is_subtargetconfig
2020-01-20 10:48:24.345997 | > DO_CALL (5.092s wait)
.2020-01-20 10:48:25.557438 | eval'd: drake::cmq_buildtargetmetadepsspecht_is_subtargetconfig
2020-01-20 10:49:43.333349 | > DO_CALL (5.838s wait)
.2020-01-20 10:50:20.130309 | eval'd: drake::cmq_buildtargetmetadepsspecht_is_subtargetconfig
2020-01-20 10:51:31.464587 | > DO_CALL (5.101s wait)
.2020-01-20 10:54:20.779505 | eval'd: drake::cmq_buildtargetmetadepsspecht_is_subtargetconfig
2020-01-20 10:55:18.095399 | > DO_CALL (6.085s wait)
.2020-01-20 10:57:05.804173 | eval'd: drake::cmq_buildtargetmetadepsspecht_is_subtargetconfig
2020-01-20 10:58:21.495908 | > DO_CALL (5.306s wait)
.2020-01-20 10:59:22.334233 | eval'd: drake::cmq_buildtargetmetadepsspecht_is_subtargetconfig
2020-01-20 11:00:34.367434 | > DO_CALL (5.084s wait)
.2020-01-20 11:00:38.010316 | eval'd: drake::cmq_buildtargetmetadepsspecht_is_subtargetconfig
2020-01-20 11:01:51.051139 | > DO_CALL (5.065s wait)
.2020-01-20 11:02:18.448086 | eval'd: drake::cmq_buildtargetmetadepsspecht_is_subtargetconfig
2020-01-20 11:03:40.840042 | > DO_CALL (5.102s wait)
.2020-01-20 11:05:03.360113 | eval'd: drake::cmq_buildtargetmetadepsspecht_is_subtargetconfig
2020-01-20 11:05:57.403954 | > DO_CALL (5.227s wait)
.2020-01-20 11:08:31.029388 | eval'd: drake::cmq_buildtargetmetadepsspecht_is_subtargetconfig
2020-01-20 11:09:34.421695 | > DO_CALL (6.273s wait)
.2020-01-20 11:09:38.230734 | eval'd: drake::cmq_buildtargetmetadepsspecht_is_subtargetconfig
2020-01-20 11:10:22.632814 | > DO_CALL (6.613s wait)
.2020-01-20 11:13:13.693380 | eval'd: drake::cmq_buildtargetmetadepsspecht_is_subtargetconfig
2020-01-20 11:15:18.672271 | > DO_CALL (5.103s wait)
.2020-01-20 11:16:00.822848 | eval'd: drake::cmq_buildtargetmetadepsspecht_is_subtargetconfig
2020-01-20 11:17:28.932091 | > DO_CALL (5.130s wait)
.2020-01-20 11:17:37.326179 | eval'd: drake::cmq_buildtargetmetadepsspecht_is_subtargetconfig
2020-01-20 11:18:45.926475 | > DO_CALL (5.039s wait)
.2020-01-20 11:19:12.947098 | eval'd: drake::cmq_buildtargetmetadepsspecht_is_subtargetconfig
2020-01-20 11:20:44.475839 | > DO_CALL (5.143s wait)
.2020-01-20 11:20:47.310375 | eval'd: drake::cmq_buildtargetmetadepsspecht_is_subtargetconfig
2020-01-20 11:22:43.567516 | > DO_CALL (5.009s wait)
.2020-01-20 11:23:12.900141 | eval'd: drake::cmq_buildtargetmetadepsspecht_is_subtargetconfig
2020-01-20 11:24:37.983711 | > DO_CALL (5.252s wait)
.2020-01-20 11:25:01.941603 | eval'd: drake::cmq_buildtargetmetadepsspecht_is_subtargetconfig
2020-01-20 11:25:46.218398 | > DO_CALL (5.032s wait)
.2020-01-20 11:25:48.201995 | eval'd: drake::cmq_buildtargetmetadepsspecht_is_subtargetconfig
2020-01-20 11:26:41.341781 | > DO_CALL (5.095s wait)
.2020-01-20 11:27:58.598248 | eval'd: drake::cmq_buildtargetmetadepsspecht_is_subtargetconfig
2020-01-20 11:28:33.702220 | > DO_CALL (5.374s wait)
.2020-01-20 11:28:49.950179 | eval'd: drake::cmq_buildtargetmetadepsspecht_is_subtargetconfig
2020-01-20 11:29:57.385286 | > DO_CALL (5.050s wait)
.2020-01-20 11:30:04.350471 | eval'd: drake::cmq_buildtargetmetadepsspecht_is_subtargetconfig
2020-01-20 11:30:59.263881 | > DO_CALL (5.059s wait)
.2020-01-20 11:31:10.525550 | eval'd: drake::cmq_buildtargetmetadepsspecht_is_subtargetconfig
2020-01-20 11:32:32.427457 | > DO_CALL (5.270s wait)
.2020-01-20 11:32:47.701098 | eval'd: drake::cmq_buildtargetmetadepsspecht_is_subtargetconfig
2020-01-20 11:34:14.208625 | > DO_CALL (5.075s wait)
.2020-01-20 11:34:14.659521 | eval'd: drake::cmq_buildtargetmetadepsspecht_is_subtargetconfig
2020-01-20 11:35:17.292394 | > DO_CALL (5.023s wait)
.
2020-01-20 11:35:29.803718 | eval'd: drake::cmq_buildtargetmetadepsspecht_is_subtargetconfig
2020-01-20 11:36:59.341722 | > DO_CALL (5.223s wait)
.2020-01-20 11:37:11.726729 | eval'd: drake::cmq_buildtargetmetadepsspecht_is_subtargetconfig
2020-01-20 11:38:22.033210 | > DO_CALL (5.040s wait)
.2020-01-20 11:38:30.670699 | eval'd: drake::cmq_buildtargetmetadepsspecht_is_subtargetconfig
2020-01-20 11:39:06.091436 | > DO_CALL (5.179s wait)
.2020-01-20 11:39:10.785539 | eval'd: drake::cmq_buildtargetmetadepsspecht_is_subtargetconfig
2020-01-20 11:40:39.823490 | > DO_CALL (5.163s wait)
.2020-01-20 11:40:58.298628 | eval'd: drake::cmq_buildtargetmetadepsspecht_is_subtargetconfig
2020-01-20 11:42:09.673872 | > DO_CALL (5.012s wait)
.2020-01-20 11:42:33.081162 | eval'd: drake::cmq_buildtargetmetadepsspecht_is_subtargetconfig
2020-01-20 11:43:36.803911 | > DO_CALL (5.177s wait)
.2020-01-20 11:44:15.724959 | eval'd: drake::cmq_buildtargetmetadepsspecht_is_subtargetconfig
2020-01-20 11:45:28.761563 | > DO_CALL (5.163s wait)
.2020-01-20 11:50:51.394217 | eval'd: drake::cmq_buildtargetmetadepsspecht_is_subtargetconfig
2020-01-20 11:52:08.089371 | > DO_CALL (5.473s wait)
.2020-01-20 11:52:08.927135 | eval'd: drake::cmq_buildtargetmetadepsspecht_is_subtargetconfig
2020-01-20 11:53:20.026861 | > DO_CALL (6.179s wait)
.2020-01-20 11:54:08.677329 | eval'd: drake::cmq_buildtargetmetadepsspecht_is_subtargetconfig
2020-01-20 11:55:07.240630 | > DO_CALL (5.269s wait)
.2020-01-20 11:55:13.762141 | eval'd: drake::cmq_buildtargetmetadepsspecht_is_subtargetconfig
2020-01-20 11:56:57.584842 | > DO_CALL (5.205s wait)
.2020-01-20 11:57:50.815845 | eval'd: drake::cmq_buildtargetmetadepsspecht_is_subtargetconfig
2020-01-20 11:59:24.351310 | > DO_CALL (5.167s wait)
.2020-01-20 12:00:52.809220 | eval'd: drake::cmq_buildtargetmetadepsspecht_is_subtargetconfig
2020-01-20 12:02:47.748373 | > DO_CALL (5.499s wait)
.2020-01-20 12:04:06.060742 | eval'd: drake::cmq_buildtargetmetadepsspecht_is_subtargetconfig
2020-01-20 12:05:17.971765 | > DO_CALL (5.148s wait)
.2020-01-20 12:05:37.691481 | eval'd: drake::cmq_buildtargetmetadepsspecht_is_subtargetconfig
2020-01-20 12:06:41.327004 | > DO_CALL (5.331s wait)
.2020-01-20 12:06:47.085097 | eval'd: drake::cmq_buildtargetmetadepsspecht_is_subtargetconfig
2020-01-20 12:07:37.697030 | > DO_CALL (5.235s wait)
.2020-01-20 12:07:55.714390 | eval'd: drake::cmq_buildtargetmetadepsspecht_is_subtargetconfig
2020-01-20 12:08:44.872008 | > DO_CALL (5.337s wait)
.2020-01-20 12:11:54.707671 | eval'd: drake::cmq_buildtargetmetadepsspecht_is_subtargetconfig
2020-01-20 12:13:23.771911 | > DO_CALL (5.165s wait)
.2020-01-20 12:13:35.111957 | eval'd: drake::cmq_buildtargetmetadepsspecht_is_subtargetconfig
2020-01-20 12:14:56.213324 | > DO_CALL (5.302s wait)
.2020-01-20 12:15:41.626794 | eval'd: drake::cmq_buildtargetmetadepsspecht_is_subtargetconfig
2020-01-20 12:16:51.523368 | > DO_CALL (5.149s wait)
.2020-01-20 12:17:03.557211 | eval'd: drake::cmq_buildtargetmetadepsspecht_is_subtargetconfig
2020-01-20 12:17:50.578179 | > DO_CALL (5.217s wait)
.2020-01-20 12:17:51.630994 | eval'd: drake::cmq_buildtargetmetadepsspecht_is_subtargetconfig
2020-01-20 12:18:52.722207 | > DO_CALL (5.180s wait)
.2020-01-20 12:20:09.628614 | eval'd: drake::cmq_buildtargetmetadepsspecht_is_subtargetconfig
2020-01-20 12:21:15.090292 | > DO_CALL (5.398s wait)
.2020-01-20 12:21:15.750326 | eval'd: drake::cmq_buildtargetmetadepsspecht_is_subtargetconfig
2020-01-20 12:21:47.515220 | > DO_CALL (5.995s wait)
.2020-01-20 12:21:53.181774 | eval'd: drake::cmq_buildtargetmetadepsspecht_is_subtargetconfig
2020-01-20 12:22:48.587365 | > DO_CALL (5.204s wait)
.2020-01-20 12:23:00.511536 | eval'd: drake::cmq_buildtargetmetadepsspecht_is_subtargetconfig
2020-01-20 12:24:02.410618 | > DO_CALL (5.362s wait)
.2020-01-20 12:24:08.101722 | eval'd: drake::cmq_buildtargetmetadepsspecht_is_subtargetconfig
2020-01-20 12:24:55.015818 | > DO_CALL (5.163s wait)
.2020-01-20 12:25:13.273341 | eval'd: drake::cmq_buildtargetmetadepsspecht_is_subtargetconfig
2020-01-20 12:26:24.600569 | > DO_CALL (5.274s wait)
.2020-01-20 12:26:34.796545 | eval'd: drake::cmq_buildtargetmetadepsspecht_is_subtargetconfig
2020-01-20 12:27:04.079578 | > DO_CALL (5.416s wait)
.2020-01-20 12:27:52.600913 | eval'd: drake::cmq_buildtargetmetadepsspecht_is_subtargetconfig
2020-01-20 12:29:15.748685 | > DO_CALL (5.411s wait)
.2020-01-20 12:29:37.624195 | eval'd: drake::cmq_buildtargetmetadepsspecht_is_subtargetconfig
2020-01-20 12:30:39.579793 | > DO_CALL (5.120s wait)
.2020-01-20 12:31:05.784053 | eval'd: drake::cmq_buildtargetmetadepsspecht_is_subtargetconfig
2020-01-20 12:32:43.289100 | > DO_CALL (5.373s wait)
.2020-01-20 12:34:46.712934 | eval'd: drake::cmq_buildtargetmetadepsspecht_is_subtargetconfig
2020-01-20 12:36:15.624634 | > DO_CALL (5.304s wait)
.2020-01-20 12:36:17.871865 | eval'd: drake::cmq_buildtargetmetadepsspecht_is_subtargetconfig
2020-01-20 12:37:34.107443 | > DO_CALL (6.051s wait)
.2020-01-20 12:39:27.834082 | eval'd: drake::cmq_buildtargetmetadepsspecht_is_subtargetconfig
2020-01-20 12:40:45.077375 | > DO_CALL (5.335s wait)
.2020-01-20 12:40:59.649430 | eval'd: drake::cmq_buildtargetmetadepsspecht_is_subtargetconfig
2020-01-20 12:42:19.371101 | > DO_CALL (5.335s wait)
.2020-01-20 12:42:23.570403 | eval'd: drake::cmq_buildtargetmetadepsspecht_is_subtargetconfig
2020-01-20 12:43:22.776694 | > DO_CALL (6.154s wait)
.2020-01-20 12:43:34.969744 | eval'd: drake::cmq_buildtargetmetadepsspecht_is_subtargetconfig
2020-01-20 12:44:25.870325 | > DO_CALL (5.187s wait)
.2020-01-20 12:44:53.322099 | eval'd: drake::cmq_buildtargetmetadepsspecht_is_subtargetconfig
2020-01-20 12:46:00.479377 | > DO_CALL (5.439s wait)
.2020-01-20 12:46:16.706908 | eval'd: drake::cmq_buildtargetmetadepsspecht_is_subtargetconfig
2020-01-20 12:47:34.923669 | > DO_CALL (5.161s wait)
.2020-01-20 12:47:49.960454 | eval'd: drake::cmq_buildtargetmetadepsspecht_is_subtargetconfig
2020-01-20 12:48:42.191761 | > DO_CALL (5.376s wait)
.2020-01-20 12:51:16.936980 | eval'd: drake::cmq_buildtargetmetadepsspecht_is_subtargetconfig
2020-01-20 12:52:21.334202 | > DO_CALL (5.281s wait)
.2020-01-20 12:52:38.810674 | eval'd: drake::cmq_buildtargetmetadepsspecht_is_subtargetconfig
2020-01-20 12:53:42.488198 | > DO_CALL (5.375s wait)
.2020-01-20 12:54:00.738573 | eval'd: drake::cmq_buildtargetmetadepsspecht_is_subtargetconfig
2020-01-20 12:55:49.634150 | > DO_CALL (5.187s wait)
.2020-01-20 12:56:08.595262 | eval'd: drake::cmq_buildtargetmetadepsspecht_is_subtargetconfig
2020-01-20 12:57:02.006023 | > DO_CALL (5.353s wait)
.2020-01-20 12:57:20.899540 | eval'd: drake::cmq_buildtargetmetadepsspecht_is_subtargetconfig
2020-01-20 12:58:35.475554 | > DO_CALL (5.221s wait)
.2020-01-20 12:59:02.112245 | eval'd: drake::cmq_buildtargetmetadepsspecht_is_subtargetconfig
2020-01-20 13:00:25.666618 | > DO_CALL (5.360s wait)
.2020-01-20 13:00:43.095765 | eval'd: drake::cmq_buildtargetmetadepsspecht_is_subtargetconfig
2020-01-20 13:02:07.590974 | > DO_CALL (5.285s wait)
.2020-01-20 13:02:08.771704 | eval'd: drake::cmq_buildtargetmetadepsspecht_is_subtargetconfig
2020-01-20 13:03:08.066226 | > DO_CALL (6.019s wait)
.2020-01-20 13:03:16.059761 | eval'd: drake::cmq_buildtargetmetadepsspecht_is_subtargetconfig
2020-01-20 13:04:53.959961 | > DO_CALL (6.470s wait)
.2020-01-20 13:04:59.030781 | eval'd: drake::cmq_buildtargetmetadepsspecht_is_subtargetconfig
2020-01-20 13:06:31.344761 | > DO_CALL (6.184s wait)
.2020-01-20 13:06:44.326339 | eval'd: drake::cmq_buildtargetmetadepsspecht_is_subtargetconfig
2020-01-20 13:07:34.411584 | > DO_CALL (5.271s wait)
.2020-01-20 13:07:52.998026 | eval'd: drake::cmq_buildtargetmetadepsspecht_is_subtargetconfig
2020-01-20 13:08:37.118890 | > DO_CALL (6.850s wait)
.2020-01-20 13:08:52.521418 | eval'd: drake::cmq_buildtargetmetadepsspecht_is_subtargetconfig
2020-01-20 13:09:49.303415 | > DO_CALL (8.478s wait)
.2020-01-20 13:10:05.247635 | eval'd: drake::cmq_buildtargetmetadepsspecht_is_subtargetconfig
2020-01-20 13:11:30.448474 | > DO_CALL (5.329s wait)
.2020-01-20 13:11:41.162922 | eval'd: drake::cmq_buildtargetmetadepsspecht_is_subtargetconfig
2020-01-20 13:13:10.898190 | > DO_CALL (5.174s wait)
.2020-01-20 13:13:15.939145 | eval'd: drake::cmq_buildtargetmetadepsspecht_is_subtargetconfig
2020-01-20 13:14:39.445357 | > DO_CALL (5.170s wait)
.2020-01-20 13:14:40.402369 | eval'd: drake::cmq_buildtargetmetadepsspecht_is_subtargetconfig
2020-01-20 13:15:54.009069 | > DO_CALL (6.120s wait)
.2020-01-20 13:16:32.732977 | eval'd: drake::cmq_buildtargetmetadepsspecht_is_subtargetconfig
2020-01-20 13:18:07.030445 | > DO_CALL (5.204s wait)
.2020-01-20 13:18:20.727392 | eval'd: drake::cmq_buildtargetmetadepsspecht_is_subtargetconfig
2020-01-20 13:19:58.984703 | > DO_CALL (5.341s wait)
.2020-01-20 13:20:30.971966 | eval'd: drake::cmq_buildtargetmetadepsspecht_is_subtargetconfig
2020-01-20 13:21:45.180284 | > DO_CALL (5.246s wait)
.2020-01-20 13:21:57.665053 | eval'd: drake::cmq_buildtargetmetadepsspecht_is_subtargetconfig
2020-01-20 13:22:51.107279 | > DO_CALL (5.189s wait)
.2020-01-20 13:23:27.673372 | eval'd: drake::cmq_buildtargetmetadepsspecht_is_subtargetconfig
2020-01-20 13:24:17.663661 | > DO_CALL (5.223s wait)
.2020-01-20 13:24:27.029479 | eval'd: drake::cmq_buildtargetmetadepsspecht_is_subtargetconfig
2020-01-20 13:25:51.642124 | > DO_CALL (5.163s wait)
.2020-01-20 13:26:02.803201 | eval'd: drake::cmq_buildtargetmetadepsspecht_is_subtargetconfig
2020-01-20 13:27:33.420490 | > DO_CALL (5.056s wait)
.2020-01-20 13:27:54.001399 | eval'd: drake::cmq_buildtargetmetadepsspecht_is_subtargetconfig
2020-01-20 13:29:39.519745 | > DO_CALL (5.337s wait)
.2020-01-20 13:29:48.832301 | eval'd: drake::cmq_buildtargetmetadepsspecht_is_subtargetconfig
2020-01-20 13:30:48.473625 | > DO_CALL (5.039s wait)
.2020-01-20 13:31:56.415211 | eval'd: drake::cmq_buildtargetmetadepsspecht_is_subtargetconfig
2020-01-20 13:32:52.482057 | > DO_CALL (5.198s wait)
.2020-01-20 13:33:00.839741 | eval'd: drake::cmq_buildtargetmetadepsspecht_is_subtargetconfig
2020-01-20 13:33:39.248158 | > DO_CALL (5.179s wait)
.2020-01-20 13:34:50.463534 | eval'd: drake::cmq_buildtargetmetadepsspecht_is_subtargetconfig
2020-01-20 13:36:03.729767 | > DO_CALL (5.117s wait)
.2020-01-20 13:36:11.891067 | eval'd: drake::cmq_buildtargetmetadepsspecht_is_subtargetconfig
2020-01-20 13:37:27.864333 | > DO_CALL (5.111s wait)
.2020-01-20 13:37:57.389330 | eval'd: drake::cmq_buildtargetmetadepsspecht_is_subtargetconfig
2020-01-20 13:39:44.366504 | > DO_CALL (5.110s wait)
.2020-01-20 13:40:27.772178 | eval'd: drake::cmq_buildtargetmetadepsspecht_is_subtargetconfig
2020-01-20 13:41:50.679996 | > DO_CALL (5.231s wait)
.2020-01-20 13:42:10.105134 | eval'd: drake::cmq_buildtargetmetadepsspecht_is_subtargetconfig
2020-01-20 13:43:34.429394 | > DO_CALL (5.062s wait)
.2020-01-20 13:44:10.208683 | eval'd: drake::cmq_buildtargetmetadepsspecht_is_subtargetconfig
2020-01-20 13:44:56.456396 | > DO_CALL (5.209s wait)
.2020-01-20 13:46:14.025746 | eval'd: drake::cmq_buildtargetmetadepsspecht_is_subtargetconfig
2020-01-20 13:47:50.916785 | > DO_CALL (5.314s wait)
.2020-01-20 13:49:36.236273 | eval'd: drake::cmq_buildtargetmetadepsspecht_is_subtargetconfig
2020-01-20 13:50:43.548973 | > DO_CALL (5.362s wait)
.2020-01-20 13:51:07.459962 | eval'd: drake::cmq_buildtargetmetadepsspecht_is_subtargetconfig
2020-01-20 13:52:10.783217 | > DO_CALL (5.188s wait)
.2020-01-20 13:52:13.209307 | eval'd: drake::cmq_buildtargetmetadepsspecht_is_subtargetconfig
2020-01-20 13:53:14.411336 | > DO_CALL (5.232s wait)
.
2020-01-20 13:53:26.044768 | eval'd: drake::cmq_buildtargetmetadepsspecht_is_subtargetconfig
2020-01-20 13:54:27.052525 | > DO_CALL (5.389s wait)
.2020-01-20 13:54:41.418386 | eval'd: drake::cmq_buildtargetmetadepsspecht_is_subtargetconfig
2020-01-20 13:55:50.880019 | > DO_CALL (5.240s wait)
.2020-01-20 13:56:15.344190 | eval'd: drake::cmq_buildtargetmetadepsspecht_is_subtargetconfig
2020-01-20 13:57:49.097169 | > DO_CALL (5.385s wait)
.2020-01-20 13:58:07.939533 | eval'd: drake::cmq_buildtargetmetadepsspecht_is_subtargetconfig
2020-01-20 13:58:45.627981 | > DO_CALL (5.229s wait)
.2020-01-20 13:59:41.149980 | eval'd: drake::cmq_buildtargetmetadepsspecht_is_subtargetconfig
2020-01-20 14:00:53.505410 | > DO_CALL (5.324s wait)
.2020-01-20 14:01:06.331575 | eval'd: drake::cmq_buildtargetmetadepsspecht_is_subtargetconfig
2020-01-20 14:01:51.556923 | > DO_CALL (5.411s wait)
.2020-01-20 14:02:11.761239 | eval'd: drake::cmq_buildtargetmetadepsspecht_is_subtargetconfig
2020-01-20 14:03:30.948391 | > DO_CALL (5.165s wait)
.2020-01-20 14:03:37.317014 | eval'd: drake::cmq_buildtargetmetadepsspecht_is_subtargetconfig
2020-01-20 14:05:21.586823 | > DO_CALL (5.285s wait)
.2020-01-20 14:06:03.777759 | eval'd: drake::cmq_buildtargetmetadepsspecht_is_subtargetconfig
2020-01-20 14:07:59.047979 | > DO_CALL (5.228s wait)
.2020-01-20 14:08:19.619423 | eval'd: drake::cmq_buildtargetmetadepsspecht_is_subtargetconfig
2020-01-20 14:10:01.312221 | > DO_CALL (5.309s wait)
.2020-01-20 14:10:06.327505 | eval'd: drake::cmq_buildtargetmetadepsspecht_is_subtargetconfig
2020-01-20 14:10:49.732084 | > DO_CALL (5.202s wait)
.2020-01-20 14:10:54.687136 | eval'd: drake::cmq_buildtargetmetadepsspecht_is_subtargetconfig
2020-01-20 14:12:04.215457 | > DO_CALL (5.201s wait)
.2020-01-20 14:12:13.301201 | eval'd: drake::cmq_buildtargetmetadepsspecht_is_subtargetconfig
2020-01-20 14:13:22.542020 | > DO_CALL (5.318s wait)
.2020-01-20 14:13:27.266048 | eval'd: drake::cmq_buildtargetmetadepsspecht_is_subtargetconfig
2020-01-20 14:14:23.091002 | > DO_CALL (5.256s wait)
.2020-01-20 14:16:29.674387 | eval'd: drake::cmq_buildtargetmetadepsspecht_is_subtargetconfig
2020-01-20 14:17:55.744444 | > DO_CALL (5.109s wait)
.2020-01-20 14:18:03.955069 | eval'd: drake::cmq_buildtargetmetadepsspecht_is_subtargetconfig
2020-01-20 14:19:21.095452 | > DO_CALL (5.347s wait)
.2020-01-20 14:19:42.214170 | eval'd: drake::cmq_buildtargetmetadepsspecht_is_subtargetconfig
2020-01-20 14:21:29.230639 | > DO_CALL (5.189s wait)
.2020-01-20 14:21:56.998792 | eval'd: drake::cmq_buildtargetmetadepsspecht_is_subtargetconfig
2020-01-20 14:22:50.303619 | > DO_CALL (5.170s wait)
.2020-01-20 14:23:12.085268 | eval'd: drake::cmq_buildtargetmetadepsspecht_is_subtargetconfig
2020-01-20 14:23:55.630580 | > DO_CALL (5.242s wait)
.2020-01-20 14:25:11.425991 | eval'd: drake::cmq_buildtargetmetadepsspecht_is_subtargetconfig
2020-01-20 14:26:18.135315 | > DO_CALL (5.359s wait)
.2020-01-20 14:27:03.579217 | eval'd: drake::cmq_buildtargetmetadepsspecht_is_subtargetconfig
2020-01-20 14:27:48.803169 | > DO_CALL (5.261s wait)
.2020-01-20 14:28:18.907626 | eval'd: drake::cmq_buildtargetmetadepsspecht_is_subtargetconfig
2020-01-20 14:29:36.023337 | > DO_CALL (5.154s wait)
.2020-01-20 14:30:09.433714 | eval'd: drake::cmq_buildtargetmetadepsspecht_is_subtargetconfig
2020-01-20 14:31:15.918063 | > DO_CALL (5.092s wait)
.2020-01-20 14:31:36.411325 | eval'd: drake::cmq_buildtargetmetadepsspecht_is_subtargetconfig
2020-01-20 14:32:20.212714 | > DO_CALL (5.235s wait)
.2020-01-20 14:32:30.038725 | eval'd: drake::cmq_buildtargetmetadepsspecht_is_subtargetconfig
2020-01-20 14:33:35.618368 | > DO_CALL (5.299s wait)
.2020-01-20 14:33:47.081476 | eval'd: drake::cmq_buildtargetmetadepsspecht_is_subtargetconfig
2020-01-20 14:34:53.896086 | > DO_CALL (5.151s wait)
.2020-01-20 14:35:48.805076 | eval'd: drake::cmq_buildtargetmetadepsspecht_is_subtargetconfig
2020-01-20 14:37:14.129116 | > DO_CALL (5.155s wait)
.2020-01-20 14:37:54.065051 | eval'd: drake::cmq_buildtargetmetadepsspecht_is_subtargetconfig
2020-01-20 14:39:11.981905 | > DO_CALL (5.160s wait)
.2020-01-20 14:39:56.581183 | eval'd: drake::cmq_buildtargetmetadepsspecht_is_subtargetconfig
2020-01-20 14:40:43.498590 | > DO_CALL (5.152s wait)
.2020-01-20 14:40:44.486428 | eval'd: drake::cmq_buildtargetmetadepsspecht_is_subtargetconfig
2020-01-20 14:41:35.212714 | > DO_CALL (5.259s wait)
.2020-01-20 14:43:32.237731 | eval'd: drake::cmq_buildtargetmetadepsspecht_is_subtargetconfig
2020-01-20 14:44:31.691270 | > DO_CALL (5.384s wait)
.2020-01-20 14:45:10.563678 | eval'd: drake::cmq_buildtargetmetadepsspecht_is_subtargetconfig
2020-01-20 14:46:33.392849 | > DO_CALL (5.118s wait)
.2020-01-20 14:46:42.744721 | eval'd: drake::cmq_buildtargetmetadepsspecht_is_subtargetconfig
2020-01-20 14:48:01.956678 | > DO_CALL (5.207s wait)
.2020-01-20 14:48:28.660533 | eval'd: drake::cmq_buildtargetmetadepsspecht_is_subtargetconfig
2020-01-20 14:49:50.671194 | > DO_CALL (5.162s wait)
.2020-01-20 14:50:29.220223 | eval'd: drake::cmq_buildtargetmetadepsspecht_is_subtargetconfig
2020-01-20 14:50:57.952685 | > DO_CALL (5.217s wait)
.2020-01-20 14:51:09.920311 | eval'd: drake::cmq_buildtargetmetadepsspecht_is_subtargetconfig
2020-01-20 14:52:02.075843 | > DO_CALL (5.177s wait)
.2020-01-20 14:53:44.949799 | eval'd: drake::cmq_buildtargetmetadepsspecht_is_subtargetconfig
2020-01-20 14:55:27.266077 | > DO_CALL (5.140s wait)
.2020-01-20 14:55:42.162944 | eval'd: drake::cmq_buildtargetmetadepsspecht_is_subtargetconfig
2020-01-20 14:56:33.952941 | > DO_CALL (5.461s wait)
.2020-01-20 14:57:10.611350 | eval'd: drake::cmq_buildtargetmetadepsspecht_is_subtargetconfig
2020-01-20 14:58:15.708671 | > DO_CALL (5.374s wait)
.2020-01-20 14:59:31.980409 | eval'd: drake::cmq_buildtargetmetadepsspecht_is_subtargetconfig
2020-01-20 15:00:52.869271 | > DO_CALL (5.155s wait)
.2020-01-20 15:01:12.415585 | eval'd: drake::cmq_buildtargetmetadepsspecht_is_subtargetconfig
2020-01-20 15:01:58.388869 | > DO_CALL (5.235s wait)
.2020-01-20 15:02:11.491694 | eval'd: drake::cmq_buildtargetmetadepsspecht_is_subtargetconfig
2020-01-20 15:03:09.000037 | > DO_CALL (5.400s wait)
.2020-01-20 15:03:26.499263 | eval'd: drake::cmq_buildtargetmetadepsspecht_is_subtargetconfig
2020-01-20 15:05:21.097121 | > DO_CALL (5.161s wait)
.2020-01-20 15:05:50.440232 | eval'd: drake::cmq_buildtargetmetadepsspecht_is_subtargetconfig
2020-01-20 15:07:26.875594 | > DO_CALL (5.375s wait)
.2020-01-20 15:08:23.599725 | eval'd: drake::cmq_buildtargetmetadepsspecht_is_subtargetconfig
2020-01-20 15:09:31.151158 | > DO_CALL (5.286s wait)
.2020-01-20 15:09:59.991762 | eval'd: drake::cmq_buildtargetmetadepsspecht_is_subtargetconfig
2020-01-20 15:11:12.085494 | > DO_CALL (5.007s wait)
.2020-01-20 15:11:12.324108 | eval'd: drake::cmq_buildtargetmetadepsspecht_is_subtargetconfig
2020-01-20 15:12:33.487191 | > DO_CALL (5.018s wait)
.2020-01-20 15:12:36.582588 | eval'd: drake::cmq_buildtargetmetadepsspecht_is_subtargetconfig
2020-01-20 15:13:35.222532 | > DO_CALL (5.221s wait)
.2020-01-20 15:16:31.203555 | eval'd: drake::cmq_buildtargetmetadepsspecht_is_subtargetconfig
2020-01-20 15:16:32.586227 | > DO_CALL (0.020s wait)
.2020-01-20 15:16:32.953007 | eval'd: drake::cmq_buildtargetmetadepsspecht_is_subtargetconfig
2020-01-20 15:16:34.039327 | > DO_CALL (0.007s wait)
.2020-01-20 15:16:36.494098 | eval'd: drake::cmq_buildtargetmetadepsspecht_is_subtargetconfig
2020-01-20 15:16:38.317333 | > DO_CALL (0.011s wait)
.2020-01-20 15:16:38.659188 | eval'd: drake::cmq_buildtargetmetadepsspecht_is_subtargetconfig
2020-01-20 15:16:39.781456 | > DO_CALL (0.012s wait)
.2020-01-20 15:16:40.120227 | eval'd: drake::cmq_buildtargetmetadepsspecht_is_subtargetconfig
2020-01-20 15:16:40.921217 | > DO_CALL (0.008s wait)
.2020-01-20 15:16:41.243144 | eval'd: drake::cmq_buildtargetmetadepsspecht_is_subtargetconfig
2020-01-20 15:16:42.483545 | > DO_CALL (0.011s wait)
.2020-01-20 15:16:43.464831 | eval'd: drake::cmq_buildtargetmetadepsspecht_is_subtargetconfig
2020-01-20 15:16:44.006906 | > DO_CALL (0.009s wait)
.2020-01-20 15:16:44.332957 | eval'd: drake::cmq_buildtargetmetadepsspecht_is_subtargetconfig
2020-01-20 15:16:45.482231 | > DO_CALL (0.008s wait)
.2020-01-20 15:16:45.802852 | eval'd: drake::cmq_buildtargetmetadepsspecht_is_subtargetconfig
2020-01-20 15:16:48.125365 | > DO_CALL (0.015s wait)
.2020-01-20 15:16:48.469100 | eval'd: drake::cmq_buildtargetmetadepsspecht_is_subtargetconfig
2020-01-20 15:16:49.571409 | > DO_CALL (0.010s wait)
.2020-01-20 15:16:50.488061 | eval'd: drake::cmq_buildtargetmetadepsspecht_is_subtargetconfig
2020-01-20 15:16:51.230773 | > DO_CALL (0.016s wait)
.2020-01-20 15:16:51.583310 | eval'd: drake::cmq_buildtargetmetadepsspecht_is_subtargetconfig
2020-01-20 15:16:52.738504 | > DO_CALL (0.013s wait)
.2020-01-20 15:16:53.082416 | eval'd: drake::cmq_buildtargetmetadepsspecht_is_subtargetconfig
2020-01-20 15:16:54.340702 | > DO_CALL (0.016s wait)
.2020-01-20 15:16:54.689150 | eval'd: drake::cmq_buildtargetmetadepsspecht_is_subtargetconfig
2020-01-20 15:16:57.166286 | > DO_CALL (0.017s wait)
.2020-01-20 15:16:57.507268 | eval'd: drake::cmq_buildtargetmetadepsspecht_is_subtargetconfig
2020-01-20 15:16:58.711100 | > DO_CALL (0.012s wait)
.2020-01-20 15:16:59.717236 | eval'd: drake::cmq_buildtargetmetadepsspecht_is_subtargetconfig
2020-01-20 15:17:00.232910 | > DO_CALL (0.008s wait)
.2020-01-20 15:17:00.557756 | eval'd: drake::cmq_buildtargetmetadepsspecht_is_subtargetconfig
2020-01-20 15:17:01.800666 | > DO_CALL (0.012s wait)
.2020-01-20 15:17:02.141211 | eval'd: drake::cmq_buildtargetmetadepsspecht_is_subtargetconfig
2020-01-20 15:17:03.289941 | > DO_CALL (0.005s wait)
.2020-01-20 15:17:03.599262 | eval'd: drake::cmq_buildtargetmetadepsspecht_is_subtargetconfig
2020-01-20 15:17:06.258823 | > DO_CALL (0.000s wait)
.2020-01-20 15:17:06.268398 | eval'd: drake::cmq_buildtargetmetadepsspecht_is_subtargetconfig
2020-01-20 15:17:07.859869 | > DO_CALL (0.013s wait)
.2020-01-20 15:17:08.794046 | eval'd: drake::cmq_buildtargetmetadepsspecht_is_subtargetconfig
2020-01-20 15:17:09.376803 | > DO_CALL (0.006s wait)
.2020-01-20 15:17:09.690072 | eval'd: drake::cmq_buildtargetmetadepsspecht_is_subtargetconfig
2020-01-20 15:17:10.943831 | > DO_CALL (0.022s wait)
.2020-01-20 15:17:11.299340 | eval'd: drake::cmq_buildtargetmetadepsspecht_is_subtargetconfig
2020-01-20 15:17:12.448514 | > DO_CALL (0.010s wait)
.2020-01-20 15:17:12.800518 | eval'd: drake::cmq_buildtargetmetadepsspecht_is_subtargetconfig
2020-01-20 15:17:15.167957 | > DO_CALL (0.010s wait)
.2020-01-20 15:17:15.519661 | eval'd: drake::cmq_buildtargetmetadepsspecht_is_subtargetconfig
2020-01-20 15:17:16.686233 | > DO_CALL (0.018s wait)
.2020-01-20 15:17:17.649600 | eval'd: drake::cmq_buildtargetmetadepsspecht_is_subtargetconfig
2020-01-20 15:17:18.256812 | > DO_CALL (0.015s wait)
.2020-01-20 15:17:18.615855 | eval'd: drake::cmq_buildtargetmetadepsspecht_is_subtargetconfig
2020-01-20 15:17:19.721787 | > DO_CALL (0.004s wait)
.2020-01-20 15:17:20.024788 | eval'd: drake::cmq_buildtargetmetadepsspecht_is_subtargetconfig
2020-01-20 15:17:21.210794 | > DO_CALL (0.000s wait)
.2020-01-20 15:17:21.219403 | eval'd: drake::cmq_buildtargetmetadepsspecht_is_subtargetconfig
2020-01-20 15:17:23.761872 | > DO_CALL (0.010s wait)
.2020-01-20 15:17:24.088708 | eval'd: drake::cmq_buildtargetmetadepsspecht_is_subtargetconfig
2020-01-20 15:17:25.114765 | > DO_CALL (0.000s wait)
.2020-01-20 15:17:25.123932 | eval'd: drake::cmq_buildtargetmetadepsspecht_is_subtargetconfig
2020-01-20 15:17:26.522704 | > DO_CALL (0.009s wait)
.
2020-01-20 15:17:27.445977 | eval'd: drake::cmq_buildtargetmetadepsspecht_is_subtargetconfig
2020-01-20 15:17:27.813360 | > DO_CALL (0.008s wait)
.2020-01-20 15:17:28.135340 | eval'd: drake::cmq_buildtargetmetadepsspecht_is_subtargetconfig
2020-01-20 15:17:29.016807 | > DO_CALL (0.014s wait)
.2020-01-20 15:17:29.362919 | eval'd: drake::cmq_buildtargetmetadepsspecht_is_subtargetconfig
2020-01-20 15:17:31.269191 | > DO_CALL (0.004s wait)
.2020-01-20 15:17:31.542123 | eval'd: drake::cmq_buildtargetmetadepsspecht_is_subtargetconfig
2020-01-20 15:17:32.548577 | > DO_CALL (0.009s wait)
.2020-01-20 15:17:32.889947 | eval'd: drake::cmq_buildtargetmetadepsspecht_is_subtargetconfig
2020-01-20 15:17:33.856033 | > DO_CALL (0.005s wait)
.2020-01-20 15:17:34.780201 | eval'd: drake::cmq_buildtargetmetadepsspecht_is_subtargetconfig
2020-01-20 15:17:35.484454 | > DO_CALL (0.020s wait)
.2020-01-20 15:17:35.856505 | eval'd: drake::cmq_buildtargetmetadepsspecht_is_subtargetconfig
2020-01-20 15:17:36.967950 | > DO_CALL (0.021s wait)
.2020-01-20 15:17:37.340134 | eval'd: drake::cmq_buildtargetmetadepsspecht_is_subtargetconfig
2020-01-20 15:17:39.434604 | > DO_CALL (0.005s wait)
.2020-01-20 15:17:39.755982 | eval'd: drake::cmq_buildtargetmetadepsspecht_is_subtargetconfig
2020-01-20 15:17:41.000789 | > DO_CALL (0.004s wait)
.2020-01-20 15:17:41.918784 | eval'd: drake::cmq_buildtargetmetadepsspecht_is_subtargetconfig
2020-01-20 15:17:42.510522 | > DO_CALL (0.008s wait)
.2020-01-20 15:17:42.830628 | eval'd: drake::cmq_buildtargetmetadepsspecht_is_subtargetconfig
2020-01-20 15:17:44.104034 | > DO_CALL (0.016s wait)
.2020-01-20 15:17:44.453183 | eval'd: drake::cmq_buildtargetmetadepsspecht_is_subtargetconfig
2020-01-20 15:17:45.617991 | > DO_CALL (0.012s wait)
.2020-01-20 15:17:45.957218 | eval'd: drake::cmq_buildtargetmetadepsspecht_is_subtargetconfig
2020-01-20 15:17:48.304535 | > DO_CALL (0.017s wait)
.2020-01-20 15:17:48.657300 | eval'd: drake::cmq_buildtargetmetadepsspecht_is_subtargetconfig
2020-01-20 15:17:49.816939 | > DO_CALL (0.013s wait)
.2020-01-20 15:17:50.777700 | eval'd: drake::cmq_buildtargetmetadepsspecht_is_subtargetconfig
2020-01-20 15:17:51.200503 | > DO_CALL (0.009s wait)
.2020-01-20 15:17:51.538189 | eval'd: drake::cmq_buildtargetmetadepsspecht_is_subtargetconfig
2020-01-20 15:17:52.662883 | > DO_CALL (0.000s wait)
.2020-01-20 15:17:52.671514 | eval'd: drake::cmq_buildtargetmetadepsspecht_is_subtargetconfig
2020-01-20 15:17:54.096144 | > DO_CALL (0.000s wait)
.2020-01-20 15:17:54.111728 | eval'd: drake::cmq_buildtargetmetadepsspecht_is_subtargetconfig
2020-01-20 15:17:55.508302 | > DO_CALL (0.008s wait)
.2020-01-20 15:17:55.847061 | eval'd: drake::cmq_buildtargetmetadepsspecht_is_subtargetconfig
2020-01-20 15:17:58.021482 | > DO_CALL (0.013s wait)
.2020-01-20 15:17:58.368695 | eval'd: drake::cmq_buildtargetmetadepsspecht_is_subtargetconfig
2020-01-20 15:17:59.541121 | > DO_CALL (0.005s wait)
.2020-01-20 15:18:00.391079 | eval'd: drake::cmq_buildtargetmetadepsspecht_is_subtargetconfig
2020-01-20 15:18:01.085145 | > DO_CALL (0.005s wait)
.2020-01-20 15:18:01.401436 | eval'd: drake::cmq_buildtargetmetadepsspecht_is_subtargetconfig
2020-01-20 15:18:02.705757 | > DO_CALL (0.013s wait)
.2020-01-20 15:18:03.047531 | eval'd: drake::cmq_buildtargetmetadepsspecht_is_subtargetconfig
2020-01-20 15:18:04.203104 | > DO_CALL (0.009s wait)
.2020-01-20 15:18:04.531806 | eval'd: drake::cmq_buildtargetmetadepsspecht_is_subtargetconfig
2020-01-20 15:18:06.671340 | > DO_CALL (0.005s wait)
.2020-01-20 15:18:06.987483 | eval'd: drake::cmq_buildtargetmetadepsspecht_is_subtargetconfig
2020-01-20 15:18:08.078403 | > DO_CALL (0.013s wait)
.2020-01-20 15:18:09.034719 | eval'd: drake::cmq_buildtargetmetadepsspecht_is_subtargetconfig
2020-01-20 15:18:09.509668 | > DO_CALL (0.011s wait)
.2020-01-20 15:18:09.846164 | eval'd: drake::cmq_buildtargetmetadepsspecht_is_subtargetconfig
2020-01-20 15:18:11.023720 | > DO_CALL (0.012s wait)
.2020-01-20 15:18:11.369921 | eval'd: drake::cmq_buildtargetmetadepsspecht_is_subtargetconfig
2020-01-20 15:18:12.541759 | > DO_CALL (0.013s wait)
.2020-01-20 15:18:12.884733 | eval'd: drake::cmq_buildtargetmetadepsspecht_is_subtargetconfig
2020-01-20 15:18:15.384318 | > DO_CALL (0.012s wait)
.2020-01-20 15:18:16.325589 | eval'd: drake::cmq_buildtargetmetadepsspecht_is_subtargetconfig
2020-01-20 15:18:16.878197 | > DO_CALL (0.011s wait)
.2020-01-20 15:18:17.222162 | eval'd: drake::cmq_buildtargetmetadepsspecht_is_subtargetconfig
2020-01-20 15:18:18.371098 | > DO_CALL (0.012s wait)
.2020-01-20 15:18:18.708485 | eval'd: drake::cmq_buildtargetmetadepsspecht_is_subtargetconfig
2020-01-20 15:18:19.741133 | > DO_CALL (0.000s wait)
.2020-01-20 15:18:19.823246 | eval'd: drake::cmq_buildtargetmetadepsspecht_is_subtargetconfig
2020-01-20 15:18:21.300635 | > DO_CALL (0.014s wait)
.2020-01-20 15:18:21.646733 | eval'd: drake::cmq_buildtargetmetadepsspecht_is_subtargetconfig
2020-01-20 15:18:24.261847 | > DO_CALL (0.012s wait)
.2020-01-20 15:18:25.202597 | eval'd: drake::cmq_buildtargetmetadepsspecht_is_subtargetconfig
2020-01-20 15:18:25.738248 | > DO_CALL (0.017s wait)
.2020-01-20 15:18:26.091444 | eval'd: drake::cmq_buildtargetmetadepsspecht_is_subtargetconfig
2020-01-20 15:18:27.367519 | > DO_CALL (0.020s wait)
.2020-01-20 15:18:27.723979 | eval'd: drake::cmq_buildtargetmetadepsspecht_is_subtargetconfig
2020-01-20 15:18:28.749543 | > DO_CALL (0.018s wait)
.2020-01-20 15:18:29.112010 | eval'd: drake::cmq_buildtargetmetadepsspecht_is_subtargetconfig
2020-01-20 15:18:29.932505 | > DO_CALL (0.001s wait)
.2020-01-20 15:18:29.938328 | eval'd: drake::cmq_buildtargetmetadepsspecht_is_subtargetconfig
2020-01-20 15:18:32.348616 | > DO_CALL (0.001s wait)
.2020-01-20 15:18:34.582705 | eval'd: drake::cmq_buildtargetmetadepsspecht_is_subtargetconfig
2020-01-20 15:18:35.018551 | > DO_CALL (0.001s wait)
.2020-01-20 15:18:35.024297 | eval'd: drake::cmq_buildtargetmetadepsspecht_is_subtargetconfig
2020-01-20 15:18:36.010556 | > DO_CALL (0.001s wait)
.2020-01-20 15:18:36.016315 | eval'd: drake::cmq_buildtargetmetadepsspecht_is_subtargetconfig
2020-01-20 15:18:37.097551 | > DO_CALL (0.001s wait)
.2020-01-20 15:18:37.103380 | eval'd: drake::cmq_buildtargetmetadepsspecht_is_subtargetconfig
2020-01-20 15:18:39.213545 | > DO_CALL (0.001s wait)
.2020-01-20 15:18:39.219371 | eval'd: drake::cmq_buildtargetmetadepsspecht_is_subtargetconfig
2020-01-20 15:18:40.296537 | > DO_CALL (0.001s wait)
.2020-01-20 15:18:40.302289 | eval'd: drake::cmq_buildtargetmetadepsspecht_is_subtargetconfig
2020-01-20 15:18:41.406510 | > DO_CALL (0.001s wait)
.2020-01-20 15:18:41.412345 | eval'd: drake::cmq_buildtargetmetadepsspecht_is_subtargetconfig
2020-01-20 15:18:42.493566 | > DO_CALL (0.001s wait)
.2020-01-20 15:18:42.499421 | eval'd: drake::cmq_buildtargetmetadepsspecht_is_subtargetconfig
2020-01-20 15:18:43.545513 | > DO_CALL (0.001s wait)
.2020-01-20 15:18:43.551270 | eval'd: drake::cmq_buildtargetmetadepsspecht_is_subtargetconfig
2020-01-20 15:18:45.646480 | > DO_CALL (0.001s wait)
.2020-01-20 15:18:45.652244 | eval'd: drake::cmq_buildtargetmetadepsspecht_is_subtargetconfig
2020-01-20 15:18:46.755506 | > DO_CALL (0.001s wait)
.2020-01-20 15:18:46.761263 | eval'd: drake::cmq_buildtargetmetadepsspecht_is_subtargetconfig
2020-01-20 15:18:47.899713 | > DO_CALL (0.009s wait)
.2020-01-20 15:18:48.253931 | eval'd: drake::cmq_buildtargetmetadepsspecht_is_subtargetconfig
2020-01-20 15:18:48.967604 | > DO_CALL (0.001s wait)
.2020-01-20 15:18:48.974259 | eval'd: drake::cmq_buildtargetmetadepsspecht_is_subtargetconfig
2020-01-20 15:18:50.030518 | > DO_CALL (0.001s wait)
.2020-01-20 15:18:50.037157 | eval'd: drake::cmq_buildtargetmetadepsspecht_is_subtargetconfig
2020-01-20 15:18:52.196495 | > DO_CALL (0.001s wait)
.2020-01-20 15:18:52.202961 | eval'd: drake::cmq_buildtargetmetadepsspecht_is_subtargetconfig
2020-01-20 15:18:53.290413 | > DO_CALL (0.001s wait)
.2020-01-20 15:18:53.296848 | eval'd: drake::cmq_buildtargetmetadepsspecht_is_subtargetconfig
2020-01-20 15:18:54.350435 | > DO_CALL (0.001s wait)
.2020-01-20 15:18:54.356918 | eval'd: drake::cmq_buildtargetmetadepsspecht_is_subtargetconfig
2020-01-20 15:18:55.398590 | > DO_CALL (0.001s wait)
.2020-01-20 15:18:55.405297 | eval'd: drake::cmq_buildtargetmetadepsspecht_is_subtargetconfig
2020-01-20 15:18:56.451485 | > DO_CALL (0.001s wait)
.2020-01-20 15:18:56.457922 | eval'd: drake::cmq_buildtargetmetadepsspecht_is_subtargetconfig
2020-01-20 15:18:58.596543 | > DO_CALL (0.001s wait)
.2020-01-20 15:18:58.603057 | eval'd: drake::cmq_buildtargetmetadepsspecht_is_subtargetconfig
2020-01-20 15:18:59.659600 | > DO_CALL (0.001s wait)
.2020-01-20 15:18:59.666249 | eval'd: drake::cmq_buildtargetmetadepsspecht_is_subtargetconfig
2020-01-20 15:19:00.724443 | > DO_CALL (0.001s wait)
.2020-01-20 15:19:00.730882 | eval'd: drake::cmq_buildtargetmetadepsspecht_is_subtargetconfig
2020-01-20 15:19:01.799520 | > DO_CALL (0.001s wait)
.2020-01-20 15:19:01.806142 | eval'd: drake::cmq_buildtargetmetadepsspecht_is_subtargetconfig
2020-01-20 15:19:02.878475 | > DO_CALL (0.001s wait)
.2020-01-20 15:19:02.884896 | eval'd: drake::cmq_buildtargetmetadepsspecht_is_subtargetconfig
2020-01-20 15:19:05.025305 | > DO_CALL (0.000s wait)
.2020-01-20 15:19:05.032294 | eval'd: drake::cmq_buildtargetmetadepsspecht_is_subtargetconfig
2020-01-20 15:19:06.064491 | > DO_CALL (0.001s wait)
.2020-01-20 15:19:06.071186 | eval'd: drake::cmq_buildtargetmetadepsspecht_is_subtargetconfig
2020-01-20 15:19:07.123413 | > DO_CALL (0.001s wait)
.2020-01-20 15:19:07.129237 | eval'd: drake::cmq_buildtargetmetadepsspecht_is_subtargetconfig
2020-01-20 15:19:08.175522 | > DO_CALL (0.001s wait)
.2020-01-20 15:19:08.182051 | eval'd: drake::cmq_buildtargetmetadepsspecht_is_subtargetconfig
2020-01-20 15:19:09.231485 | > DO_CALL (0.001s wait)
.2020-01-20 15:19:09.237850 | eval'd: drake::cmq_buildtargetmetadepsspecht_is_subtargetconfig
2020-01-20 15:19:11.360634 | > DO_CALL (0.001s wait)
.2020-01-20 15:19:11.367144 | eval'd: drake::cmq_buildtargetmetadepsspecht_is_subtargetconfig
2020-01-20 15:19:12.733497 | > DO_CALL (0.001s wait)
.2020-01-20 15:19:12.740082 | eval'd: drake::cmq_buildtargetmetadepsspecht_is_subtargetconfig
2020-01-20 15:19:13.917536 | > DO_CALL (0.001s wait)
.2020-01-20 15:19:13.924530 | eval'd: drake::cmq_buildtargetmetadepsspecht_is_subtargetconfig
2020-01-20 15:19:15.027612 | > DO_CALL (0.001s wait)
.2020-01-20 15:19:15.034312 | eval'd: drake::cmq_buildtargetmetadepsspecht_is_subtargetconfig
2020-01-20 15:19:16.121552 | > DO_CALL (0.001s wait)
.2020-01-20 15:19:16.128196 | eval'd: drake::cmq_buildtargetmetadepsspecht_is_subtargetconfig
2020-01-20 15:19:18.348107 | > DO_CALL (0.000s wait)
.2020-01-20 15:19:18.352684 | eval'd: drake::cmq_buildtargetmetadepsspecht_is_subtargetconfig
2020-01-20 15:19:19.452575 | > DO_CALL (0.001s wait)
.2020-01-20 15:19:19.459153 | eval'd: drake::cmq_buildtargetmetadepsspecht_is_subtargetconfig
2020-01-20 15:19:20.584544 | > DO_CALL (0.001s wait)
.2020-01-20 15:19:20.591061 | eval'd: drake::cmq_buildtargetmetadepsspecht_is_subtargetconfig
2020-01-20 15:19:21.689569 | > DO_CALL (0.001s wait)
.2020-01-20 15:19:21.696063 | eval'd: drake::cmq_buildtargetmetadepsspecht_is_subtargetconfig
2020-01-20 15:19:24.051539 | > DO_CALL (0.001s wait)
.2020-01-20 15:19:24.058488 | eval'd: drake::cmq_buildtargetmetadepsspecht_is_subtargetconfig
2020-01-20 15:19:25.234550 | > DO_CALL (0.001s wait)
.2020-01-20 15:19:25.241189 | eval'd: drake::cmq_buildtargetmetadepsspecht_is_subtargetconfig
2020-01-20 15:19:26.466579 | > DO_CALL (0.001s wait)
.
2020-01-20 15:19:26.473055 | eval'd: drake::cmq_buildtargetmetadepsspecht_is_subtargetconfig
2020-01-20 15:19:27.624161 | > DO_CALL (0.000s wait)
.2020-01-20 15:19:27.628829 | eval'd: drake::cmq_buildtargetmetadepsspecht_is_subtargetconfig
2020-01-20 15:19:28.786584 | > DO_CALL (0.001s wait)
.2020-01-20 15:19:28.793050 | eval'd: drake::cmq_buildtargetmetadepsspecht_is_subtargetconfig
2020-01-20 15:19:31.283538 | > DO_CALL (0.001s wait)
.2020-01-20 15:19:31.290144 | eval'd: drake::cmq_buildtargetmetadepsspecht_is_subtargetconfig
2020-01-20 15:19:32.274357 | > DO_CALL (0.001s wait)
.2020-01-20 15:19:32.280779 | eval'd: drake::cmq_buildtargetmetadepsspecht_is_subtargetconfig
2020-01-20 15:19:33.304366 | > DO_CALL (0.001s wait)
.2020-01-20 15:19:33.311060 | eval'd: drake::cmq_buildtargetmetadepsspecht_is_subtargetconfig
2020-01-20 15:19:34.333754 | > DO_CALL (0.001s wait)
.2020-01-20 15:19:34.340338 | eval'd: drake::cmq_buildtargetmetadepsspecht_is_subtargetconfig
2020-01-20 15:19:35.290519 | > DO_CALL (0.001s wait)
.2020-01-20 15:19:35.297090 | eval'd: drake::cmq_buildtargetmetadepsspecht_is_subtargetconfig
2020-01-20 15:19:37.433403 | > DO_CALL (0.001s wait)
.2020-01-20 15:19:37.439817 | eval'd: drake::cmq_buildtargetmetadepsspecht_is_subtargetconfig
2020-01-20 15:19:38.409425 | > DO_CALL (0.001s wait)
.2020-01-20 15:19:38.416001 | eval'd: drake::cmq_buildtargetmetadepsspecht_is_subtargetconfig
2020-01-20 15:19:39.399379 | > DO_CALL (0.001s wait)
.2020-01-20 15:19:39.405800 | eval'd: drake::cmq_buildtargetmetadepsspecht_is_subtargetconfig
2020-01-20 15:19:40.409507 | > DO_CALL (0.001s wait)
.2020-01-20 15:19:40.416078 | eval'd: drake::cmq_buildtargetmetadepsspecht_is_subtargetconfig
2020-01-20 15:19:41.377945 | > DO_CALL (0.001s wait)
.2020-01-20 15:19:41.384554 | eval'd: drake::cmq_buildtargetmetadepsspecht_is_subtargetconfig
2020-01-20 15:19:43.369687 | > DO_CALL (0.001s wait)
.2020-01-20 15:19:43.376222 | eval'd: drake::cmq_buildtargetmetadepsspecht_is_subtargetconfig
2020-01-20 15:19:44.354616 | > DO_CALL (0.001s wait)
.2020-01-20 15:19:44.361043 | eval'd: drake::cmq_buildtargetmetadepsspecht_is_subtargetconfig
2020-01-20 15:19:45.479570 | > DO_CALL (0.001s wait)
.2020-01-20 15:19:45.486121 | eval'd: drake::cmq_buildtargetmetadepsspecht_is_subtargetconfig
2020-01-20 15:19:46.620598 | > DO_CALL (0.001s wait)
.2020-01-20 15:19:46.627093 | eval'd: drake::cmq_buildtargetmetadepsspecht_is_subtargetconfig
2020-01-20 15:19:48.826546 | > DO_CALL (0.001s wait)
.2020-01-20 15:19:48.834696 | eval'd: drake::cmq_buildtargetmetadepsspecht_is_subtargetconfig
2020-01-20 15:19:49.962666 | > DO_CALL (0.001s wait)
.2020-01-20 15:19:49.969183 | eval'd: drake::cmq_buildtargetmetadepsspecht_is_subtargetconfig
2020-01-20 15:19:51.094547 | > DO_CALL (0.001s wait)
.2020-01-20 15:19:51.101079 | eval'd: drake::cmq_buildtargetmetadepsspecht_is_subtargetconfig
2020-01-20 15:19:52.236594 | > DO_CALL (0.001s wait)
.2020-01-20 15:19:52.243051 | eval'd: drake::cmq_buildtargetmetadepsspecht_is_subtargetconfig
2020-01-20 15:19:53.381625 | > DO_CALL (0.001s wait)
.2020-01-20 15:19:53.388078 | eval'd: drake::cmq_buildtargetmetadepsspecht_is_subtargetconfig
2020-01-20 15:19:55.564641 | > DO_CALL (0.001s wait)
.2020-01-20 15:19:55.571100 | eval'd: drake::cmq_buildtargetmetadepsspecht_is_subtargetconfig
2020-01-20 15:19:56.724578 | > DO_CALL (0.001s wait)
.2020-01-20 15:19:56.731241 | eval'd: drake::cmq_buildtargetmetadepsspecht_is_subtargetconfig
2020-01-20 15:19:57.844496 | > DO_CALL (0.001s wait)
.2020-01-20 15:19:57.850842 | eval'd: drake::cmq_buildtargetmetadepsspecht_is_subtargetconfig
2020-01-20 15:19:58.898738 | > DO_CALL (0.001s wait)
.2020-01-20 15:19:58.905212 | eval'd: drake::cmq_buildtargetmetadepsspecht_is_subtargetconfig
2020-01-20 15:19:59.874638 | > DO_CALL (0.001s wait)
.2020-01-20 15:19:59.880983 | eval'd: drake::cmq_buildtargetmetadepsspecht_is_subtargetconfig
2020-01-20 15:20:01.818118 | > DO_CALL (0.001s wait)
.2020-01-20 15:20:01.824639 | eval'd: drake::cmq_buildtargetmetadepsspecht_is_subtargetconfig
2020-01-20 15:20:02.784668 | > DO_CALL (0.000s wait)
.2020-01-20 15:20:02.789728 | eval'd: drake::cmq_buildtargetmetadepsspecht_is_subtargetconfig
2020-01-20 15:20:03.757870 | > DO_CALL (0.001s wait)
.2020-01-20 15:20:03.764260 | eval'd: drake::cmq_buildtargetmetadepsspecht_is_subtargetconfig
2020-01-20 15:20:04.742681 | > DO_CALL (0.001s wait)
.2020-01-20 15:20:04.749274 | eval'd: drake::cmq_buildtargetmetadepsspecht_is_subtargetconfig
2020-01-20 15:20:06.637917 | > DO_CALL (0.001s wait)
.2020-01-20 15:20:06.644526 | eval'd: drake::cmq_buildtargetmetadepsspecht_is_subtargetconfig
2020-01-20 15:20:07.596498 | > DO_CALL (0.001s wait)
.2020-01-20 15:20:07.603150 | eval'd: drake::cmq_buildtargetmetadepsspecht_is_subtargetconfig
2020-01-20 15:20:08.578996 | > DO_CALL (0.001s wait)
.2020-01-20 15:20:08.585549 | eval'd: drake::cmq_buildtargetmetadepsspecht_is_subtargetconfig
2020-01-20 15:20:09.536183 | > DO_CALL (0.001s wait)
.2020-01-20 15:20:09.542827 | eval'd: drake::cmq_buildtargetmetadepsspecht_is_subtargetconfig
2020-01-20 15:20:10.499409 | > DO_CALL (0.001s wait)
.2020-01-20 15:20:10.506047 | eval'd: drake::cmq_buildtargetmetadepsspecht_is_subtargetconfig
2020-01-20 15:20:12.412053 | > DO_CALL (0.001s wait)
.2020-01-20 15:20:12.418529 | eval'd: drake::cmq_buildtargetmetadepsspecht_is_subtargetconfig
2020-01-20 15:20:13.357400 | > DO_CALL (0.001s wait)
.2020-01-20 15:20:13.362005 | eval'd: drake::cmq_buildtargetmetadepsspecht_is_subtargetconfig
2020-01-20 15:20:14.333268 | > DO_CALL (0.001s wait)
.2020-01-20 15:20:14.339835 | eval'd: drake::cmq_buildtargetmetadepsspecht_is_subtargetconfig
2020-01-20 15:20:15.288677 | > DO_CALL (0.001s wait)
.2020-01-20 15:20:15.295229 | eval'd: drake::cmq_buildtargetmetadepsspecht_is_subtargetconfig
2020-01-20 15:20:16.307681 | > DO_CALL (0.001s wait)
.2020-01-20 15:20:16.314201 | eval'd: drake::cmq_buildtargetmetadepsspecht_is_subtargetconfig
2020-01-20 15:20:18.508604 | > DO_CALL (0.001s wait)
.2020-01-20 15:20:18.515079 | eval'd: drake::cmq_buildtargetmetadepsspecht_is_subtargetconfig
2020-01-20 15:20:19.607697 | > DO_CALL (0.001s wait)
.2020-01-20 15:20:19.614185 | eval'd: drake::cmq_buildtargetmetadepsspecht_is_subtargetconfig
2020-01-20 15:20:20.735653 | > DO_CALL (0.001s wait)
.2020-01-20 15:20:20.742181 | eval'd: drake::cmq_buildtargetmetadepsspecht_is_subtargetconfig
2020-01-20 15:20:21.820614 | > DO_CALL (0.001s wait)
.2020-01-20 15:20:21.827123 | eval'd: drake::cmq_buildtargetmetadepsspecht_is_subtargetconfig
2020-01-20 15:20:23.998721 | > DO_CALL (0.001s wait)
.2020-01-20 15:20:24.005710 | eval'd: drake::cmq_buildtargetmetadepsspecht_is_subtargetconfig
2020-01-20 15:20:25.136703 | > DO_CALL (0.001s wait)
.2020-01-20 15:20:25.143210 | eval'd: drake::cmq_buildtargetmetadepsspecht_is_subtargetconfig
2020-01-20 15:20:26.261244 | > DO_CALL (0.000s wait)
.2020-01-20 15:20:26.265856 | eval'd: drake::cmq_buildtargetmetadepsspecht_is_subtargetconfig
2020-01-20 15:20:27.420669 | > DO_CALL (0.001s wait)
.2020-01-20 15:20:27.427199 | eval'd: drake::cmq_buildtargetmetadepsspecht_is_subtargetconfig
2020-01-20 15:20:28.575614 | > DO_CALL (0.001s wait)
.2020-01-20 15:20:28.582336 | eval'd: drake::cmq_buildtargetmetadepsspecht_is_subtargetconfig
2020-01-20 15:20:30.816692 | > DO_CALL (0.001s wait)
.2020-01-20 15:20:30.823274 | eval'd: drake::cmq_buildtargetmetadepsspecht_is_subtargetconfig
2020-01-20 15:20:31.956682 | > DO_CALL (0.001s wait)
.2020-01-20 15:20:31.963128 | eval'd: drake::cmq_buildtargetmetadepsspecht_is_subtargetconfig
2020-01-20 15:20:33.108652 | > DO_CALL (0.001s wait)
.2020-01-20 15:20:33.115032 | eval'd: drake::cmq_buildtargetmetadepsspecht_is_subtargetconfig
2020-01-20 15:20:34.297569 | > DO_CALL (0.001s wait)
.2020-01-20 15:20:34.304067 | eval'd: drake::cmq_buildtargetmetadepsspecht_is_subtargetconfig
2020-01-20 15:20:35.449579 | > DO_CALL (0.001s wait)
.2020-01-20 15:20:35.456067 | eval'd: drake::cmq_buildtargetmetadepsspecht_is_subtargetconfig
2020-01-20 15:20:37.659700 | > DO_CALL (0.001s wait)
.2020-01-20 15:20:37.666084 | eval'd: drake::cmq_buildtargetmetadepsspecht_is_subtargetconfig
2020-01-20 15:20:38.819578 | > DO_CALL (0.001s wait)
.2020-01-20 15:20:38.825938 | eval'd: drake::cmq_buildtargetmetadepsspecht_is_subtargetconfig
2020-01-20 15:20:39.967566 | > DO_CALL (0.001s wait)
.2020-01-20 15:20:39.973885 | eval'd: drake::cmq_buildtargetmetadepsspecht_is_subtargetconfig
2020-01-20 15:20:41.086600 | > DO_CALL (0.001s wait)
.2020-01-20 15:20:41.093061 | eval'd: drake::cmq_buildtargetmetadepsspecht_is_subtargetconfig
2020-01-20 15:20:43.373085 | > DO_CALL (0.000s wait)
.2020-01-20 15:20:43.377707 | eval'd: drake::cmq_buildtargetmetadepsspecht_is_subtargetconfig
2020-01-20 15:20:44.524710 | > DO_CALL (0.001s wait)
.2020-01-20 15:20:44.531241 | eval'd: drake::cmq_buildtargetmetadepsspecht_is_subtargetconfig
2020-01-20 15:20:45.677604 | > DO_CALL (0.001s wait)
.2020-01-20 15:20:45.684156 | eval'd: drake::cmq_buildtargetmetadepsspecht_is_subtargetconfig
2020-01-20 15:20:46.808672 | > DO_CALL (0.001s wait)
.2020-01-20 15:20:46.815165 | eval'd: drake::cmq_buildtargetmetadepsspecht_is_subtargetconfig
2020-01-20 15:20:48.011608 | > DO_CALL (0.001s wait)
.2020-01-20 15:20:48.017966 | eval'd: drake::cmq_buildtargetmetadepsspecht_is_subtargetconfig
2020-01-20 15:20:50.544618 | > DO_CALL (0.001s wait)
.2020-01-20 15:20:50.551151 | eval'd: drake::cmq_buildtargetmetadepsspecht_is_subtargetconfig
2020-01-20 15:20:51.677630 | > DO_CALL (0.001s wait)
.2020-01-20 15:20:51.684267 | eval'd: drake::cmq_buildtargetmetadepsspecht_is_subtargetconfig
2020-01-20 15:20:52.802538 | > DO_CALL (0.001s wait)
.2020-01-20 15:20:52.807446 | eval'd: drake::cmq_buildtargetmetadepsspecht_is_subtargetconfig
2020-01-20 15:20:53.943605 | > DO_CALL (0.001s wait)
.2020-01-20 15:20:53.950641 | eval'd: drake::cmq_buildtargetmetadepsspecht_is_subtargetconfig
2020-01-20 15:20:56.336675 | > DO_CALL (0.001s wait)
.2020-01-20 15:20:56.343090 | eval'd: drake::cmq_buildtargetmetadepsspecht_is_subtargetconfig
2020-01-20 15:20:57.485695 | > DO_CALL (0.001s wait)
.2020-01-20 15:20:57.492127 | eval'd: drake::cmq_buildtargetmetadepsspecht_is_subtargetconfig
2020-01-20 15:20:58.603598 | > DO_CALL (0.001s wait)
.2020-01-20 15:20:58.610100 | eval'd: drake::cmq_buildtargetmetadepsspecht_is_subtargetconfig
2020-01-20 15:20:59.754637 | > DO_CALL (0.001s wait)
.2020-01-20 15:20:59.761152 | eval'd: drake::cmq_buildtargetmetadepsspecht_is_subtargetconfig
2020-01-20 15:21:00.912574 | > DO_CALL (0.001s wait)
.2020-01-20 15:21:00.919093 | eval'd: drake::cmq_buildtargetmetadepsspecht_is_subtargetconfig
2020-01-20 15:21:03.088615 | > DO_CALL (0.001s wait)
.2020-01-20 15:21:03.095066 | eval'd: drake::cmq_buildtargetmetadepsspecht_is_subtargetconfig
2020-01-20 15:21:04.220697 | > DO_CALL (0.001s wait)
.2020-01-20 15:21:04.227257 | eval'd: drake::cmq_buildtargetmetadepsspecht_is_subtargetconfig
2020-01-20 15:21:05.354623 | > DO_CALL (0.001s wait)
.2020-01-20 15:21:05.361141 | eval'd: drake::cmq_buildtargetmetadepsspecht_is_subtargetconfig
2020-01-20 15:21:06.488678 | > DO_CALL (0.001s wait)
.2020-01-20 15:21:06.495202 | eval'd: drake::cmq_buildtargetmetadepsspecht_is_subtargetconfig
2020-01-20 15:21:07.583665 | > DO_CALL (0.001s wait)
.2020-01-20 15:21:07.590301 | eval'd: drake::cmq_buildtargetmetadepsspecht_is_subtargetconfig
2020-01-20 15:21:09.794619 | > DO_CALL (0.001s wait)
.2020-01-20 15:21:09.801148 | eval'd: drake::cmq_buildtargetmetadepsspecht_is_subtargetconfig
2020-01-20 15:21:10.924616 | > DO_CALL (0.001s wait)
.
2020-01-20 15:21:10.931151 | eval'd: drake::cmq_buildtargetmetadepsspecht_is_subtargetconfig
2020-01-20 15:21:12.018594 | > DO_CALL (0.001s wait)
.2020-01-20 15:21:12.025001 | eval'd: drake::cmq_buildtargetmetadepsspecht_is_subtargetconfig
2020-01-20 15:21:13.137592 | > DO_CALL (0.001s wait)
.2020-01-20 15:21:13.144086 | eval'd: drake::cmq_buildtargetmetadepsspecht_is_subtargetconfig
2020-01-20 15:21:15.335630 | > DO_CALL (0.001s wait)
.2020-01-20 15:21:15.341975 | eval'd: drake::cmq_buildtargetmetadepsspecht_is_subtargetconfig
2020-01-20 15:21:16.458593 | > DO_CALL (0.001s wait)
.2020-01-20 15:21:16.465064 | eval'd: drake::cmq_buildtargetmetadepsspecht_is_subtargetconfig
2020-01-20 15:21:17.563586 | > DO_CALL (0.001s wait)
.2020-01-20 15:21:17.572222 | eval'd: drake::cmq_buildtargetmetadepsspecht_is_subtargetconfig
2020-01-20 15:21:18.659590 | > DO_CALL (0.001s wait)
.2020-01-20 15:21:18.666137 | eval'd: drake::cmq_buildtargetmetadepsspecht_is_subtargetconfig
2020-01-20 15:21:19.787595 | > DO_CALL (0.001s wait)
.2020-01-20 15:21:19.794030 | eval'd: drake::cmq_buildtargetmetadepsspecht_is_subtargetconfig
2020-01-20 15:21:21.992687 | > DO_CALL (0.001s wait)
.2020-01-20 15:21:21.999467 | eval'd: drake::cmq_buildtargetmetadepsspecht_is_subtargetconfig
2020-01-20 15:21:23.118699 | > DO_CALL (0.001s wait)
.2020-01-20 15:21:23.125253 | eval'd: drake::cmq_buildtargetmetadepsspecht_is_subtargetconfig
2020-01-20 15:21:24.260632 | > DO_CALL (0.001s wait)
.2020-01-20 15:21:24.267224 | eval'd: drake::cmq_buildtargetmetadepsspecht_is_subtargetconfig
2020-01-20 15:21:25.395616 | > DO_CALL (0.001s wait)
.2020-01-20 15:21:25.402142 | eval'd: drake::cmq_buildtargetmetadepsspecht_is_subtargetconfig
2020-01-20 15:21:27.568889 | > DO_CALL (0.000s wait)
.2020-01-20 15:21:27.573541 | eval'd: drake::cmq_buildtargetmetadepsspecht_is_subtargetconfig
2020-01-20 15:21:28.715574 | > DO_CALL (0.001s wait)
.2020-01-20 15:21:28.722105 | eval'd: drake::cmq_buildtargetmetadepsspecht_is_subtargetconfig
2020-01-20 15:21:29.866587 | > DO_CALL (0.001s wait)
.2020-01-20 15:21:29.873192 | eval'd: drake::cmq_buildtargetmetadepsspecht_is_subtargetconfig
2020-01-20 15:21:30.986597 | > DO_CALL (0.001s wait)
.2020-01-20 15:21:30.993016 | eval'd: drake::cmq_buildtargetmetadepsspecht_is_subtargetconfig
2020-01-20 15:21:32.124682 | > DO_CALL (0.001s wait)
.2020-01-20 15:21:32.131175 | eval'd: drake::cmq_buildtargetmetadepsspecht_is_subtargetconfig
2020-01-20 15:21:34.348674 | > DO_CALL (0.001s wait)
.2020-01-20 15:21:34.355748 | eval'd: drake::cmq_buildtargetmetadepsspecht_is_subtargetconfig
2020-01-20 15:21:35.520636 | > DO_CALL (0.001s wait)
.2020-01-20 15:21:35.527142 | eval'd: drake::cmq_buildtargetmetadepsspecht_is_subtargetconfig
2020-01-20 15:21:36.659685 | > DO_CALL (0.001s wait)
.2020-01-20 15:21:36.666141 | eval'd: drake::cmq_buildtargetmetadepsspecht_is_subtargetconfig
2020-01-20 15:21:37.818690 | > DO_CALL (0.001s wait)
.2020-01-20 15:21:37.824959 | eval'd: drake::cmq_buildtargetmetadepsspecht_is_subtargetconfig
2020-01-20 15:21:38.980686 | > DO_CALL (0.001s wait)
.2020-01-20 15:21:38.987185 | eval'd: drake::cmq_buildtargetmetadepsspecht_is_subtargetconfig
2020-01-20 15:21:41.166594 | > DO_CALL (0.001s wait)
.2020-01-20 15:21:41.173091 | eval'd: drake::cmq_buildtargetmetadepsspecht_is_subtargetconfig
2020-01-20 15:21:42.330666 | > DO_CALL (0.001s wait)
.2020-01-20 15:21:42.337249 | eval'd: drake::cmq_buildtargetmetadepsspecht_is_subtargetconfig
2020-01-20 15:21:43.484678 | > DO_CALL (0.001s wait)
.2020-01-20 15:21:43.491321 | eval'd: drake::cmq_buildtargetmetadepsspecht_is_subtargetconfig
2020-01-20 15:21:44.661627 | > DO_CALL (0.001s wait)
.2020-01-20 15:21:44.668022 | eval'd: drake::cmq_buildtargetmetadepsspecht_is_subtargetconfig
2020-01-20 15:21:46.883706 | > DO_CALL (0.001s wait)
.2020-01-20 15:21:46.890244 | eval'd: drake::cmq_buildtargetmetadepsspecht_is_subtargetconfig
2020-01-20 15:21:48.042624 | > DO_CALL (0.001s wait)
.2020-01-20 15:21:48.049155 | eval'd: drake::cmq_buildtargetmetadepsspecht_is_subtargetconfig
2020-01-20 15:21:49.211672 | > DO_CALL (0.001s wait)
.2020-01-20 15:21:49.218321 | eval'd: drake::cmq_buildtargetmetadepsspecht_is_subtargetconfig
2020-01-20 15:21:50.358609 | > DO_CALL (0.001s wait)
.2020-01-20 15:21:50.364997 | eval'd: drake::cmq_buildtargetmetadepsspecht_is_subtargetconfig
2020-01-20 15:21:51.512681 | > DO_CALL (0.001s wait)
.2020-01-20 15:21:51.519256 | eval'd: drake::cmq_buildtargetmetadepsspecht_is_subtargetconfig
2020-01-20 15:21:53.732688 | > DO_CALL (0.001s wait)
.2020-01-20 15:21:53.739116 | eval'd: drake::cmq_buildtargetmetadepsspecht_is_subtargetconfig
2020-01-20 15:21:54.865693 | > DO_CALL (0.001s wait)
.2020-01-20 15:21:54.872309 | eval'd: drake::cmq_buildtargetmetadepsspecht_is_subtargetconfig
2020-01-20 15:21:56.000616 | > DO_CALL (0.001s wait)
.2020-01-20 15:21:56.007138 | eval'd: drake::cmq_buildtargetmetadepsspecht_is_subtargetconfig
2020-01-20 15:21:57.147605 | > DO_CALL (0.001s wait)
.2020-01-20 15:21:57.154244 | eval'd: drake::cmq_buildtargetmetadepsspecht_is_subtargetconfig
2020-01-20 15:21:59.530668 | > DO_CALL (0.001s wait)
.2020-01-20 15:21:59.537204 | eval'd: drake::cmq_buildtargetmetadepsspecht_is_subtargetconfig
2020-01-20 15:22:00.717748 | > DO_CALL (0.001s wait)
.2020-01-20 15:22:00.724294 | eval'd: drake::cmq_buildtargetmetadepsspecht_is_subtargetconfig
2020-01-20 15:22:01.845759 | > DO_CALL (0.001s wait)
.2020-01-20 15:22:01.852411 | eval'd: drake::cmq_buildtargetmetadepsspecht_is_subtargetconfig
2020-01-20 15:22:02.986708 | > DO_CALL (0.001s wait)
.2020-01-20 15:22:02.993276 | eval'd: drake::cmq_buildtargetmetadepsspecht_is_subtargetconfig
2020-01-20 15:22:04.092632 | > DO_CALL (0.001s wait)
.2020-01-20 15:22:04.099154 | eval'd: drake::cmq_buildtargetmetadepsspecht_is_subtargetconfig
2020-01-20 15:22:06.512518 | > DO_CALL (0.000s wait)
.2020-01-20 15:22:06.517089 | eval'd: drake::cmq_buildtargetmetadepsspecht_is_subtargetconfig
2020-01-20 15:22:07.678638 | > DO_CALL (0.001s wait)
.2020-01-20 15:22:07.685122 | eval'd: drake::cmq_buildtargetmetadepsspecht_is_subtargetconfig
2020-01-20 15:22:08.810729 | > DO_CALL (0.001s wait)
.2020-01-20 15:22:08.817068 | eval'd: drake::cmq_buildtargetmetadepsspecht_is_subtargetconfig
2020-01-20 15:22:09.934656 | > DO_CALL (0.001s wait)
.2020-01-20 15:22:09.941224 | eval'd: drake::cmq_buildtargetmetadepsspecht_is_subtargetconfig
2020-01-20 15:22:11.036830 | > DO_CALL (0.001s wait)
.2020-01-20 15:22:11.043363 | eval'd: drake::cmq_buildtargetmetadepsspecht_is_subtargetconfig
2020-01-20 15:22:13.453694 | > DO_CALL (0.001s wait)
.2020-01-20 15:22:13.460222 | eval'd: drake::cmq_buildtargetmetadepsspecht_is_subtargetconfig
2020-01-20 15:22:14.575642 | > DO_CALL (0.001s wait)
.2020-01-20 15:22:14.582322 | eval'd: drake::cmq_buildtargetmetadepsspecht_is_subtargetconfig
2020-01-20 15:22:15.722788 | > DO_CALL (0.001s wait)
.2020-01-20 15:22:15.729269 | eval'd: drake::cmq_buildtargetmetadepsspecht_is_subtargetconfig
2020-01-20 15:22:16.832737 | > DO_CALL (0.001s wait)
.2020-01-20 15:22:16.839188 | eval'd: drake::cmq_buildtargetmetadepsspecht_is_subtargetconfig
2020-01-20 15:22:18.852048 | > WORKER_WAIT (0.000s wait)
2020-01-20 15:22:18.852508 | waiting 0.75s
2020-01-20 15:22:25.268551 | > WORKER_WAIT (0.000s wait)
2020-01-20 15:22:25.269597 | waiting 0.75s
2020-01-20 15:22:32.555188 | > WORKER_WAIT (0.000s wait)
2020-01-20 15:22:32.555631 | waiting 0.75s
2020-01-20 15:26:40.906053 | > WORKER_STOP (0.000s wait)
2020-01-20 15:26:40.906996 | shutting down worker
2020-01-20 15:26:43.038460 | 
Total: 412 in 7078.50s [user], 724.08s [system], 19306.71s [elapsed]
