2020-02-12 15:52:17.321366 | Master: tcp://c28a-s7:7632
2020-02-12 15:52:17.358103 | WORKER_UP to: tcp://c28a-s7:7632
2020-02-12 15:52:20.144758 | > DO_SETUP (2.777s wait)
2020-02-12 15:52:20.145426 | token from msg: set_common_data_token
2020-02-12 15:53:59.573341 | > DO_CALL (21.852s wait)
.* Option 'clustermq.scheduler' not set, defaulting to ‘SLURM’
--- see: https://mschubert.github.io/clustermq/articles/userguide.html#configuration
2020-02-12 15:54:22.152087 | eval'd: drake::cmq_buildtargetmetadepsspecht_is_subtargetconfig
2020-02-12 15:54:32.493547 | > DO_CALL (5.104s wait)
.2020-02-12 15:58:13.763425 | eval'd: drake::cmq_buildtargetmetadepsspecht_is_subtargetconfig
2020-02-12 15:58:23.212968 | > DO_CALL (5.856s wait)
.2020-02-12 16:06:32.615137 | eval'd: drake::cmq_buildtargetmetadepsspecht_is_subtargetconfig
2020-02-12 16:06:43.112878 | > DO_CALL (6.190s wait)
.2020-02-12 16:07:37.081502 | eval'd: drake::cmq_buildtargetmetadepsspecht_is_subtargetconfig
2020-02-12 16:07:46.994524 | > DO_CALL (5.703s wait)
.2020-02-12 16:10:40.714002 | eval'd: drake::cmq_buildtargetmetadepsspecht_is_subtargetconfig
2020-02-12 16:10:50.941087 | > DO_CALL (5.609s wait)
.2020-02-12 16:12:55.736519 | eval'd: drake::cmq_buildtargetmetadepsspecht_is_subtargetconfig
2020-02-12 16:13:05.756620 | > DO_CALL (5.768s wait)
.2020-02-12 16:14:13.818156 | eval'd: drake::cmq_buildtargetmetadepsspecht_is_subtargetconfig
2020-02-12 16:14:22.414319 | > DO_CALL (5.237s wait)
.2020-02-12 16:14:24.177554 | eval'd: drake::cmq_buildtargetmetadepsspecht_is_subtargetconfig
2020-02-12 16:14:33.898889 | > DO_CALL (5.873s wait)
.2020-02-12 16:14:56.929677 | eval'd: drake::cmq_buildtargetmetadepsspecht_is_subtargetconfig
2020-02-12 16:15:06.879814 | > DO_CALL (4.989s wait)
.2020-02-12 16:23:02.499479 | eval'd: drake::cmq_buildtargetmetadepsspecht_is_subtargetconfig
2020-02-12 16:23:02.928951 | > DO_CALL (0.042s wait)
.2020-02-12 16:23:03.419454 | eval'd: drake::cmq_buildtargetmetadepsspecht_is_subtargetconfig
2020-02-12 16:23:03.474756 | > DO_CALL (0.001s wait)
.2020-02-12 16:23:03.481943 | eval'd: drake::cmq_buildtargetmetadepsspecht_is_subtargetconfig
2020-02-12 16:23:03.721643 | > DO_CALL (0.001s wait)
.2020-02-12 16:23:03.725063 | eval'd: drake::cmq_buildtargetmetadepsspecht_is_subtargetconfig
2020-02-12 16:23:03.783519 | > DO_CALL (0.001s wait)
2020-02-12 16:23:03.785535 | eval'd: drake::cmq_buildtargetmetadepsspecht_is_subtargetconfig
2020-02-12 16:23:03.820266 | > WORKER_WAIT (0.000s wait)
2020-02-12 16:23:03.820759 | waiting 0.75s
Error in clustermq:::worker("tcp://c28a-s7:7632") : 
  Timeout reached, terminating
Execution halted
