2020-02-12 15:52:16.572807 | Master: tcp://c28a-s7:7632
2020-02-12 15:52:16.612477 | WORKER_UP to: tcp://c28a-s7:7632
2020-02-12 15:52:19.708543 | > DO_SETUP (3.085s wait)
2020-02-12 15:52:19.709085 | token from msg: set_common_data_token
2020-02-12 15:53:39.258171 | > DO_CALL (20.214s wait)
.* Option 'clustermq.scheduler' not set, defaulting to ‘SLURM’
--- see: https://mschubert.github.io/clustermq/articles/userguide.html#configuration
2020-02-12 15:54:49.127656 | eval'd: drake::cmq_buildtargetmetadepsspecht_is_subtargetconfig
2020-02-12 15:54:58.295039 | > DO_CALL (4.747s wait)
.2020-02-12 15:55:48.651874 | eval'd: drake::cmq_buildtargetmetadepsspecht_is_subtargetconfig
2020-02-12 15:55:57.527041 | > DO_CALL (4.690s wait)
.2020-02-12 15:56:08.466258 | eval'd: drake::cmq_buildtargetmetadepsspecht_is_subtargetconfig
2020-02-12 15:56:16.587417 | > DO_CALL (4.628s wait)
.2020-02-12 15:56:41.838137 | eval'd: drake::cmq_buildtargetmetadepsspecht_is_subtargetconfig
2020-02-12 15:56:50.990861 | > DO_CALL (4.701s wait)
.2020-02-12 15:57:17.291245 | eval'd: drake::cmq_buildtargetmetadepsspecht_is_subtargetconfig
2020-02-12 15:57:29.475108 | > DO_CALL (5.278s wait)
.2020-02-12 16:00:15.683377 | eval'd: drake::cmq_buildtargetmetadepsspecht_is_subtargetconfig
2020-02-12 16:00:24.418744 | > DO_CALL (5.511s wait)
.2020-02-12 16:02:24.441255 | eval'd: drake::cmq_buildtargetmetadepsspecht_is_subtargetconfig
2020-02-12 16:02:35.656897 | > DO_CALL (5.396s wait)
.2020-02-12 16:05:50.508080 | eval'd: drake::cmq_buildtargetmetadepsspecht_is_subtargetconfig
2020-02-12 16:06:00.880959 | > DO_CALL (5.435s wait)
.2020-02-12 16:18:24.535182 | eval'd: drake::cmq_buildtargetmetadepsspecht_is_subtargetconfig
2020-02-12 16:18:25.561048 | > DO_CALL (0.072s wait)
.2020-02-12 16:18:26.037511 | eval'd: drake::cmq_buildtargetmetadepsspecht_is_subtargetconfig
2020-02-12 16:18:26.108314 | > DO_CALL (0.001s wait)
.2020-02-12 16:18:26.113704 | eval'd: drake::cmq_buildtargetmetadepsspecht_is_subtargetconfig
2020-02-12 16:18:26.356312 | > DO_CALL (0.001s wait)
.2020-02-12 16:18:26.359253 | eval'd: drake::cmq_buildtargetmetadepsspecht_is_subtargetconfig
2020-02-12 16:18:26.389556 | > WORKER_WAIT (0.000s wait)
2020-02-12 16:18:26.389886 | waiting 0.75s
2020-02-12 16:18:27.142087 | > WORKER_WAIT (0.000s wait)
2020-02-12 16:18:27.142503 | waiting 0.75s
2020-02-12 16:18:27.894552 | > WORKER_WAIT (0.000s wait)
2020-02-12 16:18:27.894990 | waiting 0.75s
2020-02-12 16:18:28.647078 | > WORKER_WAIT (0.000s wait)
2020-02-12 16:18:28.647487 | waiting 0.75s
2020-02-12 16:18:29.399607 | > WORKER_WAIT (0.000s wait)
2020-02-12 16:18:29.400029 | waiting 0.75s
2020-02-12 16:18:30.152089 | > WORKER_WAIT (0.000s wait)
2020-02-12 16:18:30.152518 | waiting 0.75s
2020-02-12 16:18:30.904665 | > WORKER_WAIT (0.000s wait)
2020-02-12 16:18:30.905081 | waiting 0.75s
2020-02-12 16:18:31.657054 | > WORKER_WAIT (0.000s wait)
2020-02-12 16:18:31.657469 | waiting 0.75s
2020-02-12 16:18:32.409485 | > WORKER_WAIT (0.000s wait)
2020-02-12 16:18:32.409893 | waiting 0.75s
2020-02-12 16:18:33.161877 | > WORKER_WAIT (0.001s wait)
2020-02-12 16:18:33.162324 | waiting 0.75s
2020-02-12 16:18:33.914428 | > WORKER_WAIT (0.000s wait)
2020-02-12 16:18:33.914826 | waiting 0.75s
2020-02-12 16:18:34.666903 | > WORKER_WAIT (0.001s wait)
2020-02-12 16:18:34.667339 | waiting 0.75s
2020-02-12 16:18:35.419395 | > WORKER_WAIT (0.000s wait)
2020-02-12 16:18:35.419828 | waiting 0.75s
2020-02-12 16:18:36.171978 | > WORKER_WAIT (0.000s wait)
2020-02-12 16:18:36.172394 | waiting 0.75s
2020-02-12 16:18:36.924446 | > WORKER_WAIT (0.000s wait)
2020-02-12 16:18:36.924870 | waiting 0.75s
2020-02-12 16:18:37.677055 | > WORKER_WAIT (0.000s wait)
2020-02-12 16:18:37.677469 | waiting 0.75s
2020-02-12 16:18:38.429587 | > WORKER_WAIT (0.000s wait)
2020-02-12 16:18:38.430007 | waiting 0.75s
2020-02-12 16:18:39.182094 | > WORKER_WAIT (0.000s wait)
2020-02-12 16:18:39.182517 | waiting 0.75s
2020-02-12 16:18:39.934688 | > WORKER_WAIT (0.000s wait)
2020-02-12 16:18:39.935136 | waiting 0.75s
2020-02-12 16:18:40.686985 | > WORKER_WAIT (0.000s wait)
2020-02-12 16:18:40.687475 | waiting 0.75s
2020-02-12 16:18:41.439053 | > WORKER_WAIT (0.000s wait)
2020-02-12 16:18:41.439480 | waiting 0.75s
2020-02-12 16:18:42.190961 | > WORKER_WAIT (0.000s wait)
2020-02-12 16:18:42.191400 | waiting 0.75s
2020-02-12 16:18:42.943120 | > WORKER_WAIT (0.000s wait)
2020-02-12 16:18:42.943590 | waiting 0.75s
2020-02-12 16:18:43.694919 | > WORKER_WAIT (0.001s wait)
2020-02-12 16:18:43.695358 | waiting 0.75s
2020-02-12 16:18:44.447026 | > WORKER_WAIT (0.000s wait)
2020-02-12 16:18:44.447453 | waiting 0.75s
2020-02-12 16:18:45.198984 | > WORKER_WAIT (0.000s wait)
2020-02-12 16:18:45.199436 | waiting 0.75s
2020-02-12 16:18:45.951004 | > WORKER_WAIT (0.000s wait)
2020-02-12 16:18:45.951472 | waiting 0.75s
2020-02-12 16:18:46.702920 | > WORKER_WAIT (0.000s wait)
2020-02-12 16:18:46.703396 | waiting 0.75s
2020-02-12 16:18:47.454972 | > WORKER_WAIT (0.000s wait)
2020-02-12 16:18:47.455409 | waiting 0.75s
2020-02-12 16:18:48.206906 | > WORKER_WAIT (0.001s wait)
2020-02-12 16:18:48.207345 | waiting 0.75s
2020-02-12 16:18:48.959324 | > WORKER_WAIT (0.000s wait)
2020-02-12 16:18:48.959809 | waiting 0.75s
2020-02-12 16:18:49.711810 | > WORKER_WAIT (0.000s wait)
2020-02-12 16:18:49.712301 | waiting 0.75s
2020-02-12 16:18:50.464272 | > WORKER_WAIT (0.000s wait)
2020-02-12 16:18:50.464746 | waiting 0.75s
2020-02-12 16:18:51.216784 | > WORKER_WAIT (0.000s wait)
2020-02-12 16:18:51.217296 | waiting 0.75s
2020-02-12 16:18:51.969321 | > WORKER_WAIT (0.000s wait)
2020-02-12 16:18:51.969792 | waiting 0.75s
2020-02-12 16:18:52.721788 | > WORKER_WAIT (0.000s wait)
2020-02-12 16:18:52.722267 | waiting 0.75s
2020-02-12 16:18:53.474269 | > WORKER_WAIT (0.000s wait)
2020-02-12 16:18:53.474740 | waiting 0.75s
2020-02-12 16:18:54.226770 | > WORKER_WAIT (0.000s wait)
2020-02-12 16:18:54.227288 | waiting 0.75s
2020-02-12 16:18:54.979281 | > WORKER_WAIT (0.000s wait)
2020-02-12 16:18:54.979758 | waiting 0.75s
2020-02-12 16:18:55.731772 | > WORKER_WAIT (0.000s wait)
2020-02-12 16:18:55.732265 | waiting 0.75s
2020-02-12 16:18:56.484248 | > WORKER_WAIT (0.000s wait)
2020-02-12 16:18:56.484728 | waiting 0.75s
2020-02-12 16:18:57.236723 | > WORKER_WAIT (0.000s wait)
2020-02-12 16:18:57.237240 | waiting 0.75s
2020-02-12 16:18:57.989180 | > WORKER_WAIT (0.000s wait)
2020-02-12 16:18:57.989598 | waiting 0.75s
2020-02-12 16:18:58.741497 | > WORKER_WAIT (0.000s wait)
2020-02-12 16:18:58.741880 | waiting 0.75s
2020-02-12 16:18:59.493814 | > WORKER_WAIT (0.000s wait)
2020-02-12 16:18:59.494250 | waiting 0.75s
2020-02-12 16:19:00.246198 | > WORKER_WAIT (0.000s wait)
2020-02-12 16:19:00.246628 | waiting 0.75s
2020-02-12 16:19:00.998729 | > WORKER_WAIT (0.000s wait)
2020-02-12 16:19:00.999184 | waiting 0.75s
2020-02-12 16:19:01.751322 | > WORKER_WAIT (0.000s wait)
2020-02-12 16:19:01.751738 | waiting 0.75s
2020-02-12 16:19:02.504068 | > WORKER_WAIT (0.000s wait)
2020-02-12 16:19:02.504505 | waiting 0.75s
2020-02-12 16:19:03.256587 | > WORKER_WAIT (0.000s wait)
2020-02-12 16:19:03.257050 | waiting 0.75s
2020-02-12 16:19:04.009150 | > WORKER_WAIT (0.000s wait)
2020-02-12 16:19:04.009600 | waiting 0.75s
2020-02-12 16:19:04.760893 | > WORKER_WAIT (0.001s wait)
2020-02-12 16:19:04.761331 | waiting 0.75s
2020-02-12 16:19:05.512962 | > WORKER_WAIT (0.001s wait)
2020-02-12 16:19:05.513391 | waiting 0.75s
2020-02-12 16:19:06.265388 | > WORKER_WAIT (0.000s wait)
2020-02-12 16:19:06.265818 | waiting 0.75s
2020-02-12 16:19:07.017808 | > WORKER_WAIT (0.000s wait)
2020-02-12 16:19:07.018226 | waiting 0.75s
2020-02-12 16:19:07.770169 | > WORKER_WAIT (0.000s wait)
2020-02-12 16:19:07.770574 | waiting 0.75s
2020-02-12 16:19:08.521876 | > WORKER_WAIT (0.001s wait)
2020-02-12 16:19:08.522316 | waiting 0.75s
2020-02-12 16:19:09.274297 | > WORKER_WAIT (0.000s wait)
2020-02-12 16:19:09.274710 | waiting 0.75s
2020-02-12 16:19:10.026686 | > WORKER_WAIT (0.000s wait)
2020-02-12 16:19:10.027092 | waiting 0.75s
2020-02-12 16:19:10.779101 | > WORKER_WAIT (0.000s wait)
2020-02-12 16:19:10.779526 | waiting 0.75s
2020-02-12 16:19:11.531470 | > WORKER_WAIT (0.000s wait)
2020-02-12 16:19:11.531903 | waiting 0.75s
2020-02-12 16:19:12.283869 | > WORKER_WAIT (0.001s wait)
2020-02-12 16:19:12.284323 | waiting 0.75s
2020-02-12 16:19:13.036221 | > WORKER_WAIT (0.000s wait)
2020-02-12 16:19:13.036620 | waiting 0.75s
2020-02-12 16:19:13.788119 | > WORKER_WAIT (0.000s wait)
2020-02-12 16:19:13.788501 | waiting 0.75s
2020-02-12 16:19:14.540402 | > WORKER_WAIT (0.000s wait)
2020-02-12 16:19:14.540787 | waiting 0.75s
2020-02-12 16:19:15.593457 | > WORKER_WAIT (0.000s wait)
2020-02-12 16:19:15.593870 | waiting 0.75s
2020-02-12 16:19:16.346601 | > WORKER_WAIT (0.000s wait)
2020-02-12 16:19:16.347052 | waiting 0.75s
2020-02-12 16:19:17.099811 | > WORKER_WAIT (0.000s wait)
2020-02-12 16:19:17.100213 | waiting 0.75s
2020-02-12 16:19:17.853071 | > WORKER_WAIT (0.000s wait)
2020-02-12 16:19:17.853492 | waiting 0.75s
2020-02-12 16:19:18.606295 | > WORKER_WAIT (0.000s wait)
2020-02-12 16:19:18.606729 | waiting 0.75s
2020-02-12 16:19:19.359565 | > WORKER_WAIT (0.000s wait)
2020-02-12 16:19:19.359987 | waiting 0.75s
2020-02-12 16:19:20.112773 | > WORKER_WAIT (0.000s wait)
2020-02-12 16:19:20.113230 | waiting 0.75s
2020-02-12 16:19:20.866015 | > WORKER_WAIT (0.000s wait)
2020-02-12 16:19:20.866417 | waiting 0.75s
2020-02-12 16:19:21.619199 | > WORKER_WAIT (0.000s wait)
2020-02-12 16:19:21.619644 | waiting 0.75s
2020-02-12 16:19:22.372433 | > WORKER_WAIT (0.000s wait)
2020-02-12 16:19:22.372866 | waiting 0.75s
2020-02-12 16:19:23.125733 | > WORKER_WAIT (0.000s wait)
2020-02-12 16:19:23.126187 | waiting 0.75s
2020-02-12 16:19:23.879024 | > WORKER_WAIT (0.000s wait)
2020-02-12 16:19:23.879463 | waiting 0.75s
2020-02-12 16:19:24.632306 | > WORKER_WAIT (0.000s wait)
2020-02-12 16:19:24.632739 | waiting 0.75s
2020-02-12 16:19:25.385611 | > WORKER_WAIT (0.000s wait)
2020-02-12 16:19:25.386042 | waiting 0.75s
2020-02-12 16:19:26.138814 | > WORKER_WAIT (0.000s wait)
2020-02-12 16:19:26.139293 | waiting 0.75s
2020-02-12 16:19:26.892069 | > WORKER_WAIT (0.000s wait)
2020-02-12 16:19:26.892489 | waiting 0.75s
2020-02-12 16:19:27.645311 | > WORKER_WAIT (0.000s wait)
2020-02-12 16:19:27.645727 | waiting 0.75s
2020-02-12 16:19:28.398550 | > WORKER_WAIT (0.000s wait)
2020-02-12 16:19:28.398980 | waiting 0.75s
2020-02-12 16:19:29.151800 | > WORKER_WAIT (0.000s wait)
2020-02-12 16:19:29.152210 | waiting 0.75s
2020-02-12 16:19:29.905028 | > WORKER_WAIT (0.000s wait)
2020-02-12 16:19:29.905447 | waiting 0.75s
2020-02-12 16:19:30.658286 | > WORKER_WAIT (0.000s wait)
2020-02-12 16:19:30.658694 | waiting 0.75s
2020-02-12 16:19:31.411531 | > WORKER_WAIT (0.000s wait)
2020-02-12 16:19:31.411957 | waiting 0.75s
2020-02-12 16:19:32.164744 | > WORKER_WAIT (0.000s wait)
2020-02-12 16:19:32.165181 | waiting 0.75s
2020-02-12 16:19:32.917901 | > WORKER_WAIT (0.001s wait)
2020-02-12 16:19:32.918358 | waiting 0.75s
2020-02-12 16:19:33.671172 | > WORKER_WAIT (0.000s wait)
2020-02-12 16:19:33.671581 | waiting 0.75s
2020-02-12 16:19:34.424379 | > WORKER_WAIT (0.000s wait)
2020-02-12 16:19:34.424818 | waiting 0.75s
2020-02-12 16:19:35.177663 | > WORKER_WAIT (0.000s wait)
2020-02-12 16:19:35.178086 | waiting 0.75s
2020-02-12 16:19:35.930887 | > WORKER_WAIT (0.001s wait)
2020-02-12 16:19:35.931312 | waiting 0.75s
2020-02-12 16:19:36.684132 | > WORKER_WAIT (0.000s wait)
2020-02-12 16:19:36.684521 | waiting 0.75s
2020-02-12 16:19:37.437340 | > WORKER_WAIT (0.000s wait)
2020-02-12 16:19:37.437744 | waiting 0.75s
2020-02-12 16:19:38.190562 | > WORKER_WAIT (0.000s wait)
2020-02-12 16:19:38.193795 | waiting 0.75s
2020-02-12 16:19:38.947275 | > WORKER_WAIT (0.000s wait)
2020-02-12 16:19:38.947692 | waiting 0.75s
2020-02-12 16:19:39.700341 | > WORKER_WAIT (0.000s wait)
2020-02-12 16:19:39.700759 | waiting 0.75s
2020-02-12 16:19:40.453164 | > WORKER_WAIT (0.000s wait)
2020-02-12 16:19:40.453595 | waiting 0.75s
2020-02-12 16:19:41.206119 | > WORKER_WAIT (0.000s wait)
2020-02-12 16:19:41.206541 | waiting 0.75s
2020-02-12 16:19:41.959070 | > WORKER_WAIT (0.000s wait)
2020-02-12 16:19:41.959485 | waiting 0.75s
2020-02-12 16:19:42.712043 | > WORKER_WAIT (0.000s wait)
2020-02-12 16:19:42.712512 | waiting 0.75s
2020-02-12 16:19:43.465029 | > WORKER_WAIT (0.000s wait)
2020-02-12 16:19:43.465418 | waiting 0.75s
2020-02-12 16:19:44.217944 | > WORKER_WAIT (0.000s wait)
2020-02-12 16:19:44.218350 | waiting 0.75s
2020-02-12 16:19:44.970880 | > WORKER_WAIT (0.001s wait)
2020-02-12 16:19:44.971281 | waiting 0.75s
2020-02-12 16:19:45.723843 | > WORKER_WAIT (0.000s wait)
2020-02-12 16:19:45.724237 | waiting 0.75s
2020-02-12 16:19:46.476785 | > WORKER_WAIT (0.000s wait)
2020-02-12 16:19:46.477254 | waiting 0.75s
2020-02-12 16:19:47.229501 | > WORKER_WAIT (0.000s wait)
2020-02-12 16:19:47.229905 | waiting 0.75s
2020-02-12 16:19:47.981950 | > WORKER_WAIT (0.000s wait)
2020-02-12 16:19:47.982347 | waiting 0.75s
2020-02-12 16:19:48.734358 | > WORKER_WAIT (0.000s wait)
2020-02-12 16:19:48.734762 | waiting 0.75s
2020-02-12 16:19:49.486665 | > WORKER_WAIT (0.000s wait)
2020-02-12 16:19:49.487096 | waiting 0.75s
2020-02-12 16:19:50.239252 | > WORKER_WAIT (0.000s wait)
2020-02-12 16:19:50.239660 | waiting 0.75s
2020-02-12 16:19:50.991424 | > WORKER_WAIT (0.000s wait)
2020-02-12 16:19:50.991832 | waiting 0.75s
2020-02-12 16:19:51.744107 | > WORKER_WAIT (0.000s wait)
2020-02-12 16:19:51.744521 | waiting 0.75s
2020-02-12 16:19:52.496736 | > WORKER_WAIT (0.000s wait)
2020-02-12 16:19:52.497195 | waiting 0.75s
2020-02-12 16:19:53.249455 | > WORKER_WAIT (0.000s wait)
2020-02-12 16:19:53.249869 | waiting 0.75s
2020-02-12 16:19:54.002139 | > WORKER_WAIT (0.000s wait)
2020-02-12 16:19:54.002578 | waiting 0.75s
2020-02-12 16:19:54.754827 | > WORKER_WAIT (0.000s wait)
2020-02-12 16:19:54.755314 | waiting 0.75s
2020-02-12 16:19:55.507535 | > WORKER_WAIT (0.000s wait)
2020-02-12 16:19:55.508011 | waiting 0.75s
2020-02-12 16:19:56.260153 | > WORKER_WAIT (0.000s wait)
2020-02-12 16:19:56.260579 | waiting 0.75s
2020-02-12 16:19:57.012711 | > WORKER_WAIT (0.000s wait)
2020-02-12 16:19:57.013152 | waiting 0.75s
2020-02-12 16:19:57.765572 | > WORKER_WAIT (0.000s wait)
2020-02-12 16:19:57.766032 | waiting 0.75s
2020-02-12 16:19:58.518407 | > WORKER_WAIT (0.000s wait)
2020-02-12 16:19:58.518817 | waiting 0.75s
2020-02-12 16:19:59.271185 | > WORKER_WAIT (0.000s wait)
2020-02-12 16:19:59.271596 | waiting 0.75s
2020-02-12 16:20:00.023987 | > WORKER_WAIT (0.000s wait)
2020-02-12 16:20:00.024423 | waiting 0.75s
2020-02-12 16:20:00.776637 | > WORKER_WAIT (0.000s wait)
2020-02-12 16:20:00.777085 | waiting 0.75s
2020-02-12 16:20:01.529462 | > WORKER_WAIT (0.000s wait)
2020-02-12 16:20:01.529907 | waiting 0.75s
2020-02-12 16:20:02.282040 | > WORKER_WAIT (0.000s wait)
2020-02-12 16:20:02.282476 | waiting 0.75s
2020-02-12 16:20:03.034510 | > WORKER_WAIT (0.000s wait)
2020-02-12 16:20:03.034980 | waiting 0.75s
2020-02-12 16:20:03.786981 | > WORKER_WAIT (0.000s wait)
2020-02-12 16:20:03.787414 | waiting 0.75s
2020-02-12 16:20:04.539790 | > WORKER_WAIT (0.000s wait)
2020-02-12 16:20:04.540284 | waiting 0.75s
2020-02-12 16:20:05.292645 | > WORKER_WAIT (0.000s wait)
2020-02-12 16:20:05.293093 | waiting 0.75s
2020-02-12 16:20:06.045111 | > WORKER_WAIT (0.000s wait)
2020-02-12 16:20:06.045577 | waiting 0.75s
2020-02-12 16:20:06.798053 | > WORKER_WAIT (0.000s wait)
2020-02-12 16:20:06.798516 | waiting 0.75s
2020-02-12 16:20:07.550788 | > WORKER_WAIT (0.000s wait)
2020-02-12 16:20:07.551297 | waiting 0.75s
2020-02-12 16:20:08.303267 | > WORKER_WAIT (0.000s wait)
2020-02-12 16:20:08.303704 | waiting 0.75s
2020-02-12 16:20:09.055627 | > WORKER_WAIT (0.000s wait)
2020-02-12 16:20:09.056066 | waiting 0.75s
2020-02-12 16:20:09.807856 | > WORKER_WAIT (0.001s wait)
2020-02-12 16:20:09.808268 | waiting 0.75s
2020-02-12 16:20:10.560296 | > WORKER_WAIT (0.000s wait)
2020-02-12 16:20:10.560701 | waiting 0.75s
2020-02-12 16:20:11.313011 | > WORKER_WAIT (0.000s wait)
2020-02-12 16:20:11.313430 | waiting 0.75s
2020-02-12 16:20:12.065732 | > WORKER_WAIT (0.000s wait)
2020-02-12 16:20:12.066147 | waiting 0.75s
2020-02-12 16:20:12.818479 | > WORKER_WAIT (0.000s wait)
2020-02-12 16:20:12.818978 | waiting 0.75s
2020-02-12 16:20:13.571190 | > WORKER_WAIT (0.000s wait)
2020-02-12 16:20:13.571616 | waiting 0.75s
2020-02-12 16:20:14.324190 | > WORKER_WAIT (0.000s wait)
2020-02-12 16:20:14.324599 | waiting 0.75s
2020-02-12 16:20:15.076647 | > WORKER_WAIT (0.000s wait)
2020-02-12 16:20:15.077062 | waiting 0.75s
2020-02-12 16:20:15.829329 | > WORKER_WAIT (0.000s wait)
2020-02-12 16:20:15.829730 | waiting 0.75s
2020-02-12 16:20:16.582081 | > WORKER_WAIT (0.000s wait)
2020-02-12 16:20:16.582494 | waiting 0.75s
2020-02-12 16:20:17.334742 | > WORKER_WAIT (0.000s wait)
2020-02-12 16:20:17.335176 | waiting 0.75s
2020-02-12 16:20:18.087430 | > WORKER_WAIT (0.000s wait)
2020-02-12 16:20:18.087830 | waiting 0.75s
2020-02-12 16:20:18.840163 | > WORKER_WAIT (0.000s wait)
2020-02-12 16:20:18.840597 | waiting 0.75s
2020-02-12 16:20:19.592871 | > WORKER_WAIT (0.001s wait)
2020-02-12 16:20:19.593328 | waiting 0.75s
2020-02-12 16:20:20.345580 | > WORKER_WAIT (0.000s wait)
2020-02-12 16:20:20.346010 | waiting 0.75s
2020-02-12 16:20:21.098352 | > WORKER_WAIT (0.000s wait)
2020-02-12 16:20:21.098778 | waiting 0.75s
2020-02-12 16:20:21.851073 | > WORKER_WAIT (0.000s wait)
2020-02-12 16:20:21.851481 | waiting 0.75s
2020-02-12 16:20:22.603830 | > WORKER_WAIT (0.000s wait)
2020-02-12 16:20:22.604242 | waiting 0.75s
2020-02-12 16:20:23.356578 | > WORKER_WAIT (0.000s wait)
2020-02-12 16:20:23.357008 | waiting 0.75s
2020-02-12 16:20:24.109215 | > WORKER_WAIT (0.000s wait)
2020-02-12 16:20:24.109668 | waiting 0.75s
2020-02-12 16:20:24.861464 | > WORKER_WAIT (0.000s wait)
2020-02-12 16:20:24.861896 | waiting 0.75s
2020-02-12 16:20:25.614281 | > WORKER_WAIT (0.000s wait)
2020-02-12 16:20:25.614682 | waiting 0.75s
2020-02-12 16:20:26.367265 | > WORKER_WAIT (0.000s wait)
2020-02-12 16:20:26.367687 | waiting 0.75s
2020-02-12 16:20:27.119649 | > WORKER_WAIT (0.000s wait)
2020-02-12 16:20:27.120081 | waiting 0.75s
2020-02-12 16:20:27.872656 | > WORKER_WAIT (0.000s wait)
2020-02-12 16:20:27.873085 | waiting 0.75s
2020-02-12 16:20:28.625029 | > WORKER_WAIT (0.000s wait)
2020-02-12 16:20:28.625453 | waiting 0.75s
2020-02-12 16:20:29.377615 | > WORKER_WAIT (0.000s wait)
2020-02-12 16:20:29.378072 | waiting 0.75s
2020-02-12 16:20:30.130209 | > WORKER_WAIT (0.000s wait)
2020-02-12 16:20:30.130600 | waiting 0.75s
2020-02-12 16:20:30.882801 | > WORKER_WAIT (0.000s wait)
2020-02-12 16:20:30.883213 | waiting 0.75s
2020-02-12 16:20:31.635438 | > WORKER_WAIT (0.000s wait)
2020-02-12 16:20:31.635824 | waiting 0.75s
2020-02-12 16:20:32.388096 | > WORKER_WAIT (0.000s wait)
2020-02-12 16:20:32.388493 | waiting 0.75s
2020-02-12 16:20:33.141102 | > WORKER_WAIT (0.000s wait)
2020-02-12 16:20:33.141513 | waiting 0.75s
2020-02-12 16:20:33.893815 | > WORKER_WAIT (0.000s wait)
2020-02-12 16:20:33.894213 | waiting 0.75s
2020-02-12 16:20:34.646182 | > WORKER_WAIT (0.000s wait)
2020-02-12 16:20:34.646626 | waiting 0.75s
2020-02-12 16:20:35.399155 | > WORKER_WAIT (0.000s wait)
2020-02-12 16:20:35.399549 | waiting 0.75s
2020-02-12 16:20:36.151508 | > WORKER_WAIT (0.000s wait)
2020-02-12 16:20:36.151897 | waiting 0.75s
2020-02-12 16:20:36.904095 | > WORKER_WAIT (0.000s wait)
2020-02-12 16:20:36.904516 | waiting 0.75s
2020-02-12 16:20:37.656729 | > WORKER_WAIT (0.000s wait)
2020-02-12 16:20:37.657162 | waiting 0.75s
2020-02-12 16:20:38.409653 | > WORKER_WAIT (0.000s wait)
2020-02-12 16:20:38.411590 | waiting 0.75s
2020-02-12 16:20:39.163826 | > WORKER_WAIT (0.000s wait)
2020-02-12 16:20:39.164253 | waiting 0.75s
2020-02-12 16:20:39.916386 | > WORKER_WAIT (0.000s wait)
2020-02-12 16:20:39.916809 | waiting 0.75s
2020-02-12 16:20:40.669144 | > WORKER_WAIT (0.000s wait)
2020-02-12 16:20:40.669583 | waiting 0.75s
2020-02-12 16:20:41.421803 | > WORKER_WAIT (0.000s wait)
2020-02-12 16:20:41.422235 | waiting 0.75s
2020-02-12 16:20:42.174495 | > WORKER_WAIT (0.000s wait)
2020-02-12 16:20:42.174913 | waiting 0.75s
2020-02-12 16:20:42.927213 | > WORKER_WAIT (0.000s wait)
2020-02-12 16:20:42.927613 | waiting 0.75s
2020-02-12 16:20:43.679864 | > WORKER_WAIT (0.001s wait)
2020-02-12 16:20:43.680292 | waiting 0.75s
2020-02-12 16:20:44.432549 | > WORKER_WAIT (0.000s wait)
2020-02-12 16:20:44.432979 | waiting 0.75s
2020-02-12 16:20:45.185122 | > WORKER_WAIT (0.000s wait)
2020-02-12 16:20:45.185559 | waiting 0.75s
2020-02-12 16:20:45.937688 | > WORKER_WAIT (0.000s wait)
2020-02-12 16:20:45.938131 | waiting 0.75s
2020-02-12 16:20:46.690293 | > WORKER_WAIT (0.000s wait)
2020-02-12 16:20:46.690707 | waiting 0.75s
2020-02-12 16:20:47.442943 | > WORKER_WAIT (0.000s wait)
2020-02-12 16:20:47.443343 | waiting 0.75s
2020-02-12 16:20:48.195659 | > WORKER_WAIT (0.000s wait)
2020-02-12 16:20:48.196085 | waiting 0.75s
2020-02-12 16:20:48.948353 | > WORKER_WAIT (0.000s wait)
2020-02-12 16:20:48.948779 | waiting 0.75s
2020-02-12 16:20:49.700978 | > WORKER_WAIT (0.000s wait)
2020-02-12 16:20:49.701404 | waiting 0.75s
2020-02-12 16:20:50.453536 | > WORKER_WAIT (0.000s wait)
2020-02-12 16:20:50.454003 | waiting 0.75s
2020-02-12 16:20:51.206145 | > WORKER_WAIT (0.000s wait)
2020-02-12 16:20:51.206585 | waiting 0.75s
2020-02-12 16:20:51.958728 | > WORKER_WAIT (0.000s wait)
2020-02-12 16:20:51.959165 | waiting 0.75s
2020-02-12 16:20:52.711436 | > WORKER_WAIT (0.000s wait)
2020-02-12 16:20:52.711881 | waiting 0.75s
2020-02-12 16:20:53.464125 | > WORKER_WAIT (0.000s wait)
2020-02-12 16:20:53.464568 | waiting 0.75s
2020-02-12 16:20:54.216821 | > WORKER_WAIT (0.000s wait)
2020-02-12 16:20:54.217254 | waiting 0.75s
2020-02-12 16:20:54.970109 | > WORKER_WAIT (0.000s wait)
2020-02-12 16:20:54.970526 | waiting 0.75s
2020-02-12 16:20:55.723028 | > WORKER_WAIT (0.000s wait)
2020-02-12 16:20:55.723471 | waiting 0.75s
2020-02-12 16:20:56.475142 | > WORKER_WAIT (0.000s wait)
2020-02-12 16:20:56.475558 | waiting 0.75s
2020-02-12 16:20:57.227088 | > WORKER_WAIT (0.000s wait)
2020-02-12 16:20:57.227506 | waiting 0.75s
2020-02-12 16:20:57.979556 | > WORKER_WAIT (0.000s wait)
2020-02-12 16:20:57.980012 | waiting 0.75s
2020-02-12 16:20:58.732265 | > WORKER_WAIT (0.000s wait)
2020-02-12 16:20:58.732703 | waiting 0.75s
2020-02-12 16:20:59.484887 | > WORKER_WAIT (0.001s wait)
2020-02-12 16:20:59.485304 | waiting 0.75s
2020-02-12 16:21:00.237159 | > WORKER_WAIT (0.000s wait)
2020-02-12 16:21:00.237582 | waiting 0.75s
2020-02-12 16:21:00.989780 | > WORKER_WAIT (0.000s wait)
2020-02-12 16:21:00.990242 | waiting 0.75s
2020-02-12 16:21:01.742781 | > WORKER_WAIT (0.000s wait)
2020-02-12 16:21:01.743242 | waiting 0.75s
2020-02-12 16:21:02.495778 | > WORKER_WAIT (0.000s wait)
2020-02-12 16:21:02.496240 | waiting 0.75s
2020-02-12 16:21:03.248450 | > WORKER_WAIT (0.000s wait)
2020-02-12 16:21:03.248887 | waiting 0.75s
2020-02-12 16:21:04.001161 | > WORKER_WAIT (0.000s wait)
2020-02-12 16:21:04.001616 | waiting 0.75s
2020-02-12 16:21:04.753793 | > WORKER_WAIT (0.000s wait)
2020-02-12 16:21:04.754246 | waiting 0.75s
2020-02-12 16:21:05.506336 | > WORKER_WAIT (0.000s wait)
2020-02-12 16:21:05.506796 | waiting 0.75s
2020-02-12 16:21:06.259035 | > WORKER_WAIT (0.000s wait)
2020-02-12 16:21:06.259471 | waiting 0.75s
2020-02-12 16:21:07.011638 | > WORKER_WAIT (0.000s wait)
2020-02-12 16:21:07.012095 | waiting 0.75s
2020-02-12 16:21:07.764247 | > WORKER_WAIT (0.000s wait)
2020-02-12 16:21:07.764684 | waiting 0.75s
2020-02-12 16:21:08.515979 | > WORKER_WAIT (0.000s wait)
2020-02-12 16:21:08.516396 | waiting 0.75s
2020-02-12 16:21:09.268574 | > WORKER_WAIT (0.000s wait)
2020-02-12 16:21:09.269020 | waiting 0.75s
2020-02-12 16:21:10.021191 | > WORKER_WAIT (0.000s wait)
2020-02-12 16:21:10.021638 | waiting 0.75s
2020-02-12 16:21:10.773727 | > WORKER_WAIT (0.000s wait)
2020-02-12 16:21:10.774160 | waiting 0.75s
2020-02-12 16:21:11.526319 | > WORKER_WAIT (0.000s wait)
2020-02-12 16:21:11.526747 | waiting 0.75s
2020-02-12 16:21:12.278915 | > WORKER_WAIT (0.001s wait)
2020-02-12 16:21:12.279376 | waiting 0.75s
2020-02-12 16:21:13.031541 | > WORKER_WAIT (0.000s wait)
2020-02-12 16:21:13.031986 | waiting 0.75s
2020-02-12 16:21:13.783819 | > WORKER_WAIT (0.000s wait)
2020-02-12 16:21:13.784283 | waiting 0.75s
2020-02-12 16:21:14.536419 | > WORKER_WAIT (0.000s wait)
2020-02-12 16:21:14.536830 | waiting 0.75s
2020-02-12 16:21:15.289016 | > WORKER_WAIT (0.000s wait)
2020-02-12 16:21:15.289501 | waiting 0.75s
2020-02-12 16:21:16.041050 | > WORKER_WAIT (0.000s wait)
2020-02-12 16:21:16.041465 | waiting 0.75s
2020-02-12 16:21:16.793632 | > WORKER_WAIT (0.000s wait)
2020-02-12 16:21:16.794057 | waiting 0.75s
2020-02-12 16:21:17.546205 | > WORKER_WAIT (0.000s wait)
2020-02-12 16:21:17.546636 | waiting 0.75s
2020-02-12 16:21:18.298688 | > WORKER_WAIT (0.000s wait)
2020-02-12 16:21:18.299127 | waiting 0.75s
2020-02-12 16:21:19.051163 | > WORKER_WAIT (0.000s wait)
2020-02-12 16:21:19.051624 | waiting 0.75s
2020-02-12 16:21:19.803837 | > WORKER_WAIT (0.000s wait)
2020-02-12 16:21:19.804297 | waiting 0.75s
2020-02-12 16:21:20.556480 | > WORKER_WAIT (0.000s wait)
2020-02-12 16:21:20.556952 | waiting 0.75s
2020-02-12 16:21:21.309133 | > WORKER_WAIT (0.000s wait)
2020-02-12 16:21:21.309561 | waiting 0.75s
2020-02-12 16:21:22.061745 | > WORKER_WAIT (0.000s wait)
2020-02-12 16:21:22.062224 | waiting 0.75s
2020-02-12 16:21:22.814405 | > WORKER_WAIT (0.000s wait)
2020-02-12 16:21:22.814846 | waiting 0.75s
2020-02-12 16:21:23.567052 | > WORKER_WAIT (0.000s wait)
2020-02-12 16:21:23.567496 | waiting 0.75s
2020-02-12 16:21:24.319675 | > WORKER_WAIT (0.000s wait)
2020-02-12 16:21:24.320153 | waiting 0.75s
2020-02-12 16:21:25.072263 | > WORKER_WAIT (0.000s wait)
2020-02-12 16:21:25.072724 | waiting 0.75s
2020-02-12 16:21:25.824917 | > WORKER_WAIT (0.000s wait)
2020-02-12 16:21:25.825373 | waiting 0.75s
2020-02-12 16:21:26.577425 | > WORKER_WAIT (0.000s wait)
2020-02-12 16:21:26.577863 | waiting 0.75s
2020-02-12 16:21:27.330032 | > WORKER_WAIT (0.000s wait)
2020-02-12 16:21:27.330473 | waiting 0.75s
2020-02-12 16:21:28.082100 | > WORKER_WAIT (0.000s wait)
2020-02-12 16:21:28.082549 | waiting 0.75s
2020-02-12 16:21:28.834654 | > WORKER_WAIT (0.000s wait)
2020-02-12 16:21:28.835115 | waiting 0.75s
2020-02-12 16:21:29.587069 | > WORKER_WAIT (0.000s wait)
2020-02-12 16:21:29.587515 | waiting 0.75s
2020-02-12 16:21:30.339696 | > WORKER_WAIT (0.000s wait)
2020-02-12 16:21:30.340161 | waiting 0.75s
2020-02-12 16:21:31.092155 | > WORKER_WAIT (0.000s wait)
2020-02-12 16:21:31.092577 | waiting 0.75s
2020-02-12 16:21:31.844761 | > WORKER_WAIT (0.000s wait)
2020-02-12 16:21:31.845208 | waiting 0.75s
2020-02-12 16:21:32.597305 | > WORKER_WAIT (0.000s wait)
2020-02-12 16:21:32.597769 | waiting 0.75s
2020-02-12 16:21:33.349998 | > WORKER_WAIT (0.000s wait)
2020-02-12 16:21:33.350449 | waiting 0.75s
2020-02-12 16:21:34.102648 | > WORKER_WAIT (0.000s wait)
2020-02-12 16:21:34.103111 | waiting 0.75s
2020-02-12 16:21:34.855220 | > WORKER_WAIT (0.000s wait)
2020-02-12 16:21:34.855679 | waiting 0.75s
2020-02-12 16:21:35.607887 | > WORKER_WAIT (0.001s wait)
2020-02-12 16:21:35.608360 | waiting 0.75s
2020-02-12 16:21:36.360512 | > WORKER_WAIT (0.000s wait)
2020-02-12 16:21:36.360966 | waiting 0.75s
2020-02-12 16:21:37.113159 | > WORKER_WAIT (0.000s wait)
2020-02-12 16:21:37.113581 | waiting 0.75s
2020-02-12 16:21:37.865707 | > WORKER_WAIT (0.000s wait)
2020-02-12 16:21:37.866172 | waiting 0.75s
2020-02-12 16:21:38.618342 | > WORKER_WAIT (0.000s wait)
2020-02-12 16:21:38.618793 | waiting 0.75s
2020-02-12 16:21:39.370950 | > WORKER_WAIT (0.000s wait)
2020-02-12 16:21:39.371404 | waiting 0.75s
2020-02-12 16:21:40.123636 | > WORKER_WAIT (0.000s wait)
2020-02-12 16:21:40.124114 | waiting 0.75s
2020-02-12 16:21:40.876307 | > WORKER_WAIT (0.000s wait)
2020-02-12 16:21:40.876759 | waiting 0.75s
2020-02-12 16:21:41.628892 | > WORKER_WAIT (0.001s wait)
2020-02-12 16:21:41.629349 | waiting 0.75s
2020-02-12 16:21:42.381533 | > WORKER_WAIT (0.000s wait)
2020-02-12 16:21:42.381992 | waiting 0.75s
2020-02-12 16:21:43.134082 | > WORKER_WAIT (0.000s wait)
2020-02-12 16:21:43.134543 | waiting 0.75s
2020-02-12 16:21:43.886756 | > WORKER_WAIT (0.000s wait)
2020-02-12 16:21:43.887207 | waiting 0.75s
2020-02-12 16:21:44.639300 | > WORKER_WAIT (0.000s wait)
2020-02-12 16:21:44.639780 | waiting 0.75s
2020-02-12 16:21:45.392018 | > WORKER_WAIT (0.000s wait)
2020-02-12 16:21:45.392475 | waiting 0.75s
2020-02-12 16:21:46.144700 | > WORKER_WAIT (0.000s wait)
2020-02-12 16:21:46.145187 | waiting 0.75s
2020-02-12 16:21:46.897367 | > WORKER_WAIT (0.000s wait)
2020-02-12 16:21:46.897811 | waiting 0.75s
2020-02-12 16:21:47.649990 | > WORKER_WAIT (0.000s wait)
2020-02-12 16:21:47.650408 | waiting 0.75s
2020-02-12 16:21:48.402465 | > WORKER_WAIT (0.000s wait)
2020-02-12 16:21:48.402872 | waiting 0.75s
2020-02-12 16:21:49.155074 | > WORKER_WAIT (0.000s wait)
2020-02-12 16:21:49.155490 | waiting 0.75s
2020-02-12 16:21:49.907647 | > WORKER_WAIT (0.000s wait)
2020-02-12 16:21:49.908108 | waiting 0.75s
2020-02-12 16:21:50.660290 | > WORKER_WAIT (0.000s wait)
2020-02-12 16:21:50.660720 | waiting 0.75s
2020-02-12 16:21:51.412796 | > WORKER_WAIT (0.000s wait)
2020-02-12 16:21:51.413233 | waiting 0.75s
2020-02-12 16:21:52.165365 | > WORKER_WAIT (0.000s wait)
2020-02-12 16:21:52.165807 | waiting 0.75s
2020-02-12 16:21:52.917819 | > WORKER_WAIT (0.000s wait)
2020-02-12 16:21:52.918246 | waiting 0.75s
2020-02-12 16:21:53.670408 | > WORKER_WAIT (0.000s wait)
2020-02-12 16:21:53.670809 | waiting 0.75s
2020-02-12 16:21:54.422915 | > WORKER_WAIT (0.001s wait)
2020-02-12 16:21:54.423370 | waiting 0.75s
2020-02-12 16:21:55.175322 | > WORKER_WAIT (0.000s wait)
2020-02-12 16:21:55.175738 | waiting 0.75s
2020-02-12 16:21:55.928116 | > WORKER_WAIT (0.000s wait)
2020-02-12 16:21:55.928542 | waiting 0.75s
2020-02-12 16:21:56.680878 | > WORKER_WAIT (0.001s wait)
2020-02-12 16:21:56.681322 | waiting 0.75s
2020-02-12 16:21:57.433721 | > WORKER_WAIT (0.000s wait)
2020-02-12 16:21:57.434158 | waiting 0.75s
2020-02-12 16:21:58.186448 | > WORKER_WAIT (0.000s wait)
2020-02-12 16:21:58.186883 | waiting 0.75s
2020-02-12 16:21:58.939275 | > WORKER_WAIT (0.000s wait)
2020-02-12 16:21:58.939691 | waiting 0.75s
2020-02-12 16:21:59.691575 | > WORKER_WAIT (0.000s wait)
2020-02-12 16:21:59.692004 | waiting 0.75s
2020-02-12 16:22:00.443837 | > WORKER_WAIT (0.000s wait)
2020-02-12 16:22:00.444296 | waiting 0.75s
2020-02-12 16:22:01.196137 | > WORKER_WAIT (0.000s wait)
2020-02-12 16:22:01.196587 | waiting 0.75s
2020-02-12 16:22:01.948415 | > WORKER_WAIT (0.000s wait)
2020-02-12 16:22:01.948832 | waiting 0.75s
2020-02-12 16:22:02.700945 | > WORKER_WAIT (0.000s wait)
2020-02-12 16:22:02.701390 | waiting 0.75s
2020-02-12 16:22:03.453469 | > WORKER_WAIT (0.000s wait)
2020-02-12 16:22:03.453914 | waiting 0.75s
2020-02-12 16:22:04.205818 | > WORKER_WAIT (0.000s wait)
2020-02-12 16:22:04.206248 | waiting 0.75s
2020-02-12 16:22:04.958364 | > WORKER_WAIT (0.000s wait)
2020-02-12 16:22:04.958809 | waiting 0.75s
2020-02-12 16:22:05.710686 | > WORKER_WAIT (0.000s wait)
2020-02-12 16:22:05.711130 | waiting 0.75s
2020-02-12 16:22:06.463118 | > WORKER_WAIT (0.000s wait)
2020-02-12 16:22:06.463533 | waiting 0.75s
2020-02-12 16:22:07.215452 | > WORKER_WAIT (0.000s wait)
2020-02-12 16:22:07.215877 | waiting 0.75s
2020-02-12 16:22:07.967966 | > WORKER_WAIT (0.000s wait)
2020-02-12 16:22:07.968394 | waiting 0.75s
2020-02-12 16:22:08.720423 | > WORKER_WAIT (0.000s wait)
2020-02-12 16:22:08.720871 | waiting 0.75s
2020-02-12 16:22:09.472800 | > WORKER_WAIT (0.000s wait)
2020-02-12 16:22:09.473233 | waiting 0.75s
2020-02-12 16:22:10.225300 | > WORKER_WAIT (0.000s wait)
2020-02-12 16:22:10.225745 | waiting 0.75s
2020-02-12 16:22:10.977635 | > WORKER_WAIT (0.000s wait)
2020-02-12 16:22:10.978064 | waiting 0.75s
2020-02-12 16:22:11.730129 | > WORKER_WAIT (0.000s wait)
2020-02-12 16:22:11.730577 | waiting 0.75s
2020-02-12 16:22:12.482425 | > WORKER_WAIT (0.000s wait)
2020-02-12 16:22:12.482871 | waiting 0.75s
2020-02-12 16:22:13.234773 | > WORKER_WAIT (0.000s wait)
2020-02-12 16:22:13.235236 | waiting 0.75s
2020-02-12 16:22:13.987082 | > WORKER_WAIT (0.000s wait)
2020-02-12 16:22:13.987501 | waiting 0.75s
2020-02-12 16:22:14.739202 | > WORKER_WAIT (0.000s wait)
2020-02-12 16:22:14.739628 | waiting 0.75s
2020-02-12 16:22:15.491453 | > WORKER_WAIT (0.000s wait)
2020-02-12 16:22:15.491882 | waiting 0.75s
2020-02-12 16:22:16.243818 | > WORKER_WAIT (0.000s wait)
2020-02-12 16:22:16.244265 | waiting 0.75s
2020-02-12 16:22:16.996168 | > WORKER_WAIT (0.000s wait)
2020-02-12 16:22:16.996639 | waiting 0.75s
2020-02-12 16:22:17.748534 | > WORKER_WAIT (0.000s wait)
2020-02-12 16:22:17.749003 | waiting 0.75s
2020-02-12 16:22:18.500909 | > WORKER_WAIT (0.001s wait)
2020-02-12 16:22:18.501383 | waiting 0.75s
2020-02-12 16:22:19.252727 | > WORKER_WAIT (0.000s wait)
2020-02-12 16:22:19.253155 | waiting 0.75s
2020-02-12 16:22:20.004815 | > WORKER_WAIT (0.000s wait)
2020-02-12 16:22:20.005268 | waiting 0.75s
2020-02-12 16:22:20.756768 | > WORKER_WAIT (0.000s wait)
2020-02-12 16:22:20.757202 | waiting 0.75s
2020-02-12 16:22:21.509093 | > WORKER_WAIT (0.000s wait)
2020-02-12 16:22:21.509540 | waiting 0.75s
2020-02-12 16:22:22.261430 | > WORKER_WAIT (0.000s wait)
2020-02-12 16:22:22.261873 | waiting 0.75s
2020-02-12 16:22:23.013795 | > WORKER_WAIT (0.000s wait)
2020-02-12 16:22:23.014256 | waiting 0.75s
2020-02-12 16:22:23.768723 | > WORKER_WAIT (0.000s wait)
2020-02-12 16:22:23.769181 | waiting 0.75s
2020-02-12 16:22:24.520799 | > WORKER_WAIT (0.000s wait)
2020-02-12 16:22:24.521228 | waiting 0.75s
2020-02-12 16:22:25.273171 | > WORKER_WAIT (0.000s wait)
2020-02-12 16:22:25.273617 | waiting 0.75s
2020-02-12 16:22:26.025525 | > WORKER_WAIT (0.000s wait)
2020-02-12 16:22:26.025958 | waiting 0.75s
2020-02-12 16:22:26.777874 | > WORKER_WAIT (0.001s wait)
2020-02-12 16:22:26.778332 | waiting 0.75s
2020-02-12 16:22:27.530258 | > WORKER_WAIT (0.000s wait)
2020-02-12 16:22:27.530681 | waiting 0.75s
2020-02-12 16:22:28.282584 | > WORKER_WAIT (0.000s wait)
2020-02-12 16:22:28.283025 | waiting 0.75s
2020-02-12 16:22:29.034951 | > WORKER_WAIT (0.000s wait)
2020-02-12 16:22:29.035398 | waiting 0.75s
2020-02-12 16:22:29.787325 | > WORKER_WAIT (0.000s wait)
2020-02-12 16:22:29.787765 | waiting 0.75s
2020-02-12 16:22:30.539687 | > WORKER_WAIT (0.000s wait)
2020-02-12 16:22:30.540117 | waiting 0.75s
2020-02-12 16:22:31.292049 | > WORKER_WAIT (0.000s wait)
2020-02-12 16:22:31.292501 | waiting 0.75s
2020-02-12 16:22:32.044415 | > WORKER_WAIT (0.000s wait)
2020-02-12 16:22:32.044830 | waiting 0.75s
2020-02-12 16:22:32.796752 | > WORKER_WAIT (0.000s wait)
2020-02-12 16:22:32.797210 | waiting 0.75s
2020-02-12 16:22:33.549179 | > WORKER_WAIT (0.000s wait)
2020-02-12 16:22:33.549627 | waiting 0.75s
2020-02-12 16:22:34.301530 | > WORKER_WAIT (0.000s wait)
2020-02-12 16:22:34.301983 | waiting 0.75s
2020-02-12 16:22:35.053865 | > WORKER_WAIT (0.001s wait)
2020-02-12 16:22:35.054339 | waiting 0.75s
2020-02-12 16:22:35.806250 | > WORKER_WAIT (0.000s wait)
2020-02-12 16:22:35.806698 | waiting 0.75s
2020-02-12 16:22:36.558634 | > WORKER_WAIT (0.000s wait)
2020-02-12 16:22:36.559091 | waiting 0.75s
2020-02-12 16:22:37.311022 | > WORKER_WAIT (0.000s wait)
2020-02-12 16:22:37.311440 | waiting 0.75s
2020-02-12 16:22:38.063333 | > WORKER_WAIT (0.000s wait)
2020-02-12 16:22:38.063735 | waiting 0.75s
2020-02-12 16:22:38.815716 | > WORKER_WAIT (0.000s wait)
2020-02-12 16:22:38.816155 | waiting 0.75s
2020-02-12 16:22:39.568123 | > WORKER_WAIT (0.000s wait)
2020-02-12 16:22:39.568550 | waiting 0.75s
2020-02-12 16:22:40.320454 | > WORKER_WAIT (0.000s wait)
2020-02-12 16:22:40.320896 | waiting 0.75s
2020-02-12 16:22:41.072822 | > WORKER_WAIT (0.000s wait)
2020-02-12 16:22:41.073283 | waiting 0.75s
2020-02-12 16:22:41.825195 | > WORKER_WAIT (0.000s wait)
2020-02-12 16:22:41.825627 | waiting 0.75s
2020-02-12 16:22:42.577577 | > WORKER_WAIT (0.000s wait)
2020-02-12 16:22:42.578040 | waiting 0.75s
2020-02-12 16:22:43.330008 | > WORKER_WAIT (0.000s wait)
2020-02-12 16:22:43.330458 | waiting 0.75s
2020-02-12 16:22:44.082432 | > WORKER_WAIT (0.000s wait)
2020-02-12 16:22:44.082875 | waiting 0.75s
2020-02-12 16:22:44.834817 | > WORKER_WAIT (0.000s wait)
2020-02-12 16:22:44.835276 | waiting 0.75s
2020-02-12 16:22:45.587218 | > WORKER_WAIT (0.000s wait)
2020-02-12 16:22:45.587662 | waiting 0.75s
2020-02-12 16:22:46.339579 | > WORKER_WAIT (0.000s wait)
2020-02-12 16:22:46.340019 | waiting 0.75s
2020-02-12 16:22:47.091952 | > WORKER_WAIT (0.000s wait)
2020-02-12 16:22:47.092393 | waiting 0.75s
2020-02-12 16:22:47.844296 | > WORKER_WAIT (0.000s wait)
2020-02-12 16:22:47.844768 | waiting 0.75s
2020-02-12 16:22:48.596714 | > WORKER_WAIT (0.000s wait)
2020-02-12 16:22:48.597173 | waiting 0.75s
2020-02-12 16:22:49.349092 | > WORKER_WAIT (0.000s wait)
2020-02-12 16:22:49.349534 | waiting 0.75s
2020-02-12 16:22:50.101444 | > WORKER_WAIT (0.000s wait)
2020-02-12 16:22:50.101890 | waiting 0.75s
2020-02-12 16:22:50.853822 | > WORKER_WAIT (0.000s wait)
2020-02-12 16:22:50.854280 | waiting 0.75s
2020-02-12 16:22:51.605775 | > WORKER_WAIT (0.000s wait)
2020-02-12 16:22:51.606195 | waiting 0.75s
2020-02-12 16:22:52.358065 | > WORKER_WAIT (0.000s wait)
2020-02-12 16:22:52.358503 | waiting 0.75s
2020-02-12 16:22:53.110409 | > WORKER_WAIT (0.000s wait)
2020-02-12 16:22:53.110826 | waiting 0.75s
2020-02-12 16:22:53.862748 | > WORKER_WAIT (0.000s wait)
2020-02-12 16:22:53.863190 | waiting 0.75s
2020-02-12 16:22:54.615054 | > WORKER_WAIT (0.000s wait)
2020-02-12 16:22:54.615476 | waiting 0.75s
2020-02-12 16:22:55.367467 | > WORKER_WAIT (0.000s wait)
2020-02-12 16:22:55.367885 | waiting 0.75s
2020-02-12 16:22:56.120379 | > WORKER_WAIT (0.000s wait)
2020-02-12 16:22:56.120820 | waiting 0.75s
2020-02-12 16:22:56.873229 | > WORKER_WAIT (0.000s wait)
2020-02-12 16:22:56.873657 | waiting 0.75s
2020-02-12 16:22:57.625602 | > WORKER_WAIT (0.000s wait)
2020-02-12 16:22:57.626046 | waiting 0.75s
2020-02-12 16:22:58.378211 | > WORKER_WAIT (0.000s wait)
2020-02-12 16:22:58.378633 | waiting 0.75s
2020-02-12 16:22:59.130530 | > WORKER_WAIT (0.000s wait)
2020-02-12 16:22:59.130983 | waiting 0.75s
2020-02-12 16:22:59.883074 | > WORKER_WAIT (0.000s wait)
2020-02-12 16:22:59.883529 | waiting 0.75s
2020-02-12 16:23:00.635330 | > WORKER_WAIT (0.000s wait)
2020-02-12 16:23:00.635774 | waiting 0.75s
2020-02-12 16:23:01.387604 | > WORKER_WAIT (0.000s wait)
2020-02-12 16:23:01.388053 | waiting 0.75s
2020-02-12 16:23:02.139918 | > WORKER_WAIT (0.000s wait)
2020-02-12 16:23:02.140364 | waiting 0.75s
2020-02-12 16:23:02.892336 | > WORKER_WAIT (0.000s wait)
2020-02-12 16:23:02.892788 | waiting 0.75s
2020-02-12 16:23:03.722569 | > WORKER_WAIT (0.000s wait)
2020-02-12 16:23:03.723021 | waiting 0.75s
Error in clustermq:::worker("tcp://c28a-s7:7632") : 
  Timeout reached, terminating
Execution halted
