2019-11-12 16:44:41.155467 | Master: tcp://c32a-s27:6496
2019-11-12 16:44:41.411458 | WORKER_UP to: tcp://c32a-s27:6496
2019-11-12 16:45:11.682698 | > DO_SETUP (17.791s wait)
2019-11-12 16:45:11.683144 | token from msg: set_common_data_token
2019-11-12 16:45:50.718425 | > DO_CALL (10.686s wait)
.* Option 'clustermq.scheduler' not set, defaulting to ‘SLURM’
--- see: https://mschubert.github.io/clustermq/articles/userguide.html#configuration
2019-11-12 16:45:51.836620 | eval'd: drake::cmq_buildtargetmetadepslayoutconfig
2019-11-12 16:46:29.350690 | > DO_CALL (5.713s wait)
.2019-11-12 16:46:29.856630 | eval'd: drake::cmq_buildtargetmetadepslayoutconfig
2019-11-12 16:47:11.201791 | > DO_CALL (5.622s wait)
.2019-11-12 16:47:23.704458 | eval'd: drake::cmq_buildtargetmetadepslayoutconfig
2019-11-12 16:47:55.555988 | > DO_CALL (6.026s wait)
.2019-11-12 16:47:55.772708 | eval'd: drake::cmq_buildtargetmetadepslayoutconfig
2019-11-12 16:48:38.897634 | > DO_CALL (5.481s wait)
.2019-11-12 16:49:01.966583 | eval'd: drake::cmq_buildtargetmetadepslayoutconfig
2019-11-12 16:49:22.007303 | > DO_CALL (4.822s wait)
.2019-11-12 16:49:38.599747 | eval'd: drake::cmq_buildtargetmetadepslayoutconfig
2019-11-12 16:50:05.867984 | > DO_CALL (5.584s wait)
.2019-11-12 16:50:06.202317 | eval'd: drake::cmq_buildtargetmetadepslayoutconfig
2019-11-12 16:50:50.437086 | > DO_CALL (5.521s wait)
.2019-11-12 16:50:53.502546 | eval'd: drake::cmq_buildtargetmetadepslayoutconfig
2019-11-12 16:51:14.856170 | > DO_CALL (0.001s wait)
.2019-11-12 16:51:14.880307 | eval'd: drake::cmq_buildtargetmetadepslayoutconfig
2019-11-12 16:51:16.293399 | > DO_CALL (0.001s wait)
.2019-11-12 16:51:18.710422 | eval'd: drake::cmq_buildtargetmetadepslayoutconfig
2019-11-12 16:51:19.114493 | > DO_CALL (0.001s wait)
.2019-11-12 16:51:19.131604 | eval'd: drake::cmq_buildtargetmetadepslayoutconfig
2019-11-12 16:51:19.650688 | > DO_CALL (0.000s wait)
.2019-11-12 16:51:19.668560 | eval'd: drake::cmq_buildtargetmetadepslayoutconfig
2019-11-12 16:51:20.181582 | > DO_CALL (0.001s wait)
.2019-11-12 16:51:20.200453 | eval'd: drake::cmq_buildtargetmetadepslayoutconfig
2019-11-12 16:51:20.681335 | > DO_CALL (0.001s wait)
.2019-11-12 16:51:20.699953 | eval'd: drake::cmq_buildtargetmetadepslayoutconfig
2019-11-12 16:51:21.217426 | > DO_CALL (0.001s wait)
.2019-11-12 16:51:21.235306 | eval'd: drake::cmq_buildtargetmetadepslayoutconfig
2019-11-12 16:51:22.323392 | > DO_CALL (0.000s wait)
.2019-11-12 16:51:22.332350 | eval'd: drake::cmq_buildtargetmetadepslayoutconfig
2019-11-12 16:51:22.820093 | > DO_CALL (0.001s wait)
.2019-11-12 16:51:22.841199 | eval'd: drake::cmq_buildtargetmetadepslayoutconfig
2019-11-12 16:51:23.221995 | > WORKER_WAIT (0.000s wait)
2019-11-12 16:51:23.222421 | waiting 0.75s
2019-11-12 16:51:23.974580 | > WORKER_WAIT (0.000s wait)
2019-11-12 16:51:23.974991 | waiting 0.75s
2019-11-12 16:51:24.727030 | > WORKER_WAIT (0.000s wait)
2019-11-12 16:51:24.727455 | waiting 0.75s
2019-11-12 16:51:25.479523 | > WORKER_WAIT (0.000s wait)
2019-11-12 16:51:25.479949 | waiting 0.75s
2019-11-12 16:51:26.231984 | > WORKER_WAIT (0.000s wait)
2019-11-12 16:51:26.232426 | waiting 0.75s
2019-11-12 16:51:41.910021 | > WORKER_STOP (0.000s wait)
2019-11-12 16:51:41.910431 | shutting down worker
2019-11-12 16:51:43.979615 | 
Total: 17 in 119.02s [user], 14.52s [system], 420.50s [elapsed]
