2019-11-11 08:20:33.510227 | Master: tcp://c10a-s10:6315
2019-11-11 08:20:33.536322 | WORKER_UP to: tcp://c10a-s10:6315
2019-11-11 08:20:41.181174 | > DO_SETUP (2.371s wait)
2019-11-11 08:20:41.181682 | token from msg: set_common_data_token
2019-11-11 08:21:30.256626 | > DO_CALL (5.519s wait)
.
* Option 'clustermq.scheduler' not set, defaulting to ‘SLURM’
--- see: https://mschubert.github.io/clustermq/articles/userguide.html#configuration
2019-11-11 08:21:31.825497 | eval'd: drake::cmq_buildtargetmetadepslayoutconfig
2019-11-11 08:22:18.525350 | > DO_CALL (2.420s wait)
.2019-11-11 08:22:18.637447 | eval'd: drake::cmq_buildtargetmetadepslayoutconfig
2019-11-11 08:23:11.635755 | > DO_CALL (2.988s wait)
.2019-11-11 08:23:11.737650 | eval'd: drake::cmq_buildtargetmetadepslayoutconfig
2019-11-11 08:24:03.277330 | > DO_CALL (2.863s wait)
.2019-11-11 08:24:03.317600 | eval'd: drake::cmq_buildtargetmetadepslayoutconfig
2019-11-11 08:24:55.062600 | > DO_CALL (1.985s wait)
.2019-11-11 08:24:55.195010 | eval'd: drake::cmq_buildtargetmetadepslayoutconfig
2019-11-11 08:25:48.253872 | > DO_CALL (2.968s wait)
.2019-11-11 08:25:48.342713 | eval'd: drake::cmq_buildtargetmetadepslayoutconfig
2019-11-11 08:26:39.267442 | > DO_CALL (1.957s wait)
.2019-11-11 08:26:39.694112 | eval'd: drake::cmq_buildtargetmetadepslayoutconfig
2019-11-11 08:27:32.369845 | > DO_CALL (2.794s wait)
.2019-11-11 08:27:32.450162 | eval'd: drake::cmq_buildtargetmetadepslayoutconfig
2019-11-11 08:28:24.742126 | > DO_CALL (2.062s wait)
.2019-11-11 08:28:25.071773 | eval'd: drake::cmq_buildtargetmetadepslayoutconfig
2019-11-11 08:29:17.330318 | > DO_CALL (2.574s wait)
.2019-11-11 08:29:17.396919 | eval'd: drake::cmq_buildtargetmetadepslayoutconfig
2019-11-11 08:30:08.819705 | > DO_CALL (1.994s wait)
.2019-11-11 08:30:09.153450 | eval'd: drake::cmq_buildtargetmetadepslayoutconfig
2019-11-11 08:31:01.709224 | > DO_CALL (2.772s wait)
.2019-11-11 08:31:01.831001 | eval'd: drake::cmq_buildtargetmetadepslayoutconfig
2019-11-11 08:31:53.259563 | > DO_CALL (2.003s wait)
.2019-11-11 08:31:53.586605 | eval'd: drake::cmq_buildtargetmetadepslayoutconfig
2019-11-11 08:32:46.038475 | > DO_CALL (2.761s wait)
.2019-11-11 08:32:46.153699 | eval'd: drake::cmq_buildtargetmetadepslayoutconfig
2019-11-11 08:33:37.597965 | > DO_CALL (2.014s wait)
.2019-11-11 08:33:37.930418 | eval'd: drake::cmq_buildtargetmetadepslayoutconfig
2019-11-11 08:34:30.098989 | > DO_CALL (2.608s wait)
.2019-11-11 08:34:30.218959 | eval'd: drake::cmq_buildtargetmetadepslayoutconfig
2019-11-11 08:35:22.771208 | > DO_CALL (2.048s wait)
.2019-11-11 08:35:23.144550 | eval'd: drake::cmq_buildtargetmetadepslayoutconfig
2019-11-11 08:36:16.078695 | > DO_CALL (2.774s wait)
.2019-11-11 08:36:16.140212 | eval'd: drake::cmq_buildtargetmetadepslayoutconfig
2019-11-11 08:37:07.598656 | > DO_CALL (2.009s wait)
.2019-11-11 08:37:08.037040 | eval'd: drake::cmq_buildtargetmetadepslayoutconfig
2019-11-11 08:38:00.566271 | > DO_CALL (2.828s wait)
.2019-11-11 08:38:00.703360 | eval'd: drake::cmq_buildtargetmetadepslayoutconfig
2019-11-11 08:38:52.043466 | > DO_CALL (2.012s wait)
.2019-11-11 08:38:52.437992 | eval'd: drake::cmq_buildtargetmetadepslayoutconfig
2019-11-11 08:39:45.199615 | > DO_CALL (2.625s wait)
.2019-11-11 08:39:45.486877 | eval'd: drake::cmq_buildtargetmetadepslayoutconfig
2019-11-11 08:40:37.084404 | > DO_CALL (2.084s wait)
.2019-11-11 08:40:37.895886 | eval'd: drake::cmq_buildtargetmetadepslayoutconfig
2019-11-11 08:41:28.528854 | > DO_CALL (1.749s wait)
.2019-11-11 08:41:28.676331 | eval'd: drake::cmq_buildtargetmetadepslayoutconfig
2019-11-11 08:42:21.604233 | > DO_CALL (2.014s wait)
.2019-11-11 08:42:21.721849 | eval'd: drake::cmq_buildtargetmetadepslayoutconfig
2019-11-11 08:43:14.290093 | > DO_CALL (2.165s wait)
.2019-11-11 08:43:14.420567 | eval'd: drake::cmq_buildtargetmetadepslayoutconfig
2019-11-11 08:44:07.974900 | > DO_CALL (2.848s wait)
.2019-11-11 08:44:08.154226 | eval'd: drake::cmq_buildtargetmetadepslayoutconfig
2019-11-11 08:44:59.360369 | > DO_CALL (1.996s wait)
.2019-11-11 08:44:59.741514 | eval'd: drake::cmq_buildtargetmetadepslayoutconfig
2019-11-11 08:45:52.053686 | > DO_CALL (2.663s wait)
.2019-11-11 08:45:52.088044 | eval'd: drake::cmq_buildtargetmetadepslayoutconfig
2019-11-11 08:46:44.171218 | > DO_CALL (2.038s wait)
.2019-11-11 08:46:45.023629 | eval'd: drake::cmq_buildtargetmetadepslayoutconfig
2019-11-11 08:47:36.007851 | > DO_CALL (1.730s wait)
.2019-11-11 08:47:36.088399 | eval'd: drake::cmq_buildtargetmetadepslayoutconfig
2019-11-11 08:48:30.345675 | > DO_CALL (2.009s wait)
.2019-11-11 08:48:30.402280 | eval'd: drake::cmq_buildtargetmetadepslayoutconfig
2019-11-11 08:49:22.914742 | > DO_CALL (2.155s wait)
.2019-11-11 08:49:23.014381 | eval'd: drake::cmq_buildtargetmetadepslayoutconfig
2019-11-11 08:50:15.995875 | > DO_CALL (2.876s wait)
.2019-11-11 08:50:16.123065 | eval'd: drake::cmq_buildtargetmetadepslayoutconfig
2019-11-11 08:51:07.814439 | > DO_CALL (1.995s wait)
.2019-11-11 08:51:08.134769 | eval'd: drake::cmq_buildtargetmetadepslayoutconfig
2019-11-11 08:52:01.522844 | > DO_CALL (2.767s wait)
.2019-11-11 08:52:01.602686 | eval'd: drake::cmq_buildtargetmetadepslayoutconfig
2019-11-11 08:52:52.905400 | > DO_CALL (1.985s wait)
.2019-11-11 08:52:53.278096 | eval'd: drake::cmq_buildtargetmetadepslayoutconfig
2019-11-11 08:53:45.749222 | > DO_CALL (2.578s wait)
.2019-11-11 08:53:45.860146 | eval'd: drake::cmq_buildtargetmetadepslayoutconfig
2019-11-11 08:54:37.314933 | > DO_CALL (1.996s wait)
.2019-11-11 08:54:37.755931 | eval'd: drake::cmq_buildtargetmetadepslayoutconfig
2019-11-11 08:55:31.243853 | > DO_CALL (2.776s wait)
.2019-11-11 08:55:31.360697 | eval'd: drake::cmq_buildtargetmetadepslayoutconfig
2019-11-11 08:56:22.138200 | > DO_CALL (2.023s wait)
.2019-11-11 08:56:22.574561 | eval'd: drake::cmq_buildtargetmetadepslayoutconfig
2019-11-11 08:57:15.195724 | > DO_CALL (2.756s wait)
.2019-11-11 08:57:15.274327 | eval'd: drake::cmq_buildtargetmetadepslayoutconfig
2019-11-11 08:58:06.446659 | > DO_CALL (2.026s wait)
.2019-11-11 08:58:06.906908 | eval'd: drake::cmq_buildtargetmetadepslayoutconfig
2019-11-11 08:58:59.089566 | > DO_CALL (2.591s wait)
.2019-11-11 08:58:59.151878 | eval'd: drake::cmq_buildtargetmetadepslayoutconfig
2019-11-11 08:59:51.172447 | > DO_CALL (1.994s wait)
.2019-11-11 08:59:51.532013 | eval'd: drake::cmq_buildtargetmetadepslayoutconfig
2019-11-11 09:00:43.509851 | > DO_CALL (2.575s wait)
.2019-11-11 09:00:43.672015 | eval'd: drake::cmq_buildtargetmetadepslayoutconfig
2019-11-11 09:01:35.298394 | > DO_CALL (1.985s wait)
.2019-11-11 09:01:35.676756 | eval'd: drake::cmq_buildtargetmetadepslayoutconfig
2019-11-11 09:02:29.228904 | > DO_CALL (2.761s wait)
.2019-11-11 09:02:29.426222 | eval'd: drake::cmq_buildtargetmetadepslayoutconfig
