2020-01-20 10:04:54.094818 | Master: tcp://c2a-s18:7983
2020-01-20 10:04:54.116827 | WORKER_UP to: tcp://c2a-s18:7983
2020-01-20 10:07:15.262232 | > DO_SETUP (24.108s wait)
2020-01-20 10:07:15.263542 | token from msg: set_common_data_token
2020-01-20 10:08:44.391119 | > DO_CALL (9.554s wait)
.* Option 'clustermq.scheduler' not set, defaulting to ‘SLURM’
--- see: https://mschubert.github.io/clustermq/articles/userguide.html#configuration
2020-01-20 10:08:54.166800 | eval'd: drake::cmq_buildtargetmetadepsspecht_is_subtargetconfig
2020-01-20 10:09:41.493837 | > DO_CALL (5.276s wait)
.2020-01-20 10:10:16.246955 | eval'd: drake::cmq_buildtargetmetadepsspecht_is_subtargetconfig
2020-01-20 10:11:05.021122 | > DO_CALL (5.231s wait)
.2020-01-20 10:11:06.686584 | eval'd: drake::cmq_buildtargetmetadepsspecht_is_subtargetconfig
2020-01-20 10:12:23.445797 | > DO_CALL (6.060s wait)
.2020-01-20 10:12:28.275027 | eval'd: drake::cmq_buildtargetmetadepsspecht_is_subtargetconfig
2020-01-20 10:13:49.084329 | > DO_CALL (5.255s wait)
.2020-01-20 10:14:58.739280 | eval'd: drake::cmq_buildtargetmetadepsspecht_is_subtargetconfig
2020-01-20 10:16:12.293717 | > DO_CALL (5.361s wait)
.2020-01-20 10:17:15.323367 | eval'd: drake::cmq_buildtargetmetadepsspecht_is_subtargetconfig
2020-01-20 10:18:43.362192 | > DO_CALL (6.184s wait)
.2020-01-20 10:18:44.616142 | eval'd: drake::cmq_buildtargetmetadepsspecht_is_subtargetconfig
2020-01-20 10:19:34.540402 | > DO_CALL (6.171s wait)
.2020-01-20 10:19:44.439337 | eval'd: drake::cmq_buildtargetmetadepsspecht_is_subtargetconfig
2020-01-20 10:21:39.479602 | > DO_CALL (5.124s wait)
.2020-01-20 10:21:45.316965 | eval'd: drake::cmq_buildtargetmetadepsspecht_is_subtargetconfig
2020-01-20 10:23:14.299093 | > DO_CALL (5.337s wait)
.2020-01-20 10:23:20.624861 | eval'd: drake::cmq_buildtargetmetadepsspecht_is_subtargetconfig
2020-01-20 10:24:10.688499 | > DO_CALL (5.183s wait)
.2020-01-20 10:25:24.949158 | eval'd: drake::cmq_buildtargetmetadepsspecht_is_subtargetconfig
2020-01-20 10:26:28.887789 | > DO_CALL (5.355s wait)
.2020-01-20 10:26:55.159329 | eval'd: drake::cmq_buildtargetmetadepsspecht_is_subtargetconfig
2020-01-20 10:27:53.721687 | > DO_CALL (5.221s wait)
.2020-01-20 10:28:55.242699 | eval'd: drake::cmq_buildtargetmetadepsspecht_is_subtargetconfig
2020-01-20 10:30:13.990000 | > DO_CALL (5.248s wait)
.2020-01-20 10:31:15.968175 | eval'd: drake::cmq_buildtargetmetadepsspecht_is_subtargetconfig
2020-01-20 10:33:08.839128 | > DO_CALL (5.390s wait)
.2020-01-20 10:33:50.290081 | eval'd: drake::cmq_buildtargetmetadepsspecht_is_subtargetconfig
2020-01-20 10:35:37.460141 | > DO_CALL (5.363s wait)
.2020-01-20 10:37:28.247454 | eval'd: drake::cmq_buildtargetmetadepsspecht_is_subtargetconfig
2020-01-20 10:38:20.729117 | > DO_CALL (5.485s wait)
.2020-01-20 10:40:40.070296 | eval'd: drake::cmq_buildtargetmetadepsspecht_is_subtargetconfig
2020-01-20 10:41:46.873841 | > DO_CALL (5.288s wait)
.2020-01-20 10:45:39.629998 | eval'd: drake::cmq_buildtargetmetadepsspecht_is_subtargetconfig
2020-01-20 10:47:07.066143 | > DO_CALL (5.168s wait)
.2020-01-20 10:47:51.023374 | eval'd: drake::cmq_buildtargetmetadepsspecht_is_subtargetconfig
2020-01-20 10:48:44.235364 | > DO_CALL (5.137s wait)
.2020-01-20 10:49:01.157729 | eval'd: drake::cmq_buildtargetmetadepsspecht_is_subtargetconfig
2020-01-20 10:50:18.972176 | > DO_CALL (5.218s wait)
.2020-01-20 10:50:25.195490 | eval'd: drake::cmq_buildtargetmetadepsspecht_is_subtargetconfig
2020-01-20 10:51:52.102610 | > DO_CALL (5.146s wait)
.2020-01-20 10:51:58.524669 | eval'd: drake::cmq_buildtargetmetadepsspecht_is_subtargetconfig
2020-01-20 10:53:28.663925 | > DO_CALL (5.151s wait)
.2020-01-20 10:53:34.957709 | eval'd: drake::cmq_buildtargetmetadepsspecht_is_subtargetconfig
2020-01-20 10:54:38.154886 | > DO_CALL (5.325s wait)
.2020-01-20 10:55:02.236393 | eval'd: drake::cmq_buildtargetmetadepsspecht_is_subtargetconfig
2020-01-20 10:56:27.441689 | > DO_CALL (5.126s wait)
.2020-01-20 10:56:55.975846 | eval'd: drake::cmq_buildtargetmetadepsspecht_is_subtargetconfig
2020-01-20 10:58:06.265722 | > DO_CALL (5.859s wait)
.2020-01-20 10:58:26.312525 | eval'd: drake::cmq_buildtargetmetadepsspecht_is_subtargetconfig
2020-01-20 10:59:19.061021 | > DO_CALL (5.288s wait)
.2020-01-20 10:59:33.988797 | eval'd: drake::cmq_buildtargetmetadepsspecht_is_subtargetconfig
2020-01-20 11:01:41.889588 | > DO_CALL (5.024s wait)
.2020-01-20 11:01:43.113398 | eval'd: drake::cmq_buildtargetmetadepsspecht_is_subtargetconfig
2020-01-20 11:02:39.820144 | > DO_CALL (6.044s wait)
.2020-01-20 11:08:17.930767 | eval'd: drake::cmq_buildtargetmetadepsspecht_is_subtargetconfig
2020-01-20 11:09:41.883785 | > DO_CALL (5.145s wait)
.2020-01-20 11:10:14.259890 | eval'd: drake::cmq_buildtargetmetadepsspecht_is_subtargetconfig
2020-01-20 11:11:37.126615 | > DO_CALL (5.412s wait)
.2020-01-20 11:11:51.166252 | eval'd: drake::cmq_buildtargetmetadepsspecht_is_subtargetconfig
2020-01-20 11:13:09.471605 | > DO_CALL (5.191s wait)
.2020-01-20 11:13:16.631067 | eval'd: drake::cmq_buildtargetmetadepsspecht_is_subtargetconfig
2020-01-20 11:14:45.935597 | > DO_CALL (5.187s wait)
.2020-01-20 11:15:19.906642 | eval'd: drake::cmq_buildtargetmetadepsspecht_is_subtargetconfig
2020-01-20 11:16:21.717522 | > DO_CALL (5.148s wait)
.2020-01-20 11:16:43.616336 | eval'd: drake::cmq_buildtargetmetadepsspecht_is_subtargetconfig
2020-01-20 11:18:03.941120 | > DO_CALL (5.115s wait)
.2020-01-20 11:18:20.293394 | eval'd: drake::cmq_buildtargetmetadepsspecht_is_subtargetconfig
2020-01-20 11:19:58.124785 | > DO_CALL (5.306s wait)
.2020-01-20 11:20:10.968564 | eval'd: drake::cmq_buildtargetmetadepsspecht_is_subtargetconfig
2020-01-20 11:21:18.013563 | > DO_CALL (5.169s wait)
.2020-01-20 11:21:47.130869 | eval'd: drake::cmq_buildtargetmetadepsspecht_is_subtargetconfig
2020-01-20 11:22:59.712549 | > DO_CALL (5.349s wait)
.2020-01-20 11:23:47.046902 | eval'd: drake::cmq_buildtargetmetadepsspecht_is_subtargetconfig
2020-01-20 11:24:45.084427 | > DO_CALL (6.062s wait)
.2020-01-20 11:31:42.460528 | eval'd: drake::cmq_buildtargetmetadepsspecht_is_subtargetconfig
2020-01-20 11:32:53.059988 | > DO_CALL (5.159s wait)
.2020-01-20 11:33:37.882979 | eval'd: drake::cmq_buildtargetmetadepsspecht_is_subtargetconfig
2020-01-20 11:34:46.771311 | > DO_CALL (5.157s wait)
.2020-01-20 11:35:13.517046 | eval'd: drake::cmq_buildtargetmetadepsspecht_is_subtargetconfig
2020-01-20 11:36:27.128972 | > DO_CALL (5.248s wait)
.2020-01-20 11:36:33.864699 | eval'd: drake::cmq_buildtargetmetadepsspecht_is_subtargetconfig
2020-01-20 11:37:52.502409 | > DO_CALL (5.265s wait)
.2020-01-20 11:41:27.871592 | eval'd: drake::cmq_buildtargetmetadepsspecht_is_subtargetconfig
2020-01-20 11:43:07.387322 | > DO_CALL (6.009s wait)
.2020-01-20 11:43:20.126313 | eval'd: drake::cmq_buildtargetmetadepsspecht_is_subtargetconfig
2020-01-20 11:43:54.698419 | > DO_CALL (5.397s wait)
.2020-01-20 11:44:02.401468 | eval'd: drake::cmq_buildtargetmetadepsspecht_is_subtargetconfig
2020-01-20 11:45:00.622979 | > DO_CALL (5.178s wait)
.2020-01-20 11:46:50.440145 | eval'd: drake::cmq_buildtargetmetadepsspecht_is_subtargetconfig
2020-01-20 11:47:33.887425 | > DO_CALL (5.382s wait)
.2020-01-20 11:47:39.060912 | eval'd: drake::cmq_buildtargetmetadepsspecht_is_subtargetconfig
2020-01-20 11:48:47.485008 | > DO_CALL (5.215s wait)
.
2020-01-20 11:49:18.111979 | eval'd: drake::cmq_buildtargetmetadepsspecht_is_subtargetconfig
2020-01-20 11:50:51.882214 | > DO_CALL (5.404s wait)
.2020-01-20 11:51:59.521301 | eval'd: drake::cmq_buildtargetmetadepsspecht_is_subtargetconfig
2020-01-20 11:53:42.028162 | > DO_CALL (5.219s wait)
.2020-01-20 11:54:47.371855 | eval'd: drake::cmq_buildtargetmetadepsspecht_is_subtargetconfig
2020-01-20 11:56:36.590317 | > DO_CALL (5.466s wait)
.2020-01-20 11:56:38.923278 | eval'd: drake::cmq_buildtargetmetadepsspecht_is_subtargetconfig
2020-01-20 11:57:17.301045 | > DO_CALL (6.278s wait)
.2020-01-20 11:57:31.667626 | eval'd: drake::cmq_buildtargetmetadepsspecht_is_subtargetconfig
2020-01-20 11:59:05.820648 | > DO_CALL (5.236s wait)
.2020-01-20 11:59:45.887561 | eval'd: drake::cmq_buildtargetmetadepsspecht_is_subtargetconfig
2020-01-20 12:00:45.174647 | > DO_CALL (5.316s wait)
.2020-01-20 12:00:54.577096 | eval'd: drake::cmq_buildtargetmetadepsspecht_is_subtargetconfig
2020-01-20 12:01:40.217299 | > DO_CALL (5.276s wait)
.2020-01-20 12:01:55.457972 | eval'd: drake::cmq_buildtargetmetadepsspecht_is_subtargetconfig
2020-01-20 12:03:18.091349 | > DO_CALL (5.375s wait)
.2020-01-20 12:03:59.848235 | eval'd: drake::cmq_buildtargetmetadepsspecht_is_subtargetconfig
2020-01-20 12:05:16.126357 | > DO_CALL (5.427s wait)
.2020-01-20 12:05:18.314910 | eval'd: drake::cmq_buildtargetmetadepsspecht_is_subtargetconfig
2020-01-20 12:06:27.807204 | > DO_CALL (5.239s wait)
.2020-01-20 12:06:39.332043 | eval'd: drake::cmq_buildtargetmetadepsspecht_is_subtargetconfig
2020-01-20 12:08:04.738170 | > DO_CALL (5.170s wait)
.2020-01-20 12:08:48.992853 | eval'd: drake::cmq_buildtargetmetadepsspecht_is_subtargetconfig
2020-01-20 12:09:37.014795 | > DO_CALL (5.261s wait)
.2020-01-20 12:10:19.435835 | eval'd: drake::cmq_buildtargetmetadepsspecht_is_subtargetconfig
2020-01-20 12:11:43.022196 | > DO_CALL (5.241s wait)
.2020-01-20 12:11:49.144979 | eval'd: drake::cmq_buildtargetmetadepsspecht_is_subtargetconfig
2020-01-20 12:13:08.072252 | > DO_CALL (5.304s wait)
.2020-01-20 12:13:09.760403 | eval'd: drake::cmq_buildtargetmetadepsspecht_is_subtargetconfig
2020-01-20 12:14:44.373527 | > DO_CALL (6.164s wait)
.2020-01-20 12:15:24.538681 | eval'd: drake::cmq_buildtargetmetadepsspecht_is_subtargetconfig
2020-01-20 12:16:23.760596 | > DO_CALL (5.366s wait)
.2020-01-20 12:16:33.239798 | eval'd: drake::cmq_buildtargetmetadepsspecht_is_subtargetconfig
2020-01-20 12:17:25.846449 | > DO_CALL (5.369s wait)
.2020-01-20 12:17:43.621549 | eval'd: drake::cmq_buildtargetmetadepsspecht_is_subtargetconfig
2020-01-20 12:18:56.155643 | > DO_CALL (5.219s wait)
.2020-01-20 12:19:10.664089 | eval'd: drake::cmq_buildtargetmetadepsspecht_is_subtargetconfig
2020-01-20 12:20:01.729970 | > DO_CALL (5.294s wait)
.2020-01-20 12:22:00.171842 | eval'd: drake::cmq_buildtargetmetadepsspecht_is_subtargetconfig
2020-01-20 12:23:22.887405 | > DO_CALL (6.370s wait)
.2020-01-20 12:25:24.719308 | eval'd: drake::cmq_buildtargetmetadepsspecht_is_subtargetconfig
2020-01-20 12:26:41.970903 | > DO_CALL (5.426s wait)
.2020-01-20 12:27:01.889846 | eval'd: drake::cmq_buildtargetmetadepsspecht_is_subtargetconfig
2020-01-20 12:27:45.689739 | > DO_CALL (5.251s wait)
.2020-01-20 12:28:25.021777 | eval'd: drake::cmq_buildtargetmetadepsspecht_is_subtargetconfig
2020-01-20 12:29:11.297796 | > DO_CALL (5.578s wait)
.2020-01-20 12:30:15.770140 | eval'd: drake::cmq_buildtargetmetadepsspecht_is_subtargetconfig
2020-01-20 12:32:01.052234 | > DO_CALL (6.228s wait)
.2020-01-20 12:32:23.475775 | eval'd: drake::cmq_buildtargetmetadepsspecht_is_subtargetconfig
2020-01-20 12:33:51.363025 | > DO_CALL (5.444s wait)
.2020-01-20 12:34:00.633696 | eval'd: drake::cmq_buildtargetmetadepsspecht_is_subtargetconfig
2020-01-20 12:35:03.712001 | > DO_CALL (6.311s wait)
.2020-01-20 12:35:34.241193 | eval'd: drake::cmq_buildtargetmetadepsspecht_is_subtargetconfig
2020-01-20 12:36:45.522761 | > DO_CALL (5.519s wait)
.2020-01-20 12:36:50.377822 | eval'd: drake::cmq_buildtargetmetadepsspecht_is_subtargetconfig
2020-01-20 12:38:04.208730 | > DO_CALL (5.267s wait)
.2020-01-20 12:38:45.261090 | eval'd: drake::cmq_buildtargetmetadepsspecht_is_subtargetconfig
2020-01-20 12:39:54.631482 | > DO_CALL (5.446s wait)
.2020-01-20 12:42:16.634633 | eval'd: drake::cmq_buildtargetmetadepsspecht_is_subtargetconfig
2020-01-20 12:43:13.844787 | > DO_CALL (6.609s wait)
.2020-01-20 12:43:56.501543 | eval'd: drake::cmq_buildtargetmetadepsspecht_is_subtargetconfig
2020-01-20 12:44:48.900189 | > DO_CALL (5.234s wait)
.2020-01-20 12:44:58.216170 | eval'd: drake::cmq_buildtargetmetadepsspecht_is_subtargetconfig
2020-01-20 12:45:40.989019 | > DO_CALL (5.532s wait)
.2020-01-20 12:45:51.252652 | eval'd: drake::cmq_buildtargetmetadepsspecht_is_subtargetconfig
2020-01-20 12:47:08.794285 | > DO_CALL (5.194s wait)
.2020-01-20 12:47:30.203648 | eval'd: drake::cmq_buildtargetmetadepsspecht_is_subtargetconfig
2020-01-20 12:48:39.729432 | > DO_CALL (5.451s wait)
.2020-01-20 12:49:28.082039 | eval'd: drake::cmq_buildtargetmetadepsspecht_is_subtargetconfig
2020-01-20 12:50:32.804742 | > DO_CALL (5.050s wait)
.2020-01-20 12:50:40.639564 | eval'd: drake::cmq_buildtargetmetadepsspecht_is_subtargetconfig
2020-01-20 12:51:45.287397 | > DO_CALL (5.344s wait)
.2020-01-20 12:52:26.049490 | eval'd: drake::cmq_buildtargetmetadepsspecht_is_subtargetconfig
2020-01-20 12:53:35.606958 | > DO_CALL (5.322s wait)
.2020-01-20 12:54:32.380681 | eval'd: drake::cmq_buildtargetmetadepsspecht_is_subtargetconfig
2020-01-20 12:55:50.537961 | > DO_CALL (5.199s wait)
.2020-01-20 12:56:02.023245 | eval'd: drake::cmq_buildtargetmetadepsspecht_is_subtargetconfig
2020-01-20 12:57:10.730378 | > DO_CALL (5.368s wait)
.2020-01-20 12:58:47.595727 | eval'd: drake::cmq_buildtargetmetadepsspecht_is_subtargetconfig
2020-01-20 12:59:35.272188 | > DO_CALL (5.382s wait)
.2020-01-20 12:59:42.559994 | eval'd: drake::cmq_buildtargetmetadepsspecht_is_subtargetconfig
2020-01-20 13:00:30.875606 | > DO_CALL (5.226s wait)
.2020-01-20 13:01:02.997497 | eval'd: drake::cmq_buildtargetmetadepsspecht_is_subtargetconfig
2020-01-20 13:02:28.865604 | > DO_CALL (5.346s wait)
.2020-01-20 13:02:32.526818 | eval'd: drake::cmq_buildtargetmetadepsspecht_is_subtargetconfig
2020-01-20 13:03:30.755223 | > DO_CALL (5.409s wait)
.2020-01-20 13:03:31.010989 | eval'd: drake::cmq_buildtargetmetadepsspecht_is_subtargetconfig
2020-01-20 13:04:55.969116 | > DO_CALL (6.134s wait)
.2020-01-20 13:05:11.492955 | eval'd: drake::cmq_buildtargetmetadepsspecht_is_subtargetconfig
2020-01-20 13:06:14.598762 | > DO_CALL (5.247s wait)
.2020-01-20 13:06:57.709251 | eval'd: drake::cmq_buildtargetmetadepsspecht_is_subtargetconfig
2020-01-20 13:08:08.491091 | > DO_CALL (5.278s wait)
.2020-01-20 13:08:13.836742 | eval'd: drake::cmq_buildtargetmetadepsspecht_is_subtargetconfig
2020-01-20 13:10:32.928704 | > DO_CALL (5.292s wait)
.2020-01-20 13:10:34.866745 | eval'd: drake::cmq_buildtargetmetadepsspecht_is_subtargetconfig
2020-01-20 13:11:27.574231 | > DO_CALL (5.440s wait)
.2020-01-20 13:11:29.581435 | eval'd: drake::cmq_buildtargetmetadepsspecht_is_subtargetconfig
2020-01-20 13:12:32.288772 | > DO_CALL (6.341s wait)
.2020-01-20 13:13:08.827125 | eval'd: drake::cmq_buildtargetmetadepsspecht_is_subtargetconfig
2020-01-20 13:14:00.759688 | > DO_CALL (5.502s wait)
.2020-01-20 13:14:15.805394 | eval'd: drake::cmq_buildtargetmetadepsspecht_is_subtargetconfig
2020-01-20 13:15:26.694705 | > DO_CALL (5.218s wait)
.2020-01-20 13:16:27.067168 | eval'd: drake::cmq_buildtargetmetadepsspecht_is_subtargetconfig
2020-01-20 13:17:57.505456 | > DO_CALL (5.260s wait)
.2020-01-20 13:17:59.937191 | eval'd: drake::cmq_buildtargetmetadepsspecht_is_subtargetconfig
2020-01-20 13:19:41.114486 | > DO_CALL (5.322s wait)
.2020-01-20 13:19:46.449781 | eval'd: drake::cmq_buildtargetmetadepsspecht_is_subtargetconfig
2020-01-20 13:21:11.660459 | > DO_CALL (5.443s wait)
.2020-01-20 13:21:17.544114 | eval'd: drake::cmq_buildtargetmetadepsspecht_is_subtargetconfig
2020-01-20 13:22:47.457057 | > DO_CALL (5.267s wait)
.2020-01-20 13:22:52.059533 | eval'd: drake::cmq_buildtargetmetadepsspecht_is_subtargetconfig
2020-01-20 13:24:12.425508 | > DO_CALL (5.214s wait)
.2020-01-20 13:24:57.552866 | eval'd: drake::cmq_buildtargetmetadepsspecht_is_subtargetconfig
2020-01-20 13:25:48.513720 | > DO_CALL (5.219s wait)
.2020-01-20 13:26:27.184583 | eval'd: drake::cmq_buildtargetmetadepsspecht_is_subtargetconfig
2020-01-20 13:27:29.939445 | > DO_CALL (5.242s wait)
.2020-01-20 13:27:46.456697 | eval'd: drake::cmq_buildtargetmetadepsspecht_is_subtargetconfig
2020-01-20 13:29:00.863540 | > DO_CALL (6.184s wait)
.2020-01-20 13:36:38.010423 | eval'd: drake::cmq_buildtargetmetadepsspecht_is_subtargetconfig
2020-01-20 13:37:23.674657 | > DO_CALL (6.852s wait)
.2020-01-20 13:37:44.410341 | eval'd: drake::cmq_buildtargetmetadepsspecht_is_subtargetconfig
2020-01-20 13:39:28.807212 | > DO_CALL (5.332s wait)
.2020-01-20 13:40:07.453581 | eval'd: drake::cmq_buildtargetmetadepsspecht_is_subtargetconfig
2020-01-20 13:41:38.164169 | > DO_CALL (5.542s wait)
.2020-01-20 13:41:48.202302 | eval'd: drake::cmq_buildtargetmetadepsspecht_is_subtargetconfig
2020-01-20 13:43:24.303260 | > DO_CALL (5.236s wait)
.2020-01-20 13:43:31.102224 | eval'd: drake::cmq_buildtargetmetadepsspecht_is_subtargetconfig
2020-01-20 13:45:04.724990 | > DO_CALL (5.260s wait)
.2020-01-20 13:45:40.318668 | eval'd: drake::cmq_buildtargetmetadepsspecht_is_subtargetconfig
2020-01-20 13:46:31.917810 | > DO_CALL (5.351s wait)
.2020-01-20 13:47:05.655233 | eval'd: drake::cmq_buildtargetmetadepsspecht_is_subtargetconfig
2020-01-20 13:48:35.351089 | > DO_CALL (5.414s wait)
.2020-01-20 13:49:56.049898 | eval'd: drake::cmq_buildtargetmetadepsspecht_is_subtargetconfig
2020-01-20 13:50:47.128076 | > DO_CALL (6.065s wait)
.2020-01-20 13:51:08.912494 | eval'd: drake::cmq_buildtargetmetadepsspecht_is_subtargetconfig
2020-01-20 13:52:52.403942 | > DO_CALL (5.332s wait)
.2020-01-20 13:53:07.155323 | eval'd: drake::cmq_buildtargetmetadepsspecht_is_subtargetconfig
2020-01-20 13:54:37.413174 | > DO_CALL (5.258s wait)
.2020-01-20 13:54:38.132331 | eval'd: drake::cmq_buildtargetmetadepsspecht_is_subtargetconfig
2020-01-20 13:55:47.877998 | > DO_CALL (6.112s wait)
.2020-01-20 13:56:10.522459 | eval'd: drake::cmq_buildtargetmetadepsspecht_is_subtargetconfig
2020-01-20 13:57:26.779997 | > DO_CALL (5.294s wait)
.2020-01-20 13:57:28.428905 | eval'd: drake::cmq_buildtargetmetadepsspecht_is_subtargetconfig
2020-01-20 13:58:17.905258 | > DO_CALL (5.231s wait)
.2020-01-20 14:01:07.068726 | eval'd: drake::cmq_buildtargetmetadepsspecht_is_subtargetconfig
2020-01-20 14:02:24.712987 | > DO_CALL (5.589s wait)
.2020-01-20 14:03:04.242424 | eval'd: drake::cmq_buildtargetmetadepsspecht_is_subtargetconfig
2020-01-20 14:04:30.617029 | > DO_CALL (5.188s wait)
.2020-01-20 14:05:07.711747 | eval'd: drake::cmq_buildtargetmetadepsspecht_is_subtargetconfig
2020-01-20 14:06:46.444516 | > DO_CALL (5.428s wait)
.2020-01-20 14:09:18.970603 | eval'd: drake::cmq_buildtargetmetadepsspecht_is_subtargetconfig
2020-01-20 14:10:26.356320 | > DO_CALL (5.226s wait)
.2020-01-20 14:11:15.078528 | eval'd: drake::cmq_buildtargetmetadepsspecht_is_subtargetconfig
2020-01-20 14:12:33.777239 | > DO_CALL (5.230s wait)
.2020-01-20 14:12:36.657238 | eval'd: drake::cmq_buildtargetmetadepsspecht_is_subtargetconfig
2020-01-20 14:13:54.015692 | > DO_CALL (5.216s wait)
.2020-01-20 14:14:44.823133 | eval'd: drake::cmq_buildtargetmetadepsspecht_is_subtargetconfig
2020-01-20 14:15:12.908392 | > DO_CALL (5.219s wait)
.
2020-01-20 14:15:13.893321 | eval'd: drake::cmq_buildtargetmetadepsspecht_is_subtargetconfig
2020-01-20 14:16:57.938215 | > DO_CALL (6.073s wait)
.2020-01-20 14:17:05.251183 | eval'd: drake::cmq_buildtargetmetadepsspecht_is_subtargetconfig
2020-01-20 14:17:47.859022 | > DO_CALL (5.353s wait)
.2020-01-20 14:20:02.197481 | eval'd: drake::cmq_buildtargetmetadepsspecht_is_subtargetconfig
2020-01-20 14:21:29.471701 | > DO_CALL (5.169s wait)
.2020-01-20 14:22:06.614475 | eval'd: drake::cmq_buildtargetmetadepsspecht_is_subtargetconfig
2020-01-20 14:23:18.394128 | > DO_CALL (5.232s wait)
.2020-01-20 14:23:36.467841 | eval'd: drake::cmq_buildtargetmetadepsspecht_is_subtargetconfig
2020-01-20 14:25:14.401353 | > DO_CALL (5.350s wait)
.2020-01-20 14:25:18.019082 | eval'd: drake::cmq_buildtargetmetadepsspecht_is_subtargetconfig
2020-01-20 14:26:37.699695 | > DO_CALL (5.393s wait)
.2020-01-20 14:26:41.930182 | eval'd: drake::cmq_buildtargetmetadepsspecht_is_subtargetconfig
2020-01-20 14:27:11.228540 | > DO_CALL (5.040s wait)
.2020-01-20 14:27:17.888307 | eval'd: drake::cmq_buildtargetmetadepsspecht_is_subtargetconfig
2020-01-20 14:28:57.602337 | > DO_CALL (5.194s wait)
.2020-01-20 14:29:36.964329 | eval'd: drake::cmq_buildtargetmetadepsspecht_is_subtargetconfig
2020-01-20 14:30:14.940856 | > DO_CALL (5.925s wait)
.2020-01-20 14:30:18.037916 | eval'd: drake::cmq_buildtargetmetadepsspecht_is_subtargetconfig
2020-01-20 14:31:48.554951 | > DO_CALL (5.242s wait)
.2020-01-20 14:32:07.334683 | eval'd: drake::cmq_buildtargetmetadepsspecht_is_subtargetconfig
2020-01-20 14:32:40.084109 | > DO_CALL (5.222s wait)
.2020-01-20 14:33:00.159150 | eval'd: drake::cmq_buildtargetmetadepsspecht_is_subtargetconfig
2020-01-20 14:33:44.572476 | > DO_CALL (5.248s wait)
.2020-01-20 14:33:50.085071 | eval'd: drake::cmq_buildtargetmetadepsspecht_is_subtargetconfig
2020-01-20 14:34:42.436083 | > DO_CALL (5.294s wait)
.2020-01-20 14:34:46.635509 | eval'd: drake::cmq_buildtargetmetadepsspecht_is_subtargetconfig
2020-01-20 14:35:18.773940 | > DO_CALL (5.152s wait)
.2020-01-20 14:35:27.354070 | eval'd: drake::cmq_buildtargetmetadepsspecht_is_subtargetconfig
2020-01-20 14:36:52.504525 | > DO_CALL (4.944s wait)
.2020-01-20 14:37:10.369274 | eval'd: drake::cmq_buildtargetmetadepsspecht_is_subtargetconfig
2020-01-20 14:38:06.202888 | > DO_CALL (4.919s wait)
.2020-01-20 14:38:07.578513 | eval'd: drake::cmq_buildtargetmetadepsspecht_is_subtargetconfig
2020-01-20 14:39:26.181948 | > DO_CALL (5.633s wait)
.2020-01-20 14:39:29.370332 | eval'd: drake::cmq_buildtargetmetadepsspecht_is_subtargetconfig
2020-01-20 14:41:02.378833 | > DO_CALL (5.348s wait)
.2020-01-20 14:41:37.229425 | eval'd: drake::cmq_buildtargetmetadepsspecht_is_subtargetconfig
2020-01-20 14:43:01.324865 | > DO_CALL (5.272s wait)
.2020-01-20 14:43:22.246875 | eval'd: drake::cmq_buildtargetmetadepsspecht_is_subtargetconfig
2020-01-20 14:44:37.913070 | > DO_CALL (5.394s wait)
.2020-01-20 14:45:52.468904 | eval'd: drake::cmq_buildtargetmetadepsspecht_is_subtargetconfig
2020-01-20 14:47:33.001827 | > DO_CALL (5.239s wait)
.2020-01-20 14:47:40.296483 | eval'd: drake::cmq_buildtargetmetadepsspecht_is_subtargetconfig
2020-01-20 14:50:02.099023 | > DO_CALL (5.418s wait)
.2020-01-20 14:51:53.058800 | eval'd: drake::cmq_buildtargetmetadepsspecht_is_subtargetconfig
2020-01-20 14:53:18.831581 | > DO_CALL (6.123s wait)
.2020-01-20 14:53:19.363932 | eval'd: drake::cmq_buildtargetmetadepsspecht_is_subtargetconfig
2020-01-20 14:54:51.887432 | > DO_CALL (7.763s wait)
.2020-01-20 14:55:01.287657 | eval'd: drake::cmq_buildtargetmetadepsspecht_is_subtargetconfig
2020-01-20 14:56:38.289033 | > DO_CALL (5.217s wait)
.2020-01-20 14:59:19.702229 | eval'd: drake::cmq_buildtargetmetadepsspecht_is_subtargetconfig
2020-01-20 15:00:31.409840 | > DO_CALL (5.534s wait)
.2020-01-20 15:00:50.516317 | eval'd: drake::cmq_buildtargetmetadepsspecht_is_subtargetconfig
2020-01-20 15:01:33.863052 | > DO_CALL (5.229s wait)
.2020-01-20 15:01:35.103142 | eval'd: drake::cmq_buildtargetmetadepsspecht_is_subtargetconfig
2020-01-20 15:03:12.480108 | > DO_CALL (6.090s wait)
.2020-01-20 15:03:12.955498 | eval'd: drake::cmq_buildtargetmetadepsspecht_is_subtargetconfig
2020-01-20 15:05:02.908457 | > DO_CALL (6.943s wait)
.2020-01-20 15:10:05.010087 | eval'd: drake::cmq_buildtargetmetadepsspecht_is_subtargetconfig
2020-01-20 15:11:22.910066 | > DO_CALL (6.198s wait)
.2020-01-20 15:12:48.977057 | eval'd: drake::cmq_buildtargetmetadepsspecht_is_subtargetconfig
2020-01-20 15:13:28.666882 | > DO_CALL (5.405s wait)
.2020-01-20 15:14:02.877874 | eval'd: drake::cmq_buildtargetmetadepsspecht_is_subtargetconfig
2020-01-20 15:14:03.698614 | > DO_CALL (0.013s wait)
.2020-01-20 15:14:04.073691 | eval'd: drake::cmq_buildtargetmetadepsspecht_is_subtargetconfig
2020-01-20 15:14:04.939069 | > DO_CALL (0.021s wait)
.2020-01-20 15:14:07.700069 | eval'd: drake::cmq_buildtargetmetadepsspecht_is_subtargetconfig
2020-01-20 15:14:08.739214 | > DO_CALL (0.001s wait)
.2020-01-20 15:14:08.779625 | eval'd: drake::cmq_buildtargetmetadepsspecht_is_subtargetconfig
2020-01-20 15:14:09.152290 | > DO_CALL (0.009s wait)
.2020-01-20 15:14:09.530108 | eval'd: drake::cmq_buildtargetmetadepsspecht_is_subtargetconfig
2020-01-20 15:14:10.412491 | > DO_CALL (0.020s wait)
.2020-01-20 15:14:10.814975 | eval'd: drake::cmq_buildtargetmetadepsspecht_is_subtargetconfig
2020-01-20 15:14:11.494466 | > DO_CALL (0.000s wait)
.2020-01-20 15:14:11.503307 | eval'd: drake::cmq_buildtargetmetadepsspecht_is_subtargetconfig
2020-01-20 15:14:12.741383 | > DO_CALL (0.016s wait)
.2020-01-20 15:14:13.141350 | eval'd: drake::cmq_buildtargetmetadepsspecht_is_subtargetconfig
2020-01-20 15:14:14.945689 | > DO_CALL (0.016s wait)
.2020-01-20 15:14:16.071732 | eval'd: drake::cmq_buildtargetmetadepsspecht_is_subtargetconfig
2020-01-20 15:14:16.920867 | > DO_CALL (0.014s wait)
.2020-01-20 15:14:17.278390 | eval'd: drake::cmq_buildtargetmetadepsspecht_is_subtargetconfig
2020-01-20 15:14:17.807851 | > DO_CALL (0.016s wait)
.2020-01-20 15:14:18.170600 | eval'd: drake::cmq_buildtargetmetadepsspecht_is_subtargetconfig
2020-01-20 15:14:18.799128 | > DO_CALL (0.008s wait)
.2020-01-20 15:14:19.113238 | eval'd: drake::cmq_buildtargetmetadepsspecht_is_subtargetconfig
2020-01-20 15:14:19.988656 | > DO_CALL (0.007s wait)
.2020-01-20 15:14:21.027137 | eval'd: drake::cmq_buildtargetmetadepsspecht_is_subtargetconfig
2020-01-20 15:14:21.276282 | > DO_CALL (0.015s wait)
.2020-01-20 15:14:21.644372 | eval'd: drake::cmq_buildtargetmetadepsspecht_is_subtargetconfig
2020-01-20 15:14:22.547336 | > DO_CALL (0.022s wait)
.2020-01-20 15:14:22.919809 | eval'd: drake::cmq_buildtargetmetadepsspecht_is_subtargetconfig
2020-01-20 15:14:24.594586 | > DO_CALL (0.000s wait)
.2020-01-20 15:14:24.603733 | eval'd: drake::cmq_buildtargetmetadepsspecht_is_subtargetconfig
2020-01-20 15:14:25.117077 | > DO_CALL (0.023s wait)
.2020-01-20 15:14:25.498796 | eval'd: drake::cmq_buildtargetmetadepsspecht_is_subtargetconfig
2020-01-20 15:14:26.290419 | > DO_CALL (0.012s wait)
.2020-01-20 15:14:26.639800 | eval'd: drake::cmq_buildtargetmetadepsspecht_is_subtargetconfig
2020-01-20 15:14:27.523898 | > DO_CALL (0.017s wait)
.2020-01-20 15:14:28.650564 | eval'd: drake::cmq_buildtargetmetadepsspecht_is_subtargetconfig
2020-01-20 15:14:29.472135 | > DO_CALL (0.015s wait)
.2020-01-20 15:14:29.833562 | eval'd: drake::cmq_buildtargetmetadepsspecht_is_subtargetconfig
2020-01-20 15:14:30.653660 | > DO_CALL (0.009s wait)
.2020-01-20 15:14:30.996305 | eval'd: drake::cmq_buildtargetmetadepsspecht_is_subtargetconfig
2020-01-20 15:14:32.982189 | > DO_CALL (0.013s wait)
.2020-01-20 15:14:33.325493 | eval'd: drake::cmq_buildtargetmetadepsspecht_is_subtargetconfig
2020-01-20 15:14:34.198429 | > DO_CALL (0.012s wait)
.2020-01-20 15:14:35.313140 | eval'd: drake::cmq_buildtargetmetadepsspecht_is_subtargetconfig
2020-01-20 15:14:35.956388 | > DO_CALL (0.003s wait)
.2020-01-20 15:14:36.285481 | eval'd: drake::cmq_buildtargetmetadepsspecht_is_subtargetconfig
2020-01-20 15:14:36.990820 | > DO_CALL (0.010s wait)
.2020-01-20 15:14:37.334362 | eval'd: drake::cmq_buildtargetmetadepsspecht_is_subtargetconfig
2020-01-20 15:14:38.085714 | > DO_CALL (0.009s wait)
.2020-01-20 15:14:38.432451 | eval'd: drake::cmq_buildtargetmetadepsspecht_is_subtargetconfig
2020-01-20 15:14:39.226126 | > DO_CALL (0.012s wait)
.2020-01-20 15:14:39.581365 | eval'd: drake::cmq_buildtargetmetadepsspecht_is_subtargetconfig
2020-01-20 15:14:40.827597 | > DO_CALL (0.019s wait)
.2020-01-20 15:14:41.962877 | eval'd: drake::cmq_buildtargetmetadepsspecht_is_subtargetconfig
2020-01-20 15:14:43.724263 | > DO_CALL (0.026s wait)
.2020-01-20 15:14:44.110372 | eval'd: drake::cmq_buildtargetmetadepsspecht_is_subtargetconfig
2020-01-20 15:14:45.161685 | > DO_CALL (0.010s wait)
.2020-01-20 15:14:45.503410 | eval'd: drake::cmq_buildtargetmetadepsspecht_is_subtargetconfig
2020-01-20 15:14:46.526888 | > DO_CALL (0.005s wait)
.2020-01-20 15:14:46.841698 | eval'd: drake::cmq_buildtargetmetadepsspecht_is_subtargetconfig
2020-01-20 15:14:47.940589 | > DO_CALL (0.000s wait)
.2020-01-20 15:14:47.950068 | eval'd: drake::cmq_buildtargetmetadepsspecht_is_subtargetconfig
2020-01-20 15:14:49.431295 | > DO_CALL (0.018s wait)
.2020-01-20 15:14:50.565604 | eval'd: drake::cmq_buildtargetmetadepsspecht_is_subtargetconfig
2020-01-20 15:14:51.956191 | > DO_CALL (0.008s wait)
.2020-01-20 15:14:52.300186 | eval'd: drake::cmq_buildtargetmetadepsspecht_is_subtargetconfig
2020-01-20 15:14:53.344630 | > DO_CALL (0.007s wait)
.2020-01-20 15:14:53.687876 | eval'd: drake::cmq_buildtargetmetadepsspecht_is_subtargetconfig
2020-01-20 15:14:54.821543 | > DO_CALL (0.016s wait)
.2020-01-20 15:14:55.188342 | eval'd: drake::cmq_buildtargetmetadepsspecht_is_subtargetconfig
2020-01-20 15:14:56.170245 | > DO_CALL (0.019s wait)
.2020-01-20 15:14:56.538632 | eval'd: drake::cmq_buildtargetmetadepsspecht_is_subtargetconfig
2020-01-20 15:14:57.556095 | > DO_CALL (0.016s wait)
.2020-01-20 15:14:58.615240 | eval'd: drake::cmq_buildtargetmetadepsspecht_is_subtargetconfig
2020-01-20 15:14:58.925471 | > DO_CALL (0.014s wait)
.2020-01-20 15:14:59.284500 | eval'd: drake::cmq_buildtargetmetadepsspecht_is_subtargetconfig
2020-01-20 15:15:01.418678 | > DO_CALL (0.006s wait)
.2020-01-20 15:15:01.759286 | eval'd: drake::cmq_buildtargetmetadepsspecht_is_subtargetconfig
2020-01-20 15:15:02.940220 | > DO_CALL (0.018s wait)
.2020-01-20 15:15:03.308247 | eval'd: drake::cmq_buildtargetmetadepsspecht_is_subtargetconfig
2020-01-20 15:15:04.280408 | > DO_CALL (0.011s wait)
.2020-01-20 15:15:05.373451 | eval'd: drake::cmq_buildtargetmetadepsspecht_is_subtargetconfig
2020-01-20 15:15:05.620524 | > DO_CALL (0.003s wait)
.2020-01-20 15:15:05.880633 | eval'd: drake::cmq_buildtargetmetadepsspecht_is_subtargetconfig
2020-01-20 15:15:07.067958 | > DO_CALL (0.013s wait)
.2020-01-20 15:15:07.435749 | eval'd: drake::cmq_buildtargetmetadepsspecht_is_subtargetconfig
2020-01-20 15:15:09.399353 | > DO_CALL (0.015s wait)
.2020-01-20 15:15:09.750360 | eval'd: drake::cmq_buildtargetmetadepsspecht_is_subtargetconfig
2020-01-20 15:15:10.736459 | > DO_CALL (0.000s wait)
.2020-01-20 15:15:10.787908 | eval'd: drake::cmq_buildtargetmetadepsspecht_is_subtargetconfig
2020-01-20 15:15:12.142498 | > DO_CALL (0.017s wait)
.2020-01-20 15:15:12.510572 | eval'd: drake::cmq_buildtargetmetadepsspecht_is_subtargetconfig
2020-01-20 15:15:13.464355 | > DO_CALL (0.013s wait)
.2020-01-20 15:15:14.575653 | eval'd: drake::cmq_buildtargetmetadepsspecht_is_subtargetconfig
2020-01-20 15:15:15.161646 | > DO_CALL (0.009s wait)
.
2020-01-20 15:15:15.530062 | eval'd: drake::cmq_buildtargetmetadepsspecht_is_subtargetconfig
2020-01-20 15:15:15.774982 | > DO_CALL (0.016s wait)
.2020-01-20 15:15:16.163634 | eval'd: drake::cmq_buildtargetmetadepsspecht_is_subtargetconfig
2020-01-20 15:15:18.197317 | > DO_CALL (0.009s wait)
.2020-01-20 15:15:18.543092 | eval'd: drake::cmq_buildtargetmetadepsspecht_is_subtargetconfig
2020-01-20 15:15:19.510696 | > DO_CALL (0.001s wait)
.2020-01-20 15:15:19.652170 | eval'd: drake::cmq_buildtargetmetadepsspecht_is_subtargetconfig
2020-01-20 15:15:20.912556 | > DO_CALL (0.011s wait)
.2020-01-20 15:15:21.983783 | eval'd: drake::cmq_buildtargetmetadepsspecht_is_subtargetconfig
2020-01-20 15:15:22.331506 | > DO_CALL (0.008s wait)
.2020-01-20 15:15:22.696089 | eval'd: drake::cmq_buildtargetmetadepsspecht_is_subtargetconfig
2020-01-20 15:15:23.761906 | > DO_CALL (0.014s wait)
.2020-01-20 15:15:24.148790 | eval'd: drake::cmq_buildtargetmetadepsspecht_is_subtargetconfig
2020-01-20 15:15:25.060650 | > DO_CALL (0.013s wait)
.2020-01-20 15:15:25.418649 | eval'd: drake::cmq_buildtargetmetadepsspecht_is_subtargetconfig
2020-01-20 15:15:27.495532 | > DO_CALL (0.003s wait)
.2020-01-20 15:15:28.393101 | eval'd: drake::cmq_buildtargetmetadepsspecht_is_subtargetconfig
2020-01-20 15:15:28.920586 | > DO_CALL (0.006s wait)
.2020-01-20 15:15:29.252870 | eval'd: drake::cmq_buildtargetmetadepsspecht_is_subtargetconfig
2020-01-20 15:15:30.449943 | > DO_CALL (0.013s wait)
.2020-01-20 15:15:30.802208 | eval'd: drake::cmq_buildtargetmetadepsspecht_is_subtargetconfig
2020-01-20 15:15:31.773995 | > DO_CALL (0.008s wait)
.2020-01-20 15:15:32.131036 | eval'd: drake::cmq_buildtargetmetadepsspecht_is_subtargetconfig
2020-01-20 15:15:33.232654 | > DO_CALL (0.020s wait)
.2020-01-20 15:15:33.626922 | eval'd: drake::cmq_buildtargetmetadepsspecht_is_subtargetconfig
2020-01-20 15:15:35.622752 | > DO_CALL (0.005s wait)
.2020-01-20 15:15:36.682266 | eval'd: drake::cmq_buildtargetmetadepsspecht_is_subtargetconfig
2020-01-20 15:15:37.274384 | > DO_CALL (0.037s wait)
.2020-01-20 15:15:37.687552 | eval'd: drake::cmq_buildtargetmetadepsspecht_is_subtargetconfig
2020-01-20 15:15:38.638926 | > DO_CALL (0.011s wait)
.2020-01-20 15:15:38.989967 | eval'd: drake::cmq_buildtargetmetadepsspecht_is_subtargetconfig
2020-01-20 15:15:40.128413 | > DO_CALL (0.010s wait)
.2020-01-20 15:15:40.463039 | eval'd: drake::cmq_buildtargetmetadepsspecht_is_subtargetconfig
2020-01-20 15:15:41.478344 | > DO_CALL (0.005s wait)
.2020-01-20 15:15:42.393105 | eval'd: drake::cmq_buildtargetmetadepsspecht_is_subtargetconfig
2020-01-20 15:15:42.717660 | > DO_CALL (0.000s wait)
.2020-01-20 15:15:42.728641 | eval'd: drake::cmq_buildtargetmetadepsspecht_is_subtargetconfig
2020-01-20 15:15:45.575743 | > DO_CALL (0.016s wait)
.2020-01-20 15:15:45.949573 | eval'd: drake::cmq_buildtargetmetadepsspecht_is_subtargetconfig
2020-01-20 15:15:46.991911 | > DO_CALL (0.006s wait)
.2020-01-20 15:15:47.313406 | eval'd: drake::cmq_buildtargetmetadepsspecht_is_subtargetconfig
2020-01-20 15:15:48.383578 | > DO_CALL (0.005s wait)
.2020-01-20 15:15:48.716982 | eval'd: drake::cmq_buildtargetmetadepsspecht_is_subtargetconfig
2020-01-20 15:15:49.794220 | > DO_CALL (0.011s wait)
.2020-01-20 15:15:50.852292 | eval'd: drake::cmq_buildtargetmetadepsspecht_is_subtargetconfig
2020-01-20 15:15:51.151727 | > DO_CALL (0.006s wait)
.2020-01-20 15:15:51.488843 | eval'd: drake::cmq_buildtargetmetadepsspecht_is_subtargetconfig
2020-01-20 15:15:54.150516 | > DO_CALL (0.016s wait)
.2020-01-20 15:15:54.520970 | eval'd: drake::cmq_buildtargetmetadepsspecht_is_subtargetconfig
2020-01-20 15:15:55.568686 | > DO_CALL (0.015s wait)
.2020-01-20 15:15:55.925850 | eval'd: drake::cmq_buildtargetmetadepsspecht_is_subtargetconfig
2020-01-20 15:15:56.865693 | > DO_CALL (0.000s wait)
.2020-01-20 15:15:56.878042 | eval'd: drake::cmq_buildtargetmetadepsspecht_is_subtargetconfig
2020-01-20 15:15:58.300452 | > DO_CALL (0.013s wait)
.2020-01-20 15:15:58.663109 | eval'd: drake::cmq_buildtargetmetadepsspecht_is_subtargetconfig
2020-01-20 15:15:59.618639 | > DO_CALL (0.012s wait)
.2020-01-20 15:16:00.717657 | eval'd: drake::cmq_buildtargetmetadepsspecht_is_subtargetconfig
2020-01-20 15:16:00.912516 | > DO_CALL (0.011s wait)
.2020-01-20 15:16:01.263025 | eval'd: drake::cmq_buildtargetmetadepsspecht_is_subtargetconfig
2020-01-20 15:16:03.507437 | > DO_CALL (0.018s wait)
.2020-01-20 15:16:03.873954 | eval'd: drake::cmq_buildtargetmetadepsspecht_is_subtargetconfig
2020-01-20 15:16:04.985219 | > DO_CALL (0.024s wait)
.2020-01-20 15:16:05.363599 | eval'd: drake::cmq_buildtargetmetadepsspecht_is_subtargetconfig
2020-01-20 15:16:06.232324 | > DO_CALL (0.016s wait)
.2020-01-20 15:16:07.319449 | eval'd: drake::cmq_buildtargetmetadepsspecht_is_subtargetconfig
2020-01-20 15:16:07.716261 | > DO_CALL (0.019s wait)
.2020-01-20 15:16:08.086514 | eval'd: drake::cmq_buildtargetmetadepsspecht_is_subtargetconfig
2020-01-20 15:16:09.131597 | > DO_CALL (0.008s wait)
.2020-01-20 15:16:09.469771 | eval'd: drake::cmq_buildtargetmetadepsspecht_is_subtargetconfig
2020-01-20 15:16:10.501060 | > DO_CALL (0.005s wait)
.2020-01-20 15:16:10.833068 | eval'd: drake::cmq_buildtargetmetadepsspecht_is_subtargetconfig
2020-01-20 15:16:13.030013 | > DO_CALL (0.014s wait)
.2020-01-20 15:16:13.393117 | eval'd: drake::cmq_buildtargetmetadepsspecht_is_subtargetconfig
2020-01-20 15:16:14.426770 | > DO_CALL (0.014s wait)
.2020-01-20 15:16:15.451752 | eval'd: drake::cmq_buildtargetmetadepsspecht_is_subtargetconfig
2020-01-20 15:16:16.483237 | > DO_CALL (0.013s wait)
.2020-01-20 15:16:16.828751 | eval'd: drake::cmq_buildtargetmetadepsspecht_is_subtargetconfig
2020-01-20 15:16:17.835839 | > DO_CALL (0.006s wait)
.2020-01-20 15:16:18.165920 | eval'd: drake::cmq_buildtargetmetadepsspecht_is_subtargetconfig
2020-01-20 15:16:19.217547 | > DO_CALL (0.014s wait)
.2020-01-20 15:16:19.574113 | eval'd: drake::cmq_buildtargetmetadepsspecht_is_subtargetconfig
2020-01-20 15:16:21.600866 | > DO_CALL (0.007s wait)
.2020-01-20 15:16:22.625132 | eval'd: drake::cmq_buildtargetmetadepsspecht_is_subtargetconfig
2020-01-20 15:16:23.113947 | > DO_CALL (0.013s wait)
.2020-01-20 15:16:23.481909 | eval'd: drake::cmq_buildtargetmetadepsspecht_is_subtargetconfig
2020-01-20 15:16:24.492278 | > DO_CALL (0.016s wait)
.2020-01-20 15:16:24.841124 | eval'd: drake::cmq_buildtargetmetadepsspecht_is_subtargetconfig
2020-01-20 15:16:25.868599 | > DO_CALL (0.013s wait)
.2020-01-20 15:16:26.219664 | eval'd: drake::cmq_buildtargetmetadepsspecht_is_subtargetconfig
2020-01-20 15:16:27.210513 | > DO_CALL (0.010s wait)
.2020-01-20 15:16:27.563068 | eval'd: drake::cmq_buildtargetmetadepsspecht_is_subtargetconfig
2020-01-20 15:16:29.651022 | > DO_CALL (0.014s wait)
.2020-01-20 15:16:30.706159 | eval'd: drake::cmq_buildtargetmetadepsspecht_is_subtargetconfig
2020-01-20 15:16:31.084486 | > DO_CALL (0.012s wait)
.2020-01-20 15:16:31.442311 | eval'd: drake::cmq_buildtargetmetadepsspecht_is_subtargetconfig
2020-01-20 15:16:32.800557 | > DO_CALL (0.022s wait)
.2020-01-20 15:16:33.173487 | eval'd: drake::cmq_buildtargetmetadepsspecht_is_subtargetconfig
2020-01-20 15:16:34.257663 | > DO_CALL (0.014s wait)
.2020-01-20 15:16:34.617310 | eval'd: drake::cmq_buildtargetmetadepsspecht_is_subtargetconfig
2020-01-20 15:16:35.603929 | > DO_CALL (0.000s wait)
.2020-01-20 15:16:35.615153 | eval'd: drake::cmq_buildtargetmetadepsspecht_is_subtargetconfig
2020-01-20 15:16:38.155523 | > DO_CALL (0.000s wait)
.2020-01-20 15:16:38.204920 | eval'd: drake::cmq_buildtargetmetadepsspecht_is_subtargetconfig
2020-01-20 15:16:39.669325 | > DO_CALL (0.012s wait)
.2020-01-20 15:16:40.710799 | eval'd: drake::cmq_buildtargetmetadepsspecht_is_subtargetconfig
2020-01-20 15:16:41.195553 | > DO_CALL (0.018s wait)
.2020-01-20 15:16:41.572764 | eval'd: drake::cmq_buildtargetmetadepsspecht_is_subtargetconfig
2020-01-20 15:16:42.794106 | > DO_CALL (0.032s wait)
.2020-01-20 15:16:43.186046 | eval'd: drake::cmq_buildtargetmetadepsspecht_is_subtargetconfig
2020-01-20 15:16:44.221311 | > DO_CALL (0.012s wait)
.2020-01-20 15:16:44.570469 | eval'd: drake::cmq_buildtargetmetadepsspecht_is_subtargetconfig
2020-01-20 15:16:46.759240 | > DO_CALL (0.011s wait)
.2020-01-20 15:16:47.823539 | eval'd: drake::cmq_buildtargetmetadepsspecht_is_subtargetconfig
2020-01-20 15:16:48.313350 | > DO_CALL (0.011s wait)
.2020-01-20 15:16:48.665306 | eval'd: drake::cmq_buildtargetmetadepsspecht_is_subtargetconfig
2020-01-20 15:16:49.880609 | > DO_CALL (0.024s wait)
.2020-01-20 15:16:50.261518 | eval'd: drake::cmq_buildtargetmetadepsspecht_is_subtargetconfig
2020-01-20 15:16:51.441978 | > DO_CALL (0.012s wait)
.2020-01-20 15:16:51.801213 | eval'd: drake::cmq_buildtargetmetadepsspecht_is_subtargetconfig
2020-01-20 15:16:52.989547 | > DO_CALL (0.014s wait)
.2020-01-20 15:16:53.340856 | eval'd: drake::cmq_buildtargetmetadepsspecht_is_subtargetconfig
2020-01-20 15:16:54.572976 | > DO_CALL (0.014s wait)
.2020-01-20 15:16:55.676945 | eval'd: drake::cmq_buildtargetmetadepsspecht_is_subtargetconfig
2020-01-20 15:16:57.354915 | > DO_CALL (0.005s wait)
.2020-01-20 15:16:57.693584 | eval'd: drake::cmq_buildtargetmetadepsspecht_is_subtargetconfig
2020-01-20 15:16:59.026109 | > DO_CALL (0.031s wait)
.2020-01-20 15:16:59.413343 | eval'd: drake::cmq_buildtargetmetadepsspecht_is_subtargetconfig
2020-01-20 15:17:00.480956 | > DO_CALL (0.014s wait)
.2020-01-20 15:17:00.837402 | eval'd: drake::cmq_buildtargetmetadepsspecht_is_subtargetconfig
2020-01-20 15:17:01.974683 | > DO_CALL (0.003s wait)
.2020-01-20 15:17:02.980095 | eval'd: drake::cmq_buildtargetmetadepsspecht_is_subtargetconfig
2020-01-20 15:17:03.553626 | > DO_CALL (0.016s wait)
.2020-01-20 15:17:03.929848 | eval'd: drake::cmq_buildtargetmetadepsspecht_is_subtargetconfig
2020-01-20 15:17:06.517374 | > DO_CALL (0.009s wait)
.2020-01-20 15:17:06.861368 | eval'd: drake::cmq_buildtargetmetadepsspecht_is_subtargetconfig
2020-01-20 15:17:08.208633 | > DO_CALL (0.037s wait)
.2020-01-20 15:17:08.603611 | eval'd: drake::cmq_buildtargetmetadepsspecht_is_subtargetconfig
2020-01-20 15:17:09.612861 | > DO_CALL (0.016s wait)
.2020-01-20 15:17:09.982784 | eval'd: drake::cmq_buildtargetmetadepsspecht_is_subtargetconfig
2020-01-20 15:17:11.049212 | > DO_CALL (0.001s wait)
.2020-01-20 15:17:11.084523 | eval'd: drake::cmq_buildtargetmetadepsspecht_is_subtargetconfig
2020-01-20 15:17:12.663272 | > DO_CALL (0.015s wait)
.2020-01-20 15:17:13.807472 | eval'd: drake::cmq_buildtargetmetadepsspecht_is_subtargetconfig
2020-01-20 15:17:15.421150 | > DO_CALL (0.009s wait)
.2020-01-20 15:17:15.763237 | eval'd: drake::cmq_buildtargetmetadepsspecht_is_subtargetconfig
2020-01-20 15:17:16.951758 | > DO_CALL (0.028s wait)
.2020-01-20 15:17:17.328327 | eval'd: drake::cmq_buildtargetmetadepsspecht_is_subtargetconfig
2020-01-20 15:17:18.479579 | > DO_CALL (0.014s wait)
.2020-01-20 15:17:18.844551 | eval'd: drake::cmq_buildtargetmetadepsspecht_is_subtargetconfig
2020-01-20 15:17:19.981099 | > DO_CALL (0.017s wait)
.2020-01-20 15:17:21.017212 | eval'd: drake::cmq_buildtargetmetadepsspecht_is_subtargetconfig
2020-01-20 15:17:21.430931 | > DO_CALL (0.006s wait)
.2020-01-20 15:17:21.775236 | eval'd: drake::cmq_buildtargetmetadepsspecht_is_subtargetconfig
2020-01-20 15:17:23.982864 | > DO_CALL (0.011s wait)
.2020-01-20 15:17:24.339959 | eval'd: drake::cmq_buildtargetmetadepsspecht_is_subtargetconfig
2020-01-20 15:17:25.340694 | > DO_CALL (0.009s wait)
.2020-01-20 15:17:25.675879 | eval'd: drake::cmq_buildtargetmetadepsspecht_is_subtargetconfig
2020-01-20 15:17:26.735706 | > DO_CALL (0.019s wait)
.
2020-01-20 15:17:27.888079 | eval'd: drake::cmq_buildtargetmetadepsspecht_is_subtargetconfig
2020-01-20 15:17:28.548110 | > DO_CALL (0.005s wait)
.2020-01-20 15:17:28.828125 | eval'd: drake::cmq_buildtargetmetadepsspecht_is_subtargetconfig
2020-01-20 15:17:29.812967 | > DO_CALL (0.003s wait)
.2020-01-20 15:17:30.144582 | eval'd: drake::cmq_buildtargetmetadepsspecht_is_subtargetconfig
2020-01-20 15:17:32.130774 | > DO_CALL (0.015s wait)
.2020-01-20 15:17:32.504348 | eval'd: drake::cmq_buildtargetmetadepsspecht_is_subtargetconfig
2020-01-20 15:17:33.349069 | > DO_CALL (0.002s wait)
.2020-01-20 15:17:33.643437 | eval'd: drake::cmq_buildtargetmetadepsspecht_is_subtargetconfig
2020-01-20 15:17:34.924096 | > DO_CALL (0.013s wait)
.2020-01-20 15:17:36.062776 | eval'd: drake::cmq_buildtargetmetadepsspecht_is_subtargetconfig
2020-01-20 15:17:36.392356 | > DO_CALL (0.011s wait)
.2020-01-20 15:17:36.742802 | eval'd: drake::cmq_buildtargetmetadepsspecht_is_subtargetconfig
2020-01-20 15:17:37.827530 | > DO_CALL (0.011s wait)
.2020-01-20 15:17:38.174973 | eval'd: drake::cmq_buildtargetmetadepsspecht_is_subtargetconfig
2020-01-20 15:17:40.481327 | > DO_CALL (0.014s wait)
.2020-01-20 15:17:40.840822 | eval'd: drake::cmq_buildtargetmetadepsspecht_is_subtargetconfig
2020-01-20 15:17:41.982326 | > DO_CALL (0.014s wait)
.2020-01-20 15:17:42.345524 | eval'd: drake::cmq_buildtargetmetadepsspecht_is_subtargetconfig
2020-01-20 15:17:43.613097 | > DO_CALL (0.026s wait)
.2020-01-20 15:17:44.710901 | eval'd: drake::cmq_buildtargetmetadepsspecht_is_subtargetconfig
2020-01-20 15:17:45.030834 | > DO_CALL (0.015s wait)
.2020-01-20 15:17:45.399801 | eval'd: drake::cmq_buildtargetmetadepsspecht_is_subtargetconfig
2020-01-20 15:17:46.774116 | > DO_CALL (0.035s wait)
.2020-01-20 15:17:47.171354 | eval'd: drake::cmq_buildtargetmetadepsspecht_is_subtargetconfig
2020-01-20 15:17:49.264680 | > DO_CALL (0.008s wait)
.2020-01-20 15:17:49.605817 | eval'd: drake::cmq_buildtargetmetadepsspecht_is_subtargetconfig
2020-01-20 15:17:50.746992 | > DO_CALL (0.015s wait)
.2020-01-20 15:17:51.918664 | eval'd: drake::cmq_buildtargetmetadepsspecht_is_subtargetconfig
2020-01-20 15:17:52.132455 | > DO_CALL (0.008s wait)
.2020-01-20 15:17:52.470795 | eval'd: drake::cmq_buildtargetmetadepsspecht_is_subtargetconfig
2020-01-20 15:17:53.722281 | > DO_CALL (0.022s wait)
.2020-01-20 15:17:54.096533 | eval'd: drake::cmq_buildtargetmetadepsspecht_is_subtargetconfig
2020-01-20 15:17:55.026102 | > DO_CALL (0.021s wait)
.2020-01-20 15:17:55.388309 | eval'd: drake::cmq_buildtargetmetadepsspecht_is_subtargetconfig
2020-01-20 15:17:57.511257 | > DO_CALL (0.010s wait)
.2020-01-20 15:17:58.527543 | eval'd: drake::cmq_buildtargetmetadepsspecht_is_subtargetconfig
2020-01-20 15:17:59.005111 | > DO_CALL (0.009s wait)
.2020-01-20 15:17:59.351107 | eval'd: drake::cmq_buildtargetmetadepsspecht_is_subtargetconfig
2020-01-20 15:18:00.582259 | > DO_CALL (0.015s wait)
.2020-01-20 15:18:00.964550 | eval'd: drake::cmq_buildtargetmetadepsspecht_is_subtargetconfig
2020-01-20 15:18:02.151128 | > DO_CALL (0.019s wait)
.2020-01-20 15:18:02.528154 | eval'd: drake::cmq_buildtargetmetadepsspecht_is_subtargetconfig
2020-01-20 15:18:03.639062 | > DO_CALL (0.006s wait)
.2020-01-20 15:18:03.974369 | eval'd: drake::cmq_buildtargetmetadepsspecht_is_subtargetconfig
2020-01-20 15:18:06.149197 | > DO_CALL (0.014s wait)
.2020-01-20 15:18:07.278441 | eval'd: drake::cmq_buildtargetmetadepsspecht_is_subtargetconfig
2020-01-20 15:18:07.531832 | > DO_CALL (0.000s wait)
.2020-01-20 15:18:07.545874 | eval'd: drake::cmq_buildtargetmetadepsspecht_is_subtargetconfig
2020-01-20 15:18:08.932752 | > DO_CALL (0.000s wait)
.2020-01-20 15:18:08.944143 | eval'd: drake::cmq_buildtargetmetadepsspecht_is_subtargetconfig
2020-01-20 15:18:10.406801 | > DO_CALL (0.003s wait)
.2020-01-20 15:18:10.731317 | eval'd: drake::cmq_buildtargetmetadepsspecht_is_subtargetconfig
2020-01-20 15:18:12.008767 | > DO_CALL (0.025s wait)
.2020-01-20 15:18:12.384103 | eval'd: drake::cmq_buildtargetmetadepsspecht_is_subtargetconfig
2020-01-20 15:18:14.835788 | > DO_CALL (0.012s wait)
.2020-01-20 15:18:15.189934 | eval'd: drake::cmq_buildtargetmetadepsspecht_is_subtargetconfig
2020-01-20 15:18:16.332324 | > DO_CALL (0.009s wait)
.2020-01-20 15:18:17.402205 | eval'd: drake::cmq_buildtargetmetadepsspecht_is_subtargetconfig
2020-01-20 15:18:17.820486 | > DO_CALL (0.001s wait)
.2020-01-20 15:18:17.890892 | eval'd: drake::cmq_buildtargetmetadepsspecht_is_subtargetconfig
2020-01-20 15:18:19.298589 | > DO_CALL (0.021s wait)
.2020-01-20 15:18:19.697574 | eval'd: drake::cmq_buildtargetmetadepsspecht_is_subtargetconfig
2020-01-20 15:18:20.722111 | > DO_CALL (0.012s wait)
.2020-01-20 15:18:21.095148 | eval'd: drake::cmq_buildtargetmetadepsspecht_is_subtargetconfig
2020-01-20 15:18:23.732607 | > DO_CALL (0.017s wait)
.2020-01-20 15:18:24.110927 | eval'd: drake::cmq_buildtargetmetadepsspecht_is_subtargetconfig
2020-01-20 15:18:25.195932 | > DO_CALL (0.009s wait)
.2020-01-20 15:18:26.355071 | eval'd: drake::cmq_buildtargetmetadepsspecht_is_subtargetconfig
2020-01-20 15:18:26.796279 | > DO_CALL (0.024s wait)
.2020-01-20 15:18:27.193652 | eval'd: drake::cmq_buildtargetmetadepsspecht_is_subtargetconfig
2020-01-20 15:18:28.146856 | > DO_CALL (0.000s wait)
.2020-01-20 15:18:28.159846 | eval'd: drake::cmq_buildtargetmetadepsspecht_is_subtargetconfig
2020-01-20 15:18:29.532324 | > DO_CALL (0.012s wait)
.2020-01-20 15:18:29.908927 | eval'd: drake::cmq_buildtargetmetadepsspecht_is_subtargetconfig
2020-01-20 15:18:31.973882 | > DO_CALL (0.008s wait)
.2020-01-20 15:18:32.339964 | eval'd: drake::cmq_buildtargetmetadepsspecht_is_subtargetconfig
2020-01-20 15:18:32.660609 | > DO_CALL (0.001s wait)
.2020-01-20 15:18:32.668251 | eval'd: drake::cmq_buildtargetmetadepsspecht_is_subtargetconfig
2020-01-20 15:18:32.750757 | > DO_CALL (0.001s wait)
.2020-01-20 15:18:35.368487 | eval'd: drake::cmq_buildtargetmetadepsspecht_is_subtargetconfig
2020-01-20 15:18:36.466351 | > DO_CALL (0.001s wait)
.2020-01-20 15:18:36.472450 | eval'd: drake::cmq_buildtargetmetadepsspecht_is_subtargetconfig
2020-01-20 15:18:37.537278 | > DO_CALL (0.001s wait)
.2020-01-20 15:18:37.543218 | eval'd: drake::cmq_buildtargetmetadepsspecht_is_subtargetconfig
2020-01-20 15:18:39.687278 | > DO_CALL (0.001s wait)
.2020-01-20 15:18:39.693397 | eval'd: drake::cmq_buildtargetmetadepsspecht_is_subtargetconfig
2020-01-20 15:18:40.801326 | > DO_CALL (0.001s wait)
.2020-01-20 15:18:40.807551 | eval'd: drake::cmq_buildtargetmetadepsspecht_is_subtargetconfig
2020-01-20 15:18:41.873277 | > DO_CALL (0.001s wait)
.2020-01-20 15:18:41.878680 | eval'd: drake::cmq_buildtargetmetadepsspecht_is_subtargetconfig
2020-01-20 15:18:42.934333 | > DO_CALL (0.001s wait)
.2020-01-20 15:18:42.940424 | eval'd: drake::cmq_buildtargetmetadepsspecht_is_subtargetconfig
2020-01-20 15:18:43.996271 | > DO_CALL (0.001s wait)
.2020-01-20 15:18:44.001655 | eval'd: drake::cmq_buildtargetmetadepsspecht_is_subtargetconfig
2020-01-20 15:18:46.149289 | > DO_CALL (0.001s wait)
.2020-01-20 15:18:46.154702 | eval'd: drake::cmq_buildtargetmetadepsspecht_is_subtargetconfig
2020-01-20 15:18:47.253385 | > DO_CALL (0.001s wait)
.2020-01-20 15:18:47.259083 | eval'd: drake::cmq_buildtargetmetadepsspecht_is_subtargetconfig
2020-01-20 15:18:48.337318 | > DO_CALL (0.001s wait)
.2020-01-20 15:18:48.343458 | eval'd: drake::cmq_buildtargetmetadepsspecht_is_subtargetconfig
2020-01-20 15:18:49.414377 | > DO_CALL (0.001s wait)
.2020-01-20 15:18:49.420419 | eval'd: drake::cmq_buildtargetmetadepsspecht_is_subtargetconfig
2020-01-20 15:18:50.527846 | > DO_CALL (0.000s wait)
.2020-01-20 15:18:50.532502 | eval'd: drake::cmq_buildtargetmetadepsspecht_is_subtargetconfig
2020-01-20 15:18:52.669335 | > DO_CALL (0.001s wait)
.2020-01-20 15:18:52.675241 | eval'd: drake::cmq_buildtargetmetadepsspecht_is_subtargetconfig
2020-01-20 15:18:53.739395 | > DO_CALL (0.001s wait)
.2020-01-20 15:18:53.745504 | eval'd: drake::cmq_buildtargetmetadepsspecht_is_subtargetconfig
2020-01-20 15:18:54.798207 | > DO_CALL (0.001s wait)
.2020-01-20 15:18:54.803784 | eval'd: drake::cmq_buildtargetmetadepsspecht_is_subtargetconfig
2020-01-20 15:18:55.862385 | > DO_CALL (0.001s wait)
.2020-01-20 15:18:55.868374 | eval'd: drake::cmq_buildtargetmetadepsspecht_is_subtargetconfig
2020-01-20 15:18:56.912074 | > DO_CALL (0.001s wait)
.2020-01-20 15:18:56.916530 | eval'd: drake::cmq_buildtargetmetadepsspecht_is_subtargetconfig
2020-01-20 15:18:59.053422 | > DO_CALL (0.001s wait)
.2020-01-20 15:18:59.059410 | eval'd: drake::cmq_buildtargetmetadepsspecht_is_subtargetconfig
2020-01-20 15:19:00.120321 | > DO_CALL (0.001s wait)
.2020-01-20 15:19:00.125694 | eval'd: drake::cmq_buildtargetmetadepsspecht_is_subtargetconfig
2020-01-20 15:19:01.182899 | > DO_CALL (0.000s wait)
.2020-01-20 15:19:01.187276 | eval'd: drake::cmq_buildtargetmetadepsspecht_is_subtargetconfig
2020-01-20 15:19:02.278218 | > DO_CALL (0.001s wait)
.2020-01-20 15:19:02.283824 | eval'd: drake::cmq_buildtargetmetadepsspecht_is_subtargetconfig
2020-01-20 15:19:03.353387 | > DO_CALL (0.001s wait)
.2020-01-20 15:19:03.359490 | eval'd: drake::cmq_buildtargetmetadepsspecht_is_subtargetconfig
2020-01-20 15:19:05.473368 | > DO_CALL (0.001s wait)
.2020-01-20 15:19:05.479104 | eval'd: drake::cmq_buildtargetmetadepsspecht_is_subtargetconfig
2020-01-20 15:19:06.524072 | > DO_CALL (0.001s wait)
.2020-01-20 15:19:06.528675 | eval'd: drake::cmq_buildtargetmetadepsspecht_is_subtargetconfig
2020-01-20 15:19:07.561466 | > DO_CALL (0.001s wait)
.2020-01-20 15:19:07.567420 | eval'd: drake::cmq_buildtargetmetadepsspecht_is_subtargetconfig
2020-01-20 15:19:08.634428 | > DO_CALL (0.001s wait)
.2020-01-20 15:19:08.640324 | eval'd: drake::cmq_buildtargetmetadepsspecht_is_subtargetconfig
2020-01-20 15:19:09.683357 | > DO_CALL (0.001s wait)
.2020-01-20 15:19:09.689492 | eval'd: drake::cmq_buildtargetmetadepsspecht_is_subtargetconfig
2020-01-20 15:19:11.843328 | > DO_CALL (0.001s wait)
.2020-01-20 15:19:11.849312 | eval'd: drake::cmq_buildtargetmetadepsspecht_is_subtargetconfig
2020-01-20 15:19:13.190968 | > DO_CALL (0.001s wait)
.2020-01-20 15:19:13.196682 | eval'd: drake::cmq_buildtargetmetadepsspecht_is_subtargetconfig
2020-01-20 15:19:14.394299 | > DO_CALL (0.001s wait)
.2020-01-20 15:19:14.400286 | eval'd: drake::cmq_buildtargetmetadepsspecht_is_subtargetconfig
2020-01-20 15:19:15.496326 | > DO_CALL (0.001s wait)
.2020-01-20 15:19:15.501915 | eval'd: drake::cmq_buildtargetmetadepsspecht_is_subtargetconfig
2020-01-20 15:19:17.650487 | > DO_CALL (0.001s wait)
.2020-01-20 15:19:17.656183 | eval'd: drake::cmq_buildtargetmetadepsspecht_is_subtargetconfig
2020-01-20 15:19:18.790323 | > DO_CALL (0.001s wait)
.2020-01-20 15:19:18.796359 | eval'd: drake::cmq_buildtargetmetadepsspecht_is_subtargetconfig
2020-01-20 15:19:19.893387 | > DO_CALL (0.001s wait)
.2020-01-20 15:19:19.899127 | eval'd: drake::cmq_buildtargetmetadepsspecht_is_subtargetconfig
2020-01-20 15:19:21.028330 | > DO_CALL (0.001s wait)
.2020-01-20 15:19:21.034235 | eval'd: drake::cmq_buildtargetmetadepsspecht_is_subtargetconfig
2020-01-20 15:19:22.126485 | > DO_CALL (0.001s wait)
.2020-01-20 15:19:22.132587 | eval'd: drake::cmq_buildtargetmetadepsspecht_is_subtargetconfig
2020-01-20 15:19:24.530242 | > DO_CALL (0.001s wait)
.2020-01-20 15:19:24.535578 | eval'd: drake::cmq_buildtargetmetadepsspecht_is_subtargetconfig
2020-01-20 15:19:25.706336 | > DO_CALL (0.001s wait)
.2020-01-20 15:19:25.712169 | eval'd: drake::cmq_buildtargetmetadepsspecht_is_subtargetconfig
2020-01-20 15:19:26.915443 | > DO_CALL (0.001s wait)
.
2020-01-20 15:19:26.921483 | eval'd: drake::cmq_buildtargetmetadepsspecht_is_subtargetconfig
2020-01-20 15:19:28.073338 | > DO_CALL (0.001s wait)
.2020-01-20 15:19:28.078726 | eval'd: drake::cmq_buildtargetmetadepsspecht_is_subtargetconfig
2020-01-20 15:19:29.280034 | > DO_CALL (0.001s wait)
.2020-01-20 15:19:29.284575 | eval'd: drake::cmq_buildtargetmetadepsspecht_is_subtargetconfig
2020-01-20 15:19:31.671910 | > DO_CALL (0.000s wait)
.2020-01-20 15:19:31.676376 | eval'd: drake::cmq_buildtargetmetadepsspecht_is_subtargetconfig
2020-01-20 15:19:32.680114 | > DO_CALL (0.001s wait)
.2020-01-20 15:19:32.686127 | eval'd: drake::cmq_buildtargetmetadepsspecht_is_subtargetconfig
2020-01-20 15:19:33.715206 | > DO_CALL (0.001s wait)
.2020-01-20 15:19:33.721113 | eval'd: drake::cmq_buildtargetmetadepsspecht_is_subtargetconfig
2020-01-20 15:19:34.716468 | > DO_CALL (0.001s wait)
.2020-01-20 15:19:34.722378 | eval'd: drake::cmq_buildtargetmetadepsspecht_is_subtargetconfig
2020-01-20 15:19:36.809370 | > DO_CALL (0.001s wait)
.2020-01-20 15:19:36.815360 | eval'd: drake::cmq_buildtargetmetadepsspecht_is_subtargetconfig
2020-01-20 15:19:37.830184 | > DO_CALL (0.001s wait)
.2020-01-20 15:19:37.836266 | eval'd: drake::cmq_buildtargetmetadepsspecht_is_subtargetconfig
2020-01-20 15:19:38.799285 | > DO_CALL (0.001s wait)
.2020-01-20 15:19:38.805159 | eval'd: drake::cmq_buildtargetmetadepsspecht_is_subtargetconfig
2020-01-20 15:19:39.799543 | > DO_CALL (0.001s wait)
.2020-01-20 15:19:39.805492 | eval'd: drake::cmq_buildtargetmetadepsspecht_is_subtargetconfig
2020-01-20 15:19:40.792729 | > DO_CALL (0.001s wait)
.2020-01-20 15:19:40.798805 | eval'd: drake::cmq_buildtargetmetadepsspecht_is_subtargetconfig
2020-01-20 15:19:42.784082 | > DO_CALL (0.001s wait)
.2020-01-20 15:19:42.790267 | eval'd: drake::cmq_buildtargetmetadepsspecht_is_subtargetconfig
2020-01-20 15:19:43.757131 | > DO_CALL (0.001s wait)
.2020-01-20 15:19:43.762594 | eval'd: drake::cmq_buildtargetmetadepsspecht_is_subtargetconfig
2020-01-20 15:19:44.800375 | > DO_CALL (0.001s wait)
.2020-01-20 15:19:44.806348 | eval'd: drake::cmq_buildtargetmetadepsspecht_is_subtargetconfig
2020-01-20 15:19:45.935307 | > DO_CALL (0.001s wait)
.2020-01-20 15:19:45.941216 | eval'd: drake::cmq_buildtargetmetadepsspecht_is_subtargetconfig
2020-01-20 15:19:47.083429 | > DO_CALL (0.000s wait)
.2020-01-20 15:19:47.088041 | eval'd: drake::cmq_buildtargetmetadepsspecht_is_subtargetconfig
2020-01-20 15:19:49.291092 | > DO_CALL (0.001s wait)
.2020-01-20 15:19:49.294993 | eval'd: drake::cmq_buildtargetmetadepsspecht_is_subtargetconfig
2020-01-20 15:19:50.419395 | > DO_CALL (0.001s wait)
.2020-01-20 15:19:50.426155 | eval'd: drake::cmq_buildtargetmetadepsspecht_is_subtargetconfig
2020-01-20 15:19:51.553438 | > DO_CALL (0.001s wait)
.2020-01-20 15:19:51.559472 | eval'd: drake::cmq_buildtargetmetadepsspecht_is_subtargetconfig
2020-01-20 15:19:52.690506 | > DO_CALL (0.000s wait)
.2020-01-20 15:19:52.694709 | eval'd: drake::cmq_buildtargetmetadepsspecht_is_subtargetconfig
2020-01-20 15:19:53.834373 | > DO_CALL (0.001s wait)
.2020-01-20 15:19:53.840488 | eval'd: drake::cmq_buildtargetmetadepsspecht_is_subtargetconfig
2020-01-20 15:19:56.015459 | > DO_CALL (0.001s wait)
.2020-01-20 15:19:56.021782 | eval'd: drake::cmq_buildtargetmetadepsspecht_is_subtargetconfig
2020-01-20 15:19:57.173382 | > DO_CALL (0.001s wait)
.2020-01-20 15:19:57.179490 | eval'd: drake::cmq_buildtargetmetadepsspecht_is_subtargetconfig
2020-01-20 15:19:58.295114 | > DO_CALL (0.001s wait)
.2020-01-20 15:19:58.301222 | eval'd: drake::cmq_buildtargetmetadepsspecht_is_subtargetconfig
2020-01-20 15:19:59.286677 | > DO_CALL (0.001s wait)
.2020-01-20 15:19:59.292926 | eval'd: drake::cmq_buildtargetmetadepsspecht_is_subtargetconfig
2020-01-20 15:20:01.237962 | > DO_CALL (0.000s wait)
.2020-01-20 15:20:01.244887 | eval'd: drake::cmq_buildtargetmetadepsspecht_is_subtargetconfig
2020-01-20 15:20:02.208859 | > DO_CALL (0.001s wait)
.2020-01-20 15:20:02.214955 | eval'd: drake::cmq_buildtargetmetadepsspecht_is_subtargetconfig
2020-01-20 15:20:03.186846 | > DO_CALL (0.001s wait)
.2020-01-20 15:20:03.192632 | eval'd: drake::cmq_buildtargetmetadepsspecht_is_subtargetconfig
2020-01-20 15:20:04.145194 | > DO_CALL (0.001s wait)
.2020-01-20 15:20:04.150737 | eval'd: drake::cmq_buildtargetmetadepsspecht_is_subtargetconfig
2020-01-20 15:20:05.114243 | > DO_CALL (0.001s wait)
.2020-01-20 15:20:05.120158 | eval'd: drake::cmq_buildtargetmetadepsspecht_is_subtargetconfig
2020-01-20 15:20:07.030350 | > DO_CALL (0.001s wait)
.2020-01-20 15:20:07.035927 | eval'd: drake::cmq_buildtargetmetadepsspecht_is_subtargetconfig
2020-01-20 15:20:07.998382 | > DO_CALL (0.001s wait)
.2020-01-20 15:20:08.003895 | eval'd: drake::cmq_buildtargetmetadepsspecht_is_subtargetconfig
2020-01-20 15:20:08.955679 | > DO_CALL (0.001s wait)
.2020-01-20 15:20:08.961796 | eval'd: drake::cmq_buildtargetmetadepsspecht_is_subtargetconfig
2020-01-20 15:20:09.913087 | > DO_CALL (0.001s wait)
.2020-01-20 15:20:09.919136 | eval'd: drake::cmq_buildtargetmetadepsspecht_is_subtargetconfig
2020-01-20 15:20:10.879801 | > DO_CALL (0.001s wait)
.2020-01-20 15:20:10.885875 | eval'd: drake::cmq_buildtargetmetadepsspecht_is_subtargetconfig
2020-01-20 15:20:12.790414 | > DO_CALL (0.001s wait)
.2020-01-20 15:20:12.796554 | eval'd: drake::cmq_buildtargetmetadepsspecht_is_subtargetconfig
2020-01-20 15:20:13.745648 | > DO_CALL (0.001s wait)
.2020-01-20 15:20:13.751686 | eval'd: drake::cmq_buildtargetmetadepsspecht_is_subtargetconfig
2020-01-20 15:20:14.713010 | > DO_CALL (0.001s wait)
.2020-01-20 15:20:14.719175 | eval'd: drake::cmq_buildtargetmetadepsspecht_is_subtargetconfig
2020-01-20 15:20:15.665333 | > DO_CALL (0.001s wait)
.2020-01-20 15:20:15.671364 | eval'd: drake::cmq_buildtargetmetadepsspecht_is_subtargetconfig
2020-01-20 15:20:17.823540 | > DO_CALL (0.001s wait)
.2020-01-20 15:20:17.829829 | eval'd: drake::cmq_buildtargetmetadepsspecht_is_subtargetconfig
2020-01-20 15:20:18.935396 | > DO_CALL (0.001s wait)
.2020-01-20 15:20:18.941254 | eval'd: drake::cmq_buildtargetmetadepsspecht_is_subtargetconfig
2020-01-20 15:20:20.041625 | > DO_CALL (0.000s wait)
.2020-01-20 15:20:20.045984 | eval'd: drake::cmq_buildtargetmetadepsspecht_is_subtargetconfig
2020-01-20 15:20:21.165449 | > DO_CALL (0.001s wait)
.2020-01-20 15:20:21.171514 | eval'd: drake::cmq_buildtargetmetadepsspecht_is_subtargetconfig
2020-01-20 15:20:22.257397 | > DO_CALL (0.001s wait)
.2020-01-20 15:20:22.262765 | eval'd: drake::cmq_buildtargetmetadepsspecht_is_subtargetconfig
2020-01-20 15:20:24.460915 | > DO_CALL (0.000s wait)
.2020-01-20 15:20:24.465539 | eval'd: drake::cmq_buildtargetmetadepsspecht_is_subtargetconfig
2020-01-20 15:20:25.584512 | > DO_CALL (0.001s wait)
.2020-01-20 15:20:25.590704 | eval'd: drake::cmq_buildtargetmetadepsspecht_is_subtargetconfig
2020-01-20 15:20:26.730365 | > DO_CALL (0.001s wait)
.2020-01-20 15:20:26.736266 | eval'd: drake::cmq_buildtargetmetadepsspecht_is_subtargetconfig
2020-01-20 15:20:27.870464 | > DO_CALL (0.001s wait)
.2020-01-20 15:20:27.876590 | eval'd: drake::cmq_buildtargetmetadepsspecht_is_subtargetconfig
2020-01-20 15:20:29.052151 | > DO_CALL (0.001s wait)
.2020-01-20 15:20:29.056685 | eval'd: drake::cmq_buildtargetmetadepsspecht_is_subtargetconfig
2020-01-20 15:20:31.268552 | > DO_CALL (0.001s wait)
.2020-01-20 15:20:31.275106 | eval'd: drake::cmq_buildtargetmetadepsspecht_is_subtargetconfig
2020-01-20 15:20:32.412360 | > DO_CALL (0.001s wait)
.2020-01-20 15:20:32.418188 | eval'd: drake::cmq_buildtargetmetadepsspecht_is_subtargetconfig
2020-01-20 15:20:33.571279 | > DO_CALL (0.001s wait)
.2020-01-20 15:20:33.576635 | eval'd: drake::cmq_buildtargetmetadepsspecht_is_subtargetconfig
2020-01-20 15:20:34.757387 | > DO_CALL (0.001s wait)
.2020-01-20 15:20:34.762833 | eval'd: drake::cmq_buildtargetmetadepsspecht_is_subtargetconfig
2020-01-20 15:20:36.964480 | > DO_CALL (0.001s wait)
.2020-01-20 15:20:36.970138 | eval'd: drake::cmq_buildtargetmetadepsspecht_is_subtargetconfig
2020-01-20 15:20:38.119446 | > DO_CALL (0.001s wait)
.2020-01-20 15:20:38.125568 | eval'd: drake::cmq_buildtargetmetadepsspecht_is_subtargetconfig
2020-01-20 15:20:39.286218 | > DO_CALL (0.001s wait)
.2020-01-20 15:20:39.290638 | eval'd: drake::cmq_buildtargetmetadepsspecht_is_subtargetconfig
2020-01-20 15:20:40.412412 | > DO_CALL (0.001s wait)
.2020-01-20 15:20:40.418555 | eval'd: drake::cmq_buildtargetmetadepsspecht_is_subtargetconfig
2020-01-20 15:20:41.553416 | > DO_CALL (0.001s wait)
.2020-01-20 15:20:41.559410 | eval'd: drake::cmq_buildtargetmetadepsspecht_is_subtargetconfig
2020-01-20 15:20:43.840564 | > DO_CALL (0.001s wait)
.2020-01-20 15:20:43.846725 | eval'd: drake::cmq_buildtargetmetadepsspecht_is_subtargetconfig
2020-01-20 15:20:44.970339 | > DO_CALL (0.001s wait)
.2020-01-20 15:20:44.976342 | eval'd: drake::cmq_buildtargetmetadepsspecht_is_subtargetconfig
2020-01-20 15:20:46.113400 | > DO_CALL (0.001s wait)
.2020-01-20 15:20:46.119108 | eval'd: drake::cmq_buildtargetmetadepsspecht_is_subtargetconfig
2020-01-20 15:20:47.307486 | > DO_CALL (0.001s wait)
.2020-01-20 15:20:47.313364 | eval'd: drake::cmq_buildtargetmetadepsspecht_is_subtargetconfig
2020-01-20 15:20:49.855858 | > DO_CALL (0.000s wait)
.2020-01-20 15:20:49.859959 | eval'd: drake::cmq_buildtargetmetadepsspecht_is_subtargetconfig
2020-01-20 15:20:50.989370 | > DO_CALL (0.001s wait)
.2020-01-20 15:20:50.995427 | eval'd: drake::cmq_buildtargetmetadepsspecht_is_subtargetconfig
2020-01-20 15:20:52.130799 | > DO_CALL (0.000s wait)
.2020-01-20 15:20:52.135733 | eval'd: drake::cmq_buildtargetmetadepsspecht_is_subtargetconfig
2020-01-20 15:20:53.258406 | > DO_CALL (0.001s wait)
.2020-01-20 15:20:53.264371 | eval'd: drake::cmq_buildtargetmetadepsspecht_is_subtargetconfig
2020-01-20 15:20:54.384459 | > DO_CALL (0.001s wait)
.2020-01-20 15:20:54.390648 | eval'd: drake::cmq_buildtargetmetadepsspecht_is_subtargetconfig
2020-01-20 15:20:56.800505 | > DO_CALL (0.001s wait)
.2020-01-20 15:20:56.806813 | eval'd: drake::cmq_buildtargetmetadepsspecht_is_subtargetconfig
2020-01-20 15:20:57.944350 | > DO_CALL (0.001s wait)
.2020-01-20 15:20:57.950311 | eval'd: drake::cmq_buildtargetmetadepsspecht_is_subtargetconfig
2020-01-20 15:20:59.070480 | > DO_CALL (0.001s wait)
.2020-01-20 15:20:59.076515 | eval'd: drake::cmq_buildtargetmetadepsspecht_is_subtargetconfig
2020-01-20 15:21:00.209305 | > DO_CALL (0.001s wait)
.2020-01-20 15:21:00.214725 | eval'd: drake::cmq_buildtargetmetadepsspecht_is_subtargetconfig
2020-01-20 15:21:01.376336 | > DO_CALL (0.001s wait)
.2020-01-20 15:21:01.381897 | eval'd: drake::cmq_buildtargetmetadepsspecht_is_subtargetconfig
2020-01-20 15:21:03.548418 | > DO_CALL (0.001s wait)
.2020-01-20 15:21:03.554400 | eval'd: drake::cmq_buildtargetmetadepsspecht_is_subtargetconfig
2020-01-20 15:21:04.680402 | > DO_CALL (0.001s wait)
.2020-01-20 15:21:04.686596 | eval'd: drake::cmq_buildtargetmetadepsspecht_is_subtargetconfig
2020-01-20 15:21:05.807477 | > DO_CALL (0.001s wait)
.2020-01-20 15:21:05.813508 | eval'd: drake::cmq_buildtargetmetadepsspecht_is_subtargetconfig
2020-01-20 15:21:06.933347 | > DO_CALL (0.001s wait)
.2020-01-20 15:21:06.939432 | eval'd: drake::cmq_buildtargetmetadepsspecht_is_subtargetconfig
2020-01-20 15:21:09.107590 | > DO_CALL (0.001s wait)
.2020-01-20 15:21:09.113579 | eval'd: drake::cmq_buildtargetmetadepsspecht_is_subtargetconfig
2020-01-20 15:21:10.244479 | > DO_CALL (0.001s wait)
.2020-01-20 15:21:10.250455 | eval'd: drake::cmq_buildtargetmetadepsspecht_is_subtargetconfig
2020-01-20 15:21:11.367447 | > DO_CALL (0.001s wait)
.
2020-01-20 15:21:11.373643 | eval'd: drake::cmq_buildtargetmetadepsspecht_is_subtargetconfig
2020-01-20 15:21:12.475379 | > DO_CALL (0.001s wait)
.2020-01-20 15:21:12.480544 | eval'd: drake::cmq_buildtargetmetadepsspecht_is_subtargetconfig
2020-01-20 15:21:13.581539 | > DO_CALL (0.001s wait)
.2020-01-20 15:21:13.587606 | eval'd: drake::cmq_buildtargetmetadepsspecht_is_subtargetconfig
2020-01-20 15:21:15.788311 | > DO_CALL (0.001s wait)
.2020-01-20 15:21:15.793912 | eval'd: drake::cmq_buildtargetmetadepsspecht_is_subtargetconfig
2020-01-20 15:21:16.886537 | > DO_CALL (0.001s wait)
.2020-01-20 15:21:16.892785 | eval'd: drake::cmq_buildtargetmetadepsspecht_is_subtargetconfig
2020-01-20 15:21:18.004410 | > DO_CALL (0.001s wait)
.2020-01-20 15:21:18.010376 | eval'd: drake::cmq_buildtargetmetadepsspecht_is_subtargetconfig
2020-01-20 15:21:19.108466 | > DO_CALL (0.001s wait)
.2020-01-20 15:21:19.114215 | eval'd: drake::cmq_buildtargetmetadepsspecht_is_subtargetconfig
2020-01-20 15:21:21.302253 | > DO_CALL (0.001s wait)
.2020-01-20 15:21:21.308540 | eval'd: drake::cmq_buildtargetmetadepsspecht_is_subtargetconfig
2020-01-20 15:21:22.440483 | > DO_CALL (0.001s wait)
.2020-01-20 15:21:22.446653 | eval'd: drake::cmq_buildtargetmetadepsspecht_is_subtargetconfig
2020-01-20 15:21:23.568448 | > DO_CALL (0.001s wait)
.2020-01-20 15:21:23.574777 | eval'd: drake::cmq_buildtargetmetadepsspecht_is_subtargetconfig
2020-01-20 15:21:24.708379 | > DO_CALL (0.001s wait)
.2020-01-20 15:21:24.714063 | eval'd: drake::cmq_buildtargetmetadepsspecht_is_subtargetconfig
2020-01-20 15:21:25.841296 | > DO_CALL (0.001s wait)
.2020-01-20 15:21:25.847038 | eval'd: drake::cmq_buildtargetmetadepsspecht_is_subtargetconfig
2020-01-20 15:21:28.027334 | > DO_CALL (0.001s wait)
.2020-01-20 15:21:28.033233 | eval'd: drake::cmq_buildtargetmetadepsspecht_is_subtargetconfig
2020-01-20 15:21:29.182362 | > DO_CALL (0.001s wait)
.2020-01-20 15:21:29.187587 | eval'd: drake::cmq_buildtargetmetadepsspecht_is_subtargetconfig
2020-01-20 15:21:30.317999 | > DO_CALL (0.001s wait)
.2020-01-20 15:21:30.323722 | eval'd: drake::cmq_buildtargetmetadepsspecht_is_subtargetconfig
2020-01-20 15:21:31.448467 | > DO_CALL (0.001s wait)
.2020-01-20 15:21:31.454643 | eval'd: drake::cmq_buildtargetmetadepsspecht_is_subtargetconfig
2020-01-20 15:21:32.566437 | > DO_CALL (0.001s wait)
.2020-01-20 15:21:32.572134 | eval'd: drake::cmq_buildtargetmetadepsspecht_is_subtargetconfig
2020-01-20 15:21:34.809451 | > DO_CALL (0.001s wait)
.2020-01-20 15:21:34.815422 | eval'd: drake::cmq_buildtargetmetadepsspecht_is_subtargetconfig
2020-01-20 15:21:35.971526 | > DO_CALL (0.001s wait)
.2020-01-20 15:21:35.977533 | eval'd: drake::cmq_buildtargetmetadepsspecht_is_subtargetconfig
2020-01-20 15:21:37.113611 | > DO_CALL (0.001s wait)
.2020-01-20 15:21:37.119735 | eval'd: drake::cmq_buildtargetmetadepsspecht_is_subtargetconfig
2020-01-20 15:21:38.288458 | > DO_CALL (0.001s wait)
.2020-01-20 15:21:38.294608 | eval'd: drake::cmq_buildtargetmetadepsspecht_is_subtargetconfig
2020-01-20 15:21:40.487401 | > DO_CALL (0.001s wait)
.2020-01-20 15:21:40.493202 | eval'd: drake::cmq_buildtargetmetadepsspecht_is_subtargetconfig
2020-01-20 15:21:41.644490 | > DO_CALL (0.001s wait)
.2020-01-20 15:21:41.650770 | eval'd: drake::cmq_buildtargetmetadepsspecht_is_subtargetconfig
2020-01-20 15:21:42.794455 | > DO_CALL (0.001s wait)
.2020-01-20 15:21:42.800494 | eval'd: drake::cmq_buildtargetmetadepsspecht_is_subtargetconfig
2020-01-20 15:21:43.953439 | > DO_CALL (0.001s wait)
.2020-01-20 15:21:43.959204 | eval'd: drake::cmq_buildtargetmetadepsspecht_is_subtargetconfig
2020-01-20 15:21:45.101380 | > DO_CALL (0.001s wait)
.2020-01-20 15:21:45.107151 | eval'd: drake::cmq_buildtargetmetadepsspecht_is_subtargetconfig
2020-01-20 15:21:47.353885 | > DO_CALL (0.000s wait)
.2020-01-20 15:21:47.358573 | eval'd: drake::cmq_buildtargetmetadepsspecht_is_subtargetconfig
2020-01-20 15:21:48.496457 | > DO_CALL (0.001s wait)
.2020-01-20 15:21:48.502361 | eval'd: drake::cmq_buildtargetmetadepsspecht_is_subtargetconfig
2020-01-20 15:21:49.663043 | > DO_CALL (0.001s wait)
.2020-01-20 15:21:49.666991 | eval'd: drake::cmq_buildtargetmetadepsspecht_is_subtargetconfig
2020-01-20 15:21:50.815579 | > DO_CALL (0.001s wait)
.2020-01-20 15:21:50.821669 | eval'd: drake::cmq_buildtargetmetadepsspecht_is_subtargetconfig
2020-01-20 15:21:53.018011 | > DO_CALL (0.001s wait)
.2020-01-20 15:21:53.021842 | eval'd: drake::cmq_buildtargetmetadepsspecht_is_subtargetconfig
2020-01-20 15:21:54.187969 | > DO_CALL (0.001s wait)
.2020-01-20 15:21:54.193338 | eval'd: drake::cmq_buildtargetmetadepsspecht_is_subtargetconfig
2020-01-20 15:21:55.312427 | > DO_CALL (0.001s wait)
.2020-01-20 15:21:55.318124 | eval'd: drake::cmq_buildtargetmetadepsspecht_is_subtargetconfig
2020-01-20 15:21:56.447747 | > DO_CALL (0.000s wait)
.2020-01-20 15:21:56.451742 | eval'd: drake::cmq_buildtargetmetadepsspecht_is_subtargetconfig
2020-01-20 15:21:57.591555 | > DO_CALL (0.001s wait)
.2020-01-20 15:21:57.596918 | eval'd: drake::cmq_buildtargetmetadepsspecht_is_subtargetconfig
2020-01-20 15:22:00.000670 | > DO_CALL (0.001s wait)
.2020-01-20 15:22:00.006901 | eval'd: drake::cmq_buildtargetmetadepsspecht_is_subtargetconfig
2020-01-20 15:22:01.158599 | > DO_CALL (0.001s wait)
.2020-01-20 15:22:01.164532 | eval'd: drake::cmq_buildtargetmetadepsspecht_is_subtargetconfig
2020-01-20 15:22:02.292484 | > DO_CALL (0.001s wait)
.2020-01-20 15:22:02.297847 | eval'd: drake::cmq_buildtargetmetadepsspecht_is_subtargetconfig
2020-01-20 15:22:03.426442 | > DO_CALL (0.001s wait)
.2020-01-20 15:22:03.432373 | eval'd: drake::cmq_buildtargetmetadepsspecht_is_subtargetconfig
2020-01-20 15:22:04.553537 | > DO_CALL (0.001s wait)
.2020-01-20 15:22:04.559663 | eval'd: drake::cmq_buildtargetmetadepsspecht_is_subtargetconfig
2020-01-20 15:22:06.985533 | > DO_CALL (0.001s wait)
.2020-01-20 15:22:06.991395 | eval'd: drake::cmq_buildtargetmetadepsspecht_is_subtargetconfig
2020-01-20 15:22:08.131521 | > DO_CALL (0.001s wait)
.2020-01-20 15:22:08.137366 | eval'd: drake::cmq_buildtargetmetadepsspecht_is_subtargetconfig
2020-01-20 15:22:09.263475 | > DO_CALL (0.001s wait)
.2020-01-20 15:22:09.269180 | eval'd: drake::cmq_buildtargetmetadepsspecht_is_subtargetconfig
2020-01-20 15:22:10.377523 | > DO_CALL (0.001s wait)
.2020-01-20 15:22:10.384054 | eval'd: drake::cmq_buildtargetmetadepsspecht_is_subtargetconfig
2020-01-20 15:22:12.762423 | > DO_CALL (0.001s wait)
.2020-01-20 15:22:12.768278 | eval'd: drake::cmq_buildtargetmetadepsspecht_is_subtargetconfig
2020-01-20 15:22:13.895424 | > DO_CALL (0.001s wait)
.2020-01-20 15:22:13.901432 | eval'd: drake::cmq_buildtargetmetadepsspecht_is_subtargetconfig
2020-01-20 15:22:15.039545 | > DO_CALL (0.001s wait)
.2020-01-20 15:22:15.046677 | eval'd: drake::cmq_buildtargetmetadepsspecht_is_subtargetconfig
2020-01-20 15:22:16.168474 | > DO_CALL (0.001s wait)
.2020-01-20 15:22:16.175218 | eval'd: drake::cmq_buildtargetmetadepsspecht_is_subtargetconfig
2020-01-20 15:22:17.283729 | > WORKER_WAIT (0.000s wait)
2020-01-20 15:22:17.284313 | waiting 0.75s
2020-01-20 15:22:25.267174 | > WORKER_WAIT (0.000s wait)
2020-01-20 15:22:25.268202 | waiting 0.75s
2020-01-20 15:22:32.554218 | > WORKER_WAIT (0.000s wait)
2020-01-20 15:22:32.554657 | waiting 0.75s
2020-01-20 15:26:40.904633 | > WORKER_STOP (0.000s wait)
2020-01-20 15:26:40.905615 | shutting down worker
2020-01-20 15:26:43.515710 | 
Total: 490 in 7769.47s [user], 666.55s [system], 19306.79s [elapsed]
