2020-01-21 10:07:29.895327 | Master: tcp://c24a-s1:6626
2020-01-21 10:07:29.937659 | WORKER_UP to: tcp://c24a-s1:6626
2020-01-21 10:07:32.500913 | > DO_SETUP (2.540s wait)
2020-01-21 10:07:32.501392 | token from msg: set_common_data_token
2020-01-21 10:07:32.717899 | > DO_CALL (0.000s wait)
.* Option 'clustermq.scheduler' not set, defaulting to ‘SLURM’
--- see: https://mschubert.github.io/clustermq/articles/userguide.html#configuration
2020-01-21 10:07:32.864037 | eval'd: drake::cmq_buildtargetmetadepsspecht_is_subtargetconfig
2020-01-21 10:07:33.462104 | > DO_CALL (0.000s wait)
.2020-01-21 10:07:33.650237 | eval'd: drake::cmq_buildtargetmetadepsspecht_is_subtargetconfig
2020-01-21 10:07:34.565016 | > DO_CALL (0.000s wait)
.2020-01-21 10:07:34.568916 | eval'd: drake::cmq_buildtargetmetadepsspecht_is_subtargetconfig
2020-01-21 10:07:36.192723 | > DO_CALL (0.001s wait)
.2020-01-21 10:07:36.197889 | eval'd: drake::cmq_buildtargetmetadepsspecht_is_subtargetconfig
2020-01-21 10:07:37.700141 | > DO_CALL (0.000s wait)
.2020-01-21 10:07:37.705364 | eval'd: drake::cmq_buildtargetmetadepsspecht_is_subtargetconfig
2020-01-21 10:07:39.289552 | > DO_CALL (0.001s wait)
.2020-01-21 10:07:39.295058 | eval'd: drake::cmq_buildtargetmetadepsspecht_is_subtargetconfig
2020-01-21 10:07:40.705254 | > DO_CALL (0.001s wait)
.2020-01-21 10:07:40.711305 | eval'd: drake::cmq_buildtargetmetadepsspecht_is_subtargetconfig
2020-01-21 10:07:42.189408 | > DO_CALL (0.000s wait)
.2020-01-21 10:07:42.193464 | eval'd: drake::cmq_buildtargetmetadepsspecht_is_subtargetconfig
2020-01-21 10:07:43.498274 | > DO_CALL (0.001s wait)
.
2020-01-21 10:07:43.503222 | eval'd: drake::cmq_buildtargetmetadepsspecht_is_subtargetconfig
2020-01-21 10:07:44.760627 | > DO_CALL (0.000s wait)
.2020-01-21 10:07:44.764578 | eval'd: drake::cmq_buildtargetmetadepsspecht_is_subtargetconfig
2020-01-21 10:07:45.957596 | > DO_CALL (0.001s wait)
.2020-01-21 10:07:45.963541 | eval'd: drake::cmq_buildtargetmetadepsspecht_is_subtargetconfig
2020-01-21 10:07:47.095862 | > DO_CALL (0.001s wait)
.2020-01-21 10:07:47.101492 | eval'd: drake::cmq_buildtargetmetadepsspecht_is_subtargetconfig
2020-01-21 10:07:48.270211 | > DO_CALL (0.001s wait)
.2020-01-21 10:07:48.275862 | eval'd: drake::cmq_buildtargetmetadepsspecht_is_subtargetconfig
2020-01-21 10:07:49.477898 | > DO_CALL (0.001s wait)
.2020-01-21 10:07:49.483510 | eval'd: drake::cmq_buildtargetmetadepsspecht_is_subtargetconfig
2020-01-21 10:07:50.785746 | > DO_CALL (0.001s wait)
.2020-01-21 10:07:50.792094 | eval'd: drake::cmq_buildtargetmetadepsspecht_is_subtargetconfig
2020-01-21 10:07:52.116405 | > DO_CALL (0.001s wait)
.2020-01-21 10:07:52.122167 | eval'd: drake::cmq_buildtargetmetadepsspecht_is_subtargetconfig
2020-01-21 10:07:53.349002 | > DO_CALL (0.001s wait)
.2020-01-21 10:07:53.355166 | eval'd: drake::cmq_buildtargetmetadepsspecht_is_subtargetconfig
2020-01-21 10:07:54.688446 | > DO_CALL (0.001s wait)
.2020-01-21 10:07:54.695041 | eval'd: drake::cmq_buildtargetmetadepsspecht_is_subtargetconfig
2020-01-21 10:07:55.889743 | > DO_CALL (0.001s wait)
.2020-01-21 10:07:55.896275 | eval'd: drake::cmq_buildtargetmetadepsspecht_is_subtargetconfig
2020-01-21 10:07:57.187464 | > DO_CALL (0.001s wait)
.2020-01-21 10:07:57.194498 | eval'd: drake::cmq_buildtargetmetadepsspecht_is_subtargetconfig
2020-01-21 10:07:58.345480 | > DO_CALL (0.001s wait)
.2020-01-21 10:07:58.352033 | eval'd: drake::cmq_buildtargetmetadepsspecht_is_subtargetconfig
2020-01-21 10:07:59.593731 | > DO_CALL (0.001s wait)
.2020-01-21 10:07:59.600288 | eval'd: drake::cmq_buildtargetmetadepsspecht_is_subtargetconfig
2020-01-21 10:08:00.666810 | > DO_CALL (0.001s wait)
.2020-01-21 10:08:00.673703 | eval'd: drake::cmq_buildtargetmetadepsspecht_is_subtargetconfig
2020-01-21 10:08:01.851996 | > DO_CALL (0.001s wait)
.2020-01-21 10:08:01.858539 | eval'd: drake::cmq_buildtargetmetadepsspecht_is_subtargetconfig
2020-01-21 10:08:02.964715 | > DO_CALL (0.000s wait)
.2020-01-21 10:08:02.969118 | eval'd: drake::cmq_buildtargetmetadepsspecht_is_subtargetconfig
2020-01-21 10:08:04.119073 | > DO_CALL (0.000s wait)
.2020-01-21 10:08:04.123643 | eval'd: drake::cmq_buildtargetmetadepsspecht_is_subtargetconfig
2020-01-21 10:08:05.433297 | > DO_CALL (0.001s wait)
.2020-01-21 10:08:05.439914 | eval'd: drake::cmq_buildtargetmetadepsspecht_is_subtargetconfig
2020-01-21 10:08:06.503391 | > DO_CALL (0.001s wait)
.2020-01-21 10:08:06.510443 | eval'd: drake::cmq_buildtargetmetadepsspecht_is_subtargetconfig
2020-01-21 10:08:08.359068 | > DO_CALL (0.001s wait)
.2020-01-21 10:08:08.365788 | eval'd: drake::cmq_buildtargetmetadepsspecht_is_subtargetconfig
2020-01-21 10:08:09.372255 | > DO_CALL (0.001s wait)
.2020-01-21 10:08:09.379113 | eval'd: drake::cmq_buildtargetmetadepsspecht_is_subtargetconfig
2020-01-21 10:08:10.512988 | > DO_CALL (0.001s wait)
.2020-01-21 10:08:10.519557 | eval'd: drake::cmq_buildtargetmetadepsspecht_is_subtargetconfig
2020-01-21 10:08:11.579131 | > DO_CALL (0.000s wait)
.2020-01-21 10:08:11.583487 | eval'd: drake::cmq_buildtargetmetadepsspecht_is_subtargetconfig
2020-01-21 10:08:12.727814 | > DO_CALL (0.001s wait)
.2020-01-21 10:08:12.734673 | eval'd: drake::cmq_buildtargetmetadepsspecht_is_subtargetconfig
2020-01-21 10:08:13.846943 | > DO_CALL (0.001s wait)
.2020-01-21 10:08:13.853923 | eval'd: drake::cmq_buildtargetmetadepsspecht_is_subtargetconfig
2020-01-21 10:08:14.965492 | > DO_CALL (0.001s wait)
.2020-01-21 10:08:14.972028 | eval'd: drake::cmq_buildtargetmetadepsspecht_is_subtargetconfig
2020-01-21 10:08:16.025387 | > DO_CALL (0.001s wait)
.2020-01-21 10:08:16.032072 | eval'd: drake::cmq_buildtargetmetadepsspecht_is_subtargetconfig
2020-01-21 10:08:17.147381 | > DO_CALL (0.001s wait)
.2020-01-21 10:08:17.154309 | eval'd: drake::cmq_buildtargetmetadepsspecht_is_subtargetconfig
2020-01-21 10:08:18.247185 | > DO_CALL (0.000s wait)
.2020-01-21 10:08:18.253994 | eval'd: drake::cmq_buildtargetmetadepsspecht_is_subtargetconfig
2020-01-21 10:08:19.337965 | > DO_CALL (0.001s wait)
.2020-01-21 10:08:19.344895 | eval'd: drake::cmq_buildtargetmetadepsspecht_is_subtargetconfig
2020-01-21 10:08:20.625478 | > DO_CALL (0.001s wait)
.2020-01-21 10:08:20.632061 | eval'd: drake::cmq_buildtargetmetadepsspecht_is_subtargetconfig
2020-01-21 10:08:21.752132 | > DO_CALL (0.000s wait)
.2020-01-21 10:08:21.758671 | eval'd: drake::cmq_buildtargetmetadepsspecht_is_subtargetconfig
2020-01-21 10:08:22.750335 | > DO_CALL (0.001s wait)
.2020-01-21 10:08:22.756104 | eval'd: drake::cmq_buildtargetmetadepsspecht_is_subtargetconfig
2020-01-21 10:08:26.020071 | > DO_CALL (0.001s wait)
.2020-01-21 10:08:26.031123 | eval'd: drake::cmq_buildtargetmetadepsspecht_is_subtargetconfig
2020-01-21 10:08:27.167616 | > DO_CALL (0.001s wait)
.2020-01-21 10:08:27.172800 | eval'd: drake::cmq_buildtargetmetadepsspecht_is_subtargetconfig
2020-01-21 10:08:28.241485 | > DO_CALL (0.001s wait)
.2020-01-21 10:08:28.246948 | eval'd: drake::cmq_buildtargetmetadepsspecht_is_subtargetconfig
2020-01-21 10:08:29.294140 | > DO_CALL (0.000s wait)
.2020-01-21 10:08:29.299335 | eval'd: drake::cmq_buildtargetmetadepsspecht_is_subtargetconfig
2020-01-21 10:08:30.391844 | > DO_CALL (0.001s wait)
.2020-01-21 10:08:30.652429 | eval'd: drake::cmq_buildtargetmetadepsspecht_is_subtargetconfig
2020-01-21 10:08:31.578398 | > DO_CALL (0.001s wait)
.2020-01-21 10:08:31.583876 | eval'd: drake::cmq_buildtargetmetadepsspecht_is_subtargetconfig
2020-01-21 10:08:32.644450 | > DO_CALL (0.001s wait)
.2020-01-21 10:08:32.649898 | eval'd: drake::cmq_buildtargetmetadepsspecht_is_subtargetconfig
2020-01-21 10:08:33.738316 | > DO_CALL (0.001s wait)
.2020-01-21 10:08:33.742097 | eval'd: drake::cmq_buildtargetmetadepsspecht_is_subtargetconfig
2020-01-21 10:08:34.807346 | > DO_CALL (0.001s wait)
.2020-01-21 10:08:34.812726 | eval'd: drake::cmq_buildtargetmetadepsspecht_is_subtargetconfig
2020-01-21 10:08:35.901516 | > DO_CALL (0.001s wait)
.2020-01-21 10:08:35.906699 | eval'd: drake::cmq_buildtargetmetadepsspecht_is_subtargetconfig
2020-01-21 10:08:36.941190 | > DO_CALL (0.000s wait)
.2020-01-21 10:08:36.945133 | eval'd: drake::cmq_buildtargetmetadepsspecht_is_subtargetconfig
2020-01-21 10:08:38.011397 | > DO_CALL (0.001s wait)
.2020-01-21 10:08:38.016584 | eval'd: drake::cmq_buildtargetmetadepsspecht_is_subtargetconfig
2020-01-21 10:08:39.092640 | > DO_CALL (0.001s wait)
.2020-01-21 10:08:39.098119 | eval'd: drake::cmq_buildtargetmetadepsspecht_is_subtargetconfig
2020-01-21 10:08:40.107870 | > DO_CALL (0.001s wait)
.2020-01-21 10:08:40.113058 | eval'd: drake::cmq_buildtargetmetadepsspecht_is_subtargetconfig
2020-01-21 10:08:41.139469 | > DO_CALL (0.001s wait)
.2020-01-21 10:08:41.145035 | eval'd: drake::cmq_buildtargetmetadepsspecht_is_subtargetconfig
2020-01-21 10:08:42.068140 | > WORKER_WAIT (0.000s wait)
2020-01-21 10:08:42.068506 | waiting 1.00s
2020-01-21 10:08:50.644996 | > WORKER_WAIT (0.000s wait)
2020-01-21 10:08:50.645422 | waiting 1.00s
2020-01-21 10:09:41.661172 | > WORKER_STOP (0.000s wait)
2020-01-21 10:09:41.663956 | shutting down worker
2020-01-21 10:09:41.831758 | 
Total: 57 in 2.26s [user], 0.29s [system], 131.73s [elapsed]
