2020-01-21 10:48:11.368424 | Master: tcp://c24a-s1:7958
2020-01-21 10:48:11.410900 | WORKER_UP to: tcp://c24a-s1:7958
2020-01-21 10:48:17.200862 | > DO_SETUP (3.276s wait)
2020-01-21 10:48:17.202371 | token from msg: set_common_data_token
2020-01-21 10:48:18.677573 | > DO_CALL (0.000s wait)
.* Option 'clustermq.scheduler' not set, defaulting to ‘SLURM’
--- see: https://mschubert.github.io/clustermq/articles/userguide.html#configuration
2020-01-21 10:48:18.872351 | eval'd: drake::cmq_buildtargetmetadepsspecht_is_subtargetconfig
2020-01-21 10:48:24.236751 | > DO_CALL (0.001s wait)
.2020-01-21 10:48:24.538797 | eval'd: drake::cmq_buildtargetmetadepsspecht_is_subtargetconfig
2020-01-21 10:48:31.540187 | > DO_CALL (0.000s wait)
.2020-01-21 10:48:31.544809 | eval'd: drake::cmq_buildtargetmetadepsspecht_is_subtargetconfig
2020-01-21 10:48:38.337003 | > DO_CALL (0.000s wait)
.2020-01-21 10:48:38.341947 | eval'd: drake::cmq_buildtargetmetadepsspecht_is_subtargetconfig
2020-01-21 10:48:44.478718 | > DO_CALL (0.001s wait)
.2020-01-21 10:48:44.484167 | eval'd: drake::cmq_buildtargetmetadepsspecht_is_subtargetconfig
2020-01-21 10:48:51.090579 | > DO_CALL (0.000s wait)
.2020-01-21 10:48:51.096492 | eval'd: drake::cmq_buildtargetmetadepsspecht_is_subtargetconfig
2020-01-21 10:48:58.487219 | > DO_CALL (0.000s wait)
.2020-01-21 10:48:58.492593 | eval'd: drake::cmq_buildtargetmetadepsspecht_is_subtargetconfig
2020-01-21 10:49:04.945683 | > DO_CALL (0.001s wait)
.2020-01-21 10:49:04.951118 | eval'd: drake::cmq_buildtargetmetadepsspecht_is_subtargetconfig
2020-01-21 10:49:12.207812 | > DO_CALL (0.000s wait)
.2020-01-21 10:49:12.211906 | eval'd: drake::cmq_buildtargetmetadepsspecht_is_subtargetconfig
2020-01-21 10:49:20.733121 | > DO_CALL (0.000s wait)
.2020-01-21 10:49:20.738385 | eval'd: drake::cmq_buildtargetmetadepsspecht_is_subtargetconfig
2020-01-21 10:49:27.056558 | > DO_CALL (0.000s wait)
.2020-01-21 10:49:27.060797 | eval'd: drake::cmq_buildtargetmetadepsspecht_is_subtargetconfig
2020-01-21 10:49:32.732974 | > DO_CALL (0.000s wait)
.2020-01-21 10:49:32.737301 | eval'd: drake::cmq_buildtargetmetadepsspecht_is_subtargetconfig
2020-01-21 10:49:39.056618 | > DO_CALL (0.001s wait)
.2020-01-21 10:49:39.062667 | eval'd: drake::cmq_buildtargetmetadepsspecht_is_subtargetconfig
2020-01-21 10:49:45.796956 | > DO_CALL (0.000s wait)
.2020-01-21 10:49:45.802134 | eval'd: drake::cmq_buildtargetmetadepsspecht_is_subtargetconfig
2020-01-21 10:49:52.143930 | > DO_CALL (0.000s wait)
.2020-01-21 10:49:52.148365 | eval'd: drake::cmq_buildtargetmetadepsspecht_is_subtargetconfig
2020-01-21 10:49:58.504748 | > DO_CALL (0.001s wait)
.2020-01-21 10:49:58.510545 | eval'd: drake::cmq_buildtargetmetadepsspecht_is_subtargetconfig
2020-01-21 10:50:04.075817 | > DO_CALL (0.001s wait)
.2020-01-21 10:50:04.081911 | eval'd: drake::cmq_buildtargetmetadepsspecht_is_subtargetconfig
2020-01-21 10:50:09.457935 | > DO_CALL (0.000s wait)
.2020-01-21 10:50:09.462972 | eval'd: drake::cmq_buildtargetmetadepsspecht_is_subtargetconfig
2020-01-21 10:50:15.067301 | > DO_CALL (0.000s wait)
.2020-01-21 10:50:15.072119 | eval'd: drake::cmq_buildtargetmetadepsspecht_is_subtargetconfig
2020-01-21 10:50:21.931353 | > DO_CALL (0.000s wait)
.2020-01-21 10:50:21.936361 | eval'd: drake::cmq_buildtargetmetadepsspecht_is_subtargetconfig
2020-01-21 10:50:26.969957 | > DO_CALL (0.000s wait)
.2020-01-21 10:50:26.974782 | eval'd: drake::cmq_buildtargetmetadepsspecht_is_subtargetconfig
2020-01-21 10:50:32.594797 | > DO_CALL (0.001s wait)
.2020-01-21 10:50:32.600800 | eval'd: drake::cmq_buildtargetmetadepsspecht_is_subtargetconfig
2020-01-21 10:50:39.210762 | > DO_CALL (0.001s wait)
.2020-01-21 10:50:39.215534 | eval'd: drake::cmq_buildtargetmetadepsspecht_is_subtargetconfig
2020-01-21 10:50:44.993759 | > DO_CALL (0.001s wait)
.2020-01-21 10:50:44.999301 | eval'd: drake::cmq_buildtargetmetadepsspecht_is_subtargetconfig
2020-01-21 10:50:50.559389 | > DO_CALL (0.000s wait)
.2020-01-21 10:50:50.564417 | eval'd: drake::cmq_buildtargetmetadepsspecht_is_subtargetconfig
2020-01-21 10:50:55.724895 | > DO_CALL (0.000s wait)
.2020-01-21 10:50:55.729153 | eval'd: drake::cmq_buildtargetmetadepsspecht_is_subtargetconfig
2020-01-21 10:51:00.859741 | > DO_CALL (0.001s wait)
.2020-01-21 10:51:00.864024 | eval'd: drake::cmq_buildtargetmetadepsspecht_is_subtargetconfig
2020-01-21 10:51:06.957336 | > DO_CALL (0.000s wait)
.2020-01-21 10:51:06.963096 | eval'd: drake::cmq_buildtargetmetadepsspecht_is_subtargetconfig
2020-01-21 10:51:12.697721 | > DO_CALL (0.001s wait)
.2020-01-21 10:51:12.701795 | eval'd: drake::cmq_buildtargetmetadepsspecht_is_subtargetconfig
2020-01-21 10:51:18.132772 | > DO_CALL (0.001s wait)
.2020-01-21 10:51:18.137612 | eval'd: drake::cmq_buildtargetmetadepsspecht_is_subtargetconfig
2020-01-21 10:51:24.825534 | > DO_CALL (0.000s wait)
.2020-01-21 10:51:24.831063 | eval'd: drake::cmq_buildtargetmetadepsspecht_is_subtargetconfig
2020-01-21 10:51:30.261843 | > DO_CALL (0.001s wait)
.2020-01-21 10:51:30.268644 | eval'd: drake::cmq_buildtargetmetadepsspecht_is_subtargetconfig
2020-01-21 10:51:34.836690 | > DO_CALL (0.001s wait)
.2020-01-21 10:51:34.841337 | eval'd: drake::cmq_buildtargetmetadepsspecht_is_subtargetconfig
2020-01-21 10:51:39.624014 | > DO_CALL (0.000s wait)
.2020-01-21 10:51:39.629259 | eval'd: drake::cmq_buildtargetmetadepsspecht_is_subtargetconfig
2020-01-21 10:51:44.568768 | > DO_CALL (0.001s wait)
.2020-01-21 10:51:44.575854 | eval'd: drake::cmq_buildtargetmetadepsspecht_is_subtargetconfig
2020-01-21 10:51:49.615088 | > DO_CALL (0.000s wait)
.2020-01-21 10:51:49.620695 | eval'd: drake::cmq_buildtargetmetadepsspecht_is_subtargetconfig
2020-01-21 10:51:55.290820 | > DO_CALL (0.001s wait)
.2020-01-21 10:51:55.295860 | eval'd: drake::cmq_buildtargetmetadepsspecht_is_subtargetconfig
2020-01-21 10:52:00.130047 | > DO_CALL (0.000s wait)
.2020-01-21 10:52:00.135453 | eval'd: drake::cmq_buildtargetmetadepsspecht_is_subtargetconfig
2020-01-21 10:52:05.126775 | > DO_CALL (0.001s wait)
.2020-01-21 10:52:05.133969 | eval'd: drake::cmq_buildtargetmetadepsspecht_is_subtargetconfig
2020-01-21 10:52:10.473717 | > DO_CALL (0.001s wait)
.2020-01-21 10:52:10.480625 | eval'd: drake::cmq_buildtargetmetadepsspecht_is_subtargetconfig
2020-01-21 10:52:15.402859 | > DO_CALL (0.001s wait)
.2020-01-21 10:52:15.407869 | eval'd: drake::cmq_buildtargetmetadepsspecht_is_subtargetconfig
2020-01-21 10:52:20.573660 | > DO_CALL (0.001s wait)
.2020-01-21 10:52:20.580246 | eval'd: drake::cmq_buildtargetmetadepsspecht_is_subtargetconfig
2020-01-21 10:52:27.252142 | > DO_CALL (0.000s wait)
.2020-01-21 10:52:27.258855 | eval'd: drake::cmq_buildtargetmetadepsspecht_is_subtargetconfig
2020-01-21 10:52:32.472079 | > DO_CALL (0.000s wait)
.2020-01-21 10:52:32.477723 | eval'd: drake::cmq_buildtargetmetadepsspecht_is_subtargetconfig
2020-01-21 10:52:38.040758 | > DO_CALL (0.001s wait)
.2020-01-21 10:52:38.048371 | eval'd: drake::cmq_buildtargetmetadepsspecht_is_subtargetconfig
2020-01-21 10:52:42.546638 | > DO_CALL (0.001s wait)
.2020-01-21 10:52:42.553286 | eval'd: drake::cmq_buildtargetmetadepsspecht_is_subtargetconfig
2020-01-21 10:52:47.140759 | > DO_CALL (0.001s wait)
.2020-01-21 10:52:47.146422 | eval'd: drake::cmq_buildtargetmetadepsspecht_is_subtargetconfig
2020-01-21 10:52:51.564556 | > DO_CALL (0.000s wait)
.2020-01-21 10:52:51.570931 | eval'd: drake::cmq_buildtargetmetadepsspecht_is_subtargetconfig
2020-01-21 10:52:56.498404 | > DO_CALL (0.000s wait)
.2020-01-21 10:52:56.504974 | eval'd: drake::cmq_buildtargetmetadepsspecht_is_subtargetconfig
2020-01-21 10:53:01.281658 | > DO_CALL (0.001s wait)
.2020-01-21 10:53:01.288679 | eval'd: drake::cmq_buildtargetmetadepsspecht_is_subtargetconfig
2020-01-21 10:53:05.670212 | > DO_CALL (0.000s wait)
.2020-01-21 10:53:05.676311 | eval'd: drake::cmq_buildtargetmetadepsspecht_is_subtargetconfig
2020-01-21 10:53:10.940681 | > DO_CALL (0.001s wait)
.2020-01-21 10:53:10.947404 | eval'd: drake::cmq_buildtargetmetadepsspecht_is_subtargetconfig
2020-01-21 10:53:15.194694 | > DO_CALL (0.001s wait)
.2020-01-21 10:53:15.201612 | eval'd: drake::cmq_buildtargetmetadepsspecht_is_subtargetconfig
2020-01-21 10:53:19.884396 | > DO_CALL (0.000s wait)
.2020-01-21 10:53:19.890438 | eval'd: drake::cmq_buildtargetmetadepsspecht_is_subtargetconfig
2020-01-21 10:53:26.230772 | > DO_CALL (0.001s wait)
.2020-01-21 10:53:26.235751 | eval'd: drake::cmq_buildtargetmetadepsspecht_is_subtargetconfig
2020-01-21 10:53:31.318240 | > DO_CALL (0.000s wait)
.
2020-01-21 10:53:31.324135 | eval'd: drake::cmq_buildtargetmetadepsspecht_is_subtargetconfig
2020-01-21 10:53:36.015724 | > DO_CALL (0.001s wait)
.2020-01-21 10:53:36.023440 | eval'd: drake::cmq_buildtargetmetadepsspecht_is_subtargetconfig
2020-01-21 10:53:40.425364 | > DO_CALL (0.000s wait)
.2020-01-21 10:53:40.431496 | eval'd: drake::cmq_buildtargetmetadepsspecht_is_subtargetconfig
2020-01-21 10:53:45.031683 | > DO_CALL (0.001s wait)
.2020-01-21 10:53:45.036390 | eval'd: drake::cmq_buildtargetmetadepsspecht_is_subtargetconfig
2020-01-21 10:53:49.458710 | > DO_CALL (0.001s wait)
.2020-01-21 10:53:49.463672 | eval'd: drake::cmq_buildtargetmetadepsspecht_is_subtargetconfig
2020-01-21 10:53:53.850583 | > DO_CALL (0.000s wait)
.2020-01-21 10:53:53.857224 | eval'd: drake::cmq_buildtargetmetadepsspecht_is_subtargetconfig
2020-01-21 10:53:57.957370 | > DO_CALL (0.000s wait)
.2020-01-21 10:53:57.964319 | eval'd: drake::cmq_buildtargetmetadepsspecht_is_subtargetconfig
2020-01-21 10:54:02.194586 | > DO_CALL (0.000s wait)
.2020-01-21 10:54:02.199379 | eval'd: drake::cmq_buildtargetmetadepsspecht_is_subtargetconfig
2020-01-21 10:54:06.820434 | > DO_CALL (0.000s wait)
.2020-01-21 10:54:06.827256 | eval'd: drake::cmq_buildtargetmetadepsspecht_is_subtargetconfig
2020-01-21 10:54:11.159715 | > DO_CALL (0.001s wait)
.2020-01-21 10:54:11.164818 | eval'd: drake::cmq_buildtargetmetadepsspecht_is_subtargetconfig
2020-01-21 10:54:15.790840 | > DO_CALL (0.001s wait)
.2020-01-21 10:54:15.796286 | eval'd: drake::cmq_buildtargetmetadepsspecht_is_subtargetconfig
2020-01-21 10:54:20.117603 | > DO_CALL (0.001s wait)
.2020-01-21 10:54:20.122206 | eval'd: drake::cmq_buildtargetmetadepsspecht_is_subtargetconfig
2020-01-21 10:54:25.436563 | > DO_CALL (0.000s wait)
.2020-01-21 10:54:25.443111 | eval'd: drake::cmq_buildtargetmetadepsspecht_is_subtargetconfig
2020-01-21 10:54:31.947737 | > DO_CALL (0.001s wait)
.2020-01-21 10:54:31.952701 | eval'd: drake::cmq_buildtargetmetadepsspecht_is_subtargetconfig
2020-01-21 10:54:36.260519 | > DO_CALL (0.000s wait)
.2020-01-21 10:54:36.267531 | eval'd: drake::cmq_buildtargetmetadepsspecht_is_subtargetconfig
2020-01-21 10:54:40.318771 | > DO_CALL (0.001s wait)
.2020-01-21 10:54:40.323953 | eval'd: drake::cmq_buildtargetmetadepsspecht_is_subtargetconfig
2020-01-21 10:54:44.462493 | > DO_CALL (0.000s wait)
.2020-01-21 10:54:44.468965 | eval'd: drake::cmq_buildtargetmetadepsspecht_is_subtargetconfig
2020-01-21 10:54:48.505640 | > DO_CALL (0.001s wait)
.2020-01-21 10:54:48.510378 | eval'd: drake::cmq_buildtargetmetadepsspecht_is_subtargetconfig
2020-01-21 10:54:52.305627 | > DO_CALL (0.001s wait)
.2020-01-21 10:54:52.312369 | eval'd: drake::cmq_buildtargetmetadepsspecht_is_subtargetconfig
2020-01-21 10:54:56.366085 | > DO_CALL (0.001s wait)
.2020-01-21 10:54:56.384368 | eval'd: drake::cmq_buildtargetmetadepsspecht_is_subtargetconfig
2020-01-21 10:55:00.788465 | > DO_CALL (0.000s wait)
.2020-01-21 10:55:00.793768 | eval'd: drake::cmq_buildtargetmetadepsspecht_is_subtargetconfig
2020-01-21 10:55:04.996417 | > DO_CALL (0.000s wait)
.2020-01-21 10:55:05.002009 | eval'd: drake::cmq_buildtargetmetadepsspecht_is_subtargetconfig
2020-01-21 10:55:09.345813 | > DO_CALL (0.001s wait)
.2020-01-21 10:55:09.350174 | eval'd: drake::cmq_buildtargetmetadepsspecht_is_subtargetconfig
2020-01-21 10:55:13.132226 | > DO_CALL (0.000s wait)
.2020-01-21 10:55:13.137240 | eval'd: drake::cmq_buildtargetmetadepsspecht_is_subtargetconfig
2020-01-21 10:55:17.081446 | > DO_CALL (0.000s wait)
.2020-01-21 10:55:17.087424 | eval'd: drake::cmq_buildtargetmetadepsspecht_is_subtargetconfig
2020-01-21 10:55:21.222539 | > DO_CALL (0.000s wait)
.2020-01-21 10:55:21.226477 | eval'd: drake::cmq_buildtargetmetadepsspecht_is_subtargetconfig
2020-01-21 10:55:25.189927 | > DO_CALL (0.001s wait)
.2020-01-21 10:55:25.194417 | eval'd: drake::cmq_buildtargetmetadepsspecht_is_subtargetconfig
2020-01-21 10:55:28.994670 | > DO_CALL (0.001s wait)
.2020-01-21 10:55:28.998853 | eval'd: drake::cmq_buildtargetmetadepsspecht_is_subtargetconfig
2020-01-21 10:55:36.180605 | > DO_CALL (0.001s wait)
.2020-01-21 10:55:36.185373 | eval'd: drake::cmq_buildtargetmetadepsspecht_is_subtargetconfig
2020-01-21 10:55:40.864535 | > DO_CALL (0.000s wait)
.2020-01-21 10:55:40.868718 | eval'd: drake::cmq_buildtargetmetadepsspecht_is_subtargetconfig
2020-01-21 10:55:44.976898 | > DO_CALL (0.001s wait)
.2020-01-21 10:55:44.981449 | eval'd: drake::cmq_buildtargetmetadepsspecht_is_subtargetconfig
2020-01-21 10:55:48.918015 | > DO_CALL (0.001s wait)
.2020-01-21 10:55:48.922748 | eval'd: drake::cmq_buildtargetmetadepsspecht_is_subtargetconfig
2020-01-21 10:55:52.931568 | > DO_CALL (0.000s wait)
.2020-01-21 10:55:52.935604 | eval'd: drake::cmq_buildtargetmetadepsspecht_is_subtargetconfig
2020-01-21 10:55:56.917985 | > DO_CALL (0.001s wait)
.2020-01-21 10:55:56.923401 | eval'd: drake::cmq_buildtargetmetadepsspecht_is_subtargetconfig
2020-01-21 10:56:00.723617 | > DO_CALL (0.001s wait)
.2020-01-21 10:56:00.730052 | eval'd: drake::cmq_buildtargetmetadepsspecht_is_subtargetconfig
2020-01-21 10:56:04.681163 | > DO_CALL (0.001s wait)
.2020-01-21 10:56:04.686116 | eval'd: drake::cmq_buildtargetmetadepsspecht_is_subtargetconfig
2020-01-21 10:56:08.803590 | > DO_CALL (0.001s wait)
.2020-01-21 10:56:08.807667 | eval'd: drake::cmq_buildtargetmetadepsspecht_is_subtargetconfig
2020-01-21 10:56:13.024640 | > DO_CALL (0.001s wait)
.2020-01-21 10:56:13.028847 | eval'd: drake::cmq_buildtargetmetadepsspecht_is_subtargetconfig
2020-01-21 10:56:17.058347 | > DO_CALL (0.000s wait)
.2020-01-21 10:56:17.064134 | eval'd: drake::cmq_buildtargetmetadepsspecht_is_subtargetconfig
2020-01-21 10:56:21.683699 | > DO_CALL (0.001s wait)
.2020-01-21 10:56:21.687937 | eval'd: drake::cmq_buildtargetmetadepsspecht_is_subtargetconfig
2020-01-21 10:56:25.720235 | > DO_CALL (0.001s wait)
.2020-01-21 10:56:25.726161 | eval'd: drake::cmq_buildtargetmetadepsspecht_is_subtargetconfig
2020-01-21 10:56:30.042398 | > DO_CALL (0.000s wait)
.2020-01-21 10:56:30.047759 | eval'd: drake::cmq_buildtargetmetadepsspecht_is_subtargetconfig
2020-01-21 10:56:36.304605 | > DO_CALL (0.001s wait)
.2020-01-21 10:56:36.309712 | eval'd: drake::cmq_buildtargetmetadepsspecht_is_subtargetconfig
2020-01-21 10:56:40.175733 | > DO_CALL (0.001s wait)
.2020-01-21 10:56:40.180059 | eval'd: drake::cmq_buildtargetmetadepsspecht_is_subtargetconfig
2020-01-21 10:56:44.967404 | > DO_CALL (0.000s wait)
.2020-01-21 10:56:44.972745 | eval'd: drake::cmq_buildtargetmetadepsspecht_is_subtargetconfig
2020-01-21 10:56:49.014892 | > DO_CALL (0.001s wait)
.2020-01-21 10:56:49.019612 | eval'd: drake::cmq_buildtargetmetadepsspecht_is_subtargetconfig
2020-01-21 10:56:52.778530 | > DO_CALL (0.000s wait)
.2020-01-21 10:56:52.782590 | eval'd: drake::cmq_buildtargetmetadepsspecht_is_subtargetconfig
2020-01-21 10:56:56.594081 | > DO_CALL (0.001s wait)
.2020-01-21 10:56:56.599457 | eval'd: drake::cmq_buildtargetmetadepsspecht_is_subtargetconfig
2020-01-21 10:57:01.137830 | > DO_CALL (0.001s wait)
.2020-01-21 10:57:01.142446 | eval'd: drake::cmq_buildtargetmetadepsspecht_is_subtargetconfig
2020-01-21 10:57:05.700321 | > DO_CALL (0.000s wait)
.2020-01-21 10:57:05.706146 | eval'd: drake::cmq_buildtargetmetadepsspecht_is_subtargetconfig
2020-01-21 10:57:09.682499 | > DO_CALL (0.000s wait)
.2020-01-21 10:57:09.686651 | eval'd: drake::cmq_buildtargetmetadepsspecht_is_subtargetconfig
2020-01-21 10:57:13.694106 | > DO_CALL (0.001s wait)
.2020-01-21 10:57:13.699243 | eval'd: drake::cmq_buildtargetmetadepsspecht_is_subtargetconfig
2020-01-21 10:57:17.699536 | > DO_CALL (0.000s wait)
.2020-01-21 10:57:17.703629 | eval'd: drake::cmq_buildtargetmetadepsspecht_is_subtargetconfig
2020-01-21 10:57:22.371289 | > DO_CALL (0.000s wait)
.2020-01-21 10:57:22.376555 | eval'd: drake::cmq_buildtargetmetadepsspecht_is_subtargetconfig
2020-01-21 10:57:26.476633 | > DO_CALL (0.001s wait)
.2020-01-21 10:57:26.481446 | eval'd: drake::cmq_buildtargetmetadepsspecht_is_subtargetconfig
2020-01-21 10:57:30.693549 | > DO_CALL (0.000s wait)
.2020-01-21 10:57:30.697826 | eval'd: drake::cmq_buildtargetmetadepsspecht_is_subtargetconfig
2020-01-21 10:57:34.459527 | > DO_CALL (0.000s wait)
.2020-01-21 10:57:34.463738 | eval'd: drake::cmq_buildtargetmetadepsspecht_is_subtargetconfig
2020-01-21 10:57:40.215835 | > DO_CALL (0.001s wait)
.2020-01-21 10:57:40.220890 | eval'd: drake::cmq_buildtargetmetadepsspecht_is_subtargetconfig
2020-01-21 10:57:44.616259 | > DO_CALL (0.001s wait)
.2020-01-21 10:57:44.621554 | eval'd: drake::cmq_buildtargetmetadepsspecht_is_subtargetconfig
2020-01-21 10:57:48.376498 | > DO_CALL (0.000s wait)
.2020-01-21 10:57:48.380687 | eval'd: drake::cmq_buildtargetmetadepsspecht_is_subtargetconfig
2020-01-21 10:57:52.740978 | > DO_CALL (0.001s wait)
.2020-01-21 10:57:52.745738 | eval'd: drake::cmq_buildtargetmetadepsspecht_is_subtargetconfig
2020-01-21 10:57:56.838509 | > DO_CALL (0.000s wait)
.2020-01-21 10:57:56.843058 | eval'd: drake::cmq_buildtargetmetadepsspecht_is_subtargetconfig
2020-01-21 10:58:01.576672 | > DO_CALL (0.001s wait)
.2020-01-21 10:58:01.580991 | eval'd: drake::cmq_buildtargetmetadepsspecht_is_subtargetconfig
2020-01-21 10:58:05.492058 | > DO_CALL (0.001s wait)
.2020-01-21 10:58:05.497039 | eval'd: drake::cmq_buildtargetmetadepsspecht_is_subtargetconfig
2020-01-21 10:58:09.525012 | > DO_CALL (0.001s wait)
.2020-01-21 10:58:09.529912 | eval'd: drake::cmq_buildtargetmetadepsspecht_is_subtargetconfig
2020-01-21 10:58:13.386759 | > DO_CALL (0.001s wait)
.2020-01-21 10:58:13.391240 | eval'd: drake::cmq_buildtargetmetadepsspecht_is_subtargetconfig
2020-01-21 10:58:17.115326 | > DO_CALL (0.000s wait)
.2020-01-21 10:58:17.121138 | eval'd: drake::cmq_buildtargetmetadepsspecht_is_subtargetconfig
2020-01-21 10:58:20.881155 | > DO_CALL (0.001s wait)
.2020-01-21 10:58:20.886345 | eval'd: drake::cmq_buildtargetmetadepsspecht_is_subtargetconfig
2020-01-21 10:58:25.031293 | > DO_CALL (0.000s wait)
.2020-01-21 10:58:25.036810 | eval'd: drake::cmq_buildtargetmetadepsspecht_is_subtargetconfig
2020-01-21 10:58:28.690455 | > DO_CALL (0.000s wait)
.2020-01-21 10:58:28.694473 | eval'd: drake::cmq_buildtargetmetadepsspecht_is_subtargetconfig
2020-01-21 10:58:32.378450 | > DO_CALL (0.000s wait)
.2020-01-21 10:58:32.382616 | eval'd: drake::cmq_buildtargetmetadepsspecht_is_subtargetconfig
2020-01-21 10:58:36.331118 | > DO_CALL (0.001s wait)
.2020-01-21 10:58:36.336704 | eval'd: drake::cmq_buildtargetmetadepsspecht_is_subtargetconfig
2020-01-21 10:58:42.464221 | > DO_CALL (0.001s wait)
.2020-01-21 10:58:42.469463 | eval'd: drake::cmq_buildtargetmetadepsspecht_is_subtargetconfig
2020-01-21 10:58:46.378466 | > DO_CALL (0.000s wait)
.2020-01-21 10:58:46.382965 | eval'd: drake::cmq_buildtargetmetadepsspecht_is_subtargetconfig
2020-01-21 10:58:50.219651 | > DO_CALL (0.001s wait)
.2020-01-21 10:58:50.223973 | eval'd: drake::cmq_buildtargetmetadepsspecht_is_subtargetconfig
2020-01-21 10:58:54.442664 | > DO_CALL (0.001s wait)
.2020-01-21 10:58:54.447261 | eval'd: drake::cmq_buildtargetmetadepsspecht_is_subtargetconfig
2020-01-21 10:58:59.175837 | > DO_CALL (0.001s wait)
.2020-01-21 10:58:59.180639 | eval'd: drake::cmq_buildtargetmetadepsspecht_is_subtargetconfig
2020-01-21 10:59:03.203481 | > DO_CALL (0.000s wait)
.2020-01-21 10:59:03.207542 | eval'd: drake::cmq_buildtargetmetadepsspecht_is_subtargetconfig
2020-01-21 10:59:07.165961 | > DO_CALL (0.001s wait)
.2020-01-21 10:59:07.171374 | eval'd: drake::cmq_buildtargetmetadepsspecht_is_subtargetconfig
2020-01-21 10:59:11.060282 | > DO_CALL (0.001s wait)
.
2020-01-21 10:59:11.065605 | eval'd: drake::cmq_buildtargetmetadepsspecht_is_subtargetconfig
2020-01-21 10:59:14.968759 | > DO_CALL (0.001s wait)
.2020-01-21 10:59:14.973234 | eval'd: drake::cmq_buildtargetmetadepsspecht_is_subtargetconfig
2020-01-21 10:59:18.838587 | > DO_CALL (0.001s wait)
.2020-01-21 10:59:18.842821 | eval'd: drake::cmq_buildtargetmetadepsspecht_is_subtargetconfig
2020-01-21 10:59:22.891512 | > DO_CALL (0.000s wait)
.2020-01-21 10:59:22.895727 | eval'd: drake::cmq_buildtargetmetadepsspecht_is_subtargetconfig
2020-01-21 10:59:27.044554 | > DO_CALL (0.000s wait)
.2020-01-21 10:59:27.049219 | eval'd: drake::cmq_buildtargetmetadepsspecht_is_subtargetconfig
2020-01-21 10:59:31.477179 | > DO_CALL (0.001s wait)
.2020-01-21 10:59:31.482289 | eval'd: drake::cmq_buildtargetmetadepsspecht_is_subtargetconfig
2020-01-21 10:59:35.255176 | > DO_CALL (0.001s wait)
.2020-01-21 10:59:35.260552 | eval'd: drake::cmq_buildtargetmetadepsspecht_is_subtargetconfig
2020-01-21 10:59:39.104071 | > DO_CALL (0.001s wait)
.2020-01-21 10:59:39.109411 | eval'd: drake::cmq_buildtargetmetadepsspecht_is_subtargetconfig
2020-01-21 10:59:42.934548 | > DO_CALL (0.001s wait)
.2020-01-21 10:59:42.940285 | eval'd: drake::cmq_buildtargetmetadepsspecht_is_subtargetconfig
2020-01-21 10:59:49.207422 | > DO_CALL (0.001s wait)
.2020-01-21 10:59:49.213479 | eval'd: drake::cmq_buildtargetmetadepsspecht_is_subtargetconfig
2020-01-21 10:59:52.966498 | > DO_CALL (0.001s wait)
.2020-01-21 10:59:52.972188 | eval'd: drake::cmq_buildtargetmetadepsspecht_is_subtargetconfig
2020-01-21 10:59:56.784370 | > DO_CALL (0.001s wait)
.2020-01-21 10:59:56.790373 | eval'd: drake::cmq_buildtargetmetadepsspecht_is_subtargetconfig
2020-01-21 11:00:00.644591 | > DO_CALL (0.001s wait)
.2020-01-21 11:00:00.648985 | eval'd: drake::cmq_buildtargetmetadepsspecht_is_subtargetconfig
2020-01-21 11:00:04.493633 | > DO_CALL (0.001s wait)
.2020-01-21 11:00:04.498032 | eval'd: drake::cmq_buildtargetmetadepsspecht_is_subtargetconfig
2020-01-21 11:00:08.056681 | > DO_CALL (0.001s wait)
.2020-01-21 11:00:08.061652 | eval'd: drake::cmq_buildtargetmetadepsspecht_is_subtargetconfig
2020-01-21 11:00:11.577545 | > DO_CALL (0.001s wait)
.2020-01-21 11:00:11.595016 | eval'd: drake::cmq_buildtargetmetadepsspecht_is_subtargetconfig
2020-01-21 11:00:15.303306 | > DO_CALL (0.001s wait)
.2020-01-21 11:00:15.308755 | eval'd: drake::cmq_buildtargetmetadepsspecht_is_subtargetconfig
2020-01-21 11:00:19.064752 | > DO_CALL (0.001s wait)
.2020-01-21 11:00:19.069499 | eval'd: drake::cmq_buildtargetmetadepsspecht_is_subtargetconfig
2020-01-21 11:00:23.064481 | > DO_CALL (0.000s wait)
.2020-01-21 11:00:23.068525 | eval'd: drake::cmq_buildtargetmetadepsspecht_is_subtargetconfig
2020-01-21 11:00:26.929512 | > DO_CALL (0.000s wait)
.2020-01-21 11:00:26.934329 | eval'd: drake::cmq_buildtargetmetadepsspecht_is_subtargetconfig
2020-01-21 11:00:31.575226 | > DO_CALL (0.001s wait)
.2020-01-21 11:00:31.580730 | eval'd: drake::cmq_buildtargetmetadepsspecht_is_subtargetconfig
2020-01-21 11:00:35.422190 | > DO_CALL (0.001s wait)
.2020-01-21 11:00:35.427335 | eval'd: drake::cmq_buildtargetmetadepsspecht_is_subtargetconfig
2020-01-21 11:00:39.468918 | > DO_CALL (0.001s wait)
.2020-01-21 11:00:39.473598 | eval'd: drake::cmq_buildtargetmetadepsspecht_is_subtargetconfig
2020-01-21 11:00:43.215440 | > DO_CALL (0.000s wait)
.2020-01-21 11:00:43.219465 | eval'd: drake::cmq_buildtargetmetadepsspecht_is_subtargetconfig
2020-01-21 11:00:48.897924 | > DO_CALL (0.001s wait)
.2020-01-21 11:00:48.903134 | eval'd: drake::cmq_buildtargetmetadepsspecht_is_subtargetconfig
2020-01-21 11:00:52.782463 | > DO_CALL (0.000s wait)
.2020-01-21 11:00:52.786490 | eval'd: drake::cmq_buildtargetmetadepsspecht_is_subtargetconfig
2020-01-21 11:00:56.977432 | > DO_CALL (0.000s wait)
.2020-01-21 11:00:56.981923 | eval'd: drake::cmq_buildtargetmetadepsspecht_is_subtargetconfig
2020-01-21 11:01:00.672201 | > DO_CALL (0.001s wait)
.2020-01-21 11:01:00.677454 | eval'd: drake::cmq_buildtargetmetadepsspecht_is_subtargetconfig
2020-01-21 11:01:05.421814 | > DO_CALL (0.001s wait)
.2020-01-21 11:01:05.426646 | eval'd: drake::cmq_buildtargetmetadepsspecht_is_subtargetconfig
2020-01-21 11:01:09.480313 | > DO_CALL (0.001s wait)
.2020-01-21 11:01:09.485722 | eval'd: drake::cmq_buildtargetmetadepsspecht_is_subtargetconfig
2020-01-21 11:01:13.476075 | > DO_CALL (0.001s wait)
.2020-01-21 11:01:13.481210 | eval'd: drake::cmq_buildtargetmetadepsspecht_is_subtargetconfig
2020-01-21 11:01:17.501243 | > DO_CALL (0.001s wait)
.2020-01-21 11:01:17.507141 | eval'd: drake::cmq_buildtargetmetadepsspecht_is_subtargetconfig
2020-01-21 11:01:21.232588 | > DO_CALL (0.001s wait)
.2020-01-21 11:01:21.237076 | eval'd: drake::cmq_buildtargetmetadepsspecht_is_subtargetconfig
2020-01-21 11:01:24.918305 | > DO_CALL (0.001s wait)
.2020-01-21 11:01:24.923703 | eval'd: drake::cmq_buildtargetmetadepsspecht_is_subtargetconfig
2020-01-21 11:01:28.604448 | > DO_CALL (0.000s wait)
.2020-01-21 11:01:28.608478 | eval'd: drake::cmq_buildtargetmetadepsspecht_is_subtargetconfig
2020-01-21 11:01:32.367158 | > DO_CALL (0.001s wait)
.2020-01-21 11:01:32.372386 | eval'd: drake::cmq_buildtargetmetadepsspecht_is_subtargetconfig
2020-01-21 11:01:36.651699 | > DO_CALL (0.001s wait)
.2020-01-21 11:01:36.656634 | eval'd: drake::cmq_buildtargetmetadepsspecht_is_subtargetconfig
2020-01-21 11:01:40.312439 | > DO_CALL (0.000s wait)
.2020-01-21 11:01:40.316476 | eval'd: drake::cmq_buildtargetmetadepsspecht_is_subtargetconfig
2020-01-21 11:01:43.924424 | > DO_CALL (0.000s wait)
.2020-01-21 11:01:43.928583 | eval'd: drake::cmq_buildtargetmetadepsspecht_is_subtargetconfig
2020-01-21 11:01:47.645419 | > DO_CALL (0.000s wait)
.2020-01-21 11:01:47.649947 | eval'd: drake::cmq_buildtargetmetadepsspecht_is_subtargetconfig
2020-01-21 11:01:53.232408 | > DO_CALL (0.000s wait)
.2020-01-21 11:01:53.236397 | eval'd: drake::cmq_buildtargetmetadepsspecht_is_subtargetconfig
2020-01-21 11:01:57.157063 | > DO_CALL (0.001s wait)
.2020-01-21 11:01:57.162458 | eval'd: drake::cmq_buildtargetmetadepsspecht_is_subtargetconfig
2020-01-21 11:02:01.107217 | > DO_CALL (0.001s wait)
.2020-01-21 11:02:01.112670 | eval'd: drake::cmq_buildtargetmetadepsspecht_is_subtargetconfig
2020-01-21 11:02:04.662726 | > DO_CALL (0.001s wait)
.2020-01-21 11:02:04.667479 | eval'd: drake::cmq_buildtargetmetadepsspecht_is_subtargetconfig
2020-01-21 11:02:08.334937 | > DO_CALL (0.001s wait)
.2020-01-21 11:02:08.340060 | eval'd: drake::cmq_buildtargetmetadepsspecht_is_subtargetconfig
2020-01-21 11:02:12.093071 | > DO_CALL (0.001s wait)
.2020-01-21 11:02:12.098295 | eval'd: drake::cmq_buildtargetmetadepsspecht_is_subtargetconfig
2020-01-21 11:02:16.023478 | > DO_CALL (0.000s wait)
.2020-01-21 11:02:16.028313 | eval'd: drake::cmq_buildtargetmetadepsspecht_is_subtargetconfig
2020-01-21 11:02:19.847889 | > DO_CALL (0.001s wait)
.2020-01-21 11:02:19.852591 | eval'd: drake::cmq_buildtargetmetadepsspecht_is_subtargetconfig
2020-01-21 11:02:23.732902 | > DO_CALL (0.001s wait)
.2020-01-21 11:02:23.737761 | eval'd: drake::cmq_buildtargetmetadepsspecht_is_subtargetconfig
2020-01-21 11:02:27.391492 | > DO_CALL (0.000s wait)
.2020-01-21 11:02:27.396410 | eval'd: drake::cmq_buildtargetmetadepsspecht_is_subtargetconfig
2020-01-21 11:02:30.966521 | > DO_CALL (0.000s wait)
.2020-01-21 11:02:30.970724 | eval'd: drake::cmq_buildtargetmetadepsspecht_is_subtargetconfig
2020-01-21 11:02:35.611744 | > DO_CALL (0.001s wait)
.2020-01-21 11:02:35.616729 | eval'd: drake::cmq_buildtargetmetadepsspecht_is_subtargetconfig
2020-01-21 11:02:39.827907 | > DO_CALL (0.001s wait)
.2020-01-21 11:02:39.832754 | eval'd: drake::cmq_buildtargetmetadepsspecht_is_subtargetconfig
2020-01-21 11:02:43.662559 | > DO_CALL (0.000s wait)
.2020-01-21 11:02:43.666850 | eval'd: drake::cmq_buildtargetmetadepsspecht_is_subtargetconfig
2020-01-21 11:02:47.470881 | > DO_CALL (0.001s wait)
.2020-01-21 11:02:47.475672 | eval'd: drake::cmq_buildtargetmetadepsspecht_is_subtargetconfig
2020-01-21 11:02:51.197824 | > DO_CALL (0.001s wait)
.2020-01-21 11:02:51.202477 | eval'd: drake::cmq_buildtargetmetadepsspecht_is_subtargetconfig
2020-01-21 11:02:56.579620 | > DO_CALL (0.001s wait)
.2020-01-21 11:02:56.584503 | eval'd: drake::cmq_buildtargetmetadepsspecht_is_subtargetconfig
2020-01-21 11:03:00.109997 | > DO_CALL (0.001s wait)
.2020-01-21 11:03:00.115118 | eval'd: drake::cmq_buildtargetmetadepsspecht_is_subtargetconfig
2020-01-21 11:03:03.808688 | > DO_CALL (0.001s wait)
.2020-01-21 11:03:03.813111 | eval'd: drake::cmq_buildtargetmetadepsspecht_is_subtargetconfig
2020-01-21 11:03:07.407420 | > DO_CALL (0.000s wait)
.2020-01-21 11:03:07.412031 | eval'd: drake::cmq_buildtargetmetadepsspecht_is_subtargetconfig
2020-01-21 11:03:11.096615 | > DO_CALL (0.001s wait)
.2020-01-21 11:03:11.100981 | eval'd: drake::cmq_buildtargetmetadepsspecht_is_subtargetconfig
2020-01-21 11:03:14.840573 | > DO_CALL (0.000s wait)
.2020-01-21 11:03:14.844902 | eval'd: drake::cmq_buildtargetmetadepsspecht_is_subtargetconfig
2020-01-21 11:03:19.280259 | > DO_CALL (0.001s wait)
.2020-01-21 11:03:19.285808 | eval'd: drake::cmq_buildtargetmetadepsspecht_is_subtargetconfig
2020-01-21 11:03:22.753535 | > DO_CALL (0.000s wait)
.2020-01-21 11:03:22.757851 | eval'd: drake::cmq_buildtargetmetadepsspecht_is_subtargetconfig
2020-01-21 11:03:26.184183 | > DO_CALL (0.001s wait)
.2020-01-21 11:03:26.190172 | eval'd: drake::cmq_buildtargetmetadepsspecht_is_subtargetconfig
2020-01-21 11:03:30.265385 | > DO_CALL (0.000s wait)
.2020-01-21 11:03:30.269360 | eval'd: drake::cmq_buildtargetmetadepsspecht_is_subtargetconfig
2020-01-21 11:03:34.826442 | > DO_CALL (0.000s wait)
.2020-01-21 11:03:34.830534 | eval'd: drake::cmq_buildtargetmetadepsspecht_is_subtargetconfig
2020-01-21 11:03:39.069596 | > DO_CALL (0.001s wait)
.2020-01-21 11:03:39.074158 | eval'd: drake::cmq_buildtargetmetadepsspecht_is_subtargetconfig
2020-01-21 11:03:43.531429 | > DO_CALL (0.000s wait)
.2020-01-21 11:03:43.535484 | eval'd: drake::cmq_buildtargetmetadepsspecht_is_subtargetconfig
2020-01-21 11:03:47.212194 | > DO_CALL (0.001s wait)
.2020-01-21 11:03:47.218337 | eval'd: drake::cmq_buildtargetmetadepsspecht_is_subtargetconfig
2020-01-21 11:03:50.817424 | > DO_CALL (0.000s wait)
.2020-01-21 11:03:50.821519 | eval'd: drake::cmq_buildtargetmetadepsspecht_is_subtargetconfig
2020-01-21 11:03:54.714346 | > DO_CALL (0.001s wait)
.2020-01-21 11:03:54.719916 | eval'd: drake::cmq_buildtargetmetadepsspecht_is_subtargetconfig
2020-01-21 11:04:00.516918 | > DO_CALL (0.001s wait)
.2020-01-21 11:04:00.521809 | eval'd: drake::cmq_buildtargetmetadepsspecht_is_subtargetconfig
2020-01-21 11:04:05.189014 | > DO_CALL (0.001s wait)
.2020-01-21 11:04:05.194361 | eval'd: drake::cmq_buildtargetmetadepsspecht_is_subtargetconfig
2020-01-21 11:04:08.896189 | > DO_CALL (0.001s wait)
.2020-01-21 11:04:08.901772 | eval'd: drake::cmq_buildtargetmetadepsspecht_is_subtargetconfig
2020-01-21 11:04:12.680414 | > DO_CALL (0.000s wait)
.2020-01-21 11:04:12.684426 | eval'd: drake::cmq_buildtargetmetadepsspecht_is_subtargetconfig
2020-01-21 11:04:16.416094 | > DO_CALL (0.001s wait)
.2020-01-21 11:04:16.421633 | eval'd: drake::cmq_buildtargetmetadepsspecht_is_subtargetconfig
2020-01-21 11:04:20.222198 | > DO_CALL (0.001s wait)
.2020-01-21 11:04:20.227324 | eval'd: drake::cmq_buildtargetmetadepsspecht_is_subtargetconfig
2020-01-21 11:04:23.941402 | > DO_CALL (0.000s wait)
.2020-01-21 11:04:23.946912 | eval'd: drake::cmq_buildtargetmetadepsspecht_is_subtargetconfig
2020-01-21 11:04:27.663431 | > DO_CALL (0.000s wait)
.
2020-01-21 11:04:27.667934 | eval'd: drake::cmq_buildtargetmetadepsspecht_is_subtargetconfig
2020-01-21 11:04:31.300281 | > DO_CALL (0.001s wait)
.2020-01-21 11:04:31.305676 | eval'd: drake::cmq_buildtargetmetadepsspecht_is_subtargetconfig
2020-01-21 11:04:34.954105 | > DO_CALL (0.001s wait)
.2020-01-21 11:04:34.959385 | eval'd: drake::cmq_buildtargetmetadepsspecht_is_subtargetconfig
2020-01-21 11:04:38.751441 | > DO_CALL (0.000s wait)
.2020-01-21 11:04:38.755537 | eval'd: drake::cmq_buildtargetmetadepsspecht_is_subtargetconfig
2020-01-21 11:04:43.213421 | > DO_CALL (0.000s wait)
.2020-01-21 11:04:43.217458 | eval'd: drake::cmq_buildtargetmetadepsspecht_is_subtargetconfig
2020-01-21 11:04:47.002563 | > DO_CALL (0.000s wait)
.2020-01-21 11:04:47.007373 | eval'd: drake::cmq_buildtargetmetadepsspecht_is_subtargetconfig
2020-01-21 11:04:50.670578 | > DO_CALL (0.001s wait)
.2020-01-21 11:04:50.676284 | eval'd: drake::cmq_buildtargetmetadepsspecht_is_subtargetconfig
2020-01-21 11:04:54.513435 | > DO_CALL (0.000s wait)
.2020-01-21 11:04:54.517498 | eval'd: drake::cmq_buildtargetmetadepsspecht_is_subtargetconfig
2020-01-21 11:04:58.807962 | > DO_CALL (0.001s wait)
.2020-01-21 11:04:58.812818 | eval'd: drake::cmq_buildtargetmetadepsspecht_is_subtargetconfig
2020-01-21 11:05:03.724476 | > DO_CALL (0.000s wait)
.2020-01-21 11:05:03.728639 | eval'd: drake::cmq_buildtargetmetadepsspecht_is_subtargetconfig
2020-01-21 11:05:07.340855 | > DO_CALL (0.001s wait)
.2020-01-21 11:05:07.346354 | eval'd: drake::cmq_buildtargetmetadepsspecht_is_subtargetconfig
2020-01-21 11:05:11.137517 | > DO_CALL (0.000s wait)
.2020-01-21 11:05:11.143710 | eval'd: drake::cmq_buildtargetmetadepsspecht_is_subtargetconfig
2020-01-21 11:05:14.849433 | > DO_CALL (0.001s wait)
.2020-01-21 11:05:14.867356 | eval'd: drake::cmq_buildtargetmetadepsspecht_is_subtargetconfig
2020-01-21 11:05:19.218424 | > DO_CALL (0.000s wait)
.2020-01-21 11:05:19.222364 | eval'd: drake::cmq_buildtargetmetadepsspecht_is_subtargetconfig
2020-01-21 11:05:22.799586 | > DO_CALL (0.001s wait)
.2020-01-21 11:05:22.803905 | eval'd: drake::cmq_buildtargetmetadepsspecht_is_subtargetconfig
2020-01-21 11:05:26.464620 | > DO_CALL (0.001s wait)
.2020-01-21 11:05:26.469418 | eval'd: drake::cmq_buildtargetmetadepsspecht_is_subtargetconfig
2020-01-21 11:05:30.113380 | > DO_CALL (0.000s wait)
.2020-01-21 11:05:30.118804 | eval'd: drake::cmq_buildtargetmetadepsspecht_is_subtargetconfig
2020-01-21 11:05:33.899148 | > DO_CALL (0.001s wait)
.2020-01-21 11:05:33.904253 | eval'd: drake::cmq_buildtargetmetadepsspecht_is_subtargetconfig
2020-01-21 11:05:37.497088 | > DO_CALL (0.001s wait)
.2020-01-21 11:05:37.502630 | eval'd: drake::cmq_buildtargetmetadepsspecht_is_subtargetconfig
2020-01-21 11:05:41.297322 | > DO_CALL (0.000s wait)
.2020-01-21 11:05:41.302875 | eval'd: drake::cmq_buildtargetmetadepsspecht_is_subtargetconfig
2020-01-21 11:05:45.026505 | > DO_CALL (0.000s wait)
.2020-01-21 11:05:45.030602 | eval'd: drake::cmq_buildtargetmetadepsspecht_is_subtargetconfig
2020-01-21 11:05:49.421914 | > DO_CALL (0.001s wait)
.2020-01-21 11:05:49.426849 | eval'd: drake::cmq_buildtargetmetadepsspecht_is_subtargetconfig
2020-01-21 11:05:53.182498 | > DO_CALL (0.000s wait)
.2020-01-21 11:05:53.186812 | eval'd: drake::cmq_buildtargetmetadepsspecht_is_subtargetconfig
2020-01-21 11:05:56.671488 | > DO_CALL (0.000s wait)
.2020-01-21 11:05:56.675973 | eval'd: drake::cmq_buildtargetmetadepsspecht_is_subtargetconfig
2020-01-21 11:06:00.193595 | > DO_CALL (0.001s wait)
.2020-01-21 11:06:00.197813 | eval'd: drake::cmq_buildtargetmetadepsspecht_is_subtargetconfig
2020-01-21 11:06:05.037580 | > DO_CALL (0.000s wait)
.2020-01-21 11:06:05.041959 | eval'd: drake::cmq_buildtargetmetadepsspecht_is_subtargetconfig
2020-01-21 11:06:08.566338 | > DO_CALL (0.000s wait)
.2020-01-21 11:06:08.571748 | eval'd: drake::cmq_buildtargetmetadepsspecht_is_subtargetconfig
2020-01-21 11:06:12.110359 | > DO_CALL (0.000s wait)
.2020-01-21 11:06:12.116126 | eval'd: drake::cmq_buildtargetmetadepsspecht_is_subtargetconfig
2020-01-21 11:06:16.100482 | > DO_CALL (0.000s wait)
.2020-01-21 11:06:16.105093 | eval'd: drake::cmq_buildtargetmetadepsspecht_is_subtargetconfig
2020-01-21 11:06:20.421760 | > DO_CALL (0.001s wait)
.2020-01-21 11:06:20.426230 | eval'd: drake::cmq_buildtargetmetadepsspecht_is_subtargetconfig
2020-01-21 11:06:23.808543 | > DO_CALL (0.000s wait)
.2020-01-21 11:06:23.812643 | eval'd: drake::cmq_buildtargetmetadepsspecht_is_subtargetconfig
2020-01-21 11:06:27.409108 | > DO_CALL (0.001s wait)
.2020-01-21 11:06:27.414119 | eval'd: drake::cmq_buildtargetmetadepsspecht_is_subtargetconfig
2020-01-21 11:06:31.034703 | > DO_CALL (0.001s wait)
.2020-01-21 11:06:31.039070 | eval'd: drake::cmq_buildtargetmetadepsspecht_is_subtargetconfig
2020-01-21 11:06:34.744353 | > DO_CALL (0.000s wait)
.2020-01-21 11:06:34.749723 | eval'd: drake::cmq_buildtargetmetadepsspecht_is_subtargetconfig
2020-01-21 11:06:38.422115 | > DO_CALL (0.001s wait)
.2020-01-21 11:06:38.427139 | eval'd: drake::cmq_buildtargetmetadepsspecht_is_subtargetconfig
2020-01-21 11:06:42.006553 | > DO_CALL (0.000s wait)
.2020-01-21 11:06:42.010942 | eval'd: drake::cmq_buildtargetmetadepsspecht_is_subtargetconfig
2020-01-21 11:06:45.602929 | > DO_CALL (0.001s wait)
.2020-01-21 11:06:45.607992 | eval'd: drake::cmq_buildtargetmetadepsspecht_is_subtargetconfig
2020-01-21 11:06:49.730932 | > DO_CALL (0.001s wait)
.2020-01-21 11:06:49.735912 | eval'd: drake::cmq_buildtargetmetadepsspecht_is_subtargetconfig
2020-01-21 11:06:53.494961 | > DO_CALL (0.001s wait)
.2020-01-21 11:06:53.499949 | eval'd: drake::cmq_buildtargetmetadepsspecht_is_subtargetconfig
2020-01-21 11:06:57.124928 | > DO_CALL (0.001s wait)
.2020-01-21 11:06:57.129652 | eval'd: drake::cmq_buildtargetmetadepsspecht_is_subtargetconfig
2020-01-21 11:07:00.908703 | > DO_CALL (0.001s wait)
.2020-01-21 11:07:00.913112 | eval'd: drake::cmq_buildtargetmetadepsspecht_is_subtargetconfig
2020-01-21 11:07:06.677260 | > DO_CALL (0.000s wait)
.2020-01-21 11:07:06.683354 | eval'd: drake::cmq_buildtargetmetadepsspecht_is_subtargetconfig
2020-01-21 11:07:10.246339 | > DO_CALL (0.000s wait)
.2020-01-21 11:07:10.251858 | eval'd: drake::cmq_buildtargetmetadepsspecht_is_subtargetconfig
2020-01-21 11:07:13.660903 | > DO_CALL (0.001s wait)
.2020-01-21 11:07:13.665640 | eval'd: drake::cmq_buildtargetmetadepsspecht_is_subtargetconfig
2020-01-21 11:07:17.051296 | > DO_CALL (0.001s wait)
.2020-01-21 11:07:17.057141 | eval'd: drake::cmq_buildtargetmetadepsspecht_is_subtargetconfig
2020-01-21 11:07:20.560205 | > DO_CALL (0.000s wait)
.2020-01-21 11:07:20.564193 | eval'd: drake::cmq_buildtargetmetadepsspecht_is_subtargetconfig
2020-01-21 11:07:24.016787 | > DO_CALL (0.001s wait)
.2020-01-21 11:07:24.021503 | eval'd: drake::cmq_buildtargetmetadepsspecht_is_subtargetconfig
2020-01-21 11:07:28.318619 | > DO_CALL (0.001s wait)
.2020-01-21 11:07:28.323070 | eval'd: drake::cmq_buildtargetmetadepsspecht_is_subtargetconfig
2020-01-21 11:07:31.934942 | > DO_CALL (0.001s wait)
.2020-01-21 11:07:31.939741 | eval'd: drake::cmq_buildtargetmetadepsspecht_is_subtargetconfig
2020-01-21 11:07:35.443457 | > DO_CALL (0.000s wait)
.2020-01-21 11:07:35.447478 | eval'd: drake::cmq_buildtargetmetadepsspecht_is_subtargetconfig
2020-01-21 11:07:38.975686 | > DO_CALL (0.001s wait)
.2020-01-21 11:07:38.980077 | eval'd: drake::cmq_buildtargetmetadepsspecht_is_subtargetconfig
2020-01-21 11:07:42.618278 | > DO_CALL (0.000s wait)
.2020-01-21 11:07:42.623557 | eval'd: drake::cmq_buildtargetmetadepsspecht_is_subtargetconfig
2020-01-21 11:07:46.239132 | > DO_CALL (0.000s wait)
.2020-01-21 11:07:46.243964 | eval'd: drake::cmq_buildtargetmetadepsspecht_is_subtargetconfig
2020-01-21 11:07:49.945282 | > DO_CALL (0.000s wait)
.2020-01-21 11:07:49.950824 | eval'd: drake::cmq_buildtargetmetadepsspecht_is_subtargetconfig
2020-01-21 11:07:53.978976 | > DO_CALL (0.001s wait)
.2020-01-21 11:07:53.983746 | eval'd: drake::cmq_buildtargetmetadepsspecht_is_subtargetconfig
2020-01-21 11:07:58.366864 | > DO_CALL (0.001s wait)
.2020-01-21 11:07:58.371538 | eval'd: drake::cmq_buildtargetmetadepsspecht_is_subtargetconfig
2020-01-21 11:08:01.895374 | > DO_CALL (0.000s wait)
.2020-01-21 11:08:01.900742 | eval'd: drake::cmq_buildtargetmetadepsspecht_is_subtargetconfig
2020-01-21 11:08:05.554314 | > DO_CALL (0.000s wait)
.2020-01-21 11:08:05.560096 | eval'd: drake::cmq_buildtargetmetadepsspecht_is_subtargetconfig
2020-01-21 11:08:11.003660 | > DO_CALL (0.001s wait)
.2020-01-21 11:08:11.008231 | eval'd: drake::cmq_buildtargetmetadepsspecht_is_subtargetconfig
2020-01-21 11:08:14.576553 | > DO_CALL (0.000s wait)
.2020-01-21 11:08:14.580721 | eval'd: drake::cmq_buildtargetmetadepsspecht_is_subtargetconfig
2020-01-21 11:08:18.069113 | > DO_CALL (0.001s wait)
.2020-01-21 11:08:18.074317 | eval'd: drake::cmq_buildtargetmetadepsspecht_is_subtargetconfig
2020-01-21 11:08:21.630491 | > DO_CALL (0.000s wait)
.2020-01-21 11:08:21.634530 | eval'd: drake::cmq_buildtargetmetadepsspecht_is_subtargetconfig
2020-01-21 11:08:25.175735 | > DO_CALL (0.001s wait)
.2020-01-21 11:08:25.180210 | eval'd: drake::cmq_buildtargetmetadepsspecht_is_subtargetconfig
2020-01-21 11:08:28.643060 | > DO_CALL (0.001s wait)
.2020-01-21 11:08:28.647980 | eval'd: drake::cmq_buildtargetmetadepsspecht_is_subtargetconfig
2020-01-21 11:08:32.192619 | > DO_CALL (0.001s wait)
.2020-01-21 11:08:32.196954 | eval'd: drake::cmq_buildtargetmetadepsspecht_is_subtargetconfig
2020-01-21 11:08:36.777617 | > DO_CALL (0.001s wait)
.2020-01-21 11:08:36.782334 | eval'd: drake::cmq_buildtargetmetadepsspecht_is_subtargetconfig
2020-01-21 11:08:40.348026 | > DO_CALL (0.001s wait)
.2020-01-21 11:08:40.352914 | eval'd: drake::cmq_buildtargetmetadepsspecht_is_subtargetconfig
2020-01-21 11:08:44.024247 | > DO_CALL (0.000s wait)
.2020-01-21 11:08:44.029476 | eval'd: drake::cmq_buildtargetmetadepsspecht_is_subtargetconfig
2020-01-21 11:08:47.711571 | > DO_CALL (0.000s wait)
.2020-01-21 11:08:47.715687 | eval'd: drake::cmq_buildtargetmetadepsspecht_is_subtargetconfig
2020-01-21 11:08:51.254525 | > DO_CALL (0.000s wait)
.2020-01-21 11:08:51.258664 | eval'd: drake::cmq_buildtargetmetadepsspecht_is_subtargetconfig
2020-01-21 11:08:55.185301 | > DO_CALL (0.000s wait)
.2020-01-21 11:08:55.190616 | eval'd: drake::cmq_buildtargetmetadepsspecht_is_subtargetconfig
2020-01-21 11:08:58.826547 | > DO_CALL (0.000s wait)
.2020-01-21 11:08:58.830819 | eval'd: drake::cmq_buildtargetmetadepsspecht_is_subtargetconfig
2020-01-21 11:09:02.621756 | > DO_CALL (0.001s wait)
.2020-01-21 11:09:02.626370 | eval'd: drake::cmq_buildtargetmetadepsspecht_is_subtargetconfig
2020-01-21 11:09:06.386529 | > DO_CALL (0.000s wait)
.2020-01-21 11:09:06.391203 | eval'd: drake::cmq_buildtargetmetadepsspecht_is_subtargetconfig
2020-01-21 11:09:12.012908 | > DO_CALL (0.001s wait)
.2020-01-21 11:09:12.018433 | eval'd: drake::cmq_buildtargetmetadepsspecht_is_subtargetconfig
2020-01-21 11:09:15.543520 | > DO_CALL (0.000s wait)
.2020-01-21 11:09:15.547990 | eval'd: drake::cmq_buildtargetmetadepsspecht_is_subtargetconfig
2020-01-21 11:09:18.917546 | > DO_CALL (0.000s wait)
.2020-01-21 11:09:18.923385 | eval'd: drake::cmq_buildtargetmetadepsspecht_is_subtargetconfig
2020-01-21 11:09:22.375627 | > DO_CALL (0.001s wait)
.2020-01-21 11:09:22.379871 | eval'd: drake::cmq_buildtargetmetadepsspecht_is_subtargetconfig
2020-01-21 11:09:25.917808 | > DO_CALL (0.001s wait)
.2020-01-21 11:09:25.922927 | eval'd: drake::cmq_buildtargetmetadepsspecht_is_subtargetconfig
2020-01-21 11:09:29.763595 | > DO_CALL (0.001s wait)
.
2020-01-21 11:09:29.767887 | eval'd: drake::cmq_buildtargetmetadepsspecht_is_subtargetconfig
2020-01-21 11:09:33.442333 | > DO_CALL (0.001s wait)
.2020-01-21 11:09:33.447979 | eval'd: drake::cmq_buildtargetmetadepsspecht_is_subtargetconfig
2020-01-21 11:09:37.212958 | > DO_CALL (0.001s wait)
.2020-01-21 11:09:37.218108 | eval'd: drake::cmq_buildtargetmetadepsspecht_is_subtargetconfig
2020-01-21 11:09:41.707527 | > DO_CALL (0.000s wait)
.2020-01-21 11:09:41.713127 | eval'd: drake::cmq_buildtargetmetadepsspecht_is_subtargetconfig
2020-01-21 11:09:45.388744 | > DO_CALL (0.001s wait)
.2020-01-21 11:09:45.393115 | eval'd: drake::cmq_buildtargetmetadepsspecht_is_subtargetconfig
2020-01-21 11:09:48.911847 | > DO_CALL (0.001s wait)
.2020-01-21 11:09:48.916464 | eval'd: drake::cmq_buildtargetmetadepsspecht_is_subtargetconfig
2020-01-21 11:09:52.381010 | > DO_CALL (0.001s wait)
.2020-01-21 11:09:52.385989 | eval'd: drake::cmq_buildtargetmetadepsspecht_is_subtargetconfig
2020-01-21 11:09:55.862575 | > DO_CALL (0.000s wait)
.2020-01-21 11:09:55.868593 | eval'd: drake::cmq_buildtargetmetadepsspecht_is_subtargetconfig
2020-01-21 11:09:59.962737 | > DO_CALL (0.001s wait)
.2020-01-21 11:09:59.979495 | eval'd: drake::cmq_buildtargetmetadepsspecht_is_subtargetconfig
2020-01-21 11:10:03.417571 | > DO_CALL (0.000s wait)
.2020-01-21 11:10:03.421850 | eval'd: drake::cmq_buildtargetmetadepsspecht_is_subtargetconfig
2020-01-21 11:10:06.884438 | > DO_CALL (0.000s wait)
.2020-01-21 11:10:06.890204 | eval'd: drake::cmq_buildtargetmetadepsspecht_is_subtargetconfig
2020-01-21 11:10:10.365558 | > DO_CALL (0.000s wait)
.2020-01-21 11:10:10.369594 | eval'd: drake::cmq_buildtargetmetadepsspecht_is_subtargetconfig
2020-01-21 11:10:15.652609 | > DO_CALL (0.001s wait)
.2020-01-21 11:10:15.656944 | eval'd: drake::cmq_buildtargetmetadepsspecht_is_subtargetconfig
2020-01-21 11:10:19.140245 | > DO_CALL (0.000s wait)
.2020-01-21 11:10:19.145357 | eval'd: drake::cmq_buildtargetmetadepsspecht_is_subtargetconfig
2020-01-21 11:10:22.755164 | > DO_CALL (0.000s wait)
.2020-01-21 11:10:22.760373 | eval'd: drake::cmq_buildtargetmetadepsspecht_is_subtargetconfig
2020-01-21 11:10:26.231597 | > DO_CALL (0.001s wait)
.2020-01-21 11:10:26.236167 | eval'd: drake::cmq_buildtargetmetadepsspecht_is_subtargetconfig
2020-01-21 11:10:29.761590 | > DO_CALL (0.001s wait)
.2020-01-21 11:10:29.765698 | eval'd: drake::cmq_buildtargetmetadepsspecht_is_subtargetconfig
2020-01-21 11:10:33.351583 | > DO_CALL (0.001s wait)
.2020-01-21 11:10:33.355753 | eval'd: drake::cmq_buildtargetmetadepsspecht_is_subtargetconfig
2020-01-21 11:10:36.937636 | > DO_CALL (0.001s wait)
.2020-01-21 11:10:36.942021 | eval'd: drake::cmq_buildtargetmetadepsspecht_is_subtargetconfig
2020-01-21 11:10:40.603770 | > DO_CALL (0.001s wait)
.2020-01-21 11:10:40.608386 | eval'd: drake::cmq_buildtargetmetadepsspecht_is_subtargetconfig
2020-01-21 11:10:44.165020 | > DO_CALL (0.003s wait)
.2020-01-21 11:10:44.172611 | eval'd: drake::cmq_buildtargetmetadepsspecht_is_subtargetconfig
2020-01-21 11:10:47.732416 | > DO_CALL (0.000s wait)
.2020-01-21 11:10:47.738969 | eval'd: drake::cmq_buildtargetmetadepsspecht_is_subtargetconfig
2020-01-21 11:10:51.246700 | > DO_CALL (0.001s wait)
.2020-01-21 11:10:51.251591 | eval'd: drake::cmq_buildtargetmetadepsspecht_is_subtargetconfig
2020-01-21 11:10:54.716068 | > DO_CALL (0.001s wait)
.2020-01-21 11:10:54.722044 | eval'd: drake::cmq_buildtargetmetadepsspecht_is_subtargetconfig
2020-01-21 11:10:59.272621 | > DO_CALL (0.001s wait)
.2020-01-21 11:10:59.278732 | eval'd: drake::cmq_buildtargetmetadepsspecht_is_subtargetconfig
2020-01-21 11:11:03.554430 | > DO_CALL (0.000s wait)
.2020-01-21 11:11:03.560367 | eval'd: drake::cmq_buildtargetmetadepsspecht_is_subtargetconfig
2020-01-21 11:11:07.147310 | > DO_CALL (0.017s wait)
.2020-01-21 11:11:07.152974 | eval'd: drake::cmq_buildtargetmetadepsspecht_is_subtargetconfig
2020-01-21 11:11:10.720087 | > DO_CALL (0.000s wait)
.2020-01-21 11:11:10.725377 | eval'd: drake::cmq_buildtargetmetadepsspecht_is_subtargetconfig
2020-01-21 11:11:14.322575 | > DO_CALL (0.000s wait)
.2020-01-21 11:11:14.327067 | eval'd: drake::cmq_buildtargetmetadepsspecht_is_subtargetconfig
2020-01-21 11:11:19.811703 | > DO_CALL (0.001s wait)
.2020-01-21 11:11:19.816848 | eval'd: drake::cmq_buildtargetmetadepsspecht_is_subtargetconfig
2020-01-21 11:11:23.395462 | > DO_CALL (0.000s wait)
.2020-01-21 11:11:23.401468 | eval'd: drake::cmq_buildtargetmetadepsspecht_is_subtargetconfig
2020-01-21 11:11:26.922647 | > DO_CALL (0.001s wait)
.2020-01-21 11:11:26.927260 | eval'd: drake::cmq_buildtargetmetadepsspecht_is_subtargetconfig
2020-01-21 11:11:30.477617 | > DO_CALL (0.001s wait)
.2020-01-21 11:11:30.482276 | eval'd: drake::cmq_buildtargetmetadepsspecht_is_subtargetconfig
2020-01-21 11:11:34.124632 | > DO_CALL (0.001s wait)
.2020-01-21 11:11:34.129363 | eval'd: drake::cmq_buildtargetmetadepsspecht_is_subtargetconfig
2020-01-21 11:11:37.883040 | > DO_CALL (0.001s wait)
.2020-01-21 11:11:37.888682 | eval'd: drake::cmq_buildtargetmetadepsspecht_is_subtargetconfig
2020-01-21 11:11:41.653563 | > DO_CALL (0.000s wait)
.2020-01-21 11:11:41.658219 | eval'd: drake::cmq_buildtargetmetadepsspecht_is_subtargetconfig
2020-01-21 11:11:45.319434 | > DO_CALL (0.000s wait)
.2020-01-21 11:11:45.325485 | eval'd: drake::cmq_buildtargetmetadepsspecht_is_subtargetconfig
2020-01-21 11:11:48.867633 | > DO_CALL (0.001s wait)
.2020-01-21 11:11:48.872256 | eval'd: drake::cmq_buildtargetmetadepsspecht_is_subtargetconfig
2020-01-21 11:11:52.360579 | > DO_CALL (0.000s wait)
.2020-01-21 11:11:52.366529 | eval'd: drake::cmq_buildtargetmetadepsspecht_is_subtargetconfig
2020-01-21 11:11:56.731507 | > DO_CALL (0.000s wait)
.2020-01-21 11:11:56.738156 | eval'd: drake::cmq_buildtargetmetadepsspecht_is_subtargetconfig
2020-01-21 11:12:00.180930 | > DO_CALL (0.001s wait)
.2020-01-21 11:12:00.186069 | eval'd: drake::cmq_buildtargetmetadepsspecht_is_subtargetconfig
2020-01-21 11:12:04.314675 | > DO_CALL (0.001s wait)
.2020-01-21 11:12:04.319523 | eval'd: drake::cmq_buildtargetmetadepsspecht_is_subtargetconfig
2020-01-21 11:12:07.879179 | > DO_CALL (0.000s wait)
.2020-01-21 11:12:07.885254 | eval'd: drake::cmq_buildtargetmetadepsspecht_is_subtargetconfig
2020-01-21 11:12:11.323574 | > DO_CALL (0.000s wait)
.2020-01-21 11:12:11.328317 | eval'd: drake::cmq_buildtargetmetadepsspecht_is_subtargetconfig
2020-01-21 11:12:14.764627 | > DO_CALL (0.001s wait)
.2020-01-21 11:12:14.769107 | eval'd: drake::cmq_buildtargetmetadepsspecht_is_subtargetconfig
2020-01-21 11:12:18.316441 | > DO_CALL (0.000s wait)
.2020-01-21 11:12:18.322809 | eval'd: drake::cmq_buildtargetmetadepsspecht_is_subtargetconfig
2020-01-21 11:12:23.521559 | > DO_CALL (0.000s wait)
.2020-01-21 11:12:23.527604 | eval'd: drake::cmq_buildtargetmetadepsspecht_is_subtargetconfig
2020-01-21 11:12:26.927583 | > DO_CALL (0.000s wait)
.2020-01-21 11:12:26.932512 | eval'd: drake::cmq_buildtargetmetadepsspecht_is_subtargetconfig
2020-01-21 11:12:30.539919 | > DO_CALL (0.001s wait)
.2020-01-21 11:12:30.545044 | eval'd: drake::cmq_buildtargetmetadepsspecht_is_subtargetconfig
2020-01-21 11:12:34.977401 | > DO_CALL (0.000s wait)
.2020-01-21 11:12:34.983454 | eval'd: drake::cmq_buildtargetmetadepsspecht_is_subtargetconfig
2020-01-21 11:12:38.361415 | > DO_CALL (0.000s wait)
.2020-01-21 11:12:38.367227 | eval'd: drake::cmq_buildtargetmetadepsspecht_is_subtargetconfig
2020-01-21 11:12:41.874689 | > DO_CALL (0.001s wait)
.2020-01-21 11:12:41.879354 | eval'd: drake::cmq_buildtargetmetadepsspecht_is_subtargetconfig
2020-01-21 11:12:45.356569 | > DO_CALL (0.000s wait)
.2020-01-21 11:12:45.362711 | eval'd: drake::cmq_buildtargetmetadepsspecht_is_subtargetconfig
2020-01-21 11:12:48.978630 | > DO_CALL (0.001s wait)
.2020-01-21 11:12:48.983117 | eval'd: drake::cmq_buildtargetmetadepsspecht_is_subtargetconfig
2020-01-21 11:12:52.515254 | > DO_CALL (0.000s wait)
.2020-01-21 11:12:52.520820 | eval'd: drake::cmq_buildtargetmetadepsspecht_is_subtargetconfig
2020-01-21 11:12:56.045712 | > DO_CALL (0.001s wait)
.2020-01-21 11:12:56.050984 | eval'd: drake::cmq_buildtargetmetadepsspecht_is_subtargetconfig
2020-01-21 11:12:59.570611 | > DO_CALL (0.001s wait)
.2020-01-21 11:12:59.575306 | eval'd: drake::cmq_buildtargetmetadepsspecht_is_subtargetconfig
2020-01-21 11:13:02.838923 | > DO_CALL (0.001s wait)
.2020-01-21 11:13:02.843954 | eval'd: drake::cmq_buildtargetmetadepsspecht_is_subtargetconfig
2020-01-21 11:13:06.774727 | > DO_CALL (0.001s wait)
.2020-01-21 11:13:06.780067 | eval'd: drake::cmq_buildtargetmetadepsspecht_is_subtargetconfig
2020-01-21 11:13:10.334405 | > DO_CALL (0.000s wait)
.2020-01-21 11:13:10.340323 | eval'd: drake::cmq_buildtargetmetadepsspecht_is_subtargetconfig
2020-01-21 11:13:13.907476 | > DO_CALL (0.000s wait)
.2020-01-21 11:13:13.913667 | eval'd: drake::cmq_buildtargetmetadepsspecht_is_subtargetconfig
2020-01-21 11:13:17.481141 | > DO_CALL (0.000s wait)
.2020-01-21 11:13:17.487316 | eval'd: drake::cmq_buildtargetmetadepsspecht_is_subtargetconfig
2020-01-21 11:13:21.072051 | > DO_CALL (0.001s wait)
.2020-01-21 11:13:21.077286 | eval'd: drake::cmq_buildtargetmetadepsspecht_is_subtargetconfig
2020-01-21 11:13:26.169425 | > DO_CALL (0.000s wait)
.2020-01-21 11:13:26.174123 | eval'd: drake::cmq_buildtargetmetadepsspecht_is_subtargetconfig
2020-01-21 11:13:29.739019 | > DO_CALL (0.001s wait)
.2020-01-21 11:13:29.744069 | eval'd: drake::cmq_buildtargetmetadepsspecht_is_subtargetconfig
2020-01-21 11:13:33.327741 | > DO_CALL (0.001s wait)
.2020-01-21 11:13:33.332345 | eval'd: drake::cmq_buildtargetmetadepsspecht_is_subtargetconfig
2020-01-21 11:13:36.845671 | > DO_CALL (0.001s wait)
.2020-01-21 11:13:36.850693 | eval'd: drake::cmq_buildtargetmetadepsspecht_is_subtargetconfig
2020-01-21 11:13:40.294534 | > DO_CALL (0.000s wait)
.2020-01-21 11:13:40.300503 | eval'd: drake::cmq_buildtargetmetadepsspecht_is_subtargetconfig
2020-01-21 11:13:44.531764 | > DO_CALL (0.001s wait)
.2020-01-21 11:13:44.536440 | eval'd: drake::cmq_buildtargetmetadepsspecht_is_subtargetconfig
2020-01-21 11:13:48.061631 | > DO_CALL (0.001s wait)
.2020-01-21 11:13:48.066059 | eval'd: drake::cmq_buildtargetmetadepsspecht_is_subtargetconfig
2020-01-21 11:13:51.614448 | > DO_CALL (0.000s wait)
.2020-01-21 11:13:51.620738 | eval'd: drake::cmq_buildtargetmetadepsspecht_is_subtargetconfig
2020-01-21 11:13:55.153813 | > DO_CALL (0.001s wait)
.2020-01-21 11:13:55.158545 | eval'd: drake::cmq_buildtargetmetadepsspecht_is_subtargetconfig
2020-01-21 11:13:58.630408 | > DO_CALL (0.000s wait)
.2020-01-21 11:13:58.636435 | eval'd: drake::cmq_buildtargetmetadepsspecht_is_subtargetconfig
2020-01-21 11:14:02.109607 | > DO_CALL (0.001s wait)
.2020-01-21 11:14:02.116036 | eval'd: drake::cmq_buildtargetmetadepsspecht_is_subtargetconfig
2020-01-21 11:14:05.599603 | > DO_CALL (0.001s wait)
.2020-01-21 11:14:05.604368 | eval'd: drake::cmq_buildtargetmetadepsspecht_is_subtargetconfig
2020-01-21 11:14:09.676954 | > DO_CALL (0.001s wait)
.2020-01-21 11:14:09.681920 | eval'd: drake::cmq_buildtargetmetadepsspecht_is_subtargetconfig
2020-01-21 11:14:13.094588 | > DO_CALL (0.001s wait)
.2020-01-21 11:14:13.098917 | eval'd: drake::cmq_buildtargetmetadepsspecht_is_subtargetconfig
2020-01-21 11:14:16.495342 | > DO_CALL (0.000s wait)
.2020-01-21 11:14:16.500906 | eval'd: drake::cmq_buildtargetmetadepsspecht_is_subtargetconfig
2020-01-21 11:14:19.876260 | > DO_CALL (0.000s wait)
.2020-01-21 11:14:19.882017 | eval'd: drake::cmq_buildtargetmetadepsspecht_is_subtargetconfig
2020-01-21 11:14:24.166723 | > DO_CALL (0.001s wait)
.
2020-01-21 11:14:24.173017 | eval'd: drake::cmq_buildtargetmetadepsspecht_is_subtargetconfig
2020-01-21 11:14:29.686245 | > DO_CALL (0.000s wait)
.2020-01-21 11:14:29.692053 | eval'd: drake::cmq_buildtargetmetadepsspecht_is_subtargetconfig
2020-01-21 11:14:33.296692 | > DO_CALL (0.001s wait)
.2020-01-21 11:14:33.301604 | eval'd: drake::cmq_buildtargetmetadepsspecht_is_subtargetconfig
2020-01-21 11:14:36.721639 | > DO_CALL (0.001s wait)
.2020-01-21 11:14:36.726373 | eval'd: drake::cmq_buildtargetmetadepsspecht_is_subtargetconfig
2020-01-21 11:14:40.231348 | > DO_CALL (0.000s wait)
.2020-01-21 11:14:40.237322 | eval'd: drake::cmq_buildtargetmetadepsspecht_is_subtargetconfig
2020-01-21 11:14:43.674792 | > DO_CALL (0.001s wait)
.2020-01-21 11:14:43.680754 | eval'd: drake::cmq_buildtargetmetadepsspecht_is_subtargetconfig
2020-01-21 11:14:47.111104 | > DO_CALL (0.000s wait)
.2020-01-21 11:14:47.116755 | eval'd: drake::cmq_buildtargetmetadepsspecht_is_subtargetconfig
2020-01-21 11:14:50.468512 | > DO_CALL (0.000s wait)
.2020-01-21 11:14:50.474408 | eval'd: drake::cmq_buildtargetmetadepsspecht_is_subtargetconfig
2020-01-21 11:14:53.886979 | > DO_CALL (0.001s wait)
.2020-01-21 11:14:53.892190 | eval'd: drake::cmq_buildtargetmetadepsspecht_is_subtargetconfig
2020-01-21 11:14:57.267480 | > DO_CALL (0.000s wait)
.2020-01-21 11:14:57.273508 | eval'd: drake::cmq_buildtargetmetadepsspecht_is_subtargetconfig
2020-01-21 11:15:00.699344 | > DO_CALL (0.000s wait)
.2020-01-21 11:15:00.705000 | eval'd: drake::cmq_buildtargetmetadepsspecht_is_subtargetconfig
2020-01-21 11:15:04.126805 | > DO_CALL (0.001s wait)
.2020-01-21 11:15:04.131558 | eval'd: drake::cmq_buildtargetmetadepsspecht_is_subtargetconfig
2020-01-21 11:15:07.591457 | > DO_CALL (0.000s wait)
.2020-01-21 11:15:07.597811 | eval'd: drake::cmq_buildtargetmetadepsspecht_is_subtargetconfig
2020-01-21 11:15:11.074867 | > DO_CALL (0.001s wait)
.2020-01-21 11:15:11.079814 | eval'd: drake::cmq_buildtargetmetadepsspecht_is_subtargetconfig
2020-01-21 11:15:15.132336 | > DO_CALL (0.000s wait)
.2020-01-21 11:15:15.138055 | eval'd: drake::cmq_buildtargetmetadepsspecht_is_subtargetconfig
2020-01-21 11:15:18.678384 | > DO_CALL (0.000s wait)
.2020-01-21 11:15:18.683598 | eval'd: drake::cmq_buildtargetmetadepsspecht_is_subtargetconfig
2020-01-21 11:15:22.870819 | > DO_CALL (0.001s wait)
.2020-01-21 11:15:22.875396 | eval'd: drake::cmq_buildtargetmetadepsspecht_is_subtargetconfig
2020-01-21 11:15:26.270924 | > DO_CALL (0.001s wait)
.2020-01-21 11:15:26.276048 | eval'd: drake::cmq_buildtargetmetadepsspecht_is_subtargetconfig
2020-01-21 11:15:31.793575 | > DO_CALL (0.000s wait)
.2020-01-21 11:15:31.799415 | eval'd: drake::cmq_buildtargetmetadepsspecht_is_subtargetconfig
2020-01-21 11:15:35.216489 | > DO_CALL (0.000s wait)
.2020-01-21 11:15:35.221754 | eval'd: drake::cmq_buildtargetmetadepsspecht_is_subtargetconfig
2020-01-21 11:15:38.594884 | > DO_CALL (0.001s wait)
.2020-01-21 11:15:38.599289 | eval'd: drake::cmq_buildtargetmetadepsspecht_is_subtargetconfig
2020-01-21 11:15:42.081472 | > DO_CALL (0.000s wait)
.2020-01-21 11:15:42.086700 | eval'd: drake::cmq_buildtargetmetadepsspecht_is_subtargetconfig
2020-01-21 11:15:45.486526 | > DO_CALL (0.000s wait)
.2020-01-21 11:15:45.492338 | eval'd: drake::cmq_buildtargetmetadepsspecht_is_subtargetconfig
2020-01-21 11:15:49.952173 | > DO_CALL (0.000s wait)
.2020-01-21 11:15:49.956999 | eval'd: drake::cmq_buildtargetmetadepsspecht_is_subtargetconfig
2020-01-21 11:15:53.222253 | > DO_CALL (0.000s wait)
.2020-01-21 11:15:53.227186 | eval'd: drake::cmq_buildtargetmetadepsspecht_is_subtargetconfig
2020-01-21 11:15:56.601625 | > DO_CALL (0.001s wait)
.2020-01-21 11:15:56.606339 | eval'd: drake::cmq_buildtargetmetadepsspecht_is_subtargetconfig
2020-01-21 11:15:59.915230 | > DO_CALL (0.000s wait)
.2020-01-21 11:15:59.920373 | eval'd: drake::cmq_buildtargetmetadepsspecht_is_subtargetconfig
2020-01-21 11:16:03.257552 | > DO_CALL (0.000s wait)
.2020-01-21 11:16:03.263322 | eval'd: drake::cmq_buildtargetmetadepsspecht_is_subtargetconfig
2020-01-21 11:16:06.572401 | > DO_CALL (0.000s wait)
.2020-01-21 11:16:06.577754 | eval'd: drake::cmq_buildtargetmetadepsspecht_is_subtargetconfig
2020-01-21 11:16:10.130357 | > DO_CALL (0.000s wait)
.2020-01-21 11:16:10.135434 | eval'd: drake::cmq_buildtargetmetadepsspecht_is_subtargetconfig
2020-01-21 11:16:13.510173 | > DO_CALL (0.000s wait)
.2020-01-21 11:16:13.515007 | eval'd: drake::cmq_buildtargetmetadepsspecht_is_subtargetconfig
2020-01-21 11:16:17.335523 | > DO_CALL (0.000s wait)
.2020-01-21 11:16:17.341469 | eval'd: drake::cmq_buildtargetmetadepsspecht_is_subtargetconfig
2020-01-21 11:16:20.741378 | > DO_CALL (0.000s wait)
.2020-01-21 11:16:20.746552 | eval'd: drake::cmq_buildtargetmetadepsspecht_is_subtargetconfig
2020-01-21 11:16:24.138878 | > DO_CALL (0.001s wait)
.2020-01-21 11:16:24.143404 | eval'd: drake::cmq_buildtargetmetadepsspecht_is_subtargetconfig
2020-01-21 11:16:27.616554 | > DO_CALL (0.000s wait)
.2020-01-21 11:16:27.622544 | eval'd: drake::cmq_buildtargetmetadepsspecht_is_subtargetconfig
2020-01-21 11:16:32.573171 | > DO_CALL (0.000s wait)
.2020-01-21 11:16:32.578005 | eval'd: drake::cmq_buildtargetmetadepsspecht_is_subtargetconfig
2020-01-21 11:16:36.033086 | > DO_CALL (0.000s wait)
.2020-01-21 11:16:36.038728 | eval'd: drake::cmq_buildtargetmetadepsspecht_is_subtargetconfig
2020-01-21 11:16:40.270765 | > DO_CALL (0.001s wait)
.2020-01-21 11:16:40.275308 | eval'd: drake::cmq_buildtargetmetadepsspecht_is_subtargetconfig
2020-01-21 11:16:43.753163 | > DO_CALL (0.000s wait)
.2020-01-21 11:16:43.757851 | eval'd: drake::cmq_buildtargetmetadepsspecht_is_subtargetconfig
2020-01-21 11:16:47.071843 | > DO_CALL (0.001s wait)
.2020-01-21 11:16:47.076484 | eval'd: drake::cmq_buildtargetmetadepsspecht_is_subtargetconfig
2020-01-21 11:16:50.547761 | > DO_CALL (0.001s wait)
.2020-01-21 11:16:50.551953 | eval'd: drake::cmq_buildtargetmetadepsspecht_is_subtargetconfig
2020-01-21 11:16:53.912743 | > DO_CALL (0.001s wait)
.2020-01-21 11:16:53.917234 | eval'd: drake::cmq_buildtargetmetadepsspecht_is_subtargetconfig
2020-01-21 11:16:57.353483 | > DO_CALL (0.000s wait)
.2020-01-21 11:16:57.359511 | eval'd: drake::cmq_buildtargetmetadepsspecht_is_subtargetconfig
2020-01-21 11:16:59.968987 | > WORKER_WAIT (0.000s wait)
2020-01-21 11:16:59.969385 | waiting 2.50s
2020-01-21 11:19:41.995851 | > WORKER_WAIT (0.000s wait)
2020-01-21 11:19:41.999778 | waiting 2.50s
Error in clustermq:::worker("tcp://c24a-s1:7958") : 
  Timeout reached, terminating
Execution halted
