2020-01-20 17:36:48.474838 | Master: tcp://c23a-s37:7983
2020-01-20 17:36:48.552865 | WORKER_UP to: tcp://c23a-s37:7983
2020-01-20 17:37:25.268077 | > DO_SETUP (26.529s wait)
2020-01-20 17:37:25.269301 | token from msg: set_common_data_token
2020-01-20 17:38:01.261738 | > DO_CALL (10.675s wait)
.* Option 'clustermq.scheduler' not set, defaulting to ‘SLURM’
--- see: https://mschubert.github.io/clustermq/articles/userguide.html#configuration
2020-01-20 17:38:02.265603 | eval'd: drake::cmq_buildtargetmetadepsspecht_is_subtargetconfig
2020-01-20 17:38:41.209049 | > DO_CALL (6.351s wait)
.2020-01-20 17:39:07.067562 | eval'd: drake::cmq_buildtargetmetadepsspecht_is_subtargetconfig
2020-01-20 17:39:25.450667 | > DO_CALL (5.382s wait)
.2020-01-20 17:39:49.976362 | eval'd: drake::cmq_buildtargetmetadepsspecht_is_subtargetconfig
2020-01-20 17:40:00.486356 | > DO_CALL (5.444s wait)
.2020-01-20 17:40:16.378472 | eval'd: drake::cmq_buildtargetmetadepsspecht_is_subtargetconfig
2020-01-20 17:40:32.398770 | > DO_CALL (5.406s wait)
.2020-01-20 17:40:36.201140 | eval'd: drake::cmq_buildtargetmetadepsspecht_is_subtargetconfig
2020-01-20 17:40:48.753111 | > DO_CALL (5.398s wait)
.2020-01-20 17:41:21.600795 | eval'd: drake::cmq_buildtargetmetadepsspecht_is_subtargetconfig
2020-01-20 17:41:35.347373 | > DO_CALL (5.431s wait)
.2020-01-20 17:41:40.153497 | eval'd: drake::cmq_buildtargetmetadepsspecht_is_subtargetconfig
2020-01-20 17:42:00.265999 | > DO_CALL (6.458s wait)
.2020-01-20 17:42:31.011954 | eval'd: drake::cmq_buildtargetmetadepsspecht_is_subtargetconfig
2020-01-20 17:42:53.997978 | > DO_CALL (5.464s wait)
.2020-01-20 17:43:16.395515 | eval'd: drake::cmq_buildtargetmetadepsspecht_is_subtargetconfig
2020-01-20 17:43:28.247098 | > DO_CALL (5.558s wait)
.2020-01-20 17:43:39.198515 | eval'd: drake::cmq_buildtargetmetadepsspecht_is_subtargetconfig
2020-01-20 17:43:59.170768 | > DO_CALL (5.407s wait)
.2020-01-20 17:44:16.051691 | eval'd: drake::cmq_buildtargetmetadepsspecht_is_subtargetconfig
2020-01-20 17:44:29.972077 | > DO_CALL (5.421s wait)
.2020-01-20 17:46:14.851519 | eval'd: drake::cmq_buildtargetmetadepsspecht_is_subtargetconfig
2020-01-20 17:46:35.873266 | > DO_CALL (6.468s wait)
.2020-01-20 17:46:57.078670 | eval'd: drake::cmq_buildtargetmetadepsspecht_is_subtargetconfig
2020-01-20 17:47:07.306221 | > DO_CALL (5.394s wait)
.2020-01-20 17:47:27.456092 | eval'd: drake::cmq_buildtargetmetadepsspecht_is_subtargetconfig
2020-01-20 17:47:38.597774 | > DO_CALL (5.398s wait)
.2020-01-20 17:47:58.939968 | eval'd: drake::cmq_buildtargetmetadepsspecht_is_subtargetconfig
2020-01-20 17:48:10.575957 | > DO_CALL (5.173s wait)
.2020-01-20 17:48:14.877440 | eval'd: drake::cmq_buildtargetmetadepsspecht_is_subtargetconfig
2020-01-20 17:48:24.667992 | > DO_CALL (5.298s wait)
.2020-01-20 17:48:36.337912 | eval'd: drake::cmq_buildtargetmetadepsspecht_is_subtargetconfig
2020-01-20 17:48:56.767863 | > DO_CALL (5.533s wait)
.2020-01-20 17:49:26.711724 | eval'd: drake::cmq_buildtargetmetadepsspecht_is_subtargetconfig
2020-01-20 17:49:40.129660 | > DO_CALL (5.361s wait)
.2020-01-20 17:49:47.811635 | eval'd: drake::cmq_buildtargetmetadepsspecht_is_subtargetconfig
2020-01-20 17:50:00.882559 | > DO_CALL (5.529s wait)
.2020-01-20 17:50:24.135324 | eval'd: drake::cmq_buildtargetmetadepsspecht_is_subtargetconfig
2020-01-20 17:50:32.849175 | > DO_CALL (5.102s wait)
.2020-01-20 17:51:12.051246 | eval'd: drake::cmq_buildtargetmetadepsspecht_is_subtargetconfig
2020-01-20 17:51:36.069850 | > DO_CALL (5.345s wait)
.2020-01-20 17:51:40.755628 | eval'd: drake::cmq_buildtargetmetadepsspecht_is_subtargetconfig
2020-01-20 17:51:57.370422 | > DO_CALL (5.392s wait)
.2020-01-20 17:52:46.216977 | eval'd: drake::cmq_buildtargetmetadepsspecht_is_subtargetconfig
2020-01-20 17:53:02.954473 | > DO_CALL (5.406s wait)
.2020-01-20 17:53:09.966164 | eval'd: drake::cmq_buildtargetmetadepsspecht_is_subtargetconfig
2020-01-20 17:53:30.019028 | > DO_CALL (4.869s wait)
.2020-01-20 17:53:30.846670 | eval'd: drake::cmq_buildtargetmetadepsspecht_is_subtargetconfig
2020-01-20 17:53:50.391990 | > DO_CALL (5.827s wait)
.2020-01-20 17:54:48.599668 | eval'd: drake::cmq_buildtargetmetadepsspecht_is_subtargetconfig
2020-01-20 17:54:59.961399 | > DO_CALL (5.329s wait)
.2020-01-20 17:55:14.729357 | eval'd: drake::cmq_buildtargetmetadepsspecht_is_subtargetconfig
2020-01-20 17:55:27.489778 | > DO_CALL (5.398s wait)
.2020-01-20 17:56:31.054361 | eval'd: drake::cmq_buildtargetmetadepsspecht_is_subtargetconfig
2020-01-20 17:56:51.174742 | > DO_CALL (5.267s wait)
.2020-01-20 17:56:56.351655 | eval'd: drake::cmq_buildtargetmetadepsspecht_is_subtargetconfig
2020-01-20 17:57:06.577028 | > DO_CALL (6.371s wait)
.2020-01-20 17:57:11.268583 | eval'd: drake::cmq_buildtargetmetadepsspecht_is_subtargetconfig
2020-01-20 17:57:23.379018 | > DO_CALL (6.698s wait)
.2020-01-20 17:59:12.204064 | eval'd: drake::cmq_buildtargetmetadepsspecht_is_subtargetconfig
2020-01-20 17:59:21.533559 | > DO_CALL (5.415s wait)
.2020-01-20 17:59:59.572860 | eval'd: drake::cmq_buildtargetmetadepsspecht_is_subtargetconfig
2020-01-20 18:00:13.701045 | > DO_CALL (5.346s wait)
.2020-01-20 18:00:35.604778 | eval'd: drake::cmq_buildtargetmetadepsspecht_is_subtargetconfig
2020-01-20 18:00:45.342541 | > DO_CALL (5.394s wait)
.2020-01-20 18:00:51.805278 | eval'd: drake::cmq_buildtargetmetadepsspecht_is_subtargetconfig
2020-01-20 18:01:01.684392 | > DO_CALL (5.433s wait)
.2020-01-20 18:01:02.316979 | eval'd: drake::cmq_buildtargetmetadepsspecht_is_subtargetconfig
2020-01-20 18:01:15.520648 | > DO_CALL (6.379s wait)
.2020-01-20 18:02:38.324506 | eval'd: drake::cmq_buildtargetmetadepsspecht_is_subtargetconfig
2020-01-20 18:02:48.797419 | > DO_CALL (5.119s wait)
.2020-01-20 18:03:52.830268 | eval'd: drake::cmq_buildtargetmetadepsspecht_is_subtargetconfig
2020-01-20 18:04:03.289324 | > DO_CALL (6.490s wait)
.2020-01-20 18:04:04.088877 | eval'd: drake::cmq_buildtargetmetadepsspecht_is_subtargetconfig
2020-01-20 18:04:24.685734 | > DO_CALL (6.617s wait)
.2020-01-20 18:04:37.752062 | eval'd: drake::cmq_buildtargetmetadepsspecht_is_subtargetconfig
2020-01-20 18:04:47.126554 | > DO_CALL (5.528s wait)
.2020-01-20 18:05:02.692961 | eval'd: drake::cmq_buildtargetmetadepsspecht_is_subtargetconfig
2020-01-20 18:05:14.049524 | > DO_CALL (5.355s wait)
.2020-01-20 18:05:25.542464 | eval'd: drake::cmq_buildtargetmetadepsspecht_is_subtargetconfig
2020-01-20 18:05:36.546267 | > DO_CALL (5.454s wait)
.2020-01-20 18:06:00.780153 | eval'd: drake::cmq_buildtargetmetadepsspecht_is_subtargetconfig
2020-01-20 18:06:15.353714 | > DO_CALL (5.402s wait)
.2020-01-20 18:06:17.030015 | eval'd: drake::cmq_buildtargetmetadepsspecht_is_subtargetconfig
2020-01-20 18:06:29.493871 | > DO_CALL (5.415s wait)
.2020-01-20 18:07:26.240854 | eval'd: drake::cmq_buildtargetmetadepsspecht_is_subtargetconfig
2020-01-20 18:07:49.736638 | > DO_CALL (5.349s wait)
.2020-01-20 18:08:09.741154 | eval'd: drake::cmq_buildtargetmetadepsspecht_is_subtargetconfig
2020-01-20 18:08:25.535219 | > DO_CALL (5.422s wait)
.2020-01-20 18:08:44.068579 | eval'd: drake::cmq_buildtargetmetadepsspecht_is_subtargetconfig
2020-01-20 18:08:54.930078 | > DO_CALL (5.379s wait)
.2020-01-20 18:09:35.184502 | eval'd: drake::cmq_buildtargetmetadepsspecht_is_subtargetconfig
2020-01-20 18:09:51.552078 | > DO_CALL (5.423s wait)
.2020-01-20 18:09:53.907091 | eval'd: drake::cmq_buildtargetmetadepsspecht_is_subtargetconfig
2020-01-20 18:10:08.721399 | > DO_CALL (5.335s wait)
.2020-01-20 18:11:38.870374 | eval'd: drake::cmq_buildtargetmetadepsspecht_is_subtargetconfig
2020-01-20 18:12:02.776238 | > DO_CALL (5.494s wait)
.2020-01-20 18:12:17.661911 | eval'd: drake::cmq_buildtargetmetadepsspecht_is_subtargetconfig
2020-01-20 18:12:30.612143 | > DO_CALL (5.567s wait)
.2020-01-20 18:13:03.327267 | eval'd: drake::cmq_buildtargetmetadepsspecht_is_subtargetconfig
2020-01-20 18:13:14.234164 | > DO_CALL (5.432s wait)
.2020-01-20 18:13:19.077648 | eval'd: drake::cmq_buildtargetmetadepsspecht_is_subtargetconfig
2020-01-20 18:13:39.784526 | > DO_CALL (5.147s wait)
.2020-01-20 18:14:01.003983 | eval'd: drake::cmq_buildtargetmetadepsspecht_is_subtargetconfig
2020-01-20 18:14:17.577099 | > DO_CALL (5.377s wait)
.2020-01-20 18:14:33.921285 | eval'd: drake::cmq_buildtargetmetadepsspecht_is_subtargetconfig
2020-01-20 18:14:56.341571 | > DO_CALL (5.434s wait)
.2020-01-20 18:15:11.887976 | eval'd: drake::cmq_buildtargetmetadepsspecht_is_subtargetconfig
2020-01-20 18:15:28.507901 | > DO_CALL (5.474s wait)
.2020-01-20 18:16:38.983535 | eval'd: drake::cmq_buildtargetmetadepsspecht_is_subtargetconfig
2020-01-20 18:17:07.451746 | > DO_CALL (6.383s wait)
.
2020-01-20 18:17:11.773054 | eval'd: drake::cmq_buildtargetmetadepsspecht_is_subtargetconfig
2020-01-20 18:17:45.058072 | > DO_CALL (5.268s wait)
.2020-01-20 18:17:58.032346 | eval'd: drake::cmq_buildtargetmetadepsspecht_is_subtargetconfig
2020-01-20 18:18:29.263115 | > DO_CALL (5.268s wait)
.2020-01-20 18:19:06.258113 | eval'd: drake::cmq_buildtargetmetadepsspecht_is_subtargetconfig
2020-01-20 18:19:23.329412 | > DO_CALL (5.411s wait)
.2020-01-20 18:19:31.241380 | eval'd: drake::cmq_buildtargetmetadepsspecht_is_subtargetconfig
2020-01-20 18:19:45.058546 | > DO_CALL (5.290s wait)
.2020-01-20 18:20:00.657397 | eval'd: drake::cmq_buildtargetmetadepsspecht_is_subtargetconfig
2020-01-20 18:20:20.180577 | > DO_CALL (5.350s wait)
.2020-01-20 18:22:18.347315 | eval'd: drake::cmq_buildtargetmetadepsspecht_is_subtargetconfig
2020-01-20 18:22:41.995702 | > DO_CALL (6.521s wait)
.2020-01-20 18:22:48.796879 | eval'd: drake::cmq_buildtargetmetadepsspecht_is_subtargetconfig
2020-01-20 18:23:11.351936 | > DO_CALL (6.700s wait)
.2020-01-20 18:23:18.510229 | eval'd: drake::cmq_buildtargetmetadepsspecht_is_subtargetconfig
2020-01-20 18:23:34.434426 | > DO_CALL (5.505s wait)
.2020-01-20 18:23:46.725630 | eval'd: drake::cmq_buildtargetmetadepsspecht_is_subtargetconfig
2020-01-20 18:24:05.260585 | > DO_CALL (5.317s wait)
.2020-01-20 18:24:07.514461 | eval'd: drake::cmq_buildtargetmetadepsspecht_is_subtargetconfig
2020-01-20 18:24:27.548670 | > DO_CALL (6.301s wait)
.2020-01-20 18:24:34.239660 | eval'd: drake::cmq_buildtargetmetadepsspecht_is_subtargetconfig
2020-01-20 18:24:49.688927 | > DO_CALL (5.358s wait)
.2020-01-20 18:27:15.386201 | eval'd: drake::cmq_buildtargetmetadepsspecht_is_subtargetconfig
2020-01-20 18:27:34.967776 | > DO_CALL (6.568s wait)
.2020-01-20 18:27:35.595505 | eval'd: drake::cmq_buildtargetmetadepsspecht_is_subtargetconfig
2020-01-20 18:27:51.951401 | > DO_CALL (6.200s wait)
.2020-01-20 18:28:15.854274 | eval'd: drake::cmq_buildtargetmetadepsspecht_is_subtargetconfig
2020-01-20 18:28:25.889051 | > DO_CALL (5.388s wait)
.2020-01-20 18:29:33.892616 | eval'd: drake::cmq_buildtargetmetadepsspecht_is_subtargetconfig
2020-01-20 18:29:46.407262 | > DO_CALL (6.758s wait)
.2020-01-20 18:29:57.441554 | eval'd: drake::cmq_buildtargetmetadepsspecht_is_subtargetconfig
2020-01-20 18:30:13.054105 | > DO_CALL (5.465s wait)
.2020-01-20 18:30:41.091823 | eval'd: drake::cmq_buildtargetmetadepsspecht_is_subtargetconfig
2020-01-20 18:30:57.920779 | > DO_CALL (5.397s wait)
.2020-01-20 18:33:11.153848 | eval'd: drake::cmq_buildtargetmetadepsspecht_is_subtargetconfig
2020-01-20 18:33:22.022397 | > DO_CALL (5.544s wait)
.2020-01-20 18:33:35.902145 | eval'd: drake::cmq_buildtargetmetadepsspecht_is_subtargetconfig
2020-01-20 18:33:48.497552 | > DO_CALL (5.392s wait)
.2020-01-20 18:33:57.576329 | eval'd: drake::cmq_buildtargetmetadepsspecht_is_subtargetconfig
2020-01-20 18:34:07.510305 | > DO_CALL (5.323s wait)
.2020-01-20 18:34:23.063365 | eval'd: drake::cmq_buildtargetmetadepsspecht_is_subtargetconfig
2020-01-20 18:34:39.838036 | > DO_CALL (5.385s wait)
.2020-01-20 18:34:51.864023 | eval'd: drake::cmq_buildtargetmetadepsspecht_is_subtargetconfig
2020-01-20 18:35:01.978368 | > DO_CALL (5.490s wait)
.2020-01-20 18:35:24.174497 | eval'd: drake::cmq_buildtargetmetadepsspecht_is_subtargetconfig
2020-01-20 18:35:51.082357 | > DO_CALL (5.299s wait)
.2020-01-20 18:37:12.950551 | eval'd: drake::cmq_buildtargetmetadepsspecht_is_subtargetconfig
2020-01-20 18:37:24.892526 | > DO_CALL (6.214s wait)
.2020-01-20 18:37:37.173271 | eval'd: drake::cmq_buildtargetmetadepsspecht_is_subtargetconfig
2020-01-20 18:37:47.039668 | > DO_CALL (5.338s wait)
.2020-01-20 18:38:27.067794 | eval'd: drake::cmq_buildtargetmetadepsspecht_is_subtargetconfig
2020-01-20 18:38:38.052147 | > DO_CALL (5.369s wait)
.2020-01-20 18:38:47.387759 | eval'd: drake::cmq_buildtargetmetadepsspecht_is_subtargetconfig
2020-01-20 18:38:57.339701 | > DO_CALL (5.307s wait)
.2020-01-20 18:39:11.109675 | eval'd: drake::cmq_buildtargetmetadepsspecht_is_subtargetconfig
2020-01-20 18:39:26.744238 | > DO_CALL (5.338s wait)
.2020-01-20 18:39:51.780697 | eval'd: drake::cmq_buildtargetmetadepsspecht_is_subtargetconfig
2020-01-20 18:40:07.107694 | > DO_CALL (5.495s wait)
.2020-01-20 18:40:07.371502 | eval'd: drake::cmq_buildtargetmetadepsspecht_is_subtargetconfig
2020-01-20 18:40:18.895101 | > DO_CALL (6.381s wait)
.2020-01-20 18:41:57.219899 | eval'd: drake::cmq_buildtargetmetadepsspecht_is_subtargetconfig
2020-01-20 18:42:08.572539 | > DO_CALL (5.668s wait)
.2020-01-20 18:43:09.991077 | eval'd: drake::cmq_buildtargetmetadepsspecht_is_subtargetconfig
2020-01-20 18:43:20.267476 | > DO_CALL (5.481s wait)
.2020-01-20 18:43:35.265019 | eval'd: drake::cmq_buildtargetmetadepsspecht_is_subtargetconfig
2020-01-20 18:43:56.585707 | > DO_CALL (5.241s wait)
.2020-01-20 18:44:10.200826 | eval'd: drake::cmq_buildtargetmetadepsspecht_is_subtargetconfig
2020-01-20 18:44:26.016597 | > DO_CALL (5.443s wait)
.2020-01-20 18:44:59.561007 | eval'd: drake::cmq_buildtargetmetadepsspecht_is_subtargetconfig
2020-01-20 18:45:09.148576 | > DO_CALL (5.942s wait)
.2020-01-20 18:45:11.764327 | eval'd: drake::cmq_buildtargetmetadepsspecht_is_subtargetconfig
2020-01-20 18:45:26.738659 | > DO_CALL (8.067s wait)
.2020-01-20 18:45:32.184773 | eval'd: drake::cmq_buildtargetmetadepsspecht_is_subtargetconfig
2020-01-20 18:45:44.244214 | > DO_CALL (5.350s wait)
.2020-01-20 18:45:53.757313 | eval'd: drake::cmq_buildtargetmetadepsspecht_is_subtargetconfig
2020-01-20 18:46:04.887994 | > DO_CALL (5.315s wait)
.2020-01-20 18:46:17.566843 | eval'd: drake::cmq_buildtargetmetadepsspecht_is_subtargetconfig
2020-01-20 18:46:38.901220 | > DO_CALL (5.348s wait)
.2020-01-20 18:46:51.425380 | eval'd: drake::cmq_buildtargetmetadepsspecht_is_subtargetconfig
2020-01-20 18:47:09.966293 | > DO_CALL (5.529s wait)
.2020-01-20 18:47:34.389276 | eval'd: drake::cmq_buildtargetmetadepsspecht_is_subtargetconfig
2020-01-20 18:47:53.859570 | > DO_CALL (5.210s wait)
.2020-01-20 18:47:56.303851 | eval'd: drake::cmq_buildtargetmetadepsspecht_is_subtargetconfig
2020-01-20 18:48:07.767243 | > DO_CALL (5.385s wait)
.2020-01-20 18:48:13.903692 | eval'd: drake::cmq_buildtargetmetadepsspecht_is_subtargetconfig
2020-01-20 18:48:27.950727 | > DO_CALL (5.347s wait)
.2020-01-20 18:48:43.302274 | eval'd: drake::cmq_buildtargetmetadepsspecht_is_subtargetconfig
2020-01-20 18:48:55.919860 | > DO_CALL (5.370s wait)
.2020-01-20 18:49:52.695674 | eval'd: drake::cmq_buildtargetmetadepsspecht_is_subtargetconfig
2020-01-20 18:50:04.325365 | > DO_CALL (5.452s wait)
.2020-01-20 18:51:34.298604 | eval'd: drake::cmq_buildtargetmetadepsspecht_is_subtargetconfig
2020-01-20 18:51:47.862130 | > DO_CALL (5.347s wait)
.2020-01-20 18:52:12.953427 | eval'd: drake::cmq_buildtargetmetadepsspecht_is_subtargetconfig
2020-01-20 18:52:23.635989 | > DO_CALL (5.366s wait)
.2020-01-20 18:52:55.178498 | eval'd: drake::cmq_buildtargetmetadepsspecht_is_subtargetconfig
2020-01-20 18:53:10.160555 | > DO_CALL (5.390s wait)
.2020-01-20 18:53:11.011982 | eval'd: drake::cmq_buildtargetmetadepsspecht_is_subtargetconfig
2020-01-20 18:53:31.700664 | > DO_CALL (6.417s wait)
.2020-01-20 18:54:02.217137 | eval'd: drake::cmq_buildtargetmetadepsspecht_is_subtargetconfig
2020-01-20 18:54:14.582850 | > DO_CALL (5.298s wait)
.2020-01-20 18:54:33.849334 | eval'd: drake::cmq_buildtargetmetadepsspecht_is_subtargetconfig
2020-01-20 18:54:46.216757 | > DO_CALL (5.612s wait)
.2020-01-20 18:54:54.644000 | eval'd: drake::cmq_buildtargetmetadepsspecht_is_subtargetconfig
2020-01-20 18:55:21.557721 | > DO_CALL (5.416s wait)
.2020-01-20 18:56:26.948952 | eval'd: drake::cmq_buildtargetmetadepsspecht_is_subtargetconfig
2020-01-20 18:56:36.165070 | > DO_CALL (5.373s wait)
.2020-01-20 18:57:12.704482 | eval'd: drake::cmq_buildtargetmetadepsspecht_is_subtargetconfig
2020-01-20 18:57:30.953919 | > DO_CALL (5.384s wait)
.2020-01-20 18:57:49.528471 | eval'd: drake::cmq_buildtargetmetadepsspecht_is_subtargetconfig
2020-01-20 18:58:06.192693 | > DO_CALL (5.237s wait)
.2020-01-20 18:58:32.868612 | eval'd: drake::cmq_buildtargetmetadepsspecht_is_subtargetconfig
2020-01-20 18:58:43.349225 | > DO_CALL (5.308s wait)
.2020-01-20 18:58:46.598310 | eval'd: drake::cmq_buildtargetmetadepsspecht_is_subtargetconfig
2020-01-20 18:58:56.870964 | > DO_CALL (5.262s wait)
.2020-01-20 18:59:33.322431 | eval'd: drake::cmq_buildtargetmetadepsspecht_is_subtargetconfig
2020-01-20 18:59:51.225339 | > DO_CALL (5.511s wait)
.2020-01-20 19:00:04.608823 | eval'd: drake::cmq_buildtargetmetadepsspecht_is_subtargetconfig
2020-01-20 19:00:18.174024 | > DO_CALL (5.405s wait)
.2020-01-20 19:00:22.028776 | eval'd: drake::cmq_buildtargetmetadepsspecht_is_subtargetconfig
2020-01-20 19:00:54.185392 | > DO_CALL (5.273s wait)
.2020-01-20 19:01:15.482256 | eval'd: drake::cmq_buildtargetmetadepsspecht_is_subtargetconfig
2020-01-20 19:01:26.528075 | > DO_CALL (5.641s wait)
.2020-01-20 19:01:46.330856 | eval'd: drake::cmq_buildtargetmetadepsspecht_is_subtargetconfig
2020-01-20 19:02:11.232975 | > DO_CALL (5.361s wait)
.2020-01-20 19:02:32.197307 | eval'd: drake::cmq_buildtargetmetadepsspecht_is_subtargetconfig
2020-01-20 19:02:44.726007 | > DO_CALL (5.607s wait)
.2020-01-20 19:03:37.312593 | eval'd: drake::cmq_buildtargetmetadepsspecht_is_subtargetconfig
2020-01-20 19:03:56.659338 | > DO_CALL (5.413s wait)
.2020-01-20 19:05:43.039291 | eval'd: drake::cmq_buildtargetmetadepsspecht_is_subtargetconfig
2020-01-20 19:05:56.197395 | > DO_CALL (5.722s wait)
.2020-01-20 19:06:09.573677 | eval'd: drake::cmq_buildtargetmetadepsspecht_is_subtargetconfig
2020-01-20 19:06:21.010006 | > DO_CALL (5.381s wait)
.2020-01-20 19:06:23.582553 | eval'd: drake::cmq_buildtargetmetadepsspecht_is_subtargetconfig
2020-01-20 19:06:34.796520 | > DO_CALL (5.333s wait)
.2020-01-20 19:10:36.977243 | eval'd: drake::cmq_buildtargetmetadepsspecht_is_subtargetconfig
2020-01-20 19:10:48.281078 | > DO_CALL (6.642s wait)
.2020-01-20 19:11:06.388548 | eval'd: drake::cmq_buildtargetmetadepsspecht_is_subtargetconfig
2020-01-20 19:11:21.760246 | > DO_CALL (5.428s wait)
.2020-01-20 19:11:56.664689 | eval'd: drake::cmq_buildtargetmetadepsspecht_is_subtargetconfig
2020-01-20 19:12:09.047534 | > DO_CALL (5.501s wait)
.2020-01-20 19:13:26.734798 | eval'd: drake::cmq_buildtargetmetadepsspecht_is_subtargetconfig
2020-01-20 19:13:36.713980 | > DO_CALL (5.247s wait)
.2020-01-20 19:13:47.856945 | eval'd: drake::cmq_buildtargetmetadepsspecht_is_subtargetconfig
2020-01-20 19:13:57.821716 | > DO_CALL (5.337s wait)
.2020-01-20 19:14:00.237758 | eval'd: drake::cmq_buildtargetmetadepsspecht_is_subtargetconfig
2020-01-20 19:14:17.687570 | > DO_CALL (5.423s wait)
.2020-01-20 19:14:29.407290 | eval'd: drake::cmq_buildtargetmetadepsspecht_is_subtargetconfig
2020-01-20 19:14:41.803286 | > DO_CALL (5.510s wait)
.2020-01-20 19:14:44.584509 | eval'd: drake::cmq_buildtargetmetadepsspecht_is_subtargetconfig
2020-01-20 19:15:05.668634 | > DO_CALL (5.465s wait)
.2020-01-20 19:15:10.743626 | eval'd: drake::cmq_buildtargetmetadepsspecht_is_subtargetconfig
2020-01-20 19:15:29.671085 | > DO_CALL (5.220s wait)
.2020-01-20 19:16:07.759307 | eval'd: drake::cmq_buildtargetmetadepsspecht_is_subtargetconfig
2020-01-20 19:16:35.917748 | > DO_CALL (5.648s wait)
.2020-01-20 19:16:38.552123 | eval'd: drake::cmq_buildtargetmetadepsspecht_is_subtargetconfig
2020-01-20 19:16:58.474369 | > DO_CALL (5.367s wait)
.2020-01-20 19:17:41.660688 | eval'd: drake::cmq_buildtargetmetadepsspecht_is_subtargetconfig
2020-01-20 19:18:03.388453 | > DO_CALL (5.408s wait)
.
2020-01-20 19:18:12.250574 | eval'd: drake::cmq_buildtargetmetadepsspecht_is_subtargetconfig
2020-01-20 19:18:37.410351 | > DO_CALL (5.422s wait)
.2020-01-20 19:19:43.529681 | eval'd: drake::cmq_buildtargetmetadepsspecht_is_subtargetconfig
2020-01-20 19:19:52.886489 | > DO_CALL (5.465s wait)
.2020-01-20 19:20:05.990042 | eval'd: drake::cmq_buildtargetmetadepsspecht_is_subtargetconfig
2020-01-20 19:20:20.911499 | > DO_CALL (5.498s wait)
.2020-01-20 19:21:01.178905 | eval'd: drake::cmq_buildtargetmetadepsspecht_is_subtargetconfig
2020-01-20 19:21:09.836829 | > DO_CALL (5.401s wait)
.2020-01-20 19:21:26.441457 | eval'd: drake::cmq_buildtargetmetadepsspecht_is_subtargetconfig
2020-01-20 19:21:39.020768 | > DO_CALL (5.435s wait)
.2020-01-20 19:21:46.941759 | eval'd: drake::cmq_buildtargetmetadepsspecht_is_subtargetconfig
2020-01-20 19:21:55.805278 | > DO_CALL (5.430s wait)
.2020-01-20 19:22:03.715607 | eval'd: drake::cmq_buildtargetmetadepsspecht_is_subtargetconfig
2020-01-20 19:22:15.197726 | > DO_CALL (5.388s wait)
.2020-01-20 19:22:22.294676 | eval'd: drake::cmq_buildtargetmetadepsspecht_is_subtargetconfig
2020-01-20 19:22:47.455163 | > DO_CALL (5.455s wait)
.2020-01-20 19:23:01.914785 | eval'd: drake::cmq_buildtargetmetadepsspecht_is_subtargetconfig
2020-01-20 19:23:12.894790 | > DO_CALL (5.507s wait)
.2020-01-20 19:25:03.622121 | eval'd: drake::cmq_buildtargetmetadepsspecht_is_subtargetconfig
2020-01-20 19:25:20.663108 | > DO_CALL (5.814s wait)
.2020-01-20 19:26:48.133990 | eval'd: drake::cmq_buildtargetmetadepsspecht_is_subtargetconfig
2020-01-20 19:26:58.093501 | > DO_CALL (5.449s wait)
.2020-01-20 19:27:04.353492 | eval'd: drake::cmq_buildtargetmetadepsspecht_is_subtargetconfig
2020-01-20 19:27:13.665486 | > DO_CALL (5.317s wait)
.2020-01-20 19:28:42.003029 | eval'd: drake::cmq_buildtargetmetadepsspecht_is_subtargetconfig
2020-01-20 19:28:57.331924 | > DO_CALL (5.467s wait)
.2020-01-20 19:29:04.330247 | eval'd: drake::cmq_buildtargetmetadepsspecht_is_subtargetconfig
2020-01-20 19:29:14.172749 | > DO_CALL (5.469s wait)
.2020-01-20 19:29:45.871305 | eval'd: drake::cmq_buildtargetmetadepsspecht_is_subtargetconfig
2020-01-20 19:30:04.189375 | > DO_CALL (5.404s wait)
.2020-01-20 19:30:08.548430 | eval'd: drake::cmq_buildtargetmetadepsspecht_is_subtargetconfig
2020-01-20 19:30:27.050086 | > DO_CALL (5.429s wait)
.2020-01-20 19:31:05.282007 | eval'd: drake::cmq_buildtargetmetadepsspecht_is_subtargetconfig
2020-01-20 19:31:16.250082 | > DO_CALL (5.591s wait)
.2020-01-20 19:31:17.084646 | eval'd: drake::cmq_buildtargetmetadepsspecht_is_subtargetconfig
2020-01-20 19:31:29.180643 | > DO_CALL (6.503s wait)
.2020-01-20 19:31:31.168635 | eval'd: drake::cmq_buildtargetmetadepsspecht_is_subtargetconfig
2020-01-20 19:31:52.135097 | > DO_CALL (5.383s wait)
.2020-01-20 19:32:17.218431 | eval'd: drake::cmq_buildtargetmetadepsspecht_is_subtargetconfig
2020-01-20 19:32:36.397660 | > DO_CALL (5.506s wait)
.2020-01-20 19:33:04.229231 | eval'd: drake::cmq_buildtargetmetadepsspecht_is_subtargetconfig
2020-01-20 19:33:25.566018 | > DO_CALL (5.359s wait)
.2020-01-20 19:33:50.770009 | eval'd: drake::cmq_buildtargetmetadepsspecht_is_subtargetconfig
2020-01-20 19:34:02.810886 | > DO_CALL (5.503s wait)
.2020-01-20 19:34:03.876513 | eval'd: drake::cmq_buildtargetmetadepsspecht_is_subtargetconfig
2020-01-20 19:34:21.877906 | > DO_CALL (6.495s wait)
.2020-01-20 19:34:30.811662 | eval'd: drake::cmq_buildtargetmetadepsspecht_is_subtargetconfig
2020-01-20 19:34:48.538028 | > DO_CALL (5.433s wait)
.2020-01-20 19:34:56.356312 | eval'd: drake::cmq_buildtargetmetadepsspecht_is_subtargetconfig
2020-01-20 19:35:08.117256 | > DO_CALL (5.347s wait)
.2020-01-20 19:39:05.008235 | eval'd: drake::cmq_buildtargetmetadepsspecht_is_subtargetconfig
2020-01-20 19:39:25.162984 | > DO_CALL (5.421s wait)
.2020-01-20 19:39:41.442634 | eval'd: drake::cmq_buildtargetmetadepsspecht_is_subtargetconfig
2020-01-20 19:40:09.867757 | > DO_CALL (5.543s wait)
.2020-01-20 19:40:23.044378 | eval'd: drake::cmq_buildtargetmetadepsspecht_is_subtargetconfig
2020-01-20 19:40:45.906312 | > DO_CALL (5.367s wait)
.2020-01-20 19:41:27.898669 | eval'd: drake::cmq_buildtargetmetadepsspecht_is_subtargetconfig
2020-01-20 19:41:37.909365 | > DO_CALL (5.387s wait)
.2020-01-20 19:41:48.067238 | eval'd: drake::cmq_buildtargetmetadepsspecht_is_subtargetconfig
2020-01-20 19:42:04.415693 | > DO_CALL (5.356s wait)
.2020-01-20 19:42:11.506880 | eval'd: drake::cmq_buildtargetmetadepsspecht_is_subtargetconfig
2020-01-20 19:42:22.200171 | > DO_CALL (5.499s wait)
.2020-01-20 19:44:03.677168 | eval'd: drake::cmq_buildtargetmetadepsspecht_is_subtargetconfig
2020-01-20 19:44:13.791348 | > DO_CALL (5.314s wait)
.2020-01-20 19:44:50.734891 | eval'd: drake::cmq_buildtargetmetadepsspecht_is_subtargetconfig
2020-01-20 19:44:59.332038 | > DO_CALL (5.449s wait)
.2020-01-20 19:45:24.535637 | eval'd: drake::cmq_buildtargetmetadepsspecht_is_subtargetconfig
2020-01-20 19:45:41.130023 | > DO_CALL (5.388s wait)
.2020-01-20 19:46:24.066654 | eval'd: drake::cmq_buildtargetmetadepsspecht_is_subtargetconfig
2020-01-20 19:46:35.270971 | > DO_CALL (5.360s wait)
.2020-01-20 19:46:48.990964 | eval'd: drake::cmq_buildtargetmetadepsspecht_is_subtargetconfig
2020-01-20 19:47:06.130116 | > DO_CALL (5.327s wait)
.2020-01-20 19:47:36.383184 | eval'd: drake::cmq_buildtargetmetadepsspecht_is_subtargetconfig
2020-01-20 19:48:03.098569 | > DO_CALL (5.501s wait)
.2020-01-20 19:48:49.933629 | eval'd: drake::cmq_buildtargetmetadepsspecht_is_subtargetconfig
2020-01-20 19:49:03.715083 | > DO_CALL (5.488s wait)
.2020-01-20 19:49:33.186520 | eval'd: drake::cmq_buildtargetmetadepsspecht_is_subtargetconfig
2020-01-20 19:49:46.245320 | > DO_CALL (5.274s wait)
.2020-01-20 19:50:24.865150 | eval'd: drake::cmq_buildtargetmetadepsspecht_is_subtargetconfig
2020-01-20 19:50:41.757202 | > DO_CALL (5.410s wait)
.2020-01-20 19:50:47.709762 | eval'd: drake::cmq_buildtargetmetadepsspecht_is_subtargetconfig
2020-01-20 19:51:06.682631 | > DO_CALL (5.326s wait)
.2020-01-20 19:51:08.341332 | eval'd: drake::cmq_buildtargetmetadepsspecht_is_subtargetconfig
2020-01-20 19:51:18.295825 | > DO_CALL (5.334s wait)
.2020-01-20 19:51:42.489415 | eval'd: drake::cmq_buildtargetmetadepsspecht_is_subtargetconfig
2020-01-20 19:52:04.028245 | > DO_CALL (5.441s wait)
.2020-01-20 19:52:16.742942 | eval'd: drake::cmq_buildtargetmetadepsspecht_is_subtargetconfig
2020-01-20 19:52:32.812534 | > DO_CALL (5.311s wait)
.2020-01-20 19:52:35.398752 | eval'd: drake::cmq_buildtargetmetadepsspecht_is_subtargetconfig
2020-01-20 19:52:47.730629 | > DO_CALL (5.347s wait)
.2020-01-20 19:53:02.416300 | eval'd: drake::cmq_buildtargetmetadepsspecht_is_subtargetconfig
2020-01-20 19:53:13.131918 | > DO_CALL (5.470s wait)
.2020-01-20 19:53:23.584144 | eval'd: drake::cmq_buildtargetmetadepsspecht_is_subtargetconfig
2020-01-20 19:53:47.403926 | > DO_CALL (5.382s wait)
.2020-01-20 20:00:57.482040 | eval'd: drake::cmq_buildtargetmetadepsspecht_is_subtargetconfig
2020-01-20 20:00:57.955604 | > DO_CALL (0.000s wait)
.2020-01-20 20:00:57.962136 | eval'd: drake::cmq_buildtargetmetadepsspecht_is_subtargetconfig
2020-01-20 20:00:59.224909 | > DO_CALL (0.001s wait)
.2020-01-20 20:01:01.827445 | eval'd: drake::cmq_buildtargetmetadepsspecht_is_subtargetconfig
2020-01-20 20:01:02.858954 | > DO_CALL (0.001s wait)
.2020-01-20 20:01:02.864631 | eval'd: drake::cmq_buildtargetmetadepsspecht_is_subtargetconfig
2020-01-20 20:01:03.501944 | > DO_CALL (0.001s wait)
.2020-01-20 20:01:03.507638 | eval'd: drake::cmq_buildtargetmetadepsspecht_is_subtargetconfig
2020-01-20 20:01:04.121879 | > DO_CALL (0.001s wait)
.2020-01-20 20:01:04.128142 | eval'd: drake::cmq_buildtargetmetadepsspecht_is_subtargetconfig
2020-01-20 20:01:04.739900 | > DO_CALL (0.001s wait)
.2020-01-20 20:01:04.745589 | eval'd: drake::cmq_buildtargetmetadepsspecht_is_subtargetconfig
2020-01-20 20:01:06.009849 | > DO_CALL (0.001s wait)
.2020-01-20 20:01:06.015878 | eval'd: drake::cmq_buildtargetmetadepsspecht_is_subtargetconfig
2020-01-20 20:01:06.648102 | > DO_CALL (0.001s wait)
.2020-01-20 20:01:06.654487 | eval'd: drake::cmq_buildtargetmetadepsspecht_is_subtargetconfig
2020-01-20 20:01:07.285614 | > DO_CALL (0.001s wait)
.2020-01-20 20:01:07.291890 | eval'd: drake::cmq_buildtargetmetadepsspecht_is_subtargetconfig
2020-01-20 20:01:07.916461 | > DO_CALL (0.001s wait)
.2020-01-20 20:01:07.922583 | eval'd: drake::cmq_buildtargetmetadepsspecht_is_subtargetconfig
2020-01-20 20:01:08.546041 | > DO_CALL (0.001s wait)
.2020-01-20 20:01:08.551903 | eval'd: drake::cmq_buildtargetmetadepsspecht_is_subtargetconfig
2020-01-20 20:01:09.883594 | > DO_CALL (0.001s wait)
.2020-01-20 20:01:09.889698 | eval'd: drake::cmq_buildtargetmetadepsspecht_is_subtargetconfig
2020-01-20 20:01:10.525079 | > DO_CALL (0.001s wait)
.2020-01-20 20:01:10.530934 | eval'd: drake::cmq_buildtargetmetadepsspecht_is_subtargetconfig
2020-01-20 20:01:11.148199 | > DO_CALL (0.001s wait)
.2020-01-20 20:01:11.154253 | eval'd: drake::cmq_buildtargetmetadepsspecht_is_subtargetconfig
2020-01-20 20:01:11.770638 | > DO_CALL (0.001s wait)
.2020-01-20 20:01:11.776367 | eval'd: drake::cmq_buildtargetmetadepsspecht_is_subtargetconfig
2020-01-20 20:01:12.399045 | > DO_CALL (0.001s wait)
.2020-01-20 20:01:12.405254 | eval'd: drake::cmq_buildtargetmetadepsspecht_is_subtargetconfig
2020-01-20 20:01:13.727474 | > DO_CALL (0.001s wait)
.2020-01-20 20:01:13.733240 | eval'd: drake::cmq_buildtargetmetadepsspecht_is_subtargetconfig
2020-01-20 20:01:14.358043 | > DO_CALL (0.001s wait)
.2020-01-20 20:01:14.363861 | eval'd: drake::cmq_buildtargetmetadepsspecht_is_subtargetconfig
2020-01-20 20:01:14.985690 | > DO_CALL (0.001s wait)
.2020-01-20 20:01:14.991363 | eval'd: drake::cmq_buildtargetmetadepsspecht_is_subtargetconfig
2020-01-20 20:01:15.609740 | > DO_CALL (0.001s wait)
.2020-01-20 20:01:15.615871 | eval'd: drake::cmq_buildtargetmetadepsspecht_is_subtargetconfig
2020-01-20 20:01:16.981074 | > DO_CALL (0.001s wait)
.2020-01-20 20:01:16.987563 | eval'd: drake::cmq_buildtargetmetadepsspecht_is_subtargetconfig
2020-01-20 20:01:17.621174 | > DO_CALL (0.001s wait)
.2020-01-20 20:01:17.627326 | eval'd: drake::cmq_buildtargetmetadepsspecht_is_subtargetconfig
2020-01-20 20:01:18.243043 | > DO_CALL (0.000s wait)
.2020-01-20 20:01:18.247129 | eval'd: drake::cmq_buildtargetmetadepsspecht_is_subtargetconfig
2020-01-20 20:01:18.858618 | > DO_CALL (0.000s wait)
.2020-01-20 20:01:18.864063 | eval'd: drake::cmq_buildtargetmetadepsspecht_is_subtargetconfig
2020-01-20 20:01:19.491693 | > DO_CALL (0.002s wait)
.2020-01-20 20:01:19.498382 | eval'd: drake::cmq_buildtargetmetadepsspecht_is_subtargetconfig
2020-01-20 20:01:20.819731 | > DO_CALL (0.001s wait)
.2020-01-20 20:01:20.825898 | eval'd: drake::cmq_buildtargetmetadepsspecht_is_subtargetconfig
2020-01-20 20:01:21.445425 | > DO_CALL (0.001s wait)
.2020-01-20 20:01:21.451448 | eval'd: drake::cmq_buildtargetmetadepsspecht_is_subtargetconfig
2020-01-20 20:01:22.067119 | > DO_CALL (0.001s wait)
.2020-01-20 20:01:22.073455 | eval'd: drake::cmq_buildtargetmetadepsspecht_is_subtargetconfig
2020-01-20 20:01:22.700474 | > DO_CALL (0.001s wait)
.2020-01-20 20:01:22.707872 | eval'd: drake::cmq_buildtargetmetadepsspecht_is_subtargetconfig
2020-01-20 20:01:23.269200 | > WORKER_WAIT (0.000s wait)
2020-01-20 20:01:23.269681 | waiting 0.75s
2020-01-20 20:01:27.773725 | > WORKER_WAIT (0.000s wait)
2020-01-20 20:01:27.774866 | waiting 0.75s
2020-01-20 20:01:31.957175 | > WORKER_WAIT (0.000s wait)
2020-01-20 20:01:31.957618 | waiting 0.75s
2020-01-20 20:04:05.731485 | > WORKER_STOP (0.000s wait)
2020-01-20 20:04:05.736010 | shutting down worker
2020-01-20 20:04:08.558742 | 
Total: 212 in 6623.42s [user], 298.69s [system], 8837.18s [elapsed]
