2019-11-11 08:20:33.032412 | Master: tcp://c10a-s10:6315
2019-11-11 08:20:33.058407 | WORKER_UP to: tcp://c10a-s10:6315
2019-11-11 08:20:42.025011 | > DO_SETUP (2.240s wait)
2019-11-11 08:20:42.025504 | token from msg: set_common_data_token
2019-11-11 08:21:03.994889 | > DO_CALL (5.188s wait)
.
* Option 'clustermq.scheduler' not set, defaulting to ‘SLURM’
--- see: https://mschubert.github.io/clustermq/articles/userguide.html#configuration
2019-11-11 08:21:05.563583 | eval'd: drake::cmq_buildtargetmetadepslayoutconfig
2019-11-11 08:21:51.680779 | > DO_CALL (2.320s wait)
.2019-11-11 08:21:51.719035 | eval'd: drake::cmq_buildtargetmetadepslayoutconfig
2019-11-11 08:22:45.172865 | > DO_CALL (2.873s wait)
.2019-11-11 08:22:45.222106 | eval'd: drake::cmq_buildtargetmetadepslayoutconfig
2019-11-11 08:23:37.631765 | > DO_CALL (2.748s wait)
.2019-11-11 08:23:37.757925 | eval'd: drake::cmq_buildtargetmetadepslayoutconfig
2019-11-11 08:24:28.215655 | > DO_CALL (1.990s wait)
.2019-11-11 08:24:28.261924 | eval'd: drake::cmq_buildtargetmetadepslayoutconfig
2019-11-11 08:25:22.353045 | > DO_CALL (2.888s wait)
.2019-11-11 08:25:22.552316 | eval'd: drake::cmq_buildtargetmetadepslayoutconfig
2019-11-11 08:26:13.472011 | > DO_CALL (1.905s wait)
.2019-11-11 08:26:13.806768 | eval'd: drake::cmq_buildtargetmetadepslayoutconfig
2019-11-11 08:27:06.588927 | > DO_CALL (2.744s wait)
.2019-11-11 08:27:06.699466 | eval'd: drake::cmq_buildtargetmetadepslayoutconfig
2019-11-11 08:27:57.781985 | > DO_CALL (2.043s wait)
.2019-11-11 08:27:58.100845 | eval'd: drake::cmq_buildtargetmetadepslayoutconfig
2019-11-11 08:28:50.557528 | > DO_CALL (2.506s wait)
.2019-11-11 08:28:50.715565 | eval'd: drake::cmq_buildtargetmetadepslayoutconfig
2019-11-11 08:29:42.079155 | > DO_CALL (1.933s wait)
.2019-11-11 08:29:42.424043 | eval'd: drake::cmq_buildtargetmetadepslayoutconfig
2019-11-11 08:30:35.418537 | > DO_CALL (2.764s wait)
.2019-11-11 08:30:35.545357 | eval'd: drake::cmq_buildtargetmetadepslayoutconfig
2019-11-11 08:31:27.711707 | > DO_CALL (1.936s wait)
.2019-11-11 08:31:28.144848 | eval'd: drake::cmq_buildtargetmetadepslayoutconfig
2019-11-11 08:32:19.863085 | > DO_CALL (2.741s wait)
.2019-11-11 08:32:19.919640 | eval'd: drake::cmq_buildtargetmetadepslayoutconfig
2019-11-11 08:33:11.624830 | > DO_CALL (1.966s wait)
.2019-11-11 08:33:12.022454 | eval'd: drake::cmq_buildtargetmetadepslayoutconfig
2019-11-11 08:34:04.310002 | > DO_CALL (2.501s wait)
.2019-11-11 08:34:04.397323 | eval'd: drake::cmq_buildtargetmetadepslayoutconfig
2019-11-11 08:34:56.235817 | > DO_CALL (2.003s wait)
.2019-11-11 08:34:56.640812 | eval'd: drake::cmq_buildtargetmetadepslayoutconfig
2019-11-11 08:35:49.322957 | > DO_CALL (2.723s wait)
.2019-11-11 08:35:49.459957 | eval'd: drake::cmq_buildtargetmetadepslayoutconfig
2019-11-11 08:36:40.841156 | > DO_CALL (1.936s wait)
.2019-11-11 08:36:41.199289 | eval'd: drake::cmq_buildtargetmetadepslayoutconfig
2019-11-11 08:37:33.555758 | > DO_CALL (2.663s wait)
.2019-11-11 08:37:33.646641 | eval'd: drake::cmq_buildtargetmetadepslayoutconfig
2019-11-11 08:38:26.241458 | > DO_CALL (1.955s wait)
.2019-11-11 08:38:26.609729 | eval'd: drake::cmq_buildtargetmetadepslayoutconfig
2019-11-11 08:39:19.470310 | > DO_CALL (2.517s wait)
.2019-11-11 08:39:19.631521 | eval'd: drake::cmq_buildtargetmetadepslayoutconfig
2019-11-11 08:40:11.225090 | > DO_CALL (1.999s wait)
.2019-11-11 08:40:12.128098 | eval'd: drake::cmq_buildtargetmetadepslayoutconfig
2019-11-11 08:41:02.614566 | > DO_CALL (1.703s wait)
.2019-11-11 08:41:02.725077 | eval'd: drake::cmq_buildtargetmetadepslayoutconfig
2019-11-11 08:41:55.394416 | > DO_CALL (1.944s wait)
.2019-11-11 08:41:55.523774 | eval'd: drake::cmq_buildtargetmetadepslayoutconfig
2019-11-11 08:42:47.879131 | > DO_CALL (2.159s wait)
.2019-11-11 08:42:47.936774 | eval'd: drake::cmq_buildtargetmetadepslayoutconfig
2019-11-11 08:43:40.887304 | > DO_CALL (2.773s wait)
.2019-11-11 08:43:41.023205 | eval'd: drake::cmq_buildtargetmetadepslayoutconfig
2019-11-11 08:44:32.764949 | > DO_CALL (1.936s wait)
.2019-11-11 08:44:33.218956 | eval'd: drake::cmq_buildtargetmetadepslayoutconfig
2019-11-11 08:45:26.259845 | > DO_CALL (2.678s wait)
.2019-11-11 08:45:26.439425 | eval'd: drake::cmq_buildtargetmetadepslayoutconfig
2019-11-11 08:46:18.119675 | > DO_CALL (1.934s wait)
.2019-11-11 08:46:18.936154 | eval'd: drake::cmq_buildtargetmetadepslayoutconfig
2019-11-11 08:47:10.370038 | > DO_CALL (1.686s wait)
.2019-11-11 08:47:10.535944 | eval'd: drake::cmq_buildtargetmetadepslayoutconfig
2019-11-11 08:48:03.229614 | > DO_CALL (1.943s wait)
.2019-11-11 08:48:03.369112 | eval'd: drake::cmq_buildtargetmetadepslayoutconfig
2019-11-11 08:48:56.054628 | > DO_CALL (2.099s wait)
.2019-11-11 08:48:56.139028 | eval'd: drake::cmq_buildtargetmetadepslayoutconfig
2019-11-11 08:49:49.500068 | > DO_CALL (2.780s wait)
.2019-11-11 08:49:49.527210 | eval'd: drake::cmq_buildtargetmetadepslayoutconfig
2019-11-11 08:50:41.408891 | > DO_CALL (1.968s wait)
.2019-11-11 08:50:42.113986 | eval'd: drake::cmq_buildtargetmetadepslayoutconfig
2019-11-11 08:51:34.543227 | > DO_CALL (2.710s wait)
.2019-11-11 08:51:34.902477 | eval'd: drake::cmq_buildtargetmetadepslayoutconfig
2019-11-11 08:52:27.327543 | > DO_CALL (1.931s wait)
.2019-11-11 08:52:27.678940 | eval'd: drake::cmq_buildtargetmetadepslayoutconfig
2019-11-11 08:53:19.878829 | > DO_CALL (2.545s wait)
.2019-11-11 08:53:20.005737 | eval'd: drake::cmq_buildtargetmetadepslayoutconfig
2019-11-11 08:54:11.852039 | > DO_CALL (1.940s wait)
.2019-11-11 08:54:12.263149 | eval'd: drake::cmq_buildtargetmetadepslayoutconfig
2019-11-11 08:55:04.131711 | > DO_CALL (2.677s wait)
.2019-11-11 08:55:04.268755 | eval'd: drake::cmq_buildtargetmetadepslayoutconfig
2019-11-11 08:55:55.892706 | > DO_CALL (1.927s wait)
.2019-11-11 08:55:56.229113 | eval'd: drake::cmq_buildtargetmetadepslayoutconfig
2019-11-11 08:56:48.358297 | > DO_CALL (2.687s wait)
.2019-11-11 08:56:48.440755 | eval'd: drake::cmq_buildtargetmetadepslayoutconfig
2019-11-11 08:57:40.195137 | > DO_CALL (1.919s wait)
.2019-11-11 08:57:40.513583 | eval'd: drake::cmq_buildtargetmetadepslayoutconfig
2019-11-11 08:58:33.629909 | > DO_CALL (2.522s wait)
.2019-11-11 08:58:33.709652 | eval'd: drake::cmq_buildtargetmetadepslayoutconfig
2019-11-11 08:59:25.083849 | > DO_CALL (1.921s wait)
.2019-11-11 08:59:25.435080 | eval'd: drake::cmq_buildtargetmetadepslayoutconfig
2019-11-11 09:00:17.719893 | > DO_CALL (2.516s wait)
.2019-11-11 09:00:17.839677 | eval'd: drake::cmq_buildtargetmetadepslayoutconfig
2019-11-11 09:01:09.055693 | > DO_CALL (1.939s wait)
.2019-11-11 09:01:09.498272 | eval'd: drake::cmq_buildtargetmetadepslayoutconfig
2019-11-11 09:02:02.625912 | > DO_CALL (2.697s wait)
.2019-11-11 09:02:02.722328 | eval'd: drake::cmq_buildtargetmetadepslayoutconfig
