2020-01-21 10:07:04.949629 | Master: tcp://c24a-s1:6107
2020-01-21 10:07:05.064185 | WORKER_UP to: tcp://c24a-s1:6107
2020-01-21 10:07:08.218166 | > DO_SETUP (3.107s wait)
2020-01-21 10:07:08.218645 | token from msg: set_common_data_token
2020-01-21 10:07:08.453983 | > DO_CALL (0.001s wait)
.* Option 'clustermq.scheduler' not set, defaulting to ‘SLURM’
--- see: https://mschubert.github.io/clustermq/articles/userguide.html#configuration
2020-01-21 10:07:08.656708 | eval'd: drake::cmq_buildtargetmetadepsspecht_is_subtargetconfig
2020-01-21 10:07:08.990168 | > DO_CALL (0.000s wait)
.2020-01-21 10:07:09.172046 | eval'd: drake::cmq_buildtargetmetadepsspecht_is_subtargetconfig
2020-01-21 10:07:09.972919 | > DO_CALL (0.001s wait)
.2020-01-21 10:07:09.978258 | eval'd: drake::cmq_buildtargetmetadepsspecht_is_subtargetconfig
2020-01-21 10:07:10.903279 | > DO_CALL (0.000s wait)
.2020-01-21 10:07:10.908561 | eval'd: drake::cmq_buildtargetmetadepsspecht_is_subtargetconfig
2020-01-21 10:07:11.733416 | > DO_CALL (0.000s wait)
.2020-01-21 10:07:11.738503 | eval'd: drake::cmq_buildtargetmetadepsspecht_is_subtargetconfig
2020-01-21 10:07:12.912166 | > DO_CALL (0.001s wait)
.2020-01-21 10:07:12.917484 | eval'd: drake::cmq_buildtargetmetadepsspecht_is_subtargetconfig
2020-01-21 10:07:14.235599 | > DO_CALL (0.001s wait)
.2020-01-21 10:07:14.240820 | eval'd: drake::cmq_buildtargetmetadepsspecht_is_subtargetconfig
2020-01-21 10:07:15.583764 | > DO_CALL (0.001s wait)
.2020-01-21 10:07:15.589224 | eval'd: drake::cmq_buildtargetmetadepsspecht_is_subtargetconfig
2020-01-21 10:07:16.873538 | > DO_CALL (0.001s wait)
.2020-01-21 10:07:16.878821 | eval'd: drake::cmq_buildtargetmetadepsspecht_is_subtargetconfig
2020-01-21 10:07:18.125492 | > DO_CALL (0.000s wait)
.2020-01-21 10:07:18.131005 | eval'd: drake::cmq_buildtargetmetadepsspecht_is_subtargetconfig
2020-01-21 10:07:19.360657 | > DO_CALL (0.001s wait)
.2020-01-21 10:07:19.365993 | eval'd: drake::cmq_buildtargetmetadepsspecht_is_subtargetconfig
2020-01-21 10:07:21.974457 | > DO_CALL (0.000s wait)
.2020-01-21 10:07:21.979764 | eval'd: drake::cmq_buildtargetmetadepsspecht_is_subtargetconfig
2020-01-21 10:07:23.356472 | > DO_CALL (0.000s wait)
.2020-01-21 10:07:23.361936 | eval'd: drake::cmq_buildtargetmetadepsspecht_is_subtargetconfig
2020-01-21 10:07:24.502132 | > DO_CALL (0.001s wait)
.2020-01-21 10:07:24.507373 | eval'd: drake::cmq_buildtargetmetadepsspecht_is_subtargetconfig
2020-01-21 10:07:25.606791 | > DO_CALL (0.001s wait)
.2020-01-21 10:07:25.612151 | eval'd: drake::cmq_buildtargetmetadepsspecht_is_subtargetconfig
2020-01-21 10:07:26.677860 | > DO_CALL (0.001s wait)
.2020-01-21 10:07:26.683441 | eval'd: drake::cmq_buildtargetmetadepsspecht_is_subtargetconfig
2020-01-21 10:07:27.737450 | > DO_CALL (0.000s wait)
.2020-01-21 10:07:27.743649 | eval'd: drake::cmq_buildtargetmetadepsspecht_is_subtargetconfig
2020-01-21 10:07:28.773920 | > DO_CALL (0.001s wait)
.2020-01-21 10:07:28.780317 | eval'd: drake::cmq_buildtargetmetadepsspecht_is_subtargetconfig
2020-01-21 10:07:29.830999 | > DO_CALL (0.001s wait)
.2020-01-21 10:07:29.837271 | eval'd: drake::cmq_buildtargetmetadepsspecht_is_subtargetconfig
2020-01-21 10:07:30.921008 | > DO_CALL (0.001s wait)
.2020-01-21 10:07:30.927368 | eval'd: drake::cmq_buildtargetmetadepsspecht_is_subtargetconfig
2020-01-21 10:07:32.236530 | > DO_CALL (0.001s wait)
.2020-01-21 10:07:32.243127 | eval'd: drake::cmq_buildtargetmetadepsspecht_is_subtargetconfig
2020-01-21 10:07:33.373962 | > DO_CALL (0.001s wait)
.2020-01-21 10:07:33.380575 | eval'd: drake::cmq_buildtargetmetadepsspecht_is_subtargetconfig
2020-01-21 10:07:34.481421 | > DO_CALL (0.000s wait)
.2020-01-21 10:07:34.487782 | eval'd: drake::cmq_buildtargetmetadepsspecht_is_subtargetconfig
2020-01-21 10:07:35.137562 | > WORKER_WAIT (0.001s wait)
2020-01-21 10:07:35.138020 | waiting 1.00s
2020-01-21 10:07:38.348049 | > WORKER_WAIT (0.000s wait)
2020-01-21 10:07:38.348477 | waiting 1.00s
2020-01-21 10:08:03.121146 | > WORKER_STOP (0.000s wait)
2020-01-21 10:08:03.122026 | shutting down worker
2020-01-21 10:08:03.278019 | 
Total: 23 in 2.00s [user], 0.26s [system], 58.06s [elapsed]
