2020-01-21 10:48:11.956000 | Master: tcp://c24a-s1:7958
2020-01-21 10:48:11.975949 | WORKER_UP to: tcp://c24a-s1:7958
2020-01-21 10:48:16.971305 | > DO_SETUP (2.959s wait)
2020-01-21 10:48:16.972541 | token from msg: set_common_data_token
2020-01-21 10:48:18.238431 | > DO_CALL (0.001s wait)
.* Option 'clustermq.scheduler' not set, defaulting to ‘SLURM’
--- see: https://mschubert.github.io/clustermq/articles/userguide.html#configuration
2020-01-21 10:48:18.436987 | eval'd: drake::cmq_buildtargetmetadepsspecht_is_subtargetconfig
2020-01-21 10:48:23.589025 | > DO_CALL (0.000s wait)
.2020-01-21 10:48:23.897681 | eval'd: drake::cmq_buildtargetmetadepsspecht_is_subtargetconfig
2020-01-21 10:48:30.969056 | > DO_CALL (0.000s wait)
.2020-01-21 10:48:30.973558 | eval'd: drake::cmq_buildtargetmetadepsspecht_is_subtargetconfig
2020-01-21 10:48:37.778376 | > DO_CALL (0.001s wait)
.2020-01-21 10:48:37.783251 | eval'd: drake::cmq_buildtargetmetadepsspecht_is_subtargetconfig
2020-01-21 10:48:43.731122 | > DO_CALL (0.000s wait)
.2020-01-21 10:48:43.736440 | eval'd: drake::cmq_buildtargetmetadepsspecht_is_subtargetconfig
2020-01-21 10:48:50.393410 | > DO_CALL (0.001s wait)
.2020-01-21 10:48:50.398333 | eval'd: drake::cmq_buildtargetmetadepsspecht_is_subtargetconfig
2020-01-21 10:48:57.944444 | > DO_CALL (0.001s wait)
.2020-01-21 10:48:57.949576 | eval'd: drake::cmq_buildtargetmetadepsspecht_is_subtargetconfig
2020-01-21 10:49:04.231818 | > DO_CALL (0.001s wait)
.2020-01-21 10:49:04.237954 | eval'd: drake::cmq_buildtargetmetadepsspecht_is_subtargetconfig
2020-01-21 10:49:11.662024 | > DO_CALL (0.000s wait)
.2020-01-21 10:49:11.668815 | eval'd: drake::cmq_buildtargetmetadepsspecht_is_subtargetconfig
2020-01-21 10:49:20.079069 | > DO_CALL (0.000s wait)
.2020-01-21 10:49:20.084256 | eval'd: drake::cmq_buildtargetmetadepsspecht_is_subtargetconfig
2020-01-21 10:49:26.506213 | > DO_CALL (0.000s wait)
.2020-01-21 10:49:26.511615 | eval'd: drake::cmq_buildtargetmetadepsspecht_is_subtargetconfig
2020-01-21 10:49:32.033797 | > DO_CALL (0.001s wait)
.2020-01-21 10:49:32.039519 | eval'd: drake::cmq_buildtargetmetadepsspecht_is_subtargetconfig
2020-01-21 10:49:38.461369 | > DO_CALL (0.001s wait)
.2020-01-21 10:49:38.466968 | eval'd: drake::cmq_buildtargetmetadepsspecht_is_subtargetconfig
2020-01-21 10:49:45.167011 | > DO_CALL (0.001s wait)
.2020-01-21 10:49:45.173492 | eval'd: drake::cmq_buildtargetmetadepsspecht_is_subtargetconfig
2020-01-21 10:49:51.523962 | > DO_CALL (0.000s wait)
.2020-01-21 10:49:51.528451 | eval'd: drake::cmq_buildtargetmetadepsspecht_is_subtargetconfig
2020-01-21 10:49:57.853972 | > DO_CALL (0.001s wait)
.2020-01-21 10:49:57.860477 | eval'd: drake::cmq_buildtargetmetadepsspecht_is_subtargetconfig
2020-01-21 10:50:03.488900 | > DO_CALL (0.000s wait)
.2020-01-21 10:50:03.494023 | eval'd: drake::cmq_buildtargetmetadepsspecht_is_subtargetconfig
2020-01-21 10:50:08.934631 | > DO_CALL (0.001s wait)
.2020-01-21 10:50:08.940021 | eval'd: drake::cmq_buildtargetmetadepsspecht_is_subtargetconfig
2020-01-21 10:50:14.345775 | > DO_CALL (0.001s wait)
.2020-01-21 10:50:14.352036 | eval'd: drake::cmq_buildtargetmetadepsspecht_is_subtargetconfig
2020-01-21 10:50:21.339730 | > DO_CALL (0.001s wait)
.2020-01-21 10:50:21.345540 | eval'd: drake::cmq_buildtargetmetadepsspecht_is_subtargetconfig
2020-01-21 10:50:26.369915 | > DO_CALL (0.001s wait)
.2020-01-21 10:50:26.376715 | eval'd: drake::cmq_buildtargetmetadepsspecht_is_subtargetconfig
2020-01-21 10:50:32.041904 | > DO_CALL (0.000s wait)
.2020-01-21 10:50:32.046328 | eval'd: drake::cmq_buildtargetmetadepsspecht_is_subtargetconfig
2020-01-21 10:50:38.530033 | > DO_CALL (0.000s wait)
.2020-01-21 10:50:38.534614 | eval'd: drake::cmq_buildtargetmetadepsspecht_is_subtargetconfig
2020-01-21 10:50:44.561387 | > DO_CALL (0.002s wait)
.2020-01-21 10:50:44.567633 | eval'd: drake::cmq_buildtargetmetadepsspecht_is_subtargetconfig
2020-01-21 10:50:50.010063 | > DO_CALL (0.000s wait)
.2020-01-21 10:50:50.014754 | eval'd: drake::cmq_buildtargetmetadepsspecht_is_subtargetconfig
2020-01-21 10:50:55.214778 | > DO_CALL (0.001s wait)
.2020-01-21 10:50:55.221209 | eval'd: drake::cmq_buildtargetmetadepsspecht_is_subtargetconfig
2020-01-21 10:51:00.309780 | > DO_CALL (0.001s wait)
.2020-01-21 10:51:00.315926 | eval'd: drake::cmq_buildtargetmetadepsspecht_is_subtargetconfig
2020-01-21 10:51:06.327573 | > DO_CALL (0.001s wait)
.2020-01-21 10:51:06.333651 | eval'd: drake::cmq_buildtargetmetadepsspecht_is_subtargetconfig
2020-01-21 10:51:12.119924 | > DO_CALL (0.001s wait)
.2020-01-21 10:51:12.126023 | eval'd: drake::cmq_buildtargetmetadepsspecht_is_subtargetconfig
2020-01-21 10:51:17.650020 | > DO_CALL (0.001s wait)
.2020-01-21 10:51:17.656805 | eval'd: drake::cmq_buildtargetmetadepsspecht_is_subtargetconfig
2020-01-21 10:51:24.381060 | > DO_CALL (0.001s wait)
.2020-01-21 10:51:24.389001 | eval'd: drake::cmq_buildtargetmetadepsspecht_is_subtargetconfig
2020-01-21 10:51:29.611896 | > DO_CALL (0.000s wait)
.2020-01-21 10:51:29.617067 | eval'd: drake::cmq_buildtargetmetadepsspecht_is_subtargetconfig
2020-01-21 10:51:34.449147 | > DO_CALL (0.000s wait)
.2020-01-21 10:51:34.455276 | eval'd: drake::cmq_buildtargetmetadepsspecht_is_subtargetconfig
2020-01-21 10:51:39.144361 | > DO_CALL (0.001s wait)
.2020-01-21 10:51:39.150395 | eval'd: drake::cmq_buildtargetmetadepsspecht_is_subtargetconfig
2020-01-21 10:51:44.203797 | > DO_CALL (0.001s wait)
.2020-01-21 10:51:44.210949 | eval'd: drake::cmq_buildtargetmetadepsspecht_is_subtargetconfig
2020-01-21 10:51:49.113215 | > DO_CALL (0.000s wait)
.2020-01-21 10:51:49.118992 | eval'd: drake::cmq_buildtargetmetadepsspecht_is_subtargetconfig
2020-01-21 10:51:54.695511 | > DO_CALL (0.001s wait)
.2020-01-21 10:51:54.702449 | eval'd: drake::cmq_buildtargetmetadepsspecht_is_subtargetconfig
2020-01-21 10:51:59.666943 | > DO_CALL (0.001s wait)
.2020-01-21 10:51:59.674415 | eval'd: drake::cmq_buildtargetmetadepsspecht_is_subtargetconfig
2020-01-21 10:52:04.724957 | > DO_CALL (0.001s wait)
.2020-01-21 10:52:04.732841 | eval'd: drake::cmq_buildtargetmetadepsspecht_is_subtargetconfig
2020-01-21 10:52:09.995839 | > DO_CALL (0.000s wait)
.2020-01-21 10:52:10.000951 | eval'd: drake::cmq_buildtargetmetadepsspecht_is_subtargetconfig
2020-01-21 10:52:15.036861 | > DO_CALL (0.001s wait)
.2020-01-21 10:52:15.044682 | eval'd: drake::cmq_buildtargetmetadepsspecht_is_subtargetconfig
2020-01-21 10:52:20.086947 | > DO_CALL (0.001s wait)
.2020-01-21 10:52:20.094766 | eval'd: drake::cmq_buildtargetmetadepsspecht_is_subtargetconfig
2020-01-21 10:52:26.596238 | > DO_CALL (0.000s wait)
.2020-01-21 10:52:26.602672 | eval'd: drake::cmq_buildtargetmetadepsspecht_is_subtargetconfig
2020-01-21 10:52:31.963244 | > DO_CALL (0.000s wait)
.2020-01-21 10:52:31.969302 | eval'd: drake::cmq_buildtargetmetadepsspecht_is_subtargetconfig
2020-01-21 10:52:37.500965 | > DO_CALL (0.001s wait)
.2020-01-21 10:52:37.508984 | eval'd: drake::cmq_buildtargetmetadepsspecht_is_subtargetconfig
2020-01-21 10:52:42.150573 | > DO_CALL (0.001s wait)
.2020-01-21 10:52:42.157169 | eval'd: drake::cmq_buildtargetmetadepsspecht_is_subtargetconfig
2020-01-21 10:52:46.738703 | > DO_CALL (0.000s wait)
.2020-01-21 10:52:46.744346 | eval'd: drake::cmq_buildtargetmetadepsspecht_is_subtargetconfig
2020-01-21 10:52:51.150952 | > DO_CALL (0.001s wait)
.2020-01-21 10:52:51.158409 | eval'd: drake::cmq_buildtargetmetadepsspecht_is_subtargetconfig
2020-01-21 10:52:56.154328 | > DO_CALL (0.001s wait)
.2020-01-21 10:52:56.161068 | eval'd: drake::cmq_buildtargetmetadepsspecht_is_subtargetconfig
2020-01-21 10:53:00.739944 | > DO_CALL (0.000s wait)
.2020-01-21 10:53:00.745307 | eval'd: drake::cmq_buildtargetmetadepsspecht_is_subtargetconfig
2020-01-21 10:53:05.310911 | > DO_CALL (0.000s wait)
.2020-01-21 10:53:05.316820 | eval'd: drake::cmq_buildtargetmetadepsspecht_is_subtargetconfig
2020-01-21 10:53:10.442730 | > DO_CALL (0.000s wait)
.2020-01-21 10:53:10.447789 | eval'd: drake::cmq_buildtargetmetadepsspecht_is_subtargetconfig
2020-01-21 10:53:14.798787 | > DO_CALL (0.000s wait)
.2020-01-21 10:53:14.804514 | eval'd: drake::cmq_buildtargetmetadepsspecht_is_subtargetconfig
2020-01-21 10:53:19.368977 | > DO_CALL (0.000s wait)
.2020-01-21 10:53:19.374531 | eval'd: drake::cmq_buildtargetmetadepsspecht_is_subtargetconfig
2020-01-21 10:53:24.580694 | > DO_CALL (0.000s wait)
.2020-01-21 10:53:24.586266 | eval'd: drake::cmq_buildtargetmetadepsspecht_is_subtargetconfig
2020-01-21 10:53:30.814743 | > DO_CALL (0.000s wait)
.
2020-01-21 10:53:30.819852 | eval'd: drake::cmq_buildtargetmetadepsspecht_is_subtargetconfig
2020-01-21 10:53:35.554824 | > DO_CALL (0.000s wait)
.2020-01-21 10:53:35.560717 | eval'd: drake::cmq_buildtargetmetadepsspecht_is_subtargetconfig
2020-01-21 10:53:39.721905 | > DO_CALL (0.000s wait)
.2020-01-21 10:53:39.727370 | eval'd: drake::cmq_buildtargetmetadepsspecht_is_subtargetconfig
2020-01-21 10:53:44.624754 | > DO_CALL (0.000s wait)
.2020-01-21 10:53:44.630477 | eval'd: drake::cmq_buildtargetmetadepsspecht_is_subtargetconfig
2020-01-21 10:53:49.097605 | > DO_CALL (0.001s wait)
.2020-01-21 10:53:49.104529 | eval'd: drake::cmq_buildtargetmetadepsspecht_is_subtargetconfig
2020-01-21 10:53:53.501729 | > DO_CALL (0.000s wait)
.2020-01-21 10:53:53.507416 | eval'd: drake::cmq_buildtargetmetadepsspecht_is_subtargetconfig
2020-01-21 10:53:57.464280 | > DO_CALL (0.001s wait)
.2020-01-21 10:53:57.470360 | eval'd: drake::cmq_buildtargetmetadepsspecht_is_subtargetconfig
2020-01-21 10:54:01.769677 | > DO_CALL (0.000s wait)
.2020-01-21 10:54:01.774693 | eval'd: drake::cmq_buildtargetmetadepsspecht_is_subtargetconfig
2020-01-21 10:54:06.472740 | > DO_CALL (0.000s wait)
.2020-01-21 10:54:06.478494 | eval'd: drake::cmq_buildtargetmetadepsspecht_is_subtargetconfig
2020-01-21 10:54:10.704735 | > DO_CALL (0.001s wait)
.2020-01-21 10:54:10.712009 | eval'd: drake::cmq_buildtargetmetadepsspecht_is_subtargetconfig
2020-01-21 10:54:15.452926 | > DO_CALL (0.000s wait)
.2020-01-21 10:54:15.458981 | eval'd: drake::cmq_buildtargetmetadepsspecht_is_subtargetconfig
2020-01-21 10:54:19.659670 | > DO_CALL (0.000s wait)
.2020-01-21 10:54:19.664694 | eval'd: drake::cmq_buildtargetmetadepsspecht_is_subtargetconfig
2020-01-21 10:54:25.083693 | > DO_CALL (0.000s wait)
.2020-01-21 10:54:25.089397 | eval'd: drake::cmq_buildtargetmetadepsspecht_is_subtargetconfig
2020-01-21 10:54:31.450378 | > DO_CALL (0.001s wait)
.2020-01-21 10:54:31.456892 | eval'd: drake::cmq_buildtargetmetadepsspecht_is_subtargetconfig
2020-01-21 10:54:35.750643 | > DO_CALL (0.000s wait)
.2020-01-21 10:54:35.755688 | eval'd: drake::cmq_buildtargetmetadepsspecht_is_subtargetconfig
2020-01-21 10:54:39.814229 | > DO_CALL (0.000s wait)
.2020-01-21 10:54:39.820411 | eval'd: drake::cmq_buildtargetmetadepsspecht_is_subtargetconfig
2020-01-21 10:54:44.028817 | > DO_CALL (0.000s wait)
.2020-01-21 10:54:44.034663 | eval'd: drake::cmq_buildtargetmetadepsspecht_is_subtargetconfig
2020-01-21 10:54:48.175449 | > DO_CALL (0.001s wait)
.2020-01-21 10:54:48.182146 | eval'd: drake::cmq_buildtargetmetadepsspecht_is_subtargetconfig
2020-01-21 10:54:51.919734 | > DO_CALL (0.000s wait)
.2020-01-21 10:54:51.925056 | eval'd: drake::cmq_buildtargetmetadepsspecht_is_subtargetconfig
2020-01-21 10:54:56.018732 | > DO_CALL (0.000s wait)
.2020-01-21 10:54:56.024508 | eval'd: drake::cmq_buildtargetmetadepsspecht_is_subtargetconfig
2020-01-21 10:55:00.248650 | > DO_CALL (0.000s wait)
.2020-01-21 10:55:00.253779 | eval'd: drake::cmq_buildtargetmetadepsspecht_is_subtargetconfig
2020-01-21 10:55:04.538685 | > DO_CALL (0.000s wait)
.2020-01-21 10:55:04.544346 | eval'd: drake::cmq_buildtargetmetadepsspecht_is_subtargetconfig
2020-01-21 10:55:08.902657 | > DO_CALL (0.001s wait)
.2020-01-21 10:55:08.909653 | eval'd: drake::cmq_buildtargetmetadepsspecht_is_subtargetconfig
2020-01-21 10:55:12.719598 | > DO_CALL (0.000s wait)
.2020-01-21 10:55:12.737066 | eval'd: drake::cmq_buildtargetmetadepsspecht_is_subtargetconfig
2020-01-21 10:55:16.659292 | > DO_CALL (0.001s wait)
.2020-01-21 10:55:16.664161 | eval'd: drake::cmq_buildtargetmetadepsspecht_is_subtargetconfig
2020-01-21 10:55:20.868608 | > DO_CALL (0.000s wait)
.2020-01-21 10:55:20.872939 | eval'd: drake::cmq_buildtargetmetadepsspecht_is_subtargetconfig
2020-01-21 10:55:24.798654 | > DO_CALL (0.000s wait)
.2020-01-21 10:55:24.805034 | eval'd: drake::cmq_buildtargetmetadepsspecht_is_subtargetconfig
2020-01-21 10:55:28.651374 | > DO_CALL (0.001s wait)
.2020-01-21 10:55:28.656946 | eval'd: drake::cmq_buildtargetmetadepsspecht_is_subtargetconfig
2020-01-21 10:55:35.606459 | > DO_CALL (0.001s wait)
.2020-01-21 10:55:35.612883 | eval'd: drake::cmq_buildtargetmetadepsspecht_is_subtargetconfig
2020-01-21 10:55:40.415022 | > DO_CALL (0.000s wait)
.2020-01-21 10:55:40.420086 | eval'd: drake::cmq_buildtargetmetadepsspecht_is_subtargetconfig
2020-01-21 10:55:44.502459 | > DO_CALL (0.001s wait)
.2020-01-21 10:55:44.508680 | eval'd: drake::cmq_buildtargetmetadepsspecht_is_subtargetconfig
2020-01-21 10:55:48.424281 | > DO_CALL (0.001s wait)
.2020-01-21 10:55:48.429845 | eval'd: drake::cmq_buildtargetmetadepsspecht_is_subtargetconfig
2020-01-21 10:55:52.504715 | > DO_CALL (0.000s wait)
.2020-01-21 10:55:52.509327 | eval'd: drake::cmq_buildtargetmetadepsspecht_is_subtargetconfig
2020-01-21 10:55:56.548634 | > DO_CALL (0.000s wait)
.2020-01-21 10:55:56.553129 | eval'd: drake::cmq_buildtargetmetadepsspecht_is_subtargetconfig
2020-01-21 10:56:00.276237 | > DO_CALL (0.000s wait)
.2020-01-21 10:56:00.281661 | eval'd: drake::cmq_buildtargetmetadepsspecht_is_subtargetconfig
2020-01-21 10:56:04.357553 | > DO_CALL (0.001s wait)
.2020-01-21 10:56:04.363969 | eval'd: drake::cmq_buildtargetmetadepsspecht_is_subtargetconfig
2020-01-21 10:56:08.470797 | > DO_CALL (0.000s wait)
.2020-01-21 10:56:08.475546 | eval'd: drake::cmq_buildtargetmetadepsspecht_is_subtargetconfig
2020-01-21 10:56:12.608164 | > DO_CALL (0.000s wait)
.2020-01-21 10:56:12.613473 | eval'd: drake::cmq_buildtargetmetadepsspecht_is_subtargetconfig
2020-01-21 10:56:16.723544 | > DO_CALL (0.000s wait)
.2020-01-21 10:56:16.727960 | eval'd: drake::cmq_buildtargetmetadepsspecht_is_subtargetconfig
2020-01-21 10:56:21.289383 | > DO_CALL (0.001s wait)
.2020-01-21 10:56:21.295024 | eval'd: drake::cmq_buildtargetmetadepsspecht_is_subtargetconfig
2020-01-21 10:56:25.327469 | > DO_CALL (0.001s wait)
.2020-01-21 10:56:25.333886 | eval'd: drake::cmq_buildtargetmetadepsspecht_is_subtargetconfig
2020-01-21 10:56:29.635377 | > DO_CALL (0.001s wait)
.2020-01-21 10:56:29.641064 | eval'd: drake::cmq_buildtargetmetadepsspecht_is_subtargetconfig
2020-01-21 10:56:35.620573 | > DO_CALL (0.001s wait)
.2020-01-21 10:56:35.627192 | eval'd: drake::cmq_buildtargetmetadepsspecht_is_subtargetconfig
2020-01-21 10:56:39.760554 | > DO_CALL (0.000s wait)
.2020-01-21 10:56:39.764986 | eval'd: drake::cmq_buildtargetmetadepsspecht_is_subtargetconfig
2020-01-21 10:56:44.627583 | > DO_CALL (0.000s wait)
.2020-01-21 10:56:44.632055 | eval'd: drake::cmq_buildtargetmetadepsspecht_is_subtargetconfig
2020-01-21 10:56:48.654263 | > DO_CALL (0.001s wait)
.2020-01-21 10:56:48.659884 | eval'd: drake::cmq_buildtargetmetadepsspecht_is_subtargetconfig
2020-01-21 10:56:52.421355 | > DO_CALL (0.001s wait)
.2020-01-21 10:56:52.427177 | eval'd: drake::cmq_buildtargetmetadepsspecht_is_subtargetconfig
2020-01-21 10:56:56.173625 | > DO_CALL (0.000s wait)
.2020-01-21 10:56:56.178212 | eval'd: drake::cmq_buildtargetmetadepsspecht_is_subtargetconfig
2020-01-21 10:57:00.609487 | > DO_CALL (0.000s wait)
.2020-01-21 10:57:00.613825 | eval'd: drake::cmq_buildtargetmetadepsspecht_is_subtargetconfig
2020-01-21 10:57:05.193317 | > DO_CALL (0.001s wait)
.2020-01-21 10:57:05.199676 | eval'd: drake::cmq_buildtargetmetadepsspecht_is_subtargetconfig
2020-01-21 10:57:09.357092 | > DO_CALL (0.000s wait)
.2020-01-21 10:57:09.362302 | eval'd: drake::cmq_buildtargetmetadepsspecht_is_subtargetconfig
2020-01-21 10:57:13.201380 | > DO_CALL (0.001s wait)
.2020-01-21 10:57:13.207323 | eval'd: drake::cmq_buildtargetmetadepsspecht_is_subtargetconfig
2020-01-21 10:57:17.295480 | > DO_CALL (0.001s wait)
.2020-01-21 10:57:17.301511 | eval'd: drake::cmq_buildtargetmetadepsspecht_is_subtargetconfig
2020-01-21 10:57:21.796470 | > DO_CALL (0.000s wait)
.2020-01-21 10:57:21.800909 | eval'd: drake::cmq_buildtargetmetadepsspecht_is_subtargetconfig
2020-01-21 10:57:26.019487 | > DO_CALL (0.000s wait)
.2020-01-21 10:57:26.024546 | eval'd: drake::cmq_buildtargetmetadepsspecht_is_subtargetconfig
2020-01-21 10:57:30.273442 | > DO_CALL (0.001s wait)
.2020-01-21 10:57:30.279403 | eval'd: drake::cmq_buildtargetmetadepsspecht_is_subtargetconfig
2020-01-21 10:57:34.057468 | > DO_CALL (0.000s wait)
.2020-01-21 10:57:34.062418 | eval'd: drake::cmq_buildtargetmetadepsspecht_is_subtargetconfig
2020-01-21 10:57:39.826293 | > DO_CALL (0.001s wait)
.2020-01-21 10:57:39.832174 | eval'd: drake::cmq_buildtargetmetadepsspecht_is_subtargetconfig
2020-01-21 10:57:44.055221 | > DO_CALL (0.000s wait)
.2020-01-21 10:57:44.061400 | eval'd: drake::cmq_buildtargetmetadepsspecht_is_subtargetconfig
2020-01-21 10:57:48.066231 | > DO_CALL (0.000s wait)
.2020-01-21 10:57:48.071741 | eval'd: drake::cmq_buildtargetmetadepsspecht_is_subtargetconfig
2020-01-21 10:57:52.324412 | > DO_CALL (0.001s wait)
.2020-01-21 10:57:52.330376 | eval'd: drake::cmq_buildtargetmetadepsspecht_is_subtargetconfig
2020-01-21 10:57:56.460506 | > DO_CALL (0.000s wait)
.2020-01-21 10:57:56.464998 | eval'd: drake::cmq_buildtargetmetadepsspecht_is_subtargetconfig
2020-01-21 10:58:01.158401 | > DO_CALL (0.001s wait)
.2020-01-21 10:58:01.164426 | eval'd: drake::cmq_buildtargetmetadepsspecht_is_subtargetconfig
2020-01-21 10:58:04.927572 | > DO_CALL (0.000s wait)
.2020-01-21 10:58:04.932798 | eval'd: drake::cmq_buildtargetmetadepsspecht_is_subtargetconfig
2020-01-21 10:58:09.064537 | > DO_CALL (0.000s wait)
.2020-01-21 10:58:09.069149 | eval'd: drake::cmq_buildtargetmetadepsspecht_is_subtargetconfig
2020-01-21 10:58:13.060419 | > DO_CALL (0.001s wait)
.2020-01-21 10:58:13.066327 | eval'd: drake::cmq_buildtargetmetadepsspecht_is_subtargetconfig
2020-01-21 10:58:16.710423 | > DO_CALL (0.001s wait)
.2020-01-21 10:58:16.716401 | eval'd: drake::cmq_buildtargetmetadepsspecht_is_subtargetconfig
2020-01-21 10:58:20.484354 | > DO_CALL (0.001s wait)
.2020-01-21 10:58:20.490145 | eval'd: drake::cmq_buildtargetmetadepsspecht_is_subtargetconfig
2020-01-21 10:58:24.499269 | > DO_CALL (0.001s wait)
.2020-01-21 10:58:24.505566 | eval'd: drake::cmq_buildtargetmetadepsspecht_is_subtargetconfig
2020-01-21 10:58:28.368943 | > DO_CALL (0.000s wait)
.2020-01-21 10:58:28.374089 | eval'd: drake::cmq_buildtargetmetadepsspecht_is_subtargetconfig
2020-01-21 10:58:32.032463 | > DO_CALL (0.000s wait)
.2020-01-21 10:58:32.036905 | eval'd: drake::cmq_buildtargetmetadepsspecht_is_subtargetconfig
2020-01-21 10:58:35.889693 | > DO_CALL (0.000s wait)
.2020-01-21 10:58:35.894507 | eval'd: drake::cmq_buildtargetmetadepsspecht_is_subtargetconfig
2020-01-21 10:58:40.779650 | > DO_CALL (0.000s wait)
.2020-01-21 10:58:40.784440 | eval'd: drake::cmq_buildtargetmetadepsspecht_is_subtargetconfig
2020-01-21 10:58:45.936677 | > DO_CALL (0.000s wait)
.2020-01-21 10:58:45.942287 | eval'd: drake::cmq_buildtargetmetadepsspecht_is_subtargetconfig
2020-01-21 10:58:49.888660 | > DO_CALL (0.000s wait)
.2020-01-21 10:58:49.893365 | eval'd: drake::cmq_buildtargetmetadepsspecht_is_subtargetconfig
2020-01-21 10:58:53.992978 | > DO_CALL (0.000s wait)
.2020-01-21 10:58:53.998844 | eval'd: drake::cmq_buildtargetmetadepsspecht_is_subtargetconfig
2020-01-21 10:58:58.840923 | > DO_CALL (0.000s wait)
.2020-01-21 10:58:58.846061 | eval'd: drake::cmq_buildtargetmetadepsspecht_is_subtargetconfig
2020-01-21 10:59:02.879548 | > DO_CALL (0.001s wait)
.2020-01-21 10:59:02.885802 | eval'd: drake::cmq_buildtargetmetadepsspecht_is_subtargetconfig
2020-01-21 10:59:06.780481 | > DO_CALL (0.000s wait)
.2020-01-21 10:59:06.784973 | eval'd: drake::cmq_buildtargetmetadepsspecht_is_subtargetconfig
2020-01-21 10:59:10.637813 | > DO_CALL (0.000s wait)
.
2020-01-21 10:59:10.642862 | eval'd: drake::cmq_buildtargetmetadepsspecht_is_subtargetconfig
2020-01-21 10:59:14.622642 | > DO_CALL (0.000s wait)
.2020-01-21 10:59:14.627923 | eval'd: drake::cmq_buildtargetmetadepsspecht_is_subtargetconfig
2020-01-21 10:59:18.498566 | > DO_CALL (0.001s wait)
.2020-01-21 10:59:18.504820 | eval'd: drake::cmq_buildtargetmetadepsspecht_is_subtargetconfig
2020-01-21 10:59:22.539772 | > DO_CALL (0.000s wait)
.2020-01-21 10:59:22.544595 | eval'd: drake::cmq_buildtargetmetadepsspecht_is_subtargetconfig
2020-01-21 10:59:26.514485 | > DO_CALL (0.001s wait)
.2020-01-21 10:59:26.520545 | eval'd: drake::cmq_buildtargetmetadepsspecht_is_subtargetconfig
2020-01-21 10:59:31.061408 | > DO_CALL (0.001s wait)
.2020-01-21 10:59:31.065807 | eval'd: drake::cmq_buildtargetmetadepsspecht_is_subtargetconfig
2020-01-21 10:59:34.921672 | > DO_CALL (0.000s wait)
.2020-01-21 10:59:34.926415 | eval'd: drake::cmq_buildtargetmetadepsspecht_is_subtargetconfig
2020-01-21 10:59:38.743815 | > DO_CALL (0.000s wait)
.2020-01-21 10:59:38.748821 | eval'd: drake::cmq_buildtargetmetadepsspecht_is_subtargetconfig
2020-01-21 10:59:42.591077 | > DO_CALL (0.000s wait)
.2020-01-21 10:59:42.596524 | eval'd: drake::cmq_buildtargetmetadepsspecht_is_subtargetconfig
2020-01-21 10:59:48.847481 | > DO_CALL (0.001s wait)
.2020-01-21 10:59:48.853604 | eval'd: drake::cmq_buildtargetmetadepsspecht_is_subtargetconfig
2020-01-21 10:59:52.563449 | > DO_CALL (0.001s wait)
.2020-01-21 10:59:52.569561 | eval'd: drake::cmq_buildtargetmetadepsspecht_is_subtargetconfig
2020-01-21 10:59:56.423560 | > DO_CALL (0.001s wait)
.2020-01-21 10:59:56.429836 | eval'd: drake::cmq_buildtargetmetadepsspecht_is_subtargetconfig
2020-01-21 11:00:00.329201 | > DO_CALL (0.000s wait)
.2020-01-21 11:00:00.334856 | eval'd: drake::cmq_buildtargetmetadepsspecht_is_subtargetconfig
2020-01-21 11:00:04.080391 | > DO_CALL (0.001s wait)
.2020-01-21 11:00:04.085197 | eval'd: drake::cmq_buildtargetmetadepsspecht_is_subtargetconfig
2020-01-21 11:00:07.672382 | > DO_CALL (0.001s wait)
.2020-01-21 11:00:07.676842 | eval'd: drake::cmq_buildtargetmetadepsspecht_is_subtargetconfig
2020-01-21 11:00:11.258555 | > DO_CALL (0.001s wait)
.2020-01-21 11:00:11.264839 | eval'd: drake::cmq_buildtargetmetadepsspecht_is_subtargetconfig
2020-01-21 11:00:14.951068 | > DO_CALL (0.000s wait)
.2020-01-21 11:00:14.957164 | eval'd: drake::cmq_buildtargetmetadepsspecht_is_subtargetconfig
2020-01-21 11:00:18.724711 | > DO_CALL (0.000s wait)
.2020-01-21 11:00:18.729803 | eval'd: drake::cmq_buildtargetmetadepsspecht_is_subtargetconfig
2020-01-21 11:00:22.643967 | > DO_CALL (0.000s wait)
.2020-01-21 11:00:22.662224 | eval'd: drake::cmq_buildtargetmetadepsspecht_is_subtargetconfig
2020-01-21 11:00:26.626763 | > DO_CALL (0.000s wait)
.2020-01-21 11:00:26.631715 | eval'd: drake::cmq_buildtargetmetadepsspecht_is_subtargetconfig
2020-01-21 11:00:31.106528 | > DO_CALL (0.000s wait)
.2020-01-21 11:00:31.112996 | eval'd: drake::cmq_buildtargetmetadepsspecht_is_subtargetconfig
2020-01-21 11:00:34.992234 | > DO_CALL (0.000s wait)
.2020-01-21 11:00:34.998666 | eval'd: drake::cmq_buildtargetmetadepsspecht_is_subtargetconfig
2020-01-21 11:00:39.090238 | > DO_CALL (0.000s wait)
.2020-01-21 11:00:39.096019 | eval'd: drake::cmq_buildtargetmetadepsspecht_is_subtargetconfig
2020-01-21 11:00:42.822002 | > DO_CALL (0.000s wait)
.2020-01-21 11:00:42.827201 | eval'd: drake::cmq_buildtargetmetadepsspecht_is_subtargetconfig
2020-01-21 11:00:48.540569 | > DO_CALL (0.000s wait)
.2020-01-21 11:00:48.545270 | eval'd: drake::cmq_buildtargetmetadepsspecht_is_subtargetconfig
2020-01-21 11:00:52.459632 | > DO_CALL (0.000s wait)
.2020-01-21 11:00:52.464588 | eval'd: drake::cmq_buildtargetmetadepsspecht_is_subtargetconfig
2020-01-21 11:00:56.562294 | > DO_CALL (0.001s wait)
.2020-01-21 11:00:56.568087 | eval'd: drake::cmq_buildtargetmetadepsspecht_is_subtargetconfig
2020-01-21 11:01:00.332437 | > DO_CALL (0.001s wait)
.2020-01-21 11:01:00.336928 | eval'd: drake::cmq_buildtargetmetadepsspecht_is_subtargetconfig
2020-01-21 11:01:05.047472 | > DO_CALL (0.001s wait)
.2020-01-21 11:01:05.052521 | eval'd: drake::cmq_buildtargetmetadepsspecht_is_subtargetconfig
2020-01-21 11:01:08.973276 | > DO_CALL (0.001s wait)
.2020-01-21 11:01:08.979207 | eval'd: drake::cmq_buildtargetmetadepsspecht_is_subtargetconfig
2020-01-21 11:01:13.137369 | > DO_CALL (0.001s wait)
.2020-01-21 11:01:13.141712 | eval'd: drake::cmq_buildtargetmetadepsspecht_is_subtargetconfig
2020-01-21 11:01:17.113140 | > DO_CALL (0.000s wait)
.2020-01-21 11:01:17.118706 | eval'd: drake::cmq_buildtargetmetadepsspecht_is_subtargetconfig
2020-01-21 11:01:20.793640 | > DO_CALL (0.000s wait)
.2020-01-21 11:01:20.798439 | eval'd: drake::cmq_buildtargetmetadepsspecht_is_subtargetconfig
2020-01-21 11:01:24.590068 | > DO_CALL (0.000s wait)
.2020-01-21 11:01:24.596007 | eval'd: drake::cmq_buildtargetmetadepsspecht_is_subtargetconfig
2020-01-21 11:01:28.258021 | > DO_CALL (0.000s wait)
.2020-01-21 11:01:28.263420 | eval'd: drake::cmq_buildtargetmetadepsspecht_is_subtargetconfig
2020-01-21 11:01:32.056787 | > DO_CALL (0.000s wait)
.2020-01-21 11:01:32.061817 | eval'd: drake::cmq_buildtargetmetadepsspecht_is_subtargetconfig
2020-01-21 11:01:36.311916 | > DO_CALL (0.000s wait)
.2020-01-21 11:01:36.316297 | eval'd: drake::cmq_buildtargetmetadepsspecht_is_subtargetconfig
2020-01-21 11:01:39.919623 | > DO_CALL (0.000s wait)
.2020-01-21 11:01:39.924436 | eval'd: drake::cmq_buildtargetmetadepsspecht_is_subtargetconfig
2020-01-21 11:01:43.553291 | > DO_CALL (0.001s wait)
.2020-01-21 11:01:43.559648 | eval'd: drake::cmq_buildtargetmetadepsspecht_is_subtargetconfig
2020-01-21 11:01:47.255845 | > DO_CALL (0.000s wait)
.2020-01-21 11:01:47.261045 | eval'd: drake::cmq_buildtargetmetadepsspecht_is_subtargetconfig
2020-01-21 11:01:52.915630 | > DO_CALL (0.000s wait)
.2020-01-21 11:01:52.920483 | eval'd: drake::cmq_buildtargetmetadepsspecht_is_subtargetconfig
2020-01-21 11:01:56.714112 | > DO_CALL (0.000s wait)
.2020-01-21 11:01:56.719550 | eval'd: drake::cmq_buildtargetmetadepsspecht_is_subtargetconfig
2020-01-21 11:02:00.726588 | > DO_CALL (0.000s wait)
.2020-01-21 11:02:00.731294 | eval'd: drake::cmq_buildtargetmetadepsspecht_is_subtargetconfig
2020-01-21 11:02:04.325433 | > DO_CALL (0.001s wait)
.2020-01-21 11:02:04.330536 | eval'd: drake::cmq_buildtargetmetadepsspecht_is_subtargetconfig
2020-01-21 11:02:07.954753 | > DO_CALL (0.000s wait)
.2020-01-21 11:02:07.959808 | eval'd: drake::cmq_buildtargetmetadepsspecht_is_subtargetconfig
2020-01-21 11:02:11.706801 | > DO_CALL (0.000s wait)
.2020-01-21 11:02:11.711850 | eval'd: drake::cmq_buildtargetmetadepsspecht_is_subtargetconfig
2020-01-21 11:02:15.616989 | > DO_CALL (0.000s wait)
.2020-01-21 11:02:15.623097 | eval'd: drake::cmq_buildtargetmetadepsspecht_is_subtargetconfig
2020-01-21 11:02:19.415169 | > DO_CALL (0.000s wait)
.2020-01-21 11:02:19.420854 | eval'd: drake::cmq_buildtargetmetadepsspecht_is_subtargetconfig
2020-01-21 11:02:23.403456 | > DO_CALL (0.001s wait)
.2020-01-21 11:02:23.408643 | eval'd: drake::cmq_buildtargetmetadepsspecht_is_subtargetconfig
2020-01-21 11:02:27.062197 | > DO_CALL (0.000s wait)
.2020-01-21 11:02:27.067979 | eval'd: drake::cmq_buildtargetmetadepsspecht_is_subtargetconfig
2020-01-21 11:02:30.652390 | > DO_CALL (0.001s wait)
.2020-01-21 11:02:30.656899 | eval'd: drake::cmq_buildtargetmetadepsspecht_is_subtargetconfig
2020-01-21 11:02:35.138258 | > DO_CALL (0.001s wait)
.2020-01-21 11:02:35.144746 | eval'd: drake::cmq_buildtargetmetadepsspecht_is_subtargetconfig
2020-01-21 11:02:39.483741 | > DO_CALL (0.000s wait)
.2020-01-21 11:02:39.488766 | eval'd: drake::cmq_buildtargetmetadepsspecht_is_subtargetconfig
2020-01-21 11:02:43.233941 | > DO_CALL (0.000s wait)
.2020-01-21 11:02:43.239367 | eval'd: drake::cmq_buildtargetmetadepsspecht_is_subtargetconfig
2020-01-21 11:02:47.122781 | > DO_CALL (0.000s wait)
.2020-01-21 11:02:47.127950 | eval'd: drake::cmq_buildtargetmetadepsspecht_is_subtargetconfig
2020-01-21 11:02:50.877513 | > DO_CALL (0.001s wait)
.2020-01-21 11:02:50.882278 | eval'd: drake::cmq_buildtargetmetadepsspecht_is_subtargetconfig
2020-01-21 11:02:56.172289 | > DO_CALL (0.001s wait)
.2020-01-21 11:02:56.178846 | eval'd: drake::cmq_buildtargetmetadepsspecht_is_subtargetconfig
2020-01-21 11:02:59.739328 | > DO_CALL (0.001s wait)
.2020-01-21 11:02:59.745284 | eval'd: drake::cmq_buildtargetmetadepsspecht_is_subtargetconfig
2020-01-21 11:03:03.369273 | > DO_CALL (0.001s wait)
.2020-01-21 11:03:03.375666 | eval'd: drake::cmq_buildtargetmetadepsspecht_is_subtargetconfig
2020-01-21 11:03:07.074696 | > DO_CALL (0.000s wait)
.2020-01-21 11:03:07.079722 | eval'd: drake::cmq_buildtargetmetadepsspecht_is_subtargetconfig
2020-01-21 11:03:10.745459 | > DO_CALL (0.001s wait)
.2020-01-21 11:03:10.750052 | eval'd: drake::cmq_buildtargetmetadepsspecht_is_subtargetconfig
2020-01-21 11:03:14.470195 | > DO_CALL (0.000s wait)
.2020-01-21 11:03:14.476509 | eval'd: drake::cmq_buildtargetmetadepsspecht_is_subtargetconfig
2020-01-21 11:03:18.882904 | > DO_CALL (0.000s wait)
.2020-01-21 11:03:18.888205 | eval'd: drake::cmq_buildtargetmetadepsspecht_is_subtargetconfig
2020-01-21 11:03:22.418898 | > DO_CALL (0.000s wait)
.2020-01-21 11:03:22.424207 | eval'd: drake::cmq_buildtargetmetadepsspecht_is_subtargetconfig
2020-01-21 11:03:25.878827 | > DO_CALL (0.000s wait)
.2020-01-21 11:03:25.884257 | eval'd: drake::cmq_buildtargetmetadepsspecht_is_subtargetconfig
2020-01-21 11:03:29.920346 | > DO_CALL (0.001s wait)
.2020-01-21 11:03:29.924831 | eval'd: drake::cmq_buildtargetmetadepsspecht_is_subtargetconfig
2020-01-21 11:03:34.452515 | > DO_CALL (0.001s wait)
.2020-01-21 11:03:34.457826 | eval'd: drake::cmq_buildtargetmetadepsspecht_is_subtargetconfig
2020-01-21 11:03:38.670449 | > DO_CALL (0.001s wait)
.2020-01-21 11:03:38.675146 | eval'd: drake::cmq_buildtargetmetadepsspecht_is_subtargetconfig
2020-01-21 11:03:43.095325 | > DO_CALL (0.001s wait)
.2020-01-21 11:03:43.099780 | eval'd: drake::cmq_buildtargetmetadepsspecht_is_subtargetconfig
2020-01-21 11:03:46.898308 | > DO_CALL (0.001s wait)
.2020-01-21 11:03:46.902811 | eval'd: drake::cmq_buildtargetmetadepsspecht_is_subtargetconfig
2020-01-21 11:03:50.481429 | > DO_CALL (0.001s wait)
.2020-01-21 11:03:50.486140 | eval'd: drake::cmq_buildtargetmetadepsspecht_is_subtargetconfig
2020-01-21 11:03:54.324061 | > DO_CALL (0.000s wait)
.2020-01-21 11:03:54.330128 | eval'd: drake::cmq_buildtargetmetadepsspecht_is_subtargetconfig
2020-01-21 11:04:00.135128 | > DO_CALL (0.000s wait)
.2020-01-21 11:04:00.140895 | eval'd: drake::cmq_buildtargetmetadepsspecht_is_subtargetconfig
2020-01-21 11:04:04.863418 | > DO_CALL (0.001s wait)
.2020-01-21 11:04:04.868558 | eval'd: drake::cmq_buildtargetmetadepsspecht_is_subtargetconfig
2020-01-21 11:04:08.579672 | > DO_CALL (0.001s wait)
.2020-01-21 11:04:08.584756 | eval'd: drake::cmq_buildtargetmetadepsspecht_is_subtargetconfig
2020-01-21 11:04:12.299699 | > DO_CALL (0.000s wait)
.2020-01-21 11:04:12.304791 | eval'd: drake::cmq_buildtargetmetadepsspecht_is_subtargetconfig
2020-01-21 11:04:16.098289 | > DO_CALL (0.001s wait)
.2020-01-21 11:04:16.102771 | eval'd: drake::cmq_buildtargetmetadepsspecht_is_subtargetconfig
2020-01-21 11:04:19.878325 | > DO_CALL (0.001s wait)
.2020-01-21 11:04:19.884322 | eval'd: drake::cmq_buildtargetmetadepsspecht_is_subtargetconfig
2020-01-21 11:04:23.636563 | > DO_CALL (0.001s wait)
.2020-01-21 11:04:23.642023 | eval'd: drake::cmq_buildtargetmetadepsspecht_is_subtargetconfig
2020-01-21 11:04:27.330470 | > DO_CALL (0.001s wait)
.
2020-01-21 11:04:27.335253 | eval'd: drake::cmq_buildtargetmetadepsspecht_is_subtargetconfig
2020-01-21 11:04:30.900171 | > DO_CALL (0.000s wait)
.2020-01-21 11:04:30.905998 | eval'd: drake::cmq_buildtargetmetadepsspecht_is_subtargetconfig
2020-01-21 11:04:34.564286 | > DO_CALL (0.001s wait)
.2020-01-21 11:04:34.570298 | eval'd: drake::cmq_buildtargetmetadepsspecht_is_subtargetconfig
2020-01-21 11:04:38.359802 | > DO_CALL (0.000s wait)
.2020-01-21 11:04:38.366935 | eval'd: drake::cmq_buildtargetmetadepsspecht_is_subtargetconfig
2020-01-21 11:04:42.273262 | > DO_CALL (0.001s wait)
.2020-01-21 11:04:42.277696 | eval'd: drake::cmq_buildtargetmetadepsspecht_is_subtargetconfig
2020-01-21 11:04:46.581613 | > DO_CALL (0.001s wait)
.2020-01-21 11:04:46.586651 | eval'd: drake::cmq_buildtargetmetadepsspecht_is_subtargetconfig
2020-01-21 11:04:50.268382 | > DO_CALL (0.001s wait)
.2020-01-21 11:04:50.273030 | eval'd: drake::cmq_buildtargetmetadepsspecht_is_subtargetconfig
2020-01-21 11:04:54.172410 | > DO_CALL (0.001s wait)
.2020-01-21 11:04:54.179207 | eval'd: drake::cmq_buildtargetmetadepsspecht_is_subtargetconfig
2020-01-21 11:04:57.832327 | > DO_CALL (0.001s wait)
.2020-01-21 11:04:57.838261 | eval'd: drake::cmq_buildtargetmetadepsspecht_is_subtargetconfig
2020-01-21 11:05:03.420825 | > DO_CALL (0.000s wait)
.2020-01-21 11:05:03.426646 | eval'd: drake::cmq_buildtargetmetadepsspecht_is_subtargetconfig
2020-01-21 11:05:06.953229 | > DO_CALL (0.000s wait)
.2020-01-21 11:05:06.959125 | eval'd: drake::cmq_buildtargetmetadepsspecht_is_subtargetconfig
2020-01-21 11:05:10.722254 | > DO_CALL (0.001s wait)
.2020-01-21 11:05:10.728202 | eval'd: drake::cmq_buildtargetmetadepsspecht_is_subtargetconfig
2020-01-21 11:05:14.435418 | > DO_CALL (0.001s wait)
.2020-01-21 11:05:14.440721 | eval'd: drake::cmq_buildtargetmetadepsspecht_is_subtargetconfig
2020-01-21 11:05:18.823076 | > DO_CALL (0.000s wait)
.2020-01-21 11:05:18.841743 | eval'd: drake::cmq_buildtargetmetadepsspecht_is_subtargetconfig
2020-01-21 11:05:22.404197 | > DO_CALL (0.000s wait)
.2020-01-21 11:05:22.410143 | eval'd: drake::cmq_buildtargetmetadepsspecht_is_subtargetconfig
2020-01-21 11:05:26.051698 | > DO_CALL (0.001s wait)
.2020-01-21 11:05:26.056904 | eval'd: drake::cmq_buildtargetmetadepsspecht_is_subtargetconfig
2020-01-21 11:05:29.798297 | > DO_CALL (0.001s wait)
.2020-01-21 11:05:29.804228 | eval'd: drake::cmq_buildtargetmetadepsspecht_is_subtargetconfig
2020-01-21 11:05:33.595153 | > DO_CALL (0.000s wait)
.2020-01-21 11:05:33.601382 | eval'd: drake::cmq_buildtargetmetadepsspecht_is_subtargetconfig
2020-01-21 11:05:37.183433 | > DO_CALL (0.001s wait)
.2020-01-21 11:05:37.188063 | eval'd: drake::cmq_buildtargetmetadepsspecht_is_subtargetconfig
2020-01-21 11:05:40.946466 | > DO_CALL (0.001s wait)
.2020-01-21 11:05:40.951130 | eval'd: drake::cmq_buildtargetmetadepsspecht_is_subtargetconfig
2020-01-21 11:05:44.709928 | > DO_CALL (0.000s wait)
.2020-01-21 11:05:44.715976 | eval'd: drake::cmq_buildtargetmetadepsspecht_is_subtargetconfig
2020-01-21 11:05:49.093267 | > DO_CALL (0.001s wait)
.2020-01-21 11:05:49.099353 | eval'd: drake::cmq_buildtargetmetadepsspecht_is_subtargetconfig
2020-01-21 11:05:52.864301 | > DO_CALL (0.001s wait)
.2020-01-21 11:05:52.868695 | eval'd: drake::cmq_buildtargetmetadepsspecht_is_subtargetconfig
2020-01-21 11:05:56.276801 | > DO_CALL (0.000s wait)
.2020-01-21 11:05:56.282020 | eval'd: drake::cmq_buildtargetmetadepsspecht_is_subtargetconfig
2020-01-21 11:05:59.816192 | > DO_CALL (0.000s wait)
.2020-01-21 11:05:59.821917 | eval'd: drake::cmq_buildtargetmetadepsspecht_is_subtargetconfig
2020-01-21 11:06:04.635146 | > DO_CALL (0.000s wait)
.2020-01-21 11:06:04.641482 | eval'd: drake::cmq_buildtargetmetadepsspecht_is_subtargetconfig
2020-01-21 11:06:08.246141 | > DO_CALL (0.000s wait)
.2020-01-21 11:06:08.251944 | eval'd: drake::cmq_buildtargetmetadepsspecht_is_subtargetconfig
2020-01-21 11:06:11.735162 | > DO_CALL (0.000s wait)
.2020-01-21 11:06:11.740921 | eval'd: drake::cmq_buildtargetmetadepsspecht_is_subtargetconfig
2020-01-21 11:06:15.659154 | > DO_CALL (0.000s wait)
.2020-01-21 11:06:15.665447 | eval'd: drake::cmq_buildtargetmetadepsspecht_is_subtargetconfig
2020-01-21 11:06:20.074904 | > DO_CALL (0.000s wait)
.2020-01-21 11:06:20.080286 | eval'd: drake::cmq_buildtargetmetadepsspecht_is_subtargetconfig
2020-01-21 11:06:23.438118 | > DO_CALL (0.000s wait)
.2020-01-21 11:06:23.444220 | eval'd: drake::cmq_buildtargetmetadepsspecht_is_subtargetconfig
2020-01-21 11:06:27.081589 | > DO_CALL (0.001s wait)
.2020-01-21 11:06:27.086426 | eval'd: drake::cmq_buildtargetmetadepsspecht_is_subtargetconfig
2020-01-21 11:06:30.689257 | > DO_CALL (0.001s wait)
.2020-01-21 11:06:30.695040 | eval'd: drake::cmq_buildtargetmetadepsspecht_is_subtargetconfig
2020-01-21 11:06:34.368794 | > DO_CALL (0.001s wait)
.2020-01-21 11:06:34.374618 | eval'd: drake::cmq_buildtargetmetadepsspecht_is_subtargetconfig
2020-01-21 11:06:37.965116 | > DO_CALL (0.000s wait)
.2020-01-21 11:06:37.971358 | eval'd: drake::cmq_buildtargetmetadepsspecht_is_subtargetconfig
2020-01-21 11:06:41.674230 | > DO_CALL (0.000s wait)
.2020-01-21 11:06:41.678548 | eval'd: drake::cmq_buildtargetmetadepsspecht_is_subtargetconfig
2020-01-21 11:06:45.165160 | > DO_CALL (0.000s wait)
.2020-01-21 11:06:45.171898 | eval'd: drake::cmq_buildtargetmetadepsspecht_is_subtargetconfig
2020-01-21 11:06:49.408483 | > DO_CALL (0.001s wait)
.2020-01-21 11:06:49.413560 | eval'd: drake::cmq_buildtargetmetadepsspecht_is_subtargetconfig
2020-01-21 11:06:53.097262 | > DO_CALL (0.001s wait)
.2020-01-21 11:06:53.101717 | eval'd: drake::cmq_buildtargetmetadepsspecht_is_subtargetconfig
2020-01-21 11:06:56.697587 | > DO_CALL (0.001s wait)
.2020-01-21 11:06:56.702548 | eval'd: drake::cmq_buildtargetmetadepsspecht_is_subtargetconfig
2020-01-21 11:07:00.593703 | > DO_CALL (0.001s wait)
.2020-01-21 11:07:00.598963 | eval'd: drake::cmq_buildtargetmetadepsspecht_is_subtargetconfig
2020-01-21 11:07:06.260276 | > DO_CALL (0.001s wait)
.2020-01-21 11:07:06.265362 | eval'd: drake::cmq_buildtargetmetadepsspecht_is_subtargetconfig
2020-01-21 11:07:09.884480 | > DO_CALL (0.001s wait)
.2020-01-21 11:07:09.889404 | eval'd: drake::cmq_buildtargetmetadepsspecht_is_subtargetconfig
2020-01-21 11:07:13.265197 | > DO_CALL (0.000s wait)
.2020-01-21 11:07:13.271031 | eval'd: drake::cmq_buildtargetmetadepsspecht_is_subtargetconfig
2020-01-21 11:07:16.692413 | > DO_CALL (0.001s wait)
.2020-01-21 11:07:16.697145 | eval'd: drake::cmq_buildtargetmetadepsspecht_is_subtargetconfig
2020-01-21 11:07:20.249310 | > DO_CALL (0.001s wait)
.2020-01-21 11:07:20.253883 | eval'd: drake::cmq_buildtargetmetadepsspecht_is_subtargetconfig
2020-01-21 11:07:23.663643 | > DO_CALL (0.001s wait)
.2020-01-21 11:07:23.668755 | eval'd: drake::cmq_buildtargetmetadepsspecht_is_subtargetconfig
2020-01-21 11:07:27.967998 | > DO_CALL (0.000s wait)
.2020-01-21 11:07:27.973642 | eval'd: drake::cmq_buildtargetmetadepsspecht_is_subtargetconfig
2020-01-21 11:07:31.636712 | > DO_CALL (0.001s wait)
.2020-01-21 11:07:31.642018 | eval'd: drake::cmq_buildtargetmetadepsspecht_is_subtargetconfig
2020-01-21 11:07:35.104634 | > DO_CALL (0.001s wait)
.2020-01-21 11:07:35.110245 | eval'd: drake::cmq_buildtargetmetadepsspecht_is_subtargetconfig
2020-01-21 11:07:38.572329 | > DO_CALL (0.001s wait)
.2020-01-21 11:07:38.576899 | eval'd: drake::cmq_buildtargetmetadepsspecht_is_subtargetconfig
2020-01-21 11:07:42.239234 | > DO_CALL (0.000s wait)
.2020-01-21 11:07:42.243778 | eval'd: drake::cmq_buildtargetmetadepsspecht_is_subtargetconfig
2020-01-21 11:07:45.907029 | > DO_CALL (0.000s wait)
.2020-01-21 11:07:45.913150 | eval'd: drake::cmq_buildtargetmetadepsspecht_is_subtargetconfig
2020-01-21 11:07:49.583421 | > DO_CALL (0.001s wait)
.2020-01-21 11:07:49.588142 | eval'd: drake::cmq_buildtargetmetadepsspecht_is_subtargetconfig
2020-01-21 11:07:53.669251 | > DO_CALL (0.000s wait)
.2020-01-21 11:07:53.674257 | eval'd: drake::cmq_buildtargetmetadepsspecht_is_subtargetconfig
2020-01-21 11:07:58.034160 | > DO_CALL (0.000s wait)
.2020-01-21 11:07:58.039978 | eval'd: drake::cmq_buildtargetmetadepsspecht_is_subtargetconfig
2020-01-21 11:08:01.581378 | > DO_CALL (0.001s wait)
.2020-01-21 11:08:01.589699 | eval'd: drake::cmq_buildtargetmetadepsspecht_is_subtargetconfig
2020-01-21 11:08:05.203526 | > DO_CALL (0.001s wait)
.2020-01-21 11:08:05.209476 | eval'd: drake::cmq_buildtargetmetadepsspecht_is_subtargetconfig
2020-01-21 11:08:10.696166 | > DO_CALL (0.000s wait)
.2020-01-21 11:08:10.702901 | eval'd: drake::cmq_buildtargetmetadepsspecht_is_subtargetconfig
2020-01-21 11:08:14.281137 | > DO_CALL (0.000s wait)
.2020-01-21 11:08:14.288153 | eval'd: drake::cmq_buildtargetmetadepsspecht_is_subtargetconfig
2020-01-21 11:08:17.749146 | > DO_CALL (0.000s wait)
.2020-01-21 11:08:17.755981 | eval'd: drake::cmq_buildtargetmetadepsspecht_is_subtargetconfig
2020-01-21 11:08:21.318412 | > DO_CALL (0.001s wait)
.2020-01-21 11:08:21.323616 | eval'd: drake::cmq_buildtargetmetadepsspecht_is_subtargetconfig
2020-01-21 11:08:24.879719 | > DO_CALL (0.001s wait)
.2020-01-21 11:08:24.886107 | eval'd: drake::cmq_buildtargetmetadepsspecht_is_subtargetconfig
2020-01-21 11:08:28.337082 | > DO_CALL (0.000s wait)
.2020-01-21 11:08:28.343390 | eval'd: drake::cmq_buildtargetmetadepsspecht_is_subtargetconfig
2020-01-21 11:08:31.851628 | > DO_CALL (0.001s wait)
.2020-01-21 11:08:31.857305 | eval'd: drake::cmq_buildtargetmetadepsspecht_is_subtargetconfig
2020-01-21 11:08:36.453206 | > DO_CALL (0.000s wait)
.2020-01-21 11:08:36.460282 | eval'd: drake::cmq_buildtargetmetadepsspecht_is_subtargetconfig
2020-01-21 11:08:40.017283 | > DO_CALL (0.001s wait)
.2020-01-21 11:08:40.022296 | eval'd: drake::cmq_buildtargetmetadepsspecht_is_subtargetconfig
2020-01-21 11:08:43.724138 | > DO_CALL (0.000s wait)
.2020-01-21 11:08:43.731202 | eval'd: drake::cmq_buildtargetmetadepsspecht_is_subtargetconfig
2020-01-21 11:08:47.388467 | > DO_CALL (0.001s wait)
.2020-01-21 11:08:47.393802 | eval'd: drake::cmq_buildtargetmetadepsspecht_is_subtargetconfig
2020-01-21 11:08:50.889247 | > DO_CALL (0.000s wait)
.2020-01-21 11:08:50.894237 | eval'd: drake::cmq_buildtargetmetadepsspecht_is_subtargetconfig
2020-01-21 11:08:54.785404 | > DO_CALL (0.001s wait)
.2020-01-21 11:08:54.792866 | eval'd: drake::cmq_buildtargetmetadepsspecht_is_subtargetconfig
2020-01-21 11:08:58.503501 | > DO_CALL (0.001s wait)
.2020-01-21 11:08:58.509016 | eval'd: drake::cmq_buildtargetmetadepsspecht_is_subtargetconfig
2020-01-21 11:09:02.315269 | > DO_CALL (0.001s wait)
.2020-01-21 11:09:02.320282 | eval'd: drake::cmq_buildtargetmetadepsspecht_is_subtargetconfig
2020-01-21 11:09:06.048462 | > DO_CALL (0.001s wait)
.2020-01-21 11:09:06.053814 | eval'd: drake::cmq_buildtargetmetadepsspecht_is_subtargetconfig
2020-01-21 11:09:10.523084 | > DO_CALL (0.000s wait)
.2020-01-21 11:09:10.529566 | eval'd: drake::cmq_buildtargetmetadepsspecht_is_subtargetconfig
2020-01-21 11:09:15.237168 | > DO_CALL (0.000s wait)
.2020-01-21 11:09:15.242450 | eval'd: drake::cmq_buildtargetmetadepsspecht_is_subtargetconfig
2020-01-21 11:09:18.620397 | > DO_CALL (0.001s wait)
.2020-01-21 11:09:18.625675 | eval'd: drake::cmq_buildtargetmetadepsspecht_is_subtargetconfig
2020-01-21 11:09:22.076452 | > DO_CALL (0.001s wait)
.2020-01-21 11:09:22.081732 | eval'd: drake::cmq_buildtargetmetadepsspecht_is_subtargetconfig
2020-01-21 11:09:25.599281 | > DO_CALL (0.001s wait)
.2020-01-21 11:09:25.606563 | eval'd: drake::cmq_buildtargetmetadepsspecht_is_subtargetconfig
2020-01-21 11:09:29.244860 | > DO_CALL (0.001s wait)
.
2020-01-21 11:09:29.250933 | eval'd: drake::cmq_buildtargetmetadepsspecht_is_subtargetconfig
2020-01-21 11:09:33.036036 | > DO_CALL (0.001s wait)
.2020-01-21 11:09:33.042520 | eval'd: drake::cmq_buildtargetmetadepsspecht_is_subtargetconfig
2020-01-21 11:09:36.795273 | > DO_CALL (0.001s wait)
.2020-01-21 11:09:36.801933 | eval'd: drake::cmq_buildtargetmetadepsspecht_is_subtargetconfig
2020-01-21 11:09:41.246099 | > DO_CALL (0.001s wait)
.2020-01-21 11:09:41.252691 | eval'd: drake::cmq_buildtargetmetadepsspecht_is_subtargetconfig
2020-01-21 11:09:44.983076 | > DO_CALL (0.001s wait)
.2020-01-21 11:09:44.990049 | eval'd: drake::cmq_buildtargetmetadepsspecht_is_subtargetconfig
2020-01-21 11:09:48.549931 | > DO_CALL (0.001s wait)
.2020-01-21 11:09:48.556303 | eval'd: drake::cmq_buildtargetmetadepsspecht_is_subtargetconfig
2020-01-21 11:09:52.004018 | > DO_CALL (0.001s wait)
.2020-01-21 11:09:52.032736 | eval'd: drake::cmq_buildtargetmetadepsspecht_is_subtargetconfig
2020-01-21 11:09:55.559216 | > DO_CALL (0.000s wait)
.2020-01-21 11:09:55.564481 | eval'd: drake::cmq_buildtargetmetadepsspecht_is_subtargetconfig
2020-01-21 11:09:59.655195 | > DO_CALL (0.000s wait)
.2020-01-21 11:09:59.659908 | eval'd: drake::cmq_buildtargetmetadepsspecht_is_subtargetconfig
2020-01-21 11:10:03.038161 | > DO_CALL (0.000s wait)
.2020-01-21 11:10:03.042910 | eval'd: drake::cmq_buildtargetmetadepsspecht_is_subtargetconfig
2020-01-21 11:10:06.510421 | > DO_CALL (0.016s wait)
.2020-01-21 11:10:06.516123 | eval'd: drake::cmq_buildtargetmetadepsspecht_is_subtargetconfig
2020-01-21 11:10:10.037089 | > DO_CALL (0.000s wait)
.2020-01-21 11:10:10.041790 | eval'd: drake::cmq_buildtargetmetadepsspecht_is_subtargetconfig
2020-01-21 11:10:15.339908 | > DO_CALL (0.001s wait)
.2020-01-21 11:10:15.346551 | eval'd: drake::cmq_buildtargetmetadepsspecht_is_subtargetconfig
2020-01-21 11:10:18.838805 | > DO_CALL (0.001s wait)
.2020-01-21 11:10:18.844731 | eval'd: drake::cmq_buildtargetmetadepsspecht_is_subtargetconfig
2020-01-21 11:10:22.438974 | > DO_CALL (0.001s wait)
.2020-01-21 11:10:22.445488 | eval'd: drake::cmq_buildtargetmetadepsspecht_is_subtargetconfig
2020-01-21 11:10:25.905208 | > DO_CALL (0.000s wait)
.2020-01-21 11:10:25.910081 | eval'd: drake::cmq_buildtargetmetadepsspecht_is_subtargetconfig
2020-01-21 11:10:29.435182 | > DO_CALL (0.000s wait)
.2020-01-21 11:10:29.440175 | eval'd: drake::cmq_buildtargetmetadepsspecht_is_subtargetconfig
2020-01-21 11:10:32.966176 | > DO_CALL (0.000s wait)
.2020-01-21 11:10:32.970919 | eval'd: drake::cmq_buildtargetmetadepsspecht_is_subtargetconfig
2020-01-21 11:10:36.600437 | > DO_CALL (0.001s wait)
.2020-01-21 11:10:36.605686 | eval'd: drake::cmq_buildtargetmetadepsspecht_is_subtargetconfig
2020-01-21 11:10:40.309739 | > DO_CALL (0.001s wait)
.2020-01-21 11:10:40.315504 | eval'd: drake::cmq_buildtargetmetadepsspecht_is_subtargetconfig
2020-01-21 11:10:43.805088 | > DO_CALL (0.001s wait)
.2020-01-21 11:10:43.811971 | eval'd: drake::cmq_buildtargetmetadepsspecht_is_subtargetconfig
2020-01-21 11:10:47.422013 | > DO_CALL (0.001s wait)
.2020-01-21 11:10:47.428270 | eval'd: drake::cmq_buildtargetmetadepsspecht_is_subtargetconfig
2020-01-21 11:10:50.832761 | > DO_CALL (0.001s wait)
.2020-01-21 11:10:50.838680 | eval'd: drake::cmq_buildtargetmetadepsspecht_is_subtargetconfig
2020-01-21 11:10:54.408193 | > DO_CALL (0.000s wait)
.2020-01-21 11:10:54.412953 | eval'd: drake::cmq_buildtargetmetadepsspecht_is_subtargetconfig
2020-01-21 11:10:58.966637 | > DO_CALL (0.001s wait)
.2020-01-21 11:10:58.972214 | eval'd: drake::cmq_buildtargetmetadepsspecht_is_subtargetconfig
2020-01-21 11:11:03.146739 | > DO_CALL (0.001s wait)
.2020-01-21 11:11:03.152537 | eval'd: drake::cmq_buildtargetmetadepsspecht_is_subtargetconfig
2020-01-21 11:11:06.834928 | > DO_CALL (0.000s wait)
.2020-01-21 11:11:06.841072 | eval'd: drake::cmq_buildtargetmetadepsspecht_is_subtargetconfig
2020-01-21 11:11:10.320097 | > DO_CALL (0.000s wait)
.2020-01-21 11:11:10.324826 | eval'd: drake::cmq_buildtargetmetadepsspecht_is_subtargetconfig
2020-01-21 11:11:14.017205 | > DO_CALL (0.000s wait)
.2020-01-21 11:11:14.024132 | eval'd: drake::cmq_buildtargetmetadepsspecht_is_subtargetconfig
2020-01-21 11:11:19.514154 | > DO_CALL (0.000s wait)
.2020-01-21 11:11:19.519102 | eval'd: drake::cmq_buildtargetmetadepsspecht_is_subtargetconfig
2020-01-21 11:11:23.092783 | > DO_CALL (0.001s wait)
.2020-01-21 11:11:23.098823 | eval'd: drake::cmq_buildtargetmetadepsspecht_is_subtargetconfig
2020-01-21 11:11:26.623294 | > DO_CALL (0.001s wait)
.2020-01-21 11:11:26.628361 | eval'd: drake::cmq_buildtargetmetadepsspecht_is_subtargetconfig
2020-01-21 11:11:30.090054 | > DO_CALL (0.001s wait)
.2020-01-21 11:11:30.096405 | eval'd: drake::cmq_buildtargetmetadepsspecht_is_subtargetconfig
2020-01-21 11:11:33.771127 | > DO_CALL (0.000s wait)
.2020-01-21 11:11:33.776303 | eval'd: drake::cmq_buildtargetmetadepsspecht_is_subtargetconfig
2020-01-21 11:11:37.541283 | > DO_CALL (0.001s wait)
.2020-01-21 11:11:37.546302 | eval'd: drake::cmq_buildtargetmetadepsspecht_is_subtargetconfig
2020-01-21 11:11:41.331189 | > DO_CALL (0.000s wait)
.2020-01-21 11:11:41.336077 | eval'd: drake::cmq_buildtargetmetadepsspecht_is_subtargetconfig
2020-01-21 11:11:44.907438 | > DO_CALL (0.001s wait)
.2020-01-21 11:11:44.913082 | eval'd: drake::cmq_buildtargetmetadepsspecht_is_subtargetconfig
2020-01-21 11:11:48.484206 | > DO_CALL (0.000s wait)
.2020-01-21 11:11:48.489185 | eval'd: drake::cmq_buildtargetmetadepsspecht_is_subtargetconfig
2020-01-21 11:11:51.942258 | > DO_CALL (0.001s wait)
.2020-01-21 11:11:51.949084 | eval'd: drake::cmq_buildtargetmetadepsspecht_is_subtargetconfig
2020-01-21 11:11:56.329267 | > DO_CALL (0.001s wait)
.2020-01-21 11:11:56.334892 | eval'd: drake::cmq_buildtargetmetadepsspecht_is_subtargetconfig
2020-01-21 11:11:59.869161 | > DO_CALL (0.000s wait)
.2020-01-21 11:11:59.874081 | eval'd: drake::cmq_buildtargetmetadepsspecht_is_subtargetconfig
2020-01-21 11:12:04.004116 | > DO_CALL (0.000s wait)
.2020-01-21 11:12:04.010758 | eval'd: drake::cmq_buildtargetmetadepsspecht_is_subtargetconfig
2020-01-21 11:12:07.506965 | > DO_CALL (0.000s wait)
.2020-01-21 11:12:07.513275 | eval'd: drake::cmq_buildtargetmetadepsspecht_is_subtargetconfig
2020-01-21 11:12:10.918120 | > DO_CALL (0.000s wait)
.2020-01-21 11:12:10.924674 | eval'd: drake::cmq_buildtargetmetadepsspecht_is_subtargetconfig
2020-01-21 11:12:14.346506 | > DO_CALL (0.001s wait)
.2020-01-21 11:12:14.352679 | eval'd: drake::cmq_buildtargetmetadepsspecht_is_subtargetconfig
2020-01-21 11:12:17.964132 | > DO_CALL (0.000s wait)
.2020-01-21 11:12:17.970616 | eval'd: drake::cmq_buildtargetmetadepsspecht_is_subtargetconfig
2020-01-21 11:12:23.226353 | > DO_CALL (0.001s wait)
.2020-01-21 11:12:23.231512 | eval'd: drake::cmq_buildtargetmetadepsspecht_is_subtargetconfig
2020-01-21 11:12:26.608645 | > DO_CALL (0.001s wait)
.2020-01-21 11:12:26.614459 | eval'd: drake::cmq_buildtargetmetadepsspecht_is_subtargetconfig
2020-01-21 11:12:30.119110 | > DO_CALL (0.000s wait)
.2020-01-21 11:12:30.123957 | eval'd: drake::cmq_buildtargetmetadepsspecht_is_subtargetconfig
2020-01-21 11:12:34.548311 | > DO_CALL (0.001s wait)
.2020-01-21 11:12:34.555284 | eval'd: drake::cmq_buildtargetmetadepsspecht_is_subtargetconfig
2020-01-21 11:12:38.039080 | > DO_CALL (0.000s wait)
.2020-01-21 11:12:38.043793 | eval'd: drake::cmq_buildtargetmetadepsspecht_is_subtargetconfig
2020-01-21 11:12:41.568539 | > DO_CALL (0.001s wait)
.2020-01-21 11:12:41.574061 | eval'd: drake::cmq_buildtargetmetadepsspecht_is_subtargetconfig
2020-01-21 11:12:45.055326 | > DO_CALL (0.001s wait)
.2020-01-21 11:12:45.060963 | eval'd: drake::cmq_buildtargetmetadepsspecht_is_subtargetconfig
2020-01-21 11:12:48.682203 | > DO_CALL (0.000s wait)
.2020-01-21 11:12:48.686830 | eval'd: drake::cmq_buildtargetmetadepsspecht_is_subtargetconfig
2020-01-21 11:12:52.219123 | > DO_CALL (0.000s wait)
.2020-01-21 11:12:52.223551 | eval'd: drake::cmq_buildtargetmetadepsspecht_is_subtargetconfig
2020-01-21 11:12:55.669097 | > DO_CALL (0.000s wait)
.2020-01-21 11:12:55.674216 | eval'd: drake::cmq_buildtargetmetadepsspecht_is_subtargetconfig
2020-01-21 11:12:59.262268 | > DO_CALL (0.001s wait)
.2020-01-21 11:12:59.266915 | eval'd: drake::cmq_buildtargetmetadepsspecht_is_subtargetconfig
2020-01-21 11:13:02.548488 | > DO_CALL (0.001s wait)
.2020-01-21 11:13:02.553721 | eval'd: drake::cmq_buildtargetmetadepsspecht_is_subtargetconfig
2020-01-21 11:13:06.471998 | > DO_CALL (0.001s wait)
.2020-01-21 11:13:06.477946 | eval'd: drake::cmq_buildtargetmetadepsspecht_is_subtargetconfig
2020-01-21 11:13:10.015992 | > DO_CALL (0.001s wait)
.2020-01-21 11:13:10.021987 | eval'd: drake::cmq_buildtargetmetadepsspecht_is_subtargetconfig
2020-01-21 11:13:13.524053 | > DO_CALL (0.000s wait)
.2020-01-21 11:13:13.530611 | eval'd: drake::cmq_buildtargetmetadepsspecht_is_subtargetconfig
2020-01-21 11:13:17.177359 | > DO_CALL (0.001s wait)
.2020-01-21 11:13:17.182214 | eval'd: drake::cmq_buildtargetmetadepsspecht_is_subtargetconfig
2020-01-21 11:13:20.775120 | > DO_CALL (0.000s wait)
.2020-01-21 11:13:20.779585 | eval'd: drake::cmq_buildtargetmetadepsspecht_is_subtargetconfig
2020-01-21 11:13:25.871454 | > DO_CALL (0.001s wait)
.2020-01-21 11:13:25.877043 | eval'd: drake::cmq_buildtargetmetadepsspecht_is_subtargetconfig
2020-01-21 11:13:29.287059 | > DO_CALL (0.000s wait)
.2020-01-21 11:13:29.291409 | eval'd: drake::cmq_buildtargetmetadepsspecht_is_subtargetconfig
2020-01-21 11:13:33.001888 | > DO_CALL (0.001s wait)
.2020-01-21 11:13:33.007636 | eval'd: drake::cmq_buildtargetmetadepsspecht_is_subtargetconfig
2020-01-21 11:13:36.456680 | > DO_CALL (0.001s wait)
.2020-01-21 11:13:36.462053 | eval'd: drake::cmq_buildtargetmetadepsspecht_is_subtargetconfig
2020-01-21 11:13:39.917049 | > DO_CALL (0.000s wait)
.2020-01-21 11:13:39.921524 | eval'd: drake::cmq_buildtargetmetadepsspecht_is_subtargetconfig
2020-01-21 11:13:44.231007 | > DO_CALL (0.000s wait)
.2020-01-21 11:13:44.235999 | eval'd: drake::cmq_buildtargetmetadepsspecht_is_subtargetconfig
2020-01-21 11:13:47.681460 | > DO_CALL (0.001s wait)
.2020-01-21 11:13:47.686402 | eval'd: drake::cmq_buildtargetmetadepsspecht_is_subtargetconfig
2020-01-21 11:13:51.306171 | > DO_CALL (0.000s wait)
.2020-01-21 11:13:51.312085 | eval'd: drake::cmq_buildtargetmetadepsspecht_is_subtargetconfig
2020-01-21 11:13:54.813382 | > DO_CALL (0.001s wait)
.2020-01-21 11:13:54.818909 | eval'd: drake::cmq_buildtargetmetadepsspecht_is_subtargetconfig
2020-01-21 11:13:58.219033 | > DO_CALL (0.001s wait)
.2020-01-21 11:13:58.225089 | eval'd: drake::cmq_buildtargetmetadepsspecht_is_subtargetconfig
2020-01-21 11:14:01.666337 | > DO_CALL (0.001s wait)
.2020-01-21 11:14:01.671054 | eval'd: drake::cmq_buildtargetmetadepsspecht_is_subtargetconfig
2020-01-21 11:14:05.218021 | > DO_CALL (0.001s wait)
.2020-01-21 11:14:05.224705 | eval'd: drake::cmq_buildtargetmetadepsspecht_is_subtargetconfig
2020-01-21 11:14:09.364626 | > DO_CALL (0.001s wait)
.2020-01-21 11:14:09.369899 | eval'd: drake::cmq_buildtargetmetadepsspecht_is_subtargetconfig
2020-01-21 11:14:12.800045 | > DO_CALL (0.000s wait)
.2020-01-21 11:14:12.804496 | eval'd: drake::cmq_buildtargetmetadepsspecht_is_subtargetconfig
2020-01-21 11:14:16.180428 | > DO_CALL (0.001s wait)
.2020-01-21 11:14:16.185548 | eval'd: drake::cmq_buildtargetmetadepsspecht_is_subtargetconfig
2020-01-21 11:14:19.577181 | > DO_CALL (0.000s wait)
.2020-01-21 11:14:19.581821 | eval'd: drake::cmq_buildtargetmetadepsspecht_is_subtargetconfig
2020-01-21 11:14:23.845067 | > DO_CALL (0.000s wait)
.
2020-01-21 11:14:23.850104 | eval'd: drake::cmq_buildtargetmetadepsspecht_is_subtargetconfig
2020-01-21 11:14:29.353374 | > DO_CALL (0.001s wait)
.2020-01-21 11:14:29.358388 | eval'd: drake::cmq_buildtargetmetadepsspecht_is_subtargetconfig
2020-01-21 11:14:32.972436 | > DO_CALL (0.001s wait)
.2020-01-21 11:14:32.977497 | eval'd: drake::cmq_buildtargetmetadepsspecht_is_subtargetconfig
2020-01-21 11:14:36.423041 | > DO_CALL (0.000s wait)
.2020-01-21 11:14:36.427499 | eval'd: drake::cmq_buildtargetmetadepsspecht_is_subtargetconfig
2020-01-21 11:14:39.890136 | > DO_CALL (0.000s wait)
.2020-01-21 11:14:39.909232 | eval'd: drake::cmq_buildtargetmetadepsspecht_is_subtargetconfig
2020-01-21 11:14:43.368094 | > DO_CALL (0.000s wait)
.2020-01-21 11:14:43.373942 | eval'd: drake::cmq_buildtargetmetadepsspecht_is_subtargetconfig
2020-01-21 11:14:46.712083 | > DO_CALL (0.000s wait)
.2020-01-21 11:14:46.716485 | eval'd: drake::cmq_buildtargetmetadepsspecht_is_subtargetconfig
2020-01-21 11:14:50.065953 | > DO_CALL (0.001s wait)
.2020-01-21 11:14:50.071737 | eval'd: drake::cmq_buildtargetmetadepsspecht_is_subtargetconfig
2020-01-21 11:14:53.515992 | > DO_CALL (0.001s wait)
.2020-01-21 11:14:53.522440 | eval'd: drake::cmq_buildtargetmetadepsspecht_is_subtargetconfig
2020-01-21 11:14:56.886042 | > DO_CALL (0.001s wait)
.2020-01-21 11:14:56.891917 | eval'd: drake::cmq_buildtargetmetadepsspecht_is_subtargetconfig
2020-01-21 11:15:00.403962 | > DO_CALL (0.001s wait)
.2020-01-21 11:15:00.410048 | eval'd: drake::cmq_buildtargetmetadepsspecht_is_subtargetconfig
2020-01-21 11:15:03.819321 | > DO_CALL (0.001s wait)
.2020-01-21 11:15:03.824703 | eval'd: drake::cmq_buildtargetmetadepsspecht_is_subtargetconfig
2020-01-21 11:15:07.291569 | > DO_CALL (0.001s wait)
.2020-01-21 11:15:07.296737 | eval'd: drake::cmq_buildtargetmetadepsspecht_is_subtargetconfig
2020-01-21 11:15:10.700737 | > DO_CALL (0.001s wait)
.2020-01-21 11:15:10.706156 | eval'd: drake::cmq_buildtargetmetadepsspecht_is_subtargetconfig
2020-01-21 11:15:14.828115 | > DO_CALL (0.000s wait)
.2020-01-21 11:15:14.833163 | eval'd: drake::cmq_buildtargetmetadepsspecht_is_subtargetconfig
2020-01-21 11:15:18.300851 | > DO_CALL (0.000s wait)
.2020-01-21 11:15:18.305235 | eval'd: drake::cmq_buildtargetmetadepsspecht_is_subtargetconfig
2020-01-21 11:15:22.456263 | > DO_CALL (0.001s wait)
.2020-01-21 11:15:22.460992 | eval'd: drake::cmq_buildtargetmetadepsspecht_is_subtargetconfig
2020-01-21 11:15:25.923453 | > DO_CALL (0.001s wait)
.2020-01-21 11:15:25.928504 | eval'd: drake::cmq_buildtargetmetadepsspecht_is_subtargetconfig
2020-01-21 11:15:31.504102 | > DO_CALL (0.000s wait)
.2020-01-21 11:15:31.508607 | eval'd: drake::cmq_buildtargetmetadepsspecht_is_subtargetconfig
2020-01-21 11:15:34.912189 | > DO_CALL (0.000s wait)
.2020-01-21 11:15:34.918742 | eval'd: drake::cmq_buildtargetmetadepsspecht_is_subtargetconfig
2020-01-21 11:15:38.220004 | > DO_CALL (0.001s wait)
.2020-01-21 11:15:38.226112 | eval'd: drake::cmq_buildtargetmetadepsspecht_is_subtargetconfig
2020-01-21 11:15:41.753067 | > DO_CALL (0.000s wait)
.2020-01-21 11:15:41.757625 | eval'd: drake::cmq_buildtargetmetadepsspecht_is_subtargetconfig
2020-01-21 11:15:45.165060 | > DO_CALL (0.000s wait)
.2020-01-21 11:15:45.171831 | eval'd: drake::cmq_buildtargetmetadepsspecht_is_subtargetconfig
2020-01-21 11:15:48.684166 | > DO_CALL (0.000s wait)
.2020-01-21 11:15:48.688765 | eval'd: drake::cmq_buildtargetmetadepsspecht_is_subtargetconfig
2020-01-21 11:15:52.902688 | > DO_CALL (0.001s wait)
.2020-01-21 11:15:52.908058 | eval'd: drake::cmq_buildtargetmetadepsspecht_is_subtargetconfig
2020-01-21 11:15:56.302180 | > DO_CALL (0.000s wait)
.2020-01-21 11:15:56.306779 | eval'd: drake::cmq_buildtargetmetadepsspecht_is_subtargetconfig
2020-01-21 11:15:59.527686 | > DO_CALL (0.001s wait)
.2020-01-21 11:15:59.533103 | eval'd: drake::cmq_buildtargetmetadepsspecht_is_subtargetconfig
2020-01-21 11:16:02.951507 | > DO_CALL (0.001s wait)
.2020-01-21 11:16:02.956753 | eval'd: drake::cmq_buildtargetmetadepsspecht_is_subtargetconfig
2020-01-21 11:16:06.292784 | > DO_CALL (0.000s wait)
.2020-01-21 11:16:06.297688 | eval'd: drake::cmq_buildtargetmetadepsspecht_is_subtargetconfig
2020-01-21 11:16:09.820560 | > DO_CALL (0.001s wait)
.2020-01-21 11:16:09.825714 | eval'd: drake::cmq_buildtargetmetadepsspecht_is_subtargetconfig
2020-01-21 11:16:13.214167 | > DO_CALL (0.000s wait)
.2020-01-21 11:16:13.218828 | eval'd: drake::cmq_buildtargetmetadepsspecht_is_subtargetconfig
2020-01-21 11:16:16.953342 | > DO_CALL (0.001s wait)
.2020-01-21 11:16:16.959540 | eval'd: drake::cmq_buildtargetmetadepsspecht_is_subtargetconfig
2020-01-21 11:16:20.359605 | > DO_CALL (0.001s wait)
.2020-01-21 11:16:20.364956 | eval'd: drake::cmq_buildtargetmetadepsspecht_is_subtargetconfig
2020-01-21 11:16:23.745410 | > DO_CALL (0.001s wait)
.2020-01-21 11:16:23.750969 | eval'd: drake::cmq_buildtargetmetadepsspecht_is_subtargetconfig
2020-01-21 11:16:27.284799 | > DO_CALL (0.001s wait)
.2020-01-21 11:16:27.290560 | eval'd: drake::cmq_buildtargetmetadepsspecht_is_subtargetconfig
2020-01-21 11:16:31.822984 | > DO_CALL (0.001s wait)
.2020-01-21 11:16:31.828856 | eval'd: drake::cmq_buildtargetmetadepsspecht_is_subtargetconfig
2020-01-21 11:16:35.722259 | > DO_CALL (0.001s wait)
.2020-01-21 11:16:35.727592 | eval'd: drake::cmq_buildtargetmetadepsspecht_is_subtargetconfig
2020-01-21 11:16:39.979889 | > DO_CALL (0.001s wait)
.2020-01-21 11:16:39.985679 | eval'd: drake::cmq_buildtargetmetadepsspecht_is_subtargetconfig
2020-01-21 11:16:43.378492 | > DO_CALL (0.001s wait)
.2020-01-21 11:16:43.384291 | eval'd: drake::cmq_buildtargetmetadepsspecht_is_subtargetconfig
2020-01-21 11:16:46.691124 | > DO_CALL (0.000s wait)
.2020-01-21 11:16:46.695925 | eval'd: drake::cmq_buildtargetmetadepsspecht_is_subtargetconfig
2020-01-21 11:16:50.173964 | > DO_CALL (0.001s wait)
.2020-01-21 11:16:50.179992 | eval'd: drake::cmq_buildtargetmetadepsspecht_is_subtargetconfig
2020-01-21 11:16:53.594492 | > DO_CALL (0.001s wait)
.2020-01-21 11:16:53.600127 | eval'd: drake::cmq_buildtargetmetadepsspecht_is_subtargetconfig
2020-01-21 11:16:57.053740 | > DO_CALL (0.001s wait)
.2020-01-21 11:16:57.059302 | eval'd: drake::cmq_buildtargetmetadepsspecht_is_subtargetconfig
2020-01-21 11:16:59.779888 | > WORKER_WAIT (0.000s wait)
2020-01-21 11:16:59.780375 | waiting 2.50s
2020-01-21 11:19:41.996990 | > WORKER_WAIT (0.000s wait)
2020-01-21 11:19:42.000991 | waiting 2.50s
Error in clustermq:::worker("tcp://c24a-s1:7958") : 
  Timeout reached, terminating
Execution halted
