2020-01-21 10:07:07.327105 | Master: tcp://c24a-s1:6107
2020-01-21 10:07:07.785381 | WORKER_UP to: tcp://c24a-s1:6107
2020-01-21 10:07:11.797233 | > DO_SETUP (3.838s wait)
2020-01-21 10:07:11.797678 | token from msg: set_common_data_token
2020-01-21 10:07:12.595502 | > DO_CALL (0.001s wait)
.* Option 'clustermq.scheduler' not set, defaulting to ‘SLURM’
--- see: https://mschubert.github.io/clustermq/articles/userguide.html#configuration
2020-01-21 10:07:12.745161 | eval'd: drake::cmq_buildtargetmetadepsspecht_is_subtargetconfig
2020-01-21 10:07:13.893424 | > DO_CALL (0.001s wait)
.2020-01-21 10:07:14.087614 | eval'd: drake::cmq_buildtargetmetadepsspecht_is_subtargetconfig
2020-01-21 10:07:15.122485 | > DO_CALL (0.001s wait)
.2020-01-21 10:07:15.127748 | eval'd: drake::cmq_buildtargetmetadepsspecht_is_subtargetconfig
2020-01-21 10:07:16.479875 | > DO_CALL (0.000s wait)
.2020-01-21 10:07:16.485235 | eval'd: drake::cmq_buildtargetmetadepsspecht_is_subtargetconfig
2020-01-21 10:07:17.767907 | > DO_CALL (0.000s wait)
.2020-01-21 10:07:17.773382 | eval'd: drake::cmq_buildtargetmetadepsspecht_is_subtargetconfig
2020-01-21 10:07:18.993781 | > DO_CALL (0.000s wait)
.2020-01-21 10:07:18.999439 | eval'd: drake::cmq_buildtargetmetadepsspecht_is_subtargetconfig
2020-01-21 10:07:20.200766 | > DO_CALL (0.001s wait)
.2020-01-21 10:07:20.206406 | eval'd: drake::cmq_buildtargetmetadepsspecht_is_subtargetconfig
2020-01-21 10:07:23.033389 | > DO_CALL (0.001s wait)
.2020-01-21 10:07:23.038950 | eval'd: drake::cmq_buildtargetmetadepsspecht_is_subtargetconfig
2020-01-21 10:07:24.131553 | > DO_CALL (0.001s wait)
.2020-01-21 10:07:24.137188 | eval'd: drake::cmq_buildtargetmetadepsspecht_is_subtargetconfig
2020-01-21 10:07:25.255030 | > DO_CALL (0.001s wait)
.2020-01-21 10:07:25.260669 | eval'd: drake::cmq_buildtargetmetadepsspecht_is_subtargetconfig
2020-01-21 10:07:26.369311 | > DO_CALL (0.001s wait)
.2020-01-21 10:07:26.374983 | eval'd: drake::cmq_buildtargetmetadepsspecht_is_subtargetconfig
2020-01-21 10:07:27.433033 | > DO_CALL (0.001s wait)
.2020-01-21 10:07:27.438709 | eval'd: drake::cmq_buildtargetmetadepsspecht_is_subtargetconfig
2020-01-21 10:07:28.467294 | > DO_CALL (0.001s wait)
.2020-01-21 10:07:28.472857 | eval'd: drake::cmq_buildtargetmetadepsspecht_is_subtargetconfig
2020-01-21 10:07:29.495234 | > DO_CALL (0.001s wait)
.2020-01-21 10:07:29.500842 | eval'd: drake::cmq_buildtargetmetadepsspecht_is_subtargetconfig
2020-01-21 10:07:30.575617 | > DO_CALL (0.001s wait)
.2020-01-21 10:07:30.581273 | eval'd: drake::cmq_buildtargetmetadepsspecht_is_subtargetconfig
2020-01-21 10:07:31.913683 | > DO_CALL (0.001s wait)
.2020-01-21 10:07:31.919524 | eval'd: drake::cmq_buildtargetmetadepsspecht_is_subtargetconfig
2020-01-21 10:07:32.991606 | > DO_CALL (0.001s wait)
.2020-01-21 10:07:32.998267 | eval'd: drake::cmq_buildtargetmetadepsspecht_is_subtargetconfig
2020-01-21 10:07:34.179001 | > DO_CALL (0.001s wait)
.2020-01-21 10:07:34.185780 | eval'd: drake::cmq_buildtargetmetadepsspecht_is_subtargetconfig
2020-01-21 10:07:34.960340 | > WORKER_WAIT (0.000s wait)
2020-01-21 10:07:34.960743 | waiting 1.00s
2020-01-21 10:07:38.346007 | > WORKER_WAIT (0.001s wait)
2020-01-21 10:07:38.346443 | waiting 1.00s
2020-01-21 10:08:03.122618 | > WORKER_STOP (0.000s wait)
2020-01-21 10:08:03.123600 | shutting down worker
2020-01-21 10:08:03.302294 | 
Total: 18 in 2.10s [user], 0.24s [system], 55.34s [elapsed]
