2020-08-01 14:27:06.248374 | Master: tcp://c22a-s1.ufhpc:8674
2020-08-01 14:27:06.268739 | WORKER_UP to: tcp://c22a-s1.ufhpc:8674
2020-08-01 14:27:08.698602 | > DO_SETUP (2.022s wait)
2020-08-01 14:27:08.699121 | token from msg: set_common_data_token
2020-08-01 14:28:17.954649 | > DO_CALL (22.938s wait)
* Option 'clustermq.scheduler' not set, defaulting to ‘SLURM’
--- see: https://mschubert.github.io/clustermq/articles/userguide.html#configuration
2020-08-01 14:40:36.156929 | eval'd: drake::cmq_buildtargetmetadepsspecconfig_tmpconfig
2020-08-01 14:40:48.399404 | > DO_CALL (5.807s wait)
2020-08-01 14:42:05.732717 | eval'd: drake::cmq_buildtargetmetadepsspecconfig_tmpconfig
2020-08-01 14:42:16.410305 | > DO_CALL (5.144s wait)
2020-08-01 14:42:43.858646 | eval'd: drake::cmq_buildtargetmetadepsspecconfig_tmpconfig
2020-08-01 14:42:57.046480 | > DO_CALL (5.130s wait)
2020-08-01 14:43:01.486620 | eval'd: drake::cmq_buildtargetmetadepsspecconfig_tmpconfig
2020-08-01 14:43:12.332509 | > DO_CALL (5.045s wait)
2020-08-01 14:43:34.197545 | eval'd: drake::cmq_buildtargetmetadepsspecconfig_tmpconfig
2020-08-01 14:43:45.824778 | > DO_CALL (5.230s wait)
2020-08-01 14:44:13.417492 | eval'd: drake::cmq_buildtargetmetadepsspecconfig_tmpconfig
2020-08-01 14:44:23.847281 | > DO_CALL (5.044s wait)
2020-08-01 14:44:46.851753 | eval'd: drake::cmq_buildtargetmetadepsspecconfig_tmpconfig
2020-08-01 14:44:57.336888 | > DO_CALL (5.037s wait)
2020-08-01 14:45:07.515387 | eval'd: drake::cmq_buildtargetmetadepsspecconfig_tmpconfig
2020-08-01 14:45:16.066266 | > DO_CALL (5.360s wait)
2020-08-01 14:49:24.669879 | eval'd: drake::cmq_buildtargetmetadepsspecconfig_tmpconfig
2020-08-01 14:49:34.615017 | > DO_CALL (5.079s wait)
2020-08-01 15:01:44.602508 | eval'd: drake::cmq_buildtargetmetadepsspecconfig_tmpconfig
2020-08-01 15:02:00.342080 | > DO_CALL (5.877s wait)
2020-08-01 15:02:19.757747 | eval'd: drake::cmq_buildtargetmetadepsspecconfig_tmpconfig
2020-08-01 15:02:29.427128 | > DO_CALL (4.961s wait)
2020-08-01 15:02:44.799616 | eval'd: drake::cmq_buildtargetmetadepsspecconfig_tmpconfig
2020-08-01 15:03:01.087992 | > DO_CALL (5.122s wait)
2020-08-01 15:05:51.159110 | eval'd: drake::cmq_buildtargetmetadepsspecconfig_tmpconfig
2020-08-01 15:06:05.408247 | > DO_CALL (4.946s wait)
2020-08-01 15:06:17.868079 | eval'd: drake::cmq_buildtargetmetadepsspecconfig_tmpconfig
2020-08-01 15:06:26.720498 | > DO_CALL (5.032s wait)
2020-08-01 15:06:32.904084 | eval'd: drake::cmq_buildtargetmetadepsspecconfig_tmpconfig
2020-08-01 15:06:54.809291 | > DO_CALL (5.064s wait)
2020-08-01 15:07:10.697565 | eval'd: drake::cmq_buildtargetmetadepsspecconfig_tmpconfig
2020-08-01 15:07:22.500239 | > DO_CALL (5.058s wait)
2020-08-01 15:07:36.638504 | eval'd: drake::cmq_buildtargetmetadepsspecconfig_tmpconfig
2020-08-01 15:07:54.889784 | > DO_CALL (4.846s wait)
2020-08-01 15:08:27.837327 | eval'd: drake::cmq_buildtargetmetadepsspecconfig_tmpconfig
2020-08-01 15:08:54.838902 | > DO_CALL (5.090s wait)
2020-08-01 15:09:18.301527 | eval'd: drake::cmq_buildtargetmetadepsspecconfig_tmpconfig
2020-08-01 15:09:34.045439 | > DO_CALL (5.088s wait)
2020-08-01 15:09:45.250024 | eval'd: drake::cmq_buildtargetmetadepsspecconfig_tmpconfig
2020-08-01 15:10:13.790039 | > DO_CALL (4.768s wait)
2020-08-01 15:10:22.545962 | eval'd: drake::cmq_buildtargetmetadepsspecconfig_tmpconfig
2020-08-01 15:10:43.126027 | > DO_CALL (5.113s wait)
2020-08-01 15:10:57.520909 | eval'd: drake::cmq_buildtargetmetadepsspecconfig_tmpconfig
2020-08-01 15:11:11.485951 | > DO_CALL (4.819s wait)
2020-08-01 15:11:27.551350 | eval'd: drake::cmq_buildtargetmetadepsspecconfig_tmpconfig
2020-08-01 15:11:54.501807 | > DO_CALL (5.024s wait)
2020-08-01 15:12:01.917941 | eval'd: drake::cmq_buildtargetmetadepsspecconfig_tmpconfig
2020-08-01 15:12:28.542989 | > DO_CALL (5.009s wait)
2020-08-01 15:15:36.971194 | eval'd: drake::cmq_buildtargetmetadepsspecconfig_tmpconfig
2020-08-01 15:15:45.258180 | > DO_CALL (5.018s wait)
2020-08-01 15:15:49.542055 | eval'd: drake::cmq_buildtargetmetadepsspecconfig_tmpconfig
2020-08-01 15:16:00.773455 | > DO_CALL (5.044s wait)
2020-08-01 15:16:19.841597 | eval'd: drake::cmq_buildtargetmetadepsspecconfig_tmpconfig
2020-08-01 15:16:36.902508 | > DO_CALL (5.092s wait)
2020-08-01 15:17:06.245979 | eval'd: drake::cmq_buildtargetmetadepsspecconfig_tmpconfig
2020-08-01 15:17:17.262193 | > DO_CALL (5.027s wait)
2020-08-01 15:17:44.763393 | eval'd: drake::cmq_buildtargetmetadepsspecconfig_tmpconfig
2020-08-01 15:17:56.460480 | > DO_CALL (5.119s wait)
2020-08-01 15:18:15.747619 | eval'd: drake::cmq_buildtargetmetadepsspecconfig_tmpconfig
2020-08-01 15:18:28.849071 | > DO_CALL (4.917s wait)
2020-08-01 15:18:44.715419 | eval'd: drake::cmq_buildtargetmetadepsspecconfig_tmpconfig
2020-08-01 15:18:56.439460 | > DO_CALL (4.928s wait)
2020-08-01 15:25:30.451606 | eval'd: drake::cmq_buildtargetmetadepsspecconfig_tmpconfig
2020-08-01 15:25:43.432445 | > DO_CALL (5.547s wait)
2020-08-01 15:26:04.610132 | eval'd: drake::cmq_buildtargetmetadepsspecconfig_tmpconfig
2020-08-01 15:26:17.889090 | > DO_CALL (5.023s wait)
2020-08-01 15:28:06.891597 | eval'd: drake::cmq_buildtargetmetadepsspecconfig_tmpconfig
2020-08-01 15:28:16.631849 | > DO_CALL (4.929s wait)
2020-08-01 15:28:38.511451 | eval'd: drake::cmq_buildtargetmetadepsspecconfig_tmpconfig
2020-08-01 15:28:46.699733 | > DO_CALL (4.985s wait)
2020-08-01 15:29:26.590280 | eval'd: drake::cmq_buildtargetmetadepsspecconfig_tmpconfig
2020-08-01 15:29:36.608570 | > DO_CALL (4.931s wait)
2020-08-01 15:30:12.981393 | eval'd: drake::cmq_buildtargetmetadepsspecconfig_tmpconfig
2020-08-01 15:30:21.939607 | > DO_CALL (4.995s wait)
2020-08-01 15:30:43.613779 | eval'd: drake::cmq_buildtargetmetadepsspecconfig_tmpconfig
2020-08-01 15:30:53.092933 | > DO_CALL (4.930s wait)
2020-08-01 15:32:38.113035 | eval'd: drake::cmq_buildtargetmetadepsspecconfig_tmpconfig
2020-08-01 15:32:48.714019 | > DO_CALL (4.930s wait)
2020-08-01 15:33:14.858168 | eval'd: drake::cmq_buildtargetmetadepsspecconfig_tmpconfig
2020-08-01 15:33:26.679677 | > DO_CALL (5.030s wait)
2020-08-01 15:33:40.190037 | eval'd: drake::cmq_buildtargetmetadepsspecconfig_tmpconfig
2020-08-01 15:33:52.107130 | > DO_CALL (5.057s wait)
2020-08-01 15:34:53.707313 | eval'd: drake::cmq_buildtargetmetadepsspecconfig_tmpconfig
2020-08-01 15:35:04.777320 | > DO_CALL (4.999s wait)
2020-08-01 15:38:43.607190 | eval'd: drake::cmq_buildtargetmetadepsspecconfig_tmpconfig
2020-08-01 15:38:59.450456 | > DO_CALL (5.127s wait)
2020-08-01 15:39:07.019284 | eval'd: drake::cmq_buildtargetmetadepsspecconfig_tmpconfig
2020-08-01 15:39:20.309366 | > DO_CALL (4.893s wait)
2020-08-01 15:39:41.241779 | eval'd: drake::cmq_buildtargetmetadepsspecconfig_tmpconfig
2020-08-01 15:39:56.086239 | > DO_CALL (5.134s wait)
2020-08-01 15:40:12.134039 | eval'd: drake::cmq_buildtargetmetadepsspecconfig_tmpconfig
2020-08-01 15:40:31.561282 | > DO_CALL (5.082s wait)
2020-08-01 15:40:40.137372 | eval'd: drake::cmq_buildtargetmetadepsspecconfig_tmpconfig
2020-08-01 15:41:08.232841 | > DO_CALL (5.053s wait)
2020-08-01 15:41:17.304533 | eval'd: drake::cmq_buildtargetmetadepsspecconfig_tmpconfig
2020-08-01 15:41:28.032880 | > DO_CALL (4.988s wait)
2020-08-01 15:41:57.060899 | eval'd: drake::cmq_buildtargetmetadepsspecconfig_tmpconfig
2020-08-01 15:42:06.212221 | > DO_CALL (5.054s wait)
2020-08-01 15:42:19.038869 | eval'd: drake::cmq_buildtargetmetadepsspecconfig_tmpconfig
2020-08-01 15:42:28.743604 | > DO_CALL (5.022s wait)
2020-08-01 15:42:50.180886 | eval'd: drake::cmq_buildtargetmetadepsspecconfig_tmpconfig
2020-08-01 15:43:02.707247 | > DO_CALL (5.031s wait)
2020-08-01 15:43:07.083613 | eval'd: drake::cmq_buildtargetmetadepsspecconfig_tmpconfig
2020-08-01 15:43:20.351245 | > DO_CALL (5.075s wait)
2020-08-01 15:43:43.018691 | eval'd: drake::cmq_buildtargetmetadepsspecconfig_tmpconfig
2020-08-01 15:44:27.581596 | > DO_CALL (4.991s wait)
2020-08-01 15:44:34.405467 | eval'd: drake::cmq_buildtargetmetadepsspecconfig_tmpconfig
2020-08-01 15:44:54.152988 | > DO_CALL (4.979s wait)
2020-08-01 15:45:02.083729 | eval'd: drake::cmq_buildtargetmetadepsspecconfig_tmpconfig
2020-08-01 15:45:12.399251 | > DO_CALL (5.119s wait)
2020-08-01 15:45:32.604111 | eval'd: drake::cmq_buildtargetmetadepsspecconfig_tmpconfig
2020-08-01 15:45:45.707395 | > DO_CALL (5.028s wait)
2020-08-01 15:45:57.135032 | eval'd: drake::cmq_buildtargetmetadepsspecconfig_tmpconfig
2020-08-01 15:46:11.511450 | > DO_CALL (4.999s wait)
2020-08-01 15:46:30.684468 | eval'd: drake::cmq_buildtargetmetadepsspecconfig_tmpconfig
2020-08-01 15:46:48.032534 | > DO_CALL (5.047s wait)
2020-08-01 15:48:08.575081 | eval'd: drake::cmq_buildtargetmetadepsspecconfig_tmpconfig
2020-08-01 15:48:08.872133 | > DO_CALL (0.045s wait)
2020-08-01 15:48:16.291551 | eval'd: drake::cmq_buildtargetmetadepsspecconfig_tmpconfig
2020-08-01 15:48:17.123723 | > DO_CALL (0.053s wait)
2020-08-01 15:48:26.521611 | eval'd: drake::cmq_buildtargetmetadepsspecconfig_tmpconfig
2020-08-01 15:48:26.665572 | > DO_CALL (0.029s wait)
2020-08-01 15:48:33.920156 | eval'd: drake::cmq_buildtargetmetadepsspecconfig_tmpconfig
2020-08-01 15:48:34.165935 | > DO_CALL (0.058s wait)
2020-08-01 15:48:41.405356 | eval'd: drake::cmq_buildtargetmetadepsspecconfig_tmpconfig
2020-08-01 15:48:41.697874 | > DO_CALL (0.077s wait)
2020-08-01 15:48:49.156386 | eval'd: drake::cmq_buildtargetmetadepsspecconfig_tmpconfig
2020-08-01 15:48:49.268761 | > DO_CALL (0.001s wait)
2020-08-01 15:48:56.016925 | eval'd: drake::cmq_buildtargetmetadepsspecconfig_tmpconfig
2020-08-01 15:48:56.845357 | > DO_CALL (0.202s wait)
2020-08-01 15:49:04.243662 | eval'd: drake::cmq_buildtargetmetadepsspecconfig_tmpconfig
2020-08-01 15:49:04.297405 | > DO_CALL (0.000s wait)
2020-08-01 15:49:10.876147 | eval'd: drake::cmq_buildtargetmetadepsspecconfig_tmpconfig
2020-08-01 15:49:11.035636 | > DO_CALL (0.036s wait)
2020-08-01 15:49:18.190431 | eval'd: drake::cmq_buildtargetmetadepsspecconfig_tmpconfig
2020-08-01 15:49:18.335998 | > DO_CALL (0.012s wait)
2020-08-01 15:49:25.833340 | eval'd: drake::cmq_buildtargetmetadepsspecconfig_tmpconfig
2020-08-01 15:49:25.953446 | > DO_CALL (0.021s wait)
2020-08-01 15:49:33.512642 | eval'd: drake::cmq_buildtargetmetadepsspecconfig_tmpconfig
2020-08-01 15:49:33.704794 | > DO_CALL (0.047s wait)
2020-08-01 15:49:41.408535 | eval'd: drake::cmq_buildtargetmetadepsspecconfig_tmpconfig
2020-08-01 15:49:42.117854 | > DO_CALL (0.065s wait)
2020-08-01 15:49:49.710373 | eval'd: drake::cmq_buildtargetmetadepsspecconfig_tmpconfig
2020-08-01 15:49:49.914876 | > DO_CALL (0.025s wait)
2020-08-01 15:49:57.618183 | eval'd: drake::cmq_buildtargetmetadepsspecconfig_tmpconfig
2020-08-01 15:49:57.753755 | > DO_CALL (0.019s wait)
2020-08-01 15:50:05.558168 | eval'd: drake::cmq_buildtargetmetadepsspecconfig_tmpconfig
2020-08-01 15:50:06.013789 | > DO_CALL (0.023s wait)
2020-08-01 15:50:13.652796 | eval'd: drake::cmq_buildtargetmetadepsspecconfig_tmpconfig
2020-08-01 15:50:13.769389 | > DO_CALL (0.008s wait)
2020-08-01 15:50:21.126887 | eval'd: drake::cmq_buildtargetmetadepsspecconfig_tmpconfig
2020-08-01 15:50:21.686064 | > DO_CALL (0.097s wait)
2020-08-01 15:50:29.455629 | eval'd: drake::cmq_buildtargetmetadepsspecconfig_tmpconfig
2020-08-01 15:50:29.595517 | > DO_CALL (0.029s wait)
2020-08-01 15:50:37.328433 | eval'd: drake::cmq_buildtargetmetadepsspecconfig_tmpconfig
2020-08-01 15:50:37.496306 | > DO_CALL (0.033s wait)
2020-08-01 15:50:45.391197 | eval'd: drake::cmq_buildtargetmetadepsspecconfig_tmpconfig
2020-08-01 15:50:45.450907 | > DO_CALL (0.001s wait)
2020-08-01 15:50:52.728155 | eval'd: drake::cmq_buildtargetmetadepsspecconfig_tmpconfig
2020-08-01 15:50:52.843096 | > DO_CALL (0.024s wait)
2020-08-01 15:51:00.480727 | eval'd: drake::cmq_buildtargetmetadepsspecconfig_tmpconfig
2020-08-01 15:51:00.931099 | > DO_CALL (0.128s wait)
2020-08-01 15:51:08.863571 | eval'd: drake::cmq_buildtargetmetadepsspecconfig_tmpconfig
2020-08-01 15:51:09.202406 | > DO_CALL (0.086s wait)
2020-08-01 15:51:16.893559 | eval'd: drake::cmq_buildtargetmetadepsspecconfig_tmpconfig
2020-08-01 15:51:17.409715 | > DO_CALL (0.094s wait)
2020-08-01 15:51:25.159376 | eval'd: drake::cmq_buildtargetmetadepsspecconfig_tmpconfig
2020-08-01 15:51:25.215027 | > DO_CALL (0.001s wait)
2020-08-01 15:51:32.359307 | eval'd: drake::cmq_buildtargetmetadepsspecconfig_tmpconfig
2020-08-01 15:51:32.464669 | > DO_CALL (0.019s wait)
2020-08-01 15:51:40.097908 | eval'd: drake::cmq_buildtargetmetadepsspecconfig_tmpconfig
2020-08-01 15:51:40.154218 | > DO_CALL (0.000s wait)
2020-08-01 15:51:47.416589 | eval'd: drake::cmq_buildtargetmetadepsspecconfig_tmpconfig
2020-08-01 15:51:47.935411 | > DO_CALL (0.024s wait)
2020-08-01 15:51:55.809990 | eval'd: drake::cmq_buildtargetmetadepsspecconfig_tmpconfig
2020-08-01 15:51:55.952543 | > DO_CALL (0.029s wait)
2020-08-01 15:52:03.746224 | eval'd: drake::cmq_buildtargetmetadepsspecconfig_tmpconfig
2020-08-01 15:52:03.926122 | > DO_CALL (0.019s wait)
2020-08-01 15:52:11.736026 | eval'd: drake::cmq_buildtargetmetadepsspecconfig_tmpconfig
2020-08-01 15:52:12.012306 | > DO_CALL (0.070s wait)
2020-08-01 15:52:19.646218 | eval'd: drake::cmq_buildtargetmetadepsspecconfig_tmpconfig
2020-08-01 15:52:19.882068 | > DO_CALL (0.029s wait)
2020-08-01 15:52:27.499737 | eval'd: drake::cmq_buildtargetmetadepsspecconfig_tmpconfig
2020-08-01 15:52:27.715903 | > DO_CALL (0.026s wait)
2020-08-01 15:52:35.394908 | eval'd: drake::cmq_buildtargetmetadepsspecconfig_tmpconfig
2020-08-01 15:52:35.485857 | > DO_CALL (0.013s wait)
2020-08-01 15:52:43.228365 | eval'd: drake::cmq_buildtargetmetadepsspecconfig_tmpconfig
2020-08-01 15:52:44.074691 | > DO_CALL (0.000s wait)
2020-08-01 15:52:51.264794 | eval'd: drake::cmq_buildtargetmetadepsspecconfig_tmpconfig
2020-08-01 15:52:51.311030 | > DO_CALL (0.001s wait)
2020-08-01 15:52:58.476625 | eval'd: drake::cmq_buildtargetmetadepsspecconfig_tmpconfig
2020-08-01 15:52:58.813032 | > DO_CALL (0.091s wait)
2020-08-01 15:53:06.644705 | eval'd: drake::cmq_buildtargetmetadepsspecconfig_tmpconfig
2020-08-01 15:53:06.785335 | > DO_CALL (0.025s wait)
2020-08-01 15:53:14.425235 | eval'd: drake::cmq_buildtargetmetadepsspecconfig_tmpconfig
2020-08-01 15:53:14.480321 | > DO_CALL (0.000s wait)
2020-08-01 15:53:21.317615 | eval'd: drake::cmq_buildtargetmetadepsspecconfig_tmpconfig
2020-08-01 15:53:21.466809 | > DO_CALL (0.027s wait)
2020-08-01 15:53:29.117612 | eval'd: drake::cmq_buildtargetmetadepsspecconfig_tmpconfig
2020-08-01 15:53:29.266937 | > DO_CALL (0.031s wait)
2020-08-01 15:53:36.958508 | eval'd: drake::cmq_buildtargetmetadepsspecconfig_tmpconfig
2020-08-01 15:53:37.215216 | > DO_CALL (0.016s wait)
2020-08-01 15:53:44.910830 | eval'd: drake::cmq_buildtargetmetadepsspecconfig_tmpconfig
2020-08-01 15:53:44.958976 | > DO_CALL (0.001s wait)
2020-08-01 15:53:52.037725 | eval'd: drake::cmq_buildtargetmetadepsspecconfig_tmpconfig
2020-08-01 15:53:52.076361 | > DO_CALL (0.000s wait)
2020-08-01 15:53:59.189960 | eval'd: drake::cmq_buildtargetmetadepsspecconfig_tmpconfig
2020-08-01 15:53:59.315149 | > DO_CALL (0.026s wait)
2020-08-01 15:54:06.892631 | eval'd: drake::cmq_buildtargetmetadepsspecconfig_tmpconfig
2020-08-01 15:54:07.012772 | > DO_CALL (0.021s wait)
2020-08-01 15:54:14.558878 | eval'd: drake::cmq_buildtargetmetadepsspecconfig_tmpconfig
2020-08-01 15:54:15.236323 | > DO_CALL (0.023s wait)
2020-08-01 15:54:22.889666 | eval'd: drake::cmq_buildtargetmetadepsspecconfig_tmpconfig
2020-08-01 15:54:23.073082 | > DO_CALL (0.017s wait)
2020-08-01 15:54:30.402034 | eval'd: drake::cmq_buildtargetmetadepsspecconfig_tmpconfig
2020-08-01 15:54:30.448913 | > DO_CALL (0.001s wait)
2020-08-01 15:54:37.564475 | eval'd: drake::cmq_buildtargetmetadepsspecconfig_tmpconfig
2020-08-01 15:54:37.601678 | > DO_CALL (0.000s wait)
2020-08-01 15:54:44.645102 | eval'd: drake::cmq_buildtargetmetadepsspecconfig_tmpconfig
2020-08-01 15:54:45.132369 | > DO_CALL (0.030s wait)
2020-08-01 15:54:52.937863 | eval'd: drake::cmq_buildtargetmetadepsspecconfig_tmpconfig
2020-08-01 15:54:53.541978 | > DO_CALL (0.003s wait)
Joining, by = c("dat", "site", "s0", "n0")
2020-08-01 15:54:58.323661 | eval'd: drake::cmq_buildtargetmetadepsspecconfig_tmpconfig
2020-08-01 15:54:58.369228 | > DO_CALL (0.002s wait)
Joining, by = c("dat", "site", "s0", "n0")
2020-08-01 15:55:05.622875 | eval'd: drake::cmq_buildtargetmetadepsspecconfig_tmpconfig
2020-08-01 15:55:05.668146 | > DO_CALL (0.002s wait)
Joining, by = c("dat", "site", "s0", "n0")
2020-08-01 15:55:10.514801 | eval'd: drake::cmq_buildtargetmetadepsspecconfig_tmpconfig
2020-08-01 15:55:10.560614 | > DO_CALL (0.002s wait)
Joining, by = c("dat", "site", "s0", "n0")
2020-08-01 15:55:15.330498 | eval'd: drake::cmq_buildtargetmetadepsspecconfig_tmpconfig
2020-08-01 15:55:15.386172 | > DO_CALL (0.002s wait)
Joining, by = c("dat", "site", "s0", "n0")
2020-08-01 15:55:20.221885 | eval'd: drake::cmq_buildtargetmetadepsspecconfig_tmpconfig
2020-08-01 15:55:20.267403 | > DO_CALL (0.002s wait)
Joining, by = c("dat", "site", "s0", "n0")
2020-08-01 15:55:25.085579 | eval'd: drake::cmq_buildtargetmetadepsspecconfig_tmpconfig
2020-08-01 15:55:25.129148 | > DO_CALL (0.002s wait)
Joining, by = c("dat", "site", "s0", "n0")
2020-08-01 15:55:29.906041 | eval'd: drake::cmq_buildtargetmetadepsspecconfig_tmpconfig
2020-08-01 15:55:29.949823 | > DO_CALL (0.003s wait)
Joining, by = c("dat", "site", "s0", "n0")
2020-08-01 15:55:34.865964 | eval'd: drake::cmq_buildtargetmetadepsspecconfig_tmpconfig
2020-08-01 15:55:34.909348 | > DO_CALL (0.002s wait)
Joining, by = c("dat", "site", "s0", "n0")
2020-08-01 15:55:39.810451 | eval'd: drake::cmq_buildtargetmetadepsspecconfig_tmpconfig
2020-08-01 15:55:39.868374 | > DO_CALL (0.002s wait)
Joining, by = c("dat", "site", "s0", "n0")
2020-08-01 15:55:44.685544 | eval'd: drake::cmq_buildtargetmetadepsspecconfig_tmpconfig
2020-08-01 15:55:45.272658 | > DO_CALL (0.000s wait)
Joining, by = c("dat", "site", "s0", "n0")
2020-08-01 15:55:50.073838 | eval'd: drake::cmq_buildtargetmetadepsspecconfig_tmpconfig
2020-08-01 15:55:50.121356 | > DO_CALL (0.002s wait)
Joining, by = c("dat", "site", "s0", "n0")
2020-08-01 15:55:54.991850 | eval'd: drake::cmq_buildtargetmetadepsspecconfig_tmpconfig
2020-08-01 15:55:55.066878 | > DO_CALL (0.003s wait)
Joining, by = c("dat", "site", "s0", "n0")
2020-08-01 15:55:59.889852 | eval'd: drake::cmq_buildtargetmetadepsspecconfig_tmpconfig
2020-08-01 15:56:00.504551 | > DO_CALL (0.002s wait)
Joining, by = c("dat", "site", "s0", "n0")
2020-08-01 15:56:05.342774 | eval'd: drake::cmq_buildtargetmetadepsspecconfig_tmpconfig
2020-08-01 15:56:05.391224 | > DO_CALL (0.002s wait)
Joining, by = c("dat", "site", "s0", "n0")
2020-08-01 15:56:10.264945 | eval'd: drake::cmq_buildtargetmetadepsspecconfig_tmpconfig
2020-08-01 15:56:10.324517 | > DO_CALL (0.002s wait)
Joining, by = c("dat", "site", "s0", "n0")
2020-08-01 15:56:15.186294 | eval'd: drake::cmq_buildtargetmetadepsspecconfig_tmpconfig
2020-08-01 15:56:15.243043 | > DO_CALL (0.003s wait)
Joining, by = c("dat", "site", "s0", "n0")
2020-08-01 15:56:20.088281 | eval'd: drake::cmq_buildtargetmetadepsspecconfig_tmpconfig
2020-08-01 15:56:20.137845 | > DO_CALL (0.001s wait)
Joining, by = c("dat", "site", "s0", "n0")
2020-08-01 15:56:24.898812 | eval'd: drake::cmq_buildtargetmetadepsspecconfig_tmpconfig
2020-08-01 15:56:24.943231 | > DO_CALL (0.002s wait)
Joining, by = c("dat", "site", "s0", "n0")
2020-08-01 15:56:29.748149 | eval'd: drake::cmq_buildtargetmetadepsspecconfig_tmpconfig
2020-08-01 15:56:29.794410 | > DO_CALL (0.002s wait)
Joining, by = c("dat", "site", "s0", "n0")
2020-08-01 15:56:34.760035 | eval'd: drake::cmq_buildtargetmetadepsspecconfig_tmpconfig
2020-08-01 15:56:34.804014 | > DO_CALL (0.003s wait)
Joining, by = c("dat", "site", "s0", "n0")
2020-08-01 15:56:39.768043 | eval'd: drake::cmq_buildtargetmetadepsspecconfig_tmpconfig
2020-08-01 15:56:39.813637 | > DO_CALL (0.001s wait)
Joining, by = c("dat", "site", "s0", "n0")
2020-08-01 15:56:44.700906 | eval'd: drake::cmq_buildtargetmetadepsspecconfig_tmpconfig
2020-08-01 15:56:44.740236 | > DO_CALL (0.000s wait)
Joining, by = c("dat", "site", "s0", "n0")
2020-08-01 15:56:49.614508 | eval'd: drake::cmq_buildtargetmetadepsspecconfig_tmpconfig
2020-08-01 15:56:49.660182 | > DO_CALL (0.003s wait)
Joining, by = c("dat", "site", "s0", "n0")
2020-08-01 15:56:54.923306 | eval'd: drake::cmq_buildtargetmetadepsspecconfig_tmpconfig
2020-08-01 15:56:54.980582 | > DO_CALL (0.002s wait)
Joining, by = c("dat", "site", "s0", "n0")
2020-08-01 15:57:00.116729 | eval'd: drake::cmq_buildtargetmetadepsspecconfig_tmpconfig
2020-08-01 15:57:00.162620 | > DO_CALL (0.002s wait)
Joining, by = c("dat", "site", "s0", "n0")
2020-08-01 15:57:05.092377 | eval'd: drake::cmq_buildtargetmetadepsspecconfig_tmpconfig
2020-08-01 15:57:05.136598 | > DO_CALL (0.000s wait)
Joining, by = c("dat", "site", "s0", "n0")
2020-08-01 15:57:10.307793 | eval'd: drake::cmq_buildtargetmetadepsspecconfig_tmpconfig
2020-08-01 15:57:10.368347 | > DO_CALL (0.002s wait)
Joining, by = c("dat", "site", "s0", "n0")
2020-08-01 15:57:15.409934 | eval'd: drake::cmq_buildtargetmetadepsspecconfig_tmpconfig
2020-08-01 15:57:15.447313 | > DO_CALL (0.000s wait)
Joining, by = c("dat", "site", "s0", "n0")
2020-08-01 15:57:20.329602 | eval'd: drake::cmq_buildtargetmetadepsspecconfig_tmpconfig
2020-08-01 15:57:20.387003 | > DO_CALL (0.001s wait)
Joining, by = c("dat", "site", "s0", "n0")
2020-08-01 15:57:25.354053 | eval'd: drake::cmq_buildtargetmetadepsspecconfig_tmpconfig
2020-08-01 15:57:25.402114 | > DO_CALL (0.002s wait)
Joining, by = c("dat", "site", "s0", "n0")
2020-08-01 15:57:30.363382 | eval'd: drake::cmq_buildtargetmetadepsspecconfig_tmpconfig
2020-08-01 15:57:30.409113 | > DO_CALL (0.003s wait)
Joining, by = c("dat", "site", "s0", "n0")
2020-08-01 15:57:35.407987 | eval'd: drake::cmq_buildtargetmetadepsspecconfig_tmpconfig
2020-08-01 15:57:35.453084 | > DO_CALL (0.002s wait)
Joining, by = c("dat", "site", "s0", "n0")
2020-08-01 15:57:40.494415 | eval'd: drake::cmq_buildtargetmetadepsspecconfig_tmpconfig
2020-08-01 15:57:40.540133 | > DO_CALL (0.002s wait)
Joining, by = c("dat", "site", "s0", "n0")
2020-08-01 15:57:45.532761 | eval'd: drake::cmq_buildtargetmetadepsspecconfig_tmpconfig
2020-08-01 15:57:45.579214 | > DO_CALL (0.002s wait)
Joining, by = c("dat", "site", "s0", "n0")
2020-08-01 15:57:50.508398 | eval'd: drake::cmq_buildtargetmetadepsspecconfig_tmpconfig
2020-08-01 15:57:50.546582 | > DO_CALL (0.000s wait)
Joining, by = c("dat", "site", "s0", "n0")
2020-08-01 15:57:55.455243 | eval'd: drake::cmq_buildtargetmetadepsspecconfig_tmpconfig
2020-08-01 15:57:55.514674 | > DO_CALL (0.002s wait)
Joining, by = c("dat", "site", "s0", "n0")
2020-08-01 15:58:00.433821 | eval'd: drake::cmq_buildtargetmetadepsspecconfig_tmpconfig
2020-08-01 15:58:00.472275 | > DO_CALL (0.000s wait)
Joining, by = c("dat", "site", "s0", "n0")
2020-08-01 15:58:05.402186 | eval'd: drake::cmq_buildtargetmetadepsspecconfig_tmpconfig
2020-08-01 15:58:05.450217 | > DO_CALL (0.002s wait)
Joining, by = c("dat", "site", "s0", "n0")
2020-08-01 15:58:10.375803 | eval'd: drake::cmq_buildtargetmetadepsspecconfig_tmpconfig
2020-08-01 15:58:10.437903 | > DO_CALL (0.003s wait)
Joining, by = c("dat", "site", "s0", "n0")
2020-08-01 15:58:15.382991 | eval'd: drake::cmq_buildtargetmetadepsspecconfig_tmpconfig
2020-08-01 15:58:15.424793 | > DO_CALL (0.001s wait)
Joining, by = c("dat", "site", "s0", "n0")
2020-08-01 15:58:20.342215 | eval'd: drake::cmq_buildtargetmetadepsspecconfig_tmpconfig
2020-08-01 15:58:20.391295 | > DO_CALL (0.002s wait)
Joining, by = c("dat", "site", "s0", "n0")
2020-08-01 15:58:25.301542 | eval'd: drake::cmq_buildtargetmetadepsspecconfig_tmpconfig
2020-08-01 15:58:25.339991 | > DO_CALL (0.001s wait)
Joining, by = c("dat", "site", "s0", "n0")
2020-08-01 15:58:30.245745 | eval'd: drake::cmq_buildtargetmetadepsspecconfig_tmpconfig
2020-08-01 15:58:30.292108 | > DO_CALL (0.002s wait)
Joining, by = c("dat", "site", "s0", "n0")
2020-08-01 15:58:35.190820 | eval'd: drake::cmq_buildtargetmetadepsspecconfig_tmpconfig
2020-08-01 15:58:35.239226 | > DO_CALL (0.002s wait)
Joining, by = c("dat", "site", "s0", "n0")
2020-08-01 15:58:40.179848 | eval'd: drake::cmq_buildtargetmetadepsspecconfig_tmpconfig
2020-08-01 15:58:40.224445 | > DO_CALL (0.002s wait)
Joining, by = c("dat", "site", "s0", "n0")
2020-08-01 15:58:45.217214 | eval'd: drake::cmq_buildtargetmetadepsspecconfig_tmpconfig
2020-08-01 15:58:45.255296 | > DO_CALL (0.000s wait)
Joining, by = c("dat", "site", "s0", "n0")
2020-08-01 15:58:50.271450 | eval'd: drake::cmq_buildtargetmetadepsspecconfig_tmpconfig
2020-08-01 15:58:50.309100 | > DO_CALL (0.001s wait)
Joining, by = c("dat", "site", "s0", "n0")
2020-08-01 15:58:55.287558 | eval'd: drake::cmq_buildtargetmetadepsspecconfig_tmpconfig
2020-08-01 15:58:55.331651 | > DO_CALL (0.002s wait)
Joining, by = c("dat", "site", "s0", "n0")
2020-08-01 15:59:00.342197 | eval'd: drake::cmq_buildtargetmetadepsspecconfig_tmpconfig
2020-08-01 15:59:01.013539 | > DO_CALL (0.002s wait)
Joining, by = c("dat", "site", "s0", "n0")
2020-08-01 15:59:06.027873 | eval'd: drake::cmq_buildtargetmetadepsspecconfig_tmpconfig
2020-08-01 15:59:06.078039 | > DO_CALL (0.002s wait)
Joining, by = c("dat", "site", "s0", "n0")
2020-08-01 15:59:11.063565 | eval'd: drake::cmq_buildtargetmetadepsspecconfig_tmpconfig
2020-08-01 15:59:11.115747 | > DO_CALL (0.003s wait)
Joining, by = c("dat", "site", "s0", "n0")
2020-08-01 15:59:16.144783 | eval'd: drake::cmq_buildtargetmetadepsspecconfig_tmpconfig
2020-08-01 15:59:16.192885 | > DO_CALL (0.003s wait)
Joining, by = c("dat", "site", "s0", "n0")
2020-08-01 15:59:21.199834 | eval'd: drake::cmq_buildtargetmetadepsspecconfig_tmpconfig
2020-08-01 15:59:21.818193 | > WORKER_WAIT (0.000s wait)
2020-08-01 15:59:21.818624 | waiting 1.00s
2020-08-01 15:59:22.821190 | > WORKER_WAIT (0.000s wait)
2020-08-01 15:59:22.821507 | waiting 1.00s
2020-08-01 15:59:23.823785 | > WORKER_WAIT (0.001s wait)
2020-08-01 15:59:23.824033 | waiting 1.00s
2020-08-01 15:59:24.826288 | > WORKER_WAIT (0.000s wait)
2020-08-01 15:59:24.826526 | waiting 1.00s
2020-08-01 15:59:25.828815 | > WORKER_WAIT (0.000s wait)
2020-08-01 15:59:25.829054 | waiting 1.00s
2020-08-01 15:59:26.903312 | > WORKER_WAIT (0.000s wait)
2020-08-01 15:59:26.903562 | waiting 1.00s
2020-08-01 15:59:27.906195 | > WORKER_WAIT (0.000s wait)
2020-08-01 15:59:27.906436 | waiting 1.00s
2020-08-01 15:59:28.909058 | > WORKER_WAIT (0.000s wait)
2020-08-01 15:59:28.909300 | waiting 1.00s
2020-08-01 15:59:29.911917 | > WORKER_WAIT (0.000s wait)
2020-08-01 15:59:29.912161 | waiting 1.00s
2020-08-01 15:59:41.211834 | > WORKER_WAIT (0.000s wait)
2020-08-01 15:59:41.212112 | waiting 1.00s
2020-08-01 16:00:33.235137 | > WORKER_STOP (0.000s wait)
2020-08-01 16:00:33.235582 | shutting down worker
2020-08-01 16:00:35.781054 | 
Total: 164 in 4863.35s [user], 101.56s [system], 5606.97s [elapsed]
Warning messages:
1: In max(skew, na.rm = T) :
  no non-missing arguments to max; returning -Inf
2: In min(skew, na.rm = T) :
  no non-missing arguments to min; returning Inf
3: In min(skew, na.rm = T) :
  no non-missing arguments to min; returning Inf
