2020-01-21 10:07:30.960594 | Master: tcp://c24a-s1:6626
2020-01-21 10:07:30.979604 | WORKER_UP to: tcp://c24a-s1:6626
2020-01-21 10:07:33.486105 | > DO_SETUP (2.497s wait)
2020-01-21 10:07:33.486575 | token from msg: set_common_data_token
2020-01-21 10:07:34.072893 | > DO_CALL (0.001s wait)
.* Option 'clustermq.scheduler' not set, defaulting to ‘SLURM’
--- see: https://mschubert.github.io/clustermq/articles/userguide.html#configuration
2020-01-21 10:07:34.255537 | eval'd: drake::cmq_buildtargetmetadepsspecht_is_subtargetconfig
2020-01-21 10:07:35.567747 | > DO_CALL (0.001s wait)
.2020-01-21 10:07:35.773280 | eval'd: drake::cmq_buildtargetmetadepsspecht_is_subtargetconfig
2020-01-21 10:07:37.011578 | > DO_CALL (0.000s wait)
.2020-01-21 10:07:37.015467 | eval'd: drake::cmq_buildtargetmetadepsspecht_is_subtargetconfig
2020-01-21 10:07:38.686097 | > DO_CALL (0.001s wait)
.2020-01-21 10:07:38.691279 | eval'd: drake::cmq_buildtargetmetadepsspecht_is_subtargetconfig
2020-01-21 10:07:40.184179 | > DO_CALL (0.001s wait)
.2020-01-21 10:07:40.189608 | eval'd: drake::cmq_buildtargetmetadepsspecht_is_subtargetconfig
2020-01-21 10:07:41.611343 | > DO_CALL (0.000s wait)
.2020-01-21 10:07:41.616942 | eval'd: drake::cmq_buildtargetmetadepsspecht_is_subtargetconfig
2020-01-21 10:07:42.981184 | > DO_CALL (0.001s wait)
.2020-01-21 10:07:42.986737 | eval'd: drake::cmq_buildtargetmetadepsspecht_is_subtargetconfig
2020-01-21 10:07:44.202764 | > DO_CALL (0.001s wait)
.2020-01-21 10:07:44.208322 | eval'd: drake::cmq_buildtargetmetadepsspecht_is_subtargetconfig
2020-01-21 10:07:45.523478 | > DO_CALL (0.001s wait)
.
2020-01-21 10:07:45.529211 | eval'd: drake::cmq_buildtargetmetadepsspecht_is_subtargetconfig
2020-01-21 10:07:46.621205 | > DO_CALL (0.001s wait)
.2020-01-21 10:07:46.626873 | eval'd: drake::cmq_buildtargetmetadepsspecht_is_subtargetconfig
2020-01-21 10:07:47.844259 | > DO_CALL (0.001s wait)
.2020-01-21 10:07:47.849877 | eval'd: drake::cmq_buildtargetmetadepsspecht_is_subtargetconfig
2020-01-21 10:07:48.991767 | > DO_CALL (0.001s wait)
.2020-01-21 10:07:48.996936 | eval'd: drake::cmq_buildtargetmetadepsspecht_is_subtargetconfig
2020-01-21 10:07:50.356595 | > DO_CALL (0.000s wait)
.2020-01-21 10:07:50.362439 | eval'd: drake::cmq_buildtargetmetadepsspecht_is_subtargetconfig
2020-01-21 10:07:51.564739 | > DO_CALL (0.001s wait)
.2020-01-21 10:07:51.570414 | eval'd: drake::cmq_buildtargetmetadepsspecht_is_subtargetconfig
2020-01-21 10:07:52.845587 | > DO_CALL (0.000s wait)
.2020-01-21 10:07:52.851164 | eval'd: drake::cmq_buildtargetmetadepsspecht_is_subtargetconfig
2020-01-21 10:07:54.114506 | > DO_CALL (0.000s wait)
.2020-01-21 10:07:54.118435 | eval'd: drake::cmq_buildtargetmetadepsspecht_is_subtargetconfig
2020-01-21 10:07:55.405159 | > DO_CALL (0.000s wait)
.2020-01-21 10:07:55.409270 | eval'd: drake::cmq_buildtargetmetadepsspecht_is_subtargetconfig
2020-01-21 10:07:56.632977 | > DO_CALL (0.000s wait)
.2020-01-21 10:07:56.637619 | eval'd: drake::cmq_buildtargetmetadepsspecht_is_subtargetconfig
2020-01-21 10:07:57.876918 | > DO_CALL (0.001s wait)
.2020-01-21 10:07:57.883568 | eval'd: drake::cmq_buildtargetmetadepsspecht_is_subtargetconfig
2020-01-21 10:07:59.001584 | > DO_CALL (0.000s wait)
.2020-01-21 10:07:59.008323 | eval'd: drake::cmq_buildtargetmetadepsspecht_is_subtargetconfig
2020-01-21 10:08:00.239714 | > DO_CALL (0.001s wait)
.2020-01-21 10:08:00.246175 | eval'd: drake::cmq_buildtargetmetadepsspecht_is_subtargetconfig
2020-01-21 10:08:01.337064 | > DO_CALL (0.001s wait)
.2020-01-21 10:08:01.343800 | eval'd: drake::cmq_buildtargetmetadepsspecht_is_subtargetconfig
2020-01-21 10:08:02.552093 | > DO_CALL (0.001s wait)
.2020-01-21 10:08:02.558786 | eval'd: drake::cmq_buildtargetmetadepsspecht_is_subtargetconfig
2020-01-21 10:08:03.687547 | > DO_CALL (0.001s wait)
.2020-01-21 10:08:03.695506 | eval'd: drake::cmq_buildtargetmetadepsspecht_is_subtargetconfig
2020-01-21 10:08:04.867857 | > DO_CALL (0.001s wait)
.2020-01-21 10:08:04.874577 | eval'd: drake::cmq_buildtargetmetadepsspecht_is_subtargetconfig
2020-01-21 10:08:06.060785 | > DO_CALL (0.001s wait)
.2020-01-21 10:08:06.067542 | eval'd: drake::cmq_buildtargetmetadepsspecht_is_subtargetconfig
2020-01-21 10:08:07.221884 | > DO_CALL (0.001s wait)
.2020-01-21 10:08:07.228502 | eval'd: drake::cmq_buildtargetmetadepsspecht_is_subtargetconfig
2020-01-21 10:08:08.960763 | > DO_CALL (0.001s wait)
.2020-01-21 10:08:08.967414 | eval'd: drake::cmq_buildtargetmetadepsspecht_is_subtargetconfig
2020-01-21 10:08:10.066958 | > DO_CALL (0.001s wait)
.2020-01-21 10:08:10.073688 | eval'd: drake::cmq_buildtargetmetadepsspecht_is_subtargetconfig
2020-01-21 10:08:11.154602 | > DO_CALL (0.000s wait)
.2020-01-21 10:08:11.161802 | eval'd: drake::cmq_buildtargetmetadepsspecht_is_subtargetconfig
2020-01-21 10:08:12.251546 | > DO_CALL (0.000s wait)
.2020-01-21 10:08:12.258168 | eval'd: drake::cmq_buildtargetmetadepsspecht_is_subtargetconfig
2020-01-21 10:08:13.419026 | > DO_CALL (0.001s wait)
.2020-01-21 10:08:13.425653 | eval'd: drake::cmq_buildtargetmetadepsspecht_is_subtargetconfig
2020-01-21 10:08:14.543518 | > DO_CALL (0.000s wait)
.2020-01-21 10:08:14.550272 | eval'd: drake::cmq_buildtargetmetadepsspecht_is_subtargetconfig
2020-01-21 10:08:15.587519 | > DO_CALL (0.001s wait)
.2020-01-21 10:08:15.594377 | eval'd: drake::cmq_buildtargetmetadepsspecht_is_subtargetconfig
2020-01-21 10:08:16.670031 | > DO_CALL (0.001s wait)
.2020-01-21 10:08:16.676690 | eval'd: drake::cmq_buildtargetmetadepsspecht_is_subtargetconfig
2020-01-21 10:08:17.853626 | > DO_CALL (0.002s wait)
.2020-01-21 10:08:17.861632 | eval'd: drake::cmq_buildtargetmetadepsspecht_is_subtargetconfig
2020-01-21 10:08:18.856063 | > DO_CALL (0.000s wait)
.2020-01-21 10:08:18.860541 | eval'd: drake::cmq_buildtargetmetadepsspecht_is_subtargetconfig
2020-01-21 10:08:20.045434 | > DO_CALL (0.001s wait)
.2020-01-21 10:08:20.052163 | eval'd: drake::cmq_buildtargetmetadepsspecht_is_subtargetconfig
2020-01-21 10:08:21.316536 | > DO_CALL (0.001s wait)
.2020-01-21 10:08:21.323888 | eval'd: drake::cmq_buildtargetmetadepsspecht_is_subtargetconfig
2020-01-21 10:08:22.335231 | > DO_CALL (0.000s wait)
.2020-01-21 10:08:22.339735 | eval'd: drake::cmq_buildtargetmetadepsspecht_is_subtargetconfig
2020-01-21 10:08:24.362554 | > DO_CALL (0.000s wait)
.2020-01-21 10:08:24.369167 | eval'd: drake::cmq_buildtargetmetadepsspecht_is_subtargetconfig
2020-01-21 10:08:26.730614 | > DO_CALL (0.000s wait)
.2020-01-21 10:08:26.737370 | eval'd: drake::cmq_buildtargetmetadepsspecht_is_subtargetconfig
2020-01-21 10:08:27.850541 | > DO_CALL (0.000s wait)
.2020-01-21 10:08:27.857156 | eval'd: drake::cmq_buildtargetmetadepsspecht_is_subtargetconfig
2020-01-21 10:08:28.882311 | > DO_CALL (0.001s wait)
.2020-01-21 10:08:28.896616 | eval'd: drake::cmq_buildtargetmetadepsspecht_is_subtargetconfig
2020-01-21 10:08:29.928084 | > DO_CALL (0.001s wait)
.2020-01-21 10:08:29.933253 | eval'd: drake::cmq_buildtargetmetadepsspecht_is_subtargetconfig
2020-01-21 10:08:31.036411 | > DO_CALL (0.000s wait)
.2020-01-21 10:08:31.043599 | eval'd: drake::cmq_buildtargetmetadepsspecht_is_subtargetconfig
2020-01-21 10:08:32.227454 | > DO_CALL (0.000s wait)
.2020-01-21 10:08:32.232888 | eval'd: drake::cmq_buildtargetmetadepsspecht_is_subtargetconfig
2020-01-21 10:08:33.301258 | > DO_CALL (0.000s wait)
.2020-01-21 10:08:33.305713 | eval'd: drake::cmq_buildtargetmetadepsspecht_is_subtargetconfig
2020-01-21 10:08:34.387873 | > DO_CALL (0.000s wait)
.2020-01-21 10:08:34.392233 | eval'd: drake::cmq_buildtargetmetadepsspecht_is_subtargetconfig
2020-01-21 10:08:35.472780 | > DO_CALL (0.001s wait)
.2020-01-21 10:08:35.477981 | eval'd: drake::cmq_buildtargetmetadepsspecht_is_subtargetconfig
2020-01-21 10:08:36.522122 | > DO_CALL (0.001s wait)
.2020-01-21 10:08:36.527513 | eval'd: drake::cmq_buildtargetmetadepsspecht_is_subtargetconfig
2020-01-21 10:08:37.579312 | > DO_CALL (0.000s wait)
.2020-01-21 10:08:37.584499 | eval'd: drake::cmq_buildtargetmetadepsspecht_is_subtargetconfig
2020-01-21 10:08:38.661195 | > DO_CALL (0.001s wait)
.2020-01-21 10:08:38.666514 | eval'd: drake::cmq_buildtargetmetadepsspecht_is_subtargetconfig
2020-01-21 10:08:39.699721 | > DO_CALL (0.001s wait)
.2020-01-21 10:08:39.704998 | eval'd: drake::cmq_buildtargetmetadepsspecht_is_subtargetconfig
2020-01-21 10:08:40.704043 | > DO_CALL (0.000s wait)
.2020-01-21 10:08:40.708246 | eval'd: drake::cmq_buildtargetmetadepsspecht_is_subtargetconfig
2020-01-21 10:08:41.764193 | > DO_CALL (0.001s wait)
.2020-01-21 10:08:41.769532 | eval'd: drake::cmq_buildtargetmetadepsspecht_is_subtargetconfig
2020-01-21 10:08:46.569848 | > DO_CALL (0.004s wait)
.2020-01-21 10:08:46.583920 | eval'd: drake::cmq_buildtargetmetadepsspecht_is_subtargetconfig
2020-01-21 10:08:50.687379 | > WORKER_WAIT (0.000s wait)
2020-01-21 10:08:50.687814 | waiting 1.00s
2020-01-21 10:09:41.664789 | > WORKER_STOP (0.000s wait)
2020-01-21 10:09:41.667763 | shutting down worker
2020-01-21 10:09:41.837051 | 
Total: 57 in 2.35s [user], 0.25s [system], 130.69s [elapsed]
