2020-01-21 10:48:11.008371 | Master: tcp://c24a-s1:7958
2020-01-21 10:48:11.027918 | WORKER_UP to: tcp://c24a-s1:7958
2020-01-21 10:48:15.695468 | > DO_SETUP (2.135s wait)
2020-01-21 10:48:15.696066 | token from msg: set_common_data_token
2020-01-21 10:48:15.863171 | > DO_CALL (0.000s wait)
.* Option 'clustermq.scheduler' not set, defaulting to ‘SLURM’
--- see: https://mschubert.github.io/clustermq/articles/userguide.html#configuration
2020-01-21 10:48:16.027050 | eval'd: drake::cmq_buildtargetmetadepsspecht_is_subtargetconfig
2020-01-21 10:48:19.850729 | > DO_CALL (0.000s wait)
.2020-01-21 10:48:20.093178 | eval'd: drake::cmq_buildtargetmetadepsspecht_is_subtargetconfig
2020-01-21 10:48:26.553253 | > DO_CALL (0.000s wait)
.2020-01-21 10:48:26.557792 | eval'd: drake::cmq_buildtargetmetadepsspecht_is_subtargetconfig
2020-01-21 10:48:33.827360 | > DO_CALL (0.000s wait)
.2020-01-21 10:48:33.832643 | eval'd: drake::cmq_buildtargetmetadepsspecht_is_subtargetconfig
2020-01-21 10:48:40.344849 | > DO_CALL (0.000s wait)
.2020-01-21 10:48:40.348708 | eval'd: drake::cmq_buildtargetmetadepsspecht_is_subtargetconfig
2020-01-21 10:48:46.823141 | > DO_CALL (0.000s wait)
.2020-01-21 10:48:46.827673 | eval'd: drake::cmq_buildtargetmetadepsspecht_is_subtargetconfig
2020-01-21 10:48:53.104708 | > DO_CALL (0.000s wait)
.2020-01-21 10:48:53.109010 | eval'd: drake::cmq_buildtargetmetadepsspecht_is_subtargetconfig
2020-01-21 10:49:00.409573 | > DO_CALL (0.001s wait)
.2020-01-21 10:49:00.414424 | eval'd: drake::cmq_buildtargetmetadepsspecht_is_subtargetconfig
2020-01-21 10:49:07.848917 | > DO_CALL (0.000s wait)
.2020-01-21 10:49:07.852981 | eval'd: drake::cmq_buildtargetmetadepsspecht_is_subtargetconfig
2020-01-21 10:49:15.998649 | > DO_CALL (0.000s wait)
.2020-01-21 10:49:16.004571 | eval'd: drake::cmq_buildtargetmetadepsspecht_is_subtargetconfig
2020-01-21 10:49:22.784639 | > DO_CALL (0.000s wait)
.2020-01-21 10:49:22.788974 | eval'd: drake::cmq_buildtargetmetadepsspecht_is_subtargetconfig
2020-01-21 10:49:28.773465 | > DO_CALL (0.001s wait)
.2020-01-21 10:49:28.778220 | eval'd: drake::cmq_buildtargetmetadepsspecht_is_subtargetconfig
2020-01-21 10:49:34.921384 | > DO_CALL (0.000s wait)
.2020-01-21 10:49:34.926810 | eval'd: drake::cmq_buildtargetmetadepsspecht_is_subtargetconfig
2020-01-21 10:49:41.297440 | > DO_CALL (0.000s wait)
.2020-01-21 10:49:41.302363 | eval'd: drake::cmq_buildtargetmetadepsspecht_is_subtargetconfig
2020-01-21 10:49:47.584904 | > DO_CALL (0.000s wait)
.2020-01-21 10:49:47.588838 | eval'd: drake::cmq_buildtargetmetadepsspecht_is_subtargetconfig
2020-01-21 10:49:54.223175 | > DO_CALL (0.000s wait)
.2020-01-21 10:49:54.228499 | eval'd: drake::cmq_buildtargetmetadepsspecht_is_subtargetconfig
2020-01-21 10:50:00.443753 | > DO_CALL (0.000s wait)
.2020-01-21 10:50:00.447592 | eval'd: drake::cmq_buildtargetmetadepsspecht_is_subtargetconfig
2020-01-21 10:50:05.626586 | > DO_CALL (0.001s wait)
.2020-01-21 10:50:05.631492 | eval'd: drake::cmq_buildtargetmetadepsspecht_is_subtargetconfig
2020-01-21 10:50:11.255753 | > DO_CALL (0.001s wait)
.2020-01-21 10:50:11.261856 | eval'd: drake::cmq_buildtargetmetadepsspecht_is_subtargetconfig
2020-01-21 10:50:18.425598 | > DO_CALL (0.001s wait)
.2020-01-21 10:50:18.430916 | eval'd: drake::cmq_buildtargetmetadepsspecht_is_subtargetconfig
2020-01-21 10:50:23.533571 | > DO_CALL (0.001s wait)
.2020-01-21 10:50:23.539564 | eval'd: drake::cmq_buildtargetmetadepsspecht_is_subtargetconfig
2020-01-21 10:50:28.642886 | > DO_CALL (0.000s wait)
.2020-01-21 10:50:28.646765 | eval'd: drake::cmq_buildtargetmetadepsspecht_is_subtargetconfig
2020-01-21 10:50:35.050796 | > DO_CALL (0.000s wait)
.2020-01-21 10:50:35.055540 | eval'd: drake::cmq_buildtargetmetadepsspecht_is_subtargetconfig
2020-01-21 10:50:41.036623 | > DO_CALL (0.001s wait)
.2020-01-21 10:50:41.041743 | eval'd: drake::cmq_buildtargetmetadepsspecht_is_subtargetconfig
2020-01-21 10:50:46.849414 | > DO_CALL (0.000s wait)
.2020-01-21 10:50:46.854894 | eval'd: drake::cmq_buildtargetmetadepsspecht_is_subtargetconfig
2020-01-21 10:50:52.112659 | > DO_CALL (0.001s wait)
.2020-01-21 10:50:52.118763 | eval'd: drake::cmq_buildtargetmetadepsspecht_is_subtargetconfig
2020-01-21 10:50:57.409767 | > DO_CALL (0.000s wait)
.2020-01-21 10:50:57.413657 | eval'd: drake::cmq_buildtargetmetadepsspecht_is_subtargetconfig
2020-01-21 10:51:02.412799 | > DO_CALL (0.000s wait)
.2020-01-21 10:51:02.417644 | eval'd: drake::cmq_buildtargetmetadepsspecht_is_subtargetconfig
2020-01-21 10:51:08.632395 | > DO_CALL (0.000s wait)
.2020-01-21 10:51:08.637401 | eval'd: drake::cmq_buildtargetmetadepsspecht_is_subtargetconfig
2020-01-21 10:51:14.773646 | > DO_CALL (0.001s wait)
.2020-01-21 10:51:14.779766 | eval'd: drake::cmq_buildtargetmetadepsspecht_is_subtargetconfig
2020-01-21 10:51:21.281762 | > DO_CALL (0.000s wait)
.2020-01-21 10:51:21.287901 | eval'd: drake::cmq_buildtargetmetadepsspecht_is_subtargetconfig
2020-01-21 10:51:26.663706 | > DO_CALL (0.000s wait)
.2020-01-21 10:51:26.668016 | eval'd: drake::cmq_buildtargetmetadepsspecht_is_subtargetconfig
2020-01-21 10:51:32.215742 | > DO_CALL (0.000s wait)
.2020-01-21 10:51:32.220943 | eval'd: drake::cmq_buildtargetmetadepsspecht_is_subtargetconfig
2020-01-21 10:51:36.186641 | > DO_CALL (0.001s wait)
.2020-01-21 10:51:36.190846 | eval'd: drake::cmq_buildtargetmetadepsspecht_is_subtargetconfig
2020-01-21 10:51:41.161698 | > DO_CALL (0.000s wait)
.2020-01-21 10:51:41.166619 | eval'd: drake::cmq_buildtargetmetadepsspecht_is_subtargetconfig
2020-01-21 10:51:46.078628 | > DO_CALL (0.001s wait)
.2020-01-21 10:51:46.082800 | eval'd: drake::cmq_buildtargetmetadepsspecht_is_subtargetconfig
2020-01-21 10:51:51.163722 | > DO_CALL (0.000s wait)
.2020-01-21 10:51:51.168620 | eval'd: drake::cmq_buildtargetmetadepsspecht_is_subtargetconfig
2020-01-21 10:51:56.997643 | > DO_CALL (0.001s wait)
.2020-01-21 10:51:57.004142 | eval'd: drake::cmq_buildtargetmetadepsspecht_is_subtargetconfig
2020-01-21 10:52:01.605607 | > DO_CALL (0.001s wait)
.2020-01-21 10:52:01.612602 | eval'd: drake::cmq_buildtargetmetadepsspecht_is_subtargetconfig
2020-01-21 10:52:07.098555 | > DO_CALL (0.001s wait)
.2020-01-21 10:52:07.102720 | eval'd: drake::cmq_buildtargetmetadepsspecht_is_subtargetconfig
2020-01-21 10:52:12.286974 | > DO_CALL (0.000s wait)
.2020-01-21 10:52:12.292527 | eval'd: drake::cmq_buildtargetmetadepsspecht_is_subtargetconfig
2020-01-21 10:52:16.911834 | > DO_CALL (0.000s wait)
.2020-01-21 10:52:16.916323 | eval'd: drake::cmq_buildtargetmetadepsspecht_is_subtargetconfig
2020-01-21 10:52:23.596451 | > DO_CALL (0.000s wait)
.2020-01-21 10:52:23.604693 | eval'd: drake::cmq_buildtargetmetadepsspecht_is_subtargetconfig
2020-01-21 10:52:28.957958 | > DO_CALL (0.000s wait)
.2020-01-21 10:52:28.962768 | eval'd: drake::cmq_buildtargetmetadepsspecht_is_subtargetconfig
2020-01-21 10:52:34.696634 | > DO_CALL (0.001s wait)
.2020-01-21 10:52:34.701828 | eval'd: drake::cmq_buildtargetmetadepsspecht_is_subtargetconfig
2020-01-21 10:52:39.593476 | > DO_CALL (0.001s wait)
.2020-01-21 10:52:39.599368 | eval'd: drake::cmq_buildtargetmetadepsspecht_is_subtargetconfig
2020-01-21 10:52:44.188508 | > DO_CALL (0.001s wait)
.2020-01-21 10:52:44.194649 | eval'd: drake::cmq_buildtargetmetadepsspecht_is_subtargetconfig
2020-01-21 10:52:48.704440 | > DO_CALL (0.000s wait)
.2020-01-21 10:52:48.710230 | eval'd: drake::cmq_buildtargetmetadepsspecht_is_subtargetconfig
2020-01-21 10:52:53.371579 | > DO_CALL (0.001s wait)
.2020-01-21 10:52:53.378301 | eval'd: drake::cmq_buildtargetmetadepsspecht_is_subtargetconfig
2020-01-21 10:52:57.883374 | > DO_CALL (0.000s wait)
.2020-01-21 10:52:57.889211 | eval'd: drake::cmq_buildtargetmetadepsspecht_is_subtargetconfig
2020-01-21 10:53:02.678484 | > DO_CALL (0.001s wait)
.2020-01-21 10:53:02.684716 | eval'd: drake::cmq_buildtargetmetadepsspecht_is_subtargetconfig
2020-01-21 10:53:07.277024 | > DO_CALL (0.000s wait)
.2020-01-21 10:53:07.281971 | eval'd: drake::cmq_buildtargetmetadepsspecht_is_subtargetconfig
2020-01-21 10:53:12.291241 | > DO_CALL (0.000s wait)
.2020-01-21 10:53:12.297526 | eval'd: drake::cmq_buildtargetmetadepsspecht_is_subtargetconfig
2020-01-21 10:53:16.500603 | > DO_CALL (0.001s wait)
.2020-01-21 10:53:16.504840 | eval'd: drake::cmq_buildtargetmetadepsspecht_is_subtargetconfig
2020-01-21 10:53:21.281451 | > DO_CALL (0.000s wait)
.2020-01-21 10:53:21.288092 | eval'd: drake::cmq_buildtargetmetadepsspecht_is_subtargetconfig
2020-01-21 10:53:28.104579 | > DO_CALL (0.001s wait)
.
2020-01-21 10:53:28.112725 | eval'd: drake::cmq_buildtargetmetadepsspecht_is_subtargetconfig
2020-01-21 10:53:32.590899 | > DO_CALL (0.000s wait)
.2020-01-21 10:53:32.596182 | eval'd: drake::cmq_buildtargetmetadepsspecht_is_subtargetconfig
2020-01-21 10:53:37.425626 | > DO_CALL (0.001s wait)
.2020-01-21 10:53:37.430105 | eval'd: drake::cmq_buildtargetmetadepsspecht_is_subtargetconfig
2020-01-21 10:53:42.029749 | > DO_CALL (0.000s wait)
.2020-01-21 10:53:42.034714 | eval'd: drake::cmq_buildtargetmetadepsspecht_is_subtargetconfig
2020-01-21 10:53:46.459057 | > DO_CALL (0.000s wait)
.2020-01-21 10:53:46.463916 | eval'd: drake::cmq_buildtargetmetadepsspecht_is_subtargetconfig
2020-01-21 10:53:51.035947 | > DO_CALL (0.000s wait)
.2020-01-21 10:53:51.041533 | eval'd: drake::cmq_buildtargetmetadepsspecht_is_subtargetconfig
2020-01-21 10:53:55.205208 | > DO_CALL (0.000s wait)
.2020-01-21 10:53:55.210673 | eval'd: drake::cmq_buildtargetmetadepsspecht_is_subtargetconfig
2020-01-21 10:53:59.292026 | > DO_CALL (0.000s wait)
.2020-01-21 10:53:59.297010 | eval'd: drake::cmq_buildtargetmetadepsspecht_is_subtargetconfig
2020-01-21 10:54:03.672303 | > DO_CALL (0.000s wait)
.2020-01-21 10:54:03.678315 | eval'd: drake::cmq_buildtargetmetadepsspecht_is_subtargetconfig
2020-01-21 10:54:08.268527 | > DO_CALL (0.001s wait)
.2020-01-21 10:54:08.274715 | eval'd: drake::cmq_buildtargetmetadepsspecht_is_subtargetconfig
2020-01-21 10:54:13.010394 | > DO_CALL (0.000s wait)
.2020-01-21 10:54:13.016921 | eval'd: drake::cmq_buildtargetmetadepsspecht_is_subtargetconfig
2020-01-21 10:54:17.215999 | > DO_CALL (0.000s wait)
.2020-01-21 10:54:17.220881 | eval'd: drake::cmq_buildtargetmetadepsspecht_is_subtargetconfig
2020-01-21 10:54:21.527719 | > DO_CALL (0.000s wait)
.2020-01-21 10:54:21.532719 | eval'd: drake::cmq_buildtargetmetadepsspecht_is_subtargetconfig
2020-01-21 10:54:27.007315 | > DO_CALL (0.000s wait)
.2020-01-21 10:54:27.013312 | eval'd: drake::cmq_buildtargetmetadepsspecht_is_subtargetconfig
2020-01-21 10:54:33.259206 | > DO_CALL (0.000s wait)
.2020-01-21 10:54:33.526569 | eval'd: drake::cmq_buildtargetmetadepsspecht_is_subtargetconfig
2020-01-21 10:54:37.496385 | > DO_CALL (0.000s wait)
.2020-01-21 10:54:37.502110 | eval'd: drake::cmq_buildtargetmetadepsspecht_is_subtargetconfig
2020-01-21 10:54:41.734517 | > DO_CALL (0.001s wait)
.2020-01-21 10:54:41.741076 | eval'd: drake::cmq_buildtargetmetadepsspecht_is_subtargetconfig
2020-01-21 10:54:45.838426 | > DO_CALL (0.000s wait)
.2020-01-21 10:54:45.844360 | eval'd: drake::cmq_buildtargetmetadepsspecht_is_subtargetconfig
2020-01-21 10:54:49.747596 | > DO_CALL (0.001s wait)
.2020-01-21 10:54:49.753709 | eval'd: drake::cmq_buildtargetmetadepsspecht_is_subtargetconfig
2020-01-21 10:54:53.592253 | > DO_CALL (0.000s wait)
.2020-01-21 10:54:53.597828 | eval'd: drake::cmq_buildtargetmetadepsspecht_is_subtargetconfig
2020-01-21 10:54:57.802721 | > DO_CALL (0.000s wait)
.2020-01-21 10:54:57.817680 | eval'd: drake::cmq_buildtargetmetadepsspecht_is_subtargetconfig
2020-01-21 10:55:01.919485 | > DO_CALL (0.001s wait)
.2020-01-21 10:55:01.925333 | eval'd: drake::cmq_buildtargetmetadepsspecht_is_subtargetconfig
2020-01-21 10:55:06.335136 | > DO_CALL (0.000s wait)
.2020-01-21 10:55:06.339573 | eval'd: drake::cmq_buildtargetmetadepsspecht_is_subtargetconfig
2020-01-21 10:55:10.567938 | > DO_CALL (0.000s wait)
.2020-01-21 10:55:10.575631 | eval'd: drake::cmq_buildtargetmetadepsspecht_is_subtargetconfig
2020-01-21 10:55:14.450795 | > DO_CALL (0.000s wait)
.2020-01-21 10:55:14.455236 | eval'd: drake::cmq_buildtargetmetadepsspecht_is_subtargetconfig
2020-01-21 10:55:18.367182 | > DO_CALL (0.000s wait)
.2020-01-21 10:55:18.371711 | eval'd: drake::cmq_buildtargetmetadepsspecht_is_subtargetconfig
2020-01-21 10:55:22.425964 | > DO_CALL (0.000s wait)
.2020-01-21 10:55:22.430993 | eval'd: drake::cmq_buildtargetmetadepsspecht_is_subtargetconfig
2020-01-21 10:55:26.370692 | > DO_CALL (0.001s wait)
.2020-01-21 10:55:26.374672 | eval'd: drake::cmq_buildtargetmetadepsspecht_is_subtargetconfig
2020-01-21 10:55:31.452645 | > DO_CALL (0.001s wait)
.2020-01-21 10:55:31.457064 | eval'd: drake::cmq_buildtargetmetadepsspecht_is_subtargetconfig
2020-01-21 10:55:37.570769 | > DO_CALL (0.000s wait)
.2020-01-21 10:55:37.576745 | eval'd: drake::cmq_buildtargetmetadepsspecht_is_subtargetconfig
2020-01-21 10:55:42.316661 | > DO_CALL (0.001s wait)
.2020-01-21 10:55:42.321287 | eval'd: drake::cmq_buildtargetmetadepsspecht_is_subtargetconfig
2020-01-21 10:55:46.315926 | > DO_CALL (0.000s wait)
.2020-01-21 10:55:46.320204 | eval'd: drake::cmq_buildtargetmetadepsspecht_is_subtargetconfig
2020-01-21 10:55:50.122908 | > DO_CALL (0.000s wait)
.2020-01-21 10:55:50.127339 | eval'd: drake::cmq_buildtargetmetadepsspecht_is_subtargetconfig
2020-01-21 10:55:54.467909 | > DO_CALL (0.000s wait)
.2020-01-21 10:55:54.472077 | eval'd: drake::cmq_buildtargetmetadepsspecht_is_subtargetconfig
2020-01-21 10:55:58.098440 | > DO_CALL (0.000s wait)
.2020-01-21 10:55:58.103553 | eval'd: drake::cmq_buildtargetmetadepsspecht_is_subtargetconfig
2020-01-21 10:56:02.011401 | > DO_CALL (0.000s wait)
.2020-01-21 10:56:02.017244 | eval'd: drake::cmq_buildtargetmetadepsspecht_is_subtargetconfig
2020-01-21 10:56:05.887358 | > DO_CALL (0.000s wait)
.2020-01-21 10:56:05.892203 | eval'd: drake::cmq_buildtargetmetadepsspecht_is_subtargetconfig
2020-01-21 10:56:10.123317 | > DO_CALL (0.000s wait)
.2020-01-21 10:56:10.128176 | eval'd: drake::cmq_buildtargetmetadepsspecht_is_subtargetconfig
2020-01-21 10:56:14.305547 | > DO_CALL (0.001s wait)
.2020-01-21 10:56:14.309496 | eval'd: drake::cmq_buildtargetmetadepsspecht_is_subtargetconfig
2020-01-21 10:56:18.997200 | > DO_CALL (0.000s wait)
.2020-01-21 10:56:19.001960 | eval'd: drake::cmq_buildtargetmetadepsspecht_is_subtargetconfig
2020-01-21 10:56:22.862411 | > DO_CALL (0.000s wait)
.2020-01-21 10:56:22.868341 | eval'd: drake::cmq_buildtargetmetadepsspecht_is_subtargetconfig
2020-01-21 10:56:27.097754 | > DO_CALL (0.000s wait)
.2020-01-21 10:56:27.101688 | eval'd: drake::cmq_buildtargetmetadepsspecht_is_subtargetconfig
2020-01-21 10:56:31.386997 | > DO_CALL (0.000s wait)
.2020-01-21 10:56:31.392236 | eval'd: drake::cmq_buildtargetmetadepsspecht_is_subtargetconfig
2020-01-21 10:56:37.585191 | > DO_CALL (0.000s wait)
.2020-01-21 10:56:37.823805 | eval'd: drake::cmq_buildtargetmetadepsspecht_is_subtargetconfig
2020-01-21 10:56:41.451887 | > DO_CALL (0.000s wait)
.2020-01-21 10:56:41.456907 | eval'd: drake::cmq_buildtargetmetadepsspecht_is_subtargetconfig
2020-01-21 10:56:46.287635 | > DO_CALL (0.001s wait)
.2020-01-21 10:56:46.291498 | eval'd: drake::cmq_buildtargetmetadepsspecht_is_subtargetconfig
2020-01-21 10:56:50.230294 | > DO_CALL (0.000s wait)
.2020-01-21 10:56:50.235397 | eval'd: drake::cmq_buildtargetmetadepsspecht_is_subtargetconfig
2020-01-21 10:56:53.939669 | > DO_CALL (0.001s wait)
.2020-01-21 10:56:53.943775 | eval'd: drake::cmq_buildtargetmetadepsspecht_is_subtargetconfig
2020-01-21 10:56:57.969739 | > DO_CALL (0.000s wait)
.2020-01-21 10:56:57.973820 | eval'd: drake::cmq_buildtargetmetadepsspecht_is_subtargetconfig
2020-01-21 10:57:02.643330 | > DO_CALL (0.000s wait)
.2020-01-21 10:57:02.649469 | eval'd: drake::cmq_buildtargetmetadepsspecht_is_subtargetconfig
2020-01-21 10:57:06.877029 | > DO_CALL (0.000s wait)
.2020-01-21 10:57:06.881968 | eval'd: drake::cmq_buildtargetmetadepsspecht_is_subtargetconfig
2020-01-21 10:57:10.988220 | > DO_CALL (0.000s wait)
.2020-01-21 10:57:10.993729 | eval'd: drake::cmq_buildtargetmetadepsspecht_is_subtargetconfig
2020-01-21 10:57:14.902749 | > DO_CALL (0.000s wait)
.2020-01-21 10:57:14.906769 | eval'd: drake::cmq_buildtargetmetadepsspecht_is_subtargetconfig
2020-01-21 10:57:18.960762 | > DO_CALL (0.000s wait)
.2020-01-21 10:57:18.964984 | eval'd: drake::cmq_buildtargetmetadepsspecht_is_subtargetconfig
2020-01-21 10:57:23.759198 | > DO_CALL (0.000s wait)
.2020-01-21 10:57:23.764793 | eval'd: drake::cmq_buildtargetmetadepsspecht_is_subtargetconfig
2020-01-21 10:57:27.902677 | > DO_CALL (0.001s wait)
.2020-01-21 10:57:27.906638 | eval'd: drake::cmq_buildtargetmetadepsspecht_is_subtargetconfig
2020-01-21 10:57:31.792934 | > DO_CALL (0.000s wait)
.2020-01-21 10:57:31.798006 | eval'd: drake::cmq_buildtargetmetadepsspecht_is_subtargetconfig
2020-01-21 10:57:35.681894 | > DO_CALL (0.000s wait)
.2020-01-21 10:57:35.686283 | eval'd: drake::cmq_buildtargetmetadepsspecht_is_subtargetconfig
2020-01-21 10:57:41.726792 | > DO_CALL (0.000s wait)
.2020-01-21 10:57:41.733189 | eval'd: drake::cmq_buildtargetmetadepsspecht_is_subtargetconfig
2020-01-21 10:57:45.888031 | > DO_CALL (0.000s wait)
.2020-01-21 10:57:45.892373 | eval'd: drake::cmq_buildtargetmetadepsspecht_is_subtargetconfig
2020-01-21 10:57:49.760555 | > DO_CALL (0.001s wait)
.2020-01-21 10:57:49.764599 | eval'd: drake::cmq_buildtargetmetadepsspecht_is_subtargetconfig
2020-01-21 10:57:54.019729 | > DO_CALL (0.000s wait)
.2020-01-21 10:57:54.023683 | eval'd: drake::cmq_buildtargetmetadepsspecht_is_subtargetconfig
2020-01-21 10:57:58.172518 | > DO_CALL (0.001s wait)
.2020-01-21 10:57:58.176518 | eval'd: drake::cmq_buildtargetmetadepsspecht_is_subtargetconfig
2020-01-21 10:58:02.758530 | > DO_CALL (0.001s wait)
.2020-01-21 10:58:02.763190 | eval'd: drake::cmq_buildtargetmetadepsspecht_is_subtargetconfig
2020-01-21 10:58:06.776712 | > DO_CALL (0.001s wait)
.2020-01-21 10:58:06.780656 | eval'd: drake::cmq_buildtargetmetadepsspecht_is_subtargetconfig
2020-01-21 10:58:10.764356 | > DO_CALL (0.000s wait)
.2020-01-21 10:58:10.770026 | eval'd: drake::cmq_buildtargetmetadepsspecht_is_subtargetconfig
2020-01-21 10:58:14.637166 | > DO_CALL (0.000s wait)
.2020-01-21 10:58:14.642060 | eval'd: drake::cmq_buildtargetmetadepsspecht_is_subtargetconfig
2020-01-21 10:58:18.345349 | > DO_CALL (0.000s wait)
.2020-01-21 10:58:18.350244 | eval'd: drake::cmq_buildtargetmetadepsspecht_is_subtargetconfig
2020-01-21 10:58:22.084255 | > DO_CALL (0.000s wait)
.2020-01-21 10:58:22.088921 | eval'd: drake::cmq_buildtargetmetadepsspecht_is_subtargetconfig
2020-01-21 10:58:26.210214 | > DO_CALL (0.000s wait)
.2020-01-21 10:58:26.214904 | eval'd: drake::cmq_buildtargetmetadepsspecht_is_subtargetconfig
2020-01-21 10:58:29.942142 | > DO_CALL (0.000s wait)
.2020-01-21 10:58:29.946645 | eval'd: drake::cmq_buildtargetmetadepsspecht_is_subtargetconfig
2020-01-21 10:58:33.663988 | > DO_CALL (0.000s wait)
.2020-01-21 10:58:33.668301 | eval'd: drake::cmq_buildtargetmetadepsspecht_is_subtargetconfig
2020-01-21 10:58:37.731199 | > DO_CALL (0.000s wait)
.2020-01-21 10:58:37.735855 | eval'd: drake::cmq_buildtargetmetadepsspecht_is_subtargetconfig
2020-01-21 10:58:43.762712 | > DO_CALL (0.000s wait)
.2020-01-21 10:58:43.769229 | eval'd: drake::cmq_buildtargetmetadepsspecht_is_subtargetconfig
2020-01-21 10:58:47.716624 | > DO_CALL (0.001s wait)
.2020-01-21 10:58:47.720638 | eval'd: drake::cmq_buildtargetmetadepsspecht_is_subtargetconfig
2020-01-21 10:58:51.591777 | > DO_CALL (0.000s wait)
.2020-01-21 10:58:51.596347 | eval'd: drake::cmq_buildtargetmetadepsspecht_is_subtargetconfig
2020-01-21 10:58:55.733900 | > DO_CALL (0.000s wait)
.2020-01-21 10:58:55.738089 | eval'd: drake::cmq_buildtargetmetadepsspecht_is_subtargetconfig
2020-01-21 10:59:00.669347 | > DO_CALL (0.000s wait)
.2020-01-21 10:59:00.674934 | eval'd: drake::cmq_buildtargetmetadepsspecht_is_subtargetconfig
2020-01-21 10:59:04.526583 | > DO_CALL (0.001s wait)
.2020-01-21 10:59:04.530853 | eval'd: drake::cmq_buildtargetmetadepsspecht_is_subtargetconfig
2020-01-21 10:59:08.356140 | > DO_CALL (0.000s wait)
.
2020-01-21 10:59:08.360718 | eval'd: drake::cmq_buildtargetmetadepsspecht_is_subtargetconfig
2020-01-21 10:59:12.243067 | > DO_CALL (0.000s wait)
.2020-01-21 10:59:12.247295 | eval'd: drake::cmq_buildtargetmetadepsspecht_is_subtargetconfig
2020-01-21 10:59:16.150240 | > DO_CALL (0.000s wait)
.2020-01-21 10:59:16.154983 | eval'd: drake::cmq_buildtargetmetadepsspecht_is_subtargetconfig
2020-01-21 10:59:20.160722 | > DO_CALL (0.001s wait)
.2020-01-21 10:59:20.164889 | eval'd: drake::cmq_buildtargetmetadepsspecht_is_subtargetconfig
2020-01-21 10:59:24.151385 | > DO_CALL (0.000s wait)
.2020-01-21 10:59:24.156487 | eval'd: drake::cmq_buildtargetmetadepsspecht_is_subtargetconfig
2020-01-21 10:59:28.829627 | > DO_CALL (0.001s wait)
.2020-01-21 10:59:28.833663 | eval'd: drake::cmq_buildtargetmetadepsspecht_is_subtargetconfig
2020-01-21 10:59:32.736662 | > DO_CALL (0.001s wait)
.2020-01-21 10:59:32.741222 | eval'd: drake::cmq_buildtargetmetadepsspecht_is_subtargetconfig
2020-01-21 10:59:36.548049 | > DO_CALL (0.000s wait)
.2020-01-21 10:59:36.552535 | eval'd: drake::cmq_buildtargetmetadepsspecht_is_subtargetconfig
2020-01-21 10:59:40.321218 | > DO_CALL (0.000s wait)
.2020-01-21 10:59:40.325923 | eval'd: drake::cmq_buildtargetmetadepsspecht_is_subtargetconfig
2020-01-21 10:59:45.903487 | > DO_CALL (0.001s wait)
.2020-01-21 10:59:45.910573 | eval'd: drake::cmq_buildtargetmetadepsspecht_is_subtargetconfig
2020-01-21 10:59:50.390946 | > DO_CALL (0.000s wait)
.2020-01-21 10:59:50.395313 | eval'd: drake::cmq_buildtargetmetadepsspecht_is_subtargetconfig
2020-01-21 10:59:54.194762 | > DO_CALL (0.000s wait)
.2020-01-21 10:59:54.199020 | eval'd: drake::cmq_buildtargetmetadepsspecht_is_subtargetconfig
2020-01-21 10:59:58.000529 | > DO_CALL (0.001s wait)
.2020-01-21 10:59:58.005743 | eval'd: drake::cmq_buildtargetmetadepsspecht_is_subtargetconfig
2020-01-21 11:00:01.928806 | > DO_CALL (0.000s wait)
.2020-01-21 11:00:01.933475 | eval'd: drake::cmq_buildtargetmetadepsspecht_is_subtargetconfig
2020-01-21 11:00:05.609591 | > DO_CALL (0.001s wait)
.2020-01-21 11:00:05.615254 | eval'd: drake::cmq_buildtargetmetadepsspecht_is_subtargetconfig
2020-01-21 11:00:09.157933 | > DO_CALL (0.000s wait)
.2020-01-21 11:00:09.162151 | eval'd: drake::cmq_buildtargetmetadepsspecht_is_subtargetconfig
2020-01-21 11:00:12.823612 | > DO_CALL (0.001s wait)
.2020-01-21 11:00:12.847921 | eval'd: drake::cmq_buildtargetmetadepsspecht_is_subtargetconfig
2020-01-21 11:00:16.554763 | > DO_CALL (0.000s wait)
.2020-01-21 11:00:16.558791 | eval'd: drake::cmq_buildtargetmetadepsspecht_is_subtargetconfig
2020-01-21 11:00:20.298673 | > DO_CALL (0.001s wait)
.2020-01-21 11:00:20.302751 | eval'd: drake::cmq_buildtargetmetadepsspecht_is_subtargetconfig
2020-01-21 11:00:24.320740 | > DO_CALL (0.000s wait)
.2020-01-21 11:00:24.324650 | eval'd: drake::cmq_buildtargetmetadepsspecht_is_subtargetconfig
2020-01-21 11:00:28.291663 | > DO_CALL (0.000s wait)
.2020-01-21 11:00:28.295464 | eval'd: drake::cmq_buildtargetmetadepsspecht_is_subtargetconfig
2020-01-21 11:00:32.733929 | > DO_CALL (0.000s wait)
.2020-01-21 11:00:32.738889 | eval'd: drake::cmq_buildtargetmetadepsspecht_is_subtargetconfig
2020-01-21 11:00:36.860419 | > DO_CALL (0.000s wait)
.2020-01-21 11:00:36.865637 | eval'd: drake::cmq_buildtargetmetadepsspecht_is_subtargetconfig
2020-01-21 11:00:40.668312 | > DO_CALL (0.000s wait)
.2020-01-21 11:00:40.673515 | eval'd: drake::cmq_buildtargetmetadepsspecht_is_subtargetconfig
2020-01-21 11:00:44.405545 | > DO_CALL (0.001s wait)
.2020-01-21 11:00:44.409451 | eval'd: drake::cmq_buildtargetmetadepsspecht_is_subtargetconfig
2020-01-21 11:00:50.178690 | > DO_CALL (0.000s wait)
.2020-01-21 11:00:50.184369 | eval'd: drake::cmq_buildtargetmetadepsspecht_is_subtargetconfig
2020-01-21 11:00:54.163084 | > DO_CALL (0.000s wait)
.2020-01-21 11:00:54.167405 | eval'd: drake::cmq_buildtargetmetadepsspecht_is_subtargetconfig
2020-01-21 11:00:58.154662 | > DO_CALL (0.000s wait)
.2020-01-21 11:00:58.158664 | eval'd: drake::cmq_buildtargetmetadepsspecht_is_subtargetconfig
2020-01-21 11:01:02.844639 | > DO_CALL (0.001s wait)
.2020-01-21 11:01:02.849071 | eval'd: drake::cmq_buildtargetmetadepsspecht_is_subtargetconfig
2020-01-21 11:01:06.720386 | > DO_CALL (0.000s wait)
.2020-01-21 11:01:06.725265 | eval'd: drake::cmq_buildtargetmetadepsspecht_is_subtargetconfig
2020-01-21 11:01:10.641893 | > DO_CALL (0.000s wait)
.2020-01-21 11:01:10.646775 | eval'd: drake::cmq_buildtargetmetadepsspecht_is_subtargetconfig
2020-01-21 11:01:14.845919 | > DO_CALL (0.000s wait)
.2020-01-21 11:01:14.849987 | eval'd: drake::cmq_buildtargetmetadepsspecht_is_subtargetconfig
2020-01-21 11:01:18.762743 | > DO_CALL (0.000s wait)
.2020-01-21 11:01:18.766773 | eval'd: drake::cmq_buildtargetmetadepsspecht_is_subtargetconfig
2020-01-21 11:01:22.320578 | > DO_CALL (0.001s wait)
.2020-01-21 11:01:22.324778 | eval'd: drake::cmq_buildtargetmetadepsspecht_is_subtargetconfig
2020-01-21 11:01:26.107071 | > DO_CALL (0.000s wait)
.2020-01-21 11:01:26.111438 | eval'd: drake::cmq_buildtargetmetadepsspecht_is_subtargetconfig
2020-01-21 11:01:29.804657 | > DO_CALL (0.001s wait)
.2020-01-21 11:01:29.808401 | eval'd: drake::cmq_buildtargetmetadepsspecht_is_subtargetconfig
2020-01-21 11:01:34.290428 | > DO_CALL (0.000s wait)
.2020-01-21 11:01:34.295629 | eval'd: drake::cmq_buildtargetmetadepsspecht_is_subtargetconfig
2020-01-21 11:01:37.886021 | > DO_CALL (0.000s wait)
.2020-01-21 11:01:37.890462 | eval'd: drake::cmq_buildtargetmetadepsspecht_is_subtargetconfig
2020-01-21 11:01:41.526638 | > DO_CALL (0.001s wait)
.2020-01-21 11:01:41.531100 | eval'd: drake::cmq_buildtargetmetadepsspecht_is_subtargetconfig
2020-01-21 11:01:45.143922 | > DO_CALL (0.000s wait)
.2020-01-21 11:01:45.148092 | eval'd: drake::cmq_buildtargetmetadepsspecht_is_subtargetconfig
2020-01-21 11:01:48.786657 | > DO_CALL (0.001s wait)
.2020-01-21 11:01:48.790444 | eval'd: drake::cmq_buildtargetmetadepsspecht_is_subtargetconfig
2020-01-21 11:01:54.625344 | > DO_CALL (0.000s wait)
.2020-01-21 11:01:54.630733 | eval'd: drake::cmq_buildtargetmetadepsspecht_is_subtargetconfig
2020-01-21 11:01:58.382688 | > DO_CALL (0.000s wait)
.2020-01-21 11:01:58.386549 | eval'd: drake::cmq_buildtargetmetadepsspecht_is_subtargetconfig
2020-01-21 11:02:02.238042 | > DO_CALL (0.000s wait)
.2020-01-21 11:02:02.242423 | eval'd: drake::cmq_buildtargetmetadepsspecht_is_subtargetconfig
2020-01-21 11:02:05.870844 | > DO_CALL (0.000s wait)
.2020-01-21 11:02:05.874967 | eval'd: drake::cmq_buildtargetmetadepsspecht_is_subtargetconfig
2020-01-21 11:02:09.515162 | > DO_CALL (0.000s wait)
.2020-01-21 11:02:09.519652 | eval'd: drake::cmq_buildtargetmetadepsspecht_is_subtargetconfig
2020-01-21 11:02:13.403251 | > DO_CALL (0.000s wait)
.2020-01-21 11:02:13.408931 | eval'd: drake::cmq_buildtargetmetadepsspecht_is_subtargetconfig
2020-01-21 11:02:17.175713 | > DO_CALL (0.000s wait)
.2020-01-21 11:02:17.179767 | eval'd: drake::cmq_buildtargetmetadepsspecht_is_subtargetconfig
2020-01-21 11:02:21.124449 | > DO_CALL (0.000s wait)
.2020-01-21 11:02:21.129794 | eval'd: drake::cmq_buildtargetmetadepsspecht_is_subtargetconfig
2020-01-21 11:02:24.906869 | > DO_CALL (0.000s wait)
.2020-01-21 11:02:24.910957 | eval'd: drake::cmq_buildtargetmetadepsspecht_is_subtargetconfig
2020-01-21 11:02:28.582668 | > DO_CALL (0.000s wait)
.2020-01-21 11:02:28.586712 | eval'd: drake::cmq_buildtargetmetadepsspecht_is_subtargetconfig
2020-01-21 11:02:32.189117 | > DO_CALL (0.000s wait)
.2020-01-21 11:02:32.193634 | eval'd: drake::cmq_buildtargetmetadepsspecht_is_subtargetconfig
2020-01-21 11:02:37.332667 | > DO_CALL (0.000s wait)
.2020-01-21 11:02:37.336963 | eval'd: drake::cmq_buildtargetmetadepsspecht_is_subtargetconfig
2020-01-21 11:02:41.142194 | > DO_CALL (0.000s wait)
.2020-01-21 11:02:41.147364 | eval'd: drake::cmq_buildtargetmetadepsspecht_is_subtargetconfig
2020-01-21 11:02:44.835572 | > DO_CALL (0.001s wait)
.2020-01-21 11:02:44.839360 | eval'd: drake::cmq_buildtargetmetadepsspecht_is_subtargetconfig
2020-01-21 11:02:48.772555 | > DO_CALL (0.001s wait)
.2020-01-21 11:02:48.776525 | eval'd: drake::cmq_buildtargetmetadepsspecht_is_subtargetconfig
2020-01-21 11:02:53.871215 | > DO_CALL (0.000s wait)
.2020-01-21 11:02:53.878472 | eval'd: drake::cmq_buildtargetmetadepsspecht_is_subtargetconfig
2020-01-21 11:02:57.736790 | > DO_CALL (0.000s wait)
.2020-01-21 11:02:57.740989 | eval'd: drake::cmq_buildtargetmetadepsspecht_is_subtargetconfig
2020-01-21 11:03:01.310623 | > DO_CALL (0.001s wait)
.2020-01-21 11:03:01.314919 | eval'd: drake::cmq_buildtargetmetadepsspecht_is_subtargetconfig
2020-01-21 11:03:04.882736 | > DO_CALL (0.000s wait)
.2020-01-21 11:03:04.886721 | eval'd: drake::cmq_buildtargetmetadepsspecht_is_subtargetconfig
2020-01-21 11:03:08.601621 | > DO_CALL (0.001s wait)
.2020-01-21 11:03:08.605520 | eval'd: drake::cmq_buildtargetmetadepsspecht_is_subtargetconfig
2020-01-21 11:03:12.260874 | > DO_CALL (0.000s wait)
.2020-01-21 11:03:12.265833 | eval'd: drake::cmq_buildtargetmetadepsspecht_is_subtargetconfig
2020-01-21 11:03:15.927647 | > DO_CALL (0.000s wait)
.2020-01-21 11:03:15.931489 | eval'd: drake::cmq_buildtargetmetadepsspecht_is_subtargetconfig
2020-01-21 11:03:20.401749 | > DO_CALL (0.000s wait)
.2020-01-21 11:03:20.405864 | eval'd: drake::cmq_buildtargetmetadepsspecht_is_subtargetconfig
2020-01-21 11:03:23.873672 | > DO_CALL (0.000s wait)
.2020-01-21 11:03:23.877433 | eval'd: drake::cmq_buildtargetmetadepsspecht_is_subtargetconfig
2020-01-21 11:03:27.711833 | > DO_CALL (0.000s wait)
.2020-01-21 11:03:27.716055 | eval'd: drake::cmq_buildtargetmetadepsspecht_is_subtargetconfig
2020-01-21 11:03:31.468780 | > DO_CALL (0.000s wait)
.2020-01-21 11:03:31.473613 | eval'd: drake::cmq_buildtargetmetadepsspecht_is_subtargetconfig
2020-01-21 11:03:35.937806 | > DO_CALL (0.000s wait)
.2020-01-21 11:03:35.941786 | eval'd: drake::cmq_buildtargetmetadepsspecht_is_subtargetconfig
2020-01-21 11:03:40.972725 | > DO_CALL (0.000s wait)
.2020-01-21 11:03:40.977207 | eval'd: drake::cmq_buildtargetmetadepsspecht_is_subtargetconfig
2020-01-21 11:03:44.773588 | > DO_CALL (0.001s wait)
.2020-01-21 11:03:44.777298 | eval'd: drake::cmq_buildtargetmetadepsspecht_is_subtargetconfig
2020-01-21 11:03:48.370381 | > DO_CALL (0.000s wait)
.2020-01-21 11:03:48.375251 | eval'd: drake::cmq_buildtargetmetadepsspecht_is_subtargetconfig
2020-01-21 11:03:52.101926 | > DO_CALL (0.000s wait)
.2020-01-21 11:03:52.106668 | eval'd: drake::cmq_buildtargetmetadepsspecht_is_subtargetconfig
2020-01-21 11:03:57.810613 | > DO_CALL (0.001s wait)
.2020-01-21 11:03:57.816192 | eval'd: drake::cmq_buildtargetmetadepsspecht_is_subtargetconfig
2020-01-21 11:04:02.561106 | > DO_CALL (0.000s wait)
.2020-01-21 11:04:02.566133 | eval'd: drake::cmq_buildtargetmetadepsspecht_is_subtargetconfig
2020-01-21 11:04:06.360335 | > DO_CALL (0.000s wait)
.2020-01-21 11:04:06.365255 | eval'd: drake::cmq_buildtargetmetadepsspecht_is_subtargetconfig
2020-01-21 11:04:10.129709 | > DO_CALL (0.000s wait)
.2020-01-21 11:04:10.133822 | eval'd: drake::cmq_buildtargetmetadepsspecht_is_subtargetconfig
2020-01-21 11:04:13.809761 | > DO_CALL (0.000s wait)
.2020-01-21 11:04:13.813649 | eval'd: drake::cmq_buildtargetmetadepsspecht_is_subtargetconfig
2020-01-21 11:04:17.637088 | > DO_CALL (0.000s wait)
.2020-01-21 11:04:17.641633 | eval'd: drake::cmq_buildtargetmetadepsspecht_is_subtargetconfig
2020-01-21 11:04:21.486167 | > DO_CALL (0.000s wait)
.2020-01-21 11:04:21.491347 | eval'd: drake::cmq_buildtargetmetadepsspecht_is_subtargetconfig
2020-01-21 11:04:25.123442 | > DO_CALL (0.000s wait)
.
2020-01-21 11:04:25.128303 | eval'd: drake::cmq_buildtargetmetadepsspecht_is_subtargetconfig
2020-01-21 11:04:28.903963 | > DO_CALL (0.000s wait)
.2020-01-21 11:04:28.908310 | eval'd: drake::cmq_buildtargetmetadepsspecht_is_subtargetconfig
2020-01-21 11:04:32.393940 | > DO_CALL (0.000s wait)
.2020-01-21 11:04:32.398112 | eval'd: drake::cmq_buildtargetmetadepsspecht_is_subtargetconfig
2020-01-21 11:04:36.237681 | > DO_CALL (0.000s wait)
.2020-01-21 11:04:36.241443 | eval'd: drake::cmq_buildtargetmetadepsspecht_is_subtargetconfig
2020-01-21 11:04:40.051171 | > DO_CALL (0.000s wait)
.2020-01-21 11:04:40.055607 | eval'd: drake::cmq_buildtargetmetadepsspecht_is_subtargetconfig
2020-01-21 11:04:44.438393 | > DO_CALL (0.000s wait)
.2020-01-21 11:04:44.443222 | eval'd: drake::cmq_buildtargetmetadepsspecht_is_subtargetconfig
2020-01-21 11:04:48.175115 | > DO_CALL (0.000s wait)
.2020-01-21 11:04:48.179752 | eval'd: drake::cmq_buildtargetmetadepsspecht_is_subtargetconfig
2020-01-21 11:04:51.874468 | > DO_CALL (0.001s wait)
.2020-01-21 11:04:51.879964 | eval'd: drake::cmq_buildtargetmetadepsspecht_is_subtargetconfig
2020-01-21 11:04:55.673413 | > DO_CALL (0.000s wait)
.2020-01-21 11:04:55.678557 | eval'd: drake::cmq_buildtargetmetadepsspecht_is_subtargetconfig
2020-01-21 11:05:01.358718 | > DO_CALL (0.000s wait)
.2020-01-21 11:05:01.365306 | eval'd: drake::cmq_buildtargetmetadepsspecht_is_subtargetconfig
2020-01-21 11:05:04.973332 | > DO_CALL (0.000s wait)
.2020-01-21 11:05:04.978135 | eval'd: drake::cmq_buildtargetmetadepsspecht_is_subtargetconfig
2020-01-21 11:05:08.464285 | > DO_CALL (0.000s wait)
.2020-01-21 11:05:08.469006 | eval'd: drake::cmq_buildtargetmetadepsspecht_is_subtargetconfig
2020-01-21 11:05:12.357567 | > DO_CALL (0.001s wait)
.2020-01-21 11:05:12.363280 | eval'd: drake::cmq_buildtargetmetadepsspecht_is_subtargetconfig
2020-01-21 11:05:15.968742 | > DO_CALL (0.000s wait)
.2020-01-21 11:05:15.972656 | eval'd: drake::cmq_buildtargetmetadepsspecht_is_subtargetconfig
2020-01-21 11:05:20.344744 | > DO_CALL (0.000s wait)
.2020-01-21 11:05:20.348822 | eval'd: drake::cmq_buildtargetmetadepsspecht_is_subtargetconfig
2020-01-21 11:05:24.008703 | > DO_CALL (0.001s wait)
.2020-01-21 11:05:24.025661 | eval'd: drake::cmq_buildtargetmetadepsspecht_is_subtargetconfig
2020-01-21 11:05:27.609682 | > DO_CALL (0.000s wait)
.2020-01-21 11:05:27.613584 | eval'd: drake::cmq_buildtargetmetadepsspecht_is_subtargetconfig
2020-01-21 11:05:31.346632 | > DO_CALL (0.000s wait)
.2020-01-21 11:05:31.350917 | eval'd: drake::cmq_buildtargetmetadepsspecht_is_subtargetconfig
2020-01-21 11:05:35.104098 | > DO_CALL (0.000s wait)
.2020-01-21 11:05:35.108424 | eval'd: drake::cmq_buildtargetmetadepsspecht_is_subtargetconfig
2020-01-21 11:05:38.592381 | > DO_CALL (0.000s wait)
.2020-01-21 11:05:38.597288 | eval'd: drake::cmq_buildtargetmetadepsspecht_is_subtargetconfig
2020-01-21 11:05:42.528497 | > DO_CALL (0.001s wait)
.2020-01-21 11:05:42.534257 | eval'd: drake::cmq_buildtargetmetadepsspecht_is_subtargetconfig
2020-01-21 11:05:47.059802 | > DO_CALL (0.000s wait)
.2020-01-21 11:05:47.063843 | eval'd: drake::cmq_buildtargetmetadepsspecht_is_subtargetconfig
2020-01-21 11:05:50.701477 | > DO_CALL (0.001s wait)
.2020-01-21 11:05:50.706769 | eval'd: drake::cmq_buildtargetmetadepsspecht_is_subtargetconfig
2020-01-21 11:05:54.312392 | > DO_CALL (0.000s wait)
.2020-01-21 11:05:54.317045 | eval'd: drake::cmq_buildtargetmetadepsspecht_is_subtargetconfig
2020-01-21 11:05:57.850241 | > DO_CALL (0.000s wait)
.2020-01-21 11:05:57.855221 | eval'd: drake::cmq_buildtargetmetadepsspecht_is_subtargetconfig
2020-01-21 11:06:01.255612 | > DO_CALL (0.001s wait)
.2020-01-21 11:06:01.260294 | eval'd: drake::cmq_buildtargetmetadepsspecht_is_subtargetconfig
2020-01-21 11:06:06.148720 | > DO_CALL (0.000s wait)
.2020-01-21 11:06:06.152651 | eval'd: drake::cmq_buildtargetmetadepsspecht_is_subtargetconfig
2020-01-21 11:06:09.792057 | > DO_CALL (0.000s wait)
.2020-01-21 11:06:09.796503 | eval'd: drake::cmq_buildtargetmetadepsspecht_is_subtargetconfig
2020-01-21 11:06:13.329721 | > DO_CALL (0.000s wait)
.2020-01-21 11:06:13.333698 | eval'd: drake::cmq_buildtargetmetadepsspecht_is_subtargetconfig
2020-01-21 11:06:17.240035 | > DO_CALL (0.000s wait)
.2020-01-21 11:06:17.244243 | eval'd: drake::cmq_buildtargetmetadepsspecht_is_subtargetconfig
2020-01-21 11:06:21.521637 | > DO_CALL (0.000s wait)
.2020-01-21 11:06:21.526004 | eval'd: drake::cmq_buildtargetmetadepsspecht_is_subtargetconfig
2020-01-21 11:06:25.002771 | > DO_CALL (0.000s wait)
.2020-01-21 11:06:25.006840 | eval'd: drake::cmq_buildtargetmetadepsspecht_is_subtargetconfig
2020-01-21 11:06:28.529063 | > DO_CALL (0.000s wait)
.2020-01-21 11:06:28.533989 | eval'd: drake::cmq_buildtargetmetadepsspecht_is_subtargetconfig
2020-01-21 11:06:32.307593 | > DO_CALL (0.001s wait)
.2020-01-21 11:06:32.312450 | eval'd: drake::cmq_buildtargetmetadepsspecht_is_subtargetconfig
2020-01-21 11:06:35.934864 | > DO_CALL (0.000s wait)
.2020-01-21 11:06:35.938954 | eval'd: drake::cmq_buildtargetmetadepsspecht_is_subtargetconfig
2020-01-21 11:06:39.487706 | > DO_CALL (0.000s wait)
.2020-01-21 11:06:39.491704 | eval'd: drake::cmq_buildtargetmetadepsspecht_is_subtargetconfig
2020-01-21 11:06:43.161622 | > DO_CALL (0.000s wait)
.2020-01-21 11:06:43.166102 | eval'd: drake::cmq_buildtargetmetadepsspecht_is_subtargetconfig
2020-01-21 11:06:46.690348 | > DO_CALL (0.000s wait)
.2020-01-21 11:06:46.695051 | eval'd: drake::cmq_buildtargetmetadepsspecht_is_subtargetconfig
2020-01-21 11:06:50.939690 | > DO_CALL (0.000s wait)
.2020-01-21 11:06:50.944492 | eval'd: drake::cmq_buildtargetmetadepsspecht_is_subtargetconfig
2020-01-21 11:06:54.641604 | > DO_CALL (0.001s wait)
.2020-01-21 11:06:54.645416 | eval'd: drake::cmq_buildtargetmetadepsspecht_is_subtargetconfig
2020-01-21 11:06:58.367638 | > DO_CALL (0.000s wait)
.2020-01-21 11:06:58.371898 | eval'd: drake::cmq_buildtargetmetadepsspecht_is_subtargetconfig
2020-01-21 11:07:02.101496 | > DO_CALL (0.001s wait)
.2020-01-21 11:07:02.109571 | eval'd: drake::cmq_buildtargetmetadepsspecht_is_subtargetconfig
2020-01-21 11:07:07.842900 | > DO_CALL (0.000s wait)
.2020-01-21 11:07:07.847306 | eval'd: drake::cmq_buildtargetmetadepsspecht_is_subtargetconfig
2020-01-21 11:07:11.319729 | > DO_CALL (0.000s wait)
.2020-01-21 11:07:11.324242 | eval'd: drake::cmq_buildtargetmetadepsspecht_is_subtargetconfig
2020-01-21 11:07:14.751765 | > DO_CALL (0.000s wait)
.2020-01-21 11:07:14.755759 | eval'd: drake::cmq_buildtargetmetadepsspecht_is_subtargetconfig
2020-01-21 11:07:18.160201 | > DO_CALL (0.000s wait)
.2020-01-21 11:07:18.165031 | eval'd: drake::cmq_buildtargetmetadepsspecht_is_subtargetconfig
2020-01-21 11:07:21.645580 | > DO_CALL (0.001s wait)
.2020-01-21 11:07:21.651230 | eval'd: drake::cmq_buildtargetmetadepsspecht_is_subtargetconfig
2020-01-21 11:07:25.921730 | > DO_CALL (0.000s wait)
.2020-01-21 11:07:25.925512 | eval'd: drake::cmq_buildtargetmetadepsspecht_is_subtargetconfig
2020-01-21 11:07:29.393733 | > DO_CALL (0.000s wait)
.2020-01-21 11:07:29.397735 | eval'd: drake::cmq_buildtargetmetadepsspecht_is_subtargetconfig
2020-01-21 11:07:33.029751 | > DO_CALL (0.000s wait)
.2020-01-21 11:07:33.034402 | eval'd: drake::cmq_buildtargetmetadepsspecht_is_subtargetconfig
2020-01-21 11:07:36.571511 | > DO_CALL (0.001s wait)
.2020-01-21 11:07:36.577094 | eval'd: drake::cmq_buildtargetmetadepsspecht_is_subtargetconfig
2020-01-21 11:07:40.023077 | > DO_CALL (0.000s wait)
.2020-01-21 11:07:40.027852 | eval'd: drake::cmq_buildtargetmetadepsspecht_is_subtargetconfig
2020-01-21 11:07:43.798482 | > DO_CALL (0.001s wait)
.2020-01-21 11:07:43.803848 | eval'd: drake::cmq_buildtargetmetadepsspecht_is_subtargetconfig
2020-01-21 11:07:47.410707 | > DO_CALL (0.000s wait)
.2020-01-21 11:07:47.414724 | eval'd: drake::cmq_buildtargetmetadepsspecht_is_subtargetconfig
2020-01-21 11:07:51.288452 | > DO_CALL (0.001s wait)
.2020-01-21 11:07:51.294052 | eval'd: drake::cmq_buildtargetmetadepsspecht_is_subtargetconfig
2020-01-21 11:07:55.945277 | > DO_CALL (0.000s wait)
.2020-01-21 11:07:55.950361 | eval'd: drake::cmq_buildtargetmetadepsspecht_is_subtargetconfig
2020-01-21 11:07:59.479277 | > DO_CALL (0.000s wait)
.2020-01-21 11:07:59.484098 | eval'd: drake::cmq_buildtargetmetadepsspecht_is_subtargetconfig
2020-01-21 11:08:03.081717 | > DO_CALL (0.000s wait)
.2020-01-21 11:08:03.088393 | eval'd: drake::cmq_buildtargetmetadepsspecht_is_subtargetconfig
2020-01-21 11:08:06.697851 | > DO_CALL (0.000s wait)
.2020-01-21 11:08:06.701938 | eval'd: drake::cmq_buildtargetmetadepsspecht_is_subtargetconfig
2020-01-21 11:08:12.129932 | > DO_CALL (0.000s wait)
.2020-01-21 11:08:12.134973 | eval'd: drake::cmq_buildtargetmetadepsspecht_is_subtargetconfig
2020-01-21 11:08:15.744264 | > DO_CALL (0.000s wait)
.2020-01-21 11:08:15.748930 | eval'd: drake::cmq_buildtargetmetadepsspecht_is_subtargetconfig
2020-01-21 11:08:19.243252 | > DO_CALL (0.000s wait)
.2020-01-21 11:08:19.247553 | eval'd: drake::cmq_buildtargetmetadepsspecht_is_subtargetconfig
2020-01-21 11:08:22.730702 | > DO_CALL (0.000s wait)
.2020-01-21 11:08:22.735236 | eval'd: drake::cmq_buildtargetmetadepsspecht_is_subtargetconfig
2020-01-21 11:08:26.269645 | > DO_CALL (0.000s wait)
.2020-01-21 11:08:26.273585 | eval'd: drake::cmq_buildtargetmetadepsspecht_is_subtargetconfig
2020-01-21 11:08:29.851986 | > DO_CALL (0.000s wait)
.2020-01-21 11:08:29.856617 | eval'd: drake::cmq_buildtargetmetadepsspecht_is_subtargetconfig
2020-01-21 11:08:34.305452 | > DO_CALL (0.001s wait)
.2020-01-21 11:08:34.309541 | eval'd: drake::cmq_buildtargetmetadepsspecht_is_subtargetconfig
2020-01-21 11:08:37.946405 | > DO_CALL (0.000s wait)
.2020-01-21 11:08:37.951378 | eval'd: drake::cmq_buildtargetmetadepsspecht_is_subtargetconfig
2020-01-21 11:08:41.500442 | > DO_CALL (0.000s wait)
.2020-01-21 11:08:41.506074 | eval'd: drake::cmq_buildtargetmetadepsspecht_is_subtargetconfig
2020-01-21 11:08:45.149197 | > DO_CALL (0.000s wait)
.2020-01-21 11:08:45.153790 | eval'd: drake::cmq_buildtargetmetadepsspecht_is_subtargetconfig
2020-01-21 11:08:48.888324 | > DO_CALL (0.000s wait)
.2020-01-21 11:08:48.893555 | eval'd: drake::cmq_buildtargetmetadepsspecht_is_subtargetconfig
2020-01-21 11:08:52.350656 | > DO_CALL (0.000s wait)
.2020-01-21 11:08:52.354909 | eval'd: drake::cmq_buildtargetmetadepsspecht_is_subtargetconfig
2020-01-21 11:08:56.282216 | > DO_CALL (0.000s wait)
.2020-01-21 11:08:56.286703 | eval'd: drake::cmq_buildtargetmetadepsspecht_is_subtargetconfig
2020-01-21 11:08:59.985821 | > DO_CALL (0.000s wait)
.2020-01-21 11:08:59.989774 | eval'd: drake::cmq_buildtargetmetadepsspecht_is_subtargetconfig
2020-01-21 11:09:03.842641 | > DO_CALL (0.000s wait)
.2020-01-21 11:09:03.848359 | eval'd: drake::cmq_buildtargetmetadepsspecht_is_subtargetconfig
2020-01-21 11:09:07.575632 | > DO_CALL (0.001s wait)
.2020-01-21 11:09:07.580896 | eval'd: drake::cmq_buildtargetmetadepsspecht_is_subtargetconfig
2020-01-21 11:09:13.211360 | > DO_CALL (0.000s wait)
.2020-01-21 11:09:13.217103 | eval'd: drake::cmq_buildtargetmetadepsspecht_is_subtargetconfig
2020-01-21 11:09:16.711075 | > DO_CALL (0.000s wait)
.2020-01-21 11:09:16.715704 | eval'd: drake::cmq_buildtargetmetadepsspecht_is_subtargetconfig
2020-01-21 11:09:20.051913 | > DO_CALL (0.000s wait)
.2020-01-21 11:09:20.056576 | eval'd: drake::cmq_buildtargetmetadepsspecht_is_subtargetconfig
2020-01-21 11:09:23.598803 | > DO_CALL (0.000s wait)
.2020-01-21 11:09:23.603240 | eval'd: drake::cmq_buildtargetmetadepsspecht_is_subtargetconfig
2020-01-21 11:09:27.088542 | > DO_CALL (0.001s wait)
.
2020-01-21 11:09:27.093801 | eval'd: drake::cmq_buildtargetmetadepsspecht_is_subtargetconfig
2020-01-21 11:09:30.960226 | > DO_CALL (0.012s wait)
.2020-01-21 11:09:30.964665 | eval'd: drake::cmq_buildtargetmetadepsspecht_is_subtargetconfig
2020-01-21 11:09:34.679676 | > DO_CALL (0.000s wait)
.2020-01-21 11:09:34.683739 | eval'd: drake::cmq_buildtargetmetadepsspecht_is_subtargetconfig
2020-01-21 11:09:38.347231 | > DO_CALL (0.000s wait)
.2020-01-21 11:09:38.352066 | eval'd: drake::cmq_buildtargetmetadepsspecht_is_subtargetconfig
2020-01-21 11:09:42.800740 | > DO_CALL (0.000s wait)
.2020-01-21 11:09:42.805107 | eval'd: drake::cmq_buildtargetmetadepsspecht_is_subtargetconfig
2020-01-21 11:09:46.458738 | > DO_CALL (0.000s wait)
.2020-01-21 11:09:46.463050 | eval'd: drake::cmq_buildtargetmetadepsspecht_is_subtargetconfig
2020-01-21 11:09:49.995249 | > DO_CALL (0.000s wait)
.2020-01-21 11:09:49.999869 | eval'd: drake::cmq_buildtargetmetadepsspecht_is_subtargetconfig
2020-01-21 11:09:53.475100 | > DO_CALL (0.000s wait)
.2020-01-21 11:09:53.479809 | eval'd: drake::cmq_buildtargetmetadepsspecht_is_subtargetconfig
2020-01-21 11:09:56.964797 | > DO_CALL (0.000s wait)
.2020-01-21 11:09:56.968890 | eval'd: drake::cmq_buildtargetmetadepsspecht_is_subtargetconfig
2020-01-21 11:10:01.013853 | > DO_CALL (0.000s wait)
.2020-01-21 11:10:01.018790 | eval'd: drake::cmq_buildtargetmetadepsspecht_is_subtargetconfig
2020-01-21 11:10:04.497744 | > DO_CALL (0.001s wait)
.2020-01-21 11:10:04.505261 | eval'd: drake::cmq_buildtargetmetadepsspecht_is_subtargetconfig
2020-01-21 11:10:07.991842 | > DO_CALL (0.000s wait)
.2020-01-21 11:10:07.996114 | eval'd: drake::cmq_buildtargetmetadepsspecht_is_subtargetconfig
2020-01-21 11:10:11.533636 | > DO_CALL (0.000s wait)
.2020-01-21 11:10:11.538184 | eval'd: drake::cmq_buildtargetmetadepsspecht_is_subtargetconfig
2020-01-21 11:10:16.751640 | > DO_CALL (0.000s wait)
.2020-01-21 11:10:16.755961 | eval'd: drake::cmq_buildtargetmetadepsspecht_is_subtargetconfig
2020-01-21 11:10:20.243802 | > DO_CALL (0.000s wait)
.2020-01-21 11:10:20.247781 | eval'd: drake::cmq_buildtargetmetadepsspecht_is_subtargetconfig
2020-01-21 11:10:23.840702 | > DO_CALL (0.001s wait)
.2020-01-21 11:10:23.846329 | eval'd: drake::cmq_buildtargetmetadepsspecht_is_subtargetconfig
2020-01-21 11:10:27.298766 | > DO_CALL (0.001s wait)
.2020-01-21 11:10:27.317555 | eval'd: drake::cmq_buildtargetmetadepsspecht_is_subtargetconfig
2020-01-21 11:10:30.928506 | > DO_CALL (0.001s wait)
.2020-01-21 11:10:30.934086 | eval'd: drake::cmq_buildtargetmetadepsspecht_is_subtargetconfig
2020-01-21 11:10:34.494674 | > DO_CALL (0.000s wait)
.2020-01-21 11:10:34.498690 | eval'd: drake::cmq_buildtargetmetadepsspecht_is_subtargetconfig
2020-01-21 11:10:38.130090 | > DO_CALL (0.000s wait)
.2020-01-21 11:10:38.134867 | eval'd: drake::cmq_buildtargetmetadepsspecht_is_subtargetconfig
2020-01-21 11:10:41.737627 | > DO_CALL (0.000s wait)
.2020-01-21 11:10:41.742295 | eval'd: drake::cmq_buildtargetmetadepsspecht_is_subtargetconfig
2020-01-21 11:10:45.313963 | > DO_CALL (0.000s wait)
.2020-01-21 11:10:45.318251 | eval'd: drake::cmq_buildtargetmetadepsspecht_is_subtargetconfig
2020-01-21 11:10:48.890412 | > DO_CALL (0.000s wait)
.2020-01-21 11:10:48.895579 | eval'd: drake::cmq_buildtargetmetadepsspecht_is_subtargetconfig
2020-01-21 11:10:52.334957 | > DO_CALL (0.000s wait)
.2020-01-21 11:10:52.339152 | eval'd: drake::cmq_buildtargetmetadepsspecht_is_subtargetconfig
2020-01-21 11:10:56.744937 | > DO_CALL (0.000s wait)
.2020-01-21 11:10:56.749119 | eval'd: drake::cmq_buildtargetmetadepsspecht_is_subtargetconfig
2020-01-21 11:11:00.967726 | > DO_CALL (0.000s wait)
.2020-01-21 11:11:00.972189 | eval'd: drake::cmq_buildtargetmetadepsspecht_is_subtargetconfig
2020-01-21 11:11:04.678388 | > DO_CALL (0.000s wait)
.2020-01-21 11:11:04.902436 | eval'd: drake::cmq_buildtargetmetadepsspecht_is_subtargetconfig
2020-01-21 11:11:08.327100 | > DO_CALL (0.000s wait)
.2020-01-21 11:11:08.331542 | eval'd: drake::cmq_buildtargetmetadepsspecht_is_subtargetconfig
2020-01-21 11:11:11.796570 | > DO_CALL (0.001s wait)
.2020-01-21 11:11:11.802186 | eval'd: drake::cmq_buildtargetmetadepsspecht_is_subtargetconfig
2020-01-21 11:11:16.342511 | > DO_CALL (0.001s wait)
.2020-01-21 11:11:16.348050 | eval'd: drake::cmq_buildtargetmetadepsspecht_is_subtargetconfig
2020-01-21 11:11:21.056685 | > DO_CALL (0.000s wait)
.2020-01-21 11:11:21.061418 | eval'd: drake::cmq_buildtargetmetadepsspecht_is_subtargetconfig
2020-01-21 11:11:24.631112 | > DO_CALL (0.000s wait)
.2020-01-21 11:11:24.635784 | eval'd: drake::cmq_buildtargetmetadepsspecht_is_subtargetconfig
2020-01-21 11:11:28.099881 | > DO_CALL (0.000s wait)
.2020-01-21 11:11:28.104230 | eval'd: drake::cmq_buildtargetmetadepsspecht_is_subtargetconfig
2020-01-21 11:11:31.628754 | > DO_CALL (0.000s wait)
.2020-01-21 11:11:31.633260 | eval'd: drake::cmq_buildtargetmetadepsspecht_is_subtargetconfig
2020-01-21 11:11:35.342995 | > DO_CALL (0.000s wait)
.2020-01-21 11:11:35.347294 | eval'd: drake::cmq_buildtargetmetadepsspecht_is_subtargetconfig
2020-01-21 11:11:39.055702 | > DO_CALL (0.000s wait)
.2020-01-21 11:11:39.059605 | eval'd: drake::cmq_buildtargetmetadepsspecht_is_subtargetconfig
2020-01-21 11:11:42.757760 | > DO_CALL (0.000s wait)
.2020-01-21 11:11:42.761856 | eval'd: drake::cmq_buildtargetmetadepsspecht_is_subtargetconfig
2020-01-21 11:11:46.458569 | > DO_CALL (0.001s wait)
.2020-01-21 11:11:46.464092 | eval'd: drake::cmq_buildtargetmetadepsspecht_is_subtargetconfig
2020-01-21 11:11:50.015610 | > DO_CALL (0.001s wait)
.2020-01-21 11:11:50.019710 | eval'd: drake::cmq_buildtargetmetadepsspecht_is_subtargetconfig
2020-01-21 11:11:53.515671 | > DO_CALL (0.000s wait)
.2020-01-21 11:11:53.519842 | eval'd: drake::cmq_buildtargetmetadepsspecht_is_subtargetconfig
2020-01-21 11:11:57.829494 | > DO_CALL (0.001s wait)
.2020-01-21 11:11:57.834803 | eval'd: drake::cmq_buildtargetmetadepsspecht_is_subtargetconfig
2020-01-21 11:12:01.393213 | > DO_CALL (0.000s wait)
.2020-01-21 11:12:01.398769 | eval'd: drake::cmq_buildtargetmetadepsspecht_is_subtargetconfig
2020-01-21 11:12:05.402805 | > DO_CALL (0.000s wait)
.2020-01-21 11:12:05.409151 | eval'd: drake::cmq_buildtargetmetadepsspecht_is_subtargetconfig
2020-01-21 11:12:08.923430 | > DO_CALL (0.000s wait)
.2020-01-21 11:12:08.928530 | eval'd: drake::cmq_buildtargetmetadepsspecht_is_subtargetconfig
2020-01-21 11:12:12.404779 | > DO_CALL (0.000s wait)
.2020-01-21 11:12:12.408831 | eval'd: drake::cmq_buildtargetmetadepsspecht_is_subtargetconfig
2020-01-21 11:12:15.872773 | > DO_CALL (0.000s wait)
.2020-01-21 11:12:15.876759 | eval'd: drake::cmq_buildtargetmetadepsspecht_is_subtargetconfig
2020-01-21 11:12:21.242991 | > DO_CALL (0.000s wait)
.2020-01-21 11:12:21.247913 | eval'd: drake::cmq_buildtargetmetadepsspecht_is_subtargetconfig
2020-01-21 11:12:24.621426 | > DO_CALL (0.000s wait)
.2020-01-21 11:12:24.626388 | eval'd: drake::cmq_buildtargetmetadepsspecht_is_subtargetconfig
2020-01-21 11:12:28.111318 | > DO_CALL (0.000s wait)
.2020-01-21 11:12:28.116170 | eval'd: drake::cmq_buildtargetmetadepsspecht_is_subtargetconfig
2020-01-21 11:12:32.560794 | > DO_CALL (0.000s wait)
.2020-01-21 11:12:32.565711 | eval'd: drake::cmq_buildtargetmetadepsspecht_is_subtargetconfig
2020-01-21 11:12:36.093950 | > DO_CALL (0.000s wait)
.2020-01-21 11:12:36.098453 | eval'd: drake::cmq_buildtargetmetadepsspecht_is_subtargetconfig
2020-01-21 11:12:39.539979 | > DO_CALL (0.000s wait)
.2020-01-21 11:12:39.544432 | eval'd: drake::cmq_buildtargetmetadepsspecht_is_subtargetconfig
2020-01-21 11:12:43.070800 | > DO_CALL (0.000s wait)
.2020-01-21 11:12:43.075490 | eval'd: drake::cmq_buildtargetmetadepsspecht_is_subtargetconfig
2020-01-21 11:12:46.641478 | > DO_CALL (0.001s wait)
.2020-01-21 11:12:46.646617 | eval'd: drake::cmq_buildtargetmetadepsspecht_is_subtargetconfig
2020-01-21 11:12:50.072601 | > DO_CALL (0.001s wait)
.2020-01-21 11:12:50.078184 | eval'd: drake::cmq_buildtargetmetadepsspecht_is_subtargetconfig
2020-01-21 11:12:53.669510 | > DO_CALL (0.001s wait)
.2020-01-21 11:12:53.674944 | eval'd: drake::cmq_buildtargetmetadepsspecht_is_subtargetconfig
2020-01-21 11:12:57.128760 | > DO_CALL (0.000s wait)
.2020-01-21 11:12:57.132880 | eval'd: drake::cmq_buildtargetmetadepsspecht_is_subtargetconfig
2020-01-21 11:13:00.700515 | > DO_CALL (0.001s wait)
.2020-01-21 11:13:00.706294 | eval'd: drake::cmq_buildtargetmetadepsspecht_is_subtargetconfig
2020-01-21 11:13:03.877614 | > DO_CALL (0.001s wait)
.2020-01-21 11:13:03.881724 | eval'd: drake::cmq_buildtargetmetadepsspecht_is_subtargetconfig
2020-01-21 11:13:07.834649 | > DO_CALL (0.000s wait)
.2020-01-21 11:13:08.094409 | eval'd: drake::cmq_buildtargetmetadepsspecht_is_subtargetconfig
2020-01-21 11:13:11.468742 | > DO_CALL (0.000s wait)
.2020-01-21 11:13:11.473479 | eval'd: drake::cmq_buildtargetmetadepsspecht_is_subtargetconfig
2020-01-21 11:13:15.117659 | > DO_CALL (0.000s wait)
.2020-01-21 11:13:15.121757 | eval'd: drake::cmq_buildtargetmetadepsspecht_is_subtargetconfig
2020-01-21 11:13:18.726394 | > DO_CALL (0.000s wait)
.2020-01-21 11:13:18.731339 | eval'd: drake::cmq_buildtargetmetadepsspecht_is_subtargetconfig
2020-01-21 11:13:23.849162 | > DO_CALL (0.000s wait)
.2020-01-21 11:13:23.854426 | eval'd: drake::cmq_buildtargetmetadepsspecht_is_subtargetconfig
2020-01-21 11:13:27.340641 | > DO_CALL (0.000s wait)
.2020-01-21 11:13:27.344639 | eval'd: drake::cmq_buildtargetmetadepsspecht_is_subtargetconfig
2020-01-21 11:13:30.893779 | > DO_CALL (0.000s wait)
.2020-01-21 11:13:30.898403 | eval'd: drake::cmq_buildtargetmetadepsspecht_is_subtargetconfig
2020-01-21 11:13:34.523031 | > DO_CALL (0.000s wait)
.2020-01-21 11:13:34.527372 | eval'd: drake::cmq_buildtargetmetadepsspecht_is_subtargetconfig
2020-01-21 11:13:37.901536 | > DO_CALL (0.001s wait)
.2020-01-21 11:13:37.906932 | eval'd: drake::cmq_buildtargetmetadepsspecht_is_subtargetconfig
2020-01-21 11:13:41.392898 | > DO_CALL (0.000s wait)
.2020-01-21 11:13:41.397887 | eval'd: drake::cmq_buildtargetmetadepsspecht_is_subtargetconfig
2020-01-21 11:13:45.710446 | > DO_CALL (0.000s wait)
.2020-01-21 11:13:45.715534 | eval'd: drake::cmq_buildtargetmetadepsspecht_is_subtargetconfig
2020-01-21 11:13:49.133455 | > DO_CALL (0.001s wait)
.2020-01-21 11:13:49.138515 | eval'd: drake::cmq_buildtargetmetadepsspecht_is_subtargetconfig
2020-01-21 11:13:52.693224 | > DO_CALL (0.000s wait)
.2020-01-21 11:13:52.698821 | eval'd: drake::cmq_buildtargetmetadepsspecht_is_subtargetconfig
2020-01-21 11:13:56.290761 | > DO_CALL (0.001s wait)
.2020-01-21 11:13:56.296561 | eval'd: drake::cmq_buildtargetmetadepsspecht_is_subtargetconfig
2020-01-21 11:13:59.694341 | > DO_CALL (0.000s wait)
.2020-01-21 11:13:59.699549 | eval'd: drake::cmq_buildtargetmetadepsspecht_is_subtargetconfig
2020-01-21 11:14:03.187700 | > DO_CALL (0.000s wait)
.2020-01-21 11:14:03.191970 | eval'd: drake::cmq_buildtargetmetadepsspecht_is_subtargetconfig
2020-01-21 11:14:06.684886 | > DO_CALL (0.000s wait)
.2020-01-21 11:14:06.689308 | eval'd: drake::cmq_buildtargetmetadepsspecht_is_subtargetconfig
2020-01-21 11:14:10.837314 | > DO_CALL (0.000s wait)
.2020-01-21 11:14:10.997640 | eval'd: drake::cmq_buildtargetmetadepsspecht_is_subtargetconfig
2020-01-21 11:14:14.119781 | > DO_CALL (0.000s wait)
.2020-01-21 11:14:14.124138 | eval'd: drake::cmq_buildtargetmetadepsspecht_is_subtargetconfig
2020-01-21 11:14:17.546180 | > DO_CALL (0.000s wait)
.2020-01-21 11:14:17.550988 | eval'd: drake::cmq_buildtargetmetadepsspecht_is_subtargetconfig
2020-01-21 11:14:21.001291 | > DO_CALL (0.000s wait)
.
2020-01-21 11:14:21.006895 | eval'd: drake::cmq_buildtargetmetadepsspecht_is_subtargetconfig
2020-01-21 11:14:27.153034 | > DO_CALL (0.000s wait)
.2020-01-21 11:14:27.157760 | eval'd: drake::cmq_buildtargetmetadepsspecht_is_subtargetconfig
2020-01-21 11:14:30.849930 | > DO_CALL (0.000s wait)
.2020-01-21 11:14:30.854937 | eval'd: drake::cmq_buildtargetmetadepsspecht_is_subtargetconfig
2020-01-21 11:14:34.348719 | > DO_CALL (0.001s wait)
.2020-01-21 11:14:34.354235 | eval'd: drake::cmq_buildtargetmetadepsspecht_is_subtargetconfig
2020-01-21 11:14:37.857808 | > DO_CALL (0.001s wait)
.2020-01-21 11:14:37.863695 | eval'd: drake::cmq_buildtargetmetadepsspecht_is_subtargetconfig
2020-01-21 11:14:41.401784 | > DO_CALL (0.000s wait)
.2020-01-21 11:14:41.406754 | eval'd: drake::cmq_buildtargetmetadepsspecht_is_subtargetconfig
2020-01-21 11:14:44.781944 | > DO_CALL (0.000s wait)
.2020-01-21 11:14:44.786262 | eval'd: drake::cmq_buildtargetmetadepsspecht_is_subtargetconfig
2020-01-21 11:14:48.163722 | > DO_CALL (0.001s wait)
.2020-01-21 11:14:48.169655 | eval'd: drake::cmq_buildtargetmetadepsspecht_is_subtargetconfig
2020-01-21 11:14:51.547353 | > DO_CALL (0.000s wait)
.2020-01-21 11:14:51.552920 | eval'd: drake::cmq_buildtargetmetadepsspecht_is_subtargetconfig
2020-01-21 11:14:54.969758 | > DO_CALL (0.000s wait)
.2020-01-21 11:14:54.974058 | eval'd: drake::cmq_buildtargetmetadepsspecht_is_subtargetconfig
2020-01-21 11:14:58.468913 | > DO_CALL (0.000s wait)
.2020-01-21 11:14:58.473369 | eval'd: drake::cmq_buildtargetmetadepsspecht_is_subtargetconfig
2020-01-21 11:15:01.827693 | > DO_CALL (0.001s wait)
.2020-01-21 11:15:01.833167 | eval'd: drake::cmq_buildtargetmetadepsspecht_is_subtargetconfig
2020-01-21 11:15:05.285538 | > DO_CALL (0.001s wait)
.2020-01-21 11:15:05.302237 | eval'd: drake::cmq_buildtargetmetadepsspecht_is_subtargetconfig
2020-01-21 11:15:08.631872 | > DO_CALL (0.000s wait)
.2020-01-21 11:15:08.636254 | eval'd: drake::cmq_buildtargetmetadepsspecht_is_subtargetconfig
2020-01-21 11:15:12.723045 | > DO_CALL (0.000s wait)
.2020-01-21 11:15:12.950188 | eval'd: drake::cmq_buildtargetmetadepsspecht_is_subtargetconfig
2020-01-21 11:15:16.386427 | > DO_CALL (0.000s wait)
.2020-01-21 11:15:16.391439 | eval'd: drake::cmq_buildtargetmetadepsspecht_is_subtargetconfig
2020-01-21 11:15:20.540760 | > DO_CALL (0.000s wait)
.2020-01-21 11:15:20.544959 | eval'd: drake::cmq_buildtargetmetadepsspecht_is_subtargetconfig
2020-01-21 11:15:23.946937 | > DO_CALL (0.000s wait)
.2020-01-21 11:15:23.951212 | eval'd: drake::cmq_buildtargetmetadepsspecht_is_subtargetconfig
2020-01-21 11:15:28.555543 | > DO_CALL (0.001s wait)
.2020-01-21 11:15:28.560986 | eval'd: drake::cmq_buildtargetmetadepsspecht_is_subtargetconfig
2020-01-21 11:15:32.889375 | > DO_CALL (0.000s wait)
.2020-01-21 11:15:32.894906 | eval'd: drake::cmq_buildtargetmetadepsspecht_is_subtargetconfig
2020-01-21 11:15:36.243911 | > DO_CALL (0.001s wait)
.2020-01-21 11:15:36.248932 | eval'd: drake::cmq_buildtargetmetadepsspecht_is_subtargetconfig
2020-01-21 11:15:39.729754 | > DO_CALL (0.000s wait)
.2020-01-21 11:15:39.733995 | eval'd: drake::cmq_buildtargetmetadepsspecht_is_subtargetconfig
2020-01-21 11:15:43.228796 | > DO_CALL (0.000s wait)
.2020-01-21 11:15:43.233209 | eval'd: drake::cmq_buildtargetmetadepsspecht_is_subtargetconfig
2020-01-21 11:15:46.679784 | > DO_CALL (0.000s wait)
.2020-01-21 11:15:46.683850 | eval'd: drake::cmq_buildtargetmetadepsspecht_is_subtargetconfig
2020-01-21 11:15:50.987053 | > DO_CALL (0.000s wait)
.2020-01-21 11:15:50.992280 | eval'd: drake::cmq_buildtargetmetadepsspecht_is_subtargetconfig
2020-01-21 11:15:54.358675 | > DO_CALL (0.000s wait)
.2020-01-21 11:15:54.362808 | eval'd: drake::cmq_buildtargetmetadepsspecht_is_subtargetconfig
2020-01-21 11:15:57.640913 | > DO_CALL (0.000s wait)
.2020-01-21 11:15:57.645316 | eval'd: drake::cmq_buildtargetmetadepsspecht_is_subtargetconfig
2020-01-21 11:16:01.018244 | > DO_CALL (0.000s wait)
.2020-01-21 11:16:01.023740 | eval'd: drake::cmq_buildtargetmetadepsspecht_is_subtargetconfig
2020-01-21 11:16:04.410047 | > DO_CALL (0.000s wait)
.2020-01-21 11:16:04.414637 | eval'd: drake::cmq_buildtargetmetadepsspecht_is_subtargetconfig
2020-01-21 11:16:07.684332 | > DO_CALL (0.000s wait)
.2020-01-21 11:16:07.689693 | eval'd: drake::cmq_buildtargetmetadepsspecht_is_subtargetconfig
2020-01-21 11:16:11.285590 | > DO_CALL (0.001s wait)
.2020-01-21 11:16:11.291636 | eval'd: drake::cmq_buildtargetmetadepsspecht_is_subtargetconfig
2020-01-21 11:16:14.583958 | > DO_CALL (0.000s wait)
.2020-01-21 11:16:14.793710 | eval'd: drake::cmq_buildtargetmetadepsspecht_is_subtargetconfig
2020-01-21 11:16:18.387008 | > DO_CALL (0.000s wait)
.2020-01-21 11:16:18.391701 | eval'd: drake::cmq_buildtargetmetadepsspecht_is_subtargetconfig
2020-01-21 11:16:21.853456 | > DO_CALL (0.001s wait)
.2020-01-21 11:16:21.858247 | eval'd: drake::cmq_buildtargetmetadepsspecht_is_subtargetconfig
2020-01-21 11:16:25.197664 | > DO_CALL (0.000s wait)
.2020-01-21 11:16:25.201526 | eval'd: drake::cmq_buildtargetmetadepsspecht_is_subtargetconfig
2020-01-21 11:16:28.739008 | > DO_CALL (0.000s wait)
.2020-01-21 11:16:28.743560 | eval'd: drake::cmq_buildtargetmetadepsspecht_is_subtargetconfig
2020-01-21 11:16:33.750560 | > DO_CALL (0.001s wait)
.2020-01-21 11:16:33.756088 | eval'd: drake::cmq_buildtargetmetadepsspecht_is_subtargetconfig
2020-01-21 11:16:37.143678 | > DO_CALL (0.000s wait)
.2020-01-21 11:16:37.147793 | eval'd: drake::cmq_buildtargetmetadepsspecht_is_subtargetconfig
2020-01-21 11:16:41.371474 | > DO_CALL (0.001s wait)
.2020-01-21 11:16:41.377124 | eval'd: drake::cmq_buildtargetmetadepsspecht_is_subtargetconfig
2020-01-21 11:16:44.814940 | > DO_CALL (0.000s wait)
.2020-01-21 11:16:44.819391 | eval'd: drake::cmq_buildtargetmetadepsspecht_is_subtargetconfig
2020-01-21 11:16:48.165580 | > DO_CALL (0.001s wait)
.2020-01-21 11:16:48.171081 | eval'd: drake::cmq_buildtargetmetadepsspecht_is_subtargetconfig
2020-01-21 11:16:51.629602 | > DO_CALL (0.001s wait)
.2020-01-21 11:16:51.634216 | eval'd: drake::cmq_buildtargetmetadepsspecht_is_subtargetconfig
2020-01-21 11:16:55.091536 | > DO_CALL (0.001s wait)
.2020-01-21 11:16:55.095634 | eval'd: drake::cmq_buildtargetmetadepsspecht_is_subtargetconfig
2020-01-21 11:16:58.469199 | > DO_CALL (0.000s wait)
.2020-01-21 11:16:58.473927 | eval'd: drake::cmq_buildtargetmetadepsspecht_is_subtargetconfig
2020-01-21 11:18:20.066553 | > WORKER_WAIT (0.000s wait)
2020-01-21 11:18:20.069426 | waiting 2.50s
2020-01-21 11:19:42.090389 | > WORKER_WAIT (0.000s wait)
2020-01-21 11:19:42.091677 | waiting 2.50s
Error in clustermq:::worker("tcp://c24a-s1:7958") : 
  Timeout reached, terminating
Execution halted
