2020-01-20 17:36:46.027545 | Master: tcp://c23a-s37:7983
2020-01-20 17:36:46.182959 | WORKER_UP to: tcp://c23a-s37:7983
2020-01-20 17:37:23.145817 | > DO_SETUP (24.257s wait)
2020-01-20 17:37:23.147425 | token from msg: set_common_data_token
2020-01-20 17:37:51.580091 | > DO_CALL (9.214s wait)
.* Option 'clustermq.scheduler' not set, defaulting to ‘SLURM’
--- see: https://mschubert.github.io/clustermq/articles/userguide.html#configuration
2020-01-20 17:39:46.963381 | eval'd: drake::cmq_buildtargetmetadepsspecht_is_subtargetconfig
2020-01-20 17:39:54.797876 | > DO_CALL (4.957s wait)
.2020-01-20 17:39:59.400149 | eval'd: drake::cmq_buildtargetmetadepsspecht_is_subtargetconfig
2020-01-20 17:40:10.119349 | > DO_CALL (5.647s wait)
.2020-01-20 17:40:38.411298 | eval'd: drake::cmq_buildtargetmetadepsspecht_is_subtargetconfig
2020-01-20 17:40:50.814198 | > DO_CALL (4.897s wait)
.2020-01-20 17:40:58.425368 | eval'd: drake::cmq_buildtargetmetadepsspecht_is_subtargetconfig
2020-01-20 17:41:13.087448 | > DO_CALL (4.819s wait)
.2020-01-20 17:42:07.464792 | eval'd: drake::cmq_buildtargetmetadepsspecht_is_subtargetconfig
2020-01-20 17:42:18.784254 | > DO_CALL (4.937s wait)
.2020-01-20 17:42:56.927690 | eval'd: drake::cmq_buildtargetmetadepsspecht_is_subtargetconfig
2020-01-20 17:43:08.315653 | > DO_CALL (4.841s wait)
.2020-01-20 17:43:35.971109 | eval'd: drake::cmq_buildtargetmetadepsspecht_is_subtargetconfig
2020-01-20 17:43:49.761849 | > DO_CALL (4.938s wait)
.2020-01-20 17:44:25.596786 | eval'd: drake::cmq_buildtargetmetadepsspecht_is_subtargetconfig
2020-01-20 17:44:40.859977 | > DO_CALL (5.066s wait)
.2020-01-20 17:44:49.579264 | eval'd: drake::cmq_buildtargetmetadepsspecht_is_subtargetconfig
2020-01-20 17:45:01.926775 | > DO_CALL (4.826s wait)
.2020-01-20 17:45:22.386238 | eval'd: drake::cmq_buildtargetmetadepsspecht_is_subtargetconfig
2020-01-20 17:45:40.619193 | > DO_CALL (5.000s wait)
.2020-01-20 17:48:30.594231 | eval'd: drake::cmq_buildtargetmetadepsspecht_is_subtargetconfig
2020-01-20 17:48:46.933566 | > DO_CALL (4.844s wait)
.2020-01-20 17:49:20.319756 | eval'd: drake::cmq_buildtargetmetadepsspecht_is_subtargetconfig
2020-01-20 17:49:33.066057 | > DO_CALL (4.951s wait)
.2020-01-20 17:49:41.183234 | eval'd: drake::cmq_buildtargetmetadepsspecht_is_subtargetconfig
2020-01-20 17:49:54.340919 | > DO_CALL (4.814s wait)
.2020-01-20 17:50:15.766105 | eval'd: drake::cmq_buildtargetmetadepsspecht_is_subtargetconfig
2020-01-20 17:50:27.461760 | > DO_CALL (5.075s wait)
.2020-01-20 17:51:14.763550 | eval'd: drake::cmq_buildtargetmetadepsspecht_is_subtargetconfig
2020-01-20 17:51:26.528226 | > DO_CALL (4.956s wait)
.2020-01-20 17:51:36.096524 | eval'd: drake::cmq_buildtargetmetadepsspecht_is_subtargetconfig
2020-01-20 17:51:44.568365 | > DO_CALL (5.440s wait)
.2020-01-20 17:51:56.138797 | eval'd: drake::cmq_buildtargetmetadepsspecht_is_subtargetconfig
2020-01-20 17:52:06.659947 | > DO_CALL (4.907s wait)
.2020-01-20 17:52:23.266329 | eval'd: drake::cmq_buildtargetmetadepsspecht_is_subtargetconfig
2020-01-20 17:52:42.561886 | > DO_CALL (4.880s wait)
.2020-01-20 17:53:20.910484 | eval'd: drake::cmq_buildtargetmetadepsspecht_is_subtargetconfig
2020-01-20 17:53:35.816388 | > DO_CALL (4.916s wait)
.2020-01-20 17:53:55.068017 | eval'd: drake::cmq_buildtargetmetadepsspecht_is_subtargetconfig
2020-01-20 17:54:08.777092 | > DO_CALL (4.862s wait)
.2020-01-20 17:54:32.403929 | eval'd: drake::cmq_buildtargetmetadepsspecht_is_subtargetconfig
2020-01-20 17:54:50.420843 | > DO_CALL (4.838s wait)
.2020-01-20 17:55:22.201301 | eval'd: drake::cmq_buildtargetmetadepsspecht_is_subtargetconfig
2020-01-20 17:55:36.882977 | > DO_CALL (5.613s wait)
.2020-01-20 17:55:45.094732 | eval'd: drake::cmq_buildtargetmetadepsspecht_is_subtargetconfig
2020-01-20 17:55:55.253239 | > DO_CALL (4.803s wait)
.2020-01-20 17:57:07.524852 | eval'd: drake::cmq_buildtargetmetadepsspecht_is_subtargetconfig
2020-01-20 17:57:16.150995 | > DO_CALL (4.920s wait)
.2020-01-20 17:58:04.219756 | eval'd: drake::cmq_buildtargetmetadepsspecht_is_subtargetconfig
2020-01-20 17:58:19.882954 | > DO_CALL (4.919s wait)
.2020-01-20 17:58:31.755782 | eval'd: drake::cmq_buildtargetmetadepsspecht_is_subtargetconfig
2020-01-20 17:58:44.018594 | > DO_CALL (4.940s wait)
.2020-01-20 17:59:23.051154 | eval'd: drake::cmq_buildtargetmetadepsspecht_is_subtargetconfig
2020-01-20 17:59:40.755213 | > DO_CALL (4.822s wait)
.2020-01-20 17:59:48.659245 | eval'd: drake::cmq_buildtargetmetadepsspecht_is_subtargetconfig
2020-01-20 18:00:18.968503 | > DO_CALL (4.889s wait)
.2020-01-20 18:03:05.501069 | eval'd: drake::cmq_buildtargetmetadepsspecht_is_subtargetconfig
2020-01-20 18:03:21.012195 | > DO_CALL (6.019s wait)
.2020-01-20 18:03:47.017866 | eval'd: drake::cmq_buildtargetmetadepsspecht_is_subtargetconfig
2020-01-20 18:03:59.843362 | > DO_CALL (4.812s wait)
.2020-01-20 18:04:12.887597 | eval'd: drake::cmq_buildtargetmetadepsspecht_is_subtargetconfig
2020-01-20 18:04:32.937932 | > DO_CALL (4.974s wait)
.2020-01-20 18:04:35.268513 | eval'd: drake::cmq_buildtargetmetadepsspecht_is_subtargetconfig
2020-01-20 18:04:45.564122 | > DO_CALL (4.980s wait)
.2020-01-20 18:05:05.186194 | eval'd: drake::cmq_buildtargetmetadepsspecht_is_subtargetconfig
2020-01-20 18:05:16.094478 | > DO_CALL (4.848s wait)
.2020-01-20 18:05:39.709329 | eval'd: drake::cmq_buildtargetmetadepsspecht_is_subtargetconfig
2020-01-20 18:05:51.026613 | > DO_CALL (4.924s wait)
.2020-01-20 18:06:20.113883 | eval'd: drake::cmq_buildtargetmetadepsspecht_is_subtargetconfig
2020-01-20 18:06:31.310442 | > DO_CALL (4.967s wait)
.2020-01-20 18:06:32.851515 | eval'd: drake::cmq_buildtargetmetadepsspecht_is_subtargetconfig
2020-01-20 18:06:49.026343 | > DO_CALL (5.674s wait)
.2020-01-20 18:06:56.319139 | eval'd: drake::cmq_buildtargetmetadepsspecht_is_subtargetconfig
2020-01-20 18:07:06.443477 | > DO_CALL (4.812s wait)
.2020-01-20 18:08:26.406715 | eval'd: drake::cmq_buildtargetmetadepsspecht_is_subtargetconfig
2020-01-20 18:08:39.371036 | > DO_CALL (4.966s wait)
.2020-01-20 18:08:47.474732 | eval'd: drake::cmq_buildtargetmetadepsspecht_is_subtargetconfig
2020-01-20 18:09:00.480457 | > DO_CALL (4.920s wait)
.2020-01-20 18:09:57.814230 | eval'd: drake::cmq_buildtargetmetadepsspecht_is_subtargetconfig
2020-01-20 18:10:11.547535 | > DO_CALL (4.893s wait)
.2020-01-20 18:10:24.400194 | eval'd: drake::cmq_buildtargetmetadepsspecht_is_subtargetconfig
2020-01-20 18:10:33.557351 | > DO_CALL (4.808s wait)
.2020-01-20 18:10:40.240526 | eval'd: drake::cmq_buildtargetmetadepsspecht_is_subtargetconfig
2020-01-20 18:10:56.880462 | > DO_CALL (4.782s wait)
.2020-01-20 18:11:17.800555 | eval'd: drake::cmq_buildtargetmetadepsspecht_is_subtargetconfig
2020-01-20 18:11:30.098915 | > DO_CALL (5.577s wait)
.2020-01-20 18:11:36.768954 | eval'd: drake::cmq_buildtargetmetadepsspecht_is_subtargetconfig
2020-01-20 18:12:08.107121 | > DO_CALL (4.892s wait)
.2020-01-20 18:12:30.618945 | eval'd: drake::cmq_buildtargetmetadepsspecht_is_subtargetconfig
2020-01-20 18:12:47.262019 | > DO_CALL (4.925s wait)
.2020-01-20 18:14:37.367766 | eval'd: drake::cmq_buildtargetmetadepsspecht_is_subtargetconfig
2020-01-20 18:15:08.460594 | > DO_CALL (5.502s wait)
.2020-01-20 18:15:39.503944 | eval'd: drake::cmq_buildtargetmetadepsspecht_is_subtargetconfig
2020-01-20 18:15:56.076889 | > DO_CALL (4.974s wait)
.2020-01-20 18:16:04.495409 | eval'd: drake::cmq_buildtargetmetadepsspecht_is_subtargetconfig
2020-01-20 18:16:38.213878 | > DO_CALL (4.811s wait)
.2020-01-20 18:16:56.925998 | eval'd: drake::cmq_buildtargetmetadepsspecht_is_subtargetconfig
2020-01-20 18:17:22.755542 | > DO_CALL (4.836s wait)
.2020-01-20 18:17:38.543702 | eval'd: drake::cmq_buildtargetmetadepsspecht_is_subtargetconfig
2020-01-20 18:18:05.600112 | > DO_CALL (4.983s wait)
.2020-01-20 18:18:30.313680 | eval'd: drake::cmq_buildtargetmetadepsspecht_is_subtargetconfig
2020-01-20 18:18:50.659176 | > DO_CALL (4.833s wait)
.2020-01-20 18:18:58.408346 | eval'd: drake::cmq_buildtargetmetadepsspecht_is_subtargetconfig
2020-01-20 18:19:16.612231 | > DO_CALL (4.852s wait)
.2020-01-20 18:19:35.656798 | eval'd: drake::cmq_buildtargetmetadepsspecht_is_subtargetconfig
2020-01-20 18:19:48.207351 | > DO_CALL (5.036s wait)
.2020-01-20 18:20:05.714384 | eval'd: drake::cmq_buildtargetmetadepsspecht_is_subtargetconfig
2020-01-20 18:20:22.967476 | > DO_CALL (4.853s wait)
.2020-01-20 18:20:28.010356 | eval'd: drake::cmq_buildtargetmetadepsspecht_is_subtargetconfig
2020-01-20 18:20:46.583533 | > DO_CALL (4.841s wait)
.2020-01-20 18:20:58.533928 | eval'd: drake::cmq_buildtargetmetadepsspecht_is_subtargetconfig
2020-01-20 18:21:10.534604 | > DO_CALL (4.956s wait)
.
2020-01-20 18:21:29.276509 | eval'd: drake::cmq_buildtargetmetadepsspecht_is_subtargetconfig
2020-01-20 18:21:39.404087 | > DO_CALL (4.817s wait)
.2020-01-20 18:21:41.026211 | eval'd: drake::cmq_buildtargetmetadepsspecht_is_subtargetconfig
2020-01-20 18:22:03.066995 | > DO_CALL (5.552s wait)
.2020-01-20 18:22:04.279595 | eval'd: drake::cmq_buildtargetmetadepsspecht_is_subtargetconfig
2020-01-20 18:22:31.788377 | > DO_CALL (5.784s wait)
.2020-01-20 18:23:04.749824 | eval'd: drake::cmq_buildtargetmetadepsspecht_is_subtargetconfig
2020-01-20 18:23:18.337442 | > DO_CALL (4.837s wait)
.2020-01-20 18:23:23.909954 | eval'd: drake::cmq_buildtargetmetadepsspecht_is_subtargetconfig
2020-01-20 18:23:39.758845 | > DO_CALL (4.806s wait)
.2020-01-20 18:24:09.647056 | eval'd: drake::cmq_buildtargetmetadepsspecht_is_subtargetconfig
2020-01-20 18:24:22.627732 | > DO_CALL (4.862s wait)
.2020-01-20 18:24:39.164273 | eval'd: drake::cmq_buildtargetmetadepsspecht_is_subtargetconfig
2020-01-20 18:24:53.210403 | > DO_CALL (5.637s wait)
.2020-01-20 18:25:01.199638 | eval'd: drake::cmq_buildtargetmetadepsspecht_is_subtargetconfig
2020-01-20 18:25:11.460511 | > DO_CALL (4.959s wait)
.2020-01-20 18:26:05.197894 | eval'd: drake::cmq_buildtargetmetadepsspecht_is_subtargetconfig
2020-01-20 18:26:15.150487 | > DO_CALL (5.009s wait)
.2020-01-20 18:29:05.977695 | eval'd: drake::cmq_buildtargetmetadepsspecht_is_subtargetconfig
2020-01-20 18:29:18.641933 | > DO_CALL (5.899s wait)
.2020-01-20 18:29:43.362596 | eval'd: drake::cmq_buildtargetmetadepsspecht_is_subtargetconfig
2020-01-20 18:30:01.360650 | > DO_CALL (4.800s wait)
.2020-01-20 18:30:37.910071 | eval'd: drake::cmq_buildtargetmetadepsspecht_is_subtargetconfig
2020-01-20 18:30:54.829842 | > DO_CALL (4.865s wait)
.2020-01-20 18:31:00.402912 | eval'd: drake::cmq_buildtargetmetadepsspecht_is_subtargetconfig
2020-01-20 18:31:12.542563 | > DO_CALL (4.854s wait)
.2020-01-20 18:31:16.746515 | eval'd: drake::cmq_buildtargetmetadepsspecht_is_subtargetconfig
2020-01-20 18:31:38.689854 | > DO_CALL (4.835s wait)
.2020-01-20 18:31:40.962425 | eval'd: drake::cmq_buildtargetmetadepsspecht_is_subtargetconfig
2020-01-20 18:32:16.041772 | > DO_CALL (4.829s wait)
.2020-01-20 18:32:53.679579 | eval'd: drake::cmq_buildtargetmetadepsspecht_is_subtargetconfig
2020-01-20 18:33:03.329514 | > DO_CALL (4.857s wait)
.2020-01-20 18:33:58.546198 | eval'd: drake::cmq_buildtargetmetadepsspecht_is_subtargetconfig
2020-01-20 18:34:13.029957 | > DO_CALL (4.854s wait)
.2020-01-20 18:34:28.605257 | eval'd: drake::cmq_buildtargetmetadepsspecht_is_subtargetconfig
2020-01-20 18:34:44.512684 | > DO_CALL (4.964s wait)
.2020-01-20 18:34:46.920220 | eval'd: drake::cmq_buildtargetmetadepsspecht_is_subtargetconfig
2020-01-20 18:34:55.143681 | > DO_CALL (4.996s wait)
.2020-01-20 18:35:04.356004 | eval'd: drake::cmq_buildtargetmetadepsspecht_is_subtargetconfig
2020-01-20 18:35:19.902752 | > DO_CALL (4.840s wait)
.2020-01-20 18:35:36.026601 | eval'd: drake::cmq_buildtargetmetadepsspecht_is_subtargetconfig
2020-01-20 18:35:56.660066 | > DO_CALL (4.797s wait)
.2020-01-20 18:35:59.614826 | eval'd: drake::cmq_buildtargetmetadepsspecht_is_subtargetconfig
2020-01-20 18:36:09.606749 | > DO_CALL (4.891s wait)
.2020-01-20 18:36:34.762442 | eval'd: drake::cmq_buildtargetmetadepsspecht_is_subtargetconfig
2020-01-20 18:36:43.692554 | > DO_CALL (5.682s wait)
.2020-01-20 18:37:21.349783 | eval'd: drake::cmq_buildtargetmetadepsspecht_is_subtargetconfig
2020-01-20 18:37:29.347747 | > DO_CALL (4.949s wait)
.2020-01-20 18:40:10.514896 | eval'd: drake::cmq_buildtargetmetadepsspecht_is_subtargetconfig
2020-01-20 18:40:27.880241 | > DO_CALL (5.786s wait)
.2020-01-20 18:40:41.373116 | eval'd: drake::cmq_buildtargetmetadepsspecht_is_subtargetconfig
2020-01-20 18:40:51.050242 | > DO_CALL (4.839s wait)
.2020-01-20 18:42:23.506677 | eval'd: drake::cmq_buildtargetmetadepsspecht_is_subtargetconfig
2020-01-20 18:42:32.276932 | > DO_CALL (4.999s wait)
.2020-01-20 18:42:35.515929 | eval'd: drake::cmq_buildtargetmetadepsspecht_is_subtargetconfig
2020-01-20 18:42:45.992475 | > DO_CALL (4.817s wait)
.2020-01-20 18:42:47.410563 | eval'd: drake::cmq_buildtargetmetadepsspecht_is_subtargetconfig
2020-01-20 18:43:02.207611 | > DO_CALL (4.838s wait)
.2020-01-20 18:43:23.849561 | eval'd: drake::cmq_buildtargetmetadepsspecht_is_subtargetconfig
2020-01-20 18:43:34.450584 | > DO_CALL (4.865s wait)
.2020-01-20 18:43:58.261057 | eval'd: drake::cmq_buildtargetmetadepsspecht_is_subtargetconfig
2020-01-20 18:44:10.516448 | > DO_CALL (4.908s wait)
.2020-01-20 18:44:50.202813 | eval'd: drake::cmq_buildtargetmetadepsspecht_is_subtargetconfig
2020-01-20 18:45:02.715979 | > DO_CALL (6.469s wait)
.2020-01-20 18:45:27.384664 | eval'd: drake::cmq_buildtargetmetadepsspecht_is_subtargetconfig
2020-01-20 18:45:35.318755 | > DO_CALL (4.858s wait)
.2020-01-20 18:45:59.263956 | eval'd: drake::cmq_buildtargetmetadepsspecht_is_subtargetconfig
2020-01-20 18:46:12.932198 | > DO_CALL (4.922s wait)
.2020-01-20 18:46:15.575953 | eval'd: drake::cmq_buildtargetmetadepsspecht_is_subtargetconfig
2020-01-20 18:46:47.548559 | > DO_CALL (4.945s wait)
.2020-01-20 18:47:36.544616 | eval'd: drake::cmq_buildtargetmetadepsspecht_is_subtargetconfig
2020-01-20 18:47:56.240285 | > DO_CALL (4.944s wait)
.2020-01-20 18:48:42.566408 | eval'd: drake::cmq_buildtargetmetadepsspecht_is_subtargetconfig
2020-01-20 18:48:58.057737 | > DO_CALL (4.882s wait)
.2020-01-20 18:49:03.683219 | eval'd: drake::cmq_buildtargetmetadepsspecht_is_subtargetconfig
2020-01-20 18:49:23.235457 | > DO_CALL (4.962s wait)
.2020-01-20 18:49:31.548037 | eval'd: drake::cmq_buildtargetmetadepsspecht_is_subtargetconfig
2020-01-20 18:49:46.746558 | > DO_CALL (4.937s wait)
.2020-01-20 18:49:56.877619 | eval'd: drake::cmq_buildtargetmetadepsspecht_is_subtargetconfig
2020-01-20 18:50:14.759837 | > DO_CALL (4.823s wait)
.2020-01-20 18:50:31.639067 | eval'd: drake::cmq_buildtargetmetadepsspecht_is_subtargetconfig
2020-01-20 18:50:48.285638 | > DO_CALL (4.818s wait)
.2020-01-20 18:51:00.253144 | eval'd: drake::cmq_buildtargetmetadepsspecht_is_subtargetconfig
2020-01-20 18:51:16.810262 | > DO_CALL (4.888s wait)
.2020-01-20 18:51:42.180772 | eval'd: drake::cmq_buildtargetmetadepsspecht_is_subtargetconfig
2020-01-20 18:51:55.964578 | > DO_CALL (4.859s wait)
.2020-01-20 18:51:58.953409 | eval'd: drake::cmq_buildtargetmetadepsspecht_is_subtargetconfig
2020-01-20 18:52:17.218515 | > DO_CALL (4.904s wait)
.2020-01-20 18:52:20.710725 | eval'd: drake::cmq_buildtargetmetadepsspecht_is_subtargetconfig
2020-01-20 18:52:39.554896 | > DO_CALL (4.842s wait)
.2020-01-20 18:52:46.235848 | eval'd: drake::cmq_buildtargetmetadepsspecht_is_subtargetconfig
2020-01-20 18:53:06.387025 | > DO_CALL (4.913s wait)
.2020-01-20 18:53:47.644706 | eval'd: drake::cmq_buildtargetmetadepsspecht_is_subtargetconfig
2020-01-20 18:54:03.021530 | > DO_CALL (4.883s wait)
.2020-01-20 18:54:50.025144 | eval'd: drake::cmq_buildtargetmetadepsspecht_is_subtargetconfig
2020-01-20 18:55:00.486181 | > DO_CALL (4.786s wait)
.2020-01-20 18:55:11.058466 | eval'd: drake::cmq_buildtargetmetadepsspecht_is_subtargetconfig
2020-01-20 18:55:25.428481 | > DO_CALL (4.848s wait)
.2020-01-20 18:55:50.140267 | eval'd: drake::cmq_buildtargetmetadepsspecht_is_subtargetconfig
2020-01-20 18:55:59.186797 | > DO_CALL (4.969s wait)
.2020-01-20 18:56:57.110904 | eval'd: drake::cmq_buildtargetmetadepsspecht_is_subtargetconfig
2020-01-20 18:57:12.824028 | > DO_CALL (4.815s wait)
.2020-01-20 18:57:30.106644 | eval'd: drake::cmq_buildtargetmetadepsspecht_is_subtargetconfig
2020-01-20 18:57:43.166902 | > DO_CALL (4.775s wait)
.2020-01-20 18:57:56.206509 | eval'd: drake::cmq_buildtargetmetadepsspecht_is_subtargetconfig
2020-01-20 18:58:08.387922 | > DO_CALL (4.904s wait)
.2020-01-20 18:58:21.195195 | eval'd: drake::cmq_buildtargetmetadepsspecht_is_subtargetconfig
2020-01-20 18:58:29.906913 | > DO_CALL (4.858s wait)
.2020-01-20 18:59:14.650104 | eval'd: drake::cmq_buildtargetmetadepsspecht_is_subtargetconfig
2020-01-20 18:59:30.201978 | > DO_CALL (4.764s wait)
.2020-01-20 18:59:48.737751 | eval'd: drake::cmq_buildtargetmetadepsspecht_is_subtargetconfig
2020-01-20 19:00:02.150502 | > DO_CALL (4.671s wait)
.2020-01-20 19:00:11.809820 | eval'd: drake::cmq_buildtargetmetadepsspecht_is_subtargetconfig
2020-01-20 19:00:23.133574 | > DO_CALL (4.550s wait)
.2020-01-20 19:00:42.109548 | eval'd: drake::cmq_buildtargetmetadepsspecht_is_subtargetconfig
2020-01-20 19:00:59.970991 | > DO_CALL (4.925s wait)
.2020-01-20 19:01:39.867445 | eval'd: drake::cmq_buildtargetmetadepsspecht_is_subtargetconfig
2020-01-20 19:01:57.715204 | > DO_CALL (4.773s wait)
.2020-01-20 19:02:01.818936 | eval'd: drake::cmq_buildtargetmetadepsspecht_is_subtargetconfig
2020-01-20 19:02:37.117959 | > DO_CALL (4.894s wait)
.2020-01-20 19:02:39.936792 | eval'd: drake::cmq_buildtargetmetadepsspecht_is_subtargetconfig
2020-01-20 19:02:52.033540 | > DO_CALL (4.832s wait)
.2020-01-20 19:03:09.807282 | eval'd: drake::cmq_buildtargetmetadepsspecht_is_subtargetconfig
2020-01-20 19:03:29.327175 | > DO_CALL (4.911s wait)
.2020-01-20 19:03:48.898669 | eval'd: drake::cmq_buildtargetmetadepsspecht_is_subtargetconfig
2020-01-20 19:04:02.301995 | > DO_CALL (4.971s wait)
.2020-01-20 19:04:10.150411 | eval'd: drake::cmq_buildtargetmetadepsspecht_is_subtargetconfig
2020-01-20 19:04:22.774862 | > DO_CALL (4.878s wait)
.2020-01-20 19:04:28.508471 | eval'd: drake::cmq_buildtargetmetadepsspecht_is_subtargetconfig
2020-01-20 19:04:38.730741 | > DO_CALL (5.644s wait)
.2020-01-20 19:05:13.949011 | eval'd: drake::cmq_buildtargetmetadepsspecht_is_subtargetconfig
2020-01-20 19:05:26.273179 | > DO_CALL (4.891s wait)
.2020-01-20 19:05:26.607697 | eval'd: drake::cmq_buildtargetmetadepsspecht_is_subtargetconfig
2020-01-20 19:05:36.765159 | > DO_CALL (5.660s wait)
.2020-01-20 19:05:58.054174 | eval'd: drake::cmq_buildtargetmetadepsspecht_is_subtargetconfig
2020-01-20 19:06:10.554098 | > DO_CALL (5.025s wait)
.2020-01-20 19:09:42.225502 | eval'd: drake::cmq_buildtargetmetadepsspecht_is_subtargetconfig
2020-01-20 19:09:50.415695 | > DO_CALL (5.016s wait)
.2020-01-20 19:10:37.092455 | eval'd: drake::cmq_buildtargetmetadepsspecht_is_subtargetconfig
2020-01-20 19:10:49.380889 | > DO_CALL (4.988s wait)
.2020-01-20 19:10:54.956936 | eval'd: drake::cmq_buildtargetmetadepsspecht_is_subtargetconfig
2020-01-20 19:11:10.118628 | > DO_CALL (5.000s wait)
.2020-01-20 19:11:11.053384 | eval'd: drake::cmq_buildtargetmetadepsspecht_is_subtargetconfig
2020-01-20 19:11:24.951078 | > DO_CALL (5.906s wait)
.2020-01-20 19:12:03.205490 | eval'd: drake::cmq_buildtargetmetadepsspecht_is_subtargetconfig
2020-01-20 19:12:18.552192 | > DO_CALL (4.977s wait)
.2020-01-20 19:12:22.696718 | eval'd: drake::cmq_buildtargetmetadepsspecht_is_subtargetconfig
2020-01-20 19:12:31.522291 | > DO_CALL (5.053s wait)
.2020-01-20 19:12:35.536534 | eval'd: drake::cmq_buildtargetmetadepsspecht_is_subtargetconfig
2020-01-20 19:12:50.028674 | > DO_CALL (5.081s wait)
.2020-01-20 19:12:56.196967 | eval'd: drake::cmq_buildtargetmetadepsspecht_is_subtargetconfig
2020-01-20 19:13:05.688699 | > DO_CALL (5.112s wait)
.2020-01-20 19:13:17.266152 | eval'd: drake::cmq_buildtargetmetadepsspecht_is_subtargetconfig
2020-01-20 19:13:27.553143 | > DO_CALL (5.015s wait)
.2020-01-20 19:13:35.663522 | eval'd: drake::cmq_buildtargetmetadepsspecht_is_subtargetconfig
2020-01-20 19:13:45.307399 | > DO_CALL (5.024s wait)
.2020-01-20 19:13:48.236336 | eval'd: drake::cmq_buildtargetmetadepsspecht_is_subtargetconfig
2020-01-20 19:13:59.947856 | > DO_CALL (5.009s wait)
.
2020-01-20 19:14:42.192638 | eval'd: drake::cmq_buildtargetmetadepsspecht_is_subtargetconfig
2020-01-20 19:14:59.022367 | > DO_CALL (5.013s wait)
.2020-01-20 19:15:06.387027 | eval'd: drake::cmq_buildtargetmetadepsspecht_is_subtargetconfig
2020-01-20 19:15:24.126112 | > DO_CALL (4.973s wait)
.2020-01-20 19:15:24.674645 | eval'd: drake::cmq_buildtargetmetadepsspecht_is_subtargetconfig
2020-01-20 19:15:54.471132 | > DO_CALL (5.825s wait)
.2020-01-20 19:15:57.310584 | eval'd: drake::cmq_buildtargetmetadepsspecht_is_subtargetconfig
2020-01-20 19:16:08.714070 | > DO_CALL (4.847s wait)
.2020-01-20 19:16:38.824709 | eval'd: drake::cmq_buildtargetmetadepsspecht_is_subtargetconfig
2020-01-20 19:16:52.977520 | > DO_CALL (4.944s wait)
.2020-01-20 19:17:00.764240 | eval'd: drake::cmq_buildtargetmetadepsspecht_is_subtargetconfig
2020-01-20 19:17:11.340181 | > DO_CALL (5.037s wait)
.2020-01-20 19:17:28.259592 | eval'd: drake::cmq_buildtargetmetadepsspecht_is_subtargetconfig
2020-01-20 19:17:46.540928 | > DO_CALL (4.967s wait)
.2020-01-20 19:18:08.448687 | eval'd: drake::cmq_buildtargetmetadepsspecht_is_subtargetconfig
2020-01-20 19:18:22.962742 | > DO_CALL (4.928s wait)
.2020-01-20 19:18:32.923587 | eval'd: drake::cmq_buildtargetmetadepsspecht_is_subtargetconfig
2020-01-20 19:19:02.513726 | > DO_CALL (4.886s wait)
.2020-01-20 19:19:13.086049 | eval'd: drake::cmq_buildtargetmetadepsspecht_is_subtargetconfig
2020-01-20 19:19:32.518895 | > DO_CALL (4.969s wait)
.2020-01-20 19:19:32.746423 | eval'd: drake::cmq_buildtargetmetadepsspecht_is_subtargetconfig
2020-01-20 19:19:47.483616 | > DO_CALL (5.790s wait)
.2020-01-20 19:19:48.003366 | eval'd: drake::cmq_buildtargetmetadepsspecht_is_subtargetconfig
2020-01-20 19:20:03.736902 | > DO_CALL (5.855s wait)
.2020-01-20 19:20:13.777914 | eval'd: drake::cmq_buildtargetmetadepsspecht_is_subtargetconfig
2020-01-20 19:20:29.414533 | > DO_CALL (4.973s wait)
.2020-01-20 19:20:58.105918 | eval'd: drake::cmq_buildtargetmetadepsspecht_is_subtargetconfig
2020-01-20 19:21:06.339816 | > DO_CALL (5.088s wait)
.2020-01-20 19:21:19.739739 | eval'd: drake::cmq_buildtargetmetadepsspecht_is_subtargetconfig
2020-01-20 19:21:29.464714 | > DO_CALL (4.927s wait)
.2020-01-20 19:21:44.449093 | eval'd: drake::cmq_buildtargetmetadepsspecht_is_subtargetconfig
2020-01-20 19:21:53.632338 | > DO_CALL (5.026s wait)
.2020-01-20 19:21:56.178314 | eval'd: drake::cmq_buildtargetmetadepsspecht_is_subtargetconfig
2020-01-20 19:22:09.762952 | > DO_CALL (5.084s wait)
.2020-01-20 19:22:14.272208 | eval'd: drake::cmq_buildtargetmetadepsspecht_is_subtargetconfig
2020-01-20 19:22:35.805953 | > DO_CALL (4.896s wait)
.2020-01-20 19:22:48.537973 | eval'd: drake::cmq_buildtargetmetadepsspecht_is_subtargetconfig
2020-01-20 19:23:04.844762 | > DO_CALL (4.863s wait)
.2020-01-20 19:24:13.569969 | eval'd: drake::cmq_buildtargetmetadepsspecht_is_subtargetconfig
2020-01-20 19:24:24.318136 | > DO_CALL (5.125s wait)
.2020-01-20 19:24:43.557334 | eval'd: drake::cmq_buildtargetmetadepsspecht_is_subtargetconfig
2020-01-20 19:24:55.932144 | > DO_CALL (5.048s wait)
.2020-01-20 19:24:59.297990 | eval'd: drake::cmq_buildtargetmetadepsspecht_is_subtargetconfig
2020-01-20 19:25:09.885522 | > DO_CALL (4.890s wait)
.2020-01-20 19:25:46.228351 | eval'd: drake::cmq_buildtargetmetadepsspecht_is_subtargetconfig
2020-01-20 19:25:58.807252 | > DO_CALL (4.984s wait)
.2020-01-20 19:26:29.461809 | eval'd: drake::cmq_buildtargetmetadepsspecht_is_subtargetconfig
2020-01-20 19:26:40.608110 | > DO_CALL (5.192s wait)
.2020-01-20 19:27:08.501102 | eval'd: drake::cmq_buildtargetmetadepsspecht_is_subtargetconfig
2020-01-20 19:27:17.951169 | > DO_CALL (4.976s wait)
.2020-01-20 19:27:18.637646 | eval'd: drake::cmq_buildtargetmetadepsspecht_is_subtargetconfig
2020-01-20 19:27:27.402364 | > DO_CALL (5.770s wait)
.2020-01-20 19:27:42.016691 | eval'd: drake::cmq_buildtargetmetadepsspecht_is_subtargetconfig
2020-01-20 19:27:51.909396 | > DO_CALL (5.129s wait)
.2020-01-20 19:28:14.366671 | eval'd: drake::cmq_buildtargetmetadepsspecht_is_subtargetconfig
2020-01-20 19:28:27.814629 | > DO_CALL (4.960s wait)
.2020-01-20 19:32:07.082552 | eval'd: drake::cmq_buildtargetmetadepsspecht_is_subtargetconfig
2020-01-20 19:32:27.364264 | > DO_CALL (4.838s wait)
.2020-01-20 19:35:59.143314 | eval'd: drake::cmq_buildtargetmetadepsspecht_is_subtargetconfig
2020-01-20 19:36:12.225183 | > DO_CALL (4.962s wait)
.2020-01-20 19:38:29.826661 | eval'd: drake::cmq_buildtargetmetadepsspecht_is_subtargetconfig
2020-01-20 19:38:39.647904 | > DO_CALL (5.886s wait)
.2020-01-20 19:38:58.299056 | eval'd: drake::cmq_buildtargetmetadepsspecht_is_subtargetconfig
2020-01-20 19:39:15.838078 | > DO_CALL (4.858s wait)
.2020-01-20 19:39:25.634308 | eval'd: drake::cmq_buildtargetmetadepsspecht_is_subtargetconfig
2020-01-20 19:39:52.684659 | > DO_CALL (4.875s wait)
.2020-01-20 19:39:55.447717 | eval'd: drake::cmq_buildtargetmetadepsspecht_is_subtargetconfig
2020-01-20 19:40:28.440476 | > DO_CALL (4.959s wait)
.2020-01-20 19:40:51.729550 | eval'd: drake::cmq_buildtargetmetadepsspecht_is_subtargetconfig
2020-01-20 19:41:03.255336 | > DO_CALL (5.031s wait)
.2020-01-20 19:41:04.232916 | eval'd: drake::cmq_buildtargetmetadepsspecht_is_subtargetconfig
2020-01-20 19:41:14.688851 | > DO_CALL (5.796s wait)
.2020-01-20 19:41:23.681518 | eval'd: drake::cmq_buildtargetmetadepsspecht_is_subtargetconfig
2020-01-20 19:41:35.734506 | > DO_CALL (5.042s wait)
.2020-01-20 19:43:07.040068 | eval'd: drake::cmq_buildtargetmetadepsspecht_is_subtargetconfig
2020-01-20 19:43:25.374064 | > DO_CALL (5.955s wait)
.2020-01-20 19:44:43.174574 | eval'd: drake::cmq_buildtargetmetadepsspecht_is_subtargetconfig
2020-01-20 19:44:52.363721 | > DO_CALL (5.174s wait)
.2020-01-20 19:45:08.338273 | eval'd: drake::cmq_buildtargetmetadepsspecht_is_subtargetconfig
2020-01-20 19:45:18.644690 | > DO_CALL (4.923s wait)
.2020-01-20 19:45:25.780858 | eval'd: drake::cmq_buildtargetmetadepsspecht_is_subtargetconfig
2020-01-20 19:45:43.170079 | > DO_CALL (4.884s wait)
.2020-01-20 19:45:58.198616 | eval'd: drake::cmq_buildtargetmetadepsspecht_is_subtargetconfig
2020-01-20 19:46:08.892592 | > DO_CALL (4.921s wait)
.2020-01-20 19:46:28.946683 | eval'd: drake::cmq_buildtargetmetadepsspecht_is_subtargetconfig
2020-01-20 19:46:43.392470 | > DO_CALL (4.901s wait)
.2020-01-20 19:46:49.643168 | eval'd: drake::cmq_buildtargetmetadepsspecht_is_subtargetconfig
2020-01-20 19:47:14.327846 | > DO_CALL (4.902s wait)
.2020-01-20 19:47:20.229915 | eval'd: drake::cmq_buildtargetmetadepsspecht_is_subtargetconfig
2020-01-20 19:47:51.425822 | > DO_CALL (4.888s wait)
.2020-01-20 19:49:04.292246 | eval'd: drake::cmq_buildtargetmetadepsspecht_is_subtargetconfig
2020-01-20 19:49:15.956814 | > DO_CALL (5.875s wait)
.2020-01-20 19:50:29.705761 | eval'd: drake::cmq_buildtargetmetadepsspecht_is_subtargetconfig
2020-01-20 19:50:49.110958 | > DO_CALL (4.921s wait)
.2020-01-20 19:51:09.394672 | eval'd: drake::cmq_buildtargetmetadepsspecht_is_subtargetconfig
2020-01-20 19:51:20.768719 | > DO_CALL (5.056s wait)
.2020-01-20 19:51:48.587080 | eval'd: drake::cmq_buildtargetmetadepsspecht_is_subtargetconfig
2020-01-20 19:52:07.027391 | > DO_CALL (4.898s wait)
.2020-01-20 19:52:53.469519 | eval'd: drake::cmq_buildtargetmetadepsspecht_is_subtargetconfig
2020-01-20 19:53:04.879928 | > DO_CALL (5.019s wait)
.2020-01-20 19:53:17.288342 | eval'd: drake::cmq_buildtargetmetadepsspecht_is_subtargetconfig
2020-01-20 19:53:39.017791 | > DO_CALL (4.899s wait)
.2020-01-20 19:53:47.312449 | eval'd: drake::cmq_buildtargetmetadepsspecht_is_subtargetconfig
2020-01-20 19:54:09.958526 | > DO_CALL (4.889s wait)
.2020-01-20 19:54:26.755186 | eval'd: drake::cmq_buildtargetmetadepsspecht_is_subtargetconfig
2020-01-20 19:54:37.333492 | > DO_CALL (5.097s wait)
.2020-01-20 19:54:52.865701 | eval'd: drake::cmq_buildtargetmetadepsspecht_is_subtargetconfig
2020-01-20 19:55:11.257028 | > DO_CALL (4.874s wait)
.2020-01-20 19:55:33.845268 | eval'd: drake::cmq_buildtargetmetadepsspecht_is_subtargetconfig
2020-01-20 19:55:48.195551 | > DO_CALL (5.078s wait)
.2020-01-20 19:56:09.574768 | eval'd: drake::cmq_buildtargetmetadepsspecht_is_subtargetconfig
2020-01-20 19:56:18.804919 | > DO_CALL (6.090s wait)
.2020-01-20 19:56:37.003014 | eval'd: drake::cmq_buildtargetmetadepsspecht_is_subtargetconfig
2020-01-20 19:56:37.962936 | > DO_CALL (0.011s wait)
.2020-01-20 19:56:38.315781 | eval'd: drake::cmq_buildtargetmetadepsspecht_is_subtargetconfig
2020-01-20 19:56:38.542148 | > DO_CALL (0.013s wait)
.2020-01-20 19:56:41.213583 | eval'd: drake::cmq_buildtargetmetadepsspecht_is_subtargetconfig
2020-01-20 19:56:41.370100 | > DO_CALL (0.002s wait)
.2020-01-20 19:56:41.668507 | eval'd: drake::cmq_buildtargetmetadepsspecht_is_subtargetconfig
2020-01-20 19:56:41.830240 | > DO_CALL (0.000s wait)
.2020-01-20 19:56:41.848715 | eval'd: drake::cmq_buildtargetmetadepsspecht_is_subtargetconfig
2020-01-20 19:56:42.075954 | > DO_CALL (0.009s wait)
.2020-01-20 19:56:42.405925 | eval'd: drake::cmq_buildtargetmetadepsspecht_is_subtargetconfig
2020-01-20 19:56:43.366532 | > DO_CALL (0.014s wait)
.2020-01-20 19:56:43.717364 | eval'd: drake::cmq_buildtargetmetadepsspecht_is_subtargetconfig
2020-01-20 19:56:43.937618 | > DO_CALL (0.014s wait)
.2020-01-20 19:56:44.993482 | eval'd: drake::cmq_buildtargetmetadepsspecht_is_subtargetconfig
2020-01-20 19:56:45.297346 | > DO_CALL (0.004s wait)
.2020-01-20 19:56:45.602055 | eval'd: drake::cmq_buildtargetmetadepsspecht_is_subtargetconfig
2020-01-20 19:56:45.713303 | > DO_CALL (0.018s wait)
.2020-01-20 19:56:46.065122 | eval'd: drake::cmq_buildtargetmetadepsspecht_is_subtargetconfig
2020-01-20 19:56:46.212183 | > DO_CALL (0.005s wait)
.2020-01-20 19:56:46.519742 | eval'd: drake::cmq_buildtargetmetadepsspecht_is_subtargetconfig
2020-01-20 19:56:46.593220 | > DO_CALL (0.011s wait)
.2020-01-20 19:56:47.750216 | eval'd: drake::cmq_buildtargetmetadepsspecht_is_subtargetconfig
2020-01-20 19:56:47.868197 | > DO_CALL (0.012s wait)
.2020-01-20 19:56:48.197612 | eval'd: drake::cmq_buildtargetmetadepsspecht_is_subtargetconfig
2020-01-20 19:56:48.566276 | > DO_CALL (0.010s wait)
.2020-01-20 19:56:48.873423 | eval'd: drake::cmq_buildtargetmetadepsspecht_is_subtargetconfig
2020-01-20 19:56:49.343505 | > DO_CALL (0.016s wait)
.2020-01-20 19:56:49.683606 | eval'd: drake::cmq_buildtargetmetadepsspecht_is_subtargetconfig
2020-01-20 19:56:50.082776 | > DO_CALL (0.041s wait)
.2020-01-20 19:56:50.474385 | eval'd: drake::cmq_buildtargetmetadepsspecht_is_subtargetconfig
2020-01-20 19:56:50.684715 | > DO_CALL (0.013s wait)
.2020-01-20 19:56:51.790941 | eval'd: drake::cmq_buildtargetmetadepsspecht_is_subtargetconfig
2020-01-20 19:56:52.001017 | > DO_CALL (0.004s wait)
.2020-01-20 19:56:52.300072 | eval'd: drake::cmq_buildtargetmetadepsspecht_is_subtargetconfig
2020-01-20 19:56:52.402894 | > DO_CALL (0.010s wait)
.2020-01-20 19:56:52.716800 | eval'd: drake::cmq_buildtargetmetadepsspecht_is_subtargetconfig
2020-01-20 19:56:53.761854 | > DO_CALL (0.012s wait)
.2020-01-20 19:56:54.104783 | eval'd: drake::cmq_buildtargetmetadepsspecht_is_subtargetconfig
2020-01-20 19:56:54.360263 | > DO_CALL (0.013s wait)
.2020-01-20 19:56:55.498512 | eval'd: drake::cmq_buildtargetmetadepsspecht_is_subtargetconfig
2020-01-20 19:56:55.567460 | > DO_CALL (0.010s wait)
.2020-01-20 19:56:55.883702 | eval'd: drake::cmq_buildtargetmetadepsspecht_is_subtargetconfig
2020-01-20 19:56:56.190050 | > DO_CALL (0.011s wait)
.2020-01-20 19:56:56.517608 | eval'd: drake::cmq_buildtargetmetadepsspecht_is_subtargetconfig
2020-01-20 19:56:56.938930 | > DO_CALL (0.022s wait)
.
2020-01-20 19:56:57.283455 | eval'd: drake::cmq_buildtargetmetadepsspecht_is_subtargetconfig
2020-01-20 19:56:57.489067 | > DO_CALL (0.010s wait)
.2020-01-20 19:56:57.810989 | eval'd: drake::cmq_buildtargetmetadepsspecht_is_subtargetconfig
2020-01-20 19:56:58.848563 | > DO_CALL (0.014s wait)
.2020-01-20 19:56:59.877622 | eval'd: drake::cmq_buildtargetmetadepsspecht_is_subtargetconfig
2020-01-20 19:57:00.092154 | > DO_CALL (0.003s wait)
.2020-01-20 19:57:00.389638 | eval'd: drake::cmq_buildtargetmetadepsspecht_is_subtargetconfig
2020-01-20 19:57:00.699690 | > DO_CALL (0.000s wait)
.2020-01-20 19:57:00.711560 | eval'd: drake::cmq_buildtargetmetadepsspecht_is_subtargetconfig
2020-01-20 19:57:01.320954 | > DO_CALL (0.006s wait)
.2020-01-20 19:57:01.625230 | eval'd: drake::cmq_buildtargetmetadepsspecht_is_subtargetconfig
2020-01-20 19:57:02.047843 | > DO_CALL (0.015s wait)
.2020-01-20 19:57:02.386671 | eval'd: drake::cmq_buildtargetmetadepsspecht_is_subtargetconfig
2020-01-20 19:57:03.347991 | > DO_CALL (0.021s wait)
.2020-01-20 19:57:04.446196 | eval'd: drake::cmq_buildtargetmetadepsspecht_is_subtargetconfig
2020-01-20 19:57:04.509767 | > DO_CALL (0.003s wait)
.2020-01-20 19:57:04.739795 | eval'd: drake::cmq_buildtargetmetadepsspecht_is_subtargetconfig
2020-01-20 19:57:04.945813 | > DO_CALL (0.019s wait)
.2020-01-20 19:57:05.308023 | eval'd: drake::cmq_buildtargetmetadepsspecht_is_subtargetconfig
2020-01-20 19:57:05.493820 | > DO_CALL (0.013s wait)
.2020-01-20 19:57:05.824445 | eval'd: drake::cmq_buildtargetmetadepsspecht_is_subtargetconfig
2020-01-20 19:57:05.922172 | > DO_CALL (0.002s wait)
.2020-01-20 19:57:06.124161 | eval'd: drake::cmq_buildtargetmetadepsspecht_is_subtargetconfig
2020-01-20 19:57:06.219630 | > DO_CALL (0.010s wait)
.2020-01-20 19:57:07.211266 | eval'd: drake::cmq_buildtargetmetadepsspecht_is_subtargetconfig
2020-01-20 19:57:08.336650 | > DO_CALL (0.013s wait)
.2020-01-20 19:57:08.672487 | eval'd: drake::cmq_buildtargetmetadepsspecht_is_subtargetconfig
2020-01-20 19:57:09.162801 | > DO_CALL (0.007s wait)
.2020-01-20 19:57:09.473392 | eval'd: drake::cmq_buildtargetmetadepsspecht_is_subtargetconfig
2020-01-20 19:57:09.595896 | > DO_CALL (0.011s wait)
.2020-01-20 19:57:09.923295 | eval'd: drake::cmq_buildtargetmetadepsspecht_is_subtargetconfig
2020-01-20 19:57:10.389988 | > DO_CALL (0.008s wait)
.2020-01-20 19:57:10.716736 | eval'd: drake::cmq_buildtargetmetadepsspecht_is_subtargetconfig
2020-01-20 19:57:10.981187 | > DO_CALL (0.017s wait)
.2020-01-20 19:57:12.089612 | eval'd: drake::cmq_buildtargetmetadepsspecht_is_subtargetconfig
2020-01-20 19:57:12.192161 | > DO_CALL (0.008s wait)
.2020-01-20 19:57:12.507688 | eval'd: drake::cmq_buildtargetmetadepsspecht_is_subtargetconfig
2020-01-20 19:57:13.717803 | > DO_CALL (0.025s wait)
.2020-01-20 19:57:14.082767 | eval'd: drake::cmq_buildtargetmetadepsspecht_is_subtargetconfig
2020-01-20 19:57:14.472089 | > DO_CALL (0.009s wait)
.2020-01-20 19:57:14.790805 | eval'd: drake::cmq_buildtargetmetadepsspecht_is_subtargetconfig
2020-01-20 19:57:15.182176 | > DO_CALL (0.014s wait)
.2020-01-20 19:57:16.298003 | eval'd: drake::cmq_buildtargetmetadepsspecht_is_subtargetconfig
2020-01-20 19:57:16.385330 | > DO_CALL (0.006s wait)
.2020-01-20 19:57:16.688429 | eval'd: drake::cmq_buildtargetmetadepsspecht_is_subtargetconfig
2020-01-20 19:57:17.181665 | > DO_CALL (0.004s wait)
.2020-01-20 19:57:17.453739 | eval'd: drake::cmq_buildtargetmetadepsspecht_is_subtargetconfig
2020-01-20 19:57:18.728958 | > DO_CALL (0.013s wait)
.2020-01-20 19:57:19.062305 | eval'd: drake::cmq_buildtargetmetadepsspecht_is_subtargetconfig
2020-01-20 19:57:19.452728 | > DO_CALL (0.012s wait)
.2020-01-20 19:57:19.787534 | eval'd: drake::cmq_buildtargetmetadepsspecht_is_subtargetconfig
2020-01-20 19:57:20.030462 | > DO_CALL (0.022s wait)
.2020-01-20 19:57:21.173330 | eval'd: drake::cmq_buildtargetmetadepsspecht_is_subtargetconfig
2020-01-20 19:57:21.300884 | > DO_CALL (0.006s wait)
.2020-01-20 19:57:21.612960 | eval'd: drake::cmq_buildtargetmetadepsspecht_is_subtargetconfig
2020-01-20 19:57:21.976435 | > DO_CALL (0.011s wait)
.2020-01-20 19:57:22.305126 | eval'd: drake::cmq_buildtargetmetadepsspecht_is_subtargetconfig
2020-01-20 19:57:23.486433 | > DO_CALL (0.011s wait)
.2020-01-20 19:57:23.797091 | eval'd: drake::cmq_buildtargetmetadepsspecht_is_subtargetconfig
2020-01-20 19:57:24.298783 | > DO_CALL (0.002s wait)
.2020-01-20 19:57:25.150913 | eval'd: drake::cmq_buildtargetmetadepsspecht_is_subtargetconfig
2020-01-20 19:57:25.222965 | > DO_CALL (0.007s wait)
.2020-01-20 19:57:25.535615 | eval'd: drake::cmq_buildtargetmetadepsspecht_is_subtargetconfig
2020-01-20 19:57:26.026656 | > DO_CALL (0.015s wait)
.2020-01-20 19:57:26.367982 | eval'd: drake::cmq_buildtargetmetadepsspecht_is_subtargetconfig
2020-01-20 19:57:26.844804 | > DO_CALL (0.012s wait)
.2020-01-20 19:57:27.179196 | eval'd: drake::cmq_buildtargetmetadepsspecht_is_subtargetconfig
2020-01-20 19:57:28.257948 | > DO_CALL (0.008s wait)
.2020-01-20 19:57:28.572940 | eval'd: drake::cmq_buildtargetmetadepsspecht_is_subtargetconfig
2020-01-20 19:57:29.113882 | > DO_CALL (0.008s wait)
.2020-01-20 19:57:30.134569 | eval'd: drake::cmq_buildtargetmetadepsspecht_is_subtargetconfig
2020-01-20 19:57:30.355870 | > DO_CALL (0.007s wait)
.2020-01-20 19:57:30.672755 | eval'd: drake::cmq_buildtargetmetadepsspecht_is_subtargetconfig
2020-01-20 19:57:30.975684 | > DO_CALL (0.013s wait)
.2020-01-20 19:57:31.314907 | eval'd: drake::cmq_buildtargetmetadepsspecht_is_subtargetconfig
2020-01-20 19:57:31.557299 | > DO_CALL (0.013s wait)
.2020-01-20 19:57:31.888123 | eval'd: drake::cmq_buildtargetmetadepsspecht_is_subtargetconfig
2020-01-20 19:57:32.006447 | > DO_CALL (0.011s wait)
.2020-01-20 19:57:33.034182 | eval'd: drake::cmq_buildtargetmetadepsspecht_is_subtargetconfig
2020-01-20 19:57:33.419389 | > DO_CALL (0.012s wait)
.2020-01-20 19:57:33.753344 | eval'd: drake::cmq_buildtargetmetadepsspecht_is_subtargetconfig
2020-01-20 19:57:34.284972 | > DO_CALL (0.007s wait)
.2020-01-20 19:57:34.591986 | eval'd: drake::cmq_buildtargetmetadepsspecht_is_subtargetconfig
2020-01-20 19:57:35.130792 | > DO_CALL (0.008s wait)
.2020-01-20 19:57:35.447434 | eval'd: drake::cmq_buildtargetmetadepsspecht_is_subtargetconfig
2020-01-20 19:57:35.849557 | > DO_CALL (0.013s wait)
.2020-01-20 19:57:36.894965 | eval'd: drake::cmq_buildtargetmetadepsspecht_is_subtargetconfig
2020-01-20 19:57:37.188185 | > DO_CALL (0.002s wait)
.2020-01-20 19:57:37.486496 | eval'd: drake::cmq_buildtargetmetadepsspecht_is_subtargetconfig
2020-01-20 19:57:38.592515 | > DO_CALL (0.000s wait)
.2020-01-20 19:57:38.600895 | eval'd: drake::cmq_buildtargetmetadepsspecht_is_subtargetconfig
2020-01-20 19:57:39.441667 | > DO_CALL (0.011s wait)
.2020-01-20 19:57:39.806169 | eval'd: drake::cmq_buildtargetmetadepsspecht_is_subtargetconfig
2020-01-20 19:57:40.220936 | > DO_CALL (0.006s wait)
.2020-01-20 19:57:40.552165 | eval'd: drake::cmq_buildtargetmetadepsspecht_is_subtargetconfig
2020-01-20 19:57:40.672235 | > DO_CALL (0.014s wait)
.2020-01-20 19:57:41.028527 | eval'd: drake::cmq_buildtargetmetadepsspecht_is_subtargetconfig
2020-01-20 19:57:41.190772 | > DO_CALL (0.012s wait)
.2020-01-20 19:57:42.192266 | eval'd: drake::cmq_buildtargetmetadepsspecht_is_subtargetconfig
2020-01-20 19:57:42.714268 | > DO_CALL (0.010s wait)
.2020-01-20 19:57:43.046041 | eval'd: drake::cmq_buildtargetmetadepsspecht_is_subtargetconfig
2020-01-20 19:57:43.527185 | > DO_CALL (0.017s wait)
.2020-01-20 19:57:43.862303 | eval'd: drake::cmq_buildtargetmetadepsspecht_is_subtargetconfig
2020-01-20 19:57:44.342069 | > DO_CALL (0.017s wait)
.2020-01-20 19:57:44.689754 | eval'd: drake::cmq_buildtargetmetadepsspecht_is_subtargetconfig
2020-01-20 19:57:44.985453 | > DO_CALL (0.004s wait)
.2020-01-20 19:57:45.925715 | eval'd: drake::cmq_buildtargetmetadepsspecht_is_subtargetconfig
2020-01-20 19:57:46.246584 | > DO_CALL (0.012s wait)
.2020-01-20 19:57:46.583264 | eval'd: drake::cmq_buildtargetmetadepsspecht_is_subtargetconfig
2020-01-20 19:57:47.424026 | > DO_CALL (0.007s wait)
.2020-01-20 19:57:47.734165 | eval'd: drake::cmq_buildtargetmetadepsspecht_is_subtargetconfig
2020-01-20 19:57:48.150170 | > DO_CALL (0.008s wait)
.2020-01-20 19:57:48.475731 | eval'd: drake::cmq_buildtargetmetadepsspecht_is_subtargetconfig
2020-01-20 19:57:48.971374 | > DO_CALL (0.017s wait)
.2020-01-20 19:57:49.325438 | eval'd: drake::cmq_buildtargetmetadepsspecht_is_subtargetconfig
2020-01-20 19:57:49.456784 | > DO_CALL (0.000s wait)
.2020-01-20 19:57:49.467155 | eval'd: drake::cmq_buildtargetmetadepsspecht_is_subtargetconfig
2020-01-20 19:57:50.180908 | > DO_CALL (0.009s wait)
.2020-01-20 19:57:51.256323 | eval'd: drake::cmq_buildtargetmetadepsspecht_is_subtargetconfig
2020-01-20 19:57:52.152943 | > DO_CALL (0.012s wait)
.2020-01-20 19:57:52.488869 | eval'd: drake::cmq_buildtargetmetadepsspecht_is_subtargetconfig
2020-01-20 19:57:52.851608 | > DO_CALL (0.010s wait)
.2020-01-20 19:57:53.169648 | eval'd: drake::cmq_buildtargetmetadepsspecht_is_subtargetconfig
2020-01-20 19:57:53.702869 | > DO_CALL (0.013s wait)
.2020-01-20 19:57:54.040722 | eval'd: drake::cmq_buildtargetmetadepsspecht_is_subtargetconfig
2020-01-20 19:57:54.162929 | > DO_CALL (0.006s wait)
.2020-01-20 19:57:55.105563 | eval'd: drake::cmq_buildtargetmetadepsspecht_is_subtargetconfig
2020-01-20 19:57:55.279817 | > DO_CALL (0.016s wait)
.2020-01-20 19:57:55.625467 | eval'd: drake::cmq_buildtargetmetadepsspecht_is_subtargetconfig
2020-01-20 19:57:55.940126 | > DO_CALL (0.000s wait)
.2020-01-20 19:57:55.950788 | eval'd: drake::cmq_buildtargetmetadepsspecht_is_subtargetconfig
2020-01-20 19:57:56.957849 | > DO_CALL (0.026s wait)
.2020-01-20 19:57:57.319875 | eval'd: drake::cmq_buildtargetmetadepsspecht_is_subtargetconfig
2020-01-20 19:57:57.776043 | > DO_CALL (0.007s wait)
.2020-01-20 19:57:58.098296 | eval'd: drake::cmq_buildtargetmetadepsspecht_is_subtargetconfig
2020-01-20 19:57:58.611877 | > DO_CALL (0.020s wait)
.2020-01-20 19:57:58.967032 | eval'd: drake::cmq_buildtargetmetadepsspecht_is_subtargetconfig
2020-01-20 19:57:59.339556 | > DO_CALL (0.000s wait)
.2020-01-20 19:57:59.350119 | eval'd: drake::cmq_buildtargetmetadepsspecht_is_subtargetconfig
2020-01-20 19:57:59.942196 | > DO_CALL (0.020s wait)
.2020-01-20 19:58:01.164278 | eval'd: drake::cmq_buildtargetmetadepsspecht_is_subtargetconfig
2020-01-20 19:58:01.923780 | > DO_CALL (0.039s wait)
.2020-01-20 19:58:02.321058 | eval'd: drake::cmq_buildtargetmetadepsspecht_is_subtargetconfig
2020-01-20 19:58:02.706392 | > DO_CALL (0.017s wait)
.2020-01-20 19:58:03.076111 | eval'd: drake::cmq_buildtargetmetadepsspecht_is_subtargetconfig
2020-01-20 19:58:03.484029 | > DO_CALL (0.005s wait)
.2020-01-20 19:58:03.788982 | eval'd: drake::cmq_buildtargetmetadepsspecht_is_subtargetconfig
2020-01-20 19:58:04.261519 | > DO_CALL (0.010s wait)
.2020-01-20 19:58:05.338555 | eval'd: drake::cmq_buildtargetmetadepsspecht_is_subtargetconfig
2020-01-20 19:58:05.609823 | > DO_CALL (0.009s wait)
.2020-01-20 19:58:05.938097 | eval'd: drake::cmq_buildtargetmetadepsspecht_is_subtargetconfig
2020-01-20 19:58:06.951343 | > DO_CALL (0.003s wait)
.2020-01-20 19:58:07.201699 | eval'd: drake::cmq_buildtargetmetadepsspecht_is_subtargetconfig
2020-01-20 19:58:07.769978 | > DO_CALL (0.011s wait)
.2020-01-20 19:58:08.102726 | eval'd: drake::cmq_buildtargetmetadepsspecht_is_subtargetconfig
2020-01-20 19:58:08.611598 | > DO_CALL (0.014s wait)
.2020-01-20 19:58:08.970201 | eval'd: drake::cmq_buildtargetmetadepsspecht_is_subtargetconfig
2020-01-20 19:58:09.435401 | > DO_CALL (0.012s wait)
.
2020-01-20 19:58:10.517718 | eval'd: drake::cmq_buildtargetmetadepsspecht_is_subtargetconfig
2020-01-20 19:58:11.605843 | > DO_CALL (0.011s wait)
.2020-01-20 19:58:11.937498 | eval'd: drake::cmq_buildtargetmetadepsspecht_is_subtargetconfig
2020-01-20 19:58:12.385372 | > DO_CALL (0.010s wait)
.2020-01-20 19:58:12.711251 | eval'd: drake::cmq_buildtargetmetadepsspecht_is_subtargetconfig
2020-01-20 19:58:13.160313 | > DO_CALL (0.010s wait)
.2020-01-20 19:58:13.504946 | eval'd: drake::cmq_buildtargetmetadepsspecht_is_subtargetconfig
2020-01-20 19:58:13.772814 | > DO_CALL (0.016s wait)
.2020-01-20 19:58:14.805410 | eval'd: drake::cmq_buildtargetmetadepsspecht_is_subtargetconfig
2020-01-20 19:58:15.138850 | > DO_CALL (0.015s wait)
.2020-01-20 19:58:15.494261 | eval'd: drake::cmq_buildtargetmetadepsspecht_is_subtargetconfig
2020-01-20 19:58:16.434848 | > DO_CALL (0.022s wait)
.2020-01-20 19:58:16.803143 | eval'd: drake::cmq_buildtargetmetadepsspecht_is_subtargetconfig
2020-01-20 19:58:17.262502 | > DO_CALL (0.011s wait)
.2020-01-20 19:58:17.604384 | eval'd: drake::cmq_buildtargetmetadepsspecht_is_subtargetconfig
2020-01-20 19:58:18.098382 | > DO_CALL (0.001s wait)
.2020-01-20 19:58:18.166517 | eval'd: drake::cmq_buildtargetmetadepsspecht_is_subtargetconfig
2020-01-20 19:58:18.844270 | > DO_CALL (0.006s wait)
.2020-01-20 19:58:19.877574 | eval'd: drake::cmq_buildtargetmetadepsspecht_is_subtargetconfig
2020-01-20 19:58:20.095272 | > DO_CALL (0.004s wait)
.2020-01-20 19:58:20.368972 | eval'd: drake::cmq_buildtargetmetadepsspecht_is_subtargetconfig
2020-01-20 19:58:20.481820 | > DO_CALL (0.004s wait)
.2020-01-20 19:58:20.802587 | eval'd: drake::cmq_buildtargetmetadepsspecht_is_subtargetconfig
2020-01-20 19:58:21.946969 | > DO_CALL (0.007s wait)
.2020-01-20 19:58:22.272123 | eval'd: drake::cmq_buildtargetmetadepsspecht_is_subtargetconfig
2020-01-20 19:58:22.772537 | > DO_CALL (0.000s wait)
.2020-01-20 19:58:22.785296 | eval'd: drake::cmq_buildtargetmetadepsspecht_is_subtargetconfig
2020-01-20 19:58:23.622256 | > DO_CALL (0.007s wait)
.2020-01-20 19:58:23.945193 | eval'd: drake::cmq_buildtargetmetadepsspecht_is_subtargetconfig
2020-01-20 19:58:24.370332 | > DO_CALL (0.006s wait)
.2020-01-20 19:58:25.367236 | eval'd: drake::cmq_buildtargetmetadepsspecht_is_subtargetconfig
2020-01-20 19:58:25.598746 | > DO_CALL (0.012s wait)
.2020-01-20 19:58:25.947351 | eval'd: drake::cmq_buildtargetmetadepsspecht_is_subtargetconfig
2020-01-20 19:58:27.079157 | > DO_CALL (0.011s wait)
.2020-01-20 19:58:27.423479 | eval'd: drake::cmq_buildtargetmetadepsspecht_is_subtargetconfig
2020-01-20 19:58:27.873293 | > DO_CALL (0.015s wait)
.2020-01-20 19:58:28.217996 | eval'd: drake::cmq_buildtargetmetadepsspecht_is_subtargetconfig
2020-01-20 19:58:28.690418 | > DO_CALL (0.018s wait)
.2020-01-20 19:58:29.743808 | eval'd: drake::cmq_buildtargetmetadepsspecht_is_subtargetconfig
2020-01-20 19:58:29.968355 | > DO_CALL (0.013s wait)
.2020-01-20 19:58:30.319283 | eval'd: drake::cmq_buildtargetmetadepsspecht_is_subtargetconfig
2020-01-20 19:58:30.530885 | > DO_CALL (0.007s wait)
.2020-01-20 19:58:30.851102 | eval'd: drake::cmq_buildtargetmetadepsspecht_is_subtargetconfig
2020-01-20 19:58:32.004162 | > DO_CALL (0.014s wait)
.2020-01-20 19:58:32.347846 | eval'd: drake::cmq_buildtargetmetadepsspecht_is_subtargetconfig
2020-01-20 19:58:32.766610 | > DO_CALL (0.010s wait)
.2020-01-20 19:58:33.098377 | eval'd: drake::cmq_buildtargetmetadepsspecht_is_subtargetconfig
2020-01-20 19:58:33.536099 | > DO_CALL (0.000s wait)
.2020-01-20 19:58:33.544566 | eval'd: drake::cmq_buildtargetmetadepsspecht_is_subtargetconfig
2020-01-20 19:58:34.333879 | > DO_CALL (0.009s wait)
.2020-01-20 19:58:35.380408 | eval'd: drake::cmq_buildtargetmetadepsspecht_is_subtargetconfig
2020-01-20 19:58:36.344129 | > DO_CALL (0.008s wait)
.2020-01-20 19:58:36.664535 | eval'd: drake::cmq_buildtargetmetadepsspecht_is_subtargetconfig
2020-01-20 19:58:37.195363 | > DO_CALL (0.025s wait)
.2020-01-20 19:58:37.579425 | eval'd: drake::cmq_buildtargetmetadepsspecht_is_subtargetconfig
2020-01-20 19:58:38.007885 | > DO_CALL (0.010s wait)
.2020-01-20 19:58:38.333726 | eval'd: drake::cmq_buildtargetmetadepsspecht_is_subtargetconfig
2020-01-20 19:58:38.767431 | > DO_CALL (0.001s wait)
.2020-01-20 19:58:38.799508 | eval'd: drake::cmq_buildtargetmetadepsspecht_is_subtargetconfig
2020-01-20 19:58:39.550248 | > DO_CALL (0.011s wait)
.2020-01-20 19:58:40.645289 | eval'd: drake::cmq_buildtargetmetadepsspecht_is_subtargetconfig
2020-01-20 19:58:41.539626 | > DO_CALL (0.012s wait)
.2020-01-20 19:58:41.892843 | eval'd: drake::cmq_buildtargetmetadepsspecht_is_subtargetconfig
2020-01-20 19:58:42.299817 | > DO_CALL (0.008s wait)
.2020-01-20 19:58:42.620167 | eval'd: drake::cmq_buildtargetmetadepsspecht_is_subtargetconfig
2020-01-20 19:58:43.097413 | > DO_CALL (0.006s wait)
.2020-01-20 19:58:43.417335 | eval'd: drake::cmq_buildtargetmetadepsspecht_is_subtargetconfig
2020-01-20 19:58:43.539113 | > DO_CALL (0.006s wait)
.2020-01-20 19:58:43.863384 | eval'd: drake::cmq_buildtargetmetadepsspecht_is_subtargetconfig
2020-01-20 19:58:44.239610 | > DO_CALL (0.012s wait)
.2020-01-20 19:58:45.230577 | eval'd: drake::cmq_buildtargetmetadepsspecht_is_subtargetconfig
2020-01-20 19:58:45.635188 | > DO_CALL (0.021s wait)
.2020-01-20 19:58:45.995326 | eval'd: drake::cmq_buildtargetmetadepsspecht_is_subtargetconfig
2020-01-20 19:58:46.452205 | > DO_CALL (0.014s wait)
.2020-01-20 19:58:46.798514 | eval'd: drake::cmq_buildtargetmetadepsspecht_is_subtargetconfig
2020-01-20 19:58:47.204500 | > DO_CALL (0.009s wait)
.2020-01-20 19:58:47.528825 | eval'd: drake::cmq_buildtargetmetadepsspecht_is_subtargetconfig
2020-01-20 19:58:47.936399 | > DO_CALL (0.010s wait)
.2020-01-20 19:58:49.078152 | eval'd: drake::cmq_buildtargetmetadepsspecht_is_subtargetconfig
2020-01-20 19:58:49.203112 | > DO_CALL (0.020s wait)
.2020-01-20 19:58:49.572489 | eval'd: drake::cmq_buildtargetmetadepsspecht_is_subtargetconfig
2020-01-20 19:58:49.689861 | > DO_CALL (0.016s wait)
.2020-01-20 19:58:50.045583 | eval'd: drake::cmq_buildtargetmetadepsspecht_is_subtargetconfig
2020-01-20 19:58:51.149778 | > DO_CALL (0.012s wait)
.2020-01-20 19:58:51.486182 | eval'd: drake::cmq_buildtargetmetadepsspecht_is_subtargetconfig
2020-01-20 19:58:51.912180 | > DO_CALL (0.006s wait)
.2020-01-20 19:58:52.232879 | eval'd: drake::cmq_buildtargetmetadepsspecht_is_subtargetconfig
2020-01-20 19:58:52.649512 | > DO_CALL (0.014s wait)
.2020-01-20 19:58:53.755458 | eval'd: drake::cmq_buildtargetmetadepsspecht_is_subtargetconfig
2020-01-20 19:58:54.008651 | > DO_CALL (0.012s wait)
.2020-01-20 19:58:54.356606 | eval'd: drake::cmq_buildtargetmetadepsspecht_is_subtargetconfig
2020-01-20 19:58:55.156644 | > DO_CALL (0.016s wait)
.2020-01-20 19:58:55.504398 | eval'd: drake::cmq_buildtargetmetadepsspecht_is_subtargetconfig
2020-01-20 19:58:55.919291 | > DO_CALL (0.010s wait)
.2020-01-20 19:58:56.252519 | eval'd: drake::cmq_buildtargetmetadepsspecht_is_subtargetconfig
2020-01-20 19:58:56.676176 | > DO_CALL (0.005s wait)
.2020-01-20 19:58:57.728907 | eval'd: drake::cmq_buildtargetmetadepsspecht_is_subtargetconfig
2020-01-20 19:58:57.819619 | > DO_CALL (0.010s wait)
.2020-01-20 19:58:58.148357 | eval'd: drake::cmq_buildtargetmetadepsspecht_is_subtargetconfig
2020-01-20 19:58:58.362095 | > DO_CALL (0.005s wait)
.2020-01-20 19:58:58.673885 | eval'd: drake::cmq_buildtargetmetadepsspecht_is_subtargetconfig
2020-01-20 19:58:59.697177 | > DO_CALL (0.018s wait)
.2020-01-20 19:59:00.046173 | eval'd: drake::cmq_buildtargetmetadepsspecht_is_subtargetconfig
2020-01-20 19:59:00.479013 | > DO_CALL (0.005s wait)
.2020-01-20 19:59:01.470611 | eval'd: drake::cmq_buildtargetmetadepsspecht_is_subtargetconfig
2020-01-20 19:59:01.640612 | > DO_CALL (0.019s wait)
.2020-01-20 19:59:02.002523 | eval'd: drake::cmq_buildtargetmetadepsspecht_is_subtargetconfig
2020-01-20 19:59:02.214106 | > DO_CALL (0.003s wait)
.2020-01-20 19:59:02.532288 | eval'd: drake::cmq_buildtargetmetadepsspecht_is_subtargetconfig
2020-01-20 19:59:02.774372 | > DO_CALL (0.011s wait)
.2020-01-20 19:59:03.107887 | eval'd: drake::cmq_buildtargetmetadepsspecht_is_subtargetconfig
2020-01-20 19:59:03.389258 | > DO_CALL (0.011s wait)
.2020-01-20 19:59:03.734599 | eval'd: drake::cmq_buildtargetmetadepsspecht_is_subtargetconfig
2020-01-20 19:59:04.848232 | > DO_CALL (0.017s wait)
.2020-01-20 19:59:05.842293 | eval'd: drake::cmq_buildtargetmetadepsspecht_is_subtargetconfig
2020-01-20 19:59:06.027279 | > DO_CALL (0.018s wait)
.2020-01-20 19:59:06.391664 | eval'd: drake::cmq_buildtargetmetadepsspecht_is_subtargetconfig
2020-01-20 19:59:06.580211 | > DO_CALL (0.014s wait)
.2020-01-20 19:59:06.938146 | eval'd: drake::cmq_buildtargetmetadepsspecht_is_subtargetconfig
2020-01-20 19:59:07.233688 | > DO_CALL (0.013s wait)
.2020-01-20 19:59:07.576792 | eval'd: drake::cmq_buildtargetmetadepsspecht_is_subtargetconfig
2020-01-20 19:59:07.818933 | > DO_CALL (0.011s wait)
.2020-01-20 19:59:08.835288 | eval'd: drake::cmq_buildtargetmetadepsspecht_is_subtargetconfig
2020-01-20 19:59:09.049606 | > DO_CALL (0.012s wait)
.2020-01-20 19:59:09.397217 | eval'd: drake::cmq_buildtargetmetadepsspecht_is_subtargetconfig
2020-01-20 19:59:09.852290 | > DO_CALL (0.016s wait)
.2020-01-20 19:59:10.210526 | eval'd: drake::cmq_buildtargetmetadepsspecht_is_subtargetconfig
2020-01-20 19:59:10.685743 | > DO_CALL (0.021s wait)
.2020-01-20 19:59:11.045670 | eval'd: drake::cmq_buildtargetmetadepsspecht_is_subtargetconfig
2020-01-20 19:59:11.411995 | > DO_CALL (0.006s wait)
.2020-01-20 19:59:11.736740 | eval'd: drake::cmq_buildtargetmetadepsspecht_is_subtargetconfig
2020-01-20 19:59:12.100048 | > DO_CALL (0.008s wait)
.2020-01-20 19:59:13.044870 | eval'd: drake::cmq_buildtargetmetadepsspecht_is_subtargetconfig
2020-01-20 19:59:13.311189 | > DO_CALL (0.000s wait)
.2020-01-20 19:59:13.316821 | eval'd: drake::cmq_buildtargetmetadepsspecht_is_subtargetconfig
2020-01-20 19:59:13.904062 | > DO_CALL (0.001s wait)
.2020-01-20 19:59:16.536465 | eval'd: drake::cmq_buildtargetmetadepsspecht_is_subtargetconfig
2020-01-20 19:59:16.823089 | > DO_CALL (0.001s wait)
.2020-01-20 19:59:16.828461 | eval'd: drake::cmq_buildtargetmetadepsspecht_is_subtargetconfig
2020-01-20 19:59:17.295498 | > DO_CALL (0.001s wait)
.2020-01-20 19:59:17.300825 | eval'd: drake::cmq_buildtargetmetadepsspecht_is_subtargetconfig
2020-01-20 19:59:18.518171 | > DO_CALL (0.000s wait)
.2020-01-20 19:59:18.523605 | eval'd: drake::cmq_buildtargetmetadepsspecht_is_subtargetconfig
2020-01-20 19:59:19.109632 | > DO_CALL (0.001s wait)
.2020-01-20 19:59:19.113940 | eval'd: drake::cmq_buildtargetmetadepsspecht_is_subtargetconfig
2020-01-20 19:59:19.697692 | > DO_CALL (0.001s wait)
.2020-01-20 19:59:19.703047 | eval'd: drake::cmq_buildtargetmetadepsspecht_is_subtargetconfig
2020-01-20 19:59:20.285413 | > DO_CALL (0.001s wait)
.2020-01-20 19:59:20.290780 | eval'd: drake::cmq_buildtargetmetadepsspecht_is_subtargetconfig
2020-01-20 19:59:20.881943 | > DO_CALL (0.001s wait)
.2020-01-20 19:59:20.887253 | eval'd: drake::cmq_buildtargetmetadepsspecht_is_subtargetconfig
2020-01-20 19:59:22.124222 | > DO_CALL (0.000s wait)
.2020-01-20 19:59:22.129565 | eval'd: drake::cmq_buildtargetmetadepsspecht_is_subtargetconfig
2020-01-20 19:59:22.730036 | > DO_CALL (0.001s wait)
.2020-01-20 19:59:22.735306 | eval'd: drake::cmq_buildtargetmetadepsspecht_is_subtargetconfig
2020-01-20 19:59:23.315698 | > DO_CALL (0.001s wait)
.2020-01-20 19:59:23.320996 | eval'd: drake::cmq_buildtargetmetadepsspecht_is_subtargetconfig
2020-01-20 19:59:23.906404 | > DO_CALL (0.001s wait)
.
2020-01-20 19:59:23.911674 | eval'd: drake::cmq_buildtargetmetadepsspecht_is_subtargetconfig
2020-01-20 19:59:24.502166 | > DO_CALL (0.000s wait)
.2020-01-20 19:59:24.507546 | eval'd: drake::cmq_buildtargetmetadepsspecht_is_subtargetconfig
2020-01-20 19:59:25.718907 | > DO_CALL (0.001s wait)
.2020-01-20 19:59:25.724316 | eval'd: drake::cmq_buildtargetmetadepsspecht_is_subtargetconfig
2020-01-20 19:59:26.307680 | > DO_CALL (0.001s wait)
.2020-01-20 19:59:26.313051 | eval'd: drake::cmq_buildtargetmetadepsspecht_is_subtargetconfig
2020-01-20 19:59:26.889955 | > DO_CALL (0.001s wait)
.2020-01-20 19:59:26.895272 | eval'd: drake::cmq_buildtargetmetadepsspecht_is_subtargetconfig
2020-01-20 19:59:27.474400 | > DO_CALL (0.001s wait)
.2020-01-20 19:59:27.479704 | eval'd: drake::cmq_buildtargetmetadepsspecht_is_subtargetconfig
2020-01-20 19:59:28.083870 | > DO_CALL (0.001s wait)
.2020-01-20 19:59:28.089220 | eval'd: drake::cmq_buildtargetmetadepsspecht_is_subtargetconfig
2020-01-20 19:59:29.304709 | > DO_CALL (0.001s wait)
.2020-01-20 19:59:29.310015 | eval'd: drake::cmq_buildtargetmetadepsspecht_is_subtargetconfig
2020-01-20 19:59:29.905950 | > DO_CALL (0.001s wait)
.2020-01-20 19:59:29.911308 | eval'd: drake::cmq_buildtargetmetadepsspecht_is_subtargetconfig
2020-01-20 19:59:30.499906 | > DO_CALL (0.001s wait)
.2020-01-20 19:59:30.505327 | eval'd: drake::cmq_buildtargetmetadepsspecht_is_subtargetconfig
2020-01-20 19:59:31.092099 | > DO_CALL (0.001s wait)
.2020-01-20 19:59:31.097524 | eval'd: drake::cmq_buildtargetmetadepsspecht_is_subtargetconfig
2020-01-20 19:59:31.688222 | > DO_CALL (0.000s wait)
.2020-01-20 19:59:31.693653 | eval'd: drake::cmq_buildtargetmetadepsspecht_is_subtargetconfig
2020-01-20 19:59:32.917800 | > DO_CALL (0.001s wait)
.2020-01-20 19:59:32.923745 | eval'd: drake::cmq_buildtargetmetadepsspecht_is_subtargetconfig
2020-01-20 19:59:33.518578 | > DO_CALL (0.001s wait)
.2020-01-20 19:59:33.523945 | eval'd: drake::cmq_buildtargetmetadepsspecht_is_subtargetconfig
2020-01-20 19:59:34.121942 | > DO_CALL (0.001s wait)
.2020-01-20 19:59:34.127405 | eval'd: drake::cmq_buildtargetmetadepsspecht_is_subtargetconfig
2020-01-20 19:59:34.728289 | > DO_CALL (0.000s wait)
.2020-01-20 19:59:34.733712 | eval'd: drake::cmq_buildtargetmetadepsspecht_is_subtargetconfig
2020-01-20 19:59:35.334172 | > DO_CALL (0.000s wait)
.2020-01-20 19:59:35.339519 | eval'd: drake::cmq_buildtargetmetadepsspecht_is_subtargetconfig
2020-01-20 19:59:36.563593 | > DO_CALL (0.001s wait)
.2020-01-20 19:59:36.568971 | eval'd: drake::cmq_buildtargetmetadepsspecht_is_subtargetconfig
2020-01-20 19:59:37.148296 | > DO_CALL (0.000s wait)
.2020-01-20 19:59:37.153649 | eval'd: drake::cmq_buildtargetmetadepsspecht_is_subtargetconfig
2020-01-20 19:59:37.777571 | > DO_CALL (0.001s wait)
.2020-01-20 19:59:37.782874 | eval'd: drake::cmq_buildtargetmetadepsspecht_is_subtargetconfig
2020-01-20 19:59:38.375726 | > DO_CALL (0.001s wait)
.2020-01-20 19:59:38.381141 | eval'd: drake::cmq_buildtargetmetadepsspecht_is_subtargetconfig
2020-01-20 19:59:38.973990 | > DO_CALL (0.001s wait)
.2020-01-20 19:59:38.979389 | eval'd: drake::cmq_buildtargetmetadepsspecht_is_subtargetconfig
2020-01-20 19:59:40.213445 | > DO_CALL (0.001s wait)
.2020-01-20 19:59:40.218762 | eval'd: drake::cmq_buildtargetmetadepsspecht_is_subtargetconfig
2020-01-20 19:59:40.808001 | > DO_CALL (0.001s wait)
.2020-01-20 19:59:40.813351 | eval'd: drake::cmq_buildtargetmetadepsspecht_is_subtargetconfig
2020-01-20 19:59:41.397261 | > DO_CALL (0.000s wait)
.2020-01-20 19:59:41.402628 | eval'd: drake::cmq_buildtargetmetadepsspecht_is_subtargetconfig
2020-01-20 19:59:41.980261 | > DO_CALL (0.000s wait)
.2020-01-20 19:59:41.984326 | eval'd: drake::cmq_buildtargetmetadepsspecht_is_subtargetconfig
2020-01-20 19:59:42.566535 | > DO_CALL (0.001s wait)
.2020-01-20 19:59:42.571988 | eval'd: drake::cmq_buildtargetmetadepsspecht_is_subtargetconfig
2020-01-20 19:59:43.794842 | > DO_CALL (0.001s wait)
.2020-01-20 19:59:43.800184 | eval'd: drake::cmq_buildtargetmetadepsspecht_is_subtargetconfig
2020-01-20 19:59:44.405926 | > DO_CALL (0.001s wait)
.2020-01-20 19:59:44.411375 | eval'd: drake::cmq_buildtargetmetadepsspecht_is_subtargetconfig
2020-01-20 19:59:44.995733 | > DO_CALL (0.001s wait)
.2020-01-20 19:59:45.001215 | eval'd: drake::cmq_buildtargetmetadepsspecht_is_subtargetconfig
2020-01-20 19:59:45.580987 | > DO_CALL (0.001s wait)
.2020-01-20 19:59:45.586421 | eval'd: drake::cmq_buildtargetmetadepsspecht_is_subtargetconfig
2020-01-20 19:59:46.170437 | > DO_CALL (0.001s wait)
.2020-01-20 19:59:46.175883 | eval'd: drake::cmq_buildtargetmetadepsspecht_is_subtargetconfig
2020-01-20 19:59:47.568653 | > DO_CALL (0.001s wait)
.2020-01-20 19:59:47.573946 | eval'd: drake::cmq_buildtargetmetadepsspecht_is_subtargetconfig
2020-01-20 19:59:48.160841 | > DO_CALL (0.001s wait)
.2020-01-20 19:59:48.166149 | eval'd: drake::cmq_buildtargetmetadepsspecht_is_subtargetconfig
2020-01-20 19:59:48.746962 | > DO_CALL (0.001s wait)
.2020-01-20 19:59:48.752387 | eval'd: drake::cmq_buildtargetmetadepsspecht_is_subtargetconfig
2020-01-20 19:59:49.358539 | > DO_CALL (0.001s wait)
.2020-01-20 19:59:49.363979 | eval'd: drake::cmq_buildtargetmetadepsspecht_is_subtargetconfig
2020-01-20 19:59:49.961471 | > DO_CALL (0.001s wait)
.2020-01-20 19:59:49.967041 | eval'd: drake::cmq_buildtargetmetadepsspecht_is_subtargetconfig
2020-01-20 19:59:51.240861 | > DO_CALL (0.001s wait)
.2020-01-20 19:59:51.246356 | eval'd: drake::cmq_buildtargetmetadepsspecht_is_subtargetconfig
2020-01-20 19:59:51.839731 | > DO_CALL (0.001s wait)
.2020-01-20 19:59:51.845171 | eval'd: drake::cmq_buildtargetmetadepsspecht_is_subtargetconfig
2020-01-20 19:59:52.425698 | > DO_CALL (0.001s wait)
.2020-01-20 19:59:52.431075 | eval'd: drake::cmq_buildtargetmetadepsspecht_is_subtargetconfig
2020-01-20 19:59:53.028570 | > DO_CALL (0.001s wait)
.2020-01-20 19:59:53.032995 | eval'd: drake::cmq_buildtargetmetadepsspecht_is_subtargetconfig
2020-01-20 19:59:53.639385 | > DO_CALL (0.001s wait)
.2020-01-20 19:59:53.644700 | eval'd: drake::cmq_buildtargetmetadepsspecht_is_subtargetconfig
2020-01-20 19:59:54.942106 | > DO_CALL (0.001s wait)
.2020-01-20 19:59:54.947470 | eval'd: drake::cmq_buildtargetmetadepsspecht_is_subtargetconfig
2020-01-20 19:59:55.526968 | > DO_CALL (0.001s wait)
.2020-01-20 19:59:55.532352 | eval'd: drake::cmq_buildtargetmetadepsspecht_is_subtargetconfig
2020-01-20 19:59:56.119408 | > DO_CALL (0.001s wait)
.2020-01-20 19:59:56.124815 | eval'd: drake::cmq_buildtargetmetadepsspecht_is_subtargetconfig
2020-01-20 19:59:56.703821 | > DO_CALL (0.001s wait)
.2020-01-20 19:59:56.709186 | eval'd: drake::cmq_buildtargetmetadepsspecht_is_subtargetconfig
2020-01-20 19:59:57.292797 | > DO_CALL (0.001s wait)
.2020-01-20 19:59:57.298209 | eval'd: drake::cmq_buildtargetmetadepsspecht_is_subtargetconfig
2020-01-20 19:59:58.660156 | > DO_CALL (0.000s wait)
.2020-01-20 19:59:58.665582 | eval'd: drake::cmq_buildtargetmetadepsspecht_is_subtargetconfig
2020-01-20 19:59:59.260405 | > DO_CALL (0.001s wait)
.2020-01-20 19:59:59.265769 | eval'd: drake::cmq_buildtargetmetadepsspecht_is_subtargetconfig
2020-01-20 19:59:59.847693 | > DO_CALL (0.001s wait)
.2020-01-20 19:59:59.853331 | eval'd: drake::cmq_buildtargetmetadepsspecht_is_subtargetconfig
2020-01-20 20:00:00.423777 | > DO_CALL (0.001s wait)
.2020-01-20 20:00:00.429169 | eval'd: drake::cmq_buildtargetmetadepsspecht_is_subtargetconfig
2020-01-20 20:00:01.005036 | > DO_CALL (0.001s wait)
.2020-01-20 20:00:01.010432 | eval'd: drake::cmq_buildtargetmetadepsspecht_is_subtargetconfig
2020-01-20 20:00:02.271982 | > DO_CALL (0.001s wait)
.2020-01-20 20:00:02.277394 | eval'd: drake::cmq_buildtargetmetadepsspecht_is_subtargetconfig
2020-01-20 20:00:02.857679 | > DO_CALL (0.001s wait)
.2020-01-20 20:00:02.863091 | eval'd: drake::cmq_buildtargetmetadepsspecht_is_subtargetconfig
2020-01-20 20:00:03.440569 | > DO_CALL (0.001s wait)
.2020-01-20 20:00:03.446109 | eval'd: drake::cmq_buildtargetmetadepsspecht_is_subtargetconfig
2020-01-20 20:00:04.027693 | > DO_CALL (0.001s wait)
.2020-01-20 20:00:04.033180 | eval'd: drake::cmq_buildtargetmetadepsspecht_is_subtargetconfig
2020-01-20 20:00:04.608372 | > DO_CALL (0.001s wait)
.2020-01-20 20:00:04.612682 | eval'd: drake::cmq_buildtargetmetadepsspecht_is_subtargetconfig
2020-01-20 20:00:05.824533 | > DO_CALL (0.001s wait)
.2020-01-20 20:00:05.829935 | eval'd: drake::cmq_buildtargetmetadepsspecht_is_subtargetconfig
2020-01-20 20:00:06.410073 | > DO_CALL (0.001s wait)
.2020-01-20 20:00:06.415476 | eval'd: drake::cmq_buildtargetmetadepsspecht_is_subtargetconfig
2020-01-20 20:00:06.997491 | > DO_CALL (0.001s wait)
.2020-01-20 20:00:07.002982 | eval'd: drake::cmq_buildtargetmetadepsspecht_is_subtargetconfig
2020-01-20 20:00:07.590239 | > DO_CALL (0.000s wait)
.2020-01-20 20:00:07.595675 | eval'd: drake::cmq_buildtargetmetadepsspecht_is_subtargetconfig
2020-01-20 20:00:08.180310 | > DO_CALL (0.001s wait)
.2020-01-20 20:00:08.185759 | eval'd: drake::cmq_buildtargetmetadepsspecht_is_subtargetconfig
2020-01-20 20:00:09.414784 | > DO_CALL (0.001s wait)
.2020-01-20 20:00:09.420323 | eval'd: drake::cmq_buildtargetmetadepsspecht_is_subtargetconfig
2020-01-20 20:00:09.995090 | > DO_CALL (0.001s wait)
.2020-01-20 20:00:10.000518 | eval'd: drake::cmq_buildtargetmetadepsspecht_is_subtargetconfig
2020-01-20 20:00:10.593636 | > DO_CALL (0.001s wait)
.2020-01-20 20:00:10.599052 | eval'd: drake::cmq_buildtargetmetadepsspecht_is_subtargetconfig
2020-01-20 20:00:11.173610 | > DO_CALL (0.001s wait)
.2020-01-20 20:00:11.179081 | eval'd: drake::cmq_buildtargetmetadepsspecht_is_subtargetconfig
2020-01-20 20:00:11.758825 | > DO_CALL (0.000s wait)
.2020-01-20 20:00:11.762817 | eval'd: drake::cmq_buildtargetmetadepsspecht_is_subtargetconfig
2020-01-20 20:00:12.978004 | > DO_CALL (0.001s wait)
.2020-01-20 20:00:12.983509 | eval'd: drake::cmq_buildtargetmetadepsspecht_is_subtargetconfig
2020-01-20 20:00:13.577147 | > DO_CALL (0.000s wait)
.2020-01-20 20:00:13.582600 | eval'd: drake::cmq_buildtargetmetadepsspecht_is_subtargetconfig
2020-01-20 20:00:14.172498 | > DO_CALL (0.001s wait)
.2020-01-20 20:00:14.177978 | eval'd: drake::cmq_buildtargetmetadepsspecht_is_subtargetconfig
2020-01-20 20:00:14.753480 | > DO_CALL (0.001s wait)
.2020-01-20 20:00:14.757601 | eval'd: drake::cmq_buildtargetmetadepsspecht_is_subtargetconfig
2020-01-20 20:00:15.341587 | > DO_CALL (0.001s wait)
.2020-01-20 20:00:15.347057 | eval'd: drake::cmq_buildtargetmetadepsspecht_is_subtargetconfig
2020-01-20 20:00:16.553678 | > DO_CALL (0.001s wait)
.2020-01-20 20:00:16.559086 | eval'd: drake::cmq_buildtargetmetadepsspecht_is_subtargetconfig
2020-01-20 20:00:17.142529 | > DO_CALL (0.001s wait)
.2020-01-20 20:00:17.147937 | eval'd: drake::cmq_buildtargetmetadepsspecht_is_subtargetconfig
2020-01-20 20:00:17.728652 | > DO_CALL (0.001s wait)
.2020-01-20 20:00:17.734017 | eval'd: drake::cmq_buildtargetmetadepsspecht_is_subtargetconfig
2020-01-20 20:00:18.301479 | > DO_CALL (0.001s wait)
.2020-01-20 20:00:18.306904 | eval'd: drake::cmq_buildtargetmetadepsspecht_is_subtargetconfig
2020-01-20 20:00:18.878857 | > DO_CALL (0.001s wait)
.2020-01-20 20:00:18.884287 | eval'd: drake::cmq_buildtargetmetadepsspecht_is_subtargetconfig
2020-01-20 20:00:20.084053 | > DO_CALL (0.001s wait)
.2020-01-20 20:00:20.089452 | eval'd: drake::cmq_buildtargetmetadepsspecht_is_subtargetconfig
2020-01-20 20:00:20.679333 | > DO_CALL (0.001s wait)
.2020-01-20 20:00:20.684659 | eval'd: drake::cmq_buildtargetmetadepsspecht_is_subtargetconfig
2020-01-20 20:00:21.256182 | > DO_CALL (0.000s wait)
.
2020-01-20 20:00:21.261626 | eval'd: drake::cmq_buildtargetmetadepsspecht_is_subtargetconfig
2020-01-20 20:00:21.835728 | > DO_CALL (0.001s wait)
.2020-01-20 20:00:21.841034 | eval'd: drake::cmq_buildtargetmetadepsspecht_is_subtargetconfig
2020-01-20 20:00:22.413574 | > DO_CALL (0.001s wait)
.2020-01-20 20:00:22.418945 | eval'd: drake::cmq_buildtargetmetadepsspecht_is_subtargetconfig
2020-01-20 20:00:23.633606 | > DO_CALL (0.001s wait)
.2020-01-20 20:00:23.639079 | eval'd: drake::cmq_buildtargetmetadepsspecht_is_subtargetconfig
2020-01-20 20:00:24.218962 | > DO_CALL (0.000s wait)
.2020-01-20 20:00:24.223007 | eval'd: drake::cmq_buildtargetmetadepsspecht_is_subtargetconfig
2020-01-20 20:00:24.805333 | > DO_CALL (0.001s wait)
.2020-01-20 20:00:24.809860 | eval'd: drake::cmq_buildtargetmetadepsspecht_is_subtargetconfig
2020-01-20 20:00:25.390998 | > DO_CALL (0.001s wait)
.2020-01-20 20:00:25.396519 | eval'd: drake::cmq_buildtargetmetadepsspecht_is_subtargetconfig
2020-01-20 20:00:25.985160 | > DO_CALL (0.000s wait)
.2020-01-20 20:00:25.990606 | eval'd: drake::cmq_buildtargetmetadepsspecht_is_subtargetconfig
2020-01-20 20:00:27.197448 | > DO_CALL (0.001s wait)
.2020-01-20 20:00:27.203418 | eval'd: drake::cmq_buildtargetmetadepsspecht_is_subtargetconfig
2020-01-20 20:00:27.790457 | > DO_CALL (0.001s wait)
.2020-01-20 20:00:27.795883 | eval'd: drake::cmq_buildtargetmetadepsspecht_is_subtargetconfig
2020-01-20 20:00:28.377143 | > DO_CALL (0.000s wait)
.2020-01-20 20:00:28.382508 | eval'd: drake::cmq_buildtargetmetadepsspecht_is_subtargetconfig
2020-01-20 20:00:28.970755 | > DO_CALL (0.001s wait)
.2020-01-20 20:00:28.976074 | eval'd: drake::cmq_buildtargetmetadepsspecht_is_subtargetconfig
2020-01-20 20:00:29.567842 | > DO_CALL (0.001s wait)
.2020-01-20 20:00:29.573147 | eval'd: drake::cmq_buildtargetmetadepsspecht_is_subtargetconfig
2020-01-20 20:00:30.788914 | > DO_CALL (0.001s wait)
.2020-01-20 20:00:30.794280 | eval'd: drake::cmq_buildtargetmetadepsspecht_is_subtargetconfig
2020-01-20 20:00:31.381903 | > DO_CALL (0.001s wait)
.2020-01-20 20:00:31.387448 | eval'd: drake::cmq_buildtargetmetadepsspecht_is_subtargetconfig
2020-01-20 20:00:31.971554 | > DO_CALL (0.001s wait)
.2020-01-20 20:00:31.976830 | eval'd: drake::cmq_buildtargetmetadepsspecht_is_subtargetconfig
2020-01-20 20:00:32.556425 | > DO_CALL (0.001s wait)
.2020-01-20 20:00:32.561728 | eval'd: drake::cmq_buildtargetmetadepsspecht_is_subtargetconfig
2020-01-20 20:00:33.142488 | > DO_CALL (0.001s wait)
.2020-01-20 20:00:33.147849 | eval'd: drake::cmq_buildtargetmetadepsspecht_is_subtargetconfig
2020-01-20 20:00:34.363604 | > DO_CALL (0.001s wait)
.2020-01-20 20:00:34.369035 | eval'd: drake::cmq_buildtargetmetadepsspecht_is_subtargetconfig
2020-01-20 20:00:34.948525 | > DO_CALL (0.001s wait)
.2020-01-20 20:00:34.953938 | eval'd: drake::cmq_buildtargetmetadepsspecht_is_subtargetconfig
2020-01-20 20:00:35.529726 | > DO_CALL (0.001s wait)
.2020-01-20 20:00:35.535045 | eval'd: drake::cmq_buildtargetmetadepsspecht_is_subtargetconfig
2020-01-20 20:00:36.113984 | > DO_CALL (0.001s wait)
.2020-01-20 20:00:36.119475 | eval'd: drake::cmq_buildtargetmetadepsspecht_is_subtargetconfig
2020-01-20 20:00:36.700428 | > DO_CALL (0.001s wait)
.2020-01-20 20:00:36.705927 | eval'd: drake::cmq_buildtargetmetadepsspecht_is_subtargetconfig
2020-01-20 20:00:37.943549 | > DO_CALL (0.001s wait)
.2020-01-20 20:00:37.948927 | eval'd: drake::cmq_buildtargetmetadepsspecht_is_subtargetconfig
2020-01-20 20:00:38.527173 | > DO_CALL (0.000s wait)
.2020-01-20 20:00:38.532541 | eval'd: drake::cmq_buildtargetmetadepsspecht_is_subtargetconfig
2020-01-20 20:00:39.120659 | > DO_CALL (0.000s wait)
.2020-01-20 20:00:39.124663 | eval'd: drake::cmq_buildtargetmetadepsspecht_is_subtargetconfig
2020-01-20 20:00:39.723781 | > DO_CALL (0.001s wait)
.2020-01-20 20:00:39.729189 | eval'd: drake::cmq_buildtargetmetadepsspecht_is_subtargetconfig
2020-01-20 20:00:40.301971 | > DO_CALL (0.001s wait)
.2020-01-20 20:00:40.307546 | eval'd: drake::cmq_buildtargetmetadepsspecht_is_subtargetconfig
2020-01-20 20:00:41.515361 | > DO_CALL (0.001s wait)
.2020-01-20 20:00:41.520886 | eval'd: drake::cmq_buildtargetmetadepsspecht_is_subtargetconfig
2020-01-20 20:00:42.099208 | > DO_CALL (0.000s wait)
.2020-01-20 20:00:42.104582 | eval'd: drake::cmq_buildtargetmetadepsspecht_is_subtargetconfig
2020-01-20 20:00:42.681467 | > DO_CALL (0.001s wait)
.2020-01-20 20:00:42.686900 | eval'd: drake::cmq_buildtargetmetadepsspecht_is_subtargetconfig
2020-01-20 20:00:43.270424 | > DO_CALL (0.001s wait)
.2020-01-20 20:00:43.275741 | eval'd: drake::cmq_buildtargetmetadepsspecht_is_subtargetconfig
2020-01-20 20:00:43.840687 | > DO_CALL (0.000s wait)
.2020-01-20 20:00:43.844483 | eval'd: drake::cmq_buildtargetmetadepsspecht_is_subtargetconfig
2020-01-20 20:00:45.064703 | > DO_CALL (0.001s wait)
.2020-01-20 20:00:45.069820 | eval'd: drake::cmq_buildtargetmetadepsspecht_is_subtargetconfig
2020-01-20 20:00:45.649911 | > DO_CALL (0.001s wait)
.2020-01-20 20:00:45.655296 | eval'd: drake::cmq_buildtargetmetadepsspecht_is_subtargetconfig
2020-01-20 20:00:46.237610 | > DO_CALL (0.001s wait)
.2020-01-20 20:00:46.242774 | eval'd: drake::cmq_buildtargetmetadepsspecht_is_subtargetconfig
2020-01-20 20:00:46.820248 | > DO_CALL (0.000s wait)
.2020-01-20 20:00:46.825449 | eval'd: drake::cmq_buildtargetmetadepsspecht_is_subtargetconfig
2020-01-20 20:00:47.410457 | > DO_CALL (0.001s wait)
.2020-01-20 20:00:47.415699 | eval'd: drake::cmq_buildtargetmetadepsspecht_is_subtargetconfig
2020-01-20 20:00:48.659238 | > DO_CALL (0.000s wait)
.2020-01-20 20:00:48.664485 | eval'd: drake::cmq_buildtargetmetadepsspecht_is_subtargetconfig
2020-01-20 20:00:49.247008 | > DO_CALL (0.001s wait)
.2020-01-20 20:00:49.252223 | eval'd: drake::cmq_buildtargetmetadepsspecht_is_subtargetconfig
2020-01-20 20:00:49.843017 | > DO_CALL (0.001s wait)
.2020-01-20 20:00:49.848299 | eval'd: drake::cmq_buildtargetmetadepsspecht_is_subtargetconfig
2020-01-20 20:00:50.440894 | > DO_CALL (0.001s wait)
.2020-01-20 20:00:50.446286 | eval'd: drake::cmq_buildtargetmetadepsspecht_is_subtargetconfig
2020-01-20 20:00:51.655457 | > DO_CALL (0.001s wait)
.2020-01-20 20:00:51.660883 | eval'd: drake::cmq_buildtargetmetadepsspecht_is_subtargetconfig
2020-01-20 20:00:52.255427 | > DO_CALL (0.001s wait)
.2020-01-20 20:00:52.260879 | eval'd: drake::cmq_buildtargetmetadepsspecht_is_subtargetconfig
2020-01-20 20:00:52.851855 | > DO_CALL (0.001s wait)
.2020-01-20 20:00:52.857303 | eval'd: drake::cmq_buildtargetmetadepsspecht_is_subtargetconfig
2020-01-20 20:00:53.447764 | > DO_CALL (0.001s wait)
.2020-01-20 20:00:53.453235 | eval'd: drake::cmq_buildtargetmetadepsspecht_is_subtargetconfig
2020-01-20 20:00:54.042914 | > DO_CALL (0.000s wait)
.2020-01-20 20:00:54.046847 | eval'd: drake::cmq_buildtargetmetadepsspecht_is_subtargetconfig
2020-01-20 20:00:55.279819 | > DO_CALL (0.001s wait)
.2020-01-20 20:00:55.285269 | eval'd: drake::cmq_buildtargetmetadepsspecht_is_subtargetconfig
2020-01-20 20:00:55.888434 | > DO_CALL (0.001s wait)
.2020-01-20 20:00:55.894023 | eval'd: drake::cmq_buildtargetmetadepsspecht_is_subtargetconfig
2020-01-20 20:00:56.470417 | > DO_CALL (0.001s wait)
.2020-01-20 20:00:56.475844 | eval'd: drake::cmq_buildtargetmetadepsspecht_is_subtargetconfig
2020-01-20 20:00:57.056669 | > DO_CALL (0.001s wait)
.2020-01-20 20:00:57.062043 | eval'd: drake::cmq_buildtargetmetadepsspecht_is_subtargetconfig
2020-01-20 20:00:57.655228 | > DO_CALL (0.000s wait)
.2020-01-20 20:00:57.660647 | eval'd: drake::cmq_buildtargetmetadepsspecht_is_subtargetconfig
2020-01-20 20:00:59.010492 | > DO_CALL (0.001s wait)
.2020-01-20 20:00:59.015899 | eval'd: drake::cmq_buildtargetmetadepsspecht_is_subtargetconfig
2020-01-20 20:00:59.640087 | > DO_CALL (0.001s wait)
.2020-01-20 20:00:59.645416 | eval'd: drake::cmq_buildtargetmetadepsspecht_is_subtargetconfig
2020-01-20 20:01:00.230760 | > DO_CALL (0.001s wait)
.2020-01-20 20:01:00.236168 | eval'd: drake::cmq_buildtargetmetadepsspecht_is_subtargetconfig
2020-01-20 20:01:00.807558 | > DO_CALL (0.001s wait)
.2020-01-20 20:01:00.813049 | eval'd: drake::cmq_buildtargetmetadepsspecht_is_subtargetconfig
2020-01-20 20:01:01.393772 | > DO_CALL (0.001s wait)
.2020-01-20 20:01:01.399186 | eval'd: drake::cmq_buildtargetmetadepsspecht_is_subtargetconfig
2020-01-20 20:01:02.647327 | > DO_CALL (0.001s wait)
.2020-01-20 20:01:02.652580 | eval'd: drake::cmq_buildtargetmetadepsspecht_is_subtargetconfig
2020-01-20 20:01:03.282289 | > DO_CALL (0.000s wait)
.2020-01-20 20:01:03.286344 | eval'd: drake::cmq_buildtargetmetadepsspecht_is_subtargetconfig
2020-01-20 20:01:03.910711 | > DO_CALL (0.001s wait)
.2020-01-20 20:01:03.916165 | eval'd: drake::cmq_buildtargetmetadepsspecht_is_subtargetconfig
2020-01-20 20:01:04.535886 | > DO_CALL (0.001s wait)
.2020-01-20 20:01:04.541176 | eval'd: drake::cmq_buildtargetmetadepsspecht_is_subtargetconfig
2020-01-20 20:01:05.144828 | > DO_CALL (0.001s wait)
.2020-01-20 20:01:05.150206 | eval'd: drake::cmq_buildtargetmetadepsspecht_is_subtargetconfig
2020-01-20 20:01:06.432739 | > DO_CALL (0.001s wait)
.2020-01-20 20:01:06.438238 | eval'd: drake::cmq_buildtargetmetadepsspecht_is_subtargetconfig
2020-01-20 20:01:07.072360 | > DO_CALL (0.001s wait)
.2020-01-20 20:01:07.077867 | eval'd: drake::cmq_buildtargetmetadepsspecht_is_subtargetconfig
2020-01-20 20:01:07.708982 | > DO_CALL (0.001s wait)
.2020-01-20 20:01:07.714298 | eval'd: drake::cmq_buildtargetmetadepsspecht_is_subtargetconfig
2020-01-20 20:01:08.336754 | > DO_CALL (0.001s wait)
.2020-01-20 20:01:08.342105 | eval'd: drake::cmq_buildtargetmetadepsspecht_is_subtargetconfig
2020-01-20 20:01:09.663979 | > DO_CALL (0.001s wait)
.2020-01-20 20:01:09.669417 | eval'd: drake::cmq_buildtargetmetadepsspecht_is_subtargetconfig
2020-01-20 20:01:10.313610 | > DO_CALL (0.001s wait)
.2020-01-20 20:01:10.319061 | eval'd: drake::cmq_buildtargetmetadepsspecht_is_subtargetconfig
2020-01-20 20:01:10.938698 | > DO_CALL (0.001s wait)
.2020-01-20 20:01:10.944071 | eval'd: drake::cmq_buildtargetmetadepsspecht_is_subtargetconfig
2020-01-20 20:01:11.562356 | > DO_CALL (0.001s wait)
.2020-01-20 20:01:11.567723 | eval'd: drake::cmq_buildtargetmetadepsspecht_is_subtargetconfig
2020-01-20 20:01:12.186896 | > DO_CALL (0.001s wait)
.2020-01-20 20:01:12.192384 | eval'd: drake::cmq_buildtargetmetadepsspecht_is_subtargetconfig
2020-01-20 20:01:13.509497 | > DO_CALL (0.000s wait)
.2020-01-20 20:01:13.514040 | eval'd: drake::cmq_buildtargetmetadepsspecht_is_subtargetconfig
2020-01-20 20:01:14.151443 | > DO_CALL (0.001s wait)
.2020-01-20 20:01:14.156840 | eval'd: drake::cmq_buildtargetmetadepsspecht_is_subtargetconfig
2020-01-20 20:01:14.776741 | > DO_CALL (0.001s wait)
.2020-01-20 20:01:14.781912 | eval'd: drake::cmq_buildtargetmetadepsspecht_is_subtargetconfig
2020-01-20 20:01:15.403420 | > DO_CALL (0.001s wait)
.2020-01-20 20:01:15.409215 | eval'd: drake::cmq_buildtargetmetadepsspecht_is_subtargetconfig
2020-01-20 20:01:16.017679 | > DO_CALL (0.001s wait)
.2020-01-20 20:01:16.023130 | eval'd: drake::cmq_buildtargetmetadepsspecht_is_subtargetconfig
2020-01-20 20:01:17.404295 | > DO_CALL (0.000s wait)
.2020-01-20 20:01:17.409744 | eval'd: drake::cmq_buildtargetmetadepsspecht_is_subtargetconfig
2020-01-20 20:01:18.031038 | > DO_CALL (0.001s wait)
.2020-01-20 20:01:18.036614 | eval'd: drake::cmq_buildtargetmetadepsspecht_is_subtargetconfig
2020-01-20 20:01:18.646634 | > DO_CALL (0.001s wait)
.2020-01-20 20:01:18.651985 | eval'd: drake::cmq_buildtargetmetadepsspecht_is_subtargetconfig
2020-01-20 20:01:19.279414 | > DO_CALL (0.001s wait)
.
2020-01-20 20:01:19.284822 | eval'd: drake::cmq_buildtargetmetadepsspecht_is_subtargetconfig
2020-01-20 20:01:20.611329 | > DO_CALL (0.001s wait)
.2020-01-20 20:01:20.616682 | eval'd: drake::cmq_buildtargetmetadepsspecht_is_subtargetconfig
2020-01-20 20:01:21.234874 | > DO_CALL (0.001s wait)
.2020-01-20 20:01:21.240269 | eval'd: drake::cmq_buildtargetmetadepsspecht_is_subtargetconfig
2020-01-20 20:01:21.860088 | > DO_CALL (0.000s wait)
.2020-01-20 20:01:21.864135 | eval'd: drake::cmq_buildtargetmetadepsspecht_is_subtargetconfig
2020-01-20 20:01:22.480634 | > DO_CALL (0.001s wait)
.2020-01-20 20:01:22.485992 | eval'd: drake::cmq_buildtargetmetadepsspecht_is_subtargetconfig
2020-01-20 20:01:23.105558 | > WORKER_WAIT (0.000s wait)
2020-01-20 20:01:23.105962 | waiting 0.75s
2020-01-20 20:01:27.772699 | > WORKER_WAIT (0.000s wait)
2020-01-20 20:01:27.773150 | waiting 0.75s
2020-01-20 20:01:31.956210 | > WORKER_WAIT (0.000s wait)
2020-01-20 20:01:31.956648 | waiting 0.75s
2020-01-20 20:04:05.730281 | > WORKER_STOP (0.000s wait)
2020-01-20 20:04:05.733502 | shutting down worker
2020-01-20 20:04:08.642252 | 
Total: 535 in 6381.82s [user], 275.07s [system], 8839.55s [elapsed]
