2019-11-11 08:20:33.032433 | Master: tcp://c10a-s10:6315
2019-11-11 08:20:33.058244 | WORKER_UP to: tcp://c10a-s10:6315
2019-11-11 08:20:40.625251 | > DO_SETUP (2.234s wait)
2019-11-11 08:20:40.625718 | token from msg: set_common_data_token
2019-11-11 08:21:08.517338 | > DO_CALL (5.161s wait)
.
* Option 'clustermq.scheduler' not set, defaulting to ‘SLURM’
--- see: https://mschubert.github.io/clustermq/articles/userguide.html#configuration
2019-11-11 08:21:09.903661 | eval'd: drake::cmq_buildtargetmetadepslayoutconfig
2019-11-11 08:21:57.097110 | > DO_CALL (2.325s wait)
.2019-11-11 08:21:57.215420 | eval'd: drake::cmq_buildtargetmetadepslayoutconfig
2019-11-11 08:22:50.151316 | > DO_CALL (2.831s wait)
.2019-11-11 08:22:50.192419 | eval'd: drake::cmq_buildtargetmetadepslayoutconfig
2019-11-11 08:23:42.227287 | > DO_CALL (2.769s wait)
.2019-11-11 08:23:42.265676 | eval'd: drake::cmq_buildtargetmetadepslayoutconfig
2019-11-11 08:24:34.261216 | > DO_CALL (2.000s wait)
.2019-11-11 08:24:34.371934 | eval'd: drake::cmq_buildtargetmetadepslayoutconfig
2019-11-11 08:25:27.710216 | > DO_CALL (2.890s wait)
.2019-11-11 08:25:27.761636 | eval'd: drake::cmq_buildtargetmetadepslayoutconfig
2019-11-11 08:26:18.803204 | > DO_CALL (1.901s wait)
.2019-11-11 08:26:19.075088 | eval'd: drake::cmq_buildtargetmetadepslayoutconfig
2019-11-11 08:27:11.702435 | > DO_CALL (2.698s wait)
.2019-11-11 08:27:11.814833 | eval'd: drake::cmq_buildtargetmetadepslayoutconfig
2019-11-11 08:28:02.793224 | > DO_CALL (2.009s wait)
.2019-11-11 08:28:03.137995 | eval'd: drake::cmq_buildtargetmetadepslayoutconfig
2019-11-11 08:28:55.699912 | > DO_CALL (2.534s wait)
.2019-11-11 08:28:55.767660 | eval'd: drake::cmq_buildtargetmetadepslayoutconfig
2019-11-11 08:29:47.462715 | > DO_CALL (1.899s wait)
.2019-11-11 08:29:47.885291 | eval'd: drake::cmq_buildtargetmetadepslayoutconfig
2019-11-11 08:30:40.303733 | > DO_CALL (2.742s wait)
.2019-11-11 08:30:40.384385 | eval'd: drake::cmq_buildtargetmetadepslayoutconfig
2019-11-11 08:31:32.791827 | > DO_CALL (1.952s wait)
.2019-11-11 08:31:33.147336 | eval'd: drake::cmq_buildtargetmetadepslayoutconfig
2019-11-11 08:32:24.953618 | > DO_CALL (2.685s wait)
.2019-11-11 08:32:25.168985 | eval'd: drake::cmq_buildtargetmetadepslayoutconfig
2019-11-11 08:33:16.975448 | > DO_CALL (1.956s wait)
.2019-11-11 08:33:17.310422 | eval'd: drake::cmq_buildtargetmetadepslayoutconfig
2019-11-11 08:34:09.748981 | > DO_CALL (2.530s wait)
.2019-11-11 08:34:09.833035 | eval'd: drake::cmq_buildtargetmetadepslayoutconfig
2019-11-11 08:35:01.396861 | > DO_CALL (1.974s wait)
.2019-11-11 08:35:01.770649 | eval'd: drake::cmq_buildtargetmetadepslayoutconfig
2019-11-11 08:35:54.405057 | > DO_CALL (2.683s wait)
.2019-11-11 08:35:54.540747 | eval'd: drake::cmq_buildtargetmetadepslayoutconfig
2019-11-11 08:36:45.757949 | > DO_CALL (1.939s wait)
.2019-11-11 08:36:46.139036 | eval'd: drake::cmq_buildtargetmetadepslayoutconfig
2019-11-11 08:37:39.795764 | > DO_CALL (2.732s wait)
.2019-11-11 08:37:39.847382 | eval'd: drake::cmq_buildtargetmetadepslayoutconfig
2019-11-11 08:38:31.189820 | > DO_CALL (1.910s wait)
.2019-11-11 08:38:31.567364 | eval'd: drake::cmq_buildtargetmetadepslayoutconfig
2019-11-11 08:39:24.479822 | > DO_CALL (2.556s wait)
.2019-11-11 08:39:24.527412 | eval'd: drake::cmq_buildtargetmetadepslayoutconfig
2019-11-11 08:40:16.233658 | > DO_CALL (1.996s wait)
.2019-11-11 08:40:17.047384 | eval'd: drake::cmq_buildtargetmetadepslayoutconfig
2019-11-11 08:41:07.884752 | > DO_CALL (1.676s wait)
.2019-11-11 08:41:07.979583 | eval'd: drake::cmq_buildtargetmetadepslayoutconfig
2019-11-11 08:42:00.340335 | > DO_CALL (1.909s wait)
.2019-11-11 08:42:00.422836 | eval'd: drake::cmq_buildtargetmetadepslayoutconfig
2019-11-11 08:42:52.862260 | > DO_CALL (2.154s wait)
.2019-11-11 08:42:52.980177 | eval'd: drake::cmq_buildtargetmetadepslayoutconfig
2019-11-11 08:43:45.859508 | > DO_CALL (2.752s wait)
.2019-11-11 08:43:45.954091 | eval'd: drake::cmq_buildtargetmetadepslayoutconfig
2019-11-11 08:44:39.080064 | > DO_CALL (1.953s wait)
.2019-11-11 08:44:39.435763 | eval'd: drake::cmq_buildtargetmetadepslayoutconfig
2019-11-11 08:45:31.676375 | > DO_CALL (2.656s wait)
.2019-11-11 08:45:31.976410 | eval'd: drake::cmq_buildtargetmetadepslayoutconfig
2019-11-11 08:46:23.134829 | > DO_CALL (1.952s wait)
.2019-11-11 08:46:24.108217 | eval'd: drake::cmq_buildtargetmetadepslayoutconfig
2019-11-11 08:47:15.539739 | > DO_CALL (1.684s wait)
.2019-11-11 08:47:15.671373 | eval'd: drake::cmq_buildtargetmetadepslayoutconfig
2019-11-11 08:48:08.341449 | > DO_CALL (1.948s wait)
.2019-11-11 08:48:08.493474 | eval'd: drake::cmq_buildtargetmetadepslayoutconfig
2019-11-11 08:49:01.555967 | > DO_CALL (2.103s wait)
.2019-11-11 08:49:01.751007 | eval'd: drake::cmq_buildtargetmetadepslayoutconfig
2019-11-11 08:49:54.571012 | > DO_CALL (2.770s wait)
.2019-11-11 08:49:54.789183 | eval'd: drake::cmq_buildtargetmetadepslayoutconfig
2019-11-11 08:50:46.404178 | > DO_CALL (1.981s wait)
.2019-11-11 08:50:46.855723 | eval'd: drake::cmq_buildtargetmetadepslayoutconfig
2019-11-11 08:51:40.269606 | > DO_CALL (2.699s wait)
.2019-11-11 08:51:40.328746 | eval'd: drake::cmq_buildtargetmetadepslayoutconfig
2019-11-11 08:52:32.775913 | > DO_CALL (1.912s wait)
.2019-11-11 08:52:33.138171 | eval'd: drake::cmq_buildtargetmetadepslayoutconfig
2019-11-11 08:53:25.408366 | > DO_CALL (2.537s wait)
.2019-11-11 08:53:25.486813 | eval'd: drake::cmq_buildtargetmetadepslayoutconfig
2019-11-11 08:54:16.728919 | > DO_CALL (1.919s wait)
.2019-11-11 08:54:17.132645 | eval'd: drake::cmq_buildtargetmetadepslayoutconfig
2019-11-11 08:55:09.186105 | > DO_CALL (2.678s wait)
.2019-11-11 08:55:09.240867 | eval'd: drake::cmq_buildtargetmetadepslayoutconfig
2019-11-11 08:56:00.932844 | > DO_CALL (1.938s wait)
.2019-11-11 08:56:01.355332 | eval'd: drake::cmq_buildtargetmetadepslayoutconfig
2019-11-11 08:56:53.842855 | > DO_CALL (2.693s wait)
.2019-11-11 08:56:53.982264 | eval'd: drake::cmq_buildtargetmetadepslayoutconfig
2019-11-11 08:57:45.291872 | > DO_CALL (1.959s wait)
.2019-11-11 08:57:45.734999 | eval'd: drake::cmq_buildtargetmetadepslayoutconfig
2019-11-11 08:58:38.695267 | > DO_CALL (2.513s wait)
.2019-11-11 08:58:38.845140 | eval'd: drake::cmq_buildtargetmetadepslayoutconfig
2019-11-11 08:59:30.099075 | > DO_CALL (1.917s wait)
.2019-11-11 08:59:30.471788 | eval'd: drake::cmq_buildtargetmetadepslayoutconfig
2019-11-11 09:00:23.046388 | > DO_CALL (2.497s wait)
.2019-11-11 09:00:23.154985 | eval'd: drake::cmq_buildtargetmetadepslayoutconfig
2019-11-11 09:01:14.492526 | > DO_CALL (1.961s wait)
.2019-11-11 09:01:14.909892 | eval'd: drake::cmq_buildtargetmetadepslayoutconfig
2019-11-11 09:02:07.853839 | > DO_CALL (2.661s wait)
.2019-11-11 09:02:08.050228 | eval'd: drake::cmq_buildtargetmetadepslayoutconfig
