2020-01-21 10:48:11.940869 | Master: tcp://c24a-s1:7958
2020-01-21 10:48:11.961847 | WORKER_UP to: tcp://c24a-s1:7958
2020-01-21 10:48:17.829535 | > DO_SETUP (3.794s wait)
2020-01-21 10:48:17.830933 | token from msg: set_common_data_token
2020-01-21 10:48:19.671004 | > DO_CALL (0.000s wait)
.* Option 'clustermq.scheduler' not set, defaulting to ‘SLURM’
--- see: https://mschubert.github.io/clustermq/articles/userguide.html#configuration
2020-01-21 10:48:19.923583 | eval'd: drake::cmq_buildtargetmetadepsspecht_is_subtargetconfig
2020-01-21 10:48:26.422333 | > DO_CALL (0.001s wait)
.2020-01-21 10:48:26.809030 | eval'd: drake::cmq_buildtargetmetadepsspecht_is_subtargetconfig
2020-01-21 10:48:33.662966 | > DO_CALL (0.000s wait)
.2020-01-21 10:48:33.668331 | eval'd: drake::cmq_buildtargetmetadepsspecht_is_subtargetconfig
2020-01-21 10:48:40.206848 | > DO_CALL (0.000s wait)
.2020-01-21 10:48:40.212466 | eval'd: drake::cmq_buildtargetmetadepsspecht_is_subtargetconfig
2020-01-21 10:48:46.686451 | > DO_CALL (0.000s wait)
.2020-01-21 10:48:46.691946 | eval'd: drake::cmq_buildtargetmetadepsspecht_is_subtargetconfig
2020-01-21 10:48:52.924865 | > DO_CALL (0.000s wait)
.2020-01-21 10:48:52.929956 | eval'd: drake::cmq_buildtargetmetadepsspecht_is_subtargetconfig
2020-01-21 10:49:00.327251 | > DO_CALL (0.001s wait)
.2020-01-21 10:49:00.333476 | eval'd: drake::cmq_buildtargetmetadepsspecht_is_subtargetconfig
2020-01-21 10:49:07.677434 | > DO_CALL (0.000s wait)
.2020-01-21 10:49:07.685076 | eval'd: drake::cmq_buildtargetmetadepsspecht_is_subtargetconfig
2020-01-21 10:49:15.918486 | > DO_CALL (0.001s wait)
.2020-01-21 10:49:15.926446 | eval'd: drake::cmq_buildtargetmetadepsspecht_is_subtargetconfig
2020-01-21 10:49:22.709542 | > DO_CALL (0.001s wait)
.2020-01-21 10:49:22.716799 | eval'd: drake::cmq_buildtargetmetadepsspecht_is_subtargetconfig
2020-01-21 10:49:28.635435 | > DO_CALL (0.000s wait)
.2020-01-21 10:49:28.640568 | eval'd: drake::cmq_buildtargetmetadepsspecht_is_subtargetconfig
2020-01-21 10:49:34.784851 | > DO_CALL (0.000s wait)
.2020-01-21 10:49:34.792774 | eval'd: drake::cmq_buildtargetmetadepsspecht_is_subtargetconfig
2020-01-21 10:49:41.137667 | > DO_CALL (0.000s wait)
.2020-01-21 10:49:41.143296 | eval'd: drake::cmq_buildtargetmetadepsspecht_is_subtargetconfig
2020-01-21 10:49:47.457515 | > DO_CALL (0.000s wait)
.2020-01-21 10:49:47.462810 | eval'd: drake::cmq_buildtargetmetadepsspecht_is_subtargetconfig
2020-01-21 10:49:53.948266 | > DO_CALL (0.001s wait)
.2020-01-21 10:49:53.955522 | eval'd: drake::cmq_buildtargetmetadepsspecht_is_subtargetconfig
2020-01-21 10:50:00.058351 | > DO_CALL (0.001s wait)
.2020-01-21 10:50:00.062785 | eval'd: drake::cmq_buildtargetmetadepsspecht_is_subtargetconfig
2020-01-21 10:50:05.498943 | > DO_CALL (0.000s wait)
.2020-01-21 10:50:05.504797 | eval'd: drake::cmq_buildtargetmetadepsspecht_is_subtargetconfig
2020-01-21 10:50:11.143916 | > DO_CALL (0.000s wait)
.2020-01-21 10:50:11.149810 | eval'd: drake::cmq_buildtargetmetadepsspecht_is_subtargetconfig
2020-01-21 10:50:18.360414 | > DO_CALL (0.000s wait)
.2020-01-21 10:50:18.365567 | eval'd: drake::cmq_buildtargetmetadepsspecht_is_subtargetconfig
2020-01-21 10:50:23.455335 | > DO_CALL (0.001s wait)
.2020-01-21 10:50:23.459758 | eval'd: drake::cmq_buildtargetmetadepsspecht_is_subtargetconfig
2020-01-21 10:50:28.525298 | > DO_CALL (0.001s wait)
.2020-01-21 10:50:28.530209 | eval'd: drake::cmq_buildtargetmetadepsspecht_is_subtargetconfig
2020-01-21 10:50:34.960749 | > DO_CALL (0.000s wait)
.2020-01-21 10:50:34.967105 | eval'd: drake::cmq_buildtargetmetadepsspecht_is_subtargetconfig
2020-01-21 10:50:40.951718 | > DO_CALL (0.000s wait)
.2020-01-21 10:50:40.957309 | eval'd: drake::cmq_buildtargetmetadepsspecht_is_subtargetconfig
2020-01-21 10:50:46.588821 | > DO_CALL (0.000s wait)
.2020-01-21 10:50:46.595514 | eval'd: drake::cmq_buildtargetmetadepsspecht_is_subtargetconfig
2020-01-21 10:50:52.023683 | > DO_CALL (0.000s wait)
.2020-01-21 10:50:52.028722 | eval'd: drake::cmq_buildtargetmetadepsspecht_is_subtargetconfig
2020-01-21 10:50:57.273499 | > DO_CALL (0.001s wait)
.2020-01-21 10:50:57.281531 | eval'd: drake::cmq_buildtargetmetadepsspecht_is_subtargetconfig
2020-01-21 10:51:02.303526 | > DO_CALL (0.000s wait)
.2020-01-21 10:51:02.309039 | eval'd: drake::cmq_buildtargetmetadepsspecht_is_subtargetconfig
2020-01-21 10:51:08.470872 | > DO_CALL (0.001s wait)
.2020-01-21 10:51:08.478324 | eval'd: drake::cmq_buildtargetmetadepsspecht_is_subtargetconfig
2020-01-21 10:51:14.692579 | > DO_CALL (0.000s wait)
.2020-01-21 10:51:14.698242 | eval'd: drake::cmq_buildtargetmetadepsspecht_is_subtargetconfig
2020-01-21 10:51:20.847184 | > DO_CALL (0.001s wait)
.2020-01-21 10:51:20.853123 | eval'd: drake::cmq_buildtargetmetadepsspecht_is_subtargetconfig
2020-01-21 10:51:26.539485 | > DO_CALL (0.000s wait)
.2020-01-21 10:51:26.545634 | eval'd: drake::cmq_buildtargetmetadepsspecht_is_subtargetconfig
2020-01-21 10:51:32.132831 | > DO_CALL (0.000s wait)
.2020-01-21 10:51:32.138998 | eval'd: drake::cmq_buildtargetmetadepsspecht_is_subtargetconfig
2020-01-21 10:51:36.116332 | > DO_CALL (0.001s wait)
.2020-01-21 10:51:36.124083 | eval'd: drake::cmq_buildtargetmetadepsspecht_is_subtargetconfig
2020-01-21 10:51:41.028538 | > DO_CALL (0.001s wait)
.2020-01-21 10:51:41.037581 | eval'd: drake::cmq_buildtargetmetadepsspecht_is_subtargetconfig
2020-01-21 10:51:45.989803 | > DO_CALL (0.000s wait)
.2020-01-21 10:51:45.998520 | eval'd: drake::cmq_buildtargetmetadepsspecht_is_subtargetconfig
2020-01-21 10:51:51.095341 | > DO_CALL (0.001s wait)
.2020-01-21 10:51:51.100592 | eval'd: drake::cmq_buildtargetmetadepsspecht_is_subtargetconfig
2020-01-21 10:51:56.884237 | > DO_CALL (0.001s wait)
.2020-01-21 10:51:56.889842 | eval'd: drake::cmq_buildtargetmetadepsspecht_is_subtargetconfig
2020-01-21 10:52:01.518273 | > DO_CALL (0.001s wait)
.2020-01-21 10:52:01.525415 | eval'd: drake::cmq_buildtargetmetadepsspecht_is_subtargetconfig
2020-01-21 10:52:07.019160 | > DO_CALL (0.001s wait)
.2020-01-21 10:52:07.024977 | eval'd: drake::cmq_buildtargetmetadepsspecht_is_subtargetconfig
2020-01-21 10:52:12.213341 | > DO_CALL (0.001s wait)
.2020-01-21 10:52:12.218586 | eval'd: drake::cmq_buildtargetmetadepsspecht_is_subtargetconfig
2020-01-21 10:52:16.754399 | > DO_CALL (0.001s wait)
.2020-01-21 10:52:16.760310 | eval'd: drake::cmq_buildtargetmetadepsspecht_is_subtargetconfig
2020-01-21 10:52:23.131308 | > DO_CALL (0.001s wait)
.2020-01-21 10:52:23.137406 | eval'd: drake::cmq_buildtargetmetadepsspecht_is_subtargetconfig
2020-01-21 10:52:28.770327 | > DO_CALL (0.001s wait)
.2020-01-21 10:52:28.777340 | eval'd: drake::cmq_buildtargetmetadepsspecht_is_subtargetconfig
2020-01-21 10:52:34.628283 | > DO_CALL (0.001s wait)
.2020-01-21 10:52:34.634318 | eval'd: drake::cmq_buildtargetmetadepsspecht_is_subtargetconfig
2020-01-21 10:52:39.396288 | > DO_CALL (0.001s wait)
.2020-01-21 10:52:39.405471 | eval'd: drake::cmq_buildtargetmetadepsspecht_is_subtargetconfig
2020-01-21 10:52:44.121123 | > DO_CALL (0.001s wait)
.2020-01-21 10:52:44.126083 | eval'd: drake::cmq_buildtargetmetadepsspecht_is_subtargetconfig
2020-01-21 10:52:48.632977 | > DO_CALL (0.000s wait)
.2020-01-21 10:52:48.639563 | eval'd: drake::cmq_buildtargetmetadepsspecht_is_subtargetconfig
2020-01-21 10:52:53.286243 | > DO_CALL (0.001s wait)
.2020-01-21 10:52:53.294101 | eval'd: drake::cmq_buildtargetmetadepsspecht_is_subtargetconfig
2020-01-21 10:52:57.810325 | > DO_CALL (0.001s wait)
.2020-01-21 10:52:57.818346 | eval'd: drake::cmq_buildtargetmetadepsspecht_is_subtargetconfig
2020-01-21 10:53:02.612370 | > DO_CALL (0.001s wait)
.2020-01-21 10:53:02.620531 | eval'd: drake::cmq_buildtargetmetadepsspecht_is_subtargetconfig
2020-01-21 10:53:07.198330 | > DO_CALL (0.001s wait)
.2020-01-21 10:53:07.207643 | eval'd: drake::cmq_buildtargetmetadepsspecht_is_subtargetconfig
2020-01-21 10:53:12.221265 | > DO_CALL (0.001s wait)
.2020-01-21 10:53:12.228217 | eval'd: drake::cmq_buildtargetmetadepsspecht_is_subtargetconfig
2020-01-21 10:53:16.423083 | > DO_CALL (0.000s wait)
.2020-01-21 10:53:16.431199 | eval'd: drake::cmq_buildtargetmetadepsspecht_is_subtargetconfig
2020-01-21 10:53:21.213262 | > DO_CALL (0.001s wait)
.2020-01-21 10:53:21.220600 | eval'd: drake::cmq_buildtargetmetadepsspecht_is_subtargetconfig
2020-01-21 10:53:27.945661 | > DO_CALL (0.001s wait)
.2020-01-21 10:53:27.952188 | eval'd: drake::cmq_buildtargetmetadepsspecht_is_subtargetconfig
2020-01-21 10:53:32.522419 | > DO_CALL (0.001s wait)
.
2020-01-21 10:53:32.531497 | eval'd: drake::cmq_buildtargetmetadepsspecht_is_subtargetconfig
2020-01-21 10:53:37.363706 | > DO_CALL (0.001s wait)
.2020-01-21 10:53:37.370443 | eval'd: drake::cmq_buildtargetmetadepsspecht_is_subtargetconfig
2020-01-21 10:53:41.914144 | > DO_CALL (0.001s wait)
.2020-01-21 10:53:41.923189 | eval'd: drake::cmq_buildtargetmetadepsspecht_is_subtargetconfig
2020-01-21 10:53:46.279362 | > DO_CALL (0.001s wait)
.2020-01-21 10:53:46.288812 | eval'd: drake::cmq_buildtargetmetadepsspecht_is_subtargetconfig
2020-01-21 10:53:50.941069 | > DO_CALL (0.000s wait)
.2020-01-21 10:53:50.947959 | eval'd: drake::cmq_buildtargetmetadepsspecht_is_subtargetconfig
2020-01-21 10:53:55.080301 | > DO_CALL (0.001s wait)
.2020-01-21 10:53:55.086511 | eval'd: drake::cmq_buildtargetmetadepsspecht_is_subtargetconfig
2020-01-21 10:53:59.227225 | > DO_CALL (0.001s wait)
.2020-01-21 10:53:59.232411 | eval'd: drake::cmq_buildtargetmetadepsspecht_is_subtargetconfig
2020-01-21 10:54:03.523355 | > DO_CALL (0.001s wait)
.2020-01-21 10:54:03.528887 | eval'd: drake::cmq_buildtargetmetadepsspecht_is_subtargetconfig
2020-01-21 10:54:08.130943 | > DO_CALL (0.000s wait)
.2020-01-21 10:54:08.138426 | eval'd: drake::cmq_buildtargetmetadepsspecht_is_subtargetconfig
2020-01-21 10:54:12.875056 | > DO_CALL (0.000s wait)
.2020-01-21 10:54:12.880052 | eval'd: drake::cmq_buildtargetmetadepsspecht_is_subtargetconfig
2020-01-21 10:54:17.120281 | > DO_CALL (0.001s wait)
.2020-01-21 10:54:17.128145 | eval'd: drake::cmq_buildtargetmetadepsspecht_is_subtargetconfig
2020-01-21 10:54:21.460177 | > DO_CALL (0.001s wait)
.2020-01-21 10:54:21.466180 | eval'd: drake::cmq_buildtargetmetadepsspecht_is_subtargetconfig
2020-01-21 10:54:26.939797 | > DO_CALL (0.001s wait)
.2020-01-21 10:54:26.946688 | eval'd: drake::cmq_buildtargetmetadepsspecht_is_subtargetconfig
2020-01-21 10:54:33.177390 | > DO_CALL (0.001s wait)
.2020-01-21 10:54:33.183686 | eval'd: drake::cmq_buildtargetmetadepsspecht_is_subtargetconfig
2020-01-21 10:54:37.403113 | > DO_CALL (0.001s wait)
.2020-01-21 10:54:37.409873 | eval'd: drake::cmq_buildtargetmetadepsspecht_is_subtargetconfig
2020-01-21 10:54:41.664059 | > DO_CALL (0.000s wait)
.2020-01-21 10:54:41.669677 | eval'd: drake::cmq_buildtargetmetadepsspecht_is_subtargetconfig
2020-01-21 10:54:45.767266 | > DO_CALL (0.001s wait)
.2020-01-21 10:54:45.775931 | eval'd: drake::cmq_buildtargetmetadepsspecht_is_subtargetconfig
2020-01-21 10:54:49.681678 | > DO_CALL (0.000s wait)
.2020-01-21 10:54:49.690404 | eval'd: drake::cmq_buildtargetmetadepsspecht_is_subtargetconfig
2020-01-21 10:54:53.525365 | > DO_CALL (0.001s wait)
.2020-01-21 10:54:53.531317 | eval'd: drake::cmq_buildtargetmetadepsspecht_is_subtargetconfig
2020-01-21 10:54:57.734205 | > DO_CALL (0.001s wait)
.2020-01-21 10:54:57.739911 | eval'd: drake::cmq_buildtargetmetadepsspecht_is_subtargetconfig
2020-01-21 10:55:01.833241 | > DO_CALL (0.001s wait)
.2020-01-21 10:55:01.838841 | eval'd: drake::cmq_buildtargetmetadepsspecht_is_subtargetconfig
2020-01-21 10:55:06.269578 | > DO_CALL (0.001s wait)
.2020-01-21 10:55:06.276768 | eval'd: drake::cmq_buildtargetmetadepsspecht_is_subtargetconfig
2020-01-21 10:55:10.501925 | > DO_CALL (0.001s wait)
.2020-01-21 10:55:10.520119 | eval'd: drake::cmq_buildtargetmetadepsspecht_is_subtargetconfig
2020-01-21 10:55:14.383303 | > DO_CALL (0.001s wait)
.2020-01-21 10:55:14.388351 | eval'd: drake::cmq_buildtargetmetadepsspecht_is_subtargetconfig
2020-01-21 10:55:18.301011 | > DO_CALL (0.000s wait)
.2020-01-21 10:55:18.305287 | eval'd: drake::cmq_buildtargetmetadepsspecht_is_subtargetconfig
2020-01-21 10:55:22.361754 | > DO_CALL (0.001s wait)
.2020-01-21 10:55:22.367176 | eval'd: drake::cmq_buildtargetmetadepsspecht_is_subtargetconfig
2020-01-21 10:55:26.305474 | > DO_CALL (0.001s wait)
.2020-01-21 10:55:26.311511 | eval'd: drake::cmq_buildtargetmetadepsspecht_is_subtargetconfig
2020-01-21 10:55:31.079789 | > DO_CALL (0.001s wait)
.2020-01-21 10:55:31.085582 | eval'd: drake::cmq_buildtargetmetadepsspecht_is_subtargetconfig
2020-01-21 10:55:37.495471 | > DO_CALL (0.001s wait)
.2020-01-21 10:55:37.501768 | eval'd: drake::cmq_buildtargetmetadepsspecht_is_subtargetconfig
2020-01-21 10:55:42.251040 | > DO_CALL (0.000s wait)
.2020-01-21 10:55:42.256016 | eval'd: drake::cmq_buildtargetmetadepsspecht_is_subtargetconfig
2020-01-21 10:55:46.237148 | > DO_CALL (0.001s wait)
.2020-01-21 10:55:46.242197 | eval'd: drake::cmq_buildtargetmetadepsspecht_is_subtargetconfig
2020-01-21 10:55:50.055757 | > DO_CALL (0.000s wait)
.2020-01-21 10:55:50.061143 | eval'd: drake::cmq_buildtargetmetadepsspecht_is_subtargetconfig
2020-01-21 10:55:54.398656 | > DO_CALL (0.001s wait)
.2020-01-21 10:55:54.404382 | eval'd: drake::cmq_buildtargetmetadepsspecht_is_subtargetconfig
2020-01-21 10:55:58.028197 | > DO_CALL (0.001s wait)
.2020-01-21 10:55:58.033703 | eval'd: drake::cmq_buildtargetmetadepsspecht_is_subtargetconfig
2020-01-21 10:56:01.944430 | > DO_CALL (0.001s wait)
.2020-01-21 10:56:01.951246 | eval'd: drake::cmq_buildtargetmetadepsspecht_is_subtargetconfig
2020-01-21 10:56:05.820140 | > DO_CALL (0.001s wait)
.2020-01-21 10:56:05.826130 | eval'd: drake::cmq_buildtargetmetadepsspecht_is_subtargetconfig
2020-01-21 10:56:10.038283 | > DO_CALL (0.001s wait)
.2020-01-21 10:56:10.043265 | eval'd: drake::cmq_buildtargetmetadepsspecht_is_subtargetconfig
2020-01-21 10:56:14.239919 | > DO_CALL (0.000s wait)
.2020-01-21 10:56:14.245346 | eval'd: drake::cmq_buildtargetmetadepsspecht_is_subtargetconfig
2020-01-21 10:56:18.900970 | > DO_CALL (0.000s wait)
.2020-01-21 10:56:18.905286 | eval'd: drake::cmq_buildtargetmetadepsspecht_is_subtargetconfig
2020-01-21 10:56:22.762132 | > DO_CALL (0.001s wait)
.2020-01-21 10:56:22.767015 | eval'd: drake::cmq_buildtargetmetadepsspecht_is_subtargetconfig
2020-01-21 10:56:27.032202 | > DO_CALL (0.001s wait)
.2020-01-21 10:56:27.037854 | eval'd: drake::cmq_buildtargetmetadepsspecht_is_subtargetconfig
2020-01-21 10:56:31.297069 | > DO_CALL (0.000s wait)
.2020-01-21 10:56:31.302639 | eval'd: drake::cmq_buildtargetmetadepsspecht_is_subtargetconfig
2020-01-21 10:56:37.517637 | > DO_CALL (0.001s wait)
.2020-01-21 10:56:37.523391 | eval'd: drake::cmq_buildtargetmetadepsspecht_is_subtargetconfig
2020-01-21 10:56:41.380971 | > DO_CALL (0.000s wait)
.2020-01-21 10:56:41.386252 | eval'd: drake::cmq_buildtargetmetadepsspecht_is_subtargetconfig
2020-01-21 10:56:46.215922 | > DO_CALL (0.000s wait)
.2020-01-21 10:56:46.223078 | eval'd: drake::cmq_buildtargetmetadepsspecht_is_subtargetconfig
2020-01-21 10:56:50.094736 | > DO_CALL (0.001s wait)
.2020-01-21 10:56:50.100200 | eval'd: drake::cmq_buildtargetmetadepsspecht_is_subtargetconfig
2020-01-21 10:56:53.870136 | > DO_CALL (0.001s wait)
.2020-01-21 10:56:53.875225 | eval'd: drake::cmq_buildtargetmetadepsspecht_is_subtargetconfig
2020-01-21 10:56:57.899056 | > DO_CALL (0.000s wait)
.2020-01-21 10:56:57.906411 | eval'd: drake::cmq_buildtargetmetadepsspecht_is_subtargetconfig
2020-01-21 10:57:02.513309 | > DO_CALL (0.001s wait)
.2020-01-21 10:57:02.518098 | eval'd: drake::cmq_buildtargetmetadepsspecht_is_subtargetconfig
2020-01-21 10:57:06.810214 | > DO_CALL (0.001s wait)
.2020-01-21 10:57:06.815472 | eval'd: drake::cmq_buildtargetmetadepsspecht_is_subtargetconfig
2020-01-21 10:57:10.923445 | > DO_CALL (0.001s wait)
.2020-01-21 10:57:10.928494 | eval'd: drake::cmq_buildtargetmetadepsspecht_is_subtargetconfig
2020-01-21 10:57:14.830987 | > DO_CALL (0.000s wait)
.2020-01-21 10:57:14.837651 | eval'd: drake::cmq_buildtargetmetadepsspecht_is_subtargetconfig
2020-01-21 10:57:18.893022 | > DO_CALL (0.000s wait)
.2020-01-21 10:57:18.898271 | eval'd: drake::cmq_buildtargetmetadepsspecht_is_subtargetconfig
2020-01-21 10:57:23.559143 | > DO_CALL (0.001s wait)
.2020-01-21 10:57:23.563759 | eval'd: drake::cmq_buildtargetmetadepsspecht_is_subtargetconfig
2020-01-21 10:57:27.834219 | > DO_CALL (0.001s wait)
.2020-01-21 10:57:27.839737 | eval'd: drake::cmq_buildtargetmetadepsspecht_is_subtargetconfig
2020-01-21 10:57:31.729151 | > DO_CALL (0.001s wait)
.2020-01-21 10:57:31.734734 | eval'd: drake::cmq_buildtargetmetadepsspecht_is_subtargetconfig
2020-01-21 10:57:35.581665 | > DO_CALL (0.001s wait)
.2020-01-21 10:57:35.588078 | eval'd: drake::cmq_buildtargetmetadepsspecht_is_subtargetconfig
2020-01-21 10:57:41.652015 | > DO_CALL (0.000s wait)
.2020-01-21 10:57:41.658383 | eval'd: drake::cmq_buildtargetmetadepsspecht_is_subtargetconfig
2020-01-21 10:57:45.813143 | > DO_CALL (0.000s wait)
.2020-01-21 10:57:45.821820 | eval'd: drake::cmq_buildtargetmetadepsspecht_is_subtargetconfig
2020-01-21 10:57:49.672262 | > DO_CALL (0.001s wait)
.2020-01-21 10:57:49.679132 | eval'd: drake::cmq_buildtargetmetadepsspecht_is_subtargetconfig
2020-01-21 10:57:53.935126 | > DO_CALL (0.001s wait)
.2020-01-21 10:57:53.939678 | eval'd: drake::cmq_buildtargetmetadepsspecht_is_subtargetconfig
2020-01-21 10:57:58.078775 | > DO_CALL (0.001s wait)
.2020-01-21 10:57:58.084310 | eval'd: drake::cmq_buildtargetmetadepsspecht_is_subtargetconfig
2020-01-21 10:58:02.625135 | > DO_CALL (0.001s wait)
.2020-01-21 10:58:02.629915 | eval'd: drake::cmq_buildtargetmetadepsspecht_is_subtargetconfig
2020-01-21 10:58:06.587898 | > DO_CALL (0.000s wait)
.2020-01-21 10:58:06.594151 | eval'd: drake::cmq_buildtargetmetadepsspecht_is_subtargetconfig
2020-01-21 10:58:10.631913 | > DO_CALL (0.001s wait)
.2020-01-21 10:58:10.640161 | eval'd: drake::cmq_buildtargetmetadepsspecht_is_subtargetconfig
2020-01-21 10:58:14.570103 | > DO_CALL (0.001s wait)
.2020-01-21 10:58:14.574671 | eval'd: drake::cmq_buildtargetmetadepsspecht_is_subtargetconfig
2020-01-21 10:58:18.280308 | > DO_CALL (0.001s wait)
.2020-01-21 10:58:18.285280 | eval'd: drake::cmq_buildtargetmetadepsspecht_is_subtargetconfig
2020-01-21 10:58:22.017990 | > DO_CALL (0.000s wait)
.2020-01-21 10:58:22.024152 | eval'd: drake::cmq_buildtargetmetadepsspecht_is_subtargetconfig
2020-01-21 10:58:26.116893 | > DO_CALL (0.000s wait)
.2020-01-21 10:58:26.123126 | eval'd: drake::cmq_buildtargetmetadepsspecht_is_subtargetconfig
2020-01-21 10:58:29.876150 | > DO_CALL (0.001s wait)
.2020-01-21 10:58:29.880830 | eval'd: drake::cmq_buildtargetmetadepsspecht_is_subtargetconfig
2020-01-21 10:58:33.477935 | > DO_CALL (0.000s wait)
.2020-01-21 10:58:33.483726 | eval'd: drake::cmq_buildtargetmetadepsspecht_is_subtargetconfig
2020-01-21 10:58:37.505650 | > DO_CALL (0.001s wait)
.2020-01-21 10:58:37.511052 | eval'd: drake::cmq_buildtargetmetadepsspecht_is_subtargetconfig
2020-01-21 10:58:43.619708 | > DO_CALL (0.001s wait)
.2020-01-21 10:58:43.626158 | eval'd: drake::cmq_buildtargetmetadepsspecht_is_subtargetconfig
2020-01-21 10:58:47.651894 | > DO_CALL (0.000s wait)
.2020-01-21 10:58:47.658164 | eval'd: drake::cmq_buildtargetmetadepsspecht_is_subtargetconfig
2020-01-21 10:58:51.524855 | > DO_CALL (0.001s wait)
.2020-01-21 10:58:51.531039 | eval'd: drake::cmq_buildtargetmetadepsspecht_is_subtargetconfig
2020-01-21 10:58:55.667168 | > DO_CALL (0.001s wait)
.2020-01-21 10:58:55.673068 | eval'd: drake::cmq_buildtargetmetadepsspecht_is_subtargetconfig
2020-01-21 10:59:00.493998 | > DO_CALL (0.000s wait)
.2020-01-21 10:59:00.499125 | eval'd: drake::cmq_buildtargetmetadepsspecht_is_subtargetconfig
2020-01-21 10:59:04.442688 | > DO_CALL (0.001s wait)
.2020-01-21 10:59:04.448763 | eval'd: drake::cmq_buildtargetmetadepsspecht_is_subtargetconfig
2020-01-21 10:59:08.282893 | > DO_CALL (0.000s wait)
.2020-01-21 10:59:08.288673 | eval'd: drake::cmq_buildtargetmetadepsspecht_is_subtargetconfig
2020-01-21 10:59:12.181199 | > DO_CALL (0.001s wait)
.
2020-01-21 10:59:12.186471 | eval'd: drake::cmq_buildtargetmetadepsspecht_is_subtargetconfig
2020-01-21 10:59:16.081892 | > DO_CALL (0.000s wait)
.2020-01-21 10:59:16.088823 | eval'd: drake::cmq_buildtargetmetadepsspecht_is_subtargetconfig
2020-01-21 10:59:20.095147 | > DO_CALL (0.002s wait)
.2020-01-21 10:59:20.102536 | eval'd: drake::cmq_buildtargetmetadepsspecht_is_subtargetconfig
2020-01-21 10:59:24.070926 | > DO_CALL (0.000s wait)
.2020-01-21 10:59:24.075217 | eval'd: drake::cmq_buildtargetmetadepsspecht_is_subtargetconfig
2020-01-21 10:59:28.775087 | > DO_CALL (0.001s wait)
.2020-01-21 10:59:28.779727 | eval'd: drake::cmq_buildtargetmetadepsspecht_is_subtargetconfig
2020-01-21 10:59:32.671581 | > DO_CALL (0.001s wait)
.2020-01-21 10:59:32.677346 | eval'd: drake::cmq_buildtargetmetadepsspecht_is_subtargetconfig
2020-01-21 10:59:36.386983 | > DO_CALL (0.000s wait)
.2020-01-21 10:59:36.392600 | eval'd: drake::cmq_buildtargetmetadepsspecht_is_subtargetconfig
2020-01-21 10:59:40.256070 | > DO_CALL (0.000s wait)
.2020-01-21 10:59:40.260589 | eval'd: drake::cmq_buildtargetmetadepsspecht_is_subtargetconfig
2020-01-21 10:59:45.763120 | > DO_CALL (0.001s wait)
.2020-01-21 10:59:45.768194 | eval'd: drake::cmq_buildtargetmetadepsspecht_is_subtargetconfig
2020-01-21 10:59:50.323825 | > DO_CALL (0.001s wait)
.2020-01-21 10:59:50.332303 | eval'd: drake::cmq_buildtargetmetadepsspecht_is_subtargetconfig
2020-01-21 10:59:54.097884 | > DO_CALL (0.000s wait)
.2020-01-21 10:59:54.103456 | eval'd: drake::cmq_buildtargetmetadepsspecht_is_subtargetconfig
2020-01-21 10:59:57.872631 | > DO_CALL (0.001s wait)
.2020-01-21 10:59:57.877894 | eval'd: drake::cmq_buildtargetmetadepsspecht_is_subtargetconfig
2020-01-21 11:00:01.859088 | > DO_CALL (0.000s wait)
.2020-01-21 11:00:01.865595 | eval'd: drake::cmq_buildtargetmetadepsspecht_is_subtargetconfig
2020-01-21 11:00:05.539969 | > DO_CALL (0.000s wait)
.2020-01-21 11:00:05.544894 | eval'd: drake::cmq_buildtargetmetadepsspecht_is_subtargetconfig
2020-01-21 11:00:09.092309 | > DO_CALL (0.001s wait)
.2020-01-21 11:00:09.097900 | eval'd: drake::cmq_buildtargetmetadepsspecht_is_subtargetconfig
2020-01-21 11:00:12.756184 | > DO_CALL (0.001s wait)
.2020-01-21 11:00:12.761340 | eval'd: drake::cmq_buildtargetmetadepsspecht_is_subtargetconfig
2020-01-21 11:00:16.473207 | > DO_CALL (0.001s wait)
.2020-01-21 11:00:16.479253 | eval'd: drake::cmq_buildtargetmetadepsspecht_is_subtargetconfig
2020-01-21 11:00:20.233071 | > DO_CALL (0.000s wait)
.2020-01-21 11:00:20.237744 | eval'd: drake::cmq_buildtargetmetadepsspecht_is_subtargetconfig
2020-01-21 11:00:24.255062 | > DO_CALL (0.000s wait)
.2020-01-21 11:00:24.277212 | eval'd: drake::cmq_buildtargetmetadepsspecht_is_subtargetconfig
2020-01-21 11:00:28.118919 | > DO_CALL (0.000s wait)
.2020-01-21 11:00:28.125636 | eval'd: drake::cmq_buildtargetmetadepsspecht_is_subtargetconfig
2020-01-21 11:00:32.645014 | > DO_CALL (0.000s wait)
.2020-01-21 11:00:32.649733 | eval'd: drake::cmq_buildtargetmetadepsspecht_is_subtargetconfig
2020-01-21 11:00:36.791481 | > DO_CALL (0.001s wait)
.2020-01-21 11:00:36.797245 | eval'd: drake::cmq_buildtargetmetadepsspecht_is_subtargetconfig
2020-01-21 11:00:40.599692 | > DO_CALL (0.000s wait)
.2020-01-21 11:00:40.604892 | eval'd: drake::cmq_buildtargetmetadepsspecht_is_subtargetconfig
2020-01-21 11:00:44.342017 | > DO_CALL (0.000s wait)
.2020-01-21 11:00:44.347771 | eval'd: drake::cmq_buildtargetmetadepsspecht_is_subtargetconfig
2020-01-21 11:00:50.077238 | > DO_CALL (0.001s wait)
.2020-01-21 11:00:50.082502 | eval'd: drake::cmq_buildtargetmetadepsspecht_is_subtargetconfig
2020-01-21 11:00:54.061935 | > DO_CALL (0.000s wait)
.2020-01-21 11:00:54.066234 | eval'd: drake::cmq_buildtargetmetadepsspecht_is_subtargetconfig
2020-01-21 11:00:58.087974 | > DO_CALL (0.000s wait)
.2020-01-21 11:00:58.092334 | eval'd: drake::cmq_buildtargetmetadepsspecht_is_subtargetconfig
2020-01-21 11:01:02.775393 | > DO_CALL (0.001s wait)
.2020-01-21 11:01:02.780408 | eval'd: drake::cmq_buildtargetmetadepsspecht_is_subtargetconfig
2020-01-21 11:01:06.656063 | > DO_CALL (0.000s wait)
.2020-01-21 11:01:06.662389 | eval'd: drake::cmq_buildtargetmetadepsspecht_is_subtargetconfig
2020-01-21 11:01:10.573221 | > DO_CALL (0.001s wait)
.2020-01-21 11:01:10.577903 | eval'd: drake::cmq_buildtargetmetadepsspecht_is_subtargetconfig
2020-01-21 11:01:14.727821 | > DO_CALL (0.000s wait)
.2020-01-21 11:01:14.733934 | eval'd: drake::cmq_buildtargetmetadepsspecht_is_subtargetconfig
2020-01-21 11:01:18.690277 | > DO_CALL (0.001s wait)
.2020-01-21 11:01:18.695315 | eval'd: drake::cmq_buildtargetmetadepsspecht_is_subtargetconfig
2020-01-21 11:01:22.254001 | > DO_CALL (0.000s wait)
.2020-01-21 11:01:22.258354 | eval'd: drake::cmq_buildtargetmetadepsspecht_is_subtargetconfig
2020-01-21 11:01:26.035008 | > DO_CALL (0.000s wait)
.2020-01-21 11:01:26.041199 | eval'd: drake::cmq_buildtargetmetadepsspecht_is_subtargetconfig
2020-01-21 11:01:29.740136 | > DO_CALL (0.001s wait)
.2020-01-21 11:01:29.746525 | eval'd: drake::cmq_buildtargetmetadepsspecht_is_subtargetconfig
2020-01-21 11:01:34.178036 | > DO_CALL (0.000s wait)
.2020-01-21 11:01:34.184154 | eval'd: drake::cmq_buildtargetmetadepsspecht_is_subtargetconfig
2020-01-21 11:01:37.820190 | > DO_CALL (0.001s wait)
.2020-01-21 11:01:37.825070 | eval'd: drake::cmq_buildtargetmetadepsspecht_is_subtargetconfig
2020-01-21 11:01:41.462582 | > DO_CALL (0.001s wait)
.2020-01-21 11:01:41.467836 | eval'd: drake::cmq_buildtargetmetadepsspecht_is_subtargetconfig
2020-01-21 11:01:45.077960 | > DO_CALL (0.000s wait)
.2020-01-21 11:01:45.084277 | eval'd: drake::cmq_buildtargetmetadepsspecht_is_subtargetconfig
2020-01-21 11:01:48.721074 | > DO_CALL (0.000s wait)
.2020-01-21 11:01:48.725464 | eval'd: drake::cmq_buildtargetmetadepsspecht_is_subtargetconfig
2020-01-21 11:01:54.558637 | > DO_CALL (0.001s wait)
.2020-01-21 11:01:54.564404 | eval'd: drake::cmq_buildtargetmetadepsspecht_is_subtargetconfig
2020-01-21 11:01:58.231026 | > DO_CALL (0.000s wait)
.2020-01-21 11:01:58.235708 | eval'd: drake::cmq_buildtargetmetadepsspecht_is_subtargetconfig
2020-01-21 11:02:02.146979 | > DO_CALL (0.000s wait)
.2020-01-21 11:02:02.152074 | eval'd: drake::cmq_buildtargetmetadepsspecht_is_subtargetconfig
2020-01-21 11:02:05.800747 | > DO_CALL (0.000s wait)
.2020-01-21 11:02:05.807386 | eval'd: drake::cmq_buildtargetmetadepsspecht_is_subtargetconfig
2020-01-21 11:02:09.449107 | > DO_CALL (0.002s wait)
.2020-01-21 11:02:09.459355 | eval'd: drake::cmq_buildtargetmetadepsspecht_is_subtargetconfig
2020-01-21 11:02:13.239971 | > DO_CALL (0.000s wait)
.2020-01-21 11:02:13.245148 | eval'd: drake::cmq_buildtargetmetadepsspecht_is_subtargetconfig
2020-01-21 11:02:17.110941 | > DO_CALL (0.000s wait)
.2020-01-21 11:02:17.116960 | eval'd: drake::cmq_buildtargetmetadepsspecht_is_subtargetconfig
2020-01-21 11:02:21.051217 | > DO_CALL (0.001s wait)
.2020-01-21 11:02:21.056754 | eval'd: drake::cmq_buildtargetmetadepsspecht_is_subtargetconfig
2020-01-21 11:02:24.844958 | > DO_CALL (0.000s wait)
.2020-01-21 11:02:24.850968 | eval'd: drake::cmq_buildtargetmetadepsspecht_is_subtargetconfig
2020-01-21 11:02:28.519127 | > DO_CALL (0.001s wait)
.2020-01-21 11:02:28.526334 | eval'd: drake::cmq_buildtargetmetadepsspecht_is_subtargetconfig
2020-01-21 11:02:32.123372 | > DO_CALL (0.001s wait)
.2020-01-21 11:02:32.128841 | eval'd: drake::cmq_buildtargetmetadepsspecht_is_subtargetconfig
2020-01-21 11:02:37.275964 | > DO_CALL (0.000s wait)
.2020-01-21 11:02:37.281899 | eval'd: drake::cmq_buildtargetmetadepsspecht_is_subtargetconfig
2020-01-21 11:02:41.073268 | > DO_CALL (0.001s wait)
.2020-01-21 11:02:41.079871 | eval'd: drake::cmq_buildtargetmetadepsspecht_is_subtargetconfig
2020-01-21 11:02:44.772078 | > DO_CALL (0.000s wait)
.2020-01-21 11:02:44.777055 | eval'd: drake::cmq_buildtargetmetadepsspecht_is_subtargetconfig
2020-01-21 11:02:48.706773 | > DO_CALL (0.001s wait)
.2020-01-21 11:02:48.712781 | eval'd: drake::cmq_buildtargetmetadepsspecht_is_subtargetconfig
2020-01-21 11:02:53.503203 | > DO_CALL (0.001s wait)
.2020-01-21 11:02:53.508790 | eval'd: drake::cmq_buildtargetmetadepsspecht_is_subtargetconfig
2020-01-21 11:02:57.670107 | > DO_CALL (0.001s wait)
.2020-01-21 11:02:57.675810 | eval'd: drake::cmq_buildtargetmetadepsspecht_is_subtargetconfig
2020-01-21 11:03:01.240654 | > DO_CALL (0.001s wait)
.2020-01-21 11:03:01.250460 | eval'd: drake::cmq_buildtargetmetadepsspecht_is_subtargetconfig
2020-01-21 11:03:04.815472 | > DO_CALL (0.001s wait)
.2020-01-21 11:03:04.821089 | eval'd: drake::cmq_buildtargetmetadepsspecht_is_subtargetconfig
2020-01-21 11:03:08.534171 | > DO_CALL (0.001s wait)
.2020-01-21 11:03:08.541244 | eval'd: drake::cmq_buildtargetmetadepsspecht_is_subtargetconfig
2020-01-21 11:03:12.193560 | > DO_CALL (0.001s wait)
.2020-01-21 11:03:12.200214 | eval'd: drake::cmq_buildtargetmetadepsspecht_is_subtargetconfig
2020-01-21 11:03:15.863184 | > DO_CALL (0.001s wait)
.2020-01-21 11:03:15.869808 | eval'd: drake::cmq_buildtargetmetadepsspecht_is_subtargetconfig
2020-01-21 11:03:20.338005 | > DO_CALL (0.000s wait)
.2020-01-21 11:03:20.343368 | eval'd: drake::cmq_buildtargetmetadepsspecht_is_subtargetconfig
2020-01-21 11:03:23.807155 | > DO_CALL (0.001s wait)
.2020-01-21 11:03:23.812633 | eval'd: drake::cmq_buildtargetmetadepsspecht_is_subtargetconfig
2020-01-21 11:03:27.647023 | > DO_CALL (0.000s wait)
.2020-01-21 11:03:27.653510 | eval'd: drake::cmq_buildtargetmetadepsspecht_is_subtargetconfig
2020-01-21 11:03:31.403045 | > DO_CALL (0.000s wait)
.2020-01-21 11:03:31.408453 | eval'd: drake::cmq_buildtargetmetadepsspecht_is_subtargetconfig
2020-01-21 11:03:35.872515 | > DO_CALL (0.001s wait)
.2020-01-21 11:03:35.879683 | eval'd: drake::cmq_buildtargetmetadepsspecht_is_subtargetconfig
2020-01-21 11:03:40.900073 | > DO_CALL (0.000s wait)
.2020-01-21 11:03:40.905371 | eval'd: drake::cmq_buildtargetmetadepsspecht_is_subtargetconfig
2020-01-21 11:03:44.694023 | > DO_CALL (0.000s wait)
.2020-01-21 11:03:44.701288 | eval'd: drake::cmq_buildtargetmetadepsspecht_is_subtargetconfig
2020-01-21 11:03:48.304242 | > DO_CALL (0.001s wait)
.2020-01-21 11:03:48.311453 | eval'd: drake::cmq_buildtargetmetadepsspecht_is_subtargetconfig
2020-01-21 11:03:52.038945 | > DO_CALL (0.000s wait)
.2020-01-21 11:03:52.046675 | eval'd: drake::cmq_buildtargetmetadepsspecht_is_subtargetconfig
2020-01-21 11:03:57.715168 | > DO_CALL (0.001s wait)
.2020-01-21 11:03:57.721324 | eval'd: drake::cmq_buildtargetmetadepsspecht_is_subtargetconfig
2020-01-21 11:04:02.419554 | > DO_CALL (0.001s wait)
.2020-01-21 11:04:02.425249 | eval'd: drake::cmq_buildtargetmetadepsspecht_is_subtargetconfig
2020-01-21 11:04:06.293190 | > DO_CALL (0.001s wait)
.2020-01-21 11:04:06.300889 | eval'd: drake::cmq_buildtargetmetadepsspecht_is_subtargetconfig
2020-01-21 11:04:10.066239 | > DO_CALL (0.001s wait)
.2020-01-21 11:04:10.073513 | eval'd: drake::cmq_buildtargetmetadepsspecht_is_subtargetconfig
2020-01-21 11:04:13.745825 | > DO_CALL (0.000s wait)
.2020-01-21 11:04:13.751955 | eval'd: drake::cmq_buildtargetmetadepsspecht_is_subtargetconfig
2020-01-21 11:04:17.572203 | > DO_CALL (0.001s wait)
.2020-01-21 11:04:17.577867 | eval'd: drake::cmq_buildtargetmetadepsspecht_is_subtargetconfig
2020-01-21 11:04:21.362085 | > DO_CALL (0.000s wait)
.2020-01-21 11:04:21.368499 | eval'd: drake::cmq_buildtargetmetadepsspecht_is_subtargetconfig
2020-01-21 11:04:25.058297 | > DO_CALL (0.001s wait)
.2020-01-21 11:04:25.064061 | eval'd: drake::cmq_buildtargetmetadepsspecht_is_subtargetconfig
2020-01-21 11:04:28.838273 | > DO_CALL (0.001s wait)
.
2020-01-21 11:04:28.845256 | eval'd: drake::cmq_buildtargetmetadepsspecht_is_subtargetconfig
2020-01-21 11:04:32.331098 | > DO_CALL (0.001s wait)
.2020-01-21 11:04:32.336594 | eval'd: drake::cmq_buildtargetmetadepsspecht_is_subtargetconfig
2020-01-21 11:04:36.164021 | > DO_CALL (0.000s wait)
.2020-01-21 11:04:36.169437 | eval'd: drake::cmq_buildtargetmetadepsspecht_is_subtargetconfig
2020-01-21 11:04:39.905040 | > DO_CALL (0.000s wait)
.2020-01-21 11:04:39.909921 | eval'd: drake::cmq_buildtargetmetadepsspecht_is_subtargetconfig
2020-01-21 11:04:44.367290 | > DO_CALL (0.001s wait)
.2020-01-21 11:04:44.372568 | eval'd: drake::cmq_buildtargetmetadepsspecht_is_subtargetconfig
2020-01-21 11:04:48.107129 | > DO_CALL (0.001s wait)
.2020-01-21 11:04:48.114424 | eval'd: drake::cmq_buildtargetmetadepsspecht_is_subtargetconfig
2020-01-21 11:04:51.800216 | > DO_CALL (0.001s wait)
.2020-01-21 11:04:51.805902 | eval'd: drake::cmq_buildtargetmetadepsspecht_is_subtargetconfig
2020-01-21 11:04:55.603977 | > DO_CALL (0.001s wait)
.2020-01-21 11:04:55.610982 | eval'd: drake::cmq_buildtargetmetadepsspecht_is_subtargetconfig
2020-01-21 11:05:01.263024 | > DO_CALL (0.000s wait)
.2020-01-21 11:05:01.269276 | eval'd: drake::cmq_buildtargetmetadepsspecht_is_subtargetconfig
2020-01-21 11:05:04.909125 | > DO_CALL (0.001s wait)
.2020-01-21 11:05:04.914159 | eval'd: drake::cmq_buildtargetmetadepsspecht_is_subtargetconfig
2020-01-21 11:05:08.397322 | > DO_CALL (0.001s wait)
.2020-01-21 11:05:08.404157 | eval'd: drake::cmq_buildtargetmetadepsspecht_is_subtargetconfig
2020-01-21 11:05:12.222271 | > DO_CALL (0.001s wait)
.2020-01-21 11:05:12.227975 | eval'd: drake::cmq_buildtargetmetadepsspecht_is_subtargetconfig
2020-01-21 11:05:15.900114 | > DO_CALL (0.001s wait)
.2020-01-21 11:05:15.908106 | eval'd: drake::cmq_buildtargetmetadepsspecht_is_subtargetconfig
2020-01-21 11:05:20.275526 | > DO_CALL (0.001s wait)
.2020-01-21 11:05:20.281839 | eval'd: drake::cmq_buildtargetmetadepsspecht_is_subtargetconfig
2020-01-21 11:05:23.940306 | > DO_CALL (0.001s wait)
.2020-01-21 11:05:23.947138 | eval'd: drake::cmq_buildtargetmetadepsspecht_is_subtargetconfig
2020-01-21 11:05:27.545827 | > DO_CALL (0.001s wait)
.2020-01-21 11:05:27.571974 | eval'd: drake::cmq_buildtargetmetadepsspecht_is_subtargetconfig
2020-01-21 11:05:31.277852 | > DO_CALL (0.000s wait)
.2020-01-21 11:05:31.284010 | eval'd: drake::cmq_buildtargetmetadepsspecht_is_subtargetconfig
2020-01-21 11:05:35.031050 | > DO_CALL (0.000s wait)
.2020-01-21 11:05:35.036371 | eval'd: drake::cmq_buildtargetmetadepsspecht_is_subtargetconfig
2020-01-21 11:05:38.527101 | > DO_CALL (0.001s wait)
.2020-01-21 11:05:38.532569 | eval'd: drake::cmq_buildtargetmetadepsspecht_is_subtargetconfig
2020-01-21 11:05:42.460438 | > DO_CALL (0.001s wait)
.2020-01-21 11:05:42.466638 | eval'd: drake::cmq_buildtargetmetadepsspecht_is_subtargetconfig
2020-01-21 11:05:46.994948 | > DO_CALL (0.000s wait)
.2020-01-21 11:05:47.000226 | eval'd: drake::cmq_buildtargetmetadepsspecht_is_subtargetconfig
2020-01-21 11:05:50.634490 | > DO_CALL (0.001s wait)
.2020-01-21 11:05:50.641188 | eval'd: drake::cmq_buildtargetmetadepsspecht_is_subtargetconfig
2020-01-21 11:05:54.228805 | > DO_CALL (0.000s wait)
.2020-01-21 11:05:54.235787 | eval'd: drake::cmq_buildtargetmetadepsspecht_is_subtargetconfig
2020-01-21 11:05:57.785190 | > DO_CALL (0.001s wait)
.2020-01-21 11:05:57.790269 | eval'd: drake::cmq_buildtargetmetadepsspecht_is_subtargetconfig
2020-01-21 11:06:01.191208 | > DO_CALL (0.001s wait)
.2020-01-21 11:06:01.196698 | eval'd: drake::cmq_buildtargetmetadepsspecht_is_subtargetconfig
2020-01-21 11:06:06.070002 | > DO_CALL (0.000s wait)
.2020-01-21 11:06:06.078764 | eval'd: drake::cmq_buildtargetmetadepsspecht_is_subtargetconfig
2020-01-21 11:06:09.653925 | > DO_CALL (0.000s wait)
.2020-01-21 11:06:09.658540 | eval'd: drake::cmq_buildtargetmetadepsspecht_is_subtargetconfig
2020-01-21 11:06:13.246927 | > DO_CALL (0.000s wait)
.2020-01-21 11:06:13.251518 | eval'd: drake::cmq_buildtargetmetadepsspecht_is_subtargetconfig
2020-01-21 11:06:17.158048 | > DO_CALL (0.000s wait)
.2020-01-21 11:06:17.167229 | eval'd: drake::cmq_buildtargetmetadepsspecht_is_subtargetconfig
2020-01-21 11:06:21.456993 | > DO_CALL (0.000s wait)
.2020-01-21 11:06:21.461729 | eval'd: drake::cmq_buildtargetmetadepsspecht_is_subtargetconfig
2020-01-21 11:06:24.939378 | > DO_CALL (0.001s wait)
.2020-01-21 11:06:24.945195 | eval'd: drake::cmq_buildtargetmetadepsspecht_is_subtargetconfig
2020-01-21 11:06:28.459083 | > DO_CALL (0.000s wait)
.2020-01-21 11:06:28.465575 | eval'd: drake::cmq_buildtargetmetadepsspecht_is_subtargetconfig
2020-01-21 11:06:32.172530 | > DO_CALL (0.001s wait)
.2020-01-21 11:06:32.178116 | eval'd: drake::cmq_buildtargetmetadepsspecht_is_subtargetconfig
2020-01-21 11:06:35.847913 | > DO_CALL (0.000s wait)
.2020-01-21 11:06:35.853043 | eval'd: drake::cmq_buildtargetmetadepsspecht_is_subtargetconfig
2020-01-21 11:06:39.421558 | > DO_CALL (0.001s wait)
.2020-01-21 11:06:39.427761 | eval'd: drake::cmq_buildtargetmetadepsspecht_is_subtargetconfig
2020-01-21 11:06:43.080466 | > DO_CALL (0.001s wait)
.2020-01-21 11:06:43.085997 | eval'd: drake::cmq_buildtargetmetadepsspecht_is_subtargetconfig
2020-01-21 11:06:46.623450 | > DO_CALL (0.001s wait)
.2020-01-21 11:06:46.630022 | eval'd: drake::cmq_buildtargetmetadepsspecht_is_subtargetconfig
2020-01-21 11:06:50.867156 | > DO_CALL (0.001s wait)
.2020-01-21 11:06:50.872519 | eval'd: drake::cmq_buildtargetmetadepsspecht_is_subtargetconfig
2020-01-21 11:06:54.557004 | > DO_CALL (0.000s wait)
.2020-01-21 11:06:54.561810 | eval'd: drake::cmq_buildtargetmetadepsspecht_is_subtargetconfig
2020-01-21 11:06:58.310806 | > DO_CALL (0.000s wait)
.2020-01-21 11:06:58.316777 | eval'd: drake::cmq_buildtargetmetadepsspecht_is_subtargetconfig
2020-01-21 11:07:01.962547 | > DO_CALL (0.001s wait)
.2020-01-21 11:07:01.969028 | eval'd: drake::cmq_buildtargetmetadepsspecht_is_subtargetconfig
2020-01-21 11:07:07.774118 | > DO_CALL (0.001s wait)
.2020-01-21 11:07:07.780391 | eval'd: drake::cmq_buildtargetmetadepsspecht_is_subtargetconfig
2020-01-21 11:07:11.255961 | > DO_CALL (0.000s wait)
.2020-01-21 11:07:11.260697 | eval'd: drake::cmq_buildtargetmetadepsspecht_is_subtargetconfig
2020-01-21 11:07:14.687116 | > DO_CALL (0.001s wait)
.2020-01-21 11:07:14.694487 | eval'd: drake::cmq_buildtargetmetadepsspecht_is_subtargetconfig
2020-01-21 11:07:18.095019 | > DO_CALL (0.000s wait)
.2020-01-21 11:07:18.099449 | eval'd: drake::cmq_buildtargetmetadepsspecht_is_subtargetconfig
2020-01-21 11:07:21.574858 | > DO_CALL (0.000s wait)
.2020-01-21 11:07:21.580828 | eval'd: drake::cmq_buildtargetmetadepsspecht_is_subtargetconfig
2020-01-21 11:07:25.853007 | > DO_CALL (0.000s wait)
.2020-01-21 11:07:25.861455 | eval'd: drake::cmq_buildtargetmetadepsspecht_is_subtargetconfig
2020-01-21 11:07:29.331961 | > DO_CALL (0.000s wait)
.2020-01-21 11:07:29.337529 | eval'd: drake::cmq_buildtargetmetadepsspecht_is_subtargetconfig
2020-01-21 11:07:32.964969 | > DO_CALL (0.000s wait)
.2020-01-21 11:07:32.971861 | eval'd: drake::cmq_buildtargetmetadepsspecht_is_subtargetconfig
2020-01-21 11:07:36.505066 | > DO_CALL (0.000s wait)
.2020-01-21 11:07:36.510790 | eval'd: drake::cmq_buildtargetmetadepsspecht_is_subtargetconfig
2020-01-21 11:07:39.961022 | > DO_CALL (0.000s wait)
.2020-01-21 11:07:39.966876 | eval'd: drake::cmq_buildtargetmetadepsspecht_is_subtargetconfig
2020-01-21 11:07:43.732862 | > DO_CALL (0.000s wait)
.2020-01-21 11:07:43.737139 | eval'd: drake::cmq_buildtargetmetadepsspecht_is_subtargetconfig
2020-01-21 11:07:47.345209 | > DO_CALL (0.001s wait)
.2020-01-21 11:07:47.350468 | eval'd: drake::cmq_buildtargetmetadepsspecht_is_subtargetconfig
2020-01-21 11:07:51.113578 | > DO_CALL (0.001s wait)
.2020-01-21 11:07:51.119438 | eval'd: drake::cmq_buildtargetmetadepsspecht_is_subtargetconfig
2020-01-21 11:07:55.878723 | > DO_CALL (0.000s wait)
.2020-01-21 11:07:55.884649 | eval'd: drake::cmq_buildtargetmetadepsspecht_is_subtargetconfig
2020-01-21 11:07:59.370087 | > DO_CALL (0.001s wait)
.2020-01-21 11:07:59.374647 | eval'd: drake::cmq_buildtargetmetadepsspecht_is_subtargetconfig
2020-01-21 11:08:03.014999 | > DO_CALL (0.000s wait)
.2020-01-21 11:08:03.019747 | eval'd: drake::cmq_buildtargetmetadepsspecht_is_subtargetconfig
2020-01-21 11:08:06.637876 | > DO_CALL (0.000s wait)
.2020-01-21 11:08:06.643529 | eval'd: drake::cmq_buildtargetmetadepsspecht_is_subtargetconfig
2020-01-21 11:08:12.069050 | > DO_CALL (0.000s wait)
.2020-01-21 11:08:12.073964 | eval'd: drake::cmq_buildtargetmetadepsspecht_is_subtargetconfig
2020-01-21 11:08:15.677964 | > DO_CALL (0.000s wait)
.2020-01-21 11:08:15.684520 | eval'd: drake::cmq_buildtargetmetadepsspecht_is_subtargetconfig
2020-01-21 11:08:19.181195 | > DO_CALL (0.001s wait)
.2020-01-21 11:08:19.186101 | eval'd: drake::cmq_buildtargetmetadepsspecht_is_subtargetconfig
2020-01-21 11:08:22.664566 | > DO_CALL (0.001s wait)
.2020-01-21 11:08:22.669898 | eval'd: drake::cmq_buildtargetmetadepsspecht_is_subtargetconfig
2020-01-21 11:08:26.207106 | > DO_CALL (0.001s wait)
.2020-01-21 11:08:26.213526 | eval'd: drake::cmq_buildtargetmetadepsspecht_is_subtargetconfig
2020-01-21 11:08:29.785243 | > DO_CALL (0.001s wait)
.2020-01-21 11:08:29.790542 | eval'd: drake::cmq_buildtargetmetadepsspecht_is_subtargetconfig
2020-01-21 11:08:34.126201 | > DO_CALL (0.001s wait)
.2020-01-21 11:08:34.131770 | eval'd: drake::cmq_buildtargetmetadepsspecht_is_subtargetconfig
2020-01-21 11:08:37.883591 | > DO_CALL (0.001s wait)
.2020-01-21 11:08:37.889326 | eval'd: drake::cmq_buildtargetmetadepsspecht_is_subtargetconfig
2020-01-21 11:08:41.431041 | > DO_CALL (0.000s wait)
.2020-01-21 11:08:41.436313 | eval'd: drake::cmq_buildtargetmetadepsspecht_is_subtargetconfig
2020-01-21 11:08:45.083896 | > DO_CALL (0.000s wait)
.2020-01-21 11:08:45.088716 | eval'd: drake::cmq_buildtargetmetadepsspecht_is_subtargetconfig
2020-01-21 11:08:48.807922 | > DO_CALL (0.000s wait)
.2020-01-21 11:08:48.813596 | eval'd: drake::cmq_buildtargetmetadepsspecht_is_subtargetconfig
2020-01-21 11:08:52.286109 | > DO_CALL (0.001s wait)
.2020-01-21 11:08:52.291315 | eval'd: drake::cmq_buildtargetmetadepsspecht_is_subtargetconfig
2020-01-21 11:08:56.217245 | > DO_CALL (0.001s wait)
.2020-01-21 11:08:56.222235 | eval'd: drake::cmq_buildtargetmetadepsspecht_is_subtargetconfig
2020-01-21 11:08:59.914963 | > DO_CALL (0.000s wait)
.2020-01-21 11:08:59.921293 | eval'd: drake::cmq_buildtargetmetadepsspecht_is_subtargetconfig
2020-01-21 11:09:03.765092 | > DO_CALL (0.001s wait)
.2020-01-21 11:09:03.769662 | eval'd: drake::cmq_buildtargetmetadepsspecht_is_subtargetconfig
2020-01-21 11:09:07.480067 | > DO_CALL (0.000s wait)
.2020-01-21 11:09:07.487185 | eval'd: drake::cmq_buildtargetmetadepsspecht_is_subtargetconfig
2020-01-21 11:09:13.090025 | > DO_CALL (0.000s wait)
.2020-01-21 11:09:13.094792 | eval'd: drake::cmq_buildtargetmetadepsspecht_is_subtargetconfig
2020-01-21 11:09:16.567108 | > DO_CALL (0.001s wait)
.2020-01-21 11:09:16.572705 | eval'd: drake::cmq_buildtargetmetadepsspecht_is_subtargetconfig
2020-01-21 11:09:19.985211 | > DO_CALL (0.001s wait)
.2020-01-21 11:09:19.991675 | eval'd: drake::cmq_buildtargetmetadepsspecht_is_subtargetconfig
2020-01-21 11:09:23.468235 | > DO_CALL (0.001s wait)
.2020-01-21 11:09:23.473820 | eval'd: drake::cmq_buildtargetmetadepsspecht_is_subtargetconfig
2020-01-21 11:09:27.015892 | > DO_CALL (0.000s wait)
.2020-01-21 11:09:27.020225 | eval'd: drake::cmq_buildtargetmetadepsspecht_is_subtargetconfig
2020-01-21 11:09:30.892935 | > DO_CALL (0.000s wait)
.
2020-01-21 11:09:30.897859 | eval'd: drake::cmq_buildtargetmetadepsspecht_is_subtargetconfig
2020-01-21 11:09:34.609634 | > DO_CALL (0.001s wait)
.2020-01-21 11:09:34.614987 | eval'd: drake::cmq_buildtargetmetadepsspecht_is_subtargetconfig
2020-01-21 11:09:38.271223 | > DO_CALL (0.001s wait)
.2020-01-21 11:09:38.276358 | eval'd: drake::cmq_buildtargetmetadepsspecht_is_subtargetconfig
2020-01-21 11:09:42.727209 | > DO_CALL (0.001s wait)
.2020-01-21 11:09:42.732015 | eval'd: drake::cmq_buildtargetmetadepsspecht_is_subtargetconfig
2020-01-21 11:09:46.396892 | > DO_CALL (0.001s wait)
.2020-01-21 11:09:46.402996 | eval'd: drake::cmq_buildtargetmetadepsspecht_is_subtargetconfig
2020-01-21 11:09:49.927038 | > DO_CALL (0.000s wait)
.2020-01-21 11:09:49.931841 | eval'd: drake::cmq_buildtargetmetadepsspecht_is_subtargetconfig
2020-01-21 11:09:53.414101 | > DO_CALL (0.001s wait)
.2020-01-21 11:09:53.419336 | eval'd: drake::cmq_buildtargetmetadepsspecht_is_subtargetconfig
2020-01-21 11:09:56.896832 | > DO_CALL (0.001s wait)
.2020-01-21 11:09:56.902641 | eval'd: drake::cmq_buildtargetmetadepsspecht_is_subtargetconfig
2020-01-21 11:10:00.953020 | > DO_CALL (0.000s wait)
.2020-01-21 11:10:00.979113 | eval'd: drake::cmq_buildtargetmetadepsspecht_is_subtargetconfig
2020-01-21 11:10:04.433236 | > DO_CALL (0.001s wait)
.2020-01-21 11:10:04.438065 | eval'd: drake::cmq_buildtargetmetadepsspecht_is_subtargetconfig
2020-01-21 11:10:07.928221 | > DO_CALL (0.001s wait)
.2020-01-21 11:10:07.934406 | eval'd: drake::cmq_buildtargetmetadepsspecht_is_subtargetconfig
2020-01-21 11:10:11.397042 | > DO_CALL (0.000s wait)
.2020-01-21 11:10:11.401643 | eval'd: drake::cmq_buildtargetmetadepsspecht_is_subtargetconfig
2020-01-21 11:10:16.689072 | > DO_CALL (0.000s wait)
.2020-01-21 11:10:16.711538 | eval'd: drake::cmq_buildtargetmetadepsspecht_is_subtargetconfig
2020-01-21 11:10:20.186971 | > DO_CALL (0.000s wait)
.2020-01-21 11:10:20.193833 | eval'd: drake::cmq_buildtargetmetadepsspecht_is_subtargetconfig
2020-01-21 11:10:23.773967 | > DO_CALL (0.000s wait)
.2020-01-21 11:10:23.779693 | eval'd: drake::cmq_buildtargetmetadepsspecht_is_subtargetconfig
2020-01-21 11:10:27.235890 | > DO_CALL (0.000s wait)
.2020-01-21 11:10:27.241930 | eval'd: drake::cmq_buildtargetmetadepsspecht_is_subtargetconfig
2020-01-21 11:10:30.790969 | > DO_CALL (0.000s wait)
.2020-01-21 11:10:30.795656 | eval'd: drake::cmq_buildtargetmetadepsspecht_is_subtargetconfig
2020-01-21 11:10:34.434017 | > DO_CALL (0.000s wait)
.2020-01-21 11:10:34.438735 | eval'd: drake::cmq_buildtargetmetadepsspecht_is_subtargetconfig
2020-01-21 11:10:37.986057 | > DO_CALL (0.000s wait)
.2020-01-21 11:10:37.990551 | eval'd: drake::cmq_buildtargetmetadepsspecht_is_subtargetconfig
2020-01-21 11:10:41.671143 | > DO_CALL (0.001s wait)
.2020-01-21 11:10:41.678184 | eval'd: drake::cmq_buildtargetmetadepsspecht_is_subtargetconfig
2020-01-21 11:10:45.239483 | > DO_CALL (0.000s wait)
.2020-01-21 11:10:45.244753 | eval'd: drake::cmq_buildtargetmetadepsspecht_is_subtargetconfig
2020-01-21 11:10:48.801992 | > DO_CALL (0.000s wait)
.2020-01-21 11:10:48.806591 | eval'd: drake::cmq_buildtargetmetadepsspecht_is_subtargetconfig
2020-01-21 11:10:52.278461 | > DO_CALL (0.001s wait)
.2020-01-21 11:10:52.283549 | eval'd: drake::cmq_buildtargetmetadepsspecht_is_subtargetconfig
2020-01-21 11:10:56.682981 | > DO_CALL (0.000s wait)
.2020-01-21 11:10:56.687876 | eval'd: drake::cmq_buildtargetmetadepsspecht_is_subtargetconfig
2020-01-21 11:11:00.906983 | > DO_CALL (0.000s wait)
.2020-01-21 11:11:00.913327 | eval'd: drake::cmq_buildtargetmetadepsspecht_is_subtargetconfig
2020-01-21 11:11:04.612022 | > DO_CALL (0.000s wait)
.2020-01-21 11:11:04.618415 | eval'd: drake::cmq_buildtargetmetadepsspecht_is_subtargetconfig
2020-01-21 11:11:08.262444 | > DO_CALL (0.001s wait)
.2020-01-21 11:11:08.267475 | eval'd: drake::cmq_buildtargetmetadepsspecht_is_subtargetconfig
2020-01-21 11:11:11.731726 | > DO_CALL (0.001s wait)
.2020-01-21 11:11:11.737079 | eval'd: drake::cmq_buildtargetmetadepsspecht_is_subtargetconfig
2020-01-21 11:11:15.969961 | > DO_CALL (0.000s wait)
.2020-01-21 11:11:15.976209 | eval'd: drake::cmq_buildtargetmetadepsspecht_is_subtargetconfig
2020-01-21 11:11:20.988474 | > DO_CALL (0.001s wait)
.2020-01-21 11:11:20.993993 | eval'd: drake::cmq_buildtargetmetadepsspecht_is_subtargetconfig
2020-01-21 11:11:24.508990 | > DO_CALL (0.000s wait)
.2020-01-21 11:11:24.514651 | eval'd: drake::cmq_buildtargetmetadepsspecht_is_subtargetconfig
2020-01-21 11:11:28.038066 | > DO_CALL (0.000s wait)
.2020-01-21 11:11:28.046504 | eval'd: drake::cmq_buildtargetmetadepsspecht_is_subtargetconfig
2020-01-21 11:11:31.543904 | > DO_CALL (0.000s wait)
.2020-01-21 11:11:31.548144 | eval'd: drake::cmq_buildtargetmetadepsspecht_is_subtargetconfig
2020-01-21 11:11:35.227517 | > DO_CALL (0.001s wait)
.2020-01-21 11:11:35.233373 | eval'd: drake::cmq_buildtargetmetadepsspecht_is_subtargetconfig
2020-01-21 11:11:38.989451 | > DO_CALL (0.001s wait)
.2020-01-21 11:11:38.995888 | eval'd: drake::cmq_buildtargetmetadepsspecht_is_subtargetconfig
2020-01-21 11:11:42.693756 | > DO_CALL (0.001s wait)
.2020-01-21 11:11:42.700975 | eval'd: drake::cmq_buildtargetmetadepsspecht_is_subtargetconfig
2020-01-21 11:11:46.393997 | > DO_CALL (0.000s wait)
.2020-01-21 11:11:46.398960 | eval'd: drake::cmq_buildtargetmetadepsspecht_is_subtargetconfig
2020-01-21 11:11:49.941956 | > DO_CALL (0.000s wait)
.2020-01-21 11:11:49.947570 | eval'd: drake::cmq_buildtargetmetadepsspecht_is_subtargetconfig
2020-01-21 11:11:53.445917 | > DO_CALL (0.000s wait)
.2020-01-21 11:11:53.450325 | eval'd: drake::cmq_buildtargetmetadepsspecht_is_subtargetconfig
2020-01-21 11:11:57.762277 | > DO_CALL (0.001s wait)
.2020-01-21 11:11:57.767386 | eval'd: drake::cmq_buildtargetmetadepsspecht_is_subtargetconfig
2020-01-21 11:12:01.257034 | > DO_CALL (0.000s wait)
.2020-01-21 11:12:01.263075 | eval'd: drake::cmq_buildtargetmetadepsspecht_is_subtargetconfig
2020-01-21 11:12:05.336671 | > DO_CALL (0.001s wait)
.2020-01-21 11:12:05.342545 | eval'd: drake::cmq_buildtargetmetadepsspecht_is_subtargetconfig
2020-01-21 11:12:08.845949 | > DO_CALL (0.000s wait)
.2020-01-21 11:12:08.850461 | eval'd: drake::cmq_buildtargetmetadepsspecht_is_subtargetconfig
2020-01-21 11:12:12.341983 | > DO_CALL (0.000s wait)
.2020-01-21 11:12:12.347511 | eval'd: drake::cmq_buildtargetmetadepsspecht_is_subtargetconfig
2020-01-21 11:12:15.811010 | > DO_CALL (0.000s wait)
.2020-01-21 11:12:15.815964 | eval'd: drake::cmq_buildtargetmetadepsspecht_is_subtargetconfig
2020-01-21 11:12:21.177008 | > DO_CALL (0.000s wait)
.2020-01-21 11:12:21.184180 | eval'd: drake::cmq_buildtargetmetadepsspecht_is_subtargetconfig
2020-01-21 11:12:24.555916 | > DO_CALL (0.000s wait)
.2020-01-21 11:12:24.562425 | eval'd: drake::cmq_buildtargetmetadepsspecht_is_subtargetconfig
2020-01-21 11:12:28.044881 | > DO_CALL (0.000s wait)
.2020-01-21 11:12:28.052195 | eval'd: drake::cmq_buildtargetmetadepsspecht_is_subtargetconfig
2020-01-21 11:12:32.496949 | > DO_CALL (0.000s wait)
.2020-01-21 11:12:32.506345 | eval'd: drake::cmq_buildtargetmetadepsspecht_is_subtargetconfig
2020-01-21 11:12:36.034854 | > DO_CALL (0.000s wait)
.2020-01-21 11:12:36.039639 | eval'd: drake::cmq_buildtargetmetadepsspecht_is_subtargetconfig
2020-01-21 11:12:39.475916 | > DO_CALL (0.000s wait)
.2020-01-21 11:12:39.481697 | eval'd: drake::cmq_buildtargetmetadepsspecht_is_subtargetconfig
2020-01-21 11:12:43.013190 | > DO_CALL (0.001s wait)
.2020-01-21 11:12:43.018290 | eval'd: drake::cmq_buildtargetmetadepsspecht_is_subtargetconfig
2020-01-21 11:12:46.472501 | > DO_CALL (0.001s wait)
.2020-01-21 11:12:46.478941 | eval'd: drake::cmq_buildtargetmetadepsspecht_is_subtargetconfig
2020-01-21 11:12:50.007053 | > DO_CALL (0.000s wait)
.2020-01-21 11:12:50.012324 | eval'd: drake::cmq_buildtargetmetadepsspecht_is_subtargetconfig
2020-01-21 11:12:53.531885 | > DO_CALL (0.000s wait)
.2020-01-21 11:12:53.539377 | eval'd: drake::cmq_buildtargetmetadepsspecht_is_subtargetconfig
2020-01-21 11:12:57.065251 | > DO_CALL (0.001s wait)
.2020-01-21 11:12:57.070078 | eval'd: drake::cmq_buildtargetmetadepsspecht_is_subtargetconfig
2020-01-21 11:13:00.638239 | > DO_CALL (0.001s wait)
.2020-01-21 11:13:00.644994 | eval'd: drake::cmq_buildtargetmetadepsspecht_is_subtargetconfig
2020-01-21 11:13:03.806047 | > DO_CALL (0.000s wait)
.2020-01-21 11:13:03.810684 | eval'd: drake::cmq_buildtargetmetadepsspecht_is_subtargetconfig
2020-01-21 11:13:07.772819 | > DO_CALL (0.000s wait)
.2020-01-21 11:13:07.778817 | eval'd: drake::cmq_buildtargetmetadepsspecht_is_subtargetconfig
2020-01-21 11:13:11.406062 | > DO_CALL (0.000s wait)
.2020-01-21 11:13:11.411946 | eval'd: drake::cmq_buildtargetmetadepsspecht_is_subtargetconfig
2020-01-21 11:13:15.054090 | > DO_CALL (0.001s wait)
.2020-01-21 11:13:15.059279 | eval'd: drake::cmq_buildtargetmetadepsspecht_is_subtargetconfig
2020-01-21 11:13:18.657043 | > DO_CALL (0.000s wait)
.2020-01-21 11:13:18.661601 | eval'd: drake::cmq_buildtargetmetadepsspecht_is_subtargetconfig
2020-01-21 11:13:23.783038 | > DO_CALL (0.000s wait)
.2020-01-21 11:13:23.787903 | eval'd: drake::cmq_buildtargetmetadepsspecht_is_subtargetconfig
2020-01-21 11:13:27.278061 | > DO_CALL (0.000s wait)
.2020-01-21 11:13:27.283132 | eval'd: drake::cmq_buildtargetmetadepsspecht_is_subtargetconfig
2020-01-21 11:13:30.828983 | > DO_CALL (0.000s wait)
.2020-01-21 11:13:30.834005 | eval'd: drake::cmq_buildtargetmetadepsspecht_is_subtargetconfig
2020-01-21 11:13:34.367188 | > DO_CALL (0.001s wait)
.2020-01-21 11:13:34.371899 | eval'd: drake::cmq_buildtargetmetadepsspecht_is_subtargetconfig
2020-01-21 11:13:37.837638 | > DO_CALL (0.001s wait)
.2020-01-21 11:13:37.843439 | eval'd: drake::cmq_buildtargetmetadepsspecht_is_subtargetconfig
2020-01-21 11:13:41.327939 | > DO_CALL (0.000s wait)
.2020-01-21 11:13:41.332278 | eval'd: drake::cmq_buildtargetmetadepsspecht_is_subtargetconfig
2020-01-21 11:13:45.567249 | > DO_CALL (0.001s wait)
.2020-01-21 11:13:45.573549 | eval'd: drake::cmq_buildtargetmetadepsspecht_is_subtargetconfig
2020-01-21 11:13:49.069857 | > DO_CALL (0.000s wait)
.2020-01-21 11:13:49.074165 | eval'd: drake::cmq_buildtargetmetadepsspecht_is_subtargetconfig
2020-01-21 11:13:52.601911 | > DO_CALL (0.000s wait)
.2020-01-21 11:13:52.608111 | eval'd: drake::cmq_buildtargetmetadepsspecht_is_subtargetconfig
2020-01-21 11:13:56.224967 | > DO_CALL (0.000s wait)
.2020-01-21 11:13:56.230129 | eval'd: drake::cmq_buildtargetmetadepsspecht_is_subtargetconfig
2020-01-21 11:13:59.630131 | > DO_CALL (0.001s wait)
.2020-01-21 11:13:59.635152 | eval'd: drake::cmq_buildtargetmetadepsspecht_is_subtargetconfig
2020-01-21 11:14:03.125584 | > DO_CALL (0.001s wait)
.2020-01-21 11:14:03.130931 | eval'd: drake::cmq_buildtargetmetadepsspecht_is_subtargetconfig
2020-01-21 11:14:06.623396 | > DO_CALL (0.001s wait)
.2020-01-21 11:14:06.630821 | eval'd: drake::cmq_buildtargetmetadepsspecht_is_subtargetconfig
2020-01-21 11:14:10.693042 | > DO_CALL (0.000s wait)
.2020-01-21 11:14:10.697798 | eval'd: drake::cmq_buildtargetmetadepsspecht_is_subtargetconfig
2020-01-21 11:14:14.048915 | > DO_CALL (0.000s wait)
.2020-01-21 11:14:14.053270 | eval'd: drake::cmq_buildtargetmetadepsspecht_is_subtargetconfig
2020-01-21 11:14:17.487330 | > DO_CALL (0.001s wait)
.2020-01-21 11:14:17.492661 | eval'd: drake::cmq_buildtargetmetadepsspecht_is_subtargetconfig
2020-01-21 11:14:20.914235 | > DO_CALL (0.001s wait)
.2020-01-21 11:14:20.918996 | eval'd: drake::cmq_buildtargetmetadepsspecht_is_subtargetconfig
2020-01-21 11:14:27.085230 | > DO_CALL (0.001s wait)
.
2020-01-21 11:14:27.091277 | eval'd: drake::cmq_buildtargetmetadepsspecht_is_subtargetconfig
2020-01-21 11:14:30.786011 | > DO_CALL (0.000s wait)
.2020-01-21 11:14:30.790442 | eval'd: drake::cmq_buildtargetmetadepsspecht_is_subtargetconfig
2020-01-21 11:14:34.283491 | > DO_CALL (0.001s wait)
.2020-01-21 11:14:34.288646 | eval'd: drake::cmq_buildtargetmetadepsspecht_is_subtargetconfig
2020-01-21 11:14:37.792948 | > DO_CALL (0.000s wait)
.2020-01-21 11:14:37.797934 | eval'd: drake::cmq_buildtargetmetadepsspecht_is_subtargetconfig
2020-01-21 11:14:41.257954 | > DO_CALL (0.000s wait)
.2020-01-21 11:14:41.263861 | eval'd: drake::cmq_buildtargetmetadepsspecht_is_subtargetconfig
2020-01-21 11:14:44.716670 | > DO_CALL (0.001s wait)
.2020-01-21 11:14:44.722426 | eval'd: drake::cmq_buildtargetmetadepsspecht_is_subtargetconfig
2020-01-21 11:14:48.098035 | > DO_CALL (0.000s wait)
.2020-01-21 11:14:48.103958 | eval'd: drake::cmq_buildtargetmetadepsspecht_is_subtargetconfig
2020-01-21 11:14:51.473732 | > DO_CALL (0.001s wait)
.2020-01-21 11:14:51.479958 | eval'd: drake::cmq_buildtargetmetadepsspecht_is_subtargetconfig
2020-01-21 11:14:54.909552 | > DO_CALL (0.001s wait)
.2020-01-21 11:14:54.914882 | eval'd: drake::cmq_buildtargetmetadepsspecht_is_subtargetconfig
2020-01-21 11:14:58.403184 | > DO_CALL (0.001s wait)
.2020-01-21 11:14:58.426734 | eval'd: drake::cmq_buildtargetmetadepsspecht_is_subtargetconfig
2020-01-21 11:15:01.761301 | > DO_CALL (0.001s wait)
.2020-01-21 11:15:01.769026 | eval'd: drake::cmq_buildtargetmetadepsspecht_is_subtargetconfig
2020-01-21 11:15:05.136597 | > DO_CALL (0.001s wait)
.2020-01-21 11:15:05.143080 | eval'd: drake::cmq_buildtargetmetadepsspecht_is_subtargetconfig
2020-01-21 11:15:08.566976 | > DO_CALL (0.000s wait)
.2020-01-21 11:15:08.571362 | eval'd: drake::cmq_buildtargetmetadepsspecht_is_subtargetconfig
2020-01-21 11:15:12.659134 | > DO_CALL (0.001s wait)
.2020-01-21 11:15:12.664069 | eval'd: drake::cmq_buildtargetmetadepsspecht_is_subtargetconfig
2020-01-21 11:15:16.297961 | > DO_CALL (0.000s wait)
.2020-01-21 11:15:16.302868 | eval'd: drake::cmq_buildtargetmetadepsspecht_is_subtargetconfig
2020-01-21 11:15:20.477845 | > DO_CALL (0.000s wait)
.2020-01-21 11:15:20.483540 | eval'd: drake::cmq_buildtargetmetadepsspecht_is_subtargetconfig
2020-01-21 11:15:23.882963 | > DO_CALL (0.000s wait)
.2020-01-21 11:15:23.887303 | eval'd: drake::cmq_buildtargetmetadepsspecht_is_subtargetconfig
2020-01-21 11:15:28.099186 | > DO_CALL (0.001s wait)
.2020-01-21 11:15:28.104799 | eval'd: drake::cmq_buildtargetmetadepsspecht_is_subtargetconfig
2020-01-21 11:15:32.825662 | > DO_CALL (0.001s wait)
.2020-01-21 11:15:32.833745 | eval'd: drake::cmq_buildtargetmetadepsspecht_is_subtargetconfig
2020-01-21 11:15:36.183737 | > DO_CALL (0.000s wait)
.2020-01-21 11:15:36.190366 | eval'd: drake::cmq_buildtargetmetadepsspecht_is_subtargetconfig
2020-01-21 11:15:39.662030 | > DO_CALL (0.000s wait)
.2020-01-21 11:15:39.666560 | eval'd: drake::cmq_buildtargetmetadepsspecht_is_subtargetconfig
2020-01-21 11:15:43.163999 | > DO_CALL (0.000s wait)
.2020-01-21 11:15:43.168560 | eval'd: drake::cmq_buildtargetmetadepsspecht_is_subtargetconfig
2020-01-21 11:15:46.609933 | > DO_CALL (0.000s wait)
.2020-01-21 11:15:46.615926 | eval'd: drake::cmq_buildtargetmetadepsspecht_is_subtargetconfig
2020-01-21 11:15:50.925664 | > DO_CALL (0.001s wait)
.2020-01-21 11:15:50.930922 | eval'd: drake::cmq_buildtargetmetadepsspecht_is_subtargetconfig
2020-01-21 11:15:54.295064 | > DO_CALL (0.000s wait)
.2020-01-21 11:15:54.299551 | eval'd: drake::cmq_buildtargetmetadepsspecht_is_subtargetconfig
2020-01-21 11:15:57.576872 | > DO_CALL (0.000s wait)
.2020-01-21 11:15:57.582977 | eval'd: drake::cmq_buildtargetmetadepsspecht_is_subtargetconfig
2020-01-21 11:16:00.953876 | > DO_CALL (0.000s wait)
.2020-01-21 11:16:00.958164 | eval'd: drake::cmq_buildtargetmetadepsspecht_is_subtargetconfig
2020-01-21 11:16:04.346316 | > DO_CALL (0.001s wait)
.2020-01-21 11:16:04.351334 | eval'd: drake::cmq_buildtargetmetadepsspecht_is_subtargetconfig
2020-01-21 11:16:07.587413 | > DO_CALL (0.001s wait)
.2020-01-21 11:16:07.593024 | eval'd: drake::cmq_buildtargetmetadepsspecht_is_subtargetconfig
2020-01-21 11:16:11.120009 | > DO_CALL (0.000s wait)
.2020-01-21 11:16:11.124716 | eval'd: drake::cmq_buildtargetmetadepsspecht_is_subtargetconfig
2020-01-21 11:16:14.524913 | > DO_CALL (0.000s wait)
.2020-01-21 11:16:14.529203 | eval'd: drake::cmq_buildtargetmetadepsspecht_is_subtargetconfig
2020-01-21 11:16:18.318726 | > DO_CALL (0.001s wait)
.2020-01-21 11:16:18.324108 | eval'd: drake::cmq_buildtargetmetadepsspecht_is_subtargetconfig
2020-01-21 11:16:21.791736 | > DO_CALL (0.000s wait)
.2020-01-21 11:16:21.797082 | eval'd: drake::cmq_buildtargetmetadepsspecht_is_subtargetconfig
2020-01-21 11:16:25.136048 | > DO_CALL (0.000s wait)
.2020-01-21 11:16:25.144297 | eval'd: drake::cmq_buildtargetmetadepsspecht_is_subtargetconfig
2020-01-21 11:16:28.677958 | > DO_CALL (0.000s wait)
.2020-01-21 11:16:28.683909 | eval'd: drake::cmq_buildtargetmetadepsspecht_is_subtargetconfig
2020-01-21 11:16:33.685040 | > DO_CALL (0.000s wait)
.2020-01-21 11:16:33.689464 | eval'd: drake::cmq_buildtargetmetadepsspecht_is_subtargetconfig
2020-01-21 11:16:37.071925 | > DO_CALL (0.000s wait)
.2020-01-21 11:16:37.076828 | eval'd: drake::cmq_buildtargetmetadepsspecht_is_subtargetconfig
2020-01-21 11:16:41.316855 | > DO_CALL (0.000s wait)
.2020-01-21 11:16:41.323372 | eval'd: drake::cmq_buildtargetmetadepsspecht_is_subtargetconfig
2020-01-21 11:16:44.748282 | > DO_CALL (0.001s wait)
.2020-01-21 11:16:44.754507 | eval'd: drake::cmq_buildtargetmetadepsspecht_is_subtargetconfig
2020-01-21 11:16:48.095287 | > DO_CALL (0.001s wait)
.2020-01-21 11:16:48.100171 | eval'd: drake::cmq_buildtargetmetadepsspecht_is_subtargetconfig
2020-01-21 11:16:51.566066 | > DO_CALL (0.000s wait)
.2020-01-21 11:16:51.572986 | eval'd: drake::cmq_buildtargetmetadepsspecht_is_subtargetconfig
2020-01-21 11:16:55.029038 | > DO_CALL (0.000s wait)
.2020-01-21 11:16:55.034730 | eval'd: drake::cmq_buildtargetmetadepsspecht_is_subtargetconfig
2020-01-21 11:16:58.406675 | > DO_CALL (0.001s wait)
.2020-01-21 11:16:58.411978 | eval'd: drake::cmq_buildtargetmetadepsspecht_is_subtargetconfig
2020-01-21 11:18:20.021755 | > WORKER_WAIT (0.000s wait)
2020-01-21 11:18:20.022755 | waiting 2.50s
2020-01-21 11:19:42.086736 | > WORKER_WAIT (0.000s wait)
2020-01-21 11:19:42.089766 | waiting 2.50s
Error in clustermq:::worker("tcp://c24a-s1:7958") : 
  Timeout reached, terminating
Execution halted
