2020-01-20 14:26:16.930074 | Master: tcp://c23a-s23:7746
2020-01-20 14:26:16.951067 | WORKER_UP to: tcp://c23a-s23:7746
2020-01-20 14:26:19.469535 | > DO_SETUP (2.489s wait)
2020-01-20 14:26:19.470103 | token from msg: set_common_data_token
2020-01-20 14:27:19.933966 | > DO_CALL (24.813s wait)
.* Option 'clustermq.scheduler' not set, defaulting to ‘SLURM’
--- see: https://mschubert.github.io/clustermq/articles/userguide.html#configuration
2020-01-20 14:27:32.406221 | eval'd: drake::cmq_buildtargetmetadepsspecht_is_subtargetconfig
2020-01-20 14:28:03.819169 | > DO_CALL (5.683s wait)
.2020-01-20 14:28:17.603194 | eval'd: drake::cmq_buildtargetmetadepsspecht_is_subtargetconfig
2020-01-20 14:28:51.350299 | > DO_CALL (5.519s wait)
.2020-01-20 14:29:10.890127 | eval'd: drake::cmq_buildtargetmetadepsspecht_is_subtargetconfig
2020-01-20 14:29:48.386978 | > DO_CALL (5.605s wait)
.2020-01-20 14:29:56.440293 | eval'd: drake::cmq_buildtargetmetadepsspecht_is_subtargetconfig
2020-01-20 14:30:45.138206 | > DO_CALL (5.582s wait)
.2020-01-20 14:31:11.723437 | eval'd: drake::cmq_buildtargetmetadepsspecht_is_subtargetconfig
2020-01-20 14:31:49.133783 | > DO_CALL (5.593s wait)
.2020-01-20 14:31:54.743265 | eval'd: drake::cmq_buildtargetmetadepsspecht_is_subtargetconfig
2020-01-20 14:32:49.550101 | > DO_CALL (5.636s wait)
.2020-01-20 14:33:08.350465 | eval'd: drake::cmq_buildtargetmetadepsspecht_is_subtargetconfig
2020-01-20 14:33:46.491443 | > DO_CALL (5.592s wait)
.2020-01-20 14:34:00.681784 | eval'd: drake::cmq_buildtargetmetadepsspecht_is_subtargetconfig
2020-01-20 14:34:40.553054 | > DO_CALL (5.654s wait)
.2020-01-20 14:34:58.746609 | eval'd: drake::cmq_buildtargetmetadepsspecht_is_subtargetconfig
2020-01-20 14:35:41.201423 | > DO_CALL (5.334s wait)
.2020-01-20 14:35:50.928820 | eval'd: drake::cmq_buildtargetmetadepsspecht_is_subtargetconfig
2020-01-20 14:36:35.369845 | > DO_CALL (5.723s wait)
.2020-01-20 14:36:39.700483 | eval'd: drake::cmq_buildtargetmetadepsspecht_is_subtargetconfig
2020-01-20 14:37:38.263564 | > DO_CALL (7.487s wait)
.2020-01-20 14:37:55.034583 | eval'd: drake::cmq_buildtargetmetadepsspecht_is_subtargetconfig
2020-01-20 14:38:41.133600 | > DO_CALL (5.739s wait)
.2020-01-20 14:39:57.002845 | eval'd: drake::cmq_buildtargetmetadepsspecht_is_subtargetconfig
2020-01-20 14:40:24.991916 | > DO_CALL (5.686s wait)
.2020-01-20 14:40:28.313894 | eval'd: drake::cmq_buildtargetmetadepsspecht_is_subtargetconfig
2020-01-20 14:41:23.291283 | > DO_CALL (5.811s wait)
.2020-01-20 14:41:28.537654 | eval'd: drake::cmq_buildtargetmetadepsspecht_is_subtargetconfig
2020-01-20 14:41:46.291911 | > DO_CALL (6.278s wait)
.2020-01-20 14:43:37.114118 | eval'd: drake::cmq_buildtargetmetadepsspecht_is_subtargetconfig
2020-01-20 14:44:07.132649 | > DO_CALL (5.556s wait)
.2020-01-20 14:44:32.216371 | eval'd: drake::cmq_buildtargetmetadepsspecht_is_subtargetconfig
2020-01-20 14:45:12.477406 | > DO_CALL (5.599s wait)
.2020-01-20 14:45:28.826290 | eval'd: drake::cmq_buildtargetmetadepsspecht_is_subtargetconfig
2020-01-20 14:46:14.699970 | > DO_CALL (5.626s wait)
.2020-01-20 14:46:43.420400 | eval'd: drake::cmq_buildtargetmetadepsspecht_is_subtargetconfig
2020-01-20 14:47:19.263580 | > DO_CALL (5.522s wait)
.2020-01-20 14:47:23.666643 | eval'd: drake::cmq_buildtargetmetadepsspecht_is_subtargetconfig
2020-01-20 14:47:24.720354 | > DO_CALL (0.011s wait)
.2020-01-20 14:47:25.123509 | eval'd: drake::cmq_buildtargetmetadepsspecht_is_subtargetconfig
2020-01-20 14:47:26.144692 | > DO_CALL (0.008s wait)
.2020-01-20 14:47:29.043624 | eval'd: drake::cmq_buildtargetmetadepsspecht_is_subtargetconfig
2020-01-20 14:47:29.871936 | > DO_CALL (0.007s wait)
.2020-01-20 14:47:30.258225 | eval'd: drake::cmq_buildtargetmetadepsspecht_is_subtargetconfig
2020-01-20 14:47:31.334979 | > DO_CALL (0.009s wait)
.2020-01-20 14:47:31.727024 | eval'd: drake::cmq_buildtargetmetadepsspecht_is_subtargetconfig
2020-01-20 14:47:33.021324 | > DO_CALL (0.017s wait)
.2020-01-20 14:47:34.095765 | eval'd: drake::cmq_buildtargetmetadepsspecht_is_subtargetconfig
2020-01-20 14:47:34.824713 | > DO_CALL (0.007s wait)
.2020-01-20 14:47:35.163229 | eval'd: drake::cmq_buildtargetmetadepsspecht_is_subtargetconfig
2020-01-20 14:47:37.399365 | > DO_CALL (0.022s wait)
.2020-01-20 14:47:37.798578 | eval'd: drake::cmq_buildtargetmetadepsspecht_is_subtargetconfig
2020-01-20 14:47:38.832963 | > DO_CALL (0.001s wait)
.2020-01-20 14:47:38.868512 | eval'd: drake::cmq_buildtargetmetadepsspecht_is_subtargetconfig
2020-01-20 14:47:40.344174 | > DO_CALL (0.020s wait)
.2020-01-20 14:47:40.768254 | eval'd: drake::cmq_buildtargetmetadepsspecht_is_subtargetconfig
2020-01-20 14:47:41.826000 | > DO_CALL (0.006s wait)
.2020-01-20 14:47:42.931375 | eval'd: drake::cmq_buildtargetmetadepsspecht_is_subtargetconfig
2020-01-20 14:47:43.682479 | > DO_CALL (0.030s wait)
.2020-01-20 14:47:44.098039 | eval'd: drake::cmq_buildtargetmetadepsspecht_is_subtargetconfig
2020-01-20 14:47:45.926337 | > DO_CALL (0.004s wait)
.2020-01-20 14:47:46.263020 | eval'd: drake::cmq_buildtargetmetadepsspecht_is_subtargetconfig
2020-01-20 14:47:47.573304 | > DO_CALL (0.007s wait)
.2020-01-20 14:47:48.651278 | eval'd: drake::cmq_buildtargetmetadepsspecht_is_subtargetconfig
2020-01-20 14:47:49.323051 | > DO_CALL (0.004s wait)
.2020-01-20 14:47:49.665483 | eval'd: drake::cmq_buildtargetmetadepsspecht_is_subtargetconfig
2020-01-20 14:47:50.838947 | > DO_CALL (0.007s wait)
.2020-01-20 14:47:51.190025 | eval'd: drake::cmq_buildtargetmetadepsspecht_is_subtargetconfig
2020-01-20 14:47:53.203010 | > DO_CALL (0.010s wait)
.2020-01-20 14:47:53.573608 | eval'd: drake::cmq_buildtargetmetadepsspecht_is_subtargetconfig
2020-01-20 14:47:54.918205 | > DO_CALL (0.012s wait)
.2020-01-20 14:47:55.987725 | eval'd: drake::cmq_buildtargetmetadepsspecht_is_subtargetconfig
2020-01-20 14:47:56.169727 | > DO_CALL (0.001s wait)
.2020-01-20 14:47:56.176139 | eval'd: drake::cmq_buildtargetmetadepsspecht_is_subtargetconfig
2020-01-20 14:47:56.324976 | > DO_CALL (0.001s wait)
.2020-01-20 14:47:58.736201 | eval'd: drake::cmq_buildtargetmetadepsspecht_is_subtargetconfig
2020-01-20 14:47:58.821753 | > DO_CALL (0.001s wait)
.2020-01-20 14:47:58.827872 | eval'd: drake::cmq_buildtargetmetadepsspecht_is_subtargetconfig
2020-01-20 14:47:58.962077 | > DO_CALL (0.001s wait)
.2020-01-20 14:47:58.968029 | eval'd: drake::cmq_buildtargetmetadepsspecht_is_subtargetconfig
2020-01-20 14:47:59.160652 | > DO_CALL (0.001s wait)
.2020-01-20 14:47:59.166647 | eval'd: drake::cmq_buildtargetmetadepsspecht_is_subtargetconfig
2020-01-20 14:48:00.508190 | > DO_CALL (0.001s wait)
.2020-01-20 14:48:00.514197 | eval'd: drake::cmq_buildtargetmetadepsspecht_is_subtargetconfig
2020-01-20 14:48:01.222296 | > DO_CALL (0.001s wait)
.2020-01-20 14:48:01.228512 | eval'd: drake::cmq_buildtargetmetadepsspecht_is_subtargetconfig
2020-01-20 14:48:02.081010 | > DO_CALL (0.000s wait)
.2020-01-20 14:48:02.085660 | eval'd: drake::cmq_buildtargetmetadepsspecht_is_subtargetconfig
2020-01-20 14:48:02.900934 | > DO_CALL (0.001s wait)
.2020-01-20 14:48:02.906995 | eval'd: drake::cmq_buildtargetmetadepsspecht_is_subtargetconfig
2020-01-20 14:48:03.761895 | > DO_CALL (0.001s wait)
.2020-01-20 14:48:03.767915 | eval'd: drake::cmq_buildtargetmetadepsspecht_is_subtargetconfig
2020-01-20 14:48:05.278216 | > DO_CALL (0.001s wait)
.2020-01-20 14:48:05.284284 | eval'd: drake::cmq_buildtargetmetadepsspecht_is_subtargetconfig
2020-01-20 14:48:06.145287 | > DO_CALL (0.001s wait)
.2020-01-20 14:48:06.151431 | eval'd: drake::cmq_buildtargetmetadepsspecht_is_subtargetconfig
2020-01-20 14:48:07.041059 | > DO_CALL (0.001s wait)
.2020-01-20 14:48:07.047128 | eval'd: drake::cmq_buildtargetmetadepsspecht_is_subtargetconfig
2020-01-20 14:48:07.901920 | > DO_CALL (0.000s wait)
.2020-01-20 14:48:07.906448 | eval'd: drake::cmq_buildtargetmetadepsspecht_is_subtargetconfig
2020-01-20 14:48:09.337381 | > DO_CALL (0.000s wait)
.2020-01-20 14:48:09.343490 | eval'd: drake::cmq_buildtargetmetadepsspecht_is_subtargetconfig
2020-01-20 14:48:10.142448 | > DO_CALL (0.000s wait)
.2020-01-20 14:48:10.148638 | eval'd: drake::cmq_buildtargetmetadepsspecht_is_subtargetconfig
2020-01-20 14:48:10.954819 | > DO_CALL (0.001s wait)
.2020-01-20 14:48:10.960886 | eval'd: drake::cmq_buildtargetmetadepsspecht_is_subtargetconfig
2020-01-20 14:48:11.777132 | > DO_CALL (0.000s wait)
.2020-01-20 14:48:11.781513 | eval'd: drake::cmq_buildtargetmetadepsspecht_is_subtargetconfig
2020-01-20 14:48:12.614748 | > DO_CALL (0.001s wait)
.2020-01-20 14:48:12.620417 | eval'd: drake::cmq_buildtargetmetadepsspecht_is_subtargetconfig
2020-01-20 14:48:14.058188 | > DO_CALL (0.001s wait)
.2020-01-20 14:48:14.064445 | eval'd: drake::cmq_buildtargetmetadepsspecht_is_subtargetconfig
2020-01-20 14:48:14.907323 | > DO_CALL (0.000s wait)
.2020-01-20 14:48:14.913397 | eval'd: drake::cmq_buildtargetmetadepsspecht_is_subtargetconfig
2020-01-20 14:48:15.735662 | > DO_CALL (0.001s wait)
.2020-01-20 14:48:15.741728 | eval'd: drake::cmq_buildtargetmetadepsspecht_is_subtargetconfig
2020-01-20 14:48:16.600544 | > DO_CALL (0.000s wait)
.
2020-01-20 14:48:16.606924 | eval'd: drake::cmq_buildtargetmetadepsspecht_is_subtargetconfig
2020-01-20 14:48:17.416309 | > DO_CALL (0.000s wait)
.2020-01-20 14:48:17.422342 | eval'd: drake::cmq_buildtargetmetadepsspecht_is_subtargetconfig
2020-01-20 14:48:18.838816 | > WORKER_WAIT (0.000s wait)
2020-01-20 14:48:18.839284 | waiting 1.00s
2020-01-20 14:48:19.840852 | > WORKER_WAIT (0.000s wait)
2020-01-20 14:48:19.841390 | waiting 1.00s
2020-01-20 14:48:20.843791 | > WORKER_WAIT (0.000s wait)
2020-01-20 14:48:20.844309 | waiting 1.00s
2020-01-20 14:48:21.846797 | > WORKER_WAIT (0.000s wait)
2020-01-20 14:48:21.847268 | waiting 1.00s
2020-01-20 14:48:22.849796 | > WORKER_WAIT (0.000s wait)
2020-01-20 14:48:22.850292 | waiting 1.00s
2020-01-20 14:48:23.852679 | > WORKER_WAIT (0.000s wait)
2020-01-20 14:48:23.853136 | waiting 1.00s
2020-01-20 14:48:24.855626 | > WORKER_WAIT (0.000s wait)
2020-01-20 14:48:24.856150 | waiting 1.00s
2020-01-20 14:48:25.858621 | > WORKER_WAIT (0.000s wait)
2020-01-20 14:48:25.859110 | waiting 1.00s
2020-01-20 14:48:26.860875 | > WORKER_WAIT (0.000s wait)
2020-01-20 14:48:26.861376 | waiting 1.00s
2020-01-20 14:48:27.862886 | > WORKER_WAIT (0.000s wait)
2020-01-20 14:48:27.863377 | waiting 1.00s
2020-01-20 14:48:28.865834 | > WORKER_WAIT (0.000s wait)
2020-01-20 14:48:28.866286 | waiting 1.00s
2020-01-20 14:48:29.868717 | > WORKER_WAIT (0.000s wait)
2020-01-20 14:48:29.869213 | waiting 1.00s
2020-01-20 14:48:30.871656 | > WORKER_WAIT (0.000s wait)
2020-01-20 14:48:30.872168 | waiting 1.00s
2020-01-20 14:48:31.873870 | > WORKER_WAIT (0.000s wait)
2020-01-20 14:48:31.874346 | waiting 1.00s
2020-01-20 14:48:32.875857 | > WORKER_WAIT (0.000s wait)
2020-01-20 14:48:32.876337 | waiting 1.00s
2020-01-20 14:48:33.878790 | > WORKER_WAIT (0.000s wait)
2020-01-20 14:48:33.879248 | waiting 1.00s
2020-01-20 14:48:34.880839 | > WORKER_WAIT (0.000s wait)
2020-01-20 14:48:34.881287 | waiting 1.00s
2020-01-20 14:48:35.883718 | > WORKER_WAIT (0.000s wait)
2020-01-20 14:48:35.884217 | waiting 1.00s
2020-01-20 14:48:36.886640 | > WORKER_WAIT (0.000s wait)
2020-01-20 14:48:36.887120 | waiting 1.00s
2020-01-20 14:48:37.889566 | > WORKER_WAIT (0.001s wait)
2020-01-20 14:48:37.890059 | waiting 1.00s
2020-01-20 14:48:38.892534 | > WORKER_WAIT (0.000s wait)
2020-01-20 14:48:38.893028 | waiting 1.00s
2020-01-20 14:48:39.895355 | > WORKER_WAIT (0.000s wait)
2020-01-20 14:48:39.895880 | waiting 1.00s
2020-01-20 14:48:40.898303 | > WORKER_WAIT (0.000s wait)
2020-01-20 14:48:40.898838 | waiting 1.00s
2020-01-20 14:48:41.901319 | > WORKER_WAIT (0.000s wait)
2020-01-20 14:48:41.901812 | waiting 1.00s
2020-01-20 14:48:42.904193 | > WORKER_WAIT (0.000s wait)
2020-01-20 14:48:42.904685 | waiting 1.00s
2020-01-20 14:48:43.907131 | > WORKER_WAIT (0.000s wait)
2020-01-20 14:48:43.907622 | waiting 1.00s
2020-01-20 14:48:44.909855 | > WORKER_WAIT (0.000s wait)
2020-01-20 14:48:44.910339 | waiting 1.00s
2020-01-20 14:48:45.912594 | > WORKER_WAIT (0.001s wait)
2020-01-20 14:48:45.913118 | waiting 1.00s
2020-01-20 14:48:46.915408 | > WORKER_WAIT (0.000s wait)
2020-01-20 14:48:46.915912 | waiting 1.00s
2020-01-20 14:48:47.918125 | > WORKER_WAIT (0.000s wait)
2020-01-20 14:48:47.918615 | waiting 1.00s
2020-01-20 14:48:48.920916 | > WORKER_WAIT (0.000s wait)
2020-01-20 14:48:48.921411 | waiting 1.00s
2020-01-20 14:48:49.923633 | > WORKER_WAIT (0.000s wait)
2020-01-20 14:48:49.924107 | waiting 1.00s
2020-01-20 14:48:50.926492 | > WORKER_WAIT (0.000s wait)
2020-01-20 14:48:50.926955 | waiting 1.00s
2020-01-20 14:48:51.929156 | > WORKER_WAIT (0.000s wait)
2020-01-20 14:48:51.929616 | waiting 1.00s
2020-01-20 14:48:52.931689 | > WORKER_WAIT (0.000s wait)
2020-01-20 14:48:52.932160 | waiting 1.00s
2020-01-20 14:48:53.933658 | > WORKER_WAIT (0.000s wait)
2020-01-20 14:48:53.934125 | waiting 1.00s
2020-01-20 14:48:54.936328 | > WORKER_WAIT (0.000s wait)
2020-01-20 14:48:54.936816 | waiting 1.00s
2020-01-20 14:48:55.939059 | > WORKER_WAIT (0.000s wait)
2020-01-20 14:48:55.939543 | waiting 1.00s
2020-01-20 14:48:56.941658 | > WORKER_WAIT (0.000s wait)
2020-01-20 14:48:56.942137 | waiting 1.00s
2020-01-20 14:48:57.944461 | > WORKER_WAIT (0.000s wait)
2020-01-20 14:48:57.944966 | waiting 1.00s
2020-01-20 14:48:58.947447 | > WORKER_WAIT (0.000s wait)
2020-01-20 14:48:58.947910 | waiting 1.00s
2020-01-20 14:48:59.950180 | > WORKER_WAIT (0.000s wait)
2020-01-20 14:48:59.950666 | waiting 1.00s
2020-01-20 14:49:00.952892 | > WORKER_WAIT (0.000s wait)
2020-01-20 14:49:00.953428 | waiting 1.00s
2020-01-20 14:49:01.973936 | > WORKER_WAIT (0.000s wait)
2020-01-20 14:49:01.974444 | waiting 1.00s
2020-01-20 14:49:03.000895 | > WORKER_WAIT (0.000s wait)
2020-01-20 14:49:03.001406 | waiting 1.00s
2020-01-20 14:49:04.002805 | > WORKER_WAIT (0.000s wait)
2020-01-20 14:49:04.003279 | waiting 1.00s
2020-01-20 14:49:05.018907 | > WORKER_WAIT (0.000s wait)
2020-01-20 14:49:05.019384 | waiting 1.00s
2020-01-20 14:49:06.020817 | > WORKER_WAIT (0.000s wait)
2020-01-20 14:49:06.021304 | waiting 1.00s
2020-01-20 14:49:07.022835 | > WORKER_WAIT (0.000s wait)
2020-01-20 14:49:07.023327 | waiting 1.00s
2020-01-20 14:49:08.025760 | > WORKER_WAIT (0.000s wait)
2020-01-20 14:49:08.026232 | waiting 1.00s
2020-01-20 14:49:09.028661 | > WORKER_WAIT (0.000s wait)
2020-01-20 14:49:09.029138 | waiting 1.00s
2020-01-20 14:49:10.031479 | > WORKER_WAIT (0.000s wait)
2020-01-20 14:49:10.031986 | waiting 1.00s
2020-01-20 14:49:11.034349 | > WORKER_WAIT (0.000s wait)
2020-01-20 14:49:11.034856 | waiting 1.00s
2020-01-20 14:49:12.036781 | > WORKER_WAIT (0.000s wait)
2020-01-20 14:49:12.037267 | waiting 1.00s
2020-01-20 14:49:13.038822 | > WORKER_WAIT (0.000s wait)
2020-01-20 14:49:13.039305 | waiting 1.00s
2020-01-20 14:49:16.236723 | > WORKER_WAIT (0.000s wait)
2020-01-20 14:49:16.237163 | waiting 1.00s
2020-01-20 14:49:17.239484 | > WORKER_WAIT (0.000s wait)
2020-01-20 14:49:17.239972 | waiting 1.00s
2020-01-20 14:49:18.464608 | > WORKER_WAIT (0.001s wait)
2020-01-20 14:49:18.465083 | waiting 1.00s
2020-01-20 14:49:19.471997 | > WORKER_WAIT (0.000s wait)
2020-01-20 14:49:19.472448 | waiting 1.00s
2020-01-20 14:49:21.472859 | > WORKER_WAIT (0.000s wait)
2020-01-20 14:49:21.473855 | waiting 1.00s
2020-01-20 14:49:48.038361 | > WORKER_STOP (0.000s wait)
2020-01-20 14:49:48.041159 | shutting down worker
2020-01-20 14:49:50.359457 | 
Total: 61 in 569.90s [user], 32.69s [system], 1411.09s [elapsed]
