2020-02-12 15:52:16.572813 | Master: tcp://c28a-s7:7632
2020-02-12 15:52:16.612380 | WORKER_UP to: tcp://c28a-s7:7632
2020-02-12 15:52:19.710764 | > DO_SETUP (3.086s wait)
2020-02-12 15:52:19.711242 | token from msg: set_common_data_token
2020-02-12 15:53:46.337377 | > DO_CALL (21.294s wait)
.* Option 'clustermq.scheduler' not set, defaulting to ‘SLURM’
--- see: https://mschubert.github.io/clustermq/articles/userguide.html#configuration
2020-02-12 15:54:00.548483 | eval'd: drake::cmq_buildtargetmetadepsspecht_is_subtargetconfig
2020-02-12 15:54:08.870221 | > DO_CALL (5.005s wait)
.2020-02-12 15:54:10.608637 | eval'd: drake::cmq_buildtargetmetadepsspecht_is_subtargetconfig
2020-02-12 15:54:21.220243 | > DO_CALL (4.948s wait)
.2020-02-12 16:00:26.123936 | eval'd: drake::cmq_buildtargetmetadepsspecht_is_subtargetconfig
2020-02-12 16:00:36.938143 | > DO_CALL (5.807s wait)
.2020-02-12 16:00:43.049837 | eval'd: drake::cmq_buildtargetmetadepsspecht_is_subtargetconfig
2020-02-12 16:00:52.165891 | > DO_CALL (5.839s wait)
.2020-02-12 16:01:42.780478 | eval'd: drake::cmq_buildtargetmetadepsspecht_is_subtargetconfig
2020-02-12 16:01:52.549942 | > DO_CALL (4.848s wait)
.2020-02-12 16:03:06.096048 | eval'd: drake::cmq_buildtargetmetadepsspecht_is_subtargetconfig
2020-02-12 16:03:15.854839 | > DO_CALL (4.956s wait)
.2020-02-12 16:03:38.490872 | eval'd: drake::cmq_buildtargetmetadepsspecht_is_subtargetconfig
2020-02-12 16:03:50.552814 | > DO_CALL (4.864s wait)
.2020-02-12 16:04:07.135257 | eval'd: drake::cmq_buildtargetmetadepsspecht_is_subtargetconfig
2020-02-12 16:04:16.738403 | > DO_CALL (5.766s wait)
.2020-02-12 16:05:22.685115 | eval'd: drake::cmq_buildtargetmetadepsspecht_is_subtargetconfig
2020-02-12 16:05:31.811255 | > DO_CALL (4.859s wait)
.2020-02-12 16:07:47.326075 | eval'd: drake::cmq_buildtargetmetadepsspecht_is_subtargetconfig
2020-02-12 16:07:56.223618 | > DO_CALL (5.476s wait)
.2020-02-12 16:09:03.548370 | eval'd: drake::cmq_buildtargetmetadepsspecht_is_subtargetconfig
2020-02-12 16:09:12.742511 | > DO_CALL (4.878s wait)
.2020-02-12 16:09:57.127178 | eval'd: drake::cmq_buildtargetmetadepsspecht_is_subtargetconfig
2020-02-12 16:10:06.689305 | > DO_CALL (5.490s wait)
.2020-02-12 16:10:51.041647 | eval'd: drake::cmq_buildtargetmetadepsspecht_is_subtargetconfig
2020-02-12 16:10:59.247787 | > DO_CALL (4.891s wait)
.2020-02-12 16:10:59.556397 | eval'd: drake::cmq_buildtargetmetadepsspecht_is_subtargetconfig
2020-02-12 16:11:10.102210 | > DO_CALL (5.596s wait)
.2020-02-12 16:11:40.006314 | eval'd: drake::cmq_buildtargetmetadepsspecht_is_subtargetconfig
2020-02-12 16:11:48.120204 | > DO_CALL (4.925s wait)
.2020-02-12 16:11:56.034945 | eval'd: drake::cmq_buildtargetmetadepsspecht_is_subtargetconfig
2020-02-12 16:12:07.941056 | > DO_CALL (8.026s wait)
.2020-02-12 16:12:27.365108 | eval'd: drake::cmq_buildtargetmetadepsspecht_is_subtargetconfig
2020-02-12 16:12:39.341766 | > DO_CALL (7.850s wait)
.2020-02-12 16:13:05.867314 | eval'd: drake::cmq_buildtargetmetadepsspecht_is_subtargetconfig
2020-02-12 16:13:15.463101 | > DO_CALL (4.915s wait)
.2020-02-12 16:13:26.721130 | eval'd: drake::cmq_buildtargetmetadepsspecht_is_subtargetconfig
2020-02-12 16:13:35.877338 | > DO_CALL (4.849s wait)
.2020-02-12 16:14:58.833952 | eval'd: drake::cmq_buildtargetmetadepsspecht_is_subtargetconfig
2020-02-12 16:15:10.531447 | > DO_CALL (4.930s wait)
.2020-02-12 16:16:36.472508 | eval'd: drake::cmq_buildtargetmetadepsspecht_is_subtargetconfig
2020-02-12 16:16:36.769081 | > DO_CALL (0.015s wait)
.2020-02-12 16:16:37.211567 | eval'd: drake::cmq_buildtargetmetadepsspecht_is_subtargetconfig
2020-02-12 16:16:37.262642 | > DO_CALL (0.001s wait)
.2020-02-12 16:16:37.268566 | eval'd: drake::cmq_buildtargetmetadepsspecht_is_subtargetconfig
2020-02-12 16:16:37.299326 | > WORKER_WAIT (0.000s wait)
2020-02-12 16:16:37.299621 | waiting 0.75s
2020-02-12 16:16:38.051784 | > WORKER_WAIT (0.000s wait)
2020-02-12 16:16:38.052208 | waiting 0.75s
2020-02-12 16:16:38.804380 | > WORKER_WAIT (0.000s wait)
2020-02-12 16:16:38.804820 | waiting 0.75s
2020-02-12 16:16:39.557034 | > WORKER_WAIT (0.000s wait)
2020-02-12 16:16:39.557509 | waiting 0.75s
2020-02-12 16:16:40.309707 | > WORKER_WAIT (0.000s wait)
2020-02-12 16:16:40.310162 | waiting 0.75s
2020-02-12 16:16:41.062339 | > WORKER_WAIT (0.000s wait)
2020-02-12 16:16:41.062757 | waiting 0.75s
2020-02-12 16:16:41.814938 | > WORKER_WAIT (0.000s wait)
2020-02-12 16:16:41.858684 | waiting 0.75s
2020-02-12 16:16:42.610942 | > WORKER_WAIT (0.000s wait)
2020-02-12 16:16:42.611389 | waiting 0.75s
2020-02-12 16:16:43.363569 | > WORKER_WAIT (0.000s wait)
2020-02-12 16:16:43.364022 | waiting 0.75s
2020-02-12 16:16:44.116212 | > WORKER_WAIT (0.000s wait)
2020-02-12 16:16:44.116659 | waiting 0.75s
2020-02-12 16:16:44.868848 | > WORKER_WAIT (0.001s wait)
2020-02-12 16:16:44.869300 | waiting 0.75s
2020-02-12 16:16:45.621492 | > WORKER_WAIT (0.000s wait)
2020-02-12 16:16:45.621946 | waiting 0.75s
2020-02-12 16:16:46.374155 | > WORKER_WAIT (0.000s wait)
2020-02-12 16:16:46.374598 | waiting 0.75s
2020-02-12 16:16:47.126782 | > WORKER_WAIT (0.000s wait)
2020-02-12 16:16:47.127257 | waiting 0.75s
2020-02-12 16:16:47.879434 | > WORKER_WAIT (0.000s wait)
2020-02-12 16:16:47.879873 | waiting 0.75s
2020-02-12 16:16:48.632047 | > WORKER_WAIT (0.000s wait)
2020-02-12 16:16:48.632495 | waiting 0.75s
2020-02-12 16:16:49.384639 | > WORKER_WAIT (0.000s wait)
2020-02-12 16:16:49.385082 | waiting 0.75s
2020-02-12 16:16:50.137248 | > WORKER_WAIT (0.000s wait)
2020-02-12 16:16:50.137685 | waiting 0.75s
2020-02-12 16:16:50.889862 | > WORKER_WAIT (0.001s wait)
2020-02-12 16:16:50.890315 | waiting 0.75s
2020-02-12 16:16:51.642493 | > WORKER_WAIT (0.000s wait)
2020-02-12 16:16:51.642954 | waiting 0.75s
2020-02-12 16:16:52.395148 | > WORKER_WAIT (0.000s wait)
2020-02-12 16:16:52.395605 | waiting 0.75s
2020-02-12 16:16:53.147797 | > WORKER_WAIT (0.000s wait)
2020-02-12 16:16:53.148261 | waiting 0.75s
2020-02-12 16:16:53.900436 | > WORKER_WAIT (0.000s wait)
2020-02-12 16:16:53.900868 | waiting 0.75s
2020-02-12 16:16:54.871702 | > WORKER_WAIT (0.000s wait)
2020-02-12 16:16:54.872158 | waiting 0.75s
2020-02-12 16:16:55.624387 | > WORKER_WAIT (0.000s wait)
2020-02-12 16:16:55.624794 | waiting 0.75s
2020-02-12 16:16:56.377004 | > WORKER_WAIT (0.000s wait)
2020-02-12 16:16:56.377438 | waiting 0.75s
2020-02-12 16:16:57.129633 | > WORKER_WAIT (0.000s wait)
2020-02-12 16:16:57.130081 | waiting 0.75s
2020-02-12 16:16:57.882187 | > WORKER_WAIT (0.000s wait)
2020-02-12 16:16:57.882638 | waiting 0.75s
2020-02-12 16:16:58.634797 | > WORKER_WAIT (0.000s wait)
2020-02-12 16:16:58.635246 | waiting 0.75s
2020-02-12 16:16:59.387442 | > WORKER_WAIT (0.000s wait)
2020-02-12 16:16:59.387841 | waiting 0.75s
2020-02-12 16:17:00.140008 | > WORKER_WAIT (0.000s wait)
2020-02-12 16:17:00.140451 | waiting 0.75s
2020-02-12 16:17:00.892619 | > WORKER_WAIT (0.000s wait)
2020-02-12 16:17:00.893080 | waiting 0.75s
2020-02-12 16:17:01.645239 | > WORKER_WAIT (0.000s wait)
2020-02-12 16:17:01.645673 | waiting 0.75s
2020-02-12 16:17:02.397850 | > WORKER_WAIT (0.001s wait)
2020-02-12 16:17:02.398306 | waiting 0.75s
2020-02-12 16:17:03.150488 | > WORKER_WAIT (0.000s wait)
2020-02-12 16:17:03.150924 | waiting 0.75s
2020-02-12 16:17:03.903096 | > WORKER_WAIT (0.000s wait)
2020-02-12 16:17:03.903514 | waiting 0.75s
2020-02-12 16:17:04.655698 | > WORKER_WAIT (0.000s wait)
2020-02-12 16:17:04.656155 | waiting 0.75s
2020-02-12 16:17:05.408312 | > WORKER_WAIT (0.000s wait)
2020-02-12 16:17:05.408740 | waiting 0.75s
2020-02-12 16:17:06.160934 | > WORKER_WAIT (0.000s wait)
2020-02-12 16:17:06.161365 | waiting 0.75s
2020-02-12 16:17:06.913543 | > WORKER_WAIT (0.000s wait)
2020-02-12 16:17:06.913991 | waiting 0.75s
2020-02-12 16:17:07.666140 | > WORKER_WAIT (0.000s wait)
2020-02-12 16:17:07.666572 | waiting 0.75s
2020-02-12 16:17:08.418749 | > WORKER_WAIT (0.000s wait)
2020-02-12 16:17:08.419215 | waiting 0.75s
2020-02-12 16:17:09.171402 | > WORKER_WAIT (0.000s wait)
2020-02-12 16:17:09.171819 | waiting 0.75s
2020-02-12 16:17:09.923940 | > WORKER_WAIT (0.000s wait)
2020-02-12 16:17:09.924371 | waiting 0.75s
2020-02-12 16:17:10.676513 | > WORKER_WAIT (0.000s wait)
2020-02-12 16:17:10.676972 | waiting 0.75s
2020-02-12 16:17:11.429148 | > WORKER_WAIT (0.000s wait)
2020-02-12 16:17:11.429581 | waiting 0.75s
2020-02-12 16:17:12.181727 | > WORKER_WAIT (0.000s wait)
2020-02-12 16:17:12.182186 | waiting 0.75s
2020-02-12 16:17:12.934404 | > WORKER_WAIT (0.000s wait)
2020-02-12 16:17:12.934834 | waiting 0.75s
2020-02-12 16:17:13.687051 | > WORKER_WAIT (0.000s wait)
2020-02-12 16:17:13.687503 | waiting 0.75s
2020-02-12 16:17:14.439690 | > WORKER_WAIT (0.000s wait)
2020-02-12 16:17:14.440134 | waiting 0.75s
2020-02-12 16:17:15.192310 | > WORKER_WAIT (0.000s wait)
2020-02-12 16:17:15.192749 | waiting 0.75s
2020-02-12 16:17:15.944898 | > WORKER_WAIT (0.000s wait)
2020-02-12 16:17:15.945343 | waiting 0.75s
2020-02-12 16:17:16.697556 | > WORKER_WAIT (0.000s wait)
2020-02-12 16:17:16.697986 | waiting 0.75s
2020-02-12 16:17:17.450170 | > WORKER_WAIT (0.000s wait)
2020-02-12 16:17:17.450606 | waiting 0.75s
2020-02-12 16:17:18.202765 | > WORKER_WAIT (0.000s wait)
2020-02-12 16:17:18.203222 | waiting 0.75s
2020-02-12 16:17:18.955426 | > WORKER_WAIT (0.000s wait)
2020-02-12 16:17:18.955865 | waiting 0.75s
2020-02-12 16:17:19.708084 | > WORKER_WAIT (0.000s wait)
2020-02-12 16:17:19.708518 | waiting 0.75s
2020-02-12 16:17:20.460692 | > WORKER_WAIT (0.000s wait)
2020-02-12 16:17:20.461140 | waiting 0.75s
2020-02-12 16:17:21.213317 | > WORKER_WAIT (0.000s wait)
2020-02-12 16:17:21.213753 | waiting 0.75s
2020-02-12 16:17:21.965902 | > WORKER_WAIT (0.000s wait)
2020-02-12 16:17:21.966339 | waiting 0.75s
2020-02-12 16:17:22.718510 | > WORKER_WAIT (0.000s wait)
2020-02-12 16:17:22.718952 | waiting 0.75s
2020-02-12 16:17:23.471108 | > WORKER_WAIT (0.000s wait)
2020-02-12 16:17:23.471537 | waiting 0.75s
2020-02-12 16:17:24.223672 | > WORKER_WAIT (0.000s wait)
2020-02-12 16:17:24.224103 | waiting 0.75s
2020-02-12 16:17:24.976252 | > WORKER_WAIT (0.000s wait)
2020-02-12 16:17:24.976684 | waiting 0.75s
2020-02-12 16:17:25.728792 | > WORKER_WAIT (0.000s wait)
2020-02-12 16:17:25.729212 | waiting 0.75s
2020-02-12 16:17:26.481384 | > WORKER_WAIT (0.000s wait)
2020-02-12 16:17:26.481806 | waiting 0.75s
2020-02-12 16:17:27.234004 | > WORKER_WAIT (0.000s wait)
2020-02-12 16:17:27.234452 | waiting 0.75s
2020-02-12 16:17:28.017851 | > WORKER_WAIT (0.001s wait)
2020-02-12 16:17:28.018315 | waiting 0.75s
2020-02-12 16:17:28.770787 | > WORKER_WAIT (0.000s wait)
2020-02-12 16:17:28.771262 | waiting 0.75s
2020-02-12 16:17:29.523087 | > WORKER_WAIT (0.000s wait)
2020-02-12 16:17:29.523529 | waiting 0.75s
2020-02-12 16:17:30.275736 | > WORKER_WAIT (0.000s wait)
2020-02-12 16:17:30.276166 | waiting 0.75s
2020-02-12 16:17:31.034860 | > WORKER_WAIT (0.001s wait)
2020-02-12 16:17:31.035321 | waiting 0.75s
2020-02-12 16:17:31.787509 | > WORKER_WAIT (0.000s wait)
2020-02-12 16:17:31.787962 | waiting 0.75s
2020-02-12 16:17:32.611244 | > WORKER_WAIT (0.000s wait)
2020-02-12 16:17:32.611672 | waiting 0.75s
2020-02-12 16:17:33.364069 | > WORKER_WAIT (0.000s wait)
2020-02-12 16:17:33.364482 | waiting 0.75s
2020-02-12 16:17:34.116858 | > WORKER_WAIT (0.001s wait)
2020-02-12 16:17:34.117292 | waiting 0.75s
2020-02-12 16:17:34.869582 | > WORKER_WAIT (0.000s wait)
2020-02-12 16:17:34.870020 | waiting 0.75s
2020-02-12 16:17:35.622392 | > WORKER_WAIT (0.000s wait)
2020-02-12 16:17:35.622820 | waiting 0.75s
2020-02-12 16:17:36.375295 | > WORKER_WAIT (0.000s wait)
2020-02-12 16:17:36.375717 | waiting 0.75s
2020-02-12 16:17:37.128066 | > WORKER_WAIT (0.000s wait)
2020-02-12 16:17:37.130770 | waiting 0.75s
2020-02-12 16:17:37.883022 | > WORKER_WAIT (0.000s wait)
2020-02-12 16:17:37.883429 | waiting 0.75s
2020-02-12 16:17:38.870310 | > WORKER_WAIT (0.000s wait)
2020-02-12 16:17:38.870687 | waiting 0.75s
2020-02-12 16:17:39.622616 | > WORKER_WAIT (0.000s wait)
2020-02-12 16:17:39.623009 | waiting 0.75s
2020-02-12 16:17:40.374891 | > WORKER_WAIT (0.000s wait)
2020-02-12 16:17:40.375280 | waiting 0.75s
2020-02-12 16:17:41.127135 | > WORKER_WAIT (0.000s wait)
2020-02-12 16:17:41.127520 | waiting 0.75s
2020-02-12 16:17:41.879338 | > WORKER_WAIT (0.000s wait)
2020-02-12 16:17:41.879734 | waiting 0.75s
2020-02-12 16:17:42.631689 | > WORKER_WAIT (0.000s wait)
2020-02-12 16:17:42.632081 | waiting 0.75s
2020-02-12 16:17:43.384309 | > WORKER_WAIT (0.000s wait)
2020-02-12 16:17:43.384698 | waiting 0.75s
2020-02-12 16:17:44.136508 | > WORKER_WAIT (0.000s wait)
2020-02-12 16:17:44.136901 | waiting 0.75s
2020-02-12 16:17:44.889039 | > WORKER_WAIT (0.000s wait)
2020-02-12 16:17:44.889427 | waiting 0.75s
2020-02-12 16:17:45.641674 | > WORKER_WAIT (0.000s wait)
2020-02-12 16:17:45.642072 | waiting 0.75s
2020-02-12 16:17:46.394284 | > WORKER_WAIT (0.000s wait)
2020-02-12 16:17:46.394681 | waiting 0.75s
2020-02-12 16:17:47.146966 | > WORKER_WAIT (0.000s wait)
2020-02-12 16:17:47.147356 | waiting 0.75s
2020-02-12 16:17:48.466853 | > WORKER_WAIT (0.001s wait)
2020-02-12 16:17:48.467278 | waiting 0.75s
2020-02-12 16:17:49.310075 | > WORKER_WAIT (0.000s wait)
2020-02-12 16:17:49.310528 | waiting 0.75s
2020-02-12 16:17:50.062972 | > WORKER_WAIT (0.000s wait)
2020-02-12 16:17:50.063409 | waiting 0.75s
2020-02-12 16:17:50.815900 | > WORKER_WAIT (0.000s wait)
2020-02-12 16:17:50.816343 | waiting 0.75s
2020-02-12 16:17:51.568788 | > WORKER_WAIT (0.000s wait)
2020-02-12 16:17:51.569236 | waiting 0.75s
2020-02-12 16:17:52.321725 | > WORKER_WAIT (0.000s wait)
2020-02-12 16:17:52.322167 | waiting 0.75s
2020-02-12 16:17:53.074622 | > WORKER_WAIT (0.000s wait)
2020-02-12 16:17:53.075061 | waiting 0.75s
2020-02-12 16:17:53.827537 | > WORKER_WAIT (0.000s wait)
2020-02-12 16:17:53.827980 | waiting 0.75s
2020-02-12 16:17:54.580491 | > WORKER_WAIT (0.000s wait)
2020-02-12 16:17:54.580953 | waiting 0.75s
2020-02-12 16:17:55.333451 | > WORKER_WAIT (0.000s wait)
2020-02-12 16:17:55.333879 | waiting 0.75s
2020-02-12 16:17:56.086374 | > WORKER_WAIT (0.000s wait)
2020-02-12 16:17:56.086779 | waiting 0.75s
2020-02-12 16:17:56.838757 | > WORKER_WAIT (0.000s wait)
2020-02-12 16:17:56.839151 | waiting 0.75s
2020-02-12 16:17:57.591441 | > WORKER_WAIT (0.000s wait)
2020-02-12 16:17:57.591831 | waiting 0.75s
2020-02-12 16:17:58.344114 | > WORKER_WAIT (0.000s wait)
2020-02-12 16:17:58.344496 | waiting 0.75s
2020-02-12 16:17:59.096754 | > WORKER_WAIT (0.000s wait)
2020-02-12 16:17:59.097151 | waiting 0.75s
2020-02-12 16:17:59.849389 | > WORKER_WAIT (0.000s wait)
2020-02-12 16:17:59.849769 | waiting 0.75s
2020-02-12 16:18:00.602015 | > WORKER_WAIT (0.000s wait)
2020-02-12 16:18:00.602397 | waiting 0.75s
2020-02-12 16:18:01.354630 | > WORKER_WAIT (0.000s wait)
2020-02-12 16:18:01.355023 | waiting 0.75s
2020-02-12 16:18:02.107299 | > WORKER_WAIT (0.000s wait)
2020-02-12 16:18:02.107678 | waiting 0.75s
2020-02-12 16:18:02.859922 | > WORKER_WAIT (0.000s wait)
2020-02-12 16:18:02.860315 | waiting 0.75s
2020-02-12 16:18:03.612869 | > WORKER_WAIT (0.001s wait)
2020-02-12 16:18:03.613263 | waiting 0.75s
2020-02-12 16:18:04.365181 | > WORKER_WAIT (0.000s wait)
2020-02-12 16:18:04.365562 | waiting 0.75s
2020-02-12 16:18:05.117821 | > WORKER_WAIT (0.001s wait)
2020-02-12 16:18:05.118211 | waiting 0.75s
2020-02-12 16:18:05.870364 | > WORKER_WAIT (0.000s wait)
2020-02-12 16:18:05.870780 | waiting 0.75s
2020-02-12 16:18:06.623216 | > WORKER_WAIT (0.000s wait)
2020-02-12 16:18:06.623622 | waiting 0.75s
2020-02-12 16:18:07.375042 | > WORKER_WAIT (0.000s wait)
2020-02-12 16:18:07.375456 | waiting 0.75s
2020-02-12 16:18:08.127641 | > WORKER_WAIT (0.000s wait)
2020-02-12 16:18:08.128095 | waiting 0.75s
2020-02-12 16:18:08.880324 | > WORKER_WAIT (0.000s wait)
2020-02-12 16:18:08.880754 | waiting 0.75s
2020-02-12 16:18:09.632973 | > WORKER_WAIT (0.000s wait)
2020-02-12 16:18:09.633388 | waiting 0.75s
2020-02-12 16:18:10.385092 | > WORKER_WAIT (0.000s wait)
2020-02-12 16:18:10.385520 | waiting 0.75s
2020-02-12 16:18:11.137068 | > WORKER_WAIT (0.000s wait)
2020-02-12 16:18:11.137480 | waiting 0.75s
2020-02-12 16:18:11.889680 | > WORKER_WAIT (0.000s wait)
2020-02-12 16:18:11.890143 | waiting 0.75s
2020-02-12 16:18:12.642338 | > WORKER_WAIT (0.000s wait)
2020-02-12 16:18:12.642768 | waiting 0.75s
2020-02-12 16:18:13.395025 | > WORKER_WAIT (0.000s wait)
2020-02-12 16:18:13.395496 | waiting 0.75s
2020-02-12 16:18:14.147725 | > WORKER_WAIT (0.000s wait)
2020-02-12 16:18:14.148191 | waiting 0.75s
2020-02-12 16:18:14.900048 | > WORKER_WAIT (0.000s wait)
2020-02-12 16:18:14.900493 | waiting 0.75s
2020-02-12 16:18:15.652062 | > WORKER_WAIT (0.000s wait)
2020-02-12 16:18:15.652508 | waiting 0.75s
2020-02-12 16:18:16.404698 | > WORKER_WAIT (0.000s wait)
2020-02-12 16:18:16.405142 | waiting 0.75s
2020-02-12 16:18:17.157368 | > WORKER_WAIT (0.000s wait)
2020-02-12 16:18:17.157809 | waiting 0.75s
2020-02-12 16:18:17.910026 | > WORKER_WAIT (0.000s wait)
2020-02-12 16:18:17.910465 | waiting 0.75s
2020-02-12 16:18:18.662671 | > WORKER_WAIT (0.000s wait)
2020-02-12 16:18:18.663130 | waiting 0.75s
2020-02-12 16:18:19.415319 | > WORKER_WAIT (0.000s wait)
2020-02-12 16:18:19.415741 | waiting 0.75s
2020-02-12 16:18:20.167918 | > WORKER_WAIT (0.000s wait)
2020-02-12 16:18:20.168382 | waiting 0.75s
2020-02-12 16:18:20.920600 | > WORKER_WAIT (0.000s wait)
2020-02-12 16:18:20.921055 | waiting 0.75s
2020-02-12 16:18:21.673169 | > WORKER_WAIT (0.000s wait)
2020-02-12 16:18:21.673587 | waiting 0.75s
2020-02-12 16:18:22.425807 | > WORKER_WAIT (0.000s wait)
2020-02-12 16:18:22.426266 | waiting 0.75s
2020-02-12 16:18:23.178129 | > WORKER_WAIT (0.000s wait)
2020-02-12 16:18:23.178548 | waiting 0.75s
2020-02-12 16:18:23.930722 | > WORKER_WAIT (0.000s wait)
2020-02-12 16:18:23.931184 | waiting 0.75s
2020-02-12 16:18:25.467030 | > WORKER_WAIT (0.000s wait)
2020-02-12 16:18:25.467433 | waiting 0.75s
2020-02-12 16:18:26.355671 | > WORKER_WAIT (0.000s wait)
2020-02-12 16:18:26.356121 | waiting 0.75s
2020-02-12 16:18:27.108637 | > WORKER_WAIT (0.000s wait)
2020-02-12 16:18:27.109070 | waiting 0.75s
2020-02-12 16:18:27.861600 | > WORKER_WAIT (0.000s wait)
2020-02-12 16:18:27.862039 | waiting 0.75s
2020-02-12 16:18:28.614531 | > WORKER_WAIT (0.000s wait)
2020-02-12 16:18:28.614973 | waiting 0.75s
2020-02-12 16:18:29.367421 | > WORKER_WAIT (0.000s wait)
2020-02-12 16:18:29.367839 | waiting 0.75s
2020-02-12 16:18:30.120334 | > WORKER_WAIT (0.000s wait)
2020-02-12 16:18:30.120763 | waiting 0.75s
2020-02-12 16:18:30.873204 | > WORKER_WAIT (0.000s wait)
2020-02-12 16:18:30.873632 | waiting 0.75s
2020-02-12 16:18:31.626082 | > WORKER_WAIT (0.000s wait)
2020-02-12 16:18:31.626509 | waiting 0.75s
2020-02-12 16:18:32.379057 | > WORKER_WAIT (0.000s wait)
2020-02-12 16:18:32.379461 | waiting 0.75s
2020-02-12 16:18:33.131971 | > WORKER_WAIT (0.000s wait)
2020-02-12 16:18:33.132394 | waiting 0.75s
2020-02-12 16:18:33.884830 | > WORKER_WAIT (0.001s wait)
2020-02-12 16:18:33.885265 | waiting 0.75s
2020-02-12 16:18:34.637733 | > WORKER_WAIT (0.000s wait)
2020-02-12 16:18:34.638177 | waiting 0.75s
2020-02-12 16:18:35.390681 | > WORKER_WAIT (0.000s wait)
2020-02-12 16:18:35.391128 | waiting 0.75s
2020-02-12 16:18:36.143349 | > WORKER_WAIT (0.000s wait)
2020-02-12 16:18:36.143790 | waiting 0.75s
2020-02-12 16:18:36.896004 | > WORKER_WAIT (0.000s wait)
2020-02-12 16:18:36.896453 | waiting 0.75s
2020-02-12 16:18:37.648655 | > WORKER_WAIT (0.000s wait)
2020-02-12 16:18:37.651458 | waiting 0.75s
2020-02-12 16:18:38.403386 | > WORKER_WAIT (0.000s wait)
2020-02-12 16:18:38.403831 | waiting 0.75s
2020-02-12 16:18:39.155917 | > WORKER_WAIT (0.000s wait)
2020-02-12 16:18:39.156378 | waiting 0.75s
2020-02-12 16:18:39.908805 | > WORKER_WAIT (0.000s wait)
2020-02-12 16:18:39.909252 | waiting 0.75s
2020-02-12 16:18:40.661759 | > WORKER_WAIT (0.000s wait)
2020-02-12 16:18:40.662233 | waiting 0.75s
2020-02-12 16:18:41.414754 | > WORKER_WAIT (0.000s wait)
2020-02-12 16:18:41.415202 | waiting 0.75s
2020-02-12 16:18:42.167717 | > WORKER_WAIT (0.000s wait)
2020-02-12 16:18:42.168165 | waiting 0.75s
2020-02-12 16:18:42.920650 | > WORKER_WAIT (0.000s wait)
2020-02-12 16:18:42.921105 | waiting 0.75s
2020-02-12 16:18:43.673601 | > WORKER_WAIT (0.000s wait)
2020-02-12 16:18:43.674063 | waiting 0.75s
2020-02-12 16:18:44.426800 | > WORKER_WAIT (0.000s wait)
2020-02-12 16:18:44.427242 | waiting 0.75s
2020-02-12 16:18:45.179250 | > WORKER_WAIT (0.000s wait)
2020-02-12 16:18:45.179710 | waiting 0.75s
2020-02-12 16:18:45.932226 | > WORKER_WAIT (0.000s wait)
2020-02-12 16:18:45.932662 | waiting 0.75s
2020-02-12 16:18:46.684134 | > WORKER_WAIT (0.000s wait)
2020-02-12 16:18:46.684574 | waiting 0.75s
2020-02-12 16:18:47.436119 | > WORKER_WAIT (0.000s wait)
2020-02-12 16:18:47.436565 | waiting 0.75s
2020-02-12 16:18:48.188080 | > WORKER_WAIT (0.000s wait)
2020-02-12 16:18:48.188523 | waiting 0.75s
2020-02-12 16:18:48.940698 | > WORKER_WAIT (0.000s wait)
2020-02-12 16:18:48.941163 | waiting 0.75s
2020-02-12 16:18:49.693384 | > WORKER_WAIT (0.000s wait)
2020-02-12 16:18:49.693834 | waiting 0.75s
2020-02-12 16:18:50.446055 | > WORKER_WAIT (0.000s wait)
2020-02-12 16:18:50.446500 | waiting 0.75s
2020-02-12 16:18:51.198697 | > WORKER_WAIT (0.000s wait)
2020-02-12 16:18:51.199179 | waiting 0.75s
2020-02-12 16:18:51.951397 | > WORKER_WAIT (0.000s wait)
2020-02-12 16:18:51.951849 | waiting 0.75s
2020-02-12 16:18:52.704061 | > WORKER_WAIT (0.000s wait)
2020-02-12 16:18:52.704516 | waiting 0.75s
2020-02-12 16:18:53.456709 | > WORKER_WAIT (0.000s wait)
2020-02-12 16:18:53.457187 | waiting 0.75s
2020-02-12 16:18:54.209390 | > WORKER_WAIT (0.000s wait)
2020-02-12 16:18:54.209844 | waiting 0.75s
2020-02-12 16:18:54.962028 | > WORKER_WAIT (0.000s wait)
2020-02-12 16:18:54.962480 | waiting 0.75s
2020-02-12 16:18:55.714668 | > WORKER_WAIT (0.000s wait)
2020-02-12 16:18:55.715145 | waiting 0.75s
2020-02-12 16:18:56.467369 | > WORKER_WAIT (0.000s wait)
2020-02-12 16:18:56.467841 | waiting 0.75s
2020-02-12 16:18:57.220086 | > WORKER_WAIT (0.000s wait)
2020-02-12 16:18:57.220542 | waiting 0.75s
2020-02-12 16:18:57.972722 | > WORKER_WAIT (0.000s wait)
2020-02-12 16:18:57.973186 | waiting 0.75s
2020-02-12 16:18:58.725401 | > WORKER_WAIT (0.000s wait)
2020-02-12 16:18:58.725854 | waiting 0.75s
2020-02-12 16:18:59.478061 | > WORKER_WAIT (0.000s wait)
2020-02-12 16:18:59.478507 | waiting 0.75s
2020-02-12 16:19:00.230710 | > WORKER_WAIT (0.000s wait)
2020-02-12 16:19:00.231153 | waiting 0.75s
2020-02-12 16:19:00.983289 | > WORKER_WAIT (0.000s wait)
2020-02-12 16:19:00.983736 | waiting 0.75s
2020-02-12 16:19:01.735958 | > WORKER_WAIT (0.000s wait)
2020-02-12 16:19:01.736421 | waiting 0.75s
2020-02-12 16:19:02.488625 | > WORKER_WAIT (0.000s wait)
2020-02-12 16:19:02.489083 | waiting 0.75s
2020-02-12 16:19:03.241302 | > WORKER_WAIT (0.000s wait)
2020-02-12 16:19:03.241753 | waiting 0.75s
2020-02-12 16:19:03.993967 | > WORKER_WAIT (0.000s wait)
2020-02-12 16:19:03.994404 | waiting 0.75s
2020-02-12 16:19:04.746523 | > WORKER_WAIT (0.000s wait)
2020-02-12 16:19:04.746997 | waiting 0.75s
2020-02-12 16:19:05.499125 | > WORKER_WAIT (0.000s wait)
2020-02-12 16:19:05.499565 | waiting 0.75s
2020-02-12 16:19:06.251689 | > WORKER_WAIT (0.000s wait)
2020-02-12 16:19:06.252141 | waiting 0.75s
2020-02-12 16:19:07.004331 | > WORKER_WAIT (0.000s wait)
2020-02-12 16:19:07.004796 | waiting 0.75s
2020-02-12 16:19:07.757045 | > WORKER_WAIT (0.000s wait)
2020-02-12 16:19:07.757499 | waiting 0.75s
2020-02-12 16:19:08.509111 | > WORKER_WAIT (0.000s wait)
2020-02-12 16:19:08.509547 | waiting 0.75s
2020-02-12 16:19:09.261754 | > WORKER_WAIT (0.000s wait)
2020-02-12 16:19:09.262213 | waiting 0.75s
2020-02-12 16:19:10.014432 | > WORKER_WAIT (0.000s wait)
2020-02-12 16:19:10.014883 | waiting 0.75s
2020-02-12 16:19:10.767111 | > WORKER_WAIT (0.000s wait)
2020-02-12 16:19:10.767535 | waiting 0.75s
2020-02-12 16:19:11.519747 | > WORKER_WAIT (0.000s wait)
2020-02-12 16:19:11.520212 | waiting 0.75s
2020-02-12 16:19:12.272447 | > WORKER_WAIT (0.000s wait)
2020-02-12 16:19:12.272909 | waiting 0.75s
2020-02-12 16:19:13.025111 | > WORKER_WAIT (0.000s wait)
2020-02-12 16:19:13.025562 | waiting 0.75s
2020-02-12 16:19:13.777704 | > WORKER_WAIT (0.000s wait)
2020-02-12 16:19:13.778118 | waiting 0.75s
2020-02-12 16:19:14.530372 | > WORKER_WAIT (0.000s wait)
2020-02-12 16:19:14.530826 | waiting 0.75s
2020-02-12 16:19:15.593400 | > WORKER_WAIT (0.000s wait)
2020-02-12 16:19:15.593811 | waiting 0.75s
2020-02-12 16:19:16.346601 | > WORKER_WAIT (0.000s wait)
2020-02-12 16:19:16.347064 | waiting 0.75s
2020-02-12 16:19:17.099801 | > WORKER_WAIT (0.000s wait)
2020-02-12 16:19:17.100237 | waiting 0.75s
2020-02-12 16:19:17.853058 | > WORKER_WAIT (0.000s wait)
2020-02-12 16:19:17.853494 | waiting 0.75s
2020-02-12 16:19:18.606303 | > WORKER_WAIT (0.000s wait)
2020-02-12 16:19:18.606730 | waiting 0.75s
2020-02-12 16:19:19.359549 | > WORKER_WAIT (0.000s wait)
2020-02-12 16:19:19.359983 | waiting 0.75s
2020-02-12 16:19:20.112795 | > WORKER_WAIT (0.000s wait)
2020-02-12 16:19:20.113233 | waiting 0.75s
2020-02-12 16:19:20.866026 | > WORKER_WAIT (0.000s wait)
2020-02-12 16:19:20.866452 | waiting 0.75s
2020-02-12 16:19:21.619214 | > WORKER_WAIT (0.000s wait)
2020-02-12 16:19:21.619648 | waiting 0.75s
2020-02-12 16:19:22.372446 | > WORKER_WAIT (0.000s wait)
2020-02-12 16:19:22.372854 | waiting 0.75s
2020-02-12 16:19:23.125746 | > WORKER_WAIT (0.000s wait)
2020-02-12 16:19:23.126193 | waiting 0.75s
2020-02-12 16:19:23.879043 | > WORKER_WAIT (0.000s wait)
2020-02-12 16:19:23.879467 | waiting 0.75s
2020-02-12 16:19:24.632310 | > WORKER_WAIT (0.000s wait)
2020-02-12 16:19:24.632744 | waiting 0.75s
2020-02-12 16:19:25.385613 | > WORKER_WAIT (0.000s wait)
2020-02-12 16:19:25.386049 | waiting 0.75s
2020-02-12 16:19:26.138826 | > WORKER_WAIT (0.001s wait)
2020-02-12 16:19:26.139253 | waiting 0.75s
2020-02-12 16:19:26.892051 | > WORKER_WAIT (0.000s wait)
2020-02-12 16:19:26.892486 | waiting 0.75s
2020-02-12 16:19:27.645286 | > WORKER_WAIT (0.000s wait)
2020-02-12 16:19:27.645711 | waiting 0.75s
2020-02-12 16:19:28.398534 | > WORKER_WAIT (0.000s wait)
2020-02-12 16:19:28.398983 | waiting 0.75s
2020-02-12 16:19:29.151779 | > WORKER_WAIT (0.000s wait)
2020-02-12 16:19:29.152218 | waiting 0.75s
2020-02-12 16:19:29.905002 | > WORKER_WAIT (0.000s wait)
2020-02-12 16:19:29.905435 | waiting 0.75s
2020-02-12 16:19:30.658264 | > WORKER_WAIT (0.000s wait)
2020-02-12 16:19:30.658697 | waiting 0.75s
2020-02-12 16:19:31.411517 | > WORKER_WAIT (0.000s wait)
2020-02-12 16:19:31.411965 | waiting 0.75s
2020-02-12 16:19:32.164714 | > WORKER_WAIT (0.000s wait)
2020-02-12 16:19:32.165156 | waiting 0.75s
2020-02-12 16:19:32.917892 | > WORKER_WAIT (0.000s wait)
2020-02-12 16:19:32.918364 | waiting 0.75s
2020-02-12 16:19:33.671158 | > WORKER_WAIT (0.000s wait)
2020-02-12 16:19:33.671585 | waiting 0.75s
2020-02-12 16:19:34.424390 | > WORKER_WAIT (0.000s wait)
2020-02-12 16:19:34.424824 | waiting 0.75s
2020-02-12 16:19:35.177658 | > WORKER_WAIT (0.000s wait)
2020-02-12 16:19:35.178092 | waiting 0.75s
2020-02-12 16:19:35.930871 | > WORKER_WAIT (0.001s wait)
2020-02-12 16:19:35.931315 | waiting 0.75s
2020-02-12 16:19:36.684126 | > WORKER_WAIT (0.000s wait)
2020-02-12 16:19:36.684523 | waiting 0.75s
2020-02-12 16:19:37.437329 | > WORKER_WAIT (0.000s wait)
2020-02-12 16:19:37.437738 | waiting 0.75s
2020-02-12 16:19:38.190578 | > WORKER_WAIT (0.000s wait)
2020-02-12 16:19:38.193677 | waiting 0.75s
2020-02-12 16:19:38.947267 | > WORKER_WAIT (0.000s wait)
2020-02-12 16:19:38.947685 | waiting 0.75s
2020-02-12 16:19:39.700331 | > WORKER_WAIT (0.000s wait)
2020-02-12 16:19:39.700749 | waiting 0.75s
2020-02-12 16:19:40.453161 | > WORKER_WAIT (0.000s wait)
2020-02-12 16:19:40.453592 | waiting 0.75s
2020-02-12 16:19:41.206101 | > WORKER_WAIT (0.000s wait)
2020-02-12 16:19:41.206532 | waiting 0.75s
2020-02-12 16:19:41.959078 | > WORKER_WAIT (0.000s wait)
2020-02-12 16:19:41.959497 | waiting 0.75s
2020-02-12 16:19:42.712045 | > WORKER_WAIT (0.000s wait)
2020-02-12 16:19:42.712480 | waiting 0.75s
2020-02-12 16:19:43.465003 | > WORKER_WAIT (0.000s wait)
2020-02-12 16:19:43.465429 | waiting 0.75s
2020-02-12 16:19:44.217926 | > WORKER_WAIT (0.000s wait)
2020-02-12 16:19:44.218347 | waiting 0.75s
2020-02-12 16:19:44.970865 | > WORKER_WAIT (0.001s wait)
2020-02-12 16:19:44.971283 | waiting 0.75s
2020-02-12 16:19:45.723826 | > WORKER_WAIT (0.001s wait)
2020-02-12 16:19:45.724252 | waiting 0.75s
2020-02-12 16:19:46.476798 | > WORKER_WAIT (0.000s wait)
2020-02-12 16:19:46.477234 | waiting 0.75s
2020-02-12 16:19:47.228822 | > WORKER_WAIT (0.000s wait)
2020-02-12 16:19:47.229281 | waiting 0.75s
2020-02-12 16:19:47.981274 | > WORKER_WAIT (0.000s wait)
2020-02-12 16:19:47.981730 | waiting 0.75s
2020-02-12 16:19:48.733698 | > WORKER_WAIT (0.000s wait)
2020-02-12 16:19:48.734170 | waiting 0.75s
2020-02-12 16:19:49.486297 | > WORKER_WAIT (0.000s wait)
2020-02-12 16:19:49.486739 | waiting 0.75s
2020-02-12 16:19:50.238903 | > WORKER_WAIT (0.000s wait)
2020-02-12 16:19:50.239367 | waiting 0.75s
2020-02-12 16:19:50.992016 | > WORKER_WAIT (0.000s wait)
2020-02-12 16:19:50.992421 | waiting 0.75s
2020-02-12 16:19:51.744958 | > WORKER_WAIT (0.000s wait)
2020-02-12 16:19:51.745360 | waiting 0.75s
2020-02-12 16:19:52.497100 | > WORKER_WAIT (0.000s wait)
2020-02-12 16:19:52.497488 | waiting 0.75s
2020-02-12 16:19:53.249737 | > WORKER_WAIT (0.000s wait)
2020-02-12 16:19:53.250144 | waiting 0.75s
2020-02-12 16:19:54.002766 | > WORKER_WAIT (0.000s wait)
2020-02-12 16:19:54.003182 | waiting 0.75s
2020-02-12 16:19:54.755463 | > WORKER_WAIT (0.000s wait)
2020-02-12 16:19:54.755854 | waiting 0.75s
2020-02-12 16:19:55.508203 | > WORKER_WAIT (0.000s wait)
2020-02-12 16:19:55.508591 | waiting 0.75s
2020-02-12 16:19:56.260686 | > WORKER_WAIT (0.000s wait)
2020-02-12 16:19:56.261084 | waiting 0.75s
2020-02-12 16:19:57.013344 | > WORKER_WAIT (0.000s wait)
2020-02-12 16:19:57.013736 | waiting 0.75s
2020-02-12 16:19:57.766183 | > WORKER_WAIT (0.000s wait)
2020-02-12 16:19:57.766581 | waiting 0.75s
2020-02-12 16:19:58.518989 | > WORKER_WAIT (0.000s wait)
2020-02-12 16:19:58.519376 | waiting 0.75s
2020-02-12 16:19:59.271775 | > WORKER_WAIT (0.000s wait)
2020-02-12 16:19:59.272181 | waiting 0.75s
2020-02-12 16:20:00.024587 | > WORKER_WAIT (0.000s wait)
2020-02-12 16:20:00.024989 | waiting 0.75s
2020-02-12 16:20:00.777271 | > WORKER_WAIT (0.000s wait)
2020-02-12 16:20:00.777657 | waiting 0.75s
2020-02-12 16:20:01.530044 | > WORKER_WAIT (0.000s wait)
2020-02-12 16:20:01.530419 | waiting 0.75s
2020-02-12 16:20:02.282664 | > WORKER_WAIT (0.000s wait)
2020-02-12 16:20:02.283048 | waiting 0.75s
2020-02-12 16:20:03.035165 | > WORKER_WAIT (0.000s wait)
2020-02-12 16:20:03.035542 | waiting 0.75s
2020-02-12 16:20:03.787313 | > WORKER_WAIT (0.000s wait)
2020-02-12 16:20:03.787687 | waiting 0.75s
2020-02-12 16:20:04.539776 | > WORKER_WAIT (0.000s wait)
2020-02-12 16:20:04.540164 | waiting 0.75s
2020-02-12 16:20:05.292011 | > WORKER_WAIT (0.000s wait)
2020-02-12 16:20:05.292382 | waiting 0.75s
2020-02-12 16:20:06.044448 | > WORKER_WAIT (0.000s wait)
2020-02-12 16:20:06.044852 | waiting 0.75s
2020-02-12 16:20:06.797032 | > WORKER_WAIT (0.000s wait)
2020-02-12 16:20:06.797395 | waiting 0.75s
2020-02-12 16:20:07.549523 | > WORKER_WAIT (0.000s wait)
2020-02-12 16:20:07.549834 | waiting 0.75s
2020-02-12 16:20:08.301998 | > WORKER_WAIT (0.000s wait)
2020-02-12 16:20:08.302401 | waiting 0.75s
2020-02-12 16:20:09.054584 | > WORKER_WAIT (0.000s wait)
2020-02-12 16:20:09.054998 | waiting 0.75s
2020-02-12 16:20:09.807120 | > WORKER_WAIT (0.000s wait)
2020-02-12 16:20:09.807536 | waiting 0.75s
2020-02-12 16:20:10.559652 | > WORKER_WAIT (0.000s wait)
2020-02-12 16:20:10.560081 | waiting 0.75s
2020-02-12 16:20:11.312406 | > WORKER_WAIT (0.000s wait)
2020-02-12 16:20:11.312817 | waiting 0.75s
2020-02-12 16:20:12.065141 | > WORKER_WAIT (0.000s wait)
2020-02-12 16:20:12.065579 | waiting 0.75s
2020-02-12 16:20:12.817860 | > WORKER_WAIT (0.001s wait)
2020-02-12 16:20:12.818305 | waiting 0.75s
2020-02-12 16:20:13.570580 | > WORKER_WAIT (0.000s wait)
2020-02-12 16:20:13.571032 | waiting 0.75s
2020-02-12 16:20:14.323304 | > WORKER_WAIT (0.000s wait)
2020-02-12 16:20:14.323735 | waiting 0.75s
2020-02-12 16:20:15.075950 | > WORKER_WAIT (0.000s wait)
2020-02-12 16:20:15.076364 | waiting 0.75s
2020-02-12 16:20:15.828709 | > WORKER_WAIT (0.000s wait)
2020-02-12 16:20:15.829150 | waiting 0.75s
2020-02-12 16:20:16.581411 | > WORKER_WAIT (0.000s wait)
2020-02-12 16:20:16.581844 | waiting 0.75s
2020-02-12 16:20:17.334111 | > WORKER_WAIT (0.000s wait)
2020-02-12 16:20:17.334547 | waiting 0.75s
2020-02-12 16:20:18.086789 | > WORKER_WAIT (0.000s wait)
2020-02-12 16:20:18.087245 | waiting 0.75s
2020-02-12 16:20:18.839515 | > WORKER_WAIT (0.000s wait)
2020-02-12 16:20:18.839965 | waiting 0.75s
2020-02-12 16:20:19.592242 | > WORKER_WAIT (0.000s wait)
2020-02-12 16:20:19.592669 | waiting 0.75s
2020-02-12 16:20:20.344952 | > WORKER_WAIT (0.000s wait)
2020-02-12 16:20:20.345392 | waiting 0.75s
2020-02-12 16:20:21.097706 | > WORKER_WAIT (0.000s wait)
2020-02-12 16:20:21.098166 | waiting 0.75s
2020-02-12 16:20:21.850442 | > WORKER_WAIT (0.000s wait)
2020-02-12 16:20:21.850874 | waiting 0.75s
2020-02-12 16:20:22.603207 | > WORKER_WAIT (0.000s wait)
2020-02-12 16:20:22.603643 | waiting 0.75s
2020-02-12 16:20:23.355915 | > WORKER_WAIT (0.000s wait)
2020-02-12 16:20:23.356353 | waiting 0.75s
2020-02-12 16:20:24.108585 | > WORKER_WAIT (0.000s wait)
2020-02-12 16:20:24.109015 | waiting 0.75s
2020-02-12 16:20:24.861168 | > WORKER_WAIT (0.000s wait)
2020-02-12 16:20:24.861588 | waiting 0.75s
2020-02-12 16:20:25.613923 | > WORKER_WAIT (0.000s wait)
2020-02-12 16:20:25.614344 | waiting 0.75s
2020-02-12 16:20:26.366645 | > WORKER_WAIT (0.000s wait)
2020-02-12 16:20:26.367074 | waiting 0.75s
2020-02-12 16:20:27.119283 | > WORKER_WAIT (0.000s wait)
2020-02-12 16:20:27.119699 | waiting 0.75s
2020-02-12 16:20:27.872059 | > WORKER_WAIT (0.000s wait)
2020-02-12 16:20:27.872482 | waiting 0.75s
2020-02-12 16:20:28.624673 | > WORKER_WAIT (0.000s wait)
2020-02-12 16:20:28.625097 | waiting 0.75s
2020-02-12 16:20:29.377270 | > WORKER_WAIT (0.000s wait)
2020-02-12 16:20:29.377695 | waiting 0.75s
2020-02-12 16:20:30.129857 | > WORKER_WAIT (0.001s wait)
2020-02-12 16:20:30.130304 | waiting 0.75s
2020-02-12 16:20:30.882473 | > WORKER_WAIT (0.000s wait)
2020-02-12 16:20:30.882906 | waiting 0.75s
2020-02-12 16:20:31.635086 | > WORKER_WAIT (0.000s wait)
2020-02-12 16:20:31.635521 | waiting 0.75s
2020-02-12 16:20:32.387756 | > WORKER_WAIT (0.000s wait)
2020-02-12 16:20:32.388199 | waiting 0.75s
2020-02-12 16:20:33.140468 | > WORKER_WAIT (0.000s wait)
2020-02-12 16:20:33.140900 | waiting 0.75s
2020-02-12 16:20:33.893151 | > WORKER_WAIT (0.000s wait)
2020-02-12 16:20:33.893584 | waiting 0.75s
2020-02-12 16:20:34.645818 | > WORKER_WAIT (0.000s wait)
2020-02-12 16:20:34.646281 | waiting 0.75s
2020-02-12 16:20:35.398522 | > WORKER_WAIT (0.000s wait)
2020-02-12 16:20:35.398974 | waiting 0.75s
2020-02-12 16:20:36.151169 | > WORKER_WAIT (0.000s wait)
2020-02-12 16:20:36.151597 | waiting 0.75s
2020-02-12 16:20:36.903735 | > WORKER_WAIT (0.000s wait)
2020-02-12 16:20:36.904143 | waiting 0.75s
2020-02-12 16:20:37.656390 | > WORKER_WAIT (0.000s wait)
2020-02-12 16:20:37.656795 | waiting 0.75s
2020-02-12 16:20:38.409017 | > WORKER_WAIT (0.000s wait)
2020-02-12 16:20:38.411751 | waiting 0.75s
2020-02-12 16:20:39.163837 | > WORKER_WAIT (0.001s wait)
2020-02-12 16:20:39.164245 | waiting 0.75s
2020-02-12 16:20:39.916447 | > WORKER_WAIT (0.000s wait)
2020-02-12 16:20:39.916842 | waiting 0.75s
2020-02-12 16:20:40.669126 | > WORKER_WAIT (0.000s wait)
2020-02-12 16:20:40.669509 | waiting 0.75s
2020-02-12 16:20:41.421791 | > WORKER_WAIT (0.000s wait)
2020-02-12 16:20:41.422185 | waiting 0.75s
2020-02-12 16:20:42.174453 | > WORKER_WAIT (0.000s wait)
2020-02-12 16:20:42.174835 | waiting 0.75s
2020-02-12 16:20:42.927183 | > WORKER_WAIT (0.000s wait)
2020-02-12 16:20:42.927563 | waiting 0.75s
2020-02-12 16:20:43.679845 | > WORKER_WAIT (0.001s wait)
2020-02-12 16:20:43.680239 | waiting 0.75s
2020-02-12 16:20:44.432527 | > WORKER_WAIT (0.000s wait)
2020-02-12 16:20:44.432926 | waiting 0.75s
2020-02-12 16:20:45.185113 | > WORKER_WAIT (0.000s wait)
2020-02-12 16:20:45.185561 | waiting 0.75s
2020-02-12 16:20:45.937673 | > WORKER_WAIT (0.000s wait)
2020-02-12 16:20:45.938127 | waiting 0.75s
2020-02-12 16:20:46.690267 | > WORKER_WAIT (0.000s wait)
2020-02-12 16:20:46.690700 | waiting 0.75s
2020-02-12 16:20:47.442924 | > WORKER_WAIT (0.000s wait)
2020-02-12 16:20:47.443346 | waiting 0.75s
2020-02-12 16:20:48.195647 | > WORKER_WAIT (0.000s wait)
2020-02-12 16:20:48.196078 | waiting 0.75s
2020-02-12 16:20:48.948354 | > WORKER_WAIT (0.000s wait)
2020-02-12 16:20:48.948766 | waiting 0.75s
2020-02-12 16:20:49.700988 | > WORKER_WAIT (0.000s wait)
2020-02-12 16:20:49.701404 | waiting 0.75s
2020-02-12 16:20:50.453555 | > WORKER_WAIT (0.000s wait)
2020-02-12 16:20:50.453987 | waiting 0.75s
2020-02-12 16:20:51.206161 | > WORKER_WAIT (0.000s wait)
2020-02-12 16:20:51.206581 | waiting 0.75s
2020-02-12 16:20:51.958746 | > WORKER_WAIT (0.000s wait)
2020-02-12 16:20:51.959175 | waiting 0.75s
2020-02-12 16:20:52.711452 | > WORKER_WAIT (0.000s wait)
2020-02-12 16:20:52.711874 | waiting 0.75s
2020-02-12 16:20:53.464138 | > WORKER_WAIT (0.000s wait)
2020-02-12 16:20:53.464549 | waiting 0.75s
2020-02-12 16:20:54.216815 | > WORKER_WAIT (0.000s wait)
2020-02-12 16:20:54.217248 | waiting 0.75s
2020-02-12 16:20:54.970118 | > WORKER_WAIT (0.000s wait)
2020-02-12 16:20:54.970534 | waiting 0.75s
2020-02-12 16:20:55.723049 | > WORKER_WAIT (0.000s wait)
2020-02-12 16:20:55.723469 | waiting 0.75s
2020-02-12 16:20:56.475108 | > WORKER_WAIT (0.000s wait)
2020-02-12 16:20:56.475550 | waiting 0.75s
2020-02-12 16:20:57.227069 | > WORKER_WAIT (0.000s wait)
2020-02-12 16:20:57.227517 | waiting 0.75s
2020-02-12 16:20:57.979537 | > WORKER_WAIT (0.000s wait)
2020-02-12 16:20:57.980001 | waiting 0.75s
2020-02-12 16:20:58.732250 | > WORKER_WAIT (0.000s wait)
2020-02-12 16:20:58.732709 | waiting 0.75s
2020-02-12 16:20:59.484904 | > WORKER_WAIT (0.000s wait)
2020-02-12 16:20:59.485349 | waiting 0.75s
2020-02-12 16:21:00.237803 | > WORKER_WAIT (0.000s wait)
2020-02-12 16:21:00.238253 | waiting 0.75s
2020-02-12 16:21:00.990416 | > WORKER_WAIT (0.000s wait)
2020-02-12 16:21:00.990862 | waiting 0.75s
2020-02-12 16:21:01.743136 | > WORKER_WAIT (0.000s wait)
2020-02-12 16:21:01.743572 | waiting 0.75s
2020-02-12 16:21:02.496476 | > WORKER_WAIT (0.000s wait)
2020-02-12 16:21:02.496894 | waiting 0.75s
2020-02-12 16:21:03.249149 | > WORKER_WAIT (0.000s wait)
2020-02-12 16:21:03.249597 | waiting 0.75s
2020-02-12 16:21:04.001529 | > WORKER_WAIT (0.000s wait)
2020-02-12 16:21:04.001970 | waiting 0.75s
2020-02-12 16:21:04.754136 | > WORKER_WAIT (0.000s wait)
2020-02-12 16:21:04.754533 | waiting 0.75s
2020-02-12 16:21:05.506660 | > WORKER_WAIT (0.000s wait)
2020-02-12 16:21:05.507081 | waiting 0.75s
2020-02-12 16:21:06.259626 | > WORKER_WAIT (0.000s wait)
2020-02-12 16:21:06.260047 | waiting 0.75s
2020-02-12 16:21:07.011974 | > WORKER_WAIT (0.000s wait)
2020-02-12 16:21:07.012371 | waiting 0.75s
2020-02-12 16:21:07.764572 | > WORKER_WAIT (0.000s wait)
2020-02-12 16:21:07.764980 | waiting 0.75s
2020-02-12 16:21:08.516717 | > WORKER_WAIT (0.000s wait)
2020-02-12 16:21:08.517135 | waiting 0.75s
2020-02-12 16:21:09.268880 | > WORKER_WAIT (0.000s wait)
2020-02-12 16:21:09.269309 | waiting 0.75s
2020-02-12 16:21:10.021501 | > WORKER_WAIT (0.000s wait)
2020-02-12 16:21:10.021893 | waiting 0.75s
2020-02-12 16:21:10.774027 | > WORKER_WAIT (0.000s wait)
2020-02-12 16:21:10.774421 | waiting 0.75s
2020-02-12 16:21:11.526673 | > WORKER_WAIT (0.000s wait)
2020-02-12 16:21:11.527112 | waiting 0.75s
2020-02-12 16:21:12.279254 | > WORKER_WAIT (0.000s wait)
2020-02-12 16:21:12.279663 | waiting 0.75s
2020-02-12 16:21:13.031872 | > WORKER_WAIT (0.001s wait)
2020-02-12 16:21:13.032267 | waiting 0.75s
2020-02-12 16:21:13.784164 | > WORKER_WAIT (0.000s wait)
2020-02-12 16:21:13.784588 | waiting 0.75s
2020-02-12 16:21:14.536710 | > WORKER_WAIT (0.000s wait)
2020-02-12 16:21:14.537120 | waiting 0.75s
2020-02-12 16:21:15.289341 | > WORKER_WAIT (0.000s wait)
2020-02-12 16:21:15.289755 | waiting 0.75s
2020-02-12 16:21:16.041508 | > WORKER_WAIT (0.000s wait)
2020-02-12 16:21:16.041907 | waiting 0.75s
2020-02-12 16:21:16.793949 | > WORKER_WAIT (0.000s wait)
2020-02-12 16:21:16.794339 | waiting 0.75s
2020-02-12 16:21:17.546542 | > WORKER_WAIT (0.000s wait)
2020-02-12 16:21:17.546972 | waiting 0.75s
2020-02-12 16:21:18.299035 | > WORKER_WAIT (0.000s wait)
2020-02-12 16:21:18.299442 | waiting 0.75s
2020-02-12 16:21:19.051494 | > WORKER_WAIT (0.000s wait)
2020-02-12 16:21:19.051894 | waiting 0.75s
2020-02-12 16:21:19.804433 | > WORKER_WAIT (0.000s wait)
2020-02-12 16:21:19.804850 | waiting 0.75s
2020-02-12 16:21:20.557056 | > WORKER_WAIT (0.000s wait)
2020-02-12 16:21:20.557450 | waiting 0.75s
2020-02-12 16:21:21.309458 | > WORKER_WAIT (0.000s wait)
2020-02-12 16:21:21.309855 | waiting 0.75s
2020-02-12 16:21:22.062079 | > WORKER_WAIT (0.000s wait)
2020-02-12 16:21:22.062490 | waiting 0.75s
2020-02-12 16:21:22.814702 | > WORKER_WAIT (0.000s wait)
2020-02-12 16:21:22.815140 | waiting 0.75s
2020-02-12 16:21:23.567359 | > WORKER_WAIT (0.000s wait)
2020-02-12 16:21:23.567751 | waiting 0.75s
2020-02-12 16:21:24.320008 | > WORKER_WAIT (0.000s wait)
2020-02-12 16:21:24.320415 | waiting 0.75s
2020-02-12 16:21:25.072572 | > WORKER_WAIT (0.000s wait)
2020-02-12 16:21:25.073003 | waiting 0.75s
2020-02-12 16:21:25.825240 | > WORKER_WAIT (0.000s wait)
2020-02-12 16:21:25.825644 | waiting 0.75s
2020-02-12 16:21:26.577692 | > WORKER_WAIT (0.000s wait)
2020-02-12 16:21:26.578101 | waiting 0.75s
2020-02-12 16:21:27.330305 | > WORKER_WAIT (0.000s wait)
2020-02-12 16:21:27.330699 | waiting 0.75s
2020-02-12 16:21:28.082428 | > WORKER_WAIT (0.000s wait)
2020-02-12 16:21:28.082826 | waiting 0.75s
2020-02-12 16:21:28.834979 | > WORKER_WAIT (0.000s wait)
2020-02-12 16:21:28.835374 | waiting 0.75s
2020-02-12 16:21:29.587327 | > WORKER_WAIT (0.000s wait)
2020-02-12 16:21:29.587727 | waiting 0.75s
2020-02-12 16:21:30.340040 | > WORKER_WAIT (0.000s wait)
2020-02-12 16:21:30.340448 | waiting 0.75s
2020-02-12 16:21:31.092470 | > WORKER_WAIT (0.000s wait)
2020-02-12 16:21:31.092859 | waiting 0.75s
2020-02-12 16:21:31.845083 | > WORKER_WAIT (0.000s wait)
2020-02-12 16:21:31.845480 | waiting 0.75s
2020-02-12 16:21:32.597617 | > WORKER_WAIT (0.000s wait)
2020-02-12 16:21:32.598060 | waiting 0.75s
2020-02-12 16:21:33.350274 | > WORKER_WAIT (0.000s wait)
2020-02-12 16:21:33.350700 | waiting 0.75s
2020-02-12 16:21:34.102922 | > WORKER_WAIT (0.000s wait)
2020-02-12 16:21:34.103333 | waiting 0.75s
2020-02-12 16:21:34.855504 | > WORKER_WAIT (0.000s wait)
2020-02-12 16:21:34.855918 | waiting 0.75s
2020-02-12 16:21:35.608211 | > WORKER_WAIT (0.000s wait)
2020-02-12 16:21:35.608620 | waiting 0.75s
2020-02-12 16:21:36.360785 | > WORKER_WAIT (0.000s wait)
2020-02-12 16:21:36.361193 | waiting 0.75s
2020-02-12 16:21:37.113473 | > WORKER_WAIT (0.000s wait)
2020-02-12 16:21:37.113875 | waiting 0.75s
2020-02-12 16:21:37.866039 | > WORKER_WAIT (0.000s wait)
2020-02-12 16:21:37.866436 | waiting 0.75s
2020-02-12 16:21:38.618610 | > WORKER_WAIT (0.000s wait)
2020-02-12 16:21:38.619023 | waiting 0.75s
2020-02-12 16:21:39.371272 | > WORKER_WAIT (0.000s wait)
2020-02-12 16:21:39.371664 | waiting 0.75s
2020-02-12 16:21:40.123962 | > WORKER_WAIT (0.000s wait)
2020-02-12 16:21:40.124372 | waiting 0.75s
2020-02-12 16:21:40.876637 | > WORKER_WAIT (0.000s wait)
2020-02-12 16:21:40.877045 | waiting 0.75s
2020-02-12 16:21:41.629221 | > WORKER_WAIT (0.000s wait)
2020-02-12 16:21:41.629616 | waiting 0.75s
2020-02-12 16:21:42.381845 | > WORKER_WAIT (0.001s wait)
2020-02-12 16:21:42.382255 | waiting 0.75s
2020-02-12 16:21:43.134374 | > WORKER_WAIT (0.000s wait)
2020-02-12 16:21:43.134783 | waiting 0.75s
2020-02-12 16:21:43.887082 | > WORKER_WAIT (0.000s wait)
2020-02-12 16:21:43.887485 | waiting 0.75s
2020-02-12 16:21:44.639616 | > WORKER_WAIT (0.000s wait)
2020-02-12 16:21:44.640048 | waiting 0.75s
2020-02-12 16:21:45.392319 | > WORKER_WAIT (0.000s wait)
2020-02-12 16:21:45.392725 | waiting 0.75s
2020-02-12 16:21:46.144984 | > WORKER_WAIT (0.000s wait)
2020-02-12 16:21:46.145396 | waiting 0.75s
2020-02-12 16:21:46.897642 | > WORKER_WAIT (0.000s wait)
2020-02-12 16:21:46.898080 | waiting 0.75s
2020-02-12 16:21:47.650317 | > WORKER_WAIT (0.000s wait)
2020-02-12 16:21:47.650715 | waiting 0.75s
2020-02-12 16:21:48.402781 | > WORKER_WAIT (0.000s wait)
2020-02-12 16:21:48.403191 | waiting 0.75s
2020-02-12 16:21:49.155392 | > WORKER_WAIT (0.000s wait)
2020-02-12 16:21:49.155800 | waiting 0.75s
2020-02-12 16:21:49.907971 | > WORKER_WAIT (0.000s wait)
2020-02-12 16:21:49.908372 | waiting 0.75s
2020-02-12 16:21:50.660629 | > WORKER_WAIT (0.000s wait)
2020-02-12 16:21:50.661074 | waiting 0.75s
2020-02-12 16:21:51.413129 | > WORKER_WAIT (0.000s wait)
2020-02-12 16:21:51.413525 | waiting 0.75s
2020-02-12 16:21:52.165687 | > WORKER_WAIT (0.000s wait)
2020-02-12 16:21:52.166105 | waiting 0.75s
2020-02-12 16:21:52.918166 | > WORKER_WAIT (0.000s wait)
2020-02-12 16:21:52.918579 | waiting 0.75s
2020-02-12 16:21:53.670725 | > WORKER_WAIT (0.000s wait)
2020-02-12 16:21:53.671133 | waiting 0.75s
2020-02-12 16:21:54.423234 | > WORKER_WAIT (0.000s wait)
2020-02-12 16:21:54.423642 | waiting 0.75s
2020-02-12 16:21:55.175293 | > WORKER_WAIT (0.000s wait)
2020-02-12 16:21:55.175701 | waiting 0.75s
2020-02-12 16:21:55.928077 | > WORKER_WAIT (0.000s wait)
2020-02-12 16:21:55.928482 | waiting 0.75s
2020-02-12 16:21:56.680861 | > WORKER_WAIT (0.001s wait)
2020-02-12 16:21:56.681284 | waiting 0.75s
2020-02-12 16:21:57.433720 | > WORKER_WAIT (0.000s wait)
2020-02-12 16:21:57.434143 | waiting 0.75s
2020-02-12 16:21:58.186425 | > WORKER_WAIT (0.000s wait)
2020-02-12 16:21:58.186832 | waiting 0.75s
2020-02-12 16:21:58.939245 | > WORKER_WAIT (0.000s wait)
2020-02-12 16:21:58.939645 | waiting 0.75s
2020-02-12 16:21:59.690806 | > WORKER_WAIT (0.000s wait)
2020-02-12 16:21:59.691210 | waiting 0.75s
2020-02-12 16:22:00.443212 | > WORKER_WAIT (0.000s wait)
2020-02-12 16:22:00.443622 | waiting 0.75s
2020-02-12 16:22:01.195696 | > WORKER_WAIT (0.000s wait)
2020-02-12 16:22:01.196112 | waiting 0.75s
2020-02-12 16:22:01.948049 | > WORKER_WAIT (0.000s wait)
2020-02-12 16:22:01.948450 | waiting 0.75s
2020-02-12 16:22:02.700595 | > WORKER_WAIT (0.000s wait)
2020-02-12 16:22:02.701017 | waiting 0.75s
2020-02-12 16:22:03.453127 | > WORKER_WAIT (0.000s wait)
2020-02-12 16:22:03.453523 | waiting 0.75s
2020-02-12 16:22:04.205479 | > WORKER_WAIT (0.000s wait)
2020-02-12 16:22:04.205874 | waiting 0.75s
2020-02-12 16:22:04.958039 | > WORKER_WAIT (0.000s wait)
2020-02-12 16:22:04.958436 | waiting 0.75s
2020-02-12 16:22:05.710296 | > WORKER_WAIT (0.000s wait)
2020-02-12 16:22:05.710687 | waiting 0.75s
2020-02-12 16:22:06.462752 | > WORKER_WAIT (0.000s wait)
2020-02-12 16:22:06.463167 | waiting 0.75s
2020-02-12 16:22:07.215112 | > WORKER_WAIT (0.000s wait)
2020-02-12 16:22:07.215514 | waiting 0.75s
2020-02-12 16:22:07.967604 | > WORKER_WAIT (0.000s wait)
2020-02-12 16:22:07.968012 | waiting 0.75s
2020-02-12 16:22:08.720078 | > WORKER_WAIT (0.000s wait)
2020-02-12 16:22:08.720479 | waiting 0.75s
2020-02-12 16:22:09.472451 | > WORKER_WAIT (0.000s wait)
2020-02-12 16:22:09.472837 | waiting 0.75s
2020-02-12 16:22:10.224964 | > WORKER_WAIT (0.000s wait)
2020-02-12 16:22:10.225360 | waiting 0.75s
2020-02-12 16:22:10.977289 | > WORKER_WAIT (0.000s wait)
2020-02-12 16:22:10.977690 | waiting 0.75s
2020-02-12 16:22:11.729777 | > WORKER_WAIT (0.000s wait)
2020-02-12 16:22:11.730188 | waiting 0.75s
2020-02-12 16:22:12.482079 | > WORKER_WAIT (0.000s wait)
2020-02-12 16:22:12.482468 | waiting 0.75s
2020-02-12 16:22:13.234387 | > WORKER_WAIT (0.000s wait)
2020-02-12 16:22:13.234790 | waiting 0.75s
2020-02-12 16:22:13.986717 | > WORKER_WAIT (0.000s wait)
2020-02-12 16:22:13.987132 | waiting 0.75s
2020-02-12 16:22:14.739162 | > WORKER_WAIT (0.000s wait)
2020-02-12 16:22:14.739557 | waiting 0.75s
2020-02-12 16:22:15.490775 | > WORKER_WAIT (0.000s wait)
2020-02-12 16:22:15.491183 | waiting 0.75s
2020-02-12 16:22:16.242859 | > WORKER_WAIT (0.001s wait)
2020-02-12 16:22:16.243262 | waiting 0.75s
2020-02-12 16:22:16.995218 | > WORKER_WAIT (0.000s wait)
2020-02-12 16:22:16.995607 | waiting 0.75s
2020-02-12 16:22:17.747516 | > WORKER_WAIT (0.000s wait)
2020-02-12 16:22:17.747939 | waiting 0.75s
2020-02-12 16:22:18.499900 | > WORKER_WAIT (0.000s wait)
2020-02-12 16:22:18.500321 | waiting 0.75s
2020-02-12 16:22:19.252204 | > WORKER_WAIT (0.000s wait)
2020-02-12 16:22:19.252612 | waiting 0.75s
2020-02-12 16:22:20.003760 | > WORKER_WAIT (0.000s wait)
2020-02-12 16:22:20.004168 | waiting 0.75s
2020-02-12 16:22:20.755733 | > WORKER_WAIT (0.000s wait)
2020-02-12 16:22:20.756142 | waiting 0.75s
2020-02-12 16:22:21.508064 | > WORKER_WAIT (0.000s wait)
2020-02-12 16:22:21.508466 | waiting 0.75s
2020-02-12 16:22:22.260349 | > WORKER_WAIT (0.000s wait)
2020-02-12 16:22:22.260740 | waiting 0.75s
2020-02-12 16:22:23.012663 | > WORKER_WAIT (0.000s wait)
2020-02-12 16:22:23.013084 | waiting 0.75s
2020-02-12 16:22:23.764951 | > WORKER_WAIT (0.000s wait)
2020-02-12 16:22:23.765342 | waiting 0.75s
2020-02-12 16:22:24.516793 | > WORKER_WAIT (0.000s wait)
2020-02-12 16:22:24.517203 | waiting 0.75s
2020-02-12 16:22:25.269085 | > WORKER_WAIT (0.000s wait)
2020-02-12 16:22:25.269486 | waiting 0.75s
2020-02-12 16:22:26.021381 | > WORKER_WAIT (0.000s wait)
2020-02-12 16:22:26.021775 | waiting 0.75s
2020-02-12 16:22:26.773766 | > WORKER_WAIT (0.000s wait)
2020-02-12 16:22:26.774196 | waiting 0.75s
2020-02-12 16:22:27.526081 | > WORKER_WAIT (0.000s wait)
2020-02-12 16:22:27.526467 | waiting 0.75s
2020-02-12 16:22:28.278455 | > WORKER_WAIT (0.000s wait)
2020-02-12 16:22:28.278849 | waiting 0.75s
2020-02-12 16:22:29.030775 | > WORKER_WAIT (0.000s wait)
2020-02-12 16:22:29.031180 | waiting 0.75s
2020-02-12 16:22:29.783062 | > WORKER_WAIT (0.000s wait)
2020-02-12 16:22:29.783463 | waiting 0.75s
2020-02-12 16:22:30.535314 | > WORKER_WAIT (0.000s wait)
2020-02-12 16:22:30.535704 | waiting 0.75s
2020-02-12 16:22:31.287618 | > WORKER_WAIT (0.000s wait)
2020-02-12 16:22:31.288016 | waiting 0.75s
2020-02-12 16:22:32.039875 | > WORKER_WAIT (0.000s wait)
2020-02-12 16:22:32.040289 | waiting 0.75s
2020-02-12 16:22:32.792184 | > WORKER_WAIT (0.000s wait)
2020-02-12 16:22:32.792581 | waiting 0.75s
2020-02-12 16:22:33.544450 | > WORKER_WAIT (0.000s wait)
2020-02-12 16:22:33.544840 | waiting 0.75s
2020-02-12 16:22:34.296726 | > WORKER_WAIT (0.000s wait)
2020-02-12 16:22:34.297133 | waiting 0.75s
2020-02-12 16:22:35.049032 | > WORKER_WAIT (0.000s wait)
2020-02-12 16:22:35.049427 | waiting 0.75s
2020-02-12 16:22:35.801219 | > WORKER_WAIT (0.000s wait)
2020-02-12 16:22:35.801610 | waiting 0.75s
2020-02-12 16:22:36.553611 | > WORKER_WAIT (0.000s wait)
2020-02-12 16:22:36.554013 | waiting 0.75s
2020-02-12 16:22:37.305879 | > WORKER_WAIT (0.001s wait)
2020-02-12 16:22:37.306281 | waiting 0.75s
2020-02-12 16:22:38.058132 | > WORKER_WAIT (0.000s wait)
2020-02-12 16:22:38.058521 | waiting 0.75s
2020-02-12 16:22:38.810354 | > WORKER_WAIT (0.000s wait)
2020-02-12 16:22:38.810735 | waiting 0.75s
2020-02-12 16:22:39.562615 | > WORKER_WAIT (0.000s wait)
2020-02-12 16:22:39.563016 | waiting 0.75s
2020-02-12 16:22:40.314789 | > WORKER_WAIT (0.000s wait)
2020-02-12 16:22:40.315192 | waiting 0.75s
2020-02-12 16:22:41.067224 | > WORKER_WAIT (0.000s wait)
2020-02-12 16:22:41.067609 | waiting 0.75s
2020-02-12 16:22:41.819744 | > WORKER_WAIT (0.000s wait)
2020-02-12 16:22:41.820149 | waiting 0.75s
2020-02-12 16:22:42.572023 | > WORKER_WAIT (0.000s wait)
2020-02-12 16:22:42.572418 | waiting 0.75s
2020-02-12 16:22:43.324282 | > WORKER_WAIT (0.000s wait)
2020-02-12 16:22:43.324677 | waiting 0.75s
2020-02-12 16:22:44.076462 | > WORKER_WAIT (0.000s wait)
2020-02-12 16:22:44.076852 | waiting 0.75s
2020-02-12 16:22:44.828660 | > WORKER_WAIT (0.000s wait)
2020-02-12 16:22:44.829070 | waiting 0.75s
2020-02-12 16:22:45.581159 | > WORKER_WAIT (0.000s wait)
2020-02-12 16:22:45.581544 | waiting 0.75s
2020-02-12 16:22:46.333454 | > WORKER_WAIT (0.000s wait)
2020-02-12 16:22:46.333845 | waiting 0.75s
2020-02-12 16:22:47.086079 | > WORKER_WAIT (0.000s wait)
2020-02-12 16:22:47.086469 | waiting 0.75s
2020-02-12 16:22:47.838679 | > WORKER_WAIT (0.000s wait)
2020-02-12 16:22:47.839087 | waiting 0.75s
2020-02-12 16:22:48.590889 | > WORKER_WAIT (0.000s wait)
2020-02-12 16:22:48.591293 | waiting 0.75s
2020-02-12 16:22:49.343044 | > WORKER_WAIT (0.000s wait)
2020-02-12 16:22:49.343437 | waiting 0.75s
2020-02-12 16:22:50.095819 | > WORKER_WAIT (0.000s wait)
2020-02-12 16:22:50.096230 | waiting 0.75s
2020-02-12 16:22:50.848761 | > WORKER_WAIT (0.000s wait)
2020-02-12 16:22:50.849166 | waiting 0.75s
2020-02-12 16:22:51.601579 | > WORKER_WAIT (0.000s wait)
2020-02-12 16:22:51.602004 | waiting 0.75s
2020-02-12 16:22:54.425969 | > WORKER_WAIT (0.000s wait)
2020-02-12 16:22:54.426592 | waiting 0.75s
2020-02-12 16:22:55.183714 | > WORKER_WAIT (0.000s wait)
2020-02-12 16:22:55.184132 | waiting 0.75s
2020-02-12 16:22:55.936311 | > WORKER_WAIT (0.000s wait)
2020-02-12 16:22:55.936715 | waiting 0.75s
2020-02-12 16:22:56.688913 | > WORKER_WAIT (0.001s wait)
2020-02-12 16:22:56.689356 | waiting 0.75s
2020-02-12 16:22:57.441514 | > WORKER_WAIT (0.000s wait)
2020-02-12 16:22:57.441962 | waiting 0.75s
2020-02-12 16:22:58.194131 | > WORKER_WAIT (0.000s wait)
2020-02-12 16:22:58.194538 | waiting 0.75s
2020-02-12 16:22:58.946722 | > WORKER_WAIT (0.000s wait)
2020-02-12 16:22:58.947179 | waiting 0.75s
2020-02-12 16:22:59.699370 | > WORKER_WAIT (0.000s wait)
2020-02-12 16:22:59.699811 | waiting 0.75s
2020-02-12 16:23:00.452009 | > WORKER_WAIT (0.000s wait)
2020-02-12 16:23:00.452442 | waiting 0.75s
2020-02-12 16:23:01.204561 | > WORKER_WAIT (0.000s wait)
2020-02-12 16:23:01.204992 | waiting 0.75s
2020-02-12 16:23:01.957149 | > WORKER_WAIT (0.000s wait)
2020-02-12 16:23:01.957579 | waiting 0.75s
2020-02-12 16:23:02.876538 | > WORKER_WAIT (0.000s wait)
2020-02-12 16:23:02.876986 | waiting 0.75s
2020-02-12 16:23:03.722517 | > WORKER_WAIT (0.000s wait)
2020-02-12 16:23:03.722904 | waiting 0.75s
Error in clustermq:::worker("tcp://c28a-s7:7632") : 
  Timeout reached, terminating
Execution halted
