2020-01-21 10:07:30.118485 | Master: tcp://c24a-s1:6626
2020-01-21 10:07:30.360214 | WORKER_UP to: tcp://c24a-s1:6626
2020-01-21 10:07:32.926854 | > DO_SETUP (2.534s wait)
2020-01-21 10:07:32.927309 | token from msg: set_common_data_token
2020-01-21 10:07:33.964139 | > DO_CALL (0.001s wait)
.* Option 'clustermq.scheduler' not set, defaulting to ‘SLURM’
--- see: https://mschubert.github.io/clustermq/articles/userguide.html#configuration
2020-01-21 10:07:34.111494 | eval'd: drake::cmq_buildtargetmetadepsspecht_is_subtargetconfig
2020-01-21 10:07:35.464033 | > DO_CALL (0.001s wait)
.2020-01-21 10:07:35.656865 | eval'd: drake::cmq_buildtargetmetadepsspecht_is_subtargetconfig
2020-01-21 10:07:36.966749 | > DO_CALL (0.000s wait)
.2020-01-21 10:07:36.971974 | eval'd: drake::cmq_buildtargetmetadepsspecht_is_subtargetconfig
2020-01-21 10:07:38.624943 | > DO_CALL (0.001s wait)
.2020-01-21 10:07:38.630163 | eval'd: drake::cmq_buildtargetmetadepsspecht_is_subtargetconfig
2020-01-21 10:07:40.130916 | > DO_CALL (0.001s wait)
.2020-01-21 10:07:40.136517 | eval'd: drake::cmq_buildtargetmetadepsspecht_is_subtargetconfig
2020-01-21 10:07:41.562628 | > DO_CALL (0.000s wait)
.2020-01-21 10:07:41.567632 | eval'd: drake::cmq_buildtargetmetadepsspecht_is_subtargetconfig
2020-01-21 10:07:42.910670 | > DO_CALL (0.001s wait)
.2020-01-21 10:07:42.916252 | eval'd: drake::cmq_buildtargetmetadepsspecht_is_subtargetconfig
2020-01-21 10:07:44.151000 | > DO_CALL (0.001s wait)
.2020-01-21 10:07:44.155570 | eval'd: drake::cmq_buildtargetmetadepsspecht_is_subtargetconfig
2020-01-21 10:07:45.470867 | > DO_CALL (0.000s wait)
.
2020-01-21 10:07:45.476469 | eval'd: drake::cmq_buildtargetmetadepsspecht_is_subtargetconfig
2020-01-21 10:07:46.560285 | > DO_CALL (0.001s wait)
.2020-01-21 10:07:46.565930 | eval'd: drake::cmq_buildtargetmetadepsspecht_is_subtargetconfig
2020-01-21 10:07:47.788038 | > DO_CALL (0.000s wait)
.2020-01-21 10:07:47.791958 | eval'd: drake::cmq_buildtargetmetadepsspecht_is_subtargetconfig
2020-01-21 10:07:48.936135 | > DO_CALL (0.000s wait)
.2020-01-21 10:07:48.940020 | eval'd: drake::cmq_buildtargetmetadepsspecht_is_subtargetconfig
2020-01-21 10:07:50.280421 | > DO_CALL (0.001s wait)
.2020-01-21 10:07:50.286097 | eval'd: drake::cmq_buildtargetmetadepsspecht_is_subtargetconfig
2020-01-21 10:07:51.488056 | > DO_CALL (0.000s wait)
.2020-01-21 10:07:51.493688 | eval'd: drake::cmq_buildtargetmetadepsspecht_is_subtargetconfig
2020-01-21 10:07:52.782469 | > DO_CALL (0.001s wait)
.2020-01-21 10:07:52.788048 | eval'd: drake::cmq_buildtargetmetadepsspecht_is_subtargetconfig
2020-01-21 10:07:54.062470 | > DO_CALL (0.001s wait)
.2020-01-21 10:07:54.068124 | eval'd: drake::cmq_buildtargetmetadepsspecht_is_subtargetconfig
2020-01-21 10:07:55.356706 | > DO_CALL (0.001s wait)
.2020-01-21 10:07:55.362652 | eval'd: drake::cmq_buildtargetmetadepsspecht_is_subtargetconfig
2020-01-21 10:07:56.581385 | > DO_CALL (0.001s wait)
.2020-01-21 10:07:56.588030 | eval'd: drake::cmq_buildtargetmetadepsspecht_is_subtargetconfig
2020-01-21 10:07:57.777117 | > DO_CALL (0.001s wait)
.2020-01-21 10:07:57.783730 | eval'd: drake::cmq_buildtargetmetadepsspecht_is_subtargetconfig
2020-01-21 10:07:58.947001 | > DO_CALL (0.001s wait)
.2020-01-21 10:07:58.953600 | eval'd: drake::cmq_buildtargetmetadepsspecht_is_subtargetconfig
2020-01-21 10:08:00.185227 | > DO_CALL (0.001s wait)
.2020-01-21 10:08:00.191861 | eval'd: drake::cmq_buildtargetmetadepsspecht_is_subtargetconfig
2020-01-21 10:08:01.284805 | > DO_CALL (0.000s wait)
.2020-01-21 10:08:01.289215 | eval'd: drake::cmq_buildtargetmetadepsspecht_is_subtargetconfig
2020-01-21 10:08:02.501638 | > DO_CALL (0.001s wait)
.2020-01-21 10:08:02.508318 | eval'd: drake::cmq_buildtargetmetadepsspecht_is_subtargetconfig
2020-01-21 10:08:03.634877 | > DO_CALL (0.000s wait)
.2020-01-21 10:08:03.640031 | eval'd: drake::cmq_buildtargetmetadepsspecht_is_subtargetconfig
2020-01-21 10:08:04.811130 | > DO_CALL (0.001s wait)
.2020-01-21 10:08:04.817795 | eval'd: drake::cmq_buildtargetmetadepsspecht_is_subtargetconfig
2020-01-21 10:08:06.008007 | > DO_CALL (0.001s wait)
.2020-01-21 10:08:06.014638 | eval'd: drake::cmq_buildtargetmetadepsspecht_is_subtargetconfig
2020-01-21 10:08:07.158004 | > DO_CALL (0.001s wait)
.2020-01-21 10:08:07.164621 | eval'd: drake::cmq_buildtargetmetadepsspecht_is_subtargetconfig
2020-01-21 10:08:08.912444 | > DO_CALL (0.001s wait)
.2020-01-21 10:08:08.919081 | eval'd: drake::cmq_buildtargetmetadepsspecht_is_subtargetconfig
2020-01-21 10:08:10.014624 | > DO_CALL (0.001s wait)
.2020-01-21 10:08:10.021257 | eval'd: drake::cmq_buildtargetmetadepsspecht_is_subtargetconfig
2020-01-21 10:08:11.107000 | > DO_CALL (0.001s wait)
.2020-01-21 10:08:11.113593 | eval'd: drake::cmq_buildtargetmetadepsspecht_is_subtargetconfig
2020-01-21 10:08:12.198401 | > DO_CALL (0.001s wait)
.2020-01-21 10:08:12.205045 | eval'd: drake::cmq_buildtargetmetadepsspecht_is_subtargetconfig
2020-01-21 10:08:13.367764 | > DO_CALL (0.000s wait)
.2020-01-21 10:08:13.374277 | eval'd: drake::cmq_buildtargetmetadepsspecht_is_subtargetconfig
2020-01-21 10:08:14.494252 | > DO_CALL (0.000s wait)
.2020-01-21 10:08:14.498744 | eval'd: drake::cmq_buildtargetmetadepsspecht_is_subtargetconfig
2020-01-21 10:08:15.539103 | > DO_CALL (0.001s wait)
.2020-01-21 10:08:15.545751 | eval'd: drake::cmq_buildtargetmetadepsspecht_is_subtargetconfig
2020-01-21 10:08:16.619579 | > DO_CALL (0.001s wait)
.2020-01-21 10:08:16.626265 | eval'd: drake::cmq_buildtargetmetadepsspecht_is_subtargetconfig
2020-01-21 10:08:17.801879 | > DO_CALL (0.000s wait)
.2020-01-21 10:08:17.808510 | eval'd: drake::cmq_buildtargetmetadepsspecht_is_subtargetconfig
2020-01-21 10:08:18.811190 | > DO_CALL (0.001s wait)
.2020-01-21 10:08:18.817838 | eval'd: drake::cmq_buildtargetmetadepsspecht_is_subtargetconfig
2020-01-21 10:08:19.973563 | > DO_CALL (0.001s wait)
.2020-01-21 10:08:19.980195 | eval'd: drake::cmq_buildtargetmetadepsspecht_is_subtargetconfig
2020-01-21 10:08:21.265564 | > DO_CALL (0.001s wait)
.2020-01-21 10:08:21.272209 | eval'd: drake::cmq_buildtargetmetadepsspecht_is_subtargetconfig
2020-01-21 10:08:22.290424 | > DO_CALL (0.001s wait)
.2020-01-21 10:08:22.297069 | eval'd: drake::cmq_buildtargetmetadepsspecht_is_subtargetconfig
2020-01-21 10:08:24.019617 | > DO_CALL (0.001s wait)
.2020-01-21 10:08:24.026277 | eval'd: drake::cmq_buildtargetmetadepsspecht_is_subtargetconfig
2020-01-21 10:08:26.676509 | > DO_CALL (0.001s wait)
.2020-01-21 10:08:26.683220 | eval'd: drake::cmq_buildtargetmetadepsspecht_is_subtargetconfig
2020-01-21 10:08:27.808185 | > DO_CALL (0.006s wait)
.2020-01-21 10:08:27.813490 | eval'd: drake::cmq_buildtargetmetadepsspecht_is_subtargetconfig
2020-01-21 10:08:28.826501 | > DO_CALL (0.001s wait)
.2020-01-21 10:08:28.831732 | eval'd: drake::cmq_buildtargetmetadepsspecht_is_subtargetconfig
2020-01-21 10:08:29.880366 | > DO_CALL (0.001s wait)
.2020-01-21 10:08:29.885651 | eval'd: drake::cmq_buildtargetmetadepsspecht_is_subtargetconfig
2020-01-21 10:08:30.977469 | > DO_CALL (0.001s wait)
.2020-01-21 10:08:30.982751 | eval'd: drake::cmq_buildtargetmetadepsspecht_is_subtargetconfig
2020-01-21 10:08:32.175151 | > DO_CALL (0.001s wait)
.2020-01-21 10:08:32.180403 | eval'd: drake::cmq_buildtargetmetadepsspecht_is_subtargetconfig
2020-01-21 10:08:33.250471 | > DO_CALL (0.001s wait)
.2020-01-21 10:08:33.255700 | eval'd: drake::cmq_buildtargetmetadepsspecht_is_subtargetconfig
2020-01-21 10:08:34.334851 | > DO_CALL (0.000s wait)
.2020-01-21 10:08:34.340452 | eval'd: drake::cmq_buildtargetmetadepsspecht_is_subtargetconfig
2020-01-21 10:08:35.419373 | > DO_CALL (0.001s wait)
.2020-01-21 10:08:35.424709 | eval'd: drake::cmq_buildtargetmetadepsspecht_is_subtargetconfig
2020-01-21 10:08:36.474827 | > DO_CALL (0.000s wait)
.2020-01-21 10:08:36.480126 | eval'd: drake::cmq_buildtargetmetadepsspecht_is_subtargetconfig
2020-01-21 10:08:37.518788 | > DO_CALL (0.000s wait)
.2020-01-21 10:08:37.524073 | eval'd: drake::cmq_buildtargetmetadepsspecht_is_subtargetconfig
2020-01-21 10:08:38.606271 | > DO_CALL (0.000s wait)
.2020-01-21 10:08:38.610777 | eval'd: drake::cmq_buildtargetmetadepsspecht_is_subtargetconfig
2020-01-21 10:08:39.646355 | > DO_CALL (0.001s wait)
.2020-01-21 10:08:39.651713 | eval'd: drake::cmq_buildtargetmetadepsspecht_is_subtargetconfig
2020-01-21 10:08:40.660011 | > DO_CALL (0.001s wait)
.2020-01-21 10:08:40.665246 | eval'd: drake::cmq_buildtargetmetadepsspecht_is_subtargetconfig
2020-01-21 10:08:41.711519 | > DO_CALL (0.001s wait)
.2020-01-21 10:08:41.716840 | eval'd: drake::cmq_buildtargetmetadepsspecht_is_subtargetconfig
2020-01-21 10:08:42.413152 | > WORKER_WAIT (0.000s wait)
2020-01-21 10:08:42.413548 | waiting 1.00s
2020-01-21 10:08:50.658070 | > WORKER_WAIT (0.000s wait)
2020-01-21 10:08:50.658842 | waiting 1.00s
2020-01-21 10:09:41.665392 | > WORKER_STOP (0.000s wait)
2020-01-21 10:09:41.668826 | shutting down worker
2020-01-21 10:09:41.904415 | 
Total: 56 in 2.38s [user], 0.27s [system], 131.31s [elapsed]
