2020-01-21 10:12:29.050047 | Master: tcp://c30a-s2:6917
2020-01-21 10:12:29.071004 | WORKER_UP to: tcp://c30a-s2:6917
2020-01-21 10:12:32.079081 | > DO_SETUP (2.482s wait)
2020-01-21 10:12:32.079724 | token from msg: set_common_data_token
2020-01-21 10:12:32.933667 | > DO_CALL (0.001s wait)
.* Option 'clustermq.scheduler' not set, defaulting to ‘SLURM’
--- see: https://mschubert.github.io/clustermq/articles/userguide.html#configuration
2020-01-21 10:12:33.313884 | eval'd: drake::cmq_buildtargetmetadepsspecht_is_subtargetconfig
2020-01-21 10:12:35.196861 | > DO_CALL (0.001s wait)
.2020-01-21 10:12:35.398805 | eval'd: drake::cmq_buildtargetmetadepsspecht_is_subtargetconfig
2020-01-21 10:12:37.883940 | > DO_CALL (0.003s wait)
.2020-01-21 10:12:37.893780 | eval'd: drake::cmq_buildtargetmetadepsspecht_is_subtargetconfig
2020-01-21 10:12:39.699384 | > DO_CALL (0.000s wait)
.2020-01-21 10:12:39.706700 | eval'd: drake::cmq_buildtargetmetadepsspecht_is_subtargetconfig
2020-01-21 10:12:41.463345 | > DO_CALL (0.000s wait)
.2020-01-21 10:12:41.470563 | eval'd: drake::cmq_buildtargetmetadepsspecht_is_subtargetconfig
2020-01-21 10:12:43.477889 | > DO_CALL (0.001s wait)
.2020-01-21 10:12:43.486050 | eval'd: drake::cmq_buildtargetmetadepsspecht_is_subtargetconfig
2020-01-21 10:12:45.109515 | > DO_CALL (0.001s wait)
.2020-01-21 10:12:45.117246 | eval'd: drake::cmq_buildtargetmetadepsspecht_is_subtargetconfig
2020-01-21 10:12:46.845634 | > DO_CALL (0.001s wait)
.2020-01-21 10:12:46.853228 | eval'd: drake::cmq_buildtargetmetadepsspecht_is_subtargetconfig
2020-01-21 10:12:48.635592 | > DO_CALL (0.001s wait)
.2020-01-21 10:12:48.643347 | eval'd: drake::cmq_buildtargetmetadepsspecht_is_subtargetconfig
2020-01-21 10:12:50.690530 | > DO_CALL (0.001s wait)
.2020-01-21 10:12:50.698107 | eval'd: drake::cmq_buildtargetmetadepsspecht_is_subtargetconfig
2020-01-21 10:12:52.487500 | > DO_CALL (0.001s wait)
.2020-01-21 10:12:52.495284 | eval'd: drake::cmq_buildtargetmetadepsspecht_is_subtargetconfig
2020-01-21 10:12:54.028508 | > DO_CALL (0.001s wait)
.2020-01-21 10:12:54.036382 | eval'd: drake::cmq_buildtargetmetadepsspecht_is_subtargetconfig
2020-01-21 10:12:55.728069 | > DO_CALL (0.001s wait)
.2020-01-21 10:12:55.736024 | eval'd: drake::cmq_buildtargetmetadepsspecht_is_subtargetconfig
2020-01-21 10:12:57.627708 | > DO_CALL (0.001s wait)
.2020-01-21 10:12:57.635442 | eval'd: drake::cmq_buildtargetmetadepsspecht_is_subtargetconfig
2020-01-21 10:12:59.549578 | > DO_CALL (0.001s wait)
.2020-01-21 10:12:59.557181 | eval'd: drake::cmq_buildtargetmetadepsspecht_is_subtargetconfig
2020-01-21 10:13:01.336714 | > DO_CALL (0.001s wait)
.2020-01-21 10:13:01.344627 | eval'd: drake::cmq_buildtargetmetadepsspecht_is_subtargetconfig
2020-01-21 10:13:03.164260 | > DO_CALL (0.001s wait)
.2020-01-21 10:13:03.172597 | eval'd: drake::cmq_buildtargetmetadepsspecht_is_subtargetconfig
2020-01-21 10:13:04.902708 | > DO_CALL (0.001s wait)
.2020-01-21 10:13:04.910485 | eval'd: drake::cmq_buildtargetmetadepsspecht_is_subtargetconfig
2020-01-21 10:13:06.605117 | > DO_CALL (0.001s wait)
.
2020-01-21 10:13:06.612809 | eval'd: drake::cmq_buildtargetmetadepsspecht_is_subtargetconfig
2020-01-21 10:13:08.432056 | > DO_CALL (0.001s wait)
.2020-01-21 10:13:08.439809 | eval'd: drake::cmq_buildtargetmetadepsspecht_is_subtargetconfig
2020-01-21 10:13:10.196145 | > DO_CALL (0.001s wait)
.2020-01-21 10:13:10.204016 | eval'd: drake::cmq_buildtargetmetadepsspecht_is_subtargetconfig
2020-01-21 10:13:12.204463 | > DO_CALL (0.001s wait)
.2020-01-21 10:13:12.212241 | eval'd: drake::cmq_buildtargetmetadepsspecht_is_subtargetconfig
2020-01-21 10:13:14.081860 | > DO_CALL (0.001s wait)
.2020-01-21 10:13:14.089828 | eval'd: drake::cmq_buildtargetmetadepsspecht_is_subtargetconfig
2020-01-21 10:13:16.221141 | > DO_CALL (0.001s wait)
.2020-01-21 10:13:16.229001 | eval'd: drake::cmq_buildtargetmetadepsspecht_is_subtargetconfig
2020-01-21 10:13:18.060315 | > DO_CALL (0.001s wait)
.2020-01-21 10:13:18.068116 | eval'd: drake::cmq_buildtargetmetadepsspecht_is_subtargetconfig
2020-01-21 10:13:19.777564 | > DO_CALL (0.001s wait)
.2020-01-21 10:13:19.785651 | eval'd: drake::cmq_buildtargetmetadepsspecht_is_subtargetconfig
2020-01-21 10:13:22.403059 | > DO_CALL (0.001s wait)
.2020-01-21 10:13:22.411086 | eval'd: drake::cmq_buildtargetmetadepsspecht_is_subtargetconfig
2020-01-21 10:13:24.366596 | > DO_CALL (0.001s wait)
.2020-01-21 10:13:24.374633 | eval'd: drake::cmq_buildtargetmetadepsspecht_is_subtargetconfig
2020-01-21 10:13:25.943470 | > DO_CALL (0.001s wait)
.2020-01-21 10:13:25.951342 | eval'd: drake::cmq_buildtargetmetadepsspecht_is_subtargetconfig
2020-01-21 10:13:27.868332 | > DO_CALL (0.001s wait)
.2020-01-21 10:13:27.890790 | eval'd: drake::cmq_buildtargetmetadepsspecht_is_subtargetconfig
2020-01-21 10:13:29.589441 | > DO_CALL (0.001s wait)
.2020-01-21 10:13:29.595967 | eval'd: drake::cmq_buildtargetmetadepsspecht_is_subtargetconfig
2020-01-21 10:13:31.370123 | > DO_CALL (0.001s wait)
.2020-01-21 10:13:31.376299 | eval'd: drake::cmq_buildtargetmetadepsspecht_is_subtargetconfig
2020-01-21 10:13:33.620767 | > DO_CALL (0.001s wait)
.2020-01-21 10:13:33.627010 | eval'd: drake::cmq_buildtargetmetadepsspecht_is_subtargetconfig
2020-01-21 10:13:35.614330 | > DO_CALL (0.000s wait)
.2020-01-21 10:13:35.620406 | eval'd: drake::cmq_buildtargetmetadepsspecht_is_subtargetconfig
2020-01-21 10:13:37.425294 | > DO_CALL (0.000s wait)
.2020-01-21 10:13:37.431500 | eval'd: drake::cmq_buildtargetmetadepsspecht_is_subtargetconfig
2020-01-21 10:13:39.280067 | > DO_CALL (0.001s wait)
.2020-01-21 10:13:39.286377 | eval'd: drake::cmq_buildtargetmetadepsspecht_is_subtargetconfig
2020-01-21 10:13:41.342481 | > DO_CALL (0.001s wait)
.2020-01-21 10:13:41.348613 | eval'd: drake::cmq_buildtargetmetadepsspecht_is_subtargetconfig
2020-01-21 10:13:43.151499 | > DO_CALL (0.001s wait)
.2020-01-21 10:13:43.158288 | eval'd: drake::cmq_buildtargetmetadepsspecht_is_subtargetconfig
2020-01-21 10:13:44.818183 | > DO_CALL (0.000s wait)
.2020-01-21 10:13:44.824619 | eval'd: drake::cmq_buildtargetmetadepsspecht_is_subtargetconfig
2020-01-21 10:13:46.341119 | > DO_CALL (0.001s wait)
.2020-01-21 10:13:46.347522 | eval'd: drake::cmq_buildtargetmetadepsspecht_is_subtargetconfig
2020-01-21 10:13:47.856649 | > DO_CALL (0.001s wait)
.2020-01-21 10:13:47.862940 | eval'd: drake::cmq_buildtargetmetadepsspecht_is_subtargetconfig
2020-01-21 10:13:49.475144 | > DO_CALL (0.001s wait)
.2020-01-21 10:13:49.481554 | eval'd: drake::cmq_buildtargetmetadepsspecht_is_subtargetconfig
2020-01-21 10:13:50.939113 | > DO_CALL (0.001s wait)
.2020-01-21 10:13:50.945283 | eval'd: drake::cmq_buildtargetmetadepsspecht_is_subtargetconfig
2020-01-21 10:13:52.623209 | > DO_CALL (0.000s wait)
.2020-01-21 10:13:52.629219 | eval'd: drake::cmq_buildtargetmetadepsspecht_is_subtargetconfig
2020-01-21 10:13:54.270846 | > DO_CALL (0.001s wait)
.2020-01-21 10:13:54.277044 | eval'd: drake::cmq_buildtargetmetadepsspecht_is_subtargetconfig
2020-01-21 10:13:55.849483 | > DO_CALL (0.001s wait)
.2020-01-21 10:13:55.855840 | eval'd: drake::cmq_buildtargetmetadepsspecht_is_subtargetconfig
2020-01-21 10:13:57.589012 | > DO_CALL (0.001s wait)
.2020-01-21 10:13:57.595260 | eval'd: drake::cmq_buildtargetmetadepsspecht_is_subtargetconfig
2020-01-21 10:13:59.274365 | > DO_CALL (0.000s wait)
.2020-01-21 10:13:59.280528 | eval'd: drake::cmq_buildtargetmetadepsspecht_is_subtargetconfig
2020-01-21 10:14:01.295780 | > DO_CALL (0.001s wait)
.2020-01-21 10:14:01.301962 | eval'd: drake::cmq_buildtargetmetadepsspecht_is_subtargetconfig
2020-01-21 10:14:03.063240 | > DO_CALL (0.000s wait)
.2020-01-21 10:14:03.069747 | eval'd: drake::cmq_buildtargetmetadepsspecht_is_subtargetconfig
2020-01-21 10:14:04.814142 | > DO_CALL (0.001s wait)
.2020-01-21 10:14:04.820372 | eval'd: drake::cmq_buildtargetmetadepsspecht_is_subtargetconfig
2020-01-21 10:14:06.676111 | > DO_CALL (0.001s wait)
.2020-01-21 10:14:06.682343 | eval'd: drake::cmq_buildtargetmetadepsspecht_is_subtargetconfig
2020-01-21 10:14:08.452433 | > DO_CALL (0.001s wait)
.2020-01-21 10:14:08.466054 | eval'd: drake::cmq_buildtargetmetadepsspecht_is_subtargetconfig
2020-01-21 10:14:10.313754 | > DO_CALL (0.001s wait)
.2020-01-21 10:14:10.319994 | eval'd: drake::cmq_buildtargetmetadepsspecht_is_subtargetconfig
2020-01-21 10:14:11.939944 | > DO_CALL (0.001s wait)
.2020-01-21 10:14:11.946151 | eval'd: drake::cmq_buildtargetmetadepsspecht_is_subtargetconfig
2020-01-21 10:14:13.488383 | > DO_CALL (0.000s wait)
.2020-01-21 10:14:13.495376 | eval'd: drake::cmq_buildtargetmetadepsspecht_is_subtargetconfig
2020-01-21 10:14:15.147377 | > DO_CALL (0.000s wait)
.2020-01-21 10:14:15.153640 | eval'd: drake::cmq_buildtargetmetadepsspecht_is_subtargetconfig
2020-01-21 10:14:16.647743 | > DO_CALL (0.001s wait)
.2020-01-21 10:14:16.654271 | eval'd: drake::cmq_buildtargetmetadepsspecht_is_subtargetconfig
2020-01-21 10:14:18.466368 | > DO_CALL (0.000s wait)
.2020-01-21 10:14:18.472765 | eval'd: drake::cmq_buildtargetmetadepsspecht_is_subtargetconfig
2020-01-21 10:14:19.884249 | > DO_CALL (0.000s wait)
.2020-01-21 10:14:19.890813 | eval'd: drake::cmq_buildtargetmetadepsspecht_is_subtargetconfig
2020-01-21 10:14:21.308603 | > DO_CALL (0.001s wait)
.2020-01-21 10:14:21.314704 | eval'd: drake::cmq_buildtargetmetadepsspecht_is_subtargetconfig
2020-01-21 10:14:23.740199 | > DO_CALL (0.000s wait)
.2020-01-21 10:14:23.747154 | eval'd: drake::cmq_buildtargetmetadepsspecht_is_subtargetconfig
2020-01-21 10:14:25.841812 | > DO_CALL (0.001s wait)
.2020-01-21 10:14:25.848278 | eval'd: drake::cmq_buildtargetmetadepsspecht_is_subtargetconfig
2020-01-21 10:14:27.151687 | > DO_CALL (0.001s wait)
.2020-01-21 10:14:27.157832 | eval'd: drake::cmq_buildtargetmetadepsspecht_is_subtargetconfig
2020-01-21 10:14:28.914698 | > DO_CALL (0.001s wait)
.2020-01-21 10:14:28.920962 | eval'd: drake::cmq_buildtargetmetadepsspecht_is_subtargetconfig
2020-01-21 10:14:30.293209 | > DO_CALL (0.000s wait)
.2020-01-21 10:14:30.299454 | eval'd: drake::cmq_buildtargetmetadepsspecht_is_subtargetconfig
2020-01-21 10:14:31.644788 | > DO_CALL (0.001s wait)
.2020-01-21 10:14:31.650936 | eval'd: drake::cmq_buildtargetmetadepsspecht_is_subtargetconfig
2020-01-21 10:14:33.177327 | > DO_CALL (0.000s wait)
.2020-01-21 10:14:33.183471 | eval'd: drake::cmq_buildtargetmetadepsspecht_is_subtargetconfig
2020-01-21 10:14:34.512233 | > DO_CALL (0.000s wait)
.2020-01-21 10:14:34.518368 | eval'd: drake::cmq_buildtargetmetadepsspecht_is_subtargetconfig
2020-01-21 10:14:35.888475 | > DO_CALL (0.001s wait)
.2020-01-21 10:14:35.894560 | eval'd: drake::cmq_buildtargetmetadepsspecht_is_subtargetconfig
2020-01-21 10:14:37.396838 | > DO_CALL (0.001s wait)
.2020-01-21 10:14:37.403153 | eval'd: drake::cmq_buildtargetmetadepsspecht_is_subtargetconfig
2020-01-21 10:14:38.861441 | > DO_CALL (0.001s wait)
.2020-01-21 10:14:38.874831 | eval'd: drake::cmq_buildtargetmetadepsspecht_is_subtargetconfig
2020-01-21 10:14:40.508213 | > DO_CALL (0.000s wait)
.2020-01-21 10:14:40.514386 | eval'd: drake::cmq_buildtargetmetadepsspecht_is_subtargetconfig
2020-01-21 10:14:42.054323 | > DO_CALL (0.000s wait)
.2020-01-21 10:14:42.060712 | eval'd: drake::cmq_buildtargetmetadepsspecht_is_subtargetconfig
2020-01-21 10:14:43.843342 | > DO_CALL (0.000s wait)
.2020-01-21 10:14:43.850016 | eval'd: drake::cmq_buildtargetmetadepsspecht_is_subtargetconfig
2020-01-21 10:14:45.250610 | > DO_CALL (0.001s wait)
.2020-01-21 10:14:45.256732 | eval'd: drake::cmq_buildtargetmetadepsspecht_is_subtargetconfig
2020-01-21 10:14:46.772906 | > DO_CALL (0.001s wait)
.2020-01-21 10:14:46.779143 | eval'd: drake::cmq_buildtargetmetadepsspecht_is_subtargetconfig
2020-01-21 10:14:48.283704 | > DO_CALL (0.001s wait)
.2020-01-21 10:14:48.290717 | eval'd: drake::cmq_buildtargetmetadepsspecht_is_subtargetconfig
2020-01-21 10:14:49.655692 | > DO_CALL (0.001s wait)
.2020-01-21 10:14:49.662003 | eval'd: drake::cmq_buildtargetmetadepsspecht_is_subtargetconfig
2020-01-21 10:14:51.264537 | > DO_CALL (0.001s wait)
.2020-01-21 10:14:51.270758 | eval'd: drake::cmq_buildtargetmetadepsspecht_is_subtargetconfig
2020-01-21 10:14:52.778781 | > DO_CALL (0.001s wait)
.2020-01-21 10:14:52.785080 | eval'd: drake::cmq_buildtargetmetadepsspecht_is_subtargetconfig
2020-01-21 10:14:54.150027 | > DO_CALL (0.001s wait)
.2020-01-21 10:14:54.156317 | eval'd: drake::cmq_buildtargetmetadepsspecht_is_subtargetconfig
2020-01-21 10:14:55.891944 | > DO_CALL (0.001s wait)
.2020-01-21 10:14:55.898008 | eval'd: drake::cmq_buildtargetmetadepsspecht_is_subtargetconfig
2020-01-21 10:14:57.339235 | > DO_CALL (0.000s wait)
.2020-01-21 10:14:57.345503 | eval'd: drake::cmq_buildtargetmetadepsspecht_is_subtargetconfig
2020-01-21 10:14:58.722731 | > DO_CALL (0.001s wait)
.2020-01-21 10:14:58.729175 | eval'd: drake::cmq_buildtargetmetadepsspecht_is_subtargetconfig
2020-01-21 10:15:00.089225 | > DO_CALL (0.000s wait)
.2020-01-21 10:15:00.095557 | eval'd: drake::cmq_buildtargetmetadepsspecht_is_subtargetconfig
2020-01-21 10:15:01.596356 | > DO_CALL (0.000s wait)
.2020-01-21 10:15:01.602482 | eval'd: drake::cmq_buildtargetmetadepsspecht_is_subtargetconfig
2020-01-21 10:15:02.958401 | > DO_CALL (0.012s wait)
.2020-01-21 10:15:02.964967 | eval'd: drake::cmq_buildtargetmetadepsspecht_is_subtargetconfig
2020-01-21 10:15:04.551372 | > DO_CALL (0.000s wait)
.2020-01-21 10:15:04.557614 | eval'd: drake::cmq_buildtargetmetadepsspecht_is_subtargetconfig
2020-01-21 10:15:05.976163 | > DO_CALL (0.000s wait)
.2020-01-21 10:15:05.982316 | eval'd: drake::cmq_buildtargetmetadepsspecht_is_subtargetconfig
2020-01-21 10:15:07.291884 | > DO_CALL (0.001s wait)
.2020-01-21 10:15:07.298387 | eval'd: drake::cmq_buildtargetmetadepsspecht_is_subtargetconfig
2020-01-21 10:15:08.837971 | > DO_CALL (0.001s wait)
.2020-01-21 10:15:08.844239 | eval'd: drake::cmq_buildtargetmetadepsspecht_is_subtargetconfig
2020-01-21 10:15:10.164265 | > DO_CALL (0.000s wait)
.2020-01-21 10:15:10.170526 | eval'd: drake::cmq_buildtargetmetadepsspecht_is_subtargetconfig
2020-01-21 10:15:11.717286 | > DO_CALL (0.000s wait)
.2020-01-21 10:15:11.723881 | eval'd: drake::cmq_buildtargetmetadepsspecht_is_subtargetconfig
2020-01-21 10:15:12.937682 | > DO_CALL (0.001s wait)
.2020-01-21 10:15:12.944171 | eval'd: drake::cmq_buildtargetmetadepsspecht_is_subtargetconfig
2020-01-21 10:15:14.462608 | > DO_CALL (0.001s wait)
.2020-01-21 10:15:14.469043 | eval'd: drake::cmq_buildtargetmetadepsspecht_is_subtargetconfig
2020-01-21 10:15:15.770271 | > DO_CALL (0.000s wait)
.2020-01-21 10:15:15.776863 | eval'd: drake::cmq_buildtargetmetadepsspecht_is_subtargetconfig
2020-01-21 10:15:17.023060 | > DO_CALL (0.001s wait)
.
2020-01-21 10:15:17.029266 | eval'd: drake::cmq_buildtargetmetadepsspecht_is_subtargetconfig
2020-01-21 10:15:18.389481 | > DO_CALL (0.001s wait)
.2020-01-21 10:15:18.395852 | eval'd: drake::cmq_buildtargetmetadepsspecht_is_subtargetconfig
2020-01-21 10:15:19.661928 | > DO_CALL (0.001s wait)
.2020-01-21 10:15:19.668339 | eval'd: drake::cmq_buildtargetmetadepsspecht_is_subtargetconfig
2020-01-21 10:15:21.052879 | > DO_CALL (0.007s wait)
.2020-01-21 10:15:21.059332 | eval'd: drake::cmq_buildtargetmetadepsspecht_is_subtargetconfig
2020-01-21 10:15:22.352355 | > DO_CALL (0.000s wait)
.2020-01-21 10:15:22.358549 | eval'd: drake::cmq_buildtargetmetadepsspecht_is_subtargetconfig
2020-01-21 10:15:23.826606 | > DO_CALL (0.001s wait)
.2020-01-21 10:15:23.833026 | eval'd: drake::cmq_buildtargetmetadepsspecht_is_subtargetconfig
2020-01-21 10:15:26.419303 | > DO_CALL (0.000s wait)
.2020-01-21 10:15:26.425518 | eval'd: drake::cmq_buildtargetmetadepsspecht_is_subtargetconfig
2020-01-21 10:15:28.115725 | > DO_CALL (0.001s wait)
.2020-01-21 10:15:28.121846 | eval'd: drake::cmq_buildtargetmetadepsspecht_is_subtargetconfig
2020-01-21 10:15:29.464315 | > DO_CALL (0.000s wait)
.2020-01-21 10:15:29.470695 | eval'd: drake::cmq_buildtargetmetadepsspecht_is_subtargetconfig
2020-01-21 10:15:31.074428 | > DO_CALL (0.001s wait)
.2020-01-21 10:15:31.080671 | eval'd: drake::cmq_buildtargetmetadepsspecht_is_subtargetconfig
2020-01-21 10:15:32.531345 | > DO_CALL (0.000s wait)
.2020-01-21 10:15:32.537788 | eval'd: drake::cmq_buildtargetmetadepsspecht_is_subtargetconfig
2020-01-21 10:15:34.047419 | > DO_CALL (0.001s wait)
.2020-01-21 10:15:34.053607 | eval'd: drake::cmq_buildtargetmetadepsspecht_is_subtargetconfig
2020-01-21 10:15:35.472377 | > DO_CALL (0.000s wait)
.2020-01-21 10:15:35.478747 | eval'd: drake::cmq_buildtargetmetadepsspecht_is_subtargetconfig
2020-01-21 10:15:36.860723 | > DO_CALL (0.001s wait)
.2020-01-21 10:15:36.873744 | eval'd: drake::cmq_buildtargetmetadepsspecht_is_subtargetconfig
2020-01-21 10:15:38.235789 | > DO_CALL (0.001s wait)
.2020-01-21 10:15:38.241941 | eval'd: drake::cmq_buildtargetmetadepsspecht_is_subtargetconfig
2020-01-21 10:15:39.704315 | > DO_CALL (0.000s wait)
.2020-01-21 10:15:39.710725 | eval'd: drake::cmq_buildtargetmetadepsspecht_is_subtargetconfig
2020-01-21 10:15:41.295890 | > DO_CALL (0.001s wait)
.2020-01-21 10:15:41.302076 | eval'd: drake::cmq_buildtargetmetadepsspecht_is_subtargetconfig
2020-01-21 10:15:42.545758 | > DO_CALL (0.001s wait)
.2020-01-21 10:15:42.552044 | eval'd: drake::cmq_buildtargetmetadepsspecht_is_subtargetconfig
2020-01-21 10:15:43.787304 | > DO_CALL (0.000s wait)
.2020-01-21 10:15:43.793493 | eval'd: drake::cmq_buildtargetmetadepsspecht_is_subtargetconfig
2020-01-21 10:15:45.352078 | > DO_CALL (0.001s wait)
.2020-01-21 10:15:45.358262 | eval'd: drake::cmq_buildtargetmetadepsspecht_is_subtargetconfig
2020-01-21 10:15:46.717392 | > DO_CALL (0.000s wait)
.2020-01-21 10:15:46.723722 | eval'd: drake::cmq_buildtargetmetadepsspecht_is_subtargetconfig
2020-01-21 10:15:48.075496 | > DO_CALL (0.001s wait)
.2020-01-21 10:15:48.081611 | eval'd: drake::cmq_buildtargetmetadepsspecht_is_subtargetconfig
2020-01-21 10:15:49.487674 | > DO_CALL (0.001s wait)
.2020-01-21 10:15:49.716439 | eval'd: drake::cmq_buildtargetmetadepsspecht_is_subtargetconfig
2020-01-21 10:15:50.895654 | > DO_CALL (0.001s wait)
.2020-01-21 10:15:50.902380 | eval'd: drake::cmq_buildtargetmetadepsspecht_is_subtargetconfig
2020-01-21 10:15:52.256686 | > DO_CALL (0.001s wait)
.2020-01-21 10:15:52.262887 | eval'd: drake::cmq_buildtargetmetadepsspecht_is_subtargetconfig
2020-01-21 10:15:53.518812 | > DO_CALL (0.001s wait)
.2020-01-21 10:15:53.524972 | eval'd: drake::cmq_buildtargetmetadepsspecht_is_subtargetconfig
2020-01-21 10:15:54.913597 | > DO_CALL (0.001s wait)
.2020-01-21 10:15:54.919636 | eval'd: drake::cmq_buildtargetmetadepsspecht_is_subtargetconfig
2020-01-21 10:15:56.432895 | > DO_CALL (0.001s wait)
.2020-01-21 10:15:56.439085 | eval'd: drake::cmq_buildtargetmetadepsspecht_is_subtargetconfig
2020-01-21 10:15:57.901268 | > DO_CALL (0.000s wait)
.2020-01-21 10:15:57.907772 | eval'd: drake::cmq_buildtargetmetadepsspecht_is_subtargetconfig
2020-01-21 10:15:59.340764 | > DO_CALL (0.001s wait)
.2020-01-21 10:15:59.346870 | eval'd: drake::cmq_buildtargetmetadepsspecht_is_subtargetconfig
2020-01-21 10:16:00.616320 | > DO_CALL (0.000s wait)
.2020-01-21 10:16:00.622640 | eval'd: drake::cmq_buildtargetmetadepsspecht_is_subtargetconfig
2020-01-21 10:16:01.960239 | > DO_CALL (0.000s wait)
.2020-01-21 10:16:01.966541 | eval'd: drake::cmq_buildtargetmetadepsspecht_is_subtargetconfig
2020-01-21 10:16:03.678280 | > DO_CALL (0.000s wait)
.2020-01-21 10:16:03.684866 | eval'd: drake::cmq_buildtargetmetadepsspecht_is_subtargetconfig
2020-01-21 10:16:04.944707 | > DO_CALL (0.001s wait)
.2020-01-21 10:16:04.950878 | eval'd: drake::cmq_buildtargetmetadepsspecht_is_subtargetconfig
2020-01-21 10:16:06.272994 | > DO_CALL (0.001s wait)
.2020-01-21 10:16:06.279174 | eval'd: drake::cmq_buildtargetmetadepsspecht_is_subtargetconfig
2020-01-21 10:16:07.551895 | > DO_CALL (0.001s wait)
.2020-01-21 10:16:07.558261 | eval'd: drake::cmq_buildtargetmetadepsspecht_is_subtargetconfig
2020-01-21 10:16:08.886201 | > DO_CALL (0.000s wait)
.2020-01-21 10:16:08.892622 | eval'd: drake::cmq_buildtargetmetadepsspecht_is_subtargetconfig
2020-01-21 10:16:10.224051 | > DO_CALL (0.001s wait)
.2020-01-21 10:16:10.230387 | eval'd: drake::cmq_buildtargetmetadepsspecht_is_subtargetconfig
2020-01-21 10:16:11.658429 | > DO_CALL (0.001s wait)
.2020-01-21 10:16:11.664647 | eval'd: drake::cmq_buildtargetmetadepsspecht_is_subtargetconfig
2020-01-21 10:16:12.957840 | > DO_CALL (0.001s wait)
.2020-01-21 10:16:12.964205 | eval'd: drake::cmq_buildtargetmetadepsspecht_is_subtargetconfig
2020-01-21 10:16:14.179130 | > DO_CALL (0.001s wait)
.2020-01-21 10:16:14.185334 | eval'd: drake::cmq_buildtargetmetadepsspecht_is_subtargetconfig
2020-01-21 10:16:15.477187 | > DO_CALL (0.001s wait)
.2020-01-21 10:16:15.483592 | eval'd: drake::cmq_buildtargetmetadepsspecht_is_subtargetconfig
2020-01-21 10:16:16.948840 | > DO_CALL (0.001s wait)
.2020-01-21 10:16:16.955445 | eval'd: drake::cmq_buildtargetmetadepsspecht_is_subtargetconfig
2020-01-21 10:16:18.301282 | > DO_CALL (0.001s wait)
.2020-01-21 10:16:18.309086 | eval'd: drake::cmq_buildtargetmetadepsspecht_is_subtargetconfig
2020-01-21 10:16:19.667459 | > DO_CALL (0.001s wait)
.2020-01-21 10:16:19.675223 | eval'd: drake::cmq_buildtargetmetadepsspecht_is_subtargetconfig
2020-01-21 10:16:21.163366 | > DO_CALL (0.001s wait)
.2020-01-21 10:16:21.171234 | eval'd: drake::cmq_buildtargetmetadepsspecht_is_subtargetconfig
2020-01-21 10:16:22.549521 | > DO_CALL (0.001s wait)
.2020-01-21 10:16:22.562390 | eval'd: drake::cmq_buildtargetmetadepsspecht_is_subtargetconfig
2020-01-21 10:16:23.933084 | > DO_CALL (0.001s wait)
.2020-01-21 10:16:23.939274 | eval'd: drake::cmq_buildtargetmetadepsspecht_is_subtargetconfig
2020-01-21 10:16:25.262516 | > DO_CALL (0.001s wait)
.2020-01-21 10:16:25.269030 | eval'd: drake::cmq_buildtargetmetadepsspecht_is_subtargetconfig
2020-01-21 10:16:26.593756 | > DO_CALL (0.001s wait)
.2020-01-21 10:16:26.599927 | eval'd: drake::cmq_buildtargetmetadepsspecht_is_subtargetconfig
2020-01-21 10:16:29.632148 | > DO_CALL (0.001s wait)
.2020-01-21 10:16:29.638457 | eval'd: drake::cmq_buildtargetmetadepsspecht_is_subtargetconfig
2020-01-21 10:16:30.952152 | > DO_CALL (0.001s wait)
.2020-01-21 10:16:30.958350 | eval'd: drake::cmq_buildtargetmetadepsspecht_is_subtargetconfig
2020-01-21 10:16:32.254743 | > DO_CALL (0.001s wait)
.2020-01-21 10:16:32.260798 | eval'd: drake::cmq_buildtargetmetadepsspecht_is_subtargetconfig
2020-01-21 10:16:33.515011 | > DO_CALL (0.001s wait)
.2020-01-21 10:16:33.521116 | eval'd: drake::cmq_buildtargetmetadepsspecht_is_subtargetconfig
2020-01-21 10:16:34.942574 | > DO_CALL (0.001s wait)
.2020-01-21 10:16:34.948953 | eval'd: drake::cmq_buildtargetmetadepsspecht_is_subtargetconfig
2020-01-21 10:16:36.248544 | > DO_CALL (0.001s wait)
.2020-01-21 10:16:36.254814 | eval'd: drake::cmq_buildtargetmetadepsspecht_is_subtargetconfig
2020-01-21 10:16:37.800809 | > DO_CALL (0.001s wait)
.2020-01-21 10:16:37.807017 | eval'd: drake::cmq_buildtargetmetadepsspecht_is_subtargetconfig
2020-01-21 10:16:39.058117 | > DO_CALL (0.001s wait)
.2020-01-21 10:16:39.064273 | eval'd: drake::cmq_buildtargetmetadepsspecht_is_subtargetconfig
2020-01-21 10:16:40.398863 | > DO_CALL (0.001s wait)
.2020-01-21 10:16:40.405145 | eval'd: drake::cmq_buildtargetmetadepsspecht_is_subtargetconfig
2020-01-21 10:16:41.785465 | > DO_CALL (0.001s wait)
.2020-01-21 10:16:41.791505 | eval'd: drake::cmq_buildtargetmetadepsspecht_is_subtargetconfig
2020-01-21 10:16:43.013879 | > DO_CALL (0.001s wait)
.2020-01-21 10:16:43.019943 | eval'd: drake::cmq_buildtargetmetadepsspecht_is_subtargetconfig
2020-01-21 10:16:44.371129 | > DO_CALL (0.001s wait)
.2020-01-21 10:16:44.377474 | eval'd: drake::cmq_buildtargetmetadepsspecht_is_subtargetconfig
2020-01-21 10:16:45.822220 | > DO_CALL (0.000s wait)
.2020-01-21 10:16:45.828217 | eval'd: drake::cmq_buildtargetmetadepsspecht_is_subtargetconfig
2020-01-21 10:16:47.261313 | > DO_CALL (0.000s wait)
.2020-01-21 10:16:47.267556 | eval'd: drake::cmq_buildtargetmetadepsspecht_is_subtargetconfig
2020-01-21 10:16:48.595548 | > DO_CALL (0.001s wait)
.2020-01-21 10:16:48.601927 | eval'd: drake::cmq_buildtargetmetadepsspecht_is_subtargetconfig
2020-01-21 10:16:50.137361 | > DO_CALL (0.000s wait)
.2020-01-21 10:16:50.151125 | eval'd: drake::cmq_buildtargetmetadepsspecht_is_subtargetconfig
2020-01-21 10:16:51.359525 | > DO_CALL (0.001s wait)
.2020-01-21 10:16:51.365748 | eval'd: drake::cmq_buildtargetmetadepsspecht_is_subtargetconfig
2020-01-21 10:16:52.635361 | > DO_CALL (0.000s wait)
.2020-01-21 10:16:52.641398 | eval'd: drake::cmq_buildtargetmetadepsspecht_is_subtargetconfig
2020-01-21 10:16:53.986308 | > DO_CALL (0.000s wait)
.2020-01-21 10:16:53.992932 | eval'd: drake::cmq_buildtargetmetadepsspecht_is_subtargetconfig
2020-01-21 10:16:55.298268 | > DO_CALL (0.000s wait)
.2020-01-21 10:16:55.304286 | eval'd: drake::cmq_buildtargetmetadepsspecht_is_subtargetconfig
2020-01-21 10:16:56.564404 | > DO_CALL (0.000s wait)
.2020-01-21 10:16:56.570554 | eval'd: drake::cmq_buildtargetmetadepsspecht_is_subtargetconfig
2020-01-21 10:16:57.780803 | > DO_CALL (0.001s wait)
.2020-01-21 10:16:57.786964 | eval'd: drake::cmq_buildtargetmetadepsspecht_is_subtargetconfig
2020-01-21 10:16:59.341388 | > DO_CALL (0.000s wait)
.2020-01-21 10:16:59.347813 | eval'd: drake::cmq_buildtargetmetadepsspecht_is_subtargetconfig
2020-01-21 10:17:00.595358 | > DO_CALL (0.000s wait)
.2020-01-21 10:17:00.601388 | eval'd: drake::cmq_buildtargetmetadepsspecht_is_subtargetconfig
2020-01-21 10:17:01.860082 | > DO_CALL (0.001s wait)
.2020-01-21 10:17:01.866399 | eval'd: drake::cmq_buildtargetmetadepsspecht_is_subtargetconfig
2020-01-21 10:17:03.082858 | > DO_CALL (0.001s wait)
.2020-01-21 10:17:03.089265 | eval'd: drake::cmq_buildtargetmetadepsspecht_is_subtargetconfig
2020-01-21 10:17:04.353657 | > DO_CALL (0.001s wait)
.2020-01-21 10:17:04.359958 | eval'd: drake::cmq_buildtargetmetadepsspecht_is_subtargetconfig
2020-01-21 10:17:05.600247 | > DO_CALL (0.000s wait)
.2020-01-21 10:17:05.606508 | eval'd: drake::cmq_buildtargetmetadepsspecht_is_subtargetconfig
2020-01-21 10:17:06.822611 | > DO_CALL (0.001s wait)
.2020-01-21 10:17:06.828659 | eval'd: drake::cmq_buildtargetmetadepsspecht_is_subtargetconfig
2020-01-21 10:17:08.119048 | > DO_CALL (0.001s wait)
.
2020-01-21 10:17:08.125094 | eval'd: drake::cmq_buildtargetmetadepsspecht_is_subtargetconfig
2020-01-21 10:17:09.399833 | > DO_CALL (0.001s wait)
.2020-01-21 10:17:09.405911 | eval'd: drake::cmq_buildtargetmetadepsspecht_is_subtargetconfig
2020-01-21 10:17:10.650097 | > DO_CALL (0.001s wait)
.2020-01-21 10:17:10.662918 | eval'd: drake::cmq_buildtargetmetadepsspecht_is_subtargetconfig
2020-01-21 10:17:11.880939 | > DO_CALL (0.001s wait)
.2020-01-21 10:17:11.887196 | eval'd: drake::cmq_buildtargetmetadepsspecht_is_subtargetconfig
2020-01-21 10:17:13.150107 | > DO_CALL (0.001s wait)
.2020-01-21 10:17:13.156652 | eval'd: drake::cmq_buildtargetmetadepsspecht_is_subtargetconfig
2020-01-21 10:17:14.390201 | > DO_CALL (0.000s wait)
.2020-01-21 10:17:14.396477 | eval'd: drake::cmq_buildtargetmetadepsspecht_is_subtargetconfig
2020-01-21 10:17:15.658288 | > DO_CALL (0.000s wait)
.2020-01-21 10:17:15.664432 | eval'd: drake::cmq_buildtargetmetadepsspecht_is_subtargetconfig
2020-01-21 10:17:16.883808 | > DO_CALL (0.001s wait)
.2020-01-21 10:17:16.889987 | eval'd: drake::cmq_buildtargetmetadepsspecht_is_subtargetconfig
2020-01-21 10:17:18.077936 | > DO_CALL (0.001s wait)
.2020-01-21 10:17:18.084372 | eval'd: drake::cmq_buildtargetmetadepsspecht_is_subtargetconfig
2020-01-21 10:17:19.363052 | > DO_CALL (0.001s wait)
.2020-01-21 10:17:19.369150 | eval'd: drake::cmq_buildtargetmetadepsspecht_is_subtargetconfig
2020-01-21 10:17:20.690302 | > DO_CALL (0.000s wait)
.2020-01-21 10:17:20.696603 | eval'd: drake::cmq_buildtargetmetadepsspecht_is_subtargetconfig
2020-01-21 10:17:21.908867 | > DO_CALL (0.001s wait)
.2020-01-21 10:17:21.914905 | eval'd: drake::cmq_buildtargetmetadepsspecht_is_subtargetconfig
2020-01-21 10:17:23.210754 | > DO_CALL (0.001s wait)
.2020-01-21 10:17:23.217647 | eval'd: drake::cmq_buildtargetmetadepsspecht_is_subtargetconfig
2020-01-21 10:17:24.467143 | > DO_CALL (0.001s wait)
.2020-01-21 10:17:24.473310 | eval'd: drake::cmq_buildtargetmetadepsspecht_is_subtargetconfig
2020-01-21 10:17:25.819274 | > DO_CALL (0.000s wait)
.2020-01-21 10:17:25.825785 | eval'd: drake::cmq_buildtargetmetadepsspecht_is_subtargetconfig
2020-01-21 10:17:27.105789 | > DO_CALL (0.001s wait)
.2020-01-21 10:17:27.320581 | eval'd: drake::cmq_buildtargetmetadepsspecht_is_subtargetconfig
2020-01-21 10:17:28.355049 | > DO_CALL (0.001s wait)
.2020-01-21 10:17:28.361174 | eval'd: drake::cmq_buildtargetmetadepsspecht_is_subtargetconfig
2020-01-21 10:17:30.647202 | > DO_CALL (0.000s wait)
.2020-01-21 10:17:30.653293 | eval'd: drake::cmq_buildtargetmetadepsspecht_is_subtargetconfig
2020-01-21 10:17:32.428294 | > DO_CALL (0.000s wait)
.2020-01-21 10:17:32.434366 | eval'd: drake::cmq_buildtargetmetadepsspecht_is_subtargetconfig
2020-01-21 10:17:33.723739 | > DO_CALL (0.001s wait)
.2020-01-21 10:17:33.729825 | eval'd: drake::cmq_buildtargetmetadepsspecht_is_subtargetconfig
2020-01-21 10:17:35.061276 | > DO_CALL (0.000s wait)
.2020-01-21 10:17:35.069571 | eval'd: drake::cmq_buildtargetmetadepsspecht_is_subtargetconfig
2020-01-21 10:17:36.335853 | > DO_CALL (0.001s wait)
.2020-01-21 10:17:36.343068 | eval'd: drake::cmq_buildtargetmetadepsspecht_is_subtargetconfig
2020-01-21 10:17:37.969814 | > DO_CALL (0.001s wait)
.2020-01-21 10:17:37.976848 | eval'd: drake::cmq_buildtargetmetadepsspecht_is_subtargetconfig
2020-01-21 10:17:39.309500 | > DO_CALL (0.001s wait)
.2020-01-21 10:17:39.316663 | eval'd: drake::cmq_buildtargetmetadepsspecht_is_subtargetconfig
2020-01-21 10:17:40.667454 | > DO_CALL (0.001s wait)
.2020-01-21 10:17:40.674694 | eval'd: drake::cmq_buildtargetmetadepsspecht_is_subtargetconfig
2020-01-21 10:17:41.903745 | > DO_CALL (0.001s wait)
.2020-01-21 10:17:41.910757 | eval'd: drake::cmq_buildtargetmetadepsspecht_is_subtargetconfig
2020-01-21 10:17:43.227712 | > DO_CALL (0.001s wait)
.2020-01-21 10:17:43.235386 | eval'd: drake::cmq_buildtargetmetadepsspecht_is_subtargetconfig
2020-01-21 10:17:44.475648 | > DO_CALL (0.001s wait)
.2020-01-21 10:17:44.483129 | eval'd: drake::cmq_buildtargetmetadepsspecht_is_subtargetconfig
2020-01-21 10:17:45.741466 | > DO_CALL (0.001s wait)
.2020-01-21 10:17:45.748564 | eval'd: drake::cmq_buildtargetmetadepsspecht_is_subtargetconfig
2020-01-21 10:17:46.982959 | > DO_CALL (0.001s wait)
.2020-01-21 10:17:46.989750 | eval'd: drake::cmq_buildtargetmetadepsspecht_is_subtargetconfig
2020-01-21 10:17:48.326899 | > DO_CALL (0.001s wait)
.2020-01-21 10:17:48.333595 | eval'd: drake::cmq_buildtargetmetadepsspecht_is_subtargetconfig
2020-01-21 10:17:49.590221 | > DO_CALL (0.001s wait)
.2020-01-21 10:17:49.596995 | eval'd: drake::cmq_buildtargetmetadepsspecht_is_subtargetconfig
2020-01-21 10:17:50.885159 | > DO_CALL (0.001s wait)
.2020-01-21 10:17:50.891900 | eval'd: drake::cmq_buildtargetmetadepsspecht_is_subtargetconfig
2020-01-21 10:17:52.153409 | > DO_CALL (0.000s wait)
.2020-01-21 10:17:52.160121 | eval'd: drake::cmq_buildtargetmetadepsspecht_is_subtargetconfig
2020-01-21 10:17:53.471412 | > DO_CALL (0.000s wait)
.2020-01-21 10:17:53.477964 | eval'd: drake::cmq_buildtargetmetadepsspecht_is_subtargetconfig
2020-01-21 10:17:54.695651 | > DO_CALL (0.001s wait)
.2020-01-21 10:17:54.702204 | eval'd: drake::cmq_buildtargetmetadepsspecht_is_subtargetconfig
2020-01-21 10:17:55.997389 | > DO_CALL (0.000s wait)
.2020-01-21 10:17:56.004151 | eval'd: drake::cmq_buildtargetmetadepsspecht_is_subtargetconfig
2020-01-21 10:17:57.258257 | > DO_CALL (0.001s wait)
.2020-01-21 10:17:57.264966 | eval'd: drake::cmq_buildtargetmetadepsspecht_is_subtargetconfig
2020-01-21 10:17:58.504044 | > DO_CALL (0.001s wait)
.2020-01-21 10:17:58.510835 | eval'd: drake::cmq_buildtargetmetadepsspecht_is_subtargetconfig
2020-01-21 10:17:59.937382 | > DO_CALL (0.001s wait)
.2020-01-21 10:17:59.945076 | eval'd: drake::cmq_buildtargetmetadepsspecht_is_subtargetconfig
2020-01-21 10:18:01.225070 | > DO_CALL (0.001s wait)
.2020-01-21 10:18:01.232883 | eval'd: drake::cmq_buildtargetmetadepsspecht_is_subtargetconfig
2020-01-21 10:18:02.739917 | > DO_CALL (0.001s wait)
.2020-01-21 10:18:02.755451 | eval'd: drake::cmq_buildtargetmetadepsspecht_is_subtargetconfig
2020-01-21 10:18:03.971927 | > DO_CALL (0.001s wait)
.2020-01-21 10:18:03.979055 | eval'd: drake::cmq_buildtargetmetadepsspecht_is_subtargetconfig
2020-01-21 10:18:05.307252 | > DO_CALL (0.000s wait)
.2020-01-21 10:18:05.314088 | eval'd: drake::cmq_buildtargetmetadepsspecht_is_subtargetconfig
2020-01-21 10:18:06.609388 | > DO_CALL (0.000s wait)
.2020-01-21 10:18:06.616350 | eval'd: drake::cmq_buildtargetmetadepsspecht_is_subtargetconfig
2020-01-21 10:18:07.886487 | > DO_CALL (0.001s wait)
.2020-01-21 10:18:07.893417 | eval'd: drake::cmq_buildtargetmetadepsspecht_is_subtargetconfig
2020-01-21 10:18:09.138183 | > DO_CALL (0.001s wait)
.2020-01-21 10:18:09.144829 | eval'd: drake::cmq_buildtargetmetadepsspecht_is_subtargetconfig
2020-01-21 10:18:10.375964 | > DO_CALL (0.001s wait)
.2020-01-21 10:18:10.382151 | eval'd: drake::cmq_buildtargetmetadepsspecht_is_subtargetconfig
2020-01-21 10:18:12.048051 | > DO_CALL (0.001s wait)
.2020-01-21 10:18:12.054219 | eval'd: drake::cmq_buildtargetmetadepsspecht_is_subtargetconfig
2020-01-21 10:18:13.271695 | > DO_CALL (0.001s wait)
.2020-01-21 10:18:13.278094 | eval'd: drake::cmq_buildtargetmetadepsspecht_is_subtargetconfig
2020-01-21 10:18:14.514309 | > DO_CALL (0.000s wait)
.2020-01-21 10:18:14.520567 | eval'd: drake::cmq_buildtargetmetadepsspecht_is_subtargetconfig
2020-01-21 10:18:15.842828 | > DO_CALL (0.001s wait)
.2020-01-21 10:18:15.849398 | eval'd: drake::cmq_buildtargetmetadepsspecht_is_subtargetconfig
2020-01-21 10:18:17.098527 | > DO_CALL (0.001s wait)
.2020-01-21 10:18:17.104990 | eval'd: drake::cmq_buildtargetmetadepsspecht_is_subtargetconfig
2020-01-21 10:18:18.282330 | > DO_CALL (0.000s wait)
.2020-01-21 10:18:18.288669 | eval'd: drake::cmq_buildtargetmetadepsspecht_is_subtargetconfig
2020-01-21 10:18:19.520596 | > DO_CALL (0.001s wait)
.2020-01-21 10:18:19.526603 | eval'd: drake::cmq_buildtargetmetadepsspecht_is_subtargetconfig
2020-01-21 10:18:20.936598 | > DO_CALL (0.001s wait)
.2020-01-21 10:18:20.942888 | eval'd: drake::cmq_buildtargetmetadepsspecht_is_subtargetconfig
2020-01-21 10:18:22.199315 | > DO_CALL (0.000s wait)
.2020-01-21 10:18:22.205373 | eval'd: drake::cmq_buildtargetmetadepsspecht_is_subtargetconfig
2020-01-21 10:18:23.452203 | > DO_CALL (0.000s wait)
.2020-01-21 10:18:23.458420 | eval'd: drake::cmq_buildtargetmetadepsspecht_is_subtargetconfig
2020-01-21 10:18:24.682792 | > DO_CALL (0.001s wait)
.2020-01-21 10:18:24.689095 | eval'd: drake::cmq_buildtargetmetadepsspecht_is_subtargetconfig
2020-01-21 10:18:25.970840 | > DO_CALL (0.001s wait)
.2020-01-21 10:18:25.976833 | eval'd: drake::cmq_buildtargetmetadepsspecht_is_subtargetconfig
2020-01-21 10:18:27.196900 | > DO_CALL (0.001s wait)
.2020-01-21 10:18:27.203129 | eval'd: drake::cmq_buildtargetmetadepsspecht_is_subtargetconfig
2020-01-21 10:18:28.435719 | > DO_CALL (0.001s wait)
.2020-01-21 10:18:28.441950 | eval'd: drake::cmq_buildtargetmetadepsspecht_is_subtargetconfig
2020-01-21 10:18:29.676817 | > DO_CALL (0.001s wait)
.2020-01-21 10:18:29.683028 | eval'd: drake::cmq_buildtargetmetadepsspecht_is_subtargetconfig
2020-01-21 10:18:30.882505 | > DO_CALL (0.001s wait)
.2020-01-21 10:18:30.895895 | eval'd: drake::cmq_buildtargetmetadepsspecht_is_subtargetconfig
2020-01-21 10:18:33.409110 | > DO_CALL (0.001s wait)
.2020-01-21 10:18:33.415835 | eval'd: drake::cmq_buildtargetmetadepsspecht_is_subtargetconfig
2020-01-21 10:18:34.673063 | > DO_CALL (0.001s wait)
.2020-01-21 10:18:34.679101 | eval'd: drake::cmq_buildtargetmetadepsspecht_is_subtargetconfig
2020-01-21 10:18:35.895413 | > DO_CALL (0.000s wait)
.2020-01-21 10:18:35.901575 | eval'd: drake::cmq_buildtargetmetadepsspecht_is_subtargetconfig
2020-01-21 10:18:37.265007 | > DO_CALL (0.001s wait)
.2020-01-21 10:18:37.270994 | eval'd: drake::cmq_buildtargetmetadepsspecht_is_subtargetconfig
2020-01-21 10:18:38.492227 | > DO_CALL (0.000s wait)
.2020-01-21 10:18:38.498339 | eval'd: drake::cmq_buildtargetmetadepsspecht_is_subtargetconfig
2020-01-21 10:18:39.703635 | > DO_CALL (0.001s wait)
.2020-01-21 10:18:39.709692 | eval'd: drake::cmq_buildtargetmetadepsspecht_is_subtargetconfig
2020-01-21 10:18:40.957395 | > DO_CALL (0.000s wait)
.2020-01-21 10:18:40.963388 | eval'd: drake::cmq_buildtargetmetadepsspecht_is_subtargetconfig
2020-01-21 10:18:42.354516 | > DO_CALL (0.001s wait)
.2020-01-21 10:18:42.360657 | eval'd: drake::cmq_buildtargetmetadepsspecht_is_subtargetconfig
2020-01-21 10:18:43.588691 | > DO_CALL (0.001s wait)
.2020-01-21 10:18:43.595098 | eval'd: drake::cmq_buildtargetmetadepsspecht_is_subtargetconfig
2020-01-21 10:18:44.819729 | > DO_CALL (0.001s wait)
.2020-01-21 10:18:44.825781 | eval'd: drake::cmq_buildtargetmetadepsspecht_is_subtargetconfig
2020-01-21 10:18:46.029146 | > DO_CALL (0.001s wait)
.2020-01-21 10:18:46.035240 | eval'd: drake::cmq_buildtargetmetadepsspecht_is_subtargetconfig
2020-01-21 10:18:47.267781 | > DO_CALL (0.001s wait)
.2020-01-21 10:18:47.274000 | eval'd: drake::cmq_buildtargetmetadepsspecht_is_subtargetconfig
2020-01-21 10:18:48.566778 | > DO_CALL (0.001s wait)
.2020-01-21 10:18:48.572811 | eval'd: drake::cmq_buildtargetmetadepsspecht_is_subtargetconfig
2020-01-21 10:18:49.887332 | > DO_CALL (0.000s wait)
.2020-01-21 10:18:49.893522 | eval'd: drake::cmq_buildtargetmetadepsspecht_is_subtargetconfig
2020-01-21 10:18:51.215271 | > DO_CALL (0.000s wait)
.2020-01-21 10:18:51.221574 | eval'd: drake::cmq_buildtargetmetadepsspecht_is_subtargetconfig
2020-01-21 10:18:52.482876 | > DO_CALL (0.001s wait)
.
2020-01-21 10:18:52.489032 | eval'd: drake::cmq_buildtargetmetadepsspecht_is_subtargetconfig
2020-01-21 10:18:53.741797 | > DO_CALL (0.001s wait)
.2020-01-21 10:18:53.748194 | eval'd: drake::cmq_buildtargetmetadepsspecht_is_subtargetconfig
2020-01-21 10:18:55.009473 | > DO_CALL (0.007s wait)
.2020-01-21 10:18:55.015659 | eval'd: drake::cmq_buildtargetmetadepsspecht_is_subtargetconfig
2020-01-21 10:18:56.299383 | > DO_CALL (0.000s wait)
.2020-01-21 10:18:56.305544 | eval'd: drake::cmq_buildtargetmetadepsspecht_is_subtargetconfig
2020-01-21 10:18:57.536281 | > DO_CALL (0.000s wait)
.2020-01-21 10:18:57.542760 | eval'd: drake::cmq_buildtargetmetadepsspecht_is_subtargetconfig
2020-01-21 10:18:58.795905 | > DO_CALL (0.001s wait)
.2020-01-21 10:18:58.802133 | eval'd: drake::cmq_buildtargetmetadepsspecht_is_subtargetconfig
2020-01-21 10:19:00.035336 | > DO_CALL (0.000s wait)
.2020-01-21 10:19:00.041580 | eval'd: drake::cmq_buildtargetmetadepsspecht_is_subtargetconfig
2020-01-21 10:19:01.290510 | > DO_CALL (0.001s wait)
.2020-01-21 10:19:01.296709 | eval'd: drake::cmq_buildtargetmetadepsspecht_is_subtargetconfig
2020-01-21 10:19:02.649861 | > DO_CALL (0.001s wait)
.2020-01-21 10:19:02.655991 | eval'd: drake::cmq_buildtargetmetadepsspecht_is_subtargetconfig
2020-01-21 10:19:03.900492 | > DO_CALL (0.001s wait)
.2020-01-21 10:19:03.906760 | eval'd: drake::cmq_buildtargetmetadepsspecht_is_subtargetconfig
2020-01-21 10:19:05.237366 | > DO_CALL (0.000s wait)
.2020-01-21 10:19:05.243616 | eval'd: drake::cmq_buildtargetmetadepsspecht_is_subtargetconfig
2020-01-21 10:19:06.547291 | > DO_CALL (0.000s wait)
.2020-01-21 10:19:06.553364 | eval'd: drake::cmq_buildtargetmetadepsspecht_is_subtargetconfig
2020-01-21 10:19:07.932211 | > DO_CALL (0.000s wait)
.2020-01-21 10:19:07.938292 | eval'd: drake::cmq_buildtargetmetadepsspecht_is_subtargetconfig
2020-01-21 10:19:09.229350 | > DO_CALL (0.000s wait)
.2020-01-21 10:19:09.235627 | eval'd: drake::cmq_buildtargetmetadepsspecht_is_subtargetconfig
2020-01-21 10:19:10.539143 | > DO_CALL (0.001s wait)
.2020-01-21 10:19:10.545167 | eval'd: drake::cmq_buildtargetmetadepsspecht_is_subtargetconfig
2020-01-21 10:19:11.781932 | > DO_CALL (0.001s wait)
.2020-01-21 10:19:11.788157 | eval'd: drake::cmq_buildtargetmetadepsspecht_is_subtargetconfig
2020-01-21 10:19:13.155852 | > DO_CALL (0.001s wait)
.2020-01-21 10:19:13.174245 | eval'd: drake::cmq_buildtargetmetadepsspecht_is_subtargetconfig
2020-01-21 10:19:14.629911 | > DO_CALL (0.001s wait)
.2020-01-21 10:19:14.636037 | eval'd: drake::cmq_buildtargetmetadepsspecht_is_subtargetconfig
2020-01-21 10:19:16.040340 | > DO_CALL (0.000s wait)
.2020-01-21 10:19:16.046481 | eval'd: drake::cmq_buildtargetmetadepsspecht_is_subtargetconfig
2020-01-21 10:19:17.366892 | > DO_CALL (0.001s wait)
.2020-01-21 10:19:17.373067 | eval'd: drake::cmq_buildtargetmetadepsspecht_is_subtargetconfig
2020-01-21 10:19:18.683674 | > DO_CALL (0.001s wait)
.2020-01-21 10:19:18.689894 | eval'd: drake::cmq_buildtargetmetadepsspecht_is_subtargetconfig
2020-01-21 10:19:20.016326 | > DO_CALL (0.000s wait)
.2020-01-21 10:19:20.022467 | eval'd: drake::cmq_buildtargetmetadepsspecht_is_subtargetconfig
2020-01-21 10:19:20.949823 | > WORKER_WAIT (0.000s wait)
2020-01-21 10:19:20.950308 | waiting 1.00s
2020-01-21 10:20:04.111409 | > WORKER_WAIT (0.000s wait)
2020-01-21 10:20:04.114547 | waiting 1.00s
2020-01-21 10:23:30.837311 | > WORKER_STOP (0.000s wait)
2020-01-21 10:23:30.840225 | shutting down worker
2020-01-21 10:23:31.046616 | 
Total: 277 in 5.20s [user], 0.45s [system], 661.77s [elapsed]
