2020-02-12 15:52:16.572815 | Master: tcp://c28a-s7:7632
2020-02-12 15:52:16.612416 | WORKER_UP to: tcp://c28a-s7:7632
2020-02-12 15:52:19.710669 | > DO_SETUP (3.086s wait)
2020-02-12 15:52:19.711211 | token from msg: set_common_data_token
2020-02-12 15:53:43.926322 | > DO_CALL (21.168s wait)
.* Option 'clustermq.scheduler' not set, defaulting to ‘SLURM’
--- see: https://mschubert.github.io/clustermq/articles/userguide.html#configuration
2020-02-12 15:53:44.140674 | eval'd: drake::cmq_buildtargetmetadepsspecht_is_subtargetconfig
2020-02-12 15:53:58.122186 | > DO_CALL (8.487s wait)
.2020-02-12 15:56:47.910543 | eval'd: drake::cmq_buildtargetmetadepsspecht_is_subtargetconfig
2020-02-12 15:56:58.914560 | > DO_CALL (5.041s wait)
.2020-02-12 16:03:07.929515 | eval'd: drake::cmq_buildtargetmetadepsspecht_is_subtargetconfig
2020-02-12 16:03:18.865676 | > DO_CALL (5.666s wait)
.2020-02-12 16:05:16.865474 | eval'd: drake::cmq_buildtargetmetadepsspecht_is_subtargetconfig
2020-02-12 16:05:27.958091 | > DO_CALL (7.066s wait)
.2020-02-12 16:05:28.640803 | eval'd: drake::cmq_buildtargetmetadepsspecht_is_subtargetconfig
2020-02-12 16:05:38.508213 | > DO_CALL (4.839s wait)
.2020-02-12 16:06:46.984036 | eval'd: drake::cmq_buildtargetmetadepsspecht_is_subtargetconfig
2020-02-12 16:06:55.328069 | > DO_CALL (5.157s wait)
.2020-02-12 16:08:51.338532 | eval'd: drake::cmq_buildtargetmetadepsspecht_is_subtargetconfig
2020-02-12 16:09:00.491406 | > DO_CALL (4.991s wait)
.2020-02-12 16:11:14.575376 | eval'd: drake::cmq_buildtargetmetadepsspecht_is_subtargetconfig
2020-02-12 16:11:23.817518 | > DO_CALL (4.938s wait)
.2020-02-12 16:19:13.435719 | eval'd: drake::cmq_buildtargetmetadepsspecht_is_subtargetconfig
2020-02-12 16:19:13.760503 | > DO_CALL (0.026s wait)
.2020-02-12 16:19:15.276590 | eval'd: drake::cmq_buildtargetmetadepsspecht_is_subtargetconfig
2020-02-12 16:19:15.595009 | > DO_CALL (0.002s wait)
.2020-02-12 16:19:15.601413 | eval'd: drake::cmq_buildtargetmetadepsspecht_is_subtargetconfig
2020-02-12 16:19:15.631025 | > WORKER_WAIT (0.000s wait)
2020-02-12 16:19:15.631332 | waiting 0.75s
2020-02-12 16:19:16.383449 | > WORKER_WAIT (0.000s wait)
2020-02-12 16:19:16.383839 | waiting 0.75s
2020-02-12 16:19:17.135939 | > WORKER_WAIT (0.001s wait)
2020-02-12 16:19:17.136327 | waiting 0.75s
2020-02-12 16:19:17.888472 | > WORKER_WAIT (0.000s wait)
2020-02-12 16:19:17.888855 | waiting 0.75s
2020-02-12 16:19:18.640911 | > WORKER_WAIT (0.001s wait)
2020-02-12 16:19:18.641308 | waiting 0.75s
2020-02-12 16:19:19.393452 | > WORKER_WAIT (0.000s wait)
2020-02-12 16:19:19.393838 | waiting 0.75s
2020-02-12 16:19:20.146025 | > WORKER_WAIT (0.000s wait)
2020-02-12 16:19:20.146415 | waiting 0.75s
2020-02-12 16:19:20.898359 | > WORKER_WAIT (0.000s wait)
2020-02-12 16:19:20.898750 | waiting 0.75s
2020-02-12 16:19:21.650783 | > WORKER_WAIT (0.000s wait)
2020-02-12 16:19:21.651188 | waiting 0.75s
2020-02-12 16:19:22.403328 | > WORKER_WAIT (0.000s wait)
2020-02-12 16:19:22.403716 | waiting 0.75s
2020-02-12 16:19:23.155672 | > WORKER_WAIT (0.000s wait)
2020-02-12 16:19:23.156079 | waiting 0.75s
2020-02-12 16:19:23.908189 | > WORKER_WAIT (0.000s wait)
2020-02-12 16:19:23.908591 | waiting 0.75s
2020-02-12 16:19:24.660723 | > WORKER_WAIT (0.000s wait)
2020-02-12 16:19:24.661125 | waiting 0.75s
2020-02-12 16:19:25.413123 | > WORKER_WAIT (0.000s wait)
2020-02-12 16:19:25.413513 | waiting 0.75s
2020-02-12 16:19:26.165611 | > WORKER_WAIT (0.000s wait)
2020-02-12 16:19:26.166005 | waiting 0.75s
2020-02-12 16:19:26.917942 | > WORKER_WAIT (0.001s wait)
2020-02-12 16:19:26.918331 | waiting 0.75s
2020-02-12 16:19:27.670316 | > WORKER_WAIT (0.000s wait)
2020-02-12 16:19:27.670707 | waiting 0.75s
2020-02-12 16:19:28.422707 | > WORKER_WAIT (0.000s wait)
2020-02-12 16:19:28.423100 | waiting 0.75s
2020-02-12 16:19:29.175081 | > WORKER_WAIT (0.000s wait)
2020-02-12 16:19:29.175467 | waiting 0.75s
2020-02-12 16:19:29.927551 | > WORKER_WAIT (0.000s wait)
2020-02-12 16:19:29.927947 | waiting 0.75s
2020-02-12 16:19:30.680044 | > WORKER_WAIT (0.000s wait)
2020-02-12 16:19:30.680434 | waiting 0.75s
2020-02-12 16:19:31.432476 | > WORKER_WAIT (0.000s wait)
2020-02-12 16:19:31.432863 | waiting 0.75s
2020-02-12 16:19:32.184947 | > WORKER_WAIT (0.001s wait)
2020-02-12 16:19:32.185345 | waiting 0.75s
2020-02-12 16:19:32.937375 | > WORKER_WAIT (0.000s wait)
2020-02-12 16:19:32.937769 | waiting 0.75s
2020-02-12 16:19:33.689873 | > WORKER_WAIT (0.000s wait)
2020-02-12 16:19:33.690271 | waiting 0.75s
2020-02-12 16:19:34.442247 | > WORKER_WAIT (0.000s wait)
2020-02-12 16:19:34.442638 | waiting 0.75s
2020-02-12 16:19:35.194722 | > WORKER_WAIT (0.000s wait)
2020-02-12 16:19:35.195127 | waiting 0.75s
2020-02-12 16:19:35.947169 | > WORKER_WAIT (0.000s wait)
2020-02-12 16:19:35.947555 | waiting 0.75s
2020-02-12 16:19:36.699480 | > WORKER_WAIT (0.000s wait)
2020-02-12 16:19:36.699866 | waiting 0.75s
2020-02-12 16:19:37.451916 | > WORKER_WAIT (0.001s wait)
2020-02-12 16:19:37.452308 | waiting 0.75s
2020-02-12 16:19:38.204252 | > WORKER_WAIT (0.000s wait)
2020-02-12 16:19:38.204657 | waiting 0.75s
2020-02-12 16:19:38.956550 | > WORKER_WAIT (0.000s wait)
2020-02-12 16:19:38.956951 | waiting 0.75s
2020-02-12 16:19:39.708834 | > WORKER_WAIT (0.000s wait)
2020-02-12 16:19:39.709229 | waiting 0.75s
2020-02-12 16:19:40.461191 | > WORKER_WAIT (0.000s wait)
2020-02-12 16:19:40.461581 | waiting 0.75s
2020-02-12 16:19:41.213489 | > WORKER_WAIT (0.000s wait)
2020-02-12 16:19:41.213878 | waiting 0.75s
2020-02-12 16:19:41.965793 | > WORKER_WAIT (0.000s wait)
2020-02-12 16:19:41.966202 | waiting 0.75s
2020-02-12 16:19:42.718098 | > WORKER_WAIT (0.000s wait)
2020-02-12 16:19:42.718490 | waiting 0.75s
2020-02-12 16:19:43.470376 | > WORKER_WAIT (0.000s wait)
2020-02-12 16:19:43.470766 | waiting 0.75s
2020-02-12 16:19:44.222629 | > WORKER_WAIT (0.000s wait)
2020-02-12 16:19:44.223035 | waiting 0.75s
2020-02-12 16:19:44.974851 | > WORKER_WAIT (0.000s wait)
2020-02-12 16:19:44.975246 | waiting 0.75s
2020-02-12 16:19:45.727136 | > WORKER_WAIT (0.000s wait)
2020-02-12 16:19:45.727523 | waiting 0.75s
2020-02-12 16:19:46.479450 | > WORKER_WAIT (0.000s wait)
2020-02-12 16:19:46.479840 | waiting 0.75s
2020-02-12 16:19:47.231657 | > WORKER_WAIT (0.000s wait)
2020-02-12 16:19:47.232053 | waiting 0.75s
2020-02-12 16:19:47.983887 | > WORKER_WAIT (0.000s wait)
2020-02-12 16:19:47.984287 | waiting 0.75s
2020-02-12 16:19:48.736136 | > WORKER_WAIT (0.000s wait)
2020-02-12 16:19:48.736521 | waiting 0.75s
2020-02-12 16:19:49.487706 | > WORKER_WAIT (0.000s wait)
2020-02-12 16:19:49.488110 | waiting 0.75s
2020-02-12 16:19:50.239976 | > WORKER_WAIT (0.001s wait)
2020-02-12 16:19:50.240366 | waiting 0.75s
2020-02-12 16:19:50.992076 | > WORKER_WAIT (0.000s wait)
2020-02-12 16:19:50.992470 | waiting 0.75s
2020-02-12 16:19:51.744997 | > WORKER_WAIT (0.000s wait)
2020-02-12 16:19:51.745396 | waiting 0.75s
2020-02-12 16:19:52.497759 | > WORKER_WAIT (0.000s wait)
2020-02-12 16:19:52.498153 | waiting 0.75s
2020-02-12 16:19:53.250099 | > WORKER_WAIT (0.000s wait)
2020-02-12 16:19:53.250498 | waiting 0.75s
2020-02-12 16:19:54.002787 | > WORKER_WAIT (0.000s wait)
2020-02-12 16:19:54.003196 | waiting 0.75s
2020-02-12 16:19:54.755483 | > WORKER_WAIT (0.000s wait)
2020-02-12 16:19:54.755872 | waiting 0.75s
2020-02-12 16:19:55.508224 | > WORKER_WAIT (0.000s wait)
2020-02-12 16:19:55.508610 | waiting 0.75s
2020-02-12 16:19:56.260677 | > WORKER_WAIT (0.000s wait)
2020-02-12 16:19:56.261079 | waiting 0.75s
2020-02-12 16:19:57.013332 | > WORKER_WAIT (0.000s wait)
2020-02-12 16:19:57.013724 | waiting 0.75s
2020-02-12 16:19:57.766169 | > WORKER_WAIT (0.000s wait)
2020-02-12 16:19:57.766558 | waiting 0.75s
2020-02-12 16:19:58.518980 | > WORKER_WAIT (0.001s wait)
2020-02-12 16:19:58.519364 | waiting 0.75s
2020-02-12 16:19:59.271764 | > WORKER_WAIT (0.000s wait)
2020-02-12 16:19:59.272161 | waiting 0.75s
2020-02-12 16:20:00.024581 | > WORKER_WAIT (0.000s wait)
2020-02-12 16:20:00.024978 | waiting 0.75s
2020-02-12 16:20:00.777260 | > WORKER_WAIT (0.000s wait)
2020-02-12 16:20:00.777653 | waiting 0.75s
2020-02-12 16:20:01.530039 | > WORKER_WAIT (0.000s wait)
2020-02-12 16:20:01.530411 | waiting 0.75s
2020-02-12 16:20:02.282654 | > WORKER_WAIT (0.000s wait)
2020-02-12 16:20:02.283054 | waiting 0.75s
2020-02-12 16:20:03.035160 | > WORKER_WAIT (0.000s wait)
2020-02-12 16:20:03.035545 | waiting 0.75s
2020-02-12 16:20:03.787627 | > WORKER_WAIT (0.000s wait)
2020-02-12 16:20:03.788035 | waiting 0.75s
2020-02-12 16:20:04.540105 | > WORKER_WAIT (0.000s wait)
2020-02-12 16:20:04.540489 | waiting 0.75s
2020-02-12 16:20:05.292646 | > WORKER_WAIT (0.000s wait)
2020-02-12 16:20:05.293054 | waiting 0.75s
2020-02-12 16:20:06.045090 | > WORKER_WAIT (0.000s wait)
2020-02-12 16:20:06.045474 | waiting 0.75s
2020-02-12 16:20:06.798032 | > WORKER_WAIT (0.000s wait)
2020-02-12 16:20:06.798374 | waiting 0.75s
2020-02-12 16:20:07.550109 | > WORKER_WAIT (0.000s wait)
2020-02-12 16:20:07.550445 | waiting 0.75s
2020-02-12 16:20:08.302376 | > WORKER_WAIT (0.000s wait)
2020-02-12 16:20:08.302730 | waiting 0.75s
2020-02-12 16:20:09.054908 | > WORKER_WAIT (0.001s wait)
2020-02-12 16:20:09.055289 | waiting 0.75s
2020-02-12 16:20:09.807420 | > WORKER_WAIT (0.000s wait)
2020-02-12 16:20:09.807806 | waiting 0.75s
2020-02-12 16:20:10.559985 | > WORKER_WAIT (0.000s wait)
2020-02-12 16:20:10.560373 | waiting 0.75s
2020-02-12 16:20:11.312998 | > WORKER_WAIT (0.000s wait)
2020-02-12 16:20:11.313383 | waiting 0.75s
2020-02-12 16:20:12.065746 | > WORKER_WAIT (0.000s wait)
2020-02-12 16:20:12.066148 | waiting 0.75s
2020-02-12 16:20:12.818500 | > WORKER_WAIT (0.000s wait)
2020-02-12 16:20:12.818882 | waiting 0.75s
2020-02-12 16:20:13.571212 | > WORKER_WAIT (0.000s wait)
2020-02-12 16:20:13.571611 | waiting 0.75s
2020-02-12 16:20:14.324208 | > WORKER_WAIT (0.000s wait)
2020-02-12 16:20:14.324596 | waiting 0.75s
2020-02-12 16:20:15.076669 | > WORKER_WAIT (0.000s wait)
2020-02-12 16:20:15.077075 | waiting 0.75s
2020-02-12 16:20:15.829349 | > WORKER_WAIT (0.000s wait)
2020-02-12 16:20:15.829742 | waiting 0.75s
2020-02-12 16:20:16.582082 | > WORKER_WAIT (0.000s wait)
2020-02-12 16:20:16.582467 | waiting 0.75s
2020-02-12 16:20:17.334757 | > WORKER_WAIT (0.000s wait)
2020-02-12 16:20:17.335156 | waiting 0.75s
2020-02-12 16:20:18.087422 | > WORKER_WAIT (0.000s wait)
2020-02-12 16:20:18.087818 | waiting 0.75s
2020-02-12 16:20:18.840178 | > WORKER_WAIT (0.000s wait)
2020-02-12 16:20:18.840579 | waiting 0.75s
2020-02-12 16:20:19.592857 | > WORKER_WAIT (0.000s wait)
2020-02-12 16:20:19.593272 | waiting 0.75s
2020-02-12 16:20:20.345598 | > WORKER_WAIT (0.000s wait)
2020-02-12 16:20:20.345999 | waiting 0.75s
2020-02-12 16:20:21.098369 | > WORKER_WAIT (0.000s wait)
2020-02-12 16:20:21.098765 | waiting 0.75s
2020-02-12 16:20:21.851070 | > WORKER_WAIT (0.000s wait)
2020-02-12 16:20:21.851459 | waiting 0.75s
2020-02-12 16:20:22.603853 | > WORKER_WAIT (0.000s wait)
2020-02-12 16:20:22.604258 | waiting 0.75s
2020-02-12 16:20:23.356589 | > WORKER_WAIT (0.000s wait)
2020-02-12 16:20:23.357004 | waiting 0.75s
2020-02-12 16:20:24.109190 | > WORKER_WAIT (0.000s wait)
2020-02-12 16:20:24.433418 | waiting 0.75s
2020-02-12 16:20:25.185850 | > WORKER_WAIT (0.000s wait)
2020-02-12 16:20:25.186297 | waiting 0.75s
2020-02-12 16:20:25.938476 | > WORKER_WAIT (0.000s wait)
2020-02-12 16:20:25.938904 | waiting 0.75s
2020-02-12 16:20:26.691133 | > WORKER_WAIT (0.000s wait)
2020-02-12 16:20:26.691564 | waiting 0.75s
2020-02-12 16:20:27.443795 | > WORKER_WAIT (0.000s wait)
2020-02-12 16:20:27.444238 | waiting 0.75s
2020-02-12 16:20:28.196397 | > WORKER_WAIT (0.000s wait)
2020-02-12 16:20:28.196831 | waiting 0.75s
2020-02-12 16:20:28.949104 | > WORKER_WAIT (0.000s wait)
2020-02-12 16:20:28.949540 | waiting 0.75s
2020-02-12 16:20:29.701733 | > WORKER_WAIT (0.000s wait)
2020-02-12 16:20:29.702207 | waiting 0.75s
2020-02-12 16:20:30.454450 | > WORKER_WAIT (0.000s wait)
2020-02-12 16:20:30.454900 | waiting 0.75s
2020-02-12 16:20:31.207150 | > WORKER_WAIT (0.000s wait)
2020-02-12 16:20:31.207602 | waiting 0.75s
2020-02-12 16:20:31.959797 | > WORKER_WAIT (0.000s wait)
2020-02-12 16:20:31.960269 | waiting 0.75s
2020-02-12 16:20:32.712543 | > WORKER_WAIT (0.000s wait)
2020-02-12 16:20:32.713004 | waiting 0.75s
2020-02-12 16:20:33.465254 | > WORKER_WAIT (0.000s wait)
2020-02-12 16:20:33.465708 | waiting 0.75s
2020-02-12 16:20:34.217952 | > WORKER_WAIT (0.001s wait)
2020-02-12 16:20:34.218421 | waiting 0.75s
2020-02-12 16:20:34.970643 | > WORKER_WAIT (0.000s wait)
2020-02-12 16:20:34.971096 | waiting 0.75s
2020-02-12 16:20:35.723349 | > WORKER_WAIT (0.000s wait)
2020-02-12 16:20:35.723806 | waiting 0.75s
2020-02-12 16:20:36.475999 | > WORKER_WAIT (0.000s wait)
2020-02-12 16:20:36.476447 | waiting 0.75s
2020-02-12 16:20:37.228636 | > WORKER_WAIT (0.000s wait)
2020-02-12 16:20:37.229098 | waiting 0.75s
2020-02-12 16:20:37.981317 | > WORKER_WAIT (0.000s wait)
2020-02-12 16:20:37.981764 | waiting 0.75s
2020-02-12 16:20:38.733998 | > WORKER_WAIT (0.000s wait)
2020-02-12 16:20:38.734446 | waiting 0.75s
2020-02-12 16:20:39.486630 | > WORKER_WAIT (0.000s wait)
2020-02-12 16:20:39.487099 | waiting 0.75s
2020-02-12 16:20:40.239333 | > WORKER_WAIT (0.000s wait)
2020-02-12 16:20:40.239773 | waiting 0.75s
2020-02-12 16:20:40.992024 | > WORKER_WAIT (0.000s wait)
2020-02-12 16:20:40.992471 | waiting 0.75s
2020-02-12 16:20:41.744714 | > WORKER_WAIT (0.000s wait)
2020-02-12 16:20:41.745174 | waiting 0.75s
2020-02-12 16:20:42.497408 | > WORKER_WAIT (0.000s wait)
2020-02-12 16:20:42.497866 | waiting 0.75s
2020-02-12 16:20:43.250119 | > WORKER_WAIT (0.000s wait)
2020-02-12 16:20:43.250575 | waiting 0.75s
2020-02-12 16:20:44.002774 | > WORKER_WAIT (0.000s wait)
2020-02-12 16:20:44.003249 | waiting 0.75s
2020-02-12 16:20:44.755467 | > WORKER_WAIT (0.000s wait)
2020-02-12 16:20:44.755945 | waiting 0.75s
2020-02-12 16:20:45.508170 | > WORKER_WAIT (0.000s wait)
2020-02-12 16:20:45.508614 | waiting 0.75s
2020-02-12 16:20:46.260755 | > WORKER_WAIT (0.000s wait)
2020-02-12 16:20:46.261166 | waiting 0.75s
2020-02-12 16:20:47.013393 | > WORKER_WAIT (0.000s wait)
2020-02-12 16:20:47.013837 | waiting 0.75s
2020-02-12 16:20:47.766064 | > WORKER_WAIT (0.000s wait)
2020-02-12 16:20:47.766500 | waiting 0.75s
2020-02-12 16:20:48.518693 | > WORKER_WAIT (0.000s wait)
2020-02-12 16:20:48.519137 | waiting 0.75s
2020-02-12 16:20:49.271385 | > WORKER_WAIT (0.000s wait)
2020-02-12 16:20:49.271837 | waiting 0.75s
2020-02-12 16:20:50.024060 | > WORKER_WAIT (0.000s wait)
2020-02-12 16:20:50.024475 | waiting 0.75s
2020-02-12 16:20:50.776678 | > WORKER_WAIT (0.000s wait)
2020-02-12 16:20:50.777104 | waiting 0.75s
2020-02-12 16:20:51.529333 | > WORKER_WAIT (0.000s wait)
2020-02-12 16:20:51.529747 | waiting 0.75s
2020-02-12 16:20:52.281963 | > WORKER_WAIT (0.001s wait)
2020-02-12 16:20:52.282381 | waiting 0.75s
2020-02-12 16:20:53.034584 | > WORKER_WAIT (0.000s wait)
2020-02-12 16:20:53.035015 | waiting 0.75s
2020-02-12 16:20:53.787236 | > WORKER_WAIT (0.000s wait)
2020-02-12 16:20:53.787652 | waiting 0.75s
2020-02-12 16:20:54.539856 | > WORKER_WAIT (0.000s wait)
2020-02-12 16:20:54.540284 | waiting 0.75s
2020-02-12 16:20:55.292526 | > WORKER_WAIT (0.000s wait)
2020-02-12 16:20:55.292955 | waiting 0.75s
2020-02-12 16:20:56.045141 | > WORKER_WAIT (0.000s wait)
2020-02-12 16:20:56.045568 | waiting 0.75s
2020-02-12 16:20:56.797071 | > WORKER_WAIT (0.000s wait)
2020-02-12 16:20:56.797501 | waiting 0.75s
2020-02-12 16:20:57.549661 | > WORKER_WAIT (0.000s wait)
2020-02-12 16:20:57.550114 | waiting 0.75s
2020-02-12 16:20:58.302336 | > WORKER_WAIT (0.000s wait)
2020-02-12 16:20:58.302784 | waiting 0.75s
2020-02-12 16:20:59.055028 | > WORKER_WAIT (0.000s wait)
2020-02-12 16:20:59.055446 | waiting 0.75s
2020-02-12 16:20:59.807670 | > WORKER_WAIT (0.000s wait)
2020-02-12 16:20:59.808132 | waiting 0.75s
2020-02-12 16:21:00.560110 | > WORKER_WAIT (0.000s wait)
2020-02-12 16:21:00.560553 | waiting 0.75s
2020-02-12 16:21:01.312763 | > WORKER_WAIT (0.000s wait)
2020-02-12 16:21:01.313225 | waiting 0.75s
2020-02-12 16:21:02.065427 | > WORKER_WAIT (0.000s wait)
2020-02-12 16:21:02.065869 | waiting 0.75s
2020-02-12 16:21:02.818107 | > WORKER_WAIT (0.000s wait)
2020-02-12 16:21:02.818560 | waiting 0.75s
2020-02-12 16:21:03.570771 | > WORKER_WAIT (0.000s wait)
2020-02-12 16:21:03.571234 | waiting 0.75s
2020-02-12 16:21:04.697133 | > WORKER_WAIT (0.000s wait)
2020-02-12 16:21:04.697577 | waiting 0.75s
2020-02-12 16:21:05.449744 | > WORKER_WAIT (0.000s wait)
2020-02-12 16:21:05.450183 | waiting 0.75s
2020-02-12 16:21:06.202317 | > WORKER_WAIT (0.000s wait)
2020-02-12 16:21:06.202738 | waiting 0.75s
2020-02-12 16:21:06.954886 | > WORKER_WAIT (0.000s wait)
2020-02-12 16:21:06.955319 | waiting 0.75s
2020-02-12 16:21:07.707490 | > WORKER_WAIT (0.000s wait)
2020-02-12 16:21:07.707909 | waiting 0.75s
2020-02-12 16:21:08.460076 | > WORKER_WAIT (0.000s wait)
2020-02-12 16:21:08.460497 | waiting 0.75s
2020-02-12 16:21:09.212076 | > WORKER_WAIT (0.000s wait)
2020-02-12 16:21:09.212500 | waiting 0.75s
2020-02-12 16:21:09.964680 | > WORKER_WAIT (0.000s wait)
2020-02-12 16:21:09.965111 | waiting 0.75s
2020-02-12 16:21:10.717267 | > WORKER_WAIT (0.000s wait)
2020-02-12 16:21:10.717687 | waiting 0.75s
2020-02-12 16:21:11.469910 | > WORKER_WAIT (0.001s wait)
2020-02-12 16:21:11.470339 | waiting 0.75s
2020-02-12 16:21:12.222550 | > WORKER_WAIT (0.000s wait)
2020-02-12 16:21:12.222992 | waiting 0.75s
2020-02-12 16:21:12.975180 | > WORKER_WAIT (0.000s wait)
2020-02-12 16:21:12.975610 | waiting 0.75s
2020-02-12 16:21:13.727807 | > WORKER_WAIT (0.000s wait)
2020-02-12 16:21:13.728256 | waiting 0.75s
2020-02-12 16:21:14.480171 | > WORKER_WAIT (0.000s wait)
2020-02-12 16:21:14.480592 | waiting 0.75s
2020-02-12 16:21:15.232708 | > WORKER_WAIT (0.000s wait)
2020-02-12 16:21:15.233145 | waiting 0.75s
2020-02-12 16:21:15.985332 | > WORKER_WAIT (0.000s wait)
2020-02-12 16:21:15.985739 | waiting 0.75s
2020-02-12 16:21:16.738208 | > WORKER_WAIT (0.000s wait)
2020-02-12 16:21:16.738617 | waiting 0.75s
2020-02-12 16:21:17.491025 | > WORKER_WAIT (0.000s wait)
2020-02-12 16:21:17.491431 | waiting 0.75s
2020-02-12 16:21:18.243886 | > WORKER_WAIT (0.000s wait)
2020-02-12 16:21:18.244315 | waiting 0.75s
2020-02-12 16:21:18.996757 | > WORKER_WAIT (0.000s wait)
2020-02-12 16:21:18.997178 | waiting 0.75s
2020-02-12 16:21:19.749619 | > WORKER_WAIT (0.000s wait)
2020-02-12 16:21:19.750042 | waiting 0.75s
2020-02-12 16:21:20.502480 | > WORKER_WAIT (0.000s wait)
2020-02-12 16:21:20.502886 | waiting 0.75s
2020-02-12 16:21:21.255366 | > WORKER_WAIT (0.000s wait)
2020-02-12 16:21:21.255780 | waiting 0.75s
2020-02-12 16:21:22.008237 | > WORKER_WAIT (0.000s wait)
2020-02-12 16:21:22.008649 | waiting 0.75s
2020-02-12 16:21:22.761129 | > WORKER_WAIT (0.000s wait)
2020-02-12 16:21:22.761538 | waiting 0.75s
2020-02-12 16:21:23.513980 | > WORKER_WAIT (0.001s wait)
2020-02-12 16:21:23.514383 | waiting 0.75s
2020-02-12 16:21:24.266895 | > WORKER_WAIT (0.000s wait)
2020-02-12 16:21:24.267299 | waiting 0.75s
2020-02-12 16:21:25.019527 | > WORKER_WAIT (0.000s wait)
2020-02-12 16:21:25.019917 | waiting 0.75s
2020-02-12 16:21:25.772120 | > WORKER_WAIT (0.000s wait)
2020-02-12 16:21:25.772507 | waiting 0.75s
2020-02-12 16:21:26.524719 | > WORKER_WAIT (0.000s wait)
2020-02-12 16:21:26.525118 | waiting 0.75s
2020-02-12 16:21:27.277299 | > WORKER_WAIT (0.000s wait)
2020-02-12 16:21:27.277689 | waiting 0.75s
2020-02-12 16:21:28.029802 | > WORKER_WAIT (0.000s wait)
2020-02-12 16:21:28.030201 | waiting 0.75s
2020-02-12 16:21:28.782414 | > WORKER_WAIT (0.000s wait)
2020-02-12 16:21:28.782802 | waiting 0.75s
2020-02-12 16:21:29.534531 | > WORKER_WAIT (0.000s wait)
2020-02-12 16:21:29.534923 | waiting 0.75s
2020-02-12 16:21:30.287026 | > WORKER_WAIT (0.000s wait)
2020-02-12 16:21:30.287412 | waiting 0.75s
2020-02-12 16:21:31.039529 | > WORKER_WAIT (0.000s wait)
2020-02-12 16:21:31.039923 | waiting 0.75s
2020-02-12 16:21:31.792142 | > WORKER_WAIT (0.000s wait)
2020-02-12 16:21:31.792529 | waiting 0.75s
2020-02-12 16:21:32.544711 | > WORKER_WAIT (0.000s wait)
2020-02-12 16:21:32.545116 | waiting 0.75s
2020-02-12 16:21:33.297255 | > WORKER_WAIT (0.000s wait)
2020-02-12 16:21:33.297646 | waiting 0.75s
2020-02-12 16:21:34.049888 | > WORKER_WAIT (0.000s wait)
2020-02-12 16:21:34.050292 | waiting 0.75s
2020-02-12 16:21:34.802460 | > WORKER_WAIT (0.000s wait)
2020-02-12 16:21:34.802848 | waiting 0.75s
2020-02-12 16:21:35.555068 | > WORKER_WAIT (0.000s wait)
2020-02-12 16:21:35.555458 | waiting 0.75s
2020-02-12 16:21:36.307610 | > WORKER_WAIT (0.000s wait)
2020-02-12 16:21:36.308010 | waiting 0.75s
2020-02-12 16:21:37.060183 | > WORKER_WAIT (0.000s wait)
2020-02-12 16:21:37.060575 | waiting 0.75s
2020-02-12 16:21:37.812738 | > WORKER_WAIT (0.000s wait)
2020-02-12 16:21:37.813141 | waiting 0.75s
2020-02-12 16:21:38.565314 | > WORKER_WAIT (0.000s wait)
2020-02-12 16:21:38.567533 | waiting 0.75s
2020-02-12 16:21:39.320023 | > WORKER_WAIT (0.000s wait)
2020-02-12 16:21:39.320435 | waiting 0.75s
2020-02-12 16:21:40.072906 | > WORKER_WAIT (0.000s wait)
2020-02-12 16:21:40.073331 | waiting 0.75s
2020-02-12 16:21:40.825782 | > WORKER_WAIT (0.000s wait)
2020-02-12 16:21:40.826186 | waiting 0.75s
2020-02-12 16:21:41.578608 | > WORKER_WAIT (0.000s wait)
2020-02-12 16:21:41.579027 | waiting 0.75s
2020-02-12 16:21:42.331472 | > WORKER_WAIT (0.000s wait)
2020-02-12 16:21:42.331876 | waiting 0.75s
2020-02-12 16:21:43.084363 | > WORKER_WAIT (0.000s wait)
2020-02-12 16:21:43.084771 | waiting 0.75s
2020-02-12 16:21:43.837288 | > WORKER_WAIT (0.000s wait)
2020-02-12 16:21:43.837688 | waiting 0.75s
2020-02-12 16:21:44.590169 | > WORKER_WAIT (0.000s wait)
2020-02-12 16:21:44.590577 | waiting 0.75s
2020-02-12 16:21:45.343043 | > WORKER_WAIT (0.000s wait)
2020-02-12 16:21:45.343455 | waiting 0.75s
2020-02-12 16:21:46.095893 | > WORKER_WAIT (0.000s wait)
2020-02-12 16:21:46.096309 | waiting 0.75s
2020-02-12 16:21:46.848757 | > WORKER_WAIT (0.000s wait)
2020-02-12 16:21:46.849169 | waiting 0.75s
2020-02-12 16:21:47.601629 | > WORKER_WAIT (0.000s wait)
2020-02-12 16:21:47.602050 | waiting 0.75s
2020-02-12 16:21:48.354508 | > WORKER_WAIT (0.000s wait)
2020-02-12 16:21:48.354912 | waiting 0.75s
2020-02-12 16:21:49.107336 | > WORKER_WAIT (0.000s wait)
2020-02-12 16:21:49.107752 | waiting 0.75s
2020-02-12 16:21:49.860241 | > WORKER_WAIT (0.000s wait)
2020-02-12 16:21:49.860654 | waiting 0.75s
2020-02-12 16:21:50.613129 | > WORKER_WAIT (0.000s wait)
2020-02-12 16:21:50.613537 | waiting 0.75s
2020-02-12 16:21:51.365954 | > WORKER_WAIT (0.001s wait)
2020-02-12 16:21:51.366375 | waiting 0.75s
2020-02-12 16:21:52.118837 | > WORKER_WAIT (0.000s wait)
2020-02-12 16:21:52.119240 | waiting 0.75s
2020-02-12 16:21:52.871679 | > WORKER_WAIT (0.000s wait)
2020-02-12 16:21:52.872118 | waiting 0.75s
2020-02-12 16:21:53.624586 | > WORKER_WAIT (0.000s wait)
2020-02-12 16:21:53.625011 | waiting 0.75s
2020-02-12 16:21:54.377485 | > WORKER_WAIT (0.000s wait)
2020-02-12 16:21:54.377892 | waiting 0.75s
2020-02-12 16:21:55.130395 | > WORKER_WAIT (0.000s wait)
2020-02-12 16:21:55.130794 | waiting 0.75s
2020-02-12 16:21:55.883200 | > WORKER_WAIT (0.000s wait)
2020-02-12 16:21:55.883613 | waiting 0.75s
2020-02-12 16:21:56.636081 | > WORKER_WAIT (0.000s wait)
2020-02-12 16:21:56.636482 | waiting 0.75s
2020-02-12 16:21:57.388948 | > WORKER_WAIT (0.001s wait)
2020-02-12 16:21:57.389358 | waiting 0.75s
2020-02-12 16:21:58.141797 | > WORKER_WAIT (0.000s wait)
2020-02-12 16:21:58.142203 | waiting 0.75s
2020-02-12 16:21:58.894617 | > WORKER_WAIT (0.000s wait)
2020-02-12 16:21:58.895046 | waiting 0.75s
2020-02-12 16:21:59.647483 | > WORKER_WAIT (0.000s wait)
2020-02-12 16:21:59.647869 | waiting 0.75s
2020-02-12 16:22:00.400356 | > WORKER_WAIT (0.000s wait)
2020-02-12 16:22:00.400769 | waiting 0.75s
2020-02-12 16:22:01.153255 | > WORKER_WAIT (0.000s wait)
2020-02-12 16:22:01.153644 | waiting 0.75s
2020-02-12 16:22:01.906101 | > WORKER_WAIT (0.000s wait)
2020-02-12 16:22:01.906515 | waiting 0.75s
2020-02-12 16:22:02.658899 | > WORKER_WAIT (0.000s wait)
2020-02-12 16:22:02.659301 | waiting 0.75s
2020-02-12 16:22:03.411779 | > WORKER_WAIT (0.000s wait)
2020-02-12 16:22:03.412191 | waiting 0.75s
2020-02-12 16:22:04.164657 | > WORKER_WAIT (0.000s wait)
2020-02-12 16:22:04.165082 | waiting 0.75s
2020-02-12 16:22:04.917569 | > WORKER_WAIT (0.000s wait)
2020-02-12 16:22:04.917991 | waiting 0.75s
2020-02-12 16:22:05.670426 | > WORKER_WAIT (0.000s wait)
2020-02-12 16:22:05.670839 | waiting 0.75s
2020-02-12 16:22:06.423361 | > WORKER_WAIT (0.000s wait)
2020-02-12 16:22:06.423768 | waiting 0.75s
2020-02-12 16:22:07.176256 | > WORKER_WAIT (0.000s wait)
2020-02-12 16:22:07.176669 | waiting 0.75s
2020-02-12 16:22:07.929121 | > WORKER_WAIT (0.000s wait)
2020-02-12 16:22:07.929527 | waiting 0.75s
2020-02-12 16:22:08.682012 | > WORKER_WAIT (0.000s wait)
2020-02-12 16:22:08.682419 | waiting 0.75s
2020-02-12 16:22:09.434887 | > WORKER_WAIT (0.000s wait)
2020-02-12 16:22:09.435303 | waiting 0.75s
2020-02-12 16:22:10.187784 | > WORKER_WAIT (0.000s wait)
2020-02-12 16:22:10.188185 | waiting 0.75s
2020-02-12 16:22:10.940642 | > WORKER_WAIT (0.000s wait)
2020-02-12 16:22:10.941067 | waiting 0.75s
2020-02-12 16:22:11.693623 | > WORKER_WAIT (0.000s wait)
2020-02-12 16:22:11.694046 | waiting 0.75s
2020-02-12 16:22:12.446314 | > WORKER_WAIT (0.000s wait)
2020-02-12 16:22:12.446725 | waiting 0.75s
2020-02-12 16:22:13.199155 | > WORKER_WAIT (0.000s wait)
2020-02-12 16:22:13.199572 | waiting 0.75s
2020-02-12 16:22:13.952096 | > WORKER_WAIT (0.000s wait)
2020-02-12 16:22:13.952503 | waiting 0.75s
2020-02-12 16:22:14.704368 | > WORKER_WAIT (0.000s wait)
2020-02-12 16:22:14.704780 | waiting 0.75s
2020-02-12 16:22:15.457206 | > WORKER_WAIT (0.000s wait)
2020-02-12 16:22:15.457619 | waiting 0.75s
2020-02-12 16:22:16.209061 | > WORKER_WAIT (0.000s wait)
2020-02-12 16:22:16.209488 | waiting 0.75s
2020-02-12 16:22:16.961642 | > WORKER_WAIT (0.000s wait)
2020-02-12 16:22:16.962082 | waiting 0.75s
2020-02-12 16:22:17.714448 | > WORKER_WAIT (0.000s wait)
2020-02-12 16:22:17.714835 | waiting 0.75s
2020-02-12 16:22:18.467013 | > WORKER_WAIT (0.000s wait)
2020-02-12 16:22:18.467398 | waiting 0.75s
2020-02-12 16:22:19.219513 | > WORKER_WAIT (0.000s wait)
2020-02-12 16:22:19.219905 | waiting 0.75s
2020-02-12 16:22:19.972031 | > WORKER_WAIT (0.000s wait)
2020-02-12 16:22:19.972424 | waiting 0.75s
2020-02-12 16:22:20.724583 | > WORKER_WAIT (0.000s wait)
2020-02-12 16:22:20.724991 | waiting 0.75s
2020-02-12 16:22:21.477168 | > WORKER_WAIT (0.000s wait)
2020-02-12 16:22:21.477557 | waiting 0.75s
2020-02-12 16:22:22.229756 | > WORKER_WAIT (0.000s wait)
2020-02-12 16:22:22.230159 | waiting 0.75s
2020-02-12 16:22:22.982374 | > WORKER_WAIT (0.000s wait)
2020-02-12 16:22:22.982769 | waiting 0.75s
2020-02-12 16:22:23.735032 | > WORKER_WAIT (0.000s wait)
2020-02-12 16:22:23.735422 | waiting 0.75s
2020-02-12 16:22:24.487087 | > WORKER_WAIT (0.000s wait)
2020-02-12 16:22:24.487510 | waiting 0.75s
2020-02-12 16:22:25.239624 | > WORKER_WAIT (0.000s wait)
2020-02-12 16:22:25.240060 | waiting 0.75s
2020-02-12 16:22:25.992222 | > WORKER_WAIT (0.000s wait)
2020-02-12 16:22:25.992644 | waiting 0.75s
2020-02-12 16:22:26.744839 | > WORKER_WAIT (0.000s wait)
2020-02-12 16:22:26.745274 | waiting 0.75s
2020-02-12 16:22:27.497484 | > WORKER_WAIT (0.000s wait)
2020-02-12 16:22:27.497907 | waiting 0.75s
2020-02-12 16:22:28.250127 | > WORKER_WAIT (0.000s wait)
2020-02-12 16:22:28.250547 | waiting 0.75s
2020-02-12 16:22:29.002715 | > WORKER_WAIT (0.000s wait)
2020-02-12 16:22:29.003161 | waiting 0.75s
2020-02-12 16:22:29.755389 | > WORKER_WAIT (0.000s wait)
2020-02-12 16:22:29.755819 | waiting 0.75s
2020-02-12 16:22:30.507997 | > WORKER_WAIT (0.000s wait)
2020-02-12 16:22:30.508429 | waiting 0.75s
2020-02-12 16:22:31.260626 | > WORKER_WAIT (0.000s wait)
2020-02-12 16:22:31.261063 | waiting 0.75s
2020-02-12 16:22:32.013265 | > WORKER_WAIT (0.000s wait)
2020-02-12 16:22:32.013687 | waiting 0.75s
2020-02-12 16:22:32.765895 | > WORKER_WAIT (0.000s wait)
2020-02-12 16:22:32.766328 | waiting 0.75s
2020-02-12 16:22:33.518524 | > WORKER_WAIT (0.000s wait)
2020-02-12 16:22:33.518962 | waiting 0.75s
2020-02-12 16:22:34.271143 | > WORKER_WAIT (0.000s wait)
2020-02-12 16:22:34.271563 | waiting 0.75s
2020-02-12 16:22:35.023698 | > WORKER_WAIT (0.000s wait)
2020-02-12 16:22:35.024137 | waiting 0.75s
2020-02-12 16:22:35.776338 | > WORKER_WAIT (0.000s wait)
2020-02-12 16:22:35.776768 | waiting 0.75s
2020-02-12 16:22:36.543252 | > WORKER_WAIT (0.000s wait)
2020-02-12 16:22:36.543669 | waiting 0.75s
2020-02-12 16:22:37.296156 | > WORKER_WAIT (0.000s wait)
2020-02-12 16:22:37.296557 | waiting 0.75s
2020-02-12 16:22:38.049031 | > WORKER_WAIT (0.000s wait)
2020-02-12 16:22:38.049443 | waiting 0.75s
2020-02-12 16:22:38.801918 | > WORKER_WAIT (0.001s wait)
2020-02-12 16:22:38.804477 | waiting 0.75s
2020-02-12 16:22:39.556678 | > WORKER_WAIT (0.000s wait)
2020-02-12 16:22:39.557104 | waiting 0.75s
2020-02-12 16:22:40.309283 | > WORKER_WAIT (0.000s wait)
2020-02-12 16:22:40.309693 | waiting 0.75s
2020-02-12 16:22:41.061888 | > WORKER_WAIT (0.000s wait)
2020-02-12 16:22:41.062321 | waiting 0.75s
2020-02-12 16:22:41.814514 | > WORKER_WAIT (0.000s wait)
2020-02-12 16:22:41.814913 | waiting 0.75s
2020-02-12 16:22:42.567077 | > WORKER_WAIT (0.000s wait)
2020-02-12 16:22:42.567488 | waiting 0.75s
2020-02-12 16:22:43.319924 | > WORKER_WAIT (0.001s wait)
2020-02-12 16:22:43.320338 | waiting 0.75s
2020-02-12 16:22:44.072778 | > WORKER_WAIT (0.000s wait)
2020-02-12 16:22:44.073186 | waiting 0.75s
2020-02-12 16:22:44.825587 | > WORKER_WAIT (0.000s wait)
2020-02-12 16:22:44.826014 | waiting 0.75s
2020-02-12 16:22:45.578490 | > WORKER_WAIT (0.000s wait)
2020-02-12 16:22:45.578880 | waiting 0.75s
2020-02-12 16:22:46.331326 | > WORKER_WAIT (0.000s wait)
2020-02-12 16:22:46.331730 | waiting 0.75s
2020-02-12 16:22:47.084178 | > WORKER_WAIT (0.000s wait)
2020-02-12 16:22:47.084593 | waiting 0.75s
2020-02-12 16:22:47.836992 | > WORKER_WAIT (0.000s wait)
2020-02-12 16:22:47.837390 | waiting 0.75s
2020-02-12 16:22:48.589808 | > WORKER_WAIT (0.000s wait)
2020-02-12 16:22:48.590219 | waiting 0.75s
2020-02-12 16:22:49.342716 | > WORKER_WAIT (0.000s wait)
2020-02-12 16:22:49.343128 | waiting 0.75s
2020-02-12 16:22:50.095563 | > WORKER_WAIT (0.000s wait)
2020-02-12 16:22:50.095986 | waiting 0.75s
2020-02-12 16:22:50.848409 | > WORKER_WAIT (0.000s wait)
2020-02-12 16:22:50.848824 | waiting 0.75s
2020-02-12 16:22:51.601592 | > WORKER_WAIT (0.000s wait)
2020-02-12 16:22:51.602003 | waiting 0.75s
2020-02-12 16:22:52.354736 | > WORKER_WAIT (0.000s wait)
2020-02-12 16:22:52.355159 | waiting 0.75s
2020-02-12 16:22:53.107603 | > WORKER_WAIT (0.000s wait)
2020-02-12 16:22:53.108006 | waiting 0.75s
2020-02-12 16:22:53.860407 | > WORKER_WAIT (0.000s wait)
2020-02-12 16:22:53.860831 | waiting 0.75s
2020-02-12 16:22:54.613279 | > WORKER_WAIT (0.000s wait)
2020-02-12 16:22:54.613684 | waiting 0.75s
2020-02-12 16:22:55.365411 | > WORKER_WAIT (0.000s wait)
2020-02-12 16:22:55.365796 | waiting 0.75s
2020-02-12 16:22:56.117971 | > WORKER_WAIT (0.001s wait)
2020-02-12 16:22:56.118361 | waiting 0.75s
2020-02-12 16:22:56.870587 | > WORKER_WAIT (0.000s wait)
2020-02-12 16:22:56.870988 | waiting 0.75s
2020-02-12 16:22:57.623257 | > WORKER_WAIT (0.000s wait)
2020-02-12 16:22:57.623652 | waiting 0.75s
2020-02-12 16:22:58.375878 | > WORKER_WAIT (0.000s wait)
2020-02-12 16:22:58.376279 | waiting 0.75s
2020-02-12 16:22:59.128512 | > WORKER_WAIT (0.000s wait)
2020-02-12 16:22:59.128904 | waiting 0.75s
2020-02-12 16:22:59.881130 | > WORKER_WAIT (0.000s wait)
2020-02-12 16:22:59.881524 | waiting 0.75s
2020-02-12 16:23:00.633738 | > WORKER_WAIT (0.000s wait)
2020-02-12 16:23:00.634144 | waiting 0.75s
2020-02-12 16:23:01.386325 | > WORKER_WAIT (0.000s wait)
2020-02-12 16:23:01.386723 | waiting 0.75s
2020-02-12 16:23:02.138968 | > WORKER_WAIT (0.001s wait)
2020-02-12 16:23:02.139366 | waiting 0.75s
2020-02-12 16:23:02.891455 | > WORKER_WAIT (0.000s wait)
2020-02-12 16:23:02.891850 | waiting 0.75s
2020-02-12 16:23:03.722496 | > WORKER_WAIT (0.000s wait)
2020-02-12 16:23:03.722912 | waiting 0.75s
Error in clustermq:::worker("tcp://c28a-s7:7632") : 
  Timeout reached, terminating
Execution halted
