2020-01-21 10:07:01.005618 | Master: tcp://c27a-s1:7632
2020-01-21 10:07:01.159954 | WORKER_UP to: tcp://c27a-s1:7632
2020-01-21 10:07:05.858621 | > DO_SETUP (4.671s wait)
2020-01-21 10:07:05.859051 | token from msg: set_common_data_token
2020-01-21 10:07:07.498694 | > DO_CALL (0.000s wait)
.* Option 'clustermq.scheduler' not set, defaulting to ‘SLURM’
--- see: https://mschubert.github.io/clustermq/articles/userguide.html#configuration
2020-01-21 10:07:07.668729 | eval'd: drake::cmq_buildtargetmetadepsspecht_is_subtargetconfig
2020-01-21 10:07:09.426869 | > DO_CALL (0.000s wait)
.2020-01-21 10:07:09.610654 | eval'd: drake::cmq_buildtargetmetadepsspecht_is_subtargetconfig
2020-01-21 10:07:10.303504 | > DO_CALL (0.001s wait)
.2020-01-21 10:07:10.308746 | eval'd: drake::cmq_buildtargetmetadepsspecht_is_subtargetconfig
2020-01-21 10:07:11.458165 | > DO_CALL (0.001s wait)
.2020-01-21 10:07:11.463496 | eval'd: drake::cmq_buildtargetmetadepsspecht_is_subtargetconfig
2020-01-21 10:07:15.544578 | > DO_CALL (0.000s wait)
.2020-01-21 10:07:15.548312 | eval'd: drake::cmq_buildtargetmetadepsspecht_is_subtargetconfig
2020-01-21 10:07:19.468197 | > DO_CALL (0.001s wait)
.2020-01-21 10:07:19.473350 | eval'd: drake::cmq_buildtargetmetadepsspecht_is_subtargetconfig
2020-01-21 10:07:20.297996 | > DO_CALL (0.000s wait)
.2020-01-21 10:07:20.303402 | eval'd: drake::cmq_buildtargetmetadepsspecht_is_subtargetconfig
2020-01-21 10:07:20.967650 | > DO_CALL (0.000s wait)
.2020-01-21 10:07:20.970175 | eval'd: drake::cmq_buildtargetmetadepsspecht_is_subtargetconfig
2020-01-21 10:07:21.175009 | > WORKER_WAIT (0.001s wait)
2020-01-21 10:07:21.175445 | waiting 0.75s
2020-01-21 10:07:42.307660 | > WORKER_STOP (0.000s wait)
2020-01-21 10:07:42.308607 | shutting down worker
2020-01-21 10:07:42.495953 | 
Total: 8 in 2.02s [user], 0.16s [system], 41.15s [elapsed]
