2020-08-01 14:21:13.769259 | Master: tcp://c22a-s1.ufhpc:6107
2020-08-01 14:21:13.820319 | WORKER_UP to: tcp://c22a-s1.ufhpc:6107
2020-08-01 14:21:30.149556 | > DO_SETUP (4.306s wait)
2020-08-01 14:21:30.150235 | token from msg: set_common_data_token
2020-08-01 14:21:42.787024 | > DO_CALL (8.359s wait)
* Option 'clustermq.scheduler' not set, defaulting to ‘SLURM’
--- see: https://mschubert.github.io/clustermq/articles/userguide.html#configuration
2020-08-01 14:22:26.069206 | eval'd: drake::cmq_buildtargetmetadepsspecconfig_tmpconfig
2020-08-01 14:22:29.914100 | > DO_CALL (1.668s wait)
2020-08-01 14:22:56.887055 | eval'd: drake::cmq_buildtargetmetadepsspecconfig_tmpconfig
2020-08-01 14:23:02.478246 | > DO_CALL (2.810s wait)
2020-08-01 14:24:42.602094 | eval'd: drake::cmq_buildtargetmetadepsspecconfig_tmpconfig
2020-08-01 14:24:48.558035 | > DO_CALL (3.715s wait)
2020-08-01 14:26:50.896197 | eval'd: drake::cmq_buildtargetmetadepsspecconfig_tmpconfig
2020-08-01 14:27:06.457630 | > DO_CALL (1.745s wait)
2020-08-01 14:27:27.110099 | eval'd: drake::cmq_buildtargetmetadepsspecconfig_tmpconfig
2020-08-01 14:27:30.667374 | > DO_CALL (2.415s wait)
2020-08-01 14:27:54.603238 | eval'd: drake::cmq_buildtargetmetadepsspecconfig_tmpconfig
2020-08-01 14:27:59.111945 | > DO_CALL (1.717s wait)
2020-08-01 14:30:16.550853 | eval'd: drake::cmq_buildtargetmetadepsspecconfig_tmpconfig
2020-08-01 14:30:22.670214 | > DO_CALL (2.973s wait)
2020-08-01 14:31:00.211684 | eval'd: drake::cmq_buildtargetmetadepsspecconfig_tmpconfig
2020-08-01 14:31:03.668322 | > DO_CALL (2.179s wait)
2020-08-01 14:32:48.484594 | eval'd: drake::cmq_buildtargetmetadepsspecconfig_tmpconfig
2020-08-01 14:32:54.781187 | > DO_CALL (2.779s wait)
2020-08-01 14:36:53.152763 | eval'd: drake::cmq_buildtargetmetadepsspecconfig_tmpconfig
2020-08-01 14:37:02.520746 | > DO_CALL (2.330s wait)
2020-08-01 14:37:48.046701 | eval'd: drake::cmq_buildtargetmetadepsspecconfig_tmpconfig
2020-08-01 14:37:51.815157 | > DO_CALL (2.223s wait)
2020-08-01 14:38:16.543230 | eval'd: drake::cmq_buildtargetmetadepsspecconfig_tmpconfig
2020-08-01 14:38:20.454579 | > DO_CALL (1.652s wait)
2020-08-01 14:45:01.260749 | eval'd: drake::cmq_buildtargetmetadepsspecconfig_tmpconfig
2020-08-01 14:45:20.452036 | > DO_CALL (2.416s wait)
2020-08-01 14:49:53.399740 | eval'd: drake::cmq_buildtargetmetadepsspecconfig_tmpconfig
2020-08-01 14:50:08.647963 | > DO_CALL (0.159s wait)
2020-08-01 14:50:13.253945 | eval'd: drake::cmq_buildtargetmetadepsspecconfig_tmpconfig
2020-08-01 14:50:19.471458 | > DO_CALL (0.236s wait)
2020-08-01 14:50:26.593600 | eval'd: drake::cmq_buildtargetmetadepsspecconfig_tmpconfig
2020-08-01 14:50:28.508964 | > DO_CALL (0.016s wait)
2020-08-01 14:50:33.366042 | eval'd: drake::cmq_buildtargetmetadepsspecconfig_tmpconfig
2020-08-01 14:50:39.590900 | > DO_CALL (0.081s wait)
2020-08-01 14:50:44.287692 | eval'd: drake::cmq_buildtargetmetadepsspecconfig_tmpconfig
2020-08-01 14:50:51.385381 | > DO_CALL (0.238s wait)
2020-08-01 14:50:57.367769 | eval'd: drake::cmq_buildtargetmetadepsspecconfig_tmpconfig
2020-08-01 14:51:00.732694 | > DO_CALL (0.195s wait)
2020-08-01 14:51:06.400807 | eval'd: drake::cmq_buildtargetmetadepsspecconfig_tmpconfig
2020-08-01 14:51:22.070086 | > DO_CALL (0.213s wait)
2020-08-01 14:51:27.532921 | eval'd: drake::cmq_buildtargetmetadepsspecconfig_tmpconfig
2020-08-01 14:51:33.317204 | > DO_CALL (0.272s wait)
2020-08-01 14:51:38.489127 | eval'd: drake::cmq_buildtargetmetadepsspecconfig_tmpconfig
2020-08-01 14:51:44.520967 | > DO_CALL (0.762s wait)
2020-08-01 14:51:49.620064 | eval'd: drake::cmq_buildtargetmetadepsspecconfig_tmpconfig
2020-08-01 14:51:54.209534 | > DO_CALL (0.058s wait)
2020-08-01 14:51:59.898640 | eval'd: drake::cmq_buildtargetmetadepsspecconfig_tmpconfig
2020-08-01 14:52:07.566581 | > DO_CALL (0.454s wait)
2020-08-01 14:52:12.448977 | eval'd: drake::cmq_buildtargetmetadepsspecconfig_tmpconfig
2020-08-01 14:52:23.288509 | > DO_CALL (0.062s wait)
2020-08-01 14:52:29.128048 | eval'd: drake::cmq_buildtargetmetadepsspecconfig_tmpconfig
2020-08-01 14:52:42.319490 | > DO_CALL (0.046s wait)
2020-08-01 14:52:46.912750 | eval'd: drake::cmq_buildtargetmetadepsspecconfig_tmpconfig
2020-08-01 14:52:58.906646 | > DO_CALL (0.069s wait)
2020-08-01 14:53:03.948559 | eval'd: drake::cmq_buildtargetmetadepsspecconfig_tmpconfig
2020-08-01 14:53:09.174834 | > DO_CALL (0.003s wait)
Joining, by = c("dat", "site", "s0", "n0")
2020-08-01 14:53:12.028487 | eval'd: drake::cmq_buildtargetmetadepsspecconfig_tmpconfig
2020-08-01 14:53:12.168632 | > DO_CALL (0.003s wait)
Joining, by = c("dat", "site", "s0", "n0")
2020-08-01 14:53:16.017802 | eval'd: drake::cmq_buildtargetmetadepsspecconfig_tmpconfig
2020-08-01 14:53:17.888769 | > DO_CALL (0.001s wait)
Joining, by = c("dat", "site", "s0", "n0")
2020-08-01 14:53:20.409351 | eval'd: drake::cmq_buildtargetmetadepsspecconfig_tmpconfig
2020-08-01 14:53:20.457555 | > DO_CALL (0.003s wait)
Joining, by = c("dat", "site", "s0", "n0")
2020-08-01 14:53:23.326369 | eval'd: drake::cmq_buildtargetmetadepsspecconfig_tmpconfig
2020-08-01 14:53:23.474585 | > DO_CALL (0.003s wait)
Joining, by = c("dat", "site", "s0", "n0")
2020-08-01 14:53:26.355706 | eval'd: drake::cmq_buildtargetmetadepsspecconfig_tmpconfig
2020-08-01 14:53:27.787838 | > DO_CALL (0.003s wait)
Joining, by = c("dat", "site", "s0", "n0")
2020-08-01 14:53:30.785112 | eval'd: drake::cmq_buildtargetmetadepsspecconfig_tmpconfig
2020-08-01 14:53:32.391800 | > DO_CALL (0.003s wait)
Joining, by = c("dat", "site", "s0", "n0")
2020-08-01 14:53:35.481506 | eval'd: drake::cmq_buildtargetmetadepsspecconfig_tmpconfig
2020-08-01 14:53:35.858970 | > DO_CALL (0.003s wait)
Joining, by = c("dat", "site", "s0", "n0")
2020-08-01 14:53:38.715387 | eval'd: drake::cmq_buildtargetmetadepsspecconfig_tmpconfig
2020-08-01 14:53:38.794079 | > DO_CALL (0.003s wait)
Joining, by = c("dat", "site", "s0", "n0")
2020-08-01 14:53:41.656679 | eval'd: drake::cmq_buildtargetmetadepsspecconfig_tmpconfig
2020-08-01 14:53:44.604827 | > DO_CALL (0.003s wait)
Joining, by = c("dat", "site", "s0", "n0")
2020-08-01 14:53:47.532479 | eval'd: drake::cmq_buildtargetmetadepsspecconfig_tmpconfig
2020-08-01 14:53:47.595574 | > DO_CALL (0.003s wait)
Joining, by = c("dat", "site", "s0", "n0")
2020-08-01 14:53:49.938177 | eval'd: drake::cmq_buildtargetmetadepsspecconfig_tmpconfig
2020-08-01 14:53:49.983532 | > DO_CALL (0.002s wait)
Joining, by = c("dat", "site", "s0", "n0")
2020-08-01 14:53:52.059878 | eval'd: drake::cmq_buildtargetmetadepsspecconfig_tmpconfig
2020-08-01 14:53:55.966871 | > DO_CALL (0.003s wait)
Joining, by = c("dat", "site", "s0", "n0")
2020-08-01 14:53:58.025218 | eval'd: drake::cmq_buildtargetmetadepsspecconfig_tmpconfig
2020-08-01 14:53:58.075085 | > DO_CALL (0.002s wait)
Joining, by = c("dat", "site", "s0", "n0")
2020-08-01 14:53:59.756374 | eval'd: drake::cmq_buildtargetmetadepsspecconfig_tmpconfig
2020-08-01 14:53:59.801423 | > DO_CALL (0.002s wait)
Joining, by = c("dat", "site", "s0", "n0")
2020-08-01 14:54:01.576251 | eval'd: drake::cmq_buildtargetmetadepsspecconfig_tmpconfig
2020-08-01 14:54:01.658806 | > DO_CALL (0.002s wait)
Joining, by = c("dat", "site", "s0", "n0")
2020-08-01 14:54:03.291026 | eval'd: drake::cmq_buildtargetmetadepsspecconfig_tmpconfig
2020-08-01 14:54:03.347145 | > DO_CALL (0.002s wait)
Joining, by = c("dat", "site", "s0", "n0")
2020-08-01 14:54:05.059955 | eval'd: drake::cmq_buildtargetmetadepsspecconfig_tmpconfig
2020-08-01 14:54:06.629258 | > WORKER_WAIT (0.000s wait)
2020-08-01 14:54:06.629719 | waiting 1.00s
2020-08-01 14:54:08.302270 | > WORKER_WAIT (0.000s wait)
2020-08-01 14:54:08.302667 | waiting 1.00s
2020-08-01 14:54:35.355648 | > WORKER_STOP (0.001s wait)
2020-08-01 14:54:35.410374 | shutting down worker
2020-08-01 14:54:37.062386 | 
Total: 45 in 1757.37s [user], 13.65s [system], 2001.59s [elapsed]
