2019-11-11 08:06:50.008668 | Master: tcp://c7a-s1:6956
2019-11-11 08:06:50.032556 | WORKER_UP to: tcp://c7a-s1:6956
2019-11-11 08:06:52.375023 | > DO_SETUP (2.052s wait)
2019-11-11 08:06:52.375494 | token from msg: set_common_data_token
2019-11-11 08:07:50.733949 | > WORKER_WAIT (0.000s wait)
2019-11-11 08:07:50.734532 | waiting 0.50s
2019-11-11 08:07:51.240634 | > WORKER_WAIT (0.001s wait)
2019-11-11 08:07:51.240926 | waiting 0.50s
2019-11-11 08:07:51.745202 | > WORKER_WAIT (0.000s wait)
2019-11-11 08:07:51.745531 | waiting 0.50s
2019-11-11 08:07:52.249756 | > WORKER_WAIT (0.000s wait)
2019-11-11 08:07:52.250065 | waiting 0.50s
2019-11-11 08:07:52.754333 | > WORKER_WAIT (0.000s wait)
2019-11-11 08:07:52.754663 | waiting 0.50s
2019-11-11 08:07:53.259484 | > WORKER_WAIT (0.000s wait)
2019-11-11 08:07:53.259853 | waiting 0.50s
2019-11-11 08:07:53.764564 | > WORKER_WAIT (0.000s wait)
2019-11-11 08:07:53.764939 | waiting 0.50s
2019-11-11 08:07:54.269684 | > WORKER_WAIT (0.000s wait)
2019-11-11 08:07:54.270046 | waiting 0.50s
2019-11-11 08:07:54.774793 | > WORKER_WAIT (0.000s wait)
2019-11-11 08:07:54.775158 | waiting 0.50s
2019-11-11 08:07:55.279908 | > WORKER_WAIT (0.000s wait)
2019-11-11 08:07:55.280280 | waiting 0.50s
2019-11-11 08:07:55.784997 | > WORKER_WAIT (0.000s wait)
2019-11-11 08:07:55.785357 | waiting 0.50s
2019-11-11 08:07:56.290110 | > WORKER_WAIT (0.000s wait)
2019-11-11 08:07:56.290465 | waiting 0.50s
2019-11-11 08:07:56.794668 | > WORKER_WAIT (0.000s wait)
2019-11-11 08:07:56.795028 | waiting 0.50s
2019-11-11 08:07:57.299781 | > WORKER_WAIT (0.000s wait)
2019-11-11 08:07:57.300134 | waiting 0.50s
2019-11-11 08:07:57.804872 | > WORKER_WAIT (0.000s wait)
2019-11-11 08:07:57.805218 | waiting 0.50s
2019-11-11 08:07:58.307023 | > WORKER_WAIT (0.000s wait)
2019-11-11 08:07:58.307683 | waiting 0.50s
2019-11-11 08:07:58.809512 | > WORKER_WAIT (0.000s wait)
2019-11-11 08:07:58.809875 | waiting 0.50s
2019-11-11 08:07:59.311662 | > WORKER_WAIT (0.000s wait)
2019-11-11 08:07:59.312011 | waiting 0.50s
2019-11-11 08:07:59.814132 | > WORKER_WAIT (0.000s wait)
2019-11-11 08:07:59.814497 | waiting 0.50s
2019-11-11 08:08:00.316745 | > WORKER_WAIT (0.000s wait)
2019-11-11 08:08:00.317111 | waiting 0.50s
2019-11-11 08:08:00.819377 | > WORKER_WAIT (0.000s wait)
2019-11-11 08:08:00.819770 | waiting 0.50s
2019-11-11 08:08:01.322107 | > WORKER_WAIT (0.000s wait)
2019-11-11 08:08:01.322488 | waiting 0.50s
2019-11-11 08:08:01.824712 | > WORKER_WAIT (0.000s wait)
2019-11-11 08:08:01.825077 | waiting 0.50s
2019-11-11 08:08:02.327242 | > WORKER_WAIT (0.000s wait)
2019-11-11 08:08:02.327620 | waiting 0.50s
2019-11-11 08:08:02.830026 | > WORKER_WAIT (0.000s wait)
2019-11-11 08:08:02.830407 | waiting 0.50s
2019-11-11 08:08:03.332532 | > WORKER_WAIT (0.000s wait)
2019-11-11 08:08:03.332894 | waiting 0.50s
2019-11-11 08:08:03.835083 | > WORKER_WAIT (0.000s wait)
2019-11-11 08:08:03.835427 | waiting 0.50s
2019-11-11 08:08:04.338323 | > WORKER_WAIT (0.000s wait)
2019-11-11 08:08:04.338872 | waiting 0.50s
2019-11-11 08:08:04.840736 | > WORKER_WAIT (0.000s wait)
2019-11-11 08:08:04.841094 | waiting 0.50s
2019-11-11 08:08:05.343134 | > WORKER_WAIT (0.000s wait)
2019-11-11 08:08:05.343493 | waiting 0.50s
2019-11-11 08:08:05.845544 | > WORKER_WAIT (0.000s wait)
2019-11-11 08:08:05.845878 | waiting 0.50s
2019-11-11 08:08:06.347851 | > WORKER_WAIT (0.000s wait)
2019-11-11 08:08:06.348172 | waiting 0.50s
2019-11-11 08:08:06.850131 | > WORKER_WAIT (0.000s wait)
2019-11-11 08:08:06.850437 | waiting 0.50s
2019-11-11 08:08:07.352347 | > WORKER_WAIT (0.000s wait)
2019-11-11 08:08:07.352662 | waiting 0.50s
2019-11-11 08:08:07.854609 | > WORKER_WAIT (0.001s wait)
2019-11-11 08:08:07.854915 | waiting 0.50s
2019-11-11 08:08:08.357478 | > WORKER_WAIT (0.000s wait)
2019-11-11 08:08:08.357783 | waiting 0.50s
2019-11-11 08:08:08.861025 | > WORKER_WAIT (0.000s wait)
2019-11-11 08:08:08.861332 | waiting 0.50s
2019-11-11 08:08:09.364807 | > WORKER_WAIT (0.000s wait)
2019-11-11 08:08:09.365108 | waiting 0.50s
2019-11-11 08:08:09.868549 | > WORKER_WAIT (0.000s wait)
2019-11-11 08:08:09.868855 | waiting 0.50s
2019-11-11 08:08:10.372060 | > WORKER_WAIT (0.000s wait)
2019-11-11 08:08:10.372365 | waiting 0.50s
2019-11-11 08:08:10.875697 | > WORKER_WAIT (0.000s wait)
2019-11-11 08:08:10.876003 | waiting 0.50s
2019-11-11 08:08:11.379103 | > WORKER_WAIT (0.000s wait)
2019-11-11 08:08:11.379404 | waiting 0.50s
2019-11-11 08:08:11.882878 | > WORKER_WAIT (0.000s wait)
2019-11-11 08:08:11.883181 | waiting 0.50s
2019-11-11 08:08:12.386786 | > WORKER_WAIT (0.000s wait)
2019-11-11 08:08:12.387096 | waiting 0.50s
2019-11-11 08:08:12.890312 | > WORKER_WAIT (0.000s wait)
2019-11-11 08:08:12.890649 | waiting 0.50s
2019-11-11 08:08:13.394571 | > WORKER_WAIT (0.000s wait)
2019-11-11 08:08:13.394900 | waiting 0.50s
2019-11-11 08:08:13.898188 | > WORKER_WAIT (0.000s wait)
2019-11-11 08:08:13.898523 | waiting 0.50s
2019-11-11 08:08:14.401822 | > WORKER_WAIT (0.000s wait)
2019-11-11 08:08:14.402118 | waiting 0.50s
2019-11-11 08:08:14.905251 | > WORKER_WAIT (0.000s wait)
2019-11-11 08:08:14.905589 | waiting 0.50s
2019-11-11 08:08:15.409135 | > WORKER_WAIT (0.000s wait)
2019-11-11 08:08:15.409465 | waiting 0.50s
2019-11-11 08:08:15.913006 | > WORKER_WAIT (0.000s wait)
2019-11-11 08:08:15.913293 | waiting 0.50s
2019-11-11 08:08:16.416990 | > WORKER_WAIT (0.000s wait)
2019-11-11 08:08:16.417656 | waiting 0.50s
2019-11-11 08:08:16.921608 | > WORKER_WAIT (0.001s wait)
2019-11-11 08:08:16.921931 | waiting 0.50s
2019-11-11 08:08:17.425643 | > WORKER_WAIT (0.000s wait)
2019-11-11 08:08:17.425943 | waiting 0.50s
2019-11-11 08:08:17.929251 | > WORKER_WAIT (0.000s wait)
2019-11-11 08:08:17.929598 | waiting 0.50s
2019-11-11 08:08:18.433961 | > WORKER_WAIT (0.000s wait)
2019-11-11 08:08:18.434268 | waiting 0.50s
2019-11-11 08:08:18.937719 | > WORKER_WAIT (0.000s wait)
2019-11-11 08:08:18.938006 | waiting 0.50s
2019-11-11 08:08:19.439736 | > WORKER_WAIT (0.000s wait)
2019-11-11 08:08:19.440054 | waiting 0.50s
2019-11-11 08:08:19.942416 | > WORKER_WAIT (0.000s wait)
2019-11-11 08:08:19.942748 | waiting 0.50s
2019-11-11 08:08:20.445052 | > WORKER_WAIT (0.000s wait)
2019-11-11 08:08:20.445375 | waiting 0.50s
2019-11-11 08:08:50.984854 | > WORKER_STOP (0.000s wait)
2019-11-11 08:08:50.987626 | shutting down worker
2019-11-11 08:08:51.159715 | 
Total: 0 in 1.59s [user], 0.19s [system], 120.95s [elapsed]
