2020-01-21 10:12:28.996489 | Master: tcp://c30a-s2:6917
2020-01-21 10:12:29.018113 | WORKER_UP to: tcp://c30a-s2:6917
2020-01-21 10:12:32.008330 | > DO_SETUP (2.361s wait)
2020-01-21 10:12:32.009358 | token from msg: set_common_data_token
2020-01-21 10:12:32.777704 | > DO_CALL (0.001s wait)
.* Option 'clustermq.scheduler' not set, defaulting to ‘SLURM’
--- see: https://mschubert.github.io/clustermq/articles/userguide.html#configuration
2020-01-21 10:12:33.100473 | eval'd: drake::cmq_buildtargetmetadepsspecht_is_subtargetconfig
2020-01-21 10:12:34.838121 | > DO_CALL (0.001s wait)
.2020-01-21 10:12:35.017478 | eval'd: drake::cmq_buildtargetmetadepsspecht_is_subtargetconfig
2020-01-21 10:12:37.509597 | > DO_CALL (0.001s wait)
.2020-01-21 10:12:37.514850 | eval'd: drake::cmq_buildtargetmetadepsspecht_is_subtargetconfig
2020-01-21 10:12:39.372985 | > DO_CALL (0.001s wait)
.2020-01-21 10:12:39.378606 | eval'd: drake::cmq_buildtargetmetadepsspecht_is_subtargetconfig
2020-01-21 10:12:41.179893 | > DO_CALL (0.001s wait)
.2020-01-21 10:12:41.186236 | eval'd: drake::cmq_buildtargetmetadepsspecht_is_subtargetconfig
2020-01-21 10:12:43.136726 | > DO_CALL (0.001s wait)
.2020-01-21 10:12:43.142367 | eval'd: drake::cmq_buildtargetmetadepsspecht_is_subtargetconfig
2020-01-21 10:12:44.891938 | > DO_CALL (0.001s wait)
.2020-01-21 10:12:44.897584 | eval'd: drake::cmq_buildtargetmetadepsspecht_is_subtargetconfig
2020-01-21 10:12:46.613672 | > DO_CALL (0.001s wait)
.2020-01-21 10:12:46.619392 | eval'd: drake::cmq_buildtargetmetadepsspecht_is_subtargetconfig
2020-01-21 10:12:48.297533 | > DO_CALL (0.000s wait)
.2020-01-21 10:12:48.303230 | eval'd: drake::cmq_buildtargetmetadepsspecht_is_subtargetconfig
2020-01-21 10:12:50.361679 | > DO_CALL (0.001s wait)
.2020-01-21 10:12:50.367385 | eval'd: drake::cmq_buildtargetmetadepsspecht_is_subtargetconfig
2020-01-21 10:12:52.265595 | > DO_CALL (0.001s wait)
.2020-01-21 10:12:52.271439 | eval'd: drake::cmq_buildtargetmetadepsspecht_is_subtargetconfig
2020-01-21 10:12:53.782536 | > DO_CALL (0.000s wait)
.2020-01-21 10:12:53.789216 | eval'd: drake::cmq_buildtargetmetadepsspecht_is_subtargetconfig
2020-01-21 10:12:55.498967 | > DO_CALL (0.001s wait)
.2020-01-21 10:12:55.505615 | eval'd: drake::cmq_buildtargetmetadepsspecht_is_subtargetconfig
2020-01-21 10:12:57.386058 | > DO_CALL (0.001s wait)
.2020-01-21 10:12:57.392725 | eval'd: drake::cmq_buildtargetmetadepsspecht_is_subtargetconfig
2020-01-21 10:12:59.356915 | > DO_CALL (0.001s wait)
.2020-01-21 10:12:59.363583 | eval'd: drake::cmq_buildtargetmetadepsspecht_is_subtargetconfig
2020-01-21 10:13:01.137569 | > DO_CALL (0.001s wait)
.2020-01-21 10:13:01.144690 | eval'd: drake::cmq_buildtargetmetadepsspecht_is_subtargetconfig
2020-01-21 10:13:02.873972 | > DO_CALL (0.001s wait)
.2020-01-21 10:13:02.880717 | eval'd: drake::cmq_buildtargetmetadepsspecht_is_subtargetconfig
2020-01-21 10:13:04.640808 | > DO_CALL (0.001s wait)
.2020-01-21 10:13:04.647805 | eval'd: drake::cmq_buildtargetmetadepsspecht_is_subtargetconfig
2020-01-21 10:13:06.369500 | > DO_CALL (0.000s wait)
.
2020-01-21 10:13:06.376231 | eval'd: drake::cmq_buildtargetmetadepsspecht_is_subtargetconfig
2020-01-21 10:13:08.175312 | > DO_CALL (0.001s wait)
.2020-01-21 10:13:08.182357 | eval'd: drake::cmq_buildtargetmetadepsspecht_is_subtargetconfig
2020-01-21 10:13:09.849208 | > DO_CALL (0.001s wait)
.2020-01-21 10:13:09.856021 | eval'd: drake::cmq_buildtargetmetadepsspecht_is_subtargetconfig
2020-01-21 10:13:11.798205 | > DO_CALL (0.001s wait)
.2020-01-21 10:13:11.804952 | eval'd: drake::cmq_buildtargetmetadepsspecht_is_subtargetconfig
2020-01-21 10:13:13.722488 | > DO_CALL (0.000s wait)
.2020-01-21 10:13:13.729480 | eval'd: drake::cmq_buildtargetmetadepsspecht_is_subtargetconfig
2020-01-21 10:13:15.868736 | > DO_CALL (0.001s wait)
.2020-01-21 10:13:15.875655 | eval'd: drake::cmq_buildtargetmetadepsspecht_is_subtargetconfig
2020-01-21 10:13:17.832180 | > DO_CALL (0.001s wait)
.2020-01-21 10:13:17.839051 | eval'd: drake::cmq_buildtargetmetadepsspecht_is_subtargetconfig
2020-01-21 10:13:19.504141 | > DO_CALL (0.001s wait)
.2020-01-21 10:13:19.511315 | eval'd: drake::cmq_buildtargetmetadepsspecht_is_subtargetconfig
2020-01-21 10:13:21.827162 | > DO_CALL (0.001s wait)
.2020-01-21 10:13:21.834378 | eval'd: drake::cmq_buildtargetmetadepsspecht_is_subtargetconfig
2020-01-21 10:13:24.138991 | > DO_CALL (0.001s wait)
.2020-01-21 10:13:24.145670 | eval'd: drake::cmq_buildtargetmetadepsspecht_is_subtargetconfig
2020-01-21 10:13:25.742738 | > DO_CALL (0.001s wait)
.2020-01-21 10:13:25.749585 | eval'd: drake::cmq_buildtargetmetadepsspecht_is_subtargetconfig
2020-01-21 10:13:27.553308 | > DO_CALL (0.001s wait)
.2020-01-21 10:13:27.564988 | eval'd: drake::cmq_buildtargetmetadepsspecht_is_subtargetconfig
2020-01-21 10:13:29.246314 | > DO_CALL (0.000s wait)
.2020-01-21 10:13:29.251569 | eval'd: drake::cmq_buildtargetmetadepsspecht_is_subtargetconfig
2020-01-21 10:13:31.155386 | > DO_CALL (0.000s wait)
.2020-01-21 10:13:31.160982 | eval'd: drake::cmq_buildtargetmetadepsspecht_is_subtargetconfig
2020-01-21 10:13:33.057455 | > DO_CALL (0.000s wait)
.2020-01-21 10:13:33.062908 | eval'd: drake::cmq_buildtargetmetadepsspecht_is_subtargetconfig
2020-01-21 10:13:35.362992 | > DO_CALL (0.001s wait)
.2020-01-21 10:13:35.368639 | eval'd: drake::cmq_buildtargetmetadepsspecht_is_subtargetconfig
2020-01-21 10:13:37.105542 | > DO_CALL (0.000s wait)
.2020-01-21 10:13:37.111079 | eval'd: drake::cmq_buildtargetmetadepsspecht_is_subtargetconfig
2020-01-21 10:13:38.972370 | > DO_CALL (0.000s wait)
.2020-01-21 10:13:38.977946 | eval'd: drake::cmq_buildtargetmetadepsspecht_is_subtargetconfig
2020-01-21 10:13:41.039997 | > DO_CALL (0.001s wait)
.2020-01-21 10:13:41.045900 | eval'd: drake::cmq_buildtargetmetadepsspecht_is_subtargetconfig
2020-01-21 10:13:42.692399 | > DO_CALL (0.000s wait)
.2020-01-21 10:13:42.697721 | eval'd: drake::cmq_buildtargetmetadepsspecht_is_subtargetconfig
2020-01-21 10:13:44.567211 | > DO_CALL (0.000s wait)
.2020-01-21 10:13:44.572544 | eval'd: drake::cmq_buildtargetmetadepsspecht_is_subtargetconfig
2020-01-21 10:13:46.141403 | > DO_CALL (0.000s wait)
.2020-01-21 10:13:46.147030 | eval'd: drake::cmq_buildtargetmetadepsspecht_is_subtargetconfig
2020-01-21 10:13:47.575004 | > DO_CALL (0.001s wait)
.2020-01-21 10:13:47.580437 | eval'd: drake::cmq_buildtargetmetadepsspecht_is_subtargetconfig
2020-01-21 10:13:49.251968 | > DO_CALL (0.001s wait)
.2020-01-21 10:13:49.257309 | eval'd: drake::cmq_buildtargetmetadepsspecht_is_subtargetconfig
2020-01-21 10:13:50.678949 | > DO_CALL (0.001s wait)
.2020-01-21 10:13:50.684780 | eval'd: drake::cmq_buildtargetmetadepsspecht_is_subtargetconfig
2020-01-21 10:13:52.351996 | > DO_CALL (0.001s wait)
.2020-01-21 10:13:52.357544 | eval'd: drake::cmq_buildtargetmetadepsspecht_is_subtargetconfig
2020-01-21 10:13:54.060597 | > DO_CALL (0.001s wait)
.2020-01-21 10:13:54.065954 | eval'd: drake::cmq_buildtargetmetadepsspecht_is_subtargetconfig
2020-01-21 10:13:55.651751 | > DO_CALL (0.001s wait)
.2020-01-21 10:13:55.657225 | eval'd: drake::cmq_buildtargetmetadepsspecht_is_subtargetconfig
2020-01-21 10:13:57.356717 | > DO_CALL (0.001s wait)
.2020-01-21 10:13:57.362054 | eval'd: drake::cmq_buildtargetmetadepsspecht_is_subtargetconfig
2020-01-21 10:13:58.985936 | > DO_CALL (0.001s wait)
.2020-01-21 10:13:58.991275 | eval'd: drake::cmq_buildtargetmetadepsspecht_is_subtargetconfig
2020-01-21 10:14:00.991069 | > DO_CALL (0.001s wait)
.2020-01-21 10:14:00.996898 | eval'd: drake::cmq_buildtargetmetadepsspecht_is_subtargetconfig
2020-01-21 10:14:02.847235 | > DO_CALL (0.001s wait)
.2020-01-21 10:14:02.855720 | eval'd: drake::cmq_buildtargetmetadepsspecht_is_subtargetconfig
2020-01-21 10:14:04.523253 | > DO_CALL (0.001s wait)
.2020-01-21 10:14:04.529758 | eval'd: drake::cmq_buildtargetmetadepsspecht_is_subtargetconfig
2020-01-21 10:14:06.469251 | > DO_CALL (0.001s wait)
.2020-01-21 10:14:06.474794 | eval'd: drake::cmq_buildtargetmetadepsspecht_is_subtargetconfig
2020-01-21 10:14:08.227741 | > DO_CALL (0.001s wait)
.2020-01-21 10:14:08.249555 | eval'd: drake::cmq_buildtargetmetadepsspecht_is_subtargetconfig
2020-01-21 10:14:09.937234 | > DO_CALL (0.000s wait)
.2020-01-21 10:14:09.943348 | eval'd: drake::cmq_buildtargetmetadepsspecht_is_subtargetconfig
2020-01-21 10:14:11.735437 | > DO_CALL (0.000s wait)
.2020-01-21 10:14:11.741276 | eval'd: drake::cmq_buildtargetmetadepsspecht_is_subtargetconfig
2020-01-21 10:14:13.312996 | > DO_CALL (0.001s wait)
.2020-01-21 10:14:13.318676 | eval'd: drake::cmq_buildtargetmetadepsspecht_is_subtargetconfig
2020-01-21 10:14:14.865722 | > DO_CALL (0.001s wait)
.2020-01-21 10:14:14.871811 | eval'd: drake::cmq_buildtargetmetadepsspecht_is_subtargetconfig
2020-01-21 10:14:16.468111 | > DO_CALL (0.001s wait)
.2020-01-21 10:14:16.474040 | eval'd: drake::cmq_buildtargetmetadepsspecht_is_subtargetconfig
2020-01-21 10:14:17.937890 | > DO_CALL (0.001s wait)
.2020-01-21 10:14:17.943944 | eval'd: drake::cmq_buildtargetmetadepsspecht_is_subtargetconfig
2020-01-21 10:14:19.686780 | > DO_CALL (0.001s wait)
.2020-01-21 10:14:19.692887 | eval'd: drake::cmq_buildtargetmetadepsspecht_is_subtargetconfig
2020-01-21 10:14:21.118417 | > DO_CALL (0.000s wait)
.2020-01-21 10:14:21.124341 | eval'd: drake::cmq_buildtargetmetadepsspecht_is_subtargetconfig
2020-01-21 10:14:22.890915 | > DO_CALL (0.001s wait)
.2020-01-21 10:14:22.896904 | eval'd: drake::cmq_buildtargetmetadepsspecht_is_subtargetconfig
2020-01-21 10:14:25.664976 | > DO_CALL (0.001s wait)
.2020-01-21 10:14:25.670799 | eval'd: drake::cmq_buildtargetmetadepsspecht_is_subtargetconfig
2020-01-21 10:14:26.912494 | > DO_CALL (0.000s wait)
.2020-01-21 10:14:26.918204 | eval'd: drake::cmq_buildtargetmetadepsspecht_is_subtargetconfig
2020-01-21 10:14:28.611958 | > DO_CALL (0.001s wait)
.2020-01-21 10:14:28.617464 | eval'd: drake::cmq_buildtargetmetadepsspecht_is_subtargetconfig
2020-01-21 10:14:30.111308 | > DO_CALL (0.000s wait)
.2020-01-21 10:14:30.116924 | eval'd: drake::cmq_buildtargetmetadepsspecht_is_subtargetconfig
2020-01-21 10:14:31.456032 | > DO_CALL (0.001s wait)
.2020-01-21 10:14:31.461595 | eval'd: drake::cmq_buildtargetmetadepsspecht_is_subtargetconfig
2020-01-21 10:14:32.993217 | > DO_CALL (0.000s wait)
.2020-01-21 10:14:32.998515 | eval'd: drake::cmq_buildtargetmetadepsspecht_is_subtargetconfig
2020-01-21 10:14:34.339025 | > DO_CALL (0.001s wait)
.2020-01-21 10:14:34.344628 | eval'd: drake::cmq_buildtargetmetadepsspecht_is_subtargetconfig
2020-01-21 10:14:35.712106 | > DO_CALL (0.001s wait)
.2020-01-21 10:14:35.717416 | eval'd: drake::cmq_buildtargetmetadepsspecht_is_subtargetconfig
2020-01-21 10:14:37.211056 | > DO_CALL (0.001s wait)
.2020-01-21 10:14:37.216389 | eval'd: drake::cmq_buildtargetmetadepsspecht_is_subtargetconfig
2020-01-21 10:14:38.678552 | > DO_CALL (0.001s wait)
.2020-01-21 10:14:38.689888 | eval'd: drake::cmq_buildtargetmetadepsspecht_is_subtargetconfig
2020-01-21 10:14:40.187888 | > DO_CALL (0.001s wait)
.2020-01-21 10:14:40.193371 | eval'd: drake::cmq_buildtargetmetadepsspecht_is_subtargetconfig
2020-01-21 10:14:41.855468 | > DO_CALL (0.000s wait)
.2020-01-21 10:14:41.861121 | eval'd: drake::cmq_buildtargetmetadepsspecht_is_subtargetconfig
2020-01-21 10:14:43.529449 | > DO_CALL (0.000s wait)
.2020-01-21 10:14:43.534996 | eval'd: drake::cmq_buildtargetmetadepsspecht_is_subtargetconfig
2020-01-21 10:14:45.048891 | > DO_CALL (0.001s wait)
.2020-01-21 10:14:45.054188 | eval'd: drake::cmq_buildtargetmetadepsspecht_is_subtargetconfig
2020-01-21 10:14:46.553238 | > DO_CALL (0.000s wait)
.2020-01-21 10:14:46.558524 | eval'd: drake::cmq_buildtargetmetadepsspecht_is_subtargetconfig
2020-01-21 10:14:48.066900 | > DO_CALL (0.001s wait)
.2020-01-21 10:14:48.072255 | eval'd: drake::cmq_buildtargetmetadepsspecht_is_subtargetconfig
2020-01-21 10:14:49.420220 | > DO_CALL (0.000s wait)
.2020-01-21 10:14:49.425775 | eval'd: drake::cmq_buildtargetmetadepsspecht_is_subtargetconfig
2020-01-21 10:14:51.084246 | > DO_CALL (0.000s wait)
.2020-01-21 10:14:51.090113 | eval'd: drake::cmq_buildtargetmetadepsspecht_is_subtargetconfig
2020-01-21 10:14:52.593786 | > DO_CALL (0.001s wait)
.2020-01-21 10:14:52.599113 | eval'd: drake::cmq_buildtargetmetadepsspecht_is_subtargetconfig
2020-01-21 10:14:53.897162 | > DO_CALL (0.001s wait)
.2020-01-21 10:14:53.902759 | eval'd: drake::cmq_buildtargetmetadepsspecht_is_subtargetconfig
2020-01-21 10:14:55.623993 | > DO_CALL (0.001s wait)
.2020-01-21 10:14:55.629724 | eval'd: drake::cmq_buildtargetmetadepsspecht_is_subtargetconfig
2020-01-21 10:14:57.165983 | > DO_CALL (0.001s wait)
.2020-01-21 10:14:57.171286 | eval'd: drake::cmq_buildtargetmetadepsspecht_is_subtargetconfig
2020-01-21 10:14:58.512590 | > DO_CALL (0.001s wait)
.2020-01-21 10:14:58.517913 | eval'd: drake::cmq_buildtargetmetadepsspecht_is_subtargetconfig
2020-01-21 10:14:59.883011 | > DO_CALL (0.001s wait)
.2020-01-21 10:14:59.888320 | eval'd: drake::cmq_buildtargetmetadepsspecht_is_subtargetconfig
2020-01-21 10:15:01.395213 | > DO_CALL (0.000s wait)
.2020-01-21 10:15:01.400589 | eval'd: drake::cmq_buildtargetmetadepsspecht_is_subtargetconfig
2020-01-21 10:15:02.790015 | > DO_CALL (0.011s wait)
.2020-01-21 10:15:02.795858 | eval'd: drake::cmq_buildtargetmetadepsspecht_is_subtargetconfig
2020-01-21 10:15:04.365551 | > DO_CALL (0.001s wait)
.2020-01-21 10:15:04.370844 | eval'd: drake::cmq_buildtargetmetadepsspecht_is_subtargetconfig
2020-01-21 10:15:05.790389 | > DO_CALL (0.000s wait)
.2020-01-21 10:15:05.795702 | eval'd: drake::cmq_buildtargetmetadepsspecht_is_subtargetconfig
2020-01-21 10:15:07.114309 | > DO_CALL (0.000s wait)
.2020-01-21 10:15:07.119626 | eval'd: drake::cmq_buildtargetmetadepsspecht_is_subtargetconfig
2020-01-21 10:15:08.568590 | > DO_CALL (0.001s wait)
.2020-01-21 10:15:08.574203 | eval'd: drake::cmq_buildtargetmetadepsspecht_is_subtargetconfig
2020-01-21 10:15:09.983223 | > DO_CALL (0.001s wait)
.2020-01-21 10:15:09.988770 | eval'd: drake::cmq_buildtargetmetadepsspecht_is_subtargetconfig
2020-01-21 10:15:11.445835 | > DO_CALL (0.001s wait)
.2020-01-21 10:15:11.451287 | eval'd: drake::cmq_buildtargetmetadepsspecht_is_subtargetconfig
2020-01-21 10:15:12.757454 | > DO_CALL (0.000s wait)
.2020-01-21 10:15:12.762903 | eval'd: drake::cmq_buildtargetmetadepsspecht_is_subtargetconfig
2020-01-21 10:15:14.264905 | > DO_CALL (0.001s wait)
.2020-01-21 10:15:14.270217 | eval'd: drake::cmq_buildtargetmetadepsspecht_is_subtargetconfig
2020-01-21 10:15:15.527314 | > DO_CALL (0.000s wait)
.2020-01-21 10:15:15.532635 | eval'd: drake::cmq_buildtargetmetadepsspecht_is_subtargetconfig
2020-01-21 10:15:16.855015 | > DO_CALL (0.001s wait)
.
2020-01-21 10:15:16.860355 | eval'd: drake::cmq_buildtargetmetadepsspecht_is_subtargetconfig
2020-01-21 10:15:18.213588 | > DO_CALL (0.001s wait)
.2020-01-21 10:15:18.218919 | eval'd: drake::cmq_buildtargetmetadepsspecht_is_subtargetconfig
2020-01-21 10:15:19.482851 | > DO_CALL (0.001s wait)
.2020-01-21 10:15:19.488151 | eval'd: drake::cmq_buildtargetmetadepsspecht_is_subtargetconfig
2020-01-21 10:15:20.836073 | > DO_CALL (0.006s wait)
.2020-01-21 10:15:20.841957 | eval'd: drake::cmq_buildtargetmetadepsspecht_is_subtargetconfig
2020-01-21 10:15:22.117955 | > DO_CALL (0.001s wait)
.2020-01-21 10:15:22.123457 | eval'd: drake::cmq_buildtargetmetadepsspecht_is_subtargetconfig
2020-01-21 10:15:23.565134 | > DO_CALL (0.001s wait)
.2020-01-21 10:15:23.570479 | eval'd: drake::cmq_buildtargetmetadepsspecht_is_subtargetconfig
2020-01-21 10:15:25.658903 | > DO_CALL (0.001s wait)
.2020-01-21 10:15:25.664234 | eval'd: drake::cmq_buildtargetmetadepsspecht_is_subtargetconfig
2020-01-21 10:15:27.937663 | > DO_CALL (0.001s wait)
.2020-01-21 10:15:27.943277 | eval'd: drake::cmq_buildtargetmetadepsspecht_is_subtargetconfig
2020-01-21 10:15:29.261730 | > DO_CALL (0.001s wait)
.2020-01-21 10:15:29.267074 | eval'd: drake::cmq_buildtargetmetadepsspecht_is_subtargetconfig
2020-01-21 10:15:30.884535 | > DO_CALL (0.000s wait)
.2020-01-21 10:15:30.890376 | eval'd: drake::cmq_buildtargetmetadepsspecht_is_subtargetconfig
2020-01-21 10:15:32.268731 | > DO_CALL (0.001s wait)
.2020-01-21 10:15:32.274076 | eval'd: drake::cmq_buildtargetmetadepsspecht_is_subtargetconfig
2020-01-21 10:15:33.784447 | > DO_CALL (0.000s wait)
.2020-01-21 10:15:33.790212 | eval'd: drake::cmq_buildtargetmetadepsspecht_is_subtargetconfig
2020-01-21 10:15:35.289105 | > DO_CALL (0.001s wait)
.2020-01-21 10:15:35.294493 | eval'd: drake::cmq_buildtargetmetadepsspecht_is_subtargetconfig
2020-01-21 10:15:36.591706 | > DO_CALL (0.001s wait)
.2020-01-21 10:15:36.602912 | eval'd: drake::cmq_buildtargetmetadepsspecht_is_subtargetconfig
2020-01-21 10:15:38.049927 | > DO_CALL (0.001s wait)
.2020-01-21 10:15:38.055272 | eval'd: drake::cmq_buildtargetmetadepsspecht_is_subtargetconfig
2020-01-21 10:15:39.495694 | > DO_CALL (0.001s wait)
.2020-01-21 10:15:39.500962 | eval'd: drake::cmq_buildtargetmetadepsspecht_is_subtargetconfig
2020-01-21 10:15:41.044127 | > DO_CALL (0.001s wait)
.2020-01-21 10:15:41.049441 | eval'd: drake::cmq_buildtargetmetadepsspecht_is_subtargetconfig
2020-01-21 10:15:42.370515 | > DO_CALL (0.000s wait)
.2020-01-21 10:15:42.375980 | eval'd: drake::cmq_buildtargetmetadepsspecht_is_subtargetconfig
2020-01-21 10:15:43.611774 | > DO_CALL (0.001s wait)
.2020-01-21 10:15:43.617485 | eval'd: drake::cmq_buildtargetmetadepsspecht_is_subtargetconfig
2020-01-21 10:15:45.166948 | > DO_CALL (0.001s wait)
.2020-01-21 10:15:45.172249 | eval'd: drake::cmq_buildtargetmetadepsspecht_is_subtargetconfig
2020-01-21 10:15:46.516719 | > DO_CALL (0.001s wait)
.2020-01-21 10:15:46.522084 | eval'd: drake::cmq_buildtargetmetadepsspecht_is_subtargetconfig
2020-01-21 10:15:47.869909 | > DO_CALL (0.001s wait)
.2020-01-21 10:15:47.875605 | eval'd: drake::cmq_buildtargetmetadepsspecht_is_subtargetconfig
2020-01-21 10:15:49.219215 | > DO_CALL (0.001s wait)
.2020-01-21 10:15:49.424612 | eval'd: drake::cmq_buildtargetmetadepsspecht_is_subtargetconfig
2020-01-21 10:15:50.674108 | > DO_CALL (0.001s wait)
.2020-01-21 10:15:50.679924 | eval'd: drake::cmq_buildtargetmetadepsspecht_is_subtargetconfig
2020-01-21 10:15:52.047668 | > DO_CALL (0.001s wait)
.2020-01-21 10:15:52.053232 | eval'd: drake::cmq_buildtargetmetadepsspecht_is_subtargetconfig
2020-01-21 10:15:53.315967 | > DO_CALL (0.001s wait)
.2020-01-21 10:15:53.321604 | eval'd: drake::cmq_buildtargetmetadepsspecht_is_subtargetconfig
2020-01-21 10:15:54.734151 | > DO_CALL (0.001s wait)
.2020-01-21 10:15:54.739559 | eval'd: drake::cmq_buildtargetmetadepsspecht_is_subtargetconfig
2020-01-21 10:15:56.245234 | > DO_CALL (0.001s wait)
.2020-01-21 10:15:56.250536 | eval'd: drake::cmq_buildtargetmetadepsspecht_is_subtargetconfig
2020-01-21 10:15:57.720191 | > DO_CALL (0.001s wait)
.2020-01-21 10:15:57.725433 | eval'd: drake::cmq_buildtargetmetadepsspecht_is_subtargetconfig
2020-01-21 10:15:59.121012 | > DO_CALL (0.001s wait)
.2020-01-21 10:15:59.126224 | eval'd: drake::cmq_buildtargetmetadepsspecht_is_subtargetconfig
2020-01-21 10:16:00.434126 | > DO_CALL (0.001s wait)
.2020-01-21 10:16:00.439345 | eval'd: drake::cmq_buildtargetmetadepsspecht_is_subtargetconfig
2020-01-21 10:16:01.784960 | > DO_CALL (0.001s wait)
.2020-01-21 10:16:01.790185 | eval'd: drake::cmq_buildtargetmetadepsspecht_is_subtargetconfig
2020-01-21 10:16:03.460783 | > DO_CALL (0.001s wait)
.2020-01-21 10:16:03.466430 | eval'd: drake::cmq_buildtargetmetadepsspecht_is_subtargetconfig
2020-01-21 10:16:04.771573 | > DO_CALL (0.001s wait)
.2020-01-21 10:16:04.776790 | eval'd: drake::cmq_buildtargetmetadepsspecht_is_subtargetconfig
2020-01-21 10:16:06.093889 | > DO_CALL (0.001s wait)
.2020-01-21 10:16:06.099120 | eval'd: drake::cmq_buildtargetmetadepsspecht_is_subtargetconfig
2020-01-21 10:16:07.378726 | > DO_CALL (0.001s wait)
.2020-01-21 10:16:07.383974 | eval'd: drake::cmq_buildtargetmetadepsspecht_is_subtargetconfig
2020-01-21 10:16:08.664390 | > DO_CALL (0.000s wait)
.2020-01-21 10:16:08.669815 | eval'd: drake::cmq_buildtargetmetadepsspecht_is_subtargetconfig
2020-01-21 10:16:10.026606 | > DO_CALL (0.001s wait)
.2020-01-21 10:16:10.032138 | eval'd: drake::cmq_buildtargetmetadepsspecht_is_subtargetconfig
2020-01-21 10:16:11.354335 | > DO_CALL (0.000s wait)
.2020-01-21 10:16:11.359862 | eval'd: drake::cmq_buildtargetmetadepsspecht_is_subtargetconfig
2020-01-21 10:16:12.748640 | > DO_CALL (0.001s wait)
.2020-01-21 10:16:12.753911 | eval'd: drake::cmq_buildtargetmetadepsspecht_is_subtargetconfig
2020-01-21 10:16:13.971014 | > DO_CALL (0.001s wait)
.2020-01-21 10:16:13.976292 | eval'd: drake::cmq_buildtargetmetadepsspecht_is_subtargetconfig
2020-01-21 10:16:15.241551 | > DO_CALL (0.001s wait)
.2020-01-21 10:16:15.246817 | eval'd: drake::cmq_buildtargetmetadepsspecht_is_subtargetconfig
2020-01-21 10:16:16.741160 | > DO_CALL (0.001s wait)
.2020-01-21 10:16:16.746930 | eval'd: drake::cmq_buildtargetmetadepsspecht_is_subtargetconfig
2020-01-21 10:16:18.107878 | > DO_CALL (0.001s wait)
.2020-01-21 10:16:18.114984 | eval'd: drake::cmq_buildtargetmetadepsspecht_is_subtargetconfig
2020-01-21 10:16:19.471508 | > DO_CALL (0.000s wait)
.2020-01-21 10:16:19.478165 | eval'd: drake::cmq_buildtargetmetadepsspecht_is_subtargetconfig
2020-01-21 10:16:20.812796 | > DO_CALL (0.001s wait)
.2020-01-21 10:16:20.820211 | eval'd: drake::cmq_buildtargetmetadepsspecht_is_subtargetconfig
2020-01-21 10:16:22.372016 | > DO_CALL (0.001s wait)
.2020-01-21 10:16:22.383047 | eval'd: drake::cmq_buildtargetmetadepsspecht_is_subtargetconfig
2020-01-21 10:16:23.753804 | > DO_CALL (0.001s wait)
.2020-01-21 10:16:23.759051 | eval'd: drake::cmq_buildtargetmetadepsspecht_is_subtargetconfig
2020-01-21 10:16:25.074774 | > DO_CALL (0.001s wait)
.2020-01-21 10:16:25.080132 | eval'd: drake::cmq_buildtargetmetadepsspecht_is_subtargetconfig
2020-01-21 10:16:26.394856 | > DO_CALL (0.001s wait)
.2020-01-21 10:16:26.400350 | eval'd: drake::cmq_buildtargetmetadepsspecht_is_subtargetconfig
2020-01-21 10:16:29.404698 | > DO_CALL (0.001s wait)
.2020-01-21 10:16:29.409923 | eval'd: drake::cmq_buildtargetmetadepsspecht_is_subtargetconfig
2020-01-21 10:16:30.658359 | > DO_CALL (0.000s wait)
.2020-01-21 10:16:30.663701 | eval'd: drake::cmq_buildtargetmetadepsspecht_is_subtargetconfig
2020-01-21 10:16:32.046431 | > DO_CALL (0.000s wait)
.2020-01-21 10:16:32.051680 | eval'd: drake::cmq_buildtargetmetadepsspecht_is_subtargetconfig
2020-01-21 10:16:33.332694 | > DO_CALL (0.001s wait)
.2020-01-21 10:16:33.338008 | eval'd: drake::cmq_buildtargetmetadepsspecht_is_subtargetconfig
2020-01-21 10:16:34.761039 | > DO_CALL (0.001s wait)
.2020-01-21 10:16:34.766333 | eval'd: drake::cmq_buildtargetmetadepsspecht_is_subtargetconfig
2020-01-21 10:16:36.067908 | > DO_CALL (0.001s wait)
.2020-01-21 10:16:36.073173 | eval'd: drake::cmq_buildtargetmetadepsspecht_is_subtargetconfig
2020-01-21 10:16:37.598956 | > DO_CALL (0.001s wait)
.2020-01-21 10:16:37.604386 | eval'd: drake::cmq_buildtargetmetadepsspecht_is_subtargetconfig
2020-01-21 10:16:38.853779 | > DO_CALL (0.001s wait)
.2020-01-21 10:16:38.859436 | eval'd: drake::cmq_buildtargetmetadepsspecht_is_subtargetconfig
2020-01-21 10:16:40.158359 | > DO_CALL (0.000s wait)
.2020-01-21 10:16:40.163637 | eval'd: drake::cmq_buildtargetmetadepsspecht_is_subtargetconfig
2020-01-21 10:16:41.585645 | > DO_CALL (0.001s wait)
.2020-01-21 10:16:41.591066 | eval'd: drake::cmq_buildtargetmetadepsspecht_is_subtargetconfig
2020-01-21 10:16:42.834051 | > DO_CALL (0.001s wait)
.2020-01-21 10:16:42.839361 | eval'd: drake::cmq_buildtargetmetadepsspecht_is_subtargetconfig
2020-01-21 10:16:44.194386 | > DO_CALL (0.000s wait)
.2020-01-21 10:16:44.199648 | eval'd: drake::cmq_buildtargetmetadepsspecht_is_subtargetconfig
2020-01-21 10:16:45.611366 | > DO_CALL (0.000s wait)
.2020-01-21 10:16:45.616612 | eval'd: drake::cmq_buildtargetmetadepsspecht_is_subtargetconfig
2020-01-21 10:16:46.982590 | > DO_CALL (0.001s wait)
.2020-01-21 10:16:46.987874 | eval'd: drake::cmq_buildtargetmetadepsspecht_is_subtargetconfig
2020-01-21 10:16:48.420854 | > DO_CALL (0.001s wait)
.2020-01-21 10:16:48.426109 | eval'd: drake::cmq_buildtargetmetadepsspecht_is_subtargetconfig
2020-01-21 10:16:49.923499 | > DO_CALL (0.000s wait)
.2020-01-21 10:16:49.934914 | eval'd: drake::cmq_buildtargetmetadepsspecht_is_subtargetconfig
2020-01-21 10:16:51.178854 | > DO_CALL (0.001s wait)
.2020-01-21 10:16:51.184092 | eval'd: drake::cmq_buildtargetmetadepsspecht_is_subtargetconfig
2020-01-21 10:16:52.410867 | > DO_CALL (0.001s wait)
.2020-01-21 10:16:52.416071 | eval'd: drake::cmq_buildtargetmetadepsspecht_is_subtargetconfig
2020-01-21 10:16:53.772929 | > DO_CALL (0.001s wait)
.2020-01-21 10:16:53.778278 | eval'd: drake::cmq_buildtargetmetadepsspecht_is_subtargetconfig
2020-01-21 10:16:55.093028 | > DO_CALL (0.001s wait)
.2020-01-21 10:16:55.098500 | eval'd: drake::cmq_buildtargetmetadepsspecht_is_subtargetconfig
2020-01-21 10:16:56.379484 | > DO_CALL (0.000s wait)
.2020-01-21 10:16:56.384700 | eval'd: drake::cmq_buildtargetmetadepsspecht_is_subtargetconfig
2020-01-21 10:16:57.580859 | > DO_CALL (0.001s wait)
.2020-01-21 10:16:57.586084 | eval'd: drake::cmq_buildtargetmetadepsspecht_is_subtargetconfig
2020-01-21 10:16:59.164870 | > DO_CALL (0.001s wait)
.2020-01-21 10:16:59.170365 | eval'd: drake::cmq_buildtargetmetadepsspecht_is_subtargetconfig
2020-01-21 10:17:00.421914 | > DO_CALL (0.001s wait)
.2020-01-21 10:17:00.427147 | eval'd: drake::cmq_buildtargetmetadepsspecht_is_subtargetconfig
2020-01-21 10:17:01.626236 | > DO_CALL (0.000s wait)
.2020-01-21 10:17:01.631643 | eval'd: drake::cmq_buildtargetmetadepsspecht_is_subtargetconfig
2020-01-21 10:17:02.877101 | > DO_CALL (0.001s wait)
.2020-01-21 10:17:02.882355 | eval'd: drake::cmq_buildtargetmetadepsspecht_is_subtargetconfig
2020-01-21 10:17:04.180188 | > DO_CALL (0.001s wait)
.2020-01-21 10:17:04.185655 | eval'd: drake::cmq_buildtargetmetadepsspecht_is_subtargetconfig
2020-01-21 10:17:05.417373 | > DO_CALL (0.000s wait)
.2020-01-21 10:17:05.422738 | eval'd: drake::cmq_buildtargetmetadepsspecht_is_subtargetconfig
2020-01-21 10:17:06.635279 | > DO_CALL (0.000s wait)
.2020-01-21 10:17:06.640548 | eval'd: drake::cmq_buildtargetmetadepsspecht_is_subtargetconfig
2020-01-21 10:17:07.925917 | > DO_CALL (0.001s wait)
.
2020-01-21 10:17:07.931187 | eval'd: drake::cmq_buildtargetmetadepsspecht_is_subtargetconfig
2020-01-21 10:17:09.228204 | > DO_CALL (0.001s wait)
.2020-01-21 10:17:09.233462 | eval'd: drake::cmq_buildtargetmetadepsspecht_is_subtargetconfig
2020-01-21 10:17:10.408162 | > DO_CALL (0.001s wait)
.2020-01-21 10:17:10.419142 | eval'd: drake::cmq_buildtargetmetadepsspecht_is_subtargetconfig
2020-01-21 10:17:11.710590 | > DO_CALL (0.001s wait)
.2020-01-21 10:17:11.716058 | eval'd: drake::cmq_buildtargetmetadepsspecht_is_subtargetconfig
2020-01-21 10:17:12.973867 | > DO_CALL (0.001s wait)
.2020-01-21 10:17:12.979103 | eval'd: drake::cmq_buildtargetmetadepsspecht_is_subtargetconfig
2020-01-21 10:17:14.195808 | > DO_CALL (0.001s wait)
.2020-01-21 10:17:14.201101 | eval'd: drake::cmq_buildtargetmetadepsspecht_is_subtargetconfig
2020-01-21 10:17:15.476117 | > DO_CALL (0.001s wait)
.2020-01-21 10:17:15.481666 | eval'd: drake::cmq_buildtargetmetadepsspecht_is_subtargetconfig
2020-01-21 10:17:16.709576 | > DO_CALL (0.001s wait)
.2020-01-21 10:17:16.714897 | eval'd: drake::cmq_buildtargetmetadepsspecht_is_subtargetconfig
2020-01-21 10:17:17.907395 | > DO_CALL (0.000s wait)
.2020-01-21 10:17:17.912628 | eval'd: drake::cmq_buildtargetmetadepsspecht_is_subtargetconfig
2020-01-21 10:17:19.139896 | > DO_CALL (0.001s wait)
.2020-01-21 10:17:19.145145 | eval'd: drake::cmq_buildtargetmetadepsspecht_is_subtargetconfig
2020-01-21 10:17:20.467576 | > DO_CALL (0.001s wait)
.2020-01-21 10:17:20.472843 | eval'd: drake::cmq_buildtargetmetadepsspecht_is_subtargetconfig
2020-01-21 10:17:21.738373 | > DO_CALL (0.000s wait)
.2020-01-21 10:17:21.743837 | eval'd: drake::cmq_buildtargetmetadepsspecht_is_subtargetconfig
2020-01-21 10:17:22.956303 | > DO_CALL (0.000s wait)
.2020-01-21 10:17:22.961765 | eval'd: drake::cmq_buildtargetmetadepsspecht_is_subtargetconfig
2020-01-21 10:17:24.275480 | > DO_CALL (0.000s wait)
.2020-01-21 10:17:24.280757 | eval'd: drake::cmq_buildtargetmetadepsspecht_is_subtargetconfig
2020-01-21 10:17:25.603242 | > DO_CALL (0.000s wait)
.2020-01-21 10:17:25.608747 | eval'd: drake::cmq_buildtargetmetadepsspecht_is_subtargetconfig
2020-01-21 10:17:26.923015 | > DO_CALL (0.001s wait)
.2020-01-21 10:17:27.109536 | eval'd: drake::cmq_buildtargetmetadepsspecht_is_subtargetconfig
2020-01-21 10:17:28.177578 | > DO_CALL (0.001s wait)
.2020-01-21 10:17:28.183037 | eval'd: drake::cmq_buildtargetmetadepsspecht_is_subtargetconfig
2020-01-21 10:17:29.978986 | > DO_CALL (0.001s wait)
.2020-01-21 10:17:29.984265 | eval'd: drake::cmq_buildtargetmetadepsspecht_is_subtargetconfig
2020-01-21 10:17:32.254874 | > DO_CALL (0.001s wait)
.2020-01-21 10:17:32.260089 | eval'd: drake::cmq_buildtargetmetadepsspecht_is_subtargetconfig
2020-01-21 10:17:33.506939 | > DO_CALL (0.001s wait)
.2020-01-21 10:17:33.512295 | eval'd: drake::cmq_buildtargetmetadepsspecht_is_subtargetconfig
2020-01-21 10:17:34.826468 | > DO_CALL (0.000s wait)
.2020-01-21 10:17:34.831691 | eval'd: drake::cmq_buildtargetmetadepsspecht_is_subtargetconfig
2020-01-21 10:17:36.165800 | > DO_CALL (0.001s wait)
.2020-01-21 10:17:36.171010 | eval'd: drake::cmq_buildtargetmetadepsspecht_is_subtargetconfig
2020-01-21 10:17:37.794282 | > DO_CALL (0.000s wait)
.2020-01-21 10:17:37.799531 | eval'd: drake::cmq_buildtargetmetadepsspecht_is_subtargetconfig
2020-01-21 10:17:39.054868 | > DO_CALL (0.001s wait)
.2020-01-21 10:17:39.060110 | eval'd: drake::cmq_buildtargetmetadepsspecht_is_subtargetconfig
2020-01-21 10:17:40.456722 | > DO_CALL (0.001s wait)
.2020-01-21 10:17:40.462137 | eval'd: drake::cmq_buildtargetmetadepsspecht_is_subtargetconfig
2020-01-21 10:17:41.729246 | > DO_CALL (0.000s wait)
.2020-01-21 10:17:41.734469 | eval'd: drake::cmq_buildtargetmetadepsspecht_is_subtargetconfig
2020-01-21 10:17:43.037983 | > DO_CALL (0.001s wait)
.2020-01-21 10:17:43.043454 | eval'd: drake::cmq_buildtargetmetadepsspecht_is_subtargetconfig
2020-01-21 10:17:44.270720 | > DO_CALL (0.001s wait)
.2020-01-21 10:17:44.276311 | eval'd: drake::cmq_buildtargetmetadepsspecht_is_subtargetconfig
2020-01-21 10:17:45.560467 | > DO_CALL (0.000s wait)
.2020-01-21 10:17:45.566464 | eval'd: drake::cmq_buildtargetmetadepsspecht_is_subtargetconfig
2020-01-21 10:17:46.804988 | > DO_CALL (0.001s wait)
.2020-01-21 10:17:46.810814 | eval'd: drake::cmq_buildtargetmetadepsspecht_is_subtargetconfig
2020-01-21 10:17:48.054465 | > DO_CALL (0.000s wait)
.2020-01-21 10:17:48.060038 | eval'd: drake::cmq_buildtargetmetadepsspecht_is_subtargetconfig
2020-01-21 10:17:49.414079 | > DO_CALL (0.001s wait)
.2020-01-21 10:17:49.419676 | eval'd: drake::cmq_buildtargetmetadepsspecht_is_subtargetconfig
2020-01-21 10:17:50.675752 | > DO_CALL (0.001s wait)
.2020-01-21 10:17:50.682060 | eval'd: drake::cmq_buildtargetmetadepsspecht_is_subtargetconfig
2020-01-21 10:17:51.951379 | > DO_CALL (0.001s wait)
.2020-01-21 10:17:51.956946 | eval'd: drake::cmq_buildtargetmetadepsspecht_is_subtargetconfig
2020-01-21 10:17:53.251013 | > DO_CALL (0.001s wait)
.2020-01-21 10:17:53.256603 | eval'd: drake::cmq_buildtargetmetadepsspecht_is_subtargetconfig
2020-01-21 10:17:54.496160 | > DO_CALL (0.001s wait)
.2020-01-21 10:17:54.501760 | eval'd: drake::cmq_buildtargetmetadepsspecht_is_subtargetconfig
2020-01-21 10:17:55.778445 | > DO_CALL (0.000s wait)
.2020-01-21 10:17:55.784087 | eval'd: drake::cmq_buildtargetmetadepsspecht_is_subtargetconfig
2020-01-21 10:17:57.083039 | > DO_CALL (0.001s wait)
.2020-01-21 10:17:57.088964 | eval'd: drake::cmq_buildtargetmetadepsspecht_is_subtargetconfig
2020-01-21 10:17:58.326262 | > DO_CALL (0.001s wait)
.2020-01-21 10:17:58.332194 | eval'd: drake::cmq_buildtargetmetadepsspecht_is_subtargetconfig
2020-01-21 10:17:59.726003 | > DO_CALL (0.001s wait)
.2020-01-21 10:17:59.732472 | eval'd: drake::cmq_buildtargetmetadepsspecht_is_subtargetconfig
2020-01-21 10:18:01.053100 | > DO_CALL (0.001s wait)
.2020-01-21 10:18:01.059760 | eval'd: drake::cmq_buildtargetmetadepsspecht_is_subtargetconfig
2020-01-21 10:18:02.484991 | > DO_CALL (0.001s wait)
.2020-01-21 10:18:02.497286 | eval'd: drake::cmq_buildtargetmetadepsspecht_is_subtargetconfig
2020-01-21 10:18:03.799506 | > DO_CALL (0.000s wait)
.2020-01-21 10:18:03.804971 | eval'd: drake::cmq_buildtargetmetadepsspecht_is_subtargetconfig
2020-01-21 10:18:05.078119 | > DO_CALL (0.001s wait)
.2020-01-21 10:18:05.083641 | eval'd: drake::cmq_buildtargetmetadepsspecht_is_subtargetconfig
2020-01-21 10:18:06.433280 | > DO_CALL (0.000s wait)
.2020-01-21 10:18:06.438664 | eval'd: drake::cmq_buildtargetmetadepsspecht_is_subtargetconfig
2020-01-21 10:18:07.712603 | > DO_CALL (0.001s wait)
.2020-01-21 10:18:07.718133 | eval'd: drake::cmq_buildtargetmetadepsspecht_is_subtargetconfig
2020-01-21 10:18:08.944792 | > DO_CALL (0.001s wait)
.2020-01-21 10:18:08.950301 | eval'd: drake::cmq_buildtargetmetadepsspecht_is_subtargetconfig
2020-01-21 10:18:10.197099 | > DO_CALL (0.001s wait)
.2020-01-21 10:18:10.202645 | eval'd: drake::cmq_buildtargetmetadepsspecht_is_subtargetconfig
2020-01-21 10:18:11.841855 | > DO_CALL (0.001s wait)
.2020-01-21 10:18:11.847381 | eval'd: drake::cmq_buildtargetmetadepsspecht_is_subtargetconfig
2020-01-21 10:18:13.048839 | > DO_CALL (0.001s wait)
.2020-01-21 10:18:13.054084 | eval'd: drake::cmq_buildtargetmetadepsspecht_is_subtargetconfig
2020-01-21 10:18:14.335025 | > DO_CALL (0.001s wait)
.2020-01-21 10:18:14.340392 | eval'd: drake::cmq_buildtargetmetadepsspecht_is_subtargetconfig
2020-01-21 10:18:15.656313 | > DO_CALL (0.000s wait)
.2020-01-21 10:18:15.661673 | eval'd: drake::cmq_buildtargetmetadepsspecht_is_subtargetconfig
2020-01-21 10:18:16.912345 | > DO_CALL (0.000s wait)
.2020-01-21 10:18:16.917986 | eval'd: drake::cmq_buildtargetmetadepsspecht_is_subtargetconfig
2020-01-21 10:18:18.100102 | > DO_CALL (0.001s wait)
.2020-01-21 10:18:18.105333 | eval'd: drake::cmq_buildtargetmetadepsspecht_is_subtargetconfig
2020-01-21 10:18:19.308818 | > DO_CALL (0.001s wait)
.2020-01-21 10:18:19.314212 | eval'd: drake::cmq_buildtargetmetadepsspecht_is_subtargetconfig
2020-01-21 10:18:20.662938 | > DO_CALL (0.001s wait)
.2020-01-21 10:18:20.668249 | eval'd: drake::cmq_buildtargetmetadepsspecht_is_subtargetconfig
2020-01-21 10:18:22.005845 | > DO_CALL (0.001s wait)
.2020-01-21 10:18:22.011089 | eval'd: drake::cmq_buildtargetmetadepsspecht_is_subtargetconfig
2020-01-21 10:18:23.277762 | > DO_CALL (0.001s wait)
.2020-01-21 10:18:23.283225 | eval'd: drake::cmq_buildtargetmetadepsspecht_is_subtargetconfig
2020-01-21 10:18:24.515382 | > DO_CALL (0.000s wait)
.2020-01-21 10:18:24.520922 | eval'd: drake::cmq_buildtargetmetadepsspecht_is_subtargetconfig
2020-01-21 10:18:25.767979 | > DO_CALL (0.001s wait)
.2020-01-21 10:18:25.773229 | eval'd: drake::cmq_buildtargetmetadepsspecht_is_subtargetconfig
2020-01-21 10:18:26.994239 | > DO_CALL (0.000s wait)
.2020-01-21 10:18:26.999820 | eval'd: drake::cmq_buildtargetmetadepsspecht_is_subtargetconfig
2020-01-21 10:18:28.239390 | > DO_CALL (0.000s wait)
.2020-01-21 10:18:28.244642 | eval'd: drake::cmq_buildtargetmetadepsspecht_is_subtargetconfig
2020-01-21 10:18:29.504526 | > DO_CALL (0.000s wait)
.2020-01-21 10:18:29.509791 | eval'd: drake::cmq_buildtargetmetadepsspecht_is_subtargetconfig
2020-01-21 10:18:30.706895 | > DO_CALL (0.001s wait)
.2020-01-21 10:18:30.718040 | eval'd: drake::cmq_buildtargetmetadepsspecht_is_subtargetconfig
2020-01-21 10:18:32.955903 | > DO_CALL (0.001s wait)
.2020-01-21 10:18:32.961405 | eval'd: drake::cmq_buildtargetmetadepsspecht_is_subtargetconfig
2020-01-21 10:18:34.467765 | > DO_CALL (0.001s wait)
.2020-01-21 10:18:34.473053 | eval'd: drake::cmq_buildtargetmetadepsspecht_is_subtargetconfig
2020-01-21 10:18:35.688189 | > DO_CALL (0.001s wait)
.2020-01-21 10:18:35.693735 | eval'd: drake::cmq_buildtargetmetadepsspecht_is_subtargetconfig
2020-01-21 10:18:37.062633 | > DO_CALL (0.001s wait)
.2020-01-21 10:18:37.067885 | eval'd: drake::cmq_buildtargetmetadepsspecht_is_subtargetconfig
2020-01-21 10:18:38.312881 | > DO_CALL (0.001s wait)
.2020-01-21 10:18:38.318116 | eval'd: drake::cmq_buildtargetmetadepsspecht_is_subtargetconfig
2020-01-21 10:18:39.529552 | > DO_CALL (0.001s wait)
.2020-01-21 10:18:39.534790 | eval'd: drake::cmq_buildtargetmetadepsspecht_is_subtargetconfig
2020-01-21 10:18:40.778088 | > DO_CALL (0.001s wait)
.2020-01-21 10:18:40.783333 | eval'd: drake::cmq_buildtargetmetadepsspecht_is_subtargetconfig
2020-01-21 10:18:42.153485 | > DO_CALL (0.000s wait)
.2020-01-21 10:18:42.158727 | eval'd: drake::cmq_buildtargetmetadepsspecht_is_subtargetconfig
2020-01-21 10:18:43.411270 | > DO_CALL (0.000s wait)
.2020-01-21 10:18:43.416531 | eval'd: drake::cmq_buildtargetmetadepsspecht_is_subtargetconfig
2020-01-21 10:18:44.633511 | > DO_CALL (0.000s wait)
.2020-01-21 10:18:44.639133 | eval'd: drake::cmq_buildtargetmetadepsspecht_is_subtargetconfig
2020-01-21 10:18:45.851062 | > DO_CALL (0.001s wait)
.2020-01-21 10:18:45.856331 | eval'd: drake::cmq_buildtargetmetadepsspecht_is_subtargetconfig
2020-01-21 10:18:47.066228 | > DO_CALL (0.001s wait)
.2020-01-21 10:18:47.071441 | eval'd: drake::cmq_buildtargetmetadepsspecht_is_subtargetconfig
2020-01-21 10:18:48.364566 | > DO_CALL (0.001s wait)
.2020-01-21 10:18:48.369874 | eval'd: drake::cmq_buildtargetmetadepsspecht_is_subtargetconfig
2020-01-21 10:18:49.709358 | > DO_CALL (0.000s wait)
.2020-01-21 10:18:49.714594 | eval'd: drake::cmq_buildtargetmetadepsspecht_is_subtargetconfig
2020-01-21 10:18:51.039745 | > DO_CALL (0.001s wait)
.2020-01-21 10:18:51.045342 | eval'd: drake::cmq_buildtargetmetadepsspecht_is_subtargetconfig
2020-01-21 10:18:52.228535 | > DO_CALL (0.000s wait)
.
2020-01-21 10:18:52.234196 | eval'd: drake::cmq_buildtargetmetadepsspecht_is_subtargetconfig
2020-01-21 10:18:53.504272 | > DO_CALL (0.000s wait)
.2020-01-21 10:18:53.509860 | eval'd: drake::cmq_buildtargetmetadepsspecht_is_subtargetconfig
2020-01-21 10:18:54.837474 | > DO_CALL (0.006s wait)
.2020-01-21 10:18:54.842911 | eval'd: drake::cmq_buildtargetmetadepsspecht_is_subtargetconfig
2020-01-21 10:18:56.124090 | > DO_CALL (0.001s wait)
.2020-01-21 10:18:56.129573 | eval'd: drake::cmq_buildtargetmetadepsspecht_is_subtargetconfig
2020-01-21 10:18:57.360335 | > DO_CALL (0.000s wait)
.2020-01-21 10:18:57.365730 | eval'd: drake::cmq_buildtargetmetadepsspecht_is_subtargetconfig
2020-01-21 10:18:58.583564 | > DO_CALL (0.001s wait)
.2020-01-21 10:18:58.588909 | eval'd: drake::cmq_buildtargetmetadepsspecht_is_subtargetconfig
2020-01-21 10:18:59.856236 | > DO_CALL (0.000s wait)
.2020-01-21 10:18:59.861464 | eval'd: drake::cmq_buildtargetmetadepsspecht_is_subtargetconfig
2020-01-21 10:19:01.124447 | > DO_CALL (0.000s wait)
.2020-01-21 10:19:01.129682 | eval'd: drake::cmq_buildtargetmetadepsspecht_is_subtargetconfig
2020-01-21 10:19:02.473258 | > DO_CALL (0.000s wait)
.2020-01-21 10:19:02.478591 | eval'd: drake::cmq_buildtargetmetadepsspecht_is_subtargetconfig
2020-01-21 10:19:03.701503 | > DO_CALL (0.000s wait)
.2020-01-21 10:19:03.706726 | eval'd: drake::cmq_buildtargetmetadepsspecht_is_subtargetconfig
2020-01-21 10:19:05.047778 | > DO_CALL (0.001s wait)
.2020-01-21 10:19:05.053051 | eval'd: drake::cmq_buildtargetmetadepsspecht_is_subtargetconfig
2020-01-21 10:19:06.369223 | > DO_CALL (0.000s wait)
.2020-01-21 10:19:06.374731 | eval'd: drake::cmq_buildtargetmetadepsspecht_is_subtargetconfig
2020-01-21 10:19:07.718905 | > DO_CALL (0.001s wait)
.2020-01-21 10:19:07.724133 | eval'd: drake::cmq_buildtargetmetadepsspecht_is_subtargetconfig
2020-01-21 10:19:09.003496 | > DO_CALL (0.000s wait)
.2020-01-21 10:19:09.009079 | eval'd: drake::cmq_buildtargetmetadepsspecht_is_subtargetconfig
2020-01-21 10:19:10.298717 | > DO_CALL (0.001s wait)
.2020-01-21 10:19:10.303940 | eval'd: drake::cmq_buildtargetmetadepsspecht_is_subtargetconfig
2020-01-21 10:19:11.597236 | > DO_CALL (0.000s wait)
.2020-01-21 10:19:11.602457 | eval'd: drake::cmq_buildtargetmetadepsspecht_is_subtargetconfig
2020-01-21 10:19:12.952819 | > DO_CALL (0.001s wait)
.2020-01-21 10:19:12.967880 | eval'd: drake::cmq_buildtargetmetadepsspecht_is_subtargetconfig
2020-01-21 10:19:14.432226 | > DO_CALL (0.000s wait)
.2020-01-21 10:19:14.437494 | eval'd: drake::cmq_buildtargetmetadepsspecht_is_subtargetconfig
2020-01-21 10:19:15.840588 | > DO_CALL (0.001s wait)
.2020-01-21 10:19:15.845834 | eval'd: drake::cmq_buildtargetmetadepsspecht_is_subtargetconfig
2020-01-21 10:19:17.196213 | > DO_CALL (0.000s wait)
.2020-01-21 10:19:17.201459 | eval'd: drake::cmq_buildtargetmetadepsspecht_is_subtargetconfig
2020-01-21 10:19:18.500789 | > DO_CALL (0.001s wait)
.2020-01-21 10:19:18.506050 | eval'd: drake::cmq_buildtargetmetadepsspecht_is_subtargetconfig
2020-01-21 10:19:19.811005 | > DO_CALL (0.001s wait)
.2020-01-21 10:19:19.816246 | eval'd: drake::cmq_buildtargetmetadepsspecht_is_subtargetconfig
2020-01-21 10:19:20.837686 | > WORKER_WAIT (0.000s wait)
2020-01-21 10:19:20.838061 | waiting 1.00s
2020-01-21 10:20:04.108918 | > WORKER_WAIT (0.000s wait)
2020-01-21 10:20:04.112368 | waiting 1.00s
2020-01-21 10:23:30.834919 | > WORKER_STOP (0.000s wait)
2020-01-21 10:23:30.839919 | shutting down worker
2020-01-21 10:23:31.042570 | 
Total: 277 in 4.51s [user], 0.37s [system], 661.82s [elapsed]
