2020-01-21 10:12:28.995855 | Master: tcp://c30a-s2:6917
2020-01-21 10:12:29.017752 | WORKER_UP to: tcp://c30a-s2:6917
2020-01-21 10:12:32.005631 | > DO_SETUP (2.330s wait)
2020-01-21 10:12:32.006981 | token from msg: set_common_data_token
2020-01-21 10:12:32.589262 | > DO_CALL (0.001s wait)
.* Option 'clustermq.scheduler' not set, defaulting to ‘SLURM’
--- see: https://mschubert.github.io/clustermq/articles/userguide.html#configuration
2020-01-21 10:12:32.907518 | eval'd: drake::cmq_buildtargetmetadepsspecht_is_subtargetconfig
2020-01-21 10:12:34.616411 | > DO_CALL (0.001s wait)
.2020-01-21 10:12:34.786885 | eval'd: drake::cmq_buildtargetmetadepsspecht_is_subtargetconfig
2020-01-21 10:12:37.012853 | > DO_CALL (0.001s wait)
.2020-01-21 10:12:37.018020 | eval'd: drake::cmq_buildtargetmetadepsspecht_is_subtargetconfig
2020-01-21 10:12:39.192002 | > DO_CALL (0.001s wait)
.2020-01-21 10:12:39.197491 | eval'd: drake::cmq_buildtargetmetadepsspecht_is_subtargetconfig
2020-01-21 10:12:40.950402 | > DO_CALL (0.001s wait)
.2020-01-21 10:12:40.956399 | eval'd: drake::cmq_buildtargetmetadepsspecht_is_subtargetconfig
2020-01-21 10:12:42.863822 | > DO_CALL (0.001s wait)
.2020-01-21 10:12:42.869462 | eval'd: drake::cmq_buildtargetmetadepsspecht_is_subtargetconfig
2020-01-21 10:12:44.656989 | > DO_CALL (0.001s wait)
.2020-01-21 10:12:44.662574 | eval'd: drake::cmq_buildtargetmetadepsspecht_is_subtargetconfig
2020-01-21 10:12:46.285069 | > DO_CALL (0.001s wait)
.2020-01-21 10:12:46.290674 | eval'd: drake::cmq_buildtargetmetadepsspecht_is_subtargetconfig
2020-01-21 10:12:48.016788 | > DO_CALL (0.001s wait)
.2020-01-21 10:12:48.022370 | eval'd: drake::cmq_buildtargetmetadepsspecht_is_subtargetconfig
2020-01-21 10:12:50.100046 | > DO_CALL (0.001s wait)
.2020-01-21 10:12:50.105767 | eval'd: drake::cmq_buildtargetmetadepsspecht_is_subtargetconfig
2020-01-21 10:12:51.946892 | > DO_CALL (0.001s wait)
.2020-01-21 10:12:51.952794 | eval'd: drake::cmq_buildtargetmetadepsspecht_is_subtargetconfig
2020-01-21 10:12:53.532779 | > DO_CALL (0.001s wait)
.2020-01-21 10:12:53.539742 | eval'd: drake::cmq_buildtargetmetadepsspecht_is_subtargetconfig
2020-01-21 10:12:55.280743 | > DO_CALL (0.001s wait)
.2020-01-21 10:12:55.287774 | eval'd: drake::cmq_buildtargetmetadepsspecht_is_subtargetconfig
2020-01-21 10:12:57.057359 | > DO_CALL (0.001s wait)
.2020-01-21 10:12:57.064343 | eval'd: drake::cmq_buildtargetmetadepsspecht_is_subtargetconfig
2020-01-21 10:12:59.059095 | > DO_CALL (0.001s wait)
.2020-01-21 10:12:59.065976 | eval'd: drake::cmq_buildtargetmetadepsspecht_is_subtargetconfig
2020-01-21 10:13:00.876860 | > DO_CALL (0.001s wait)
.2020-01-21 10:13:00.883926 | eval'd: drake::cmq_buildtargetmetadepsspecht_is_subtargetconfig
2020-01-21 10:13:02.552219 | > DO_CALL (0.001s wait)
.2020-01-21 10:13:02.558940 | eval'd: drake::cmq_buildtargetmetadepsspecht_is_subtargetconfig
2020-01-21 10:13:04.389211 | > DO_CALL (0.001s wait)
.2020-01-21 10:13:04.395769 | eval'd: drake::cmq_buildtargetmetadepsspecht_is_subtargetconfig
2020-01-21 10:13:06.080880 | > DO_CALL (0.001s wait)
.
2020-01-21 10:13:06.087458 | eval'd: drake::cmq_buildtargetmetadepsspecht_is_subtargetconfig
2020-01-21 10:13:07.900287 | > DO_CALL (0.001s wait)
.2020-01-21 10:13:07.906893 | eval'd: drake::cmq_buildtargetmetadepsspecht_is_subtargetconfig
2020-01-21 10:13:09.511397 | > DO_CALL (0.001s wait)
.2020-01-21 10:13:09.518212 | eval'd: drake::cmq_buildtargetmetadepsspecht_is_subtargetconfig
2020-01-21 10:13:11.547629 | > DO_CALL (0.001s wait)
.2020-01-21 10:13:11.554650 | eval'd: drake::cmq_buildtargetmetadepsspecht_is_subtargetconfig
2020-01-21 10:13:13.478507 | > DO_CALL (0.001s wait)
.2020-01-21 10:13:13.485352 | eval'd: drake::cmq_buildtargetmetadepsspecht_is_subtargetconfig
2020-01-21 10:13:15.520484 | > DO_CALL (0.000s wait)
.2020-01-21 10:13:15.527059 | eval'd: drake::cmq_buildtargetmetadepsspecht_is_subtargetconfig
2020-01-21 10:13:17.628325 | > DO_CALL (0.001s wait)
.2020-01-21 10:13:17.634881 | eval'd: drake::cmq_buildtargetmetadepsspecht_is_subtargetconfig
2020-01-21 10:13:19.299703 | > DO_CALL (0.001s wait)
.2020-01-21 10:13:19.306818 | eval'd: drake::cmq_buildtargetmetadepsspecht_is_subtargetconfig
2020-01-21 10:13:21.087837 | > DO_CALL (0.001s wait)
.2020-01-21 10:13:21.094994 | eval'd: drake::cmq_buildtargetmetadepsspecht_is_subtargetconfig
2020-01-21 10:13:23.757478 | > DO_CALL (0.001s wait)
.2020-01-21 10:13:23.764504 | eval'd: drake::cmq_buildtargetmetadepsspecht_is_subtargetconfig
2020-01-21 10:13:25.494053 | > DO_CALL (0.001s wait)
.2020-01-21 10:13:25.500658 | eval'd: drake::cmq_buildtargetmetadepsspecht_is_subtargetconfig
2020-01-21 10:13:27.272085 | > DO_CALL (0.001s wait)
.2020-01-21 10:13:27.283655 | eval'd: drake::cmq_buildtargetmetadepsspecht_is_subtargetconfig
2020-01-21 10:13:29.061211 | > DO_CALL (0.001s wait)
.2020-01-21 10:13:29.066572 | eval'd: drake::cmq_buildtargetmetadepsspecht_is_subtargetconfig
2020-01-21 10:13:30.822320 | > DO_CALL (0.001s wait)
.2020-01-21 10:13:30.827641 | eval'd: drake::cmq_buildtargetmetadepsspecht_is_subtargetconfig
2020-01-21 10:13:32.730157 | > DO_CALL (0.001s wait)
.2020-01-21 10:13:32.735525 | eval'd: drake::cmq_buildtargetmetadepsspecht_is_subtargetconfig
2020-01-21 10:13:35.109050 | > DO_CALL (0.001s wait)
.2020-01-21 10:13:35.114195 | eval'd: drake::cmq_buildtargetmetadepsspecht_is_subtargetconfig
2020-01-21 10:13:36.786114 | > DO_CALL (0.001s wait)
.2020-01-21 10:13:36.791571 | eval'd: drake::cmq_buildtargetmetadepsspecht_is_subtargetconfig
2020-01-21 10:13:38.566439 | > DO_CALL (0.000s wait)
.2020-01-21 10:13:38.571949 | eval'd: drake::cmq_buildtargetmetadepsspecht_is_subtargetconfig
2020-01-21 10:13:40.723601 | > DO_CALL (0.000s wait)
.2020-01-21 10:13:40.729478 | eval'd: drake::cmq_buildtargetmetadepsspecht_is_subtargetconfig
2020-01-21 10:13:42.485238 | > DO_CALL (0.001s wait)
.2020-01-21 10:13:42.490437 | eval'd: drake::cmq_buildtargetmetadepsspecht_is_subtargetconfig
2020-01-21 10:13:44.244096 | > DO_CALL (0.001s wait)
.2020-01-21 10:13:44.249461 | eval'd: drake::cmq_buildtargetmetadepsspecht_is_subtargetconfig
2020-01-21 10:13:45.880159 | > DO_CALL (0.001s wait)
.2020-01-21 10:13:45.885369 | eval'd: drake::cmq_buildtargetmetadepsspecht_is_subtargetconfig
2020-01-21 10:13:47.355160 | > DO_CALL (0.001s wait)
.2020-01-21 10:13:47.360408 | eval'd: drake::cmq_buildtargetmetadepsspecht_is_subtargetconfig
2020-01-21 10:13:48.940442 | > DO_CALL (0.000s wait)
.2020-01-21 10:13:48.945896 | eval'd: drake::cmq_buildtargetmetadepsspecht_is_subtargetconfig
2020-01-21 10:13:50.497982 | > DO_CALL (0.001s wait)
.2020-01-21 10:13:50.503207 | eval'd: drake::cmq_buildtargetmetadepsspecht_is_subtargetconfig
2020-01-21 10:13:52.073311 | > DO_CALL (0.000s wait)
.2020-01-21 10:13:52.078754 | eval'd: drake::cmq_buildtargetmetadepsspecht_is_subtargetconfig
2020-01-21 10:13:53.765966 | > DO_CALL (0.001s wait)
.2020-01-21 10:13:53.771192 | eval'd: drake::cmq_buildtargetmetadepsspecht_is_subtargetconfig
2020-01-21 10:13:55.430157 | > DO_CALL (0.001s wait)
.2020-01-21 10:13:55.435373 | eval'd: drake::cmq_buildtargetmetadepsspecht_is_subtargetconfig
2020-01-21 10:13:57.156109 | > DO_CALL (0.001s wait)
.2020-01-21 10:13:57.161396 | eval'd: drake::cmq_buildtargetmetadepsspecht_is_subtargetconfig
2020-01-21 10:13:58.746233 | > DO_CALL (0.001s wait)
.2020-01-21 10:13:58.751518 | eval'd: drake::cmq_buildtargetmetadepsspecht_is_subtargetconfig
2020-01-21 10:14:00.687783 | > DO_CALL (0.001s wait)
.2020-01-21 10:14:00.693405 | eval'd: drake::cmq_buildtargetmetadepsspecht_is_subtargetconfig
2020-01-21 10:14:02.667416 | > DO_CALL (0.000s wait)
.2020-01-21 10:14:02.672655 | eval'd: drake::cmq_buildtargetmetadepsspecht_is_subtargetconfig
2020-01-21 10:14:04.312909 | > DO_CALL (0.001s wait)
.2020-01-21 10:14:04.318126 | eval'd: drake::cmq_buildtargetmetadepsspecht_is_subtargetconfig
2020-01-21 10:14:06.189258 | > DO_CALL (0.001s wait)
.2020-01-21 10:14:06.194510 | eval'd: drake::cmq_buildtargetmetadepsspecht_is_subtargetconfig
2020-01-21 10:14:08.007970 | > DO_CALL (0.001s wait)
.2020-01-21 10:14:08.018815 | eval'd: drake::cmq_buildtargetmetadepsspecht_is_subtargetconfig
2020-01-21 10:14:09.641146 | > DO_CALL (0.001s wait)
.2020-01-21 10:14:09.646353 | eval'd: drake::cmq_buildtargetmetadepsspecht_is_subtargetconfig
2020-01-21 10:14:11.559298 | > DO_CALL (0.000s wait)
.2020-01-21 10:14:11.564913 | eval'd: drake::cmq_buildtargetmetadepsspecht_is_subtargetconfig
2020-01-21 10:14:13.095699 | > DO_CALL (0.001s wait)
.2020-01-21 10:14:13.100880 | eval'd: drake::cmq_buildtargetmetadepsspecht_is_subtargetconfig
2020-01-21 10:14:14.686564 | > DO_CALL (0.000s wait)
.2020-01-21 10:14:14.692037 | eval'd: drake::cmq_buildtargetmetadepsspecht_is_subtargetconfig
2020-01-21 10:14:16.266238 | > DO_CALL (0.001s wait)
.2020-01-21 10:14:16.271440 | eval'd: drake::cmq_buildtargetmetadepsspecht_is_subtargetconfig
2020-01-21 10:14:17.752020 | > DO_CALL (0.001s wait)
.2020-01-21 10:14:17.761243 | eval'd: drake::cmq_buildtargetmetadepsspecht_is_subtargetconfig
2020-01-21 10:14:19.502792 | > DO_CALL (0.001s wait)
.2020-01-21 10:14:19.509933 | eval'd: drake::cmq_buildtargetmetadepsspecht_is_subtargetconfig
2020-01-21 10:14:20.933418 | > DO_CALL (0.000s wait)
.2020-01-21 10:14:20.940234 | eval'd: drake::cmq_buildtargetmetadepsspecht_is_subtargetconfig
2020-01-21 10:14:22.282033 | > DO_CALL (0.001s wait)
.2020-01-21 10:14:22.288247 | eval'd: drake::cmq_buildtargetmetadepsspecht_is_subtargetconfig
2020-01-21 10:14:25.448136 | > DO_CALL (0.001s wait)
.2020-01-21 10:14:25.454444 | eval'd: drake::cmq_buildtargetmetadepsspecht_is_subtargetconfig
2020-01-21 10:14:26.735276 | > DO_CALL (0.001s wait)
.2020-01-21 10:14:26.740533 | eval'd: drake::cmq_buildtargetmetadepsspecht_is_subtargetconfig
2020-01-21 10:14:28.336387 | > DO_CALL (0.000s wait)
.2020-01-21 10:14:28.341794 | eval'd: drake::cmq_buildtargetmetadepsspecht_is_subtargetconfig
2020-01-21 10:14:29.898818 | > DO_CALL (0.001s wait)
.2020-01-21 10:14:29.904072 | eval'd: drake::cmq_buildtargetmetadepsspecht_is_subtargetconfig
2020-01-21 10:14:31.269576 | > DO_CALL (0.000s wait)
.2020-01-21 10:14:31.275075 | eval'd: drake::cmq_buildtargetmetadepsspecht_is_subtargetconfig
2020-01-21 10:14:32.753908 | > DO_CALL (0.001s wait)
.2020-01-21 10:14:32.759165 | eval'd: drake::cmq_buildtargetmetadepsspecht_is_subtargetconfig
2020-01-21 10:14:34.164386 | > DO_CALL (0.000s wait)
.2020-01-21 10:14:34.169915 | eval'd: drake::cmq_buildtargetmetadepsspecht_is_subtargetconfig
2020-01-21 10:14:35.531988 | > DO_CALL (0.001s wait)
.2020-01-21 10:14:35.537249 | eval'd: drake::cmq_buildtargetmetadepsspecht_is_subtargetconfig
2020-01-21 10:14:37.033427 | > DO_CALL (0.000s wait)
.2020-01-21 10:14:37.038731 | eval'd: drake::cmq_buildtargetmetadepsspecht_is_subtargetconfig
2020-01-21 10:14:38.476015 | > DO_CALL (0.001s wait)
.2020-01-21 10:14:38.495784 | eval'd: drake::cmq_buildtargetmetadepsspecht_is_subtargetconfig
2020-01-21 10:14:39.908359 | > DO_CALL (0.000s wait)
.2020-01-21 10:14:39.914123 | eval'd: drake::cmq_buildtargetmetadepsspecht_is_subtargetconfig
2020-01-21 10:14:41.651324 | > DO_CALL (0.000s wait)
.2020-01-21 10:14:41.657085 | eval'd: drake::cmq_buildtargetmetadepsspecht_is_subtargetconfig
2020-01-21 10:14:43.237645 | > DO_CALL (0.001s wait)
.2020-01-21 10:14:43.243243 | eval'd: drake::cmq_buildtargetmetadepsspecht_is_subtargetconfig
2020-01-21 10:14:44.816864 | > DO_CALL (0.001s wait)
.2020-01-21 10:14:44.822992 | eval'd: drake::cmq_buildtargetmetadepsspecht_is_subtargetconfig
2020-01-21 10:14:46.346522 | > DO_CALL (0.000s wait)
.2020-01-21 10:14:46.352293 | eval'd: drake::cmq_buildtargetmetadepsspecht_is_subtargetconfig
2020-01-21 10:14:47.807264 | > DO_CALL (0.001s wait)
.2020-01-21 10:14:47.813109 | eval'd: drake::cmq_buildtargetmetadepsspecht_is_subtargetconfig
2020-01-21 10:14:49.233196 | > DO_CALL (0.001s wait)
.2020-01-21 10:14:49.238400 | eval'd: drake::cmq_buildtargetmetadepsspecht_is_subtargetconfig
2020-01-21 10:14:50.766316 | > DO_CALL (0.000s wait)
.2020-01-21 10:14:50.771972 | eval'd: drake::cmq_buildtargetmetadepsspecht_is_subtargetconfig
2020-01-21 10:14:52.339068 | > DO_CALL (0.001s wait)
.2020-01-21 10:14:52.344313 | eval'd: drake::cmq_buildtargetmetadepsspecht_is_subtargetconfig
2020-01-21 10:14:53.698107 | > DO_CALL (0.001s wait)
.2020-01-21 10:14:53.703696 | eval'd: drake::cmq_buildtargetmetadepsspecht_is_subtargetconfig
2020-01-21 10:14:55.446920 | > DO_CALL (0.001s wait)
.2020-01-21 10:14:55.452347 | eval'd: drake::cmq_buildtargetmetadepsspecht_is_subtargetconfig
2020-01-21 10:14:56.994245 | > DO_CALL (0.001s wait)
.2020-01-21 10:14:56.999458 | eval'd: drake::cmq_buildtargetmetadepsspecht_is_subtargetconfig
2020-01-21 10:14:58.302261 | > DO_CALL (0.001s wait)
.2020-01-21 10:14:58.307536 | eval'd: drake::cmq_buildtargetmetadepsspecht_is_subtargetconfig
2020-01-21 10:14:59.684184 | > DO_CALL (0.001s wait)
.2020-01-21 10:14:59.689631 | eval'd: drake::cmq_buildtargetmetadepsspecht_is_subtargetconfig
2020-01-21 10:15:01.179651 | > DO_CALL (0.001s wait)
.2020-01-21 10:15:01.184873 | eval'd: drake::cmq_buildtargetmetadepsspecht_is_subtargetconfig
2020-01-21 10:15:02.594478 | > DO_CALL (0.010s wait)
.2020-01-21 10:15:02.600247 | eval'd: drake::cmq_buildtargetmetadepsspecht_is_subtargetconfig
2020-01-21 10:15:04.086277 | > DO_CALL (0.000s wait)
.2020-01-21 10:15:04.091448 | eval'd: drake::cmq_buildtargetmetadepsspecht_is_subtargetconfig
2020-01-21 10:15:05.470320 | > DO_CALL (0.000s wait)
.2020-01-21 10:15:05.475478 | eval'd: drake::cmq_buildtargetmetadepsspecht_is_subtargetconfig
2020-01-21 10:15:06.909738 | > DO_CALL (0.001s wait)
.2020-01-21 10:15:06.914948 | eval'd: drake::cmq_buildtargetmetadepsspecht_is_subtargetconfig
2020-01-21 10:15:08.300485 | > DO_CALL (0.000s wait)
.2020-01-21 10:15:08.306047 | eval'd: drake::cmq_buildtargetmetadepsspecht_is_subtargetconfig
2020-01-21 10:15:09.765693 | > DO_CALL (0.001s wait)
.2020-01-21 10:15:09.771175 | eval'd: drake::cmq_buildtargetmetadepsspecht_is_subtargetconfig
2020-01-21 10:15:11.268325 | > DO_CALL (0.000s wait)
.2020-01-21 10:15:11.273700 | eval'd: drake::cmq_buildtargetmetadepsspecht_is_subtargetconfig
2020-01-21 10:15:12.559434 | > DO_CALL (0.000s wait)
.2020-01-21 10:15:12.564673 | eval'd: drake::cmq_buildtargetmetadepsspecht_is_subtargetconfig
2020-01-21 10:15:14.086121 | > DO_CALL (0.001s wait)
.2020-01-21 10:15:14.091571 | eval'd: drake::cmq_buildtargetmetadepsspecht_is_subtargetconfig
2020-01-21 10:15:15.353640 | > DO_CALL (0.001s wait)
.2020-01-21 10:15:15.358886 | eval'd: drake::cmq_buildtargetmetadepsspecht_is_subtargetconfig
2020-01-21 10:15:16.689284 | > DO_CALL (0.000s wait)
.
2020-01-21 10:15:16.694700 | eval'd: drake::cmq_buildtargetmetadepsspecht_is_subtargetconfig
2020-01-21 10:15:18.032053 | > DO_CALL (0.001s wait)
.2020-01-21 10:15:18.037301 | eval'd: drake::cmq_buildtargetmetadepsspecht_is_subtargetconfig
2020-01-21 10:15:19.283567 | > DO_CALL (0.000s wait)
.2020-01-21 10:15:19.288746 | eval'd: drake::cmq_buildtargetmetadepsspecht_is_subtargetconfig
2020-01-21 10:15:20.643075 | > DO_CALL (0.006s wait)
.2020-01-21 10:15:20.648606 | eval'd: drake::cmq_buildtargetmetadepsspecht_is_subtargetconfig
2020-01-21 10:15:21.906481 | > DO_CALL (0.000s wait)
.2020-01-21 10:15:21.911940 | eval'd: drake::cmq_buildtargetmetadepsspecht_is_subtargetconfig
2020-01-21 10:15:23.286478 | > DO_CALL (0.000s wait)
.2020-01-21 10:15:23.291667 | eval'd: drake::cmq_buildtargetmetadepsspecht_is_subtargetconfig
2020-01-21 10:15:24.969905 | > DO_CALL (0.001s wait)
.2020-01-21 10:15:24.975301 | eval'd: drake::cmq_buildtargetmetadepsspecht_is_subtargetconfig
2020-01-21 10:15:27.734895 | > DO_CALL (0.001s wait)
.2020-01-21 10:15:27.740080 | eval'd: drake::cmq_buildtargetmetadepsspecht_is_subtargetconfig
2020-01-21 10:15:29.047090 | > DO_CALL (0.001s wait)
.2020-01-21 10:15:29.052287 | eval'd: drake::cmq_buildtargetmetadepsspecht_is_subtargetconfig
2020-01-21 10:15:30.655242 | > DO_CALL (0.001s wait)
.2020-01-21 10:15:30.660919 | eval'd: drake::cmq_buildtargetmetadepsspecht_is_subtargetconfig
2020-01-21 10:15:32.096756 | > DO_CALL (0.001s wait)
.2020-01-21 10:15:32.101990 | eval'd: drake::cmq_buildtargetmetadepsspecht_is_subtargetconfig
2020-01-21 10:15:33.574058 | > DO_CALL (0.001s wait)
.2020-01-21 10:15:33.579592 | eval'd: drake::cmq_buildtargetmetadepsspecht_is_subtargetconfig
2020-01-21 10:15:35.028692 | > DO_CALL (0.001s wait)
.2020-01-21 10:15:35.034007 | eval'd: drake::cmq_buildtargetmetadepsspecht_is_subtargetconfig
2020-01-21 10:15:36.374745 | > DO_CALL (0.001s wait)
.2020-01-21 10:15:36.385346 | eval'd: drake::cmq_buildtargetmetadepsspecht_is_subtargetconfig
2020-01-21 10:15:37.854185 | > DO_CALL (0.001s wait)
.2020-01-21 10:15:37.859673 | eval'd: drake::cmq_buildtargetmetadepsspecht_is_subtargetconfig
2020-01-21 10:15:39.250895 | > DO_CALL (0.001s wait)
.2020-01-21 10:15:39.256333 | eval'd: drake::cmq_buildtargetmetadepsspecht_is_subtargetconfig
2020-01-21 10:15:40.744022 | > DO_CALL (0.001s wait)
.2020-01-21 10:15:40.749234 | eval'd: drake::cmq_buildtargetmetadepsspecht_is_subtargetconfig
2020-01-21 10:15:42.200318 | > DO_CALL (0.000s wait)
.2020-01-21 10:15:42.205774 | eval'd: drake::cmq_buildtargetmetadepsspecht_is_subtargetconfig
2020-01-21 10:15:43.434066 | > DO_CALL (0.001s wait)
.2020-01-21 10:15:43.439244 | eval'd: drake::cmq_buildtargetmetadepsspecht_is_subtargetconfig
2020-01-21 10:15:44.892246 | > DO_CALL (0.001s wait)
.2020-01-21 10:15:44.897479 | eval'd: drake::cmq_buildtargetmetadepsspecht_is_subtargetconfig
2020-01-21 10:15:46.244654 | > DO_CALL (0.001s wait)
.2020-01-21 10:15:46.249896 | eval'd: drake::cmq_buildtargetmetadepsspecht_is_subtargetconfig
2020-01-21 10:15:47.692531 | > DO_CALL (0.000s wait)
.2020-01-21 10:15:47.698057 | eval'd: drake::cmq_buildtargetmetadepsspecht_is_subtargetconfig
2020-01-21 10:15:49.047084 | > DO_CALL (0.001s wait)
.2020-01-21 10:15:49.247654 | eval'd: drake::cmq_buildtargetmetadepsspecht_is_subtargetconfig
2020-01-21 10:15:50.481047 | > DO_CALL (0.001s wait)
.2020-01-21 10:15:50.486190 | eval'd: drake::cmq_buildtargetmetadepsspecht_is_subtargetconfig
2020-01-21 10:15:51.798315 | > DO_CALL (0.000s wait)
.2020-01-21 10:15:51.803472 | eval'd: drake::cmq_buildtargetmetadepsspecht_is_subtargetconfig
2020-01-21 10:15:53.113818 | > DO_CALL (0.001s wait)
.2020-01-21 10:15:53.119264 | eval'd: drake::cmq_buildtargetmetadepsspecht_is_subtargetconfig
2020-01-21 10:15:54.363511 | > DO_CALL (0.000s wait)
.2020-01-21 10:15:54.368655 | eval'd: drake::cmq_buildtargetmetadepsspecht_is_subtargetconfig
2020-01-21 10:15:55.954048 | > DO_CALL (0.001s wait)
.2020-01-21 10:15:55.959249 | eval'd: drake::cmq_buildtargetmetadepsspecht_is_subtargetconfig
2020-01-21 10:15:57.518595 | > DO_CALL (0.000s wait)
.2020-01-21 10:15:57.523752 | eval'd: drake::cmq_buildtargetmetadepsspecht_is_subtargetconfig
2020-01-21 10:15:58.944415 | > DO_CALL (0.000s wait)
.2020-01-21 10:15:58.949516 | eval'd: drake::cmq_buildtargetmetadepsspecht_is_subtargetconfig
2020-01-21 10:16:00.233998 | > DO_CALL (0.001s wait)
.2020-01-21 10:16:00.239120 | eval'd: drake::cmq_buildtargetmetadepsspecht_is_subtargetconfig
2020-01-21 10:16:01.570744 | > DO_CALL (0.001s wait)
.2020-01-21 10:16:01.576121 | eval'd: drake::cmq_buildtargetmetadepsspecht_is_subtargetconfig
2020-01-21 10:16:03.240602 | > DO_CALL (0.001s wait)
.2020-01-21 10:16:03.245717 | eval'd: drake::cmq_buildtargetmetadepsspecht_is_subtargetconfig
2020-01-21 10:16:04.566045 | > DO_CALL (0.001s wait)
.2020-01-21 10:16:04.571301 | eval'd: drake::cmq_buildtargetmetadepsspecht_is_subtargetconfig
2020-01-21 10:16:05.902266 | > DO_CALL (0.000s wait)
.2020-01-21 10:16:05.907386 | eval'd: drake::cmq_buildtargetmetadepsspecht_is_subtargetconfig
2020-01-21 10:16:07.181370 | > DO_CALL (0.000s wait)
.2020-01-21 10:16:07.186596 | eval'd: drake::cmq_buildtargetmetadepsspecht_is_subtargetconfig
2020-01-21 10:16:08.466603 | > DO_CALL (0.000s wait)
.2020-01-21 10:16:08.471808 | eval'd: drake::cmq_buildtargetmetadepsspecht_is_subtargetconfig
2020-01-21 10:16:09.828963 | > DO_CALL (0.001s wait)
.2020-01-21 10:16:09.834076 | eval'd: drake::cmq_buildtargetmetadepsspecht_is_subtargetconfig
2020-01-21 10:16:11.178737 | > DO_CALL (0.001s wait)
.2020-01-21 10:16:11.183878 | eval'd: drake::cmq_buildtargetmetadepsspecht_is_subtargetconfig
2020-01-21 10:16:12.517821 | > DO_CALL (0.001s wait)
.2020-01-21 10:16:12.523116 | eval'd: drake::cmq_buildtargetmetadepsspecht_is_subtargetconfig
2020-01-21 10:16:13.790340 | > DO_CALL (0.000s wait)
.2020-01-21 10:16:13.795941 | eval'd: drake::cmq_buildtargetmetadepsspecht_is_subtargetconfig
2020-01-21 10:16:15.009183 | > DO_CALL (0.001s wait)
.2020-01-21 10:16:15.014475 | eval'd: drake::cmq_buildtargetmetadepsspecht_is_subtargetconfig
2020-01-21 10:16:16.522044 | > DO_CALL (0.001s wait)
.2020-01-21 10:16:16.527587 | eval'd: drake::cmq_buildtargetmetadepsspecht_is_subtargetconfig
2020-01-21 10:16:17.909929 | > DO_CALL (0.001s wait)
.2020-01-21 10:16:17.916626 | eval'd: drake::cmq_buildtargetmetadepsspecht_is_subtargetconfig
2020-01-21 10:16:19.302479 | > DO_CALL (0.000s wait)
.2020-01-21 10:16:19.309541 | eval'd: drake::cmq_buildtargetmetadepsspecht_is_subtargetconfig
2020-01-21 10:16:20.568771 | > DO_CALL (0.001s wait)
.2020-01-21 10:16:20.575294 | eval'd: drake::cmq_buildtargetmetadepsspecht_is_subtargetconfig
2020-01-21 10:16:22.149673 | > DO_CALL (0.001s wait)
.2020-01-21 10:16:22.160486 | eval'd: drake::cmq_buildtargetmetadepsspecht_is_subtargetconfig
2020-01-21 10:16:23.492747 | > DO_CALL (0.001s wait)
.2020-01-21 10:16:23.497873 | eval'd: drake::cmq_buildtargetmetadepsspecht_is_subtargetconfig
2020-01-21 10:16:24.837868 | > DO_CALL (0.001s wait)
.2020-01-21 10:16:24.843319 | eval'd: drake::cmq_buildtargetmetadepsspecht_is_subtargetconfig
2020-01-21 10:16:26.206738 | > DO_CALL (0.001s wait)
.2020-01-21 10:16:26.211870 | eval'd: drake::cmq_buildtargetmetadepsspecht_is_subtargetconfig
2020-01-21 10:16:29.229148 | > DO_CALL (0.001s wait)
.2020-01-21 10:16:29.234321 | eval'd: drake::cmq_buildtargetmetadepsspecht_is_subtargetconfig
2020-01-21 10:16:30.483513 | > DO_CALL (0.000s wait)
.2020-01-21 10:16:30.489009 | eval'd: drake::cmq_buildtargetmetadepsspecht_is_subtargetconfig
2020-01-21 10:16:31.864494 | > DO_CALL (0.000s wait)
.2020-01-21 10:16:31.869615 | eval'd: drake::cmq_buildtargetmetadepsspecht_is_subtargetconfig
2020-01-21 10:16:33.161802 | > DO_CALL (0.001s wait)
.2020-01-21 10:16:33.167075 | eval'd: drake::cmq_buildtargetmetadepsspecht_is_subtargetconfig
2020-01-21 10:16:34.543069 | > DO_CALL (0.001s wait)
.2020-01-21 10:16:34.548224 | eval'd: drake::cmq_buildtargetmetadepsspecht_is_subtargetconfig
2020-01-21 10:16:35.869852 | > DO_CALL (0.001s wait)
.2020-01-21 10:16:35.874978 | eval'd: drake::cmq_buildtargetmetadepsspecht_is_subtargetconfig
2020-01-21 10:16:37.336602 | > DO_CALL (0.001s wait)
.2020-01-21 10:16:37.341789 | eval'd: drake::cmq_buildtargetmetadepsspecht_is_subtargetconfig
2020-01-21 10:16:38.675542 | > DO_CALL (0.000s wait)
.2020-01-21 10:16:38.680860 | eval'd: drake::cmq_buildtargetmetadepsspecht_is_subtargetconfig
2020-01-21 10:16:39.951077 | > DO_CALL (0.001s wait)
.2020-01-21 10:16:39.956194 | eval'd: drake::cmq_buildtargetmetadepsspecht_is_subtargetconfig
2020-01-21 10:16:41.412482 | > DO_CALL (0.000s wait)
.2020-01-21 10:16:41.417850 | eval'd: drake::cmq_buildtargetmetadepsspecht_is_subtargetconfig
2020-01-21 10:16:42.643570 | > DO_CALL (0.000s wait)
.2020-01-21 10:16:42.648673 | eval'd: drake::cmq_buildtargetmetadepsspecht_is_subtargetconfig
2020-01-21 10:16:43.985028 | > DO_CALL (0.001s wait)
.2020-01-21 10:16:43.990572 | eval'd: drake::cmq_buildtargetmetadepsspecht_is_subtargetconfig
2020-01-21 10:16:45.415491 | > DO_CALL (0.000s wait)
.2020-01-21 10:16:45.420641 | eval'd: drake::cmq_buildtargetmetadepsspecht_is_subtargetconfig
2020-01-21 10:16:46.784349 | > DO_CALL (0.000s wait)
.2020-01-21 10:16:46.789512 | eval'd: drake::cmq_buildtargetmetadepsspecht_is_subtargetconfig
2020-01-21 10:16:48.215508 | > DO_CALL (0.000s wait)
.2020-01-21 10:16:48.220942 | eval'd: drake::cmq_buildtargetmetadepsspecht_is_subtargetconfig
2020-01-21 10:16:49.631017 | > DO_CALL (0.001s wait)
.2020-01-21 10:16:49.641729 | eval'd: drake::cmq_buildtargetmetadepsspecht_is_subtargetconfig
2020-01-21 10:16:50.977128 | > DO_CALL (0.001s wait)
.2020-01-21 10:16:50.982674 | eval'd: drake::cmq_buildtargetmetadepsspecht_is_subtargetconfig
2020-01-21 10:16:52.222251 | > DO_CALL (0.001s wait)
.2020-01-21 10:16:52.227464 | eval'd: drake::cmq_buildtargetmetadepsspecht_is_subtargetconfig
2020-01-21 10:16:53.536390 | > DO_CALL (0.000s wait)
.2020-01-21 10:16:53.541491 | eval'd: drake::cmq_buildtargetmetadepsspecht_is_subtargetconfig
2020-01-21 10:16:54.920694 | > DO_CALL (0.001s wait)
.2020-01-21 10:16:54.925799 | eval'd: drake::cmq_buildtargetmetadepsspecht_is_subtargetconfig
2020-01-21 10:16:56.176955 | > DO_CALL (0.001s wait)
.2020-01-21 10:16:56.182075 | eval'd: drake::cmq_buildtargetmetadepsspecht_is_subtargetconfig
2020-01-21 10:16:57.408208 | > DO_CALL (0.001s wait)
.2020-01-21 10:16:57.413691 | eval'd: drake::cmq_buildtargetmetadepsspecht_is_subtargetconfig
2020-01-21 10:16:58.990712 | > DO_CALL (0.001s wait)
.2020-01-21 10:16:58.996113 | eval'd: drake::cmq_buildtargetmetadepsspecht_is_subtargetconfig
2020-01-21 10:17:00.252571 | > DO_CALL (0.000s wait)
.2020-01-21 10:17:00.257783 | eval'd: drake::cmq_buildtargetmetadepsspecht_is_subtargetconfig
2020-01-21 10:17:01.422718 | > DO_CALL (0.001s wait)
.2020-01-21 10:17:01.427934 | eval'd: drake::cmq_buildtargetmetadepsspecht_is_subtargetconfig
2020-01-21 10:17:02.703689 | > DO_CALL (0.001s wait)
.2020-01-21 10:17:02.708852 | eval'd: drake::cmq_buildtargetmetadepsspecht_is_subtargetconfig
2020-01-21 10:17:04.011195 | > DO_CALL (0.001s wait)
.2020-01-21 10:17:04.016325 | eval'd: drake::cmq_buildtargetmetadepsspecht_is_subtargetconfig
2020-01-21 10:17:05.238672 | > DO_CALL (0.001s wait)
.2020-01-21 10:17:05.243776 | eval'd: drake::cmq_buildtargetmetadepsspecht_is_subtargetconfig
2020-01-21 10:17:06.430070 | > DO_CALL (0.001s wait)
.2020-01-21 10:17:06.435180 | eval'd: drake::cmq_buildtargetmetadepsspecht_is_subtargetconfig
2020-01-21 10:17:07.746782 | > DO_CALL (0.001s wait)
.
2020-01-21 10:17:07.751970 | eval'd: drake::cmq_buildtargetmetadepsspecht_is_subtargetconfig
2020-01-21 10:17:09.039098 | > DO_CALL (0.001s wait)
.2020-01-21 10:17:09.044450 | eval'd: drake::cmq_buildtargetmetadepsspecht_is_subtargetconfig
2020-01-21 10:17:10.234749 | > DO_CALL (0.001s wait)
.2020-01-21 10:17:10.245650 | eval'd: drake::cmq_buildtargetmetadepsspecht_is_subtargetconfig
2020-01-21 10:17:11.520036 | > DO_CALL (0.001s wait)
.2020-01-21 10:17:11.525169 | eval'd: drake::cmq_buildtargetmetadepsspecht_is_subtargetconfig
2020-01-21 10:17:12.747102 | > DO_CALL (0.001s wait)
.2020-01-21 10:17:12.752416 | eval'd: drake::cmq_buildtargetmetadepsspecht_is_subtargetconfig
2020-01-21 10:17:14.021167 | > DO_CALL (0.001s wait)
.2020-01-21 10:17:14.026267 | eval'd: drake::cmq_buildtargetmetadepsspecht_is_subtargetconfig
2020-01-21 10:17:15.286742 | > DO_CALL (0.001s wait)
.2020-01-21 10:17:15.291865 | eval'd: drake::cmq_buildtargetmetadepsspecht_is_subtargetconfig
2020-01-21 10:17:16.535842 | > DO_CALL (0.001s wait)
.2020-01-21 10:17:16.540956 | eval'd: drake::cmq_buildtargetmetadepsspecht_is_subtargetconfig
2020-01-21 10:17:17.717683 | > DO_CALL (0.001s wait)
.2020-01-21 10:17:17.722813 | eval'd: drake::cmq_buildtargetmetadepsspecht_is_subtargetconfig
2020-01-21 10:17:18.924981 | > DO_CALL (0.001s wait)
.2020-01-21 10:17:18.930109 | eval'd: drake::cmq_buildtargetmetadepsspecht_is_subtargetconfig
2020-01-21 10:17:20.288540 | > DO_CALL (0.000s wait)
.2020-01-21 10:17:20.293649 | eval'd: drake::cmq_buildtargetmetadepsspecht_is_subtargetconfig
2020-01-21 10:17:21.566264 | > DO_CALL (0.000s wait)
.2020-01-21 10:17:21.571455 | eval'd: drake::cmq_buildtargetmetadepsspecht_is_subtargetconfig
2020-01-21 10:17:22.747542 | > DO_CALL (0.000s wait)
.2020-01-21 10:17:22.752954 | eval'd: drake::cmq_buildtargetmetadepsspecht_is_subtargetconfig
2020-01-21 10:17:24.091850 | > DO_CALL (0.001s wait)
.2020-01-21 10:17:24.097010 | eval'd: drake::cmq_buildtargetmetadepsspecht_is_subtargetconfig
2020-01-21 10:17:25.406620 | > DO_CALL (0.001s wait)
.2020-01-21 10:17:25.412036 | eval'd: drake::cmq_buildtargetmetadepsspecht_is_subtargetconfig
2020-01-21 10:17:26.733732 | > DO_CALL (0.001s wait)
.2020-01-21 10:17:26.915486 | eval'd: drake::cmq_buildtargetmetadepsspecht_is_subtargetconfig
2020-01-21 10:17:28.004499 | > DO_CALL (0.000s wait)
.2020-01-21 10:17:28.009971 | eval'd: drake::cmq_buildtargetmetadepsspecht_is_subtargetconfig
2020-01-21 10:17:29.293003 | > DO_CALL (0.001s wait)
.2020-01-21 10:17:29.298448 | eval'd: drake::cmq_buildtargetmetadepsspecht_is_subtargetconfig
2020-01-21 10:17:32.064971 | > DO_CALL (0.001s wait)
.2020-01-21 10:17:32.070572 | eval'd: drake::cmq_buildtargetmetadepsspecht_is_subtargetconfig
2020-01-21 10:17:33.328264 | > DO_CALL (0.001s wait)
.2020-01-21 10:17:33.333410 | eval'd: drake::cmq_buildtargetmetadepsspecht_is_subtargetconfig
2020-01-21 10:17:34.651108 | > DO_CALL (0.001s wait)
.2020-01-21 10:17:34.656496 | eval'd: drake::cmq_buildtargetmetadepsspecht_is_subtargetconfig
2020-01-21 10:17:35.995415 | > DO_CALL (0.000s wait)
.2020-01-21 10:17:36.000553 | eval'd: drake::cmq_buildtargetmetadepsspecht_is_subtargetconfig
2020-01-21 10:17:37.615497 | > DO_CALL (0.000s wait)
.2020-01-21 10:17:37.620656 | eval'd: drake::cmq_buildtargetmetadepsspecht_is_subtargetconfig
2020-01-21 10:17:38.877089 | > DO_CALL (0.001s wait)
.2020-01-21 10:17:38.882222 | eval'd: drake::cmq_buildtargetmetadepsspecht_is_subtargetconfig
2020-01-21 10:17:40.227224 | > DO_CALL (0.001s wait)
.2020-01-21 10:17:40.232647 | eval'd: drake::cmq_buildtargetmetadepsspecht_is_subtargetconfig
2020-01-21 10:17:41.554302 | > DO_CALL (0.000s wait)
.2020-01-21 10:17:41.559399 | eval'd: drake::cmq_buildtargetmetadepsspecht_is_subtargetconfig
2020-01-21 10:17:42.827656 | > DO_CALL (0.001s wait)
.2020-01-21 10:17:42.833044 | eval'd: drake::cmq_buildtargetmetadepsspecht_is_subtargetconfig
2020-01-21 10:17:44.083693 | > DO_CALL (0.001s wait)
.2020-01-21 10:17:44.089480 | eval'd: drake::cmq_buildtargetmetadepsspecht_is_subtargetconfig
2020-01-21 10:17:45.371104 | > DO_CALL (0.001s wait)
.2020-01-21 10:17:45.376572 | eval'd: drake::cmq_buildtargetmetadepsspecht_is_subtargetconfig
2020-01-21 10:17:46.607260 | > DO_CALL (0.001s wait)
.2020-01-21 10:17:46.612873 | eval'd: drake::cmq_buildtargetmetadepsspecht_is_subtargetconfig
2020-01-21 10:17:47.878374 | > DO_CALL (0.001s wait)
.2020-01-21 10:17:47.883858 | eval'd: drake::cmq_buildtargetmetadepsspecht_is_subtargetconfig
2020-01-21 10:17:49.203010 | > DO_CALL (0.001s wait)
.2020-01-21 10:17:49.208737 | eval'd: drake::cmq_buildtargetmetadepsspecht_is_subtargetconfig
2020-01-21 10:17:50.468029 | > DO_CALL (0.001s wait)
.2020-01-21 10:17:50.473559 | eval'd: drake::cmq_buildtargetmetadepsspecht_is_subtargetconfig
2020-01-21 10:17:51.760529 | > DO_CALL (0.000s wait)
.2020-01-21 10:17:51.766001 | eval'd: drake::cmq_buildtargetmetadepsspecht_is_subtargetconfig
2020-01-21 10:17:53.046282 | > DO_CALL (0.001s wait)
.2020-01-21 10:17:53.051928 | eval'd: drake::cmq_buildtargetmetadepsspecht_is_subtargetconfig
2020-01-21 10:17:54.314798 | > DO_CALL (0.001s wait)
.2020-01-21 10:17:54.320341 | eval'd: drake::cmq_buildtargetmetadepsspecht_is_subtargetconfig
2020-01-21 10:17:55.570766 | > DO_CALL (0.001s wait)
.2020-01-21 10:17:55.576304 | eval'd: drake::cmq_buildtargetmetadepsspecht_is_subtargetconfig
2020-01-21 10:17:56.910388 | > DO_CALL (0.001s wait)
.2020-01-21 10:17:56.916249 | eval'd: drake::cmq_buildtargetmetadepsspecht_is_subtargetconfig
2020-01-21 10:17:58.115164 | > DO_CALL (0.001s wait)
.2020-01-21 10:17:58.120697 | eval'd: drake::cmq_buildtargetmetadepsspecht_is_subtargetconfig
2020-01-21 10:17:59.503750 | > DO_CALL (0.001s wait)
.2020-01-21 10:17:59.510618 | eval'd: drake::cmq_buildtargetmetadepsspecht_is_subtargetconfig
2020-01-21 10:18:00.856389 | > DO_CALL (0.001s wait)
.2020-01-21 10:18:00.863880 | eval'd: drake::cmq_buildtargetmetadepsspecht_is_subtargetconfig
2020-01-21 10:18:02.222709 | > DO_CALL (0.001s wait)
.2020-01-21 10:18:02.234977 | eval'd: drake::cmq_buildtargetmetadepsspecht_is_subtargetconfig
2020-01-21 10:18:03.634839 | > DO_CALL (0.001s wait)
.2020-01-21 10:18:03.640000 | eval'd: drake::cmq_buildtargetmetadepsspecht_is_subtargetconfig
2020-01-21 10:18:04.887000 | > DO_CALL (0.001s wait)
.2020-01-21 10:18:04.892312 | eval'd: drake::cmq_buildtargetmetadepsspecht_is_subtargetconfig
2020-01-21 10:18:06.236908 | > DO_CALL (0.001s wait)
.2020-01-21 10:18:06.242538 | eval'd: drake::cmq_buildtargetmetadepsspecht_is_subtargetconfig
2020-01-21 10:18:07.483925 | > DO_CALL (0.001s wait)
.2020-01-21 10:18:07.489045 | eval'd: drake::cmq_buildtargetmetadepsspecht_is_subtargetconfig
2020-01-21 10:18:08.763429 | > DO_CALL (0.000s wait)
.2020-01-21 10:18:08.768724 | eval'd: drake::cmq_buildtargetmetadepsspecht_is_subtargetconfig
2020-01-21 10:18:10.020286 | > DO_CALL (0.000s wait)
.2020-01-21 10:18:10.025674 | eval'd: drake::cmq_buildtargetmetadepsspecht_is_subtargetconfig
2020-01-21 10:18:11.672313 | > DO_CALL (0.000s wait)
.2020-01-21 10:18:11.677475 | eval'd: drake::cmq_buildtargetmetadepsspecht_is_subtargetconfig
2020-01-21 10:18:12.873589 | > DO_CALL (0.000s wait)
.2020-01-21 10:18:12.879053 | eval'd: drake::cmq_buildtargetmetadepsspecht_is_subtargetconfig
2020-01-21 10:18:14.166361 | > DO_CALL (0.000s wait)
.2020-01-21 10:18:14.171773 | eval'd: drake::cmq_buildtargetmetadepsspecht_is_subtargetconfig
2020-01-21 10:18:15.481557 | > DO_CALL (0.000s wait)
.2020-01-21 10:18:15.486702 | eval'd: drake::cmq_buildtargetmetadepsspecht_is_subtargetconfig
2020-01-21 10:18:16.722048 | > DO_CALL (0.001s wait)
.2020-01-21 10:18:16.727464 | eval'd: drake::cmq_buildtargetmetadepsspecht_is_subtargetconfig
2020-01-21 10:18:17.905702 | > DO_CALL (0.001s wait)
.2020-01-21 10:18:17.910848 | eval'd: drake::cmq_buildtargetmetadepsspecht_is_subtargetconfig
2020-01-21 10:18:19.073816 | > DO_CALL (0.001s wait)
.2020-01-21 10:18:19.079288 | eval'd: drake::cmq_buildtargetmetadepsspecht_is_subtargetconfig
2020-01-21 10:18:20.441701 | > DO_CALL (0.001s wait)
.2020-01-21 10:18:20.447220 | eval'd: drake::cmq_buildtargetmetadepsspecht_is_subtargetconfig
2020-01-21 10:18:21.829872 | > DO_CALL (0.001s wait)
.2020-01-21 10:18:21.834976 | eval'd: drake::cmq_buildtargetmetadepsspecht_is_subtargetconfig
2020-01-21 10:18:23.080770 | > DO_CALL (0.001s wait)
.2020-01-21 10:18:23.086252 | eval'd: drake::cmq_buildtargetmetadepsspecht_is_subtargetconfig
2020-01-21 10:18:24.321933 | > DO_CALL (0.001s wait)
.2020-01-21 10:18:24.327091 | eval'd: drake::cmq_buildtargetmetadepsspecht_is_subtargetconfig
2020-01-21 10:18:25.552742 | > DO_CALL (0.001s wait)
.2020-01-21 10:18:25.557942 | eval'd: drake::cmq_buildtargetmetadepsspecht_is_subtargetconfig
2020-01-21 10:18:26.821313 | > DO_CALL (0.000s wait)
.2020-01-21 10:18:26.826463 | eval'd: drake::cmq_buildtargetmetadepsspecht_is_subtargetconfig
2020-01-21 10:18:28.056465 | > DO_CALL (0.000s wait)
.2020-01-21 10:18:28.061621 | eval'd: drake::cmq_buildtargetmetadepsspecht_is_subtargetconfig
2020-01-21 10:18:29.317946 | > DO_CALL (0.001s wait)
.2020-01-21 10:18:29.323139 | eval'd: drake::cmq_buildtargetmetadepsspecht_is_subtargetconfig
2020-01-21 10:18:30.510319 | > DO_CALL (0.006s wait)
.2020-01-21 10:18:30.515512 | eval'd: drake::cmq_buildtargetmetadepsspecht_is_subtargetconfig
2020-01-21 10:18:32.304404 | > DO_CALL (0.000s wait)
.2020-01-21 10:18:32.309578 | eval'd: drake::cmq_buildtargetmetadepsspecht_is_subtargetconfig
2020-01-21 10:18:34.271374 | > DO_CALL (0.000s wait)
.2020-01-21 10:18:34.276486 | eval'd: drake::cmq_buildtargetmetadepsspecht_is_subtargetconfig
2020-01-21 10:18:35.505902 | > DO_CALL (0.001s wait)
.2020-01-21 10:18:35.511029 | eval'd: drake::cmq_buildtargetmetadepsspecht_is_subtargetconfig
2020-01-21 10:18:36.823957 | > DO_CALL (0.001s wait)
.2020-01-21 10:18:36.829219 | eval'd: drake::cmq_buildtargetmetadepsspecht_is_subtargetconfig
2020-01-21 10:18:38.110773 | > DO_CALL (0.001s wait)
.2020-01-21 10:18:38.116337 | eval'd: drake::cmq_buildtargetmetadepsspecht_is_subtargetconfig
2020-01-21 10:18:39.335921 | > DO_CALL (0.001s wait)
.2020-01-21 10:18:39.341344 | eval'd: drake::cmq_buildtargetmetadepsspecht_is_subtargetconfig
2020-01-21 10:18:40.572011 | > DO_CALL (0.001s wait)
.2020-01-21 10:18:40.577300 | eval'd: drake::cmq_buildtargetmetadepsspecht_is_subtargetconfig
2020-01-21 10:18:41.936107 | > DO_CALL (0.001s wait)
.2020-01-21 10:18:41.941380 | eval'd: drake::cmq_buildtargetmetadepsspecht_is_subtargetconfig
2020-01-21 10:18:43.241532 | > DO_CALL (0.000s wait)
.2020-01-21 10:18:43.247103 | eval'd: drake::cmq_buildtargetmetadepsspecht_is_subtargetconfig
2020-01-21 10:18:44.434981 | > DO_CALL (0.001s wait)
.2020-01-21 10:18:44.440113 | eval'd: drake::cmq_buildtargetmetadepsspecht_is_subtargetconfig
2020-01-21 10:18:45.647815 | > DO_CALL (0.001s wait)
.2020-01-21 10:18:45.652943 | eval'd: drake::cmq_buildtargetmetadepsspecht_is_subtargetconfig
2020-01-21 10:18:46.889566 | > DO_CALL (0.000s wait)
.2020-01-21 10:18:46.894992 | eval'd: drake::cmq_buildtargetmetadepsspecht_is_subtargetconfig
2020-01-21 10:18:48.134943 | > DO_CALL (0.001s wait)
.2020-01-21 10:18:48.140046 | eval'd: drake::cmq_buildtargetmetadepsspecht_is_subtargetconfig
2020-01-21 10:18:49.536660 | > DO_CALL (0.001s wait)
.2020-01-21 10:18:49.542160 | eval'd: drake::cmq_buildtargetmetadepsspecht_is_subtargetconfig
2020-01-21 10:18:50.862312 | > DO_CALL (0.000s wait)
.2020-01-21 10:18:50.867484 | eval'd: drake::cmq_buildtargetmetadepsspecht_is_subtargetconfig
2020-01-21 10:18:52.048763 | > DO_CALL (0.001s wait)
.
2020-01-21 10:18:52.053941 | eval'd: drake::cmq_buildtargetmetadepsspecht_is_subtargetconfig
2020-01-21 10:18:53.313877 | > DO_CALL (0.001s wait)
.2020-01-21 10:18:53.328326 | eval'd: drake::cmq_buildtargetmetadepsspecht_is_subtargetconfig
2020-01-21 10:18:54.666390 | > DO_CALL (0.000s wait)
.2020-01-21 10:18:54.671549 | eval'd: drake::cmq_buildtargetmetadepsspecht_is_subtargetconfig
2020-01-21 10:18:55.942050 | > DO_CALL (0.001s wait)
.2020-01-21 10:18:55.947194 | eval'd: drake::cmq_buildtargetmetadepsspecht_is_subtargetconfig
2020-01-21 10:18:57.164042 | > DO_CALL (0.001s wait)
.2020-01-21 10:18:57.169165 | eval'd: drake::cmq_buildtargetmetadepsspecht_is_subtargetconfig
2020-01-21 10:18:58.410365 | > DO_CALL (0.000s wait)
.2020-01-21 10:18:58.415485 | eval'd: drake::cmq_buildtargetmetadepsspecht_is_subtargetconfig
2020-01-21 10:18:59.684413 | > DO_CALL (0.000s wait)
.2020-01-21 10:18:59.689803 | eval'd: drake::cmq_buildtargetmetadepsspecht_is_subtargetconfig
2020-01-21 10:19:00.952819 | > DO_CALL (0.001s wait)
.2020-01-21 10:19:00.958256 | eval'd: drake::cmq_buildtargetmetadepsspecht_is_subtargetconfig
2020-01-21 10:19:02.288477 | > DO_CALL (0.000s wait)
.2020-01-21 10:19:02.293629 | eval'd: drake::cmq_buildtargetmetadepsspecht_is_subtargetconfig
2020-01-21 10:19:03.530954 | > DO_CALL (0.001s wait)
.2020-01-21 10:19:03.536087 | eval'd: drake::cmq_buildtargetmetadepsspecht_is_subtargetconfig
2020-01-21 10:19:04.853477 | > DO_CALL (0.000s wait)
.2020-01-21 10:19:04.858593 | eval'd: drake::cmq_buildtargetmetadepsspecht_is_subtargetconfig
2020-01-21 10:19:06.200254 | > DO_CALL (0.001s wait)
.2020-01-21 10:19:06.205393 | eval'd: drake::cmq_buildtargetmetadepsspecht_is_subtargetconfig
2020-01-21 10:19:07.490663 | > DO_CALL (0.001s wait)
.2020-01-21 10:19:07.495967 | eval'd: drake::cmq_buildtargetmetadepsspecht_is_subtargetconfig
2020-01-21 10:19:08.784170 | > DO_CALL (0.001s wait)
.2020-01-21 10:19:08.789452 | eval'd: drake::cmq_buildtargetmetadepsspecht_is_subtargetconfig
2020-01-21 10:19:10.119759 | > DO_CALL (0.001s wait)
.2020-01-21 10:19:10.124918 | eval'd: drake::cmq_buildtargetmetadepsspecht_is_subtargetconfig
2020-01-21 10:19:11.393898 | > DO_CALL (0.001s wait)
.2020-01-21 10:19:11.399335 | eval'd: drake::cmq_buildtargetmetadepsspecht_is_subtargetconfig
2020-01-21 10:19:12.756769 | > DO_CALL (0.001s wait)
.2020-01-21 10:19:12.932487 | eval'd: drake::cmq_buildtargetmetadepsspecht_is_subtargetconfig
2020-01-21 10:19:14.262919 | > DO_CALL (0.001s wait)
.2020-01-21 10:19:14.268061 | eval'd: drake::cmq_buildtargetmetadepsspecht_is_subtargetconfig
2020-01-21 10:19:15.664302 | > DO_CALL (0.000s wait)
.2020-01-21 10:19:15.669445 | eval'd: drake::cmq_buildtargetmetadepsspecht_is_subtargetconfig
2020-01-21 10:19:16.911590 | > DO_CALL (0.000s wait)
.2020-01-21 10:19:16.917140 | eval'd: drake::cmq_buildtargetmetadepsspecht_is_subtargetconfig
2020-01-21 10:19:18.325562 | > DO_CALL (0.000s wait)
.2020-01-21 10:19:18.330691 | eval'd: drake::cmq_buildtargetmetadepsspecht_is_subtargetconfig
2020-01-21 10:19:19.628855 | > DO_CALL (0.001s wait)
.2020-01-21 10:19:19.635880 | eval'd: drake::cmq_buildtargetmetadepsspecht_is_subtargetconfig
2020-01-21 10:19:20.721803 | > WORKER_WAIT (0.000s wait)
2020-01-21 10:19:20.722663 | waiting 1.00s
2020-01-21 10:20:04.108899 | > WORKER_WAIT (0.000s wait)
2020-01-21 10:20:04.112758 | waiting 1.00s
2020-01-21 10:23:30.834957 | > WORKER_STOP (0.000s wait)
2020-01-21 10:23:30.839917 | shutting down worker
2020-01-21 10:23:31.034883 | 
Total: 277 in 4.55s [user], 0.40s [system], 661.82s [elapsed]
