2020-01-20 10:04:54.174265 | Master: tcp://c2a-s18:7983
2020-01-20 10:04:54.196021 | WORKER_UP to: tcp://c2a-s18:7983
2020-01-20 10:08:00.864017 | > DO_SETUP (23.440s wait)
2020-01-20 10:08:00.865098 | token from msg: set_common_data_token
2020-01-20 10:09:55.311722 | > DO_CALL (9.561s wait)
.* Option 'clustermq.scheduler' not set, defaulting to ‘SLURM’
--- see: https://mschubert.github.io/clustermq/articles/userguide.html#configuration
2020-01-20 10:10:30.679253 | eval'd: drake::cmq_buildtargetmetadepsspecht_is_subtargetconfig
2020-01-20 10:11:16.180439 | > DO_CALL (5.332s wait)
.2020-01-20 10:11:25.832099 | eval'd: drake::cmq_buildtargetmetadepsspecht_is_subtargetconfig
2020-01-20 10:13:24.001794 | > DO_CALL (5.237s wait)
.2020-01-20 10:13:30.059158 | eval'd: drake::cmq_buildtargetmetadepsspecht_is_subtargetconfig
2020-01-20 10:14:52.739509 | > DO_CALL (5.978s wait)
.2020-01-20 10:15:40.909203 | eval'd: drake::cmq_buildtargetmetadepsspecht_is_subtargetconfig
2020-01-20 10:18:13.846476 | > DO_CALL (5.136s wait)
.2020-01-20 10:18:19.588160 | eval'd: drake::cmq_buildtargetmetadepsspecht_is_subtargetconfig
2020-01-20 10:20:17.460028 | > DO_CALL (5.265s wait)
.2020-01-20 10:20:28.987221 | eval'd: drake::cmq_buildtargetmetadepsspecht_is_subtargetconfig
2020-01-20 10:23:31.490595 | > DO_CALL (5.271s wait)
.2020-01-20 10:25:07.924683 | eval'd: drake::cmq_buildtargetmetadepsspecht_is_subtargetconfig
2020-01-20 10:27:06.836942 | > DO_CALL (6.208s wait)
.2020-01-20 10:28:02.217160 | eval'd: drake::cmq_buildtargetmetadepsspecht_is_subtargetconfig
2020-01-20 10:28:57.824621 | > DO_CALL (5.149s wait)
.2020-01-20 10:29:04.897581 | eval'd: drake::cmq_buildtargetmetadepsspecht_is_subtargetconfig
2020-01-20 10:31:07.532371 | > DO_CALL (6.043s wait)
.2020-01-20 10:31:27.226328 | eval'd: drake::cmq_buildtargetmetadepsspecht_is_subtargetconfig
2020-01-20 10:34:35.615746 | > DO_CALL (5.325s wait)
.2020-01-20 10:40:52.709782 | eval'd: drake::cmq_buildtargetmetadepsspecht_is_subtargetconfig
2020-01-20 10:42:17.408462 | > DO_CALL (6.180s wait)
.2020-01-20 10:42:21.812745 | eval'd: drake::cmq_buildtargetmetadepsspecht_is_subtargetconfig
2020-01-20 10:43:53.075503 | > DO_CALL (5.909s wait)
.2020-01-20 10:48:25.848300 | eval'd: drake::cmq_buildtargetmetadepsspecht_is_subtargetconfig
2020-01-20 10:50:13.261297 | > DO_CALL (5.363s wait)
.2020-01-20 10:50:22.172330 | eval'd: drake::cmq_buildtargetmetadepsspecht_is_subtargetconfig
2020-01-20 10:52:26.309865 | > DO_CALL (5.041s wait)
.2020-01-20 10:52:29.178118 | eval'd: drake::cmq_buildtargetmetadepsspecht_is_subtargetconfig
2020-01-20 10:54:26.837587 | > DO_CALL (5.063s wait)
.2020-01-20 10:54:38.994008 | eval'd: drake::cmq_buildtargetmetadepsspecht_is_subtargetconfig
2020-01-20 10:56:49.192185 | > DO_CALL (5.252s wait)
.2020-01-20 10:56:51.901343 | eval'd: drake::cmq_buildtargetmetadepsspecht_is_subtargetconfig
2020-01-20 10:58:24.281288 | > DO_CALL (5.269s wait)
.2020-01-20 10:58:44.849762 | eval'd: drake::cmq_buildtargetmetadepsspecht_is_subtargetconfig
2020-01-20 11:00:03.800829 | > DO_CALL (5.777s wait)
.2020-01-20 11:00:37.275909 | eval'd: drake::cmq_buildtargetmetadepsspecht_is_subtargetconfig
2020-01-20 11:03:06.935389 | > DO_CALL (5.135s wait)
.2020-01-20 11:03:09.911406 | eval'd: drake::cmq_buildtargetmetadepsspecht_is_subtargetconfig
2020-01-20 11:04:33.033198 | > DO_CALL (5.122s wait)
.2020-01-20 11:04:43.138624 | eval'd: drake::cmq_buildtargetmetadepsspecht_is_subtargetconfig
2020-01-20 11:06:12.765999 | > DO_CALL (5.285s wait)
.2020-01-20 11:06:24.849411 | eval'd: drake::cmq_buildtargetmetadepsspecht_is_subtargetconfig
2020-01-20 11:07:17.149247 | > DO_CALL (5.098s wait)
.2020-01-20 11:07:30.098032 | eval'd: drake::cmq_buildtargetmetadepsspecht_is_subtargetconfig
2020-01-20 11:08:42.281747 | > DO_CALL (5.140s wait)
.2020-01-20 11:10:11.458796 | eval'd: drake::cmq_buildtargetmetadepsspecht_is_subtargetconfig
2020-01-20 11:11:06.956818 | > DO_CALL (5.162s wait)
.2020-01-20 11:11:08.162771 | eval'd: drake::cmq_buildtargetmetadepsspecht_is_subtargetconfig
2020-01-20 11:14:11.977822 | > DO_CALL (5.912s wait)
.2020-01-20 11:14:36.421336 | eval'd: drake::cmq_buildtargetmetadepsspecht_is_subtargetconfig
2020-01-20 11:17:19.638264 | > DO_CALL (5.301s wait)
.2020-01-20 11:17:43.239139 | eval'd: drake::cmq_buildtargetmetadepsspecht_is_subtargetconfig
2020-01-20 11:20:00.704746 | > DO_CALL (5.131s wait)
.2020-01-20 11:20:29.362933 | eval'd: drake::cmq_buildtargetmetadepsspecht_is_subtargetconfig
2020-01-20 11:22:56.598411 | > DO_CALL (6.113s wait)
.2020-01-20 11:23:01.325220 | eval'd: drake::cmq_buildtargetmetadepsspecht_is_subtargetconfig
2020-01-20 11:24:52.147000 | > DO_CALL (5.089s wait)
.2020-01-20 11:25:03.444291 | eval'd: drake::cmq_buildtargetmetadepsspecht_is_subtargetconfig
2020-01-20 11:26:21.624676 | > DO_CALL (5.144s wait)
.2020-01-20 11:26:27.714694 | eval'd: drake::cmq_buildtargetmetadepsspecht_is_subtargetconfig
2020-01-20 11:27:42.503312 | > DO_CALL (5.284s wait)
.2020-01-20 11:27:50.363493 | eval'd: drake::cmq_buildtargetmetadepsspecht_is_subtargetconfig
2020-01-20 11:28:21.822207 | > DO_CALL (5.182s wait)
.2020-01-20 11:28:30.060209 | eval'd: drake::cmq_buildtargetmetadepsspecht_is_subtargetconfig
2020-01-20 11:29:25.488362 | > DO_CALL (5.031s wait)
.2020-01-20 11:30:50.182193 | eval'd: drake::cmq_buildtargetmetadepsspecht_is_subtargetconfig
2020-01-20 11:31:44.720737 | > DO_CALL (6.104s wait)
.2020-01-20 11:31:53.090214 | eval'd: drake::cmq_buildtargetmetadepsspecht_is_subtargetconfig
2020-01-20 11:34:03.376729 | > DO_CALL (5.052s wait)
.2020-01-20 11:34:17.118918 | eval'd: drake::cmq_buildtargetmetadepsspecht_is_subtargetconfig
2020-01-20 11:35:39.596524 | > DO_CALL (5.266s wait)
.2020-01-20 11:37:04.385963 | eval'd: drake::cmq_buildtargetmetadepsspecht_is_subtargetconfig
2020-01-20 11:38:50.800184 | > DO_CALL (5.054s wait)
.2020-01-20 11:38:58.475304 | eval'd: drake::cmq_buildtargetmetadepsspecht_is_subtargetconfig
2020-01-20 11:40:11.310336 | > DO_CALL (5.093s wait)
.2020-01-20 11:40:41.212168 | eval'd: drake::cmq_buildtargetmetadepsspecht_is_subtargetconfig
2020-01-20 11:42:19.541444 | > DO_CALL (5.227s wait)
.2020-01-20 11:43:38.536132 | eval'd: drake::cmq_buildtargetmetadepsspecht_is_subtargetconfig
2020-01-20 11:44:59.333728 | > DO_CALL (5.116s wait)
.2020-01-20 11:45:42.255764 | eval'd: drake::cmq_buildtargetmetadepsspecht_is_subtargetconfig
2020-01-20 11:46:14.722912 | > DO_CALL (5.092s wait)
.2020-01-20 11:48:12.171328 | eval'd: drake::cmq_buildtargetmetadepsspecht_is_subtargetconfig
2020-01-20 11:50:45.187654 | > DO_CALL (5.284s wait)
.2020-01-20 11:50:55.462794 | eval'd: drake::cmq_buildtargetmetadepsspecht_is_subtargetconfig
2020-01-20 11:53:08.327589 | > DO_CALL (5.311s wait)
.2020-01-20 11:53:32.851529 | eval'd: drake::cmq_buildtargetmetadepsspecht_is_subtargetconfig
2020-01-20 11:56:15.936420 | > DO_CALL (5.289s wait)
.2020-01-20 11:57:06.781345 | eval'd: drake::cmq_buildtargetmetadepsspecht_is_subtargetconfig
2020-01-20 11:59:00.279683 | > DO_CALL (5.214s wait)
.2020-01-20 11:59:32.519840 | eval'd: drake::cmq_buildtargetmetadepsspecht_is_subtargetconfig
2020-01-20 12:01:06.757342 | > DO_CALL (6.118s wait)
.2020-01-20 12:01:29.197922 | eval'd: drake::cmq_buildtargetmetadepsspecht_is_subtargetconfig
2020-01-20 12:04:34.684426 | > DO_CALL (5.424s wait)
.
2020-01-20 12:04:39.783978 | eval'd: drake::cmq_buildtargetmetadepsspecht_is_subtargetconfig
2020-01-20 12:07:46.626781 | > DO_CALL (5.317s wait)
.2020-01-20 12:08:29.656136 | eval'd: drake::cmq_buildtargetmetadepsspecht_is_subtargetconfig
2020-01-20 12:10:10.502129 | > DO_CALL (5.430s wait)
.2020-01-20 12:11:09.186531 | eval'd: drake::cmq_buildtargetmetadepsspecht_is_subtargetconfig
2020-01-20 12:13:20.443925 | > DO_CALL (5.462s wait)
.2020-01-20 12:13:56.730461 | eval'd: drake::cmq_buildtargetmetadepsspecht_is_subtargetconfig
2020-01-20 12:16:14.746596 | > DO_CALL (5.438s wait)
.2020-01-20 12:16:50.990242 | eval'd: drake::cmq_buildtargetmetadepsspecht_is_subtargetconfig
2020-01-20 12:19:18.429704 | > DO_CALL (5.279s wait)
.2020-01-20 12:19:36.539536 | eval'd: drake::cmq_buildtargetmetadepsspecht_is_subtargetconfig
2020-01-20 12:21:37.918988 | > DO_CALL (5.420s wait)
.2020-01-20 12:22:41.007001 | eval'd: drake::cmq_buildtargetmetadepsspecht_is_subtargetconfig
2020-01-20 12:24:47.423656 | > DO_CALL (5.229s wait)
.2020-01-20 12:24:54.016699 | eval'd: drake::cmq_buildtargetmetadepsspecht_is_subtargetconfig
2020-01-20 12:26:55.340190 | > DO_CALL (5.251s wait)
.2020-01-20 12:31:18.915187 | eval'd: drake::cmq_buildtargetmetadepsspecht_is_subtargetconfig
2020-01-20 12:33:30.578564 | > DO_CALL (6.431s wait)
.2020-01-20 12:34:08.526539 | eval'd: drake::cmq_buildtargetmetadepsspecht_is_subtargetconfig
2020-01-20 12:37:06.670800 | > DO_CALL (5.205s wait)
.2020-01-20 12:37:20.294178 | eval'd: drake::cmq_buildtargetmetadepsspecht_is_subtargetconfig
2020-01-20 12:38:54.725311 | > DO_CALL (5.301s wait)
.2020-01-20 12:40:11.155189 | eval'd: drake::cmq_buildtargetmetadepsspecht_is_subtargetconfig
2020-01-20 12:42:33.567261 | > DO_CALL (5.514s wait)
.2020-01-20 12:42:41.624474 | eval'd: drake::cmq_buildtargetmetadepsspecht_is_subtargetconfig
2020-01-20 12:44:11.007378 | > DO_CALL (5.285s wait)
.2020-01-20 12:44:29.521095 | eval'd: drake::cmq_buildtargetmetadepsspecht_is_subtargetconfig
2020-01-20 12:46:29.323503 | > DO_CALL (5.275s wait)
.2020-01-20 12:46:38.438134 | eval'd: drake::cmq_buildtargetmetadepsspecht_is_subtargetconfig
2020-01-20 12:48:35.326098 | > DO_CALL (5.330s wait)
.2020-01-20 12:48:38.654707 | eval'd: drake::cmq_buildtargetmetadepsspecht_is_subtargetconfig
2020-01-20 12:50:14.335546 | > DO_CALL (5.407s wait)
.2020-01-20 12:50:21.777517 | eval'd: drake::cmq_buildtargetmetadepsspecht_is_subtargetconfig
2020-01-20 12:51:34.796504 | > DO_CALL (5.881s wait)
.2020-01-20 12:51:44.232640 | eval'd: drake::cmq_buildtargetmetadepsspecht_is_subtargetconfig
2020-01-20 12:53:54.064070 | > DO_CALL (5.244s wait)
.2020-01-20 12:54:17.473610 | eval'd: drake::cmq_buildtargetmetadepsspecht_is_subtargetconfig
2020-01-20 12:57:19.152414 | > DO_CALL (5.311s wait)
.2020-01-20 12:57:20.557098 | eval'd: drake::cmq_buildtargetmetadepsspecht_is_subtargetconfig
2020-01-20 12:59:41.628942 | > DO_CALL (6.028s wait)
.2020-01-20 13:00:01.912209 | eval'd: drake::cmq_buildtargetmetadepsspecht_is_subtargetconfig
2020-01-20 13:02:31.015532 | > DO_CALL (5.294s wait)
.2020-01-20 13:05:20.035445 | eval'd: drake::cmq_buildtargetmetadepsspecht_is_subtargetconfig
2020-01-20 13:07:20.925673 | > DO_CALL (5.378s wait)
.2020-01-20 13:08:02.272167 | eval'd: drake::cmq_buildtargetmetadepsspecht_is_subtargetconfig
2020-01-20 13:10:31.062334 | > DO_CALL (5.264s wait)
.2020-01-20 13:10:50.059012 | eval'd: drake::cmq_buildtargetmetadepsspecht_is_subtargetconfig
2020-01-20 13:13:07.273797 | > DO_CALL (5.422s wait)
.2020-01-20 13:22:50.632939 | eval'd: drake::cmq_buildtargetmetadepsspecht_is_subtargetconfig
2020-01-20 13:24:13.111138 | > DO_CALL (6.071s wait)
.2020-01-20 13:24:14.002439 | eval'd: drake::cmq_buildtargetmetadepsspecht_is_subtargetconfig
2020-01-20 13:26:27.937715 | > DO_CALL (6.048s wait)
.2020-01-20 13:26:55.718932 | eval'd: drake::cmq_buildtargetmetadepsspecht_is_subtargetconfig
2020-01-20 13:29:24.120204 | > DO_CALL (5.422s wait)
.2020-01-20 13:29:45.691339 | eval'd: drake::cmq_buildtargetmetadepsspecht_is_subtargetconfig
2020-01-20 13:31:50.652065 | > DO_CALL (5.090s wait)
.2020-01-20 13:32:16.237930 | eval'd: drake::cmq_buildtargetmetadepsspecht_is_subtargetconfig
2020-01-20 13:34:16.657809 | > DO_CALL (5.184s wait)
.2020-01-20 13:34:21.955446 | eval'd: drake::cmq_buildtargetmetadepsspecht_is_subtargetconfig
2020-01-20 13:35:40.099895 | > DO_CALL (5.080s wait)
.2020-01-20 13:35:47.281244 | eval'd: drake::cmq_buildtargetmetadepsspecht_is_subtargetconfig
2020-01-20 13:38:12.695200 | > DO_CALL (5.240s wait)
.2020-01-20 13:38:14.844739 | eval'd: drake::cmq_buildtargetmetadepsspecht_is_subtargetconfig
2020-01-20 13:41:07.312757 | > DO_CALL (5.245s wait)
.2020-01-20 13:41:18.277407 | eval'd: drake::cmq_buildtargetmetadepsspecht_is_subtargetconfig
2020-01-20 13:44:11.223670 | > DO_CALL (5.268s wait)
.2020-01-20 13:44:42.049074 | eval'd: drake::cmq_buildtargetmetadepsspecht_is_subtargetconfig
2020-01-20 13:45:44.301110 | > DO_CALL (5.245s wait)
.2020-01-20 13:45:52.194659 | eval'd: drake::cmq_buildtargetmetadepsspecht_is_subtargetconfig
2020-01-20 13:48:25.673324 | > DO_CALL (6.169s wait)
.2020-01-20 13:48:56.642418 | eval'd: drake::cmq_buildtargetmetadepsspecht_is_subtargetconfig
2020-01-20 13:50:21.068884 | > DO_CALL (5.231s wait)
.2020-01-20 13:50:24.884855 | eval'd: drake::cmq_buildtargetmetadepsspecht_is_subtargetconfig
2020-01-20 13:52:50.277674 | > DO_CALL (5.463s wait)
.2020-01-20 13:52:50.543498 | eval'd: drake::cmq_buildtargetmetadepsspecht_is_subtargetconfig
2020-01-20 13:55:10.889262 | > DO_CALL (6.278s wait)
.2020-01-20 13:55:15.683155 | eval'd: drake::cmq_buildtargetmetadepsspecht_is_subtargetconfig
2020-01-20 13:56:33.286545 | > DO_CALL (5.205s wait)
.2020-01-20 13:56:36.203576 | eval'd: drake::cmq_buildtargetmetadepsspecht_is_subtargetconfig
2020-01-20 13:58:44.510596 | > DO_CALL (5.255s wait)
.2020-01-20 13:59:08.731962 | eval'd: drake::cmq_buildtargetmetadepsspecht_is_subtargetconfig
2020-01-20 13:59:30.612401 | > DO_CALL (5.332s wait)
.2020-01-20 13:59:46.965481 | eval'd: drake::cmq_buildtargetmetadepsspecht_is_subtargetconfig
2020-01-20 14:01:54.263452 | > DO_CALL (5.227s wait)
.2020-01-20 14:02:20.455214 | eval'd: drake::cmq_buildtargetmetadepsspecht_is_subtargetconfig
2020-01-20 14:03:37.488065 | > DO_CALL (5.234s wait)
.2020-01-20 14:04:13.992423 | eval'd: drake::cmq_buildtargetmetadepsspecht_is_subtargetconfig
2020-01-20 14:06:14.915186 | > DO_CALL (5.345s wait)
.2020-01-20 14:07:20.172675 | eval'd: drake::cmq_buildtargetmetadepsspecht_is_subtargetconfig
2020-01-20 14:09:15.914092 | > DO_CALL (5.867s wait)
.2020-01-20 14:09:45.436100 | eval'd: drake::cmq_buildtargetmetadepsspecht_is_subtargetconfig
2020-01-20 14:11:56.896172 | > DO_CALL (5.431s wait)
.2020-01-20 14:12:02.022666 | eval'd: drake::cmq_buildtargetmetadepsspecht_is_subtargetconfig
2020-01-20 14:13:52.898948 | > DO_CALL (5.240s wait)
.2020-01-20 14:14:44.874481 | eval'd: drake::cmq_buildtargetmetadepsspecht_is_subtargetconfig
2020-01-20 14:16:01.848414 | > DO_CALL (5.180s wait)
.2020-01-20 14:16:14.092927 | eval'd: drake::cmq_buildtargetmetadepsspecht_is_subtargetconfig
2020-01-20 14:18:42.929630 | > DO_CALL (5.216s wait)
.2020-01-20 14:18:59.155047 | eval'd: drake::cmq_buildtargetmetadepsspecht_is_subtargetconfig
2020-01-20 14:20:38.845928 | > DO_CALL (5.374s wait)
.2020-01-20 14:20:41.026270 | eval'd: drake::cmq_buildtargetmetadepsspecht_is_subtargetconfig
2020-01-20 14:22:28.269374 | > DO_CALL (5.258s wait)
.2020-01-20 14:25:23.093505 | eval'd: drake::cmq_buildtargetmetadepsspecht_is_subtargetconfig
2020-01-20 14:26:55.491549 | > DO_CALL (5.244s wait)
.2020-01-20 14:27:06.648768 | eval'd: drake::cmq_buildtargetmetadepsspecht_is_subtargetconfig
2020-01-20 14:29:41.019722 | > DO_CALL (5.358s wait)
.2020-01-20 14:29:48.261271 | eval'd: drake::cmq_buildtargetmetadepsspecht_is_subtargetconfig
2020-01-20 14:32:00.591860 | > DO_CALL (5.185s wait)
.2020-01-20 14:32:13.252178 | eval'd: drake::cmq_buildtargetmetadepsspecht_is_subtargetconfig
2020-01-20 14:34:20.723493 | > DO_CALL (5.159s wait)
.2020-01-20 14:35:57.483420 | eval'd: drake::cmq_buildtargetmetadepsspecht_is_subtargetconfig
2020-01-20 14:39:14.245567 | > DO_CALL (5.157s wait)
.2020-01-20 14:40:48.824758 | eval'd: drake::cmq_buildtargetmetadepsspecht_is_subtargetconfig
2020-01-20 14:42:43.172258 | > DO_CALL (5.324s wait)
.2020-01-20 14:43:01.550890 | eval'd: drake::cmq_buildtargetmetadepsspecht_is_subtargetconfig
2020-01-20 14:43:46.215484 | > DO_CALL (5.182s wait)
.2020-01-20 14:44:23.378190 | eval'd: drake::cmq_buildtargetmetadepsspecht_is_subtargetconfig
2020-01-20 14:45:56.712258 | > DO_CALL (5.122s wait)
.2020-01-20 14:46:30.424426 | eval'd: drake::cmq_buildtargetmetadepsspecht_is_subtargetconfig
2020-01-20 14:48:08.338832 | > DO_CALL (6.016s wait)
.2020-01-20 14:48:35.986787 | eval'd: drake::cmq_buildtargetmetadepsspecht_is_subtargetconfig
2020-01-20 14:50:26.066035 | > DO_CALL (5.346s wait)
.2020-01-20 14:50:50.903976 | eval'd: drake::cmq_buildtargetmetadepsspecht_is_subtargetconfig
2020-01-20 14:52:29.805922 | > DO_CALL (5.145s wait)
.2020-01-20 14:53:41.194513 | eval'd: drake::cmq_buildtargetmetadepsspecht_is_subtargetconfig
2020-01-20 14:55:47.977685 | > DO_CALL (6.053s wait)
.2020-01-20 14:57:55.289334 | eval'd: drake::cmq_buildtargetmetadepsspecht_is_subtargetconfig
2020-01-20 14:59:39.379111 | > DO_CALL (6.229s wait)
.2020-01-20 14:59:53.744356 | eval'd: drake::cmq_buildtargetmetadepsspecht_is_subtargetconfig
2020-01-20 15:02:04.361891 | > DO_CALL (5.274s wait)
.2020-01-20 15:05:45.950268 | eval'd: drake::cmq_buildtargetmetadepsspecht_is_subtargetconfig
2020-01-20 15:06:27.473618 | > DO_CALL (6.323s wait)
.2020-01-20 15:06:55.658036 | eval'd: drake::cmq_buildtargetmetadepsspecht_is_subtargetconfig
2020-01-20 15:09:31.641576 | > DO_CALL (5.031s wait)
.2020-01-20 15:10:01.959457 | eval'd: drake::cmq_buildtargetmetadepsspecht_is_subtargetconfig
2020-01-20 15:12:37.836888 | > DO_CALL (5.307s wait)
.2020-01-20 15:12:49.045501 | eval'd: drake::cmq_buildtargetmetadepsspecht_is_subtargetconfig
2020-01-20 15:13:39.523733 | > DO_CALL (5.039s wait)
.2020-01-20 15:14:38.429933 | eval'd: drake::cmq_buildtargetmetadepsspecht_is_subtargetconfig
2020-01-20 15:14:39.496832 | > DO_CALL (0.014s wait)
.2020-01-20 15:14:40.549744 | eval'd: drake::cmq_buildtargetmetadepsspecht_is_subtargetconfig
2020-01-20 15:14:40.923722 | > DO_CALL (0.015s wait)
.2020-01-20 15:14:43.419327 | eval'd: drake::cmq_buildtargetmetadepsspecht_is_subtargetconfig
2020-01-20 15:14:43.808171 | > DO_CALL (0.016s wait)
.2020-01-20 15:14:44.210888 | eval'd: drake::cmq_buildtargetmetadepsspecht_is_subtargetconfig
2020-01-20 15:14:45.273960 | > DO_CALL (0.012s wait)
.2020-01-20 15:14:45.658741 | eval'd: drake::cmq_buildtargetmetadepsspecht_is_subtargetconfig
2020-01-20 15:14:46.690774 | > DO_CALL (0.020s wait)
.2020-01-20 15:14:47.108168 | eval'd: drake::cmq_buildtargetmetadepsspecht_is_subtargetconfig
2020-01-20 15:14:48.072391 | > DO_CALL (0.011s wait)
.2020-01-20 15:14:49.034451 | eval'd: drake::cmq_buildtargetmetadepsspecht_is_subtargetconfig
2020-01-20 15:14:49.567733 | > DO_CALL (0.022s wait)
.2020-01-20 15:14:49.936211 | eval'd: drake::cmq_buildtargetmetadepsspecht_is_subtargetconfig
2020-01-20 15:14:52.061261 | > DO_CALL (0.006s wait)
.2020-01-20 15:14:52.390876 | eval'd: drake::cmq_buildtargetmetadepsspecht_is_subtargetconfig
2020-01-20 15:14:53.473603 | > DO_CALL (0.013s wait)
.2020-01-20 15:14:53.822292 | eval'd: drake::cmq_buildtargetmetadepsspecht_is_subtargetconfig
2020-01-20 15:14:54.860708 | > DO_CALL (0.000s wait)
.
2020-01-20 15:14:54.871011 | eval'd: drake::cmq_buildtargetmetadepsspecht_is_subtargetconfig
2020-01-20 15:14:56.222028 | > DO_CALL (0.003s wait)
.2020-01-20 15:14:57.154750 | eval'd: drake::cmq_buildtargetmetadepsspecht_is_subtargetconfig
2020-01-20 15:14:57.659125 | > DO_CALL (0.013s wait)
.2020-01-20 15:14:58.010861 | eval'd: drake::cmq_buildtargetmetadepsspecht_is_subtargetconfig
2020-01-20 15:14:59.051430 | > DO_CALL (0.016s wait)
.2020-01-20 15:14:59.405734 | eval'd: drake::cmq_buildtargetmetadepsspecht_is_subtargetconfig
2020-01-20 15:15:01.607202 | > DO_CALL (0.022s wait)
.2020-01-20 15:15:01.974743 | eval'd: drake::cmq_buildtargetmetadepsspecht_is_subtargetconfig
2020-01-20 15:15:02.985758 | > DO_CALL (0.004s wait)
.2020-01-20 15:15:03.319339 | eval'd: drake::cmq_buildtargetmetadepsspecht_is_subtargetconfig
2020-01-20 15:15:04.389933 | > DO_CALL (0.012s wait)
.2020-01-20 15:15:05.332220 | eval'd: drake::cmq_buildtargetmetadepsspecht_is_subtargetconfig
2020-01-20 15:15:05.792382 | > DO_CALL (0.015s wait)
.2020-01-20 15:15:06.150643 | eval'd: drake::cmq_buildtargetmetadepsspecht_is_subtargetconfig
2020-01-20 15:15:07.207963 | > DO_CALL (0.019s wait)
.2020-01-20 15:15:07.568005 | eval'd: drake::cmq_buildtargetmetadepsspecht_is_subtargetconfig
2020-01-20 15:15:09.514152 | > DO_CALL (0.014s wait)
.2020-01-20 15:15:09.866499 | eval'd: drake::cmq_buildtargetmetadepsspecht_is_subtargetconfig
2020-01-20 15:15:10.825570 | > DO_CALL (0.002s wait)
.2020-01-20 15:15:11.009934 | eval'd: drake::cmq_buildtargetmetadepsspecht_is_subtargetconfig
2020-01-20 15:15:12.257673 | > DO_CALL (0.019s wait)
.2020-01-20 15:15:13.210369 | eval'd: drake::cmq_buildtargetmetadepsspecht_is_subtargetconfig
2020-01-20 15:15:13.558251 | > DO_CALL (0.013s wait)
.2020-01-20 15:15:13.908162 | eval'd: drake::cmq_buildtargetmetadepsspecht_is_subtargetconfig
2020-01-20 15:15:14.847277 | > DO_CALL (0.022s wait)
.2020-01-20 15:15:15.208770 | eval'd: drake::cmq_buildtargetmetadepsspecht_is_subtargetconfig
2020-01-20 15:15:16.191810 | > DO_CALL (0.012s wait)
.2020-01-20 15:15:16.543886 | eval'd: drake::cmq_buildtargetmetadepsspecht_is_subtargetconfig
2020-01-20 15:15:18.657724 | > DO_CALL (0.012s wait)
.2020-01-20 15:15:19.589911 | eval'd: drake::cmq_buildtargetmetadepsspecht_is_subtargetconfig
2020-01-20 15:15:20.004981 | > DO_CALL (0.020s wait)
.2020-01-20 15:15:20.368374 | eval'd: drake::cmq_buildtargetmetadepsspecht_is_subtargetconfig
2020-01-20 15:15:21.306809 | > DO_CALL (0.003s wait)
.2020-01-20 15:15:21.560059 | eval'd: drake::cmq_buildtargetmetadepsspecht_is_subtargetconfig
2020-01-20 15:15:22.779120 | > DO_CALL (0.009s wait)
.2020-01-20 15:15:23.116225 | eval'd: drake::cmq_buildtargetmetadepsspecht_is_subtargetconfig
2020-01-20 15:15:24.219543 | > DO_CALL (0.022s wait)
.2020-01-20 15:15:24.588615 | eval'd: drake::cmq_buildtargetmetadepsspecht_is_subtargetconfig
2020-01-20 15:15:26.561830 | > DO_CALL (0.025s wait)
.2020-01-20 15:15:27.531483 | eval'd: drake::cmq_buildtargetmetadepsspecht_is_subtargetconfig
2020-01-20 15:15:27.994173 | > DO_CALL (0.016s wait)
.2020-01-20 15:15:28.354898 | eval'd: drake::cmq_buildtargetmetadepsspecht_is_subtargetconfig
2020-01-20 15:15:29.413028 | > DO_CALL (0.013s wait)
.2020-01-20 15:15:29.768350 | eval'd: drake::cmq_buildtargetmetadepsspecht_is_subtargetconfig
2020-01-20 15:15:30.833835 | > DO_CALL (0.011s wait)
.2020-01-20 15:15:31.173417 | eval'd: drake::cmq_buildtargetmetadepsspecht_is_subtargetconfig
2020-01-20 15:15:32.246632 | > DO_CALL (0.009s wait)
.2020-01-20 15:15:33.203240 | eval'd: drake::cmq_buildtargetmetadepsspecht_is_subtargetconfig
2020-01-20 15:15:33.663655 | > DO_CALL (0.011s wait)
.2020-01-20 15:15:34.001213 | eval'd: drake::cmq_buildtargetmetadepsspecht_is_subtargetconfig
2020-01-20 15:15:36.187832 | > DO_CALL (0.022s wait)
.2020-01-20 15:15:36.553027 | eval'd: drake::cmq_buildtargetmetadepsspecht_is_subtargetconfig
2020-01-20 15:15:37.645232 | > DO_CALL (0.010s wait)
.2020-01-20 15:15:37.977751 | eval'd: drake::cmq_buildtargetmetadepsspecht_is_subtargetconfig
2020-01-20 15:15:39.101399 | > DO_CALL (0.013s wait)
.2020-01-20 15:15:39.445936 | eval'd: drake::cmq_buildtargetmetadepsspecht_is_subtargetconfig
2020-01-20 15:15:40.512730 | > DO_CALL (0.000s wait)
.2020-01-20 15:15:40.521446 | eval'd: drake::cmq_buildtargetmetadepsspecht_is_subtargetconfig
2020-01-20 15:15:41.953657 | > DO_CALL (0.015s wait)
.2020-01-20 15:15:42.900488 | eval'd: drake::cmq_buildtargetmetadepsspecht_is_subtargetconfig
2020-01-20 15:15:43.258287 | > DO_CALL (0.013s wait)
.2020-01-20 15:15:43.606867 | eval'd: drake::cmq_buildtargetmetadepsspecht_is_subtargetconfig
2020-01-20 15:15:45.940843 | > DO_CALL (0.003s wait)
.2020-01-20 15:15:46.251158 | eval'd: drake::cmq_buildtargetmetadepsspecht_is_subtargetconfig
2020-01-20 15:15:47.444851 | > DO_CALL (0.010s wait)
.2020-01-20 15:15:47.784678 | eval'd: drake::cmq_buildtargetmetadepsspecht_is_subtargetconfig
2020-01-20 15:15:48.849021 | > DO_CALL (0.013s wait)
.2020-01-20 15:15:49.852936 | eval'd: drake::cmq_buildtargetmetadepsspecht_is_subtargetconfig
2020-01-20 15:15:50.217745 | > DO_CALL (0.013s wait)
.2020-01-20 15:15:50.568228 | eval'd: drake::cmq_buildtargetmetadepsspecht_is_subtargetconfig
2020-01-20 15:15:51.689408 | > DO_CALL (0.024s wait)
.2020-01-20 15:15:52.056893 | eval'd: drake::cmq_buildtargetmetadepsspecht_is_subtargetconfig
2020-01-20 15:15:54.550391 | > DO_CALL (0.010s wait)
.2020-01-20 15:15:54.885280 | eval'd: drake::cmq_buildtargetmetadepsspecht_is_subtargetconfig
2020-01-20 15:15:55.959508 | > DO_CALL (0.009s wait)
.2020-01-20 15:15:56.296078 | eval'd: drake::cmq_buildtargetmetadepsspecht_is_subtargetconfig
2020-01-20 15:15:57.289937 | > DO_CALL (0.004s wait)
.2020-01-20 15:15:58.196826 | eval'd: drake::cmq_buildtargetmetadepsspecht_is_subtargetconfig
2020-01-20 15:15:58.819548 | > DO_CALL (0.025s wait)
.2020-01-20 15:15:59.195294 | eval'd: drake::cmq_buildtargetmetadepsspecht_is_subtargetconfig
2020-01-20 15:16:00.024878 | > DO_CALL (0.011s wait)
.2020-01-20 15:16:00.370021 | eval'd: drake::cmq_buildtargetmetadepsspecht_is_subtargetconfig
2020-01-20 15:16:01.341590 | > DO_CALL (0.004s wait)
.2020-01-20 15:16:01.659807 | eval'd: drake::cmq_buildtargetmetadepsspecht_is_subtargetconfig
2020-01-20 15:16:03.873618 | > DO_CALL (0.000s wait)
.2020-01-20 15:16:03.892050 | eval'd: drake::cmq_buildtargetmetadepsspecht_is_subtargetconfig
2020-01-20 15:16:05.348798 | > DO_CALL (0.009s wait)
.2020-01-20 15:16:06.337980 | eval'd: drake::cmq_buildtargetmetadepsspecht_is_subtargetconfig
2020-01-20 15:16:06.727252 | > DO_CALL (0.022s wait)
.2020-01-20 15:16:07.097846 | eval'd: drake::cmq_buildtargetmetadepsspecht_is_subtargetconfig
2020-01-20 15:16:08.242018 | > DO_CALL (0.029s wait)
.2020-01-20 15:16:08.619291 | eval'd: drake::cmq_buildtargetmetadepsspecht_is_subtargetconfig
2020-01-20 15:16:09.538426 | > DO_CALL (0.000s wait)
.2020-01-20 15:16:09.547700 | eval'd: drake::cmq_buildtargetmetadepsspecht_is_subtargetconfig
2020-01-20 15:16:12.041464 | > DO_CALL (0.019s wait)
.2020-01-20 15:16:12.401992 | eval'd: drake::cmq_buildtargetmetadepsspecht_is_subtargetconfig
2020-01-20 15:16:13.472070 | > DO_CALL (0.012s wait)
.2020-01-20 15:16:14.422051 | eval'd: drake::cmq_buildtargetmetadepsspecht_is_subtargetconfig
2020-01-20 15:16:14.838709 | > DO_CALL (0.006s wait)
.2020-01-20 15:16:15.162371 | eval'd: drake::cmq_buildtargetmetadepsspecht_is_subtargetconfig
2020-01-20 15:16:16.030636 | > DO_CALL (0.013s wait)
.2020-01-20 15:16:16.369978 | eval'd: drake::cmq_buildtargetmetadepsspecht_is_subtargetconfig
2020-01-20 15:16:17.392806 | > DO_CALL (0.000s wait)
.2020-01-20 15:16:17.408232 | eval'd: drake::cmq_buildtargetmetadepsspecht_is_subtargetconfig
2020-01-20 15:16:18.796857 | > DO_CALL (0.013s wait)
.2020-01-20 15:16:19.153057 | eval'd: drake::cmq_buildtargetmetadepsspecht_is_subtargetconfig
2020-01-20 15:16:21.167572 | > DO_CALL (0.004s wait)
.2020-01-20 15:16:21.490270 | eval'd: drake::cmq_buildtargetmetadepsspecht_is_subtargetconfig
2020-01-20 15:16:22.600554 | > DO_CALL (0.005s wait)
.2020-01-20 15:16:23.569982 | eval'd: drake::cmq_buildtargetmetadepsspecht_is_subtargetconfig
2020-01-20 15:16:24.050592 | > DO_CALL (0.009s wait)
.2020-01-20 15:16:24.383520 | eval'd: drake::cmq_buildtargetmetadepsspecht_is_subtargetconfig
2020-01-20 15:16:25.462305 | > DO_CALL (0.013s wait)
.2020-01-20 15:16:25.821161 | eval'd: drake::cmq_buildtargetmetadepsspecht_is_subtargetconfig
2020-01-20 15:16:26.750695 | > DO_CALL (0.003s wait)
.2020-01-20 15:16:27.029055 | eval'd: drake::cmq_buildtargetmetadepsspecht_is_subtargetconfig
2020-01-20 15:16:29.191205 | > DO_CALL (0.014s wait)
.2020-01-20 15:16:30.135268 | eval'd: drake::cmq_buildtargetmetadepsspecht_is_subtargetconfig
2020-01-20 15:16:30.636384 | > DO_CALL (0.012s wait)
.2020-01-20 15:16:30.975457 | eval'd: drake::cmq_buildtargetmetadepsspecht_is_subtargetconfig
2020-01-20 15:16:32.121495 | > DO_CALL (0.013s wait)
.2020-01-20 15:16:32.470374 | eval'd: drake::cmq_buildtargetmetadepsspecht_is_subtargetconfig
2020-01-20 15:16:33.836822 | > DO_CALL (0.016s wait)
.2020-01-20 15:16:34.200981 | eval'd: drake::cmq_buildtargetmetadepsspecht_is_subtargetconfig
2020-01-20 15:16:35.214912 | > DO_CALL (0.009s wait)
.2020-01-20 15:16:35.550931 | eval'd: drake::cmq_buildtargetmetadepsspecht_is_subtargetconfig
2020-01-20 15:16:36.648071 | > DO_CALL (0.015s wait)
.2020-01-20 15:16:37.650794 | eval'd: drake::cmq_buildtargetmetadepsspecht_is_subtargetconfig
2020-01-20 15:16:39.198373 | > DO_CALL (0.006s wait)
.2020-01-20 15:16:39.523564 | eval'd: drake::cmq_buildtargetmetadepsspecht_is_subtargetconfig
2020-01-20 15:16:40.748949 | > DO_CALL (0.014s wait)
.2020-01-20 15:16:41.103612 | eval'd: drake::cmq_buildtargetmetadepsspecht_is_subtargetconfig
2020-01-20 15:16:42.244006 | > DO_CALL (0.000s wait)
.2020-01-20 15:16:42.326504 | eval'd: drake::cmq_buildtargetmetadepsspecht_is_subtargetconfig
2020-01-20 15:16:43.777145 | > DO_CALL (0.007s wait)
.2020-01-20 15:16:44.110712 | eval'd: drake::cmq_buildtargetmetadepsspecht_is_subtargetconfig
2020-01-20 15:16:45.251836 | > DO_CALL (0.005s wait)
.2020-01-20 15:16:46.158137 | eval'd: drake::cmq_buildtargetmetadepsspecht_is_subtargetconfig
2020-01-20 15:16:47.892954 | > DO_CALL (0.012s wait)
.2020-01-20 15:16:48.244653 | eval'd: drake::cmq_buildtargetmetadepsspecht_is_subtargetconfig
2020-01-20 15:16:49.343622 | > DO_CALL (0.007s wait)
.2020-01-20 15:16:49.673487 | eval'd: drake::cmq_buildtargetmetadepsspecht_is_subtargetconfig
2020-01-20 15:16:51.044122 | > DO_CALL (0.028s wait)
.2020-01-20 15:16:51.427582 | eval'd: drake::cmq_buildtargetmetadepsspecht_is_subtargetconfig
2020-01-20 15:16:52.545845 | > DO_CALL (0.015s wait)
.2020-01-20 15:16:53.564631 | eval'd: drake::cmq_buildtargetmetadepsspecht_is_subtargetconfig
2020-01-20 15:16:54.076125 | > DO_CALL (0.006s wait)
.2020-01-20 15:16:54.403326 | eval'd: drake::cmq_buildtargetmetadepsspecht_is_subtargetconfig
2020-01-20 15:16:56.902303 | > DO_CALL (0.013s wait)
.2020-01-20 15:16:57.252583 | eval'd: drake::cmq_buildtargetmetadepsspecht_is_subtargetconfig
2020-01-20 15:16:58.454073 | > DO_CALL (0.000s wait)
.2020-01-20 15:16:58.472110 | eval'd: drake::cmq_buildtargetmetadepsspecht_is_subtargetconfig
2020-01-20 15:17:00.052711 | > DO_CALL (0.011s wait)
.2020-01-20 15:17:00.387320 | eval'd: drake::cmq_buildtargetmetadepsspecht_is_subtargetconfig
2020-01-20 15:17:01.589025 | > DO_CALL (0.012s wait)
.2020-01-20 15:17:01.942873 | eval'd: drake::cmq_buildtargetmetadepsspecht_is_subtargetconfig
2020-01-20 15:17:03.133420 | > DO_CALL (0.012s wait)
.
2020-01-20 15:17:04.081638 | eval'd: drake::cmq_buildtargetmetadepsspecht_is_subtargetconfig
2020-01-20 15:17:06.103311 | > DO_CALL (0.018s wait)
.2020-01-20 15:17:06.460748 | eval'd: drake::cmq_buildtargetmetadepsspecht_is_subtargetconfig
2020-01-20 15:17:07.670279 | > DO_CALL (0.019s wait)
.2020-01-20 15:17:08.046071 | eval'd: drake::cmq_buildtargetmetadepsspecht_is_subtargetconfig
2020-01-20 15:17:09.226059 | > DO_CALL (0.017s wait)
.2020-01-20 15:17:09.594509 | eval'd: drake::cmq_buildtargetmetadepsspecht_is_subtargetconfig
2020-01-20 15:17:10.687134 | > DO_CALL (0.014s wait)
.2020-01-20 15:17:11.667862 | eval'd: drake::cmq_buildtargetmetadepsspecht_is_subtargetconfig
2020-01-20 15:17:12.320607 | > DO_CALL (0.030s wait)
.2020-01-20 15:17:12.727236 | eval'd: drake::cmq_buildtargetmetadepsspecht_is_subtargetconfig
2020-01-20 15:17:14.932788 | > DO_CALL (0.000s wait)
.2020-01-20 15:17:14.942451 | eval'd: drake::cmq_buildtargetmetadepsspecht_is_subtargetconfig
2020-01-20 15:17:16.386254 | > DO_CALL (0.011s wait)
.2020-01-20 15:17:16.724141 | eval'd: drake::cmq_buildtargetmetadepsspecht_is_subtargetconfig
2020-01-20 15:17:18.015913 | > DO_CALL (0.002s wait)
.2020-01-20 15:17:18.327138 | eval'd: drake::cmq_buildtargetmetadepsspecht_is_subtargetconfig
2020-01-20 15:17:19.590436 | > DO_CALL (0.019s wait)
.2020-01-20 15:17:19.960017 | eval'd: drake::cmq_buildtargetmetadepsspecht_is_subtargetconfig
2020-01-20 15:17:21.062835 | > DO_CALL (0.020s wait)
.2020-01-20 15:17:22.020216 | eval'd: drake::cmq_buildtargetmetadepsspecht_is_subtargetconfig
2020-01-20 15:17:23.539941 | > DO_CALL (0.000s wait)
.2020-01-20 15:17:23.603606 | eval'd: drake::cmq_buildtargetmetadepsspecht_is_subtargetconfig
2020-01-20 15:17:24.953116 | > DO_CALL (0.005s wait)
.2020-01-20 15:17:25.291131 | eval'd: drake::cmq_buildtargetmetadepsspecht_is_subtargetconfig
2020-01-20 15:17:26.371166 | > DO_CALL (0.012s wait)
.2020-01-20 15:17:26.744190 | eval'd: drake::cmq_buildtargetmetadepsspecht_is_subtargetconfig
2020-01-20 15:17:27.634807 | > DO_CALL (0.012s wait)
.2020-01-20 15:17:27.991852 | eval'd: drake::cmq_buildtargetmetadepsspecht_is_subtargetconfig
2020-01-20 15:17:28.811403 | > DO_CALL (0.009s wait)
.2020-01-20 15:17:29.744352 | eval'd: drake::cmq_buildtargetmetadepsspecht_is_subtargetconfig
2020-01-20 15:17:31.106542 | > DO_CALL (0.017s wait)
.2020-01-20 15:17:31.478274 | eval'd: drake::cmq_buildtargetmetadepsspecht_is_subtargetconfig
2020-01-20 15:17:32.409269 | > DO_CALL (0.017s wait)
.2020-01-20 15:17:32.771407 | eval'd: drake::cmq_buildtargetmetadepsspecht_is_subtargetconfig
2020-01-20 15:17:33.704020 | > DO_CALL (0.019s wait)
.2020-01-20 15:17:34.067575 | eval'd: drake::cmq_buildtargetmetadepsspecht_is_subtargetconfig
2020-01-20 15:17:35.212928 | > DO_CALL (0.006s wait)
.2020-01-20 15:17:36.129492 | eval'd: drake::cmq_buildtargetmetadepsspecht_is_subtargetconfig
2020-01-20 15:17:36.673342 | > DO_CALL (0.010s wait)
.2020-01-20 15:17:37.009014 | eval'd: drake::cmq_buildtargetmetadepsspecht_is_subtargetconfig
2020-01-20 15:17:38.165665 | > DO_CALL (0.011s wait)
.2020-01-20 15:17:38.531098 | eval'd: drake::cmq_buildtargetmetadepsspecht_is_subtargetconfig
2020-01-20 15:17:40.805410 | > DO_CALL (0.011s wait)
.2020-01-20 15:17:41.160484 | eval'd: drake::cmq_buildtargetmetadepsspecht_is_subtargetconfig
2020-01-20 15:17:42.348660 | > DO_CALL (0.018s wait)
.2020-01-20 15:17:42.729889 | eval'd: drake::cmq_buildtargetmetadepsspecht_is_subtargetconfig
2020-01-20 15:17:43.834637 | > DO_CALL (0.004s wait)
.2020-01-20 15:17:44.754272 | eval'd: drake::cmq_buildtargetmetadepsspecht_is_subtargetconfig
2020-01-20 15:17:45.365990 | > DO_CALL (0.013s wait)
.2020-01-20 15:17:45.724889 | eval'd: drake::cmq_buildtargetmetadepsspecht_is_subtargetconfig
2020-01-20 15:17:46.988587 | > DO_CALL (0.010s wait)
.2020-01-20 15:17:47.326694 | eval'd: drake::cmq_buildtargetmetadepsspecht_is_subtargetconfig
2020-01-20 15:17:49.596709 | > DO_CALL (0.012s wait)
.2020-01-20 15:17:49.939359 | eval'd: drake::cmq_buildtargetmetadepsspecht_is_subtargetconfig
2020-01-20 15:17:50.976747 | > DO_CALL (0.001s wait)
.2020-01-20 15:17:51.869715 | eval'd: drake::cmq_buildtargetmetadepsspecht_is_subtargetconfig
2020-01-20 15:17:52.505984 | > DO_CALL (0.014s wait)
.2020-01-20 15:17:52.883208 | eval'd: drake::cmq_buildtargetmetadepsspecht_is_subtargetconfig
2020-01-20 15:17:53.959028 | > DO_CALL (0.009s wait)
.2020-01-20 15:17:54.330005 | eval'd: drake::cmq_buildtargetmetadepsspecht_is_subtargetconfig
2020-01-20 15:17:55.352590 | > DO_CALL (0.017s wait)
.2020-01-20 15:17:55.741500 | eval'd: drake::cmq_buildtargetmetadepsspecht_is_subtargetconfig
2020-01-20 15:17:57.789419 | > DO_CALL (0.004s wait)
.2020-01-20 15:17:58.144865 | eval'd: drake::cmq_buildtargetmetadepsspecht_is_subtargetconfig
2020-01-20 15:17:59.350344 | > DO_CALL (0.010s wait)
.2020-01-20 15:18:00.293296 | eval'd: drake::cmq_buildtargetmetadepsspecht_is_subtargetconfig
2020-01-20 15:18:00.954327 | > DO_CALL (0.024s wait)
.2020-01-20 15:18:01.333354 | eval'd: drake::cmq_buildtargetmetadepsspecht_is_subtargetconfig
2020-01-20 15:18:02.456085 | > DO_CALL (0.010s wait)
.2020-01-20 15:18:02.795101 | eval'd: drake::cmq_buildtargetmetadepsspecht_is_subtargetconfig
2020-01-20 15:18:03.964567 | > DO_CALL (0.006s wait)
.2020-01-20 15:18:04.289829 | eval'd: drake::cmq_buildtargetmetadepsspecht_is_subtargetconfig
2020-01-20 15:18:06.485192 | > DO_CALL (0.014s wait)
.2020-01-20 15:18:07.431473 | eval'd: drake::cmq_buildtargetmetadepsspecht_is_subtargetconfig
2020-01-20 15:18:07.905001 | > DO_CALL (0.015s wait)
.2020-01-20 15:18:08.270433 | eval'd: drake::cmq_buildtargetmetadepsspecht_is_subtargetconfig
2020-01-20 15:18:09.326325 | > DO_CALL (0.019s wait)
.2020-01-20 15:18:09.688388 | eval'd: drake::cmq_buildtargetmetadepsspecht_is_subtargetconfig
2020-01-20 15:18:10.810849 | > DO_CALL (0.015s wait)
.2020-01-20 15:18:11.176131 | eval'd: drake::cmq_buildtargetmetadepsspecht_is_subtargetconfig
2020-01-20 15:18:12.319618 | > DO_CALL (0.014s wait)
.2020-01-20 15:18:12.684714 | eval'd: drake::cmq_buildtargetmetadepsspecht_is_subtargetconfig
2020-01-20 15:18:15.148588 | > DO_CALL (0.010s wait)
.2020-01-20 15:18:16.074394 | eval'd: drake::cmq_buildtargetmetadepsspecht_is_subtargetconfig
2020-01-20 15:18:16.649272 | > DO_CALL (0.009s wait)
.2020-01-20 15:18:16.979879 | eval'd: drake::cmq_buildtargetmetadepsspecht_is_subtargetconfig
2020-01-20 15:18:18.157583 | > DO_CALL (0.012s wait)
.2020-01-20 15:18:18.509893 | eval'd: drake::cmq_buildtargetmetadepsspecht_is_subtargetconfig
2020-01-20 15:18:19.558322 | > DO_CALL (0.004s wait)
.2020-01-20 15:18:19.878415 | eval'd: drake::cmq_buildtargetmetadepsspecht_is_subtargetconfig
2020-01-20 15:18:21.103550 | > DO_CALL (0.021s wait)
.2020-01-20 15:18:22.055994 | eval'd: drake::cmq_buildtargetmetadepsspecht_is_subtargetconfig
2020-01-20 15:18:24.037392 | > DO_CALL (0.011s wait)
.2020-01-20 15:18:24.383284 | eval'd: drake::cmq_buildtargetmetadepsspecht_is_subtargetconfig
2020-01-20 15:18:25.519384 | > DO_CALL (0.015s wait)
.2020-01-20 15:18:25.881418 | eval'd: drake::cmq_buildtargetmetadepsspecht_is_subtargetconfig
2020-01-20 15:18:27.106559 | > DO_CALL (0.015s wait)
.2020-01-20 15:18:27.468866 | eval'd: drake::cmq_buildtargetmetadepsspecht_is_subtargetconfig
2020-01-20 15:18:28.522883 | > DO_CALL (0.015s wait)
.2020-01-20 15:18:28.885632 | eval'd: drake::cmq_buildtargetmetadepsspecht_is_subtargetconfig
2020-01-20 15:18:29.754436 | > DO_CALL (0.001s wait)
.2020-01-20 15:18:29.760471 | eval'd: drake::cmq_buildtargetmetadepsspecht_is_subtargetconfig
2020-01-20 15:18:32.198468 | > DO_CALL (0.001s wait)
.2020-01-20 15:18:34.328967 | eval'd: drake::cmq_buildtargetmetadepsspecht_is_subtargetconfig
2020-01-20 15:18:34.869461 | > DO_CALL (0.001s wait)
.2020-01-20 15:18:34.875107 | eval'd: drake::cmq_buildtargetmetadepsspecht_is_subtargetconfig
2020-01-20 15:18:35.862601 | > DO_CALL (0.001s wait)
.2020-01-20 15:18:35.868033 | eval'd: drake::cmq_buildtargetmetadepsspecht_is_subtargetconfig
2020-01-20 15:18:36.921435 | > DO_CALL (0.001s wait)
.2020-01-20 15:18:36.927103 | eval'd: drake::cmq_buildtargetmetadepsspecht_is_subtargetconfig
2020-01-20 15:18:39.042935 | > DO_CALL (0.000s wait)
.2020-01-20 15:18:39.047629 | eval'd: drake::cmq_buildtargetmetadepsspecht_is_subtargetconfig
2020-01-20 15:18:40.141501 | > DO_CALL (0.001s wait)
.2020-01-20 15:18:40.147174 | eval'd: drake::cmq_buildtargetmetadepsspecht_is_subtargetconfig
2020-01-20 15:18:41.257494 | > DO_CALL (0.001s wait)
.2020-01-20 15:18:41.263157 | eval'd: drake::cmq_buildtargetmetadepsspecht_is_subtargetconfig
2020-01-20 15:18:42.348390 | > DO_CALL (0.001s wait)
.2020-01-20 15:18:42.354086 | eval'd: drake::cmq_buildtargetmetadepsspecht_is_subtargetconfig
2020-01-20 15:18:43.396484 | > DO_CALL (0.001s wait)
.2020-01-20 15:18:43.402207 | eval'd: drake::cmq_buildtargetmetadepsspecht_is_subtargetconfig
2020-01-20 15:18:45.495434 | > DO_CALL (0.001s wait)
.2020-01-20 15:18:45.501140 | eval'd: drake::cmq_buildtargetmetadepsspecht_is_subtargetconfig
2020-01-20 15:18:46.605472 | > DO_CALL (0.001s wait)
.2020-01-20 15:18:46.611190 | eval'd: drake::cmq_buildtargetmetadepsspecht_is_subtargetconfig
2020-01-20 15:18:47.707536 | > DO_CALL (0.001s wait)
.2020-01-20 15:18:47.712051 | eval'd: drake::cmq_buildtargetmetadepsspecht_is_subtargetconfig
2020-01-20 15:18:48.810404 | > DO_CALL (0.001s wait)
.2020-01-20 15:18:48.816040 | eval'd: drake::cmq_buildtargetmetadepsspecht_is_subtargetconfig
2020-01-20 15:18:49.870434 | > DO_CALL (0.001s wait)
.2020-01-20 15:18:49.876069 | eval'd: drake::cmq_buildtargetmetadepsspecht_is_subtargetconfig
2020-01-20 15:18:52.037427 | > DO_CALL (0.001s wait)
.2020-01-20 15:18:52.043210 | eval'd: drake::cmq_buildtargetmetadepsspecht_is_subtargetconfig
2020-01-20 15:18:53.135459 | > DO_CALL (0.001s wait)
.2020-01-20 15:18:53.141225 | eval'd: drake::cmq_buildtargetmetadepsspecht_is_subtargetconfig
2020-01-20 15:18:54.202691 | > DO_CALL (0.000s wait)
.2020-01-20 15:18:54.207160 | eval'd: drake::cmq_buildtargetmetadepsspecht_is_subtargetconfig
2020-01-20 15:18:55.241347 | > DO_CALL (0.001s wait)
.2020-01-20 15:18:55.246553 | eval'd: drake::cmq_buildtargetmetadepsspecht_is_subtargetconfig
2020-01-20 15:18:56.302391 | > DO_CALL (0.001s wait)
.2020-01-20 15:18:56.308039 | eval'd: drake::cmq_buildtargetmetadepsspecht_is_subtargetconfig
2020-01-20 15:18:58.418497 | > DO_CALL (0.001s wait)
.2020-01-20 15:18:58.424157 | eval'd: drake::cmq_buildtargetmetadepsspecht_is_subtargetconfig
2020-01-20 15:18:59.508410 | > DO_CALL (0.001s wait)
.2020-01-20 15:18:59.514055 | eval'd: drake::cmq_buildtargetmetadepsspecht_is_subtargetconfig
2020-01-20 15:19:00.575448 | > DO_CALL (0.001s wait)
.2020-01-20 15:19:00.581173 | eval'd: drake::cmq_buildtargetmetadepsspecht_is_subtargetconfig
2020-01-20 15:19:01.650436 | > DO_CALL (0.001s wait)
.2020-01-20 15:19:01.656106 | eval'd: drake::cmq_buildtargetmetadepsspecht_is_subtargetconfig
2020-01-20 15:19:02.724416 | > DO_CALL (0.001s wait)
.2020-01-20 15:19:02.730067 | eval'd: drake::cmq_buildtargetmetadepsspecht_is_subtargetconfig
2020-01-20 15:19:04.877386 | > DO_CALL (0.001s wait)
.2020-01-20 15:19:04.883632 | eval'd: drake::cmq_buildtargetmetadepsspecht_is_subtargetconfig
2020-01-20 15:19:05.917505 | > DO_CALL (0.001s wait)
.2020-01-20 15:19:05.923175 | eval'd: drake::cmq_buildtargetmetadepsspecht_is_subtargetconfig
2020-01-20 15:19:06.979432 | > DO_CALL (0.001s wait)
.2020-01-20 15:19:06.985074 | eval'd: drake::cmq_buildtargetmetadepsspecht_is_subtargetconfig
2020-01-20 15:19:08.024477 | > DO_CALL (0.001s wait)
.
2020-01-20 15:19:08.030126 | eval'd: drake::cmq_buildtargetmetadepsspecht_is_subtargetconfig
2020-01-20 15:19:09.079937 | > DO_CALL (0.000s wait)
.2020-01-20 15:19:09.084311 | eval'd: drake::cmq_buildtargetmetadepsspecht_is_subtargetconfig
2020-01-20 15:19:11.214486 | > DO_CALL (0.001s wait)
.2020-01-20 15:19:11.220168 | eval'd: drake::cmq_buildtargetmetadepsspecht_is_subtargetconfig
2020-01-20 15:19:12.586493 | > DO_CALL (0.001s wait)
.2020-01-20 15:19:12.592142 | eval'd: drake::cmq_buildtargetmetadepsspecht_is_subtargetconfig
2020-01-20 15:19:13.758485 | > DO_CALL (0.001s wait)
.2020-01-20 15:19:13.764231 | eval'd: drake::cmq_buildtargetmetadepsspecht_is_subtargetconfig
2020-01-20 15:19:14.873463 | > DO_CALL (0.001s wait)
.2020-01-20 15:19:14.879107 | eval'd: drake::cmq_buildtargetmetadepsspecht_is_subtargetconfig
2020-01-20 15:19:15.968502 | > DO_CALL (0.001s wait)
.2020-01-20 15:19:15.974272 | eval'd: drake::cmq_buildtargetmetadepsspecht_is_subtargetconfig
2020-01-20 15:19:18.199495 | > DO_CALL (0.001s wait)
.2020-01-20 15:19:18.205184 | eval'd: drake::cmq_buildtargetmetadepsspecht_is_subtargetconfig
2020-01-20 15:19:19.306439 | > DO_CALL (0.001s wait)
.2020-01-20 15:19:19.312115 | eval'd: drake::cmq_buildtargetmetadepsspecht_is_subtargetconfig
2020-01-20 15:19:20.433420 | > DO_CALL (0.001s wait)
.2020-01-20 15:19:20.439050 | eval'd: drake::cmq_buildtargetmetadepsspecht_is_subtargetconfig
2020-01-20 15:19:21.544475 | > DO_CALL (0.001s wait)
.2020-01-20 15:19:21.550202 | eval'd: drake::cmq_buildtargetmetadepsspecht_is_subtargetconfig
2020-01-20 15:19:22.676491 | > DO_CALL (0.001s wait)
.2020-01-20 15:19:22.682170 | eval'd: drake::cmq_buildtargetmetadepsspecht_is_subtargetconfig
2020-01-20 15:19:25.079529 | > DO_CALL (0.001s wait)
.2020-01-20 15:19:25.085745 | eval'd: drake::cmq_buildtargetmetadepsspecht_is_subtargetconfig
2020-01-20 15:19:26.313560 | > DO_CALL (0.001s wait)
.2020-01-20 15:19:26.319280 | eval'd: drake::cmq_buildtargetmetadepsspecht_is_subtargetconfig
2020-01-20 15:19:27.468477 | > DO_CALL (0.001s wait)
.2020-01-20 15:19:27.474163 | eval'd: drake::cmq_buildtargetmetadepsspecht_is_subtargetconfig
2020-01-20 15:19:28.633541 | > DO_CALL (0.001s wait)
.2020-01-20 15:19:28.639201 | eval'd: drake::cmq_buildtargetmetadepsspecht_is_subtargetconfig
2020-01-20 15:19:31.148496 | > DO_CALL (0.001s wait)
.2020-01-20 15:19:31.154191 | eval'd: drake::cmq_buildtargetmetadepsspecht_is_subtargetconfig
2020-01-20 15:19:32.131243 | > DO_CALL (0.001s wait)
.2020-01-20 15:19:32.136942 | eval'd: drake::cmq_buildtargetmetadepsspecht_is_subtargetconfig
2020-01-20 15:19:33.173896 | > DO_CALL (0.001s wait)
.2020-01-20 15:19:33.179581 | eval'd: drake::cmq_buildtargetmetadepsspecht_is_subtargetconfig
2020-01-20 15:19:34.196203 | > DO_CALL (0.001s wait)
.2020-01-20 15:19:34.201855 | eval'd: drake::cmq_buildtargetmetadepsspecht_is_subtargetconfig
2020-01-20 15:19:35.168492 | > DO_CALL (0.001s wait)
.2020-01-20 15:19:35.174088 | eval'd: drake::cmq_buildtargetmetadepsspecht_is_subtargetconfig
2020-01-20 15:19:37.279192 | > DO_CALL (0.000s wait)
.2020-01-20 15:19:37.284912 | eval'd: drake::cmq_buildtargetmetadepsspecht_is_subtargetconfig
2020-01-20 15:19:38.281270 | > DO_CALL (0.001s wait)
.2020-01-20 15:19:38.287027 | eval'd: drake::cmq_buildtargetmetadepsspecht_is_subtargetconfig
2020-01-20 15:19:39.263894 | > DO_CALL (0.001s wait)
.2020-01-20 15:19:39.269579 | eval'd: drake::cmq_buildtargetmetadepsspecht_is_subtargetconfig
2020-01-20 15:19:40.279132 | > DO_CALL (0.000s wait)
.2020-01-20 15:19:40.284813 | eval'd: drake::cmq_buildtargetmetadepsspecht_is_subtargetconfig
2020-01-20 15:19:41.250870 | > DO_CALL (0.001s wait)
.2020-01-20 15:19:41.256601 | eval'd: drake::cmq_buildtargetmetadepsspecht_is_subtargetconfig
2020-01-20 15:19:43.234026 | > DO_CALL (0.001s wait)
.2020-01-20 15:19:43.239702 | eval'd: drake::cmq_buildtargetmetadepsspecht_is_subtargetconfig
2020-01-20 15:19:44.212776 | > DO_CALL (0.001s wait)
.2020-01-20 15:19:44.218424 | eval'd: drake::cmq_buildtargetmetadepsspecht_is_subtargetconfig
2020-01-20 15:19:45.329468 | > DO_CALL (0.001s wait)
.2020-01-20 15:19:45.335175 | eval'd: drake::cmq_buildtargetmetadepsspecht_is_subtargetconfig
2020-01-20 15:19:46.472494 | > DO_CALL (0.001s wait)
.2020-01-20 15:19:46.478197 | eval'd: drake::cmq_buildtargetmetadepsspecht_is_subtargetconfig
2020-01-20 15:19:48.668503 | > DO_CALL (0.001s wait)
.2020-01-20 15:19:48.674277 | eval'd: drake::cmq_buildtargetmetadepsspecht_is_subtargetconfig
2020-01-20 15:19:49.810523 | > DO_CALL (0.001s wait)
.2020-01-20 15:19:49.816261 | eval'd: drake::cmq_buildtargetmetadepsspecht_is_subtargetconfig
2020-01-20 15:19:50.948516 | > DO_CALL (0.001s wait)
.2020-01-20 15:19:50.954200 | eval'd: drake::cmq_buildtargetmetadepsspecht_is_subtargetconfig
2020-01-20 15:19:52.078538 | > DO_CALL (0.001s wait)
.2020-01-20 15:19:52.084248 | eval'd: drake::cmq_buildtargetmetadepsspecht_is_subtargetconfig
2020-01-20 15:19:53.219497 | > DO_CALL (0.001s wait)
.2020-01-20 15:19:53.225165 | eval'd: drake::cmq_buildtargetmetadepsspecht_is_subtargetconfig
2020-01-20 15:19:55.410512 | > DO_CALL (0.001s wait)
.2020-01-20 15:19:55.416278 | eval'd: drake::cmq_buildtargetmetadepsspecht_is_subtargetconfig
2020-01-20 15:19:56.574489 | > DO_CALL (0.001s wait)
.2020-01-20 15:19:56.580224 | eval'd: drake::cmq_buildtargetmetadepsspecht_is_subtargetconfig
2020-01-20 15:19:57.692872 | > DO_CALL (0.000s wait)
.2020-01-20 15:19:57.697008 | eval'd: drake::cmq_buildtargetmetadepsspecht_is_subtargetconfig
2020-01-20 15:19:58.766466 | > DO_CALL (0.001s wait)
.2020-01-20 15:19:58.772136 | eval'd: drake::cmq_buildtargetmetadepsspecht_is_subtargetconfig
2020-01-20 15:19:59.742470 | > DO_CALL (0.001s wait)
.2020-01-20 15:19:59.748163 | eval'd: drake::cmq_buildtargetmetadepsspecht_is_subtargetconfig
2020-01-20 15:20:01.691258 | > DO_CALL (0.001s wait)
.2020-01-20 15:20:01.696944 | eval'd: drake::cmq_buildtargetmetadepsspecht_is_subtargetconfig
2020-01-20 15:20:02.648532 | > DO_CALL (0.001s wait)
.2020-01-20 15:20:02.654167 | eval'd: drake::cmq_buildtargetmetadepsspecht_is_subtargetconfig
2020-01-20 15:20:03.631207 | > DO_CALL (0.001s wait)
.2020-01-20 15:20:03.636841 | eval'd: drake::cmq_buildtargetmetadepsspecht_is_subtargetconfig
2020-01-20 15:20:04.610551 | > DO_CALL (0.001s wait)
.2020-01-20 15:20:04.616213 | eval'd: drake::cmq_buildtargetmetadepsspecht_is_subtargetconfig
2020-01-20 15:20:06.508244 | > DO_CALL (0.001s wait)
.2020-01-20 15:20:06.513833 | eval'd: drake::cmq_buildtargetmetadepsspecht_is_subtargetconfig
2020-01-20 15:20:07.471834 | > DO_CALL (0.001s wait)
.2020-01-20 15:20:07.477455 | eval'd: drake::cmq_buildtargetmetadepsspecht_is_subtargetconfig
2020-01-20 15:20:08.450958 | > DO_CALL (0.001s wait)
.2020-01-20 15:20:08.456693 | eval'd: drake::cmq_buildtargetmetadepsspecht_is_subtargetconfig
2020-01-20 15:20:09.406102 | > DO_CALL (0.001s wait)
.2020-01-20 15:20:09.411775 | eval'd: drake::cmq_buildtargetmetadepsspecht_is_subtargetconfig
2020-01-20 15:20:10.371009 | > DO_CALL (0.001s wait)
.2020-01-20 15:20:10.376728 | eval'd: drake::cmq_buildtargetmetadepsspecht_is_subtargetconfig
2020-01-20 15:20:12.279504 | > DO_CALL (0.000s wait)
.2020-01-20 15:20:12.284148 | eval'd: drake::cmq_buildtargetmetadepsspecht_is_subtargetconfig
2020-01-20 15:20:13.233830 | > DO_CALL (0.001s wait)
.2020-01-20 15:20:13.239498 | eval'd: drake::cmq_buildtargetmetadepsspecht_is_subtargetconfig
2020-01-20 15:20:14.192233 | > DO_CALL (0.001s wait)
.2020-01-20 15:20:14.197895 | eval'd: drake::cmq_buildtargetmetadepsspecht_is_subtargetconfig
2020-01-20 15:20:15.162103 | > DO_CALL (0.001s wait)
.2020-01-20 15:20:15.167795 | eval'd: drake::cmq_buildtargetmetadepsspecht_is_subtargetconfig
2020-01-20 15:20:16.158484 | > DO_CALL (0.001s wait)
.2020-01-20 15:20:16.164201 | eval'd: drake::cmq_buildtargetmetadepsspecht_is_subtargetconfig
2020-01-20 15:20:18.362485 | > DO_CALL (0.001s wait)
.2020-01-20 15:20:18.368294 | eval'd: drake::cmq_buildtargetmetadepsspecht_is_subtargetconfig
2020-01-20 15:20:19.464559 | > DO_CALL (0.001s wait)
.2020-01-20 15:20:19.470194 | eval'd: drake::cmq_buildtargetmetadepsspecht_is_subtargetconfig
2020-01-20 15:20:20.580507 | > DO_CALL (0.001s wait)
.2020-01-20 15:20:20.586157 | eval'd: drake::cmq_buildtargetmetadepsspecht_is_subtargetconfig
2020-01-20 15:20:21.673499 | > DO_CALL (0.001s wait)
.2020-01-20 15:20:21.679116 | eval'd: drake::cmq_buildtargetmetadepsspecht_is_subtargetconfig
2020-01-20 15:20:23.835545 | > DO_CALL (0.001s wait)
.2020-01-20 15:20:23.841230 | eval'd: drake::cmq_buildtargetmetadepsspecht_is_subtargetconfig
2020-01-20 15:20:24.989583 | > DO_CALL (0.001s wait)
.2020-01-20 15:20:24.995256 | eval'd: drake::cmq_buildtargetmetadepsspecht_is_subtargetconfig
2020-01-20 15:20:26.111373 | > DO_CALL (0.001s wait)
.2020-01-20 15:20:26.117095 | eval'd: drake::cmq_buildtargetmetadepsspecht_is_subtargetconfig
2020-01-20 15:20:27.268550 | > DO_CALL (0.001s wait)
.2020-01-20 15:20:27.274247 | eval'd: drake::cmq_buildtargetmetadepsspecht_is_subtargetconfig
2020-01-20 15:20:28.422484 | > DO_CALL (0.001s wait)
.2020-01-20 15:20:28.428132 | eval'd: drake::cmq_buildtargetmetadepsspecht_is_subtargetconfig
2020-01-20 15:20:30.657564 | > DO_CALL (0.001s wait)
.2020-01-20 15:20:30.663186 | eval'd: drake::cmq_buildtargetmetadepsspecht_is_subtargetconfig
2020-01-20 15:20:31.809594 | > DO_CALL (0.001s wait)
.2020-01-20 15:20:31.815255 | eval'd: drake::cmq_buildtargetmetadepsspecht_is_subtargetconfig
2020-01-20 15:20:32.949611 | > DO_CALL (0.001s wait)
.2020-01-20 15:20:32.955349 | eval'd: drake::cmq_buildtargetmetadepsspecht_is_subtargetconfig
2020-01-20 15:20:34.133506 | > DO_CALL (0.001s wait)
.2020-01-20 15:20:34.139164 | eval'd: drake::cmq_buildtargetmetadepsspecht_is_subtargetconfig
2020-01-20 15:20:35.300515 | > DO_CALL (0.001s wait)
.2020-01-20 15:20:35.306217 | eval'd: drake::cmq_buildtargetmetadepsspecht_is_subtargetconfig
2020-01-20 15:20:37.493524 | > DO_CALL (0.001s wait)
.2020-01-20 15:20:37.499161 | eval'd: drake::cmq_buildtargetmetadepsspecht_is_subtargetconfig
2020-01-20 15:20:38.669580 | > DO_CALL (0.001s wait)
.2020-01-20 15:20:38.675240 | eval'd: drake::cmq_buildtargetmetadepsspecht_is_subtargetconfig
2020-01-20 15:20:39.820565 | > DO_CALL (0.001s wait)
.2020-01-20 15:20:39.826197 | eval'd: drake::cmq_buildtargetmetadepsspecht_is_subtargetconfig
2020-01-20 15:20:40.936570 | > DO_CALL (0.001s wait)
.2020-01-20 15:20:40.942210 | eval'd: drake::cmq_buildtargetmetadepsspecht_is_subtargetconfig
2020-01-20 15:20:43.221530 | > DO_CALL (0.001s wait)
.2020-01-20 15:20:43.227178 | eval'd: drake::cmq_buildtargetmetadepsspecht_is_subtargetconfig
2020-01-20 15:20:44.369574 | > DO_CALL (0.001s wait)
.2020-01-20 15:20:44.375215 | eval'd: drake::cmq_buildtargetmetadepsspecht_is_subtargetconfig
2020-01-20 15:20:45.495616 | > DO_CALL (0.001s wait)
.2020-01-20 15:20:45.501292 | eval'd: drake::cmq_buildtargetmetadepsspecht_is_subtargetconfig
2020-01-20 15:20:46.652152 | > DO_CALL (0.000s wait)
.2020-01-20 15:20:46.656275 | eval'd: drake::cmq_buildtargetmetadepsspecht_is_subtargetconfig
2020-01-20 15:20:47.861541 | > DO_CALL (0.001s wait)
.2020-01-20 15:20:47.867187 | eval'd: drake::cmq_buildtargetmetadepsspecht_is_subtargetconfig
2020-01-20 15:20:50.392008 | > DO_CALL (0.000s wait)
.2020-01-20 15:20:50.396236 | eval'd: drake::cmq_buildtargetmetadepsspecht_is_subtargetconfig
2020-01-20 15:20:51.526539 | > DO_CALL (0.001s wait)
.2020-01-20 15:20:51.532417 | eval'd: drake::cmq_buildtargetmetadepsspecht_is_subtargetconfig
2020-01-20 15:20:52.654534 | > DO_CALL (0.001s wait)
.
2020-01-20 15:20:52.660166 | eval'd: drake::cmq_buildtargetmetadepsspecht_is_subtargetconfig
2020-01-20 15:20:53.789529 | > DO_CALL (0.001s wait)
.2020-01-20 15:20:53.795164 | eval'd: drake::cmq_buildtargetmetadepsspecht_is_subtargetconfig
2020-01-20 15:20:54.915622 | > DO_CALL (0.001s wait)
.2020-01-20 15:20:54.921287 | eval'd: drake::cmq_buildtargetmetadepsspecht_is_subtargetconfig
2020-01-20 15:20:57.339599 | > DO_CALL (0.001s wait)
.2020-01-20 15:20:57.347557 | eval'd: drake::cmq_buildtargetmetadepsspecht_is_subtargetconfig
2020-01-20 15:20:58.459573 | > DO_CALL (0.001s wait)
.2020-01-20 15:20:58.465272 | eval'd: drake::cmq_buildtargetmetadepsspecht_is_subtargetconfig
2020-01-20 15:20:59.601610 | > DO_CALL (0.001s wait)
.2020-01-20 15:20:59.607442 | eval'd: drake::cmq_buildtargetmetadepsspecht_is_subtargetconfig
2020-01-20 15:21:00.765641 | > DO_CALL (0.001s wait)
.2020-01-20 15:21:00.771322 | eval'd: drake::cmq_buildtargetmetadepsspecht_is_subtargetconfig
2020-01-20 15:21:02.941674 | > DO_CALL (0.001s wait)
.2020-01-20 15:21:02.947441 | eval'd: drake::cmq_buildtargetmetadepsspecht_is_subtargetconfig
2020-01-20 15:21:04.073531 | > DO_CALL (0.001s wait)
.2020-01-20 15:21:04.079391 | eval'd: drake::cmq_buildtargetmetadepsspecht_is_subtargetconfig
2020-01-20 15:21:05.203524 | > DO_CALL (0.001s wait)
.2020-01-20 15:21:05.209362 | eval'd: drake::cmq_buildtargetmetadepsspecht_is_subtargetconfig
2020-01-20 15:21:06.331525 | > DO_CALL (0.001s wait)
.2020-01-20 15:21:06.337265 | eval'd: drake::cmq_buildtargetmetadepsspecht_is_subtargetconfig
2020-01-20 15:21:07.435943 | > DO_CALL (0.000s wait)
.2020-01-20 15:21:07.440221 | eval'd: drake::cmq_buildtargetmetadepsspecht_is_subtargetconfig
2020-01-20 15:21:09.634867 | > DO_CALL (0.000s wait)
.2020-01-20 15:21:09.638938 | eval'd: drake::cmq_buildtargetmetadepsspecht_is_subtargetconfig
2020-01-20 15:21:10.781579 | > DO_CALL (0.001s wait)
.2020-01-20 15:21:10.787399 | eval'd: drake::cmq_buildtargetmetadepsspecht_is_subtargetconfig
2020-01-20 15:21:11.873363 | > DO_CALL (0.001s wait)
.2020-01-20 15:21:11.878010 | eval'd: drake::cmq_buildtargetmetadepsspecht_is_subtargetconfig
2020-01-20 15:21:12.990803 | > DO_CALL (0.001s wait)
.2020-01-20 15:21:12.996529 | eval'd: drake::cmq_buildtargetmetadepsspecht_is_subtargetconfig
2020-01-20 15:21:15.180656 | > DO_CALL (0.001s wait)
.2020-01-20 15:21:15.186462 | eval'd: drake::cmq_buildtargetmetadepsspecht_is_subtargetconfig
2020-01-20 15:21:16.311700 | > DO_CALL (0.001s wait)
.2020-01-20 15:21:16.317575 | eval'd: drake::cmq_buildtargetmetadepsspecht_is_subtargetconfig
2020-01-20 15:21:17.410689 | > DO_CALL (0.001s wait)
.2020-01-20 15:21:17.416436 | eval'd: drake::cmq_buildtargetmetadepsspecht_is_subtargetconfig
2020-01-20 15:21:18.513199 | > DO_CALL (0.001s wait)
.2020-01-20 15:21:18.519006 | eval'd: drake::cmq_buildtargetmetadepsspecht_is_subtargetconfig
2020-01-20 15:21:19.642567 | > DO_CALL (0.001s wait)
.2020-01-20 15:21:19.648377 | eval'd: drake::cmq_buildtargetmetadepsspecht_is_subtargetconfig
2020-01-20 15:21:21.839555 | > DO_CALL (0.001s wait)
.2020-01-20 15:21:21.845443 | eval'd: drake::cmq_buildtargetmetadepsspecht_is_subtargetconfig
2020-01-20 15:21:22.967570 | > DO_CALL (0.001s wait)
.2020-01-20 15:21:22.973277 | eval'd: drake::cmq_buildtargetmetadepsspecht_is_subtargetconfig
2020-01-20 15:21:24.113672 | > DO_CALL (0.001s wait)
.2020-01-20 15:21:24.119388 | eval'd: drake::cmq_buildtargetmetadepsspecht_is_subtargetconfig
2020-01-20 15:21:25.239599 | > DO_CALL (0.001s wait)
.2020-01-20 15:21:25.245335 | eval'd: drake::cmq_buildtargetmetadepsspecht_is_subtargetconfig
2020-01-20 15:21:26.371566 | > DO_CALL (0.001s wait)
.2020-01-20 15:21:26.377348 | eval'd: drake::cmq_buildtargetmetadepsspecht_is_subtargetconfig
2020-01-20 15:21:28.553916 | > DO_CALL (0.001s wait)
.2020-01-20 15:21:28.559406 | eval'd: drake::cmq_buildtargetmetadepsspecht_is_subtargetconfig
2020-01-20 15:21:29.715603 | > DO_CALL (0.001s wait)
.2020-01-20 15:21:29.721317 | eval'd: drake::cmq_buildtargetmetadepsspecht_is_subtargetconfig
2020-01-20 15:21:30.841580 | > DO_CALL (0.001s wait)
.2020-01-20 15:21:30.847418 | eval'd: drake::cmq_buildtargetmetadepsspecht_is_subtargetconfig
2020-01-20 15:21:31.974696 | > DO_CALL (0.001s wait)
.2020-01-20 15:21:31.980408 | eval'd: drake::cmq_buildtargetmetadepsspecht_is_subtargetconfig
2020-01-20 15:21:34.181674 | > DO_CALL (0.001s wait)
.2020-01-20 15:21:34.188175 | eval'd: drake::cmq_buildtargetmetadepsspecht_is_subtargetconfig
2020-01-20 15:21:35.353593 | > DO_CALL (0.001s wait)
.2020-01-20 15:21:35.359272 | eval'd: drake::cmq_buildtargetmetadepsspecht_is_subtargetconfig
2020-01-20 15:21:36.501558 | > DO_CALL (0.001s wait)
.2020-01-20 15:21:36.507200 | eval'd: drake::cmq_buildtargetmetadepsspecht_is_subtargetconfig
2020-01-20 15:21:37.657588 | > DO_CALL (0.001s wait)
.2020-01-20 15:21:37.663315 | eval'd: drake::cmq_buildtargetmetadepsspecht_is_subtargetconfig
2020-01-20 15:21:38.832565 | > DO_CALL (0.001s wait)
.2020-01-20 15:21:38.838296 | eval'd: drake::cmq_buildtargetmetadepsspecht_is_subtargetconfig
2020-01-20 15:21:41.019608 | > DO_CALL (0.001s wait)
.2020-01-20 15:21:41.025221 | eval'd: drake::cmq_buildtargetmetadepsspecht_is_subtargetconfig
2020-01-20 15:21:42.176604 | > DO_CALL (0.001s wait)
.2020-01-20 15:21:42.182296 | eval'd: drake::cmq_buildtargetmetadepsspecht_is_subtargetconfig
2020-01-20 15:21:43.323630 | > DO_CALL (0.001s wait)
.2020-01-20 15:21:43.329379 | eval'd: drake::cmq_buildtargetmetadepsspecht_is_subtargetconfig
2020-01-20 15:21:44.507601 | > DO_CALL (0.001s wait)
.2020-01-20 15:21:44.513284 | eval'd: drake::cmq_buildtargetmetadepsspecht_is_subtargetconfig
2020-01-20 15:21:46.734624 | > DO_CALL (0.001s wait)
.2020-01-20 15:21:46.740453 | eval'd: drake::cmq_buildtargetmetadepsspecht_is_subtargetconfig
2020-01-20 15:21:47.887684 | > DO_CALL (0.001s wait)
.2020-01-20 15:21:47.893373 | eval'd: drake::cmq_buildtargetmetadepsspecht_is_subtargetconfig
2020-01-20 15:21:49.054681 | > DO_CALL (0.001s wait)
.2020-01-20 15:21:49.060419 | eval'd: drake::cmq_buildtargetmetadepsspecht_is_subtargetconfig
2020-01-20 15:21:50.203676 | > DO_CALL (0.001s wait)
.2020-01-20 15:21:50.209423 | eval'd: drake::cmq_buildtargetmetadepsspecht_is_subtargetconfig
2020-01-20 15:21:51.364681 | > DO_CALL (0.001s wait)
.2020-01-20 15:21:51.370399 | eval'd: drake::cmq_buildtargetmetadepsspecht_is_subtargetconfig
2020-01-20 15:21:53.568660 | > DO_CALL (0.001s wait)
.2020-01-20 15:21:53.574270 | eval'd: drake::cmq_buildtargetmetadepsspecht_is_subtargetconfig
2020-01-20 15:21:54.714673 | > DO_CALL (0.001s wait)
.2020-01-20 15:21:54.720358 | eval'd: drake::cmq_buildtargetmetadepsspecht_is_subtargetconfig
2020-01-20 15:21:55.849586 | > DO_CALL (0.001s wait)
.2020-01-20 15:21:55.855294 | eval'd: drake::cmq_buildtargetmetadepsspecht_is_subtargetconfig
2020-01-20 15:21:56.994608 | > DO_CALL (0.001s wait)
.2020-01-20 15:21:57.000280 | eval'd: drake::cmq_buildtargetmetadepsspecht_is_subtargetconfig
2020-01-20 15:21:58.113618 | > DO_CALL (0.001s wait)
.2020-01-20 15:21:58.119321 | eval'd: drake::cmq_buildtargetmetadepsspecht_is_subtargetconfig
2020-01-20 15:22:00.548605 | > DO_CALL (0.001s wait)
.2020-01-20 15:22:00.554302 | eval'd: drake::cmq_buildtargetmetadepsspecht_is_subtargetconfig
2020-01-20 15:22:01.700764 | > DO_CALL (0.001s wait)
.2020-01-20 15:22:01.706503 | eval'd: drake::cmq_buildtargetmetadepsspecht_is_subtargetconfig
2020-01-20 15:22:02.823696 | > DO_CALL (0.001s wait)
.2020-01-20 15:22:02.829412 | eval'd: drake::cmq_buildtargetmetadepsspecht_is_subtargetconfig
2020-01-20 15:22:03.945673 | > DO_CALL (0.001s wait)
.2020-01-20 15:22:03.951936 | eval'd: drake::cmq_buildtargetmetadepsspecht_is_subtargetconfig
2020-01-20 15:22:06.356626 | > DO_CALL (0.001s wait)
.2020-01-20 15:22:06.362360 | eval'd: drake::cmq_buildtargetmetadepsspecht_is_subtargetconfig
2020-01-20 15:22:07.524605 | > DO_CALL (0.001s wait)
.2020-01-20 15:22:07.530553 | eval'd: drake::cmq_buildtargetmetadepsspecht_is_subtargetconfig
2020-01-20 15:22:08.659453 | > DO_CALL (0.001s wait)
.2020-01-20 15:22:08.664110 | eval'd: drake::cmq_buildtargetmetadepsspecht_is_subtargetconfig
2020-01-20 15:22:09.789595 | > DO_CALL (0.001s wait)
.2020-01-20 15:22:09.795305 | eval'd: drake::cmq_buildtargetmetadepsspecht_is_subtargetconfig
2020-01-20 15:22:10.892626 | > DO_CALL (0.001s wait)
.2020-01-20 15:22:10.898361 | eval'd: drake::cmq_buildtargetmetadepsspecht_is_subtargetconfig
2020-01-20 15:22:13.294742 | > DO_CALL (0.001s wait)
.2020-01-20 15:22:13.300496 | eval'd: drake::cmq_buildtargetmetadepsspecht_is_subtargetconfig
2020-01-20 15:22:14.425722 | > DO_CALL (0.001s wait)
.2020-01-20 15:22:14.431460 | eval'd: drake::cmq_buildtargetmetadepsspecht_is_subtargetconfig
2020-01-20 15:22:15.569363 | > DO_CALL (0.001s wait)
.2020-01-20 15:22:15.573475 | eval'd: drake::cmq_buildtargetmetadepsspecht_is_subtargetconfig
2020-01-20 15:22:16.684755 | > DO_CALL (0.001s wait)
.2020-01-20 15:22:16.690414 | eval'd: drake::cmq_buildtargetmetadepsspecht_is_subtargetconfig
2020-01-20 15:22:17.679376 | > WORKER_WAIT (0.000s wait)
2020-01-20 15:22:17.679811 | waiting 0.75s
2020-01-20 15:22:25.268545 | > WORKER_WAIT (0.000s wait)
2020-01-20 15:22:25.269624 | waiting 0.75s
2020-01-20 15:22:32.555194 | > WORKER_WAIT (0.001s wait)
2020-01-20 15:22:32.555620 | waiting 0.75s
2020-01-20 15:26:40.905993 | > WORKER_STOP (0.000s wait)
2020-01-20 15:26:40.907773 | shutting down worker
2020-01-20 15:26:43.023920 | 
Total: 425 in 5727.78s [user], 581.27s [system], 19306.71s [elapsed]
