2020-08-01 13:51:18.124200 | Master: tcp://c3a-s3.ufhpc:9532
2020-08-01 13:51:18.161040 | WORKER_UP to: tcp://c3a-s3.ufhpc:9532
2020-08-01 13:51:22.525904 | > DO_SETUP (3.952s wait)
2020-08-01 13:51:22.526427 | token from msg: set_common_data_token
2020-08-01 13:51:27.140962 | > DO_CALL (1.211s wait)
* Option 'clustermq.scheduler' not set, defaulting to ‘SLURM’
--- see: https://mschubert.github.io/clustermq/articles/userguide.html#configuration
2020-08-01 13:51:37.386498 | eval'd: drake::cmq_buildtargetmetadepsspecconfig_tmpconfig
2020-08-01 13:51:38.602263 | > DO_CALL (0.270s wait)
2020-08-01 13:51:44.526116 | eval'd: drake::cmq_buildtargetmetadepsspecconfig_tmpconfig
2020-08-01 13:51:46.005792 | > DO_CALL (0.267s wait)
2020-08-01 13:51:55.853199 | eval'd: drake::cmq_buildtargetmetadepsspecconfig_tmpconfig
2020-08-01 13:51:57.089483 | > DO_CALL (0.270s wait)
2020-08-01 13:51:57.766530 | eval'd: drake::cmq_buildtargetmetadepsspecconfig_tmpconfig
2020-08-01 13:51:59.233498 | > DO_CALL (0.252s wait)
2020-08-01 13:56:25.332836 | eval'd: drake::cmq_buildtargetmetadepsspecconfig_tmpconfig
2020-08-01 13:56:27.490943 | > DO_CALL (0.385s wait)
2020-08-01 13:56:32.457192 | eval'd: drake::cmq_buildtargetmetadepsspecconfig_tmpconfig
2020-08-01 13:56:33.231113 | > DO_CALL (0.235s wait)
2020-08-01 13:56:52.732767 | eval'd: drake::cmq_buildtargetmetadepsspecconfig_tmpconfig
2020-08-01 13:56:53.731864 | > DO_CALL (0.252s wait)
2020-08-01 13:57:01.778102 | eval'd: drake::cmq_buildtargetmetadepsspecconfig_tmpconfig
2020-08-01 13:57:02.626888 | > DO_CALL (0.248s wait)
2020-08-01 13:57:30.104721 | eval'd: drake::cmq_buildtargetmetadepsspecconfig_tmpconfig
2020-08-01 13:57:31.096717 | > DO_CALL (0.255s wait)
2020-08-01 13:57:33.767603 | eval'd: drake::cmq_buildtargetmetadepsspecconfig_tmpconfig
2020-08-01 13:57:34.496324 | > DO_CALL (0.254s wait)
2020-08-01 13:57:39.807881 | eval'd: drake::cmq_buildtargetmetadepsspecconfig_tmpconfig
2020-08-01 13:57:40.728615 | > DO_CALL (0.255s wait)
2020-08-01 13:57:55.200002 | eval'd: drake::cmq_buildtargetmetadepsspecconfig_tmpconfig
2020-08-01 13:57:56.942440 | > DO_CALL (0.268s wait)
2020-08-01 13:58:01.321203 | eval'd: drake::cmq_buildtargetmetadepsspecconfig_tmpconfig
2020-08-01 13:58:02.209915 | > DO_CALL (0.256s wait)
2020-08-01 13:58:05.642135 | eval'd: drake::cmq_buildtargetmetadepsspecconfig_tmpconfig
2020-08-01 13:58:06.712596 | > DO_CALL (0.374s wait)
2020-08-01 13:58:22.504093 | eval'd: drake::cmq_buildtargetmetadepsspecconfig_tmpconfig
2020-08-01 13:58:23.347471 | > DO_CALL (0.262s wait)
2020-08-01 13:58:26.527005 | eval'd: drake::cmq_buildtargetmetadepsspecconfig_tmpconfig
2020-08-01 13:58:27.474167 | > DO_CALL (0.392s wait)
2020-08-01 13:58:37.859386 | eval'd: drake::cmq_buildtargetmetadepsspecconfig_tmpconfig
2020-08-01 13:58:39.745945 | > DO_CALL (0.265s wait)
2020-08-01 13:58:42.143525 | eval'd: drake::cmq_buildtargetmetadepsspecconfig_tmpconfig
2020-08-01 13:58:43.196290 | > DO_CALL (0.370s wait)
2020-08-01 13:58:51.731826 | eval'd: drake::cmq_buildtargetmetadepsspecconfig_tmpconfig
2020-08-01 13:58:53.360555 | > DO_CALL (0.272s wait)
2020-08-01 13:58:55.162169 | eval'd: drake::cmq_buildtargetmetadepsspecconfig_tmpconfig
2020-08-01 13:58:56.073633 | > DO_CALL (0.268s wait)
2020-08-01 13:58:58.119069 | eval'd: drake::cmq_buildtargetmetadepsspecconfig_tmpconfig
2020-08-01 13:58:59.067176 | > DO_CALL (0.253s wait)
2020-08-01 13:58:59.663254 | eval'd: drake::cmq_buildtargetmetadepsspecconfig_tmpconfig
2020-08-01 13:59:00.564273 | > DO_CALL (0.264s wait)
2020-08-01 14:00:10.238575 | eval'd: drake::cmq_buildtargetmetadepsspecconfig_tmpconfig
2020-08-01 14:00:11.611704 | > DO_CALL (0.268s wait)
2020-08-01 14:00:14.156089 | eval'd: drake::cmq_buildtargetmetadepsspecconfig_tmpconfig
2020-08-01 14:00:14.938361 | > DO_CALL (0.256s wait)
2020-08-01 14:00:17.594739 | eval'd: drake::cmq_buildtargetmetadepsspecconfig_tmpconfig
2020-08-01 14:00:18.690183 | > DO_CALL (0.254s wait)
2020-08-01 14:00:21.338643 | eval'd: drake::cmq_buildtargetmetadepsspecconfig_tmpconfig
2020-08-01 14:00:22.730712 | > DO_CALL (0.278s wait)
2020-08-01 14:00:30.164891 | eval'd: drake::cmq_buildtargetmetadepsspecconfig_tmpconfig
2020-08-01 14:00:31.116207 | > DO_CALL (0.251s wait)
2020-08-01 14:00:37.134423 | eval'd: drake::cmq_buildtargetmetadepsspecconfig_tmpconfig
2020-08-01 14:00:38.248993 | > DO_CALL (0.255s wait)
2020-08-01 14:00:48.493014 | eval'd: drake::cmq_buildtargetmetadepsspecconfig_tmpconfig
2020-08-01 14:00:49.449409 | > DO_CALL (0.251s wait)
2020-08-01 14:00:51.395039 | eval'd: drake::cmq_buildtargetmetadepsspecconfig_tmpconfig
2020-08-01 14:00:52.948605 | > DO_CALL (0.379s wait)
2020-08-01 14:01:00.872601 | eval'd: drake::cmq_buildtargetmetadepsspecconfig_tmpconfig
2020-08-01 14:01:01.884955 | > DO_CALL (0.363s wait)
2020-08-01 14:01:03.406048 | eval'd: drake::cmq_buildtargetmetadepsspecconfig_tmpconfig
2020-08-01 14:01:04.526864 | > DO_CALL (0.256s wait)
2020-08-01 14:01:08.243300 | eval'd: drake::cmq_buildtargetmetadepsspecconfig_tmpconfig
2020-08-01 14:01:09.953786 | > DO_CALL (0.273s wait)
2020-08-01 14:01:13.428440 | eval'd: drake::cmq_buildtargetmetadepsspecconfig_tmpconfig
2020-08-01 14:01:14.677531 | > DO_CALL (0.251s wait)
2020-08-01 14:01:21.467333 | eval'd: drake::cmq_buildtargetmetadepsspecconfig_tmpconfig
2020-08-01 14:01:23.053516 | > DO_CALL (0.370s wait)
2020-08-01 14:01:23.723538 | eval'd: drake::cmq_buildtargetmetadepsspecconfig_tmpconfig
2020-08-01 14:01:25.125728 | > DO_CALL (0.261s wait)
2020-08-01 14:01:28.807969 | eval'd: drake::cmq_buildtargetmetadepsspecconfig_tmpconfig
2020-08-01 14:01:30.219447 | > DO_CALL (0.365s wait)
2020-08-01 14:02:14.091197 | eval'd: drake::cmq_buildtargetmetadepsspecconfig_tmpconfig
2020-08-01 14:02:15.532798 | > DO_CALL (0.265s wait)
2020-08-01 14:02:19.414710 | eval'd: drake::cmq_buildtargetmetadepsspecconfig_tmpconfig
2020-08-01 14:02:19.656638 | > DO_CALL (0.027s wait)
2020-08-01 14:02:21.322990 | eval'd: drake::cmq_buildtargetmetadepsspecconfig_tmpconfig
2020-08-01 14:02:21.471241 | > DO_CALL (0.013s wait)
2020-08-01 14:02:23.469722 | eval'd: drake::cmq_buildtargetmetadepsspecconfig_tmpconfig
2020-08-01 14:02:23.631437 | > DO_CALL (0.001s wait)
2020-08-01 14:02:24.621739 | eval'd: drake::cmq_buildtargetmetadepsspecconfig_tmpconfig
2020-08-01 14:02:24.901485 | > DO_CALL (0.001s wait)
2020-08-01 14:02:25.900968 | eval'd: drake::cmq_buildtargetmetadepsspecconfig_tmpconfig
2020-08-01 14:02:26.166144 | > DO_CALL (0.000s wait)
2020-08-01 14:02:27.146530 | eval'd: drake::cmq_buildtargetmetadepsspecconfig_tmpconfig
2020-08-01 14:02:27.331495 | > DO_CALL (0.020s wait)
2020-08-01 14:02:29.021600 | eval'd: drake::cmq_buildtargetmetadepsspecconfig_tmpconfig
2020-08-01 14:02:29.595575 | > DO_CALL (0.015s wait)
2020-08-01 14:02:31.206243 | eval'd: drake::cmq_buildtargetmetadepsspecconfig_tmpconfig
2020-08-01 14:02:31.626514 | > DO_CALL (0.007s wait)
2020-08-01 14:02:32.944700 | eval'd: drake::cmq_buildtargetmetadepsspecconfig_tmpconfig
2020-08-01 14:02:33.323599 | > DO_CALL (0.015s wait)
2020-08-01 14:02:34.846843 | eval'd: drake::cmq_buildtargetmetadepsspecconfig_tmpconfig
2020-08-01 14:02:35.288703 | > DO_CALL (0.000s wait)
2020-08-01 14:02:36.334075 | eval'd: drake::cmq_buildtargetmetadepsspecconfig_tmpconfig
2020-08-01 14:02:36.703099 | > DO_CALL (0.000s wait)
2020-08-01 14:02:37.684055 | eval'd: drake::cmq_buildtargetmetadepsspecconfig_tmpconfig
2020-08-01 14:02:38.042664 | > DO_CALL (0.000s wait)
2020-08-01 14:02:39.055193 | eval'd: drake::cmq_buildtargetmetadepsspecconfig_tmpconfig
2020-08-01 14:02:39.371969 | > DO_CALL (0.017s wait)
2020-08-01 14:02:40.969156 | eval'd: drake::cmq_buildtargetmetadepsspecconfig_tmpconfig
2020-08-01 14:02:41.877090 | > DO_CALL (0.013s wait)
2020-08-01 14:02:43.486955 | eval'd: drake::cmq_buildtargetmetadepsspecconfig_tmpconfig
2020-08-01 14:02:43.747244 | > DO_CALL (0.013s wait)
2020-08-01 14:02:45.321403 | eval'd: drake::cmq_buildtargetmetadepsspecconfig_tmpconfig
2020-08-01 14:02:45.568359 | > DO_CALL (0.014s wait)
2020-08-01 14:02:47.169913 | eval'd: drake::cmq_buildtargetmetadepsspecconfig_tmpconfig
2020-08-01 14:02:47.257187 | > DO_CALL (0.000s wait)
2020-08-01 14:02:48.260373 | eval'd: drake::cmq_buildtargetmetadepsspecconfig_tmpconfig
2020-08-01 14:02:48.640467 | > DO_CALL (0.026s wait)
2020-08-01 14:02:50.244352 | eval'd: drake::cmq_buildtargetmetadepsspecconfig_tmpconfig
2020-08-01 14:02:51.133450 | > DO_CALL (0.001s wait)
2020-08-01 14:02:52.063000 | eval'd: drake::cmq_buildtargetmetadepsspecconfig_tmpconfig
2020-08-01 14:02:52.776167 | > DO_CALL (0.018s wait)
2020-08-01 14:02:54.409073 | eval'd: drake::cmq_buildtargetmetadepsspecconfig_tmpconfig
2020-08-01 14:02:54.879596 | > DO_CALL (0.005s wait)
2020-08-01 14:02:56.156819 | eval'd: drake::cmq_buildtargetmetadepsspecconfig_tmpconfig
2020-08-01 14:02:56.303295 | > DO_CALL (0.001s wait)
2020-08-01 14:02:57.333012 | eval'd: drake::cmq_buildtargetmetadepsspecconfig_tmpconfig
2020-08-01 14:02:57.780428 | > DO_CALL (0.001s wait)
2020-08-01 14:02:58.826116 | eval'd: drake::cmq_buildtargetmetadepsspecconfig_tmpconfig
2020-08-01 14:02:58.924719 | > DO_CALL (0.000s wait)
2020-08-01 14:02:59.958398 | eval'd: drake::cmq_buildtargetmetadepsspecconfig_tmpconfig
2020-08-01 14:03:00.356069 | > DO_CALL (0.000s wait)
2020-08-01 14:03:01.409514 | eval'd: drake::cmq_buildtargetmetadepsspecconfig_tmpconfig
2020-08-01 14:03:01.495980 | > DO_CALL (0.000s wait)
2020-08-01 14:03:02.500334 | eval'd: drake::cmq_buildtargetmetadepsspecconfig_tmpconfig
2020-08-01 14:03:02.919430 | > DO_CALL (0.001s wait)
2020-08-01 14:03:03.983463 | eval'd: drake::cmq_buildtargetmetadepsspecconfig_tmpconfig
2020-08-01 14:03:04.854555 | > DO_CALL (0.000s wait)
2020-08-01 14:03:05.850754 | eval'd: drake::cmq_buildtargetmetadepsspecconfig_tmpconfig
2020-08-01 14:03:06.875018 | > DO_CALL (0.015s wait)
2020-08-01 14:03:08.492440 | eval'd: drake::cmq_buildtargetmetadepsspecconfig_tmpconfig
2020-08-01 14:03:08.784143 | > DO_CALL (0.024s wait)
2020-08-01 14:03:10.487539 | eval'd: drake::cmq_buildtargetmetadepsspecconfig_tmpconfig
2020-08-01 14:03:10.797667 | > DO_CALL (0.025s wait)
2020-08-01 14:03:12.499202 | eval'd: drake::cmq_buildtargetmetadepsspecconfig_tmpconfig
2020-08-01 14:03:13.356251 | > DO_CALL (0.001s wait)
2020-08-01 14:03:14.404715 | eval'd: drake::cmq_buildtargetmetadepsspecconfig_tmpconfig
2020-08-01 14:03:15.286755 | > DO_CALL (0.009s wait)
2020-08-01 14:03:16.952027 | eval'd: drake::cmq_buildtargetmetadepsspecconfig_tmpconfig
2020-08-01 14:03:17.500856 | > DO_CALL (0.017s wait)
2020-08-01 14:03:19.156911 | eval'd: drake::cmq_buildtargetmetadepsspecconfig_tmpconfig
2020-08-01 14:03:19.658033 | > DO_CALL (0.002s wait)
2020-08-01 14:03:20.808216 | eval'd: drake::cmq_buildtargetmetadepsspecconfig_tmpconfig
2020-08-01 14:03:21.333046 | > DO_CALL (0.001s wait)
2020-08-01 14:03:22.435748 | eval'd: drake::cmq_buildtargetmetadepsspecconfig_tmpconfig
2020-08-01 14:03:23.095398 | > DO_CALL (0.038s wait)
2020-08-01 14:03:24.837785 | eval'd: drake::cmq_buildtargetmetadepsspecconfig_tmpconfig
2020-08-01 14:03:25.763923 | > DO_CALL (0.000s wait)
2020-08-01 14:03:26.874945 | eval'd: drake::cmq_buildtargetmetadepsspecconfig_tmpconfig
2020-08-01 14:03:28.457671 | > DO_CALL (0.016s wait)
2020-08-01 14:03:30.121340 | eval'd: drake::cmq_buildtargetmetadepsspecconfig_tmpconfig
2020-08-01 14:03:30.612808 | > DO_CALL (0.029s wait)
2020-08-01 14:03:32.330090 | eval'd: drake::cmq_buildtargetmetadepsspecconfig_tmpconfig
2020-08-01 14:03:32.565964 | > DO_CALL (0.000s wait)
2020-08-01 14:03:33.618816 | eval'd: drake::cmq_buildtargetmetadepsspecconfig_tmpconfig
2020-08-01 14:03:33.767732 | > DO_CALL (0.000s wait)
2020-08-01 14:03:34.788262 | eval'd: drake::cmq_buildtargetmetadepsspecconfig_tmpconfig
2020-08-01 14:03:35.236072 | > DO_CALL (0.007s wait)
2020-08-01 14:03:36.866060 | eval'd: drake::cmq_buildtargetmetadepsspecconfig_tmpconfig
2020-08-01 14:03:37.259771 | > DO_CALL (0.000s wait)
2020-08-01 14:03:38.320749 | eval'd: drake::cmq_buildtargetmetadepsspecconfig_tmpconfig
2020-08-01 14:03:38.755085 | > DO_CALL (0.007s wait)
2020-08-01 14:03:40.336173 | eval'd: drake::cmq_buildtargetmetadepsspecconfig_tmpconfig
2020-08-01 14:03:40.808411 | > DO_CALL (0.020s wait)
2020-08-01 14:03:42.413767 | eval'd: drake::cmq_buildtargetmetadepsspecconfig_tmpconfig
2020-08-01 14:03:42.844147 | > DO_CALL (0.017s wait)
2020-08-01 14:03:44.916738 | eval'd: drake::cmq_buildtargetmetadepsspecconfig_tmpconfig
2020-08-01 14:03:45.489185 | > DO_CALL (0.000s wait)
2020-08-01 14:03:46.540186 | eval'd: drake::cmq_buildtargetmetadepsspecconfig_tmpconfig
2020-08-01 14:03:47.447902 | > DO_CALL (0.000s wait)
2020-08-01 14:03:48.479002 | eval'd: drake::cmq_buildtargetmetadepsspecconfig_tmpconfig
2020-08-01 14:03:48.884578 | > DO_CALL (0.001s wait)
2020-08-01 14:03:49.970494 | eval'd: drake::cmq_buildtargetmetadepsspecconfig_tmpconfig
2020-08-01 14:03:50.326306 | > DO_CALL (0.001s wait)
2020-08-01 14:03:51.381911 | eval'd: drake::cmq_buildtargetmetadepsspecconfig_tmpconfig
2020-08-01 14:03:51.916457 | > DO_CALL (0.027s wait)
2020-08-01 14:03:53.673734 | eval'd: drake::cmq_buildtargetmetadepsspecconfig_tmpconfig
2020-08-01 14:03:54.246502 | > DO_CALL (0.009s wait)
2020-08-01 14:03:55.932027 | eval'd: drake::cmq_buildtargetmetadepsspecconfig_tmpconfig
2020-08-01 14:03:56.316414 | > DO_CALL (0.002s wait)
2020-08-01 14:03:57.458057 | eval'd: drake::cmq_buildtargetmetadepsspecconfig_tmpconfig
2020-08-01 14:03:57.730148 | > DO_CALL (0.000s wait)
2020-08-01 14:03:58.851189 | eval'd: drake::cmq_buildtargetmetadepsspecconfig_tmpconfig
2020-08-01 14:03:59.578690 | > DO_CALL (0.001s wait)
2020-08-01 14:04:00.695557 | eval'd: drake::cmq_buildtargetmetadepsspecconfig_tmpconfig
2020-08-01 14:04:00.823225 | > DO_CALL (0.001s wait)
2020-08-01 14:04:01.823559 | eval'd: drake::cmq_buildtargetmetadepsspecconfig_tmpconfig
2020-08-01 14:04:02.493908 | > DO_CALL (0.000s wait)
2020-08-01 14:04:03.521902 | eval'd: drake::cmq_buildtargetmetadepsspecconfig_tmpconfig
2020-08-01 14:04:04.553166 | > DO_CALL (0.021s wait)
2020-08-01 14:04:06.249954 | eval'd: drake::cmq_buildtargetmetadepsspecconfig_tmpconfig
2020-08-01 14:04:06.603024 | > DO_CALL (0.001s wait)
2020-08-01 14:04:07.708996 | eval'd: drake::cmq_buildtargetmetadepsspecconfig_tmpconfig
2020-08-01 14:04:08.320450 | > DO_CALL (0.014s wait)
2020-08-01 14:04:09.969269 | eval'd: drake::cmq_buildtargetmetadepsspecconfig_tmpconfig
2020-08-01 14:04:10.526115 | > DO_CALL (0.000s wait)
2020-08-01 14:04:11.576803 | eval'd: drake::cmq_buildtargetmetadepsspecconfig_tmpconfig
2020-08-01 14:04:11.991775 | > DO_CALL (0.002s wait)
2020-08-01 14:04:13.159455 | eval'd: drake::cmq_buildtargetmetadepsspecconfig_tmpconfig
2020-08-01 14:04:13.854356 | > DO_CALL (0.002s wait)
2020-08-01 14:04:14.905802 | eval'd: drake::cmq_buildtargetmetadepsspecconfig_tmpconfig
2020-08-01 14:04:15.313707 | > DO_CALL (0.000s wait)
2020-08-01 14:04:16.353430 | eval'd: drake::cmq_buildtargetmetadepsspecconfig_tmpconfig
2020-08-01 14:04:17.044705 | > DO_CALL (0.000s wait)
2020-08-01 14:04:18.057315 | eval'd: drake::cmq_buildtargetmetadepsspecconfig_tmpconfig
2020-08-01 14:04:18.496819 | > DO_CALL (0.001s wait)
2020-08-01 14:04:19.548243 | eval'd: drake::cmq_buildtargetmetadepsspecconfig_tmpconfig
2020-08-01 14:04:20.196207 | > DO_CALL (0.006s wait)
2020-08-01 14:04:21.597478 | eval'd: drake::cmq_buildtargetmetadepsspecconfig_tmpconfig
2020-08-01 14:04:22.427770 | > DO_CALL (0.039s wait)
2020-08-01 14:04:24.144663 | eval'd: drake::cmq_buildtargetmetadepsspecconfig_tmpconfig
2020-08-01 14:04:24.625573 | > DO_CALL (0.000s wait)
2020-08-01 14:04:25.696439 | eval'd: drake::cmq_buildtargetmetadepsspecconfig_tmpconfig
2020-08-01 14:04:26.650336 | > DO_CALL (0.005s wait)
2020-08-01 14:04:27.852925 | eval'd: drake::cmq_buildtargetmetadepsspecconfig_tmpconfig
2020-08-01 14:04:28.271010 | > DO_CALL (0.000s wait)
2020-08-01 14:04:29.363696 | eval'd: drake::cmq_buildtargetmetadepsspecconfig_tmpconfig
2020-08-01 14:04:30.124044 | > DO_CALL (0.000s wait)
2020-08-01 14:04:31.251219 | eval'd: drake::cmq_buildtargetmetadepsspecconfig_tmpconfig
2020-08-01 14:04:32.003866 | > DO_CALL (0.000s wait)
2020-08-01 14:04:33.107246 | eval'd: drake::cmq_buildtargetmetadepsspecconfig_tmpconfig
2020-08-01 14:04:33.543202 | > DO_CALL (0.015s wait)
2020-08-01 14:04:35.240701 | eval'd: drake::cmq_buildtargetmetadepsspecconfig_tmpconfig
2020-08-01 14:04:35.475486 | > DO_CALL (0.001s wait)
2020-08-01 14:04:36.542285 | eval'd: drake::cmq_buildtargetmetadepsspecconfig_tmpconfig
2020-08-01 14:04:36.894638 | > DO_CALL (0.000s wait)
2020-08-01 14:04:37.970503 | eval'd: drake::cmq_buildtargetmetadepsspecconfig_tmpconfig
2020-08-01 14:04:38.576208 | > DO_CALL (0.025s wait)
2020-08-01 14:04:40.324135 | eval'd: drake::cmq_buildtargetmetadepsspecconfig_tmpconfig
2020-08-01 14:04:40.705620 | > DO_CALL (0.019s wait)
2020-08-01 14:04:42.340788 | eval'd: drake::cmq_buildtargetmetadepsspecconfig_tmpconfig
2020-08-01 14:04:42.926207 | > DO_CALL (0.009s wait)
2020-08-01 14:04:44.653455 | eval'd: drake::cmq_buildtargetmetadepsspecconfig_tmpconfig
2020-08-01 14:04:44.913580 | > DO_CALL (0.000s wait)
Joining, by = c("dat", "site", "s0", "n0")
2020-08-01 14:04:45.605604 | eval'd: drake::cmq_buildtargetmetadepsspecconfig_tmpconfig
2020-08-01 14:04:46.039777 | > DO_CALL (0.001s wait)
Joining, by = c("dat", "site", "s0", "n0")
2020-08-01 14:04:47.111036 | eval'd: drake::cmq_buildtargetmetadepsspecconfig_tmpconfig
2020-08-01 14:04:47.309345 | > DO_CALL (0.001s wait)
Joining, by = c("dat", "site", "s0", "n0")
2020-08-01 14:04:48.040398 | eval'd: drake::cmq_buildtargetmetadepsspecconfig_tmpconfig
2020-08-01 14:04:48.387450 | > DO_CALL (0.001s wait)
Joining, by = c("dat", "site", "s0", "n0")
2020-08-01 14:04:49.108781 | eval'd: drake::cmq_buildtargetmetadepsspecconfig_tmpconfig
2020-08-01 14:04:49.477672 | > DO_CALL (0.000s wait)
Joining, by = c("dat", "site", "s0", "n0")
2020-08-01 14:04:50.203777 | eval'd: drake::cmq_buildtargetmetadepsspecconfig_tmpconfig
2020-08-01 14:04:50.575009 | > DO_CALL (0.002s wait)
Joining, by = c("dat", "site", "s0", "n0")
2020-08-01 14:04:51.288055 | eval'd: drake::cmq_buildtargetmetadepsspecconfig_tmpconfig
2020-08-01 14:04:51.688815 | > DO_CALL (0.002s wait)
Joining, by = c("dat", "site", "s0", "n0")
2020-08-01 14:04:52.396757 | eval'd: drake::cmq_buildtargetmetadepsspecconfig_tmpconfig
2020-08-01 14:04:52.767328 | > DO_CALL (0.003s wait)
Joining, by = c("dat", "site", "s0", "n0")
2020-08-01 14:04:53.438591 | eval'd: drake::cmq_buildtargetmetadepsspecconfig_tmpconfig
2020-08-01 14:04:53.982652 | > DO_CALL (0.002s wait)
Joining, by = c("dat", "site", "s0", "n0")
2020-08-01 14:04:54.688791 | eval'd: drake::cmq_buildtargetmetadepsspecconfig_tmpconfig
2020-08-01 14:04:55.096021 | > DO_CALL (0.002s wait)
Joining, by = c("dat", "site", "s0", "n0")
2020-08-01 14:04:55.801781 | eval'd: drake::cmq_buildtargetmetadepsspecconfig_tmpconfig
2020-08-01 14:04:56.320352 | > DO_CALL (0.003s wait)
Joining, by = c("dat", "site", "s0", "n0")
2020-08-01 14:04:57.070227 | eval'd: drake::cmq_buildtargetmetadepsspecconfig_tmpconfig
2020-08-01 14:04:57.691692 | > DO_CALL (0.002s wait)
Joining, by = c("dat", "site", "s0", "n0")
2020-08-01 14:04:58.386725 | eval'd: drake::cmq_buildtargetmetadepsspecconfig_tmpconfig
2020-08-01 14:04:58.665606 | > DO_CALL (0.002s wait)
Joining, by = c("dat", "site", "s0", "n0")
2020-08-01 14:04:59.358342 | eval'd: drake::cmq_buildtargetmetadepsspecconfig_tmpconfig
2020-08-01 14:04:59.747982 | > DO_CALL (0.001s wait)
Joining, by = c("dat", "site", "s0", "n0")
2020-08-01 14:05:00.445439 | eval'd: drake::cmq_buildtargetmetadepsspecconfig_tmpconfig
2020-08-01 14:05:00.797030 | > DO_CALL (0.002s wait)
Joining, by = c("dat", "site", "s0", "n0")
2020-08-01 14:05:01.499289 | eval'd: drake::cmq_buildtargetmetadepsspecconfig_tmpconfig
2020-08-01 14:05:02.012147 | > DO_CALL (0.000s wait)
Joining, by = c("dat", "site", "s0", "n0")
2020-08-01 14:05:02.703667 | eval'd: drake::cmq_buildtargetmetadepsspecconfig_tmpconfig
2020-08-01 14:05:02.906517 | > DO_CALL (0.001s wait)
Joining, by = c("dat", "site", "s0", "n0")
2020-08-01 14:05:03.608667 | eval'd: drake::cmq_buildtargetmetadepsspecconfig_tmpconfig
2020-08-01 14:05:03.975412 | > DO_CALL (0.002s wait)
Joining, by = c("dat", "site", "s0", "n0")
2020-08-01 14:05:04.644358 | eval'd: drake::cmq_buildtargetmetadepsspecconfig_tmpconfig
2020-08-01 14:05:05.073358 | > DO_CALL (0.002s wait)
Joining, by = c("dat", "site", "s0", "n0")
2020-08-01 14:05:05.774753 | eval'd: drake::cmq_buildtargetmetadepsspecconfig_tmpconfig
2020-08-01 14:05:06.144354 | > DO_CALL (0.001s wait)
Joining, by = c("dat", "site", "s0", "n0")
2020-08-01 14:05:06.837382 | eval'd: drake::cmq_buildtargetmetadepsspecconfig_tmpconfig
2020-08-01 14:05:07.196909 | > DO_CALL (0.000s wait)
Joining, by = c("dat", "site", "s0", "n0")
2020-08-01 14:05:07.893071 | eval'd: drake::cmq_buildtargetmetadepsspecconfig_tmpconfig
2020-08-01 14:05:08.240533 | > DO_CALL (0.000s wait)
Joining, by = c("dat", "site", "s0", "n0")
2020-08-01 14:05:08.929568 | eval'd: drake::cmq_buildtargetmetadepsspecconfig_tmpconfig
2020-08-01 14:05:09.307714 | > DO_CALL (0.000s wait)
Joining, by = c("dat", "site", "s0", "n0")
2020-08-01 14:05:10.002667 | eval'd: drake::cmq_buildtargetmetadepsspecconfig_tmpconfig
2020-08-01 14:05:10.276898 | > DO_CALL (0.000s wait)
Joining, by = c("dat", "site", "s0", "n0")
2020-08-01 14:05:10.974688 | eval'd: drake::cmq_buildtargetmetadepsspecconfig_tmpconfig
2020-08-01 14:05:11.352017 | > DO_CALL (0.000s wait)
Joining, by = c("dat", "site", "s0", "n0")
2020-08-01 14:05:12.108106 | eval'd: drake::cmq_buildtargetmetadepsspecconfig_tmpconfig
2020-08-01 14:05:12.413211 | > DO_CALL (0.001s wait)
Joining, by = c("dat", "site", "s0", "n0")
2020-08-01 14:05:13.117072 | eval'd: drake::cmq_buildtargetmetadepsspecconfig_tmpconfig
2020-08-01 14:05:13.548162 | > DO_CALL (0.002s wait)
Joining, by = c("dat", "site", "s0", "n0")
2020-08-01 14:05:14.237070 | eval'd: drake::cmq_buildtargetmetadepsspecconfig_tmpconfig
2020-08-01 14:05:14.720592 | > DO_CALL (0.001s wait)
Joining, by = c("dat", "site", "s0", "n0")
2020-08-01 14:05:15.404981 | eval'd: drake::cmq_buildtargetmetadepsspecconfig_tmpconfig
2020-08-01 14:05:15.879411 | > DO_CALL (0.002s wait)
Joining, by = c("dat", "site", "s0", "n0")
2020-08-01 14:05:16.564188 | eval'd: drake::cmq_buildtargetmetadepsspecconfig_tmpconfig
2020-08-01 14:05:17.041628 | > DO_CALL (0.003s wait)
Joining, by = c("dat", "site", "s0", "n0")
2020-08-01 14:05:17.714510 | eval'd: drake::cmq_buildtargetmetadepsspecconfig_tmpconfig
2020-08-01 14:05:18.323502 | > DO_CALL (0.003s wait)
Joining, by = c("dat", "site", "s0", "n0")
2020-08-01 14:05:18.999544 | eval'd: drake::cmq_buildtargetmetadepsspecconfig_tmpconfig
2020-08-01 14:05:19.623462 | > DO_CALL (0.003s wait)
Joining, by = c("dat", "site", "s0", "n0")
2020-08-01 14:05:20.285162 | eval'd: drake::cmq_buildtargetmetadepsspecconfig_tmpconfig
2020-08-01 14:05:21.401221 | > DO_CALL (0.001s wait)
Joining, by = c("dat", "site", "s0", "n0")
2020-08-01 14:05:22.076066 | eval'd: drake::cmq_buildtargetmetadepsspecconfig_tmpconfig
2020-08-01 14:05:22.728094 | > DO_CALL (0.000s wait)
Joining, by = c("dat", "site", "s0", "n0")
2020-08-01 14:05:23.398120 | eval'd: drake::cmq_buildtargetmetadepsspecconfig_tmpconfig
2020-08-01 14:05:24.058211 | > DO_CALL (0.001s wait)
Joining, by = c("dat", "site", "s0", "n0")
2020-08-01 14:05:24.727780 | eval'd: drake::cmq_buildtargetmetadepsspecconfig_tmpconfig
2020-08-01 14:05:25.353546 | > DO_CALL (0.002s wait)
Joining, by = c("dat", "site", "s0", "n0")
2020-08-01 14:05:26.028891 | eval'd: drake::cmq_buildtargetmetadepsspecconfig_tmpconfig
2020-08-01 14:05:26.742812 | > DO_CALL (0.002s wait)
Joining, by = c("dat", "site", "s0", "n0")
2020-08-01 14:05:27.414312 | eval'd: drake::cmq_buildtargetmetadepsspecconfig_tmpconfig
2020-08-01 14:05:27.975887 | > DO_CALL (0.002s wait)
Joining, by = c("dat", "site", "s0", "n0")
2020-08-01 14:05:28.661443 | eval'd: drake::cmq_buildtargetmetadepsspecconfig_tmpconfig
2020-08-01 14:05:29.330196 | > DO_CALL (0.001s wait)
Joining, by = c("dat", "site", "s0", "n0")
2020-08-01 14:05:29.995936 | eval'd: drake::cmq_buildtargetmetadepsspecconfig_tmpconfig
2020-08-01 14:05:30.686602 | > DO_CALL (0.003s wait)
Joining, by = c("dat", "site", "s0", "n0")
2020-08-01 14:05:31.346393 | eval'd: drake::cmq_buildtargetmetadepsspecconfig_tmpconfig
2020-08-01 14:05:32.078456 | > DO_CALL (0.001s wait)
Joining, by = c("dat", "site", "s0", "n0")
2020-08-01 14:05:32.738156 | eval'd: drake::cmq_buildtargetmetadepsspecconfig_tmpconfig
2020-08-01 14:05:33.489869 | > DO_CALL (0.000s wait)
Joining, by = c("dat", "site", "s0", "n0")
2020-08-01 14:05:34.136739 | eval'd: drake::cmq_buildtargetmetadepsspecconfig_tmpconfig
2020-08-01 14:05:34.775129 | > DO_CALL (0.000s wait)
Joining, by = c("dat", "site", "s0", "n0")
2020-08-01 14:05:35.439138 | eval'd: drake::cmq_buildtargetmetadepsspecconfig_tmpconfig
2020-08-01 14:05:36.124353 | > DO_CALL (0.001s wait)
Joining, by = c("dat", "site", "s0", "n0")
2020-08-01 14:05:36.782593 | eval'd: drake::cmq_buildtargetmetadepsspecconfig_tmpconfig
2020-08-01 14:05:37.517251 | > DO_CALL (0.002s wait)
Joining, by = c("dat", "site", "s0", "n0")
2020-08-01 14:05:38.171310 | eval'd: drake::cmq_buildtargetmetadepsspecconfig_tmpconfig
2020-08-01 14:05:38.932612 | > DO_CALL (0.002s wait)
Joining, by = c("dat", "site", "s0", "n0")
2020-08-01 14:05:39.596755 | eval'd: drake::cmq_buildtargetmetadepsspecconfig_tmpconfig
2020-08-01 14:05:40.211952 | > DO_CALL (0.002s wait)
Joining, by = c("dat", "site", "s0", "n0")
2020-08-01 14:05:40.859800 | eval'd: drake::cmq_buildtargetmetadepsspecconfig_tmpconfig
2020-08-01 14:05:41.562531 | > DO_CALL (0.002s wait)
Joining, by = c("dat", "site", "s0", "n0")
2020-08-01 14:05:42.213960 | eval'd: drake::cmq_buildtargetmetadepsspecconfig_tmpconfig
2020-08-01 14:05:42.945591 | > DO_CALL (0.002s wait)
Joining, by = c("dat", "site", "s0", "n0")
2020-08-01 14:05:43.546077 | eval'd: drake::cmq_buildtargetmetadepsspecconfig_tmpconfig
2020-08-01 14:05:44.284806 | > DO_CALL (0.001s wait)
Joining, by = c("dat", "site", "s0", "n0")
2020-08-01 14:05:44.923930 | eval'd: drake::cmq_buildtargetmetadepsspecconfig_tmpconfig
2020-08-01 14:05:45.651092 | > DO_CALL (0.000s wait)
Joining, by = c("dat", "site", "s0", "n0")
2020-08-01 14:05:46.276885 | eval'd: drake::cmq_buildtargetmetadepsspecconfig_tmpconfig
2020-08-01 14:05:47.010097 | > DO_CALL (0.002s wait)
Joining, by = c("dat", "site", "s0", "n0")
2020-08-01 14:05:47.656466 | eval'd: drake::cmq_buildtargetmetadepsspecconfig_tmpconfig
2020-08-01 14:05:48.363644 | > DO_CALL (0.002s wait)
Joining, by = c("dat", "site", "s0", "n0")
2020-08-01 14:05:49.003299 | eval'd: drake::cmq_buildtargetmetadepsspecconfig_tmpconfig
2020-08-01 14:05:49.674010 | > DO_CALL (0.000s wait)
Joining, by = c("dat", "site", "s0", "n0")
2020-08-01 14:05:50.317551 | eval'd: drake::cmq_buildtargetmetadepsspecconfig_tmpconfig
2020-08-01 14:05:51.008623 | > DO_CALL (0.000s wait)
Joining, by = c("dat", "site", "s0", "n0")
2020-08-01 14:05:51.679961 | eval'd: drake::cmq_buildtargetmetadepsspecconfig_tmpconfig
2020-08-01 14:05:52.388725 | > DO_CALL (0.000s wait)
Joining, by = c("dat", "site", "s0", "n0")
2020-08-01 14:05:53.038521 | eval'd: drake::cmq_buildtargetmetadepsspecconfig_tmpconfig
2020-08-01 14:05:53.707874 | > DO_CALL (0.000s wait)
Joining, by = c("dat", "site", "s0", "n0")
2020-08-01 14:05:54.349953 | eval'd: drake::cmq_buildtargetmetadepsspecconfig_tmpconfig
2020-08-01 14:05:55.010154 | > DO_CALL (0.000s wait)
Joining, by = c("dat", "site", "s0", "n0")
2020-08-01 14:05:55.654035 | eval'd: drake::cmq_buildtargetmetadepsspecconfig_tmpconfig
2020-08-01 14:05:56.332571 | > DO_CALL (0.000s wait)
Joining, by = c("dat", "site", "s0", "n0")
2020-08-01 14:05:56.970343 | eval'd: drake::cmq_buildtargetmetadepsspecconfig_tmpconfig
2020-08-01 14:05:57.685513 | > DO_CALL (0.001s wait)
Joining, by = c("dat", "site", "s0", "n0")
2020-08-01 14:05:58.318238 | eval'd: drake::cmq_buildtargetmetadepsspecconfig_tmpconfig
2020-08-01 14:05:58.960353 | > DO_CALL (0.003s wait)
Joining, by = c("dat", "site", "s0", "n0")
2020-08-01 14:05:59.592604 | eval'd: drake::cmq_buildtargetmetadepsspecconfig_tmpconfig
2020-08-01 14:06:00.346394 | > DO_CALL (0.002s wait)
Joining, by = c("dat", "site", "s0", "n0")
2020-08-01 14:06:00.983989 | eval'd: drake::cmq_buildtargetmetadepsspecconfig_tmpconfig
2020-08-01 14:06:01.685424 | > DO_CALL (0.001s wait)
Joining, by = c("dat", "site", "s0", "n0")
2020-08-01 14:06:02.320710 | eval'd: drake::cmq_buildtargetmetadepsspecconfig_tmpconfig
2020-08-01 14:06:03.074925 | > DO_CALL (0.002s wait)
Joining, by = c("dat", "site", "s0", "n0")
2020-08-01 14:06:03.716274 | eval'd: drake::cmq_buildtargetmetadepsspecconfig_tmpconfig
2020-08-01 14:06:04.408157 | > DO_CALL (0.002s wait)
Joining, by = c("dat", "site", "s0", "n0")
2020-08-01 14:06:05.067895 | eval'd: drake::cmq_buildtargetmetadepsspecconfig_tmpconfig
2020-08-01 14:06:05.744719 | > DO_CALL (0.001s wait)
Joining, by = c("dat", "site", "s0", "n0")
2020-08-01 14:06:06.403162 | eval'd: drake::cmq_buildtargetmetadepsspecconfig_tmpconfig
2020-08-01 14:06:07.129698 | > DO_CALL (0.002s wait)
Joining, by = c("dat", "site", "s0", "n0")
2020-08-01 14:06:07.797179 | eval'd: drake::cmq_buildtargetmetadepsspecconfig_tmpconfig
2020-08-01 14:06:08.473850 | > DO_CALL (0.000s wait)
Joining, by = c("dat", "site", "s0", "n0")
2020-08-01 14:06:09.155270 | eval'd: drake::cmq_buildtargetmetadepsspecconfig_tmpconfig
2020-08-01 14:06:09.802392 | > DO_CALL (0.002s wait)
Joining, by = c("dat", "site", "s0", "n0")
2020-08-01 14:06:10.482758 | eval'd: drake::cmq_buildtargetmetadepsspecconfig_tmpconfig
2020-08-01 14:06:11.141216 | > DO_CALL (0.001s wait)
Joining, by = c("dat", "site", "s0", "n0")
2020-08-01 14:06:11.810979 | eval'd: drake::cmq_buildtargetmetadepsspecconfig_tmpconfig
2020-08-01 14:06:12.479945 | > DO_CALL (0.002s wait)
Joining, by = c("dat", "site", "s0", "n0")
2020-08-01 14:06:13.164868 | eval'd: drake::cmq_buildtargetmetadepsspecconfig_tmpconfig
2020-08-01 14:06:13.836860 | > DO_CALL (0.000s wait)
Joining, by = c("dat", "site", "s0", "n0")
2020-08-01 14:06:14.518665 | eval'd: drake::cmq_buildtargetmetadepsspecconfig_tmpconfig
2020-08-01 14:06:15.160860 | > DO_CALL (0.002s wait)
Joining, by = c("dat", "site", "s0", "n0")
2020-08-01 14:06:15.831692 | eval'd: drake::cmq_buildtargetmetadepsspecconfig_tmpconfig
2020-08-01 14:06:16.487322 | > DO_CALL (0.003s wait)
Joining, by = c("dat", "site", "s0", "n0")
2020-08-01 14:06:17.173855 | eval'd: drake::cmq_buildtargetmetadepsspecconfig_tmpconfig
2020-08-01 14:06:17.863827 | > DO_CALL (0.002s wait)
Joining, by = c("dat", "site", "s0", "n0")
2020-08-01 14:06:18.536279 | eval'd: drake::cmq_buildtargetmetadepsspecconfig_tmpconfig
2020-08-01 14:06:19.409435 | > DO_CALL (0.057s wait)
2020-08-01 14:06:20.977247 | eval'd: drake::cmq_buildtargetmetadepsspecconfig_tmpconfig
2020-08-01 14:06:23.806350 | > DO_CALL (0.003s wait)
Joining, by = c("dat", "site", "s0", "n0")
2020-08-01 14:06:24.407889 | eval'd: drake::cmq_buildtargetmetadepsspecconfig_tmpconfig
2020-08-01 14:06:27.786711 | > DO_CALL (0.010s wait)
2020-08-01 14:06:27.824342 | eval'd: drake::cmq_buildtargetmetadepsspecconfig_tmpconfig
2020-08-01 14:06:27.998650 | > DO_CALL (0.003s wait)
2020-08-01 14:06:28.000692 | eval'd: drake::cmq_buildtargetmetadepsspecconfig_tmpconfig
2020-08-01 14:06:28.082522 | > WORKER_WAIT (0.000s wait)
2020-08-01 14:06:28.082938 | waiting 1.00s
2020-08-01 14:08:21.486208 | > WORKER_STOP (0.001s wait)
2020-08-01 14:08:21.493291 | shutting down worker
2020-08-01 14:08:21.878188 | 
Total: 198 in 730.91s [user], 53.89s [system], 1023.33s [elapsed]
There were 12 warnings (use warnings() to see them)
