2019-11-12 16:44:41.331309 | Master: tcp://c32a-s27:6496
2019-11-12 16:44:41.371892 | WORKER_UP to: tcp://c32a-s27:6496
2019-11-12 16:45:11.338359 | > DO_SETUP (17.154s wait)
2019-11-12 16:45:11.338942 | token from msg: set_common_data_token
2019-11-12 16:45:37.667432 | > DO_CALL (10.241s wait)
.* Option 'clustermq.scheduler' not set, defaulting to ‘SLURM’
--- see: https://mschubert.github.io/clustermq/articles/userguide.html#configuration
2019-11-12 16:45:47.031469 | eval'd: drake::cmq_buildtargetmetadepslayoutconfig
2019-11-12 16:46:16.376812 | > DO_CALL (5.754s wait)
.2019-11-12 16:46:23.941465 | eval'd: drake::cmq_buildtargetmetadepslayoutconfig
2019-11-12 16:47:00.420466 | > DO_CALL (5.703s wait)
.2019-11-12 16:47:09.097061 | eval'd: drake::cmq_buildtargetmetadepslayoutconfig
2019-11-12 16:47:44.259579 | > DO_CALL (5.678s wait)
.2019-11-12 16:47:45.687465 | eval'd: drake::cmq_buildtargetmetadepslayoutconfig
2019-11-12 16:48:28.086300 | > DO_CALL (5.623s wait)
.2019-11-12 16:48:30.072596 | eval'd: drake::cmq_buildtargetmetadepslayoutconfig
2019-11-12 16:49:13.220012 | > DO_CALL (6.951s wait)
.2019-11-12 16:49:21.332994 | eval'd: drake::cmq_buildtargetmetadepslayoutconfig
2019-11-12 16:49:54.692741 | > DO_CALL (5.514s wait)
.2019-11-12 16:50:13.684125 | eval'd: drake::cmq_buildtargetmetadepslayoutconfig
2019-11-12 16:50:37.409827 | > DO_CALL (5.564s wait)
.2019-11-12 16:50:40.829964 | eval'd: drake::cmq_buildtargetmetadepslayoutconfig
2019-11-12 16:51:21.542567 | > DO_CALL (5.662s wait)
.2019-11-12 16:51:26.527941 | eval'd: drake::cmq_buildtargetmetadepslayoutconfig
2019-11-12 16:51:26.578946 | > DO_CALL (0.001s wait)
.2019-11-12 16:51:26.606022 | eval'd: drake::cmq_buildtargetmetadepslayoutconfig
2019-11-12 16:51:26.641664 | > WORKER_WAIT (0.000s wait)
2019-11-12 16:51:26.642127 | waiting 0.75s
2019-11-12 16:51:41.909705 | > WORKER_STOP (0.000s wait)
2019-11-12 16:51:41.910163 | shutting down worker
2019-11-12 16:51:44.161278 | 
Total: 10 in 130.19s [user], 15.59s [system], 420.54s [elapsed]
