2020-02-12 15:52:17.121033 | Master: tcp://c28a-s7:7632
2020-02-12 15:52:17.142773 | WORKER_UP to: tcp://c28a-s7:7632
2020-02-12 15:52:19.538703 | > DO_SETUP (2.387s wait)
2020-02-12 15:52:19.539241 | token from msg: set_common_data_token
2020-02-12 15:53:32.170877 | > DO_CALL (22.863s wait)
.* Option 'clustermq.scheduler' not set, defaulting to ‘SLURM’
--- see: https://mschubert.github.io/clustermq/articles/userguide.html#configuration
2020-02-12 15:53:46.330178 | eval'd: drake::cmq_buildtargetmetadepsspecht_is_subtargetconfig
2020-02-12 15:53:59.424478 | > DO_CALL (7.813s wait)
.2020-02-12 15:58:04.708531 | eval'd: drake::cmq_buildtargetmetadepsspecht_is_subtargetconfig
2020-02-12 15:58:14.433251 | > DO_CALL (5.295s wait)
.2020-02-12 16:12:00.325813 | eval'd: drake::cmq_buildtargetmetadepsspecht_is_subtargetconfig
2020-02-12 16:12:12.399733 | > DO_CALL (6.346s wait)
.2020-02-12 16:17:30.688107 | eval'd: drake::cmq_buildtargetmetadepsspecht_is_subtargetconfig
2020-02-12 16:17:31.086089 | > DO_CALL (0.040s wait)
.2020-02-12 16:17:31.583806 | eval'd: drake::cmq_buildtargetmetadepsspecht_is_subtargetconfig
2020-02-12 16:17:31.636920 | > DO_CALL (0.002s wait)
.2020-02-12 16:17:31.643727 | eval'd: drake::cmq_buildtargetmetadepsspecht_is_subtargetconfig
2020-02-12 16:17:31.674805 | > WORKER_WAIT (0.000s wait)
2020-02-12 16:17:31.675261 | waiting 0.75s
2020-02-12 16:17:32.609705 | > WORKER_WAIT (0.000s wait)
2020-02-12 16:17:32.610198 | waiting 0.75s
2020-02-12 16:17:33.361800 | > WORKER_WAIT (0.000s wait)
2020-02-12 16:17:33.362262 | waiting 0.75s
2020-02-12 16:17:34.114649 | > WORKER_WAIT (0.000s wait)
2020-02-12 16:17:34.115139 | waiting 0.75s
2020-02-12 16:17:34.867341 | > WORKER_WAIT (0.000s wait)
2020-02-12 16:17:34.867809 | waiting 0.75s
2020-02-12 16:17:35.620168 | > WORKER_WAIT (0.000s wait)
2020-02-12 16:17:35.620639 | waiting 0.75s
2020-02-12 16:17:36.373049 | > WORKER_WAIT (0.000s wait)
2020-02-12 16:17:36.373507 | waiting 0.75s
2020-02-12 16:17:37.125838 | > WORKER_WAIT (0.000s wait)
2020-02-12 16:17:37.126297 | waiting 0.75s
2020-02-12 16:17:37.878694 | > WORKER_WAIT (0.000s wait)
2020-02-12 16:17:37.879195 | waiting 0.75s
2020-02-12 16:17:38.868769 | > WORKER_WAIT (0.000s wait)
2020-02-12 16:17:38.869254 | waiting 0.75s
2020-02-12 16:17:39.621679 | > WORKER_WAIT (0.000s wait)
2020-02-12 16:17:39.622191 | waiting 0.75s
2020-02-12 16:17:40.374108 | > WORKER_WAIT (0.000s wait)
2020-02-12 16:17:40.374561 | waiting 0.75s
2020-02-12 16:17:41.126503 | > WORKER_WAIT (0.000s wait)
2020-02-12 16:17:41.126969 | waiting 0.75s
2020-02-12 16:17:41.878913 | > WORKER_WAIT (0.000s wait)
2020-02-12 16:17:41.879369 | waiting 0.75s
2020-02-12 16:17:42.631279 | > WORKER_WAIT (0.000s wait)
2020-02-12 16:17:42.631739 | waiting 0.75s
2020-02-12 16:17:43.383678 | > WORKER_WAIT (0.000s wait)
2020-02-12 16:17:43.384155 | waiting 0.75s
2020-02-12 16:17:44.136048 | > WORKER_WAIT (0.000s wait)
2020-02-12 16:17:44.136512 | waiting 0.75s
2020-02-12 16:17:44.888411 | > WORKER_WAIT (0.000s wait)
2020-02-12 16:17:44.888879 | waiting 0.75s
2020-02-12 16:17:45.640826 | > WORKER_WAIT (0.000s wait)
2020-02-12 16:17:45.641295 | waiting 0.75s
2020-02-12 16:17:46.393152 | > WORKER_WAIT (0.000s wait)
2020-02-12 16:17:46.393619 | waiting 0.75s
2020-02-12 16:17:47.145690 | > WORKER_WAIT (0.000s wait)
2020-02-12 16:17:47.146179 | waiting 0.75s
2020-02-12 16:17:48.465298 | > WORKER_WAIT (0.000s wait)
2020-02-12 16:17:48.465758 | waiting 0.75s
2020-02-12 16:17:49.308547 | > WORKER_WAIT (0.000s wait)
2020-02-12 16:17:49.309017 | waiting 0.75s
2020-02-12 16:17:50.063139 | > WORKER_WAIT (0.000s wait)
2020-02-12 16:17:50.063590 | waiting 0.75s
2020-02-12 16:17:50.815897 | > WORKER_WAIT (0.000s wait)
2020-02-12 16:17:50.816355 | waiting 0.75s
2020-02-12 16:17:51.568631 | > WORKER_WAIT (0.000s wait)
2020-02-12 16:17:51.569094 | waiting 0.75s
2020-02-12 16:17:52.321293 | > WORKER_WAIT (0.000s wait)
2020-02-12 16:17:52.321741 | waiting 0.75s
2020-02-12 16:17:53.073928 | > WORKER_WAIT (0.000s wait)
2020-02-12 16:17:53.074386 | waiting 0.75s
2020-02-12 16:17:53.826602 | > WORKER_WAIT (0.000s wait)
2020-02-12 16:17:53.827081 | waiting 0.75s
2020-02-12 16:17:54.579541 | > WORKER_WAIT (0.000s wait)
2020-02-12 16:17:54.580009 | waiting 0.75s
2020-02-12 16:17:55.332530 | > WORKER_WAIT (0.000s wait)
2020-02-12 16:17:55.333003 | waiting 0.75s
2020-02-12 16:17:56.085453 | > WORKER_WAIT (0.001s wait)
2020-02-12 16:17:56.085931 | waiting 0.75s
2020-02-12 16:17:56.838064 | > WORKER_WAIT (0.000s wait)
2020-02-12 16:17:56.838532 | waiting 0.75s
2020-02-12 16:17:57.590687 | > WORKER_WAIT (0.000s wait)
2020-02-12 16:17:57.591140 | waiting 0.75s
2020-02-12 16:17:58.343265 | > WORKER_WAIT (0.000s wait)
2020-02-12 16:17:58.343714 | waiting 0.75s
2020-02-12 16:17:59.095886 | > WORKER_WAIT (0.000s wait)
2020-02-12 16:17:59.096370 | waiting 0.75s
2020-02-12 16:17:59.848500 | > WORKER_WAIT (0.000s wait)
2020-02-12 16:17:59.851198 | waiting 0.75s
2020-02-12 16:18:00.603570 | > WORKER_WAIT (0.000s wait)
2020-02-12 16:18:00.604030 | waiting 0.75s
2020-02-12 16:18:01.356264 | > WORKER_WAIT (0.000s wait)
2020-02-12 16:18:01.356745 | waiting 0.75s
2020-02-12 16:18:02.108986 | > WORKER_WAIT (0.000s wait)
2020-02-12 16:18:02.109428 | waiting 0.75s
2020-02-12 16:18:02.861635 | > WORKER_WAIT (0.000s wait)
2020-02-12 16:18:02.862100 | waiting 0.75s
2020-02-12 16:18:03.614319 | > WORKER_WAIT (0.000s wait)
2020-02-12 16:18:03.614769 | waiting 0.75s
2020-02-12 16:18:04.366961 | > WORKER_WAIT (0.000s wait)
2020-02-12 16:18:04.367432 | waiting 0.75s
2020-02-12 16:18:05.119679 | > WORKER_WAIT (0.000s wait)
2020-02-12 16:18:05.120156 | waiting 0.75s
2020-02-12 16:18:05.872346 | > WORKER_WAIT (0.000s wait)
2020-02-12 16:18:05.872789 | waiting 0.75s
2020-02-12 16:18:06.625050 | > WORKER_WAIT (0.000s wait)
2020-02-12 16:18:06.625536 | waiting 0.75s
2020-02-12 16:18:07.377785 | > WORKER_WAIT (0.000s wait)
2020-02-12 16:18:07.378261 | waiting 0.75s
2020-02-12 16:18:08.130463 | > WORKER_WAIT (0.001s wait)
2020-02-12 16:18:08.130918 | waiting 0.75s
2020-02-12 16:18:08.883136 | > WORKER_WAIT (0.000s wait)
2020-02-12 16:18:08.883578 | waiting 0.75s
2020-02-12 16:18:09.635823 | > WORKER_WAIT (0.000s wait)
2020-02-12 16:18:09.636300 | waiting 0.75s
2020-02-12 16:18:10.388507 | > WORKER_WAIT (0.000s wait)
2020-02-12 16:18:10.388969 | waiting 0.75s
2020-02-12 16:18:11.141213 | > WORKER_WAIT (0.000s wait)
2020-02-12 16:18:11.141658 | waiting 0.75s
2020-02-12 16:18:11.893912 | > WORKER_WAIT (0.000s wait)
2020-02-12 16:18:11.894359 | waiting 0.75s
2020-02-12 16:18:12.646571 | > WORKER_WAIT (0.000s wait)
2020-02-12 16:18:12.647034 | waiting 0.75s
2020-02-12 16:18:13.399247 | > WORKER_WAIT (0.000s wait)
2020-02-12 16:18:13.399718 | waiting 0.75s
2020-02-12 16:18:14.151984 | > WORKER_WAIT (0.000s wait)
2020-02-12 16:18:14.152439 | waiting 0.75s
2020-02-12 16:18:14.904687 | > WORKER_WAIT (0.000s wait)
2020-02-12 16:18:14.905171 | waiting 0.75s
2020-02-12 16:18:15.657372 | > WORKER_WAIT (0.000s wait)
2020-02-12 16:18:15.657838 | waiting 0.75s
2020-02-12 16:18:16.410074 | > WORKER_WAIT (0.000s wait)
2020-02-12 16:18:16.410528 | waiting 0.75s
2020-02-12 16:18:17.162765 | > WORKER_WAIT (0.000s wait)
2020-02-12 16:18:17.163224 | waiting 0.75s
2020-02-12 16:18:17.915445 | > WORKER_WAIT (0.001s wait)
2020-02-12 16:18:17.915912 | waiting 0.75s
2020-02-12 16:18:18.668142 | > WORKER_WAIT (0.000s wait)
2020-02-12 16:18:18.668598 | waiting 0.75s
2020-02-12 16:18:19.420854 | > WORKER_WAIT (0.000s wait)
2020-02-12 16:18:19.421302 | waiting 0.75s
2020-02-12 16:18:20.172718 | > WORKER_WAIT (0.000s wait)
2020-02-12 16:18:20.173200 | waiting 0.75s
2020-02-12 16:18:20.925135 | > WORKER_WAIT (0.000s wait)
2020-02-12 16:18:20.925604 | waiting 0.75s
2020-02-12 16:18:21.677581 | > WORKER_WAIT (0.000s wait)
2020-02-12 16:18:21.678047 | waiting 0.75s
2020-02-12 16:18:22.429990 | > WORKER_WAIT (0.000s wait)
2020-02-12 16:18:22.430460 | waiting 0.75s
2020-02-12 16:18:23.182439 | > WORKER_WAIT (0.001s wait)
2020-02-12 16:18:23.182951 | waiting 0.75s
2020-02-12 16:18:23.934886 | > WORKER_WAIT (0.000s wait)
2020-02-12 16:18:23.935351 | waiting 0.75s
2020-02-12 16:18:25.465492 | > WORKER_WAIT (0.001s wait)
2020-02-12 16:18:25.465973 | waiting 0.75s
2020-02-12 16:18:26.354141 | > WORKER_WAIT (0.000s wait)
2020-02-12 16:18:26.354600 | waiting 0.75s
2020-02-12 16:18:27.109366 | > WORKER_WAIT (0.000s wait)
2020-02-12 16:18:27.109831 | waiting 0.75s
2020-02-12 16:18:27.862383 | > WORKER_WAIT (0.000s wait)
2020-02-12 16:18:27.862842 | waiting 0.75s
2020-02-12 16:18:28.615362 | > WORKER_WAIT (0.000s wait)
2020-02-12 16:18:28.615846 | waiting 0.75s
2020-02-12 16:18:29.368069 | > WORKER_WAIT (0.000s wait)
2020-02-12 16:18:29.368513 | waiting 0.75s
2020-02-12 16:18:30.120782 | > WORKER_WAIT (0.000s wait)
2020-02-12 16:18:30.121258 | waiting 0.75s
2020-02-12 16:18:30.873384 | > WORKER_WAIT (0.000s wait)
2020-02-12 16:18:30.873854 | waiting 0.75s
2020-02-12 16:18:31.626086 | > WORKER_WAIT (0.000s wait)
2020-02-12 16:18:31.626546 | waiting 0.75s
2020-02-12 16:18:32.378831 | > WORKER_WAIT (0.000s wait)
2020-02-12 16:18:32.379279 | waiting 0.75s
2020-02-12 16:18:33.131483 | > WORKER_WAIT (0.000s wait)
2020-02-12 16:18:33.131949 | waiting 0.75s
2020-02-12 16:18:33.884065 | > WORKER_WAIT (0.000s wait)
2020-02-12 16:18:33.884514 | waiting 0.75s
2020-02-12 16:18:34.636821 | > WORKER_WAIT (0.000s wait)
2020-02-12 16:18:34.637264 | waiting 0.75s
2020-02-12 16:18:35.389750 | > WORKER_WAIT (0.000s wait)
2020-02-12 16:18:35.390209 | waiting 0.75s
2020-02-12 16:18:36.142390 | > WORKER_WAIT (0.000s wait)
2020-02-12 16:18:36.142871 | waiting 0.75s
2020-02-12 16:18:36.895054 | > WORKER_WAIT (0.000s wait)
2020-02-12 16:18:36.895513 | waiting 0.75s
2020-02-12 16:18:37.647723 | > WORKER_WAIT (0.000s wait)
2020-02-12 16:18:37.648192 | waiting 0.75s
2020-02-12 16:18:38.400697 | > WORKER_WAIT (0.000s wait)
2020-02-12 16:18:38.401172 | waiting 0.75s
2020-02-12 16:18:39.153642 | > WORKER_WAIT (0.000s wait)
2020-02-12 16:18:39.154102 | waiting 0.75s
2020-02-12 16:18:39.906594 | > WORKER_WAIT (0.000s wait)
2020-02-12 16:18:39.907064 | waiting 0.75s
2020-02-12 16:18:40.659534 | > WORKER_WAIT (0.000s wait)
2020-02-12 16:18:40.660003 | waiting 0.75s
2020-02-12 16:18:41.412505 | > WORKER_WAIT (0.000s wait)
2020-02-12 16:18:41.412983 | waiting 0.75s
2020-02-12 16:18:42.165458 | > WORKER_WAIT (0.001s wait)
2020-02-12 16:18:42.165925 | waiting 0.75s
2020-02-12 16:18:42.918418 | > WORKER_WAIT (0.000s wait)
2020-02-12 16:18:42.918880 | waiting 0.75s
2020-02-12 16:18:43.671375 | > WORKER_WAIT (0.000s wait)
2020-02-12 16:18:43.671839 | waiting 0.75s
2020-02-12 16:18:44.424345 | > WORKER_WAIT (0.000s wait)
2020-02-12 16:18:44.424811 | waiting 0.75s
2020-02-12 16:18:45.177316 | > WORKER_WAIT (0.000s wait)
2020-02-12 16:18:45.177769 | waiting 0.75s
2020-02-12 16:18:45.930276 | > WORKER_WAIT (0.000s wait)
2020-02-12 16:18:45.930738 | waiting 0.75s
2020-02-12 16:18:46.683208 | > WORKER_WAIT (0.000s wait)
2020-02-12 16:18:46.683722 | waiting 0.75s
2020-02-12 16:18:47.436010 | > WORKER_WAIT (0.000s wait)
2020-02-12 16:18:47.436458 | waiting 0.75s
2020-02-12 16:18:48.188687 | > WORKER_WAIT (0.000s wait)
2020-02-12 16:18:48.189151 | waiting 0.75s
2020-02-12 16:18:48.941358 | > WORKER_WAIT (0.000s wait)
2020-02-12 16:18:48.941830 | waiting 0.75s
2020-02-12 16:18:49.694065 | > WORKER_WAIT (0.000s wait)
2020-02-12 16:18:49.694512 | waiting 0.75s
2020-02-12 16:18:50.446773 | > WORKER_WAIT (0.000s wait)
2020-02-12 16:18:50.447231 | waiting 0.75s
2020-02-12 16:18:51.199451 | > WORKER_WAIT (0.001s wait)
2020-02-12 16:18:51.199922 | waiting 0.75s
2020-02-12 16:18:51.952145 | > WORKER_WAIT (0.000s wait)
2020-02-12 16:18:51.952610 | waiting 0.75s
2020-02-12 16:18:52.704893 | > WORKER_WAIT (0.000s wait)
2020-02-12 16:18:52.705346 | waiting 0.75s
2020-02-12 16:18:53.457555 | > WORKER_WAIT (0.000s wait)
2020-02-12 16:18:53.458020 | waiting 0.75s
2020-02-12 16:18:54.210246 | > WORKER_WAIT (0.000s wait)
2020-02-12 16:18:54.210688 | waiting 0.75s
2020-02-12 16:18:54.962987 | > WORKER_WAIT (0.000s wait)
2020-02-12 16:18:54.963442 | waiting 0.75s
2020-02-12 16:18:55.715682 | > WORKER_WAIT (0.000s wait)
2020-02-12 16:18:55.716147 | waiting 0.75s
2020-02-12 16:18:56.468356 | > WORKER_WAIT (0.000s wait)
2020-02-12 16:18:56.468851 | waiting 0.75s
2020-02-12 16:18:57.221072 | > WORKER_WAIT (0.000s wait)
2020-02-12 16:18:57.221539 | waiting 0.75s
2020-02-12 16:18:57.973787 | > WORKER_WAIT (0.000s wait)
2020-02-12 16:18:57.974245 | waiting 0.75s
2020-02-12 16:18:58.726455 | > WORKER_WAIT (0.001s wait)
2020-02-12 16:18:58.726920 | waiting 0.75s
2020-02-12 16:18:59.479160 | > WORKER_WAIT (0.000s wait)
2020-02-12 16:18:59.479614 | waiting 0.75s
2020-02-12 16:19:00.231870 | > WORKER_WAIT (0.000s wait)
2020-02-12 16:19:00.234755 | waiting 0.75s
2020-02-12 16:19:00.986883 | > WORKER_WAIT (0.000s wait)
2020-02-12 16:19:00.987335 | waiting 0.75s
2020-02-12 16:19:01.739540 | > WORKER_WAIT (0.000s wait)
2020-02-12 16:19:01.740003 | waiting 0.75s
2020-02-12 16:19:02.492124 | > WORKER_WAIT (0.000s wait)
2020-02-12 16:19:02.492597 | waiting 0.75s
2020-02-12 16:19:03.244964 | > WORKER_WAIT (0.000s wait)
2020-02-12 16:19:03.245425 | waiting 0.75s
2020-02-12 16:19:03.996658 | > WORKER_WAIT (0.000s wait)
2020-02-12 16:19:03.997124 | waiting 0.75s
2020-02-12 16:19:04.749154 | > WORKER_WAIT (0.000s wait)
2020-02-12 16:19:04.749622 | waiting 0.75s
2020-02-12 16:19:05.501766 | > WORKER_WAIT (0.000s wait)
2020-02-12 16:19:05.502252 | waiting 0.75s
2020-02-12 16:19:06.254700 | > WORKER_WAIT (0.000s wait)
2020-02-12 16:19:06.255213 | waiting 0.75s
2020-02-12 16:19:07.007317 | > WORKER_WAIT (0.000s wait)
2020-02-12 16:19:07.007777 | waiting 0.75s
2020-02-12 16:19:07.759939 | > WORKER_WAIT (0.000s wait)
2020-02-12 16:19:07.760409 | waiting 0.75s
2020-02-12 16:19:08.512512 | > WORKER_WAIT (0.000s wait)
2020-02-12 16:19:08.512989 | waiting 0.75s
2020-02-12 16:19:09.265106 | > WORKER_WAIT (0.000s wait)
2020-02-12 16:19:09.265555 | waiting 0.75s
2020-02-12 16:19:10.017750 | > WORKER_WAIT (0.000s wait)
2020-02-12 16:19:10.018208 | waiting 0.75s
2020-02-12 16:19:10.770331 | > WORKER_WAIT (0.000s wait)
2020-02-12 16:19:10.770783 | waiting 0.75s
2020-02-12 16:19:11.522941 | > WORKER_WAIT (0.000s wait)
2020-02-12 16:19:11.523397 | waiting 0.75s
2020-02-12 16:19:12.275511 | > WORKER_WAIT (0.000s wait)
2020-02-12 16:19:12.275974 | waiting 0.75s
2020-02-12 16:19:13.028104 | > WORKER_WAIT (0.000s wait)
2020-02-12 16:19:13.028571 | waiting 0.75s
2020-02-12 16:19:13.780727 | > WORKER_WAIT (0.000s wait)
2020-02-12 16:19:13.781188 | waiting 0.75s
2020-02-12 16:19:14.533295 | > WORKER_WAIT (0.000s wait)
2020-02-12 16:19:14.533739 | waiting 0.75s
2020-02-12 16:19:15.591908 | > WORKER_WAIT (0.000s wait)
2020-02-12 16:19:15.592359 | waiting 0.75s
2020-02-12 16:19:16.347550 | > WORKER_WAIT (0.000s wait)
2020-02-12 16:19:16.348028 | waiting 0.75s
2020-02-12 16:19:17.100259 | > WORKER_WAIT (0.000s wait)
2020-02-12 16:19:17.100718 | waiting 0.75s
2020-02-12 16:19:17.852991 | > WORKER_WAIT (0.000s wait)
2020-02-12 16:19:17.853437 | waiting 0.75s
2020-02-12 16:19:18.605560 | > WORKER_WAIT (0.000s wait)
2020-02-12 16:19:18.606033 | waiting 0.75s
2020-02-12 16:19:19.358304 | > WORKER_WAIT (0.000s wait)
2020-02-12 16:19:19.358781 | waiting 0.75s
2020-02-12 16:19:20.111540 | > WORKER_WAIT (0.000s wait)
2020-02-12 16:19:20.112014 | waiting 0.75s
2020-02-12 16:19:20.865048 | > WORKER_WAIT (0.000s wait)
2020-02-12 16:19:20.865505 | waiting 0.75s
2020-02-12 16:19:21.618244 | > WORKER_WAIT (0.000s wait)
2020-02-12 16:19:21.618704 | waiting 0.75s
2020-02-12 16:19:22.371459 | > WORKER_WAIT (0.001s wait)
2020-02-12 16:19:22.371928 | waiting 0.75s
2020-02-12 16:19:23.124809 | > WORKER_WAIT (0.000s wait)
2020-02-12 16:19:23.125276 | waiting 0.75s
2020-02-12 16:19:23.878338 | > WORKER_WAIT (0.000s wait)
2020-02-12 16:19:23.878824 | waiting 0.75s
2020-02-12 16:19:24.631620 | > WORKER_WAIT (0.000s wait)
2020-02-12 16:19:24.632096 | waiting 0.75s
2020-02-12 16:19:25.384953 | > WORKER_WAIT (0.000s wait)
2020-02-12 16:19:25.385413 | waiting 0.75s
2020-02-12 16:19:26.138166 | > WORKER_WAIT (0.000s wait)
2020-02-12 16:19:26.138635 | waiting 0.75s
2020-02-12 16:19:26.891359 | > WORKER_WAIT (0.000s wait)
2020-02-12 16:19:26.891822 | waiting 0.75s
2020-02-12 16:19:27.644599 | > WORKER_WAIT (0.000s wait)
2020-02-12 16:19:27.645112 | waiting 0.75s
2020-02-12 16:19:28.397604 | > WORKER_WAIT (0.000s wait)
2020-02-12 16:19:28.398064 | waiting 0.75s
2020-02-12 16:19:29.150868 | > WORKER_WAIT (0.000s wait)
2020-02-12 16:19:29.151342 | waiting 0.75s
2020-02-12 16:19:29.904057 | > WORKER_WAIT (0.000s wait)
2020-02-12 16:19:29.904520 | waiting 0.75s
2020-02-12 16:19:30.657307 | > WORKER_WAIT (0.000s wait)
2020-02-12 16:19:30.657762 | waiting 0.75s
2020-02-12 16:19:31.410578 | > WORKER_WAIT (0.000s wait)
2020-02-12 16:19:31.411085 | waiting 0.75s
2020-02-12 16:19:32.163808 | > WORKER_WAIT (0.000s wait)
2020-02-12 16:19:32.164282 | waiting 0.75s
2020-02-12 16:19:32.916913 | > WORKER_WAIT (0.000s wait)
2020-02-12 16:19:32.917383 | waiting 0.75s
2020-02-12 16:19:33.670207 | > WORKER_WAIT (0.000s wait)
2020-02-12 16:19:33.670662 | waiting 0.75s
2020-02-12 16:19:34.423463 | > WORKER_WAIT (0.001s wait)
2020-02-12 16:19:34.423949 | waiting 0.75s
2020-02-12 16:19:35.176735 | > WORKER_WAIT (0.000s wait)
2020-02-12 16:19:35.177205 | waiting 0.75s
2020-02-12 16:19:35.929960 | > WORKER_WAIT (0.000s wait)
2020-02-12 16:19:35.930423 | waiting 0.75s
2020-02-12 16:19:36.683175 | > WORKER_WAIT (0.000s wait)
2020-02-12 16:19:36.683643 | waiting 0.75s
2020-02-12 16:19:37.436698 | > WORKER_WAIT (0.000s wait)
2020-02-12 16:19:37.437171 | waiting 0.75s
2020-02-12 16:19:38.189939 | > WORKER_WAIT (0.000s wait)
2020-02-12 16:19:38.190398 | waiting 0.75s
2020-02-12 16:19:38.942631 | > WORKER_WAIT (0.000s wait)
2020-02-12 16:19:38.943104 | waiting 0.75s
2020-02-12 16:19:39.695308 | > WORKER_WAIT (0.000s wait)
2020-02-12 16:19:39.695809 | waiting 0.75s
2020-02-12 16:19:40.448034 | > WORKER_WAIT (0.000s wait)
2020-02-12 16:19:40.448516 | waiting 0.75s
2020-02-12 16:19:41.200764 | > WORKER_WAIT (0.000s wait)
2020-02-12 16:19:41.201230 | waiting 0.75s
2020-02-12 16:19:41.953415 | > WORKER_WAIT (0.000s wait)
2020-02-12 16:19:41.953896 | waiting 0.75s
2020-02-12 16:19:42.706127 | > WORKER_WAIT (0.000s wait)
2020-02-12 16:19:42.706599 | waiting 0.75s
2020-02-12 16:19:43.458863 | > WORKER_WAIT (0.000s wait)
2020-02-12 16:19:43.459328 | waiting 0.75s
2020-02-12 16:19:44.211609 | > WORKER_WAIT (0.000s wait)
2020-02-12 16:19:44.212119 | waiting 0.75s
2020-02-12 16:19:44.964304 | > WORKER_WAIT (0.000s wait)
2020-02-12 16:19:44.964779 | waiting 0.75s
2020-02-12 16:19:45.717031 | > WORKER_WAIT (0.000s wait)
2020-02-12 16:19:45.717489 | waiting 0.75s
2020-02-12 16:19:46.469700 | > WORKER_WAIT (0.000s wait)
2020-02-12 16:19:46.470191 | waiting 0.75s
2020-02-12 16:19:47.222393 | > WORKER_WAIT (0.000s wait)
2020-02-12 16:19:47.222867 | waiting 0.75s
2020-02-12 16:19:47.975074 | > WORKER_WAIT (0.000s wait)
2020-02-12 16:19:47.975526 | waiting 0.75s
2020-02-12 16:19:48.727755 | > WORKER_WAIT (0.000s wait)
2020-02-12 16:19:48.728232 | waiting 0.75s
2020-02-12 16:19:49.480436 | > WORKER_WAIT (0.001s wait)
2020-02-12 16:19:49.480908 | waiting 0.75s
2020-02-12 16:19:50.233112 | > WORKER_WAIT (0.000s wait)
2020-02-12 16:19:50.233585 | waiting 0.75s
2020-02-12 16:19:50.985837 | > WORKER_WAIT (0.000s wait)
2020-02-12 16:19:50.986296 | waiting 0.75s
2020-02-12 16:19:51.738520 | > WORKER_WAIT (0.000s wait)
2020-02-12 16:19:51.738995 | waiting 0.75s
2020-02-12 16:19:52.491189 | > WORKER_WAIT (0.000s wait)
2020-02-12 16:19:52.491644 | waiting 0.75s
2020-02-12 16:19:53.243897 | > WORKER_WAIT (0.000s wait)
2020-02-12 16:19:53.244365 | waiting 0.75s
2020-02-12 16:19:53.996590 | > WORKER_WAIT (0.000s wait)
2020-02-12 16:19:53.997059 | waiting 0.75s
2020-02-12 16:19:54.749273 | > WORKER_WAIT (0.000s wait)
2020-02-12 16:19:54.749746 | waiting 0.75s
2020-02-12 16:19:55.501979 | > WORKER_WAIT (0.000s wait)
2020-02-12 16:19:55.502460 | waiting 0.75s
2020-02-12 16:19:56.254706 | > WORKER_WAIT (0.000s wait)
2020-02-12 16:19:56.255184 | waiting 0.75s
2020-02-12 16:19:57.007404 | > WORKER_WAIT (0.000s wait)
2020-02-12 16:19:57.007883 | waiting 0.75s
2020-02-12 16:19:57.760123 | > WORKER_WAIT (0.000s wait)
2020-02-12 16:19:57.760582 | waiting 0.75s
2020-02-12 16:19:58.512848 | > WORKER_WAIT (0.000s wait)
2020-02-12 16:19:58.513330 | waiting 0.75s
2020-02-12 16:19:59.265542 | > WORKER_WAIT (0.000s wait)
2020-02-12 16:19:59.266016 | waiting 0.75s
2020-02-12 16:20:00.018221 | > WORKER_WAIT (0.000s wait)
2020-02-12 16:20:00.018687 | waiting 0.75s
2020-02-12 16:20:00.771010 | > WORKER_WAIT (0.000s wait)
2020-02-12 16:20:00.773800 | waiting 0.75s
2020-02-12 16:20:01.525779 | > WORKER_WAIT (0.000s wait)
2020-02-12 16:20:01.526280 | waiting 0.75s
2020-02-12 16:20:02.278227 | > WORKER_WAIT (0.000s wait)
2020-02-12 16:20:02.278686 | waiting 0.75s
2020-02-12 16:20:03.030658 | > WORKER_WAIT (0.000s wait)
2020-02-12 16:20:03.031138 | waiting 0.75s
2020-02-12 16:20:03.783052 | > WORKER_WAIT (0.000s wait)
2020-02-12 16:20:03.783514 | waiting 0.75s
2020-02-12 16:20:04.535367 | > WORKER_WAIT (0.000s wait)
2020-02-12 16:20:04.535832 | waiting 0.75s
2020-02-12 16:20:05.288024 | > WORKER_WAIT (0.000s wait)
2020-02-12 16:20:05.288480 | waiting 0.75s
2020-02-12 16:20:06.040751 | > WORKER_WAIT (0.000s wait)
2020-02-12 16:20:06.041237 | waiting 0.75s
2020-02-12 16:20:06.793457 | > WORKER_WAIT (0.001s wait)
2020-02-12 16:20:06.793934 | waiting 0.75s
2020-02-12 16:20:07.546199 | > WORKER_WAIT (0.000s wait)
2020-02-12 16:20:07.546647 | waiting 0.75s
2020-02-12 16:20:08.298906 | > WORKER_WAIT (0.000s wait)
2020-02-12 16:20:08.299363 | waiting 0.75s
2020-02-12 16:20:09.051601 | > WORKER_WAIT (0.000s wait)
2020-02-12 16:20:09.052071 | waiting 0.75s
2020-02-12 16:20:09.804639 | > WORKER_WAIT (0.000s wait)
2020-02-12 16:20:09.805115 | waiting 0.75s
2020-02-12 16:20:10.557395 | > WORKER_WAIT (0.000s wait)
2020-02-12 16:20:10.557877 | waiting 0.75s
2020-02-12 16:20:11.310209 | > WORKER_WAIT (0.000s wait)
2020-02-12 16:20:11.310706 | waiting 0.75s
2020-02-12 16:20:12.062941 | > WORKER_WAIT (0.000s wait)
2020-02-12 16:20:12.063407 | waiting 0.75s
2020-02-12 16:20:12.815664 | > WORKER_WAIT (0.000s wait)
2020-02-12 16:20:12.816145 | waiting 0.75s
2020-02-12 16:20:13.568363 | > WORKER_WAIT (0.000s wait)
2020-02-12 16:20:13.568835 | waiting 0.75s
2020-02-12 16:20:14.321076 | > WORKER_WAIT (0.000s wait)
2020-02-12 16:20:14.321533 | waiting 0.75s
2020-02-12 16:20:15.073767 | > WORKER_WAIT (0.000s wait)
2020-02-12 16:20:15.074232 | waiting 0.75s
2020-02-12 16:20:15.826497 | > WORKER_WAIT (0.000s wait)
2020-02-12 16:20:15.826975 | waiting 0.75s
2020-02-12 16:20:16.579206 | > WORKER_WAIT (0.000s wait)
2020-02-12 16:20:16.579691 | waiting 0.75s
2020-02-12 16:20:17.331918 | > WORKER_WAIT (0.000s wait)
2020-02-12 16:20:17.332369 | waiting 0.75s
2020-02-12 16:20:18.084267 | > WORKER_WAIT (0.000s wait)
2020-02-12 16:20:18.084723 | waiting 0.75s
2020-02-12 16:20:18.836991 | > WORKER_WAIT (0.000s wait)
2020-02-12 16:20:18.837459 | waiting 0.75s
2020-02-12 16:20:19.589703 | > WORKER_WAIT (0.000s wait)
2020-02-12 16:20:19.590170 | waiting 0.75s
2020-02-12 16:20:20.342746 | > WORKER_WAIT (0.000s wait)
2020-02-12 16:20:20.343226 | waiting 0.75s
2020-02-12 16:20:21.095173 | > WORKER_WAIT (0.000s wait)
2020-02-12 16:20:21.095625 | waiting 0.75s
2020-02-12 16:20:21.847919 | > WORKER_WAIT (0.000s wait)
2020-02-12 16:20:21.848389 | waiting 0.75s
2020-02-12 16:20:22.600646 | > WORKER_WAIT (0.000s wait)
2020-02-12 16:20:22.601125 | waiting 0.75s
2020-02-12 16:20:23.353343 | > WORKER_WAIT (0.000s wait)
2020-02-12 16:20:23.353821 | waiting 0.75s
2020-02-12 16:20:24.106044 | > WORKER_WAIT (0.000s wait)
2020-02-12 16:20:24.106507 | waiting 0.75s
2020-02-12 16:20:24.858699 | > WORKER_WAIT (0.000s wait)
2020-02-12 16:20:24.859163 | waiting 0.75s
2020-02-12 16:20:25.611385 | > WORKER_WAIT (0.000s wait)
2020-02-12 16:20:25.611860 | waiting 0.75s
2020-02-12 16:20:26.364074 | > WORKER_WAIT (0.000s wait)
2020-02-12 16:20:26.364528 | waiting 0.75s
2020-02-12 16:20:27.116752 | > WORKER_WAIT (0.000s wait)
2020-02-12 16:20:27.117257 | waiting 0.75s
2020-02-12 16:20:27.869454 | > WORKER_WAIT (0.001s wait)
2020-02-12 16:20:27.869918 | waiting 0.75s
2020-02-12 16:20:28.622125 | > WORKER_WAIT (0.000s wait)
2020-02-12 16:20:28.622581 | waiting 0.75s
2020-02-12 16:20:29.374817 | > WORKER_WAIT (0.000s wait)
2020-02-12 16:20:29.375311 | waiting 0.75s
2020-02-12 16:20:30.127507 | > WORKER_WAIT (0.000s wait)
2020-02-12 16:20:30.127976 | waiting 0.75s
2020-02-12 16:20:30.880160 | > WORKER_WAIT (0.000s wait)
2020-02-12 16:20:30.880612 | waiting 0.75s
2020-02-12 16:20:31.632839 | > WORKER_WAIT (0.000s wait)
2020-02-12 16:20:31.633306 | waiting 0.75s
2020-02-12 16:20:32.385505 | > WORKER_WAIT (0.000s wait)
2020-02-12 16:20:32.385987 | waiting 0.75s
2020-02-12 16:20:33.138214 | > WORKER_WAIT (0.000s wait)
2020-02-12 16:20:33.138683 | waiting 0.75s
2020-02-12 16:20:33.890938 | > WORKER_WAIT (0.000s wait)
2020-02-12 16:20:33.891412 | waiting 0.75s
2020-02-12 16:20:34.643623 | > WORKER_WAIT (0.000s wait)
2020-02-12 16:20:34.644083 | waiting 0.75s
2020-02-12 16:20:35.396276 | > WORKER_WAIT (0.000s wait)
2020-02-12 16:20:35.396733 | waiting 0.75s
2020-02-12 16:20:36.148983 | > WORKER_WAIT (0.000s wait)
2020-02-12 16:20:36.149455 | waiting 0.75s
2020-02-12 16:20:36.902185 | > WORKER_WAIT (0.000s wait)
2020-02-12 16:20:36.902637 | waiting 0.75s
2020-02-12 16:20:37.654860 | > WORKER_WAIT (0.000s wait)
2020-02-12 16:20:37.655341 | waiting 0.75s
2020-02-12 16:20:38.407483 | > WORKER_WAIT (0.000s wait)
2020-02-12 16:20:38.407960 | waiting 0.75s
2020-02-12 16:20:39.160165 | > WORKER_WAIT (0.000s wait)
2020-02-12 16:20:39.160629 | waiting 0.75s
2020-02-12 16:20:39.912880 | > WORKER_WAIT (0.000s wait)
2020-02-12 16:20:39.913345 | waiting 0.75s
2020-02-12 16:20:40.665609 | > WORKER_WAIT (0.000s wait)
2020-02-12 16:20:40.666120 | waiting 0.75s
2020-02-12 16:20:41.418286 | > WORKER_WAIT (0.000s wait)
2020-02-12 16:20:41.418752 | waiting 0.75s
2020-02-12 16:20:42.170998 | > WORKER_WAIT (0.000s wait)
2020-02-12 16:20:42.171467 | waiting 0.75s
2020-02-12 16:20:42.923681 | > WORKER_WAIT (0.000s wait)
2020-02-12 16:20:42.924162 | waiting 0.75s
2020-02-12 16:20:43.676363 | > WORKER_WAIT (0.000s wait)
2020-02-12 16:20:43.676835 | waiting 0.75s
2020-02-12 16:20:44.429027 | > WORKER_WAIT (0.000s wait)
2020-02-12 16:20:44.429483 | waiting 0.75s
2020-02-12 16:20:45.181686 | > WORKER_WAIT (0.000s wait)
2020-02-12 16:20:45.182166 | waiting 0.75s
2020-02-12 16:20:45.934362 | > WORKER_WAIT (0.000s wait)
2020-02-12 16:20:45.934831 | waiting 0.75s
2020-02-12 16:20:46.687052 | > WORKER_WAIT (0.000s wait)
2020-02-12 16:20:46.687512 | waiting 0.75s
2020-02-12 16:20:47.439727 | > WORKER_WAIT (0.000s wait)
2020-02-12 16:20:47.440197 | waiting 0.75s
2020-02-12 16:20:48.192391 | > WORKER_WAIT (0.000s wait)
2020-02-12 16:20:48.192880 | waiting 0.75s
2020-02-12 16:20:48.945108 | > WORKER_WAIT (0.000s wait)
2020-02-12 16:20:48.945567 | waiting 0.75s
2020-02-12 16:20:49.697810 | > WORKER_WAIT (0.000s wait)
2020-02-12 16:20:49.698265 | waiting 0.75s
2020-02-12 16:20:50.450461 | > WORKER_WAIT (0.001s wait)
2020-02-12 16:20:50.450939 | waiting 0.75s
2020-02-12 16:20:51.203142 | > WORKER_WAIT (0.000s wait)
2020-02-12 16:20:51.203603 | waiting 0.75s
2020-02-12 16:20:51.955873 | > WORKER_WAIT (0.000s wait)
2020-02-12 16:20:51.956342 | waiting 0.75s
2020-02-12 16:20:52.708547 | > WORKER_WAIT (0.000s wait)
2020-02-12 16:20:52.709017 | waiting 0.75s
2020-02-12 16:20:53.461226 | > WORKER_WAIT (0.000s wait)
2020-02-12 16:20:53.461739 | waiting 0.75s
2020-02-12 16:20:54.213973 | > WORKER_WAIT (0.000s wait)
2020-02-12 16:20:54.214435 | waiting 0.75s
2020-02-12 16:20:54.965924 | > WORKER_WAIT (0.000s wait)
2020-02-12 16:20:54.966390 | waiting 0.75s
2020-02-12 16:20:55.718548 | > WORKER_WAIT (0.000s wait)
2020-02-12 16:20:55.719032 | waiting 0.75s
2020-02-12 16:20:56.471228 | > WORKER_WAIT (0.000s wait)
2020-02-12 16:20:56.471686 | waiting 0.75s
2020-02-12 16:20:57.223924 | > WORKER_WAIT (0.000s wait)
2020-02-12 16:20:57.224382 | waiting 0.75s
2020-02-12 16:20:57.976616 | > WORKER_WAIT (0.000s wait)
2020-02-12 16:20:57.977084 | waiting 0.75s
2020-02-12 16:20:58.729310 | > WORKER_WAIT (0.000s wait)
2020-02-12 16:20:58.729814 | waiting 0.75s
2020-02-12 16:20:59.482054 | > WORKER_WAIT (0.000s wait)
2020-02-12 16:20:59.482513 | waiting 0.75s
2020-02-12 16:21:00.234823 | > WORKER_WAIT (0.000s wait)
2020-02-12 16:21:00.235286 | waiting 0.75s
2020-02-12 16:21:00.987531 | > WORKER_WAIT (0.000s wait)
2020-02-12 16:21:00.990238 | waiting 0.75s
2020-02-12 16:21:01.742592 | > WORKER_WAIT (0.000s wait)
2020-02-12 16:21:01.743049 | waiting 0.75s
2020-02-12 16:21:02.495600 | > WORKER_WAIT (0.000s wait)
2020-02-12 16:21:02.496067 | waiting 0.75s
2020-02-12 16:21:03.248554 | > WORKER_WAIT (0.000s wait)
2020-02-12 16:21:03.249034 | waiting 0.75s
2020-02-12 16:21:04.011591 | > WORKER_WAIT (0.000s wait)
2020-02-12 16:21:04.012075 | waiting 0.75s
2020-02-12 16:21:04.764352 | > WORKER_WAIT (0.000s wait)
2020-02-12 16:21:04.764810 | waiting 0.75s
2020-02-12 16:21:05.517045 | > WORKER_WAIT (0.000s wait)
2020-02-12 16:21:05.517493 | waiting 0.75s
2020-02-12 16:21:06.269806 | > WORKER_WAIT (0.000s wait)
2020-02-12 16:21:06.270263 | waiting 0.75s
2020-02-12 16:21:07.022529 | > WORKER_WAIT (0.000s wait)
2020-02-12 16:21:07.023000 | waiting 0.75s
2020-02-12 16:21:07.775270 | > WORKER_WAIT (0.000s wait)
2020-02-12 16:21:07.775754 | waiting 0.75s
2020-02-12 16:21:08.528039 | > WORKER_WAIT (0.000s wait)
2020-02-12 16:21:08.528497 | waiting 0.75s
2020-02-12 16:21:09.280856 | > WORKER_WAIT (0.000s wait)
2020-02-12 16:21:09.281321 | waiting 0.75s
2020-02-12 16:21:10.033655 | > WORKER_WAIT (0.000s wait)
2020-02-12 16:21:10.034128 | waiting 0.75s
2020-02-12 16:21:10.786372 | > WORKER_WAIT (0.000s wait)
2020-02-12 16:21:10.786838 | waiting 0.75s
2020-02-12 16:21:11.539168 | > WORKER_WAIT (0.000s wait)
2020-02-12 16:21:11.539651 | waiting 0.75s
2020-02-12 16:21:12.291920 | > WORKER_WAIT (0.000s wait)
2020-02-12 16:21:12.292357 | waiting 0.75s
2020-02-12 16:21:13.044697 | > WORKER_WAIT (0.000s wait)
2020-02-12 16:21:13.045156 | waiting 0.75s
2020-02-12 16:21:13.797393 | > WORKER_WAIT (0.000s wait)
2020-02-12 16:21:13.797857 | waiting 0.75s
2020-02-12 16:21:14.550220 | > WORKER_WAIT (0.000s wait)
2020-02-12 16:21:14.550663 | waiting 0.75s
2020-02-12 16:21:15.302993 | > WORKER_WAIT (0.000s wait)
2020-02-12 16:21:15.303441 | waiting 0.75s
2020-02-12 16:21:16.055881 | > WORKER_WAIT (0.000s wait)
2020-02-12 16:21:16.056344 | waiting 0.75s
2020-02-12 16:21:16.808690 | > WORKER_WAIT (0.000s wait)
2020-02-12 16:21:16.809149 | waiting 0.75s
2020-02-12 16:21:17.561377 | > WORKER_WAIT (0.000s wait)
2020-02-12 16:21:17.561843 | waiting 0.75s
2020-02-12 16:21:18.314105 | > WORKER_WAIT (0.000s wait)
2020-02-12 16:21:18.314553 | waiting 0.75s
2020-02-12 16:21:19.066868 | > WORKER_WAIT (0.000s wait)
2020-02-12 16:21:19.067345 | waiting 0.75s
2020-02-12 16:21:19.819675 | > WORKER_WAIT (0.000s wait)
2020-02-12 16:21:19.820129 | waiting 0.75s
2020-02-12 16:21:20.572585 | > WORKER_WAIT (0.000s wait)
2020-02-12 16:21:20.573056 | waiting 0.75s
2020-02-12 16:21:21.325307 | > WORKER_WAIT (0.000s wait)
2020-02-12 16:21:21.325739 | waiting 0.75s
2020-02-12 16:21:22.078138 | > WORKER_WAIT (0.000s wait)
2020-02-12 16:21:22.078600 | waiting 0.75s
2020-02-12 16:21:22.831048 | > WORKER_WAIT (0.000s wait)
2020-02-12 16:21:22.831513 | waiting 0.75s
2020-02-12 16:21:23.583891 | > WORKER_WAIT (0.000s wait)
2020-02-12 16:21:23.584338 | waiting 0.75s
2020-02-12 16:21:24.336699 | > WORKER_WAIT (0.000s wait)
2020-02-12 16:21:24.337141 | waiting 0.75s
2020-02-12 16:21:25.089408 | > WORKER_WAIT (0.000s wait)
2020-02-12 16:21:25.089904 | waiting 0.75s
2020-02-12 16:21:25.842240 | > WORKER_WAIT (0.000s wait)
2020-02-12 16:21:25.842699 | waiting 0.75s
2020-02-12 16:21:26.595089 | > WORKER_WAIT (0.000s wait)
2020-02-12 16:21:26.595525 | waiting 0.75s
2020-02-12 16:21:27.347846 | > WORKER_WAIT (0.000s wait)
2020-02-12 16:21:27.348302 | waiting 0.75s
2020-02-12 16:21:28.100736 | > WORKER_WAIT (0.000s wait)
2020-02-12 16:21:28.101173 | waiting 0.75s
2020-02-12 16:21:28.860269 | > WORKER_WAIT (0.000s wait)
2020-02-12 16:21:28.860730 | waiting 0.75s
2020-02-12 16:21:29.613034 | > WORKER_WAIT (0.000s wait)
2020-02-12 16:21:29.613485 | waiting 0.75s
2020-02-12 16:21:30.365786 | > WORKER_WAIT (0.000s wait)
2020-02-12 16:21:30.561660 | waiting 0.75s
2020-02-12 16:21:31.314048 | > WORKER_WAIT (0.000s wait)
2020-02-12 16:21:31.314514 | waiting 0.75s
2020-02-12 16:21:32.066687 | > WORKER_WAIT (0.000s wait)
2020-02-12 16:21:32.067147 | waiting 0.75s
2020-02-12 16:21:32.819295 | > WORKER_WAIT (0.000s wait)
2020-02-12 16:21:32.819741 | waiting 0.75s
2020-02-12 16:21:33.571939 | > WORKER_WAIT (0.000s wait)
2020-02-12 16:21:33.572398 | waiting 0.75s
2020-02-12 16:21:34.324527 | > WORKER_WAIT (0.000s wait)
2020-02-12 16:21:34.324967 | waiting 0.75s
2020-02-12 16:21:35.077101 | > WORKER_WAIT (0.000s wait)
2020-02-12 16:21:35.077571 | waiting 0.75s
2020-02-12 16:21:35.829804 | > WORKER_WAIT (0.000s wait)
2020-02-12 16:21:35.830280 | waiting 0.75s
2020-02-12 16:21:36.582434 | > WORKER_WAIT (0.001s wait)
2020-02-12 16:21:36.582889 | waiting 0.75s
2020-02-12 16:21:37.335034 | > WORKER_WAIT (0.000s wait)
2020-02-12 16:21:37.335474 | waiting 0.75s
2020-02-12 16:21:38.087637 | > WORKER_WAIT (0.000s wait)
2020-02-12 16:21:38.088114 | waiting 0.75s
2020-02-12 16:21:38.840300 | > WORKER_WAIT (0.000s wait)
2020-02-12 16:21:38.840750 | waiting 0.75s
2020-02-12 16:21:39.592922 | > WORKER_WAIT (0.000s wait)
2020-02-12 16:21:39.593359 | waiting 0.75s
2020-02-12 16:21:40.345536 | > WORKER_WAIT (0.000s wait)
2020-02-12 16:21:40.346011 | waiting 0.75s
2020-02-12 16:21:41.098201 | > WORKER_WAIT (0.000s wait)
2020-02-12 16:21:41.098681 | waiting 0.75s
2020-02-12 16:21:41.850918 | > WORKER_WAIT (0.000s wait)
2020-02-12 16:21:41.851389 | waiting 0.75s
2020-02-12 16:21:42.603560 | > WORKER_WAIT (0.000s wait)
2020-02-12 16:21:42.604036 | waiting 0.75s
2020-02-12 16:21:43.356208 | > WORKER_WAIT (0.000s wait)
2020-02-12 16:21:43.356665 | waiting 0.75s
2020-02-12 16:21:44.108877 | > WORKER_WAIT (0.000s wait)
2020-02-12 16:21:44.109320 | waiting 0.75s
2020-02-12 16:21:44.861494 | > WORKER_WAIT (0.000s wait)
2020-02-12 16:21:44.861971 | waiting 0.75s
2020-02-12 16:21:45.614170 | > WORKER_WAIT (0.000s wait)
2020-02-12 16:21:45.614639 | waiting 0.75s
2020-02-12 16:21:46.366859 | > WORKER_WAIT (0.000s wait)
2020-02-12 16:21:46.367326 | waiting 0.75s
2020-02-12 16:21:47.119523 | > WORKER_WAIT (0.000s wait)
2020-02-12 16:21:47.119996 | waiting 0.75s
2020-02-12 16:21:47.872142 | > WORKER_WAIT (0.000s wait)
2020-02-12 16:21:47.872571 | waiting 0.75s
2020-02-12 16:21:48.624779 | > WORKER_WAIT (0.000s wait)
2020-02-12 16:21:48.625258 | waiting 0.75s
2020-02-12 16:21:49.377434 | > WORKER_WAIT (0.001s wait)
2020-02-12 16:21:49.377900 | waiting 0.75s
2020-02-12 16:21:50.130067 | > WORKER_WAIT (0.000s wait)
2020-02-12 16:21:50.130530 | waiting 0.75s
2020-02-12 16:21:50.882709 | > WORKER_WAIT (0.000s wait)
2020-02-12 16:21:50.883156 | waiting 0.75s
2020-02-12 16:21:51.635302 | > WORKER_WAIT (0.000s wait)
2020-02-12 16:21:51.635777 | waiting 0.75s
2020-02-12 16:21:52.387975 | > WORKER_WAIT (0.000s wait)
2020-02-12 16:21:52.388420 | waiting 0.75s
2020-02-12 16:21:53.140572 | > WORKER_WAIT (0.000s wait)
2020-02-12 16:21:53.141045 | waiting 0.75s
2020-02-12 16:21:53.893214 | > WORKER_WAIT (0.000s wait)
2020-02-12 16:21:53.893665 | waiting 0.75s
2020-02-12 16:21:54.645865 | > WORKER_WAIT (0.000s wait)
2020-02-12 16:21:54.646301 | waiting 0.75s
2020-02-12 16:21:55.398447 | > WORKER_WAIT (0.001s wait)
2020-02-12 16:21:55.398928 | waiting 0.75s
2020-02-12 16:21:56.151081 | > WORKER_WAIT (0.000s wait)
2020-02-12 16:21:56.151520 | waiting 0.75s
2020-02-12 16:21:56.903696 | > WORKER_WAIT (0.000s wait)
2020-02-12 16:21:56.904176 | waiting 0.75s
2020-02-12 16:21:57.656338 | > WORKER_WAIT (0.000s wait)
2020-02-12 16:21:57.656787 | waiting 0.75s
2020-02-12 16:21:58.408963 | > WORKER_WAIT (0.000s wait)
2020-02-12 16:21:58.409397 | waiting 0.75s
2020-02-12 16:21:59.161568 | > WORKER_WAIT (0.000s wait)
2020-02-12 16:21:59.162044 | waiting 0.75s
2020-02-12 16:21:59.914251 | > WORKER_WAIT (0.000s wait)
2020-02-12 16:21:59.914735 | waiting 0.75s
2020-02-12 16:22:00.666953 | > WORKER_WAIT (0.000s wait)
2020-02-12 16:22:00.667413 | waiting 0.75s
2020-02-12 16:22:01.419590 | > WORKER_WAIT (0.000s wait)
2020-02-12 16:22:01.420064 | waiting 0.75s
2020-02-12 16:22:02.172236 | > WORKER_WAIT (0.000s wait)
2020-02-12 16:22:02.172704 | waiting 0.75s
2020-02-12 16:22:02.924907 | > WORKER_WAIT (0.000s wait)
2020-02-12 16:22:02.925368 | waiting 0.75s
2020-02-12 16:22:03.677509 | > WORKER_WAIT (0.000s wait)
2020-02-12 16:22:03.677950 | waiting 0.75s
2020-02-12 16:22:04.430101 | > WORKER_WAIT (0.000s wait)
2020-02-12 16:22:04.430571 | waiting 0.75s
2020-02-12 16:22:05.182749 | > WORKER_WAIT (0.000s wait)
2020-02-12 16:22:05.183192 | waiting 0.75s
2020-02-12 16:22:05.935354 | > WORKER_WAIT (0.000s wait)
2020-02-12 16:22:05.935827 | waiting 0.75s
2020-02-12 16:22:06.687968 | > WORKER_WAIT (0.000s wait)
2020-02-12 16:22:06.688431 | waiting 0.75s
2020-02-12 16:22:07.440608 | > WORKER_WAIT (0.000s wait)
2020-02-12 16:22:07.441087 | waiting 0.75s
2020-02-12 16:22:08.193257 | > WORKER_WAIT (0.000s wait)
2020-02-12 16:22:08.193710 | waiting 0.75s
2020-02-12 16:22:08.945930 | > WORKER_WAIT (0.000s wait)
2020-02-12 16:22:08.946394 | waiting 0.75s
2020-02-12 16:22:09.698629 | > WORKER_WAIT (0.000s wait)
2020-02-12 16:22:09.699091 | waiting 0.75s
2020-02-12 16:22:10.451254 | > WORKER_WAIT (0.000s wait)
2020-02-12 16:22:10.451714 | waiting 0.75s
2020-02-12 16:22:11.203920 | > WORKER_WAIT (0.000s wait)
2020-02-12 16:22:11.204358 | waiting 0.75s
2020-02-12 16:22:11.956550 | > WORKER_WAIT (0.000s wait)
2020-02-12 16:22:11.957036 | waiting 0.75s
2020-02-12 16:22:12.709138 | > WORKER_WAIT (0.000s wait)
2020-02-12 16:22:12.709592 | waiting 0.75s
2020-02-12 16:22:13.461778 | > WORKER_WAIT (0.000s wait)
2020-02-12 16:22:13.462255 | waiting 0.75s
2020-02-12 16:22:14.214402 | > WORKER_WAIT (0.000s wait)
2020-02-12 16:22:14.214876 | waiting 0.75s
2020-02-12 16:22:14.967059 | > WORKER_WAIT (0.000s wait)
2020-02-12 16:22:14.967511 | waiting 0.75s
2020-02-12 16:22:15.719683 | > WORKER_WAIT (0.000s wait)
2020-02-12 16:22:15.720171 | waiting 0.75s
2020-02-12 16:22:16.472350 | > WORKER_WAIT (0.000s wait)
2020-02-12 16:22:16.472826 | waiting 0.75s
2020-02-12 16:22:17.224996 | > WORKER_WAIT (0.000s wait)
2020-02-12 16:22:17.225425 | waiting 0.75s
2020-02-12 16:22:17.977580 | > WORKER_WAIT (0.000s wait)
2020-02-12 16:22:17.978067 | waiting 0.75s
2020-02-12 16:22:18.730268 | > WORKER_WAIT (0.000s wait)
2020-02-12 16:22:18.730722 | waiting 0.75s
2020-02-12 16:22:19.482903 | > WORKER_WAIT (0.000s wait)
2020-02-12 16:22:19.483362 | waiting 0.75s
2020-02-12 16:22:20.235533 | > WORKER_WAIT (0.000s wait)
2020-02-12 16:22:20.236005 | waiting 0.75s
2020-02-12 16:22:20.988162 | > WORKER_WAIT (0.000s wait)
2020-02-12 16:22:20.988628 | waiting 0.75s
2020-02-12 16:22:21.740851 | > WORKER_WAIT (0.000s wait)
2020-02-12 16:22:21.741328 | waiting 0.75s
2020-02-12 16:22:22.493517 | > WORKER_WAIT (0.000s wait)
2020-02-12 16:22:22.494001 | waiting 0.75s
2020-02-12 16:22:23.246220 | > WORKER_WAIT (0.000s wait)
2020-02-12 16:22:23.246700 | waiting 0.75s
2020-02-12 16:22:23.998881 | > WORKER_WAIT (0.000s wait)
2020-02-12 16:22:23.999320 | waiting 0.75s
2020-02-12 16:22:24.751467 | > WORKER_WAIT (0.001s wait)
2020-02-12 16:22:24.751940 | waiting 0.75s
2020-02-12 16:22:25.504092 | > WORKER_WAIT (0.000s wait)
2020-02-12 16:22:25.504523 | waiting 0.75s
2020-02-12 16:22:26.256687 | > WORKER_WAIT (0.000s wait)
2020-02-12 16:22:26.257169 | waiting 0.75s
2020-02-12 16:22:27.009296 | > WORKER_WAIT (0.000s wait)
2020-02-12 16:22:27.009727 | waiting 0.75s
2020-02-12 16:22:27.761900 | > WORKER_WAIT (0.000s wait)
2020-02-12 16:22:27.762354 | waiting 0.75s
2020-02-12 16:22:28.514521 | > WORKER_WAIT (0.000s wait)
2020-02-12 16:22:28.515028 | waiting 0.75s
2020-02-12 16:22:29.267176 | > WORKER_WAIT (0.000s wait)
2020-02-12 16:22:29.267635 | waiting 0.75s
2020-02-12 16:22:30.019914 | > WORKER_WAIT (0.000s wait)
2020-02-12 16:22:30.020383 | waiting 0.75s
2020-02-12 16:22:30.772564 | > WORKER_WAIT (0.000s wait)
2020-02-12 16:22:30.773034 | waiting 0.75s
2020-02-12 16:22:31.525187 | > WORKER_WAIT (0.000s wait)
2020-02-12 16:22:31.525619 | waiting 0.75s
2020-02-12 16:22:32.277810 | > WORKER_WAIT (0.000s wait)
2020-02-12 16:22:32.278265 | waiting 0.75s
2020-02-12 16:22:33.030443 | > WORKER_WAIT (0.001s wait)
2020-02-12 16:22:33.030889 | waiting 0.75s
2020-02-12 16:22:33.783041 | > WORKER_WAIT (0.000s wait)
2020-02-12 16:22:33.783508 | waiting 0.75s
2020-02-12 16:22:34.535655 | > WORKER_WAIT (0.000s wait)
2020-02-12 16:22:34.536120 | waiting 0.75s
2020-02-12 16:22:35.287955 | > WORKER_WAIT (0.000s wait)
2020-02-12 16:22:35.288385 | waiting 0.75s
2020-02-12 16:22:36.040726 | > WORKER_WAIT (0.000s wait)
2020-02-12 16:22:36.041200 | waiting 0.75s
2020-02-12 16:22:36.793586 | > WORKER_WAIT (0.000s wait)
2020-02-12 16:22:36.794080 | waiting 0.75s
2020-02-12 16:22:37.546343 | > WORKER_WAIT (0.000s wait)
2020-02-12 16:22:37.546821 | waiting 0.75s
2020-02-12 16:22:38.307875 | > WORKER_WAIT (0.000s wait)
2020-02-12 16:22:38.308341 | waiting 0.75s
2020-02-12 16:22:39.060557 | > WORKER_WAIT (0.000s wait)
2020-02-12 16:22:39.061083 | waiting 0.75s
2020-02-12 16:22:39.813257 | > WORKER_WAIT (0.000s wait)
2020-02-12 16:22:39.813711 | waiting 0.75s
2020-02-12 16:22:40.565933 | > WORKER_WAIT (0.000s wait)
2020-02-12 16:22:40.566391 | waiting 0.75s
2020-02-12 16:22:41.318584 | > WORKER_WAIT (0.000s wait)
2020-02-12 16:22:41.319051 | waiting 0.75s
2020-02-12 16:22:42.071203 | > WORKER_WAIT (0.000s wait)
2020-02-12 16:22:42.071630 | waiting 0.75s
2020-02-12 16:22:42.823866 | > WORKER_WAIT (0.000s wait)
2020-02-12 16:22:42.824342 | waiting 0.75s
2020-02-12 16:22:43.576520 | > WORKER_WAIT (0.000s wait)
2020-02-12 16:22:43.576959 | waiting 0.75s
2020-02-12 16:22:44.329107 | > WORKER_WAIT (0.000s wait)
2020-02-12 16:22:44.329585 | waiting 0.75s
2020-02-12 16:22:45.081799 | > WORKER_WAIT (0.000s wait)
2020-02-12 16:22:45.082243 | waiting 0.75s
2020-02-12 16:22:45.834422 | > WORKER_WAIT (0.000s wait)
2020-02-12 16:22:45.834891 | waiting 0.75s
2020-02-12 16:22:46.587073 | > WORKER_WAIT (0.000s wait)
2020-02-12 16:22:46.587526 | waiting 0.75s
2020-02-12 16:22:47.339746 | > WORKER_WAIT (0.000s wait)
2020-02-12 16:22:47.340221 | waiting 0.75s
2020-02-12 16:22:48.092406 | > WORKER_WAIT (0.000s wait)
2020-02-12 16:22:48.092890 | waiting 0.75s
2020-02-12 16:22:48.845057 | > WORKER_WAIT (0.000s wait)
2020-02-12 16:22:48.845487 | waiting 0.75s
2020-02-12 16:22:49.597654 | > WORKER_WAIT (0.000s wait)
2020-02-12 16:22:49.598158 | waiting 0.75s
2020-02-12 16:22:50.350323 | > WORKER_WAIT (0.000s wait)
2020-02-12 16:22:50.350754 | waiting 0.75s
2020-02-12 16:22:51.102940 | > WORKER_WAIT (0.000s wait)
2020-02-12 16:22:51.103444 | waiting 0.75s
2020-02-12 16:22:51.855694 | > WORKER_WAIT (0.000s wait)
2020-02-12 16:22:51.856140 | waiting 0.75s
2020-02-12 16:22:52.608265 | > WORKER_WAIT (0.000s wait)
2020-02-12 16:22:52.608730 | waiting 0.75s
2020-02-12 16:22:53.360942 | > WORKER_WAIT (0.000s wait)
2020-02-12 16:22:53.361394 | waiting 0.75s
2020-02-12 16:22:54.113600 | > WORKER_WAIT (0.000s wait)
2020-02-12 16:22:54.114070 | waiting 0.75s
2020-02-12 16:22:54.866264 | > WORKER_WAIT (0.000s wait)
2020-02-12 16:22:54.866739 | waiting 0.75s
2020-02-12 16:22:55.618934 | > WORKER_WAIT (0.000s wait)
2020-02-12 16:22:55.619367 | waiting 0.75s
2020-02-12 16:22:56.371557 | > WORKER_WAIT (0.000s wait)
2020-02-12 16:22:56.372044 | waiting 0.75s
2020-02-12 16:22:57.124210 | > WORKER_WAIT (0.000s wait)
2020-02-12 16:22:57.124642 | waiting 0.75s
2020-02-12 16:22:57.876851 | > WORKER_WAIT (0.000s wait)
2020-02-12 16:22:57.877319 | waiting 0.75s
2020-02-12 16:22:58.629495 | > WORKER_WAIT (0.000s wait)
2020-02-12 16:22:58.629937 | waiting 0.75s
2020-02-12 16:22:59.382114 | > WORKER_WAIT (0.000s wait)
2020-02-12 16:22:59.382578 | waiting 0.75s
2020-02-12 16:23:00.134804 | > WORKER_WAIT (0.000s wait)
2020-02-12 16:23:00.135281 | waiting 0.75s
2020-02-12 16:23:00.887460 | > WORKER_WAIT (0.001s wait)
2020-02-12 16:23:00.887935 | waiting 0.75s
2020-02-12 16:23:01.640125 | > WORKER_WAIT (0.000s wait)
2020-02-12 16:23:01.640583 | waiting 0.75s
2020-02-12 16:23:02.392821 | > WORKER_WAIT (0.000s wait)
2020-02-12 16:23:02.393281 | waiting 0.75s
2020-02-12 16:23:03.145469 | > WORKER_WAIT (0.001s wait)
2020-02-12 16:23:03.145939 | waiting 0.75s
Error in clustermq:::worker("tcp://c28a-s7:7632") : 
  Timeout reached, terminating
Execution halted
