2020-01-21 10:48:11.940918 | Master: tcp://c24a-s1:7958
2020-01-21 10:48:11.961952 | WORKER_UP to: tcp://c24a-s1:7958
2020-01-21 10:48:17.826678 | > DO_SETUP (3.837s wait)
2020-01-21 10:48:17.828245 | token from msg: set_common_data_token
2020-01-21 10:48:19.562756 | > DO_CALL (0.000s wait)
.* Option 'clustermq.scheduler' not set, defaulting to ‘SLURM’
--- see: https://mschubert.github.io/clustermq/articles/userguide.html#configuration
2020-01-21 10:48:19.826043 | eval'd: drake::cmq_buildtargetmetadepsspecht_is_subtargetconfig
2020-01-21 10:48:26.287519 | > DO_CALL (0.000s wait)
.2020-01-21 10:48:26.649969 | eval'd: drake::cmq_buildtargetmetadepsspecht_is_subtargetconfig
2020-01-21 10:48:33.530651 | > DO_CALL (0.000s wait)
.2020-01-21 10:48:33.535983 | eval'd: drake::cmq_buildtargetmetadepsspecht_is_subtargetconfig
2020-01-21 10:48:40.138269 | > DO_CALL (0.001s wait)
.2020-01-21 10:48:40.143193 | eval'd: drake::cmq_buildtargetmetadepsspecht_is_subtargetconfig
2020-01-21 10:48:46.567232 | > DO_CALL (0.001s wait)
.2020-01-21 10:48:46.573713 | eval'd: drake::cmq_buildtargetmetadepsspecht_is_subtargetconfig
2020-01-21 10:48:52.853004 | > DO_CALL (0.000s wait)
.2020-01-21 10:48:52.858510 | eval'd: drake::cmq_buildtargetmetadepsspecht_is_subtargetconfig
2020-01-21 10:49:00.209241 | > DO_CALL (0.001s wait)
.2020-01-21 10:49:00.214165 | eval'd: drake::cmq_buildtargetmetadepsspecht_is_subtargetconfig
2020-01-21 10:49:07.581338 | > DO_CALL (0.001s wait)
.2020-01-21 10:49:07.588577 | eval'd: drake::cmq_buildtargetmetadepsspecht_is_subtargetconfig
2020-01-21 10:49:15.721027 | > DO_CALL (0.000s wait)
.2020-01-21 10:49:15.728254 | eval'd: drake::cmq_buildtargetmetadepsspecht_is_subtargetconfig
2020-01-21 10:49:22.539818 | > DO_CALL (0.000s wait)
.2020-01-21 10:49:22.546776 | eval'd: drake::cmq_buildtargetmetadepsspecht_is_subtargetconfig
2020-01-21 10:49:28.559185 | > DO_CALL (0.001s wait)
.2020-01-21 10:49:28.565499 | eval'd: drake::cmq_buildtargetmetadepsspecht_is_subtargetconfig
2020-01-21 10:49:34.650586 | > DO_CALL (0.000s wait)
.2020-01-21 10:49:34.655992 | eval'd: drake::cmq_buildtargetmetadepsspecht_is_subtargetconfig
2020-01-21 10:49:40.931991 | > DO_CALL (0.000s wait)
.2020-01-21 10:49:40.938485 | eval'd: drake::cmq_buildtargetmetadepsspecht_is_subtargetconfig
2020-01-21 10:49:47.379031 | > DO_CALL (0.000s wait)
.2020-01-21 10:49:47.385064 | eval'd: drake::cmq_buildtargetmetadepsspecht_is_subtargetconfig
2020-01-21 10:49:53.851550 | > DO_CALL (0.001s wait)
.2020-01-21 10:49:53.859276 | eval'd: drake::cmq_buildtargetmetadepsspecht_is_subtargetconfig
2020-01-21 10:49:59.967706 | > DO_CALL (0.000s wait)
.2020-01-21 10:49:59.973462 | eval'd: drake::cmq_buildtargetmetadepsspecht_is_subtargetconfig
2020-01-21 10:50:05.422820 | > DO_CALL (0.000s wait)
.2020-01-21 10:50:05.428534 | eval'd: drake::cmq_buildtargetmetadepsspecht_is_subtargetconfig
2020-01-21 10:50:11.075426 | > DO_CALL (0.001s wait)
.2020-01-21 10:50:11.080891 | eval'd: drake::cmq_buildtargetmetadepsspecht_is_subtargetconfig
2020-01-21 10:50:18.293469 | > DO_CALL (0.001s wait)
.2020-01-21 10:50:18.298875 | eval'd: drake::cmq_buildtargetmetadepsspecht_is_subtargetconfig
2020-01-21 10:50:23.380164 | > DO_CALL (0.001s wait)
.2020-01-21 10:50:23.386213 | eval'd: drake::cmq_buildtargetmetadepsspecht_is_subtargetconfig
2020-01-21 10:50:28.403309 | > DO_CALL (0.001s wait)
.2020-01-21 10:50:28.408981 | eval'd: drake::cmq_buildtargetmetadepsspecht_is_subtargetconfig
2020-01-21 10:50:34.118299 | > DO_CALL (0.001s wait)
.2020-01-21 10:50:34.122896 | eval'd: drake::cmq_buildtargetmetadepsspecht_is_subtargetconfig
2020-01-21 10:50:40.842486 | > DO_CALL (0.001s wait)
.2020-01-21 10:50:40.849409 | eval'd: drake::cmq_buildtargetmetadepsspecht_is_subtargetconfig
2020-01-21 10:50:46.479261 | > DO_CALL (0.001s wait)
.2020-01-21 10:50:46.486413 | eval'd: drake::cmq_buildtargetmetadepsspecht_is_subtargetconfig
2020-01-21 10:50:51.957271 | > DO_CALL (0.001s wait)
.2020-01-21 10:50:51.963559 | eval'd: drake::cmq_buildtargetmetadepsspecht_is_subtargetconfig
2020-01-21 10:50:57.203461 | > DO_CALL (0.001s wait)
.2020-01-21 10:50:57.210055 | eval'd: drake::cmq_buildtargetmetadepsspecht_is_subtargetconfig
2020-01-21 10:51:02.223654 | > DO_CALL (0.001s wait)
.2020-01-21 10:51:02.228872 | eval'd: drake::cmq_buildtargetmetadepsspecht_is_subtargetconfig
2020-01-21 10:51:08.344226 | > DO_CALL (0.001s wait)
.2020-01-21 10:51:08.350954 | eval'd: drake::cmq_buildtargetmetadepsspecht_is_subtargetconfig
2020-01-21 10:51:14.506071 | > DO_CALL (0.000s wait)
.2020-01-21 10:51:14.511837 | eval'd: drake::cmq_buildtargetmetadepsspecht_is_subtargetconfig
2020-01-21 10:51:20.488385 | > DO_CALL (0.001s wait)
.2020-01-21 10:51:20.496262 | eval'd: drake::cmq_buildtargetmetadepsspecht_is_subtargetconfig
2020-01-21 10:51:26.385266 | > DO_CALL (0.001s wait)
.2020-01-21 10:51:26.392244 | eval'd: drake::cmq_buildtargetmetadepsspecht_is_subtargetconfig
2020-01-21 10:51:31.943937 | > DO_CALL (0.000s wait)
.2020-01-21 10:51:31.951405 | eval'd: drake::cmq_buildtargetmetadepsspecht_is_subtargetconfig
2020-01-21 10:51:36.048120 | > DO_CALL (0.000s wait)
.2020-01-21 10:51:36.055714 | eval'd: drake::cmq_buildtargetmetadepsspecht_is_subtargetconfig
2020-01-21 10:51:40.844448 | > DO_CALL (0.001s wait)
.2020-01-21 10:51:40.852404 | eval'd: drake::cmq_buildtargetmetadepsspecht_is_subtargetconfig
2020-01-21 10:51:45.914347 | > DO_CALL (0.001s wait)
.2020-01-21 10:51:45.923327 | eval'd: drake::cmq_buildtargetmetadepsspecht_is_subtargetconfig
2020-01-21 10:51:50.987711 | > DO_CALL (0.001s wait)
.2020-01-21 10:51:50.996188 | eval'd: drake::cmq_buildtargetmetadepsspecht_is_subtargetconfig
2020-01-21 10:51:56.815314 | > DO_CALL (0.001s wait)
.2020-01-21 10:51:56.823271 | eval'd: drake::cmq_buildtargetmetadepsspecht_is_subtargetconfig
2020-01-21 10:52:01.438677 | > DO_CALL (0.001s wait)
.2020-01-21 10:52:01.444779 | eval'd: drake::cmq_buildtargetmetadepsspecht_is_subtargetconfig
2020-01-21 10:52:06.952841 | > DO_CALL (0.001s wait)
.2020-01-21 10:52:06.960407 | eval'd: drake::cmq_buildtargetmetadepsspecht_is_subtargetconfig
2020-01-21 10:52:12.065254 | > DO_CALL (0.001s wait)
.2020-01-21 10:52:12.072767 | eval'd: drake::cmq_buildtargetmetadepsspecht_is_subtargetconfig
2020-01-21 10:52:16.688123 | > DO_CALL (0.000s wait)
.2020-01-21 10:52:16.693767 | eval'd: drake::cmq_buildtargetmetadepsspecht_is_subtargetconfig
2020-01-21 10:52:22.773191 | > DO_CALL (0.001s wait)
.2020-01-21 10:52:22.778414 | eval'd: drake::cmq_buildtargetmetadepsspecht_is_subtargetconfig
2020-01-21 10:52:28.705291 | > DO_CALL (0.001s wait)
.2020-01-21 10:52:28.713668 | eval'd: drake::cmq_buildtargetmetadepsspecht_is_subtargetconfig
2020-01-21 10:52:34.562144 | > DO_CALL (0.001s wait)
.2020-01-21 10:52:34.567702 | eval'd: drake::cmq_buildtargetmetadepsspecht_is_subtargetconfig
2020-01-21 10:52:39.328385 | > DO_CALL (0.001s wait)
.2020-01-21 10:52:39.337897 | eval'd: drake::cmq_buildtargetmetadepsspecht_is_subtargetconfig
2020-01-21 10:52:44.054150 | > DO_CALL (0.001s wait)
.2020-01-21 10:52:44.061252 | eval'd: drake::cmq_buildtargetmetadepsspecht_is_subtargetconfig
2020-01-21 10:52:48.422193 | > DO_CALL (0.001s wait)
.2020-01-21 10:52:48.427812 | eval'd: drake::cmq_buildtargetmetadepsspecht_is_subtargetconfig
2020-01-21 10:52:53.219369 | > DO_CALL (0.001s wait)
.2020-01-21 10:52:53.228095 | eval'd: drake::cmq_buildtargetmetadepsspecht_is_subtargetconfig
2020-01-21 10:52:57.683633 | > DO_CALL (0.001s wait)
.2020-01-21 10:52:57.690828 | eval'd: drake::cmq_buildtargetmetadepsspecht_is_subtargetconfig
2020-01-21 10:53:02.547135 | > DO_CALL (0.000s wait)
.2020-01-21 10:53:02.554923 | eval'd: drake::cmq_buildtargetmetadepsspecht_is_subtargetconfig
2020-01-21 10:53:07.081056 | > DO_CALL (0.001s wait)
.2020-01-21 10:53:07.089509 | eval'd: drake::cmq_buildtargetmetadepsspecht_is_subtargetconfig
2020-01-21 10:53:12.081289 | > DO_CALL (0.001s wait)
.2020-01-21 10:53:12.089799 | eval'd: drake::cmq_buildtargetmetadepsspecht_is_subtargetconfig
2020-01-21 10:53:16.344245 | > DO_CALL (0.001s wait)
.2020-01-21 10:53:16.352766 | eval'd: drake::cmq_buildtargetmetadepsspecht_is_subtargetconfig
2020-01-21 10:53:21.135491 | > DO_CALL (0.001s wait)
.2020-01-21 10:53:21.141301 | eval'd: drake::cmq_buildtargetmetadepsspecht_is_subtargetconfig
2020-01-21 10:53:27.879560 | > DO_CALL (0.001s wait)
.2020-01-21 10:53:27.886184 | eval'd: drake::cmq_buildtargetmetadepsspecht_is_subtargetconfig
2020-01-21 10:53:32.384082 | > DO_CALL (0.000s wait)
.
2020-01-21 10:53:32.389333 | eval'd: drake::cmq_buildtargetmetadepsspecht_is_subtargetconfig
2020-01-21 10:53:37.290574 | > DO_CALL (0.001s wait)
.2020-01-21 10:53:37.297239 | eval'd: drake::cmq_buildtargetmetadepsspecht_is_subtargetconfig
2020-01-21 10:53:41.756082 | > DO_CALL (0.001s wait)
.2020-01-21 10:53:41.763330 | eval'd: drake::cmq_buildtargetmetadepsspecht_is_subtargetconfig
2020-01-21 10:53:46.206514 | > DO_CALL (0.001s wait)
.2020-01-21 10:53:46.214714 | eval'd: drake::cmq_buildtargetmetadepsspecht_is_subtargetconfig
2020-01-21 10:53:50.831112 | > DO_CALL (0.000s wait)
.2020-01-21 10:53:50.837437 | eval'd: drake::cmq_buildtargetmetadepsspecht_is_subtargetconfig
2020-01-21 10:53:55.010336 | > DO_CALL (0.001s wait)
.2020-01-21 10:53:55.016889 | eval'd: drake::cmq_buildtargetmetadepsspecht_is_subtargetconfig
2020-01-21 10:53:59.165016 | > DO_CALL (0.000s wait)
.2020-01-21 10:53:59.170090 | eval'd: drake::cmq_buildtargetmetadepsspecht_is_subtargetconfig
2020-01-21 10:54:03.453118 | > DO_CALL (0.000s wait)
.2020-01-21 10:54:03.462384 | eval'd: drake::cmq_buildtargetmetadepsspecht_is_subtargetconfig
2020-01-21 10:54:07.978541 | > DO_CALL (0.001s wait)
.2020-01-21 10:54:07.986317 | eval'd: drake::cmq_buildtargetmetadepsspecht_is_subtargetconfig
2020-01-21 10:54:12.811048 | > DO_CALL (0.000s wait)
.2020-01-21 10:54:12.816214 | eval'd: drake::cmq_buildtargetmetadepsspecht_is_subtargetconfig
2020-01-21 10:54:17.032243 | > DO_CALL (0.001s wait)
.2020-01-21 10:54:17.039108 | eval'd: drake::cmq_buildtargetmetadepsspecht_is_subtargetconfig
2020-01-21 10:54:21.392922 | > DO_CALL (0.001s wait)
.2020-01-21 10:54:21.400840 | eval'd: drake::cmq_buildtargetmetadepsspecht_is_subtargetconfig
2020-01-21 10:54:26.816329 | > DO_CALL (0.001s wait)
.2020-01-21 10:54:26.822574 | eval'd: drake::cmq_buildtargetmetadepsspecht_is_subtargetconfig
2020-01-21 10:54:33.112322 | > DO_CALL (0.001s wait)
.2020-01-21 10:54:33.117999 | eval'd: drake::cmq_buildtargetmetadepsspecht_is_subtargetconfig
2020-01-21 10:54:37.338577 | > DO_CALL (0.001s wait)
.2020-01-21 10:54:37.346773 | eval'd: drake::cmq_buildtargetmetadepsspecht_is_subtargetconfig
2020-01-21 10:54:41.598407 | > DO_CALL (0.001s wait)
.2020-01-21 10:54:41.604840 | eval'd: drake::cmq_buildtargetmetadepsspecht_is_subtargetconfig
2020-01-21 10:54:45.613645 | > DO_CALL (0.001s wait)
.2020-01-21 10:54:45.623997 | eval'd: drake::cmq_buildtargetmetadepsspecht_is_subtargetconfig
2020-01-21 10:54:49.616994 | > DO_CALL (0.001s wait)
.2020-01-21 10:54:49.624149 | eval'd: drake::cmq_buildtargetmetadepsspecht_is_subtargetconfig
2020-01-21 10:54:53.461546 | > DO_CALL (0.001s wait)
.2020-01-21 10:54:53.469389 | eval'd: drake::cmq_buildtargetmetadepsspecht_is_subtargetconfig
2020-01-21 10:54:57.640166 | > DO_CALL (0.002s wait)
.2020-01-21 10:54:57.662086 | eval'd: drake::cmq_buildtargetmetadepsspecht_is_subtargetconfig
2020-01-21 10:55:01.771094 | > DO_CALL (0.000s wait)
.2020-01-21 10:55:01.776160 | eval'd: drake::cmq_buildtargetmetadepsspecht_is_subtargetconfig
2020-01-21 10:55:06.207834 | > DO_CALL (0.001s wait)
.2020-01-21 10:55:06.215095 | eval'd: drake::cmq_buildtargetmetadepsspecht_is_subtargetconfig
2020-01-21 10:55:10.440268 | > DO_CALL (0.001s wait)
.2020-01-21 10:55:10.447174 | eval'd: drake::cmq_buildtargetmetadepsspecht_is_subtargetconfig
2020-01-21 10:55:14.317881 | > DO_CALL (0.001s wait)
.2020-01-21 10:55:14.323571 | eval'd: drake::cmq_buildtargetmetadepsspecht_is_subtargetconfig
2020-01-21 10:55:18.237492 | > DO_CALL (0.001s wait)
.2020-01-21 10:55:18.242738 | eval'd: drake::cmq_buildtargetmetadepsspecht_is_subtargetconfig
2020-01-21 10:55:22.292998 | > DO_CALL (0.000s wait)
.2020-01-21 10:55:22.297473 | eval'd: drake::cmq_buildtargetmetadepsspecht_is_subtargetconfig
2020-01-21 10:55:26.239010 | > DO_CALL (0.000s wait)
.2020-01-21 10:55:26.244341 | eval'd: drake::cmq_buildtargetmetadepsspecht_is_subtargetconfig
2020-01-21 10:55:30.719245 | > DO_CALL (0.001s wait)
.2020-01-21 10:55:30.724119 | eval'd: drake::cmq_buildtargetmetadepsspecht_is_subtargetconfig
2020-01-21 10:55:37.422893 | > DO_CALL (0.001s wait)
.2020-01-21 10:55:37.430141 | eval'd: drake::cmq_buildtargetmetadepsspecht_is_subtargetconfig
2020-01-21 10:55:42.188245 | > DO_CALL (0.001s wait)
.2020-01-21 10:55:42.193402 | eval'd: drake::cmq_buildtargetmetadepsspecht_is_subtargetconfig
2020-01-21 10:55:46.173206 | > DO_CALL (0.001s wait)
.2020-01-21 10:55:46.180294 | eval'd: drake::cmq_buildtargetmetadepsspecht_is_subtargetconfig
2020-01-21 10:55:49.990982 | > DO_CALL (0.001s wait)
.2020-01-21 10:55:49.997909 | eval'd: drake::cmq_buildtargetmetadepsspecht_is_subtargetconfig
2020-01-21 10:55:54.326829 | > DO_CALL (0.000s wait)
.2020-01-21 10:55:54.332629 | eval'd: drake::cmq_buildtargetmetadepsspecht_is_subtargetconfig
2020-01-21 10:55:57.964056 | > DO_CALL (0.000s wait)
.2020-01-21 10:55:57.968595 | eval'd: drake::cmq_buildtargetmetadepsspecht_is_subtargetconfig
2020-01-21 10:56:01.847072 | > DO_CALL (0.000s wait)
.2020-01-21 10:56:01.851675 | eval'd: drake::cmq_buildtargetmetadepsspecht_is_subtargetconfig
2020-01-21 10:56:05.755053 | > DO_CALL (0.000s wait)
.2020-01-21 10:56:05.760110 | eval'd: drake::cmq_buildtargetmetadepsspecht_is_subtargetconfig
2020-01-21 10:56:09.967813 | > DO_CALL (0.001s wait)
.2020-01-21 10:56:09.973566 | eval'd: drake::cmq_buildtargetmetadepsspecht_is_subtargetconfig
2020-01-21 10:56:14.113981 | > DO_CALL (0.000s wait)
.2020-01-21 10:56:14.118386 | eval'd: drake::cmq_buildtargetmetadepsspecht_is_subtargetconfig
2020-01-21 10:56:18.841083 | > DO_CALL (0.000s wait)
.2020-01-21 10:56:18.845757 | eval'd: drake::cmq_buildtargetmetadepsspecht_is_subtargetconfig
2020-01-21 10:56:22.696856 | > DO_CALL (0.001s wait)
.2020-01-21 10:56:22.703362 | eval'd: drake::cmq_buildtargetmetadepsspecht_is_subtargetconfig
2020-01-21 10:56:26.968451 | > DO_CALL (0.001s wait)
.2020-01-21 10:56:26.974784 | eval'd: drake::cmq_buildtargetmetadepsspecht_is_subtargetconfig
2020-01-21 10:56:31.230065 | > DO_CALL (0.000s wait)
.2020-01-21 10:56:31.234911 | eval'd: drake::cmq_buildtargetmetadepsspecht_is_subtargetconfig
2020-01-21 10:56:37.444862 | > DO_CALL (0.001s wait)
.2020-01-21 10:56:37.451298 | eval'd: drake::cmq_buildtargetmetadepsspecht_is_subtargetconfig
2020-01-21 10:56:41.302269 | > DO_CALL (0.001s wait)
.2020-01-21 10:56:41.307622 | eval'd: drake::cmq_buildtargetmetadepsspecht_is_subtargetconfig
2020-01-21 10:56:46.097302 | > DO_CALL (0.001s wait)
.2020-01-21 10:56:46.102862 | eval'd: drake::cmq_buildtargetmetadepsspecht_is_subtargetconfig
2020-01-21 10:56:50.029517 | > DO_CALL (0.001s wait)
.2020-01-21 10:56:50.034875 | eval'd: drake::cmq_buildtargetmetadepsspecht_is_subtargetconfig
2020-01-21 10:56:53.792021 | > DO_CALL (0.000s wait)
.2020-01-21 10:56:53.796957 | eval'd: drake::cmq_buildtargetmetadepsspecht_is_subtargetconfig
2020-01-21 10:56:57.787410 | > DO_CALL (0.001s wait)
.2020-01-21 10:56:57.793032 | eval'd: drake::cmq_buildtargetmetadepsspecht_is_subtargetconfig
2020-01-21 10:57:02.448686 | > DO_CALL (0.001s wait)
.2020-01-21 10:57:02.454426 | eval'd: drake::cmq_buildtargetmetadepsspecht_is_subtargetconfig
2020-01-21 10:57:06.743317 | > DO_CALL (0.001s wait)
.2020-01-21 10:57:06.748989 | eval'd: drake::cmq_buildtargetmetadepsspecht_is_subtargetconfig
2020-01-21 10:57:10.860194 | > DO_CALL (0.001s wait)
.2020-01-21 10:57:10.865087 | eval'd: drake::cmq_buildtargetmetadepsspecht_is_subtargetconfig
2020-01-21 10:57:14.725977 | > DO_CALL (0.000s wait)
.2020-01-21 10:57:14.730974 | eval'd: drake::cmq_buildtargetmetadepsspecht_is_subtargetconfig
2020-01-21 10:57:18.829821 | > DO_CALL (0.001s wait)
.2020-01-21 10:57:18.836232 | eval'd: drake::cmq_buildtargetmetadepsspecht_is_subtargetconfig
2020-01-21 10:57:23.492521 | > DO_CALL (0.001s wait)
.2020-01-21 10:57:23.497992 | eval'd: drake::cmq_buildtargetmetadepsspecht_is_subtargetconfig
2020-01-21 10:57:27.771093 | > DO_CALL (0.000s wait)
.2020-01-21 10:57:27.776694 | eval'd: drake::cmq_buildtargetmetadepsspecht_is_subtargetconfig
2020-01-21 10:57:31.667271 | > DO_CALL (0.001s wait)
.2020-01-21 10:57:31.672266 | eval'd: drake::cmq_buildtargetmetadepsspecht_is_subtargetconfig
2020-01-21 10:57:35.454737 | > DO_CALL (0.001s wait)
.2020-01-21 10:57:35.461449 | eval'd: drake::cmq_buildtargetmetadepsspecht_is_subtargetconfig
2020-01-21 10:57:41.504477 | > DO_CALL (0.001s wait)
.2020-01-21 10:57:41.510442 | eval'd: drake::cmq_buildtargetmetadepsspecht_is_subtargetconfig
2020-01-21 10:57:45.744136 | > DO_CALL (0.001s wait)
.2020-01-21 10:57:45.749917 | eval'd: drake::cmq_buildtargetmetadepsspecht_is_subtargetconfig
2020-01-21 10:57:49.604971 | > DO_CALL (0.000s wait)
.2020-01-21 10:57:49.609490 | eval'd: drake::cmq_buildtargetmetadepsspecht_is_subtargetconfig
2020-01-21 10:57:53.871826 | > DO_CALL (0.001s wait)
.2020-01-21 10:57:53.880707 | eval'd: drake::cmq_buildtargetmetadepsspecht_is_subtargetconfig
2020-01-21 10:57:57.947316 | > DO_CALL (0.001s wait)
.2020-01-21 10:57:57.952359 | eval'd: drake::cmq_buildtargetmetadepsspecht_is_subtargetconfig
2020-01-21 10:58:02.563513 | > DO_CALL (0.001s wait)
.2020-01-21 10:58:02.569452 | eval'd: drake::cmq_buildtargetmetadepsspecht_is_subtargetconfig
2020-01-21 10:58:06.524959 | > DO_CALL (0.000s wait)
.2020-01-21 10:58:06.530366 | eval'd: drake::cmq_buildtargetmetadepsspecht_is_subtargetconfig
2020-01-21 10:58:10.570928 | > DO_CALL (0.000s wait)
.2020-01-21 10:58:10.575341 | eval'd: drake::cmq_buildtargetmetadepsspecht_is_subtargetconfig
2020-01-21 10:58:14.445995 | > DO_CALL (0.001s wait)
.2020-01-21 10:58:14.454096 | eval'd: drake::cmq_buildtargetmetadepsspecht_is_subtargetconfig
2020-01-21 10:58:18.217523 | > DO_CALL (0.001s wait)
.2020-01-21 10:58:18.223305 | eval'd: drake::cmq_buildtargetmetadepsspecht_is_subtargetconfig
2020-01-21 10:58:21.954014 | > DO_CALL (0.000s wait)
.2020-01-21 10:58:21.958998 | eval'd: drake::cmq_buildtargetmetadepsspecht_is_subtargetconfig
2020-01-21 10:58:26.029666 | > DO_CALL (0.001s wait)
.2020-01-21 10:58:26.036413 | eval'd: drake::cmq_buildtargetmetadepsspecht_is_subtargetconfig
2020-01-21 10:58:29.814014 | > DO_CALL (0.000s wait)
.2020-01-21 10:58:29.818688 | eval'd: drake::cmq_buildtargetmetadepsspecht_is_subtargetconfig
2020-01-21 10:58:33.419814 | > DO_CALL (0.001s wait)
.2020-01-21 10:58:33.425731 | eval'd: drake::cmq_buildtargetmetadepsspecht_is_subtargetconfig
2020-01-21 10:58:37.420174 | > DO_CALL (0.001s wait)
.2020-01-21 10:58:37.425096 | eval'd: drake::cmq_buildtargetmetadepsspecht_is_subtargetconfig
2020-01-21 10:58:43.538442 | > DO_CALL (0.001s wait)
.2020-01-21 10:58:43.545454 | eval'd: drake::cmq_buildtargetmetadepsspecht_is_subtargetconfig
2020-01-21 10:58:47.589585 | > DO_CALL (0.001s wait)
.2020-01-21 10:58:47.595571 | eval'd: drake::cmq_buildtargetmetadepsspecht_is_subtargetconfig
2020-01-21 10:58:51.459910 | > DO_CALL (0.001s wait)
.2020-01-21 10:58:51.466676 | eval'd: drake::cmq_buildtargetmetadepsspecht_is_subtargetconfig
2020-01-21 10:58:55.602755 | > DO_CALL (0.001s wait)
.2020-01-21 10:58:55.610076 | eval'd: drake::cmq_buildtargetmetadepsspecht_is_subtargetconfig
2020-01-21 10:59:00.360281 | > DO_CALL (0.001s wait)
.2020-01-21 10:59:00.365836 | eval'd: drake::cmq_buildtargetmetadepsspecht_is_subtargetconfig
2020-01-21 10:59:04.378522 | > DO_CALL (0.001s wait)
.2020-01-21 10:59:04.384047 | eval'd: drake::cmq_buildtargetmetadepsspecht_is_subtargetconfig
2020-01-21 10:59:08.208192 | > DO_CALL (0.001s wait)
.2020-01-21 10:59:08.213320 | eval'd: drake::cmq_buildtargetmetadepsspecht_is_subtargetconfig
2020-01-21 10:59:12.108763 | > DO_CALL (0.001s wait)
.
2020-01-21 10:59:12.115008 | eval'd: drake::cmq_buildtargetmetadepsspecht_is_subtargetconfig
2020-01-21 10:59:15.965027 | > DO_CALL (0.000s wait)
.2020-01-21 10:59:15.970724 | eval'd: drake::cmq_buildtargetmetadepsspecht_is_subtargetconfig
2020-01-21 10:59:19.966924 | > DO_CALL (0.000s wait)
.2020-01-21 10:59:19.971970 | eval'd: drake::cmq_buildtargetmetadepsspecht_is_subtargetconfig
2020-01-21 10:59:24.008915 | > DO_CALL (0.000s wait)
.2020-01-21 10:59:24.013383 | eval'd: drake::cmq_buildtargetmetadepsspecht_is_subtargetconfig
2020-01-21 10:59:28.691455 | > DO_CALL (0.001s wait)
.2020-01-21 10:59:28.697919 | eval'd: drake::cmq_buildtargetmetadepsspecht_is_subtargetconfig
2020-01-21 10:59:32.606575 | > DO_CALL (0.001s wait)
.2020-01-21 10:59:32.612744 | eval'd: drake::cmq_buildtargetmetadepsspecht_is_subtargetconfig
2020-01-21 10:59:36.302078 | > DO_CALL (0.000s wait)
.2020-01-21 10:59:36.308032 | eval'd: drake::cmq_buildtargetmetadepsspecht_is_subtargetconfig
2020-01-21 10:59:40.192665 | > DO_CALL (0.001s wait)
.2020-01-21 10:59:40.198312 | eval'd: drake::cmq_buildtargetmetadepsspecht_is_subtargetconfig
2020-01-21 10:59:45.699691 | > DO_CALL (0.001s wait)
.2020-01-21 10:59:45.707152 | eval'd: drake::cmq_buildtargetmetadepsspecht_is_subtargetconfig
2020-01-21 10:59:50.237841 | > DO_CALL (0.001s wait)
.2020-01-21 10:59:50.243709 | eval'd: drake::cmq_buildtargetmetadepsspecht_is_subtargetconfig
2020-01-21 10:59:54.033714 | > DO_CALL (0.001s wait)
.2020-01-21 10:59:54.039620 | eval'd: drake::cmq_buildtargetmetadepsspecht_is_subtargetconfig
2020-01-21 10:59:57.810553 | > DO_CALL (0.001s wait)
.2020-01-21 10:59:57.816045 | eval'd: drake::cmq_buildtargetmetadepsspecht_is_subtargetconfig
2020-01-21 11:00:01.734970 | > DO_CALL (0.001s wait)
.2020-01-21 11:00:01.741176 | eval'd: drake::cmq_buildtargetmetadepsspecht_is_subtargetconfig
2020-01-21 11:00:05.475016 | > DO_CALL (0.001s wait)
.2020-01-21 11:00:05.481970 | eval'd: drake::cmq_buildtargetmetadepsspecht_is_subtargetconfig
2020-01-21 11:00:09.029993 | > DO_CALL (0.000s wait)
.2020-01-21 11:00:09.035373 | eval'd: drake::cmq_buildtargetmetadepsspecht_is_subtargetconfig
2020-01-21 11:00:12.694422 | > DO_CALL (0.001s wait)
.2020-01-21 11:00:12.716855 | eval'd: drake::cmq_buildtargetmetadepsspecht_is_subtargetconfig
2020-01-21 11:00:16.408097 | > DO_CALL (0.000s wait)
.2020-01-21 11:00:16.412590 | eval'd: drake::cmq_buildtargetmetadepsspecht_is_subtargetconfig
2020-01-21 11:00:20.158661 | > DO_CALL (0.001s wait)
.2020-01-21 11:00:20.164239 | eval'd: drake::cmq_buildtargetmetadepsspecht_is_subtargetconfig
2020-01-21 11:00:24.178412 | > DO_CALL (0.001s wait)
.2020-01-21 11:00:24.183518 | eval'd: drake::cmq_buildtargetmetadepsspecht_is_subtargetconfig
2020-01-21 11:00:28.055030 | > DO_CALL (0.000s wait)
.2020-01-21 11:00:28.060128 | eval'd: drake::cmq_buildtargetmetadepsspecht_is_subtargetconfig
2020-01-21 11:00:32.584436 | > DO_CALL (0.001s wait)
.2020-01-21 11:00:32.589985 | eval'd: drake::cmq_buildtargetmetadepsspecht_is_subtargetconfig
2020-01-21 11:00:36.645825 | > DO_CALL (0.001s wait)
.2020-01-21 11:00:36.652325 | eval'd: drake::cmq_buildtargetmetadepsspecht_is_subtargetconfig
2020-01-21 11:00:40.535818 | > DO_CALL (0.001s wait)
.2020-01-21 11:00:40.541701 | eval'd: drake::cmq_buildtargetmetadepsspecht_is_subtargetconfig
2020-01-21 11:00:44.277913 | > DO_CALL (0.000s wait)
.2020-01-21 11:00:44.282295 | eval'd: drake::cmq_buildtargetmetadepsspecht_is_subtargetconfig
2020-01-21 11:00:50.011969 | > DO_CALL (0.000s wait)
.2020-01-21 11:00:50.016845 | eval'd: drake::cmq_buildtargetmetadepsspecht_is_subtargetconfig
2020-01-21 11:00:53.977464 | > DO_CALL (0.001s wait)
.2020-01-21 11:00:53.982789 | eval'd: drake::cmq_buildtargetmetadepsspecht_is_subtargetconfig
2020-01-21 11:00:58.024996 | > DO_CALL (0.000s wait)
.2020-01-21 11:00:58.029562 | eval'd: drake::cmq_buildtargetmetadepsspecht_is_subtargetconfig
2020-01-21 11:01:02.504028 | > DO_CALL (0.000s wait)
.2020-01-21 11:01:02.509422 | eval'd: drake::cmq_buildtargetmetadepsspecht_is_subtargetconfig
2020-01-21 11:01:06.590037 | > DO_CALL (0.000s wait)
.2020-01-21 11:01:06.595824 | eval'd: drake::cmq_buildtargetmetadepsspecht_is_subtargetconfig
2020-01-21 11:01:10.478832 | > DO_CALL (0.001s wait)
.2020-01-21 11:01:10.484632 | eval'd: drake::cmq_buildtargetmetadepsspecht_is_subtargetconfig
2020-01-21 11:01:14.639320 | > DO_CALL (0.001s wait)
.2020-01-21 11:01:14.645693 | eval'd: drake::cmq_buildtargetmetadepsspecht_is_subtargetconfig
2020-01-21 11:01:18.627002 | > DO_CALL (0.001s wait)
.2020-01-21 11:01:18.633889 | eval'd: drake::cmq_buildtargetmetadepsspecht_is_subtargetconfig
2020-01-21 11:01:22.190563 | > DO_CALL (0.001s wait)
.2020-01-21 11:01:22.196005 | eval'd: drake::cmq_buildtargetmetadepsspecht_is_subtargetconfig
2020-01-21 11:01:25.956488 | > DO_CALL (0.001s wait)
.2020-01-21 11:01:25.962259 | eval'd: drake::cmq_buildtargetmetadepsspecht_is_subtargetconfig
2020-01-21 11:01:29.678571 | > DO_CALL (0.001s wait)
.2020-01-21 11:01:29.685837 | eval'd: drake::cmq_buildtargetmetadepsspecht_is_subtargetconfig
2020-01-21 11:01:34.093962 | > DO_CALL (0.000s wait)
.2020-01-21 11:01:34.099431 | eval'd: drake::cmq_buildtargetmetadepsspecht_is_subtargetconfig
2020-01-21 11:01:37.757992 | > DO_CALL (0.000s wait)
.2020-01-21 11:01:37.762986 | eval'd: drake::cmq_buildtargetmetadepsspecht_is_subtargetconfig
2020-01-21 11:01:41.398582 | > DO_CALL (0.001s wait)
.2020-01-21 11:01:41.404968 | eval'd: drake::cmq_buildtargetmetadepsspecht_is_subtargetconfig
2020-01-21 11:01:45.013234 | > DO_CALL (0.001s wait)
.2020-01-21 11:01:45.019107 | eval'd: drake::cmq_buildtargetmetadepsspecht_is_subtargetconfig
2020-01-21 11:01:48.653357 | > DO_CALL (0.001s wait)
.2020-01-21 11:01:48.658923 | eval'd: drake::cmq_buildtargetmetadepsspecht_is_subtargetconfig
2020-01-21 11:01:54.421961 | > DO_CALL (0.000s wait)
.2020-01-21 11:01:54.427382 | eval'd: drake::cmq_buildtargetmetadepsspecht_is_subtargetconfig
2020-01-21 11:01:58.158962 | > DO_CALL (0.001s wait)
.2020-01-21 11:01:58.166487 | eval'd: drake::cmq_buildtargetmetadepsspecht_is_subtargetconfig
2020-01-21 11:02:02.086168 | > DO_CALL (0.001s wait)
.2020-01-21 11:02:02.091749 | eval'd: drake::cmq_buildtargetmetadepsspecht_is_subtargetconfig
2020-01-21 11:02:05.744661 | > DO_CALL (0.001s wait)
.2020-01-21 11:02:05.751563 | eval'd: drake::cmq_buildtargetmetadepsspecht_is_subtargetconfig
2020-01-21 11:02:09.367403 | > DO_CALL (0.001s wait)
.2020-01-21 11:02:09.372761 | eval'd: drake::cmq_buildtargetmetadepsspecht_is_subtargetconfig
2020-01-21 11:02:13.183509 | > DO_CALL (0.001s wait)
.2020-01-21 11:02:13.189044 | eval'd: drake::cmq_buildtargetmetadepsspecht_is_subtargetconfig
2020-01-21 11:02:17.043821 | > DO_CALL (0.001s wait)
.2020-01-21 11:02:17.050149 | eval'd: drake::cmq_buildtargetmetadepsspecht_is_subtargetconfig
2020-01-21 11:02:20.987992 | > DO_CALL (0.000s wait)
.2020-01-21 11:02:20.992966 | eval'd: drake::cmq_buildtargetmetadepsspecht_is_subtargetconfig
2020-01-21 11:02:24.784468 | > DO_CALL (0.001s wait)
.2020-01-21 11:02:24.790370 | eval'd: drake::cmq_buildtargetmetadepsspecht_is_subtargetconfig
2020-01-21 11:02:28.390478 | > DO_CALL (0.001s wait)
.2020-01-21 11:02:28.396809 | eval'd: drake::cmq_buildtargetmetadepsspecht_is_subtargetconfig
2020-01-21 11:02:32.059297 | > DO_CALL (0.001s wait)
.2020-01-21 11:02:32.064794 | eval'd: drake::cmq_buildtargetmetadepsspecht_is_subtargetconfig
2020-01-21 11:02:37.210857 | > DO_CALL (0.001s wait)
.2020-01-21 11:02:37.218462 | eval'd: drake::cmq_buildtargetmetadepsspecht_is_subtargetconfig
2020-01-21 11:02:41.010457 | > DO_CALL (0.001s wait)
.2020-01-21 11:02:41.016344 | eval'd: drake::cmq_buildtargetmetadepsspecht_is_subtargetconfig
2020-01-21 11:02:44.711043 | > DO_CALL (0.000s wait)
.2020-01-21 11:02:44.716218 | eval'd: drake::cmq_buildtargetmetadepsspecht_is_subtargetconfig
2020-01-21 11:02:48.642122 | > DO_CALL (0.000s wait)
.2020-01-21 11:02:48.647334 | eval'd: drake::cmq_buildtargetmetadepsspecht_is_subtargetconfig
2020-01-21 11:02:53.077173 | > DO_CALL (0.001s wait)
.2020-01-21 11:02:53.082442 | eval'd: drake::cmq_buildtargetmetadepsspecht_is_subtargetconfig
2020-01-21 11:02:57.608937 | > DO_CALL (0.001s wait)
.2020-01-21 11:02:57.617593 | eval'd: drake::cmq_buildtargetmetadepsspecht_is_subtargetconfig
2020-01-21 11:03:01.164363 | > DO_CALL (0.001s wait)
.2020-01-21 11:03:01.170089 | eval'd: drake::cmq_buildtargetmetadepsspecht_is_subtargetconfig
2020-01-21 11:03:04.754937 | > DO_CALL (0.000s wait)
.2020-01-21 11:03:04.759892 | eval'd: drake::cmq_buildtargetmetadepsspecht_is_subtargetconfig
2020-01-21 11:03:08.435984 | > DO_CALL (0.001s wait)
.2020-01-21 11:03:08.442789 | eval'd: drake::cmq_buildtargetmetadepsspecht_is_subtargetconfig
2020-01-21 11:03:12.033042 | > DO_CALL (0.000s wait)
.2020-01-21 11:03:12.038167 | eval'd: drake::cmq_buildtargetmetadepsspecht_is_subtargetconfig
2020-01-21 11:03:15.800005 | > DO_CALL (0.001s wait)
.2020-01-21 11:03:15.809900 | eval'd: drake::cmq_buildtargetmetadepsspecht_is_subtargetconfig
2020-01-21 11:03:20.280181 | > DO_CALL (0.002s wait)
.2020-01-21 11:03:20.287595 | eval'd: drake::cmq_buildtargetmetadepsspecht_is_subtargetconfig
2020-01-21 11:03:23.744990 | > DO_CALL (0.001s wait)
.2020-01-21 11:03:23.751696 | eval'd: drake::cmq_buildtargetmetadepsspecht_is_subtargetconfig
2020-01-21 11:03:27.580266 | > DO_CALL (0.001s wait)
.2020-01-21 11:03:27.586251 | eval'd: drake::cmq_buildtargetmetadepsspecht_is_subtargetconfig
2020-01-21 11:03:31.251089 | > DO_CALL (0.001s wait)
.2020-01-21 11:03:31.258583 | eval'd: drake::cmq_buildtargetmetadepsspecht_is_subtargetconfig
2020-01-21 11:03:35.810975 | > DO_CALL (0.000s wait)
.2020-01-21 11:03:35.816915 | eval'd: drake::cmq_buildtargetmetadepsspecht_is_subtargetconfig
2020-01-21 11:03:40.837992 | > DO_CALL (0.001s wait)
.2020-01-21 11:03:40.845901 | eval'd: drake::cmq_buildtargetmetadepsspecht_is_subtargetconfig
2020-01-21 11:03:44.629908 | > DO_CALL (0.001s wait)
.2020-01-21 11:03:44.637114 | eval'd: drake::cmq_buildtargetmetadepsspecht_is_subtargetconfig
2020-01-21 11:03:48.240532 | > DO_CALL (0.001s wait)
.2020-01-21 11:03:48.246928 | eval'd: drake::cmq_buildtargetmetadepsspecht_is_subtargetconfig
2020-01-21 11:03:51.976967 | > DO_CALL (0.000s wait)
.2020-01-21 11:03:51.982402 | eval'd: drake::cmq_buildtargetmetadepsspecht_is_subtargetconfig
2020-01-21 11:03:57.645995 | > DO_CALL (0.001s wait)
.2020-01-21 11:03:57.657394 | eval'd: drake::cmq_buildtargetmetadepsspecht_is_subtargetconfig
2020-01-21 11:04:02.355335 | > DO_CALL (0.001s wait)
.2020-01-21 11:04:02.361039 | eval'd: drake::cmq_buildtargetmetadepsspecht_is_subtargetconfig
2020-01-21 11:04:06.151314 | > DO_CALL (0.001s wait)
.2020-01-21 11:04:06.157424 | eval'd: drake::cmq_buildtargetmetadepsspecht_is_subtargetconfig
2020-01-21 11:04:10.006301 | > DO_CALL (0.001s wait)
.2020-01-21 11:04:10.012052 | eval'd: drake::cmq_buildtargetmetadepsspecht_is_subtargetconfig
2020-01-21 11:04:13.680433 | > DO_CALL (0.001s wait)
.2020-01-21 11:04:13.686774 | eval'd: drake::cmq_buildtargetmetadepsspecht_is_subtargetconfig
2020-01-21 11:04:17.511995 | > DO_CALL (0.000s wait)
.2020-01-21 11:04:17.517599 | eval'd: drake::cmq_buildtargetmetadepsspecht_is_subtargetconfig
2020-01-21 11:04:21.300559 | > DO_CALL (0.001s wait)
.2020-01-21 11:04:21.306640 | eval'd: drake::cmq_buildtargetmetadepsspecht_is_subtargetconfig
2020-01-21 11:04:24.995565 | > DO_CALL (0.001s wait)
.2020-01-21 11:04:25.002078 | eval'd: drake::cmq_buildtargetmetadepsspecht_is_subtargetconfig
2020-01-21 11:04:28.708317 | > DO_CALL (0.001s wait)
.
2020-01-21 11:04:28.714461 | eval'd: drake::cmq_buildtargetmetadepsspecht_is_subtargetconfig
2020-01-21 11:04:32.270967 | > DO_CALL (0.000s wait)
.2020-01-21 11:04:32.276894 | eval'd: drake::cmq_buildtargetmetadepsspecht_is_subtargetconfig
2020-01-21 11:04:36.104943 | > DO_CALL (0.000s wait)
.2020-01-21 11:04:36.110346 | eval'd: drake::cmq_buildtargetmetadepsspecht_is_subtargetconfig
2020-01-21 11:04:39.819100 | > DO_CALL (0.000s wait)
.2020-01-21 11:04:39.824345 | eval'd: drake::cmq_buildtargetmetadepsspecht_is_subtargetconfig
2020-01-21 11:04:44.302933 | > DO_CALL (0.000s wait)
.2020-01-21 11:04:44.307855 | eval'd: drake::cmq_buildtargetmetadepsspecht_is_subtargetconfig
2020-01-21 11:04:48.045051 | > DO_CALL (0.000s wait)
.2020-01-21 11:04:48.052937 | eval'd: drake::cmq_buildtargetmetadepsspecht_is_subtargetconfig
2020-01-21 11:04:51.691694 | > DO_CALL (0.001s wait)
.2020-01-21 11:04:51.698104 | eval'd: drake::cmq_buildtargetmetadepsspecht_is_subtargetconfig
2020-01-21 11:04:55.542150 | > DO_CALL (0.002s wait)
.2020-01-21 11:04:55.551128 | eval'd: drake::cmq_buildtargetmetadepsspecht_is_subtargetconfig
2020-01-21 11:05:01.197652 | > DO_CALL (0.001s wait)
.2020-01-21 11:05:01.204488 | eval'd: drake::cmq_buildtargetmetadepsspecht_is_subtargetconfig
2020-01-21 11:05:04.846043 | > DO_CALL (0.000s wait)
.2020-01-21 11:05:04.851166 | eval'd: drake::cmq_buildtargetmetadepsspecht_is_subtargetconfig
2020-01-21 11:05:08.334851 | > DO_CALL (0.001s wait)
.2020-01-21 11:05:08.341780 | eval'd: drake::cmq_buildtargetmetadepsspecht_is_subtargetconfig
2020-01-21 11:05:12.159963 | > DO_CALL (0.001s wait)
.2020-01-21 11:05:12.166739 | eval'd: drake::cmq_buildtargetmetadepsspecht_is_subtargetconfig
2020-01-21 11:05:15.821324 | > DO_CALL (0.001s wait)
.2020-01-21 11:05:15.846906 | eval'd: drake::cmq_buildtargetmetadepsspecht_is_subtargetconfig
2020-01-21 11:05:20.214051 | > DO_CALL (0.000s wait)
.2020-01-21 11:05:20.219989 | eval'd: drake::cmq_buildtargetmetadepsspecht_is_subtargetconfig
2020-01-21 11:05:23.813564 | > DO_CALL (0.001s wait)
.2020-01-21 11:05:23.819580 | eval'd: drake::cmq_buildtargetmetadepsspecht_is_subtargetconfig
2020-01-21 11:05:27.483144 | > DO_CALL (0.001s wait)
.2020-01-21 11:05:27.488914 | eval'd: drake::cmq_buildtargetmetadepsspecht_is_subtargetconfig
2020-01-21 11:05:31.185284 | > DO_CALL (0.001s wait)
.2020-01-21 11:05:31.190749 | eval'd: drake::cmq_buildtargetmetadepsspecht_is_subtargetconfig
2020-01-21 11:05:34.967473 | > DO_CALL (0.001s wait)
.2020-01-21 11:05:34.973730 | eval'd: drake::cmq_buildtargetmetadepsspecht_is_subtargetconfig
2020-01-21 11:05:38.465692 | > DO_CALL (0.001s wait)
.2020-01-21 11:05:38.473371 | eval'd: drake::cmq_buildtargetmetadepsspecht_is_subtargetconfig
2020-01-21 11:05:42.398289 | > DO_CALL (0.001s wait)
.2020-01-21 11:05:42.404119 | eval'd: drake::cmq_buildtargetmetadepsspecht_is_subtargetconfig
2020-01-21 11:05:46.930969 | > DO_CALL (0.001s wait)
.2020-01-21 11:05:46.939677 | eval'd: drake::cmq_buildtargetmetadepsspecht_is_subtargetconfig
2020-01-21 11:05:50.504999 | > DO_CALL (0.001s wait)
.2020-01-21 11:05:50.512415 | eval'd: drake::cmq_buildtargetmetadepsspecht_is_subtargetconfig
2020-01-21 11:05:54.168441 | > DO_CALL (0.001s wait)
.2020-01-21 11:05:54.174690 | eval'd: drake::cmq_buildtargetmetadepsspecht_is_subtargetconfig
2020-01-21 11:05:57.724521 | > DO_CALL (0.001s wait)
.2020-01-21 11:05:57.730552 | eval'd: drake::cmq_buildtargetmetadepsspecht_is_subtargetconfig
2020-01-21 11:06:01.129009 | > DO_CALL (0.000s wait)
.2020-01-21 11:06:01.134294 | eval'd: drake::cmq_buildtargetmetadepsspecht_is_subtargetconfig
2020-01-21 11:06:06.000787 | > DO_CALL (0.001s wait)
.2020-01-21 11:06:06.009875 | eval'd: drake::cmq_buildtargetmetadepsspecht_is_subtargetconfig
2020-01-21 11:06:09.593853 | > DO_CALL (0.001s wait)
.2020-01-21 11:06:09.600374 | eval'd: drake::cmq_buildtargetmetadepsspecht_is_subtargetconfig
2020-01-21 11:06:13.186181 | > DO_CALL (0.001s wait)
.2020-01-21 11:06:13.191856 | eval'd: drake::cmq_buildtargetmetadepsspecht_is_subtargetconfig
2020-01-21 11:06:17.098800 | > DO_CALL (0.001s wait)
.2020-01-21 11:06:17.105864 | eval'd: drake::cmq_buildtargetmetadepsspecht_is_subtargetconfig
2020-01-21 11:06:21.367570 | > DO_CALL (0.001s wait)
.2020-01-21 11:06:21.373614 | eval'd: drake::cmq_buildtargetmetadepsspecht_is_subtargetconfig
2020-01-21 11:06:24.880716 | > DO_CALL (0.001s wait)
.2020-01-21 11:06:24.887381 | eval'd: drake::cmq_buildtargetmetadepsspecht_is_subtargetconfig
2020-01-21 11:06:28.399323 | > DO_CALL (0.001s wait)
.2020-01-21 11:06:28.404415 | eval'd: drake::cmq_buildtargetmetadepsspecht_is_subtargetconfig
2020-01-21 11:06:32.108021 | > DO_CALL (0.000s wait)
.2020-01-21 11:06:32.112613 | eval'd: drake::cmq_buildtargetmetadepsspecht_is_subtargetconfig
2020-01-21 11:06:35.798530 | > DO_CALL (0.001s wait)
.2020-01-21 11:06:35.804835 | eval'd: drake::cmq_buildtargetmetadepsspecht_is_subtargetconfig
2020-01-21 11:06:39.356318 | > DO_CALL (0.001s wait)
.2020-01-21 11:06:39.361424 | eval'd: drake::cmq_buildtargetmetadepsspecht_is_subtargetconfig
2020-01-21 11:06:43.007128 | > DO_CALL (0.001s wait)
.2020-01-21 11:06:43.011992 | eval'd: drake::cmq_buildtargetmetadepsspecht_is_subtargetconfig
2020-01-21 11:06:46.563147 | > DO_CALL (0.001s wait)
.2020-01-21 11:06:46.570012 | eval'd: drake::cmq_buildtargetmetadepsspecht_is_subtargetconfig
2020-01-21 11:06:50.804822 | > DO_CALL (0.001s wait)
.2020-01-21 11:06:50.811661 | eval'd: drake::cmq_buildtargetmetadepsspecht_is_subtargetconfig
2020-01-21 11:06:54.497045 | > DO_CALL (0.000s wait)
.2020-01-21 11:06:54.501665 | eval'd: drake::cmq_buildtargetmetadepsspecht_is_subtargetconfig
2020-01-21 11:06:58.201824 | > DO_CALL (0.001s wait)
.2020-01-21 11:06:58.207572 | eval'd: drake::cmq_buildtargetmetadepsspecht_is_subtargetconfig
2020-01-21 11:07:01.901933 | > DO_CALL (0.000s wait)
.2020-01-21 11:07:01.907357 | eval'd: drake::cmq_buildtargetmetadepsspecht_is_subtargetconfig
2020-01-21 11:07:07.710901 | > DO_CALL (0.000s wait)
.2020-01-21 11:07:07.716822 | eval'd: drake::cmq_buildtargetmetadepsspecht_is_subtargetconfig
2020-01-21 11:07:11.197945 | > DO_CALL (0.001s wait)
.2020-01-21 11:07:11.207501 | eval'd: drake::cmq_buildtargetmetadepsspecht_is_subtargetconfig
2020-01-21 11:07:14.618031 | > DO_CALL (0.000s wait)
.2020-01-21 11:07:14.623186 | eval'd: drake::cmq_buildtargetmetadepsspecht_is_subtargetconfig
2020-01-21 11:07:18.034190 | > DO_CALL (0.001s wait)
.2020-01-21 11:07:18.039071 | eval'd: drake::cmq_buildtargetmetadepsspecht_is_subtargetconfig
2020-01-21 11:07:21.509514 | > DO_CALL (0.001s wait)
.2020-01-21 11:07:21.515807 | eval'd: drake::cmq_buildtargetmetadepsspecht_is_subtargetconfig
2020-01-21 11:07:25.787667 | > DO_CALL (0.001s wait)
.2020-01-21 11:07:25.793775 | eval'd: drake::cmq_buildtargetmetadepsspecht_is_subtargetconfig
2020-01-21 11:07:29.270817 | > DO_CALL (0.001s wait)
.2020-01-21 11:07:29.277494 | eval'd: drake::cmq_buildtargetmetadepsspecht_is_subtargetconfig
2020-01-21 11:07:32.904937 | > DO_CALL (0.000s wait)
.2020-01-21 11:07:32.909729 | eval'd: drake::cmq_buildtargetmetadepsspecht_is_subtargetconfig
2020-01-21 11:07:36.421973 | > DO_CALL (0.000s wait)
.2020-01-21 11:07:36.426559 | eval'd: drake::cmq_buildtargetmetadepsspecht_is_subtargetconfig
2020-01-21 11:07:39.893905 | > DO_CALL (0.000s wait)
.2020-01-21 11:07:39.898340 | eval'd: drake::cmq_buildtargetmetadepsspecht_is_subtargetconfig
2020-01-21 11:07:43.670616 | > DO_CALL (0.001s wait)
.2020-01-21 11:07:43.676315 | eval'd: drake::cmq_buildtargetmetadepsspecht_is_subtargetconfig
2020-01-21 11:07:47.272920 | > DO_CALL (0.000s wait)
.2020-01-21 11:07:47.277846 | eval'd: drake::cmq_buildtargetmetadepsspecht_is_subtargetconfig
2020-01-21 11:07:51.004284 | > DO_CALL (0.001s wait)
.2020-01-21 11:07:51.009840 | eval'd: drake::cmq_buildtargetmetadepsspecht_is_subtargetconfig
2020-01-21 11:07:55.809796 | > DO_CALL (0.001s wait)
.2020-01-21 11:07:55.816216 | eval'd: drake::cmq_buildtargetmetadepsspecht_is_subtargetconfig
2020-01-21 11:07:59.314894 | > DO_CALL (0.001s wait)
.2020-01-21 11:07:59.321217 | eval'd: drake::cmq_buildtargetmetadepsspecht_is_subtargetconfig
2020-01-21 11:08:02.954437 | > DO_CALL (0.001s wait)
.2020-01-21 11:08:02.960042 | eval'd: drake::cmq_buildtargetmetadepsspecht_is_subtargetconfig
2020-01-21 11:08:06.578921 | > DO_CALL (0.000s wait)
.2020-01-21 11:08:06.583431 | eval'd: drake::cmq_buildtargetmetadepsspecht_is_subtargetconfig
2020-01-21 11:08:12.002886 | > DO_CALL (0.000s wait)
.2020-01-21 11:08:12.007299 | eval'd: drake::cmq_buildtargetmetadepsspecht_is_subtargetconfig
2020-01-21 11:08:15.616957 | > DO_CALL (0.000s wait)
.2020-01-21 11:08:15.622241 | eval'd: drake::cmq_buildtargetmetadepsspecht_is_subtargetconfig
2020-01-21 11:08:19.106161 | > DO_CALL (0.001s wait)
.2020-01-21 11:08:19.111776 | eval'd: drake::cmq_buildtargetmetadepsspecht_is_subtargetconfig
2020-01-21 11:08:22.611797 | > DO_CALL (0.001s wait)
.2020-01-21 11:08:22.617704 | eval'd: drake::cmq_buildtargetmetadepsspecht_is_subtargetconfig
2020-01-21 11:08:26.147074 | > DO_CALL (0.000s wait)
.2020-01-21 11:08:26.151522 | eval'd: drake::cmq_buildtargetmetadepsspecht_is_subtargetconfig
2020-01-21 11:08:29.688051 | > DO_CALL (0.001s wait)
.2020-01-21 11:08:29.694089 | eval'd: drake::cmq_buildtargetmetadepsspecht_is_subtargetconfig
2020-01-21 11:08:34.036696 | > DO_CALL (0.001s wait)
.2020-01-21 11:08:34.043075 | eval'd: drake::cmq_buildtargetmetadepsspecht_is_subtargetconfig
2020-01-21 11:08:37.821761 | > DO_CALL (0.001s wait)
.2020-01-21 11:08:37.827769 | eval'd: drake::cmq_buildtargetmetadepsspecht_is_subtargetconfig
2020-01-21 11:08:41.367505 | > DO_CALL (0.001s wait)
.2020-01-21 11:08:41.373570 | eval'd: drake::cmq_buildtargetmetadepsspecht_is_subtargetconfig
2020-01-21 11:08:45.022858 | > DO_CALL (0.000s wait)
.2020-01-21 11:08:45.027924 | eval'd: drake::cmq_buildtargetmetadepsspecht_is_subtargetconfig
2020-01-21 11:08:48.745053 | > DO_CALL (0.000s wait)
.2020-01-21 11:08:48.750098 | eval'd: drake::cmq_buildtargetmetadepsspecht_is_subtargetconfig
2020-01-21 11:08:52.223535 | > DO_CALL (0.001s wait)
.2020-01-21 11:08:52.229497 | eval'd: drake::cmq_buildtargetmetadepsspecht_is_subtargetconfig
2020-01-21 11:08:56.157102 | > DO_CALL (0.001s wait)
.2020-01-21 11:08:56.165827 | eval'd: drake::cmq_buildtargetmetadepsspecht_is_subtargetconfig
2020-01-21 11:08:59.860093 | > DO_CALL (0.001s wait)
.2020-01-21 11:08:59.867714 | eval'd: drake::cmq_buildtargetmetadepsspecht_is_subtargetconfig
2020-01-21 11:09:03.671231 | > DO_CALL (0.001s wait)
.2020-01-21 11:09:03.678743 | eval'd: drake::cmq_buildtargetmetadepsspecht_is_subtargetconfig
2020-01-21 11:09:07.401904 | > DO_CALL (0.001s wait)
.2020-01-21 11:09:07.409140 | eval'd: drake::cmq_buildtargetmetadepsspecht_is_subtargetconfig
2020-01-21 11:09:13.030874 | > DO_CALL (0.001s wait)
.2020-01-21 11:09:13.038194 | eval'd: drake::cmq_buildtargetmetadepsspecht_is_subtargetconfig
2020-01-21 11:09:16.508064 | > DO_CALL (0.001s wait)
.2020-01-21 11:09:16.515614 | eval'd: drake::cmq_buildtargetmetadepsspecht_is_subtargetconfig
2020-01-21 11:09:19.838886 | > DO_CALL (0.000s wait)
.2020-01-21 11:09:19.843822 | eval'd: drake::cmq_buildtargetmetadepsspecht_is_subtargetconfig
2020-01-21 11:09:23.396972 | > DO_CALL (0.000s wait)
.2020-01-21 11:09:23.402333 | eval'd: drake::cmq_buildtargetmetadepsspecht_is_subtargetconfig
2020-01-21 11:09:26.953812 | > DO_CALL (0.001s wait)
.2020-01-21 11:09:26.960179 | eval'd: drake::cmq_buildtargetmetadepsspecht_is_subtargetconfig
2020-01-21 11:09:30.833033 | > DO_CALL (0.001s wait)
.
2020-01-21 11:09:30.840061 | eval'd: drake::cmq_buildtargetmetadepsspecht_is_subtargetconfig
2020-01-21 11:09:34.547368 | > DO_CALL (0.001s wait)
.2020-01-21 11:09:34.552586 | eval'd: drake::cmq_buildtargetmetadepsspecht_is_subtargetconfig
2020-01-21 11:09:38.220376 | > DO_CALL (0.001s wait)
.2020-01-21 11:09:38.226001 | eval'd: drake::cmq_buildtargetmetadepsspecht_is_subtargetconfig
2020-01-21 11:09:42.667888 | > DO_CALL (0.001s wait)
.2020-01-21 11:09:42.674107 | eval'd: drake::cmq_buildtargetmetadepsspecht_is_subtargetconfig
2020-01-21 11:09:46.334955 | > DO_CALL (0.000s wait)
.2020-01-21 11:09:46.340509 | eval'd: drake::cmq_buildtargetmetadepsspecht_is_subtargetconfig
2020-01-21 11:09:49.859936 | > DO_CALL (0.000s wait)
.2020-01-21 11:09:49.864678 | eval'd: drake::cmq_buildtargetmetadepsspecht_is_subtargetconfig
2020-01-21 11:09:53.355355 | > DO_CALL (0.001s wait)
.2020-01-21 11:09:53.361199 | eval'd: drake::cmq_buildtargetmetadepsspecht_is_subtargetconfig
2020-01-21 11:09:56.846637 | > DO_CALL (0.001s wait)
.2020-01-21 11:09:56.865401 | eval'd: drake::cmq_buildtargetmetadepsspecht_is_subtargetconfig
2020-01-21 11:10:00.893797 | > DO_CALL (0.001s wait)
.2020-01-21 11:10:00.900345 | eval'd: drake::cmq_buildtargetmetadepsspecht_is_subtargetconfig
2020-01-21 11:10:04.367694 | > DO_CALL (0.001s wait)
.2020-01-21 11:10:04.373356 | eval'd: drake::cmq_buildtargetmetadepsspecht_is_subtargetconfig
2020-01-21 11:10:07.867873 | > DO_CALL (0.000s wait)
.2020-01-21 11:10:07.872235 | eval'd: drake::cmq_buildtargetmetadepsspecht_is_subtargetconfig
2020-01-21 11:10:11.336867 | > DO_CALL (0.000s wait)
.2020-01-21 11:10:11.341275 | eval'd: drake::cmq_buildtargetmetadepsspecht_is_subtargetconfig
2020-01-21 11:10:16.627901 | > DO_CALL (0.000s wait)
.2020-01-21 11:10:16.633336 | eval'd: drake::cmq_buildtargetmetadepsspecht_is_subtargetconfig
2020-01-21 11:10:20.101088 | > DO_CALL (0.000s wait)
.2020-01-21 11:10:20.106101 | eval'd: drake::cmq_buildtargetmetadepsspecht_is_subtargetconfig
2020-01-21 11:10:23.714660 | > DO_CALL (0.001s wait)
.2020-01-21 11:10:23.720283 | eval'd: drake::cmq_buildtargetmetadepsspecht_is_subtargetconfig
2020-01-21 11:10:27.175911 | > DO_CALL (0.000s wait)
.2020-01-21 11:10:27.180853 | eval'd: drake::cmq_buildtargetmetadepsspecht_is_subtargetconfig
2020-01-21 11:10:30.728102 | > DO_CALL (0.001s wait)
.2020-01-21 11:10:30.734788 | eval'd: drake::cmq_buildtargetmetadepsspecht_is_subtargetconfig
2020-01-21 11:10:34.366912 | > DO_CALL (0.000s wait)
.2020-01-21 11:10:34.371627 | eval'd: drake::cmq_buildtargetmetadepsspecht_is_subtargetconfig
2020-01-21 11:10:37.923645 | > DO_CALL (0.001s wait)
.2020-01-21 11:10:37.930632 | eval'd: drake::cmq_buildtargetmetadepsspecht_is_subtargetconfig
2020-01-21 11:10:41.609058 | > DO_CALL (0.000s wait)
.2020-01-21 11:10:41.613705 | eval'd: drake::cmq_buildtargetmetadepsspecht_is_subtargetconfig
2020-01-21 11:10:45.182776 | > DO_CALL (0.001s wait)
.2020-01-21 11:10:45.189294 | eval'd: drake::cmq_buildtargetmetadepsspecht_is_subtargetconfig
2020-01-21 11:10:48.739996 | > DO_CALL (0.000s wait)
.2020-01-21 11:10:48.744770 | eval'd: drake::cmq_buildtargetmetadepsspecht_is_subtargetconfig
2020-01-21 11:10:52.217179 | > DO_CALL (0.001s wait)
.2020-01-21 11:10:52.222197 | eval'd: drake::cmq_buildtargetmetadepsspecht_is_subtargetconfig
2020-01-21 11:10:56.545965 | > DO_CALL (0.000s wait)
.2020-01-21 11:10:56.551026 | eval'd: drake::cmq_buildtargetmetadepsspecht_is_subtargetconfig
2020-01-21 11:11:00.832751 | > DO_CALL (0.001s wait)
.2020-01-21 11:11:00.838628 | eval'd: drake::cmq_buildtargetmetadepsspecht_is_subtargetconfig
2020-01-21 11:11:04.520238 | > DO_CALL (0.001s wait)
.2020-01-21 11:11:04.525186 | eval'd: drake::cmq_buildtargetmetadepsspecht_is_subtargetconfig
2020-01-21 11:11:08.125863 | > DO_CALL (0.001s wait)
.2020-01-21 11:11:08.132528 | eval'd: drake::cmq_buildtargetmetadepsspecht_is_subtargetconfig
2020-01-21 11:11:11.670713 | > DO_CALL (0.001s wait)
.2020-01-21 11:11:11.676391 | eval'd: drake::cmq_buildtargetmetadepsspecht_is_subtargetconfig
2020-01-21 11:11:15.451834 | > DO_CALL (0.001s wait)
.2020-01-21 11:11:15.458771 | eval'd: drake::cmq_buildtargetmetadepsspecht_is_subtargetconfig
2020-01-21 11:11:20.792929 | > DO_CALL (0.000s wait)
.2020-01-21 11:11:20.797738 | eval'd: drake::cmq_buildtargetmetadepsspecht_is_subtargetconfig
2020-01-21 11:11:24.367487 | > DO_CALL (0.001s wait)
.2020-01-21 11:11:24.372697 | eval'd: drake::cmq_buildtargetmetadepsspecht_is_subtargetconfig
2020-01-21 11:11:27.975922 | > DO_CALL (0.001s wait)
.2020-01-21 11:11:27.982512 | eval'd: drake::cmq_buildtargetmetadepsspecht_is_subtargetconfig
2020-01-21 11:11:31.483928 | > DO_CALL (0.000s wait)
.2020-01-21 11:11:31.488339 | eval'd: drake::cmq_buildtargetmetadepsspecht_is_subtargetconfig
2020-01-21 11:11:35.151007 | > DO_CALL (0.000s wait)
.2020-01-21 11:11:35.156910 | eval'd: drake::cmq_buildtargetmetadepsspecht_is_subtargetconfig
2020-01-21 11:11:38.919158 | > DO_CALL (0.001s wait)
.2020-01-21 11:11:38.924000 | eval'd: drake::cmq_buildtargetmetadepsspecht_is_subtargetconfig
2020-01-21 11:11:42.631716 | > DO_CALL (0.001s wait)
.2020-01-21 11:11:42.638090 | eval'd: drake::cmq_buildtargetmetadepsspecht_is_subtargetconfig
2020-01-21 11:11:46.333569 | > DO_CALL (0.001s wait)
.2020-01-21 11:11:46.339673 | eval'd: drake::cmq_buildtargetmetadepsspecht_is_subtargetconfig
2020-01-21 11:11:49.882624 | > DO_CALL (0.001s wait)
.2020-01-21 11:11:49.888206 | eval'd: drake::cmq_buildtargetmetadepsspecht_is_subtargetconfig
2020-01-21 11:11:53.382242 | > DO_CALL (0.002s wait)
.2020-01-21 11:11:53.388480 | eval'd: drake::cmq_buildtargetmetadepsspecht_is_subtargetconfig
2020-01-21 11:11:57.699957 | > DO_CALL (0.000s wait)
.2020-01-21 11:11:57.704456 | eval'd: drake::cmq_buildtargetmetadepsspecht_is_subtargetconfig
2020-01-21 11:12:01.169830 | > DO_CALL (0.001s wait)
.2020-01-21 11:12:01.176221 | eval'd: drake::cmq_buildtargetmetadepsspecht_is_subtargetconfig
2020-01-21 11:12:05.276318 | > DO_CALL (0.001s wait)
.2020-01-21 11:12:05.281921 | eval'd: drake::cmq_buildtargetmetadepsspecht_is_subtargetconfig
2020-01-21 11:12:08.788924 | > DO_CALL (0.000s wait)
.2020-01-21 11:12:08.793568 | eval'd: drake::cmq_buildtargetmetadepsspecht_is_subtargetconfig
2020-01-21 11:12:12.280030 | > DO_CALL (0.000s wait)
.2020-01-21 11:12:12.284775 | eval'd: drake::cmq_buildtargetmetadepsspecht_is_subtargetconfig
2020-01-21 11:12:15.704915 | > DO_CALL (0.001s wait)
.2020-01-21 11:12:15.712599 | eval'd: drake::cmq_buildtargetmetadepsspecht_is_subtargetconfig
2020-01-21 11:12:21.037893 | > DO_CALL (0.001s wait)
.2020-01-21 11:12:21.044310 | eval'd: drake::cmq_buildtargetmetadepsspecht_is_subtargetconfig
2020-01-21 11:12:24.495424 | > DO_CALL (0.001s wait)
.2020-01-21 11:12:24.500695 | eval'd: drake::cmq_buildtargetmetadepsspecht_is_subtargetconfig
2020-01-21 11:12:27.979557 | > DO_CALL (0.001s wait)
.2020-01-21 11:12:27.985426 | eval'd: drake::cmq_buildtargetmetadepsspecht_is_subtargetconfig
2020-01-21 11:12:32.435333 | > DO_CALL (0.001s wait)
.2020-01-21 11:12:32.441034 | eval'd: drake::cmq_buildtargetmetadepsspecht_is_subtargetconfig
2020-01-21 11:12:35.977628 | > DO_CALL (0.001s wait)
.2020-01-21 11:12:35.983773 | eval'd: drake::cmq_buildtargetmetadepsspecht_is_subtargetconfig
2020-01-21 11:12:39.415419 | > DO_CALL (0.001s wait)
.2020-01-21 11:12:39.420882 | eval'd: drake::cmq_buildtargetmetadepsspecht_is_subtargetconfig
2020-01-21 11:12:42.953257 | > DO_CALL (0.001s wait)
.2020-01-21 11:12:42.959171 | eval'd: drake::cmq_buildtargetmetadepsspecht_is_subtargetconfig
2020-01-21 11:12:46.334300 | > DO_CALL (0.001s wait)
.2020-01-21 11:12:46.341004 | eval'd: drake::cmq_buildtargetmetadepsspecht_is_subtargetconfig
2020-01-21 11:12:49.946911 | > DO_CALL (0.000s wait)
.2020-01-21 11:12:49.951506 | eval'd: drake::cmq_buildtargetmetadepsspecht_is_subtargetconfig
2020-01-21 11:12:53.470875 | > DO_CALL (0.000s wait)
.2020-01-21 11:12:53.475334 | eval'd: drake::cmq_buildtargetmetadepsspecht_is_subtargetconfig
2020-01-21 11:12:57.005202 | > DO_CALL (0.001s wait)
.2020-01-21 11:12:57.010108 | eval'd: drake::cmq_buildtargetmetadepsspecht_is_subtargetconfig
2020-01-21 11:13:00.570768 | > DO_CALL (0.000s wait)
.2020-01-21 11:13:00.576387 | eval'd: drake::cmq_buildtargetmetadepsspecht_is_subtargetconfig
2020-01-21 11:13:03.749006 | > DO_CALL (0.000s wait)
.2020-01-21 11:13:03.753687 | eval'd: drake::cmq_buildtargetmetadepsspecht_is_subtargetconfig
2020-01-21 11:13:07.708896 | > DO_CALL (0.000s wait)
.2020-01-21 11:13:07.713901 | eval'd: drake::cmq_buildtargetmetadepsspecht_is_subtargetconfig
2020-01-21 11:13:11.267850 | > DO_CALL (0.001s wait)
.2020-01-21 11:13:11.274411 | eval'd: drake::cmq_buildtargetmetadepsspecht_is_subtargetconfig
2020-01-21 11:13:14.983180 | > DO_CALL (0.001s wait)
.2020-01-21 11:13:14.989467 | eval'd: drake::cmq_buildtargetmetadepsspecht_is_subtargetconfig
2020-01-21 11:13:18.593907 | > DO_CALL (0.000s wait)
.2020-01-21 11:13:18.598413 | eval'd: drake::cmq_buildtargetmetadepsspecht_is_subtargetconfig
2020-01-21 11:13:23.643984 | > DO_CALL (0.000s wait)
.2020-01-21 11:13:23.648720 | eval'd: drake::cmq_buildtargetmetadepsspecht_is_subtargetconfig
2020-01-21 11:13:27.215766 | > DO_CALL (0.001s wait)
.2020-01-21 11:13:27.222257 | eval'd: drake::cmq_buildtargetmetadepsspecht_is_subtargetconfig
2020-01-21 11:13:30.767853 | > DO_CALL (0.001s wait)
.2020-01-21 11:13:30.774893 | eval'd: drake::cmq_buildtargetmetadepsspecht_is_subtargetconfig
2020-01-21 11:13:34.295768 | > DO_CALL (0.001s wait)
.2020-01-21 11:13:34.301912 | eval'd: drake::cmq_buildtargetmetadepsspecht_is_subtargetconfig
2020-01-21 11:13:37.776428 | > DO_CALL (0.001s wait)
.2020-01-21 11:13:37.781853 | eval'd: drake::cmq_buildtargetmetadepsspecht_is_subtargetconfig
2020-01-21 11:13:41.266031 | > DO_CALL (0.000s wait)
.2020-01-21 11:13:41.270792 | eval'd: drake::cmq_buildtargetmetadepsspecht_is_subtargetconfig
2020-01-21 11:13:45.506578 | > DO_CALL (0.001s wait)
.2020-01-21 11:13:45.512652 | eval'd: drake::cmq_buildtargetmetadepsspecht_is_subtargetconfig
2020-01-21 11:13:49.010894 | > DO_CALL (0.000s wait)
.2020-01-21 11:13:49.015352 | eval'd: drake::cmq_buildtargetmetadepsspecht_is_subtargetconfig
2020-01-21 11:13:52.540315 | > DO_CALL (0.001s wait)
.2020-01-21 11:13:52.545860 | eval'd: drake::cmq_buildtargetmetadepsspecht_is_subtargetconfig
2020-01-21 11:13:56.163955 | > DO_CALL (0.001s wait)
.2020-01-21 11:13:56.171155 | eval'd: drake::cmq_buildtargetmetadepsspecht_is_subtargetconfig
2020-01-21 11:13:59.569528 | > DO_CALL (0.001s wait)
.2020-01-21 11:13:59.575287 | eval'd: drake::cmq_buildtargetmetadepsspecht_is_subtargetconfig
2020-01-21 11:14:03.062559 | > DO_CALL (0.001s wait)
.2020-01-21 11:14:03.068103 | eval'd: drake::cmq_buildtargetmetadepsspecht_is_subtargetconfig
2020-01-21 11:14:06.563002 | > DO_CALL (0.000s wait)
.2020-01-21 11:14:06.567932 | eval'd: drake::cmq_buildtargetmetadepsspecht_is_subtargetconfig
2020-01-21 11:14:10.630439 | > DO_CALL (0.001s wait)
.2020-01-21 11:14:10.636042 | eval'd: drake::cmq_buildtargetmetadepsspecht_is_subtargetconfig
2020-01-21 11:14:13.994008 | > DO_CALL (0.000s wait)
.2020-01-21 11:14:13.998702 | eval'd: drake::cmq_buildtargetmetadepsspecht_is_subtargetconfig
2020-01-21 11:14:17.421478 | > DO_CALL (0.001s wait)
.2020-01-21 11:14:17.427999 | eval'd: drake::cmq_buildtargetmetadepsspecht_is_subtargetconfig
2020-01-21 11:14:20.853831 | > DO_CALL (0.000s wait)
.2020-01-21 11:14:20.861063 | eval'd: drake::cmq_buildtargetmetadepsspecht_is_subtargetconfig
2020-01-21 11:14:27.016057 | > DO_CALL (0.001s wait)
.
2020-01-21 11:14:27.023623 | eval'd: drake::cmq_buildtargetmetadepsspecht_is_subtargetconfig
2020-01-21 11:14:30.727275 | > DO_CALL (0.001s wait)
.2020-01-21 11:14:30.732592 | eval'd: drake::cmq_buildtargetmetadepsspecht_is_subtargetconfig
2020-01-21 11:14:34.222386 | > DO_CALL (0.001s wait)
.2020-01-21 11:14:34.241880 | eval'd: drake::cmq_buildtargetmetadepsspecht_is_subtargetconfig
2020-01-21 11:14:37.655959 | > DO_CALL (0.000s wait)
.2020-01-21 11:14:37.663018 | eval'd: drake::cmq_buildtargetmetadepsspecht_is_subtargetconfig
2020-01-21 11:14:41.195750 | > DO_CALL (0.001s wait)
.2020-01-21 11:14:41.201617 | eval'd: drake::cmq_buildtargetmetadepsspecht_is_subtargetconfig
2020-01-21 11:14:44.655889 | > DO_CALL (0.001s wait)
.2020-01-21 11:14:44.662113 | eval'd: drake::cmq_buildtargetmetadepsspecht_is_subtargetconfig
2020-01-21 11:14:48.038229 | > DO_CALL (0.001s wait)
.2020-01-21 11:14:48.043290 | eval'd: drake::cmq_buildtargetmetadepsspecht_is_subtargetconfig
2020-01-21 11:14:51.418108 | > DO_CALL (0.000s wait)
.2020-01-21 11:14:51.422930 | eval'd: drake::cmq_buildtargetmetadepsspecht_is_subtargetconfig
2020-01-21 11:14:54.852940 | > DO_CALL (0.000s wait)
.2020-01-21 11:14:54.857517 | eval'd: drake::cmq_buildtargetmetadepsspecht_is_subtargetconfig
2020-01-21 11:14:58.340620 | > DO_CALL (0.001s wait)
.2020-01-21 11:14:58.347288 | eval'd: drake::cmq_buildtargetmetadepsspecht_is_subtargetconfig
2020-01-21 11:15:01.698854 | > DO_CALL (0.001s wait)
.2020-01-21 11:15:01.704990 | eval'd: drake::cmq_buildtargetmetadepsspecht_is_subtargetconfig
2020-01-21 11:15:05.075756 | > DO_CALL (0.001s wait)
.2020-01-21 11:15:05.082682 | eval'd: drake::cmq_buildtargetmetadepsspecht_is_subtargetconfig
2020-01-21 11:15:08.505817 | > DO_CALL (0.001s wait)
.2020-01-21 11:15:08.511775 | eval'd: drake::cmq_buildtargetmetadepsspecht_is_subtargetconfig
2020-01-21 11:15:12.594825 | > DO_CALL (0.001s wait)
.2020-01-21 11:15:12.601427 | eval'd: drake::cmq_buildtargetmetadepsspecht_is_subtargetconfig
2020-01-21 11:15:16.237468 | > DO_CALL (0.001s wait)
.2020-01-21 11:15:16.243386 | eval'd: drake::cmq_buildtargetmetadepsspecht_is_subtargetconfig
2020-01-21 11:15:20.418782 | > DO_CALL (0.001s wait)
.2020-01-21 11:15:20.425574 | eval'd: drake::cmq_buildtargetmetadepsspecht_is_subtargetconfig
2020-01-21 11:15:23.823495 | > DO_CALL (0.001s wait)
.2020-01-21 11:15:23.828913 | eval'd: drake::cmq_buildtargetmetadepsspecht_is_subtargetconfig
2020-01-21 11:15:27.722986 | > DO_CALL (0.001s wait)
.2020-01-21 11:15:27.729965 | eval'd: drake::cmq_buildtargetmetadepsspecht_is_subtargetconfig
2020-01-21 11:15:32.764290 | > DO_CALL (0.001s wait)
.2020-01-21 11:15:32.769744 | eval'd: drake::cmq_buildtargetmetadepsspecht_is_subtargetconfig
2020-01-21 11:15:36.127393 | > DO_CALL (0.001s wait)
.2020-01-21 11:15:36.133875 | eval'd: drake::cmq_buildtargetmetadepsspecht_is_subtargetconfig
2020-01-21 11:15:39.597494 | > DO_CALL (0.001s wait)
.2020-01-21 11:15:39.602849 | eval'd: drake::cmq_buildtargetmetadepsspecht_is_subtargetconfig
2020-01-21 11:15:43.023928 | > DO_CALL (0.000s wait)
.2020-01-21 11:15:43.028797 | eval'd: drake::cmq_buildtargetmetadepsspecht_is_subtargetconfig
2020-01-21 11:15:46.499006 | > DO_CALL (0.000s wait)
.2020-01-21 11:15:46.503620 | eval'd: drake::cmq_buildtargetmetadepsspecht_is_subtargetconfig
2020-01-21 11:15:50.866194 | > DO_CALL (0.001s wait)
.2020-01-21 11:15:50.871409 | eval'd: drake::cmq_buildtargetmetadepsspecht_is_subtargetconfig
2020-01-21 11:15:54.234077 | > DO_CALL (0.001s wait)
.2020-01-21 11:15:54.240620 | eval'd: drake::cmq_buildtargetmetadepsspecht_is_subtargetconfig
2020-01-21 11:15:57.517359 | > DO_CALL (0.001s wait)
.2020-01-21 11:15:57.522992 | eval'd: drake::cmq_buildtargetmetadepsspecht_is_subtargetconfig
2020-01-21 11:16:00.893738 | > DO_CALL (0.001s wait)
.2020-01-21 11:16:00.899474 | eval'd: drake::cmq_buildtargetmetadepsspecht_is_subtargetconfig
2020-01-21 11:16:04.273580 | > DO_CALL (0.001s wait)
.2020-01-21 11:16:04.281698 | eval'd: drake::cmq_buildtargetmetadepsspecht_is_subtargetconfig
2020-01-21 11:16:07.519983 | > DO_CALL (0.000s wait)
.2020-01-21 11:16:07.524961 | eval'd: drake::cmq_buildtargetmetadepsspecht_is_subtargetconfig
2020-01-21 11:16:11.062013 | > DO_CALL (0.000s wait)
.2020-01-21 11:16:11.066695 | eval'd: drake::cmq_buildtargetmetadepsspecht_is_subtargetconfig
2020-01-21 11:16:14.465936 | > DO_CALL (0.000s wait)
.2020-01-21 11:16:14.470643 | eval'd: drake::cmq_buildtargetmetadepsspecht_is_subtargetconfig
2020-01-21 11:16:18.258944 | > DO_CALL (0.000s wait)
.2020-01-21 11:16:18.263492 | eval'd: drake::cmq_buildtargetmetadepsspecht_is_subtargetconfig
2020-01-21 11:16:21.729447 | > DO_CALL (0.001s wait)
.2020-01-21 11:16:21.735829 | eval'd: drake::cmq_buildtargetmetadepsspecht_is_subtargetconfig
2020-01-21 11:16:25.073821 | > DO_CALL (0.001s wait)
.2020-01-21 11:16:25.080313 | eval'd: drake::cmq_buildtargetmetadepsspecht_is_subtargetconfig
2020-01-21 11:16:28.618033 | > DO_CALL (0.000s wait)
.2020-01-21 11:16:28.623444 | eval'd: drake::cmq_buildtargetmetadepsspecht_is_subtargetconfig
2020-01-21 11:16:33.538762 | > DO_CALL (0.001s wait)
.2020-01-21 11:16:33.544647 | eval'd: drake::cmq_buildtargetmetadepsspecht_is_subtargetconfig
2020-01-21 11:16:36.982015 | > DO_CALL (0.000s wait)
.2020-01-21 11:16:36.987179 | eval'd: drake::cmq_buildtargetmetadepsspecht_is_subtargetconfig
2020-01-21 11:16:41.258131 | > DO_CALL (0.001s wait)
.2020-01-21 11:16:41.263547 | eval'd: drake::cmq_buildtargetmetadepsspecht_is_subtargetconfig
2020-01-21 11:16:44.688902 | > DO_CALL (0.000s wait)
.2020-01-21 11:16:44.696875 | eval'd: drake::cmq_buildtargetmetadepsspecht_is_subtargetconfig
2020-01-21 11:16:48.033776 | > DO_CALL (0.001s wait)
.2020-01-21 11:16:48.039676 | eval'd: drake::cmq_buildtargetmetadepsspecht_is_subtargetconfig
2020-01-21 11:16:51.481463 | > DO_CALL (0.001s wait)
.2020-01-21 11:16:51.487337 | eval'd: drake::cmq_buildtargetmetadepsspecht_is_subtargetconfig
2020-01-21 11:16:54.969403 | > DO_CALL (0.001s wait)
.2020-01-21 11:16:54.975193 | eval'd: drake::cmq_buildtargetmetadepsspecht_is_subtargetconfig
2020-01-21 11:16:58.268189 | > DO_CALL (0.001s wait)
.2020-01-21 11:16:58.273347 | eval'd: drake::cmq_buildtargetmetadepsspecht_is_subtargetconfig
2020-01-21 11:18:19.978760 | > WORKER_WAIT (0.000s wait)
2020-01-21 11:18:19.979763 | waiting 2.50s
2020-01-21 11:19:42.086736 | > WORKER_WAIT (0.000s wait)
2020-01-21 11:19:42.089713 | waiting 2.50s
Error in clustermq:::worker("tcp://c24a-s1:7958") : 
  Timeout reached, terminating
Execution halted
