2020-08-01 14:21:06.494197 | Master: tcp://c22a-s1.ufhpc:6107
2020-08-01 14:21:06.519218 | WORKER_UP to: tcp://c22a-s1.ufhpc:6107
2020-08-01 14:21:08.899465 | > DO_SETUP (2.351s wait)
2020-08-01 14:21:08.900074 | token from msg: set_common_data_token
2020-08-01 14:21:25.727275 | > DO_CALL (4.873s wait)
* Option 'clustermq.scheduler' not set, defaulting to ‘SLURM’
--- see: https://mschubert.github.io/clustermq/articles/userguide.html#configuration
2020-08-01 14:25:13.949504 | eval'd: drake::cmq_buildtargetmetadepsspecconfig_tmpconfig
2020-08-01 14:25:23.063953 | > DO_CALL (1.323s wait)
2020-08-01 14:25:45.213389 | eval'd: drake::cmq_buildtargetmetadepsspecconfig_tmpconfig
2020-08-01 14:25:47.488598 | > DO_CALL (1.182s wait)
2020-08-01 14:25:56.057719 | eval'd: drake::cmq_buildtargetmetadepsspecconfig_tmpconfig
2020-08-01 14:25:59.364321 | > DO_CALL (1.165s wait)
2020-08-01 14:26:40.871862 | eval'd: drake::cmq_buildtargetmetadepsspecconfig_tmpconfig
2020-08-01 14:26:43.756162 | > DO_CALL (1.191s wait)
2020-08-01 14:28:00.865871 | eval'd: drake::cmq_buildtargetmetadepsspecconfig_tmpconfig
2020-08-01 14:28:04.551574 | > DO_CALL (1.133s wait)
2020-08-01 14:29:10.007248 | eval'd: drake::cmq_buildtargetmetadepsspecconfig_tmpconfig
2020-08-01 14:29:17.171142 | > DO_CALL (1.142s wait)
2020-08-01 14:29:31.928651 | eval'd: drake::cmq_buildtargetmetadepsspecconfig_tmpconfig
2020-08-01 14:29:43.095745 | > DO_CALL (1.159s wait)
2020-08-01 14:30:43.631158 | eval'd: drake::cmq_buildtargetmetadepsspecconfig_tmpconfig
2020-08-01 14:30:47.967871 | > DO_CALL (1.235s wait)
2020-08-01 14:31:15.279477 | eval'd: drake::cmq_buildtargetmetadepsspecconfig_tmpconfig
2020-08-01 14:31:18.609706 | > DO_CALL (1.182s wait)
2020-08-01 14:32:04.928921 | eval'd: drake::cmq_buildtargetmetadepsspecconfig_tmpconfig
2020-08-01 14:32:10.922449 | > DO_CALL (1.174s wait)
2020-08-01 14:32:36.209848 | eval'd: drake::cmq_buildtargetmetadepsspecconfig_tmpconfig
2020-08-01 14:32:38.880108 | > DO_CALL (1.238s wait)
2020-08-01 14:33:09.182689 | eval'd: drake::cmq_buildtargetmetadepsspecconfig_tmpconfig
2020-08-01 14:33:11.654511 | > DO_CALL (1.186s wait)
2020-08-01 14:34:01.457956 | eval'd: drake::cmq_buildtargetmetadepsspecconfig_tmpconfig
2020-08-01 14:34:04.398166 | > DO_CALL (1.198s wait)
2020-08-01 14:34:54.592736 | eval'd: drake::cmq_buildtargetmetadepsspecconfig_tmpconfig
2020-08-01 14:34:58.616457 | > DO_CALL (1.172s wait)
2020-08-01 14:35:14.767300 | eval'd: drake::cmq_buildtargetmetadepsspecconfig_tmpconfig
2020-08-01 14:35:17.199844 | > DO_CALL (1.169s wait)
2020-08-01 14:36:33.285691 | eval'd: drake::cmq_buildtargetmetadepsspecconfig_tmpconfig
2020-08-01 14:36:41.246936 | > DO_CALL (1.181s wait)
2020-08-01 14:36:52.969129 | eval'd: drake::cmq_buildtargetmetadepsspecconfig_tmpconfig
2020-08-01 14:36:55.450774 | > DO_CALL (1.178s wait)
2020-08-01 14:37:18.461028 | eval'd: drake::cmq_buildtargetmetadepsspecconfig_tmpconfig
2020-08-01 14:37:20.700831 | > DO_CALL (1.158s wait)
2020-08-01 14:39:59.425847 | eval'd: drake::cmq_buildtargetmetadepsspecconfig_tmpconfig
2020-08-01 14:40:09.214091 | > DO_CALL (1.323s wait)
2020-08-01 14:40:16.627893 | eval'd: drake::cmq_buildtargetmetadepsspecconfig_tmpconfig
2020-08-01 14:40:18.791187 | > DO_CALL (1.155s wait)
2020-08-01 14:40:43.340162 | eval'd: drake::cmq_buildtargetmetadepsspecconfig_tmpconfig
2020-08-01 14:40:47.455310 | > DO_CALL (1.161s wait)
2020-08-01 14:41:53.098254 | eval'd: drake::cmq_buildtargetmetadepsspecconfig_tmpconfig
2020-08-01 14:41:56.899129 | > DO_CALL (1.170s wait)
2020-08-01 14:42:11.272670 | eval'd: drake::cmq_buildtargetmetadepsspecconfig_tmpconfig
2020-08-01 14:42:13.434384 | > DO_CALL (1.179s wait)
2020-08-01 14:42:34.931785 | eval'd: drake::cmq_buildtargetmetadepsspecconfig_tmpconfig
2020-08-01 14:42:38.248531 | > DO_CALL (1.164s wait)
2020-08-01 14:43:38.480227 | eval'd: drake::cmq_buildtargetmetadepsspecconfig_tmpconfig
2020-08-01 14:43:41.892223 | > DO_CALL (1.173s wait)
2020-08-01 14:45:05.912165 | eval'd: drake::cmq_buildtargetmetadepsspecconfig_tmpconfig
2020-08-01 14:45:21.209465 | > DO_CALL (1.318s wait)
2020-08-01 14:45:33.819056 | eval'd: drake::cmq_buildtargetmetadepsspecconfig_tmpconfig
2020-08-01 14:45:36.180941 | > DO_CALL (1.143s wait)
2020-08-01 14:46:22.524775 | eval'd: drake::cmq_buildtargetmetadepsspecconfig_tmpconfig
2020-08-01 14:46:25.285658 | > DO_CALL (1.180s wait)
2020-08-01 14:47:41.534382 | eval'd: drake::cmq_buildtargetmetadepsspecconfig_tmpconfig
2020-08-01 14:47:45.553388 | > DO_CALL (1.332s wait)
2020-08-01 14:48:09.855737 | eval'd: drake::cmq_buildtargetmetadepsspecconfig_tmpconfig
2020-08-01 14:48:12.200923 | > DO_CALL (0.027s wait)
2020-08-01 14:48:14.585910 | eval'd: drake::cmq_buildtargetmetadepsspecconfig_tmpconfig
2020-08-01 14:48:17.304677 | > DO_CALL (0.217s wait)
2020-08-01 14:48:20.429221 | eval'd: drake::cmq_buildtargetmetadepsspecconfig_tmpconfig
2020-08-01 14:48:24.433028 | > DO_CALL (0.126s wait)
2020-08-01 14:48:26.872759 | eval'd: drake::cmq_buildtargetmetadepsspecconfig_tmpconfig
2020-08-01 14:48:38.931878 | > DO_CALL (0.231s wait)
2020-08-01 14:48:41.440264 | eval'd: drake::cmq_buildtargetmetadepsspecconfig_tmpconfig
2020-08-01 14:48:53.286331 | > DO_CALL (0.520s wait)
2020-08-01 14:48:56.175756 | eval'd: drake::cmq_buildtargetmetadepsspecconfig_tmpconfig
2020-08-01 14:49:03.913882 | > DO_CALL (0.361s wait)
2020-08-01 14:49:06.634482 | eval'd: drake::cmq_buildtargetmetadepsspecconfig_tmpconfig
2020-08-01 14:49:10.277873 | > DO_CALL (0.483s wait)
2020-08-01 14:49:13.061526 | eval'd: drake::cmq_buildtargetmetadepsspecconfig_tmpconfig
2020-08-01 14:49:16.763956 | > DO_CALL (0.535s wait)
2020-08-01 14:49:19.530030 | eval'd: drake::cmq_buildtargetmetadepsspecconfig_tmpconfig
2020-08-01 14:49:29.762090 | > DO_CALL (0.305s wait)
2020-08-01 14:49:32.453051 | eval'd: drake::cmq_buildtargetmetadepsspecconfig_tmpconfig
2020-08-01 14:49:39.286540 | > DO_CALL (0.813s wait)
2020-08-01 14:49:42.375477 | eval'd: drake::cmq_buildtargetmetadepsspecconfig_tmpconfig
2020-08-01 14:49:52.418034 | > DO_CALL (0.182s wait)
2020-08-01 14:49:55.047809 | eval'd: drake::cmq_buildtargetmetadepsspecconfig_tmpconfig
2020-08-01 14:50:02.520014 | > DO_CALL (0.335s wait)
2020-08-01 14:50:05.192617 | eval'd: drake::cmq_buildtargetmetadepsspecconfig_tmpconfig
2020-08-01 14:50:14.246551 | > DO_CALL (0.173s wait)
2020-08-01 14:50:16.819882 | eval'd: drake::cmq_buildtargetmetadepsspecconfig_tmpconfig
2020-08-01 14:50:24.361622 | > DO_CALL (0.532s wait)
2020-08-01 14:50:27.186908 | eval'd: drake::cmq_buildtargetmetadepsspecconfig_tmpconfig
2020-08-01 14:50:36.525079 | > DO_CALL (0.290s wait)
2020-08-01 14:50:39.255895 | eval'd: drake::cmq_buildtargetmetadepsspecconfig_tmpconfig
2020-08-01 14:50:43.642663 | > DO_CALL (0.082s wait)
2020-08-01 14:50:46.203925 | eval'd: drake::cmq_buildtargetmetadepsspecconfig_tmpconfig
2020-08-01 14:50:56.847975 | > DO_CALL (0.066s wait)
2020-08-01 14:50:59.370160 | eval'd: drake::cmq_buildtargetmetadepsspecconfig_tmpconfig
2020-08-01 14:51:16.419017 | > DO_CALL (0.411s wait)
2020-08-01 14:51:19.236197 | eval'd: drake::cmq_buildtargetmetadepsspecconfig_tmpconfig
2020-08-01 14:51:27.494961 | > DO_CALL (0.020s wait)
2020-08-01 14:51:29.970669 | eval'd: drake::cmq_buildtargetmetadepsspecconfig_tmpconfig
2020-08-01 14:51:38.487238 | > DO_CALL (0.017s wait)
2020-08-01 14:51:40.914054 | eval'd: drake::cmq_buildtargetmetadepsspecconfig_tmpconfig
2020-08-01 14:51:48.736518 | > DO_CALL (0.120s wait)
2020-08-01 14:51:51.402657 | eval'd: drake::cmq_buildtargetmetadepsspecconfig_tmpconfig
2020-08-01 14:52:02.643475 | > DO_CALL (0.411s wait)
2020-08-01 14:52:05.452179 | eval'd: drake::cmq_buildtargetmetadepsspecconfig_tmpconfig
2020-08-01 14:52:17.932137 | > DO_CALL (0.151s wait)
2020-08-01 14:52:20.553209 | eval'd: drake::cmq_buildtargetmetadepsspecconfig_tmpconfig
2020-08-01 14:52:39.725857 | > DO_CALL (1.025s wait)
2020-08-01 14:52:42.966056 | eval'd: drake::cmq_buildtargetmetadepsspecconfig_tmpconfig
2020-08-01 14:52:52.761163 | > DO_CALL (0.412s wait)
2020-08-01 14:52:55.596518 | eval'd: drake::cmq_buildtargetmetadepsspecconfig_tmpconfig
2020-08-01 14:53:08.676080 | > DO_CALL (0.285s wait)
2020-08-01 14:53:11.580056 | eval'd: drake::cmq_buildtargetmetadepsspecconfig_tmpconfig
2020-08-01 14:53:12.276417 | > DO_CALL (0.002s wait)
Joining, by = c("dat", "site", "s0", "n0")
2020-08-01 14:53:13.767259 | eval'd: drake::cmq_buildtargetmetadepsspecconfig_tmpconfig
2020-08-01 14:53:16.211770 | > DO_CALL (0.002s wait)
Joining, by = c("dat", "site", "s0", "n0")
2020-08-01 14:53:18.442108 | eval'd: drake::cmq_buildtargetmetadepsspecconfig_tmpconfig
2020-08-01 14:53:18.490103 | > DO_CALL (0.002s wait)
Joining, by = c("dat", "site", "s0", "n0")
2020-08-01 14:53:19.986692 | eval'd: drake::cmq_buildtargetmetadepsspecconfig_tmpconfig
2020-08-01 14:53:20.161710 | > DO_CALL (0.002s wait)
Joining, by = c("dat", "site", "s0", "n0")
2020-08-01 14:53:21.649606 | eval'd: drake::cmq_buildtargetmetadepsspecconfig_tmpconfig
2020-08-01 14:53:21.759406 | > DO_CALL (0.002s wait)
Joining, by = c("dat", "site", "s0", "n0")
2020-08-01 14:53:23.260166 | eval'd: drake::cmq_buildtargetmetadepsspecconfig_tmpconfig
2020-08-01 14:53:23.336686 | > DO_CALL (0.002s wait)
Joining, by = c("dat", "site", "s0", "n0")
2020-08-01 14:53:24.828279 | eval'd: drake::cmq_buildtargetmetadepsspecconfig_tmpconfig
2020-08-01 14:53:27.885628 | > DO_CALL (0.728s wait)
2020-08-01 14:53:31.069805 | eval'd: drake::cmq_buildtargetmetadepsspecconfig_tmpconfig
2020-08-01 14:53:31.624729 | > DO_CALL (0.002s wait)
Joining, by = c("dat", "site", "s0", "n0")
2020-08-01 14:53:33.144925 | eval'd: drake::cmq_buildtargetmetadepsspecconfig_tmpconfig
2020-08-01 14:53:33.225094 | > DO_CALL (0.002s wait)
Joining, by = c("dat", "site", "s0", "n0")
2020-08-01 14:53:34.735064 | eval'd: drake::cmq_buildtargetmetadepsspecconfig_tmpconfig
2020-08-01 14:53:35.573121 | > DO_CALL (0.002s wait)
Joining, by = c("dat", "site", "s0", "n0")
2020-08-01 14:53:37.067134 | eval'd: drake::cmq_buildtargetmetadepsspecconfig_tmpconfig
2020-08-01 14:53:37.382651 | > DO_CALL (0.002s wait)
Joining, by = c("dat", "site", "s0", "n0")
2020-08-01 14:53:38.873651 | eval'd: drake::cmq_buildtargetmetadepsspecconfig_tmpconfig
2020-08-01 14:53:38.940582 | > DO_CALL (0.002s wait)
Joining, by = c("dat", "site", "s0", "n0")
2020-08-01 14:53:40.389808 | eval'd: drake::cmq_buildtargetmetadepsspecconfig_tmpconfig
2020-08-01 14:53:44.438385 | > DO_CALL (0.002s wait)
Joining, by = c("dat", "site", "s0", "n0")
2020-08-01 14:53:45.915555 | eval'd: drake::cmq_buildtargetmetadepsspecconfig_tmpconfig
2020-08-01 14:53:45.983477 | > DO_CALL (0.002s wait)
Joining, by = c("dat", "site", "s0", "n0")
2020-08-01 14:53:47.460333 | eval'd: drake::cmq_buildtargetmetadepsspecconfig_tmpconfig
2020-08-01 14:53:47.514818 | > DO_CALL (0.002s wait)
Joining, by = c("dat", "site", "s0", "n0")
2020-08-01 14:53:48.997625 | eval'd: drake::cmq_buildtargetmetadepsspecconfig_tmpconfig
2020-08-01 14:53:49.140260 | > DO_CALL (0.002s wait)
Joining, by = c("dat", "site", "s0", "n0")
2020-08-01 14:53:50.659548 | eval'd: drake::cmq_buildtargetmetadepsspecconfig_tmpconfig
2020-08-01 14:53:50.703044 | > DO_CALL (0.003s wait)
Joining, by = c("dat", "site", "s0", "n0")
2020-08-01 14:53:52.174958 | eval'd: drake::cmq_buildtargetmetadepsspecconfig_tmpconfig
2020-08-01 14:53:56.062590 | > DO_CALL (0.002s wait)
Joining, by = c("dat", "site", "s0", "n0")
2020-08-01 14:53:57.542748 | eval'd: drake::cmq_buildtargetmetadepsspecconfig_tmpconfig
2020-08-01 14:53:57.610297 | > DO_CALL (0.002s wait)
Joining, by = c("dat", "site", "s0", "n0")
2020-08-01 14:53:59.102155 | eval'd: drake::cmq_buildtargetmetadepsspecconfig_tmpconfig
2020-08-01 14:53:59.152232 | > DO_CALL (0.002s wait)
Joining, by = c("dat", "site", "s0", "n0")
2020-08-01 14:54:00.655660 | eval'd: drake::cmq_buildtargetmetadepsspecconfig_tmpconfig
2020-08-01 14:54:00.700155 | > DO_CALL (0.002s wait)
Joining, by = c("dat", "site", "s0", "n0")
2020-08-01 14:54:02.196519 | eval'd: drake::cmq_buildtargetmetadepsspecconfig_tmpconfig
2020-08-01 14:54:02.243758 | > DO_CALL (0.002s wait)
Joining, by = c("dat", "site", "s0", "n0")
2020-08-01 14:54:03.735681 | eval'd: drake::cmq_buildtargetmetadepsspecconfig_tmpconfig
2020-08-01 14:54:03.811503 | > DO_CALL (0.002s wait)
Joining, by = c("dat", "site", "s0", "n0")
2020-08-01 14:54:05.263394 | eval'd: drake::cmq_buildtargetmetadepsspecconfig_tmpconfig
2020-08-01 14:54:06.684455 | > WORKER_WAIT (0.000s wait)
2020-08-01 14:54:06.684896 | waiting 1.00s
2020-08-01 14:54:08.303882 | > WORKER_WAIT (0.000s wait)
2020-08-01 14:54:08.304209 | waiting 1.00s
2020-08-01 14:54:35.356924 | > WORKER_STOP (0.000s wait)
2020-08-01 14:54:35.357406 | shutting down worker
2020-08-01 14:54:36.090746 | 
Total: 79 in 1624.06s [user], 14.82s [system], 2008.84s [elapsed]
