2020-01-21 10:48:11.378894 | Master: tcp://c24a-s1:7958
2020-01-21 10:48:11.400538 | WORKER_UP to: tcp://c24a-s1:7958
2020-01-21 10:48:16.241482 | > DO_SETUP (2.976s wait)
2020-01-21 10:48:16.242118 | token from msg: set_common_data_token
2020-01-21 10:48:16.916165 | > DO_CALL (0.001s wait)
.* Option 'clustermq.scheduler' not set, defaulting to ‘SLURM’
--- see: https://mschubert.github.io/clustermq/articles/userguide.html#configuration
2020-01-21 10:48:17.113955 | eval'd: drake::cmq_buildtargetmetadepsspecht_is_subtargetconfig
2020-01-21 10:48:21.163861 | > DO_CALL (0.000s wait)
.2020-01-21 10:48:21.456435 | eval'd: drake::cmq_buildtargetmetadepsspecht_is_subtargetconfig
2020-01-21 10:48:28.076261 | > DO_CALL (0.000s wait)
.2020-01-21 10:48:28.080481 | eval'd: drake::cmq_buildtargetmetadepsspecht_is_subtargetconfig
2020-01-21 10:48:35.109403 | > DO_CALL (0.000s wait)
.2020-01-21 10:48:35.113806 | eval'd: drake::cmq_buildtargetmetadepsspecht_is_subtargetconfig
2020-01-21 10:48:41.425077 | > DO_CALL (0.001s wait)
.2020-01-21 10:48:41.431181 | eval'd: drake::cmq_buildtargetmetadepsspecht_is_subtargetconfig
2020-01-21 10:48:48.242117 | > DO_CALL (0.001s wait)
.2020-01-21 10:48:48.247772 | eval'd: drake::cmq_buildtargetmetadepsspecht_is_subtargetconfig
2020-01-21 10:48:54.485214 | > DO_CALL (0.000s wait)
.2020-01-21 10:48:54.489507 | eval'd: drake::cmq_buildtargetmetadepsspecht_is_subtargetconfig
2020-01-21 10:49:01.900869 | > DO_CALL (0.000s wait)
.2020-01-21 10:49:01.906861 | eval'd: drake::cmq_buildtargetmetadepsspecht_is_subtargetconfig
2020-01-21 10:49:09.271994 | > DO_CALL (0.001s wait)
.2020-01-21 10:49:09.277199 | eval'd: drake::cmq_buildtargetmetadepsspecht_is_subtargetconfig
2020-01-21 10:49:17.677194 | > DO_CALL (0.001s wait)
.2020-01-21 10:49:17.683174 | eval'd: drake::cmq_buildtargetmetadepsspecht_is_subtargetconfig
2020-01-21 10:49:24.158970 | > DO_CALL (0.001s wait)
.2020-01-21 10:49:24.164057 | eval'd: drake::cmq_buildtargetmetadepsspecht_is_subtargetconfig
2020-01-21 10:49:29.760179 | > DO_CALL (0.000s wait)
.2020-01-21 10:49:29.764869 | eval'd: drake::cmq_buildtargetmetadepsspecht_is_subtargetconfig
2020-01-21 10:49:36.108272 | > DO_CALL (0.001s wait)
.2020-01-21 10:49:36.114265 | eval'd: drake::cmq_buildtargetmetadepsspecht_is_subtargetconfig
2020-01-21 10:49:42.664537 | > DO_CALL (0.000s wait)
.2020-01-21 10:49:42.669338 | eval'd: drake::cmq_buildtargetmetadepsspecht_is_subtargetconfig
2020-01-21 10:49:49.043417 | > DO_CALL (0.000s wait)
.2020-01-21 10:49:49.047838 | eval'd: drake::cmq_buildtargetmetadepsspecht_is_subtargetconfig
2020-01-21 10:49:55.369818 | > DO_CALL (0.000s wait)
.2020-01-21 10:49:55.375077 | eval'd: drake::cmq_buildtargetmetadepsspecht_is_subtargetconfig
2020-01-21 10:50:01.639003 | > DO_CALL (0.001s wait)
.2020-01-21 10:50:01.645337 | eval'd: drake::cmq_buildtargetmetadepsspecht_is_subtargetconfig
2020-01-21 10:50:06.664177 | > DO_CALL (0.001s wait)
.2020-01-21 10:50:06.668648 | eval'd: drake::cmq_buildtargetmetadepsspecht_is_subtargetconfig
2020-01-21 10:50:12.300195 | > DO_CALL (0.000s wait)
.2020-01-21 10:50:12.304653 | eval'd: drake::cmq_buildtargetmetadepsspecht_is_subtargetconfig
2020-01-21 10:50:19.442213 | > DO_CALL (0.000s wait)
.2020-01-21 10:50:19.446380 | eval'd: drake::cmq_buildtargetmetadepsspecht_is_subtargetconfig
2020-01-21 10:50:24.642030 | > DO_CALL (0.001s wait)
.2020-01-21 10:50:24.647737 | eval'd: drake::cmq_buildtargetmetadepsspecht_is_subtargetconfig
2020-01-21 10:50:29.743565 | > DO_CALL (0.000s wait)
.2020-01-21 10:50:29.748805 | eval'd: drake::cmq_buildtargetmetadepsspecht_is_subtargetconfig
2020-01-21 10:50:36.180857 | > DO_CALL (0.000s wait)
.2020-01-21 10:50:36.186230 | eval'd: drake::cmq_buildtargetmetadepsspecht_is_subtargetconfig
2020-01-21 10:50:42.332375 | > DO_CALL (0.000s wait)
.2020-01-21 10:50:42.336735 | eval'd: drake::cmq_buildtargetmetadepsspecht_is_subtargetconfig
2020-01-21 10:50:47.799479 | > DO_CALL (0.000s wait)
.2020-01-21 10:50:47.804335 | eval'd: drake::cmq_buildtargetmetadepsspecht_is_subtargetconfig
2020-01-21 10:50:53.292872 | > DO_CALL (0.000s wait)
.2020-01-21 10:50:53.298306 | eval'd: drake::cmq_buildtargetmetadepsspecht_is_subtargetconfig
2020-01-21 10:50:58.369377 | > DO_CALL (0.000s wait)
.2020-01-21 10:50:58.374525 | eval'd: drake::cmq_buildtargetmetadepsspecht_is_subtargetconfig
2020-01-21 10:51:04.092268 | > DO_CALL (0.001s wait)
.2020-01-21 10:51:04.098354 | eval'd: drake::cmq_buildtargetmetadepsspecht_is_subtargetconfig
2020-01-21 10:51:09.644296 | > DO_CALL (0.000s wait)
.2020-01-21 10:51:09.649756 | eval'd: drake::cmq_buildtargetmetadepsspecht_is_subtargetconfig
2020-01-21 10:51:15.852181 | > DO_CALL (0.001s wait)
.2020-01-21 10:51:15.858258 | eval'd: drake::cmq_buildtargetmetadepsspecht_is_subtargetconfig
2020-01-21 10:51:22.290348 | > DO_CALL (0.001s wait)
.2020-01-21 10:51:22.297342 | eval'd: drake::cmq_buildtargetmetadepsspecht_is_subtargetconfig
2020-01-21 10:51:27.735730 | > DO_CALL (0.000s wait)
.2020-01-21 10:51:27.741595 | eval'd: drake::cmq_buildtargetmetadepsspecht_is_subtargetconfig
2020-01-21 10:51:32.988694 | > DO_CALL (0.000s wait)
.2020-01-21 10:51:32.994496 | eval'd: drake::cmq_buildtargetmetadepsspecht_is_subtargetconfig
2020-01-21 10:51:37.221554 | > DO_CALL (0.000s wait)
.2020-01-21 10:51:37.227278 | eval'd: drake::cmq_buildtargetmetadepsspecht_is_subtargetconfig
2020-01-21 10:51:42.329207 | > DO_CALL (0.001s wait)
.2020-01-21 10:51:42.333926 | eval'd: drake::cmq_buildtargetmetadepsspecht_is_subtargetconfig
2020-01-21 10:51:47.113138 | > DO_CALL (0.001s wait)
.2020-01-21 10:51:47.120322 | eval'd: drake::cmq_buildtargetmetadepsspecht_is_subtargetconfig
2020-01-21 10:51:52.486145 | > DO_CALL (0.001s wait)
.2020-01-21 10:51:52.490953 | eval'd: drake::cmq_buildtargetmetadepsspecht_is_subtargetconfig
2020-01-21 10:51:57.917643 | > DO_CALL (0.000s wait)
.2020-01-21 10:51:57.923335 | eval'd: drake::cmq_buildtargetmetadepsspecht_is_subtargetconfig
2020-01-21 10:52:02.616418 | > DO_CALL (0.000s wait)
.2020-01-21 10:52:02.621810 | eval'd: drake::cmq_buildtargetmetadepsspecht_is_subtargetconfig
2020-01-21 10:52:08.070260 | > DO_CALL (0.001s wait)
.2020-01-21 10:52:08.077922 | eval'd: drake::cmq_buildtargetmetadepsspecht_is_subtargetconfig
2020-01-21 10:52:13.310245 | > DO_CALL (0.001s wait)
.2020-01-21 10:52:13.317016 | eval'd: drake::cmq_buildtargetmetadepsspecht_is_subtargetconfig
2020-01-21 10:52:17.919217 | > DO_CALL (0.000s wait)
.2020-01-21 10:52:17.924599 | eval'd: drake::cmq_buildtargetmetadepsspecht_is_subtargetconfig
2020-01-21 10:52:24.839288 | > DO_CALL (0.000s wait)
.2020-01-21 10:52:24.844323 | eval'd: drake::cmq_buildtargetmetadepsspecht_is_subtargetconfig
2020-01-21 10:52:29.894249 | > DO_CALL (0.000s wait)
.2020-01-21 10:52:29.899860 | eval'd: drake::cmq_buildtargetmetadepsspecht_is_subtargetconfig
2020-01-21 10:52:35.673267 | > DO_CALL (0.000s wait)
.2020-01-21 10:52:35.678349 | eval'd: drake::cmq_buildtargetmetadepsspecht_is_subtargetconfig
2020-01-21 10:52:40.388267 | > DO_CALL (0.000s wait)
.2020-01-21 10:52:40.393792 | eval'd: drake::cmq_buildtargetmetadepsspecht_is_subtargetconfig
2020-01-21 10:52:45.047125 | > DO_CALL (0.001s wait)
.2020-01-21 10:52:45.053837 | eval'd: drake::cmq_buildtargetmetadepsspecht_is_subtargetconfig
2020-01-21 10:52:49.637243 | > DO_CALL (0.001s wait)
.2020-01-21 10:52:49.644556 | eval'd: drake::cmq_buildtargetmetadepsspecht_is_subtargetconfig
2020-01-21 10:52:54.331051 | > DO_CALL (0.001s wait)
.2020-01-21 10:52:54.337551 | eval'd: drake::cmq_buildtargetmetadepsspecht_is_subtargetconfig
2020-01-21 10:52:58.874859 | > DO_CALL (0.000s wait)
.2020-01-21 10:52:58.881732 | eval'd: drake::cmq_buildtargetmetadepsspecht_is_subtargetconfig
2020-01-21 10:53:03.650410 | > DO_CALL (0.000s wait)
.2020-01-21 10:53:03.655774 | eval'd: drake::cmq_buildtargetmetadepsspecht_is_subtargetconfig
2020-01-21 10:53:08.275373 | > DO_CALL (0.000s wait)
.2020-01-21 10:53:08.281690 | eval'd: drake::cmq_buildtargetmetadepsspecht_is_subtargetconfig
2020-01-21 10:53:13.174305 | > DO_CALL (0.000s wait)
.2020-01-21 10:53:13.180308 | eval'd: drake::cmq_buildtargetmetadepsspecht_is_subtargetconfig
2020-01-21 10:53:17.472244 | > DO_CALL (0.001s wait)
.2020-01-21 10:53:17.480186 | eval'd: drake::cmq_buildtargetmetadepsspecht_is_subtargetconfig
2020-01-21 10:53:22.038151 | > DO_CALL (0.001s wait)
.2020-01-21 10:53:22.044659 | eval'd: drake::cmq_buildtargetmetadepsspecht_is_subtargetconfig
2020-01-21 10:53:28.901395 | > DO_CALL (0.000s wait)
.
2020-01-21 10:53:28.907506 | eval'd: drake::cmq_buildtargetmetadepsspecht_is_subtargetconfig
2020-01-21 10:53:33.637360 | > DO_CALL (0.000s wait)
.2020-01-21 10:53:33.642287 | eval'd: drake::cmq_buildtargetmetadepsspecht_is_subtargetconfig
2020-01-21 10:53:38.213096 | > DO_CALL (0.001s wait)
.2020-01-21 10:53:38.220641 | eval'd: drake::cmq_buildtargetmetadepsspecht_is_subtargetconfig
2020-01-21 10:53:42.881008 | > DO_CALL (0.001s wait)
.2020-01-21 10:53:42.887456 | eval'd: drake::cmq_buildtargetmetadepsspecht_is_subtargetconfig
2020-01-21 10:53:47.183177 | > DO_CALL (0.001s wait)
.2020-01-21 10:53:47.190451 | eval'd: drake::cmq_buildtargetmetadepsspecht_is_subtargetconfig
2020-01-21 10:53:52.061112 | > DO_CALL (0.001s wait)
.2020-01-21 10:53:52.068165 | eval'd: drake::cmq_buildtargetmetadepsspecht_is_subtargetconfig
2020-01-21 10:53:55.973160 | > DO_CALL (0.001s wait)
.2020-01-21 10:53:55.980092 | eval'd: drake::cmq_buildtargetmetadepsspecht_is_subtargetconfig
2020-01-21 10:54:00.112289 | > DO_CALL (0.001s wait)
.2020-01-21 10:54:00.120061 | eval'd: drake::cmq_buildtargetmetadepsspecht_is_subtargetconfig
2020-01-21 10:54:04.817207 | > DO_CALL (0.001s wait)
.2020-01-21 10:54:04.823997 | eval'd: drake::cmq_buildtargetmetadepsspecht_is_subtargetconfig
2020-01-21 10:54:09.093313 | > DO_CALL (0.001s wait)
.2020-01-21 10:54:09.101321 | eval'd: drake::cmq_buildtargetmetadepsspecht_is_subtargetconfig
2020-01-21 10:54:13.925133 | > DO_CALL (0.001s wait)
.2020-01-21 10:54:13.930172 | eval'd: drake::cmq_buildtargetmetadepsspecht_is_subtargetconfig
2020-01-21 10:54:18.080795 | > DO_CALL (0.000s wait)
.2020-01-21 10:54:18.087268 | eval'd: drake::cmq_buildtargetmetadepsspecht_is_subtargetconfig
2020-01-21 10:54:22.420045 | > DO_CALL (0.001s wait)
.2020-01-21 10:54:22.426943 | eval'd: drake::cmq_buildtargetmetadepsspecht_is_subtargetconfig
2020-01-21 10:54:29.060175 | > DO_CALL (0.001s wait)
.2020-01-21 10:54:29.069689 | eval'd: drake::cmq_buildtargetmetadepsspecht_is_subtargetconfig
2020-01-21 10:54:34.069431 | > DO_CALL (0.000s wait)
.2020-01-21 10:54:34.074946 | eval'd: drake::cmq_buildtargetmetadepsspecht_is_subtargetconfig
2020-01-21 10:54:38.282911 | > DO_CALL (0.000s wait)
.2020-01-21 10:54:38.290122 | eval'd: drake::cmq_buildtargetmetadepsspecht_is_subtargetconfig
2020-01-21 10:54:42.482921 | > DO_CALL (0.000s wait)
.2020-01-21 10:54:42.489492 | eval'd: drake::cmq_buildtargetmetadepsspecht_is_subtargetconfig
2020-01-21 10:54:46.615260 | > DO_CALL (0.000s wait)
.2020-01-21 10:54:46.620493 | eval'd: drake::cmq_buildtargetmetadepsspecht_is_subtargetconfig
2020-01-21 10:54:50.525285 | > DO_CALL (0.001s wait)
.2020-01-21 10:54:50.532647 | eval'd: drake::cmq_buildtargetmetadepsspecht_is_subtargetconfig
2020-01-21 10:54:54.396618 | > DO_CALL (0.000s wait)
.2020-01-21 10:54:54.402493 | eval'd: drake::cmq_buildtargetmetadepsspecht_is_subtargetconfig
2020-01-21 10:54:58.660120 | > DO_CALL (0.001s wait)
.2020-01-21 10:54:58.678870 | eval'd: drake::cmq_buildtargetmetadepsspecht_is_subtargetconfig
2020-01-21 10:55:02.785593 | > DO_CALL (0.000s wait)
.2020-01-21 10:55:02.790678 | eval'd: drake::cmq_buildtargetmetadepsspecht_is_subtargetconfig
2020-01-21 10:55:07.109927 | > DO_CALL (0.000s wait)
.2020-01-21 10:55:07.115958 | eval'd: drake::cmq_buildtargetmetadepsspecht_is_subtargetconfig
2020-01-21 10:55:11.282431 | > DO_CALL (0.000s wait)
.2020-01-21 10:55:11.287348 | eval'd: drake::cmq_buildtargetmetadepsspecht_is_subtargetconfig
2020-01-21 10:55:15.272196 | > DO_CALL (0.001s wait)
.2020-01-21 10:55:15.276651 | eval'd: drake::cmq_buildtargetmetadepsspecht_is_subtargetconfig
2020-01-21 10:55:19.180314 | > DO_CALL (0.000s wait)
.2020-01-21 10:55:19.185389 | eval'd: drake::cmq_buildtargetmetadepsspecht_is_subtargetconfig
2020-01-21 10:55:23.250982 | > DO_CALL (0.001s wait)
.2020-01-21 10:55:23.256478 | eval'd: drake::cmq_buildtargetmetadepsspecht_is_subtargetconfig
2020-01-21 10:55:27.191528 | > DO_CALL (0.000s wait)
.2020-01-21 10:55:27.197012 | eval'd: drake::cmq_buildtargetmetadepsspecht_is_subtargetconfig
2020-01-21 10:55:33.885122 | > DO_CALL (0.001s wait)
.2020-01-21 10:55:33.889580 | eval'd: drake::cmq_buildtargetmetadepsspecht_is_subtargetconfig
2020-01-21 10:55:38.538579 | > DO_CALL (0.000s wait)
.2020-01-21 10:55:38.544442 | eval'd: drake::cmq_buildtargetmetadepsspecht_is_subtargetconfig
2020-01-21 10:55:43.068093 | > DO_CALL (0.001s wait)
.2020-01-21 10:55:43.072583 | eval'd: drake::cmq_buildtargetmetadepsspecht_is_subtargetconfig
2020-01-21 10:55:47.055032 | > DO_CALL (0.001s wait)
.2020-01-21 10:55:47.061160 | eval'd: drake::cmq_buildtargetmetadepsspecht_is_subtargetconfig
2020-01-21 10:55:50.935917 | > DO_CALL (0.000s wait)
.2020-01-21 10:55:50.941540 | eval'd: drake::cmq_buildtargetmetadepsspecht_is_subtargetconfig
2020-01-21 10:55:55.236815 | > DO_CALL (0.000s wait)
.2020-01-21 10:55:55.242424 | eval'd: drake::cmq_buildtargetmetadepsspecht_is_subtargetconfig
2020-01-21 10:55:58.837230 | > DO_CALL (0.001s wait)
.2020-01-21 10:55:58.841662 | eval'd: drake::cmq_buildtargetmetadepsspecht_is_subtargetconfig
2020-01-21 10:56:02.793269 | > DO_CALL (0.000s wait)
.2020-01-21 10:56:02.797872 | eval'd: drake::cmq_buildtargetmetadepsspecht_is_subtargetconfig
2020-01-21 10:56:06.890554 | > DO_CALL (0.000s wait)
.2020-01-21 10:56:06.895302 | eval'd: drake::cmq_buildtargetmetadepsspecht_is_subtargetconfig
2020-01-21 10:56:11.010460 | > DO_CALL (0.000s wait)
.2020-01-21 10:56:11.015323 | eval'd: drake::cmq_buildtargetmetadepsspecht_is_subtargetconfig
2020-01-21 10:56:15.081405 | > DO_CALL (0.000s wait)
.2020-01-21 10:56:15.086226 | eval'd: drake::cmq_buildtargetmetadepsspecht_is_subtargetconfig
2020-01-21 10:56:19.905957 | > DO_CALL (0.000s wait)
.2020-01-21 10:56:19.912381 | eval'd: drake::cmq_buildtargetmetadepsspecht_is_subtargetconfig
2020-01-21 10:56:23.871843 | > DO_CALL (0.000s wait)
.2020-01-21 10:56:23.877432 | eval'd: drake::cmq_buildtargetmetadepsspecht_is_subtargetconfig
2020-01-21 10:56:27.899206 | > DO_CALL (0.001s wait)
.2020-01-21 10:56:27.904311 | eval'd: drake::cmq_buildtargetmetadepsspecht_is_subtargetconfig
2020-01-21 10:56:32.424836 | > DO_CALL (0.000s wait)
.2020-01-21 10:56:32.430339 | eval'd: drake::cmq_buildtargetmetadepsspecht_is_subtargetconfig
2020-01-21 10:56:38.329718 | > DO_CALL (0.000s wait)
.2020-01-21 10:56:38.335336 | eval'd: drake::cmq_buildtargetmetadepsspecht_is_subtargetconfig
2020-01-21 10:56:42.249067 | > DO_CALL (0.001s wait)
.2020-01-21 10:56:42.255119 | eval'd: drake::cmq_buildtargetmetadepsspecht_is_subtargetconfig
2020-01-21 10:56:47.158443 | > DO_CALL (0.000s wait)
.2020-01-21 10:56:47.163730 | eval'd: drake::cmq_buildtargetmetadepsspecht_is_subtargetconfig
2020-01-21 10:56:50.892068 | > DO_CALL (0.001s wait)
.2020-01-21 10:56:50.896594 | eval'd: drake::cmq_buildtargetmetadepsspecht_is_subtargetconfig
2020-01-21 10:56:54.672305 | > DO_CALL (0.000s wait)
.2020-01-21 10:56:54.677015 | eval'd: drake::cmq_buildtargetmetadepsspecht_is_subtargetconfig
2020-01-21 10:56:58.989818 | > DO_CALL (0.000s wait)
.2020-01-21 10:56:58.995858 | eval'd: drake::cmq_buildtargetmetadepsspecht_is_subtargetconfig
2020-01-21 10:57:03.347719 | > DO_CALL (0.000s wait)
.2020-01-21 10:57:03.352944 | eval'd: drake::cmq_buildtargetmetadepsspecht_is_subtargetconfig
2020-01-21 10:57:07.741609 | > DO_CALL (0.000s wait)
.2020-01-21 10:57:07.747491 | eval'd: drake::cmq_buildtargetmetadepsspecht_is_subtargetconfig
2020-01-21 10:57:11.737897 | > DO_CALL (0.000s wait)
.2020-01-21 10:57:11.743782 | eval'd: drake::cmq_buildtargetmetadepsspecht_is_subtargetconfig
2020-01-21 10:57:15.826574 | > DO_CALL (0.000s wait)
.2020-01-21 10:57:15.831436 | eval'd: drake::cmq_buildtargetmetadepsspecht_is_subtargetconfig
2020-01-21 10:57:19.920729 | > DO_CALL (0.000s wait)
.2020-01-21 10:57:19.926643 | eval'd: drake::cmq_buildtargetmetadepsspecht_is_subtargetconfig
2020-01-21 10:57:24.496848 | > DO_CALL (0.000s wait)
.2020-01-21 10:57:24.502529 | eval'd: drake::cmq_buildtargetmetadepsspecht_is_subtargetconfig
2020-01-21 10:57:28.756903 | > DO_CALL (0.000s wait)
.2020-01-21 10:57:28.763217 | eval'd: drake::cmq_buildtargetmetadepsspecht_is_subtargetconfig
2020-01-21 10:57:32.528228 | > DO_CALL (0.001s wait)
.2020-01-21 10:57:32.532963 | eval'd: drake::cmq_buildtargetmetadepsspecht_is_subtargetconfig
2020-01-21 10:57:36.437256 | > DO_CALL (0.001s wait)
.2020-01-21 10:57:36.441771 | eval'd: drake::cmq_buildtargetmetadepsspecht_is_subtargetconfig
2020-01-21 10:57:42.717912 | > DO_CALL (0.000s wait)
.2020-01-21 10:57:42.723721 | eval'd: drake::cmq_buildtargetmetadepsspecht_is_subtargetconfig
2020-01-21 10:57:46.653015 | > DO_CALL (0.001s wait)
.2020-01-21 10:57:46.657303 | eval'd: drake::cmq_buildtargetmetadepsspecht_is_subtargetconfig
2020-01-21 10:57:50.560029 | > DO_CALL (0.001s wait)
.2020-01-21 10:57:50.565960 | eval'd: drake::cmq_buildtargetmetadepsspecht_is_subtargetconfig
2020-01-21 10:57:54.839793 | > DO_CALL (0.000s wait)
.2020-01-21 10:57:54.845016 | eval'd: drake::cmq_buildtargetmetadepsspecht_is_subtargetconfig
2020-01-21 10:57:59.734067 | > DO_CALL (0.001s wait)
.2020-01-21 10:57:59.740174 | eval'd: drake::cmq_buildtargetmetadepsspecht_is_subtargetconfig
2020-01-21 10:58:03.468777 | > DO_CALL (0.000s wait)
.2020-01-21 10:58:03.474395 | eval'd: drake::cmq_buildtargetmetadepsspecht_is_subtargetconfig
2020-01-21 10:58:07.576052 | > DO_CALL (0.001s wait)
.2020-01-21 10:58:07.582640 | eval'd: drake::cmq_buildtargetmetadepsspecht_is_subtargetconfig
2020-01-21 10:58:11.462029 | > DO_CALL (0.001s wait)
.2020-01-21 10:58:11.466496 | eval'd: drake::cmq_buildtargetmetadepsspecht_is_subtargetconfig
2020-01-21 10:58:15.364524 | > DO_CALL (0.000s wait)
.2020-01-21 10:58:15.369663 | eval'd: drake::cmq_buildtargetmetadepsspecht_is_subtargetconfig
2020-01-21 10:58:19.056205 | > DO_CALL (0.001s wait)
.2020-01-21 10:58:19.061389 | eval'd: drake::cmq_buildtargetmetadepsspecht_is_subtargetconfig
2020-01-21 10:58:22.853206 | > DO_CALL (0.001s wait)
.2020-01-21 10:58:22.857734 | eval'd: drake::cmq_buildtargetmetadepsspecht_is_subtargetconfig
2020-01-21 10:58:27.015898 | > DO_CALL (0.000s wait)
.2020-01-21 10:58:27.021847 | eval'd: drake::cmq_buildtargetmetadepsspecht_is_subtargetconfig
2020-01-21 10:58:30.676862 | > DO_CALL (0.000s wait)
.2020-01-21 10:58:30.682334 | eval'd: drake::cmq_buildtargetmetadepsspecht_is_subtargetconfig
2020-01-21 10:58:34.542838 | > DO_CALL (0.000s wait)
.2020-01-21 10:58:34.548612 | eval'd: drake::cmq_buildtargetmetadepsspecht_is_subtargetconfig
2020-01-21 10:58:38.442816 | > DO_CALL (0.000s wait)
.2020-01-21 10:58:38.449103 | eval'd: drake::cmq_buildtargetmetadepsspecht_is_subtargetconfig
2020-01-21 10:58:44.558113 | > DO_CALL (0.001s wait)
.2020-01-21 10:58:44.564226 | eval'd: drake::cmq_buildtargetmetadepsspecht_is_subtargetconfig
2020-01-21 10:58:48.435514 | > DO_CALL (0.000s wait)
.2020-01-21 10:58:48.441497 | eval'd: drake::cmq_buildtargetmetadepsspecht_is_subtargetconfig
2020-01-21 10:58:52.448434 | > DO_CALL (0.000s wait)
.2020-01-21 10:58:52.453296 | eval'd: drake::cmq_buildtargetmetadepsspecht_is_subtargetconfig
2020-01-21 10:58:56.482987 | > DO_CALL (0.001s wait)
.2020-01-21 10:58:56.488975 | eval'd: drake::cmq_buildtargetmetadepsspecht_is_subtargetconfig
2020-01-21 10:59:01.425125 | > DO_CALL (0.001s wait)
.2020-01-21 10:59:01.431005 | eval'd: drake::cmq_buildtargetmetadepsspecht_is_subtargetconfig
2020-01-21 10:59:05.308268 | > DO_CALL (0.001s wait)
.2020-01-21 10:59:05.314598 | eval'd: drake::cmq_buildtargetmetadepsspecht_is_subtargetconfig
2020-01-21 10:59:09.161130 | > DO_CALL (0.001s wait)
.
2020-01-21 10:59:09.168262 | eval'd: drake::cmq_buildtargetmetadepsspecht_is_subtargetconfig
2020-01-21 10:59:13.091219 | > DO_CALL (0.001s wait)
.2020-01-21 10:59:13.095538 | eval'd: drake::cmq_buildtargetmetadepsspecht_is_subtargetconfig
2020-01-21 10:59:17.028537 | > DO_CALL (0.000s wait)
.2020-01-21 10:59:17.033933 | eval'd: drake::cmq_buildtargetmetadepsspecht_is_subtargetconfig
2020-01-21 10:59:21.033204 | > DO_CALL (0.001s wait)
.2020-01-21 10:59:21.039497 | eval'd: drake::cmq_buildtargetmetadepsspecht_is_subtargetconfig
2020-01-21 10:59:25.068141 | > DO_CALL (0.001s wait)
.2020-01-21 10:59:25.074408 | eval'd: drake::cmq_buildtargetmetadepsspecht_is_subtargetconfig
2020-01-21 10:59:29.578578 | > DO_CALL (0.001s wait)
.2020-01-21 10:59:29.584202 | eval'd: drake::cmq_buildtargetmetadepsspecht_is_subtargetconfig
2020-01-21 10:59:33.514709 | > DO_CALL (0.000s wait)
.2020-01-21 10:59:33.520150 | eval'd: drake::cmq_buildtargetmetadepsspecht_is_subtargetconfig
2020-01-21 10:59:37.295986 | > DO_CALL (0.001s wait)
.2020-01-21 10:59:37.302515 | eval'd: drake::cmq_buildtargetmetadepsspecht_is_subtargetconfig
2020-01-21 10:59:41.045088 | > DO_CALL (0.001s wait)
.2020-01-21 10:59:41.049591 | eval'd: drake::cmq_buildtargetmetadepsspecht_is_subtargetconfig
2020-01-21 10:59:46.628872 | > DO_CALL (0.000s wait)
.2020-01-21 10:59:46.634232 | eval'd: drake::cmq_buildtargetmetadepsspecht_is_subtargetconfig
2020-01-21 10:59:51.170247 | > DO_CALL (0.001s wait)
.2020-01-21 10:59:51.176683 | eval'd: drake::cmq_buildtargetmetadepsspecht_is_subtargetconfig
2020-01-21 10:59:54.929805 | > DO_CALL (0.000s wait)
.2020-01-21 10:59:54.949391 | eval'd: drake::cmq_buildtargetmetadepsspecht_is_subtargetconfig
2020-01-21 10:59:58.861104 | > DO_CALL (0.001s wait)
.2020-01-21 10:59:58.865328 | eval'd: drake::cmq_buildtargetmetadepsspecht_is_subtargetconfig
2020-01-21 11:00:02.686352 | > DO_CALL (0.000s wait)
.2020-01-21 11:00:02.691063 | eval'd: drake::cmq_buildtargetmetadepsspecht_is_subtargetconfig
2020-01-21 11:00:06.365552 | > DO_CALL (0.000s wait)
.2020-01-21 11:00:06.370724 | eval'd: drake::cmq_buildtargetmetadepsspecht_is_subtargetconfig
2020-01-21 11:00:09.855547 | > DO_CALL (0.000s wait)
.2020-01-21 11:00:09.860334 | eval'd: drake::cmq_buildtargetmetadepsspecht_is_subtargetconfig
2020-01-21 11:00:13.587060 | > DO_CALL (0.001s wait)
.2020-01-21 11:00:13.592944 | eval'd: drake::cmq_buildtargetmetadepsspecht_is_subtargetconfig
2020-01-21 11:00:17.305794 | > DO_CALL (0.000s wait)
.2020-01-21 11:00:17.311915 | eval'd: drake::cmq_buildtargetmetadepsspecht_is_subtargetconfig
2020-01-21 11:00:21.126428 | > DO_CALL (0.000s wait)
.2020-01-21 11:00:21.131183 | eval'd: drake::cmq_buildtargetmetadepsspecht_is_subtargetconfig
2020-01-21 11:00:25.108574 | > DO_CALL (0.000s wait)
.2020-01-21 11:00:25.113722 | eval'd: drake::cmq_buildtargetmetadepsspecht_is_subtargetconfig
2020-01-21 11:00:29.033245 | > DO_CALL (0.000s wait)
.2020-01-21 11:00:29.038163 | eval'd: drake::cmq_buildtargetmetadepsspecht_is_subtargetconfig
2020-01-21 11:00:33.576499 | > DO_CALL (0.000s wait)
.2020-01-21 11:00:33.581575 | eval'd: drake::cmq_buildtargetmetadepsspecht_is_subtargetconfig
2020-01-21 11:00:37.654017 | > DO_CALL (0.001s wait)
.2020-01-21 11:00:37.660428 | eval'd: drake::cmq_buildtargetmetadepsspecht_is_subtargetconfig
2020-01-21 11:00:41.459266 | > DO_CALL (0.000s wait)
.2020-01-21 11:00:41.463585 | eval'd: drake::cmq_buildtargetmetadepsspecht_is_subtargetconfig
2020-01-21 11:00:45.224489 | > DO_CALL (0.000s wait)
.2020-01-21 11:00:45.229131 | eval'd: drake::cmq_buildtargetmetadepsspecht_is_subtargetconfig
2020-01-21 11:00:50.970181 | > DO_CALL (0.001s wait)
.2020-01-21 11:00:50.974602 | eval'd: drake::cmq_buildtargetmetadepsspecht_is_subtargetconfig
2020-01-21 11:00:54.989855 | > DO_CALL (0.000s wait)
.2020-01-21 11:00:54.995248 | eval'd: drake::cmq_buildtargetmetadepsspecht_is_subtargetconfig
2020-01-21 11:00:58.882614 | > DO_CALL (0.000s wait)
.2020-01-21 11:00:58.888186 | eval'd: drake::cmq_buildtargetmetadepsspecht_is_subtargetconfig
2020-01-21 11:01:03.565340 | > DO_CALL (0.000s wait)
.2020-01-21 11:01:03.569957 | eval'd: drake::cmq_buildtargetmetadepsspecht_is_subtargetconfig
2020-01-21 11:01:07.571210 | > DO_CALL (0.000s wait)
.2020-01-21 11:01:07.576419 | eval'd: drake::cmq_buildtargetmetadepsspecht_is_subtargetconfig
2020-01-21 11:01:11.622777 | > DO_CALL (0.000s wait)
.2020-01-21 11:01:11.628193 | eval'd: drake::cmq_buildtargetmetadepsspecht_is_subtargetconfig
2020-01-21 11:01:15.571419 | > DO_CALL (0.000s wait)
.2020-01-21 11:01:15.576008 | eval'd: drake::cmq_buildtargetmetadepsspecht_is_subtargetconfig
2020-01-21 11:01:19.480400 | > DO_CALL (0.000s wait)
.2020-01-21 11:01:19.485528 | eval'd: drake::cmq_buildtargetmetadepsspecht_is_subtargetconfig
2020-01-21 11:01:23.036153 | > DO_CALL (0.001s wait)
.2020-01-21 11:01:23.040508 | eval'd: drake::cmq_buildtargetmetadepsspecht_is_subtargetconfig
2020-01-21 11:01:26.818007 | > DO_CALL (0.001s wait)
.2020-01-21 11:01:26.823510 | eval'd: drake::cmq_buildtargetmetadepsspecht_is_subtargetconfig
2020-01-21 11:01:30.648890 | > DO_CALL (0.000s wait)
.2020-01-21 11:01:30.654163 | eval'd: drake::cmq_buildtargetmetadepsspecht_is_subtargetconfig
2020-01-21 11:01:34.989143 | > DO_CALL (0.001s wait)
.2020-01-21 11:01:34.994971 | eval'd: drake::cmq_buildtargetmetadepsspecht_is_subtargetconfig
2020-01-21 11:01:38.655090 | > DO_CALL (0.001s wait)
.2020-01-21 11:01:38.661768 | eval'd: drake::cmq_buildtargetmetadepsspecht_is_subtargetconfig
2020-01-21 11:01:42.234528 | > DO_CALL (0.000s wait)
.2020-01-21 11:01:42.239656 | eval'd: drake::cmq_buildtargetmetadepsspecht_is_subtargetconfig
2020-01-21 11:01:45.844995 | > DO_CALL (0.001s wait)
.2020-01-21 11:01:45.850450 | eval'd: drake::cmq_buildtargetmetadepsspecht_is_subtargetconfig
2020-01-21 11:01:51.369669 | > DO_CALL (0.000s wait)
.2020-01-21 11:01:51.374929 | eval'd: drake::cmq_buildtargetmetadepsspecht_is_subtargetconfig
2020-01-21 11:01:55.327511 | > DO_CALL (0.000s wait)
.2020-01-21 11:01:55.332601 | eval'd: drake::cmq_buildtargetmetadepsspecht_is_subtargetconfig
2020-01-21 11:01:59.183240 | > DO_CALL (0.000s wait)
.2020-01-21 11:01:59.188173 | eval'd: drake::cmq_buildtargetmetadepsspecht_is_subtargetconfig
2020-01-21 11:02:02.917822 | > DO_CALL (0.000s wait)
.2020-01-21 11:02:02.923229 | eval'd: drake::cmq_buildtargetmetadepsspecht_is_subtargetconfig
2020-01-21 11:02:06.689741 | > DO_CALL (0.000s wait)
.2020-01-21 11:02:06.695034 | eval'd: drake::cmq_buildtargetmetadepsspecht_is_subtargetconfig
2020-01-21 11:02:10.247843 | > DO_CALL (0.000s wait)
.2020-01-21 11:02:10.253525 | eval'd: drake::cmq_buildtargetmetadepsspecht_is_subtargetconfig
2020-01-21 11:02:14.138271 | > DO_CALL (0.000s wait)
.2020-01-21 11:02:14.142904 | eval'd: drake::cmq_buildtargetmetadepsspecht_is_subtargetconfig
2020-01-21 11:02:17.946120 | > DO_CALL (0.001s wait)
.2020-01-21 11:02:17.951259 | eval'd: drake::cmq_buildtargetmetadepsspecht_is_subtargetconfig
2020-01-21 11:02:21.879147 | > DO_CALL (0.001s wait)
.2020-01-21 11:02:21.883386 | eval'd: drake::cmq_buildtargetmetadepsspecht_is_subtargetconfig
2020-01-21 11:02:25.671675 | > DO_CALL (0.000s wait)
.2020-01-21 11:02:25.676902 | eval'd: drake::cmq_buildtargetmetadepsspecht_is_subtargetconfig
2020-01-21 11:02:29.271558 | > DO_CALL (0.000s wait)
.2020-01-21 11:02:29.276346 | eval'd: drake::cmq_buildtargetmetadepsspecht_is_subtargetconfig
2020-01-21 11:02:33.777112 | > DO_CALL (0.001s wait)
.2020-01-21 11:02:33.783030 | eval'd: drake::cmq_buildtargetmetadepsspecht_is_subtargetconfig
2020-01-21 11:02:38.161390 | > DO_CALL (0.000s wait)
.2020-01-21 11:02:38.166836 | eval'd: drake::cmq_buildtargetmetadepsspecht_is_subtargetconfig
2020-01-21 11:02:41.840019 | > DO_CALL (0.001s wait)
.2020-01-21 11:02:41.845928 | eval'd: drake::cmq_buildtargetmetadepsspecht_is_subtargetconfig
2020-01-21 11:02:45.614881 | > DO_CALL (0.000s wait)
.2020-01-21 11:02:45.619917 | eval'd: drake::cmq_buildtargetmetadepsspecht_is_subtargetconfig
2020-01-21 11:02:49.537458 | > DO_CALL (0.000s wait)
.2020-01-21 11:02:49.542231 | eval'd: drake::cmq_buildtargetmetadepsspecht_is_subtargetconfig
2020-01-21 11:02:54.934195 | > DO_CALL (0.000s wait)
.2020-01-21 11:02:54.938759 | eval'd: drake::cmq_buildtargetmetadepsspecht_is_subtargetconfig
2020-01-21 11:02:58.459088 | > DO_CALL (0.001s wait)
.2020-01-21 11:02:58.465779 | eval'd: drake::cmq_buildtargetmetadepsspecht_is_subtargetconfig
2020-01-21 11:03:02.022605 | > DO_CALL (0.000s wait)
.2020-01-21 11:03:02.027735 | eval'd: drake::cmq_buildtargetmetadepsspecht_is_subtargetconfig
2020-01-21 11:03:05.625140 | > DO_CALL (0.001s wait)
.2020-01-21 11:03:05.631008 | eval'd: drake::cmq_buildtargetmetadepsspecht_is_subtargetconfig
2020-01-21 11:03:09.342775 | > DO_CALL (0.000s wait)
.2020-01-21 11:03:09.348124 | eval'd: drake::cmq_buildtargetmetadepsspecht_is_subtargetconfig
2020-01-21 11:03:12.958132 | > DO_CALL (0.001s wait)
.2020-01-21 11:03:12.964190 | eval'd: drake::cmq_buildtargetmetadepsspecht_is_subtargetconfig
2020-01-21 11:03:17.396031 | > DO_CALL (0.001s wait)
.2020-01-21 11:03:17.402167 | eval'd: drake::cmq_buildtargetmetadepsspecht_is_subtargetconfig
2020-01-21 11:03:21.088224 | > DO_CALL (0.000s wait)
.2020-01-21 11:03:21.092745 | eval'd: drake::cmq_buildtargetmetadepsspecht_is_subtargetconfig
2020-01-21 11:03:24.549148 | > DO_CALL (0.001s wait)
.2020-01-21 11:03:24.555057 | eval'd: drake::cmq_buildtargetmetadepsspecht_is_subtargetconfig
2020-01-21 11:03:28.495513 | > DO_CALL (0.000s wait)
.2020-01-21 11:03:28.501100 | eval'd: drake::cmq_buildtargetmetadepsspecht_is_subtargetconfig
2020-01-21 11:03:32.846146 | > DO_CALL (0.001s wait)
.2020-01-21 11:03:32.852080 | eval'd: drake::cmq_buildtargetmetadepsspecht_is_subtargetconfig
2020-01-21 11:03:36.706002 | > DO_CALL (0.001s wait)
.2020-01-21 11:03:36.711313 | eval'd: drake::cmq_buildtargetmetadepsspecht_is_subtargetconfig
2020-01-21 11:03:41.689073 | > DO_CALL (0.001s wait)
.2020-01-21 11:03:41.694780 | eval'd: drake::cmq_buildtargetmetadepsspecht_is_subtargetconfig
2020-01-21 11:03:45.472793 | > DO_CALL (0.000s wait)
.2020-01-21 11:03:45.477912 | eval'd: drake::cmq_buildtargetmetadepsspecht_is_subtargetconfig
2020-01-21 11:03:49.065209 | > DO_CALL (0.000s wait)
.2020-01-21 11:03:49.069492 | eval'd: drake::cmq_buildtargetmetadepsspecht_is_subtargetconfig
2020-01-21 11:03:52.868706 | > DO_CALL (0.000s wait)
.2020-01-21 11:03:52.873654 | eval'd: drake::cmq_buildtargetmetadepsspecht_is_subtargetconfig
2020-01-21 11:03:58.621054 | > DO_CALL (0.001s wait)
.2020-01-21 11:03:58.627270 | eval'd: drake::cmq_buildtargetmetadepsspecht_is_subtargetconfig
2020-01-21 11:04:03.324144 | > DO_CALL (0.001s wait)
.2020-01-21 11:04:03.330001 | eval'd: drake::cmq_buildtargetmetadepsspecht_is_subtargetconfig
2020-01-21 11:04:07.138294 | > DO_CALL (0.000s wait)
.2020-01-21 11:04:07.143343 | eval'd: drake::cmq_buildtargetmetadepsspecht_is_subtargetconfig
2020-01-21 11:04:10.911303 | > DO_CALL (0.001s wait)
.2020-01-21 11:04:10.917575 | eval'd: drake::cmq_buildtargetmetadepsspecht_is_subtargetconfig
2020-01-21 11:04:14.555655 | > DO_CALL (0.000s wait)
.2020-01-21 11:04:14.560519 | eval'd: drake::cmq_buildtargetmetadepsspecht_is_subtargetconfig
2020-01-21 11:04:18.389662 | > DO_CALL (0.000s wait)
.2020-01-21 11:04:18.395270 | eval'd: drake::cmq_buildtargetmetadepsspecht_is_subtargetconfig
2020-01-21 11:04:22.239122 | > DO_CALL (0.001s wait)
.2020-01-21 11:04:22.244792 | eval'd: drake::cmq_buildtargetmetadepsspecht_is_subtargetconfig
2020-01-21 11:04:25.919534 | > DO_CALL (0.000s wait)
.
2020-01-21 11:04:25.924255 | eval'd: drake::cmq_buildtargetmetadepsspecht_is_subtargetconfig
2020-01-21 11:04:29.637600 | > DO_CALL (0.000s wait)
.2020-01-21 11:04:29.643018 | eval'd: drake::cmq_buildtargetmetadepsspecht_is_subtargetconfig
2020-01-21 11:04:33.131619 | > DO_CALL (0.000s wait)
.2020-01-21 11:04:33.136794 | eval'd: drake::cmq_buildtargetmetadepsspecht_is_subtargetconfig
2020-01-21 11:04:36.997160 | > DO_CALL (0.001s wait)
.2020-01-21 11:04:37.003165 | eval'd: drake::cmq_buildtargetmetadepsspecht_is_subtargetconfig
2020-01-21 11:04:40.848175 | > DO_CALL (0.000s wait)
.2020-01-21 11:04:40.852690 | eval'd: drake::cmq_buildtargetmetadepsspecht_is_subtargetconfig
2020-01-21 11:04:45.187066 | > DO_CALL (0.001s wait)
.2020-01-21 11:04:45.207436 | eval'd: drake::cmq_buildtargetmetadepsspecht_is_subtargetconfig
2020-01-21 11:04:48.908373 | > DO_CALL (0.000s wait)
.2020-01-21 11:04:48.913005 | eval'd: drake::cmq_buildtargetmetadepsspecht_is_subtargetconfig
2020-01-21 11:04:52.732787 | > DO_CALL (0.000s wait)
.2020-01-21 11:04:52.738101 | eval'd: drake::cmq_buildtargetmetadepsspecht_is_subtargetconfig
2020-01-21 11:04:56.356284 | > DO_CALL (0.000s wait)
.2020-01-21 11:04:56.360560 | eval'd: drake::cmq_buildtargetmetadepsspecht_is_subtargetconfig
2020-01-21 11:05:02.074707 | > DO_CALL (0.000s wait)
.2020-01-21 11:05:02.080066 | eval'd: drake::cmq_buildtargetmetadepsspecht_is_subtargetconfig
2020-01-21 11:05:05.698906 | > DO_CALL (0.000s wait)
.2020-01-21 11:05:05.704120 | eval'd: drake::cmq_buildtargetmetadepsspecht_is_subtargetconfig
2020-01-21 11:05:09.228459 | > DO_CALL (0.000s wait)
.2020-01-21 11:05:09.233004 | eval'd: drake::cmq_buildtargetmetadepsspecht_is_subtargetconfig
2020-01-21 11:05:12.980279 | > DO_CALL (0.000s wait)
.2020-01-21 11:05:12.984651 | eval'd: drake::cmq_buildtargetmetadepsspecht_is_subtargetconfig
2020-01-21 11:05:16.728306 | > DO_CALL (0.000s wait)
.2020-01-21 11:05:16.732726 | eval'd: drake::cmq_buildtargetmetadepsspecht_is_subtargetconfig
2020-01-21 11:05:21.084795 | > DO_CALL (0.000s wait)
.2020-01-21 11:05:21.089899 | eval'd: drake::cmq_buildtargetmetadepsspecht_is_subtargetconfig
2020-01-21 11:05:24.710138 | > DO_CALL (0.001s wait)
.2020-01-21 11:05:24.716211 | eval'd: drake::cmq_buildtargetmetadepsspecht_is_subtargetconfig
2020-01-21 11:05:28.403283 | > DO_CALL (0.000s wait)
.2020-01-21 11:05:28.407865 | eval'd: drake::cmq_buildtargetmetadepsspecht_is_subtargetconfig
2020-01-21 11:05:32.086548 | > DO_CALL (0.000s wait)
.2020-01-21 11:05:32.091425 | eval'd: drake::cmq_buildtargetmetadepsspecht_is_subtargetconfig
2020-01-21 11:05:35.805220 | > DO_CALL (0.000s wait)
.2020-01-21 11:05:35.809518 | eval'd: drake::cmq_buildtargetmetadepsspecht_is_subtargetconfig
2020-01-21 11:05:39.415829 | > DO_CALL (0.000s wait)
.2020-01-21 11:05:39.421462 | eval'd: drake::cmq_buildtargetmetadepsspecht_is_subtargetconfig
2020-01-21 11:05:43.301251 | > DO_CALL (0.000s wait)
.2020-01-21 11:05:43.305505 | eval'd: drake::cmq_buildtargetmetadepsspecht_is_subtargetconfig
2020-01-21 11:05:47.743493 | > DO_CALL (0.000s wait)
.2020-01-21 11:05:47.748602 | eval'd: drake::cmq_buildtargetmetadepsspecht_is_subtargetconfig
2020-01-21 11:05:51.477268 | > DO_CALL (0.000s wait)
.2020-01-21 11:05:51.481502 | eval'd: drake::cmq_buildtargetmetadepsspecht_is_subtargetconfig
2020-01-21 11:05:55.017341 | > DO_CALL (0.000s wait)
.2020-01-21 11:05:55.021850 | eval'd: drake::cmq_buildtargetmetadepsspecht_is_subtargetconfig
2020-01-21 11:05:58.560019 | > DO_CALL (0.001s wait)
.2020-01-21 11:05:58.566420 | eval'd: drake::cmq_buildtargetmetadepsspecht_is_subtargetconfig
2020-01-21 11:06:03.310286 | > DO_CALL (0.000s wait)
.2020-01-21 11:06:03.314502 | eval'd: drake::cmq_buildtargetmetadepsspecht_is_subtargetconfig
2020-01-21 11:06:06.831149 | > DO_CALL (0.001s wait)
.2020-01-21 11:06:06.835465 | eval'd: drake::cmq_buildtargetmetadepsspecht_is_subtargetconfig
2020-01-21 11:06:10.415625 | > DO_CALL (0.000s wait)
.2020-01-21 11:06:10.420497 | eval'd: drake::cmq_buildtargetmetadepsspecht_is_subtargetconfig
2020-01-21 11:06:14.162452 | > DO_CALL (0.000s wait)
.2020-01-21 11:06:14.167053 | eval'd: drake::cmq_buildtargetmetadepsspecht_is_subtargetconfig
2020-01-21 11:06:18.024439 | > DO_CALL (0.000s wait)
.2020-01-21 11:06:18.029646 | eval'd: drake::cmq_buildtargetmetadepsspecht_is_subtargetconfig
2020-01-21 11:06:22.195178 | > DO_CALL (0.001s wait)
.2020-01-21 11:06:22.199646 | eval'd: drake::cmq_buildtargetmetadepsspecht_is_subtargetconfig
2020-01-21 11:06:25.712659 | > DO_CALL (0.000s wait)
.2020-01-21 11:06:25.717786 | eval'd: drake::cmq_buildtargetmetadepsspecht_is_subtargetconfig
2020-01-21 11:06:29.241497 | > DO_CALL (0.000s wait)
.2020-01-21 11:06:29.247019 | eval'd: drake::cmq_buildtargetmetadepsspecht_is_subtargetconfig
2020-01-21 11:06:33.027167 | > DO_CALL (0.001s wait)
.2020-01-21 11:06:33.031575 | eval'd: drake::cmq_buildtargetmetadepsspecht_is_subtargetconfig
2020-01-21 11:06:36.672930 | > DO_CALL (0.000s wait)
.2020-01-21 11:06:36.678704 | eval'd: drake::cmq_buildtargetmetadepsspecht_is_subtargetconfig
2020-01-21 11:06:40.271177 | > DO_CALL (0.000s wait)
.2020-01-21 11:06:40.275418 | eval'd: drake::cmq_buildtargetmetadepsspecht_is_subtargetconfig
2020-01-21 11:06:43.824426 | > DO_CALL (0.000s wait)
.2020-01-21 11:06:43.829115 | eval'd: drake::cmq_buildtargetmetadepsspecht_is_subtargetconfig
2020-01-21 11:06:47.447582 | > DO_CALL (0.000s wait)
.2020-01-21 11:06:47.453236 | eval'd: drake::cmq_buildtargetmetadepsspecht_is_subtargetconfig
2020-01-21 11:06:51.661941 | > DO_CALL (0.000s wait)
.2020-01-21 11:06:51.667497 | eval'd: drake::cmq_buildtargetmetadepsspecht_is_subtargetconfig
2020-01-21 11:06:55.395370 | > DO_CALL (0.000s wait)
.2020-01-21 11:06:55.400168 | eval'd: drake::cmq_buildtargetmetadepsspecht_is_subtargetconfig
2020-01-21 11:06:59.079241 | > DO_CALL (0.000s wait)
.2020-01-21 11:06:59.084345 | eval'd: drake::cmq_buildtargetmetadepsspecht_is_subtargetconfig
2020-01-21 11:07:02.778598 | > DO_CALL (0.000s wait)
.2020-01-21 11:07:02.783731 | eval'd: drake::cmq_buildtargetmetadepsspecht_is_subtargetconfig
2020-01-21 11:07:08.570214 | > DO_CALL (0.000s wait)
.2020-01-21 11:07:08.575063 | eval'd: drake::cmq_buildtargetmetadepsspecht_is_subtargetconfig
2020-01-21 11:07:12.014232 | > DO_CALL (0.000s wait)
.2020-01-21 11:07:12.018727 | eval'd: drake::cmq_buildtargetmetadepsspecht_is_subtargetconfig
2020-01-21 11:07:15.440761 | > DO_CALL (0.000s wait)
.2020-01-21 11:07:15.449340 | eval'd: drake::cmq_buildtargetmetadepsspecht_is_subtargetconfig
2020-01-21 11:07:18.906360 | > DO_CALL (0.001s wait)
.2020-01-21 11:07:18.913167 | eval'd: drake::cmq_buildtargetmetadepsspecht_is_subtargetconfig
2020-01-21 11:07:22.359292 | > DO_CALL (0.000s wait)
.2020-01-21 11:07:22.363847 | eval'd: drake::cmq_buildtargetmetadepsspecht_is_subtargetconfig
2020-01-21 11:07:26.660923 | > DO_CALL (0.000s wait)
.2020-01-21 11:07:26.666279 | eval'd: drake::cmq_buildtargetmetadepsspecht_is_subtargetconfig
2020-01-21 11:07:30.150211 | > DO_CALL (0.000s wait)
.2020-01-21 11:07:30.154674 | eval'd: drake::cmq_buildtargetmetadepsspecht_is_subtargetconfig
2020-01-21 11:07:33.722240 | > DO_CALL (0.000s wait)
.2020-01-21 11:07:33.726770 | eval'd: drake::cmq_buildtargetmetadepsspecht_is_subtargetconfig
2020-01-21 11:07:37.279416 | > DO_CALL (0.000s wait)
.2020-01-21 11:07:37.284537 | eval'd: drake::cmq_buildtargetmetadepsspecht_is_subtargetconfig
2020-01-21 11:07:40.806658 | > DO_CALL (0.000s wait)
.2020-01-21 11:07:40.811765 | eval'd: drake::cmq_buildtargetmetadepsspecht_is_subtargetconfig
2020-01-21 11:07:44.583062 | > DO_CALL (0.001s wait)
.2020-01-21 11:07:44.588798 | eval'd: drake::cmq_buildtargetmetadepsspecht_is_subtargetconfig
2020-01-21 11:07:48.145097 | > DO_CALL (0.001s wait)
.2020-01-21 11:07:48.151270 | eval'd: drake::cmq_buildtargetmetadepsspecht_is_subtargetconfig
2020-01-21 11:07:52.270398 | > DO_CALL (0.000s wait)
.2020-01-21 11:07:52.274816 | eval'd: drake::cmq_buildtargetmetadepsspecht_is_subtargetconfig
2020-01-21 11:07:56.660338 | > DO_CALL (0.000s wait)
.2020-01-21 11:07:56.664742 | eval'd: drake::cmq_buildtargetmetadepsspecht_is_subtargetconfig
2020-01-21 11:08:00.204427 | > DO_CALL (0.000s wait)
.2020-01-21 11:08:00.208931 | eval'd: drake::cmq_buildtargetmetadepsspecht_is_subtargetconfig
2020-01-21 11:08:03.799197 | > DO_CALL (0.001s wait)
.2020-01-21 11:08:03.804778 | eval'd: drake::cmq_buildtargetmetadepsspecht_is_subtargetconfig
2020-01-21 11:08:09.338029 | > DO_CALL (0.001s wait)
.2020-01-21 11:08:09.344282 | eval'd: drake::cmq_buildtargetmetadepsspecht_is_subtargetconfig
2020-01-21 11:08:12.915431 | > DO_CALL (0.000s wait)
.2020-01-21 11:08:12.920092 | eval'd: drake::cmq_buildtargetmetadepsspecht_is_subtargetconfig
2020-01-21 11:08:16.408803 | > DO_CALL (0.000s wait)
.2020-01-21 11:08:16.414264 | eval'd: drake::cmq_buildtargetmetadepsspecht_is_subtargetconfig
2020-01-21 11:08:19.951154 | > DO_CALL (0.001s wait)
.2020-01-21 11:08:19.957138 | eval'd: drake::cmq_buildtargetmetadepsspecht_is_subtargetconfig
2020-01-21 11:08:23.424185 | > DO_CALL (0.000s wait)
.2020-01-21 11:08:23.428614 | eval'd: drake::cmq_buildtargetmetadepsspecht_is_subtargetconfig
2020-01-21 11:08:26.979157 | > DO_CALL (0.001s wait)
.2020-01-21 11:08:26.984814 | eval'd: drake::cmq_buildtargetmetadepsspecht_is_subtargetconfig
2020-01-21 11:08:30.498861 | > DO_CALL (0.000s wait)
.2020-01-21 11:08:30.504326 | eval'd: drake::cmq_buildtargetmetadepsspecht_is_subtargetconfig
2020-01-21 11:08:35.044368 | > DO_CALL (0.000s wait)
.2020-01-21 11:08:35.048760 | eval'd: drake::cmq_buildtargetmetadepsspecht_is_subtargetconfig
2020-01-21 11:08:38.634063 | > DO_CALL (0.001s wait)
.2020-01-21 11:08:38.640216 | eval'd: drake::cmq_buildtargetmetadepsspecht_is_subtargetconfig
2020-01-21 11:08:42.404139 | > DO_CALL (0.001s wait)
.2020-01-21 11:08:42.409826 | eval'd: drake::cmq_buildtargetmetadepsspecht_is_subtargetconfig
2020-01-21 11:08:45.844582 | > DO_CALL (0.000s wait)
.2020-01-21 11:08:45.849316 | eval'd: drake::cmq_buildtargetmetadepsspecht_is_subtargetconfig
2020-01-21 11:08:49.613720 | > DO_CALL (0.000s wait)
.2020-01-21 11:08:49.619633 | eval'd: drake::cmq_buildtargetmetadepsspecht_is_subtargetconfig
2020-01-21 11:08:53.089333 | > DO_CALL (0.000s wait)
.2020-01-21 11:08:53.093996 | eval'd: drake::cmq_buildtargetmetadepsspecht_is_subtargetconfig
2020-01-21 11:08:57.052912 | > DO_CALL (0.000s wait)
.2020-01-21 11:08:57.059074 | eval'd: drake::cmq_buildtargetmetadepsspecht_is_subtargetconfig
2020-01-21 11:09:00.790530 | > DO_CALL (0.000s wait)
.2020-01-21 11:09:00.795434 | eval'd: drake::cmq_buildtargetmetadepsspecht_is_subtargetconfig
2020-01-21 11:09:04.651164 | > DO_CALL (0.001s wait)
.2020-01-21 11:09:04.657218 | eval'd: drake::cmq_buildtargetmetadepsspecht_is_subtargetconfig
2020-01-21 11:09:08.338233 | > DO_CALL (0.000s wait)
.2020-01-21 11:09:08.342746 | eval'd: drake::cmq_buildtargetmetadepsspecht_is_subtargetconfig
2020-01-21 11:09:13.911897 | > DO_CALL (0.000s wait)
.2020-01-21 11:09:13.917322 | eval'd: drake::cmq_buildtargetmetadepsspecht_is_subtargetconfig
2020-01-21 11:09:17.329897 | > DO_CALL (0.000s wait)
.2020-01-21 11:09:17.336383 | eval'd: drake::cmq_buildtargetmetadepsspecht_is_subtargetconfig
2020-01-21 11:09:20.690118 | > DO_CALL (0.001s wait)
.2020-01-21 11:09:20.696023 | eval'd: drake::cmq_buildtargetmetadepsspecht_is_subtargetconfig
2020-01-21 11:09:24.203660 | > DO_CALL (0.000s wait)
.2020-01-21 11:09:24.208797 | eval'd: drake::cmq_buildtargetmetadepsspecht_is_subtargetconfig
2020-01-21 11:09:27.861363 | > DO_CALL (0.000s wait)
.
2020-01-21 11:09:27.866710 | eval'd: drake::cmq_buildtargetmetadepsspecht_is_subtargetconfig
2020-01-21 11:09:31.710250 | > DO_CALL (0.000s wait)
.2020-01-21 11:09:31.714889 | eval'd: drake::cmq_buildtargetmetadepsspecht_is_subtargetconfig
2020-01-21 11:09:35.454267 | > DO_CALL (0.001s wait)
.2020-01-21 11:09:35.460483 | eval'd: drake::cmq_buildtargetmetadepsspecht_is_subtargetconfig
2020-01-21 11:09:39.884797 | > DO_CALL (0.000s wait)
.2020-01-21 11:09:39.917670 | eval'd: drake::cmq_buildtargetmetadepsspecht_is_subtargetconfig
2020-01-21 11:09:43.619273 | > DO_CALL (0.000s wait)
.2020-01-21 11:09:43.623780 | eval'd: drake::cmq_buildtargetmetadepsspecht_is_subtargetconfig
2020-01-21 11:09:47.208001 | > DO_CALL (0.001s wait)
.2020-01-21 11:09:47.214380 | eval'd: drake::cmq_buildtargetmetadepsspecht_is_subtargetconfig
2020-01-21 11:09:50.685514 | > DO_CALL (0.000s wait)
.2020-01-21 11:09:50.690322 | eval'd: drake::cmq_buildtargetmetadepsspecht_is_subtargetconfig
2020-01-21 11:09:54.222767 | > DO_CALL (0.000s wait)
.2020-01-21 11:09:54.227679 | eval'd: drake::cmq_buildtargetmetadepsspecht_is_subtargetconfig
2020-01-21 11:09:58.194219 | > DO_CALL (0.000s wait)
.2020-01-21 11:09:58.198892 | eval'd: drake::cmq_buildtargetmetadepsspecht_is_subtargetconfig
2020-01-21 11:10:01.708380 | > DO_CALL (0.000s wait)
.2020-01-21 11:10:01.713097 | eval'd: drake::cmq_buildtargetmetadepsspecht_is_subtargetconfig
2020-01-21 11:10:05.202546 | > DO_CALL (0.018s wait)
.2020-01-21 11:10:05.208238 | eval'd: drake::cmq_buildtargetmetadepsspecht_is_subtargetconfig
2020-01-21 11:10:08.681229 | > DO_CALL (0.000s wait)
.2020-01-21 11:10:08.686080 | eval'd: drake::cmq_buildtargetmetadepsspecht_is_subtargetconfig
2020-01-21 11:10:12.147271 | > DO_CALL (0.000s wait)
.2020-01-21 11:10:12.151902 | eval'd: drake::cmq_buildtargetmetadepsspecht_is_subtargetconfig
2020-01-21 11:10:17.447178 | > DO_CALL (0.000s wait)
.2020-01-21 11:10:17.451614 | eval'd: drake::cmq_buildtargetmetadepsspecht_is_subtargetconfig
2020-01-21 11:10:20.992049 | > DO_CALL (0.001s wait)
.2020-01-21 11:10:20.997504 | eval'd: drake::cmq_buildtargetmetadepsspecht_is_subtargetconfig
2020-01-21 11:10:24.549750 | > DO_CALL (0.000s wait)
.2020-01-21 11:10:24.555046 | eval'd: drake::cmq_buildtargetmetadepsspecht_is_subtargetconfig
2020-01-21 11:10:28.042833 | > DO_CALL (0.000s wait)
.2020-01-21 11:10:28.048891 | eval'd: drake::cmq_buildtargetmetadepsspecht_is_subtargetconfig
2020-01-21 11:10:31.589054 | > DO_CALL (0.001s wait)
.2020-01-21 11:10:31.594483 | eval'd: drake::cmq_buildtargetmetadepsspecht_is_subtargetconfig
2020-01-21 11:10:35.218738 | > DO_CALL (0.000s wait)
.2020-01-21 11:10:35.223957 | eval'd: drake::cmq_buildtargetmetadepsspecht_is_subtargetconfig
2020-01-21 11:10:38.870381 | > DO_CALL (0.000s wait)
.2020-01-21 11:10:38.875084 | eval'd: drake::cmq_buildtargetmetadepsspecht_is_subtargetconfig
2020-01-21 11:10:42.434349 | > DO_CALL (0.000s wait)
.2020-01-21 11:10:42.438927 | eval'd: drake::cmq_buildtargetmetadepsspecht_is_subtargetconfig
2020-01-21 11:10:46.079329 | > DO_CALL (0.000s wait)
.2020-01-21 11:10:46.083937 | eval'd: drake::cmq_buildtargetmetadepsspecht_is_subtargetconfig
2020-01-21 11:10:49.571450 | > DO_CALL (0.000s wait)
.2020-01-21 11:10:49.575931 | eval'd: drake::cmq_buildtargetmetadepsspecht_is_subtargetconfig
2020-01-21 11:10:53.044132 | > DO_CALL (0.001s wait)
.2020-01-21 11:10:53.049560 | eval'd: drake::cmq_buildtargetmetadepsspecht_is_subtargetconfig
2020-01-21 11:10:57.416518 | > DO_CALL (0.000s wait)
.2020-01-21 11:10:57.422127 | eval'd: drake::cmq_buildtargetmetadepsspecht_is_subtargetconfig
2020-01-21 11:11:01.712021 | > DO_CALL (0.001s wait)
.2020-01-21 11:11:01.717535 | eval'd: drake::cmq_buildtargetmetadepsspecht_is_subtargetconfig
2020-01-21 11:11:05.412191 | > DO_CALL (0.000s wait)
.2020-01-21 11:11:05.416353 | eval'd: drake::cmq_buildtargetmetadepsspecht_is_subtargetconfig
2020-01-21 11:11:09.045402 | > DO_CALL (0.000s wait)
.2020-01-21 11:11:09.050766 | eval'd: drake::cmq_buildtargetmetadepsspecht_is_subtargetconfig
2020-01-21 11:11:12.559160 | > DO_CALL (0.001s wait)
.2020-01-21 11:11:12.565230 | eval'd: drake::cmq_buildtargetmetadepsspecht_is_subtargetconfig
2020-01-21 11:11:18.110876 | > DO_CALL (0.000s wait)
.2020-01-21 11:11:18.117123 | eval'd: drake::cmq_buildtargetmetadepsspecht_is_subtargetconfig
2020-01-21 11:11:21.700916 | > DO_CALL (0.000s wait)
.2020-01-21 11:11:21.706490 | eval'd: drake::cmq_buildtargetmetadepsspecht_is_subtargetconfig
2020-01-21 11:11:25.264528 | > DO_CALL (0.000s wait)
.2020-01-21 11:11:25.269159 | eval'd: drake::cmq_buildtargetmetadepsspecht_is_subtargetconfig
2020-01-21 11:11:28.769235 | > DO_CALL (0.000s wait)
.2020-01-21 11:11:28.774386 | eval'd: drake::cmq_buildtargetmetadepsspecht_is_subtargetconfig
2020-01-21 11:11:32.356693 | > DO_CALL (0.000s wait)
.2020-01-21 11:11:32.362430 | eval'd: drake::cmq_buildtargetmetadepsspecht_is_subtargetconfig
2020-01-21 11:11:36.097678 | > DO_CALL (0.000s wait)
.2020-01-21 11:11:36.103220 | eval'd: drake::cmq_buildtargetmetadepsspecht_is_subtargetconfig
2020-01-21 11:11:39.820705 | > DO_CALL (0.000s wait)
.2020-01-21 11:11:39.825949 | eval'd: drake::cmq_buildtargetmetadepsspecht_is_subtargetconfig
2020-01-21 11:11:43.502645 | > DO_CALL (0.000s wait)
.2020-01-21 11:11:43.507745 | eval'd: drake::cmq_buildtargetmetadepsspecht_is_subtargetconfig
2020-01-21 11:11:47.156533 | > DO_CALL (0.000s wait)
.2020-01-21 11:11:47.164284 | eval'd: drake::cmq_buildtargetmetadepsspecht_is_subtargetconfig
2020-01-21 11:11:50.715559 | > DO_CALL (0.000s wait)
.2020-01-21 11:11:50.720483 | eval'd: drake::cmq_buildtargetmetadepsspecht_is_subtargetconfig
2020-01-21 11:11:54.255962 | > DO_CALL (0.001s wait)
.2020-01-21 11:11:54.261623 | eval'd: drake::cmq_buildtargetmetadepsspecht_is_subtargetconfig
2020-01-21 11:11:58.561591 | > DO_CALL (0.000s wait)
.2020-01-21 11:11:58.566972 | eval'd: drake::cmq_buildtargetmetadepsspecht_is_subtargetconfig
2020-01-21 11:12:02.008987 | > DO_CALL (0.001s wait)
.2020-01-21 11:12:02.014750 | eval'd: drake::cmq_buildtargetmetadepsspecht_is_subtargetconfig
2020-01-21 11:12:06.153223 | > DO_CALL (0.000s wait)
.2020-01-21 11:12:06.157704 | eval'd: drake::cmq_buildtargetmetadepsspecht_is_subtargetconfig
2020-01-21 11:12:09.635985 | > DO_CALL (0.001s wait)
.2020-01-21 11:12:09.641499 | eval'd: drake::cmq_buildtargetmetadepsspecht_is_subtargetconfig
2020-01-21 11:12:13.074481 | > DO_CALL (0.000s wait)
.2020-01-21 11:12:13.079015 | eval'd: drake::cmq_buildtargetmetadepsspecht_is_subtargetconfig
2020-01-21 11:12:16.557619 | > DO_CALL (0.000s wait)
.2020-01-21 11:12:16.562505 | eval'd: drake::cmq_buildtargetmetadepsspecht_is_subtargetconfig
2020-01-21 11:12:21.866086 | > DO_CALL (0.001s wait)
.2020-01-21 11:12:21.871532 | eval'd: drake::cmq_buildtargetmetadepsspecht_is_subtargetconfig
2020-01-21 11:12:25.311910 | > DO_CALL (0.000s wait)
.2020-01-21 11:12:25.317349 | eval'd: drake::cmq_buildtargetmetadepsspecht_is_subtargetconfig
2020-01-21 11:12:28.792474 | > DO_CALL (0.000s wait)
.2020-01-21 11:12:28.797089 | eval'd: drake::cmq_buildtargetmetadepsspecht_is_subtargetconfig
2020-01-21 11:12:33.296767 | > DO_CALL (0.000s wait)
.2020-01-21 11:12:33.302019 | eval'd: drake::cmq_buildtargetmetadepsspecht_is_subtargetconfig
2020-01-21 11:12:36.770358 | > DO_CALL (0.000s wait)
.2020-01-21 11:12:36.775017 | eval'd: drake::cmq_buildtargetmetadepsspecht_is_subtargetconfig
2020-01-21 11:12:40.257395 | > DO_CALL (0.000s wait)
.2020-01-21 11:12:40.262117 | eval'd: drake::cmq_buildtargetmetadepsspecht_is_subtargetconfig
2020-01-21 11:12:43.679462 | > DO_CALL (0.000s wait)
.2020-01-21 11:12:43.683996 | eval'd: drake::cmq_buildtargetmetadepsspecht_is_subtargetconfig
2020-01-21 11:12:47.303048 | > DO_CALL (0.001s wait)
.2020-01-21 11:12:47.311525 | eval'd: drake::cmq_buildtargetmetadepsspecht_is_subtargetconfig
2020-01-21 11:12:50.797241 | > DO_CALL (0.001s wait)
.2020-01-21 11:12:50.803306 | eval'd: drake::cmq_buildtargetmetadepsspecht_is_subtargetconfig
2020-01-21 11:12:54.313141 | > DO_CALL (0.001s wait)
.2020-01-21 11:12:54.318912 | eval'd: drake::cmq_buildtargetmetadepsspecht_is_subtargetconfig
2020-01-21 11:12:57.861690 | > DO_CALL (0.000s wait)
.2020-01-21 11:12:57.867137 | eval'd: drake::cmq_buildtargetmetadepsspecht_is_subtargetconfig
2020-01-21 11:13:01.260010 | > DO_CALL (0.001s wait)
.2020-01-21 11:13:01.264644 | eval'd: drake::cmq_buildtargetmetadepsspecht_is_subtargetconfig
2020-01-21 11:13:04.630503 | > DO_CALL (0.000s wait)
.2020-01-21 11:13:04.635374 | eval'd: drake::cmq_buildtargetmetadepsspecht_is_subtargetconfig
2020-01-21 11:13:08.568112 | > DO_CALL (0.001s wait)
.2020-01-21 11:13:08.574766 | eval'd: drake::cmq_buildtargetmetadepsspecht_is_subtargetconfig
2020-01-21 11:13:12.232151 | > DO_CALL (0.000s wait)
.2020-01-21 11:13:12.236466 | eval'd: drake::cmq_buildtargetmetadepsspecht_is_subtargetconfig
2020-01-21 11:13:15.841368 | > DO_CALL (0.001s wait)
.2020-01-21 11:13:15.847341 | eval'd: drake::cmq_buildtargetmetadepsspecht_is_subtargetconfig
2020-01-21 11:13:19.415204 | > DO_CALL (0.001s wait)
.2020-01-21 11:13:19.421482 | eval'd: drake::cmq_buildtargetmetadepsspecht_is_subtargetconfig
2020-01-21 11:13:24.527632 | > DO_CALL (0.000s wait)
.2020-01-21 11:13:24.532603 | eval'd: drake::cmq_buildtargetmetadepsspecht_is_subtargetconfig
2020-01-21 11:13:28.046459 | > DO_CALL (0.000s wait)
.2020-01-21 11:13:28.051536 | eval'd: drake::cmq_buildtargetmetadepsspecht_is_subtargetconfig
2020-01-21 11:13:31.663764 | > DO_CALL (0.000s wait)
.2020-01-21 11:13:31.668820 | eval'd: drake::cmq_buildtargetmetadepsspecht_is_subtargetconfig
2020-01-21 11:13:35.201580 | > DO_CALL (0.000s wait)
.2020-01-21 11:13:35.206450 | eval'd: drake::cmq_buildtargetmetadepsspecht_is_subtargetconfig
2020-01-21 11:13:38.639256 | > DO_CALL (0.000s wait)
.2020-01-21 11:13:38.643755 | eval'd: drake::cmq_buildtargetmetadepsspecht_is_subtargetconfig
2020-01-21 11:13:42.965032 | > DO_CALL (0.001s wait)
.2020-01-21 11:13:42.970776 | eval'd: drake::cmq_buildtargetmetadepsspecht_is_subtargetconfig
2020-01-21 11:13:46.318327 | > DO_CALL (0.001s wait)
.2020-01-21 11:13:46.324360 | eval'd: drake::cmq_buildtargetmetadepsspecht_is_subtargetconfig
2020-01-21 11:13:49.864331 | > DO_CALL (0.000s wait)
.2020-01-21 11:13:49.868916 | eval'd: drake::cmq_buildtargetmetadepsspecht_is_subtargetconfig
2020-01-21 11:13:53.440264 | > DO_CALL (0.001s wait)
.2020-01-21 11:13:53.446060 | eval'd: drake::cmq_buildtargetmetadepsspecht_is_subtargetconfig
2020-01-21 11:13:56.968938 | > DO_CALL (0.000s wait)
.2020-01-21 11:13:56.974227 | eval'd: drake::cmq_buildtargetmetadepsspecht_is_subtargetconfig
2020-01-21 11:14:00.413308 | > DO_CALL (0.000s wait)
.2020-01-21 11:14:00.417609 | eval'd: drake::cmq_buildtargetmetadepsspecht_is_subtargetconfig
2020-01-21 11:14:03.888715 | > DO_CALL (0.000s wait)
.2020-01-21 11:14:03.893846 | eval'd: drake::cmq_buildtargetmetadepsspecht_is_subtargetconfig
2020-01-21 11:14:07.385919 | > DO_CALL (0.000s wait)
.2020-01-21 11:14:07.392553 | eval'd: drake::cmq_buildtargetmetadepsspecht_is_subtargetconfig
2020-01-21 11:14:11.498768 | > DO_CALL (0.000s wait)
.2020-01-21 11:14:11.504208 | eval'd: drake::cmq_buildtargetmetadepsspecht_is_subtargetconfig
2020-01-21 11:14:14.784455 | > DO_CALL (0.000s wait)
.2020-01-21 11:14:14.789211 | eval'd: drake::cmq_buildtargetmetadepsspecht_is_subtargetconfig
2020-01-21 11:14:18.236301 | > DO_CALL (0.001s wait)
.2020-01-21 11:14:18.258232 | eval'd: drake::cmq_buildtargetmetadepsspecht_is_subtargetconfig
2020-01-21 11:14:22.511402 | > DO_CALL (0.000s wait)
.
2020-01-21 11:14:22.516124 | eval'd: drake::cmq_buildtargetmetadepsspecht_is_subtargetconfig
2020-01-21 11:14:27.955116 | > DO_CALL (0.001s wait)
.2020-01-21 11:14:27.961284 | eval'd: drake::cmq_buildtargetmetadepsspecht_is_subtargetconfig
2020-01-21 11:14:31.624070 | > DO_CALL (0.001s wait)
.2020-01-21 11:14:31.629588 | eval'd: drake::cmq_buildtargetmetadepsspecht_is_subtargetconfig
2020-01-21 11:14:35.084307 | > DO_CALL (0.000s wait)
.2020-01-21 11:14:35.088808 | eval'd: drake::cmq_buildtargetmetadepsspecht_is_subtargetconfig
2020-01-21 11:14:38.568556 | > DO_CALL (0.000s wait)
.2020-01-21 11:14:38.573933 | eval'd: drake::cmq_buildtargetmetadepsspecht_is_subtargetconfig
2020-01-21 11:14:42.066986 | > DO_CALL (0.001s wait)
.2020-01-21 11:14:42.072462 | eval'd: drake::cmq_buildtargetmetadepsspecht_is_subtargetconfig
2020-01-21 11:14:45.505080 | > DO_CALL (0.001s wait)
.2020-01-21 11:14:45.510753 | eval'd: drake::cmq_buildtargetmetadepsspecht_is_subtargetconfig
2020-01-21 11:14:48.842088 | > DO_CALL (0.001s wait)
.2020-01-21 11:14:48.846343 | eval'd: drake::cmq_buildtargetmetadepsspecht_is_subtargetconfig
2020-01-21 11:14:52.241854 | > DO_CALL (0.000s wait)
.2020-01-21 11:14:52.246263 | eval'd: drake::cmq_buildtargetmetadepsspecht_is_subtargetconfig
2020-01-21 11:14:55.636143 | > DO_CALL (0.001s wait)
.2020-01-21 11:14:55.642068 | eval'd: drake::cmq_buildtargetmetadepsspecht_is_subtargetconfig
2020-01-21 11:14:59.152889 | > DO_CALL (0.000s wait)
.2020-01-21 11:14:59.159091 | eval'd: drake::cmq_buildtargetmetadepsspecht_is_subtargetconfig
2020-01-21 11:15:02.511878 | > DO_CALL (0.000s wait)
.2020-01-21 11:15:02.517167 | eval'd: drake::cmq_buildtargetmetadepsspecht_is_subtargetconfig
2020-01-21 11:15:05.906921 | > DO_CALL (0.000s wait)
.2020-01-21 11:15:05.912262 | eval'd: drake::cmq_buildtargetmetadepsspecht_is_subtargetconfig
2020-01-21 11:15:09.387440 | > DO_CALL (0.000s wait)
.2020-01-21 11:15:09.392818 | eval'd: drake::cmq_buildtargetmetadepsspecht_is_subtargetconfig
2020-01-21 11:15:13.438940 | > DO_CALL (0.000s wait)
.2020-01-21 11:15:13.444355 | eval'd: drake::cmq_buildtargetmetadepsspecht_is_subtargetconfig
2020-01-21 11:15:17.092393 | > DO_CALL (0.000s wait)
.2020-01-21 11:15:17.097316 | eval'd: drake::cmq_buildtargetmetadepsspecht_is_subtargetconfig
2020-01-21 11:15:21.237411 | > DO_CALL (0.000s wait)
.2020-01-21 11:15:21.241905 | eval'd: drake::cmq_buildtargetmetadepsspecht_is_subtargetconfig
2020-01-21 11:15:24.643937 | > DO_CALL (0.000s wait)
.2020-01-21 11:15:24.649418 | eval'd: drake::cmq_buildtargetmetadepsspecht_is_subtargetconfig
2020-01-21 11:15:30.165280 | > DO_CALL (0.000s wait)
.2020-01-21 11:15:30.170426 | eval'd: drake::cmq_buildtargetmetadepsspecht_is_subtargetconfig
2020-01-21 11:15:33.625082 | > DO_CALL (0.001s wait)
.2020-01-21 11:15:33.630588 | eval'd: drake::cmq_buildtargetmetadepsspecht_is_subtargetconfig
2020-01-21 11:15:36.945186 | > DO_CALL (0.000s wait)
.2020-01-21 11:15:36.949576 | eval'd: drake::cmq_buildtargetmetadepsspecht_is_subtargetconfig
2020-01-21 11:15:40.490066 | > DO_CALL (0.001s wait)
.2020-01-21 11:15:40.495741 | eval'd: drake::cmq_buildtargetmetadepsspecht_is_subtargetconfig
2020-01-21 11:15:43.832834 | > DO_CALL (0.000s wait)
.2020-01-21 11:15:43.837877 | eval'd: drake::cmq_buildtargetmetadepsspecht_is_subtargetconfig
2020-01-21 11:15:47.422583 | > DO_CALL (0.000s wait)
.2020-01-21 11:15:47.428150 | eval'd: drake::cmq_buildtargetmetadepsspecht_is_subtargetconfig
2020-01-21 11:15:51.659526 | > DO_CALL (0.000s wait)
.2020-01-21 11:15:51.664134 | eval'd: drake::cmq_buildtargetmetadepsspecht_is_subtargetconfig
2020-01-21 11:15:54.948051 | > DO_CALL (0.001s wait)
.2020-01-21 11:15:54.952582 | eval'd: drake::cmq_buildtargetmetadepsspecht_is_subtargetconfig
2020-01-21 11:15:58.315375 | > DO_CALL (0.000s wait)
.2020-01-21 11:15:58.319706 | eval'd: drake::cmq_buildtargetmetadepsspecht_is_subtargetconfig
2020-01-21 11:16:01.716941 | > DO_CALL (0.000s wait)
.2020-01-21 11:16:01.722461 | eval'd: drake::cmq_buildtargetmetadepsspecht_is_subtargetconfig
2020-01-21 11:16:05.004829 | > DO_CALL (0.000s wait)
.2020-01-21 11:16:05.009436 | eval'd: drake::cmq_buildtargetmetadepsspecht_is_subtargetconfig
2020-01-21 11:16:08.480350 | > DO_CALL (0.000s wait)
.2020-01-21 11:16:08.485557 | eval'd: drake::cmq_buildtargetmetadepsspecht_is_subtargetconfig
2020-01-21 11:16:11.865272 | > DO_CALL (0.000s wait)
.2020-01-21 11:16:11.869643 | eval'd: drake::cmq_buildtargetmetadepsspecht_is_subtargetconfig
2020-01-21 11:16:15.697387 | > DO_CALL (0.000s wait)
.2020-01-21 11:16:15.702057 | eval'd: drake::cmq_buildtargetmetadepsspecht_is_subtargetconfig
2020-01-21 11:16:19.060100 | > DO_CALL (0.001s wait)
.2020-01-21 11:16:19.065644 | eval'd: drake::cmq_buildtargetmetadepsspecht_is_subtargetconfig
2020-01-21 11:16:22.536283 | > DO_CALL (0.000s wait)
.2020-01-21 11:16:22.540519 | eval'd: drake::cmq_buildtargetmetadepsspecht_is_subtargetconfig
2020-01-21 11:16:25.920858 | > DO_CALL (0.000s wait)
.2020-01-21 11:16:25.926271 | eval'd: drake::cmq_buildtargetmetadepsspecht_is_subtargetconfig
2020-01-21 11:16:29.485837 | > DO_CALL (0.000s wait)
.2020-01-21 11:16:29.492068 | eval'd: drake::cmq_buildtargetmetadepsspecht_is_subtargetconfig
2020-01-21 11:16:34.384167 | > DO_CALL (0.001s wait)
.2020-01-21 11:16:34.390232 | eval'd: drake::cmq_buildtargetmetadepsspecht_is_subtargetconfig
2020-01-21 11:16:37.825343 | > DO_CALL (0.000s wait)
.2020-01-21 11:16:37.830233 | eval'd: drake::cmq_buildtargetmetadepsspecht_is_subtargetconfig
2020-01-21 11:16:42.086734 | > DO_CALL (0.000s wait)
.2020-01-21 11:16:42.091743 | eval'd: drake::cmq_buildtargetmetadepsspecht_is_subtargetconfig
2020-01-21 11:16:45.476484 | > DO_CALL (0.000s wait)
.2020-01-21 11:16:45.481327 | eval'd: drake::cmq_buildtargetmetadepsspecht_is_subtargetconfig
2020-01-21 11:16:48.933799 | > DO_CALL (0.000s wait)
.2020-01-21 11:16:48.939137 | eval'd: drake::cmq_buildtargetmetadepsspecht_is_subtargetconfig
2020-01-21 11:16:52.348366 | > DO_CALL (0.000s wait)
.2020-01-21 11:16:52.353079 | eval'd: drake::cmq_buildtargetmetadepsspecht_is_subtargetconfig
2020-01-21 11:16:55.674230 | > DO_CALL (0.000s wait)
.2020-01-21 11:16:55.678467 | eval'd: drake::cmq_buildtargetmetadepsspecht_is_subtargetconfig
2020-01-21 11:16:58.884915 | > WORKER_WAIT (0.000s wait)
2020-01-21 11:16:58.885992 | waiting 2.50s
2020-01-21 11:19:41.998152 | > WORKER_WAIT (0.000s wait)
2020-01-21 11:19:42.001659 | waiting 2.50s
Error in clustermq:::worker("tcp://c24a-s1:7958") : 
  Timeout reached, terminating
Execution halted
