2019-11-12 16:44:41.155432 | Master: tcp://c32a-s27:6496
2019-11-12 16:44:41.411283 | WORKER_UP to: tcp://c32a-s27:6496
2019-11-12 16:45:11.682163 | > DO_SETUP (18.275s wait)
2019-11-12 16:45:11.682682 | token from msg: set_common_data_token
2019-11-12 16:45:42.212884 | > DO_CALL (10.517s wait)
.* Option 'clustermq.scheduler' not set, defaulting to ‘SLURM’
--- see: https://mschubert.github.io/clustermq/articles/userguide.html#configuration
2019-11-12 16:46:09.597409 | eval'd: drake::cmq_buildtargetmetadepslayoutconfig
2019-11-12 16:46:47.936421 | > DO_CALL (4.986s wait)
.2019-11-12 16:46:48.433478 | eval'd: drake::cmq_buildtargetmetadepslayoutconfig
2019-11-12 16:47:32.400679 | > DO_CALL (5.499s wait)
.2019-11-12 16:47:33.807033 | eval'd: drake::cmq_buildtargetmetadepslayoutconfig
2019-11-12 16:48:16.316343 | > DO_CALL (5.481s wait)
.2019-11-12 16:48:17.146579 | eval'd: drake::cmq_buildtargetmetadepslayoutconfig
2019-11-12 16:48:59.088700 | > DO_CALL (5.794s wait)
.2019-11-12 16:48:59.724673 | eval'd: drake::cmq_buildtargetmetadepslayoutconfig
2019-11-12 16:49:44.316706 | > DO_CALL (7.064s wait)
.2019-11-12 16:49:46.362217 | eval'd: drake::cmq_buildtargetmetadepslayoutconfig
2019-11-12 16:50:25.305483 | > DO_CALL (4.685s wait)
.2019-11-12 16:50:25.469589 | eval'd: drake::cmq_buildtargetmetadepslayoutconfig
2019-11-12 16:51:11.281059 | > DO_CALL (5.596s wait)
.2019-11-12 16:51:12.904435 | eval'd: drake::cmq_buildtargetmetadepslayoutconfig
2019-11-12 16:51:15.981350 | > DO_CALL (0.001s wait)
.2019-11-12 16:51:16.009775 | eval'd: drake::cmq_buildtargetmetadepslayoutconfig
2019-11-12 16:51:16.063681 | > DO_CALL (0.000s wait)
.2019-11-12 16:51:18.580011 | eval'd: drake::cmq_buildtargetmetadepslayoutconfig
2019-11-12 16:51:18.696331 | > DO_CALL (0.001s wait)
.2019-11-12 16:51:18.715106 | eval'd: drake::cmq_buildtargetmetadepslayoutconfig
2019-11-12 16:51:18.985444 | > DO_CALL (0.000s wait)
.2019-11-12 16:51:19.000584 | eval'd: drake::cmq_buildtargetmetadepslayoutconfig
2019-11-12 16:51:19.534827 | > DO_CALL (0.000s wait)
.2019-11-12 16:51:19.542341 | eval'd: drake::cmq_buildtargetmetadepslayoutconfig
2019-11-12 16:51:20.054555 | > DO_CALL (0.000s wait)
.2019-11-12 16:51:20.071831 | eval'd: drake::cmq_buildtargetmetadepslayoutconfig
2019-11-12 16:51:20.552649 | > DO_CALL (0.001s wait)
.2019-11-12 16:51:20.571335 | eval'd: drake::cmq_buildtargetmetadepslayoutconfig
2019-11-12 16:51:21.097955 | > DO_CALL (0.001s wait)
.2019-11-12 16:51:21.116218 | eval'd: drake::cmq_buildtargetmetadepslayoutconfig
2019-11-12 16:51:22.214042 | > DO_CALL (0.002s wait)
.2019-11-12 16:51:22.233049 | eval'd: drake::cmq_buildtargetmetadepslayoutconfig
2019-11-12 16:51:22.702791 | > DO_CALL (0.000s wait)
.2019-11-12 16:51:22.719361 | eval'd: drake::cmq_buildtargetmetadepslayoutconfig
2019-11-12 16:51:23.142772 | > WORKER_WAIT (0.000s wait)
2019-11-12 16:51:23.143128 | waiting 0.75s
2019-11-12 16:51:23.895191 | > WORKER_WAIT (0.000s wait)
2019-11-12 16:51:23.895559 | waiting 0.75s
2019-11-12 16:51:24.647566 | > WORKER_WAIT (0.000s wait)
2019-11-12 16:51:24.647917 | waiting 0.75s
2019-11-12 16:51:25.399926 | > WORKER_WAIT (0.001s wait)
2019-11-12 16:51:25.400273 | waiting 0.75s
2019-11-12 16:51:26.152313 | > WORKER_WAIT (0.000s wait)
2019-11-12 16:51:26.152706 | waiting 0.75s
2019-11-12 16:51:41.910031 | > WORKER_STOP (0.000s wait)
2019-11-12 16:51:41.910423 | shutting down worker
2019-11-12 16:51:43.965088 | 
Total: 18 in 97.43s [user], 13.85s [system], 420.50s [elapsed]
