2019-11-12 16:44:41.415827 | Master: tcp://c32a-s27:6496
2019-11-12 16:44:41.443572 | WORKER_UP to: tcp://c32a-s27:6496
2019-11-12 16:45:12.649712 | > DO_SETUP (18.390s wait)
2019-11-12 16:45:12.650309 | token from msg: set_common_data_token
2019-11-12 16:46:04.453900 | > DO_CALL (10.832s wait)
.* Option 'clustermq.scheduler' not set, defaulting to ‘SLURM’
--- see: https://mschubert.github.io/clustermq/articles/userguide.html#configuration
2019-11-12 16:46:06.683566 | eval'd: drake::cmq_buildtargetmetadepslayoutconfig
2019-11-12 16:46:43.702425 | > DO_CALL (6.144s wait)
.2019-11-12 16:46:54.339831 | eval'd: drake::cmq_buildtargetmetadepslayoutconfig
2019-11-12 16:47:27.622196 | > DO_CALL (6.190s wait)
.2019-11-12 16:47:27.649075 | eval'd: drake::cmq_buildtargetmetadepslayoutconfig
2019-11-12 16:48:11.584519 | > DO_CALL (6.194s wait)
.2019-11-12 16:48:11.930594 | eval'd: drake::cmq_buildtargetmetadepslayoutconfig
2019-11-12 16:48:53.595515 | > DO_CALL (5.596s wait)
.2019-11-12 16:48:56.247594 | eval'd: drake::cmq_buildtargetmetadepslayoutconfig
2019-11-12 16:49:38.027558 | > DO_CALL (6.844s wait)
.2019-11-12 16:49:50.901051 | eval'd: drake::cmq_buildtargetmetadepslayoutconfig
2019-11-12 16:50:19.972583 | > DO_CALL (5.580s wait)
.2019-11-12 16:50:26.016801 | eval'd: drake::cmq_buildtargetmetadepslayoutconfig
2019-11-12 16:51:04.603846 | > DO_CALL (5.477s wait)
.2019-11-12 16:51:04.792057 | eval'd: drake::cmq_buildtargetmetadepslayoutconfig
2019-11-12 16:51:15.819835 | > DO_CALL (0.001s wait)
.2019-11-12 16:51:15.841631 | eval'd: drake::cmq_buildtargetmetadepslayoutconfig
2019-11-12 16:51:16.141600 | > DO_CALL (0.001s wait)
.2019-11-12 16:51:18.427834 | eval'd: drake::cmq_buildtargetmetadepslayoutconfig
2019-11-12 16:51:18.582950 | > DO_CALL (0.000s wait)
.2019-11-12 16:51:18.601399 | eval'd: drake::cmq_buildtargetmetadepslayoutconfig
2019-11-12 16:51:18.855794 | > DO_CALL (0.001s wait)
.2019-11-12 16:51:18.874001 | eval'd: drake::cmq_buildtargetmetadepslayoutconfig
2019-11-12 16:51:19.410938 | > DO_CALL (0.000s wait)
.2019-11-12 16:51:19.427452 | eval'd: drake::cmq_buildtargetmetadepslayoutconfig
2019-11-12 16:51:19.933751 | > DO_CALL (0.001s wait)
.2019-11-12 16:51:19.950692 | eval'd: drake::cmq_buildtargetmetadepslayoutconfig
2019-11-12 16:51:20.423588 | > DO_CALL (0.001s wait)
.2019-11-12 16:51:20.441550 | eval'd: drake::cmq_buildtargetmetadepslayoutconfig
2019-11-12 16:51:20.973985 | > DO_CALL (0.000s wait)
.2019-11-12 16:51:20.991733 | eval'd: drake::cmq_buildtargetmetadepslayoutconfig
2019-11-12 16:51:22.099257 | > DO_CALL (0.000s wait)
.2019-11-12 16:51:22.118958 | eval'd: drake::cmq_buildtargetmetadepslayoutconfig
2019-11-12 16:51:22.590744 | > DO_CALL (0.001s wait)
.2019-11-12 16:51:22.610537 | eval'd: drake::cmq_buildtargetmetadepslayoutconfig
2019-11-12 16:51:23.063296 | > WORKER_WAIT (0.000s wait)
2019-11-12 16:51:23.063709 | waiting 0.75s
2019-11-12 16:51:23.815825 | > WORKER_WAIT (0.000s wait)
2019-11-12 16:51:23.816264 | waiting 0.75s
2019-11-12 16:51:24.568375 | > WORKER_WAIT (0.001s wait)
2019-11-12 16:51:24.568823 | waiting 0.75s
2019-11-12 16:51:25.320944 | > WORKER_WAIT (0.000s wait)
2019-11-12 16:51:25.321414 | waiting 0.75s
2019-11-12 16:51:26.073551 | > WORKER_WAIT (0.000s wait)
2019-11-12 16:51:26.074020 | waiting 0.75s
2019-11-12 16:51:41.911221 | > WORKER_STOP (0.000s wait)
2019-11-12 16:51:41.911689 | shutting down worker
2019-11-12 16:51:43.789854 | 
Total: 18 in 100.46s [user], 15.10s [system], 420.47s [elapsed]
