2020-01-20 10:04:54.094777 | Master: tcp://c2a-s18:7983
2020-01-20 10:04:54.116766 | WORKER_UP to: tcp://c2a-s18:7983
2020-01-20 10:08:07.189562 | > DO_SETUP (24.440s wait)
2020-01-20 10:08:07.190715 | token from msg: set_common_data_token
2020-01-20 10:10:16.170777 | > DO_CALL (9.880s wait)
.* Option 'clustermq.scheduler' not set, defaulting to ‘SLURM’
--- see: https://mschubert.github.io/clustermq/articles/userguide.html#configuration
2020-01-20 10:10:32.028916 | eval'd: drake::cmq_buildtargetmetadepsspecht_is_subtargetconfig
2020-01-20 10:11:46.403695 | > DO_CALL (5.419s wait)
.2020-01-20 10:11:57.375640 | eval'd: drake::cmq_buildtargetmetadepsspecht_is_subtargetconfig
2020-01-20 10:13:53.435671 | > DO_CALL (5.266s wait)
.2020-01-20 10:14:10.453145 | eval'd: drake::cmq_buildtargetmetadepsspecht_is_subtargetconfig
2020-01-20 10:15:20.100574 | > DO_CALL (5.359s wait)
.2020-01-20 10:15:28.113831 | eval'd: drake::cmq_buildtargetmetadepsspecht_is_subtargetconfig
2020-01-20 10:17:22.613760 | > DO_CALL (5.249s wait)
.2020-01-20 10:17:59.086892 | eval'd: drake::cmq_buildtargetmetadepsspecht_is_subtargetconfig
2020-01-20 10:20:05.751688 | > DO_CALL (5.488s wait)
.2020-01-20 10:20:17.832194 | eval'd: drake::cmq_buildtargetmetadepsspecht_is_subtargetconfig
2020-01-20 10:23:24.479729 | > DO_CALL (5.280s wait)
.2020-01-20 10:24:46.575680 | eval'd: drake::cmq_buildtargetmetadepsspecht_is_subtargetconfig
2020-01-20 10:26:43.208555 | > DO_CALL (6.252s wait)
.2020-01-20 10:26:47.484750 | eval'd: drake::cmq_buildtargetmetadepsspecht_is_subtargetconfig
2020-01-20 10:27:56.478295 | > DO_CALL (6.470s wait)
.2020-01-20 10:28:31.712314 | eval'd: drake::cmq_buildtargetmetadepsspecht_is_subtargetconfig
2020-01-20 10:29:51.318590 | > DO_CALL (5.434s wait)
.2020-01-20 10:29:57.230546 | eval'd: drake::cmq_buildtargetmetadepsspecht_is_subtargetconfig
2020-01-20 10:32:39.963836 | > DO_CALL (5.243s wait)
.2020-01-20 10:32:52.728100 | eval'd: drake::cmq_buildtargetmetadepsspecht_is_subtargetconfig
2020-01-20 10:35:26.736755 | > DO_CALL (5.393s wait)
.2020-01-20 10:35:30.229295 | eval'd: drake::cmq_buildtargetmetadepsspecht_is_subtargetconfig
2020-01-20 10:36:21.840339 | > DO_CALL (5.315s wait)
.2020-01-20 10:36:28.889041 | eval'd: drake::cmq_buildtargetmetadepsspecht_is_subtargetconfig
2020-01-20 10:37:42.894393 | > DO_CALL (5.292s wait)
.2020-01-20 10:37:52.260918 | eval'd: drake::cmq_buildtargetmetadepsspecht_is_subtargetconfig
2020-01-20 10:39:52.684667 | > DO_CALL (6.286s wait)
.2020-01-20 10:39:54.457208 | eval'd: drake::cmq_buildtargetmetadepsspecht_is_subtargetconfig
2020-01-20 10:41:46.995322 | > DO_CALL (6.413s wait)
.2020-01-20 10:49:57.470851 | eval'd: drake::cmq_buildtargetmetadepsspecht_is_subtargetconfig
2020-01-20 10:52:13.460173 | > DO_CALL (6.700s wait)
.2020-01-20 10:52:38.739621 | eval'd: drake::cmq_buildtargetmetadepsspecht_is_subtargetconfig
2020-01-20 10:54:45.981956 | > DO_CALL (5.472s wait)
.2020-01-20 10:55:01.010005 | eval'd: drake::cmq_buildtargetmetadepsspecht_is_subtargetconfig
2020-01-20 10:57:12.855046 | > DO_CALL (5.203s wait)
.2020-01-20 10:57:21.767084 | eval'd: drake::cmq_buildtargetmetadepsspecht_is_subtargetconfig
2020-01-20 10:58:59.723339 | > DO_CALL (5.410s wait)
.2020-01-20 10:59:05.141665 | eval'd: drake::cmq_buildtargetmetadepsspecht_is_subtargetconfig
2020-01-20 11:00:26.674980 | > DO_CALL (5.209s wait)
.2020-01-20 11:00:36.921123 | eval'd: drake::cmq_buildtargetmetadepsspecht_is_subtargetconfig
2020-01-20 11:02:57.076458 | > DO_CALL (5.248s wait)
.2020-01-20 11:02:59.853959 | eval'd: drake::cmq_buildtargetmetadepsspecht_is_subtargetconfig
2020-01-20 11:04:23.947280 | > DO_CALL (5.266s wait)
.2020-01-20 11:04:55.411311 | eval'd: drake::cmq_buildtargetmetadepsspecht_is_subtargetconfig
2020-01-20 11:06:17.165471 | > DO_CALL (5.199s wait)
.2020-01-20 11:07:32.477158 | eval'd: drake::cmq_buildtargetmetadepsspecht_is_subtargetconfig
2020-01-20 11:08:21.706485 | > DO_CALL (5.381s wait)
.2020-01-20 11:08:21.974978 | eval'd: drake::cmq_buildtargetmetadepsspecht_is_subtargetconfig
2020-01-20 11:09:08.123619 | > DO_CALL (6.183s wait)
.2020-01-20 11:09:16.763844 | eval'd: drake::cmq_buildtargetmetadepsspecht_is_subtargetconfig
2020-01-20 11:10:28.882088 | > DO_CALL (5.255s wait)
.2020-01-20 11:10:31.593470 | eval'd: drake::cmq_buildtargetmetadepsspecht_is_subtargetconfig
2020-01-20 11:12:47.219475 | > DO_CALL (5.281s wait)
.2020-01-20 11:12:57.120889 | eval'd: drake::cmq_buildtargetmetadepsspecht_is_subtargetconfig
2020-01-20 11:15:31.159950 | > DO_CALL (5.418s wait)
.2020-01-20 11:15:33.283507 | eval'd: drake::cmq_buildtargetmetadepsspecht_is_subtargetconfig
2020-01-20 11:18:36.664046 | > DO_CALL (5.371s wait)
.2020-01-20 11:19:04.672397 | eval'd: drake::cmq_buildtargetmetadepsspecht_is_subtargetconfig
2020-01-20 11:21:29.697714 | > DO_CALL (5.360s wait)
.2020-01-20 11:22:25.312090 | eval'd: drake::cmq_buildtargetmetadepsspecht_is_subtargetconfig
2020-01-20 11:24:39.232893 | > DO_CALL (5.439s wait)
.2020-01-20 11:24:51.470047 | eval'd: drake::cmq_buildtargetmetadepsspecht_is_subtargetconfig
2020-01-20 11:26:09.434275 | > DO_CALL (5.247s wait)
.2020-01-20 11:26:30.615216 | eval'd: drake::cmq_buildtargetmetadepsspecht_is_subtargetconfig
2020-01-20 11:27:42.154572 | > DO_CALL (5.385s wait)
.2020-01-20 11:28:11.366450 | eval'd: drake::cmq_buildtargetmetadepsspecht_is_subtargetconfig
2020-01-20 11:29:16.436820 | > DO_CALL (5.235s wait)
.2020-01-20 11:29:28.860013 | eval'd: drake::cmq_buildtargetmetadepsspecht_is_subtargetconfig
2020-01-20 11:30:41.010354 | > DO_CALL (5.338s wait)
.2020-01-20 11:30:57.340615 | eval'd: drake::cmq_buildtargetmetadepsspecht_is_subtargetconfig
2020-01-20 11:32:14.245856 | > DO_CALL (5.378s wait)
.2020-01-20 11:32:16.041333 | eval'd: drake::cmq_buildtargetmetadepsspecht_is_subtargetconfig
2020-01-20 11:34:12.301290 | > DO_CALL (5.101s wait)
.2020-01-20 11:35:55.225771 | eval'd: drake::cmq_buildtargetmetadepsspecht_is_subtargetconfig
2020-01-20 11:37:14.297703 | > DO_CALL (5.250s wait)
.2020-01-20 11:37:32.977464 | eval'd: drake::cmq_buildtargetmetadepsspecht_is_subtargetconfig
2020-01-20 11:39:13.702662 | > DO_CALL (5.267s wait)
.2020-01-20 11:39:30.668091 | eval'd: drake::cmq_buildtargetmetadepsspecht_is_subtargetconfig
2020-01-20 11:40:38.163471 | > DO_CALL (5.337s wait)
.2020-01-20 11:42:03.671959 | eval'd: drake::cmq_buildtargetmetadepsspecht_is_subtargetconfig
2020-01-20 11:43:26.149112 | > DO_CALL (5.366s wait)
.2020-01-20 11:43:39.664683 | eval'd: drake::cmq_buildtargetmetadepsspecht_is_subtargetconfig
2020-01-20 11:44:23.895753 | > DO_CALL (5.102s wait)
.2020-01-20 11:45:32.528043 | eval'd: drake::cmq_buildtargetmetadepsspecht_is_subtargetconfig
2020-01-20 11:46:06.867930 | > DO_CALL (5.554s wait)
.2020-01-20 11:46:28.601295 | eval'd: drake::cmq_buildtargetmetadepsspecht_is_subtargetconfig
2020-01-20 11:46:52.214477 | > DO_CALL (5.337s wait)
.2020-01-20 11:46:55.640804 | eval'd: drake::cmq_buildtargetmetadepsspecht_is_subtargetconfig
2020-01-20 11:48:31.115137 | > DO_CALL (5.384s wait)
.2020-01-20 11:48:41.129517 | eval'd: drake::cmq_buildtargetmetadepsspecht_is_subtargetconfig
2020-01-20 11:51:22.217942 | > DO_CALL (5.388s wait)
.2020-01-20 11:51:31.855545 | eval'd: drake::cmq_buildtargetmetadepsspecht_is_subtargetconfig
2020-01-20 11:53:51.360887 | > DO_CALL (5.275s wait)
.
2020-01-20 11:54:15.175924 | eval'd: drake::cmq_buildtargetmetadepsspecht_is_subtargetconfig
2020-01-20 11:56:29.450109 | > DO_CALL (5.410s wait)
.2020-01-20 11:56:50.056485 | eval'd: drake::cmq_buildtargetmetadepsspecht_is_subtargetconfig
2020-01-20 11:58:01.382822 | > DO_CALL (6.014s wait)
.2020-01-20 11:58:42.234514 | eval'd: drake::cmq_buildtargetmetadepsspecht_is_subtargetconfig
2020-01-20 12:00:33.798494 | > DO_CALL (5.364s wait)
.2020-01-20 12:00:45.295881 | eval'd: drake::cmq_buildtargetmetadepsspecht_is_subtargetconfig
2020-01-20 12:02:23.896633 | > DO_CALL (6.300s wait)
.2020-01-20 12:02:49.060648 | eval'd: drake::cmq_buildtargetmetadepsspecht_is_subtargetconfig
2020-01-20 12:04:54.997579 | > DO_CALL (5.362s wait)
.2020-01-20 12:05:03.353255 | eval'd: drake::cmq_buildtargetmetadepsspecht_is_subtargetconfig
2020-01-20 12:06:59.818684 | > DO_CALL (5.511s wait)
.2020-01-20 12:07:08.474453 | eval'd: drake::cmq_buildtargetmetadepsspecht_is_subtargetconfig
2020-01-20 12:08:30.488735 | > DO_CALL (6.450s wait)
.2020-01-20 12:08:51.920616 | eval'd: drake::cmq_buildtargetmetadepsspecht_is_subtargetconfig
2020-01-20 12:10:15.855295 | > DO_CALL (5.434s wait)
.2020-01-20 12:10:19.290561 | eval'd: drake::cmq_buildtargetmetadepsspecht_is_subtargetconfig
2020-01-20 12:11:10.696487 | > DO_CALL (5.201s wait)
.2020-01-20 12:12:13.106361 | eval'd: drake::cmq_buildtargetmetadepsspecht_is_subtargetconfig
2020-01-20 12:13:56.526964 | > DO_CALL (5.359s wait)
.2020-01-20 12:14:14.359421 | eval'd: drake::cmq_buildtargetmetadepsspecht_is_subtargetconfig
2020-01-20 12:16:30.756417 | > DO_CALL (5.467s wait)
.2020-01-20 12:17:14.452420 | eval'd: drake::cmq_buildtargetmetadepsspecht_is_subtargetconfig
2020-01-20 12:19:34.958787 | > DO_CALL (5.312s wait)
.2020-01-20 12:19:40.160127 | eval'd: drake::cmq_buildtargetmetadepsspecht_is_subtargetconfig
2020-01-20 12:21:17.288990 | > DO_CALL (5.325s wait)
.2020-01-20 12:21:41.841634 | eval'd: drake::cmq_buildtargetmetadepsspecht_is_subtargetconfig
2020-01-20 12:23:11.453753 | > DO_CALL (5.246s wait)
.2020-01-20 12:23:30.100447 | eval'd: drake::cmq_buildtargetmetadepsspecht_is_subtargetconfig
2020-01-20 12:24:49.917844 | > DO_CALL (5.540s wait)
.2020-01-20 12:24:57.608132 | eval'd: drake::cmq_buildtargetmetadepsspecht_is_subtargetconfig
2020-01-20 12:26:39.182174 | > DO_CALL (5.301s wait)
.2020-01-20 12:26:39.473663 | eval'd: drake::cmq_buildtargetmetadepsspecht_is_subtargetconfig
2020-01-20 12:27:33.942980 | > DO_CALL (6.240s wait)
.2020-01-20 12:27:37.999595 | eval'd: drake::cmq_buildtargetmetadepsspecht_is_subtargetconfig
2020-01-20 12:29:07.175061 | > DO_CALL (5.346s wait)
.2020-01-20 12:29:32.932989 | eval'd: drake::cmq_buildtargetmetadepsspecht_is_subtargetconfig
2020-01-20 12:30:49.747344 | > DO_CALL (5.283s wait)
.2020-01-20 12:30:52.197563 | eval'd: drake::cmq_buildtargetmetadepsspecht_is_subtargetconfig
2020-01-20 12:33:13.220112 | > DO_CALL (6.110s wait)
.2020-01-20 12:33:20.073722 | eval'd: drake::cmq_buildtargetmetadepsspecht_is_subtargetconfig
2020-01-20 12:34:59.974139 | > DO_CALL (6.381s wait)
.2020-01-20 12:35:21.770766 | eval'd: drake::cmq_buildtargetmetadepsspecht_is_subtargetconfig
2020-01-20 12:37:46.776174 | > DO_CALL (5.242s wait)
.2020-01-20 12:38:06.678654 | eval'd: drake::cmq_buildtargetmetadepsspecht_is_subtargetconfig
2020-01-20 12:39:51.838449 | > DO_CALL (5.455s wait)
.2020-01-20 12:39:59.583595 | eval'd: drake::cmq_buildtargetmetadepsspecht_is_subtargetconfig
2020-01-20 12:42:26.336101 | > DO_CALL (5.322s wait)
.2020-01-20 12:43:59.624826 | eval'd: drake::cmq_buildtargetmetadepsspecht_is_subtargetconfig
2020-01-20 12:45:43.847389 | > DO_CALL (6.482s wait)
.2020-01-20 12:46:11.798369 | eval'd: drake::cmq_buildtargetmetadepsspecht_is_subtargetconfig
2020-01-20 12:47:54.742569 | > DO_CALL (5.429s wait)
.2020-01-20 12:48:28.784769 | eval'd: drake::cmq_buildtargetmetadepsspecht_is_subtargetconfig
2020-01-20 12:50:10.493714 | > DO_CALL (5.318s wait)
.2020-01-20 12:50:27.463146 | eval'd: drake::cmq_buildtargetmetadepsspecht_is_subtargetconfig
2020-01-20 12:52:18.609831 | > DO_CALL (5.540s wait)
.2020-01-20 12:52:38.290750 | eval'd: drake::cmq_buildtargetmetadepsspecht_is_subtargetconfig
2020-01-20 12:54:08.189708 | > DO_CALL (5.299s wait)
.2020-01-20 12:55:40.182551 | eval'd: drake::cmq_buildtargetmetadepsspecht_is_subtargetconfig
2020-01-20 12:57:45.681697 | > DO_CALL (5.243s wait)
.2020-01-20 12:57:59.085361 | eval'd: drake::cmq_buildtargetmetadepsspecht_is_subtargetconfig
2020-01-20 12:59:57.278414 | > DO_CALL (5.486s wait)
.2020-01-20 12:59:59.241922 | eval'd: drake::cmq_buildtargetmetadepsspecht_is_subtargetconfig
2020-01-20 13:02:32.738162 | > DO_CALL (5.356s wait)
.2020-01-20 13:06:01.683045 | eval'd: drake::cmq_buildtargetmetadepsspecht_is_subtargetconfig
2020-01-20 13:07:46.291218 | > DO_CALL (5.401s wait)
.2020-01-20 13:08:01.162515 | eval'd: drake::cmq_buildtargetmetadepsspecht_is_subtargetconfig
2020-01-20 13:10:46.255732 | > DO_CALL (6.083s wait)
.2020-01-20 13:14:42.252995 | eval'd: drake::cmq_buildtargetmetadepsspecht_is_subtargetconfig
2020-01-20 13:16:52.246685 | > DO_CALL (5.284s wait)
.2020-01-20 13:18:12.987771 | eval'd: drake::cmq_buildtargetmetadepsspecht_is_subtargetconfig
2020-01-20 13:20:31.368583 | > DO_CALL (5.471s wait)
.2020-01-20 13:20:57.771963 | eval'd: drake::cmq_buildtargetmetadepsspecht_is_subtargetconfig
2020-01-20 13:22:44.596648 | > DO_CALL (5.293s wait)
.2020-01-20 13:22:50.915887 | eval'd: drake::cmq_buildtargetmetadepsspecht_is_subtargetconfig
2020-01-20 13:24:21.792577 | > DO_CALL (5.298s wait)
.2020-01-20 13:24:29.801064 | eval'd: drake::cmq_buildtargetmetadepsspecht_is_subtargetconfig
2020-01-20 13:26:49.670781 | > DO_CALL (5.533s wait)
.2020-01-20 13:27:06.360536 | eval'd: drake::cmq_buildtargetmetadepsspecht_is_subtargetconfig
2020-01-20 13:29:56.494739 | > DO_CALL (5.297s wait)
.2020-01-20 13:30:08.360805 | eval'd: drake::cmq_buildtargetmetadepsspecht_is_subtargetconfig
2020-01-20 13:32:15.183645 | > DO_CALL (5.481s wait)
.2020-01-20 13:32:32.812937 | eval'd: drake::cmq_buildtargetmetadepsspecht_is_subtargetconfig
2020-01-20 13:34:22.901259 | > DO_CALL (5.281s wait)
.2020-01-20 13:35:04.827714 | eval'd: drake::cmq_buildtargetmetadepsspecht_is_subtargetconfig
2020-01-20 13:37:17.850558 | > DO_CALL (5.383s wait)
.2020-01-20 13:38:01.839038 | eval'd: drake::cmq_buildtargetmetadepsspecht_is_subtargetconfig
2020-01-20 13:41:04.796525 | > DO_CALL (5.422s wait)
.2020-01-20 13:41:31.333398 | eval'd: drake::cmq_buildtargetmetadepsspecht_is_subtargetconfig
2020-01-20 13:44:03.589423 | > DO_CALL (5.466s wait)
.2020-01-20 13:45:22.790483 | eval'd: drake::cmq_buildtargetmetadepsspecht_is_subtargetconfig
2020-01-20 13:46:32.483111 | > DO_CALL (5.369s wait)
.2020-01-20 13:47:27.594241 | eval'd: drake::cmq_buildtargetmetadepsspecht_is_subtargetconfig
2020-01-20 13:48:58.078063 | > DO_CALL (5.263s wait)
.2020-01-20 13:50:24.370088 | eval'd: drake::cmq_buildtargetmetadepsspecht_is_subtargetconfig
2020-01-20 13:52:40.449958 | > DO_CALL (5.401s wait)
.2020-01-20 13:52:51.267880 | eval'd: drake::cmq_buildtargetmetadepsspecht_is_subtargetconfig
2020-01-20 13:54:50.631146 | > DO_CALL (5.330s wait)
.2020-01-20 13:55:01.596381 | eval'd: drake::cmq_buildtargetmetadepsspecht_is_subtargetconfig
2020-01-20 13:56:24.684130 | > DO_CALL (5.426s wait)
.2020-01-20 13:57:09.174752 | eval'd: drake::cmq_buildtargetmetadepsspecht_is_subtargetconfig
2020-01-20 13:58:47.586137 | > DO_CALL (6.412s wait)
.2020-01-20 13:59:25.483941 | eval'd: drake::cmq_buildtargetmetadepsspecht_is_subtargetconfig
2020-01-20 14:00:26.793603 | > DO_CALL (5.488s wait)
.2020-01-20 14:00:40.645607 | eval'd: drake::cmq_buildtargetmetadepsspecht_is_subtargetconfig
2020-01-20 14:02:49.778502 | > DO_CALL (5.160s wait)
.2020-01-20 14:03:10.092891 | eval'd: drake::cmq_buildtargetmetadepsspecht_is_subtargetconfig
2020-01-20 14:05:10.498011 | > DO_CALL (5.234s wait)
.2020-01-20 14:05:32.041665 | eval'd: drake::cmq_buildtargetmetadepsspecht_is_subtargetconfig
2020-01-20 14:07:17.156481 | > DO_CALL (5.263s wait)
.2020-01-20 14:07:33.225661 | eval'd: drake::cmq_buildtargetmetadepsspecht_is_subtargetconfig
2020-01-20 14:09:17.838519 | > DO_CALL (5.204s wait)
.2020-01-20 14:09:37.993744 | eval'd: drake::cmq_buildtargetmetadepsspecht_is_subtargetconfig
2020-01-20 14:11:38.736976 | > DO_CALL (6.364s wait)
.2020-01-20 14:13:33.436710 | eval'd: drake::cmq_buildtargetmetadepsspecht_is_subtargetconfig
2020-01-20 14:14:59.693050 | > DO_CALL (5.287s wait)
.2020-01-20 14:15:12.851092 | eval'd: drake::cmq_buildtargetmetadepsspecht_is_subtargetconfig
2020-01-20 14:17:33.879265 | > DO_CALL (5.263s wait)
.2020-01-20 14:17:46.380747 | eval'd: drake::cmq_buildtargetmetadepsspecht_is_subtargetconfig
2020-01-20 14:19:46.116733 | > DO_CALL (5.451s wait)
.2020-01-20 14:20:10.308632 | eval'd: drake::cmq_buildtargetmetadepsspecht_is_subtargetconfig
2020-01-20 14:22:20.434933 | > DO_CALL (5.281s wait)
.2020-01-20 14:22:22.752557 | eval'd: drake::cmq_buildtargetmetadepsspecht_is_subtargetconfig
2020-01-20 14:23:26.620264 | > DO_CALL (5.464s wait)
.2020-01-20 14:23:30.617375 | eval'd: drake::cmq_buildtargetmetadepsspecht_is_subtargetconfig
2020-01-20 14:24:15.051726 | > DO_CALL (5.429s wait)
.2020-01-20 14:24:26.964346 | eval'd: drake::cmq_buildtargetmetadepsspecht_is_subtargetconfig
2020-01-20 14:26:06.078681 | > DO_CALL (5.125s wait)
.2020-01-20 14:26:22.531220 | eval'd: drake::cmq_buildtargetmetadepsspecht_is_subtargetconfig
2020-01-20 14:28:34.505345 | > DO_CALL (5.517s wait)
.2020-01-20 14:28:40.846295 | eval'd: drake::cmq_buildtargetmetadepsspecht_is_subtargetconfig
2020-01-20 14:30:55.773342 | > DO_CALL (5.215s wait)
.2020-01-20 14:31:27.347758 | eval'd: drake::cmq_buildtargetmetadepsspecht_is_subtargetconfig
2020-01-20 14:33:15.167838 | > DO_CALL (6.355s wait)
.2020-01-20 14:33:23.042562 | eval'd: drake::cmq_buildtargetmetadepsspecht_is_subtargetconfig
2020-01-20 14:35:12.103314 | > DO_CALL (5.271s wait)
.2020-01-20 14:35:49.747098 | eval'd: drake::cmq_buildtargetmetadepsspecht_is_subtargetconfig
2020-01-20 14:37:49.462740 | > DO_CALL (5.079s wait)
.2020-01-20 14:38:03.166577 | eval'd: drake::cmq_buildtargetmetadepsspecht_is_subtargetconfig
2020-01-20 14:40:32.503598 | > DO_CALL (5.285s wait)
.2020-01-20 14:40:42.228363 | eval'd: drake::cmq_buildtargetmetadepsspecht_is_subtargetconfig
2020-01-20 14:42:22.046252 | > DO_CALL (5.390s wait)
.2020-01-20 14:43:00.130166 | eval'd: drake::cmq_buildtargetmetadepsspecht_is_subtargetconfig
2020-01-20 14:43:28.913426 | > DO_CALL (5.414s wait)
.2020-01-20 14:43:31.805582 | eval'd: drake::cmq_buildtargetmetadepsspecht_is_subtargetconfig
2020-01-20 14:44:59.675042 | > DO_CALL (5.397s wait)
.2020-01-20 14:45:04.600032 | eval'd: drake::cmq_buildtargetmetadepsspecht_is_subtargetconfig
2020-01-20 14:46:43.507027 | > DO_CALL (5.257s wait)
.2020-01-20 14:47:47.596773 | eval'd: drake::cmq_buildtargetmetadepsspecht_is_subtargetconfig
2020-01-20 14:50:14.316969 | > DO_CALL (5.998s wait)
.2020-01-20 14:50:24.391168 | eval'd: drake::cmq_buildtargetmetadepsspecht_is_subtargetconfig
2020-01-20 14:50:46.484505 | > DO_CALL (5.452s wait)
.2020-01-20 14:54:42.916130 | eval'd: drake::cmq_buildtargetmetadepsspecht_is_subtargetconfig
2020-01-20 14:56:35.771603 | > DO_CALL (5.284s wait)
.2020-01-20 14:56:51.477647 | eval'd: drake::cmq_buildtargetmetadepsspecht_is_subtargetconfig
2020-01-20 14:58:17.262160 | > DO_CALL (5.465s wait)
.2020-01-20 14:59:02.594787 | eval'd: drake::cmq_buildtargetmetadepsspecht_is_subtargetconfig
2020-01-20 15:01:13.095858 | > DO_CALL (5.582s wait)
.
2020-01-20 15:01:15.858132 | eval'd: drake::cmq_buildtargetmetadepsspecht_is_subtargetconfig
2020-01-20 15:03:13.240966 | > DO_CALL (5.239s wait)
.2020-01-20 15:03:27.192884 | eval'd: drake::cmq_buildtargetmetadepsspecht_is_subtargetconfig
2020-01-20 15:05:42.275957 | > DO_CALL (5.300s wait)
.2020-01-20 15:06:13.502804 | eval'd: drake::cmq_buildtargetmetadepsspecht_is_subtargetconfig
2020-01-20 15:09:14.352190 | > DO_CALL (5.276s wait)
.2020-01-20 15:09:28.391978 | eval'd: drake::cmq_buildtargetmetadepsspecht_is_subtargetconfig
2020-01-20 15:11:46.362074 | > DO_CALL (5.395s wait)
.2020-01-20 15:11:54.131912 | eval'd: drake::cmq_buildtargetmetadepsspecht_is_subtargetconfig
2020-01-20 15:13:26.660398 | > DO_CALL (5.246s wait)
.2020-01-20 15:13:46.683706 | eval'd: drake::cmq_buildtargetmetadepsspecht_is_subtargetconfig
2020-01-20 15:13:48.023579 | > DO_CALL (0.004s wait)
.2020-01-20 15:13:48.359636 | eval'd: drake::cmq_buildtargetmetadepsspecht_is_subtargetconfig
2020-01-20 15:13:49.335459 | > DO_CALL (0.013s wait)
.2020-01-20 15:13:52.047013 | eval'd: drake::cmq_buildtargetmetadepsspecht_is_subtargetconfig
2020-01-20 15:13:52.395654 | > DO_CALL (0.046s wait)
.2020-01-20 15:13:52.822522 | eval'd: drake::cmq_buildtargetmetadepsspecht_is_subtargetconfig
2020-01-20 15:13:53.323025 | > DO_CALL (0.005s wait)
.2020-01-20 15:13:53.565910 | eval'd: drake::cmq_buildtargetmetadepsspecht_is_subtargetconfig
2020-01-20 15:13:53.833717 | > DO_CALL (0.000s wait)
.2020-01-20 15:13:53.914221 | eval'd: drake::cmq_buildtargetmetadepsspecht_is_subtargetconfig
2020-01-20 15:13:55.013153 | > DO_CALL (0.016s wait)
.2020-01-20 15:13:55.403215 | eval'd: drake::cmq_buildtargetmetadepsspecht_is_subtargetconfig
2020-01-20 15:13:57.073453 | > DO_CALL (0.010s wait)
.2020-01-20 15:13:58.241818 | eval'd: drake::cmq_buildtargetmetadepsspecht_is_subtargetconfig
2020-01-20 15:13:58.704195 | > DO_CALL (0.014s wait)
.2020-01-20 15:13:59.076184 | eval'd: drake::cmq_buildtargetmetadepsspecht_is_subtargetconfig
2020-01-20 15:13:59.682557 | > DO_CALL (0.018s wait)
.2020-01-20 15:14:00.064198 | eval'd: drake::cmq_buildtargetmetadepsspecht_is_subtargetconfig
2020-01-20 15:14:00.488183 | > DO_CALL (0.016s wait)
.2020-01-20 15:14:00.870816 | eval'd: drake::cmq_buildtargetmetadepsspecht_is_subtargetconfig
2020-01-20 15:14:01.162539 | > DO_CALL (0.028s wait)
.2020-01-20 15:14:02.418122 | eval'd: drake::cmq_buildtargetmetadepsspecht_is_subtargetconfig
2020-01-20 15:14:03.000229 | > DO_CALL (0.011s wait)
.2020-01-20 15:14:03.359948 | eval'd: drake::cmq_buildtargetmetadepsspecht_is_subtargetconfig
2020-01-20 15:14:04.322032 | > DO_CALL (0.011s wait)
.2020-01-20 15:14:04.678899 | eval'd: drake::cmq_buildtargetmetadepsspecht_is_subtargetconfig
2020-01-20 15:14:06.500374 | > DO_CALL (0.009s wait)
.2020-01-20 15:14:06.854557 | eval'd: drake::cmq_buildtargetmetadepsspecht_is_subtargetconfig
2020-01-20 15:14:07.104373 | > DO_CALL (0.025s wait)
.2020-01-20 15:14:07.499912 | eval'd: drake::cmq_buildtargetmetadepsspecht_is_subtargetconfig
2020-01-20 15:14:08.141755 | > DO_CALL (0.018s wait)
.2020-01-20 15:14:09.244472 | eval'd: drake::cmq_buildtargetmetadepsspecht_is_subtargetconfig
2020-01-20 15:14:09.716151 | > DO_CALL (0.024s wait)
.2020-01-20 15:14:10.113639 | eval'd: drake::cmq_buildtargetmetadepsspecht_is_subtargetconfig
2020-01-20 15:14:10.888948 | > DO_CALL (0.007s wait)
.2020-01-20 15:14:11.242790 | eval'd: drake::cmq_buildtargetmetadepsspecht_is_subtargetconfig
2020-01-20 15:14:11.896394 | > DO_CALL (0.024s wait)
.2020-01-20 15:14:12.293139 | eval'd: drake::cmq_buildtargetmetadepsspecht_is_subtargetconfig
2020-01-20 15:14:12.913061 | > DO_CALL (0.007s wait)
.2020-01-20 15:14:14.058690 | eval'd: drake::cmq_buildtargetmetadepsspecht_is_subtargetconfig
2020-01-20 15:14:15.138645 | > DO_CALL (0.011s wait)
.2020-01-20 15:14:15.492593 | eval'd: drake::cmq_buildtargetmetadepsspecht_is_subtargetconfig
2020-01-20 15:14:16.327337 | > DO_CALL (0.012s wait)
.2020-01-20 15:14:16.685152 | eval'd: drake::cmq_buildtargetmetadepsspecht_is_subtargetconfig
2020-01-20 15:14:17.605167 | > DO_CALL (0.017s wait)
.2020-01-20 15:14:17.988336 | eval'd: drake::cmq_buildtargetmetadepsspecht_is_subtargetconfig
2020-01-20 15:14:18.611135 | > DO_CALL (0.012s wait)
.2020-01-20 15:14:18.989177 | eval'd: drake::cmq_buildtargetmetadepsspecht_is_subtargetconfig
2020-01-20 15:14:19.849452 | > DO_CALL (0.024s wait)
.2020-01-20 15:14:21.077511 | eval'd: drake::cmq_buildtargetmetadepsspecht_is_subtargetconfig
2020-01-20 15:14:21.613857 | > DO_CALL (0.009s wait)
.2020-01-20 15:14:21.970338 | eval'd: drake::cmq_buildtargetmetadepsspecht_is_subtargetconfig
2020-01-20 15:14:22.580003 | > DO_CALL (0.001s wait)
.2020-01-20 15:14:22.594760 | eval'd: drake::cmq_buildtargetmetadepsspecht_is_subtargetconfig
2020-01-20 15:14:24.739477 | > DO_CALL (0.014s wait)
.2020-01-20 15:14:25.112886 | eval'd: drake::cmq_buildtargetmetadepsspecht_is_subtargetconfig
2020-01-20 15:14:25.952277 | > DO_CALL (0.005s wait)
.2020-01-20 15:14:26.287978 | eval'd: drake::cmq_buildtargetmetadepsspecht_is_subtargetconfig
2020-01-20 15:14:26.682665 | > DO_CALL (0.029s wait)
.2020-01-20 15:14:27.893333 | eval'd: drake::cmq_buildtargetmetadepsspecht_is_subtargetconfig
2020-01-20 15:14:28.567369 | > DO_CALL (0.000s wait)
.2020-01-20 15:14:28.586360 | eval'd: drake::cmq_buildtargetmetadepsspecht_is_subtargetconfig
2020-01-20 15:14:29.299264 | > DO_CALL (0.004s wait)
.2020-01-20 15:14:29.529207 | eval'd: drake::cmq_buildtargetmetadepsspecht_is_subtargetconfig
2020-01-20 15:14:29.851562 | > DO_CALL (0.000s wait)
.2020-01-20 15:14:29.861298 | eval'd: drake::cmq_buildtargetmetadepsspecht_is_subtargetconfig
2020-01-20 15:14:30.986367 | > DO_CALL (0.008s wait)
.2020-01-20 15:14:31.338780 | eval'd: drake::cmq_buildtargetmetadepsspecht_is_subtargetconfig
2020-01-20 15:14:33.446804 | > DO_CALL (0.013s wait)
.2020-01-20 15:14:33.824008 | eval'd: drake::cmq_buildtargetmetadepsspecht_is_subtargetconfig
2020-01-20 15:14:34.634742 | > DO_CALL (0.007s wait)
.2020-01-20 15:14:34.982651 | eval'd: drake::cmq_buildtargetmetadepsspecht_is_subtargetconfig
2020-01-20 15:14:36.095419 | > DO_CALL (0.011s wait)
.2020-01-20 15:14:37.158001 | eval'd: drake::cmq_buildtargetmetadepsspecht_is_subtargetconfig
2020-01-20 15:14:37.883043 | > DO_CALL (0.013s wait)
.2020-01-20 15:14:38.258357 | eval'd: drake::cmq_buildtargetmetadepsspecht_is_subtargetconfig
2020-01-20 15:14:38.833473 | > DO_CALL (0.010s wait)
.2020-01-20 15:14:39.192614 | eval'd: drake::cmq_buildtargetmetadepsspecht_is_subtargetconfig
2020-01-20 15:14:40.437168 | > DO_CALL (0.009s wait)
.2020-01-20 15:14:40.786002 | eval'd: drake::cmq_buildtargetmetadepsspecht_is_subtargetconfig
2020-01-20 15:14:43.290780 | > DO_CALL (0.007s wait)
.2020-01-20 15:14:44.459416 | eval'd: drake::cmq_buildtargetmetadepsspecht_is_subtargetconfig
2020-01-20 15:14:44.812277 | > DO_CALL (0.015s wait)
.2020-01-20 15:14:45.177716 | eval'd: drake::cmq_buildtargetmetadepsspecht_is_subtargetconfig
2020-01-20 15:14:46.215824 | > DO_CALL (0.003s wait)
.2020-01-20 15:14:46.546825 | eval'd: drake::cmq_buildtargetmetadepsspecht_is_subtargetconfig
2020-01-20 15:14:47.748877 | > DO_CALL (0.033s wait)
.2020-01-20 15:14:48.151132 | eval'd: drake::cmq_buildtargetmetadepsspecht_is_subtargetconfig
2020-01-20 15:14:49.073261 | > DO_CALL (0.012s wait)
.2020-01-20 15:14:49.435705 | eval'd: drake::cmq_buildtargetmetadepsspecht_is_subtargetconfig
2020-01-20 15:14:51.599767 | > DO_CALL (0.000s wait)
.2020-01-20 15:14:51.613001 | eval'd: drake::cmq_buildtargetmetadepsspecht_is_subtargetconfig
2020-01-20 15:14:53.029891 | > DO_CALL (0.010s wait)
.2020-01-20 15:14:54.166792 | eval'd: drake::cmq_buildtargetmetadepsspecht_is_subtargetconfig
2020-01-20 15:14:54.500179 | > DO_CALL (0.016s wait)
.2020-01-20 15:14:54.903125 | eval'd: drake::cmq_buildtargetmetadepsspecht_is_subtargetconfig
2020-01-20 15:14:55.836859 | > DO_CALL (0.020s wait)
.2020-01-20 15:14:56.233940 | eval'd: drake::cmq_buildtargetmetadepsspecht_is_subtargetconfig
2020-01-20 15:14:57.188505 | > DO_CALL (0.007s wait)
.2020-01-20 15:14:57.538689 | eval'd: drake::cmq_buildtargetmetadepsspecht_is_subtargetconfig
2020-01-20 15:14:58.631565 | > DO_CALL (0.014s wait)
.2020-01-20 15:14:59.742247 | eval'd: drake::cmq_buildtargetmetadepsspecht_is_subtargetconfig
2020-01-20 15:15:01.128693 | > DO_CALL (0.013s wait)
.2020-01-20 15:15:01.495826 | eval'd: drake::cmq_buildtargetmetadepsspecht_is_subtargetconfig
2020-01-20 15:15:02.603924 | > DO_CALL (0.023s wait)
.2020-01-20 15:15:03.030228 | eval'd: drake::cmq_buildtargetmetadepsspecht_is_subtargetconfig
2020-01-20 15:15:03.954431 | > DO_CALL (0.016s wait)
.2020-01-20 15:15:04.346686 | eval'd: drake::cmq_buildtargetmetadepsspecht_is_subtargetconfig
2020-01-20 15:15:05.341280 | > DO_CALL (0.008s wait)
.2020-01-20 15:15:05.703234 | eval'd: drake::cmq_buildtargetmetadepsspecht_is_subtargetconfig
2020-01-20 15:15:06.773586 | > DO_CALL (0.022s wait)
.2020-01-20 15:15:07.942435 | eval'd: drake::cmq_buildtargetmetadepsspecht_is_subtargetconfig
2020-01-20 15:15:09.912460 | > DO_CALL (0.010s wait)
.2020-01-20 15:15:10.284439 | eval'd: drake::cmq_buildtargetmetadepsspecht_is_subtargetconfig
2020-01-20 15:15:11.302402 | > DO_CALL (0.015s wait)
.2020-01-20 15:15:11.676747 | eval'd: drake::cmq_buildtargetmetadepsspecht_is_subtargetconfig
2020-01-20 15:15:12.637559 | > DO_CALL (0.000s wait)
.2020-01-20 15:15:12.647896 | eval'd: drake::cmq_buildtargetmetadepsspecht_is_subtargetconfig
2020-01-20 15:15:13.969243 | > DO_CALL (0.022s wait)
.2020-01-20 15:15:14.354584 | eval'd: drake::cmq_buildtargetmetadepsspecht_is_subtargetconfig
2020-01-20 15:15:14.684207 | > DO_CALL (0.007s wait)
.2020-01-20 15:15:15.828861 | eval'd: drake::cmq_buildtargetmetadepsspecht_is_subtargetconfig
2020-01-20 15:15:16.071909 | > DO_CALL (0.008s wait)
.2020-01-20 15:15:16.435710 | eval'd: drake::cmq_buildtargetmetadepsspecht_is_subtargetconfig
2020-01-20 15:15:18.557199 | > DO_CALL (0.012s wait)
.2020-01-20 15:15:18.948984 | eval'd: drake::cmq_buildtargetmetadepsspecht_is_subtargetconfig
2020-01-20 15:15:19.842592 | > DO_CALL (0.009s wait)
.2020-01-20 15:15:20.214747 | eval'd: drake::cmq_buildtargetmetadepsspecht_is_subtargetconfig
2020-01-20 15:15:21.252089 | > DO_CALL (0.014s wait)
.2020-01-20 15:15:21.635919 | eval'd: drake::cmq_buildtargetmetadepsspecht_is_subtargetconfig
2020-01-20 15:15:22.681837 | > DO_CALL (0.011s wait)
.2020-01-20 15:15:23.826230 | eval'd: drake::cmq_buildtargetmetadepsspecht_is_subtargetconfig
2020-01-20 15:15:24.068619 | > DO_CALL (0.012s wait)
.2020-01-20 15:15:24.443594 | eval'd: drake::cmq_buildtargetmetadepsspecht_is_subtargetconfig
2020-01-20 15:15:25.312273 | > DO_CALL (0.004s wait)
.2020-01-20 15:15:25.656857 | eval'd: drake::cmq_buildtargetmetadepsspecht_is_subtargetconfig
2020-01-20 15:15:27.884740 | > DO_CALL (0.022s wait)
.2020-01-20 15:15:28.255534 | eval'd: drake::cmq_buildtargetmetadepsspecht_is_subtargetconfig
2020-01-20 15:15:29.357968 | > DO_CALL (0.029s wait)
.2020-01-20 15:15:30.475751 | eval'd: drake::cmq_buildtargetmetadepsspecht_is_subtargetconfig
2020-01-20 15:15:30.732122 | > DO_CALL (0.009s wait)
.2020-01-20 15:15:31.077316 | eval'd: drake::cmq_buildtargetmetadepsspecht_is_subtargetconfig
2020-01-20 15:15:32.196499 | > DO_CALL (0.022s wait)
.2020-01-20 15:15:32.586803 | eval'd: drake::cmq_buildtargetmetadepsspecht_is_subtargetconfig
2020-01-20 15:15:33.594666 | > DO_CALL (0.024s wait)
.2020-01-20 15:15:33.989332 | eval'd: drake::cmq_buildtargetmetadepsspecht_is_subtargetconfig
2020-01-20 15:15:36.035914 | > DO_CALL (0.015s wait)
.
2020-01-20 15:15:36.429696 | eval'd: drake::cmq_buildtargetmetadepsspecht_is_subtargetconfig
2020-01-20 15:15:37.541062 | > DO_CALL (0.009s wait)
.2020-01-20 15:15:38.613449 | eval'd: drake::cmq_buildtargetmetadepsspecht_is_subtargetconfig
2020-01-20 15:15:38.989520 | > DO_CALL (0.011s wait)
.2020-01-20 15:15:39.337431 | eval'd: drake::cmq_buildtargetmetadepsspecht_is_subtargetconfig
2020-01-20 15:15:40.427139 | > DO_CALL (0.009s wait)
.2020-01-20 15:15:40.779619 | eval'd: drake::cmq_buildtargetmetadepsspecht_is_subtargetconfig
2020-01-20 15:15:41.796876 | > DO_CALL (0.000s wait)
.2020-01-20 15:15:41.812840 | eval'd: drake::cmq_buildtargetmetadepsspecht_is_subtargetconfig
2020-01-20 15:15:43.255218 | > DO_CALL (0.045s wait)
.2020-01-20 15:15:43.647631 | eval'd: drake::cmq_buildtargetmetadepsspecht_is_subtargetconfig
2020-01-20 15:15:45.846358 | > DO_CALL (0.005s wait)
.2020-01-20 15:15:46.832513 | eval'd: drake::cmq_buildtargetmetadepsspecht_is_subtargetconfig
2020-01-20 15:15:47.377049 | > DO_CALL (0.021s wait)
.2020-01-20 15:15:47.764007 | eval'd: drake::cmq_buildtargetmetadepsspecht_is_subtargetconfig
2020-01-20 15:15:48.738699 | > DO_CALL (0.015s wait)
.2020-01-20 15:15:49.118076 | eval'd: drake::cmq_buildtargetmetadepsspecht_is_subtargetconfig
2020-01-20 15:15:50.072401 | > DO_CALL (0.003s wait)
.2020-01-20 15:15:50.403157 | eval'd: drake::cmq_buildtargetmetadepsspecht_is_subtargetconfig
2020-01-20 15:15:51.512948 | > DO_CALL (0.014s wait)
.2020-01-20 15:15:52.635735 | eval'd: drake::cmq_buildtargetmetadepsspecht_is_subtargetconfig
2020-01-20 15:15:54.406608 | > DO_CALL (0.000s wait)
.2020-01-20 15:15:54.416924 | eval'd: drake::cmq_buildtargetmetadepsspecht_is_subtargetconfig
2020-01-20 15:15:55.842529 | > DO_CALL (0.003s wait)
.2020-01-20 15:15:56.124870 | eval'd: drake::cmq_buildtargetmetadepsspecht_is_subtargetconfig
2020-01-20 15:15:57.226765 | > DO_CALL (0.012s wait)
.2020-01-20 15:15:57.601579 | eval'd: drake::cmq_buildtargetmetadepsspecht_is_subtargetconfig
2020-01-20 15:15:58.633387 | > DO_CALL (0.014s wait)
.2020-01-20 15:15:58.966693 | eval'd: drake::cmq_buildtargetmetadepsspecht_is_subtargetconfig
2020-01-20 15:15:59.914950 | > DO_CALL (0.010s wait)
.2020-01-20 15:16:00.278403 | eval'd: drake::cmq_buildtargetmetadepsspecht_is_subtargetconfig
2020-01-20 15:16:01.278404 | > DO_CALL (0.013s wait)
.2020-01-20 15:16:02.369193 | eval'd: drake::cmq_buildtargetmetadepsspecht_is_subtargetconfig
2020-01-20 15:16:03.827894 | > DO_CALL (0.011s wait)
.2020-01-20 15:16:04.199582 | eval'd: drake::cmq_buildtargetmetadepsspecht_is_subtargetconfig
2020-01-20 15:16:05.249258 | > DO_CALL (0.008s wait)
.2020-01-20 15:16:05.598581 | eval'd: drake::cmq_buildtargetmetadepsspecht_is_subtargetconfig
2020-01-20 15:16:06.587875 | > DO_CALL (0.017s wait)
.2020-01-20 15:16:06.971055 | eval'd: drake::cmq_buildtargetmetadepsspecht_is_subtargetconfig
2020-01-20 15:16:08.032671 | > DO_CALL (0.017s wait)
.2020-01-20 15:16:08.417924 | eval'd: drake::cmq_buildtargetmetadepsspecht_is_subtargetconfig
2020-01-20 15:16:09.499295 | > DO_CALL (0.014s wait)
.2020-01-20 15:16:10.552380 | eval'd: drake::cmq_buildtargetmetadepsspecht_is_subtargetconfig
2020-01-20 15:16:11.901638 | > DO_CALL (0.011s wait)
.2020-01-20 15:16:12.256696 | eval'd: drake::cmq_buildtargetmetadepsspecht_is_subtargetconfig
2020-01-20 15:16:13.393271 | > DO_CALL (0.025s wait)
.2020-01-20 15:16:13.785097 | eval'd: drake::cmq_buildtargetmetadepsspecht_is_subtargetconfig
2020-01-20 15:16:14.777936 | > DO_CALL (0.019s wait)
.2020-01-20 15:16:15.148190 | eval'd: drake::cmq_buildtargetmetadepsspecht_is_subtargetconfig
2020-01-20 15:16:15.905994 | > DO_CALL (0.015s wait)
.2020-01-20 15:16:16.980924 | eval'd: drake::cmq_buildtargetmetadepsspecht_is_subtargetconfig
2020-01-20 15:16:17.340061 | > DO_CALL (0.012s wait)
.2020-01-20 15:16:17.693428 | eval'd: drake::cmq_buildtargetmetadepsspecht_is_subtargetconfig
2020-01-20 15:16:18.701985 | > DO_CALL (0.016s wait)
.2020-01-20 15:16:19.062896 | eval'd: drake::cmq_buildtargetmetadepsspecht_is_subtargetconfig
2020-01-20 15:16:21.160292 | > DO_CALL (0.027s wait)
.2020-01-20 15:16:21.555073 | eval'd: drake::cmq_buildtargetmetadepsspecht_is_subtargetconfig
2020-01-20 15:16:22.537343 | > DO_CALL (0.020s wait)
.2020-01-20 15:16:23.692479 | eval'd: drake::cmq_buildtargetmetadepsspecht_is_subtargetconfig
2020-01-20 15:16:23.982816 | > DO_CALL (0.017s wait)
.2020-01-20 15:16:24.372596 | eval'd: drake::cmq_buildtargetmetadepsspecht_is_subtargetconfig
2020-01-20 15:16:25.397877 | > DO_CALL (0.024s wait)
.2020-01-20 15:16:25.782127 | eval'd: drake::cmq_buildtargetmetadepsspecht_is_subtargetconfig
2020-01-20 15:16:26.657192 | > DO_CALL (0.001s wait)
.2020-01-20 15:16:26.683236 | eval'd: drake::cmq_buildtargetmetadepsspecht_is_subtargetconfig
2020-01-20 15:16:29.039274 | > DO_CALL (0.008s wait)
.2020-01-20 15:16:29.390615 | eval'd: drake::cmq_buildtargetmetadepsspecht_is_subtargetconfig
2020-01-20 15:16:30.540392 | > DO_CALL (0.016s wait)
.2020-01-20 15:16:30.925834 | eval'd: drake::cmq_buildtargetmetadepsspecht_is_subtargetconfig
2020-01-20 15:16:32.055914 | > DO_CALL (0.028s wait)
.2020-01-20 15:16:33.184080 | eval'd: drake::cmq_buildtargetmetadepsspecht_is_subtargetconfig
2020-01-20 15:16:33.670910 | > DO_CALL (0.000s wait)
.2020-01-20 15:16:33.695242 | eval'd: drake::cmq_buildtargetmetadepsspecht_is_subtargetconfig
2020-01-20 15:16:35.104598 | > DO_CALL (0.007s wait)
.2020-01-20 15:16:35.452599 | eval'd: drake::cmq_buildtargetmetadepsspecht_is_subtargetconfig
2020-01-20 15:16:36.514956 | > DO_CALL (0.011s wait)
.2020-01-20 15:16:36.868952 | eval'd: drake::cmq_buildtargetmetadepsspecht_is_subtargetconfig
2020-01-20 15:16:39.112475 | > DO_CALL (0.008s wait)
.2020-01-20 15:16:39.465932 | eval'd: drake::cmq_buildtargetmetadepsspecht_is_subtargetconfig
2020-01-20 15:16:40.628238 | > DO_CALL (0.012s wait)
.2020-01-20 15:16:41.758659 | eval'd: drake::cmq_buildtargetmetadepsspecht_is_subtargetconfig
2020-01-20 15:16:42.224783 | > DO_CALL (0.020s wait)
.2020-01-20 15:16:42.611322 | eval'd: drake::cmq_buildtargetmetadepsspecht_is_subtargetconfig
2020-01-20 15:16:43.695791 | > DO_CALL (0.010s wait)
.2020-01-20 15:16:44.050816 | eval'd: drake::cmq_buildtargetmetadepsspecht_is_subtargetconfig
2020-01-20 15:16:45.196371 | > DO_CALL (0.017s wait)
.2020-01-20 15:16:45.581093 | eval'd: drake::cmq_buildtargetmetadepsspecht_is_subtargetconfig
2020-01-20 15:16:47.774149 | > DO_CALL (0.012s wait)
.2020-01-20 15:16:48.137921 | eval'd: drake::cmq_buildtargetmetadepsspecht_is_subtargetconfig
2020-01-20 15:16:49.285122 | > DO_CALL (0.018s wait)
.2020-01-20 15:16:50.380808 | eval'd: drake::cmq_buildtargetmetadepsspecht_is_subtargetconfig
2020-01-20 15:16:50.828969 | > DO_CALL (0.016s wait)
.2020-01-20 15:16:51.210031 | eval'd: drake::cmq_buildtargetmetadepsspecht_is_subtargetconfig
2020-01-20 15:16:52.401635 | > DO_CALL (0.010s wait)
.2020-01-20 15:16:52.758203 | eval'd: drake::cmq_buildtargetmetadepsspecht_is_subtargetconfig
2020-01-20 15:16:53.961227 | > DO_CALL (0.001s wait)
.2020-01-20 15:16:54.058115 | eval'd: drake::cmq_buildtargetmetadepsspecht_is_subtargetconfig
2020-01-20 15:16:56.775075 | > DO_CALL (0.011s wait)
.2020-01-20 15:16:57.139734 | eval'd: drake::cmq_buildtargetmetadepsspecht_is_subtargetconfig
2020-01-20 15:16:58.400727 | > DO_CALL (0.012s wait)
.2020-01-20 15:16:59.553662 | eval'd: drake::cmq_buildtargetmetadepsspecht_is_subtargetconfig
2020-01-20 15:16:59.968123 | > DO_CALL (0.013s wait)
.2020-01-20 15:17:00.340538 | eval'd: drake::cmq_buildtargetmetadepsspecht_is_subtargetconfig
2020-01-20 15:17:01.476910 | > DO_CALL (0.014s wait)
.2020-01-20 15:17:01.847064 | eval'd: drake::cmq_buildtargetmetadepsspecht_is_subtargetconfig
2020-01-20 15:17:02.989210 | > DO_CALL (0.005s wait)
.2020-01-20 15:17:03.326504 | eval'd: drake::cmq_buildtargetmetadepsspecht_is_subtargetconfig
2020-01-20 15:17:05.965413 | > DO_CALL (0.012s wait)
.2020-01-20 15:17:07.051612 | eval'd: drake::cmq_buildtargetmetadepsspecht_is_subtargetconfig
2020-01-20 15:17:07.507266 | > DO_CALL (0.007s wait)
.2020-01-20 15:17:07.858498 | eval'd: drake::cmq_buildtargetmetadepsspecht_is_subtargetconfig
2020-01-20 15:17:09.080331 | > DO_CALL (0.011s wait)
.2020-01-20 15:17:09.442711 | eval'd: drake::cmq_buildtargetmetadepsspecht_is_subtargetconfig
2020-01-20 15:17:10.581857 | > DO_CALL (0.014s wait)
.2020-01-20 15:17:10.964843 | eval'd: drake::cmq_buildtargetmetadepsspecht_is_subtargetconfig
2020-01-20 15:17:12.103792 | > DO_CALL (0.017s wait)
.2020-01-20 15:17:12.487759 | eval'd: drake::cmq_buildtargetmetadepsspecht_is_subtargetconfig
2020-01-20 15:17:14.887900 | > DO_CALL (0.015s wait)
.2020-01-20 15:17:16.056518 | eval'd: drake::cmq_buildtargetmetadepsspecht_is_subtargetconfig
2020-01-20 15:17:16.307204 | > DO_CALL (0.013s wait)
.2020-01-20 15:17:16.673567 | eval'd: drake::cmq_buildtargetmetadepsspecht_is_subtargetconfig
2020-01-20 15:17:17.987652 | > DO_CALL (0.018s wait)
.2020-01-20 15:17:18.361816 | eval'd: drake::cmq_buildtargetmetadepsspecht_is_subtargetconfig
2020-01-20 15:17:19.408272 | > DO_CALL (0.004s wait)
.2020-01-20 15:17:19.743007 | eval'd: drake::cmq_buildtargetmetadepsspecht_is_subtargetconfig
2020-01-20 15:17:20.877724 | > DO_CALL (0.000s wait)
.2020-01-20 15:17:20.889183 | eval'd: drake::cmq_buildtargetmetadepsspecht_is_subtargetconfig
2020-01-20 15:17:23.525055 | > DO_CALL (0.025s wait)
.2020-01-20 15:17:24.686963 | eval'd: drake::cmq_buildtargetmetadepsspecht_is_subtargetconfig
2020-01-20 15:17:24.869289 | > DO_CALL (0.005s wait)
.2020-01-20 15:17:25.211258 | eval'd: drake::cmq_buildtargetmetadepsspecht_is_subtargetconfig
2020-01-20 15:17:26.282027 | > DO_CALL (0.022s wait)
.2020-01-20 15:17:26.676262 | eval'd: drake::cmq_buildtargetmetadepsspecht_is_subtargetconfig
2020-01-20 15:17:27.550651 | > DO_CALL (0.011s wait)
.2020-01-20 15:17:27.926294 | eval'd: drake::cmq_buildtargetmetadepsspecht_is_subtargetconfig
2020-01-20 15:17:28.728224 | > DO_CALL (0.008s wait)
.2020-01-20 15:17:29.823307 | eval'd: drake::cmq_buildtargetmetadepsspecht_is_subtargetconfig
2020-01-20 15:17:30.965816 | > DO_CALL (0.007s wait)
.2020-01-20 15:17:31.309472 | eval'd: drake::cmq_buildtargetmetadepsspecht_is_subtargetconfig
2020-01-20 15:17:32.294333 | > DO_CALL (0.014s wait)
.2020-01-20 15:17:32.662973 | eval'd: drake::cmq_buildtargetmetadepsspecht_is_subtargetconfig
2020-01-20 15:17:33.565945 | > DO_CALL (0.010s wait)
.2020-01-20 15:17:33.935912 | eval'd: drake::cmq_buildtargetmetadepsspecht_is_subtargetconfig
2020-01-20 15:17:35.102479 | > DO_CALL (0.008s wait)
.2020-01-20 15:17:35.453295 | eval'd: drake::cmq_buildtargetmetadepsspecht_is_subtargetconfig
2020-01-20 15:17:36.538688 | > DO_CALL (0.000s wait)
.2020-01-20 15:17:36.549685 | eval'd: drake::cmq_buildtargetmetadepsspecht_is_subtargetconfig
2020-01-20 15:17:38.073824 | > DO_CALL (0.014s wait)
.2020-01-20 15:17:39.217838 | eval'd: drake::cmq_buildtargetmetadepsspecht_is_subtargetconfig
2020-01-20 15:17:40.713031 | > DO_CALL (0.014s wait)
.2020-01-20 15:17:41.086382 | eval'd: drake::cmq_buildtargetmetadepsspecht_is_subtargetconfig
2020-01-20 15:17:42.201809 | > DO_CALL (0.010s wait)
.2020-01-20 15:17:42.553504 | eval'd: drake::cmq_buildtargetmetadepsspecht_is_subtargetconfig
2020-01-20 15:17:43.767935 | > DO_CALL (0.010s wait)
.2020-01-20 15:17:44.117186 | eval'd: drake::cmq_buildtargetmetadepsspecht_is_subtargetconfig
2020-01-20 15:17:45.237245 | > DO_CALL (0.012s wait)
.2020-01-20 15:17:46.328097 | eval'd: drake::cmq_buildtargetmetadepsspecht_is_subtargetconfig
2020-01-20 15:17:46.880132 | > DO_CALL (0.009s wait)
.
2020-01-20 15:17:47.233004 | eval'd: drake::cmq_buildtargetmetadepsspecht_is_subtargetconfig
2020-01-20 15:17:49.487161 | > DO_CALL (0.011s wait)
.2020-01-20 15:17:49.844218 | eval'd: drake::cmq_buildtargetmetadepsspecht_is_subtargetconfig
2020-01-20 15:17:50.889447 | > DO_CALL (0.000s wait)
.2020-01-20 15:17:50.920338 | eval'd: drake::cmq_buildtargetmetadepsspecht_is_subtargetconfig
2020-01-20 15:17:52.450211 | > DO_CALL (0.030s wait)
.2020-01-20 15:17:52.871764 | eval'd: drake::cmq_buildtargetmetadepsspecht_is_subtargetconfig
2020-01-20 15:17:53.830276 | > DO_CALL (0.000s wait)
.2020-01-20 15:17:53.850876 | eval'd: drake::cmq_buildtargetmetadepsspecht_is_subtargetconfig
2020-01-20 15:17:55.220859 | > DO_CALL (0.012s wait)
.2020-01-20 15:17:56.471899 | eval'd: drake::cmq_buildtargetmetadepsspecht_is_subtargetconfig
2020-01-20 15:17:57.699479 | > DO_CALL (0.004s wait)
.2020-01-20 15:17:57.801357 | eval'd: drake::cmq_buildtargetmetadepsspecht_is_subtargetconfig
2020-01-20 15:17:59.232872 | > DO_CALL (0.010s wait)
.2020-01-20 15:17:59.621094 | eval'd: drake::cmq_buildtargetmetadepsspecht_is_subtargetconfig
2020-01-20 15:18:00.784282 | > DO_CALL (0.015s wait)
.2020-01-20 15:18:01.180461 | eval'd: drake::cmq_buildtargetmetadepsspecht_is_subtargetconfig
2020-01-20 15:18:02.382393 | > DO_CALL (0.021s wait)
.2020-01-20 15:18:02.785903 | eval'd: drake::cmq_buildtargetmetadepsspecht_is_subtargetconfig
2020-01-20 15:18:03.926396 | > DO_CALL (0.022s wait)
.2020-01-20 15:18:04.329721 | eval'd: drake::cmq_buildtargetmetadepsspecht_is_subtargetconfig
2020-01-20 15:18:06.348920 | > DO_CALL (0.010s wait)
.2020-01-20 15:18:07.486654 | eval'd: drake::cmq_buildtargetmetadepsspecht_is_subtargetconfig
2020-01-20 15:18:07.798085 | > DO_CALL (0.016s wait)
.2020-01-20 15:18:08.201413 | eval'd: drake::cmq_buildtargetmetadepsspecht_is_subtargetconfig
2020-01-20 15:18:09.174807 | > DO_CALL (0.010s wait)
.2020-01-20 15:18:09.550675 | eval'd: drake::cmq_buildtargetmetadepsspecht_is_subtargetconfig
2020-01-20 15:18:10.666928 | > DO_CALL (0.009s wait)
.2020-01-20 15:18:11.026937 | eval'd: drake::cmq_buildtargetmetadepsspecht_is_subtargetconfig
2020-01-20 15:18:12.234644 | > DO_CALL (0.020s wait)
.2020-01-20 15:18:13.324075 | eval'd: drake::cmq_buildtargetmetadepsspecht_is_subtargetconfig
2020-01-20 15:18:15.083158 | > DO_CALL (0.018s wait)
.2020-01-20 15:18:15.462478 | eval'd: drake::cmq_buildtargetmetadepsspecht_is_subtargetconfig
2020-01-20 15:18:16.568136 | > DO_CALL (0.012s wait)
.2020-01-20 15:18:16.926873 | eval'd: drake::cmq_buildtargetmetadepsspecht_is_subtargetconfig
2020-01-20 15:18:18.020340 | > DO_CALL (0.004s wait)
.2020-01-20 15:18:18.350505 | eval'd: drake::cmq_buildtargetmetadepsspecht_is_subtargetconfig
2020-01-20 15:18:19.496700 | > DO_CALL (0.012s wait)
.2020-01-20 15:18:19.865471 | eval'd: drake::cmq_buildtargetmetadepsspecht_is_subtargetconfig
2020-01-20 15:18:20.968713 | > DO_CALL (0.019s wait)
.2020-01-20 15:18:22.105575 | eval'd: drake::cmq_buildtargetmetadepsspecht_is_subtargetconfig
2020-01-20 15:18:23.952301 | > DO_CALL (0.016s wait)
.2020-01-20 15:18:24.339769 | eval'd: drake::cmq_buildtargetmetadepsspecht_is_subtargetconfig
2020-01-20 15:18:25.359930 | > DO_CALL (0.001s wait)
.2020-01-20 15:18:25.373259 | eval'd: drake::cmq_buildtargetmetadepsspecht_is_subtargetconfig
2020-01-20 15:18:27.001523 | > DO_CALL (0.017s wait)
.2020-01-20 15:18:27.388725 | eval'd: drake::cmq_buildtargetmetadepsspecht_is_subtargetconfig
2020-01-20 15:18:28.380978 | > DO_CALL (0.007s wait)
.2020-01-20 15:18:28.742114 | eval'd: drake::cmq_buildtargetmetadepsspecht_is_subtargetconfig
2020-01-20 15:18:29.670277 | > DO_CALL (0.001s wait)
.2020-01-20 15:18:29.676950 | eval'd: drake::cmq_buildtargetmetadepsspecht_is_subtargetconfig
2020-01-20 15:18:32.107301 | > DO_CALL (0.001s wait)
.2020-01-20 15:18:34.696466 | eval'd: drake::cmq_buildtargetmetadepsspecht_is_subtargetconfig
2020-01-20 15:18:35.090643 | > DO_CALL (0.001s wait)
.2020-01-20 15:18:35.097666 | eval'd: drake::cmq_buildtargetmetadepsspecht_is_subtargetconfig
2020-01-20 15:18:36.084343 | > DO_CALL (0.001s wait)
.2020-01-20 15:18:36.091129 | eval'd: drake::cmq_buildtargetmetadepsspecht_is_subtargetconfig
2020-01-20 15:18:37.174760 | > DO_CALL (0.001s wait)
.2020-01-20 15:18:37.180723 | eval'd: drake::cmq_buildtargetmetadepsspecht_is_subtargetconfig
2020-01-20 15:18:39.288409 | > DO_CALL (0.001s wait)
.2020-01-20 15:18:39.296379 | eval'd: drake::cmq_buildtargetmetadepsspecht_is_subtargetconfig
2020-01-20 15:18:40.372406 | > DO_CALL (0.001s wait)
.2020-01-20 15:18:40.379096 | eval'd: drake::cmq_buildtargetmetadepsspecht_is_subtargetconfig
2020-01-20 15:18:41.481316 | > DO_CALL (0.001s wait)
.2020-01-20 15:18:41.487527 | eval'd: drake::cmq_buildtargetmetadepsspecht_is_subtargetconfig
2020-01-20 15:18:42.565383 | > DO_CALL (0.001s wait)
.2020-01-20 15:18:42.571641 | eval'd: drake::cmq_buildtargetmetadepsspecht_is_subtargetconfig
2020-01-20 15:18:43.615712 | > DO_CALL (0.001s wait)
.2020-01-20 15:18:43.621908 | eval'd: drake::cmq_buildtargetmetadepsspecht_is_subtargetconfig
2020-01-20 15:18:45.723265 | > DO_CALL (0.001s wait)
.2020-01-20 15:18:45.728976 | eval'd: drake::cmq_buildtargetmetadepsspecht_is_subtargetconfig
2020-01-20 15:18:46.829260 | > DO_CALL (0.001s wait)
.2020-01-20 15:18:46.835057 | eval'd: drake::cmq_buildtargetmetadepsspecht_is_subtargetconfig
2020-01-20 15:18:47.951411 | > DO_CALL (0.001s wait)
.2020-01-20 15:18:47.957537 | eval'd: drake::cmq_buildtargetmetadepsspecht_is_subtargetconfig
2020-01-20 15:18:49.038347 | > DO_CALL (0.001s wait)
.2020-01-20 15:18:49.044048 | eval'd: drake::cmq_buildtargetmetadepsspecht_is_subtargetconfig
2020-01-20 15:18:50.112351 | > DO_CALL (0.001s wait)
.2020-01-20 15:18:50.118567 | eval'd: drake::cmq_buildtargetmetadepsspecht_is_subtargetconfig
2020-01-20 15:18:52.268379 | > DO_CALL (0.001s wait)
.2020-01-20 15:18:52.274415 | eval'd: drake::cmq_buildtargetmetadepsspecht_is_subtargetconfig
2020-01-20 15:18:53.365328 | > DO_CALL (0.001s wait)
.2020-01-20 15:18:53.371765 | eval'd: drake::cmq_buildtargetmetadepsspecht_is_subtargetconfig
2020-01-20 15:18:54.424226 | > DO_CALL (0.001s wait)
.2020-01-20 15:18:54.429704 | eval'd: drake::cmq_buildtargetmetadepsspecht_is_subtargetconfig
2020-01-20 15:18:55.476389 | > DO_CALL (0.001s wait)
.2020-01-20 15:18:55.482648 | eval'd: drake::cmq_buildtargetmetadepsspecht_is_subtargetconfig
2020-01-20 15:18:56.527409 | > DO_CALL (0.001s wait)
.2020-01-20 15:18:56.533794 | eval'd: drake::cmq_buildtargetmetadepsspecht_is_subtargetconfig
2020-01-20 15:18:58.671346 | > DO_CALL (0.001s wait)
.2020-01-20 15:18:58.677433 | eval'd: drake::cmq_buildtargetmetadepsspecht_is_subtargetconfig
2020-01-20 15:18:59.733163 | > DO_CALL (0.001s wait)
.2020-01-20 15:18:59.738951 | eval'd: drake::cmq_buildtargetmetadepsspecht_is_subtargetconfig
2020-01-20 15:19:00.798345 | > DO_CALL (0.001s wait)
.2020-01-20 15:19:00.804753 | eval'd: drake::cmq_buildtargetmetadepsspecht_is_subtargetconfig
2020-01-20 15:19:01.870179 | > DO_CALL (0.001s wait)
.2020-01-20 15:19:01.875756 | eval'd: drake::cmq_buildtargetmetadepsspecht_is_subtargetconfig
2020-01-20 15:19:02.955287 | > DO_CALL (0.001s wait)
.2020-01-20 15:19:02.961459 | eval'd: drake::cmq_buildtargetmetadepsspecht_is_subtargetconfig
2020-01-20 15:19:05.098271 | > DO_CALL (0.001s wait)
.2020-01-20 15:19:05.104322 | eval'd: drake::cmq_buildtargetmetadepsspecht_is_subtargetconfig
2020-01-20 15:19:06.139306 | > DO_CALL (0.001s wait)
.2020-01-20 15:19:06.145481 | eval'd: drake::cmq_buildtargetmetadepsspecht_is_subtargetconfig
2020-01-20 15:19:07.194324 | > DO_CALL (0.001s wait)
.2020-01-20 15:19:07.199850 | eval'd: drake::cmq_buildtargetmetadepsspecht_is_subtargetconfig
2020-01-20 15:19:08.248322 | > DO_CALL (0.001s wait)
.2020-01-20 15:19:08.254384 | eval'd: drake::cmq_buildtargetmetadepsspecht_is_subtargetconfig
2020-01-20 15:19:09.304364 | > DO_CALL (0.001s wait)
.2020-01-20 15:19:09.310749 | eval'd: drake::cmq_buildtargetmetadepsspecht_is_subtargetconfig
2020-01-20 15:19:11.446257 | > DO_CALL (0.001s wait)
.2020-01-20 15:19:11.452806 | eval'd: drake::cmq_buildtargetmetadepsspecht_is_subtargetconfig
2020-01-20 15:19:12.804341 | > DO_CALL (0.001s wait)
.2020-01-20 15:19:12.810406 | eval'd: drake::cmq_buildtargetmetadepsspecht_is_subtargetconfig
2020-01-20 15:19:13.999315 | > DO_CALL (0.001s wait)
.2020-01-20 15:19:14.005412 | eval'd: drake::cmq_buildtargetmetadepsspecht_is_subtargetconfig
2020-01-20 15:19:15.104190 | > DO_CALL (0.001s wait)
.2020-01-20 15:19:15.109702 | eval'd: drake::cmq_buildtargetmetadepsspecht_is_subtargetconfig
2020-01-20 15:19:16.198392 | > DO_CALL (0.001s wait)
.2020-01-20 15:19:16.204835 | eval'd: drake::cmq_buildtargetmetadepsspecht_is_subtargetconfig
2020-01-20 15:19:18.424370 | > DO_CALL (0.001s wait)
.2020-01-20 15:19:18.429964 | eval'd: drake::cmq_buildtargetmetadepsspecht_is_subtargetconfig
2020-01-20 15:19:19.530398 | > DO_CALL (0.001s wait)
.2020-01-20 15:19:19.536406 | eval'd: drake::cmq_buildtargetmetadepsspecht_is_subtargetconfig
2020-01-20 15:19:20.659337 | > DO_CALL (0.001s wait)
.2020-01-20 15:19:20.665482 | eval'd: drake::cmq_buildtargetmetadepsspecht_is_subtargetconfig
2020-01-20 15:19:21.758270 | > DO_CALL (0.001s wait)
.2020-01-20 15:19:21.763846 | eval'd: drake::cmq_buildtargetmetadepsspecht_is_subtargetconfig
2020-01-20 15:19:24.142215 | > DO_CALL (0.001s wait)
.2020-01-20 15:19:24.147585 | eval'd: drake::cmq_buildtargetmetadepsspecht_is_subtargetconfig
2020-01-20 15:19:25.311224 | > DO_CALL (0.001s wait)
.2020-01-20 15:19:25.316535 | eval'd: drake::cmq_buildtargetmetadepsspecht_is_subtargetconfig
2020-01-20 15:19:26.540311 | > DO_CALL (0.001s wait)
.2020-01-20 15:19:26.546304 | eval'd: drake::cmq_buildtargetmetadepsspecht_is_subtargetconfig
2020-01-20 15:19:27.702335 | > DO_CALL (0.001s wait)
.2020-01-20 15:19:27.708686 | eval'd: drake::cmq_buildtargetmetadepsspecht_is_subtargetconfig
2020-01-20 15:19:28.939688 | > DO_CALL (0.014s wait)
.2020-01-20 15:19:29.305821 | eval'd: drake::cmq_buildtargetmetadepsspecht_is_subtargetconfig
2020-01-20 15:19:31.357242 | > DO_CALL (0.001s wait)
.2020-01-20 15:19:31.363971 | eval'd: drake::cmq_buildtargetmetadepsspecht_is_subtargetconfig
2020-01-20 15:19:32.340713 | > DO_CALL (0.001s wait)
.2020-01-20 15:19:32.346853 | eval'd: drake::cmq_buildtargetmetadepsspecht_is_subtargetconfig
2020-01-20 15:19:33.367542 | > DO_CALL (0.001s wait)
.2020-01-20 15:19:33.373920 | eval'd: drake::cmq_buildtargetmetadepsspecht_is_subtargetconfig
2020-01-20 15:19:34.398209 | > DO_CALL (0.001s wait)
.2020-01-20 15:19:34.404456 | eval'd: drake::cmq_buildtargetmetadepsspecht_is_subtargetconfig
2020-01-20 15:19:35.352616 | > DO_CALL (0.001s wait)
.2020-01-20 15:19:35.358784 | eval'd: drake::cmq_buildtargetmetadepsspecht_is_subtargetconfig
2020-01-20 15:19:37.501240 | > DO_CALL (0.001s wait)
.2020-01-20 15:19:37.507126 | eval'd: drake::cmq_buildtargetmetadepsspecht_is_subtargetconfig
2020-01-20 15:19:38.472950 | > DO_CALL (0.001s wait)
.2020-01-20 15:19:38.479184 | eval'd: drake::cmq_buildtargetmetadepsspecht_is_subtargetconfig
2020-01-20 15:19:39.471563 | > DO_CALL (0.001s wait)
.2020-01-20 15:19:39.479721 | eval'd: drake::cmq_buildtargetmetadepsspecht_is_subtargetconfig
2020-01-20 15:19:40.470643 | > DO_CALL (0.001s wait)
.2020-01-20 15:19:40.476818 | eval'd: drake::cmq_buildtargetmetadepsspecht_is_subtargetconfig
2020-01-20 15:19:41.441377 | > DO_CALL (0.001s wait)
.2020-01-20 15:19:41.447551 | eval'd: drake::cmq_buildtargetmetadepsspecht_is_subtargetconfig
2020-01-20 15:19:43.436274 | > DO_CALL (0.001s wait)
.
2020-01-20 15:19:43.442427 | eval'd: drake::cmq_buildtargetmetadepsspecht_is_subtargetconfig
2020-01-20 15:19:44.431255 | > DO_CALL (0.001s wait)
.2020-01-20 15:19:44.436945 | eval'd: drake::cmq_buildtargetmetadepsspecht_is_subtargetconfig
2020-01-20 15:19:45.554215 | > DO_CALL (0.001s wait)
.2020-01-20 15:19:45.559607 | eval'd: drake::cmq_buildtargetmetadepsspecht_is_subtargetconfig
2020-01-20 15:19:46.695262 | > DO_CALL (0.001s wait)
.2020-01-20 15:19:46.700771 | eval'd: drake::cmq_buildtargetmetadepsspecht_is_subtargetconfig
2020-01-20 15:19:48.901871 | > DO_CALL (0.000s wait)
.2020-01-20 15:19:48.905919 | eval'd: drake::cmq_buildtargetmetadepsspecht_is_subtargetconfig
2020-01-20 15:19:50.038478 | > DO_CALL (0.001s wait)
.2020-01-20 15:19:50.044664 | eval'd: drake::cmq_buildtargetmetadepsspecht_is_subtargetconfig
2020-01-20 15:19:51.163703 | > DO_CALL (0.000s wait)
.2020-01-20 15:19:51.168795 | eval'd: drake::cmq_buildtargetmetadepsspecht_is_subtargetconfig
2020-01-20 15:19:52.309433 | > DO_CALL (0.001s wait)
.2020-01-20 15:19:52.315464 | eval'd: drake::cmq_buildtargetmetadepsspecht_is_subtargetconfig
2020-01-20 15:19:53.455259 | > DO_CALL (0.001s wait)
.2020-01-20 15:19:53.460777 | eval'd: drake::cmq_buildtargetmetadepsspecht_is_subtargetconfig
2020-01-20 15:19:55.635446 | > DO_CALL (0.000s wait)
.2020-01-20 15:19:55.639579 | eval'd: drake::cmq_buildtargetmetadepsspecht_is_subtargetconfig
2020-01-20 15:19:56.794281 | > DO_CALL (0.000s wait)
.2020-01-20 15:19:56.798635 | eval'd: drake::cmq_buildtargetmetadepsspecht_is_subtargetconfig
2020-01-20 15:19:57.922275 | > DO_CALL (0.001s wait)
.2020-01-20 15:19:57.928489 | eval'd: drake::cmq_buildtargetmetadepsspecht_is_subtargetconfig
2020-01-20 15:19:58.961821 | > DO_CALL (0.001s wait)
.2020-01-20 15:19:58.967830 | eval'd: drake::cmq_buildtargetmetadepsspecht_is_subtargetconfig
2020-01-20 15:19:59.941276 | > DO_CALL (0.001s wait)
.2020-01-20 15:19:59.947419 | eval'd: drake::cmq_buildtargetmetadepsspecht_is_subtargetconfig
2020-01-20 15:20:01.881315 | > DO_CALL (0.001s wait)
.2020-01-20 15:20:01.887363 | eval'd: drake::cmq_buildtargetmetadepsspecht_is_subtargetconfig
2020-01-20 15:20:02.852545 | > DO_CALL (0.001s wait)
.2020-01-20 15:20:02.858783 | eval'd: drake::cmq_buildtargetmetadepsspecht_is_subtargetconfig
2020-01-20 15:20:03.813994 | > DO_CALL (0.001s wait)
.2020-01-20 15:20:03.818481 | eval'd: drake::cmq_buildtargetmetadepsspecht_is_subtargetconfig
2020-01-20 15:20:04.804602 | > DO_CALL (0.001s wait)
.2020-01-20 15:20:04.810480 | eval'd: drake::cmq_buildtargetmetadepsspecht_is_subtargetconfig
2020-01-20 15:20:06.702109 | > DO_CALL (0.001s wait)
.2020-01-20 15:20:06.708150 | eval'd: drake::cmq_buildtargetmetadepsspecht_is_subtargetconfig
2020-01-20 15:20:07.657912 | > DO_CALL (0.000s wait)
.2020-01-20 15:20:07.663950 | eval'd: drake::cmq_buildtargetmetadepsspecht_is_subtargetconfig
2020-01-20 15:20:08.639231 | > DO_CALL (0.001s wait)
.2020-01-20 15:20:08.645145 | eval'd: drake::cmq_buildtargetmetadepsspecht_is_subtargetconfig
2020-01-20 15:20:09.603116 | > DO_CALL (0.001s wait)
.2020-01-20 15:20:09.608662 | eval'd: drake::cmq_buildtargetmetadepsspecht_is_subtargetconfig
2020-01-20 15:20:10.559906 | > DO_CALL (0.000s wait)
.2020-01-20 15:20:10.565732 | eval'd: drake::cmq_buildtargetmetadepsspecht_is_subtargetconfig
2020-01-20 15:20:12.473901 | > DO_CALL (0.000s wait)
.2020-01-20 15:20:12.479528 | eval'd: drake::cmq_buildtargetmetadepsspecht_is_subtargetconfig
2020-01-20 15:20:13.424634 | > DO_CALL (0.001s wait)
.2020-01-20 15:20:13.429959 | eval'd: drake::cmq_buildtargetmetadepsspecht_is_subtargetconfig
2020-01-20 15:20:14.399024 | > DO_CALL (0.001s wait)
.2020-01-20 15:20:14.404786 | eval'd: drake::cmq_buildtargetmetadepsspecht_is_subtargetconfig
2020-01-20 15:20:15.349768 | > DO_CALL (0.001s wait)
.2020-01-20 15:20:15.355925 | eval'd: drake::cmq_buildtargetmetadepsspecht_is_subtargetconfig
2020-01-20 15:20:16.379401 | > DO_CALL (0.001s wait)
.2020-01-20 15:20:16.385431 | eval'd: drake::cmq_buildtargetmetadepsspecht_is_subtargetconfig
2020-01-20 15:20:18.580110 | > DO_CALL (0.001s wait)
.2020-01-20 15:20:18.586035 | eval'd: drake::cmq_buildtargetmetadepsspecht_is_subtargetconfig
2020-01-20 15:20:19.677296 | > DO_CALL (0.001s wait)
.2020-01-20 15:20:19.682615 | eval'd: drake::cmq_buildtargetmetadepsspecht_is_subtargetconfig
2020-01-20 15:20:20.807418 | > DO_CALL (0.001s wait)
.2020-01-20 15:20:20.813539 | eval'd: drake::cmq_buildtargetmetadepsspecht_is_subtargetconfig
2020-01-20 15:20:21.889338 | > DO_CALL (0.001s wait)
.2020-01-20 15:20:21.894870 | eval'd: drake::cmq_buildtargetmetadepsspecht_is_subtargetconfig
2020-01-20 15:20:24.071338 | > DO_CALL (0.001s wait)
.2020-01-20 15:20:24.076759 | eval'd: drake::cmq_buildtargetmetadepsspecht_is_subtargetconfig
2020-01-20 15:20:25.207429 | > DO_CALL (0.001s wait)
.2020-01-20 15:20:25.213406 | eval'd: drake::cmq_buildtargetmetadepsspecht_is_subtargetconfig
2020-01-20 15:20:26.359351 | > DO_CALL (0.001s wait)
.2020-01-20 15:20:26.365179 | eval'd: drake::cmq_buildtargetmetadepsspecht_is_subtargetconfig
2020-01-20 15:20:27.494493 | > DO_CALL (0.001s wait)
.2020-01-20 15:20:27.500621 | eval'd: drake::cmq_buildtargetmetadepsspecht_is_subtargetconfig
2020-01-20 15:20:28.652438 | > DO_CALL (0.001s wait)
.2020-01-20 15:20:28.658596 | eval'd: drake::cmq_buildtargetmetadepsspecht_is_subtargetconfig
2020-01-20 15:20:30.889426 | > DO_CALL (0.001s wait)
.2020-01-20 15:20:30.896193 | eval'd: drake::cmq_buildtargetmetadepsspecht_is_subtargetconfig
2020-01-20 15:20:32.029365 | > DO_CALL (0.001s wait)
.2020-01-20 15:20:32.035354 | eval'd: drake::cmq_buildtargetmetadepsspecht_is_subtargetconfig
2020-01-20 15:20:33.189385 | > DO_CALL (0.001s wait)
.2020-01-20 15:20:33.195100 | eval'd: drake::cmq_buildtargetmetadepsspecht_is_subtargetconfig
2020-01-20 15:20:34.375298 | > DO_CALL (0.001s wait)
.2020-01-20 15:20:34.381002 | eval'd: drake::cmq_buildtargetmetadepsspecht_is_subtargetconfig
2020-01-20 15:20:36.565468 | > DO_CALL (0.001s wait)
.2020-01-20 15:20:36.571532 | eval'd: drake::cmq_buildtargetmetadepsspecht_is_subtargetconfig
2020-01-20 15:20:37.733474 | > DO_CALL (0.001s wait)
.2020-01-20 15:20:37.739734 | eval'd: drake::cmq_buildtargetmetadepsspecht_is_subtargetconfig
2020-01-20 15:20:38.888863 | > DO_CALL (0.000s wait)
.2020-01-20 15:20:38.893802 | eval'd: drake::cmq_buildtargetmetadepsspecht_is_subtargetconfig
2020-01-20 15:20:40.037173 | > DO_CALL (0.001s wait)
.2020-01-20 15:20:40.044412 | eval'd: drake::cmq_buildtargetmetadepsspecht_is_subtargetconfig
2020-01-20 15:20:41.161458 | > DO_CALL (0.001s wait)
.2020-01-20 15:20:41.167430 | eval'd: drake::cmq_buildtargetmetadepsspecht_is_subtargetconfig
2020-01-20 15:20:43.451283 | > DO_CALL (0.001s wait)
.2020-01-20 15:20:43.456627 | eval'd: drake::cmq_buildtargetmetadepsspecht_is_subtargetconfig
2020-01-20 15:20:44.598481 | > DO_CALL (0.001s wait)
.2020-01-20 15:20:44.604696 | eval'd: drake::cmq_buildtargetmetadepsspecht_is_subtargetconfig
2020-01-20 15:20:45.747429 | > DO_CALL (0.001s wait)
.2020-01-20 15:20:45.753485 | eval'd: drake::cmq_buildtargetmetadepsspecht_is_subtargetconfig
2020-01-20 15:20:46.882538 | > DO_CALL (0.001s wait)
.2020-01-20 15:20:46.888056 | eval'd: drake::cmq_buildtargetmetadepsspecht_is_subtargetconfig
2020-01-20 15:20:48.089441 | > DO_CALL (0.001s wait)
.2020-01-20 15:20:48.095534 | eval'd: drake::cmq_buildtargetmetadepsspecht_is_subtargetconfig
2020-01-20 15:20:50.614157 | > DO_CALL (0.001s wait)
.2020-01-20 15:20:50.619255 | eval'd: drake::cmq_buildtargetmetadepsspecht_is_subtargetconfig
2020-01-20 15:20:51.745796 | > DO_CALL (0.000s wait)
.2020-01-20 15:20:51.749781 | eval'd: drake::cmq_buildtargetmetadepsspecht_is_subtargetconfig
2020-01-20 15:20:52.877418 | > DO_CALL (0.001s wait)
.2020-01-20 15:20:52.883404 | eval'd: drake::cmq_buildtargetmetadepsspecht_is_subtargetconfig
2020-01-20 15:20:54.013425 | > DO_CALL (0.001s wait)
.2020-01-20 15:20:54.019481 | eval'd: drake::cmq_buildtargetmetadepsspecht_is_subtargetconfig
2020-01-20 15:20:56.409492 | > DO_CALL (0.001s wait)
.2020-01-20 15:20:56.415700 | eval'd: drake::cmq_buildtargetmetadepsspecht_is_subtargetconfig
2020-01-20 15:20:57.557468 | > DO_CALL (0.001s wait)
.2020-01-20 15:20:57.563391 | eval'd: drake::cmq_buildtargetmetadepsspecht_is_subtargetconfig
2020-01-20 15:20:58.691389 | > DO_CALL (0.001s wait)
.2020-01-20 15:20:58.697466 | eval'd: drake::cmq_buildtargetmetadepsspecht_is_subtargetconfig
2020-01-20 15:20:59.829389 | > DO_CALL (0.001s wait)
.2020-01-20 15:20:59.835259 | eval'd: drake::cmq_buildtargetmetadepsspecht_is_subtargetconfig
2020-01-20 15:21:00.989313 | > DO_CALL (0.001s wait)
.2020-01-20 15:21:00.994621 | eval'd: drake::cmq_buildtargetmetadepsspecht_is_subtargetconfig
2020-01-20 15:21:03.160402 | > DO_CALL (0.001s wait)
.2020-01-20 15:21:03.166625 | eval'd: drake::cmq_buildtargetmetadepsspecht_is_subtargetconfig
2020-01-20 15:21:04.305457 | > DO_CALL (0.001s wait)
.2020-01-20 15:21:04.311470 | eval'd: drake::cmq_buildtargetmetadepsspecht_is_subtargetconfig
2020-01-20 15:21:05.425701 | > DO_CALL (0.000s wait)
.2020-01-20 15:21:05.430044 | eval'd: drake::cmq_buildtargetmetadepsspecht_is_subtargetconfig
2020-01-20 15:21:06.564438 | > DO_CALL (0.001s wait)
.2020-01-20 15:21:06.570322 | eval'd: drake::cmq_buildtargetmetadepsspecht_is_subtargetconfig
2020-01-20 15:21:07.658469 | > DO_CALL (0.001s wait)
.2020-01-20 15:21:07.663982 | eval'd: drake::cmq_buildtargetmetadepsspecht_is_subtargetconfig
2020-01-20 15:21:09.869390 | > DO_CALL (0.001s wait)
.2020-01-20 15:21:09.874872 | eval'd: drake::cmq_buildtargetmetadepsspecht_is_subtargetconfig
2020-01-20 15:21:10.997601 | > DO_CALL (0.001s wait)
.2020-01-20 15:21:11.003844 | eval'd: drake::cmq_buildtargetmetadepsspecht_is_subtargetconfig
2020-01-20 15:21:12.100543 | > DO_CALL (0.001s wait)
.2020-01-20 15:21:12.106470 | eval'd: drake::cmq_buildtargetmetadepsspecht_is_subtargetconfig
2020-01-20 15:21:13.209571 | > DO_CALL (0.001s wait)
.2020-01-20 15:21:13.215567 | eval'd: drake::cmq_buildtargetmetadepsspecht_is_subtargetconfig
2020-01-20 15:21:15.410458 | > DO_CALL (0.001s wait)
.2020-01-20 15:21:15.415849 | eval'd: drake::cmq_buildtargetmetadepsspecht_is_subtargetconfig
2020-01-20 15:21:16.529547 | > DO_CALL (0.001s wait)
.2020-01-20 15:21:16.535787 | eval'd: drake::cmq_buildtargetmetadepsspecht_is_subtargetconfig
2020-01-20 15:21:17.635524 | > DO_CALL (0.001s wait)
.2020-01-20 15:21:17.641722 | eval'd: drake::cmq_buildtargetmetadepsspecht_is_subtargetconfig
2020-01-20 15:21:18.731351 | > DO_CALL (0.001s wait)
.2020-01-20 15:21:18.736700 | eval'd: drake::cmq_buildtargetmetadepsspecht_is_subtargetconfig
2020-01-20 15:21:19.866579 | > DO_CALL (0.001s wait)
.2020-01-20 15:21:19.872597 | eval'd: drake::cmq_buildtargetmetadepsspecht_is_subtargetconfig
2020-01-20 15:21:22.066526 | > DO_CALL (0.001s wait)
.2020-01-20 15:21:22.072644 | eval'd: drake::cmq_buildtargetmetadepsspecht_is_subtargetconfig
2020-01-20 15:21:23.191546 | > DO_CALL (0.001s wait)
.2020-01-20 15:21:23.197724 | eval'd: drake::cmq_buildtargetmetadepsspecht_is_subtargetconfig
2020-01-20 15:21:24.335548 | > DO_CALL (0.001s wait)
.2020-01-20 15:21:24.341798 | eval'd: drake::cmq_buildtargetmetadepsspecht_is_subtargetconfig
2020-01-20 15:21:25.468538 | > DO_CALL (0.001s wait)
.2020-01-20 15:21:25.474338 | eval'd: drake::cmq_buildtargetmetadepsspecht_is_subtargetconfig
2020-01-20 15:21:27.645523 | > DO_CALL (0.001s wait)
.2020-01-20 15:21:27.651504 | eval'd: drake::cmq_buildtargetmetadepsspecht_is_subtargetconfig
2020-01-20 15:21:28.790445 | > DO_CALL (0.001s wait)
.
2020-01-20 15:21:28.796246 | eval'd: drake::cmq_buildtargetmetadepsspecht_is_subtargetconfig
2020-01-20 15:21:29.941422 | > DO_CALL (0.001s wait)
.2020-01-20 15:21:29.946862 | eval'd: drake::cmq_buildtargetmetadepsspecht_is_subtargetconfig
2020-01-20 15:21:31.061458 | > DO_CALL (0.001s wait)
.2020-01-20 15:21:31.067569 | eval'd: drake::cmq_buildtargetmetadepsspecht_is_subtargetconfig
2020-01-20 15:21:32.195496 | > DO_CALL (0.001s wait)
.2020-01-20 15:21:32.201675 | eval'd: drake::cmq_buildtargetmetadepsspecht_is_subtargetconfig
2020-01-20 15:21:34.425445 | > DO_CALL (0.001s wait)
.2020-01-20 15:21:34.431484 | eval'd: drake::cmq_buildtargetmetadepsspecht_is_subtargetconfig
2020-01-20 15:21:35.595454 | > DO_CALL (0.001s wait)
.2020-01-20 15:21:35.601366 | eval'd: drake::cmq_buildtargetmetadepsspecht_is_subtargetconfig
2020-01-20 15:21:36.732459 | > DO_CALL (0.001s wait)
.2020-01-20 15:21:36.738128 | eval'd: drake::cmq_buildtargetmetadepsspecht_is_subtargetconfig
2020-01-20 15:21:37.896405 | > DO_CALL (0.001s wait)
.2020-01-20 15:21:37.902696 | eval'd: drake::cmq_buildtargetmetadepsspecht_is_subtargetconfig
2020-01-20 15:21:39.052474 | > DO_CALL (0.001s wait)
.2020-01-20 15:21:39.058563 | eval'd: drake::cmq_buildtargetmetadepsspecht_is_subtargetconfig
2020-01-20 15:21:41.241505 | > DO_CALL (0.001s wait)
.2020-01-20 15:21:41.247568 | eval'd: drake::cmq_buildtargetmetadepsspecht_is_subtargetconfig
2020-01-20 15:21:42.405420 | > DO_CALL (0.001s wait)
.2020-01-20 15:21:42.411514 | eval'd: drake::cmq_buildtargetmetadepsspecht_is_subtargetconfig
2020-01-20 15:21:43.558466 | > DO_CALL (0.001s wait)
.2020-01-20 15:21:43.564536 | eval'd: drake::cmq_buildtargetmetadepsspecht_is_subtargetconfig
2020-01-20 15:21:44.728284 | > DO_CALL (0.001s wait)
.2020-01-20 15:21:44.733925 | eval'd: drake::cmq_buildtargetmetadepsspecht_is_subtargetconfig
2020-01-20 15:21:46.957394 | > DO_CALL (0.001s wait)
.2020-01-20 15:21:46.963099 | eval'd: drake::cmq_buildtargetmetadepsspecht_is_subtargetconfig
2020-01-20 15:21:48.117390 | > DO_CALL (0.001s wait)
.2020-01-20 15:21:48.122815 | eval'd: drake::cmq_buildtargetmetadepsspecht_is_subtargetconfig
2020-01-20 15:21:49.287441 | > DO_CALL (0.001s wait)
.2020-01-20 15:21:49.292918 | eval'd: drake::cmq_buildtargetmetadepsspecht_is_subtargetconfig
2020-01-20 15:21:50.434531 | > DO_CALL (0.001s wait)
.2020-01-20 15:21:50.440406 | eval'd: drake::cmq_buildtargetmetadepsspecht_is_subtargetconfig
2020-01-20 15:21:51.588404 | > DO_CALL (0.001s wait)
.2020-01-20 15:21:51.594044 | eval'd: drake::cmq_buildtargetmetadepsspecht_is_subtargetconfig
2020-01-20 15:21:53.804435 | > DO_CALL (0.001s wait)
.2020-01-20 15:21:53.810155 | eval'd: drake::cmq_buildtargetmetadepsspecht_is_subtargetconfig
2020-01-20 15:21:54.936608 | > DO_CALL (0.000s wait)
.2020-01-20 15:21:54.941357 | eval'd: drake::cmq_buildtargetmetadepsspecht_is_subtargetconfig
2020-01-20 15:21:56.074673 | > DO_CALL (0.001s wait)
.2020-01-20 15:21:56.080675 | eval'd: drake::cmq_buildtargetmetadepsspecht_is_subtargetconfig
2020-01-20 15:21:57.221422 | > DO_CALL (0.001s wait)
.2020-01-20 15:21:57.226896 | eval'd: drake::cmq_buildtargetmetadepsspecht_is_subtargetconfig
2020-01-20 15:21:59.615614 | > DO_CALL (0.001s wait)
.2020-01-20 15:21:59.621955 | eval'd: drake::cmq_buildtargetmetadepsspecht_is_subtargetconfig
2020-01-20 15:22:00.793639 | > DO_CALL (0.001s wait)
.2020-01-20 15:22:00.799757 | eval'd: drake::cmq_buildtargetmetadepsspecht_is_subtargetconfig
2020-01-20 15:22:01.916581 | > DO_CALL (0.001s wait)
.2020-01-20 15:22:01.922650 | eval'd: drake::cmq_buildtargetmetadepsspecht_is_subtargetconfig
2020-01-20 15:22:03.061522 | > DO_CALL (0.001s wait)
.2020-01-20 15:22:03.067300 | eval'd: drake::cmq_buildtargetmetadepsspecht_is_subtargetconfig
2020-01-20 15:22:04.164601 | > DO_CALL (0.001s wait)
.2020-01-20 15:22:04.170712 | eval'd: drake::cmq_buildtargetmetadepsspecht_is_subtargetconfig
2020-01-20 15:22:06.592095 | > DO_CALL (0.001s wait)
.2020-01-20 15:22:06.597396 | eval'd: drake::cmq_buildtargetmetadepsspecht_is_subtargetconfig
2020-01-20 15:22:07.753584 | > DO_CALL (0.001s wait)
.2020-01-20 15:22:07.759516 | eval'd: drake::cmq_buildtargetmetadepsspecht_is_subtargetconfig
2020-01-20 15:22:08.894579 | > DO_CALL (0.001s wait)
.2020-01-20 15:22:08.900283 | eval'd: drake::cmq_buildtargetmetadepsspecht_is_subtargetconfig
2020-01-20 15:22:10.009631 | > DO_CALL (0.001s wait)
.2020-01-20 15:22:10.015786 | eval'd: drake::cmq_buildtargetmetadepsspecht_is_subtargetconfig
2020-01-20 15:22:11.108608 | > DO_CALL (0.001s wait)
.2020-01-20 15:22:11.114653 | eval'd: drake::cmq_buildtargetmetadepsspecht_is_subtargetconfig
2020-01-20 15:22:13.526649 | > DO_CALL (0.001s wait)
.2020-01-20 15:22:13.532783 | eval'd: drake::cmq_buildtargetmetadepsspecht_is_subtargetconfig
2020-01-20 15:22:14.649538 | > DO_CALL (0.001s wait)
.2020-01-20 15:22:14.655476 | eval'd: drake::cmq_buildtargetmetadepsspecht_is_subtargetconfig
2020-01-20 15:22:15.796616 | > DO_CALL (0.001s wait)
.2020-01-20 15:22:15.802787 | eval'd: drake::cmq_buildtargetmetadepsspecht_is_subtargetconfig
2020-01-20 15:22:17.011127 | > DO_CALL (0.022s wait)
.2020-01-20 15:22:18.086679 | eval'd: drake::cmq_buildtargetmetadepsspecht_is_subtargetconfig
2020-01-20 15:22:18.943443 | > DO_CALL (0.001s wait)
.2020-01-20 15:22:18.949442 | eval'd: drake::cmq_buildtargetmetadepsspecht_is_subtargetconfig
2020-01-20 15:22:32.491510 | > DO_CALL (0.008s wait)
.2020-01-20 15:22:32.525484 | eval'd: drake::cmq_buildtargetmetadepsspecht_is_subtargetconfig
2020-01-20 15:22:32.645411 | > DO_CALL (0.001s wait)
.2020-01-20 15:22:32.647749 | eval'd: drake::cmq_buildtargetmetadepsspecht_is_subtargetconfig
2020-01-20 15:22:32.728204 | > WORKER_WAIT (0.000s wait)
2020-01-20 15:22:32.728697 | waiting 0.75s
2020-01-20 15:26:40.902096 | > WORKER_STOP (0.000s wait)
2020-01-20 15:26:40.905421 | shutting down worker
2020-01-20 15:26:43.630373 | 
Total: 481 in 5084.70s [user], 585.85s [system], 19306.79s [elapsed]
