2020-01-21 10:48:11.715072 | Master: tcp://c24a-s1:7958
2020-01-21 10:48:11.733653 | WORKER_UP to: tcp://c24a-s1:7958
2020-01-21 10:48:16.222870 | > DO_SETUP (2.793s wait)
2020-01-21 10:48:16.223835 | token from msg: set_common_data_token
2020-01-21 10:48:16.836610 | > DO_CALL (0.001s wait)
.* Option 'clustermq.scheduler' not set, defaulting to ‘SLURM’
--- see: https://mschubert.github.io/clustermq/articles/userguide.html#configuration
2020-01-21 10:48:17.015369 | eval'd: drake::cmq_buildtargetmetadepsspecht_is_subtargetconfig
2020-01-21 10:48:20.987330 | > DO_CALL (0.000s wait)
.2020-01-21 10:48:21.285511 | eval'd: drake::cmq_buildtargetmetadepsspecht_is_subtargetconfig
2020-01-21 10:48:27.933061 | > DO_CALL (0.001s wait)
.2020-01-21 10:48:27.938745 | eval'd: drake::cmq_buildtargetmetadepsspecht_is_subtargetconfig
2020-01-21 10:48:34.951822 | > DO_CALL (0.001s wait)
.2020-01-21 10:48:34.957461 | eval'd: drake::cmq_buildtargetmetadepsspecht_is_subtargetconfig
2020-01-21 10:48:41.305629 | > DO_CALL (0.001s wait)
.2020-01-21 10:48:41.310523 | eval'd: drake::cmq_buildtargetmetadepsspecht_is_subtargetconfig
2020-01-21 10:48:48.083472 | > DO_CALL (0.000s wait)
.2020-01-21 10:48:48.088351 | eval'd: drake::cmq_buildtargetmetadepsspecht_is_subtargetconfig
2020-01-21 10:48:54.389673 | > DO_CALL (0.001s wait)
.2020-01-21 10:48:54.394388 | eval'd: drake::cmq_buildtargetmetadepsspecht_is_subtargetconfig
2020-01-21 10:49:01.804364 | > DO_CALL (0.000s wait)
.2020-01-21 10:49:01.808751 | eval'd: drake::cmq_buildtargetmetadepsspecht_is_subtargetconfig
2020-01-21 10:49:09.171422 | > DO_CALL (0.000s wait)
.2020-01-21 10:49:09.176247 | eval'd: drake::cmq_buildtargetmetadepsspecht_is_subtargetconfig
2020-01-21 10:49:17.504005 | > DO_CALL (0.001s wait)
.2020-01-21 10:49:17.509153 | eval'd: drake::cmq_buildtargetmetadepsspecht_is_subtargetconfig
2020-01-21 10:49:23.951319 | > DO_CALL (0.000s wait)
.2020-01-21 10:49:23.955735 | eval'd: drake::cmq_buildtargetmetadepsspecht_is_subtargetconfig
2020-01-21 10:49:29.686974 | > DO_CALL (0.001s wait)
.2020-01-21 10:49:29.692014 | eval'd: drake::cmq_buildtargetmetadepsspecht_is_subtargetconfig
2020-01-21 10:49:36.035132 | > DO_CALL (0.000s wait)
.2020-01-21 10:49:36.039153 | eval'd: drake::cmq_buildtargetmetadepsspecht_is_subtargetconfig
2020-01-21 10:49:42.435667 | > DO_CALL (0.001s wait)
.2020-01-21 10:49:42.440405 | eval'd: drake::cmq_buildtargetmetadepsspecht_is_subtargetconfig
2020-01-21 10:49:48.959193 | > DO_CALL (0.000s wait)
.2020-01-21 10:49:48.963741 | eval'd: drake::cmq_buildtargetmetadepsspecht_is_subtargetconfig
2020-01-21 10:49:55.235921 | > DO_CALL (0.001s wait)
.2020-01-21 10:49:55.241291 | eval'd: drake::cmq_buildtargetmetadepsspecht_is_subtargetconfig
2020-01-21 10:50:01.562983 | > DO_CALL (0.001s wait)
.2020-01-21 10:50:01.567990 | eval'd: drake::cmq_buildtargetmetadepsspecht_is_subtargetconfig
2020-01-21 10:50:06.577264 | > DO_CALL (0.001s wait)
.2020-01-21 10:50:06.583532 | eval'd: drake::cmq_buildtargetmetadepsspecht_is_subtargetconfig
2020-01-21 10:50:12.220176 | > DO_CALL (0.000s wait)
.2020-01-21 10:50:12.224170 | eval'd: drake::cmq_buildtargetmetadepsspecht_is_subtargetconfig
2020-01-21 10:50:19.358554 | > DO_CALL (0.001s wait)
.2020-01-21 10:50:19.363543 | eval'd: drake::cmq_buildtargetmetadepsspecht_is_subtargetconfig
2020-01-21 10:50:24.506949 | > DO_CALL (0.001s wait)
.2020-01-21 10:50:24.512456 | eval'd: drake::cmq_buildtargetmetadepsspecht_is_subtargetconfig
2020-01-21 10:50:29.603786 | > DO_CALL (0.001s wait)
.2020-01-21 10:50:29.608782 | eval'd: drake::cmq_buildtargetmetadepsspecht_is_subtargetconfig
2020-01-21 10:50:36.085153 | > DO_CALL (0.000s wait)
.2020-01-21 10:50:36.089173 | eval'd: drake::cmq_buildtargetmetadepsspecht_is_subtargetconfig
2020-01-21 10:50:42.261076 | > DO_CALL (0.000s wait)
.2020-01-21 10:50:42.264993 | eval'd: drake::cmq_buildtargetmetadepsspecht_is_subtargetconfig
2020-01-21 10:50:47.728137 | > DO_CALL (0.000s wait)
.2020-01-21 10:50:47.732701 | eval'd: drake::cmq_buildtargetmetadepsspecht_is_subtargetconfig
2020-01-21 10:50:53.218099 | > DO_CALL (0.001s wait)
.2020-01-21 10:50:53.223621 | eval'd: drake::cmq_buildtargetmetadepsspecht_is_subtargetconfig
2020-01-21 10:50:58.280774 | > DO_CALL (0.001s wait)
.2020-01-21 10:50:58.286241 | eval'd: drake::cmq_buildtargetmetadepsspecht_is_subtargetconfig
2020-01-21 10:51:03.985120 | > DO_CALL (0.001s wait)
.2020-01-21 10:51:03.990737 | eval'd: drake::cmq_buildtargetmetadepsspecht_is_subtargetconfig
2020-01-21 10:51:09.575082 | > DO_CALL (0.001s wait)
.2020-01-21 10:51:09.580940 | eval'd: drake::cmq_buildtargetmetadepsspecht_is_subtargetconfig
2020-01-21 10:51:15.782110 | > DO_CALL (0.000s wait)
.2020-01-21 10:51:15.786117 | eval'd: drake::cmq_buildtargetmetadepsspecht_is_subtargetconfig
2020-01-21 10:51:22.152182 | > DO_CALL (0.000s wait)
.2020-01-21 10:51:22.156324 | eval'd: drake::cmq_buildtargetmetadepsspecht_is_subtargetconfig
2020-01-21 10:51:27.566780 | > DO_CALL (0.001s wait)
.2020-01-21 10:51:27.572995 | eval'd: drake::cmq_buildtargetmetadepsspecht_is_subtargetconfig
2020-01-21 10:51:32.905840 | > DO_CALL (0.001s wait)
.2020-01-21 10:51:32.912153 | eval'd: drake::cmq_buildtargetmetadepsspecht_is_subtargetconfig
2020-01-21 10:51:37.128289 | > DO_CALL (0.000s wait)
.2020-01-21 10:51:37.133716 | eval'd: drake::cmq_buildtargetmetadepsspecht_is_subtargetconfig
2020-01-21 10:51:42.225517 | > DO_CALL (0.000s wait)
.2020-01-21 10:51:42.230939 | eval'd: drake::cmq_buildtargetmetadepsspecht_is_subtargetconfig
2020-01-21 10:51:47.032104 | > DO_CALL (0.001s wait)
.2020-01-21 10:51:47.039934 | eval'd: drake::cmq_buildtargetmetadepsspecht_is_subtargetconfig
2020-01-21 10:51:52.394785 | > DO_CALL (0.001s wait)
.2020-01-21 10:51:52.400907 | eval'd: drake::cmq_buildtargetmetadepsspecht_is_subtargetconfig
2020-01-21 10:51:57.778100 | > DO_CALL (0.000s wait)
.2020-01-21 10:51:57.783151 | eval'd: drake::cmq_buildtargetmetadepsspecht_is_subtargetconfig
2020-01-21 10:52:02.461702 | > DO_CALL (0.001s wait)
.2020-01-21 10:52:02.467397 | eval'd: drake::cmq_buildtargetmetadepsspecht_is_subtargetconfig
2020-01-21 10:52:07.892766 | > DO_CALL (0.001s wait)
.2020-01-21 10:52:07.899311 | eval'd: drake::cmq_buildtargetmetadepsspecht_is_subtargetconfig
2020-01-21 10:52:13.171778 | > DO_CALL (0.001s wait)
.2020-01-21 10:52:13.177727 | eval'd: drake::cmq_buildtargetmetadepsspecht_is_subtargetconfig
2020-01-21 10:52:17.825563 | > DO_CALL (0.001s wait)
.2020-01-21 10:52:17.831505 | eval'd: drake::cmq_buildtargetmetadepsspecht_is_subtargetconfig
2020-01-21 10:52:24.685379 | > DO_CALL (0.000s wait)
.2020-01-21 10:52:24.690545 | eval'd: drake::cmq_buildtargetmetadepsspecht_is_subtargetconfig
2020-01-21 10:52:29.794996 | > DO_CALL (0.001s wait)
.2020-01-21 10:52:29.801344 | eval'd: drake::cmq_buildtargetmetadepsspecht_is_subtargetconfig
2020-01-21 10:52:35.562678 | > DO_CALL (0.001s wait)
.2020-01-21 10:52:35.568916 | eval'd: drake::cmq_buildtargetmetadepsspecht_is_subtargetconfig
2020-01-21 10:52:40.305155 | > DO_CALL (0.001s wait)
.2020-01-21 10:52:40.311858 | eval'd: drake::cmq_buildtargetmetadepsspecht_is_subtargetconfig
2020-01-21 10:52:44.967933 | > DO_CALL (0.001s wait)
.2020-01-21 10:52:44.974657 | eval'd: drake::cmq_buildtargetmetadepsspecht_is_subtargetconfig
2020-01-21 10:52:49.563728 | > DO_CALL (0.001s wait)
.2020-01-21 10:52:49.569898 | eval'd: drake::cmq_buildtargetmetadepsspecht_is_subtargetconfig
2020-01-21 10:52:54.221696 | > DO_CALL (0.001s wait)
.2020-01-21 10:52:54.227928 | eval'd: drake::cmq_buildtargetmetadepsspecht_is_subtargetconfig
2020-01-21 10:52:58.754719 | > DO_CALL (0.001s wait)
.2020-01-21 10:52:58.761121 | eval'd: drake::cmq_buildtargetmetadepsspecht_is_subtargetconfig
2020-01-21 10:53:03.573029 | > DO_CALL (0.000s wait)
.2020-01-21 10:53:03.577865 | eval'd: drake::cmq_buildtargetmetadepsspecht_is_subtargetconfig
2020-01-21 10:53:08.139133 | > DO_CALL (0.001s wait)
.2020-01-21 10:53:08.146455 | eval'd: drake::cmq_buildtargetmetadepsspecht_is_subtargetconfig
2020-01-21 10:53:13.106201 | > DO_CALL (0.000s wait)
.2020-01-21 10:53:13.111042 | eval'd: drake::cmq_buildtargetmetadepsspecht_is_subtargetconfig
2020-01-21 10:53:17.401363 | > DO_CALL (0.000s wait)
.2020-01-21 10:53:17.407349 | eval'd: drake::cmq_buildtargetmetadepsspecht_is_subtargetconfig
2020-01-21 10:53:21.959104 | > DO_CALL (0.000s wait)
.2020-01-21 10:53:21.964115 | eval'd: drake::cmq_buildtargetmetadepsspecht_is_subtargetconfig
2020-01-21 10:53:28.828994 | > DO_CALL (0.001s wait)
.
2020-01-21 10:53:28.836034 | eval'd: drake::cmq_buildtargetmetadepsspecht_is_subtargetconfig
2020-01-21 10:53:33.485133 | > DO_CALL (0.001s wait)
.2020-01-21 10:53:33.491890 | eval'd: drake::cmq_buildtargetmetadepsspecht_is_subtargetconfig
2020-01-21 10:53:38.135952 | > DO_CALL (0.001s wait)
.2020-01-21 10:53:38.142385 | eval'd: drake::cmq_buildtargetmetadepsspecht_is_subtargetconfig
2020-01-21 10:53:42.791860 | > DO_CALL (0.001s wait)
.2020-01-21 10:53:42.798083 | eval'd: drake::cmq_buildtargetmetadepsspecht_is_subtargetconfig
2020-01-21 10:53:47.113901 | > DO_CALL (0.001s wait)
.2020-01-21 10:53:47.120688 | eval'd: drake::cmq_buildtargetmetadepsspecht_is_subtargetconfig
2020-01-21 10:53:51.903069 | > DO_CALL (0.000s wait)
.2020-01-21 10:53:51.907666 | eval'd: drake::cmq_buildtargetmetadepsspecht_is_subtargetconfig
2020-01-21 10:53:55.870843 | > DO_CALL (0.001s wait)
.2020-01-21 10:53:55.877640 | eval'd: drake::cmq_buildtargetmetadepsspecht_is_subtargetconfig
2020-01-21 10:53:59.988409 | > DO_CALL (0.000s wait)
.2020-01-21 10:53:59.993727 | eval'd: drake::cmq_buildtargetmetadepsspecht_is_subtargetconfig
2020-01-21 10:54:04.730656 | > DO_CALL (0.001s wait)
.2020-01-21 10:54:04.736931 | eval'd: drake::cmq_buildtargetmetadepsspecht_is_subtargetconfig
2020-01-21 10:54:08.915571 | > DO_CALL (0.001s wait)
.2020-01-21 10:54:08.921162 | eval'd: drake::cmq_buildtargetmetadepsspecht_is_subtargetconfig
2020-01-21 10:54:13.849054 | > DO_CALL (0.000s wait)
.2020-01-21 10:54:13.853732 | eval'd: drake::cmq_buildtargetmetadepsspecht_is_subtargetconfig
2020-01-21 10:54:18.008733 | > DO_CALL (0.001s wait)
.2020-01-21 10:54:18.014812 | eval'd: drake::cmq_buildtargetmetadepsspecht_is_subtargetconfig
2020-01-21 10:54:22.339309 | > DO_CALL (0.000s wait)
.2020-01-21 10:54:22.344569 | eval'd: drake::cmq_buildtargetmetadepsspecht_is_subtargetconfig
2020-01-21 10:54:28.683933 | > DO_CALL (0.001s wait)
.2020-01-21 10:54:28.724155 | eval'd: drake::cmq_buildtargetmetadepsspecht_is_subtargetconfig
2020-01-21 10:54:33.973172 | > DO_CALL (0.000s wait)
.2020-01-21 10:54:33.978043 | eval'd: drake::cmq_buildtargetmetadepsspecht_is_subtargetconfig
2020-01-21 10:54:38.212650 | > DO_CALL (0.001s wait)
.2020-01-21 10:54:38.219292 | eval'd: drake::cmq_buildtargetmetadepsspecht_is_subtargetconfig
2020-01-21 10:54:42.408366 | > DO_CALL (0.001s wait)
.2020-01-21 10:54:42.415016 | eval'd: drake::cmq_buildtargetmetadepsspecht_is_subtargetconfig
2020-01-21 10:54:46.546602 | > DO_CALL (0.001s wait)
.2020-01-21 10:54:46.552692 | eval'd: drake::cmq_buildtargetmetadepsspecht_is_subtargetconfig
2020-01-21 10:54:50.454077 | > DO_CALL (0.000s wait)
.2020-01-21 10:54:50.471447 | eval'd: drake::cmq_buildtargetmetadepsspecht_is_subtargetconfig
2020-01-21 10:54:54.329937 | > DO_CALL (0.001s wait)
.2020-01-21 10:54:54.335366 | eval'd: drake::cmq_buildtargetmetadepsspecht_is_subtargetconfig
2020-01-21 10:54:58.589010 | > DO_CALL (0.000s wait)
.2020-01-21 10:54:58.593033 | eval'd: drake::cmq_buildtargetmetadepsspecht_is_subtargetconfig
2020-01-21 10:55:02.714767 | > DO_CALL (0.001s wait)
.2020-01-21 10:55:02.719687 | eval'd: drake::cmq_buildtargetmetadepsspecht_is_subtargetconfig
2020-01-21 10:55:07.041029 | > DO_CALL (0.000s wait)
.2020-01-21 10:55:07.045885 | eval'd: drake::cmq_buildtargetmetadepsspecht_is_subtargetconfig
2020-01-21 10:55:11.215872 | > DO_CALL (0.001s wait)
.2020-01-21 10:55:11.220980 | eval'd: drake::cmq_buildtargetmetadepsspecht_is_subtargetconfig
2020-01-21 10:55:15.201017 | > DO_CALL (0.001s wait)
.2020-01-21 10:55:15.206728 | eval'd: drake::cmq_buildtargetmetadepsspecht_is_subtargetconfig
2020-01-21 10:55:19.110904 | > DO_CALL (0.000s wait)
.2020-01-21 10:55:19.114771 | eval'd: drake::cmq_buildtargetmetadepsspecht_is_subtargetconfig
2020-01-21 10:55:23.122002 | > DO_CALL (0.000s wait)
.2020-01-21 10:55:23.126082 | eval'd: drake::cmq_buildtargetmetadepsspecht_is_subtargetconfig
2020-01-21 10:55:27.122016 | > DO_CALL (0.001s wait)
.2020-01-21 10:55:27.127909 | eval'd: drake::cmq_buildtargetmetadepsspecht_is_subtargetconfig
2020-01-21 10:55:33.807776 | > DO_CALL (0.001s wait)
.2020-01-21 10:55:33.812784 | eval'd: drake::cmq_buildtargetmetadepsspecht_is_subtargetconfig
2020-01-21 10:55:38.465810 | > DO_CALL (0.001s wait)
.2020-01-21 10:55:38.470905 | eval'd: drake::cmq_buildtargetmetadepsspecht_is_subtargetconfig
2020-01-21 10:55:42.999475 | > DO_CALL (0.000s wait)
.2020-01-21 10:55:43.004184 | eval'd: drake::cmq_buildtargetmetadepsspecht_is_subtargetconfig
2020-01-21 10:55:46.967099 | > DO_CALL (0.000s wait)
.2020-01-21 10:55:46.972048 | eval'd: drake::cmq_buildtargetmetadepsspecht_is_subtargetconfig
2020-01-21 10:55:50.865585 | > DO_CALL (0.001s wait)
.2020-01-21 10:55:50.870636 | eval'd: drake::cmq_buildtargetmetadepsspecht_is_subtargetconfig
2020-01-21 10:55:55.165645 | > DO_CALL (0.001s wait)
.2020-01-21 10:55:55.171040 | eval'd: drake::cmq_buildtargetmetadepsspecht_is_subtargetconfig
2020-01-21 10:55:58.778548 | > DO_CALL (0.001s wait)
.2020-01-21 10:55:58.783335 | eval'd: drake::cmq_buildtargetmetadepsspecht_is_subtargetconfig
2020-01-21 10:56:02.724641 | > DO_CALL (0.001s wait)
.2020-01-21 10:56:02.729519 | eval'd: drake::cmq_buildtargetmetadepsspecht_is_subtargetconfig
2020-01-21 10:56:06.762962 | > DO_CALL (0.000s wait)
.2020-01-21 10:56:06.767024 | eval'd: drake::cmq_buildtargetmetadepsspecht_is_subtargetconfig
2020-01-21 10:56:10.940890 | > DO_CALL (0.000s wait)
.2020-01-21 10:56:10.944773 | eval'd: drake::cmq_buildtargetmetadepsspecht_is_subtargetconfig
2020-01-21 10:56:15.013043 | > DO_CALL (0.000s wait)
.2020-01-21 10:56:15.017628 | eval'd: drake::cmq_buildtargetmetadepsspecht_is_subtargetconfig
2020-01-21 10:56:19.819155 | > DO_CALL (0.000s wait)
.2020-01-21 10:56:19.823459 | eval'd: drake::cmq_buildtargetmetadepsspecht_is_subtargetconfig
2020-01-21 10:56:23.799510 | > DO_CALL (0.000s wait)
.2020-01-21 10:56:23.804246 | eval'd: drake::cmq_buildtargetmetadepsspecht_is_subtargetconfig
2020-01-21 10:56:27.827973 | > DO_CALL (0.000s wait)
.2020-01-21 10:56:27.832069 | eval'd: drake::cmq_buildtargetmetadepsspecht_is_subtargetconfig
2020-01-21 10:56:32.262862 | > DO_CALL (0.000s wait)
.2020-01-21 10:56:32.266765 | eval'd: drake::cmq_buildtargetmetadepsspecht_is_subtargetconfig
2020-01-21 10:56:38.259875 | > DO_CALL (0.000s wait)
.2020-01-21 10:56:38.264480 | eval'd: drake::cmq_buildtargetmetadepsspecht_is_subtargetconfig
2020-01-21 10:56:42.181237 | > DO_CALL (0.000s wait)
.2020-01-21 10:56:42.185585 | eval'd: drake::cmq_buildtargetmetadepsspecht_is_subtargetconfig
2020-01-21 10:56:47.090105 | > DO_CALL (0.000s wait)
.2020-01-21 10:56:47.094822 | eval'd: drake::cmq_buildtargetmetadepsspecht_is_subtargetconfig
2020-01-21 10:56:50.821615 | > DO_CALL (0.001s wait)
.2020-01-21 10:56:50.826462 | eval'd: drake::cmq_buildtargetmetadepsspecht_is_subtargetconfig
2020-01-21 10:56:54.605951 | > DO_CALL (0.001s wait)
.2020-01-21 10:56:54.611196 | eval'd: drake::cmq_buildtargetmetadepsspecht_is_subtargetconfig
2020-01-21 10:56:58.684127 | > DO_CALL (0.000s wait)
.2020-01-21 10:56:58.688757 | eval'd: drake::cmq_buildtargetmetadepsspecht_is_subtargetconfig
2020-01-21 10:57:03.274223 | > DO_CALL (0.000s wait)
.2020-01-21 10:57:03.278903 | eval'd: drake::cmq_buildtargetmetadepsspecht_is_subtargetconfig
2020-01-21 10:57:07.675152 | > DO_CALL (0.000s wait)
.2020-01-21 10:57:07.680285 | eval'd: drake::cmq_buildtargetmetadepsspecht_is_subtargetconfig
2020-01-21 10:57:11.637935 | > DO_CALL (0.000s wait)
.2020-01-21 10:57:11.642179 | eval'd: drake::cmq_buildtargetmetadepsspecht_is_subtargetconfig
2020-01-21 10:57:15.753775 | > DO_CALL (0.001s wait)
.2020-01-21 10:57:15.759700 | eval'd: drake::cmq_buildtargetmetadepsspecht_is_subtargetconfig
2020-01-21 10:57:19.850884 | > DO_CALL (0.000s wait)
.2020-01-21 10:57:19.854912 | eval'd: drake::cmq_buildtargetmetadepsspecht_is_subtargetconfig
2020-01-21 10:57:24.419865 | > DO_CALL (0.001s wait)
.2020-01-21 10:57:24.425313 | eval'd: drake::cmq_buildtargetmetadepsspecht_is_subtargetconfig
2020-01-21 10:57:28.675364 | > DO_CALL (0.000s wait)
.2020-01-21 10:57:28.680056 | eval'd: drake::cmq_buildtargetmetadepsspecht_is_subtargetconfig
2020-01-21 10:57:32.452883 | > DO_CALL (0.000s wait)
.2020-01-21 10:57:32.456901 | eval'd: drake::cmq_buildtargetmetadepsspecht_is_subtargetconfig
2020-01-21 10:57:36.281902 | > DO_CALL (0.000s wait)
.2020-01-21 10:57:36.286407 | eval'd: drake::cmq_buildtargetmetadepsspecht_is_subtargetconfig
2020-01-21 10:57:42.620839 | > DO_CALL (0.000s wait)
.2020-01-21 10:57:42.624941 | eval'd: drake::cmq_buildtargetmetadepsspecht_is_subtargetconfig
2020-01-21 10:57:46.582875 | > DO_CALL (0.000s wait)
.2020-01-21 10:57:46.587314 | eval'd: drake::cmq_buildtargetmetadepsspecht_is_subtargetconfig
2020-01-21 10:57:50.490294 | > DO_CALL (0.000s wait)
.2020-01-21 10:57:50.494912 | eval'd: drake::cmq_buildtargetmetadepsspecht_is_subtargetconfig
2020-01-21 10:57:54.757024 | > DO_CALL (0.000s wait)
.2020-01-21 10:57:54.761618 | eval'd: drake::cmq_buildtargetmetadepsspecht_is_subtargetconfig
2020-01-21 10:57:59.663854 | > DO_CALL (0.000s wait)
.2020-01-21 10:57:59.667966 | eval'd: drake::cmq_buildtargetmetadepsspecht_is_subtargetconfig
2020-01-21 10:58:03.397626 | > DO_CALL (0.001s wait)
.2020-01-21 10:58:03.402647 | eval'd: drake::cmq_buildtargetmetadepsspecht_is_subtargetconfig
2020-01-21 10:58:07.502572 | > DO_CALL (0.001s wait)
.2020-01-21 10:58:07.507804 | eval'd: drake::cmq_buildtargetmetadepsspecht_is_subtargetconfig
2020-01-21 10:58:11.393972 | > DO_CALL (0.000s wait)
.2020-01-21 10:58:11.398383 | eval'd: drake::cmq_buildtargetmetadepsspecht_is_subtargetconfig
2020-01-21 10:58:15.218493 | > DO_CALL (0.000s wait)
.2020-01-21 10:58:15.224130 | eval'd: drake::cmq_buildtargetmetadepsspecht_is_subtargetconfig
2020-01-21 10:58:18.984809 | > DO_CALL (0.001s wait)
.2020-01-21 10:58:18.989948 | eval'd: drake::cmq_buildtargetmetadepsspecht_is_subtargetconfig
2020-01-21 10:58:22.784917 | > DO_CALL (0.001s wait)
.2020-01-21 10:58:22.790488 | eval'd: drake::cmq_buildtargetmetadepsspecht_is_subtargetconfig
2020-01-21 10:58:26.941618 | > DO_CALL (0.001s wait)
.2020-01-21 10:58:26.947263 | eval'd: drake::cmq_buildtargetmetadepsspecht_is_subtargetconfig
2020-01-21 10:58:30.608022 | > DO_CALL (0.000s wait)
.2020-01-21 10:58:30.612531 | eval'd: drake::cmq_buildtargetmetadepsspecht_is_subtargetconfig
2020-01-21 10:58:34.412979 | > DO_CALL (0.000s wait)
.2020-01-21 10:58:34.417256 | eval'd: drake::cmq_buildtargetmetadepsspecht_is_subtargetconfig
2020-01-21 10:58:38.360114 | > DO_CALL (0.000s wait)
.2020-01-21 10:58:38.364537 | eval'd: drake::cmq_buildtargetmetadepsspecht_is_subtargetconfig
2020-01-21 10:58:44.413582 | > DO_CALL (0.001s wait)
.2020-01-21 10:58:44.418580 | eval'd: drake::cmq_buildtargetmetadepsspecht_is_subtargetconfig
2020-01-21 10:58:48.364764 | > DO_CALL (0.001s wait)
.2020-01-21 10:58:48.370288 | eval'd: drake::cmq_buildtargetmetadepsspecht_is_subtargetconfig
2020-01-21 10:58:52.378929 | > DO_CALL (0.000s wait)
.2020-01-21 10:58:52.383085 | eval'd: drake::cmq_buildtargetmetadepsspecht_is_subtargetconfig
2020-01-21 10:58:56.391435 | > DO_CALL (0.000s wait)
.2020-01-21 10:58:56.396680 | eval'd: drake::cmq_buildtargetmetadepsspecht_is_subtargetconfig
2020-01-21 10:59:01.340590 | > DO_CALL (0.001s wait)
.2020-01-21 10:59:01.345573 | eval'd: drake::cmq_buildtargetmetadepsspecht_is_subtargetconfig
2020-01-21 10:59:05.180475 | > DO_CALL (0.000s wait)
.2020-01-21 10:59:05.185941 | eval'd: drake::cmq_buildtargetmetadepsspecht_is_subtargetconfig
2020-01-21 10:59:09.082809 | > DO_CALL (0.001s wait)
.
2020-01-21 10:59:09.088156 | eval'd: drake::cmq_buildtargetmetadepsspecht_is_subtargetconfig
2020-01-21 10:59:13.023903 | > DO_CALL (0.000s wait)
.2020-01-21 10:59:13.028212 | eval'd: drake::cmq_buildtargetmetadepsspecht_is_subtargetconfig
2020-01-21 10:59:16.952877 | > DO_CALL (0.000s wait)
.2020-01-21 10:59:16.957158 | eval'd: drake::cmq_buildtargetmetadepsspecht_is_subtargetconfig
2020-01-21 10:59:20.855920 | > DO_CALL (0.000s wait)
.2020-01-21 10:59:20.859987 | eval'd: drake::cmq_buildtargetmetadepsspecht_is_subtargetconfig
2020-01-21 10:59:24.996708 | > DO_CALL (0.001s wait)
.2020-01-21 10:59:25.002232 | eval'd: drake::cmq_buildtargetmetadepsspecht_is_subtargetconfig
2020-01-21 10:59:29.566564 | > DO_CALL (0.001s wait)
.2020-01-21 10:59:29.571601 | eval'd: drake::cmq_buildtargetmetadepsspecht_is_subtargetconfig
2020-01-21 10:59:33.431054 | > DO_CALL (0.001s wait)
.2020-01-21 10:59:33.436171 | eval'd: drake::cmq_buildtargetmetadepsspecht_is_subtargetconfig
2020-01-21 10:59:37.226917 | > DO_CALL (0.000s wait)
.2020-01-21 10:59:37.231402 | eval'd: drake::cmq_buildtargetmetadepsspecht_is_subtargetconfig
2020-01-21 10:59:40.979174 | > DO_CALL (0.001s wait)
.2020-01-21 10:59:40.984557 | eval'd: drake::cmq_buildtargetmetadepsspecht_is_subtargetconfig
2020-01-21 10:59:46.562964 | > DO_CALL (0.001s wait)
.2020-01-21 10:59:46.569039 | eval'd: drake::cmq_buildtargetmetadepsspecht_is_subtargetconfig
2020-01-21 10:59:51.020929 | > DO_CALL (0.001s wait)
.2020-01-21 10:59:51.026443 | eval'd: drake::cmq_buildtargetmetadepsspecht_is_subtargetconfig
2020-01-21 10:59:54.860600 | > DO_CALL (0.001s wait)
.2020-01-21 10:59:54.866411 | eval'd: drake::cmq_buildtargetmetadepsspecht_is_subtargetconfig
2020-01-21 10:59:58.764045 | > DO_CALL (0.001s wait)
.2020-01-21 10:59:58.769628 | eval'd: drake::cmq_buildtargetmetadepsspecht_is_subtargetconfig
2020-01-21 11:00:02.589942 | > DO_CALL (0.001s wait)
.2020-01-21 11:00:02.607374 | eval'd: drake::cmq_buildtargetmetadepsspecht_is_subtargetconfig
2020-01-21 11:00:06.298914 | > DO_CALL (0.000s wait)
.2020-01-21 11:00:06.303433 | eval'd: drake::cmq_buildtargetmetadepsspecht_is_subtargetconfig
2020-01-21 11:00:09.787418 | > DO_CALL (0.000s wait)
.2020-01-21 11:00:09.792094 | eval'd: drake::cmq_buildtargetmetadepsspecht_is_subtargetconfig
2020-01-21 11:00:13.497330 | > DO_CALL (0.000s wait)
.2020-01-21 11:00:13.501933 | eval'd: drake::cmq_buildtargetmetadepsspecht_is_subtargetconfig
2020-01-21 11:00:17.236459 | > DO_CALL (0.000s wait)
.2020-01-21 11:00:17.241259 | eval'd: drake::cmq_buildtargetmetadepsspecht_is_subtargetconfig
2020-01-21 11:00:21.039904 | > DO_CALL (0.000s wait)
.2020-01-21 11:00:21.044000 | eval'd: drake::cmq_buildtargetmetadepsspecht_is_subtargetconfig
2020-01-21 11:00:25.043656 | > DO_CALL (0.001s wait)
.2020-01-21 11:00:25.049373 | eval'd: drake::cmq_buildtargetmetadepsspecht_is_subtargetconfig
2020-01-21 11:00:28.958140 | > DO_CALL (0.000s wait)
.2020-01-21 11:00:28.962525 | eval'd: drake::cmq_buildtargetmetadepsspecht_is_subtargetconfig
2020-01-21 11:00:33.415392 | > DO_CALL (0.000s wait)
.2020-01-21 11:00:33.420092 | eval'd: drake::cmq_buildtargetmetadepsspecht_is_subtargetconfig
2020-01-21 11:00:37.582713 | > DO_CALL (0.001s wait)
.2020-01-21 11:00:37.588399 | eval'd: drake::cmq_buildtargetmetadepsspecht_is_subtargetconfig
2020-01-21 11:00:41.390580 | > DO_CALL (0.001s wait)
.2020-01-21 11:00:41.395490 | eval'd: drake::cmq_buildtargetmetadepsspecht_is_subtargetconfig
2020-01-21 11:00:45.124869 | > DO_CALL (0.001s wait)
.2020-01-21 11:00:45.130591 | eval'd: drake::cmq_buildtargetmetadepsspecht_is_subtargetconfig
2020-01-21 11:00:50.901904 | > DO_CALL (0.000s wait)
.2020-01-21 11:00:50.906233 | eval'd: drake::cmq_buildtargetmetadepsspecht_is_subtargetconfig
2020-01-21 11:00:54.865746 | > DO_CALL (0.001s wait)
.2020-01-21 11:00:54.871726 | eval'd: drake::cmq_buildtargetmetadepsspecht_is_subtargetconfig
2020-01-21 11:00:58.812873 | > DO_CALL (0.000s wait)
.2020-01-21 11:00:58.816906 | eval'd: drake::cmq_buildtargetmetadepsspecht_is_subtargetconfig
2020-01-21 11:01:03.475951 | > DO_CALL (0.000s wait)
.2020-01-21 11:01:03.480071 | eval'd: drake::cmq_buildtargetmetadepsspecht_is_subtargetconfig
2020-01-21 11:01:07.439869 | > DO_CALL (0.001s wait)
.2020-01-21 11:01:07.445189 | eval'd: drake::cmq_buildtargetmetadepsspecht_is_subtargetconfig
2020-01-21 11:01:11.552839 | > DO_CALL (0.001s wait)
.2020-01-21 11:01:11.558078 | eval'd: drake::cmq_buildtargetmetadepsspecht_is_subtargetconfig
2020-01-21 11:01:15.501787 | > DO_CALL (0.000s wait)
.2020-01-21 11:01:15.506191 | eval'd: drake::cmq_buildtargetmetadepsspecht_is_subtargetconfig
2020-01-21 11:01:19.411205 | > DO_CALL (0.000s wait)
.2020-01-21 11:01:19.415700 | eval'd: drake::cmq_buildtargetmetadepsspecht_is_subtargetconfig
2020-01-21 11:01:22.969465 | > DO_CALL (0.000s wait)
.2020-01-21 11:01:22.974309 | eval'd: drake::cmq_buildtargetmetadepsspecht_is_subtargetconfig
2020-01-21 11:01:26.739595 | > DO_CALL (0.001s wait)
.2020-01-21 11:01:26.745104 | eval'd: drake::cmq_buildtargetmetadepsspecht_is_subtargetconfig
2020-01-21 11:01:30.580668 | > DO_CALL (0.001s wait)
.2020-01-21 11:01:30.585804 | eval'd: drake::cmq_buildtargetmetadepsspecht_is_subtargetconfig
2020-01-21 11:01:34.919791 | > DO_CALL (0.000s wait)
.2020-01-21 11:01:34.924186 | eval'd: drake::cmq_buildtargetmetadepsspecht_is_subtargetconfig
2020-01-21 11:01:38.527879 | > DO_CALL (0.000s wait)
.2020-01-21 11:01:38.531980 | eval'd: drake::cmq_buildtargetmetadepsspecht_is_subtargetconfig
2020-01-21 11:01:42.166405 | > DO_CALL (0.000s wait)
.2020-01-21 11:01:42.171075 | eval'd: drake::cmq_buildtargetmetadepsspecht_is_subtargetconfig
2020-01-21 11:01:45.775275 | > DO_CALL (0.000s wait)
.2020-01-21 11:01:45.780352 | eval'd: drake::cmq_buildtargetmetadepsspecht_is_subtargetconfig
2020-01-21 11:01:51.307788 | > DO_CALL (0.000s wait)
.2020-01-21 11:01:51.311736 | eval'd: drake::cmq_buildtargetmetadepsspecht_is_subtargetconfig
2020-01-21 11:01:55.192838 | > DO_CALL (0.000s wait)
.2020-01-21 11:01:55.197621 | eval'd: drake::cmq_buildtargetmetadepsspecht_is_subtargetconfig
2020-01-21 11:01:59.092442 | > DO_CALL (0.000s wait)
.2020-01-21 11:01:59.097224 | eval'd: drake::cmq_buildtargetmetadepsspecht_is_subtargetconfig
2020-01-21 11:02:02.852116 | > DO_CALL (0.000s wait)
.2020-01-21 11:02:02.856858 | eval'd: drake::cmq_buildtargetmetadepsspecht_is_subtargetconfig
2020-01-21 11:02:06.622980 | > DO_CALL (0.000s wait)
.2020-01-21 11:02:06.627291 | eval'd: drake::cmq_buildtargetmetadepsspecht_is_subtargetconfig
2020-01-21 11:02:10.179780 | > DO_CALL (0.001s wait)
.2020-01-21 11:02:10.185106 | eval'd: drake::cmq_buildtargetmetadepsspecht_is_subtargetconfig
2020-01-21 11:02:14.068901 | > DO_CALL (0.001s wait)
.2020-01-21 11:02:14.074639 | eval'd: drake::cmq_buildtargetmetadepsspecht_is_subtargetconfig
2020-01-21 11:02:17.879476 | > DO_CALL (0.000s wait)
.2020-01-21 11:02:17.884505 | eval'd: drake::cmq_buildtargetmetadepsspecht_is_subtargetconfig
2020-01-21 11:02:21.811517 | > DO_CALL (0.000s wait)
.2020-01-21 11:02:21.816771 | eval'd: drake::cmq_buildtargetmetadepsspecht_is_subtargetconfig
2020-01-21 11:02:25.603626 | > DO_CALL (0.001s wait)
.2020-01-21 11:02:25.609235 | eval'd: drake::cmq_buildtargetmetadepsspecht_is_subtargetconfig
2020-01-21 11:02:29.194816 | > DO_CALL (0.000s wait)
.2020-01-21 11:02:29.199107 | eval'd: drake::cmq_buildtargetmetadepsspecht_is_subtargetconfig
2020-01-21 11:02:33.693769 | > DO_CALL (0.000s wait)
.2020-01-21 11:02:33.698100 | eval'd: drake::cmq_buildtargetmetadepsspecht_is_subtargetconfig
2020-01-21 11:02:38.032599 | > DO_CALL (0.001s wait)
.2020-01-21 11:02:38.037683 | eval'd: drake::cmq_buildtargetmetadepsspecht_is_subtargetconfig
2020-01-21 11:02:41.771983 | > DO_CALL (0.000s wait)
.2020-01-21 11:02:41.776272 | eval'd: drake::cmq_buildtargetmetadepsspecht_is_subtargetconfig
2020-01-21 11:02:45.546807 | > DO_CALL (0.000s wait)
.2020-01-21 11:02:45.551773 | eval'd: drake::cmq_buildtargetmetadepsspecht_is_subtargetconfig
2020-01-21 11:02:49.471816 | > DO_CALL (0.000s wait)
.2020-01-21 11:02:49.475867 | eval'd: drake::cmq_buildtargetmetadepsspecht_is_subtargetconfig
2020-01-21 11:02:54.803768 | > DO_CALL (0.000s wait)
.2020-01-21 11:02:54.808269 | eval'd: drake::cmq_buildtargetmetadepsspecht_is_subtargetconfig
2020-01-21 11:02:58.391853 | > DO_CALL (0.000s wait)
.2020-01-21 11:02:58.396130 | eval'd: drake::cmq_buildtargetmetadepsspecht_is_subtargetconfig
2020-01-21 11:03:01.957945 | > DO_CALL (0.000s wait)
.2020-01-21 11:03:01.962194 | eval'd: drake::cmq_buildtargetmetadepsspecht_is_subtargetconfig
2020-01-21 11:03:05.539812 | > DO_CALL (0.000s wait)
.2020-01-21 11:03:05.544395 | eval'd: drake::cmq_buildtargetmetadepsspecht_is_subtargetconfig
2020-01-21 11:03:09.276934 | > DO_CALL (0.001s wait)
.2020-01-21 11:03:09.282364 | eval'd: drake::cmq_buildtargetmetadepsspecht_is_subtargetconfig
2020-01-21 11:03:12.876212 | > DO_CALL (0.000s wait)
.2020-01-21 11:03:12.880750 | eval'd: drake::cmq_buildtargetmetadepsspecht_is_subtargetconfig
2020-01-21 11:03:17.327262 | > DO_CALL (0.000s wait)
.2020-01-21 11:03:17.331935 | eval'd: drake::cmq_buildtargetmetadepsspecht_is_subtargetconfig
2020-01-21 11:03:21.021859 | > DO_CALL (0.000s wait)
.2020-01-21 11:03:21.025952 | eval'd: drake::cmq_buildtargetmetadepsspecht_is_subtargetconfig
2020-01-21 11:03:24.481804 | > DO_CALL (0.000s wait)
.2020-01-21 11:03:24.485921 | eval'd: drake::cmq_buildtargetmetadepsspecht_is_subtargetconfig
2020-01-21 11:03:28.419792 | > DO_CALL (0.001s wait)
.2020-01-21 11:03:28.425114 | eval'd: drake::cmq_buildtargetmetadepsspecht_is_subtargetconfig
2020-01-21 11:03:32.700646 | > DO_CALL (0.001s wait)
.2020-01-21 11:03:32.705936 | eval'd: drake::cmq_buildtargetmetadepsspecht_is_subtargetconfig
2020-01-21 11:03:36.637904 | > DO_CALL (0.000s wait)
.2020-01-21 11:03:36.642584 | eval'd: drake::cmq_buildtargetmetadepsspecht_is_subtargetconfig
2020-01-21 11:03:41.618835 | > DO_CALL (0.000s wait)
.2020-01-21 11:03:41.622945 | eval'd: drake::cmq_buildtargetmetadepsspecht_is_subtargetconfig
2020-01-21 11:03:45.403998 | > DO_CALL (0.000s wait)
.2020-01-21 11:03:45.408803 | eval'd: drake::cmq_buildtargetmetadepsspecht_is_subtargetconfig
2020-01-21 11:03:49.000250 | > DO_CALL (0.000s wait)
.2020-01-21 11:03:49.005020 | eval'd: drake::cmq_buildtargetmetadepsspecht_is_subtargetconfig
2020-01-21 11:03:52.801219 | > DO_CALL (0.000s wait)
.2020-01-21 11:03:52.805803 | eval'd: drake::cmq_buildtargetmetadepsspecht_is_subtargetconfig
2020-01-21 11:03:58.540783 | > DO_CALL (0.000s wait)
.2020-01-21 11:03:58.544835 | eval'd: drake::cmq_buildtargetmetadepsspecht_is_subtargetconfig
2020-01-21 11:04:03.252743 | > DO_CALL (0.001s wait)
.2020-01-21 11:04:03.258008 | eval'd: drake::cmq_buildtargetmetadepsspecht_is_subtargetconfig
2020-01-21 11:04:07.047621 | > DO_CALL (0.001s wait)
.2020-01-21 11:04:07.053316 | eval'd: drake::cmq_buildtargetmetadepsspecht_is_subtargetconfig
2020-01-21 11:04:10.843542 | > DO_CALL (0.001s wait)
.2020-01-21 11:04:10.848563 | eval'd: drake::cmq_buildtargetmetadepsspecht_is_subtargetconfig
2020-01-21 11:04:14.488254 | > DO_CALL (0.000s wait)
.2020-01-21 11:04:14.492917 | eval'd: drake::cmq_buildtargetmetadepsspecht_is_subtargetconfig
2020-01-21 11:04:18.323238 | > DO_CALL (0.000s wait)
.2020-01-21 11:04:18.327867 | eval'd: drake::cmq_buildtargetmetadepsspecht_is_subtargetconfig
2020-01-21 11:04:22.169214 | > DO_CALL (0.000s wait)
.2020-01-21 11:04:22.173907 | eval'd: drake::cmq_buildtargetmetadepsspecht_is_subtargetconfig
2020-01-21 11:04:25.851953 | > DO_CALL (0.001s wait)
.
2020-01-21 11:04:25.858067 | eval'd: drake::cmq_buildtargetmetadepsspecht_is_subtargetconfig
2020-01-21 11:04:29.500478 | > DO_CALL (0.000s wait)
.2020-01-21 11:04:29.505347 | eval'd: drake::cmq_buildtargetmetadepsspecht_is_subtargetconfig
2020-01-21 11:04:33.054329 | > DO_CALL (0.001s wait)
.2020-01-21 11:04:33.059762 | eval'd: drake::cmq_buildtargetmetadepsspecht_is_subtargetconfig
2020-01-21 11:04:36.912779 | > DO_CALL (0.000s wait)
.2020-01-21 11:04:36.916808 | eval'd: drake::cmq_buildtargetmetadepsspecht_is_subtargetconfig
2020-01-21 11:04:40.760814 | > DO_CALL (0.000s wait)
.2020-01-21 11:04:40.764965 | eval'd: drake::cmq_buildtargetmetadepsspecht_is_subtargetconfig
2020-01-21 11:04:45.118623 | > DO_CALL (0.001s wait)
.2020-01-21 11:04:45.123394 | eval'd: drake::cmq_buildtargetmetadepsspecht_is_subtargetconfig
2020-01-21 11:04:48.816855 | > DO_CALL (0.000s wait)
.2020-01-21 11:04:48.821058 | eval'd: drake::cmq_buildtargetmetadepsspecht_is_subtargetconfig
2020-01-21 11:04:52.565219 | > DO_CALL (0.001s wait)
.2020-01-21 11:04:52.570864 | eval'd: drake::cmq_buildtargetmetadepsspecht_is_subtargetconfig
2020-01-21 11:04:56.223937 | > DO_CALL (0.000s wait)
.2020-01-21 11:04:56.228783 | eval'd: drake::cmq_buildtargetmetadepsspecht_is_subtargetconfig
2020-01-21 11:05:01.925089 | > DO_CALL (0.000s wait)
.2020-01-21 11:05:01.929898 | eval'd: drake::cmq_buildtargetmetadepsspecht_is_subtargetconfig
2020-01-21 11:05:05.632791 | > DO_CALL (0.000s wait)
.2020-01-21 11:05:05.649591 | eval'd: drake::cmq_buildtargetmetadepsspecht_is_subtargetconfig
2020-01-21 11:05:09.151024 | > DO_CALL (0.001s wait)
.2020-01-21 11:05:09.156491 | eval'd: drake::cmq_buildtargetmetadepsspecht_is_subtargetconfig
2020-01-21 11:05:12.914874 | > DO_CALL (0.000s wait)
.2020-01-21 11:05:12.919009 | eval'd: drake::cmq_buildtargetmetadepsspecht_is_subtargetconfig
2020-01-21 11:05:16.663603 | > DO_CALL (0.001s wait)
.2020-01-21 11:05:16.668598 | eval'd: drake::cmq_buildtargetmetadepsspecht_is_subtargetconfig
2020-01-21 11:05:21.019714 | > DO_CALL (0.000s wait)
.2020-01-21 11:05:21.023668 | eval'd: drake::cmq_buildtargetmetadepsspecht_is_subtargetconfig
2020-01-21 11:05:24.643758 | > DO_CALL (0.001s wait)
.2020-01-21 11:05:24.648913 | eval'd: drake::cmq_buildtargetmetadepsspecht_is_subtargetconfig
2020-01-21 11:05:28.335620 | > DO_CALL (0.001s wait)
.2020-01-21 11:05:28.340695 | eval'd: drake::cmq_buildtargetmetadepsspecht_is_subtargetconfig
2020-01-21 11:05:31.991729 | > DO_CALL (0.000s wait)
.2020-01-21 11:05:31.995656 | eval'd: drake::cmq_buildtargetmetadepsspecht_is_subtargetconfig
2020-01-21 11:05:35.740758 | > DO_CALL (0.000s wait)
.2020-01-21 11:05:35.745318 | eval'd: drake::cmq_buildtargetmetadepsspecht_is_subtargetconfig
2020-01-21 11:05:39.333705 | > DO_CALL (0.001s wait)
.2020-01-21 11:05:39.338948 | eval'd: drake::cmq_buildtargetmetadepsspecht_is_subtargetconfig
2020-01-21 11:05:43.235863 | > DO_CALL (0.001s wait)
.2020-01-21 11:05:43.241549 | eval'd: drake::cmq_buildtargetmetadepsspecht_is_subtargetconfig
2020-01-21 11:05:47.676593 | > DO_CALL (0.001s wait)
.2020-01-21 11:05:47.681938 | eval'd: drake::cmq_buildtargetmetadepsspecht_is_subtargetconfig
2020-01-21 11:05:51.406668 | > DO_CALL (0.001s wait)
.2020-01-21 11:05:51.411935 | eval'd: drake::cmq_buildtargetmetadepsspecht_is_subtargetconfig
2020-01-21 11:05:54.955819 | > DO_CALL (0.000s wait)
.2020-01-21 11:05:54.960725 | eval'd: drake::cmq_buildtargetmetadepsspecht_is_subtargetconfig
2020-01-21 11:05:58.493946 | > DO_CALL (0.000s wait)
.2020-01-21 11:05:58.498136 | eval'd: drake::cmq_buildtargetmetadepsspecht_is_subtargetconfig
2020-01-21 11:06:03.242350 | > DO_CALL (0.000s wait)
.2020-01-21 11:06:03.247349 | eval'd: drake::cmq_buildtargetmetadepsspecht_is_subtargetconfig
2020-01-21 11:06:06.766689 | > DO_CALL (0.001s wait)
.2020-01-21 11:06:06.772377 | eval'd: drake::cmq_buildtargetmetadepsspecht_is_subtargetconfig
2020-01-21 11:06:10.346461 | > DO_CALL (0.000s wait)
.2020-01-21 11:06:10.351572 | eval'd: drake::cmq_buildtargetmetadepsspecht_is_subtargetconfig
2020-01-21 11:06:14.094761 | > DO_CALL (0.000s wait)
.2020-01-21 11:06:14.098752 | eval'd: drake::cmq_buildtargetmetadepsspecht_is_subtargetconfig
2020-01-21 11:06:17.957215 | > DO_CALL (0.000s wait)
.2020-01-21 11:06:17.961841 | eval'd: drake::cmq_buildtargetmetadepsspecht_is_subtargetconfig
2020-01-21 11:06:22.132731 | > DO_CALL (0.000s wait)
.2020-01-21 11:06:22.136708 | eval'd: drake::cmq_buildtargetmetadepsspecht_is_subtargetconfig
2020-01-21 11:06:25.644870 | > DO_CALL (0.001s wait)
.2020-01-21 11:06:25.651004 | eval'd: drake::cmq_buildtargetmetadepsspecht_is_subtargetconfig
2020-01-21 11:06:29.153745 | > DO_CALL (0.001s wait)
.2020-01-21 11:06:29.159060 | eval'd: drake::cmq_buildtargetmetadepsspecht_is_subtargetconfig
2020-01-21 11:06:32.883585 | > DO_CALL (0.001s wait)
.2020-01-21 11:06:32.888734 | eval'd: drake::cmq_buildtargetmetadepsspecht_is_subtargetconfig
2020-01-21 11:06:36.603912 | > DO_CALL (0.001s wait)
.2020-01-21 11:06:36.609776 | eval'd: drake::cmq_buildtargetmetadepsspecht_is_subtargetconfig
2020-01-21 11:06:40.204735 | > DO_CALL (0.000s wait)
.2020-01-21 11:06:40.208749 | eval'd: drake::cmq_buildtargetmetadepsspecht_is_subtargetconfig
2020-01-21 11:06:43.762790 | > DO_CALL (0.000s wait)
.2020-01-21 11:06:43.766877 | eval'd: drake::cmq_buildtargetmetadepsspecht_is_subtargetconfig
2020-01-21 11:06:47.339617 | > DO_CALL (0.001s wait)
.2020-01-21 11:06:47.345032 | eval'd: drake::cmq_buildtargetmetadepsspecht_is_subtargetconfig
2020-01-21 11:06:51.585049 | > DO_CALL (0.000s wait)
.2020-01-21 11:06:51.589485 | eval'd: drake::cmq_buildtargetmetadepsspecht_is_subtargetconfig
2020-01-21 11:06:55.299265 | > DO_CALL (0.000s wait)
.2020-01-21 11:06:55.304586 | eval'd: drake::cmq_buildtargetmetadepsspecht_is_subtargetconfig
2020-01-21 11:06:59.014708 | > DO_CALL (0.000s wait)
.2020-01-21 11:06:59.018935 | eval'd: drake::cmq_buildtargetmetadepsspecht_is_subtargetconfig
2020-01-21 11:07:02.714625 | > DO_CALL (0.001s wait)
.2020-01-21 11:07:02.719878 | eval'd: drake::cmq_buildtargetmetadepsspecht_is_subtargetconfig
2020-01-21 11:07:08.487260 | > DO_CALL (0.000s wait)
.2020-01-21 11:07:08.492464 | eval'd: drake::cmq_buildtargetmetadepsspecht_is_subtargetconfig
2020-01-21 11:07:11.950143 | > DO_CALL (0.000s wait)
.2020-01-21 11:07:11.954695 | eval'd: drake::cmq_buildtargetmetadepsspecht_is_subtargetconfig
2020-01-21 11:07:15.375734 | > DO_CALL (0.001s wait)
.2020-01-21 11:07:15.381587 | eval'd: drake::cmq_buildtargetmetadepsspecht_is_subtargetconfig
2020-01-21 11:07:18.827353 | > DO_CALL (0.000s wait)
.2020-01-21 11:07:18.832138 | eval'd: drake::cmq_buildtargetmetadepsspecht_is_subtargetconfig
2020-01-21 11:07:22.294917 | > DO_CALL (0.000s wait)
.2020-01-21 11:07:22.299170 | eval'd: drake::cmq_buildtargetmetadepsspecht_is_subtargetconfig
2020-01-21 11:07:26.592728 | > DO_CALL (0.000s wait)
.2020-01-21 11:07:26.597250 | eval'd: drake::cmq_buildtargetmetadepsspecht_is_subtargetconfig
2020-01-21 11:07:30.076790 | > DO_CALL (0.001s wait)
.2020-01-21 11:07:30.082524 | eval'd: drake::cmq_buildtargetmetadepsspecht_is_subtargetconfig
2020-01-21 11:07:33.647797 | > DO_CALL (0.000s wait)
.2020-01-21 11:07:33.651974 | eval'd: drake::cmq_buildtargetmetadepsspecht_is_subtargetconfig
2020-01-21 11:07:37.222685 | > DO_CALL (0.001s wait)
.2020-01-21 11:07:37.226678 | eval'd: drake::cmq_buildtargetmetadepsspecht_is_subtargetconfig
2020-01-21 11:07:40.698543 | > DO_CALL (0.001s wait)
.2020-01-21 11:07:40.703898 | eval'd: drake::cmq_buildtargetmetadepsspecht_is_subtargetconfig
2020-01-21 11:07:44.517681 | > DO_CALL (0.001s wait)
.2020-01-21 11:07:44.521661 | eval'd: drake::cmq_buildtargetmetadepsspecht_is_subtargetconfig
2020-01-21 11:07:48.070966 | > DO_CALL (0.000s wait)
.2020-01-21 11:07:48.075566 | eval'd: drake::cmq_buildtargetmetadepsspecht_is_subtargetconfig
2020-01-21 11:07:52.203787 | > DO_CALL (0.001s wait)
.2020-01-21 11:07:52.209421 | eval'd: drake::cmq_buildtargetmetadepsspecht_is_subtargetconfig
2020-01-21 11:07:56.596255 | > DO_CALL (0.000s wait)
.2020-01-21 11:07:56.601452 | eval'd: drake::cmq_buildtargetmetadepsspecht_is_subtargetconfig
2020-01-21 11:08:00.146861 | > DO_CALL (0.000s wait)
.2020-01-21 11:08:00.151278 | eval'd: drake::cmq_buildtargetmetadepsspecht_is_subtargetconfig
2020-01-21 11:08:03.723460 | > DO_CALL (0.000s wait)
.2020-01-21 11:08:03.728402 | eval'd: drake::cmq_buildtargetmetadepsspecht_is_subtargetconfig
2020-01-21 11:08:09.254721 | > DO_CALL (0.001s wait)
.2020-01-21 11:08:09.260440 | eval'd: drake::cmq_buildtargetmetadepsspecht_is_subtargetconfig
2020-01-21 11:08:12.848142 | > DO_CALL (0.000s wait)
.2020-01-21 11:08:12.852677 | eval'd: drake::cmq_buildtargetmetadepsspecht_is_subtargetconfig
2020-01-21 11:08:16.340747 | > DO_CALL (0.001s wait)
.2020-01-21 11:08:16.346425 | eval'd: drake::cmq_buildtargetmetadepsspecht_is_subtargetconfig
2020-01-21 11:08:19.887599 | > DO_CALL (0.001s wait)
.2020-01-21 11:08:19.893136 | eval'd: drake::cmq_buildtargetmetadepsspecht_is_subtargetconfig
2020-01-21 11:08:23.360867 | > DO_CALL (0.000s wait)
.2020-01-21 11:08:23.365106 | eval'd: drake::cmq_buildtargetmetadepsspecht_is_subtargetconfig
2020-01-21 11:08:26.910868 | > DO_CALL (0.000s wait)
.2020-01-21 11:08:26.915847 | eval'd: drake::cmq_buildtargetmetadepsspecht_is_subtargetconfig
2020-01-21 11:08:30.435402 | > DO_CALL (0.000s wait)
.2020-01-21 11:08:30.440595 | eval'd: drake::cmq_buildtargetmetadepsspecht_is_subtargetconfig
2020-01-21 11:08:34.981724 | > DO_CALL (0.001s wait)
.2020-01-21 11:08:34.986189 | eval'd: drake::cmq_buildtargetmetadepsspecht_is_subtargetconfig
2020-01-21 11:08:38.562773 | > DO_CALL (0.000s wait)
.2020-01-21 11:08:38.567148 | eval'd: drake::cmq_buildtargetmetadepsspecht_is_subtargetconfig
2020-01-21 11:08:42.318039 | > DO_CALL (0.001s wait)
.2020-01-21 11:08:42.323765 | eval'd: drake::cmq_buildtargetmetadepsspecht_is_subtargetconfig
2020-01-21 11:08:45.778975 | > DO_CALL (0.000s wait)
.2020-01-21 11:08:45.783890 | eval'd: drake::cmq_buildtargetmetadepsspecht_is_subtargetconfig
2020-01-21 11:08:49.548931 | > DO_CALL (0.001s wait)
.2020-01-21 11:08:49.554602 | eval'd: drake::cmq_buildtargetmetadepsspecht_is_subtargetconfig
2020-01-21 11:08:53.025736 | > DO_CALL (0.000s wait)
.2020-01-21 11:08:53.029773 | eval'd: drake::cmq_buildtargetmetadepsspecht_is_subtargetconfig
2020-01-21 11:08:56.983707 | > DO_CALL (0.001s wait)
.2020-01-21 11:08:56.988268 | eval'd: drake::cmq_buildtargetmetadepsspecht_is_subtargetconfig
2020-01-21 11:09:00.705107 | > DO_CALL (0.000s wait)
.2020-01-21 11:09:00.709610 | eval'd: drake::cmq_buildtargetmetadepsspecht_is_subtargetconfig
2020-01-21 11:09:04.572821 | > DO_CALL (0.000s wait)
.2020-01-21 11:09:04.577101 | eval'd: drake::cmq_buildtargetmetadepsspecht_is_subtargetconfig
2020-01-21 11:09:08.266137 | > DO_CALL (0.000s wait)
.2020-01-21 11:09:08.270785 | eval'd: drake::cmq_buildtargetmetadepsspecht_is_subtargetconfig
2020-01-21 11:09:13.844664 | > DO_CALL (0.001s wait)
.2020-01-21 11:09:13.849955 | eval'd: drake::cmq_buildtargetmetadepsspecht_is_subtargetconfig
2020-01-21 11:09:17.251108 | > DO_CALL (0.000s wait)
.2020-01-21 11:09:17.255739 | eval'd: drake::cmq_buildtargetmetadepsspecht_is_subtargetconfig
2020-01-21 11:09:20.608731 | > DO_CALL (0.001s wait)
.2020-01-21 11:09:20.613118 | eval'd: drake::cmq_buildtargetmetadepsspecht_is_subtargetconfig
2020-01-21 11:09:24.144837 | > DO_CALL (0.000s wait)
.2020-01-21 11:09:24.149029 | eval'd: drake::cmq_buildtargetmetadepsspecht_is_subtargetconfig
2020-01-21 11:09:27.783792 | > DO_CALL (0.000s wait)
.
2020-01-21 11:09:27.788301 | eval'd: drake::cmq_buildtargetmetadepsspecht_is_subtargetconfig
2020-01-21 11:09:31.641767 | > DO_CALL (0.001s wait)
.2020-01-21 11:09:31.647338 | eval'd: drake::cmq_buildtargetmetadepsspecht_is_subtargetconfig
2020-01-21 11:09:35.390713 | > DO_CALL (0.001s wait)
.2020-01-21 11:09:35.395316 | eval'd: drake::cmq_buildtargetmetadepsspecht_is_subtargetconfig
2020-01-21 11:09:39.820633 | > DO_CALL (0.001s wait)
.2020-01-21 11:09:39.826045 | eval'd: drake::cmq_buildtargetmetadepsspecht_is_subtargetconfig
2020-01-21 11:09:43.530678 | > DO_CALL (0.001s wait)
.2020-01-21 11:09:43.534724 | eval'd: drake::cmq_buildtargetmetadepsspecht_is_subtargetconfig
2020-01-21 11:09:47.142662 | > DO_CALL (0.001s wait)
.2020-01-21 11:09:47.159996 | eval'd: drake::cmq_buildtargetmetadepsspecht_is_subtargetconfig
2020-01-21 11:09:50.618658 | > DO_CALL (0.001s wait)
.2020-01-21 11:09:50.622591 | eval'd: drake::cmq_buildtargetmetadepsspecht_is_subtargetconfig
2020-01-21 11:09:54.158314 | > DO_CALL (0.000s wait)
.2020-01-21 11:09:54.163617 | eval'd: drake::cmq_buildtargetmetadepsspecht_is_subtargetconfig
2020-01-21 11:09:58.129179 | > DO_CALL (0.000s wait)
.2020-01-21 11:09:58.133777 | eval'd: drake::cmq_buildtargetmetadepsspecht_is_subtargetconfig
2020-01-21 11:10:01.647744 | > DO_CALL (0.001s wait)
.2020-01-21 11:10:01.652951 | eval'd: drake::cmq_buildtargetmetadepsspecht_is_subtargetconfig
2020-01-21 11:10:05.116815 | > DO_CALL (0.000s wait)
.2020-01-21 11:10:05.121495 | eval'd: drake::cmq_buildtargetmetadepsspecht_is_subtargetconfig
2020-01-21 11:10:08.613171 | > DO_CALL (0.000s wait)
.2020-01-21 11:10:08.617765 | eval'd: drake::cmq_buildtargetmetadepsspecht_is_subtargetconfig
2020-01-21 11:10:12.072605 | > DO_CALL (0.001s wait)
.2020-01-21 11:10:12.077778 | eval'd: drake::cmq_buildtargetmetadepsspecht_is_subtargetconfig
2020-01-21 11:10:17.394972 | > DO_CALL (0.014s wait)
.2020-01-21 11:10:17.399322 | eval'd: drake::cmq_buildtargetmetadepsspecht_is_subtargetconfig
2020-01-21 11:10:20.923640 | > DO_CALL (0.001s wait)
.2020-01-21 11:10:20.929067 | eval'd: drake::cmq_buildtargetmetadepsspecht_is_subtargetconfig
2020-01-21 11:10:24.479591 | > DO_CALL (0.001s wait)
.2020-01-21 11:10:24.484928 | eval'd: drake::cmq_buildtargetmetadepsspecht_is_subtargetconfig
2020-01-21 11:10:27.953588 | > DO_CALL (0.001s wait)
.2020-01-21 11:10:27.958708 | eval'd: drake::cmq_buildtargetmetadepsspecht_is_subtargetconfig
2020-01-21 11:10:31.498801 | > DO_CALL (0.000s wait)
.2020-01-21 11:10:31.502925 | eval'd: drake::cmq_buildtargetmetadepsspecht_is_subtargetconfig
2020-01-21 11:10:35.148641 | > DO_CALL (0.001s wait)
.2020-01-21 11:10:35.154389 | eval'd: drake::cmq_buildtargetmetadepsspecht_is_subtargetconfig
2020-01-21 11:10:38.795664 | > DO_CALL (0.001s wait)
.2020-01-21 11:10:38.799616 | eval'd: drake::cmq_buildtargetmetadepsspecht_is_subtargetconfig
2020-01-21 11:10:42.364139 | > DO_CALL (0.000s wait)
.2020-01-21 11:10:42.368756 | eval'd: drake::cmq_buildtargetmetadepsspecht_is_subtargetconfig
2020-01-21 11:10:45.984959 | > DO_CALL (0.000s wait)
.2020-01-21 11:10:45.989295 | eval'd: drake::cmq_buildtargetmetadepsspecht_is_subtargetconfig
2020-01-21 11:10:49.503692 | > DO_CALL (0.001s wait)
.2020-01-21 11:10:49.508928 | eval'd: drake::cmq_buildtargetmetadepsspecht_is_subtargetconfig
2020-01-21 11:10:52.972490 | > DO_CALL (0.000s wait)
.2020-01-21 11:10:52.977488 | eval'd: drake::cmq_buildtargetmetadepsspecht_is_subtargetconfig
2020-01-21 11:10:57.345074 | > DO_CALL (0.000s wait)
.2020-01-21 11:10:57.350335 | eval'd: drake::cmq_buildtargetmetadepsspecht_is_subtargetconfig
2020-01-21 11:11:01.642359 | > DO_CALL (0.000s wait)
.2020-01-21 11:11:01.647212 | eval'd: drake::cmq_buildtargetmetadepsspecht_is_subtargetconfig
2020-01-21 11:11:05.344638 | > DO_CALL (0.001s wait)
.2020-01-21 11:11:05.349133 | eval'd: drake::cmq_buildtargetmetadepsspecht_is_subtargetconfig
2020-01-21 11:11:08.902526 | > DO_CALL (0.001s wait)
.2020-01-21 11:11:08.907601 | eval'd: drake::cmq_buildtargetmetadepsspecht_is_subtargetconfig
2020-01-21 11:11:12.471061 | > DO_CALL (0.000s wait)
.2020-01-21 11:11:12.475571 | eval'd: drake::cmq_buildtargetmetadepsspecht_is_subtargetconfig
2020-01-21 11:11:18.019635 | > DO_CALL (0.001s wait)
.2020-01-21 11:11:18.024948 | eval'd: drake::cmq_buildtargetmetadepsspecht_is_subtargetconfig
2020-01-21 11:11:21.618981 | > DO_CALL (0.000s wait)
.2020-01-21 11:11:21.623352 | eval'd: drake::cmq_buildtargetmetadepsspecht_is_subtargetconfig
2020-01-21 11:11:25.190788 | > DO_CALL (0.000s wait)
.2020-01-21 11:11:25.195407 | eval'd: drake::cmq_buildtargetmetadepsspecht_is_subtargetconfig
2020-01-21 11:11:28.625781 | > DO_CALL (0.000s wait)
.2020-01-21 11:11:28.630237 | eval'd: drake::cmq_buildtargetmetadepsspecht_is_subtargetconfig
2020-01-21 11:11:32.290772 | > DO_CALL (0.000s wait)
.2020-01-21 11:11:32.294953 | eval'd: drake::cmq_buildtargetmetadepsspecht_is_subtargetconfig
2020-01-21 11:11:36.028677 | > DO_CALL (0.001s wait)
.2020-01-21 11:11:36.033203 | eval'd: drake::cmq_buildtargetmetadepsspecht_is_subtargetconfig
2020-01-21 11:11:39.750610 | > DO_CALL (0.001s wait)
.2020-01-21 11:11:39.754578 | eval'd: drake::cmq_buildtargetmetadepsspecht_is_subtargetconfig
2020-01-21 11:11:43.419605 | > DO_CALL (0.001s wait)
.2020-01-21 11:11:43.425139 | eval'd: drake::cmq_buildtargetmetadepsspecht_is_subtargetconfig
2020-01-21 11:11:47.086561 | > DO_CALL (0.001s wait)
.2020-01-21 11:11:47.095200 | eval'd: drake::cmq_buildtargetmetadepsspecht_is_subtargetconfig
2020-01-21 11:11:50.648722 | > DO_CALL (0.001s wait)
.2020-01-21 11:11:50.655610 | eval'd: drake::cmq_buildtargetmetadepsspecht_is_subtargetconfig
2020-01-21 11:11:54.179765 | > DO_CALL (0.001s wait)
.2020-01-21 11:11:54.184370 | eval'd: drake::cmq_buildtargetmetadepsspecht_is_subtargetconfig
2020-01-21 11:11:58.416281 | > DO_CALL (0.000s wait)
.2020-01-21 11:11:58.421614 | eval'd: drake::cmq_buildtargetmetadepsspecht_is_subtargetconfig
2020-01-21 11:12:01.943845 | > DO_CALL (0.000s wait)
.2020-01-21 11:12:01.948545 | eval'd: drake::cmq_buildtargetmetadepsspecht_is_subtargetconfig
2020-01-21 11:12:06.084271 | > DO_CALL (0.000s wait)
.2020-01-21 11:12:06.090091 | eval'd: drake::cmq_buildtargetmetadepsspecht_is_subtargetconfig
2020-01-21 11:12:09.568103 | > DO_CALL (0.000s wait)
.2020-01-21 11:12:09.573222 | eval'd: drake::cmq_buildtargetmetadepsspecht_is_subtargetconfig
2020-01-21 11:12:13.006717 | > DO_CALL (0.001s wait)
.2020-01-21 11:12:13.012739 | eval'd: drake::cmq_buildtargetmetadepsspecht_is_subtargetconfig
2020-01-21 11:12:16.491951 | > DO_CALL (0.001s wait)
.2020-01-21 11:12:16.498604 | eval'd: drake::cmq_buildtargetmetadepsspecht_is_subtargetconfig
2020-01-21 11:12:21.777759 | > DO_CALL (0.001s wait)
.2020-01-21 11:12:21.783764 | eval'd: drake::cmq_buildtargetmetadepsspecht_is_subtargetconfig
2020-01-21 11:12:25.249558 | > DO_CALL (0.001s wait)
.2020-01-21 11:12:25.255770 | eval'd: drake::cmq_buildtargetmetadepsspecht_is_subtargetconfig
2020-01-21 11:12:28.725208 | > DO_CALL (0.000s wait)
.2020-01-21 11:12:28.730450 | eval'd: drake::cmq_buildtargetmetadepsspecht_is_subtargetconfig
2020-01-21 11:12:33.228661 | > DO_CALL (0.001s wait)
.2020-01-21 11:12:33.234741 | eval'd: drake::cmq_buildtargetmetadepsspecht_is_subtargetconfig
2020-01-21 11:12:36.702022 | > DO_CALL (0.000s wait)
.2020-01-21 11:12:36.706996 | eval'd: drake::cmq_buildtargetmetadepsspecht_is_subtargetconfig
2020-01-21 11:12:40.119689 | > DO_CALL (0.001s wait)
.2020-01-21 11:12:40.124156 | eval'd: drake::cmq_buildtargetmetadepsspecht_is_subtargetconfig
2020-01-21 11:12:43.615974 | > DO_CALL (0.000s wait)
.2020-01-21 11:12:43.620812 | eval'd: drake::cmq_buildtargetmetadepsspecht_is_subtargetconfig
2020-01-21 11:12:47.236707 | > DO_CALL (0.001s wait)
.2020-01-21 11:12:47.242469 | eval'd: drake::cmq_buildtargetmetadepsspecht_is_subtargetconfig
2020-01-21 11:12:50.727172 | > DO_CALL (0.000s wait)
.2020-01-21 11:12:50.732619 | eval'd: drake::cmq_buildtargetmetadepsspecht_is_subtargetconfig
2020-01-21 11:12:54.249227 | > DO_CALL (0.000s wait)
.2020-01-21 11:12:54.254902 | eval'd: drake::cmq_buildtargetmetadepsspecht_is_subtargetconfig
2020-01-21 11:12:57.797300 | > DO_CALL (0.000s wait)
.2020-01-21 11:12:57.802688 | eval'd: drake::cmq_buildtargetmetadepsspecht_is_subtargetconfig
2020-01-21 11:13:01.199224 | > DO_CALL (0.000s wait)
.2020-01-21 11:13:01.203919 | eval'd: drake::cmq_buildtargetmetadepsspecht_is_subtargetconfig
2020-01-21 11:13:04.564778 | > DO_CALL (0.001s wait)
.2020-01-21 11:13:04.569424 | eval'd: drake::cmq_buildtargetmetadepsspecht_is_subtargetconfig
2020-01-21 11:13:08.499640 | > DO_CALL (0.001s wait)
.2020-01-21 11:13:08.504041 | eval'd: drake::cmq_buildtargetmetadepsspecht_is_subtargetconfig
2020-01-21 11:13:12.092655 | > DO_CALL (0.001s wait)
.2020-01-21 11:13:12.097046 | eval'd: drake::cmq_buildtargetmetadepsspecht_is_subtargetconfig
2020-01-21 11:13:15.774533 | > DO_CALL (0.001s wait)
.2020-01-21 11:13:15.780840 | eval'd: drake::cmq_buildtargetmetadepsspecht_is_subtargetconfig
2020-01-21 11:13:19.265682 | > DO_CALL (0.001s wait)
.2020-01-21 11:13:19.271904 | eval'd: drake::cmq_buildtargetmetadepsspecht_is_subtargetconfig
2020-01-21 11:13:24.455664 | > DO_CALL (0.001s wait)
.2020-01-21 11:13:24.460339 | eval'd: drake::cmq_buildtargetmetadepsspecht_is_subtargetconfig
2020-01-21 11:13:27.897482 | > DO_CALL (0.000s wait)
.2020-01-21 11:13:27.903571 | eval'd: drake::cmq_buildtargetmetadepsspecht_is_subtargetconfig
2020-01-21 11:13:31.593925 | > DO_CALL (0.001s wait)
.2020-01-21 11:13:31.600621 | eval'd: drake::cmq_buildtargetmetadepsspecht_is_subtargetconfig
2020-01-21 11:13:35.070689 | > DO_CALL (0.001s wait)
.2020-01-21 11:13:35.075583 | eval'd: drake::cmq_buildtargetmetadepsspecht_is_subtargetconfig
2020-01-21 11:13:38.569102 | > DO_CALL (0.000s wait)
.2020-01-21 11:13:38.574229 | eval'd: drake::cmq_buildtargetmetadepsspecht_is_subtargetconfig
2020-01-21 11:13:41.990696 | > DO_CALL (0.001s wait)
.2020-01-21 11:13:41.995174 | eval'd: drake::cmq_buildtargetmetadepsspecht_is_subtargetconfig
2020-01-21 11:13:46.252771 | > DO_CALL (0.001s wait)
.2020-01-21 11:13:46.258180 | eval'd: drake::cmq_buildtargetmetadepsspecht_is_subtargetconfig
2020-01-21 11:13:49.759794 | > DO_CALL (0.001s wait)
.2020-01-21 11:13:49.764439 | eval'd: drake::cmq_buildtargetmetadepsspecht_is_subtargetconfig
2020-01-21 11:13:53.364294 | > DO_CALL (0.000s wait)
.2020-01-21 11:13:53.369718 | eval'd: drake::cmq_buildtargetmetadepsspecht_is_subtargetconfig
2020-01-21 11:13:56.903640 | > DO_CALL (0.001s wait)
.2020-01-21 11:13:56.908516 | eval'd: drake::cmq_buildtargetmetadepsspecht_is_subtargetconfig
2020-01-21 11:14:00.349065 | > DO_CALL (0.000s wait)
.2020-01-21 11:14:00.354054 | eval'd: drake::cmq_buildtargetmetadepsspecht_is_subtargetconfig
2020-01-21 11:14:03.823220 | > DO_CALL (0.000s wait)
.2020-01-21 11:14:03.828743 | eval'd: drake::cmq_buildtargetmetadepsspecht_is_subtargetconfig
2020-01-21 11:14:07.240680 | > DO_CALL (0.001s wait)
.2020-01-21 11:14:07.245417 | eval'd: drake::cmq_buildtargetmetadepsspecht_is_subtargetconfig
2020-01-21 11:14:11.431694 | > DO_CALL (0.001s wait)
.2020-01-21 11:14:11.436373 | eval'd: drake::cmq_buildtargetmetadepsspecht_is_subtargetconfig
2020-01-21 11:14:14.720838 | > DO_CALL (0.001s wait)
.2020-01-21 11:14:14.726009 | eval'd: drake::cmq_buildtargetmetadepsspecht_is_subtargetconfig
2020-01-21 11:14:18.177597 | > DO_CALL (0.001s wait)
.2020-01-21 11:14:18.183755 | eval'd: drake::cmq_buildtargetmetadepsspecht_is_subtargetconfig
2020-01-21 11:14:22.446595 | > DO_CALL (0.001s wait)
.
2020-01-21 11:14:22.469819 | eval'd: drake::cmq_buildtargetmetadepsspecht_is_subtargetconfig
2020-01-21 11:14:27.940575 | > DO_CALL (0.001s wait)
.2020-01-21 11:14:27.947901 | eval'd: drake::cmq_buildtargetmetadepsspecht_is_subtargetconfig
2020-01-21 11:14:31.533619 | > DO_CALL (0.001s wait)
.2020-01-21 11:14:31.537842 | eval'd: drake::cmq_buildtargetmetadepsspecht_is_subtargetconfig
2020-01-21 11:14:35.016615 | > DO_CALL (0.001s wait)
.2020-01-21 11:14:35.022394 | eval'd: drake::cmq_buildtargetmetadepsspecht_is_subtargetconfig
2020-01-21 11:14:38.411091 | > DO_CALL (0.001s wait)
.2020-01-21 11:14:38.416991 | eval'd: drake::cmq_buildtargetmetadepsspecht_is_subtargetconfig
2020-01-21 11:14:42.003373 | > DO_CALL (0.000s wait)
.2020-01-21 11:14:42.007690 | eval'd: drake::cmq_buildtargetmetadepsspecht_is_subtargetconfig
2020-01-21 11:14:45.440581 | > DO_CALL (0.001s wait)
.2020-01-21 11:14:45.445276 | eval'd: drake::cmq_buildtargetmetadepsspecht_is_subtargetconfig
2020-01-21 11:14:48.755062 | > DO_CALL (0.000s wait)
.2020-01-21 11:14:48.760008 | eval'd: drake::cmq_buildtargetmetadepsspecht_is_subtargetconfig
2020-01-21 11:14:52.176621 | > DO_CALL (0.001s wait)
.2020-01-21 11:14:52.180970 | eval'd: drake::cmq_buildtargetmetadepsspecht_is_subtargetconfig
2020-01-21 11:14:55.569938 | > DO_CALL (0.000s wait)
.2020-01-21 11:14:55.574604 | eval'd: drake::cmq_buildtargetmetadepsspecht_is_subtargetconfig
2020-01-21 11:14:59.011857 | > DO_CALL (0.001s wait)
.2020-01-21 11:14:59.017722 | eval'd: drake::cmq_buildtargetmetadepsspecht_is_subtargetconfig
2020-01-21 11:15:02.363785 | > DO_CALL (0.001s wait)
.2020-01-21 11:15:02.368475 | eval'd: drake::cmq_buildtargetmetadepsspecht_is_subtargetconfig
2020-01-21 11:15:05.841821 | > DO_CALL (0.001s wait)
.2020-01-21 11:15:05.848169 | eval'd: drake::cmq_buildtargetmetadepsspecht_is_subtargetconfig
2020-01-21 11:15:09.321072 | > DO_CALL (0.000s wait)
.2020-01-21 11:15:09.326304 | eval'd: drake::cmq_buildtargetmetadepsspecht_is_subtargetconfig
2020-01-21 11:15:13.363912 | > DO_CALL (0.000s wait)
.2020-01-21 11:15:13.368919 | eval'd: drake::cmq_buildtargetmetadepsspecht_is_subtargetconfig
2020-01-21 11:15:16.948187 | > DO_CALL (0.000s wait)
.2020-01-21 11:15:16.953199 | eval'd: drake::cmq_buildtargetmetadepsspecht_is_subtargetconfig
2020-01-21 11:15:21.172462 | > DO_CALL (0.000s wait)
.2020-01-21 11:15:21.177068 | eval'd: drake::cmq_buildtargetmetadepsspecht_is_subtargetconfig
2020-01-21 11:15:24.502699 | > DO_CALL (0.001s wait)
.2020-01-21 11:15:24.507141 | eval'd: drake::cmq_buildtargetmetadepsspecht_is_subtargetconfig
2020-01-21 11:15:30.102673 | > DO_CALL (0.001s wait)
.2020-01-21 11:15:30.107060 | eval'd: drake::cmq_buildtargetmetadepsspecht_is_subtargetconfig
2020-01-21 11:15:33.561092 | > DO_CALL (0.000s wait)
.2020-01-21 11:15:33.566072 | eval'd: drake::cmq_buildtargetmetadepsspecht_is_subtargetconfig
2020-01-21 11:15:36.879470 | > DO_CALL (0.000s wait)
.2020-01-21 11:15:36.884461 | eval'd: drake::cmq_buildtargetmetadepsspecht_is_subtargetconfig
2020-01-21 11:15:40.415798 | > DO_CALL (0.001s wait)
.2020-01-21 11:15:40.421611 | eval'd: drake::cmq_buildtargetmetadepsspecht_is_subtargetconfig
2020-01-21 11:15:43.765390 | > DO_CALL (0.000s wait)
.2020-01-21 11:15:43.771234 | eval'd: drake::cmq_buildtargetmetadepsspecht_is_subtargetconfig
2020-01-21 11:15:47.353861 | > DO_CALL (0.000s wait)
.2020-01-21 11:15:47.358498 | eval'd: drake::cmq_buildtargetmetadepsspecht_is_subtargetconfig
2020-01-21 11:15:51.595289 | > DO_CALL (0.000s wait)
.2020-01-21 11:15:51.599492 | eval'd: drake::cmq_buildtargetmetadepsspecht_is_subtargetconfig
2020-01-21 11:15:54.872780 | > DO_CALL (0.001s wait)
.2020-01-21 11:15:54.877926 | eval'd: drake::cmq_buildtargetmetadepsspecht_is_subtargetconfig
2020-01-21 11:15:58.251648 | > DO_CALL (0.001s wait)
.2020-01-21 11:15:58.255973 | eval'd: drake::cmq_buildtargetmetadepsspecht_is_subtargetconfig
2020-01-21 11:16:01.653581 | > DO_CALL (0.001s wait)
.2020-01-21 11:16:01.657714 | eval'd: drake::cmq_buildtargetmetadepsspecht_is_subtargetconfig
2020-01-21 11:16:04.942642 | > DO_CALL (0.001s wait)
.2020-01-21 11:16:04.947199 | eval'd: drake::cmq_buildtargetmetadepsspecht_is_subtargetconfig
2020-01-21 11:16:08.407478 | > DO_CALL (0.000s wait)
.2020-01-21 11:16:08.412892 | eval'd: drake::cmq_buildtargetmetadepsspecht_is_subtargetconfig
2020-01-21 11:16:11.804576 | > DO_CALL (0.001s wait)
.2020-01-21 11:16:11.808798 | eval'd: drake::cmq_buildtargetmetadepsspecht_is_subtargetconfig
2020-01-21 11:16:15.627744 | > DO_CALL (0.001s wait)
.2020-01-21 11:16:15.632414 | eval'd: drake::cmq_buildtargetmetadepsspecht_is_subtargetconfig
2020-01-21 11:16:18.987699 | > DO_CALL (0.001s wait)
.2020-01-21 11:16:18.992980 | eval'd: drake::cmq_buildtargetmetadepsspecht_is_subtargetconfig
2020-01-21 11:16:22.471083 | > DO_CALL (0.000s wait)
.2020-01-21 11:16:22.475997 | eval'd: drake::cmq_buildtargetmetadepsspecht_is_subtargetconfig
2020-01-21 11:16:25.853061 | > DO_CALL (0.000s wait)
.2020-01-21 11:16:25.857982 | eval'd: drake::cmq_buildtargetmetadepsspecht_is_subtargetconfig
2020-01-21 11:16:29.411697 | > DO_CALL (0.001s wait)
.2020-01-21 11:16:29.417446 | eval'd: drake::cmq_buildtargetmetadepsspecht_is_subtargetconfig
2020-01-21 11:16:34.312879 | > DO_CALL (0.000s wait)
.2020-01-21 11:16:34.317434 | eval'd: drake::cmq_buildtargetmetadepsspecht_is_subtargetconfig
2020-01-21 11:16:37.759365 | > DO_CALL (0.000s wait)
.2020-01-21 11:16:37.764518 | eval'd: drake::cmq_buildtargetmetadepsspecht_is_subtargetconfig
2020-01-21 11:16:42.022148 | > DO_CALL (0.000s wait)
.2020-01-21 11:16:42.026836 | eval'd: drake::cmq_buildtargetmetadepsspecht_is_subtargetconfig
2020-01-21 11:16:45.412668 | > DO_CALL (0.001s wait)
.2020-01-21 11:16:45.418756 | eval'd: drake::cmq_buildtargetmetadepsspecht_is_subtargetconfig
2020-01-21 11:16:48.870622 | > DO_CALL (0.001s wait)
.2020-01-21 11:16:48.874617 | eval'd: drake::cmq_buildtargetmetadepsspecht_is_subtargetconfig
2020-01-21 11:16:52.285126 | > DO_CALL (0.000s wait)
.2020-01-21 11:16:52.289157 | eval'd: drake::cmq_buildtargetmetadepsspecht_is_subtargetconfig
2020-01-21 11:16:55.609739 | > DO_CALL (0.001s wait)
.2020-01-21 11:16:55.613934 | eval'd: drake::cmq_buildtargetmetadepsspecht_is_subtargetconfig
2020-01-21 11:16:58.840892 | > WORKER_WAIT (0.000s wait)
2020-01-21 11:16:58.841348 | waiting 2.50s
2020-01-21 11:19:41.992668 | > WORKER_WAIT (0.000s wait)
2020-01-21 11:19:42.571140 | waiting 2.50s
Error in clustermq:::worker("tcp://c24a-s1:7958") : 
  Timeout reached, terminating
Execution halted
