2020-08-01 14:21:13.621821 | Master: tcp://c22a-s1.ufhpc:6107
2020-08-01 14:21:13.666234 | WORKER_UP to: tcp://c22a-s1.ufhpc:6107
2020-08-01 14:21:29.962510 | > DO_SETUP (4.121s wait)
2020-08-01 14:21:29.963057 | token from msg: set_common_data_token
2020-08-01 14:21:36.081049 | > DO_CALL (4.608s wait)
* Option 'clustermq.scheduler' not set, defaulting to ‘SLURM’
--- see: https://mschubert.github.io/clustermq/articles/userguide.html#configuration
2020-08-01 14:21:50.453048 | eval'd: drake::cmq_buildtargetmetadepsspecconfig_tmpconfig
2020-08-01 14:21:52.751007 | > DO_CALL (1.150s wait)
2020-08-01 14:22:41.127962 | eval'd: drake::cmq_buildtargetmetadepsspecconfig_tmpconfig
2020-08-01 14:22:46.423087 | > DO_CALL (1.898s wait)
2020-08-01 14:25:44.441105 | eval'd: drake::cmq_buildtargetmetadepsspecconfig_tmpconfig
2020-08-01 14:25:52.607023 | > DO_CALL (1.816s wait)
2020-08-01 14:26:45.881779 | eval'd: drake::cmq_buildtargetmetadepsspecconfig_tmpconfig
2020-08-01 14:26:55.080012 | > DO_CALL (1.213s wait)
2020-08-01 14:27:14.276459 | eval'd: drake::cmq_buildtargetmetadepsspecconfig_tmpconfig
2020-08-01 14:27:16.636238 | > DO_CALL (1.173s wait)
2020-08-01 14:29:30.656406 | eval'd: drake::cmq_buildtargetmetadepsspecconfig_tmpconfig
2020-08-01 14:29:38.493399 | > DO_CALL (1.135s wait)
2020-08-01 14:30:26.993093 | eval'd: drake::cmq_buildtargetmetadepsspecconfig_tmpconfig
2020-08-01 14:30:30.184074 | > DO_CALL (1.149s wait)
2020-08-01 14:31:26.238375 | eval'd: drake::cmq_buildtargetmetadepsspecconfig_tmpconfig
2020-08-01 14:31:29.106101 | > DO_CALL (1.137s wait)
2020-08-01 14:33:09.391570 | eval'd: drake::cmq_buildtargetmetadepsspecconfig_tmpconfig
2020-08-01 14:33:13.954278 | > DO_CALL (1.331s wait)
2020-08-01 14:33:52.950335 | eval'd: drake::cmq_buildtargetmetadepsspecconfig_tmpconfig
2020-08-01 14:33:59.560425 | > DO_CALL (1.148s wait)
2020-08-01 14:35:12.102768 | eval'd: drake::cmq_buildtargetmetadepsspecconfig_tmpconfig
2020-08-01 14:35:15.715791 | > DO_CALL (1.206s wait)
2020-08-01 14:36:39.164896 | eval'd: drake::cmq_buildtargetmetadepsspecconfig_tmpconfig
2020-08-01 14:36:43.641991 | > DO_CALL (1.195s wait)
2020-08-01 14:37:09.502535 | eval'd: drake::cmq_buildtargetmetadepsspecconfig_tmpconfig
2020-08-01 14:37:12.028740 | > DO_CALL (1.163s wait)
2020-08-01 14:38:06.306128 | eval'd: drake::cmq_buildtargetmetadepsspecconfig_tmpconfig
2020-08-01 14:38:09.810981 | > DO_CALL (1.154s wait)
2020-08-01 14:40:38.112367 | eval'd: drake::cmq_buildtargetmetadepsspecconfig_tmpconfig
2020-08-01 14:40:46.721386 | > DO_CALL (1.315s wait)
2020-08-01 14:41:26.538811 | eval'd: drake::cmq_buildtargetmetadepsspecconfig_tmpconfig
2020-08-01 14:41:29.826105 | > DO_CALL (1.239s wait)
2020-08-01 14:44:48.993223 | eval'd: drake::cmq_buildtargetmetadepsspecconfig_tmpconfig
2020-08-01 14:45:01.529733 | > DO_CALL (1.357s wait)
2020-08-01 14:45:32.858424 | eval'd: drake::cmq_buildtargetmetadepsspecconfig_tmpconfig
2020-08-01 14:45:35.641365 | > DO_CALL (1.175s wait)
2020-08-01 14:47:15.422599 | eval'd: drake::cmq_buildtargetmetadepsspecconfig_tmpconfig
2020-08-01 14:47:23.737591 | > DO_CALL (1.310s wait)
2020-08-01 14:48:19.892269 | eval'd: drake::cmq_buildtargetmetadepsspecconfig_tmpconfig
2020-08-01 14:48:25.927052 | > DO_CALL (0.174s wait)
2020-08-01 14:48:28.372743 | eval'd: drake::cmq_buildtargetmetadepsspecconfig_tmpconfig
2020-08-01 14:48:39.028679 | > DO_CALL (0.090s wait)
2020-08-01 14:48:41.968095 | eval'd: drake::cmq_buildtargetmetadepsspecconfig_tmpconfig
2020-08-01 14:48:52.971765 | > DO_CALL (0.089s wait)
2020-08-01 14:48:55.281367 | eval'd: drake::cmq_buildtargetmetadepsspecconfig_tmpconfig
2020-08-01 14:49:03.933609 | > DO_CALL (0.110s wait)
2020-08-01 14:49:06.388216 | eval'd: drake::cmq_buildtargetmetadepsspecconfig_tmpconfig
2020-08-01 14:49:10.359099 | > DO_CALL (0.178s wait)
2020-08-01 14:49:12.799583 | eval'd: drake::cmq_buildtargetmetadepsspecconfig_tmpconfig
2020-08-01 14:49:18.233376 | > DO_CALL (0.456s wait)
2020-08-01 14:49:20.878606 | eval'd: drake::cmq_buildtargetmetadepsspecconfig_tmpconfig
2020-08-01 14:49:29.463775 | > DO_CALL (0.020s wait)
2020-08-01 14:49:31.801549 | eval'd: drake::cmq_buildtargetmetadepsspecconfig_tmpconfig
2020-08-01 14:49:38.331086 | > DO_CALL (0.041s wait)
2020-08-01 14:49:40.673858 | eval'd: drake::cmq_buildtargetmetadepsspecconfig_tmpconfig
2020-08-01 14:49:53.327497 | > DO_CALL (0.253s wait)
2020-08-01 14:49:55.866674 | eval'd: drake::cmq_buildtargetmetadepsspecconfig_tmpconfig
2020-08-01 14:50:02.775382 | > DO_CALL (0.153s wait)
2020-08-01 14:50:05.296427 | eval'd: drake::cmq_buildtargetmetadepsspecconfig_tmpconfig
2020-08-01 14:50:14.400154 | > DO_CALL (0.087s wait)
2020-08-01 14:50:16.820450 | eval'd: drake::cmq_buildtargetmetadepsspecconfig_tmpconfig
2020-08-01 14:50:23.883852 | > DO_CALL (0.048s wait)
2020-08-01 14:50:26.285001 | eval'd: drake::cmq_buildtargetmetadepsspecconfig_tmpconfig
2020-08-01 14:50:36.363874 | > DO_CALL (0.040s wait)
2020-08-01 14:50:38.733638 | eval'd: drake::cmq_buildtargetmetadepsspecconfig_tmpconfig
2020-08-01 14:50:44.159742 | > DO_CALL (0.168s wait)
2020-08-01 14:50:46.590205 | eval'd: drake::cmq_buildtargetmetadepsspecconfig_tmpconfig
2020-08-01 14:50:57.490607 | > DO_CALL (0.191s wait)
2020-08-01 14:51:00.051579 | eval'd: drake::cmq_buildtargetmetadepsspecconfig_tmpconfig
2020-08-01 14:51:16.109597 | > DO_CALL (0.054s wait)
2020-08-01 14:51:18.537899 | eval'd: drake::cmq_buildtargetmetadepsspecconfig_tmpconfig
2020-08-01 14:51:30.406973 | > DO_CALL (0.691s wait)
2020-08-01 14:51:33.232265 | eval'd: drake::cmq_buildtargetmetadepsspecconfig_tmpconfig
2020-08-01 14:51:38.835114 | > DO_CALL (0.087s wait)
2020-08-01 14:51:41.376837 | eval'd: drake::cmq_buildtargetmetadepsspecconfig_tmpconfig
2020-08-01 14:51:49.026296 | > DO_CALL (0.112s wait)
2020-08-01 14:51:51.644530 | eval'd: drake::cmq_buildtargetmetadepsspecconfig_tmpconfig
2020-08-01 14:52:03.926738 | > DO_CALL (0.424s wait)
2020-08-01 14:52:06.674788 | eval'd: drake::cmq_buildtargetmetadepsspecconfig_tmpconfig
2020-08-01 14:52:17.854810 | > DO_CALL (0.015s wait)
2020-08-01 14:52:20.284688 | eval'd: drake::cmq_buildtargetmetadepsspecconfig_tmpconfig
2020-08-01 14:52:39.674912 | > DO_CALL (0.340s wait)
2020-08-01 14:52:42.314953 | eval'd: drake::cmq_buildtargetmetadepsspecconfig_tmpconfig
2020-08-01 14:52:54.128201 | > DO_CALL (0.473s wait)
2020-08-01 14:52:56.891953 | eval'd: drake::cmq_buildtargetmetadepsspecconfig_tmpconfig
2020-08-01 14:53:08.452484 | > DO_CALL (0.014s wait)
2020-08-01 14:53:10.939526 | eval'd: drake::cmq_buildtargetmetadepsspecconfig_tmpconfig
2020-08-01 14:53:11.022287 | > DO_CALL (0.002s wait)
Joining, by = c("dat", "site", "s0", "n0")
2020-08-01 14:53:12.345854 | eval'd: drake::cmq_buildtargetmetadepsspecconfig_tmpconfig
2020-08-01 14:53:12.544555 | > DO_CALL (0.002s wait)
Joining, by = c("dat", "site", "s0", "n0")
2020-08-01 14:53:14.537321 | eval'd: drake::cmq_buildtargetmetadepsspecconfig_tmpconfig
2020-08-01 14:53:16.541267 | > DO_CALL (0.002s wait)
Joining, by = c("dat", "site", "s0", "n0")
2020-08-01 14:53:17.862520 | eval'd: drake::cmq_buildtargetmetadepsspecconfig_tmpconfig
2020-08-01 14:53:18.131006 | > DO_CALL (0.002s wait)
Joining, by = c("dat", "site", "s0", "n0")
2020-08-01 14:53:19.472712 | eval'd: drake::cmq_buildtargetmetadepsspecconfig_tmpconfig
2020-08-01 14:53:19.626887 | > DO_CALL (0.002s wait)
Joining, by = c("dat", "site", "s0", "n0")
2020-08-01 14:53:20.986982 | eval'd: drake::cmq_buildtargetmetadepsspecconfig_tmpconfig
2020-08-01 14:53:21.130936 | > DO_CALL (0.002s wait)
Joining, by = c("dat", "site", "s0", "n0")
2020-08-01 14:53:22.488218 | eval'd: drake::cmq_buildtargetmetadepsspecconfig_tmpconfig
2020-08-01 14:53:22.536368 | > DO_CALL (0.002s wait)
Joining, by = c("dat", "site", "s0", "n0")
2020-08-01 14:53:23.922058 | eval'd: drake::cmq_buildtargetmetadepsspecconfig_tmpconfig
2020-08-01 14:53:23.969074 | > DO_CALL (0.002s wait)
Joining, by = c("dat", "site", "s0", "n0")
2020-08-01 14:53:25.314772 | eval'd: drake::cmq_buildtargetmetadepsspecconfig_tmpconfig
2020-08-01 14:53:27.367504 | > DO_CALL (0.002s wait)
Joining, by = c("dat", "site", "s0", "n0")
2020-08-01 14:53:28.719634 | eval'd: drake::cmq_buildtargetmetadepsspecconfig_tmpconfig
2020-08-01 14:53:28.846508 | > DO_CALL (0.002s wait)
Joining, by = c("dat", "site", "s0", "n0")
2020-08-01 14:53:30.206989 | eval'd: drake::cmq_buildtargetmetadepsspecconfig_tmpconfig
2020-08-01 14:53:31.934039 | > DO_CALL (0.002s wait)
Joining, by = c("dat", "site", "s0", "n0")
2020-08-01 14:53:33.291739 | eval'd: drake::cmq_buildtargetmetadepsspecconfig_tmpconfig
2020-08-01 14:53:33.341449 | > DO_CALL (0.002s wait)
Joining, by = c("dat", "site", "s0", "n0")
2020-08-01 14:53:34.675832 | eval'd: drake::cmq_buildtargetmetadepsspecconfig_tmpconfig
2020-08-01 14:53:35.533009 | > DO_CALL (0.002s wait)
Joining, by = c("dat", "site", "s0", "n0")
2020-08-01 14:53:36.881609 | eval'd: drake::cmq_buildtargetmetadepsspecconfig_tmpconfig
2020-08-01 14:53:37.294566 | > DO_CALL (0.002s wait)
Joining, by = c("dat", "site", "s0", "n0")
2020-08-01 14:53:38.642406 | eval'd: drake::cmq_buildtargetmetadepsspecconfig_tmpconfig
2020-08-01 14:53:38.688500 | > DO_CALL (0.002s wait)
Joining, by = c("dat", "site", "s0", "n0")
2020-08-01 14:53:40.019901 | eval'd: drake::cmq_buildtargetmetadepsspecconfig_tmpconfig
2020-08-01 14:53:44.359117 | > DO_CALL (0.002s wait)
Joining, by = c("dat", "site", "s0", "n0")
2020-08-01 14:53:45.735410 | eval'd: drake::cmq_buildtargetmetadepsspecconfig_tmpconfig
2020-08-01 14:53:45.809832 | > DO_CALL (0.002s wait)
Joining, by = c("dat", "site", "s0", "n0")
2020-08-01 14:53:47.170192 | eval'd: drake::cmq_buildtargetmetadepsspecconfig_tmpconfig
2020-08-01 14:53:47.286757 | > DO_CALL (0.002s wait)
Joining, by = c("dat", "site", "s0", "n0")
2020-08-01 14:53:48.636035 | eval'd: drake::cmq_buildtargetmetadepsspecconfig_tmpconfig
2020-08-01 14:53:48.883019 | > DO_CALL (0.002s wait)
Joining, by = c("dat", "site", "s0", "n0")
2020-08-01 14:53:50.226896 | eval'd: drake::cmq_buildtargetmetadepsspecconfig_tmpconfig
2020-08-01 14:53:50.276698 | > DO_CALL (0.002s wait)
Joining, by = c("dat", "site", "s0", "n0")
2020-08-01 14:53:51.617382 | eval'd: drake::cmq_buildtargetmetadepsspecconfig_tmpconfig
2020-08-01 14:53:51.661392 | > DO_CALL (0.002s wait)
Joining, by = c("dat", "site", "s0", "n0")
2020-08-01 14:53:52.988064 | eval'd: drake::cmq_buildtargetmetadepsspecconfig_tmpconfig
2020-08-01 14:53:56.441690 | > DO_CALL (0.002s wait)
Joining, by = c("dat", "site", "s0", "n0")
2020-08-01 14:53:57.788161 | eval'd: drake::cmq_buildtargetmetadepsspecconfig_tmpconfig
2020-08-01 14:53:57.931491 | > DO_CALL (0.002s wait)
Joining, by = c("dat", "site", "s0", "n0")
2020-08-01 14:53:59.276645 | eval'd: drake::cmq_buildtargetmetadepsspecconfig_tmpconfig
2020-08-01 14:53:59.325800 | > DO_CALL (0.002s wait)
Joining, by = c("dat", "site", "s0", "n0")
2020-08-01 14:54:00.676558 | eval'd: drake::cmq_buildtargetmetadepsspecconfig_tmpconfig
2020-08-01 14:54:00.739078 | > DO_CALL (0.002s wait)
Joining, by = c("dat", "site", "s0", "n0")
2020-08-01 14:54:02.086880 | eval'd: drake::cmq_buildtargetmetadepsspecconfig_tmpconfig
2020-08-01 14:54:02.131996 | > DO_CALL (0.002s wait)
Joining, by = c("dat", "site", "s0", "n0")
2020-08-01 14:54:03.469777 | eval'd: drake::cmq_buildtargetmetadepsspecconfig_tmpconfig
2020-08-01 14:54:03.552419 | > DO_CALL (0.002s wait)
Joining, by = c("dat", "site", "s0", "n0")
2020-08-01 14:54:04.878266 | eval'd: drake::cmq_buildtargetmetadepsspecconfig_tmpconfig
2020-08-01 14:54:04.904115 | > WORKER_WAIT (0.000s wait)
2020-08-01 14:54:04.904353 | waiting 1.00s
2020-08-01 14:54:06.580217 | > WORKER_WAIT (0.001s wait)
2020-08-01 14:54:06.580605 | waiting 1.00s
2020-08-01 14:54:08.303472 | > WORKER_WAIT (0.000s wait)
2020-08-01 14:54:08.303804 | waiting 1.00s
2020-08-01 14:54:35.356453 | > WORKER_STOP (0.000s wait)
2020-08-01 14:54:35.356880 | shutting down worker
2020-08-01 14:54:36.024689 | 
Total: 71 in 1631.73s [user], 11.85s [system], 2001.69s [elapsed]
