2019-11-11 08:20:33.032451 | Master: tcp://c10a-s10:6315
2019-11-11 08:20:33.058253 | WORKER_UP to: tcp://c10a-s10:6315
2019-11-11 08:20:37.748275 | > DO_SETUP (2.540s wait)
2019-11-11 08:20:37.748732 | token from msg: set_common_data_token
2019-11-11 08:20:59.990640 | > DO_CALL (5.115s wait)
.
* Option 'clustermq.scheduler' not set, defaulting to ‘SLURM’
--- see: https://mschubert.github.io/clustermq/articles/userguide.html#configuration
2019-11-11 08:21:01.494635 | eval'd: drake::cmq_buildtargetmetadepslayoutconfig
2019-11-11 08:21:49.156367 | > DO_CALL (2.324s wait)
.2019-11-11 08:21:49.342171 | eval'd: drake::cmq_buildtargetmetadepslayoutconfig
2019-11-11 08:22:42.495842 | > DO_CALL (2.860s wait)
.2019-11-11 08:22:42.561923 | eval'd: drake::cmq_buildtargetmetadepslayoutconfig
2019-11-11 08:23:34.522966 | > DO_CALL (2.719s wait)
.2019-11-11 08:23:34.705392 | eval'd: drake::cmq_buildtargetmetadepslayoutconfig
2019-11-11 08:24:25.472292 | > DO_CALL (1.990s wait)
.2019-11-11 08:24:25.555938 | eval'd: drake::cmq_buildtargetmetadepslayoutconfig
2019-11-11 08:25:19.906395 | > DO_CALL (2.889s wait)
.2019-11-11 08:25:19.964054 | eval'd: drake::cmq_buildtargetmetadepslayoutconfig
2019-11-11 08:26:11.118280 | > DO_CALL (1.897s wait)
.2019-11-11 08:26:11.420720 | eval'd: drake::cmq_buildtargetmetadepslayoutconfig
2019-11-11 08:27:03.876147 | > DO_CALL (2.693s wait)
.2019-11-11 08:27:03.916362 | eval'd: drake::cmq_buildtargetmetadepslayoutconfig
2019-11-11 08:27:54.988411 | > DO_CALL (1.930s wait)
.2019-11-11 08:27:55.313382 | eval'd: drake::cmq_buildtargetmetadepslayoutconfig
2019-11-11 08:28:47.855989 | > DO_CALL (2.500s wait)
.2019-11-11 08:28:47.920982 | eval'd: drake::cmq_buildtargetmetadepslayoutconfig
2019-11-11 08:29:39.828670 | > DO_CALL (1.902s wait)
.2019-11-11 08:29:40.154844 | eval'd: drake::cmq_buildtargetmetadepslayoutconfig
2019-11-11 08:30:32.579162 | > DO_CALL (2.629s wait)
.2019-11-11 08:30:32.666813 | eval'd: drake::cmq_buildtargetmetadepslayoutconfig
2019-11-11 08:31:24.131330 | > DO_CALL (1.901s wait)
.2019-11-11 08:31:24.435077 | eval'd: drake::cmq_buildtargetmetadepslayoutconfig
2019-11-11 08:32:17.262322 | > DO_CALL (2.679s wait)
.2019-11-11 08:32:17.429163 | eval'd: drake::cmq_buildtargetmetadepslayoutconfig
2019-11-11 08:33:09.092100 | > DO_CALL (1.918s wait)
.2019-11-11 08:33:09.414686 | eval'd: drake::cmq_buildtargetmetadepslayoutconfig
2019-11-11 08:34:02.128274 | > DO_CALL (2.545s wait)
.2019-11-11 08:34:02.299728 | eval'd: drake::cmq_buildtargetmetadepslayoutconfig
2019-11-11 08:34:53.546443 | > DO_CALL (1.921s wait)
.2019-11-11 08:34:53.895682 | eval'd: drake::cmq_buildtargetmetadepslayoutconfig
2019-11-11 08:35:46.604398 | > DO_CALL (2.708s wait)
.2019-11-11 08:35:46.663971 | eval'd: drake::cmq_buildtargetmetadepslayoutconfig
2019-11-11 08:36:38.395999 | > DO_CALL (1.928s wait)
.2019-11-11 08:36:38.743221 | eval'd: drake::cmq_buildtargetmetadepslayoutconfig
2019-11-11 08:37:31.323057 | > DO_CALL (2.685s wait)
.2019-11-11 08:37:31.517648 | eval'd: drake::cmq_buildtargetmetadepslayoutconfig
2019-11-11 08:38:22.864085 | > DO_CALL (1.960s wait)
.2019-11-11 08:38:23.242262 | eval'd: drake::cmq_buildtargetmetadepslayoutconfig
2019-11-11 08:39:16.696114 | > DO_CALL (2.496s wait)
.2019-11-11 08:39:16.827718 | eval'd: drake::cmq_buildtargetmetadepslayoutconfig
2019-11-11 08:40:08.622115 | > DO_CALL (2.021s wait)
.2019-11-11 08:40:09.550726 | eval'd: drake::cmq_buildtargetmetadepslayoutconfig
2019-11-11 08:41:00.342276 | > DO_CALL (1.704s wait)
.2019-11-11 08:41:00.614093 | eval'd: drake::cmq_buildtargetmetadepslayoutconfig
2019-11-11 08:41:52.694419 | > DO_CALL (1.984s wait)
.2019-11-11 08:41:52.851642 | eval'd: drake::cmq_buildtargetmetadepslayoutconfig
2019-11-11 08:42:45.134771 | > DO_CALL (2.113s wait)
.2019-11-11 08:42:45.208425 | eval'd: drake::cmq_buildtargetmetadepslayoutconfig
2019-11-11 08:43:38.158132 | > DO_CALL (2.787s wait)
.2019-11-11 08:43:38.275160 | eval'd: drake::cmq_buildtargetmetadepslayoutconfig
2019-11-11 08:44:30.239721 | > DO_CALL (1.942s wait)
.2019-11-11 08:44:30.591549 | eval'd: drake::cmq_buildtargetmetadepslayoutconfig
2019-11-11 08:45:23.975584 | > DO_CALL (2.698s wait)
.2019-11-11 08:45:24.189703 | eval'd: drake::cmq_buildtargetmetadepslayoutconfig
2019-11-11 08:46:15.449224 | > DO_CALL (1.963s wait)
.2019-11-11 08:46:16.307971 | eval'd: drake::cmq_buildtargetmetadepslayoutconfig
2019-11-11 08:47:07.696853 | > DO_CALL (1.675s wait)
.2019-11-11 08:47:07.828234 | eval'd: drake::cmq_buildtargetmetadepslayoutconfig
2019-11-11 08:48:00.529329 | > DO_CALL (1.967s wait)
.2019-11-11 08:48:00.666278 | eval'd: drake::cmq_buildtargetmetadepslayoutconfig
2019-11-11 08:48:53.764808 | > DO_CALL (2.075s wait)
.2019-11-11 08:48:53.863733 | eval'd: drake::cmq_buildtargetmetadepslayoutconfig
2019-11-11 08:49:46.719559 | > DO_CALL (2.741s wait)
.2019-11-11 08:49:46.906825 | eval'd: drake::cmq_buildtargetmetadepslayoutconfig
2019-11-11 08:50:38.680253 | > DO_CALL (1.947s wait)
.2019-11-11 08:50:39.069481 | eval'd: drake::cmq_buildtargetmetadepslayoutconfig
2019-11-11 08:51:31.912077 | > DO_CALL (2.745s wait)
.2019-11-11 08:51:32.233346 | eval'd: drake::cmq_buildtargetmetadepslayoutconfig
2019-11-11 08:52:24.914729 | > DO_CALL (1.945s wait)
.2019-11-11 08:52:25.268536 | eval'd: drake::cmq_buildtargetmetadepslayoutconfig
2019-11-11 08:53:17.492945 | > DO_CALL (2.493s wait)
.2019-11-11 08:53:17.569835 | eval'd: drake::cmq_buildtargetmetadepslayoutconfig
2019-11-11 08:54:09.133243 | > DO_CALL (1.926s wait)
.2019-11-11 08:54:09.456979 | eval'd: drake::cmq_buildtargetmetadepslayoutconfig
2019-11-11 08:55:01.581951 | > DO_CALL (2.692s wait)
.2019-11-11 08:55:01.772979 | eval'd: drake::cmq_buildtargetmetadepslayoutconfig
2019-11-11 08:55:53.076613 | > DO_CALL (1.952s wait)
.2019-11-11 08:55:53.519393 | eval'd: drake::cmq_buildtargetmetadepslayoutconfig
2019-11-11 08:56:46.100003 | > DO_CALL (2.721s wait)
.2019-11-11 08:56:46.335014 | eval'd: drake::cmq_buildtargetmetadepslayoutconfig
2019-11-11 08:57:37.513366 | > DO_CALL (1.951s wait)
.2019-11-11 08:57:37.881680 | eval'd: drake::cmq_buildtargetmetadepslayoutconfig
2019-11-11 08:58:30.185291 | > DO_CALL (2.549s wait)
.2019-11-11 08:58:30.347165 | eval'd: drake::cmq_buildtargetmetadepslayoutconfig
2019-11-11 08:59:22.419462 | > DO_CALL (1.931s wait)
.2019-11-11 08:59:22.800270 | eval'd: drake::cmq_buildtargetmetadepslayoutconfig
2019-11-11 09:00:15.329525 | > DO_CALL (2.508s wait)
.2019-11-11 09:00:15.539891 | eval'd: drake::cmq_buildtargetmetadepslayoutconfig
2019-11-11 09:01:06.792420 | > DO_CALL (1.944s wait)
.2019-11-11 09:01:07.249536 | eval'd: drake::cmq_buildtargetmetadepslayoutconfig
2019-11-11 09:02:00.003516 | > DO_CALL (2.688s wait)
.2019-11-11 09:02:00.108348 | eval'd: drake::cmq_buildtargetmetadepslayoutconfig
