2020-01-21 10:07:29.895345 | Master: tcp://c24a-s1:6626
2020-01-21 10:07:29.937953 | WORKER_UP to: tcp://c24a-s1:6626
2020-01-21 10:07:32.502078 | > DO_SETUP (2.540s wait)
2020-01-21 10:07:32.502517 | token from msg: set_common_data_token
2020-01-21 10:07:32.806814 | > DO_CALL (0.001s wait)
.* Option 'clustermq.scheduler' not set, defaulting to ‘SLURM’
--- see: https://mschubert.github.io/clustermq/articles/userguide.html#configuration
2020-01-21 10:07:32.955643 | eval'd: drake::cmq_buildtargetmetadepsspecht_is_subtargetconfig
2020-01-21 10:07:33.564751 | > DO_CALL (0.001s wait)
.2020-01-21 10:07:33.757249 | eval'd: drake::cmq_buildtargetmetadepsspecht_is_subtargetconfig
2020-01-21 10:07:34.667185 | > DO_CALL (0.001s wait)
.2020-01-21 10:07:34.672612 | eval'd: drake::cmq_buildtargetmetadepsspecht_is_subtargetconfig
2020-01-21 10:07:36.268627 | > DO_CALL (0.001s wait)
.2020-01-21 10:07:36.274010 | eval'd: drake::cmq_buildtargetmetadepsspecht_is_subtargetconfig
2020-01-21 10:07:37.757853 | > DO_CALL (0.001s wait)
.2020-01-21 10:07:37.763562 | eval'd: drake::cmq_buildtargetmetadepsspecht_is_subtargetconfig
2020-01-21 10:07:39.340951 | > DO_CALL (0.001s wait)
.2020-01-21 10:07:39.346595 | eval'd: drake::cmq_buildtargetmetadepsspecht_is_subtargetconfig
2020-01-21 10:07:40.761419 | > DO_CALL (0.001s wait)
.2020-01-21 10:07:40.767800 | eval'd: drake::cmq_buildtargetmetadepsspecht_is_subtargetconfig
2020-01-21 10:07:42.255618 | > DO_CALL (0.001s wait)
.2020-01-21 10:07:42.261329 | eval'd: drake::cmq_buildtargetmetadepsspecht_is_subtargetconfig
2020-01-21 10:07:43.550157 | > DO_CALL (0.000s wait)
.
2020-01-21 10:07:43.555879 | eval'd: drake::cmq_buildtargetmetadepsspecht_is_subtargetconfig
2020-01-21 10:07:44.853703 | > DO_CALL (0.001s wait)
.2020-01-21 10:07:44.859469 | eval'd: drake::cmq_buildtargetmetadepsspecht_is_subtargetconfig
2020-01-21 10:07:46.020317 | > DO_CALL (0.001s wait)
.2020-01-21 10:07:46.026042 | eval'd: drake::cmq_buildtargetmetadepsspecht_is_subtargetconfig
2020-01-21 10:07:47.149758 | > DO_CALL (0.001s wait)
.2020-01-21 10:07:47.155498 | eval'd: drake::cmq_buildtargetmetadepsspecht_is_subtargetconfig
2020-01-21 10:07:48.324593 | > DO_CALL (0.001s wait)
.2020-01-21 10:07:48.330303 | eval'd: drake::cmq_buildtargetmetadepsspecht_is_subtargetconfig
2020-01-21 10:07:49.527435 | > DO_CALL (0.001s wait)
.2020-01-21 10:07:49.531977 | eval'd: drake::cmq_buildtargetmetadepsspecht_is_subtargetconfig
2020-01-21 10:07:50.838000 | > DO_CALL (0.001s wait)
.2020-01-21 10:07:50.844457 | eval'd: drake::cmq_buildtargetmetadepsspecht_is_subtargetconfig
2020-01-21 10:07:52.184662 | > DO_CALL (0.000s wait)
.2020-01-21 10:07:52.189121 | eval'd: drake::cmq_buildtargetmetadepsspecht_is_subtargetconfig
2020-01-21 10:07:53.407150 | > DO_CALL (0.000s wait)
.2020-01-21 10:07:53.413809 | eval'd: drake::cmq_buildtargetmetadepsspecht_is_subtargetconfig
2020-01-21 10:07:54.757086 | > DO_CALL (0.001s wait)
.2020-01-21 10:07:54.763870 | eval'd: drake::cmq_buildtargetmetadepsspecht_is_subtargetconfig
2020-01-21 10:07:55.992329 | > DO_CALL (0.001s wait)
.2020-01-21 10:07:55.999011 | eval'd: drake::cmq_buildtargetmetadepsspecht_is_subtargetconfig
2020-01-21 10:07:57.240099 | > DO_CALL (0.001s wait)
.2020-01-21 10:07:57.247016 | eval'd: drake::cmq_buildtargetmetadepsspecht_is_subtargetconfig
2020-01-21 10:07:58.395483 | > DO_CALL (0.001s wait)
.2020-01-21 10:07:58.402156 | eval'd: drake::cmq_buildtargetmetadepsspecht_is_subtargetconfig
2020-01-21 10:07:59.644763 | > DO_CALL (0.001s wait)
.2020-01-21 10:07:59.651389 | eval'd: drake::cmq_buildtargetmetadepsspecht_is_subtargetconfig
2020-01-21 10:08:00.713475 | > DO_CALL (0.001s wait)
.2020-01-21 10:08:00.720092 | eval'd: drake::cmq_buildtargetmetadepsspecht_is_subtargetconfig
2020-01-21 10:08:01.902093 | > DO_CALL (0.000s wait)
.2020-01-21 10:08:01.908508 | eval'd: drake::cmq_buildtargetmetadepsspecht_is_subtargetconfig
2020-01-21 10:08:03.015852 | > DO_CALL (0.001s wait)
.2020-01-21 10:08:03.022511 | eval'd: drake::cmq_buildtargetmetadepsspecht_is_subtargetconfig
2020-01-21 10:08:04.180886 | > DO_CALL (0.000s wait)
.2020-01-21 10:08:04.185359 | eval'd: drake::cmq_buildtargetmetadepsspecht_is_subtargetconfig
2020-01-21 10:08:05.488465 | > DO_CALL (0.001s wait)
.2020-01-21 10:08:05.495212 | eval'd: drake::cmq_buildtargetmetadepsspecht_is_subtargetconfig
2020-01-21 10:08:06.564582 | > DO_CALL (0.001s wait)
.2020-01-21 10:08:06.571235 | eval'd: drake::cmq_buildtargetmetadepsspecht_is_subtargetconfig
2020-01-21 10:08:08.413664 | > DO_CALL (0.001s wait)
.2020-01-21 10:08:08.420341 | eval'd: drake::cmq_buildtargetmetadepsspecht_is_subtargetconfig
2020-01-21 10:08:09.422449 | > DO_CALL (0.001s wait)
.2020-01-21 10:08:09.429409 | eval'd: drake::cmq_buildtargetmetadepsspecht_is_subtargetconfig
2020-01-21 10:08:10.565617 | > DO_CALL (0.001s wait)
.2020-01-21 10:08:10.572246 | eval'd: drake::cmq_buildtargetmetadepsspecht_is_subtargetconfig
2020-01-21 10:08:11.629550 | > DO_CALL (0.001s wait)
.2020-01-21 10:08:11.636222 | eval'd: drake::cmq_buildtargetmetadepsspecht_is_subtargetconfig
2020-01-21 10:08:12.788688 | > DO_CALL (0.001s wait)
.2020-01-21 10:08:12.795362 | eval'd: drake::cmq_buildtargetmetadepsspecht_is_subtargetconfig
2020-01-21 10:08:13.896942 | > DO_CALL (0.001s wait)
.2020-01-21 10:08:13.903958 | eval'd: drake::cmq_buildtargetmetadepsspecht_is_subtargetconfig
2020-01-21 10:08:15.027090 | > DO_CALL (0.000s wait)
.2020-01-21 10:08:15.032173 | eval'd: drake::cmq_buildtargetmetadepsspecht_is_subtargetconfig
2020-01-21 10:08:16.073606 | > DO_CALL (0.001s wait)
.2020-01-21 10:08:16.080363 | eval'd: drake::cmq_buildtargetmetadepsspecht_is_subtargetconfig
2020-01-21 10:08:17.281184 | > DO_CALL (0.001s wait)
.2020-01-21 10:08:17.287900 | eval'd: drake::cmq_buildtargetmetadepsspecht_is_subtargetconfig
2020-01-21 10:08:18.317591 | > DO_CALL (0.001s wait)
.2020-01-21 10:08:18.324265 | eval'd: drake::cmq_buildtargetmetadepsspecht_is_subtargetconfig
2020-01-21 10:08:19.385455 | > DO_CALL (0.001s wait)
.2020-01-21 10:08:19.392546 | eval'd: drake::cmq_buildtargetmetadepsspecht_is_subtargetconfig
2020-01-21 10:08:20.674063 | > DO_CALL (0.001s wait)
.2020-01-21 10:08:20.681207 | eval'd: drake::cmq_buildtargetmetadepsspecht_is_subtargetconfig
2020-01-21 10:08:21.800413 | > DO_CALL (0.001s wait)
.2020-01-21 10:08:21.811280 | eval'd: drake::cmq_buildtargetmetadepsspecht_is_subtargetconfig
2020-01-21 10:08:22.799910 | > DO_CALL (0.001s wait)
.2020-01-21 10:08:22.805486 | eval'd: drake::cmq_buildtargetmetadepsspecht_is_subtargetconfig
2020-01-21 10:08:26.065268 | > DO_CALL (0.001s wait)
.2020-01-21 10:08:26.070542 | eval'd: drake::cmq_buildtargetmetadepsspecht_is_subtargetconfig
2020-01-21 10:08:27.220423 | > DO_CALL (0.001s wait)
.2020-01-21 10:08:27.225901 | eval'd: drake::cmq_buildtargetmetadepsspecht_is_subtargetconfig
2020-01-21 10:08:28.288412 | > DO_CALL (0.001s wait)
.2020-01-21 10:08:28.293948 | eval'd: drake::cmq_buildtargetmetadepsspecht_is_subtargetconfig
2020-01-21 10:08:29.342157 | > DO_CALL (0.000s wait)
.2020-01-21 10:08:29.347423 | eval'd: drake::cmq_buildtargetmetadepsspecht_is_subtargetconfig
2020-01-21 10:08:30.445159 | > DO_CALL (0.000s wait)
.2020-01-21 10:08:30.712929 | eval'd: drake::cmq_buildtargetmetadepsspecht_is_subtargetconfig
2020-01-21 10:08:31.634606 | > DO_CALL (0.001s wait)
.2020-01-21 10:08:31.640162 | eval'd: drake::cmq_buildtargetmetadepsspecht_is_subtargetconfig
2020-01-21 10:08:32.693066 | > DO_CALL (0.000s wait)
.2020-01-21 10:08:32.698961 | eval'd: drake::cmq_buildtargetmetadepsspecht_is_subtargetconfig
2020-01-21 10:08:33.790858 | > DO_CALL (0.001s wait)
.2020-01-21 10:08:33.796571 | eval'd: drake::cmq_buildtargetmetadepsspecht_is_subtargetconfig
2020-01-21 10:08:34.863733 | > DO_CALL (0.001s wait)
.2020-01-21 10:08:34.869390 | eval'd: drake::cmq_buildtargetmetadepsspecht_is_subtargetconfig
2020-01-21 10:08:35.952073 | > DO_CALL (0.000s wait)
.2020-01-21 10:08:35.957304 | eval'd: drake::cmq_buildtargetmetadepsspecht_is_subtargetconfig
2020-01-21 10:08:37.008007 | > DO_CALL (0.000s wait)
.2020-01-21 10:08:37.013311 | eval'd: drake::cmq_buildtargetmetadepsspecht_is_subtargetconfig
2020-01-21 10:08:38.063501 | > DO_CALL (0.000s wait)
.2020-01-21 10:08:38.067562 | eval'd: drake::cmq_buildtargetmetadepsspecht_is_subtargetconfig
2020-01-21 10:08:39.141430 | > DO_CALL (0.001s wait)
.2020-01-21 10:08:39.147053 | eval'd: drake::cmq_buildtargetmetadepsspecht_is_subtargetconfig
2020-01-21 10:08:40.159112 | > DO_CALL (0.000s wait)
.2020-01-21 10:08:40.164381 | eval'd: drake::cmq_buildtargetmetadepsspecht_is_subtargetconfig
2020-01-21 10:08:41.190222 | > DO_CALL (0.001s wait)
.2020-01-21 10:08:41.195149 | eval'd: drake::cmq_buildtargetmetadepsspecht_is_subtargetconfig
2020-01-21 10:08:42.096930 | > WORKER_WAIT (0.000s wait)
2020-01-21 10:08:42.097301 | waiting 1.00s
2020-01-21 10:08:50.644996 | > WORKER_WAIT (0.000s wait)
2020-01-21 10:08:50.645422 | waiting 1.00s
2020-01-21 10:09:41.661173 | > WORKER_STOP (0.000s wait)
2020-01-21 10:09:41.664022 | shutting down worker
2020-01-21 10:09:41.836189 | 
Total: 57 in 2.32s [user], 0.28s [system], 131.72s [elapsed]
