2020-01-20 17:36:48.474800 | Master: tcp://c23a-s37:7983
2020-01-20 17:36:48.552784 | WORKER_UP to: tcp://c23a-s37:7983
2020-01-20 17:37:25.469423 | > DO_SETUP (26.540s wait)
2020-01-20 17:37:25.470629 | token from msg: set_common_data_token
2020-01-20 17:38:04.126362 | > DO_CALL (10.577s wait)
.* Option 'clustermq.scheduler' not set, defaulting to ‘SLURM’
--- see: https://mschubert.github.io/clustermq/articles/userguide.html#configuration
2020-01-20 17:38:32.765389 | eval'd: drake::cmq_buildtargetmetadepsspecht_is_subtargetconfig
2020-01-20 17:38:50.438210 | > DO_CALL (5.586s wait)
.2020-01-20 17:39:54.271328 | eval'd: drake::cmq_buildtargetmetadepsspecht_is_subtargetconfig
2020-01-20 17:40:04.548608 | > DO_CALL (5.519s wait)
.2020-01-20 17:40:10.390836 | eval'd: drake::cmq_buildtargetmetadepsspecht_is_subtargetconfig
2020-01-20 17:40:21.445249 | > DO_CALL (5.459s wait)
.2020-01-20 17:41:07.100004 | eval'd: drake::cmq_buildtargetmetadepsspecht_is_subtargetconfig
2020-01-20 17:41:19.308094 | > DO_CALL (5.467s wait)
.2020-01-20 17:42:56.741965 | eval'd: drake::cmq_buildtargetmetadepsspecht_is_subtargetconfig
2020-01-20 17:43:36.986169 | > DO_CALL (6.524s wait)
.2020-01-20 17:43:40.553733 | eval'd: drake::cmq_buildtargetmetadepsspecht_is_subtargetconfig
2020-01-20 17:44:02.125598 | > DO_CALL (5.379s wait)
.2020-01-20 17:44:51.457897 | eval'd: drake::cmq_buildtargetmetadepsspecht_is_subtargetconfig
2020-01-20 17:45:07.844889 | > DO_CALL (5.212s wait)
.2020-01-20 17:45:13.410331 | eval'd: drake::cmq_buildtargetmetadepsspecht_is_subtargetconfig
2020-01-20 17:45:31.193448 | > DO_CALL (6.389s wait)
.2020-01-20 17:45:40.669316 | eval'd: drake::cmq_buildtargetmetadepsspecht_is_subtargetconfig
2020-01-20 17:45:54.193436 | > DO_CALL (6.428s wait)
.2020-01-20 17:46:02.591230 | eval'd: drake::cmq_buildtargetmetadepsspecht_is_subtargetconfig
2020-01-20 17:46:20.570350 | > DO_CALL (5.475s wait)
.2020-01-20 17:46:30.978583 | eval'd: drake::cmq_buildtargetmetadepsspecht_is_subtargetconfig
2020-01-20 17:46:49.157099 | > DO_CALL (5.286s wait)
.2020-01-20 17:47:52.017459 | eval'd: drake::cmq_buildtargetmetadepsspecht_is_subtargetconfig
2020-01-20 17:48:04.003097 | > DO_CALL (5.203s wait)
.2020-01-20 17:48:24.418505 | eval'd: drake::cmq_buildtargetmetadepsspecht_is_subtargetconfig
2020-01-20 17:48:38.564087 | > DO_CALL (5.556s wait)
.2020-01-20 17:49:13.911945 | eval'd: drake::cmq_buildtargetmetadepsspecht_is_subtargetconfig
2020-01-20 17:49:26.437482 | > DO_CALL (5.391s wait)
.2020-01-20 17:49:37.111162 | eval'd: drake::cmq_buildtargetmetadepsspecht_is_subtargetconfig
2020-01-20 17:49:49.283582 | > DO_CALL (5.479s wait)
.2020-01-20 17:50:28.082639 | eval'd: drake::cmq_buildtargetmetadepsspecht_is_subtargetconfig
2020-01-20 17:50:37.995259 | > DO_CALL (5.400s wait)
.2020-01-20 17:51:53.864855 | eval'd: drake::cmq_buildtargetmetadepsspecht_is_subtargetconfig
2020-01-20 17:52:04.749884 | > DO_CALL (5.442s wait)
.2020-01-20 17:52:17.816832 | eval'd: drake::cmq_buildtargetmetadepsspecht_is_subtargetconfig
2020-01-20 17:52:34.645478 | > DO_CALL (6.138s wait)
.2020-01-20 17:52:51.644482 | eval'd: drake::cmq_buildtargetmetadepsspecht_is_subtargetconfig
2020-01-20 17:53:08.464547 | > DO_CALL (5.025s wait)
.2020-01-20 17:53:10.473416 | eval'd: drake::cmq_buildtargetmetadepsspecht_is_subtargetconfig
2020-01-20 17:53:44.899662 | > DO_CALL (4.959s wait)
.2020-01-20 17:54:08.013659 | eval'd: drake::cmq_buildtargetmetadepsspecht_is_subtargetconfig
2020-01-20 17:54:16.999990 | > DO_CALL (4.923s wait)
.2020-01-20 17:54:22.676850 | eval'd: drake::cmq_buildtargetmetadepsspecht_is_subtargetconfig
2020-01-20 17:54:37.457293 | > DO_CALL (4.946s wait)
.2020-01-20 17:55:13.089410 | eval'd: drake::cmq_buildtargetmetadepsspecht_is_subtargetconfig
2020-01-20 17:55:34.133261 | > DO_CALL (5.416s wait)
.2020-01-20 17:55:36.325744 | eval'd: drake::cmq_buildtargetmetadepsspecht_is_subtargetconfig
2020-01-20 17:55:48.012549 | > DO_CALL (6.128s wait)
.2020-01-20 17:56:08.910499 | eval'd: drake::cmq_buildtargetmetadepsspecht_is_subtargetconfig
2020-01-20 17:56:18.159828 | > DO_CALL (5.592s wait)
.2020-01-20 17:57:00.461675 | eval'd: drake::cmq_buildtargetmetadepsspecht_is_subtargetconfig
2020-01-20 17:57:09.014158 | > DO_CALL (5.472s wait)
.2020-01-20 17:57:56.367511 | eval'd: drake::cmq_buildtargetmetadepsspecht_is_subtargetconfig
2020-01-20 17:58:07.756646 | > DO_CALL (5.528s wait)
.2020-01-20 17:59:42.442692 | eval'd: drake::cmq_buildtargetmetadepsspecht_is_subtargetconfig
2020-01-20 18:00:01.197213 | > DO_CALL (5.361s wait)
.2020-01-20 18:00:06.198438 | eval'd: drake::cmq_buildtargetmetadepsspecht_is_subtargetconfig
2020-01-20 18:00:22.695903 | > DO_CALL (5.470s wait)
.2020-01-20 18:00:39.555273 | eval'd: drake::cmq_buildtargetmetadepsspecht_is_subtargetconfig
2020-01-20 18:00:54.093523 | > DO_CALL (5.484s wait)
.2020-01-20 18:02:18.433494 | eval'd: drake::cmq_buildtargetmetadepsspecht_is_subtargetconfig
2020-01-20 18:02:37.731759 | > DO_CALL (5.343s wait)
.2020-01-20 18:02:49.039230 | eval'd: drake::cmq_buildtargetmetadepsspecht_is_subtargetconfig
2020-01-20 18:02:58.363951 | > DO_CALL (5.567s wait)
.2020-01-20 18:04:22.615092 | eval'd: drake::cmq_buildtargetmetadepsspecht_is_subtargetconfig
2020-01-20 18:04:36.872613 | > DO_CALL (5.660s wait)
.2020-01-20 18:05:26.257679 | eval'd: drake::cmq_buildtargetmetadepsspecht_is_subtargetconfig
2020-01-20 18:05:42.351149 | > DO_CALL (5.350s wait)
.2020-01-20 18:06:25.648709 | eval'd: drake::cmq_buildtargetmetadepsspecht_is_subtargetconfig
2020-01-20 18:06:43.137424 | > DO_CALL (5.507s wait)
.2020-01-20 18:07:00.464519 | eval'd: drake::cmq_buildtargetmetadepsspecht_is_subtargetconfig
2020-01-20 18:07:16.300024 | > DO_CALL (5.464s wait)
.2020-01-20 18:09:26.140229 | eval'd: drake::cmq_buildtargetmetadepsspecht_is_subtargetconfig
2020-01-20 18:09:36.264263 | > DO_CALL (5.418s wait)
.2020-01-20 18:09:37.188192 | eval'd: drake::cmq_buildtargetmetadepsspecht_is_subtargetconfig
2020-01-20 18:09:55.745341 | > DO_CALL (6.375s wait)
.2020-01-20 18:10:04.282700 | eval'd: drake::cmq_buildtargetmetadepsspecht_is_subtargetconfig
2020-01-20 18:10:17.803020 | > DO_CALL (5.374s wait)
.2020-01-20 18:10:42.090852 | eval'd: drake::cmq_buildtargetmetadepsspecht_is_subtargetconfig
2020-01-20 18:11:00.927742 | > DO_CALL (5.331s wait)
.2020-01-20 18:11:23.618693 | eval'd: drake::cmq_buildtargetmetadepsspecht_is_subtargetconfig
2020-01-20 18:11:45.717896 | > DO_CALL (5.469s wait)
.2020-01-20 18:11:48.092349 | eval'd: drake::cmq_buildtargetmetadepsspecht_is_subtargetconfig
2020-01-20 18:12:05.334661 | > DO_CALL (5.432s wait)
.2020-01-20 18:12:59.085971 | eval'd: drake::cmq_buildtargetmetadepsspecht_is_subtargetconfig
2020-01-20 18:13:11.661239 | > DO_CALL (5.341s wait)
.2020-01-20 18:13:27.870603 | eval'd: drake::cmq_buildtargetmetadepsspecht_is_subtargetconfig
2020-01-20 18:13:53.432312 | > DO_CALL (5.966s wait)
.2020-01-20 18:14:08.327877 | eval'd: drake::cmq_buildtargetmetadepsspecht_is_subtargetconfig
2020-01-20 18:14:32.043149 | > DO_CALL (5.580s wait)
.2020-01-20 18:14:32.492061 | eval'd: drake::cmq_buildtargetmetadepsspecht_is_subtargetconfig
2020-01-20 18:14:48.170476 | > DO_CALL (6.516s wait)
.2020-01-20 18:14:56.669574 | eval'd: drake::cmq_buildtargetmetadepsspecht_is_subtargetconfig
2020-01-20 18:15:17.533550 | > DO_CALL (5.326s wait)
.2020-01-20 18:15:38.715627 | eval'd: drake::cmq_buildtargetmetadepsspecht_is_subtargetconfig
2020-01-20 18:15:50.786667 | > DO_CALL (5.588s wait)
.2020-01-20 18:15:56.768556 | eval'd: drake::cmq_buildtargetmetadepsspecht_is_subtargetconfig
2020-01-20 18:16:32.754118 | > DO_CALL (5.347s wait)
.2020-01-20 18:19:42.275279 | eval'd: drake::cmq_buildtargetmetadepsspecht_is_subtargetconfig
2020-01-20 18:20:03.972654 | > DO_CALL (5.676s wait)
.2020-01-20 18:20:06.219563 | eval'd: drake::cmq_buildtargetmetadepsspecht_is_subtargetconfig
2020-01-20 18:20:37.828004 | > DO_CALL (5.376s wait)
.2020-01-20 18:21:02.831773 | eval'd: drake::cmq_buildtargetmetadepsspecht_is_subtargetconfig
2020-01-20 18:21:13.791941 | > DO_CALL (5.664s wait)
.2020-01-20 18:21:45.504718 | eval'd: drake::cmq_buildtargetmetadepsspecht_is_subtargetconfig
2020-01-20 18:22:08.114751 | > DO_CALL (5.410s wait)
.2020-01-20 18:22:10.253934 | eval'd: drake::cmq_buildtargetmetadepsspecht_is_subtargetconfig
2020-01-20 18:22:34.750331 | > DO_CALL (5.441s wait)
.2020-01-20 18:22:45.840712 | eval'd: drake::cmq_buildtargetmetadepsspecht_is_subtargetconfig
2020-01-20 18:22:58.569984 | > DO_CALL (5.498s wait)
.2020-01-20 18:23:15.401122 | eval'd: drake::cmq_buildtargetmetadepsspecht_is_subtargetconfig
2020-01-20 18:23:28.266740 | > DO_CALL (5.456s wait)
.
2020-01-20 18:23:41.006259 | eval'd: drake::cmq_buildtargetmetadepsspecht_is_subtargetconfig
2020-01-20 18:23:54.248273 | > DO_CALL (6.036s wait)
.2020-01-20 18:24:00.821483 | eval'd: drake::cmq_buildtargetmetadepsspecht_is_subtargetconfig
2020-01-20 18:24:13.963231 | > DO_CALL (5.365s wait)
.2020-01-20 18:24:29.660624 | eval'd: drake::cmq_buildtargetmetadepsspecht_is_subtargetconfig
2020-01-20 18:24:46.399309 | > DO_CALL (5.427s wait)
.2020-01-20 18:25:02.431654 | eval'd: drake::cmq_buildtargetmetadepsspecht_is_subtargetconfig
2020-01-20 18:25:13.806600 | > DO_CALL (5.383s wait)
.2020-01-20 18:25:55.971653 | eval'd: drake::cmq_buildtargetmetadepsspecht_is_subtargetconfig
2020-01-20 18:26:05.807636 | > DO_CALL (5.498s wait)
.2020-01-20 18:26:08.374249 | eval'd: drake::cmq_buildtargetmetadepsspecht_is_subtargetconfig
2020-01-20 18:26:19.489833 | > DO_CALL (5.415s wait)
.2020-01-20 18:26:21.210414 | eval'd: drake::cmq_buildtargetmetadepsspecht_is_subtargetconfig
2020-01-20 18:26:40.983945 | > DO_CALL (6.429s wait)
.2020-01-20 18:27:10.273030 | eval'd: drake::cmq_buildtargetmetadepsspecht_is_subtargetconfig
2020-01-20 18:27:27.894684 | > DO_CALL (5.470s wait)
.2020-01-20 18:28:10.932817 | eval'd: drake::cmq_buildtargetmetadepsspecht_is_subtargetconfig
2020-01-20 18:28:20.994533 | > DO_CALL (5.542s wait)
.2020-01-20 18:28:43.112166 | eval'd: drake::cmq_buildtargetmetadepsspecht_is_subtargetconfig
2020-01-20 18:28:52.524581 | > DO_CALL (5.509s wait)
.2020-01-20 18:29:00.572568 | eval'd: drake::cmq_buildtargetmetadepsspecht_is_subtargetconfig
2020-01-20 18:29:09.185815 | > DO_CALL (5.522s wait)
.2020-01-20 18:29:16.191499 | eval'd: drake::cmq_buildtargetmetadepsspecht_is_subtargetconfig
2020-01-20 18:29:25.238095 | > DO_CALL (5.431s wait)
.2020-01-20 18:29:33.633410 | eval'd: drake::cmq_buildtargetmetadepsspecht_is_subtargetconfig
2020-01-20 18:29:47.208599 | > DO_CALL (5.403s wait)
.2020-01-20 18:30:26.152438 | eval'd: drake::cmq_buildtargetmetadepsspecht_is_subtargetconfig
2020-01-20 18:30:37.820878 | > DO_CALL (5.547s wait)
.2020-01-20 18:30:45.530295 | eval'd: drake::cmq_buildtargetmetadepsspecht_is_subtargetconfig
2020-01-20 18:31:00.486817 | > DO_CALL (5.409s wait)
.2020-01-20 18:31:12.021704 | eval'd: drake::cmq_buildtargetmetadepsspecht_is_subtargetconfig
2020-01-20 18:31:27.523325 | > DO_CALL (5.366s wait)
.2020-01-20 18:32:21.874639 | eval'd: drake::cmq_buildtargetmetadepsspecht_is_subtargetconfig
2020-01-20 18:32:37.156200 | > DO_CALL (5.461s wait)
.2020-01-20 18:36:43.335388 | eval'd: drake::cmq_buildtargetmetadepsspecht_is_subtargetconfig
2020-01-20 18:36:56.496257 | > DO_CALL (6.440s wait)
.2020-01-20 18:37:47.102375 | eval'd: drake::cmq_buildtargetmetadepsspecht_is_subtargetconfig
2020-01-20 18:38:04.668947 | > DO_CALL (5.310s wait)
.2020-01-20 18:38:17.270780 | eval'd: drake::cmq_buildtargetmetadepsspecht_is_subtargetconfig
2020-01-20 18:38:28.742792 | > DO_CALL (5.276s wait)
.2020-01-20 18:38:38.009549 | eval'd: drake::cmq_buildtargetmetadepsspecht_is_subtargetconfig
2020-01-20 18:38:49.251377 | > DO_CALL (5.409s wait)
.2020-01-20 18:38:52.122397 | eval'd: drake::cmq_buildtargetmetadepsspecht_is_subtargetconfig
2020-01-20 18:39:04.109379 | > DO_CALL (5.351s wait)
.2020-01-20 18:39:30.094607 | eval'd: drake::cmq_buildtargetmetadepsspecht_is_subtargetconfig
2020-01-20 18:39:41.489412 | > DO_CALL (5.503s wait)
.2020-01-20 18:39:53.671153 | eval'd: drake::cmq_buildtargetmetadepsspecht_is_subtargetconfig
2020-01-20 18:40:09.597683 | > DO_CALL (5.372s wait)
.2020-01-20 18:40:57.989348 | eval'd: drake::cmq_buildtargetmetadepsspecht_is_subtargetconfig
2020-01-20 18:41:06.353204 | > DO_CALL (5.364s wait)
.2020-01-20 18:41:08.724955 | eval'd: drake::cmq_buildtargetmetadepsspecht_is_subtargetconfig
2020-01-20 18:41:21.720972 | > DO_CALL (5.388s wait)
.2020-01-20 18:41:46.689991 | eval'd: drake::cmq_buildtargetmetadepsspecht_is_subtargetconfig
2020-01-20 18:41:57.792130 | > DO_CALL (5.507s wait)
.2020-01-20 18:42:07.923922 | eval'd: drake::cmq_buildtargetmetadepsspecht_is_subtargetconfig
2020-01-20 18:42:18.785228 | > DO_CALL (5.463s wait)
.2020-01-20 18:43:00.879755 | eval'd: drake::cmq_buildtargetmetadepsspecht_is_subtargetconfig
2020-01-20 18:43:15.635203 | > DO_CALL (5.425s wait)
.2020-01-20 18:43:43.251671 | eval'd: drake::cmq_buildtargetmetadepsspecht_is_subtargetconfig
2020-01-20 18:44:05.318285 | > DO_CALL (7.962s wait)
.2020-01-20 18:44:09.947168 | eval'd: drake::cmq_buildtargetmetadepsspecht_is_subtargetconfig
2020-01-20 18:44:19.763092 | > DO_CALL (5.215s wait)
.2020-01-20 18:44:41.934989 | eval'd: drake::cmq_buildtargetmetadepsspecht_is_subtargetconfig
2020-01-20 18:44:51.399922 | > DO_CALL (5.502s wait)
.2020-01-20 18:45:05.362310 | eval'd: drake::cmq_buildtargetmetadepsspecht_is_subtargetconfig
2020-01-20 18:45:16.353679 | > DO_CALL (5.375s wait)
.2020-01-20 18:46:00.028164 | eval'd: drake::cmq_buildtargetmetadepsspecht_is_subtargetconfig
2020-01-20 18:46:16.820472 | > DO_CALL (5.597s wait)
.2020-01-20 18:46:33.782414 | eval'd: drake::cmq_buildtargetmetadepsspecht_is_subtargetconfig
2020-01-20 18:46:50.561135 | > DO_CALL (5.358s wait)
.2020-01-20 18:46:56.184361 | eval'd: drake::cmq_buildtargetmetadepsspecht_is_subtargetconfig
2020-01-20 18:47:20.755934 | > DO_CALL (5.172s wait)
.2020-01-20 18:47:21.010133 | eval'd: drake::cmq_buildtargetmetadepsspecht_is_subtargetconfig
2020-01-20 18:47:44.458836 | > DO_CALL (6.296s wait)
.2020-01-20 18:47:58.677164 | eval'd: drake::cmq_buildtargetmetadepsspecht_is_subtargetconfig
2020-01-20 18:48:11.367857 | > DO_CALL (5.604s wait)
.2020-01-20 18:49:27.546167 | eval'd: drake::cmq_buildtargetmetadepsspecht_is_subtargetconfig
2020-01-20 18:49:38.797832 | > DO_CALL (5.657s wait)
.2020-01-20 18:49:54.700859 | eval'd: drake::cmq_buildtargetmetadepsspecht_is_subtargetconfig
2020-01-20 18:50:07.803370 | > DO_CALL (5.423s wait)
.2020-01-20 18:50:46.602561 | eval'd: drake::cmq_buildtargetmetadepsspecht_is_subtargetconfig
2020-01-20 18:50:57.266438 | > DO_CALL (5.395s wait)
.2020-01-20 18:51:48.063025 | eval'd: drake::cmq_buildtargetmetadepsspecht_is_subtargetconfig
2020-01-20 18:52:01.687310 | > DO_CALL (5.412s wait)
.2020-01-20 18:52:35.119983 | eval'd: drake::cmq_buildtargetmetadepsspecht_is_subtargetconfig
2020-01-20 18:52:49.391981 | > DO_CALL (5.559s wait)
.2020-01-20 18:54:26.441336 | eval'd: drake::cmq_buildtargetmetadepsspecht_is_subtargetconfig
2020-01-20 18:54:43.256896 | > DO_CALL (5.185s wait)
.2020-01-20 18:56:00.476283 | eval'd: drake::cmq_buildtargetmetadepsspecht_is_subtargetconfig
2020-01-20 18:56:12.410512 | > DO_CALL (5.541s wait)
.2020-01-20 18:56:21.703156 | eval'd: drake::cmq_buildtargetmetadepsspecht_is_subtargetconfig
2020-01-20 18:56:30.045719 | > DO_CALL (5.328s wait)
.2020-01-20 18:57:09.999175 | eval'd: drake::cmq_buildtargetmetadepsspecht_is_subtargetconfig
2020-01-20 18:57:21.935164 | > DO_CALL (5.331s wait)
.2020-01-20 18:58:19.460425 | eval'd: drake::cmq_buildtargetmetadepsspecht_is_subtargetconfig
2020-01-20 18:58:29.575554 | > DO_CALL (5.445s wait)
.2020-01-20 18:58:46.188282 | eval'd: drake::cmq_buildtargetmetadepsspecht_is_subtargetconfig
2020-01-20 18:59:00.469357 | > DO_CALL (5.365s wait)
.2020-01-20 19:00:59.489280 | eval'd: drake::cmq_buildtargetmetadepsspecht_is_subtargetconfig
2020-01-20 19:01:17.946648 | > DO_CALL (5.745s wait)
.2020-01-20 19:02:09.553025 | eval'd: drake::cmq_buildtargetmetadepsspecht_is_subtargetconfig
2020-01-20 19:02:25.805944 | > DO_CALL (5.497s wait)
.2020-01-20 19:03:51.705450 | eval'd: drake::cmq_buildtargetmetadepsspecht_is_subtargetconfig
2020-01-20 19:04:05.408035 | > DO_CALL (5.470s wait)
.2020-01-20 19:06:28.369405 | eval'd: drake::cmq_buildtargetmetadepsspecht_is_subtargetconfig
2020-01-20 19:06:46.767098 | > DO_CALL (5.352s wait)
.2020-01-20 19:07:31.500493 | eval'd: drake::cmq_buildtargetmetadepsspecht_is_subtargetconfig
2020-01-20 19:07:41.424560 | > DO_CALL (5.384s wait)
.2020-01-20 19:07:41.682502 | eval'd: drake::cmq_buildtargetmetadepsspecht_is_subtargetconfig
2020-01-20 19:07:57.357760 | > DO_CALL (6.371s wait)
.2020-01-20 19:08:11.612030 | eval'd: drake::cmq_buildtargetmetadepsspecht_is_subtargetconfig
2020-01-20 19:08:28.370496 | > DO_CALL (5.609s wait)
.2020-01-20 19:10:18.306418 | eval'd: drake::cmq_buildtargetmetadepsspecht_is_subtargetconfig
2020-01-20 19:10:29.210386 | > DO_CALL (5.512s wait)
.2020-01-20 19:10:44.665315 | eval'd: drake::cmq_buildtargetmetadepsspecht_is_subtargetconfig
2020-01-20 19:11:00.854338 | > DO_CALL (5.269s wait)
.2020-01-20 19:11:13.056884 | eval'd: drake::cmq_buildtargetmetadepsspecht_is_subtargetconfig
2020-01-20 19:11:26.959772 | > DO_CALL (5.421s wait)
.2020-01-20 19:11:48.699187 | eval'd: drake::cmq_buildtargetmetadepsspecht_is_subtargetconfig
2020-01-20 19:12:03.837177 | > DO_CALL (5.399s wait)
.2020-01-20 19:12:06.509118 | eval'd: drake::cmq_buildtargetmetadepsspecht_is_subtargetconfig
2020-01-20 19:12:22.809628 | > DO_CALL (5.407s wait)
.2020-01-20 19:12:28.981307 | eval'd: drake::cmq_buildtargetmetadepsspecht_is_subtargetconfig
2020-01-20 19:12:42.790934 | > DO_CALL (5.400s wait)
.2020-01-20 19:12:57.016485 | eval'd: drake::cmq_buildtargetmetadepsspecht_is_subtargetconfig
2020-01-20 19:13:12.279691 | > DO_CALL (5.412s wait)
.2020-01-20 19:13:18.822169 | eval'd: drake::cmq_buildtargetmetadepsspecht_is_subtargetconfig
2020-01-20 19:13:32.639513 | > DO_CALL (5.163s wait)
.2020-01-20 19:13:39.173904 | eval'd: drake::cmq_buildtargetmetadepsspecht_is_subtargetconfig
2020-01-20 19:13:50.491616 | > DO_CALL (5.272s wait)
.2020-01-20 19:13:53.201221 | eval'd: drake::cmq_buildtargetmetadepsspecht_is_subtargetconfig
2020-01-20 19:14:06.062632 | > DO_CALL (5.342s wait)
.2020-01-20 19:14:10.643123 | eval'd: drake::cmq_buildtargetmetadepsspecht_is_subtargetconfig
2020-01-20 19:14:22.730898 | > DO_CALL (5.523s wait)
.2020-01-20 19:14:29.883710 | eval'd: drake::cmq_buildtargetmetadepsspecht_is_subtargetconfig
2020-01-20 19:14:44.601046 | > DO_CALL (5.569s wait)
.2020-01-20 19:14:59.590989 | eval'd: drake::cmq_buildtargetmetadepsspecht_is_subtargetconfig
2020-01-20 19:15:10.905215 | > DO_CALL (5.485s wait)
.2020-01-20 19:15:23.033689 | eval'd: drake::cmq_buildtargetmetadepsspecht_is_subtargetconfig
2020-01-20 19:15:42.590572 | > DO_CALL (5.474s wait)
.2020-01-20 19:16:07.911119 | eval'd: drake::cmq_buildtargetmetadepsspecht_is_subtargetconfig
2020-01-20 19:16:38.237704 | > DO_CALL (5.302s wait)
.2020-01-20 19:17:11.857322 | eval'd: drake::cmq_buildtargetmetadepsspecht_is_subtargetconfig
2020-01-20 19:17:29.037285 | > DO_CALL (5.589s wait)
.2020-01-20 19:17:36.583366 | eval'd: drake::cmq_buildtargetmetadepsspecht_is_subtargetconfig
2020-01-20 19:17:52.036943 | > DO_CALL (5.346s wait)
.2020-01-20 19:18:00.673330 | eval'd: drake::cmq_buildtargetmetadepsspecht_is_subtargetconfig
2020-01-20 19:18:30.502807 | > DO_CALL (6.375s wait)
.2020-01-20 19:18:57.207421 | eval'd: drake::cmq_buildtargetmetadepsspecht_is_subtargetconfig
2020-01-20 19:19:09.372942 | > DO_CALL (5.439s wait)
.2020-01-20 19:19:15.163852 | eval'd: drake::cmq_buildtargetmetadepsspecht_is_subtargetconfig
2020-01-20 19:19:38.264248 | > DO_CALL (5.309s wait)
.2020-01-20 19:19:57.804929 | eval'd: drake::cmq_buildtargetmetadepsspecht_is_subtargetconfig
2020-01-20 19:20:09.454447 | > DO_CALL (5.466s wait)
.2020-01-20 19:22:09.708792 | eval'd: drake::cmq_buildtargetmetadepsspecht_is_subtargetconfig
2020-01-20 19:22:21.664439 | > DO_CALL (5.523s wait)
.2020-01-20 19:22:36.657194 | eval'd: drake::cmq_buildtargetmetadepsspecht_is_subtargetconfig
2020-01-20 19:22:49.461396 | > DO_CALL (5.491s wait)
.
2020-01-20 19:23:54.791014 | eval'd: drake::cmq_buildtargetmetadepsspecht_is_subtargetconfig
2020-01-20 19:24:08.561597 | > DO_CALL (6.655s wait)
.2020-01-20 19:24:27.565765 | eval'd: drake::cmq_buildtargetmetadepsspecht_is_subtargetconfig
2020-01-20 19:24:36.087749 | > DO_CALL (5.481s wait)
.2020-01-20 19:24:38.542645 | eval'd: drake::cmq_buildtargetmetadepsspecht_is_subtargetconfig
2020-01-20 19:24:49.149886 | > DO_CALL (5.206s wait)
.2020-01-20 19:25:42.564398 | eval'd: drake::cmq_buildtargetmetadepsspecht_is_subtargetconfig
2020-01-20 19:25:53.433320 | > DO_CALL (5.521s wait)
.2020-01-20 19:25:58.302367 | eval'd: drake::cmq_buildtargetmetadepsspecht_is_subtargetconfig
2020-01-20 19:26:12.019418 | > DO_CALL (5.432s wait)
.2020-01-20 19:26:19.100486 | eval'd: drake::cmq_buildtargetmetadepsspecht_is_subtargetconfig
2020-01-20 19:26:31.145731 | > DO_CALL (5.415s wait)
.2020-01-20 19:27:50.383619 | eval'd: drake::cmq_buildtargetmetadepsspecht_is_subtargetconfig
2020-01-20 19:28:00.955054 | > DO_CALL (5.678s wait)
.2020-01-20 19:28:03.848474 | eval'd: drake::cmq_buildtargetmetadepsspecht_is_subtargetconfig
2020-01-20 19:28:18.694492 | > DO_CALL (5.503s wait)
.2020-01-20 19:28:23.858484 | eval'd: drake::cmq_buildtargetmetadepsspecht_is_subtargetconfig
2020-01-20 19:28:35.066167 | > DO_CALL (5.414s wait)
.2020-01-20 19:28:40.073228 | eval'd: drake::cmq_buildtargetmetadepsspecht_is_subtargetconfig
2020-01-20 19:28:54.661370 | > DO_CALL (5.425s wait)
.2020-01-20 19:29:15.726593 | eval'd: drake::cmq_buildtargetmetadepsspecht_is_subtargetconfig
2020-01-20 19:29:28.192221 | > DO_CALL (5.618s wait)
.2020-01-20 19:29:28.504562 | eval'd: drake::cmq_buildtargetmetadepsspecht_is_subtargetconfig
2020-01-20 19:29:45.063110 | > DO_CALL (6.520s wait)
.2020-01-20 19:30:18.004644 | eval'd: drake::cmq_buildtargetmetadepsspecht_is_subtargetconfig
2020-01-20 19:30:32.178405 | > DO_CALL (5.483s wait)
.2020-01-20 19:30:47.522658 | eval'd: drake::cmq_buildtargetmetadepsspecht_is_subtargetconfig
2020-01-20 19:30:57.617453 | > DO_CALL (5.547s wait)
.2020-01-20 19:31:05.727230 | eval'd: drake::cmq_buildtargetmetadepsspecht_is_subtargetconfig
2020-01-20 19:31:21.999884 | > DO_CALL (5.413s wait)
.2020-01-20 19:31:46.174905 | eval'd: drake::cmq_buildtargetmetadepsspecht_is_subtargetconfig
2020-01-20 19:31:58.301611 | > DO_CALL (5.506s wait)
.2020-01-20 19:32:13.524541 | eval'd: drake::cmq_buildtargetmetadepsspecht_is_subtargetconfig
2020-01-20 19:32:38.702552 | > DO_CALL (5.475s wait)
.2020-01-20 19:33:03.585187 | eval'd: drake::cmq_buildtargetmetadepsspecht_is_subtargetconfig
2020-01-20 19:33:22.326257 | > DO_CALL (5.424s wait)
.2020-01-20 19:34:09.289662 | eval'd: drake::cmq_buildtargetmetadepsspecht_is_subtargetconfig
2020-01-20 19:34:29.539459 | > DO_CALL (5.456s wait)
.2020-01-20 19:34:54.768209 | eval'd: drake::cmq_buildtargetmetadepsspecht_is_subtargetconfig
2020-01-20 19:35:05.621309 | > DO_CALL (5.515s wait)
.2020-01-20 19:35:45.401322 | eval'd: drake::cmq_buildtargetmetadepsspecht_is_subtargetconfig
2020-01-20 19:35:58.526973 | > DO_CALL (5.455s wait)
.2020-01-20 19:36:31.262531 | eval'd: drake::cmq_buildtargetmetadepsspecht_is_subtargetconfig
2020-01-20 19:36:42.816738 | > DO_CALL (5.441s wait)
.2020-01-20 19:39:15.475018 | eval'd: drake::cmq_buildtargetmetadepsspecht_is_subtargetconfig
2020-01-20 19:39:36.704815 | > DO_CALL (5.539s wait)
.2020-01-20 19:40:01.722980 | eval'd: drake::cmq_buildtargetmetadepsspecht_is_subtargetconfig
2020-01-20 19:40:18.919079 | > DO_CALL (5.608s wait)
.2020-01-20 19:43:27.845744 | eval'd: drake::cmq_buildtargetmetadepsspecht_is_subtargetconfig
2020-01-20 19:43:42.437709 | > DO_CALL (5.425s wait)
.2020-01-20 19:44:22.749698 | eval'd: drake::cmq_buildtargetmetadepsspecht_is_subtargetconfig
2020-01-20 19:44:33.800421 | > DO_CALL (5.342s wait)
.2020-01-20 19:44:41.401720 | eval'd: drake::cmq_buildtargetmetadepsspecht_is_subtargetconfig
2020-01-20 19:44:51.556642 | > DO_CALL (5.451s wait)
.2020-01-20 19:45:13.634768 | eval'd: drake::cmq_buildtargetmetadepsspecht_is_subtargetconfig
2020-01-20 19:45:24.597747 | > DO_CALL (5.478s wait)
.2020-01-20 19:45:26.234202 | eval'd: drake::cmq_buildtargetmetadepsspecht_is_subtargetconfig
2020-01-20 19:45:46.832415 | > DO_CALL (5.220s wait)
.2020-01-20 19:45:58.019125 | eval'd: drake::cmq_buildtargetmetadepsspecht_is_subtargetconfig
2020-01-20 19:46:13.044065 | > DO_CALL (5.465s wait)
.2020-01-20 19:46:30.557267 | eval'd: drake::cmq_buildtargetmetadepsspecht_is_subtargetconfig
2020-01-20 19:46:46.348618 | > DO_CALL (5.365s wait)
.2020-01-20 19:46:49.267735 | eval'd: drake::cmq_buildtargetmetadepsspecht_is_subtargetconfig
2020-01-20 19:47:17.413246 | > DO_CALL (5.427s wait)
.2020-01-20 19:48:16.308033 | eval'd: drake::cmq_buildtargetmetadepsspecht_is_subtargetconfig
2020-01-20 19:48:32.298270 | > DO_CALL (5.760s wait)
.2020-01-20 19:50:12.923033 | eval'd: drake::cmq_buildtargetmetadepsspecht_is_subtargetconfig
2020-01-20 19:50:30.480146 | > DO_CALL (5.440s wait)
.2020-01-20 19:50:41.690129 | eval'd: drake::cmq_buildtargetmetadepsspecht_is_subtargetconfig
2020-01-20 19:50:55.714939 | > DO_CALL (5.450s wait)
.2020-01-20 19:53:11.045265 | eval'd: drake::cmq_buildtargetmetadepsspecht_is_subtargetconfig
2020-01-20 19:53:30.791152 | > DO_CALL (5.371s wait)
.2020-01-20 19:53:43.290983 | eval'd: drake::cmq_buildtargetmetadepsspecht_is_subtargetconfig
2020-01-20 19:54:02.024009 | > DO_CALL (5.484s wait)
.2020-01-20 19:54:45.294090 | eval'd: drake::cmq_buildtargetmetadepsspecht_is_subtargetconfig
2020-01-20 19:55:03.055388 | > DO_CALL (5.392s wait)
.2020-01-20 19:55:11.597058 | eval'd: drake::cmq_buildtargetmetadepsspecht_is_subtargetconfig
2020-01-20 19:55:40.034034 | > DO_CALL (5.507s wait)
.2020-01-20 19:55:55.987862 | eval'd: drake::cmq_buildtargetmetadepsspecht_is_subtargetconfig
2020-01-20 19:56:10.146180 | > DO_CALL (5.435s wait)
.2020-01-20 19:56:15.641113 | eval'd: drake::cmq_buildtargetmetadepsspecht_is_subtargetconfig
2020-01-20 19:56:15.800263 | > DO_CALL (0.019s wait)
.2020-01-20 19:56:16.215304 | eval'd: drake::cmq_buildtargetmetadepsspecht_is_subtargetconfig
2020-01-20 19:56:16.269978 | > DO_CALL (0.000s wait)
.2020-01-20 19:56:18.830326 | eval'd: drake::cmq_buildtargetmetadepsspecht_is_subtargetconfig
2020-01-20 19:56:18.914891 | > DO_CALL (0.017s wait)
.2020-01-20 19:56:19.281857 | eval'd: drake::cmq_buildtargetmetadepsspecht_is_subtargetconfig
2020-01-20 19:56:19.376289 | > DO_CALL (0.015s wait)
.2020-01-20 19:56:19.739746 | eval'd: drake::cmq_buildtargetmetadepsspecht_is_subtargetconfig
2020-01-20 19:56:20.040209 | > DO_CALL (0.021s wait)
.2020-01-20 19:56:20.450383 | eval'd: drake::cmq_buildtargetmetadepsspecht_is_subtargetconfig
2020-01-20 19:56:20.542758 | > DO_CALL (0.016s wait)
.2020-01-20 19:56:20.942078 | eval'd: drake::cmq_buildtargetmetadepsspecht_is_subtargetconfig
2020-01-20 19:56:21.047127 | > DO_CALL (0.022s wait)
.2020-01-20 19:56:22.265405 | eval'd: drake::cmq_buildtargetmetadepsspecht_is_subtargetconfig
2020-01-20 19:56:22.329441 | > DO_CALL (0.005s wait)
.2020-01-20 19:56:22.704546 | eval'd: drake::cmq_buildtargetmetadepsspecht_is_subtargetconfig
2020-01-20 19:56:22.802329 | > DO_CALL (0.020s wait)
.2020-01-20 19:56:23.218643 | eval'd: drake::cmq_buildtargetmetadepsspecht_is_subtargetconfig
2020-01-20 19:56:23.407469 | > DO_CALL (0.013s wait)
.2020-01-20 19:56:23.808412 | eval'd: drake::cmq_buildtargetmetadepsspecht_is_subtargetconfig
2020-01-20 19:56:24.143496 | > DO_CALL (0.019s wait)
.2020-01-20 19:56:25.232286 | eval'd: drake::cmq_buildtargetmetadepsspecht_is_subtargetconfig
2020-01-20 19:56:25.950176 | > DO_CALL (0.011s wait)
.2020-01-20 19:56:26.310651 | eval'd: drake::cmq_buildtargetmetadepsspecht_is_subtargetconfig
2020-01-20 19:56:26.397361 | > DO_CALL (0.012s wait)
.2020-01-20 19:56:26.765635 | eval'd: drake::cmq_buildtargetmetadepsspecht_is_subtargetconfig
2020-01-20 19:56:26.912188 | > DO_CALL (0.019s wait)
.2020-01-20 19:56:27.304864 | eval'd: drake::cmq_buildtargetmetadepsspecht_is_subtargetconfig
2020-01-20 19:56:27.380985 | > DO_CALL (0.011s wait)
.2020-01-20 19:56:27.749137 | eval'd: drake::cmq_buildtargetmetadepsspecht_is_subtargetconfig
2020-01-20 19:56:27.799751 | > DO_CALL (0.000s wait)
.2020-01-20 19:56:27.808443 | eval'd: drake::cmq_buildtargetmetadepsspecht_is_subtargetconfig
2020-01-20 19:56:27.938133 | > DO_CALL (0.015s wait)
.2020-01-20 19:56:29.092293 | eval'd: drake::cmq_buildtargetmetadepsspecht_is_subtargetconfig
2020-01-20 19:56:29.191015 | > DO_CALL (0.001s wait)
.2020-01-20 19:56:29.210832 | eval'd: drake::cmq_buildtargetmetadepsspecht_is_subtargetconfig
2020-01-20 19:56:29.318748 | > DO_CALL (0.009s wait)
.2020-01-20 19:56:29.655991 | eval'd: drake::cmq_buildtargetmetadepsspecht_is_subtargetconfig
2020-01-20 19:56:29.886823 | > DO_CALL (0.018s wait)
.2020-01-20 19:56:30.276664 | eval'd: drake::cmq_buildtargetmetadepsspecht_is_subtargetconfig
2020-01-20 19:56:30.456527 | > DO_CALL (0.015s wait)
.2020-01-20 19:56:30.832430 | eval'd: drake::cmq_buildtargetmetadepsspecht_is_subtargetconfig
2020-01-20 19:56:30.925642 | > DO_CALL (0.009s wait)
.2020-01-20 19:56:32.143304 | eval'd: drake::cmq_buildtargetmetadepsspecht_is_subtargetconfig
2020-01-20 19:56:32.294749 | > DO_CALL (0.018s wait)
.2020-01-20 19:56:32.691147 | eval'd: drake::cmq_buildtargetmetadepsspecht_is_subtargetconfig
2020-01-20 19:56:32.784489 | > DO_CALL (0.013s wait)
.2020-01-20 19:56:33.154665 | eval'd: drake::cmq_buildtargetmetadepsspecht_is_subtargetconfig
2020-01-20 19:56:33.426504 | > DO_CALL (0.003s wait)
.2020-01-20 19:56:33.637368 | eval'd: drake::cmq_buildtargetmetadepsspecht_is_subtargetconfig
2020-01-20 19:56:34.084516 | > DO_CALL (0.011s wait)
.2020-01-20 19:56:34.441668 | eval'd: drake::cmq_buildtargetmetadepsspecht_is_subtargetconfig
2020-01-20 19:56:34.514457 | > DO_CALL (0.009s wait)
.2020-01-20 19:56:35.683273 | eval'd: drake::cmq_buildtargetmetadepsspecht_is_subtargetconfig
2020-01-20 19:56:35.760254 | > DO_CALL (0.012s wait)
.2020-01-20 19:56:36.125783 | eval'd: drake::cmq_buildtargetmetadepsspecht_is_subtargetconfig
2020-01-20 19:56:36.182672 | > DO_CALL (0.000s wait)
.2020-01-20 19:56:36.193498 | eval'd: drake::cmq_buildtargetmetadepsspecht_is_subtargetconfig
2020-01-20 19:56:36.307346 | > DO_CALL (0.013s wait)
.2020-01-20 19:56:36.686205 | eval'd: drake::cmq_buildtargetmetadepsspecht_is_subtargetconfig
2020-01-20 19:56:36.749644 | > DO_CALL (0.007s wait)
.2020-01-20 19:56:37.107077 | eval'd: drake::cmq_buildtargetmetadepsspecht_is_subtargetconfig
2020-01-20 19:56:37.772338 | > DO_CALL (0.002s wait)
.2020-01-20 19:56:38.969320 | eval'd: drake::cmq_buildtargetmetadepsspecht_is_subtargetconfig
2020-01-20 19:56:39.111272 | > DO_CALL (0.005s wait)
.2020-01-20 19:56:39.457709 | eval'd: drake::cmq_buildtargetmetadepsspecht_is_subtargetconfig
2020-01-20 19:56:39.628989 | > DO_CALL (0.015s wait)
.2020-01-20 19:56:40.017445 | eval'd: drake::cmq_buildtargetmetadepsspecht_is_subtargetconfig
2020-01-20 19:56:40.257731 | > DO_CALL (0.022s wait)
.2020-01-20 19:56:40.650948 | eval'd: drake::cmq_buildtargetmetadepsspecht_is_subtargetconfig
2020-01-20 19:56:40.738235 | > DO_CALL (0.015s wait)
.2020-01-20 19:56:41.122634 | eval'd: drake::cmq_buildtargetmetadepsspecht_is_subtargetconfig
2020-01-20 19:56:41.216049 | > DO_CALL (0.022s wait)
.2020-01-20 19:56:42.440125 | eval'd: drake::cmq_buildtargetmetadepsspecht_is_subtargetconfig
2020-01-20 19:56:43.063785 | > DO_CALL (0.014s wait)
.2020-01-20 19:56:43.453760 | eval'd: drake::cmq_buildtargetmetadepsspecht_is_subtargetconfig
2020-01-20 19:56:43.655384 | > DO_CALL (0.012s wait)
.
2020-01-20 19:56:44.026848 | eval'd: drake::cmq_buildtargetmetadepsspecht_is_subtargetconfig
2020-01-20 19:56:44.267449 | > DO_CALL (0.018s wait)
.2020-01-20 19:56:44.650841 | eval'd: drake::cmq_buildtargetmetadepsspecht_is_subtargetconfig
2020-01-20 19:56:44.825879 | > DO_CALL (0.003s wait)
.2020-01-20 19:56:46.078350 | eval'd: drake::cmq_buildtargetmetadepsspecht_is_subtargetconfig
2020-01-20 19:56:46.172196 | > DO_CALL (0.018s wait)
.2020-01-20 19:56:46.563231 | eval'd: drake::cmq_buildtargetmetadepsspecht_is_subtargetconfig
2020-01-20 19:56:46.639150 | > DO_CALL (0.007s wait)
.2020-01-20 19:56:46.998938 | eval'd: drake::cmq_buildtargetmetadepsspecht_is_subtargetconfig
2020-01-20 19:56:47.138933 | > DO_CALL (0.013s wait)
.2020-01-20 19:56:47.507406 | eval'd: drake::cmq_buildtargetmetadepsspecht_is_subtargetconfig
2020-01-20 19:56:48.261792 | > DO_CALL (0.004s wait)
.2020-01-20 19:56:48.598665 | eval'd: drake::cmq_buildtargetmetadepsspecht_is_subtargetconfig
2020-01-20 19:56:49.028167 | > DO_CALL (0.016s wait)
.2020-01-20 19:56:50.292845 | eval'd: drake::cmq_buildtargetmetadepsspecht_is_subtargetconfig
2020-01-20 19:56:50.623724 | > DO_CALL (0.011s wait)
.2020-01-20 19:56:50.984303 | eval'd: drake::cmq_buildtargetmetadepsspecht_is_subtargetconfig
2020-01-20 19:56:51.097409 | > DO_CALL (0.000s wait)
.2020-01-20 19:56:51.113538 | eval'd: drake::cmq_buildtargetmetadepsspecht_is_subtargetconfig
2020-01-20 19:56:51.220190 | > DO_CALL (0.012s wait)
.2020-01-20 19:56:51.591113 | eval'd: drake::cmq_buildtargetmetadepsspecht_is_subtargetconfig
2020-01-20 19:56:51.847414 | > DO_CALL (0.021s wait)
.2020-01-20 19:56:52.240591 | eval'd: drake::cmq_buildtargetmetadepsspecht_is_subtargetconfig
2020-01-20 19:56:53.193320 | > DO_CALL (0.007s wait)
.2020-01-20 19:56:54.307371 | eval'd: drake::cmq_buildtargetmetadepsspecht_is_subtargetconfig
2020-01-20 19:56:54.467002 | > DO_CALL (0.010s wait)
.2020-01-20 19:56:54.829421 | eval'd: drake::cmq_buildtargetmetadepsspecht_is_subtargetconfig
2020-01-20 19:56:54.970368 | > DO_CALL (0.004s wait)
.2020-01-20 19:56:55.317282 | eval'd: drake::cmq_buildtargetmetadepsspecht_is_subtargetconfig
2020-01-20 19:56:55.447163 | > DO_CALL (0.013s wait)
.2020-01-20 19:56:55.825551 | eval'd: drake::cmq_buildtargetmetadepsspecht_is_subtargetconfig
2020-01-20 19:56:55.950731 | > DO_CALL (0.019s wait)
.2020-01-20 19:56:56.347598 | eval'd: drake::cmq_buildtargetmetadepsspecht_is_subtargetconfig
2020-01-20 19:56:56.688270 | > DO_CALL (0.009s wait)
.2020-01-20 19:56:57.669183 | eval'd: drake::cmq_buildtargetmetadepsspecht_is_subtargetconfig
2020-01-20 19:56:58.600120 | > DO_CALL (0.013s wait)
.2020-01-20 19:56:58.980479 | eval'd: drake::cmq_buildtargetmetadepsspecht_is_subtargetconfig
2020-01-20 19:56:59.111015 | > DO_CALL (0.012s wait)
.2020-01-20 19:56:59.475510 | eval'd: drake::cmq_buildtargetmetadepsspecht_is_subtargetconfig
2020-01-20 19:56:59.665432 | > DO_CALL (0.008s wait)
.2020-01-20 19:57:00.020057 | eval'd: drake::cmq_buildtargetmetadepsspecht_is_subtargetconfig
2020-01-20 19:57:00.222231 | > DO_CALL (0.011s wait)
.2020-01-20 19:57:01.308344 | eval'd: drake::cmq_buildtargetmetadepsspecht_is_subtargetconfig
2020-01-20 19:57:01.619070 | > DO_CALL (0.015s wait)
.2020-01-20 19:57:01.989068 | eval'd: drake::cmq_buildtargetmetadepsspecht_is_subtargetconfig
2020-01-20 19:57:02.117047 | > DO_CALL (0.014s wait)
.2020-01-20 19:57:02.505211 | eval'd: drake::cmq_buildtargetmetadepsspecht_is_subtargetconfig
2020-01-20 19:57:03.393984 | > DO_CALL (0.005s wait)
.2020-01-20 19:57:03.750156 | eval'd: drake::cmq_buildtargetmetadepsspecht_is_subtargetconfig
2020-01-20 19:57:04.157045 | > DO_CALL (0.011s wait)
.2020-01-20 19:57:04.535894 | eval'd: drake::cmq_buildtargetmetadepsspecht_is_subtargetconfig
2020-01-20 19:57:04.607012 | > DO_CALL (0.001s wait)
.2020-01-20 19:57:04.619438 | eval'd: drake::cmq_buildtargetmetadepsspecht_is_subtargetconfig
2020-01-20 19:57:05.168106 | > DO_CALL (0.018s wait)
.2020-01-20 19:57:06.452834 | eval'd: drake::cmq_buildtargetmetadepsspecht_is_subtargetconfig
2020-01-20 19:57:06.751814 | > DO_CALL (0.011s wait)
.2020-01-20 19:57:07.139797 | eval'd: drake::cmq_buildtargetmetadepsspecht_is_subtargetconfig
2020-01-20 19:57:07.272503 | > DO_CALL (0.010s wait)
.2020-01-20 19:57:07.655426 | eval'd: drake::cmq_buildtargetmetadepsspecht_is_subtargetconfig
2020-01-20 19:57:08.742172 | > DO_CALL (0.018s wait)
.2020-01-20 19:57:09.138528 | eval'd: drake::cmq_buildtargetmetadepsspecht_is_subtargetconfig
2020-01-20 19:57:09.532885 | > DO_CALL (0.010s wait)
.2020-01-20 19:57:10.696478 | eval'd: drake::cmq_buildtargetmetadepsspecht_is_subtargetconfig
2020-01-20 19:57:10.781810 | > DO_CALL (0.009s wait)
.2020-01-20 19:57:11.160665 | eval'd: drake::cmq_buildtargetmetadepsspecht_is_subtargetconfig
2020-01-20 19:57:11.472308 | > DO_CALL (0.008s wait)
.2020-01-20 19:57:11.857723 | eval'd: drake::cmq_buildtargetmetadepsspecht_is_subtargetconfig
2020-01-20 19:57:11.927416 | > DO_CALL (0.004s wait)
.2020-01-20 19:57:12.280946 | eval'd: drake::cmq_buildtargetmetadepsspecht_is_subtargetconfig
2020-01-20 19:57:13.311565 | > DO_CALL (0.000s wait)
.2020-01-20 19:57:13.326402 | eval'd: drake::cmq_buildtargetmetadepsspecht_is_subtargetconfig
2020-01-20 19:57:14.112327 | > DO_CALL (0.013s wait)
.2020-01-20 19:57:15.293398 | eval'd: drake::cmq_buildtargetmetadepsspecht_is_subtargetconfig
2020-01-20 19:57:15.475979 | > DO_CALL (0.012s wait)
.2020-01-20 19:57:15.864497 | eval'd: drake::cmq_buildtargetmetadepsspecht_is_subtargetconfig
2020-01-20 19:57:15.946096 | > DO_CALL (0.016s wait)
.2020-01-20 19:57:16.335221 | eval'd: drake::cmq_buildtargetmetadepsspecht_is_subtargetconfig
2020-01-20 19:57:16.587633 | > DO_CALL (0.014s wait)
.2020-01-20 19:57:16.967402 | eval'd: drake::cmq_buildtargetmetadepsspecht_is_subtargetconfig
2020-01-20 19:57:17.316486 | > DO_CALL (0.014s wait)
.2020-01-20 19:57:17.697129 | eval'd: drake::cmq_buildtargetmetadepsspecht_is_subtargetconfig
2020-01-20 19:57:18.837316 | > DO_CALL (0.012s wait)
.2020-01-20 19:57:20.087603 | eval'd: drake::cmq_buildtargetmetadepsspecht_is_subtargetconfig
2020-01-20 19:57:20.338374 | > DO_CALL (0.016s wait)
.2020-01-20 19:57:20.712692 | eval'd: drake::cmq_buildtargetmetadepsspecht_is_subtargetconfig
2020-01-20 19:57:20.830361 | > DO_CALL (0.002s wait)
.2020-01-20 19:57:20.978500 | eval'd: drake::cmq_buildtargetmetadepsspecht_is_subtargetconfig
2020-01-20 19:57:21.429385 | > DO_CALL (0.022s wait)
.2020-01-20 19:57:21.834697 | eval'd: drake::cmq_buildtargetmetadepsspecht_is_subtargetconfig
2020-01-20 19:57:22.079751 | > DO_CALL (0.008s wait)
.2020-01-20 19:57:22.454188 | eval'd: drake::cmq_buildtargetmetadepsspecht_is_subtargetconfig
2020-01-20 19:57:23.602326 | > DO_CALL (0.015s wait)
.2020-01-20 19:57:24.672162 | eval'd: drake::cmq_buildtargetmetadepsspecht_is_subtargetconfig
2020-01-20 19:57:24.944622 | > DO_CALL (0.011s wait)
.2020-01-20 19:57:25.311958 | eval'd: drake::cmq_buildtargetmetadepsspecht_is_subtargetconfig
2020-01-20 19:57:25.614751 | > DO_CALL (0.017s wait)
.2020-01-20 19:57:25.994545 | eval'd: drake::cmq_buildtargetmetadepsspecht_is_subtargetconfig
2020-01-20 19:57:26.199441 | > DO_CALL (0.017s wait)
.2020-01-20 19:57:26.590231 | eval'd: drake::cmq_buildtargetmetadepsspecht_is_subtargetconfig
2020-01-20 19:57:27.025512 | > DO_CALL (0.015s wait)
.2020-01-20 19:57:28.210189 | eval'd: drake::cmq_buildtargetmetadepsspecht_is_subtargetconfig
2020-01-20 19:57:28.456554 | > DO_CALL (0.021s wait)
.2020-01-20 19:57:28.818450 | eval'd: drake::cmq_buildtargetmetadepsspecht_is_subtargetconfig
2020-01-20 19:57:29.218745 | > DO_CALL (0.005s wait)
.2020-01-20 19:57:29.544004 | eval'd: drake::cmq_buildtargetmetadepsspecht_is_subtargetconfig
2020-01-20 19:57:29.834987 | > DO_CALL (0.005s wait)
.2020-01-20 19:57:30.189602 | eval'd: drake::cmq_buildtargetmetadepsspecht_is_subtargetconfig
2020-01-20 19:57:30.570924 | > DO_CALL (0.022s wait)
.2020-01-20 19:57:30.980254 | eval'd: drake::cmq_buildtargetmetadepsspecht_is_subtargetconfig
2020-01-20 19:57:31.148493 | > DO_CALL (0.018s wait)
.2020-01-20 19:57:32.324656 | eval'd: drake::cmq_buildtargetmetadepsspecht_is_subtargetconfig
2020-01-20 19:57:33.191850 | > DO_CALL (0.000s wait)
.2020-01-20 19:57:33.211614 | eval'd: drake::cmq_buildtargetmetadepsspecht_is_subtargetconfig
2020-01-20 19:57:34.031799 | > DO_CALL (0.008s wait)
.2020-01-20 19:57:34.388078 | eval'd: drake::cmq_buildtargetmetadepsspecht_is_subtargetconfig
2020-01-20 19:57:34.871537 | > DO_CALL (0.008s wait)
.2020-01-20 19:57:35.229587 | eval'd: drake::cmq_buildtargetmetadepsspecht_is_subtargetconfig
2020-01-20 19:57:35.730786 | > DO_CALL (0.019s wait)
.2020-01-20 19:57:36.114405 | eval'd: drake::cmq_buildtargetmetadepsspecht_is_subtargetconfig
2020-01-20 19:57:36.487313 | > DO_CALL (0.006s wait)
.2020-01-20 19:57:37.613492 | eval'd: drake::cmq_buildtargetmetadepsspecht_is_subtargetconfig
2020-01-20 19:57:38.184102 | > DO_CALL (0.002s wait)
.2020-01-20 19:57:38.392372 | eval'd: drake::cmq_buildtargetmetadepsspecht_is_subtargetconfig
2020-01-20 19:57:38.970669 | > DO_CALL (0.000s wait)
.2020-01-20 19:57:38.980205 | eval'd: drake::cmq_buildtargetmetadepsspecht_is_subtargetconfig
2020-01-20 19:57:39.776574 | > DO_CALL (0.009s wait)
.2020-01-20 19:57:40.136869 | eval'd: drake::cmq_buildtargetmetadepsspecht_is_subtargetconfig
2020-01-20 19:57:40.451628 | > DO_CALL (0.008s wait)
.2020-01-20 19:57:40.815026 | eval'd: drake::cmq_buildtargetmetadepsspecht_is_subtargetconfig
2020-01-20 19:57:41.014261 | > DO_CALL (0.014s wait)
.2020-01-20 19:57:41.401005 | eval'd: drake::cmq_buildtargetmetadepsspecht_is_subtargetconfig
2020-01-20 19:57:41.533324 | > DO_CALL (0.008s wait)
.2020-01-20 19:57:42.683286 | eval'd: drake::cmq_buildtargetmetadepsspecht_is_subtargetconfig
2020-01-20 19:57:43.256936 | > DO_CALL (0.018s wait)
.2020-01-20 19:57:43.652689 | eval'd: drake::cmq_buildtargetmetadepsspecht_is_subtargetconfig
2020-01-20 19:57:44.017539 | > DO_CALL (0.007s wait)
.2020-01-20 19:57:44.370832 | eval'd: drake::cmq_buildtargetmetadepsspecht_is_subtargetconfig
2020-01-20 19:57:44.458567 | > DO_CALL (0.013s wait)
.2020-01-20 19:57:44.835663 | eval'd: drake::cmq_buildtargetmetadepsspecht_is_subtargetconfig
2020-01-20 19:57:45.110384 | > DO_CALL (0.010s wait)
.2020-01-20 19:57:47.963589 | eval'd: drake::cmq_buildtargetmetadepsspecht_is_subtargetconfig
2020-01-20 19:57:48.632119 | > DO_CALL (0.014s wait)
.2020-01-20 19:57:49.002165 | eval'd: drake::cmq_buildtargetmetadepsspecht_is_subtargetconfig
2020-01-20 19:57:49.438024 | > DO_CALL (0.025s wait)
.2020-01-20 19:57:49.836475 | eval'd: drake::cmq_buildtargetmetadepsspecht_is_subtargetconfig
2020-01-20 19:57:50.126591 | > DO_CALL (0.005s wait)
.2020-01-20 19:57:50.469788 | eval'd: drake::cmq_buildtargetmetadepsspecht_is_subtargetconfig
2020-01-20 19:57:50.724132 | > DO_CALL (0.019s wait)
.2020-01-20 19:57:51.109291 | eval'd: drake::cmq_buildtargetmetadepsspecht_is_subtargetconfig
2020-01-20 19:57:51.362246 | > DO_CALL (0.013s wait)
.2020-01-20 19:57:52.584309 | eval'd: drake::cmq_buildtargetmetadepsspecht_is_subtargetconfig
2020-01-20 19:57:52.685666 | > DO_CALL (0.010s wait)
.2020-01-20 19:57:53.032540 | eval'd: drake::cmq_buildtargetmetadepsspecht_is_subtargetconfig
2020-01-20 19:57:53.441986 | > DO_CALL (0.000s wait)
.2020-01-20 19:57:53.451163 | eval'd: drake::cmq_buildtargetmetadepsspecht_is_subtargetconfig
2020-01-20 19:57:54.303240 | > DO_CALL (0.023s wait)
.2020-01-20 19:57:54.685624 | eval'd: drake::cmq_buildtargetmetadepsspecht_is_subtargetconfig
2020-01-20 19:57:54.931105 | > DO_CALL (0.017s wait)
.
2020-01-20 19:57:55.309462 | eval'd: drake::cmq_buildtargetmetadepsspecht_is_subtargetconfig
2020-01-20 19:57:55.740427 | > DO_CALL (0.015s wait)
.2020-01-20 19:57:56.933374 | eval'd: drake::cmq_buildtargetmetadepsspecht_is_subtargetconfig
2020-01-20 19:57:57.174907 | > DO_CALL (0.021s wait)
.2020-01-20 19:57:57.559582 | eval'd: drake::cmq_buildtargetmetadepsspecht_is_subtargetconfig
2020-01-20 19:57:58.032322 | > DO_CALL (0.016s wait)
.2020-01-20 19:57:58.409473 | eval'd: drake::cmq_buildtargetmetadepsspecht_is_subtargetconfig
2020-01-20 19:57:58.828487 | > DO_CALL (0.009s wait)
.2020-01-20 19:57:59.183954 | eval'd: drake::cmq_buildtargetmetadepsspecht_is_subtargetconfig
2020-01-20 19:57:59.583775 | > DO_CALL (0.014s wait)
.2020-01-20 19:57:59.965491 | eval'd: drake::cmq_buildtargetmetadepsspecht_is_subtargetconfig
2020-01-20 19:58:00.171151 | > DO_CALL (0.012s wait)
.2020-01-20 19:58:01.400724 | eval'd: drake::cmq_buildtargetmetadepsspecht_is_subtargetconfig
2020-01-20 19:58:01.944280 | > DO_CALL (0.010s wait)
.2020-01-20 19:58:02.297378 | eval'd: drake::cmq_buildtargetmetadepsspecht_is_subtargetconfig
2020-01-20 19:58:02.768333 | > DO_CALL (0.011s wait)
.2020-01-20 19:58:03.130714 | eval'd: drake::cmq_buildtargetmetadepsspecht_is_subtargetconfig
2020-01-20 19:58:03.236225 | > DO_CALL (0.009s wait)
.2020-01-20 19:58:03.578043 | eval'd: drake::cmq_buildtargetmetadepsspecht_is_subtargetconfig
2020-01-20 19:58:04.017313 | > DO_CALL (0.014s wait)
.2020-01-20 19:58:04.999635 | eval'd: drake::cmq_buildtargetmetadepsspecht_is_subtargetconfig
2020-01-20 19:58:05.212309 | > DO_CALL (0.013s wait)
.2020-01-20 19:58:05.560902 | eval'd: drake::cmq_buildtargetmetadepsspecht_is_subtargetconfig
2020-01-20 19:58:05.793650 | > DO_CALL (0.015s wait)
.2020-01-20 19:58:06.157968 | eval'd: drake::cmq_buildtargetmetadepsspecht_is_subtargetconfig
2020-01-20 19:58:07.123242 | > DO_CALL (0.011s wait)
.2020-01-20 19:58:07.465921 | eval'd: drake::cmq_buildtargetmetadepsspecht_is_subtargetconfig
2020-01-20 19:58:07.933568 | > DO_CALL (0.000s wait)
.2020-01-20 19:58:07.941954 | eval'd: drake::cmq_buildtargetmetadepsspecht_is_subtargetconfig
2020-01-20 19:58:08.760246 | > DO_CALL (0.006s wait)
.2020-01-20 19:58:09.092916 | eval'd: drake::cmq_buildtargetmetadepsspecht_is_subtargetconfig
2020-01-20 19:58:09.386103 | > DO_CALL (0.014s wait)
.2020-01-20 19:58:10.698152 | eval'd: drake::cmq_buildtargetmetadepsspecht_is_subtargetconfig
2020-01-20 19:58:11.726959 | > DO_CALL (0.003s wait)
.2020-01-20 19:58:11.988392 | eval'd: drake::cmq_buildtargetmetadepsspecht_is_subtargetconfig
2020-01-20 19:58:12.544878 | > DO_CALL (0.030s wait)
.2020-01-20 19:58:12.952912 | eval'd: drake::cmq_buildtargetmetadepsspecht_is_subtargetconfig
2020-01-20 19:58:13.197143 | > DO_CALL (0.001s wait)
.2020-01-20 19:58:13.207559 | eval'd: drake::cmq_buildtargetmetadepsspecht_is_subtargetconfig
2020-01-20 19:58:13.359790 | > DO_CALL (0.001s wait)
.2020-01-20 19:58:13.451365 | eval'd: drake::cmq_buildtargetmetadepsspecht_is_subtargetconfig
2020-01-20 19:58:14.154087 | > DO_CALL (0.015s wait)
.2020-01-20 19:58:14.524257 | eval'd: drake::cmq_buildtargetmetadepsspecht_is_subtargetconfig
2020-01-20 19:58:14.884413 | > DO_CALL (0.010s wait)
.2020-01-20 19:58:16.066599 | eval'd: drake::cmq_buildtargetmetadepsspecht_is_subtargetconfig
2020-01-20 19:58:16.976948 | > DO_CALL (0.012s wait)
.2020-01-20 19:58:17.350855 | eval'd: drake::cmq_buildtargetmetadepsspecht_is_subtargetconfig
2020-01-20 19:58:17.855881 | > DO_CALL (0.016s wait)
.2020-01-20 19:58:18.227290 | eval'd: drake::cmq_buildtargetmetadepsspecht_is_subtargetconfig
2020-01-20 19:58:18.320480 | > DO_CALL (0.012s wait)
.2020-01-20 19:58:18.674269 | eval'd: drake::cmq_buildtargetmetadepsspecht_is_subtargetconfig
2020-01-20 19:58:19.033669 | > DO_CALL (0.007s wait)
.2020-01-20 19:58:20.313177 | eval'd: drake::cmq_buildtargetmetadepsspecht_is_subtargetconfig
2020-01-20 19:58:20.653140 | > DO_CALL (0.008s wait)
.2020-01-20 19:58:21.008873 | eval'd: drake::cmq_buildtargetmetadepsspecht_is_subtargetconfig
2020-01-20 19:58:22.105131 | > DO_CALL (0.001s wait)
.2020-01-20 19:58:22.116593 | eval'd: drake::cmq_buildtargetmetadepsspecht_is_subtargetconfig
2020-01-20 19:58:22.559935 | > DO_CALL (0.008s wait)
.2020-01-20 19:58:22.911299 | eval'd: drake::cmq_buildtargetmetadepsspecht_is_subtargetconfig
2020-01-20 19:58:23.405474 | > DO_CALL (0.018s wait)
.2020-01-20 19:58:23.777682 | eval'd: drake::cmq_buildtargetmetadepsspecht_is_subtargetconfig
2020-01-20 19:58:24.139450 | > DO_CALL (0.014s wait)
.2020-01-20 19:58:24.521248 | eval'd: drake::cmq_buildtargetmetadepsspecht_is_subtargetconfig
2020-01-20 19:58:24.854776 | > DO_CALL (0.014s wait)
.2020-01-20 19:58:26.076906 | eval'd: drake::cmq_buildtargetmetadepsspecht_is_subtargetconfig
2020-01-20 19:58:26.834300 | > DO_CALL (0.001s wait)
.2020-01-20 19:58:26.856459 | eval'd: drake::cmq_buildtargetmetadepsspecht_is_subtargetconfig
2020-01-20 19:58:27.306108 | > DO_CALL (0.014s wait)
.2020-01-20 19:58:27.675593 | eval'd: drake::cmq_buildtargetmetadepsspecht_is_subtargetconfig
2020-01-20 19:58:28.133747 | > DO_CALL (0.012s wait)
.2020-01-20 19:58:28.503048 | eval'd: drake::cmq_buildtargetmetadepsspecht_is_subtargetconfig
2020-01-20 19:58:28.946917 | > DO_CALL (0.014s wait)
.2020-01-20 19:58:29.313165 | eval'd: drake::cmq_buildtargetmetadepsspecht_is_subtargetconfig
2020-01-20 19:58:29.681774 | > DO_CALL (0.011s wait)
.2020-01-20 19:58:30.955965 | eval'd: drake::cmq_buildtargetmetadepsspecht_is_subtargetconfig
2020-01-20 19:58:31.700481 | > DO_CALL (0.004s wait)
.2020-01-20 19:58:32.040052 | eval'd: drake::cmq_buildtargetmetadepsspecht_is_subtargetconfig
2020-01-20 19:58:32.154553 | > DO_CALL (0.011s wait)
.2020-01-20 19:58:32.510334 | eval'd: drake::cmq_buildtargetmetadepsspecht_is_subtargetconfig
2020-01-20 19:58:32.941906 | > DO_CALL (0.012s wait)
.2020-01-20 19:58:33.313031 | eval'd: drake::cmq_buildtargetmetadepsspecht_is_subtargetconfig
2020-01-20 19:58:33.711639 | > DO_CALL (0.003s wait)
.2020-01-20 19:58:34.013712 | eval'd: drake::cmq_buildtargetmetadepsspecht_is_subtargetconfig
2020-01-20 19:58:34.501662 | > DO_CALL (0.008s wait)
.2020-01-20 19:58:35.681973 | eval'd: drake::cmq_buildtargetmetadepsspecht_is_subtargetconfig
2020-01-20 19:58:36.631701 | > DO_CALL (0.004s wait)
.2020-01-20 19:58:36.730655 | eval'd: drake::cmq_buildtargetmetadepsspecht_is_subtargetconfig
2020-01-20 19:58:37.507904 | > DO_CALL (0.024s wait)
.2020-01-20 19:58:37.910166 | eval'd: drake::cmq_buildtargetmetadepsspecht_is_subtargetconfig
2020-01-20 19:58:38.272266 | > DO_CALL (0.005s wait)
.2020-01-20 19:58:38.609095 | eval'd: drake::cmq_buildtargetmetadepsspecht_is_subtargetconfig
2020-01-20 19:58:39.046502 | > DO_CALL (0.008s wait)
.2020-01-20 19:58:39.402239 | eval'd: drake::cmq_buildtargetmetadepsspecht_is_subtargetconfig
2020-01-20 19:58:39.496190 | > DO_CALL (0.012s wait)
.2020-01-20 19:58:40.753556 | eval'd: drake::cmq_buildtargetmetadepsspecht_is_subtargetconfig
2020-01-20 19:58:41.575736 | > DO_CALL (0.000s wait)
.2020-01-20 19:58:41.584419 | eval'd: drake::cmq_buildtargetmetadepsspecht_is_subtargetconfig
2020-01-20 19:58:42.371785 | > DO_CALL (0.018s wait)
.2020-01-20 19:58:42.767070 | eval'd: drake::cmq_buildtargetmetadepsspecht_is_subtargetconfig
2020-01-20 19:58:43.152107 | > DO_CALL (0.007s wait)
.2020-01-20 19:58:43.506769 | eval'd: drake::cmq_buildtargetmetadepsspecht_is_subtargetconfig
2020-01-20 19:58:43.788926 | > DO_CALL (0.009s wait)
.2020-01-20 19:58:44.157943 | eval'd: drake::cmq_buildtargetmetadepsspecht_is_subtargetconfig
2020-01-20 19:58:44.466329 | > DO_CALL (0.011s wait)
.2020-01-20 19:58:45.658752 | eval'd: drake::cmq_buildtargetmetadepsspecht_is_subtargetconfig
2020-01-20 19:58:45.854696 | > DO_CALL (0.018s wait)
.2020-01-20 19:58:46.231286 | eval'd: drake::cmq_buildtargetmetadepsspecht_is_subtargetconfig
2020-01-20 19:58:46.669819 | > DO_CALL (0.005s wait)
.2020-01-20 19:58:47.006888 | eval'd: drake::cmq_buildtargetmetadepsspecht_is_subtargetconfig
2020-01-20 19:58:47.439322 | > DO_CALL (0.016s wait)
.2020-01-20 19:58:47.818208 | eval'd: drake::cmq_buildtargetmetadepsspecht_is_subtargetconfig
2020-01-20 19:58:48.167103 | > DO_CALL (0.013s wait)
.2020-01-20 19:58:48.550403 | eval'd: drake::cmq_buildtargetmetadepsspecht_is_subtargetconfig
2020-01-20 19:58:48.625772 | > DO_CALL (0.011s wait)
.2020-01-20 19:58:49.809003 | eval'd: drake::cmq_buildtargetmetadepsspecht_is_subtargetconfig
2020-01-20 19:58:50.737482 | > DO_CALL (0.019s wait)
.2020-01-20 19:58:51.145159 | eval'd: drake::cmq_buildtargetmetadepsspecht_is_subtargetconfig
2020-01-20 19:58:51.541842 | > DO_CALL (0.012s wait)
.2020-01-20 19:58:51.924932 | eval'd: drake::cmq_buildtargetmetadepsspecht_is_subtargetconfig
2020-01-20 19:58:52.307488 | > DO_CALL (0.009s wait)
.2020-01-20 19:58:52.659927 | eval'd: drake::cmq_buildtargetmetadepsspecht_is_subtargetconfig
2020-01-20 19:58:52.743445 | > DO_CALL (0.000s wait)
.2020-01-20 19:58:52.757424 | eval'd: drake::cmq_buildtargetmetadepsspecht_is_subtargetconfig
2020-01-20 19:58:53.404628 | > DO_CALL (0.018s wait)
.2020-01-20 19:58:54.474604 | eval'd: drake::cmq_buildtargetmetadepsspecht_is_subtargetconfig
2020-01-20 19:58:55.442113 | > DO_CALL (0.011s wait)
.2020-01-20 19:58:55.793933 | eval'd: drake::cmq_buildtargetmetadepsspecht_is_subtargetconfig
2020-01-20 19:58:56.190519 | > DO_CALL (0.009s wait)
.2020-01-20 19:58:56.531544 | eval'd: drake::cmq_buildtargetmetadepsspecht_is_subtargetconfig
2020-01-20 19:58:56.915570 | > DO_CALL (0.013s wait)
.2020-01-20 19:58:57.275423 | eval'd: drake::cmq_buildtargetmetadepsspecht_is_subtargetconfig
2020-01-20 19:58:57.356173 | > DO_CALL (0.012s wait)
.2020-01-20 19:58:58.527689 | eval'd: drake::cmq_buildtargetmetadepsspecht_is_subtargetconfig
2020-01-20 19:58:58.910006 | > DO_CALL (0.013s wait)
.2020-01-20 19:58:59.291109 | eval'd: drake::cmq_buildtargetmetadepsspecht_is_subtargetconfig
2020-01-20 19:59:00.284193 | > DO_CALL (0.014s wait)
.2020-01-20 19:59:00.669406 | eval'd: drake::cmq_buildtargetmetadepsspecht_is_subtargetconfig
2020-01-20 19:59:00.995409 | > DO_CALL (0.010s wait)
.2020-01-20 19:59:01.358581 | eval'd: drake::cmq_buildtargetmetadepsspecht_is_subtargetconfig
2020-01-20 19:59:01.559419 | > DO_CALL (0.000s wait)
.2020-01-20 19:59:01.571358 | eval'd: drake::cmq_buildtargetmetadepsspecht_is_subtargetconfig
2020-01-20 19:59:01.846881 | > DO_CALL (0.014s wait)
.2020-01-20 19:59:02.224479 | eval'd: drake::cmq_buildtargetmetadepsspecht_is_subtargetconfig
2020-01-20 19:59:02.362832 | > DO_CALL (0.021s wait)
.2020-01-20 19:59:03.543179 | eval'd: drake::cmq_buildtargetmetadepsspecht_is_subtargetconfig
2020-01-20 19:59:04.433315 | > DO_CALL (0.012s wait)
.2020-01-20 19:59:04.793401 | eval'd: drake::cmq_buildtargetmetadepsspecht_is_subtargetconfig
2020-01-20 19:59:05.264957 | > DO_CALL (0.015s wait)
.2020-01-20 19:59:05.636420 | eval'd: drake::cmq_buildtargetmetadepsspecht_is_subtargetconfig
2020-01-20 19:59:05.944010 | > DO_CALL (0.001s wait)
.2020-01-20 19:59:05.969588 | eval'd: drake::cmq_buildtargetmetadepsspecht_is_subtargetconfig
2020-01-20 19:59:06.096301 | > DO_CALL (0.023s wait)
.2020-01-20 19:59:06.471926 | eval'd: drake::cmq_buildtargetmetadepsspecht_is_subtargetconfig
2020-01-20 19:59:06.775563 | > DO_CALL (0.008s wait)
.2020-01-20 19:59:07.984929 | eval'd: drake::cmq_buildtargetmetadepsspecht_is_subtargetconfig
2020-01-20 19:59:08.088732 | > DO_CALL (0.004s wait)
.2020-01-20 19:59:08.434933 | eval'd: drake::cmq_buildtargetmetadepsspecht_is_subtargetconfig
2020-01-20 19:59:09.494224 | > DO_CALL (0.010s wait)
.
2020-01-20 19:59:09.853533 | eval'd: drake::cmq_buildtargetmetadepsspecht_is_subtargetconfig
2020-01-20 19:59:10.309296 | > DO_CALL (0.020s wait)
.2020-01-20 19:59:10.694195 | eval'd: drake::cmq_buildtargetmetadepsspecht_is_subtargetconfig
2020-01-20 19:59:11.007543 | > DO_CALL (0.002s wait)
.2020-01-20 19:59:11.335242 | eval'd: drake::cmq_buildtargetmetadepsspecht_is_subtargetconfig
2020-01-20 19:59:11.749146 | > DO_CALL (0.017s wait)
.2020-01-20 19:59:12.936506 | eval'd: drake::cmq_buildtargetmetadepsspecht_is_subtargetconfig
2020-01-20 19:59:13.410697 | > DO_CALL (0.001s wait)
.2020-01-20 19:59:13.416383 | eval'd: drake::cmq_buildtargetmetadepsspecht_is_subtargetconfig
2020-01-20 19:59:13.800282 | > DO_CALL (0.022s wait)
.2020-01-20 19:59:14.199379 | eval'd: drake::cmq_buildtargetmetadepsspecht_is_subtargetconfig
2020-01-20 19:59:14.252340 | > DO_CALL (0.001s wait)
.2020-01-20 19:59:17.022898 | eval'd: drake::cmq_buildtargetmetadepsspecht_is_subtargetconfig
2020-01-20 19:59:18.088317 | > DO_CALL (0.001s wait)
.2020-01-20 19:59:18.094787 | eval'd: drake::cmq_buildtargetmetadepsspecht_is_subtargetconfig
2020-01-20 19:59:18.685426 | > DO_CALL (0.001s wait)
.2020-01-20 19:59:18.691625 | eval'd: drake::cmq_buildtargetmetadepsspecht_is_subtargetconfig
2020-01-20 19:59:19.277240 | > DO_CALL (0.001s wait)
.2020-01-20 19:59:19.282878 | eval'd: drake::cmq_buildtargetmetadepsspecht_is_subtargetconfig
2020-01-20 19:59:19.865869 | > DO_CALL (0.001s wait)
.2020-01-20 19:59:19.871369 | eval'd: drake::cmq_buildtargetmetadepsspecht_is_subtargetconfig
2020-01-20 19:59:20.456046 | > DO_CALL (0.001s wait)
.2020-01-20 19:59:20.461556 | eval'd: drake::cmq_buildtargetmetadepsspecht_is_subtargetconfig
2020-01-20 19:59:21.667267 | > DO_CALL (0.002s wait)
.2020-01-20 19:59:21.675161 | eval'd: drake::cmq_buildtargetmetadepsspecht_is_subtargetconfig
2020-01-20 19:59:22.291598 | > DO_CALL (0.001s wait)
.2020-01-20 19:59:22.297210 | eval'd: drake::cmq_buildtargetmetadepsspecht_is_subtargetconfig
2020-01-20 19:59:22.898694 | > DO_CALL (0.001s wait)
.2020-01-20 19:59:22.904221 | eval'd: drake::cmq_buildtargetmetadepsspecht_is_subtargetconfig
2020-01-20 19:59:23.482205 | > DO_CALL (0.001s wait)
.2020-01-20 19:59:23.487879 | eval'd: drake::cmq_buildtargetmetadepsspecht_is_subtargetconfig
2020-01-20 19:59:24.074248 | > DO_CALL (0.001s wait)
.2020-01-20 19:59:24.080838 | eval'd: drake::cmq_buildtargetmetadepsspecht_is_subtargetconfig
2020-01-20 19:59:24.668435 | > DO_CALL (0.001s wait)
.2020-01-20 19:59:24.674216 | eval'd: drake::cmq_buildtargetmetadepsspecht_is_subtargetconfig
2020-01-20 19:59:25.886202 | > DO_CALL (0.001s wait)
.2020-01-20 19:59:25.891908 | eval'd: drake::cmq_buildtargetmetadepsspecht_is_subtargetconfig
2020-01-20 19:59:26.479764 | > DO_CALL (0.001s wait)
.2020-01-20 19:59:26.486007 | eval'd: drake::cmq_buildtargetmetadepsspecht_is_subtargetconfig
2020-01-20 19:59:27.057322 | > DO_CALL (0.001s wait)
.2020-01-20 19:59:27.063488 | eval'd: drake::cmq_buildtargetmetadepsspecht_is_subtargetconfig
2020-01-20 19:59:27.643242 | > DO_CALL (0.001s wait)
.2020-01-20 19:59:27.648941 | eval'd: drake::cmq_buildtargetmetadepsspecht_is_subtargetconfig
2020-01-20 19:59:28.247278 | > DO_CALL (0.001s wait)
.2020-01-20 19:59:28.253101 | eval'd: drake::cmq_buildtargetmetadepsspecht_is_subtargetconfig
2020-01-20 19:59:29.486359 | > DO_CALL (0.001s wait)
.2020-01-20 19:59:29.492328 | eval'd: drake::cmq_buildtargetmetadepsspecht_is_subtargetconfig
2020-01-20 19:59:30.077451 | > DO_CALL (0.001s wait)
.2020-01-20 19:59:30.084423 | eval'd: drake::cmq_buildtargetmetadepsspecht_is_subtargetconfig
2020-01-20 19:59:30.665971 | > DO_CALL (0.000s wait)
.2020-01-20 19:59:30.672799 | eval'd: drake::cmq_buildtargetmetadepsspecht_is_subtargetconfig
2020-01-20 19:59:31.265817 | > DO_CALL (0.001s wait)
.2020-01-20 19:59:31.272815 | eval'd: drake::cmq_buildtargetmetadepsspecht_is_subtargetconfig
2020-01-20 19:59:31.863385 | > DO_CALL (0.001s wait)
.2020-01-20 19:59:31.870541 | eval'd: drake::cmq_buildtargetmetadepsspecht_is_subtargetconfig
2020-01-20 19:59:33.095207 | > DO_CALL (0.001s wait)
.2020-01-20 19:59:33.102108 | eval'd: drake::cmq_buildtargetmetadepsspecht_is_subtargetconfig
2020-01-20 19:59:33.687968 | > DO_CALL (0.000s wait)
.2020-01-20 19:59:33.695065 | eval'd: drake::cmq_buildtargetmetadepsspecht_is_subtargetconfig
2020-01-20 19:59:34.297733 | > DO_CALL (0.001s wait)
.2020-01-20 19:59:34.304214 | eval'd: drake::cmq_buildtargetmetadepsspecht_is_subtargetconfig
2020-01-20 19:59:34.908148 | > DO_CALL (0.001s wait)
.2020-01-20 19:59:34.915045 | eval'd: drake::cmq_buildtargetmetadepsspecht_is_subtargetconfig
2020-01-20 19:59:35.504980 | > DO_CALL (0.001s wait)
.2020-01-20 19:59:35.512409 | eval'd: drake::cmq_buildtargetmetadepsspecht_is_subtargetconfig
2020-01-20 19:59:36.729202 | > DO_CALL (0.002s wait)
.2020-01-20 19:59:36.740665 | eval'd: drake::cmq_buildtargetmetadepsspecht_is_subtargetconfig
2020-01-20 19:59:37.323094 | > DO_CALL (0.001s wait)
.2020-01-20 19:59:37.330027 | eval'd: drake::cmq_buildtargetmetadepsspecht_is_subtargetconfig
2020-01-20 19:59:37.949864 | > DO_CALL (0.001s wait)
.2020-01-20 19:59:37.956469 | eval'd: drake::cmq_buildtargetmetadepsspecht_is_subtargetconfig
2020-01-20 19:59:38.548609 | > DO_CALL (0.001s wait)
.2020-01-20 19:59:38.556088 | eval'd: drake::cmq_buildtargetmetadepsspecht_is_subtargetconfig
2020-01-20 19:59:39.143751 | > DO_CALL (0.000s wait)
.2020-01-20 19:59:39.148392 | eval'd: drake::cmq_buildtargetmetadepsspecht_is_subtargetconfig
2020-01-20 19:59:40.379161 | > DO_CALL (0.001s wait)
.2020-01-20 19:59:40.386427 | eval'd: drake::cmq_buildtargetmetadepsspecht_is_subtargetconfig
2020-01-20 19:59:40.981946 | > DO_CALL (0.000s wait)
.2020-01-20 19:59:40.989312 | eval'd: drake::cmq_buildtargetmetadepsspecht_is_subtargetconfig
2020-01-20 19:59:41.568786 | > DO_CALL (0.001s wait)
.2020-01-20 19:59:41.576031 | eval'd: drake::cmq_buildtargetmetadepsspecht_is_subtargetconfig
2020-01-20 19:59:42.150100 | > DO_CALL (0.001s wait)
.2020-01-20 19:59:42.156870 | eval'd: drake::cmq_buildtargetmetadepsspecht_is_subtargetconfig
2020-01-20 19:59:42.735599 | > DO_CALL (0.001s wait)
.2020-01-20 19:59:42.742698 | eval'd: drake::cmq_buildtargetmetadepsspecht_is_subtargetconfig
2020-01-20 19:59:43.971298 | > DO_CALL (0.001s wait)
.2020-01-20 19:59:43.978457 | eval'd: drake::cmq_buildtargetmetadepsspecht_is_subtargetconfig
2020-01-20 19:59:44.581000 | > DO_CALL (0.001s wait)
.2020-01-20 19:59:44.587925 | eval'd: drake::cmq_buildtargetmetadepsspecht_is_subtargetconfig
2020-01-20 19:59:45.159789 | > DO_CALL (0.001s wait)
.2020-01-20 19:59:45.166958 | eval'd: drake::cmq_buildtargetmetadepsspecht_is_subtargetconfig
2020-01-20 19:59:45.755472 | > DO_CALL (0.001s wait)
.2020-01-20 19:59:45.763551 | eval'd: drake::cmq_buildtargetmetadepsspecht_is_subtargetconfig
2020-01-20 19:59:47.129562 | > DO_CALL (0.001s wait)
.2020-01-20 19:59:47.136667 | eval'd: drake::cmq_buildtargetmetadepsspecht_is_subtargetconfig
2020-01-20 19:59:47.740573 | > DO_CALL (0.001s wait)
.2020-01-20 19:59:47.747795 | eval'd: drake::cmq_buildtargetmetadepsspecht_is_subtargetconfig
2020-01-20 19:59:48.334088 | > DO_CALL (0.001s wait)
.2020-01-20 19:59:48.340952 | eval'd: drake::cmq_buildtargetmetadepsspecht_is_subtargetconfig
2020-01-20 19:59:48.923824 | > DO_CALL (0.001s wait)
.2020-01-20 19:59:48.930294 | eval'd: drake::cmq_buildtargetmetadepsspecht_is_subtargetconfig
2020-01-20 19:59:49.531067 | > DO_CALL (0.001s wait)
.2020-01-20 19:59:49.537824 | eval'd: drake::cmq_buildtargetmetadepsspecht_is_subtargetconfig
2020-01-20 19:59:50.129273 | > DO_CALL (0.001s wait)
.2020-01-20 19:59:50.134230 | eval'd: drake::cmq_buildtargetmetadepsspecht_is_subtargetconfig
2020-01-20 19:59:51.415165 | > DO_CALL (0.001s wait)
.2020-01-20 19:59:51.421987 | eval'd: drake::cmq_buildtargetmetadepsspecht_is_subtargetconfig
2020-01-20 19:59:52.008015 | > DO_CALL (0.001s wait)
.2020-01-20 19:59:52.015040 | eval'd: drake::cmq_buildtargetmetadepsspecht_is_subtargetconfig
2020-01-20 19:59:52.605040 | > DO_CALL (0.001s wait)
.2020-01-20 19:59:52.612146 | eval'd: drake::cmq_buildtargetmetadepsspecht_is_subtargetconfig
2020-01-20 19:59:53.195600 | > DO_CALL (0.001s wait)
.2020-01-20 19:59:53.202126 | eval'd: drake::cmq_buildtargetmetadepsspecht_is_subtargetconfig
2020-01-20 19:59:53.808558 | > DO_CALL (0.001s wait)
.2020-01-20 19:59:53.815783 | eval'd: drake::cmq_buildtargetmetadepsspecht_is_subtargetconfig
2020-01-20 19:59:55.107491 | > DO_CALL (0.001s wait)
.2020-01-20 19:59:55.115666 | eval'd: drake::cmq_buildtargetmetadepsspecht_is_subtargetconfig
2020-01-20 19:59:55.694127 | > DO_CALL (0.001s wait)
.2020-01-20 19:59:55.701140 | eval'd: drake::cmq_buildtargetmetadepsspecht_is_subtargetconfig
2020-01-20 19:59:56.288450 | > DO_CALL (0.001s wait)
.2020-01-20 19:59:56.295625 | eval'd: drake::cmq_buildtargetmetadepsspecht_is_subtargetconfig
2020-01-20 19:59:56.879283 | > DO_CALL (0.001s wait)
.2020-01-20 19:59:56.886122 | eval'd: drake::cmq_buildtargetmetadepsspecht_is_subtargetconfig
2020-01-20 19:59:57.460732 | > DO_CALL (0.001s wait)
.2020-01-20 19:59:57.467713 | eval'd: drake::cmq_buildtargetmetadepsspecht_is_subtargetconfig
2020-01-20 19:59:58.835002 | > DO_CALL (0.001s wait)
.2020-01-20 19:59:58.841491 | eval'd: drake::cmq_buildtargetmetadepsspecht_is_subtargetconfig
2020-01-20 19:59:59.428436 | > DO_CALL (0.001s wait)
.2020-01-20 19:59:59.434840 | eval'd: drake::cmq_buildtargetmetadepsspecht_is_subtargetconfig
2020-01-20 20:00:00.010466 | > DO_CALL (0.000s wait)
.2020-01-20 20:00:00.015232 | eval'd: drake::cmq_buildtargetmetadepsspecht_is_subtargetconfig
2020-01-20 20:00:00.589917 | > DO_CALL (0.001s wait)
.2020-01-20 20:00:00.597391 | eval'd: drake::cmq_buildtargetmetadepsspecht_is_subtargetconfig
2020-01-20 20:00:01.171619 | > DO_CALL (0.001s wait)
.2020-01-20 20:00:01.178528 | eval'd: drake::cmq_buildtargetmetadepsspecht_is_subtargetconfig
2020-01-20 20:00:02.437690 | > DO_CALL (0.001s wait)
.2020-01-20 20:00:02.444601 | eval'd: drake::cmq_buildtargetmetadepsspecht_is_subtargetconfig
2020-01-20 20:00:03.026634 | > DO_CALL (0.000s wait)
.2020-01-20 20:00:03.031594 | eval'd: drake::cmq_buildtargetmetadepsspecht_is_subtargetconfig
2020-01-20 20:00:03.605080 | > DO_CALL (0.001s wait)
.2020-01-20 20:00:03.611760 | eval'd: drake::cmq_buildtargetmetadepsspecht_is_subtargetconfig
2020-01-20 20:00:04.193302 | > DO_CALL (0.001s wait)
.2020-01-20 20:00:04.200183 | eval'd: drake::cmq_buildtargetmetadepsspecht_is_subtargetconfig
2020-01-20 20:00:04.769488 | > DO_CALL (0.001s wait)
.2020-01-20 20:00:04.782161 | eval'd: drake::cmq_buildtargetmetadepsspecht_is_subtargetconfig
2020-01-20 20:00:05.987777 | > DO_CALL (0.001s wait)
.2020-01-20 20:00:05.994444 | eval'd: drake::cmq_buildtargetmetadepsspecht_is_subtargetconfig
2020-01-20 20:00:06.580526 | > DO_CALL (0.001s wait)
.2020-01-20 20:00:06.587711 | eval'd: drake::cmq_buildtargetmetadepsspecht_is_subtargetconfig
2020-01-20 20:00:07.166790 | > DO_CALL (0.001s wait)
.2020-01-20 20:00:07.173871 | eval'd: drake::cmq_buildtargetmetadepsspecht_is_subtargetconfig
2020-01-20 20:00:07.762133 | > DO_CALL (0.001s wait)
.2020-01-20 20:00:07.769116 | eval'd: drake::cmq_buildtargetmetadepsspecht_is_subtargetconfig
2020-01-20 20:00:08.348010 | > DO_CALL (0.001s wait)
.2020-01-20 20:00:08.354920 | eval'd: drake::cmq_buildtargetmetadepsspecht_is_subtargetconfig
2020-01-20 20:00:09.582644 | > DO_CALL (0.001s wait)
.2020-01-20 20:00:09.589149 | eval'd: drake::cmq_buildtargetmetadepsspecht_is_subtargetconfig
2020-01-20 20:00:10.167252 | > DO_CALL (0.001s wait)
.
2020-01-20 20:00:10.173536 | eval'd: drake::cmq_buildtargetmetadepsspecht_is_subtargetconfig
2020-01-20 20:00:10.763106 | > DO_CALL (0.001s wait)
.2020-01-20 20:00:10.770106 | eval'd: drake::cmq_buildtargetmetadepsspecht_is_subtargetconfig
2020-01-20 20:00:11.346841 | > DO_CALL (0.001s wait)
.2020-01-20 20:00:11.353999 | eval'd: drake::cmq_buildtargetmetadepsspecht_is_subtargetconfig
2020-01-20 20:00:11.926368 | > DO_CALL (0.001s wait)
.2020-01-20 20:00:11.933153 | eval'd: drake::cmq_buildtargetmetadepsspecht_is_subtargetconfig
2020-01-20 20:00:13.153030 | > DO_CALL (0.001s wait)
.2020-01-20 20:00:13.160389 | eval'd: drake::cmq_buildtargetmetadepsspecht_is_subtargetconfig
2020-01-20 20:00:13.747884 | > DO_CALL (0.001s wait)
.2020-01-20 20:00:13.755365 | eval'd: drake::cmq_buildtargetmetadepsspecht_is_subtargetconfig
2020-01-20 20:00:14.342026 | > DO_CALL (0.001s wait)
.2020-01-20 20:00:14.349153 | eval'd: drake::cmq_buildtargetmetadepsspecht_is_subtargetconfig
2020-01-20 20:00:14.926496 | > DO_CALL (0.001s wait)
.2020-01-20 20:00:14.933834 | eval'd: drake::cmq_buildtargetmetadepsspecht_is_subtargetconfig
2020-01-20 20:00:15.512508 | > DO_CALL (0.001s wait)
.2020-01-20 20:00:15.518988 | eval'd: drake::cmq_buildtargetmetadepsspecht_is_subtargetconfig
2020-01-20 20:00:16.724549 | > DO_CALL (0.001s wait)
.2020-01-20 20:00:16.731610 | eval'd: drake::cmq_buildtargetmetadepsspecht_is_subtargetconfig
2020-01-20 20:00:17.308556 | > DO_CALL (0.001s wait)
.2020-01-20 20:00:17.315487 | eval'd: drake::cmq_buildtargetmetadepsspecht_is_subtargetconfig
2020-01-20 20:00:17.893253 | > DO_CALL (0.001s wait)
.2020-01-20 20:00:17.900880 | eval'd: drake::cmq_buildtargetmetadepsspecht_is_subtargetconfig
2020-01-20 20:00:18.464683 | > DO_CALL (0.000s wait)
.2020-01-20 20:00:18.470068 | eval'd: drake::cmq_buildtargetmetadepsspecht_is_subtargetconfig
2020-01-20 20:00:19.050159 | > DO_CALL (0.001s wait)
.2020-01-20 20:00:19.056798 | eval'd: drake::cmq_buildtargetmetadepsspecht_is_subtargetconfig
2020-01-20 20:00:20.260181 | > DO_CALL (0.001s wait)
.2020-01-20 20:00:20.267145 | eval'd: drake::cmq_buildtargetmetadepsspecht_is_subtargetconfig
2020-01-20 20:00:20.844897 | > DO_CALL (0.001s wait)
.2020-01-20 20:00:20.851884 | eval'd: drake::cmq_buildtargetmetadepsspecht_is_subtargetconfig
2020-01-20 20:00:21.426590 | > DO_CALL (0.001s wait)
.2020-01-20 20:00:21.433475 | eval'd: drake::cmq_buildtargetmetadepsspecht_is_subtargetconfig
2020-01-20 20:00:21.996418 | > DO_CALL (0.000s wait)
.2020-01-20 20:00:22.001488 | eval'd: drake::cmq_buildtargetmetadepsspecht_is_subtargetconfig
2020-01-20 20:00:22.587270 | > DO_CALL (0.001s wait)
.2020-01-20 20:00:22.594703 | eval'd: drake::cmq_buildtargetmetadepsspecht_is_subtargetconfig
2020-01-20 20:00:23.801751 | > DO_CALL (0.001s wait)
.2020-01-20 20:00:23.808243 | eval'd: drake::cmq_buildtargetmetadepsspecht_is_subtargetconfig
2020-01-20 20:00:24.387866 | > DO_CALL (0.001s wait)
.2020-01-20 20:00:24.394952 | eval'd: drake::cmq_buildtargetmetadepsspecht_is_subtargetconfig
2020-01-20 20:00:24.971497 | > DO_CALL (0.001s wait)
.2020-01-20 20:00:24.977592 | eval'd: drake::cmq_buildtargetmetadepsspecht_is_subtargetconfig
2020-01-20 20:00:25.562141 | > DO_CALL (0.001s wait)
.2020-01-20 20:00:25.569044 | eval'd: drake::cmq_buildtargetmetadepsspecht_is_subtargetconfig
2020-01-20 20:00:26.151726 | > DO_CALL (0.001s wait)
.2020-01-20 20:00:26.158126 | eval'd: drake::cmq_buildtargetmetadepsspecht_is_subtargetconfig
2020-01-20 20:00:27.364372 | > DO_CALL (0.001s wait)
.2020-01-20 20:00:27.371167 | eval'd: drake::cmq_buildtargetmetadepsspecht_is_subtargetconfig
2020-01-20 20:00:27.958327 | > DO_CALL (0.001s wait)
.2020-01-20 20:00:27.964919 | eval'd: drake::cmq_buildtargetmetadepsspecht_is_subtargetconfig
2020-01-20 20:00:28.543749 | > DO_CALL (0.000s wait)
.2020-01-20 20:00:28.549184 | eval'd: drake::cmq_buildtargetmetadepsspecht_is_subtargetconfig
2020-01-20 20:00:29.139457 | > DO_CALL (0.000s wait)
.2020-01-20 20:00:29.144214 | eval'd: drake::cmq_buildtargetmetadepsspecht_is_subtargetconfig
2020-01-20 20:00:29.739265 | > DO_CALL (0.001s wait)
.2020-01-20 20:00:29.746135 | eval'd: drake::cmq_buildtargetmetadepsspecht_is_subtargetconfig
2020-01-20 20:00:30.957680 | > DO_CALL (0.001s wait)
.2020-01-20 20:00:30.964057 | eval'd: drake::cmq_buildtargetmetadepsspecht_is_subtargetconfig
2020-01-20 20:00:31.549297 | > DO_CALL (0.001s wait)
.2020-01-20 20:00:31.556155 | eval'd: drake::cmq_buildtargetmetadepsspecht_is_subtargetconfig
2020-01-20 20:00:32.138128 | > DO_CALL (0.001s wait)
.2020-01-20 20:00:32.144687 | eval'd: drake::cmq_buildtargetmetadepsspecht_is_subtargetconfig
2020-01-20 20:00:32.725120 | > DO_CALL (0.001s wait)
.2020-01-20 20:00:32.732215 | eval'd: drake::cmq_buildtargetmetadepsspecht_is_subtargetconfig
2020-01-20 20:00:33.311054 | > DO_CALL (0.001s wait)
.2020-01-20 20:00:33.317895 | eval'd: drake::cmq_buildtargetmetadepsspecht_is_subtargetconfig
2020-01-20 20:00:34.532760 | > DO_CALL (0.001s wait)
.2020-01-20 20:00:34.540016 | eval'd: drake::cmq_buildtargetmetadepsspecht_is_subtargetconfig
2020-01-20 20:00:35.117796 | > DO_CALL (0.001s wait)
.2020-01-20 20:00:35.124988 | eval'd: drake::cmq_buildtargetmetadepsspecht_is_subtargetconfig
2020-01-20 20:00:35.697912 | > DO_CALL (0.001s wait)
.2020-01-20 20:00:35.704392 | eval'd: drake::cmq_buildtargetmetadepsspecht_is_subtargetconfig
2020-01-20 20:00:36.284564 | > DO_CALL (0.000s wait)
.2020-01-20 20:00:36.289664 | eval'd: drake::cmq_buildtargetmetadepsspecht_is_subtargetconfig
2020-01-20 20:00:37.519349 | > DO_CALL (0.001s wait)
.2020-01-20 20:00:37.525737 | eval'd: drake::cmq_buildtargetmetadepsspecht_is_subtargetconfig
2020-01-20 20:00:38.112848 | > DO_CALL (0.001s wait)
.2020-01-20 20:00:38.119838 | eval'd: drake::cmq_buildtargetmetadepsspecht_is_subtargetconfig
2020-01-20 20:00:38.695722 | > DO_CALL (0.001s wait)
.2020-01-20 20:00:38.702982 | eval'd: drake::cmq_buildtargetmetadepsspecht_is_subtargetconfig
2020-01-20 20:00:39.292148 | > DO_CALL (0.001s wait)
.2020-01-20 20:00:39.299036 | eval'd: drake::cmq_buildtargetmetadepsspecht_is_subtargetconfig
2020-01-20 20:00:39.888694 | > DO_CALL (0.001s wait)
.2020-01-20 20:00:39.896308 | eval'd: drake::cmq_buildtargetmetadepsspecht_is_subtargetconfig
2020-01-20 20:00:41.093786 | > DO_CALL (0.001s wait)
.2020-01-20 20:00:41.101128 | eval'd: drake::cmq_buildtargetmetadepsspecht_is_subtargetconfig
2020-01-20 20:00:41.680817 | > DO_CALL (0.001s wait)
.2020-01-20 20:00:41.687787 | eval'd: drake::cmq_buildtargetmetadepsspecht_is_subtargetconfig
2020-01-20 20:00:42.267259 | > DO_CALL (0.001s wait)
.2020-01-20 20:00:42.274545 | eval'd: drake::cmq_buildtargetmetadepsspecht_is_subtargetconfig
2020-01-20 20:00:42.855045 | > DO_CALL (0.002s wait)
.2020-01-20 20:00:42.861639 | eval'd: drake::cmq_buildtargetmetadepsspecht_is_subtargetconfig
2020-01-20 20:00:43.434742 | > DO_CALL (0.001s wait)
.2020-01-20 20:00:43.441474 | eval'd: drake::cmq_buildtargetmetadepsspecht_is_subtargetconfig
2020-01-20 20:00:43.639238 | > DO_CALL (0.001s wait)
.2020-01-20 20:00:43.645668 | eval'd: drake::cmq_buildtargetmetadepsspecht_is_subtargetconfig
2020-01-20 20:00:44.857481 | > DO_CALL (0.001s wait)
.2020-01-20 20:00:44.865092 | eval'd: drake::cmq_buildtargetmetadepsspecht_is_subtargetconfig
2020-01-20 20:00:45.440761 | > DO_CALL (0.001s wait)
.2020-01-20 20:00:45.447754 | eval'd: drake::cmq_buildtargetmetadepsspecht_is_subtargetconfig
2020-01-20 20:00:46.027088 | > DO_CALL (0.001s wait)
.2020-01-20 20:00:46.034223 | eval'd: drake::cmq_buildtargetmetadepsspecht_is_subtargetconfig
2020-01-20 20:00:46.615279 | > DO_CALL (0.001s wait)
.2020-01-20 20:00:46.622446 | eval'd: drake::cmq_buildtargetmetadepsspecht_is_subtargetconfig
2020-01-20 20:00:47.197717 | > DO_CALL (0.001s wait)
.2020-01-20 20:00:47.204540 | eval'd: drake::cmq_buildtargetmetadepsspecht_is_subtargetconfig
2020-01-20 20:00:48.448510 | > DO_CALL (0.001s wait)
.2020-01-20 20:00:48.454963 | eval'd: drake::cmq_buildtargetmetadepsspecht_is_subtargetconfig
2020-01-20 20:00:49.037751 | > DO_CALL (0.001s wait)
.2020-01-20 20:00:49.044545 | eval'd: drake::cmq_buildtargetmetadepsspecht_is_subtargetconfig
2020-01-20 20:00:49.633878 | > DO_CALL (0.001s wait)
.2020-01-20 20:00:49.640977 | eval'd: drake::cmq_buildtargetmetadepsspecht_is_subtargetconfig
2020-01-20 20:00:50.227589 | > DO_CALL (0.001s wait)
.2020-01-20 20:00:50.234482 | eval'd: drake::cmq_buildtargetmetadepsspecht_is_subtargetconfig
2020-01-20 20:00:50.842459 | > DO_CALL (0.001s wait)
.2020-01-20 20:00:50.848867 | eval'd: drake::cmq_buildtargetmetadepsspecht_is_subtargetconfig
2020-01-20 20:00:52.046454 | > DO_CALL (0.001s wait)
.2020-01-20 20:00:52.053267 | eval'd: drake::cmq_buildtargetmetadepsspecht_is_subtargetconfig
2020-01-20 20:00:52.641450 | > DO_CALL (0.001s wait)
.2020-01-20 20:00:52.648680 | eval'd: drake::cmq_buildtargetmetadepsspecht_is_subtargetconfig
2020-01-20 20:00:53.233562 | > DO_CALL (0.001s wait)
.2020-01-20 20:00:53.240858 | eval'd: drake::cmq_buildtargetmetadepsspecht_is_subtargetconfig
2020-01-20 20:00:53.833167 | > DO_CALL (0.001s wait)
.2020-01-20 20:00:53.840090 | eval'd: drake::cmq_buildtargetmetadepsspecht_is_subtargetconfig
2020-01-20 20:00:54.423883 | > DO_CALL (0.001s wait)
.2020-01-20 20:00:54.430856 | eval'd: drake::cmq_buildtargetmetadepsspecht_is_subtargetconfig
2020-01-20 20:00:55.675674 | > DO_CALL (0.001s wait)
.2020-01-20 20:00:55.682052 | eval'd: drake::cmq_buildtargetmetadepsspecht_is_subtargetconfig
2020-01-20 20:00:56.260385 | > DO_CALL (0.001s wait)
.2020-01-20 20:00:56.267243 | eval'd: drake::cmq_buildtargetmetadepsspecht_is_subtargetconfig
2020-01-20 20:00:56.849757 | > DO_CALL (0.001s wait)
.2020-01-20 20:00:56.857003 | eval'd: drake::cmq_buildtargetmetadepsspecht_is_subtargetconfig
2020-01-20 20:00:57.440262 | > DO_CALL (0.001s wait)
.2020-01-20 20:00:57.446746 | eval'd: drake::cmq_buildtargetmetadepsspecht_is_subtargetconfig
2020-01-20 20:00:58.168852 | > DO_CALL (0.000s wait)
.2020-01-20 20:00:58.174468 | eval'd: drake::cmq_buildtargetmetadepsspecht_is_subtargetconfig
2020-01-20 20:00:59.428701 | > DO_CALL (0.001s wait)
.2020-01-20 20:00:59.435875 | eval'd: drake::cmq_buildtargetmetadepsspecht_is_subtargetconfig
2020-01-20 20:01:00.023473 | > DO_CALL (0.001s wait)
.2020-01-20 20:01:00.030379 | eval'd: drake::cmq_buildtargetmetadepsspecht_is_subtargetconfig
2020-01-20 20:01:00.607626 | > DO_CALL (0.001s wait)
.2020-01-20 20:01:00.614675 | eval'd: drake::cmq_buildtargetmetadepsspecht_is_subtargetconfig
2020-01-20 20:01:01.178410 | > DO_CALL (0.000s wait)
.2020-01-20 20:01:01.182985 | eval'd: drake::cmq_buildtargetmetadepsspecht_is_subtargetconfig
2020-01-20 20:01:02.426742 | > DO_CALL (0.001s wait)
.2020-01-20 20:01:02.433450 | eval'd: drake::cmq_buildtargetmetadepsspecht_is_subtargetconfig
2020-01-20 20:01:03.067292 | > DO_CALL (0.001s wait)
.2020-01-20 20:01:03.073490 | eval'd: drake::cmq_buildtargetmetadepsspecht_is_subtargetconfig
2020-01-20 20:01:03.705197 | > DO_CALL (0.001s wait)
.2020-01-20 20:01:03.712208 | eval'd: drake::cmq_buildtargetmetadepsspecht_is_subtargetconfig
2020-01-20 20:01:04.327126 | > DO_CALL (0.001s wait)
.2020-01-20 20:01:04.333996 | eval'd: drake::cmq_buildtargetmetadepsspecht_is_subtargetconfig
2020-01-20 20:01:04.940020 | > DO_CALL (0.001s wait)
.2020-01-20 20:01:04.946355 | eval'd: drake::cmq_buildtargetmetadepsspecht_is_subtargetconfig
2020-01-20 20:01:06.222240 | > DO_CALL (0.001s wait)
.2020-01-20 20:01:06.229091 | eval'd: drake::cmq_buildtargetmetadepsspecht_is_subtargetconfig
2020-01-20 20:01:06.854171 | > DO_CALL (0.001s wait)
.
2020-01-20 20:01:06.859326 | eval'd: drake::cmq_buildtargetmetadepsspecht_is_subtargetconfig
2020-01-20 20:01:07.497364 | > DO_CALL (0.001s wait)
.2020-01-20 20:01:07.504287 | eval'd: drake::cmq_buildtargetmetadepsspecht_is_subtargetconfig
2020-01-20 20:01:08.129105 | > DO_CALL (0.001s wait)
.2020-01-20 20:01:08.135770 | eval'd: drake::cmq_buildtargetmetadepsspecht_is_subtargetconfig
2020-01-20 20:01:08.757384 | > DO_CALL (0.000s wait)
.2020-01-20 20:01:08.762056 | eval'd: drake::cmq_buildtargetmetadepsspecht_is_subtargetconfig
2020-01-20 20:01:10.099233 | > DO_CALL (0.000s wait)
.2020-01-20 20:01:10.104135 | eval'd: drake::cmq_buildtargetmetadepsspecht_is_subtargetconfig
2020-01-20 20:01:10.731857 | > DO_CALL (0.001s wait)
.2020-01-20 20:01:10.738901 | eval'd: drake::cmq_buildtargetmetadepsspecht_is_subtargetconfig
2020-01-20 20:01:11.358973 | > DO_CALL (0.001s wait)
.2020-01-20 20:01:11.366126 | eval'd: drake::cmq_buildtargetmetadepsspecht_is_subtargetconfig
2020-01-20 20:01:11.979033 | > DO_CALL (0.001s wait)
.2020-01-20 20:01:11.986696 | eval'd: drake::cmq_buildtargetmetadepsspecht_is_subtargetconfig
2020-01-20 20:01:13.301448 | > DO_CALL (0.001s wait)
.2020-01-20 20:01:13.308356 | eval'd: drake::cmq_buildtargetmetadepsspecht_is_subtargetconfig
2020-01-20 20:01:13.941698 | > DO_CALL (0.001s wait)
.2020-01-20 20:01:13.947996 | eval'd: drake::cmq_buildtargetmetadepsspecht_is_subtargetconfig
2020-01-20 20:01:14.566735 | > DO_CALL (0.001s wait)
.2020-01-20 20:01:14.573030 | eval'd: drake::cmq_buildtargetmetadepsspecht_is_subtargetconfig
2020-01-20 20:01:15.195382 | > DO_CALL (0.001s wait)
.2020-01-20 20:01:15.206059 | eval'd: drake::cmq_buildtargetmetadepsspecht_is_subtargetconfig
2020-01-20 20:01:15.811538 | > DO_CALL (0.001s wait)
.2020-01-20 20:01:15.818622 | eval'd: drake::cmq_buildtargetmetadepsspecht_is_subtargetconfig
2020-01-20 20:01:17.191001 | > DO_CALL (0.000s wait)
.2020-01-20 20:01:17.198004 | eval'd: drake::cmq_buildtargetmetadepsspecht_is_subtargetconfig
2020-01-20 20:01:17.825858 | > DO_CALL (0.000s wait)
.2020-01-20 20:01:17.830399 | eval'd: drake::cmq_buildtargetmetadepsspecht_is_subtargetconfig
2020-01-20 20:01:18.447231 | > DO_CALL (0.001s wait)
.2020-01-20 20:01:18.454016 | eval'd: drake::cmq_buildtargetmetadepsspecht_is_subtargetconfig
2020-01-20 20:01:19.067773 | > DO_CALL (0.001s wait)
.2020-01-20 20:01:19.074697 | eval'd: drake::cmq_buildtargetmetadepsspecht_is_subtargetconfig
2020-01-20 20:01:19.702570 | > DO_CALL (0.001s wait)
.2020-01-20 20:01:19.709657 | eval'd: drake::cmq_buildtargetmetadepsspecht_is_subtargetconfig
2020-01-20 20:01:21.030004 | > DO_CALL (0.001s wait)
.2020-01-20 20:01:21.034855 | eval'd: drake::cmq_buildtargetmetadepsspecht_is_subtargetconfig
2020-01-20 20:01:21.658360 | > DO_CALL (0.001s wait)
.2020-01-20 20:01:21.664672 | eval'd: drake::cmq_buildtargetmetadepsspecht_is_subtargetconfig
2020-01-20 20:01:22.271359 | > DO_CALL (0.001s wait)
.2020-01-20 20:01:22.277639 | eval'd: drake::cmq_buildtargetmetadepsspecht_is_subtargetconfig
2020-01-20 20:01:22.902948 | > DO_CALL (0.000s wait)
.2020-01-20 20:01:22.909871 | eval'd: drake::cmq_buildtargetmetadepsspecht_is_subtargetconfig
2020-01-20 20:01:27.657197 | > WORKER_WAIT (0.000s wait)
2020-01-20 20:01:27.659420 | waiting 0.75s
2020-01-20 20:01:31.957147 | > WORKER_WAIT (0.000s wait)
2020-01-20 20:01:31.957608 | waiting 0.75s
2020-01-20 20:04:05.731479 | > WORKER_STOP (0.000s wait)
2020-01-20 20:04:05.736011 | shutting down worker
2020-01-20 20:04:08.486591 | 
Total: 552 in 6576.99s [user], 281.74s [system], 8837.18s [elapsed]
