2020-01-21 10:12:29.049835 | Master: tcp://c30a-s2:6917
2020-01-21 10:12:29.070886 | WORKER_UP to: tcp://c30a-s2:6917
2020-01-21 10:12:32.069586 | > DO_SETUP (2.449s wait)
2020-01-21 10:12:32.070241 | token from msg: set_common_data_token
2020-01-21 10:12:32.909375 | > DO_CALL (0.000s wait)
.* Option 'clustermq.scheduler' not set, defaulting to ‘SLURM’
--- see: https://mschubert.github.io/clustermq/articles/userguide.html#configuration
2020-01-21 10:12:33.286857 | eval'd: drake::cmq_buildtargetmetadepsspecht_is_subtargetconfig
2020-01-21 10:12:35.031467 | > DO_CALL (0.001s wait)
.2020-01-21 10:12:35.233388 | eval'd: drake::cmq_buildtargetmetadepsspecht_is_subtargetconfig
2020-01-21 10:12:37.804718 | > DO_CALL (0.001s wait)
.2020-01-21 10:12:37.810746 | eval'd: drake::cmq_buildtargetmetadepsspecht_is_subtargetconfig
2020-01-21 10:12:39.550393 | > DO_CALL (0.000s wait)
.2020-01-21 10:12:39.556808 | eval'd: drake::cmq_buildtargetmetadepsspecht_is_subtargetconfig
2020-01-21 10:12:41.390371 | > DO_CALL (0.003s wait)
.2020-01-21 10:12:41.399915 | eval'd: drake::cmq_buildtargetmetadepsspecht_is_subtargetconfig
2020-01-21 10:12:43.390951 | > DO_CALL (0.001s wait)
.2020-01-21 10:12:43.398822 | eval'd: drake::cmq_buildtargetmetadepsspecht_is_subtargetconfig
2020-01-21 10:12:45.023573 | > DO_CALL (0.001s wait)
.2020-01-21 10:12:45.031124 | eval'd: drake::cmq_buildtargetmetadepsspecht_is_subtargetconfig
2020-01-21 10:12:46.751259 | > DO_CALL (0.001s wait)
.2020-01-21 10:12:46.759055 | eval'd: drake::cmq_buildtargetmetadepsspecht_is_subtargetconfig
2020-01-21 10:12:48.468969 | > DO_CALL (0.001s wait)
.2020-01-21 10:12:48.476774 | eval'd: drake::cmq_buildtargetmetadepsspecht_is_subtargetconfig
2020-01-21 10:12:50.575220 | > DO_CALL (0.001s wait)
.2020-01-21 10:12:50.582758 | eval'd: drake::cmq_buildtargetmetadepsspecht_is_subtargetconfig
2020-01-21 10:12:52.409402 | > DO_CALL (0.001s wait)
.2020-01-21 10:12:52.417423 | eval'd: drake::cmq_buildtargetmetadepsspecht_is_subtargetconfig
2020-01-21 10:12:53.913864 | > DO_CALL (0.001s wait)
.2020-01-21 10:12:53.921761 | eval'd: drake::cmq_buildtargetmetadepsspecht_is_subtargetconfig
2020-01-21 10:12:55.665882 | > DO_CALL (0.001s wait)
.2020-01-21 10:12:55.673581 | eval'd: drake::cmq_buildtargetmetadepsspecht_is_subtargetconfig
2020-01-21 10:12:57.562732 | > DO_CALL (0.001s wait)
.2020-01-21 10:12:57.570487 | eval'd: drake::cmq_buildtargetmetadepsspecht_is_subtargetconfig
2020-01-21 10:12:59.487266 | > DO_CALL (0.001s wait)
.2020-01-21 10:12:59.494973 | eval'd: drake::cmq_buildtargetmetadepsspecht_is_subtargetconfig
2020-01-21 10:13:01.261683 | > DO_CALL (0.001s wait)
.2020-01-21 10:13:01.269808 | eval'd: drake::cmq_buildtargetmetadepsspecht_is_subtargetconfig
2020-01-21 10:13:03.022947 | > DO_CALL (0.001s wait)
.2020-01-21 10:13:03.030791 | eval'd: drake::cmq_buildtargetmetadepsspecht_is_subtargetconfig
2020-01-21 10:13:04.803783 | > DO_CALL (0.001s wait)
.2020-01-21 10:13:04.811568 | eval'd: drake::cmq_buildtargetmetadepsspecht_is_subtargetconfig
2020-01-21 10:13:06.543560 | > DO_CALL (0.001s wait)
.
2020-01-21 10:13:06.551453 | eval'd: drake::cmq_buildtargetmetadepsspecht_is_subtargetconfig
2020-01-21 10:13:08.359352 | > DO_CALL (0.001s wait)
.2020-01-21 10:13:08.367090 | eval'd: drake::cmq_buildtargetmetadepsspecht_is_subtargetconfig
2020-01-21 10:13:10.065214 | > DO_CALL (0.001s wait)
.2020-01-21 10:13:10.073236 | eval'd: drake::cmq_buildtargetmetadepsspecht_is_subtargetconfig
2020-01-21 10:13:12.042445 | > DO_CALL (0.001s wait)
.2020-01-21 10:13:12.050322 | eval'd: drake::cmq_buildtargetmetadepsspecht_is_subtargetconfig
2020-01-21 10:13:13.945623 | > DO_CALL (0.001s wait)
.2020-01-21 10:13:13.953994 | eval'd: drake::cmq_buildtargetmetadepsspecht_is_subtargetconfig
2020-01-21 10:13:16.078327 | > DO_CALL (0.001s wait)
.2020-01-21 10:13:16.086375 | eval'd: drake::cmq_buildtargetmetadepsspecht_is_subtargetconfig
2020-01-21 10:13:17.956513 | > DO_CALL (0.001s wait)
.2020-01-21 10:13:17.964288 | eval'd: drake::cmq_buildtargetmetadepsspecht_is_subtargetconfig
2020-01-21 10:13:19.707396 | > DO_CALL (0.001s wait)
.2020-01-21 10:13:19.715256 | eval'd: drake::cmq_buildtargetmetadepsspecht_is_subtargetconfig
2020-01-21 10:13:22.299701 | > DO_CALL (0.001s wait)
.2020-01-21 10:13:22.307615 | eval'd: drake::cmq_buildtargetmetadepsspecht_is_subtargetconfig
2020-01-21 10:13:24.291574 | > DO_CALL (0.001s wait)
.2020-01-21 10:13:24.299270 | eval'd: drake::cmq_buildtargetmetadepsspecht_is_subtargetconfig
2020-01-21 10:13:25.885251 | > DO_CALL (0.001s wait)
.2020-01-21 10:13:25.892881 | eval'd: drake::cmq_buildtargetmetadepsspecht_is_subtargetconfig
2020-01-21 10:13:27.802412 | > DO_CALL (0.001s wait)
.2020-01-21 10:13:27.825843 | eval'd: drake::cmq_buildtargetmetadepsspecht_is_subtargetconfig
2020-01-21 10:13:29.527583 | > DO_CALL (0.001s wait)
.2020-01-21 10:13:29.534512 | eval'd: drake::cmq_buildtargetmetadepsspecht_is_subtargetconfig
2020-01-21 10:13:31.292210 | > DO_CALL (0.000s wait)
.2020-01-21 10:13:31.299242 | eval'd: drake::cmq_buildtargetmetadepsspecht_is_subtargetconfig
2020-01-21 10:13:33.192203 | > DO_CALL (0.000s wait)
.2020-01-21 10:13:33.198739 | eval'd: drake::cmq_buildtargetmetadepsspecht_is_subtargetconfig
2020-01-21 10:13:35.551656 | > DO_CALL (0.001s wait)
.2020-01-21 10:13:35.557736 | eval'd: drake::cmq_buildtargetmetadepsspecht_is_subtargetconfig
2020-01-21 10:13:37.365415 | > DO_CALL (0.001s wait)
.2020-01-21 10:13:37.371556 | eval'd: drake::cmq_buildtargetmetadepsspecht_is_subtargetconfig
2020-01-21 10:13:39.115651 | > DO_CALL (0.001s wait)
.2020-01-21 10:13:39.122087 | eval'd: drake::cmq_buildtargetmetadepsspecht_is_subtargetconfig
2020-01-21 10:13:41.282943 | > DO_CALL (0.001s wait)
.2020-01-21 10:13:41.289293 | eval'd: drake::cmq_buildtargetmetadepsspecht_is_subtargetconfig
2020-01-21 10:13:43.031220 | > DO_CALL (0.000s wait)
.2020-01-21 10:13:43.037471 | eval'd: drake::cmq_buildtargetmetadepsspecht_is_subtargetconfig
2020-01-21 10:13:44.711644 | > DO_CALL (0.001s wait)
.2020-01-21 10:13:44.717753 | eval'd: drake::cmq_buildtargetmetadepsspecht_is_subtargetconfig
2020-01-21 10:13:46.267439 | > DO_CALL (0.001s wait)
.2020-01-21 10:13:46.273899 | eval'd: drake::cmq_buildtargetmetadepsspecht_is_subtargetconfig
2020-01-21 10:13:47.792337 | > DO_CALL (0.000s wait)
.2020-01-21 10:13:47.798489 | eval'd: drake::cmq_buildtargetmetadepsspecht_is_subtargetconfig
2020-01-21 10:13:49.375478 | > DO_CALL (0.001s wait)
.2020-01-21 10:13:49.381643 | eval'd: drake::cmq_buildtargetmetadepsspecht_is_subtargetconfig
2020-01-21 10:13:50.879329 | > DO_CALL (0.000s wait)
.2020-01-21 10:13:50.885430 | eval'd: drake::cmq_buildtargetmetadepsspecht_is_subtargetconfig
2020-01-21 10:13:52.560140 | > DO_CALL (0.001s wait)
.2020-01-21 10:13:52.566115 | eval'd: drake::cmq_buildtargetmetadepsspecht_is_subtargetconfig
2020-01-21 10:13:54.185940 | > DO_CALL (0.001s wait)
.2020-01-21 10:13:54.192048 | eval'd: drake::cmq_buildtargetmetadepsspecht_is_subtargetconfig
2020-01-21 10:13:55.791828 | > DO_CALL (0.001s wait)
.2020-01-21 10:13:55.797839 | eval'd: drake::cmq_buildtargetmetadepsspecht_is_subtargetconfig
2020-01-21 10:13:57.526832 | > DO_CALL (0.001s wait)
.2020-01-21 10:13:57.532930 | eval'd: drake::cmq_buildtargetmetadepsspecht_is_subtargetconfig
2020-01-21 10:13:59.111896 | > DO_CALL (0.001s wait)
.2020-01-21 10:13:59.118036 | eval'd: drake::cmq_buildtargetmetadepsspecht_is_subtargetconfig
2020-01-21 10:14:01.164332 | > DO_CALL (0.000s wait)
.2020-01-21 10:14:01.170499 | eval'd: drake::cmq_buildtargetmetadepsspecht_is_subtargetconfig
2020-01-21 10:14:02.961730 | > DO_CALL (0.001s wait)
.2020-01-21 10:14:02.967871 | eval'd: drake::cmq_buildtargetmetadepsspecht_is_subtargetconfig
2020-01-21 10:14:04.755595 | > DO_CALL (0.001s wait)
.2020-01-21 10:14:04.761617 | eval'd: drake::cmq_buildtargetmetadepsspecht_is_subtargetconfig
2020-01-21 10:14:06.611390 | > DO_CALL (0.000s wait)
.2020-01-21 10:14:06.617602 | eval'd: drake::cmq_buildtargetmetadepsspecht_is_subtargetconfig
2020-01-21 10:14:08.356202 | > DO_CALL (0.001s wait)
.2020-01-21 10:14:08.369629 | eval'd: drake::cmq_buildtargetmetadepsspecht_is_subtargetconfig
2020-01-21 10:14:10.189190 | > DO_CALL (0.000s wait)
.2020-01-21 10:14:10.195389 | eval'd: drake::cmq_buildtargetmetadepsspecht_is_subtargetconfig
2020-01-21 10:14:11.880614 | > DO_CALL (0.001s wait)
.2020-01-21 10:14:11.886601 | eval'd: drake::cmq_buildtargetmetadepsspecht_is_subtargetconfig
2020-01-21 10:14:13.430041 | > DO_CALL (0.001s wait)
.2020-01-21 10:14:13.436679 | eval'd: drake::cmq_buildtargetmetadepsspecht_is_subtargetconfig
2020-01-21 10:14:15.087072 | > DO_CALL (0.001s wait)
.2020-01-21 10:14:15.093237 | eval'd: drake::cmq_buildtargetmetadepsspecht_is_subtargetconfig
2020-01-21 10:14:16.589327 | > DO_CALL (0.000s wait)
.2020-01-21 10:14:16.595592 | eval'd: drake::cmq_buildtargetmetadepsspecht_is_subtargetconfig
2020-01-21 10:14:18.408227 | > DO_CALL (0.000s wait)
.2020-01-21 10:14:18.414375 | eval'd: drake::cmq_buildtargetmetadepsspecht_is_subtargetconfig
2020-01-21 10:14:19.818892 | > DO_CALL (0.001s wait)
.2020-01-21 10:14:19.825174 | eval'd: drake::cmq_buildtargetmetadepsspecht_is_subtargetconfig
2020-01-21 10:14:21.252880 | > DO_CALL (0.001s wait)
.2020-01-21 10:14:21.258952 | eval'd: drake::cmq_buildtargetmetadepsspecht_is_subtargetconfig
2020-01-21 10:14:23.495946 | > DO_CALL (0.001s wait)
.2020-01-21 10:14:23.502585 | eval'd: drake::cmq_buildtargetmetadepsspecht_is_subtargetconfig
2020-01-21 10:14:25.784216 | > DO_CALL (0.000s wait)
.2020-01-21 10:14:25.790397 | eval'd: drake::cmq_buildtargetmetadepsspecht_is_subtargetconfig
2020-01-21 10:14:27.088276 | > DO_CALL (0.000s wait)
.2020-01-21 10:14:27.094351 | eval'd: drake::cmq_buildtargetmetadepsspecht_is_subtargetconfig
2020-01-21 10:14:28.835039 | > DO_CALL (0.001s wait)
.2020-01-21 10:14:28.843143 | eval'd: drake::cmq_buildtargetmetadepsspecht_is_subtargetconfig
2020-01-21 10:14:30.230684 | > DO_CALL (0.001s wait)
.2020-01-21 10:14:30.236796 | eval'd: drake::cmq_buildtargetmetadepsspecht_is_subtargetconfig
2020-01-21 10:14:31.586528 | > DO_CALL (0.001s wait)
.2020-01-21 10:14:31.592840 | eval'd: drake::cmq_buildtargetmetadepsspecht_is_subtargetconfig
2020-01-21 10:14:33.118675 | > DO_CALL (0.001s wait)
.2020-01-21 10:14:33.124736 | eval'd: drake::cmq_buildtargetmetadepsspecht_is_subtargetconfig
2020-01-21 10:14:34.453454 | > DO_CALL (0.001s wait)
.2020-01-21 10:14:34.459652 | eval'd: drake::cmq_buildtargetmetadepsspecht_is_subtargetconfig
2020-01-21 10:14:35.828619 | > DO_CALL (0.001s wait)
.2020-01-21 10:14:35.834795 | eval'd: drake::cmq_buildtargetmetadepsspecht_is_subtargetconfig
2020-01-21 10:14:37.335174 | > DO_CALL (0.000s wait)
.2020-01-21 10:14:37.341371 | eval'd: drake::cmq_buildtargetmetadepsspecht_is_subtargetconfig
2020-01-21 10:14:38.800283 | > DO_CALL (0.000s wait)
.2020-01-21 10:14:38.813384 | eval'd: drake::cmq_buildtargetmetadepsspecht_is_subtargetconfig
2020-01-21 10:14:40.330033 | > DO_CALL (0.001s wait)
.2020-01-21 10:14:40.336003 | eval'd: drake::cmq_buildtargetmetadepsspecht_is_subtargetconfig
2020-01-21 10:14:41.995594 | > DO_CALL (0.001s wait)
.2020-01-21 10:14:42.001831 | eval'd: drake::cmq_buildtargetmetadepsspecht_is_subtargetconfig
2020-01-21 10:14:43.688219 | > DO_CALL (0.000s wait)
.2020-01-21 10:14:43.694731 | eval'd: drake::cmq_buildtargetmetadepsspecht_is_subtargetconfig
2020-01-21 10:14:45.172174 | > DO_CALL (0.000s wait)
.2020-01-21 10:14:45.178520 | eval'd: drake::cmq_buildtargetmetadepsspecht_is_subtargetconfig
2020-01-21 10:14:46.713663 | > DO_CALL (0.001s wait)
.2020-01-21 10:14:46.719995 | eval'd: drake::cmq_buildtargetmetadepsspecht_is_subtargetconfig
2020-01-21 10:14:48.198363 | > DO_CALL (0.000s wait)
.2020-01-21 10:14:48.204447 | eval'd: drake::cmq_buildtargetmetadepsspecht_is_subtargetconfig
2020-01-21 10:14:49.574217 | > DO_CALL (0.000s wait)
.2020-01-21 10:14:49.580615 | eval'd: drake::cmq_buildtargetmetadepsspecht_is_subtargetconfig
2020-01-21 10:14:51.205429 | > DO_CALL (0.001s wait)
.2020-01-21 10:14:51.211468 | eval'd: drake::cmq_buildtargetmetadepsspecht_is_subtargetconfig
2020-01-21 10:14:52.720129 | > DO_CALL (0.001s wait)
.2020-01-21 10:14:52.726254 | eval'd: drake::cmq_buildtargetmetadepsspecht_is_subtargetconfig
2020-01-21 10:14:54.017780 | > DO_CALL (0.001s wait)
.2020-01-21 10:14:54.023875 | eval'd: drake::cmq_buildtargetmetadepsspecht_is_subtargetconfig
2020-01-21 10:14:55.832178 | > DO_CALL (0.000s wait)
.2020-01-21 10:14:55.838246 | eval'd: drake::cmq_buildtargetmetadepsspecht_is_subtargetconfig
2020-01-21 10:14:57.279967 | > DO_CALL (0.001s wait)
.2020-01-21 10:14:57.286243 | eval'd: drake::cmq_buildtargetmetadepsspecht_is_subtargetconfig
2020-01-21 10:14:58.661489 | > DO_CALL (0.001s wait)
.2020-01-21 10:14:58.667522 | eval'd: drake::cmq_buildtargetmetadepsspecht_is_subtargetconfig
2020-01-21 10:15:00.028523 | > DO_CALL (0.001s wait)
.2020-01-21 10:15:00.034626 | eval'd: drake::cmq_buildtargetmetadepsspecht_is_subtargetconfig
2020-01-21 10:15:01.538856 | > DO_CALL (0.001s wait)
.2020-01-21 10:15:01.545178 | eval'd: drake::cmq_buildtargetmetadepsspecht_is_subtargetconfig
2020-01-21 10:15:02.904065 | > DO_CALL (0.012s wait)
.2020-01-21 10:15:02.911085 | eval'd: drake::cmq_buildtargetmetadepsspecht_is_subtargetconfig
2020-01-21 10:15:04.493082 | > DO_CALL (0.001s wait)
.2020-01-21 10:15:04.499177 | eval'd: drake::cmq_buildtargetmetadepsspecht_is_subtargetconfig
2020-01-21 10:15:05.916827 | > DO_CALL (0.001s wait)
.2020-01-21 10:15:05.923303 | eval'd: drake::cmq_buildtargetmetadepsspecht_is_subtargetconfig
2020-01-21 10:15:07.234620 | > DO_CALL (0.001s wait)
.2020-01-21 10:15:07.240911 | eval'd: drake::cmq_buildtargetmetadepsspecht_is_subtargetconfig
2020-01-21 10:15:08.775904 | > DO_CALL (0.001s wait)
.2020-01-21 10:15:08.781941 | eval'd: drake::cmq_buildtargetmetadepsspecht_is_subtargetconfig
2020-01-21 10:15:10.101413 | > DO_CALL (0.001s wait)
.2020-01-21 10:15:10.107444 | eval'd: drake::cmq_buildtargetmetadepsspecht_is_subtargetconfig
2020-01-21 10:15:11.565340 | > DO_CALL (0.000s wait)
.2020-01-21 10:15:11.571655 | eval'd: drake::cmq_buildtargetmetadepsspecht_is_subtargetconfig
2020-01-21 10:15:12.878282 | > DO_CALL (0.000s wait)
.2020-01-21 10:15:12.884536 | eval'd: drake::cmq_buildtargetmetadepsspecht_is_subtargetconfig
2020-01-21 10:15:14.405278 | > DO_CALL (0.000s wait)
.2020-01-21 10:15:14.411468 | eval'd: drake::cmq_buildtargetmetadepsspecht_is_subtargetconfig
2020-01-21 10:15:15.701295 | > DO_CALL (0.000s wait)
.2020-01-21 10:15:15.707485 | eval'd: drake::cmq_buildtargetmetadepsspecht_is_subtargetconfig
2020-01-21 10:15:16.968066 | > DO_CALL (0.001s wait)
.
2020-01-21 10:15:16.974384 | eval'd: drake::cmq_buildtargetmetadepsspecht_is_subtargetconfig
2020-01-21 10:15:18.331788 | > DO_CALL (0.001s wait)
.2020-01-21 10:15:18.337913 | eval'd: drake::cmq_buildtargetmetadepsspecht_is_subtargetconfig
2020-01-21 10:15:19.604838 | > DO_CALL (0.001s wait)
.2020-01-21 10:15:19.611015 | eval'd: drake::cmq_buildtargetmetadepsspecht_is_subtargetconfig
2020-01-21 10:15:20.993641 | > DO_CALL (0.007s wait)
.2020-01-21 10:15:21.000419 | eval'd: drake::cmq_buildtargetmetadepsspecht_is_subtargetconfig
2020-01-21 10:15:22.292115 | > DO_CALL (0.001s wait)
.2020-01-21 10:15:22.298494 | eval'd: drake::cmq_buildtargetmetadepsspecht_is_subtargetconfig
2020-01-21 10:15:23.767845 | > DO_CALL (0.001s wait)
.2020-01-21 10:15:23.773859 | eval'd: drake::cmq_buildtargetmetadepsspecht_is_subtargetconfig
2020-01-21 10:15:26.194626 | > DO_CALL (0.001s wait)
.2020-01-21 10:15:26.200814 | eval'd: drake::cmq_buildtargetmetadepsspecht_is_subtargetconfig
2020-01-21 10:15:28.058038 | > DO_CALL (0.001s wait)
.2020-01-21 10:15:28.064023 | eval'd: drake::cmq_buildtargetmetadepsspecht_is_subtargetconfig
2020-01-21 10:15:29.387232 | > DO_CALL (0.000s wait)
.2020-01-21 10:15:29.393398 | eval'd: drake::cmq_buildtargetmetadepsspecht_is_subtargetconfig
2020-01-21 10:15:31.014559 | > DO_CALL (0.001s wait)
.2020-01-21 10:15:31.020781 | eval'd: drake::cmq_buildtargetmetadepsspecht_is_subtargetconfig
2020-01-21 10:15:32.461171 | > DO_CALL (0.001s wait)
.2020-01-21 10:15:32.467480 | eval'd: drake::cmq_buildtargetmetadepsspecht_is_subtargetconfig
2020-01-21 10:15:33.915405 | > DO_CALL (0.000s wait)
.2020-01-21 10:15:33.921573 | eval'd: drake::cmq_buildtargetmetadepsspecht_is_subtargetconfig
2020-01-21 10:15:35.413171 | > DO_CALL (0.000s wait)
.2020-01-21 10:15:35.419325 | eval'd: drake::cmq_buildtargetmetadepsspecht_is_subtargetconfig
2020-01-21 10:15:36.788210 | > DO_CALL (0.000s wait)
.2020-01-21 10:15:36.801169 | eval'd: drake::cmq_buildtargetmetadepsspecht_is_subtargetconfig
2020-01-21 10:15:38.178185 | > DO_CALL (0.000s wait)
.2020-01-21 10:15:38.184225 | eval'd: drake::cmq_buildtargetmetadepsspecht_is_subtargetconfig
2020-01-21 10:15:39.619257 | > DO_CALL (0.000s wait)
.2020-01-21 10:15:39.625582 | eval'd: drake::cmq_buildtargetmetadepsspecht_is_subtargetconfig
2020-01-21 10:15:41.235445 | > DO_CALL (0.001s wait)
.2020-01-21 10:15:41.241780 | eval'd: drake::cmq_buildtargetmetadepsspecht_is_subtargetconfig
2020-01-21 10:15:42.487010 | > DO_CALL (0.001s wait)
.2020-01-21 10:15:42.493228 | eval'd: drake::cmq_buildtargetmetadepsspecht_is_subtargetconfig
2020-01-21 10:15:43.730058 | > DO_CALL (0.001s wait)
.2020-01-21 10:15:43.736541 | eval'd: drake::cmq_buildtargetmetadepsspecht_is_subtargetconfig
2020-01-21 10:15:45.288742 | > DO_CALL (0.001s wait)
.2020-01-21 10:15:45.294778 | eval'd: drake::cmq_buildtargetmetadepsspecht_is_subtargetconfig
2020-01-21 10:15:46.658838 | > DO_CALL (0.001s wait)
.2020-01-21 10:15:46.664888 | eval'd: drake::cmq_buildtargetmetadepsspecht_is_subtargetconfig
2020-01-21 10:15:48.013806 | > DO_CALL (0.001s wait)
.2020-01-21 10:15:48.019835 | eval'd: drake::cmq_buildtargetmetadepsspecht_is_subtargetconfig
2020-01-21 10:15:49.362567 | > DO_CALL (0.001s wait)
.2020-01-21 10:15:49.591051 | eval'd: drake::cmq_buildtargetmetadepsspecht_is_subtargetconfig
2020-01-21 10:15:50.834005 | > DO_CALL (0.001s wait)
.2020-01-21 10:15:50.840230 | eval'd: drake::cmq_buildtargetmetadepsspecht_is_subtargetconfig
2020-01-21 10:15:52.194834 | > DO_CALL (0.001s wait)
.2020-01-21 10:15:52.201040 | eval'd: drake::cmq_buildtargetmetadepsspecht_is_subtargetconfig
2020-01-21 10:15:53.458628 | > DO_CALL (0.001s wait)
.2020-01-21 10:15:53.465118 | eval'd: drake::cmq_buildtargetmetadepsspecht_is_subtargetconfig
2020-01-21 10:15:54.855482 | > DO_CALL (0.001s wait)
.2020-01-21 10:15:54.861513 | eval'd: drake::cmq_buildtargetmetadepsspecht_is_subtargetconfig
2020-01-21 10:15:56.374220 | > DO_CALL (0.000s wait)
.2020-01-21 10:15:56.380248 | eval'd: drake::cmq_buildtargetmetadepsspecht_is_subtargetconfig
2020-01-21 10:15:57.838372 | > DO_CALL (0.000s wait)
.2020-01-21 10:15:57.844656 | eval'd: drake::cmq_buildtargetmetadepsspecht_is_subtargetconfig
2020-01-21 10:15:59.283012 | > DO_CALL (0.001s wait)
.2020-01-21 10:15:59.289072 | eval'd: drake::cmq_buildtargetmetadepsspecht_is_subtargetconfig
2020-01-21 10:16:00.557103 | > DO_CALL (0.001s wait)
.2020-01-21 10:16:00.563421 | eval'd: drake::cmq_buildtargetmetadepsspecht_is_subtargetconfig
2020-01-21 10:16:01.903080 | > DO_CALL (0.001s wait)
.2020-01-21 10:16:01.909192 | eval'd: drake::cmq_buildtargetmetadepsspecht_is_subtargetconfig
2020-01-21 10:16:03.619783 | > DO_CALL (0.001s wait)
.2020-01-21 10:16:03.626245 | eval'd: drake::cmq_buildtargetmetadepsspecht_is_subtargetconfig
2020-01-21 10:16:04.889856 | > DO_CALL (0.001s wait)
.2020-01-21 10:16:04.895988 | eval'd: drake::cmq_buildtargetmetadepsspecht_is_subtargetconfig
2020-01-21 10:16:06.214951 | > DO_CALL (0.001s wait)
.2020-01-21 10:16:06.220889 | eval'd: drake::cmq_buildtargetmetadepsspecht_is_subtargetconfig
2020-01-21 10:16:07.496049 | > DO_CALL (0.001s wait)
.2020-01-21 10:16:07.501987 | eval'd: drake::cmq_buildtargetmetadepsspecht_is_subtargetconfig
2020-01-21 10:16:08.822532 | > DO_CALL (0.001s wait)
.2020-01-21 10:16:08.828809 | eval'd: drake::cmq_buildtargetmetadepsspecht_is_subtargetconfig
2020-01-21 10:16:10.165765 | > DO_CALL (0.001s wait)
.2020-01-21 10:16:10.171969 | eval'd: drake::cmq_buildtargetmetadepsspecht_is_subtargetconfig
2020-01-21 10:16:11.558629 | > DO_CALL (0.001s wait)
.2020-01-21 10:16:11.564883 | eval'd: drake::cmq_buildtargetmetadepsspecht_is_subtargetconfig
2020-01-21 10:16:12.881263 | > DO_CALL (0.000s wait)
.2020-01-21 10:16:12.887362 | eval'd: drake::cmq_buildtargetmetadepsspecht_is_subtargetconfig
2020-01-21 10:16:14.120181 | > DO_CALL (0.000s wait)
.2020-01-21 10:16:14.126457 | eval'd: drake::cmq_buildtargetmetadepsspecht_is_subtargetconfig
2020-01-21 10:16:15.388812 | > DO_CALL (0.001s wait)
.2020-01-21 10:16:15.394895 | eval'd: drake::cmq_buildtargetmetadepsspecht_is_subtargetconfig
2020-01-21 10:16:16.888002 | > DO_CALL (0.001s wait)
.2020-01-21 10:16:16.894512 | eval'd: drake::cmq_buildtargetmetadepsspecht_is_subtargetconfig
2020-01-21 10:16:18.221479 | > DO_CALL (0.001s wait)
.2020-01-21 10:16:18.229631 | eval'd: drake::cmq_buildtargetmetadepsspecht_is_subtargetconfig
2020-01-21 10:16:19.610278 | > DO_CALL (0.001s wait)
.2020-01-21 10:16:19.618160 | eval'd: drake::cmq_buildtargetmetadepsspecht_is_subtargetconfig
2020-01-21 10:16:21.051542 | > DO_CALL (0.001s wait)
.2020-01-21 10:16:21.059488 | eval'd: drake::cmq_buildtargetmetadepsspecht_is_subtargetconfig
2020-01-21 10:16:22.490949 | > DO_CALL (0.001s wait)
.2020-01-21 10:16:22.503862 | eval'd: drake::cmq_buildtargetmetadepsspecht_is_subtargetconfig
2020-01-21 10:16:23.874748 | > DO_CALL (0.001s wait)
.2020-01-21 10:16:23.880809 | eval'd: drake::cmq_buildtargetmetadepsspecht_is_subtargetconfig
2020-01-21 10:16:25.204529 | > DO_CALL (0.001s wait)
.2020-01-21 10:16:25.210577 | eval'd: drake::cmq_buildtargetmetadepsspecht_is_subtargetconfig
2020-01-21 10:16:26.531910 | > DO_CALL (0.001s wait)
.2020-01-21 10:16:26.538153 | eval'd: drake::cmq_buildtargetmetadepsspecht_is_subtargetconfig
2020-01-21 10:16:29.567294 | > DO_CALL (0.000s wait)
.2020-01-21 10:16:29.575544 | eval'd: drake::cmq_buildtargetmetadepsspecht_is_subtargetconfig
2020-01-21 10:16:30.775246 | > DO_CALL (0.000s wait)
.2020-01-21 10:16:30.781599 | eval'd: drake::cmq_buildtargetmetadepsspecht_is_subtargetconfig
2020-01-21 10:16:32.167268 | > DO_CALL (0.000s wait)
.2020-01-21 10:16:32.173393 | eval'd: drake::cmq_buildtargetmetadepsspecht_is_subtargetconfig
2020-01-21 10:16:33.449867 | > DO_CALL (0.001s wait)
.2020-01-21 10:16:33.455861 | eval'd: drake::cmq_buildtargetmetadepsspecht_is_subtargetconfig
2020-01-21 10:16:34.884450 | > DO_CALL (0.001s wait)
.2020-01-21 10:16:34.890400 | eval'd: drake::cmq_buildtargetmetadepsspecht_is_subtargetconfig
2020-01-21 10:16:36.188894 | > DO_CALL (0.001s wait)
.2020-01-21 10:16:36.194985 | eval'd: drake::cmq_buildtargetmetadepsspecht_is_subtargetconfig
2020-01-21 10:16:37.741268 | > DO_CALL (0.000s wait)
.2020-01-21 10:16:37.747581 | eval'd: drake::cmq_buildtargetmetadepsspecht_is_subtargetconfig
2020-01-21 10:16:38.998701 | > DO_CALL (0.001s wait)
.2020-01-21 10:16:39.004756 | eval'd: drake::cmq_buildtargetmetadepsspecht_is_subtargetconfig
2020-01-21 10:16:40.298404 | > DO_CALL (0.000s wait)
.2020-01-21 10:16:40.304598 | eval'd: drake::cmq_buildtargetmetadepsspecht_is_subtargetconfig
2020-01-21 10:16:41.728345 | > DO_CALL (0.000s wait)
.2020-01-21 10:16:41.734326 | eval'd: drake::cmq_buildtargetmetadepsspecht_is_subtargetconfig
2020-01-21 10:16:42.951508 | > DO_CALL (0.001s wait)
.2020-01-21 10:16:42.957586 | eval'd: drake::cmq_buildtargetmetadepsspecht_is_subtargetconfig
2020-01-21 10:16:44.313881 | > DO_CALL (0.001s wait)
.2020-01-21 10:16:44.319850 | eval'd: drake::cmq_buildtargetmetadepsspecht_is_subtargetconfig
2020-01-21 10:16:45.761103 | > DO_CALL (0.001s wait)
.2020-01-21 10:16:45.767165 | eval'd: drake::cmq_buildtargetmetadepsspecht_is_subtargetconfig
2020-01-21 10:16:47.195627 | > DO_CALL (0.001s wait)
.2020-01-21 10:16:47.201784 | eval'd: drake::cmq_buildtargetmetadepsspecht_is_subtargetconfig
2020-01-21 10:16:48.539725 | > DO_CALL (0.001s wait)
.2020-01-21 10:16:48.545810 | eval'd: drake::cmq_buildtargetmetadepsspecht_is_subtargetconfig
2020-01-21 10:16:50.076793 | > DO_CALL (0.001s wait)
.2020-01-21 10:16:50.090074 | eval'd: drake::cmq_buildtargetmetadepsspecht_is_subtargetconfig
2020-01-21 10:16:51.301760 | > DO_CALL (0.001s wait)
.2020-01-21 10:16:51.308043 | eval'd: drake::cmq_buildtargetmetadepsspecht_is_subtargetconfig
2020-01-21 10:16:52.552272 | > DO_CALL (0.000s wait)
.2020-01-21 10:16:52.558536 | eval'd: drake::cmq_buildtargetmetadepsspecht_is_subtargetconfig
2020-01-21 10:16:53.920141 | > DO_CALL (0.001s wait)
.2020-01-21 10:16:53.926289 | eval'd: drake::cmq_buildtargetmetadepsspecht_is_subtargetconfig
2020-01-21 10:16:55.240075 | > DO_CALL (0.001s wait)
.2020-01-21 10:16:55.246060 | eval'd: drake::cmq_buildtargetmetadepsspecht_is_subtargetconfig
2020-01-21 10:16:56.498607 | > DO_CALL (0.001s wait)
.2020-01-21 10:16:56.504547 | eval'd: drake::cmq_buildtargetmetadepsspecht_is_subtargetconfig
2020-01-21 10:16:57.721521 | > DO_CALL (0.001s wait)
.2020-01-21 10:16:57.727646 | eval'd: drake::cmq_buildtargetmetadepsspecht_is_subtargetconfig
2020-01-21 10:16:59.283244 | > DO_CALL (0.000s wait)
.2020-01-21 10:16:59.289227 | eval'd: drake::cmq_buildtargetmetadepsspecht_is_subtargetconfig
2020-01-21 10:17:00.540459 | > DO_CALL (0.001s wait)
.2020-01-21 10:17:00.546600 | eval'd: drake::cmq_buildtargetmetadepsspecht_is_subtargetconfig
2020-01-21 10:17:01.777498 | > DO_CALL (0.001s wait)
.2020-01-21 10:17:01.783681 | eval'd: drake::cmq_buildtargetmetadepsspecht_is_subtargetconfig
2020-01-21 10:17:03.024281 | > DO_CALL (0.000s wait)
.2020-01-21 10:17:03.030351 | eval'd: drake::cmq_buildtargetmetadepsspecht_is_subtargetconfig
2020-01-21 10:17:04.296644 | > DO_CALL (0.001s wait)
.2020-01-21 10:17:04.302676 | eval'd: drake::cmq_buildtargetmetadepsspecht_is_subtargetconfig
2020-01-21 10:17:05.541570 | > DO_CALL (0.001s wait)
.2020-01-21 10:17:05.547533 | eval'd: drake::cmq_buildtargetmetadepsspecht_is_subtargetconfig
2020-01-21 10:17:06.757761 | > DO_CALL (0.001s wait)
.2020-01-21 10:17:06.763761 | eval'd: drake::cmq_buildtargetmetadepsspecht_is_subtargetconfig
2020-01-21 10:17:08.041313 | > DO_CALL (0.000s wait)
.
2020-01-21 10:17:08.047481 | eval'd: drake::cmq_buildtargetmetadepsspecht_is_subtargetconfig
2020-01-21 10:17:09.344778 | > DO_CALL (0.001s wait)
.2020-01-21 10:17:09.350863 | eval'd: drake::cmq_buildtargetmetadepsspecht_is_subtargetconfig
2020-01-21 10:17:10.537674 | > DO_CALL (0.001s wait)
.2020-01-21 10:17:10.550343 | eval'd: drake::cmq_buildtargetmetadepsspecht_is_subtargetconfig
2020-01-21 10:17:11.826342 | > DO_CALL (0.000s wait)
.2020-01-21 10:17:11.832457 | eval'd: drake::cmq_buildtargetmetadepsspecht_is_subtargetconfig
2020-01-21 10:17:13.092935 | > DO_CALL (0.001s wait)
.2020-01-21 10:17:13.099633 | eval'd: drake::cmq_buildtargetmetadepsspecht_is_subtargetconfig
2020-01-21 10:17:14.332819 | > DO_CALL (0.001s wait)
.2020-01-21 10:17:14.338934 | eval'd: drake::cmq_buildtargetmetadepsspecht_is_subtargetconfig
2020-01-21 10:17:15.596949 | > DO_CALL (0.001s wait)
.2020-01-21 10:17:15.603406 | eval'd: drake::cmq_buildtargetmetadepsspecht_is_subtargetconfig
2020-01-21 10:17:16.826592 | > DO_CALL (0.001s wait)
.2020-01-21 10:17:16.832695 | eval'd: drake::cmq_buildtargetmetadepsspecht_is_subtargetconfig
2020-01-21 10:17:18.022974 | > DO_CALL (0.001s wait)
.2020-01-21 10:17:18.029290 | eval'd: drake::cmq_buildtargetmetadepsspecht_is_subtargetconfig
2020-01-21 10:17:19.299263 | > DO_CALL (0.000s wait)
.2020-01-21 10:17:19.305408 | eval'd: drake::cmq_buildtargetmetadepsspecht_is_subtargetconfig
2020-01-21 10:17:20.592942 | > DO_CALL (0.001s wait)
.2020-01-21 10:17:20.599034 | eval'd: drake::cmq_buildtargetmetadepsspecht_is_subtargetconfig
2020-01-21 10:17:21.851695 | > DO_CALL (0.001s wait)
.2020-01-21 10:17:21.857923 | eval'd: drake::cmq_buildtargetmetadepsspecht_is_subtargetconfig
2020-01-21 10:17:23.141919 | > DO_CALL (0.001s wait)
.2020-01-21 10:17:23.148423 | eval'd: drake::cmq_buildtargetmetadepsspecht_is_subtargetconfig
2020-01-21 10:17:24.411501 | > DO_CALL (0.001s wait)
.2020-01-21 10:17:24.417611 | eval'd: drake::cmq_buildtargetmetadepsspecht_is_subtargetconfig
2020-01-21 10:17:25.742225 | > DO_CALL (0.000s wait)
.2020-01-21 10:17:25.748386 | eval'd: drake::cmq_buildtargetmetadepsspecht_is_subtargetconfig
2020-01-21 10:17:27.047345 | > DO_CALL (0.000s wait)
.2020-01-21 10:17:27.262938 | eval'd: drake::cmq_buildtargetmetadepsspecht_is_subtargetconfig
2020-01-21 10:17:28.298766 | > DO_CALL (0.001s wait)
.2020-01-21 10:17:28.304713 | eval'd: drake::cmq_buildtargetmetadepsspecht_is_subtargetconfig
2020-01-21 10:17:30.417503 | > DO_CALL (0.001s wait)
.2020-01-21 10:17:30.426183 | eval'd: drake::cmq_buildtargetmetadepsspecht_is_subtargetconfig
2020-01-21 10:17:32.372505 | > DO_CALL (0.001s wait)
.2020-01-21 10:17:32.378858 | eval'd: drake::cmq_buildtargetmetadepsspecht_is_subtargetconfig
2020-01-21 10:17:33.663485 | > DO_CALL (0.001s wait)
.2020-01-21 10:17:33.669706 | eval'd: drake::cmq_buildtargetmetadepsspecht_is_subtargetconfig
2020-01-21 10:17:34.996676 | > DO_CALL (0.001s wait)
.2020-01-21 10:17:35.002935 | eval'd: drake::cmq_buildtargetmetadepsspecht_is_subtargetconfig
2020-01-21 10:17:36.278927 | > DO_CALL (0.001s wait)
.2020-01-21 10:17:36.287270 | eval'd: drake::cmq_buildtargetmetadepsspecht_is_subtargetconfig
2020-01-21 10:17:37.912492 | > DO_CALL (0.001s wait)
.2020-01-21 10:17:37.919398 | eval'd: drake::cmq_buildtargetmetadepsspecht_is_subtargetconfig
2020-01-21 10:17:39.240048 | > DO_CALL (0.001s wait)
.2020-01-21 10:17:39.247121 | eval'd: drake::cmq_buildtargetmetadepsspecht_is_subtargetconfig
2020-01-21 10:17:40.585839 | > DO_CALL (0.001s wait)
.2020-01-21 10:17:40.592749 | eval'd: drake::cmq_buildtargetmetadepsspecht_is_subtargetconfig
2020-01-21 10:17:41.845688 | > DO_CALL (0.001s wait)
.2020-01-21 10:17:41.852691 | eval'd: drake::cmq_buildtargetmetadepsspecht_is_subtargetconfig
2020-01-21 10:17:43.156579 | > DO_CALL (0.001s wait)
.2020-01-21 10:17:43.164231 | eval'd: drake::cmq_buildtargetmetadepsspecht_is_subtargetconfig
2020-01-21 10:17:44.391517 | > DO_CALL (0.001s wait)
.2020-01-21 10:17:44.398614 | eval'd: drake::cmq_buildtargetmetadepsspecht_is_subtargetconfig
2020-01-21 10:17:45.682515 | > DO_CALL (0.001s wait)
.2020-01-21 10:17:45.689498 | eval'd: drake::cmq_buildtargetmetadepsspecht_is_subtargetconfig
2020-01-21 10:17:46.923812 | > DO_CALL (0.001s wait)
.2020-01-21 10:17:46.930922 | eval'd: drake::cmq_buildtargetmetadepsspecht_is_subtargetconfig
2020-01-21 10:17:48.217563 | > DO_CALL (0.001s wait)
.2020-01-21 10:17:48.224661 | eval'd: drake::cmq_buildtargetmetadepsspecht_is_subtargetconfig
2020-01-21 10:17:49.533348 | > DO_CALL (0.001s wait)
.2020-01-21 10:17:49.540038 | eval'd: drake::cmq_buildtargetmetadepsspecht_is_subtargetconfig
2020-01-21 10:17:50.824798 | > DO_CALL (0.001s wait)
.2020-01-21 10:17:50.831480 | eval'd: drake::cmq_buildtargetmetadepsspecht_is_subtargetconfig
2020-01-21 10:17:52.067927 | > DO_CALL (0.001s wait)
.2020-01-21 10:17:52.074764 | eval'd: drake::cmq_buildtargetmetadepsspecht_is_subtargetconfig
2020-01-21 10:17:53.391476 | > DO_CALL (0.001s wait)
.2020-01-21 10:17:53.398904 | eval'd: drake::cmq_buildtargetmetadepsspecht_is_subtargetconfig
2020-01-21 10:17:54.636194 | > DO_CALL (0.001s wait)
.2020-01-21 10:17:54.642855 | eval'd: drake::cmq_buildtargetmetadepsspecht_is_subtargetconfig
2020-01-21 10:17:55.930999 | > DO_CALL (0.001s wait)
.2020-01-21 10:17:55.937821 | eval'd: drake::cmq_buildtargetmetadepsspecht_is_subtargetconfig
2020-01-21 10:17:57.199845 | > DO_CALL (0.001s wait)
.2020-01-21 10:17:57.206390 | eval'd: drake::cmq_buildtargetmetadepsspecht_is_subtargetconfig
2020-01-21 10:17:58.445198 | > DO_CALL (0.001s wait)
.2020-01-21 10:17:58.452218 | eval'd: drake::cmq_buildtargetmetadepsspecht_is_subtargetconfig
2020-01-21 10:17:59.866429 | > DO_CALL (0.001s wait)
.2020-01-21 10:17:59.873937 | eval'd: drake::cmq_buildtargetmetadepsspecht_is_subtargetconfig
2020-01-21 10:18:01.171490 | > DO_CALL (0.001s wait)
.2020-01-21 10:18:01.179476 | eval'd: drake::cmq_buildtargetmetadepsspecht_is_subtargetconfig
2020-01-21 10:18:02.680132 | > DO_CALL (0.001s wait)
.2020-01-21 10:18:02.687875 | eval'd: drake::cmq_buildtargetmetadepsspecht_is_subtargetconfig
2020-01-21 10:18:03.919739 | > DO_CALL (0.008s wait)
.2020-01-21 10:18:03.926838 | eval'd: drake::cmq_buildtargetmetadepsspecht_is_subtargetconfig
2020-01-21 10:18:05.247264 | > DO_CALL (0.000s wait)
.2020-01-21 10:18:05.253956 | eval'd: drake::cmq_buildtargetmetadepsspecht_is_subtargetconfig
2020-01-21 10:18:06.552603 | > DO_CALL (0.001s wait)
.2020-01-21 10:18:06.559722 | eval'd: drake::cmq_buildtargetmetadepsspecht_is_subtargetconfig
2020-01-21 10:18:07.830013 | > DO_CALL (0.001s wait)
.2020-01-21 10:18:07.836728 | eval'd: drake::cmq_buildtargetmetadepsspecht_is_subtargetconfig
2020-01-21 10:18:09.078864 | > DO_CALL (0.001s wait)
.2020-01-21 10:18:09.085703 | eval'd: drake::cmq_buildtargetmetadepsspecht_is_subtargetconfig
2020-01-21 10:18:10.317681 | > DO_CALL (0.001s wait)
.2020-01-21 10:18:10.323855 | eval'd: drake::cmq_buildtargetmetadepsspecht_is_subtargetconfig
2020-01-21 10:18:11.960227 | > DO_CALL (0.001s wait)
.2020-01-21 10:18:11.966556 | eval'd: drake::cmq_buildtargetmetadepsspecht_is_subtargetconfig
2020-01-21 10:18:13.214071 | > DO_CALL (0.001s wait)
.2020-01-21 10:18:13.220468 | eval'd: drake::cmq_buildtargetmetadepsspecht_is_subtargetconfig
2020-01-21 10:18:14.452732 | > DO_CALL (0.001s wait)
.2020-01-21 10:18:14.458772 | eval'd: drake::cmq_buildtargetmetadepsspecht_is_subtargetconfig
2020-01-21 10:18:15.779751 | > DO_CALL (0.001s wait)
.2020-01-21 10:18:15.785994 | eval'd: drake::cmq_buildtargetmetadepsspecht_is_subtargetconfig
2020-01-21 10:18:17.039753 | > DO_CALL (0.001s wait)
.2020-01-21 10:18:17.046171 | eval'd: drake::cmq_buildtargetmetadepsspecht_is_subtargetconfig
2020-01-21 10:18:18.224824 | > DO_CALL (0.001s wait)
.2020-01-21 10:18:18.230832 | eval'd: drake::cmq_buildtargetmetadepsspecht_is_subtargetconfig
2020-01-21 10:18:19.462670 | > DO_CALL (0.001s wait)
.2020-01-21 10:18:19.468748 | eval'd: drake::cmq_buildtargetmetadepsspecht_is_subtargetconfig
2020-01-21 10:18:20.875392 | > DO_CALL (0.000s wait)
.2020-01-21 10:18:20.881533 | eval'd: drake::cmq_buildtargetmetadepsspecht_is_subtargetconfig
2020-01-21 10:18:22.140426 | > DO_CALL (0.001s wait)
.2020-01-21 10:18:22.146538 | eval'd: drake::cmq_buildtargetmetadepsspecht_is_subtargetconfig
2020-01-21 10:18:23.396328 | > DO_CALL (0.000s wait)
.2020-01-21 10:18:23.402591 | eval'd: drake::cmq_buildtargetmetadepsspecht_is_subtargetconfig
2020-01-21 10:18:24.627235 | > DO_CALL (0.000s wait)
.2020-01-21 10:18:24.633176 | eval'd: drake::cmq_buildtargetmetadepsspecht_is_subtargetconfig
2020-01-21 10:18:25.909611 | > DO_CALL (0.001s wait)
.2020-01-21 10:18:25.915735 | eval'd: drake::cmq_buildtargetmetadepsspecht_is_subtargetconfig
2020-01-21 10:18:27.116322 | > DO_CALL (0.000s wait)
.2020-01-21 10:18:27.122360 | eval'd: drake::cmq_buildtargetmetadepsspecht_is_subtargetconfig
2020-01-21 10:18:28.365843 | > DO_CALL (0.001s wait)
.2020-01-21 10:18:28.372026 | eval'd: drake::cmq_buildtargetmetadepsspecht_is_subtargetconfig
2020-01-21 10:18:29.621318 | > DO_CALL (0.000s wait)
.2020-01-21 10:18:29.627570 | eval'd: drake::cmq_buildtargetmetadepsspecht_is_subtargetconfig
2020-01-21 10:18:30.822433 | > DO_CALL (0.001s wait)
.2020-01-21 10:18:30.838091 | eval'd: drake::cmq_buildtargetmetadepsspecht_is_subtargetconfig
2020-01-21 10:18:33.348045 | > DO_CALL (0.001s wait)
.2020-01-21 10:18:33.354755 | eval'd: drake::cmq_buildtargetmetadepsspecht_is_subtargetconfig
2020-01-21 10:18:34.614377 | > DO_CALL (0.000s wait)
.2020-01-21 10:18:34.620357 | eval'd: drake::cmq_buildtargetmetadepsspecht_is_subtargetconfig
2020-01-21 10:18:35.833313 | > DO_CALL (0.000s wait)
.2020-01-21 10:18:35.839269 | eval'd: drake::cmq_buildtargetmetadepsspecht_is_subtargetconfig
2020-01-21 10:18:37.207833 | > DO_CALL (0.001s wait)
.2020-01-21 10:18:37.213783 | eval'd: drake::cmq_buildtargetmetadepsspecht_is_subtargetconfig
2020-01-21 10:18:38.432201 | > DO_CALL (0.000s wait)
.2020-01-21 10:18:38.438258 | eval'd: drake::cmq_buildtargetmetadepsspecht_is_subtargetconfig
2020-01-21 10:18:39.647134 | > DO_CALL (0.001s wait)
.2020-01-21 10:18:39.653279 | eval'd: drake::cmq_buildtargetmetadepsspecht_is_subtargetconfig
2020-01-21 10:18:40.900080 | > DO_CALL (0.001s wait)
.2020-01-21 10:18:40.906365 | eval'd: drake::cmq_buildtargetmetadepsspecht_is_subtargetconfig
2020-01-21 10:18:42.273378 | > DO_CALL (0.000s wait)
.2020-01-21 10:18:42.279444 | eval'd: drake::cmq_buildtargetmetadepsspecht_is_subtargetconfig
2020-01-21 10:18:43.529511 | > DO_CALL (0.001s wait)
.2020-01-21 10:18:43.535502 | eval'd: drake::cmq_buildtargetmetadepsspecht_is_subtargetconfig
2020-01-21 10:18:44.762441 | > DO_CALL (0.001s wait)
.2020-01-21 10:18:44.768423 | eval'd: drake::cmq_buildtargetmetadepsspecht_is_subtargetconfig
2020-01-21 10:18:45.969955 | > DO_CALL (0.001s wait)
.2020-01-21 10:18:45.976051 | eval'd: drake::cmq_buildtargetmetadepsspecht_is_subtargetconfig
2020-01-21 10:18:47.210590 | > DO_CALL (0.001s wait)
.2020-01-21 10:18:47.216605 | eval'd: drake::cmq_buildtargetmetadepsspecht_is_subtargetconfig
2020-01-21 10:18:48.485356 | > DO_CALL (0.000s wait)
.2020-01-21 10:18:48.491390 | eval'd: drake::cmq_buildtargetmetadepsspecht_is_subtargetconfig
2020-01-21 10:18:49.826393 | > DO_CALL (0.000s wait)
.2020-01-21 10:18:49.832574 | eval'd: drake::cmq_buildtargetmetadepsspecht_is_subtargetconfig
2020-01-21 10:18:51.156375 | > DO_CALL (0.000s wait)
.2020-01-21 10:18:51.162396 | eval'd: drake::cmq_buildtargetmetadepsspecht_is_subtargetconfig
2020-01-21 10:18:52.396741 | > DO_CALL (0.001s wait)
.
2020-01-21 10:18:52.402773 | eval'd: drake::cmq_buildtargetmetadepsspecht_is_subtargetconfig
2020-01-21 10:18:53.648385 | > DO_CALL (0.000s wait)
.2020-01-21 10:18:53.654670 | eval'd: drake::cmq_buildtargetmetadepsspecht_is_subtargetconfig
2020-01-21 10:18:54.951644 | > DO_CALL (0.007s wait)
.2020-01-21 10:18:54.958112 | eval'd: drake::cmq_buildtargetmetadepsspecht_is_subtargetconfig
2020-01-21 10:18:56.243023 | > DO_CALL (0.001s wait)
.2020-01-21 10:18:56.249181 | eval'd: drake::cmq_buildtargetmetadepsspecht_is_subtargetconfig
2020-01-21 10:18:57.479739 | > DO_CALL (0.001s wait)
.2020-01-21 10:18:57.485676 | eval'd: drake::cmq_buildtargetmetadepsspecht_is_subtargetconfig
2020-01-21 10:18:58.731149 | > DO_CALL (0.001s wait)
.2020-01-21 10:18:58.737240 | eval'd: drake::cmq_buildtargetmetadepsspecht_is_subtargetconfig
2020-01-21 10:18:59.976031 | > DO_CALL (0.001s wait)
.2020-01-21 10:18:59.982133 | eval'd: drake::cmq_buildtargetmetadepsspecht_is_subtargetconfig
2020-01-21 10:19:01.236700 | > DO_CALL (0.001s wait)
.2020-01-21 10:19:01.242940 | eval'd: drake::cmq_buildtargetmetadepsspecht_is_subtargetconfig
2020-01-21 10:19:02.593021 | > DO_CALL (0.001s wait)
.2020-01-21 10:19:02.599074 | eval'd: drake::cmq_buildtargetmetadepsspecht_is_subtargetconfig
2020-01-21 10:19:03.812974 | > DO_CALL (0.001s wait)
.2020-01-21 10:19:03.819219 | eval'd: drake::cmq_buildtargetmetadepsspecht_is_subtargetconfig
2020-01-21 10:19:05.178318 | > DO_CALL (0.000s wait)
.2020-01-21 10:19:05.184355 | eval'd: drake::cmq_buildtargetmetadepsspecht_is_subtargetconfig
2020-01-21 10:19:06.485298 | > DO_CALL (0.000s wait)
.2020-01-21 10:19:06.491365 | eval'd: drake::cmq_buildtargetmetadepsspecht_is_subtargetconfig
2020-01-21 10:19:07.874189 | > DO_CALL (0.000s wait)
.2020-01-21 10:19:07.880209 | eval'd: drake::cmq_buildtargetmetadepsspecht_is_subtargetconfig
2020-01-21 10:19:09.144284 | > DO_CALL (0.000s wait)
.2020-01-21 10:19:09.150243 | eval'd: drake::cmq_buildtargetmetadepsspecht_is_subtargetconfig
2020-01-21 10:19:10.477916 | > DO_CALL (0.001s wait)
.2020-01-21 10:19:10.484123 | eval'd: drake::cmq_buildtargetmetadepsspecht_is_subtargetconfig
2020-01-21 10:19:11.721741 | > DO_CALL (0.001s wait)
.2020-01-21 10:19:11.728522 | eval'd: drake::cmq_buildtargetmetadepsspecht_is_subtargetconfig
2020-01-21 10:19:13.098704 | > DO_CALL (0.001s wait)
.2020-01-21 10:19:13.116726 | eval'd: drake::cmq_buildtargetmetadepsspecht_is_subtargetconfig
2020-01-21 10:19:14.548284 | > DO_CALL (0.000s wait)
.2020-01-21 10:19:14.554501 | eval'd: drake::cmq_buildtargetmetadepsspecht_is_subtargetconfig
2020-01-21 10:19:15.965866 | > DO_CALL (0.001s wait)
.2020-01-21 10:19:15.972017 | eval'd: drake::cmq_buildtargetmetadepsspecht_is_subtargetconfig
2020-01-21 10:19:17.310796 | > DO_CALL (0.001s wait)
.2020-01-21 10:19:17.316731 | eval'd: drake::cmq_buildtargetmetadepsspecht_is_subtargetconfig
2020-01-21 10:19:18.625169 | > DO_CALL (0.001s wait)
.2020-01-21 10:19:18.631166 | eval'd: drake::cmq_buildtargetmetadepsspecht_is_subtargetconfig
2020-01-21 10:19:19.951170 | > DO_CALL (0.000s wait)
.2020-01-21 10:19:19.957436 | eval'd: drake::cmq_buildtargetmetadepsspecht_is_subtargetconfig
2020-01-21 10:19:20.913184 | > WORKER_WAIT (0.000s wait)
2020-01-21 10:19:20.913664 | waiting 1.00s
2020-01-21 10:20:04.111379 | > WORKER_WAIT (0.000s wait)
2020-01-21 10:20:04.114553 | waiting 1.00s
2020-01-21 10:23:30.837292 | > WORKER_STOP (0.000s wait)
2020-01-21 10:23:30.841094 | shutting down worker
2020-01-21 10:23:31.048208 | 
Total: 277 in 5.13s [user], 0.44s [system], 661.77s [elapsed]
