2020-01-20 17:36:46.027546 | Master: tcp://c23a-s37:7983
2020-01-20 17:36:46.182243 | WORKER_UP to: tcp://c23a-s37:7983
2020-01-20 17:37:22.823153 | > DO_SETUP (24.231s wait)
2020-01-20 17:37:22.824367 | token from msg: set_common_data_token
2020-01-20 17:37:49.298231 | > DO_CALL (9.291s wait)
.* Option 'clustermq.scheduler' not set, defaulting to ‘SLURM’
--- see: https://mschubert.github.io/clustermq/articles/userguide.html#configuration
2020-01-20 17:38:17.132071 | eval'd: drake::cmq_buildtargetmetadepsspecht_is_subtargetconfig
2020-01-20 17:38:30.135413 | > DO_CALL (4.862s wait)
.2020-01-20 17:38:30.345656 | eval'd: drake::cmq_buildtargetmetadepsspecht_is_subtargetconfig
2020-01-20 17:38:55.912165 | > DO_CALL (5.607s wait)
.2020-01-20 17:39:05.593601 | eval'd: drake::cmq_buildtargetmetadepsspecht_is_subtargetconfig
2020-01-20 17:39:27.956855 | > DO_CALL (4.841s wait)
.2020-01-20 17:45:30.571712 | eval'd: drake::cmq_buildtargetmetadepsspecht_is_subtargetconfig
2020-01-20 17:45:43.897183 | > DO_CALL (4.889s wait)
.2020-01-20 17:46:23.353276 | eval'd: drake::cmq_buildtargetmetadepsspecht_is_subtargetconfig
2020-01-20 17:46:39.878359 | > DO_CALL (4.900s wait)
.2020-01-20 17:46:52.823807 | eval'd: drake::cmq_buildtargetmetadepsspecht_is_subtargetconfig
2020-01-20 17:47:03.933859 | > DO_CALL (4.996s wait)
.2020-01-20 17:47:31.229829 | eval'd: drake::cmq_buildtargetmetadepsspecht_is_subtargetconfig
2020-01-20 17:47:41.662300 | > DO_CALL (4.988s wait)
.2020-01-20 17:48:09.751413 | eval'd: drake::cmq_buildtargetmetadepsspecht_is_subtargetconfig
2020-01-20 17:48:19.330306 | > DO_CALL (4.838s wait)
.2020-01-20 17:48:31.855690 | eval'd: drake::cmq_buildtargetmetadepsspecht_is_subtargetconfig
2020-01-20 17:48:43.736258 | > DO_CALL (4.930s wait)
.2020-01-20 17:48:46.504780 | eval'd: drake::cmq_buildtargetmetadepsspecht_is_subtargetconfig
2020-01-20 17:49:05.275816 | > DO_CALL (4.850s wait)
.2020-01-20 17:49:34.751269 | eval'd: drake::cmq_buildtargetmetadepsspecht_is_subtargetconfig
2020-01-20 17:50:09.455156 | > DO_CALL (5.004s wait)
.2020-01-20 17:51:09.750271 | eval'd: drake::cmq_buildtargetmetadepsspecht_is_subtargetconfig
2020-01-20 17:51:29.828775 | > DO_CALL (4.987s wait)
.2020-01-20 17:52:09.948940 | eval'd: drake::cmq_buildtargetmetadepsspecht_is_subtargetconfig
2020-01-20 17:52:18.583111 | > DO_CALL (4.955s wait)
.2020-01-20 17:52:18.973932 | eval'd: drake::cmq_buildtargetmetadepsspecht_is_subtargetconfig
2020-01-20 17:52:30.933564 | > DO_CALL (5.605s wait)
.2020-01-20 17:59:16.238892 | eval'd: drake::cmq_buildtargetmetadepsspecht_is_subtargetconfig
2020-01-20 17:59:25.808514 | > DO_CALL (4.954s wait)
.2020-01-20 17:59:30.781062 | eval'd: drake::cmq_buildtargetmetadepsspecht_is_subtargetconfig
2020-01-20 17:59:48.865656 | > DO_CALL (4.857s wait)
.2020-01-20 18:00:16.758457 | eval'd: drake::cmq_buildtargetmetadepsspecht_is_subtargetconfig
2020-01-20 18:00:26.351798 | > DO_CALL (4.873s wait)
.2020-01-20 18:00:28.946333 | eval'd: drake::cmq_buildtargetmetadepsspecht_is_subtargetconfig
2020-01-20 18:00:37.763662 | > DO_CALL (4.880s wait)
.2020-01-20 18:00:44.859369 | eval'd: drake::cmq_buildtargetmetadepsspecht_is_subtargetconfig
2020-01-20 18:00:56.016176 | > DO_CALL (4.913s wait)
.2020-01-20 18:01:09.582029 | eval'd: drake::cmq_buildtargetmetadepsspecht_is_subtargetconfig
2020-01-20 18:01:25.627925 | > DO_CALL (4.942s wait)
.2020-01-20 18:01:55.218551 | eval'd: drake::cmq_buildtargetmetadepsspecht_is_subtargetconfig
2020-01-20 18:02:05.340977 | > DO_CALL (4.796s wait)
.2020-01-20 18:02:16.482391 | eval'd: drake::cmq_buildtargetmetadepsspecht_is_subtargetconfig
2020-01-20 18:02:28.396589 | > DO_CALL (4.875s wait)
.2020-01-20 18:02:31.382430 | eval'd: drake::cmq_buildtargetmetadepsspecht_is_subtargetconfig
2020-01-20 18:02:41.781575 | > DO_CALL (4.908s wait)
.2020-01-20 18:03:21.650007 | eval'd: drake::cmq_buildtargetmetadepsspecht_is_subtargetconfig
2020-01-20 18:03:31.098264 | > DO_CALL (5.690s wait)
.2020-01-20 18:03:44.063153 | eval'd: drake::cmq_buildtargetmetadepsspecht_is_subtargetconfig
2020-01-20 18:03:57.530499 | > DO_CALL (4.946s wait)
.2020-01-20 18:06:29.700910 | eval'd: drake::cmq_buildtargetmetadepsspecht_is_subtargetconfig
2020-01-20 18:06:39.857348 | > DO_CALL (4.988s wait)
.2020-01-20 18:07:25.954765 | eval'd: drake::cmq_buildtargetmetadepsspecht_is_subtargetconfig
2020-01-20 18:07:46.632625 | > DO_CALL (4.886s wait)
.2020-01-20 18:08:37.965477 | eval'd: drake::cmq_buildtargetmetadepsspecht_is_subtargetconfig
2020-01-20 18:08:48.568214 | > DO_CALL (4.870s wait)
.2020-01-20 18:09:33.937777 | eval'd: drake::cmq_buildtargetmetadepsspecht_is_subtargetconfig
2020-01-20 18:09:45.804088 | > DO_CALL (4.796s wait)
.2020-01-20 18:10:14.797830 | eval'd: drake::cmq_buildtargetmetadepsspecht_is_subtargetconfig
2020-01-20 18:10:29.244575 | > DO_CALL (4.867s wait)
.2020-01-20 18:10:44.708446 | eval'd: drake::cmq_buildtargetmetadepsspecht_is_subtargetconfig
2020-01-20 18:11:02.968994 | > DO_CALL (4.835s wait)
.2020-01-20 18:11:13.977617 | eval'd: drake::cmq_buildtargetmetadepsspecht_is_subtargetconfig
2020-01-20 18:11:31.911645 | > DO_CALL (4.820s wait)
.2020-01-20 18:14:10.684304 | eval'd: drake::cmq_buildtargetmetadepsspecht_is_subtargetconfig
2020-01-20 18:14:27.127710 | > DO_CALL (5.736s wait)
.2020-01-20 18:14:28.537933 | eval'd: drake::cmq_buildtargetmetadepsspecht_is_subtargetconfig
2020-01-20 18:15:07.568374 | > DO_CALL (7.103s wait)
.2020-01-20 18:15:26.098222 | eval'd: drake::cmq_buildtargetmetadepsspecht_is_subtargetconfig
2020-01-20 18:15:37.154157 | > DO_CALL (4.837s wait)
.2020-01-20 18:16:13.109535 | eval'd: drake::cmq_buildtargetmetadepsspecht_is_subtargetconfig
2020-01-20 18:16:28.763010 | > DO_CALL (4.779s wait)
.2020-01-20 18:16:38.554903 | eval'd: drake::cmq_buildtargetmetadepsspecht_is_subtargetconfig
2020-01-20 18:16:59.904885 | > DO_CALL (4.813s wait)
.2020-01-20 18:17:21.792115 | eval'd: drake::cmq_buildtargetmetadepsspecht_is_subtargetconfig
2020-01-20 18:17:53.856327 | > DO_CALL (4.826s wait)
.2020-01-20 18:19:04.633059 | eval'd: drake::cmq_buildtargetmetadepsspecht_is_subtargetconfig
2020-01-20 18:19:19.996826 | > DO_CALL (4.821s wait)
.2020-01-20 18:19:35.468653 | eval'd: drake::cmq_buildtargetmetadepsspecht_is_subtargetconfig
2020-01-20 18:19:50.622611 | > DO_CALL (4.828s wait)
.2020-01-20 18:20:10.232566 | eval'd: drake::cmq_buildtargetmetadepsspecht_is_subtargetconfig
2020-01-20 18:20:26.609862 | > DO_CALL (5.057s wait)
.2020-01-20 18:29:22.881749 | eval'd: drake::cmq_buildtargetmetadepsspecht_is_subtargetconfig
2020-01-20 18:29:34.160236 | > DO_CALL (6.079s wait)
.2020-01-20 18:29:55.170040 | eval'd: drake::cmq_buildtargetmetadepsspecht_is_subtargetconfig
2020-01-20 18:30:10.025757 | > DO_CALL (4.982s wait)
.2020-01-20 18:30:20.589240 | eval'd: drake::cmq_buildtargetmetadepsspecht_is_subtargetconfig
2020-01-20 18:30:30.281894 | > DO_CALL (4.849s wait)
.2020-01-20 18:30:30.978669 | eval'd: drake::cmq_buildtargetmetadepsspecht_is_subtargetconfig
2020-01-20 18:30:42.968419 | > DO_CALL (5.493s wait)
.2020-01-20 18:30:51.152840 | eval'd: drake::cmq_buildtargetmetadepsspecht_is_subtargetconfig
2020-01-20 18:31:04.692038 | > DO_CALL (6.206s wait)
.2020-01-20 18:31:17.001389 | eval'd: drake::cmq_buildtargetmetadepsspecht_is_subtargetconfig
2020-01-20 18:31:31.230524 | > DO_CALL (5.670s wait)
.2020-01-20 18:31:36.711688 | eval'd: drake::cmq_buildtargetmetadepsspecht_is_subtargetconfig
2020-01-20 18:32:07.391706 | > DO_CALL (5.369s wait)
.2020-01-20 18:33:32.159916 | eval'd: drake::cmq_buildtargetmetadepsspecht_is_subtargetconfig
2020-01-20 18:33:43.758755 | > DO_CALL (8.448s wait)
.2020-01-20 18:34:01.165770 | eval'd: drake::cmq_buildtargetmetadepsspecht_is_subtargetconfig
2020-01-20 18:34:15.539220 | > DO_CALL (4.802s wait)
.2020-01-20 18:34:18.775956 | eval'd: drake::cmq_buildtargetmetadepsspecht_is_subtargetconfig
2020-01-20 18:34:47.687677 | > DO_CALL (4.873s wait)
.2020-01-20 18:34:52.020075 | eval'd: drake::cmq_buildtargetmetadepsspecht_is_subtargetconfig
2020-01-20 18:35:04.683633 | > DO_CALL (4.896s wait)
.2020-01-20 18:35:48.212129 | eval'd: drake::cmq_buildtargetmetadepsspecht_is_subtargetconfig
2020-01-20 18:36:05.436359 | > DO_CALL (4.961s wait)
.2020-01-20 18:36:20.079216 | eval'd: drake::cmq_buildtargetmetadepsspecht_is_subtargetconfig
2020-01-20 18:36:27.920152 | > DO_CALL (4.877s wait)
.2020-01-20 18:36:38.339028 | eval'd: drake::cmq_buildtargetmetadepsspecht_is_subtargetconfig
2020-01-20 18:36:46.152442 | > DO_CALL (4.800s wait)
.2020-01-20 18:36:47.408588 | eval'd: drake::cmq_buildtargetmetadepsspecht_is_subtargetconfig
2020-01-20 18:36:57.447803 | > DO_CALL (5.564s wait)
.
2020-01-20 18:36:59.548379 | eval'd: drake::cmq_buildtargetmetadepsspecht_is_subtargetconfig
2020-01-20 18:37:09.708321 | > DO_CALL (6.347s wait)
.2020-01-20 18:37:26.577825 | eval'd: drake::cmq_buildtargetmetadepsspecht_is_subtargetconfig
2020-01-20 18:37:38.014203 | > DO_CALL (4.900s wait)
.2020-01-20 18:37:40.887257 | eval'd: drake::cmq_buildtargetmetadepsspecht_is_subtargetconfig
2020-01-20 18:37:52.389055 | > DO_CALL (4.961s wait)
.2020-01-20 18:38:29.339041 | eval'd: drake::cmq_buildtargetmetadepsspecht_is_subtargetconfig
2020-01-20 18:38:42.872113 | > DO_CALL (4.865s wait)
.2020-01-20 18:38:48.441511 | eval'd: drake::cmq_buildtargetmetadepsspecht_is_subtargetconfig
2020-01-20 18:38:59.335811 | > DO_CALL (4.896s wait)
.2020-01-20 18:39:15.979374 | eval'd: drake::cmq_buildtargetmetadepsspecht_is_subtargetconfig
2020-01-20 18:39:31.416923 | > DO_CALL (4.855s wait)
.2020-01-20 18:40:10.637382 | eval'd: drake::cmq_buildtargetmetadepsspecht_is_subtargetconfig
2020-01-20 18:40:30.817720 | > DO_CALL (6.123s wait)
.2020-01-20 18:40:44.900340 | eval'd: drake::cmq_buildtargetmetadepsspecht_is_subtargetconfig
2020-01-20 18:40:54.575901 | > DO_CALL (4.899s wait)
.2020-01-20 18:43:11.481271 | eval'd: drake::cmq_buildtargetmetadepsspecht_is_subtargetconfig
2020-01-20 18:43:23.244980 | > DO_CALL (4.855s wait)
.2020-01-20 18:43:25.425289 | eval'd: drake::cmq_buildtargetmetadepsspecht_is_subtargetconfig
2020-01-20 18:43:39.320379 | > DO_CALL (4.831s wait)
.2020-01-20 18:43:44.202607 | eval'd: drake::cmq_buildtargetmetadepsspecht_is_subtargetconfig
2020-01-20 18:44:07.930986 | > DO_CALL (4.814s wait)
.2020-01-20 18:44:35.501247 | eval'd: drake::cmq_buildtargetmetadepsspecht_is_subtargetconfig
2020-01-20 18:44:45.915914 | > DO_CALL (4.871s wait)
.2020-01-20 18:45:03.116510 | eval'd: drake::cmq_buildtargetmetadepsspecht_is_subtargetconfig
2020-01-20 18:45:13.518738 | > DO_CALL (5.066s wait)
.2020-01-20 18:45:20.069957 | eval'd: drake::cmq_buildtargetmetadepsspecht_is_subtargetconfig
2020-01-20 18:45:29.600930 | > DO_CALL (4.832s wait)
.2020-01-20 18:45:54.245811 | eval'd: drake::cmq_buildtargetmetadepsspecht_is_subtargetconfig
2020-01-20 18:46:10.308010 | > DO_CALL (4.903s wait)
.2020-01-20 18:46:11.445300 | eval'd: drake::cmq_buildtargetmetadepsspecht_is_subtargetconfig
2020-01-20 18:46:44.957279 | > DO_CALL (5.701s wait)
.2020-01-20 18:47:00.743503 | eval'd: drake::cmq_buildtargetmetadepsspecht_is_subtargetconfig
2020-01-20 18:47:15.192871 | > DO_CALL (4.804s wait)
.2020-01-20 18:47:33.128143 | eval'd: drake::cmq_buildtargetmetadepsspecht_is_subtargetconfig
2020-01-20 18:47:50.859499 | > DO_CALL (4.745s wait)
.2020-01-20 18:48:29.577136 | eval'd: drake::cmq_buildtargetmetadepsspecht_is_subtargetconfig
2020-01-20 18:48:39.557110 | > DO_CALL (4.789s wait)
.2020-01-20 18:48:42.457536 | eval'd: drake::cmq_buildtargetmetadepsspecht_is_subtargetconfig
2020-01-20 18:48:51.788604 | > DO_CALL (4.757s wait)
.2020-01-20 18:48:58.696298 | eval'd: drake::cmq_buildtargetmetadepsspecht_is_subtargetconfig
2020-01-20 18:49:14.829002 | > DO_CALL (4.839s wait)
.2020-01-20 18:49:37.024072 | eval'd: drake::cmq_buildtargetmetadepsspecht_is_subtargetconfig
2020-01-20 18:49:49.341281 | > DO_CALL (4.937s wait)
.2020-01-20 18:49:58.838550 | eval'd: drake::cmq_buildtargetmetadepsspecht_is_subtargetconfig
2020-01-20 18:50:09.649688 | > DO_CALL (4.767s wait)
.2020-01-20 18:50:23.492809 | eval'd: drake::cmq_buildtargetmetadepsspecht_is_subtargetconfig
2020-01-20 18:50:42.228960 | > DO_CALL (4.870s wait)
.2020-01-20 18:51:05.066718 | eval'd: drake::cmq_buildtargetmetadepsspecht_is_subtargetconfig
2020-01-20 18:51:19.328384 | > DO_CALL (4.810s wait)
.2020-01-20 18:51:20.764459 | eval'd: drake::cmq_buildtargetmetadepsspecht_is_subtargetconfig
2020-01-20 18:51:34.457548 | > DO_CALL (4.892s wait)
.2020-01-20 18:51:40.636217 | eval'd: drake::cmq_buildtargetmetadepsspecht_is_subtargetconfig
2020-01-20 18:52:06.901920 | > DO_CALL (4.773s wait)
.2020-01-20 18:52:37.814742 | eval'd: drake::cmq_buildtargetmetadepsspecht_is_subtargetconfig
2020-01-20 18:52:54.660452 | > DO_CALL (4.984s wait)
.2020-01-20 18:53:12.943766 | eval'd: drake::cmq_buildtargetmetadepsspecht_is_subtargetconfig
2020-01-20 18:53:23.998609 | > DO_CALL (4.810s wait)
.2020-01-20 18:54:00.050580 | eval'd: drake::cmq_buildtargetmetadepsspecht_is_subtargetconfig
2020-01-20 18:54:17.197316 | > DO_CALL (4.758s wait)
.2020-01-20 18:54:49.817988 | eval'd: drake::cmq_buildtargetmetadepsspecht_is_subtargetconfig
2020-01-20 18:55:11.752184 | > DO_CALL (4.855s wait)
.2020-01-20 18:59:39.201854 | eval'd: drake::cmq_buildtargetmetadepsspecht_is_subtargetconfig
2020-01-20 18:59:53.553364 | > DO_CALL (4.497s wait)
.2020-01-20 19:00:12.788830 | eval'd: drake::cmq_buildtargetmetadepsspecht_is_subtargetconfig
2020-01-20 19:00:39.512771 | > DO_CALL (4.796s wait)
.2020-01-20 19:01:05.793549 | eval'd: drake::cmq_buildtargetmetadepsspecht_is_subtargetconfig
2020-01-20 19:01:17.929279 | > DO_CALL (4.757s wait)
.2020-01-20 19:01:32.375890 | eval'd: drake::cmq_buildtargetmetadepsspecht_is_subtargetconfig
2020-01-20 19:01:40.756365 | > DO_CALL (4.706s wait)
.2020-01-20 19:01:54.023032 | eval'd: drake::cmq_buildtargetmetadepsspecht_is_subtargetconfig
2020-01-20 19:02:13.698082 | > DO_CALL (4.557s wait)
.2020-01-20 19:02:26.584919 | eval'd: drake::cmq_buildtargetmetadepsspecht_is_subtargetconfig
2020-01-20 19:02:42.934444 | > DO_CALL (4.782s wait)
.2020-01-20 19:03:26.841591 | eval'd: drake::cmq_buildtargetmetadepsspecht_is_subtargetconfig
2020-01-20 19:03:39.278119 | > DO_CALL (4.995s wait)
.2020-01-20 19:04:43.559581 | eval'd: drake::cmq_buildtargetmetadepsspecht_is_subtargetconfig
2020-01-20 19:04:52.422224 | > DO_CALL (4.932s wait)
.2020-01-20 19:05:26.603445 | eval'd: drake::cmq_buildtargetmetadepsspecht_is_subtargetconfig
2020-01-20 19:05:42.207592 | > DO_CALL (4.934s wait)
.2020-01-20 19:05:42.406862 | eval'd: drake::cmq_buildtargetmetadepsspecht_is_subtargetconfig
2020-01-20 19:05:52.608573 | > DO_CALL (5.652s wait)
.2020-01-20 19:06:29.177652 | eval'd: drake::cmq_buildtargetmetadepsspecht_is_subtargetconfig
2020-01-20 19:06:41.548091 | > DO_CALL (6.239s wait)
.2020-01-20 19:07:33.771218 | eval'd: drake::cmq_buildtargetmetadepsspecht_is_subtargetconfig
2020-01-20 19:07:44.891464 | > DO_CALL (5.466s wait)
.2020-01-20 19:08:10.839873 | eval'd: drake::cmq_buildtargetmetadepsspecht_is_subtargetconfig
2020-01-20 19:08:25.759109 | > DO_CALL (5.523s wait)
.2020-01-20 19:13:57.731881 | eval'd: drake::cmq_buildtargetmetadepsspecht_is_subtargetconfig
2020-01-20 19:14:14.712628 | > DO_CALL (5.126s wait)
.2020-01-20 19:14:28.259204 | eval'd: drake::cmq_buildtargetmetadepsspecht_is_subtargetconfig
2020-01-20 19:14:38.794172 | > DO_CALL (5.016s wait)
.2020-01-20 19:14:50.093474 | eval'd: drake::cmq_buildtargetmetadepsspecht_is_subtargetconfig
2020-01-20 19:15:07.724917 | > DO_CALL (4.916s wait)
.2020-01-20 19:15:19.113710 | eval'd: drake::cmq_buildtargetmetadepsspecht_is_subtargetconfig
2020-01-20 19:15:32.831674 | > DO_CALL (4.870s wait)
.2020-01-20 19:15:56.239553 | eval'd: drake::cmq_buildtargetmetadepsspecht_is_subtargetconfig
2020-01-20 19:16:15.129379 | > DO_CALL (5.014s wait)
.2020-01-20 19:16:23.343638 | eval'd: drake::cmq_buildtargetmetadepsspecht_is_subtargetconfig
2020-01-20 19:16:49.230267 | > DO_CALL (4.879s wait)
.2020-01-20 19:17:21.808710 | eval'd: drake::cmq_buildtargetmetadepsspecht_is_subtargetconfig
2020-01-20 19:17:37.504896 | > DO_CALL (4.971s wait)
.2020-01-20 19:17:54.878517 | eval'd: drake::cmq_buildtargetmetadepsspecht_is_subtargetconfig
2020-01-20 19:18:14.318600 | > DO_CALL (4.877s wait)
.2020-01-20 19:18:19.998295 | eval'd: drake::cmq_buildtargetmetadepsspecht_is_subtargetconfig
2020-01-20 19:18:55.029642 | > DO_CALL (4.877s wait)
.2020-01-20 19:19:10.368455 | eval'd: drake::cmq_buildtargetmetadepsspecht_is_subtargetconfig
2020-01-20 19:19:23.002406 | > DO_CALL (4.944s wait)
.2020-01-20 19:19:28.532463 | eval'd: drake::cmq_buildtargetmetadepsspecht_is_subtargetconfig
2020-01-20 19:19:47.709170 | > DO_CALL (5.062s wait)
.2020-01-20 19:24:57.341395 | eval'd: drake::cmq_buildtargetmetadepsspecht_is_subtargetconfig
2020-01-20 19:25:08.495071 | > DO_CALL (5.212s wait)
.2020-01-20 19:25:10.878308 | eval'd: drake::cmq_buildtargetmetadepsspecht_is_subtargetconfig
2020-01-20 19:25:22.084327 | > DO_CALL (4.919s wait)
.2020-01-20 19:26:02.084314 | eval'd: drake::cmq_buildtargetmetadepsspecht_is_subtargetconfig
2020-01-20 19:26:14.245405 | > DO_CALL (4.972s wait)
.2020-01-20 19:26:25.720111 | eval'd: drake::cmq_buildtargetmetadepsspecht_is_subtargetconfig
2020-01-20 19:26:33.682294 | > DO_CALL (4.910s wait)
.2020-01-20 19:26:50.287876 | eval'd: drake::cmq_buildtargetmetadepsspecht_is_subtargetconfig
2020-01-20 19:26:59.199938 | > DO_CALL (5.047s wait)
.2020-01-20 19:27:08.722754 | eval'd: drake::cmq_buildtargetmetadepsspecht_is_subtargetconfig
2020-01-20 19:27:22.853012 | > DO_CALL (5.062s wait)
.2020-01-20 19:27:43.826287 | eval'd: drake::cmq_buildtargetmetadepsspecht_is_subtargetconfig
2020-01-20 19:27:54.042406 | > DO_CALL (4.887s wait)
.2020-01-20 19:30:39.524049 | eval'd: drake::cmq_buildtargetmetadepsspecht_is_subtargetconfig
2020-01-20 19:30:48.057964 | > DO_CALL (5.124s wait)
.2020-01-20 19:30:52.660954 | eval'd: drake::cmq_buildtargetmetadepsspecht_is_subtargetconfig
2020-01-20 19:31:04.248387 | > DO_CALL (4.966s wait)
.2020-01-20 19:31:25.134954 | eval'd: drake::cmq_buildtargetmetadepsspecht_is_subtargetconfig
2020-01-20 19:31:39.702754 | > DO_CALL (4.934s wait)
.2020-01-20 19:31:49.957847 | eval'd: drake::cmq_buildtargetmetadepsspecht_is_subtargetconfig
2020-01-20 19:32:06.282485 | > DO_CALL (4.902s wait)
.2020-01-20 19:32:11.911280 | eval'd: drake::cmq_buildtargetmetadepsspecht_is_subtargetconfig
2020-01-20 19:32:49.369121 | > DO_CALL (4.875s wait)
.2020-01-20 19:33:04.308126 | eval'd: drake::cmq_buildtargetmetadepsspecht_is_subtargetconfig
2020-01-20 19:33:16.927777 | > DO_CALL (5.045s wait)
.2020-01-20 19:33:38.451874 | eval'd: drake::cmq_buildtargetmetadepsspecht_is_subtargetconfig
2020-01-20 19:33:50.186712 | > DO_CALL (4.901s wait)
.2020-01-20 19:33:55.199011 | eval'd: drake::cmq_buildtargetmetadepsspecht_is_subtargetconfig
2020-01-20 19:34:08.477282 | > DO_CALL (4.952s wait)
.2020-01-20 19:34:21.801909 | eval'd: drake::cmq_buildtargetmetadepsspecht_is_subtargetconfig
2020-01-20 19:34:35.071308 | > DO_CALL (4.989s wait)
.2020-01-20 19:35:54.167784 | eval'd: drake::cmq_buildtargetmetadepsspecht_is_subtargetconfig
2020-01-20 19:36:03.788156 | > DO_CALL (4.897s wait)
.2020-01-20 19:36:20.657405 | eval'd: drake::cmq_buildtargetmetadepsspecht_is_subtargetconfig
2020-01-20 19:36:32.287034 | > DO_CALL (5.111s wait)
.2020-01-20 19:41:36.718473 | eval'd: drake::cmq_buildtargetmetadepsspecht_is_subtargetconfig
2020-01-20 19:41:47.339912 | > DO_CALL (4.823s wait)
.2020-01-20 19:42:26.365526 | eval'd: drake::cmq_buildtargetmetadepsspecht_is_subtargetconfig
2020-01-20 19:42:50.222175 | > DO_CALL (4.983s wait)
.2020-01-20 19:42:54.828853 | eval'd: drake::cmq_buildtargetmetadepsspecht_is_subtargetconfig
2020-01-20 19:43:04.296560 | > DO_CALL (5.009s wait)
.2020-01-20 19:43:04.983983 | eval'd: drake::cmq_buildtargetmetadepsspecht_is_subtargetconfig
2020-01-20 19:43:17.117985 | > DO_CALL (5.570s wait)
.2020-01-20 19:43:25.817359 | eval'd: drake::cmq_buildtargetmetadepsspecht_is_subtargetconfig
2020-01-20 19:43:36.678342 | > DO_CALL (5.741s wait)
.2020-01-20 19:45:45.808611 | eval'd: drake::cmq_buildtargetmetadepsspecht_is_subtargetconfig
2020-01-20 19:45:58.191849 | > DO_CALL (5.251s wait)
.
2020-01-20 19:46:23.293140 | eval'd: drake::cmq_buildtargetmetadepsspecht_is_subtargetconfig
2020-01-20 19:46:37.432809 | > DO_CALL (5.028s wait)
.2020-01-20 19:46:57.534697 | eval'd: drake::cmq_buildtargetmetadepsspecht_is_subtargetconfig
2020-01-20 19:47:08.269770 | > DO_CALL (4.865s wait)
.2020-01-20 19:47:22.273538 | eval'd: drake::cmq_buildtargetmetadepsspecht_is_subtargetconfig
2020-01-20 19:47:45.296644 | > DO_CALL (4.914s wait)
.2020-01-20 19:47:49.639579 | eval'd: drake::cmq_buildtargetmetadepsspecht_is_subtargetconfig
2020-01-20 19:48:06.069909 | > DO_CALL (4.998s wait)
.2020-01-20 19:48:06.548952 | eval'd: drake::cmq_buildtargetmetadepsspecht_is_subtargetconfig
2020-01-20 19:48:24.029387 | > DO_CALL (5.716s wait)
.2020-01-20 19:48:58.731987 | eval'd: drake::cmq_buildtargetmetadepsspecht_is_subtargetconfig
2020-01-20 19:49:07.038741 | > DO_CALL (4.910s wait)
.2020-01-20 19:49:29.549312 | eval'd: drake::cmq_buildtargetmetadepsspecht_is_subtargetconfig
2020-01-20 19:49:40.870637 | > DO_CALL (5.025s wait)
.2020-01-20 19:49:48.289882 | eval'd: drake::cmq_buildtargetmetadepsspecht_is_subtargetconfig
2020-01-20 19:49:59.720767 | > DO_CALL (5.009s wait)
.2020-01-20 19:50:26.211765 | eval'd: drake::cmq_buildtargetmetadepsspecht_is_subtargetconfig
2020-01-20 19:50:43.990813 | > DO_CALL (4.943s wait)
.2020-01-20 19:53:18.705876 | eval'd: drake::cmq_buildtargetmetadepsspecht_is_subtargetconfig
2020-01-20 19:53:41.866199 | > DO_CALL (5.025s wait)
.2020-01-20 19:53:45.013357 | eval'd: drake::cmq_buildtargetmetadepsspecht_is_subtargetconfig
2020-01-20 19:54:07.123778 | > DO_CALL (5.666s wait)
.2020-01-20 19:54:50.634846 | eval'd: drake::cmq_buildtargetmetadepsspecht_is_subtargetconfig
2020-01-20 19:55:05.151285 | > DO_CALL (4.876s wait)
.2020-01-20 19:56:01.456479 | eval'd: drake::cmq_buildtargetmetadepsspecht_is_subtargetconfig
2020-01-20 19:56:13.353270 | > DO_CALL (5.008s wait)
.2020-01-20 19:56:19.288445 | eval'd: drake::cmq_buildtargetmetadepsspecht_is_subtargetconfig
2020-01-20 19:56:19.470848 | > DO_CALL (0.008s wait)
.2020-01-20 19:56:19.812036 | eval'd: drake::cmq_buildtargetmetadepsspecht_is_subtargetconfig
2020-01-20 19:56:19.952223 | > DO_CALL (0.005s wait)
.2020-01-20 19:56:22.445960 | eval'd: drake::cmq_buildtargetmetadepsspecht_is_subtargetconfig
2020-01-20 19:56:22.542504 | > DO_CALL (0.018s wait)
.2020-01-20 19:56:22.925984 | eval'd: drake::cmq_buildtargetmetadepsspecht_is_subtargetconfig
2020-01-20 19:56:23.221096 | > DO_CALL (0.015s wait)
.2020-01-20 19:56:23.603760 | eval'd: drake::cmq_buildtargetmetadepsspecht_is_subtargetconfig
2020-01-20 19:56:23.729587 | > DO_CALL (0.011s wait)
.2020-01-20 19:56:24.102777 | eval'd: drake::cmq_buildtargetmetadepsspecht_is_subtargetconfig
2020-01-20 19:56:24.238814 | > DO_CALL (0.009s wait)
.2020-01-20 19:56:25.267752 | eval'd: drake::cmq_buildtargetmetadepsspecht_is_subtargetconfig
2020-01-20 19:56:26.033535 | > DO_CALL (0.025s wait)
.2020-01-20 19:56:26.405446 | eval'd: drake::cmq_buildtargetmetadepsspecht_is_subtargetconfig
2020-01-20 19:56:26.481405 | > DO_CALL (0.011s wait)
.2020-01-20 19:56:26.811761 | eval'd: drake::cmq_buildtargetmetadepsspecht_is_subtargetconfig
2020-01-20 19:56:27.015328 | > DO_CALL (0.008s wait)
.2020-01-20 19:56:27.340352 | eval'd: drake::cmq_buildtargetmetadepsspecht_is_subtargetconfig
2020-01-20 19:56:27.430557 | > DO_CALL (0.005s wait)
.2020-01-20 19:56:28.499687 | eval'd: drake::cmq_buildtargetmetadepsspecht_is_subtargetconfig
2020-01-20 19:56:28.624215 | > DO_CALL (0.015s wait)
.2020-01-20 19:56:28.969900 | eval'd: drake::cmq_buildtargetmetadepsspecht_is_subtargetconfig
2020-01-20 19:56:29.053143 | > DO_CALL (0.016s wait)
.2020-01-20 19:56:29.393731 | eval'd: drake::cmq_buildtargetmetadepsspecht_is_subtargetconfig
2020-01-20 19:56:29.464719 | > DO_CALL (0.000s wait)
.2020-01-20 19:56:29.477791 | eval'd: drake::cmq_buildtargetmetadepsspecht_is_subtargetconfig
2020-01-20 19:56:29.602157 | > DO_CALL (0.017s wait)
.2020-01-20 19:56:29.953519 | eval'd: drake::cmq_buildtargetmetadepsspecht_is_subtargetconfig
2020-01-20 19:56:30.040235 | > DO_CALL (0.012s wait)
.2020-01-20 19:56:30.395059 | eval'd: drake::cmq_buildtargetmetadepsspecht_is_subtargetconfig
2020-01-20 19:56:30.489542 | > DO_CALL (0.003s wait)
.2020-01-20 19:56:31.488496 | eval'd: drake::cmq_buildtargetmetadepsspecht_is_subtargetconfig
2020-01-20 19:56:31.996769 | > DO_CALL (0.020s wait)
.2020-01-20 19:56:32.363343 | eval'd: drake::cmq_buildtargetmetadepsspecht_is_subtargetconfig
2020-01-20 19:56:32.441194 | > DO_CALL (0.012s wait)
.2020-01-20 19:56:32.781457 | eval'd: drake::cmq_buildtargetmetadepsspecht_is_subtargetconfig
2020-01-20 19:56:32.874821 | > DO_CALL (0.005s wait)
.2020-01-20 19:56:33.175220 | eval'd: drake::cmq_buildtargetmetadepsspecht_is_subtargetconfig
2020-01-20 19:56:33.477793 | > DO_CALL (0.003s wait)
.2020-01-20 19:56:34.597336 | eval'd: drake::cmq_buildtargetmetadepsspecht_is_subtargetconfig
2020-01-20 19:56:34.680644 | > DO_CALL (0.010s wait)
.2020-01-20 19:56:35.013036 | eval'd: drake::cmq_buildtargetmetadepsspecht_is_subtargetconfig
2020-01-20 19:56:35.117634 | > DO_CALL (0.012s wait)
.2020-01-20 19:56:35.470390 | eval'd: drake::cmq_buildtargetmetadepsspecht_is_subtargetconfig
2020-01-20 19:56:35.556988 | > DO_CALL (0.013s wait)
.2020-01-20 19:56:35.906944 | eval'd: drake::cmq_buildtargetmetadepsspecht_is_subtargetconfig
2020-01-20 19:56:36.041563 | > DO_CALL (0.004s wait)
.2020-01-20 19:56:36.355645 | eval'd: drake::cmq_buildtargetmetadepsspecht_is_subtargetconfig
2020-01-20 19:56:36.518216 | > DO_CALL (0.000s wait)
.2020-01-20 19:56:36.531613 | eval'd: drake::cmq_buildtargetmetadepsspecht_is_subtargetconfig
2020-01-20 19:56:36.625400 | > DO_CALL (0.002s wait)
.2020-01-20 19:56:37.616231 | eval'd: drake::cmq_buildtargetmetadepsspecht_is_subtargetconfig
2020-01-20 19:56:37.739718 | > DO_CALL (0.016s wait)
.2020-01-20 19:56:38.084239 | eval'd: drake::cmq_buildtargetmetadepsspecht_is_subtargetconfig
2020-01-20 19:56:38.369405 | > DO_CALL (0.018s wait)
.2020-01-20 19:56:38.723275 | eval'd: drake::cmq_buildtargetmetadepsspecht_is_subtargetconfig
2020-01-20 19:56:38.824739 | > DO_CALL (0.017s wait)
.2020-01-20 19:56:39.180046 | eval'd: drake::cmq_buildtargetmetadepsspecht_is_subtargetconfig
2020-01-20 19:56:39.312168 | > DO_CALL (0.011s wait)
.2020-01-20 19:56:40.416960 | eval'd: drake::cmq_buildtargetmetadepsspecht_is_subtargetconfig
2020-01-20 19:56:40.570446 | > DO_CALL (0.011s wait)
.2020-01-20 19:56:40.920514 | eval'd: drake::cmq_buildtargetmetadepsspecht_is_subtargetconfig
2020-01-20 19:56:41.011695 | > DO_CALL (0.012s wait)
.2020-01-20 19:56:41.352417 | eval'd: drake::cmq_buildtargetmetadepsspecht_is_subtargetconfig
2020-01-20 19:56:41.553195 | > DO_CALL (0.010s wait)
.2020-01-20 19:56:41.874399 | eval'd: drake::cmq_buildtargetmetadepsspecht_is_subtargetconfig
2020-01-20 19:56:42.027985 | > DO_CALL (0.011s wait)
.2020-01-20 19:56:42.356611 | eval'd: drake::cmq_buildtargetmetadepsspecht_is_subtargetconfig
2020-01-20 19:56:43.302984 | > DO_CALL (0.013s wait)
.2020-01-20 19:56:44.382526 | eval'd: drake::cmq_buildtargetmetadepsspecht_is_subtargetconfig
2020-01-20 19:56:44.466416 | > DO_CALL (0.007s wait)
.2020-01-20 19:56:44.785619 | eval'd: drake::cmq_buildtargetmetadepsspecht_is_subtargetconfig
2020-01-20 19:56:45.061865 | > DO_CALL (0.011s wait)
.2020-01-20 19:56:45.401654 | eval'd: drake::cmq_buildtargetmetadepsspecht_is_subtargetconfig
2020-01-20 19:56:45.520867 | > DO_CALL (0.007s wait)
.2020-01-20 19:56:45.844232 | eval'd: drake::cmq_buildtargetmetadepsspecht_is_subtargetconfig
2020-01-20 19:56:45.948400 | > DO_CALL (0.010s wait)
.2020-01-20 19:56:46.977144 | eval'd: drake::cmq_buildtargetmetadepsspecht_is_subtargetconfig
2020-01-20 19:56:47.069576 | > DO_CALL (0.015s wait)
.2020-01-20 19:56:47.422119 | eval'd: drake::cmq_buildtargetmetadepsspecht_is_subtargetconfig
2020-01-20 19:56:48.154193 | > DO_CALL (0.006s wait)
.2020-01-20 19:56:48.468684 | eval'd: drake::cmq_buildtargetmetadepsspecht_is_subtargetconfig
2020-01-20 19:56:48.871510 | > DO_CALL (0.009s wait)
.2020-01-20 19:56:49.188193 | eval'd: drake::cmq_buildtargetmetadepsspecht_is_subtargetconfig
2020-01-20 19:56:49.687669 | > DO_CALL (0.014s wait)
.2020-01-20 19:56:50.024506 | eval'd: drake::cmq_buildtargetmetadepsspecht_is_subtargetconfig
2020-01-20 19:56:50.335405 | > DO_CALL (0.009s wait)
.2020-01-20 19:56:51.439321 | eval'd: drake::cmq_buildtargetmetadepsspecht_is_subtargetconfig
2020-01-20 19:56:51.520726 | > DO_CALL (0.005s wait)
.2020-01-20 19:56:51.832791 | eval'd: drake::cmq_buildtargetmetadepsspecht_is_subtargetconfig
2020-01-20 19:56:52.276343 | > DO_CALL (0.011s wait)
.2020-01-20 19:56:52.608774 | eval'd: drake::cmq_buildtargetmetadepsspecht_is_subtargetconfig
2020-01-20 19:56:53.626297 | > DO_CALL (0.020s wait)
.2020-01-20 19:56:53.984847 | eval'd: drake::cmq_buildtargetmetadepsspecht_is_subtargetconfig
2020-01-20 19:56:54.232389 | > DO_CALL (0.013s wait)
.2020-01-20 19:56:55.285779 | eval'd: drake::cmq_buildtargetmetadepsspecht_is_subtargetconfig
2020-01-20 19:56:55.383829 | > DO_CALL (0.011s wait)
.2020-01-20 19:56:55.724828 | eval'd: drake::cmq_buildtargetmetadepsspecht_is_subtargetconfig
2020-01-20 19:56:55.866961 | > DO_CALL (0.006s wait)
.2020-01-20 19:56:56.182925 | eval'd: drake::cmq_buildtargetmetadepsspecht_is_subtargetconfig
2020-01-20 19:56:56.576914 | > DO_CALL (0.013s wait)
.2020-01-20 19:56:56.921331 | eval'd: drake::cmq_buildtargetmetadepsspecht_is_subtargetconfig
2020-01-20 19:56:57.313586 | > DO_CALL (0.015s wait)
.2020-01-20 19:56:57.658934 | eval'd: drake::cmq_buildtargetmetadepsspecht_is_subtargetconfig
2020-01-20 19:56:58.525947 | > DO_CALL (0.000s wait)
.2020-01-20 19:56:59.251504 | eval'd: drake::cmq_buildtargetmetadepsspecht_is_subtargetconfig
2020-01-20 19:56:59.411845 | > DO_CALL (0.017s wait)
.2020-01-20 19:56:59.761351 | eval'd: drake::cmq_buildtargetmetadepsspecht_is_subtargetconfig
2020-01-20 19:56:59.861704 | > DO_CALL (0.017s wait)
.2020-01-20 19:57:00.211822 | eval'd: drake::cmq_buildtargetmetadepsspecht_is_subtargetconfig
2020-01-20 19:57:00.490441 | > DO_CALL (0.014s wait)
.2020-01-20 19:57:00.829415 | eval'd: drake::cmq_buildtargetmetadepsspecht_is_subtargetconfig
2020-01-20 19:57:01.116319 | > DO_CALL (0.010s wait)
.2020-01-20 19:57:01.443884 | eval'd: drake::cmq_buildtargetmetadepsspecht_is_subtargetconfig
2020-01-20 19:57:01.806994 | > DO_CALL (0.017s wait)
.2020-01-20 19:57:02.799512 | eval'd: drake::cmq_buildtargetmetadepsspecht_is_subtargetconfig
2020-01-20 19:57:03.683668 | > DO_CALL (0.009s wait)
.2020-01-20 19:57:04.018018 | eval'd: drake::cmq_buildtargetmetadepsspecht_is_subtargetconfig
2020-01-20 19:57:04.322272 | > DO_CALL (0.011s wait)
.2020-01-20 19:57:04.682591 | eval'd: drake::cmq_buildtargetmetadepsspecht_is_subtargetconfig
2020-01-20 19:57:04.876176 | > DO_CALL (0.013s wait)
.2020-01-20 19:57:05.240957 | eval'd: drake::cmq_buildtargetmetadepsspecht_is_subtargetconfig
2020-01-20 19:57:05.427109 | > DO_CALL (0.010s wait)
.2020-01-20 19:57:06.429280 | eval'd: drake::cmq_buildtargetmetadepsspecht_is_subtargetconfig
2020-01-20 19:57:06.647406 | > DO_CALL (0.016s wait)
.2020-01-20 19:57:07.012531 | eval'd: drake::cmq_buildtargetmetadepsspecht_is_subtargetconfig
2020-01-20 19:57:07.127987 | > DO_CALL (0.007s wait)
.2020-01-20 19:57:07.442438 | eval'd: drake::cmq_buildtargetmetadepsspecht_is_subtargetconfig
2020-01-20 19:57:08.594558 | > DO_CALL (0.003s wait)
.2020-01-20 19:57:08.854857 | eval'd: drake::cmq_buildtargetmetadepsspecht_is_subtargetconfig
2020-01-20 19:57:09.405462 | > DO_CALL (0.010s wait)
.
2020-01-20 19:57:09.732079 | eval'd: drake::cmq_buildtargetmetadepsspecht_is_subtargetconfig
2020-01-20 19:57:10.214478 | > DO_CALL (0.015s wait)
.2020-01-20 19:57:11.218305 | eval'd: drake::cmq_buildtargetmetadepsspecht_is_subtargetconfig
2020-01-20 19:57:11.382346 | > DO_CALL (0.020s wait)
.2020-01-20 19:57:11.758568 | eval'd: drake::cmq_buildtargetmetadepsspecht_is_subtargetconfig
2020-01-20 19:57:11.979016 | > DO_CALL (0.006s wait)
.2020-01-20 19:57:12.319087 | eval'd: drake::cmq_buildtargetmetadepsspecht_is_subtargetconfig
2020-01-20 19:57:13.360397 | > DO_CALL (0.002s wait)
.2020-01-20 19:57:13.524289 | eval'd: drake::cmq_buildtargetmetadepsspecht_is_subtargetconfig
2020-01-20 19:57:14.186214 | > DO_CALL (0.010s wait)
.2020-01-20 19:57:14.528196 | eval'd: drake::cmq_buildtargetmetadepsspecht_is_subtargetconfig
2020-01-20 19:57:14.949104 | > DO_CALL (0.013s wait)
.2020-01-20 19:57:16.011873 | eval'd: drake::cmq_buildtargetmetadepsspecht_is_subtargetconfig
2020-01-20 19:57:16.167167 | > DO_CALL (0.001s wait)
.2020-01-20 19:57:16.251458 | eval'd: drake::cmq_buildtargetmetadepsspecht_is_subtargetconfig
2020-01-20 19:57:16.335637 | > DO_CALL (0.007s wait)
.2020-01-20 19:57:16.659979 | eval'd: drake::cmq_buildtargetmetadepsspecht_is_subtargetconfig
2020-01-20 19:57:17.142528 | > DO_CALL (0.011s wait)
.2020-01-20 19:57:17.482060 | eval'd: drake::cmq_buildtargetmetadepsspecht_is_subtargetconfig
2020-01-20 19:57:18.671410 | > DO_CALL (0.018s wait)
.2020-01-20 19:57:19.019293 | eval'd: drake::cmq_buildtargetmetadepsspecht_is_subtargetconfig
2020-01-20 19:57:19.399841 | > DO_CALL (0.016s wait)
.2020-01-20 19:57:20.462171 | eval'd: drake::cmq_buildtargetmetadepsspecht_is_subtargetconfig
2020-01-20 19:57:20.623861 | > DO_CALL (0.009s wait)
.2020-01-20 19:57:20.958126 | eval'd: drake::cmq_buildtargetmetadepsspecht_is_subtargetconfig
2020-01-20 19:57:21.137238 | > DO_CALL (0.016s wait)
.2020-01-20 19:57:21.491943 | eval'd: drake::cmq_buildtargetmetadepsspecht_is_subtargetconfig
2020-01-20 19:57:21.701828 | > DO_CALL (0.010s wait)
.2020-01-20 19:57:22.045006 | eval'd: drake::cmq_buildtargetmetadepsspecht_is_subtargetconfig
2020-01-20 19:57:22.374169 | > DO_CALL (0.011s wait)
.2020-01-20 19:57:23.318285 | eval'd: drake::cmq_buildtargetmetadepsspecht_is_subtargetconfig
2020-01-20 19:57:23.895408 | > DO_CALL (0.002s wait)
.2020-01-20 19:57:24.109566 | eval'd: drake::cmq_buildtargetmetadepsspecht_is_subtargetconfig
2020-01-20 19:57:24.708748 | > DO_CALL (0.009s wait)
.2020-01-20 19:57:25.031986 | eval'd: drake::cmq_buildtargetmetadepsspecht_is_subtargetconfig
2020-01-20 19:57:25.345010 | > DO_CALL (0.013s wait)
.2020-01-20 19:57:25.687201 | eval'd: drake::cmq_buildtargetmetadepsspecht_is_subtargetconfig
2020-01-20 19:57:25.842911 | > DO_CALL (0.011s wait)
.2020-01-20 19:57:26.181272 | eval'd: drake::cmq_buildtargetmetadepsspecht_is_subtargetconfig
2020-01-20 19:57:26.640762 | > DO_CALL (0.004s wait)
.2020-01-20 19:57:27.583911 | eval'd: drake::cmq_buildtargetmetadepsspecht_is_subtargetconfig
2020-01-20 19:57:28.102448 | > DO_CALL (0.004s wait)
.2020-01-20 19:57:28.387645 | eval'd: drake::cmq_buildtargetmetadepsspecht_is_subtargetconfig
2020-01-20 19:57:28.938499 | > DO_CALL (0.010s wait)
.2020-01-20 19:57:29.268177 | eval'd: drake::cmq_buildtargetmetadepsspecht_is_subtargetconfig
2020-01-20 19:57:29.785345 | > DO_CALL (0.011s wait)
.2020-01-20 19:57:30.127704 | eval'd: drake::cmq_buildtargetmetadepsspecht_is_subtargetconfig
2020-01-20 19:57:30.480661 | > DO_CALL (0.010s wait)
.2020-01-20 19:57:30.812063 | eval'd: drake::cmq_buildtargetmetadepsspecht_is_subtargetconfig
2020-01-20 19:57:31.066857 | > DO_CALL (0.000s wait)
.2020-01-20 19:57:31.079495 | eval'd: drake::cmq_buildtargetmetadepsspecht_is_subtargetconfig
2020-01-20 19:57:31.954315 | > DO_CALL (0.016s wait)
.2020-01-20 19:57:32.935225 | eval'd: drake::cmq_buildtargetmetadepsspecht_is_subtargetconfig
2020-01-20 19:57:33.352954 | > DO_CALL (0.007s wait)
.2020-01-20 19:57:33.672441 | eval'd: drake::cmq_buildtargetmetadepsspecht_is_subtargetconfig
2020-01-20 19:57:34.231767 | > DO_CALL (0.008s wait)
.2020-01-20 19:57:34.550639 | eval'd: drake::cmq_buildtargetmetadepsspecht_is_subtargetconfig
2020-01-20 19:57:35.074072 | > DO_CALL (0.011s wait)
.2020-01-20 19:57:35.416412 | eval'd: drake::cmq_buildtargetmetadepsspecht_is_subtargetconfig
2020-01-20 19:57:35.526270 | > DO_CALL (0.015s wait)
.2020-01-20 19:57:36.530421 | eval'd: drake::cmq_buildtargetmetadepsspecht_is_subtargetconfig
2020-01-20 19:57:36.723845 | > DO_CALL (0.010s wait)
.2020-01-20 19:57:37.055742 | eval'd: drake::cmq_buildtargetmetadepsspecht_is_subtargetconfig
2020-01-20 19:57:38.011740 | > DO_CALL (0.014s wait)
.2020-01-20 19:57:38.355106 | eval'd: drake::cmq_buildtargetmetadepsspecht_is_subtargetconfig
2020-01-20 19:57:38.818548 | > DO_CALL (0.014s wait)
.2020-01-20 19:57:39.157417 | eval'd: drake::cmq_buildtargetmetadepsspecht_is_subtargetconfig
2020-01-20 19:57:39.593680 | > DO_CALL (0.010s wait)
.2020-01-20 19:57:39.926139 | eval'd: drake::cmq_buildtargetmetadepsspecht_is_subtargetconfig
2020-01-20 19:57:40.065682 | > DO_CALL (0.008s wait)
.2020-01-20 19:57:41.057633 | eval'd: drake::cmq_buildtargetmetadepsspecht_is_subtargetconfig
2020-01-20 19:57:41.244488 | > DO_CALL (0.010s wait)
.2020-01-20 19:57:41.575928 | eval'd: drake::cmq_buildtargetmetadepsspecht_is_subtargetconfig
2020-01-20 19:57:41.785827 | > DO_CALL (0.015s wait)
.2020-01-20 19:57:42.134359 | eval'd: drake::cmq_buildtargetmetadepsspecht_is_subtargetconfig
2020-01-20 19:57:42.953756 | > DO_CALL (0.011s wait)
.2020-01-20 19:57:43.288744 | eval'd: drake::cmq_buildtargetmetadepsspecht_is_subtargetconfig
2020-01-20 19:57:43.762684 | > DO_CALL (0.008s wait)
.2020-01-20 19:57:44.741612 | eval'd: drake::cmq_buildtargetmetadepsspecht_is_subtargetconfig
2020-01-20 19:57:45.497625 | > DO_CALL (0.010s wait)
.2020-01-20 19:57:45.825391 | eval'd: drake::cmq_buildtargetmetadepsspecht_is_subtargetconfig
2020-01-20 19:57:45.944546 | > DO_CALL (0.014s wait)
.2020-01-20 19:57:46.295611 | eval'd: drake::cmq_buildtargetmetadepsspecht_is_subtargetconfig
2020-01-20 19:57:46.515360 | > DO_CALL (0.001s wait)
.2020-01-20 19:57:46.579724 | eval'd: drake::cmq_buildtargetmetadepsspecht_is_subtargetconfig
2020-01-20 19:57:47.874042 | > DO_CALL (0.008s wait)
.2020-01-20 19:57:48.191656 | eval'd: drake::cmq_buildtargetmetadepsspecht_is_subtargetconfig
2020-01-20 19:57:48.671453 | > DO_CALL (0.003s wait)
.2020-01-20 19:57:49.592812 | eval'd: drake::cmq_buildtargetmetadepsspecht_is_subtargetconfig
2020-01-20 19:57:49.916749 | > DO_CALL (0.015s wait)
.2020-01-20 19:57:50.264288 | eval'd: drake::cmq_buildtargetmetadepsspecht_is_subtargetconfig
2020-01-20 19:57:50.586184 | > DO_CALL (0.010s wait)
.2020-01-20 19:57:50.923220 | eval'd: drake::cmq_buildtargetmetadepsspecht_is_subtargetconfig
2020-01-20 19:57:51.134868 | > DO_CALL (0.007s wait)
.2020-01-20 19:57:51.459538 | eval'd: drake::cmq_buildtargetmetadepsspecht_is_subtargetconfig
2020-01-20 19:57:52.446639 | > DO_CALL (0.004s wait)
.2020-01-20 19:57:52.765368 | eval'd: drake::cmq_buildtargetmetadepsspecht_is_subtargetconfig
2020-01-20 19:57:53.283638 | > DO_CALL (0.016s wait)
.2020-01-20 19:57:54.262547 | eval'd: drake::cmq_buildtargetmetadepsspecht_is_subtargetconfig
2020-01-20 19:57:54.566188 | > DO_CALL (0.004s wait)
.2020-01-20 19:57:54.873897 | eval'd: drake::cmq_buildtargetmetadepsspecht_is_subtargetconfig
2020-01-20 19:57:55.147707 | > DO_CALL (0.005s wait)
.2020-01-20 19:57:55.461450 | eval'd: drake::cmq_buildtargetmetadepsspecht_is_subtargetconfig
2020-01-20 19:57:55.635906 | > DO_CALL (0.013s wait)
.2020-01-20 19:57:55.978015 | eval'd: drake::cmq_buildtargetmetadepsspecht_is_subtargetconfig
2020-01-20 19:57:57.047474 | > DO_CALL (0.003s wait)
.2020-01-20 19:57:57.855935 | eval'd: drake::cmq_buildtargetmetadepsspecht_is_subtargetconfig
2020-01-20 19:57:58.207219 | > DO_CALL (0.017s wait)
.2020-01-20 19:57:58.552031 | eval'd: drake::cmq_buildtargetmetadepsspecht_is_subtargetconfig
2020-01-20 19:57:59.000054 | > DO_CALL (0.006s wait)
.2020-01-20 19:57:59.321490 | eval'd: drake::cmq_buildtargetmetadepsspecht_is_subtargetconfig
2020-01-20 19:57:59.513693 | > DO_CALL (0.004s wait)
.2020-01-20 19:57:59.826288 | eval'd: drake::cmq_buildtargetmetadepsspecht_is_subtargetconfig
2020-01-20 19:58:00.131299 | > DO_CALL (0.024s wait)
.2020-01-20 19:58:00.501221 | eval'd: drake::cmq_buildtargetmetadepsspecht_is_subtargetconfig
2020-01-20 19:58:00.765441 | > DO_CALL (0.012s wait)
.2020-01-20 19:58:01.758111 | eval'd: drake::cmq_buildtargetmetadepsspecht_is_subtargetconfig
2020-01-20 19:58:02.261401 | > DO_CALL (0.013s wait)
.2020-01-20 19:58:02.603865 | eval'd: drake::cmq_buildtargetmetadepsspecht_is_subtargetconfig
2020-01-20 19:58:03.068141 | > DO_CALL (0.016s wait)
.2020-01-20 19:58:03.412361 | eval'd: drake::cmq_buildtargetmetadepsspecht_is_subtargetconfig
2020-01-20 19:58:03.825112 | > DO_CALL (0.004s wait)
.2020-01-20 19:58:04.130200 | eval'd: drake::cmq_buildtargetmetadepsspecht_is_subtargetconfig
2020-01-20 19:58:04.540986 | > DO_CALL (0.009s wait)
.2020-01-20 19:58:05.581875 | eval'd: drake::cmq_buildtargetmetadepsspecht_is_subtargetconfig
2020-01-20 19:58:05.842570 | > DO_CALL (0.009s wait)
.2020-01-20 19:58:06.170742 | eval'd: drake::cmq_buildtargetmetadepsspecht_is_subtargetconfig
2020-01-20 19:58:07.176001 | > DO_CALL (0.010s wait)
.2020-01-20 19:58:07.500792 | eval'd: drake::cmq_buildtargetmetadepsspecht_is_subtargetconfig
2020-01-20 19:58:07.999148 | > DO_CALL (0.011s wait)
.2020-01-20 19:58:08.333883 | eval'd: drake::cmq_buildtargetmetadepsspecht_is_subtargetconfig
2020-01-20 19:58:08.402084 | > DO_CALL (0.006s wait)
.2020-01-20 19:58:08.721121 | eval'd: drake::cmq_buildtargetmetadepsspecht_is_subtargetconfig
2020-01-20 19:58:09.257997 | > DO_CALL (0.008s wait)
.2020-01-20 19:58:10.354314 | eval'd: drake::cmq_buildtargetmetadepsspecht_is_subtargetconfig
2020-01-20 19:58:10.537119 | > DO_CALL (0.020s wait)
.2020-01-20 19:58:10.888199 | eval'd: drake::cmq_buildtargetmetadepsspecht_is_subtargetconfig
2020-01-20 19:58:11.890213 | > DO_CALL (0.000s wait)
.2020-01-20 19:58:11.899079 | eval'd: drake::cmq_buildtargetmetadepsspecht_is_subtargetconfig
2020-01-20 19:58:12.683714 | > DO_CALL (0.014s wait)
.2020-01-20 19:58:13.027050 | eval'd: drake::cmq_buildtargetmetadepsspecht_is_subtargetconfig
2020-01-20 19:58:13.313113 | > DO_CALL (0.007s wait)
.2020-01-20 19:58:13.635157 | eval'd: drake::cmq_buildtargetmetadepsspecht_is_subtargetconfig
2020-01-20 19:58:14.086028 | > DO_CALL (0.009s wait)
.2020-01-20 19:58:15.059442 | eval'd: drake::cmq_buildtargetmetadepsspecht_is_subtargetconfig
2020-01-20 19:58:15.381620 | > DO_CALL (0.012s wait)
.2020-01-20 19:58:15.725301 | eval'd: drake::cmq_buildtargetmetadepsspecht_is_subtargetconfig
2020-01-20 19:58:16.694555 | > DO_CALL (0.016s wait)
.2020-01-20 19:58:17.042270 | eval'd: drake::cmq_buildtargetmetadepsspecht_is_subtargetconfig
2020-01-20 19:58:17.515519 | > DO_CALL (0.018s wait)
.2020-01-20 19:58:17.863521 | eval'd: drake::cmq_buildtargetmetadepsspecht_is_subtargetconfig
2020-01-20 19:58:18.059758 | > DO_CALL (0.011s wait)
.2020-01-20 19:58:18.403766 | eval'd: drake::cmq_buildtargetmetadepsspecht_is_subtargetconfig
2020-01-20 19:58:18.801711 | > DO_CALL (0.015s wait)
.2020-01-20 19:58:19.929421 | eval'd: drake::cmq_buildtargetmetadepsspecht_is_subtargetconfig
2020-01-20 19:58:20.169934 | > DO_CALL (0.017s wait)
.2020-01-20 19:58:20.523327 | eval'd: drake::cmq_buildtargetmetadepsspecht_is_subtargetconfig
2020-01-20 19:58:21.408653 | > DO_CALL (0.012s wait)
.
2020-01-20 19:58:21.732501 | eval'd: drake::cmq_buildtargetmetadepsspecht_is_subtargetconfig
2020-01-20 19:58:22.253810 | > DO_CALL (0.020s wait)
.2020-01-20 19:58:22.609393 | eval'd: drake::cmq_buildtargetmetadepsspecht_is_subtargetconfig
2020-01-20 19:58:22.959195 | > DO_CALL (0.020s wait)
.2020-01-20 19:58:24.112481 | eval'd: drake::cmq_buildtargetmetadepsspecht_is_subtargetconfig
2020-01-20 19:58:24.668747 | > DO_CALL (0.012s wait)
.2020-01-20 19:58:25.036326 | eval'd: drake::cmq_buildtargetmetadepsspecht_is_subtargetconfig
2020-01-20 19:58:25.129033 | > DO_CALL (0.009s wait)
.2020-01-20 19:58:25.481204 | eval'd: drake::cmq_buildtargetmetadepsspecht_is_subtargetconfig
2020-01-20 19:58:25.654231 | > DO_CALL (0.010s wait)
.2020-01-20 19:58:26.005900 | eval'd: drake::cmq_buildtargetmetadepsspecht_is_subtargetconfig
2020-01-20 19:58:27.129527 | > DO_CALL (0.009s wait)
.2020-01-20 19:58:27.474777 | eval'd: drake::cmq_buildtargetmetadepsspecht_is_subtargetconfig
2020-01-20 19:58:27.910659 | > DO_CALL (0.003s wait)
.2020-01-20 19:58:28.810812 | eval'd: drake::cmq_buildtargetmetadepsspecht_is_subtargetconfig
2020-01-20 19:58:29.293710 | > DO_CALL (0.010s wait)
.2020-01-20 19:58:29.624647 | eval'd: drake::cmq_buildtargetmetadepsspecht_is_subtargetconfig
2020-01-20 19:58:29.843548 | > DO_CALL (0.010s wait)
.2020-01-20 19:58:30.171385 | eval'd: drake::cmq_buildtargetmetadepsspecht_is_subtargetconfig
2020-01-20 19:58:30.317593 | > DO_CALL (0.016s wait)
.2020-01-20 19:58:30.670068 | eval'd: drake::cmq_buildtargetmetadepsspecht_is_subtargetconfig
2020-01-20 19:58:31.365446 | > DO_CALL (0.016s wait)
.2020-01-20 19:58:32.375088 | eval'd: drake::cmq_buildtargetmetadepsspecht_is_subtargetconfig
2020-01-20 19:58:32.601530 | > DO_CALL (0.016s wait)
.2020-01-20 19:58:32.944927 | eval'd: drake::cmq_buildtargetmetadepsspecht_is_subtargetconfig
2020-01-20 19:58:33.386434 | > DO_CALL (0.015s wait)
.2020-01-20 19:58:33.727889 | eval'd: drake::cmq_buildtargetmetadepsspecht_is_subtargetconfig
2020-01-20 19:58:33.827330 | > DO_CALL (0.009s wait)
.2020-01-20 19:58:34.148863 | eval'd: drake::cmq_buildtargetmetadepsspecht_is_subtargetconfig
2020-01-20 19:58:34.616806 | > DO_CALL (0.008s wait)
.2020-01-20 19:58:34.937916 | eval'd: drake::cmq_buildtargetmetadepsspecht_is_subtargetconfig
2020-01-20 19:58:35.022668 | > DO_CALL (0.017s wait)
.2020-01-20 19:58:36.049650 | eval'd: drake::cmq_buildtargetmetadepsspecht_is_subtargetconfig
2020-01-20 19:58:36.804419 | > DO_CALL (0.005s wait)
.2020-01-20 19:58:37.117219 | eval'd: drake::cmq_buildtargetmetadepsspecht_is_subtargetconfig
2020-01-20 19:58:37.662152 | > DO_CALL (0.007s wait)
.2020-01-20 19:58:37.977541 | eval'd: drake::cmq_buildtargetmetadepsspecht_is_subtargetconfig
2020-01-20 19:58:38.065468 | > DO_CALL (0.012s wait)
.2020-01-20 19:58:38.404351 | eval'd: drake::cmq_buildtargetmetadepsspecht_is_subtargetconfig
2020-01-20 19:58:38.827165 | > DO_CALL (0.006s wait)
.2020-01-20 19:58:39.898417 | eval'd: drake::cmq_buildtargetmetadepsspecht_is_subtargetconfig
2020-01-20 19:58:40.002743 | > DO_CALL (0.015s wait)
.2020-01-20 19:58:40.351205 | eval'd: drake::cmq_buildtargetmetadepsspecht_is_subtargetconfig
2020-01-20 19:58:41.372209 | > DO_CALL (0.013s wait)
.2020-01-20 19:58:41.713578 | eval'd: drake::cmq_buildtargetmetadepsspecht_is_subtargetconfig
2020-01-20 19:58:42.150423 | > DO_CALL (0.019s wait)
.2020-01-20 19:58:42.493713 | eval'd: drake::cmq_buildtargetmetadepsspecht_is_subtargetconfig
2020-01-20 19:58:42.949420 | > DO_CALL (0.010s wait)
.2020-01-20 19:58:43.966652 | eval'd: drake::cmq_buildtargetmetadepsspecht_is_subtargetconfig
2020-01-20 19:58:44.049493 | > DO_CALL (0.003s wait)
.2020-01-20 19:58:44.277285 | eval'd: drake::cmq_buildtargetmetadepsspecht_is_subtargetconfig
2020-01-20 19:58:44.820507 | > DO_CALL (0.015s wait)
.2020-01-20 19:58:45.169817 | eval'd: drake::cmq_buildtargetmetadepsspecht_is_subtargetconfig
2020-01-20 19:58:46.273427 | > DO_CALL (0.015s wait)
.2020-01-20 19:58:46.617413 | eval'd: drake::cmq_buildtargetmetadepsspecht_is_subtargetconfig
2020-01-20 19:58:47.045572 | > DO_CALL (0.019s wait)
.2020-01-20 19:58:47.396003 | eval'd: drake::cmq_buildtargetmetadepsspecht_is_subtargetconfig
2020-01-20 19:58:47.780844 | > DO_CALL (0.008s wait)
.2020-01-20 19:58:48.900201 | eval'd: drake::cmq_buildtargetmetadepsspecht_is_subtargetconfig
2020-01-20 19:58:49.007325 | > DO_CALL (0.013s wait)
.2020-01-20 19:58:49.352628 | eval'd: drake::cmq_buildtargetmetadepsspecht_is_subtargetconfig
2020-01-20 19:58:49.507554 | > DO_CALL (0.019s wait)
.2020-01-20 19:58:49.862287 | eval'd: drake::cmq_buildtargetmetadepsspecht_is_subtargetconfig
2020-01-20 19:58:51.002154 | > DO_CALL (0.029s wait)
.2020-01-20 19:58:51.367555 | eval'd: drake::cmq_buildtargetmetadepsspecht_is_subtargetconfig
2020-01-20 19:58:51.764064 | > DO_CALL (0.010s wait)
.2020-01-20 19:58:52.089979 | eval'd: drake::cmq_buildtargetmetadepsspecht_is_subtargetconfig
2020-01-20 19:58:52.488791 | > DO_CALL (0.012s wait)
.2020-01-20 19:58:53.566134 | eval'd: drake::cmq_buildtargetmetadepsspecht_is_subtargetconfig
2020-01-20 19:58:54.184147 | > DO_CALL (0.012s wait)
.2020-01-20 19:58:54.522822 | eval'd: drake::cmq_buildtargetmetadepsspecht_is_subtargetconfig
2020-01-20 19:58:55.337225 | > DO_CALL (0.014s wait)
.2020-01-20 19:58:55.679189 | eval'd: drake::cmq_buildtargetmetadepsspecht_is_subtargetconfig
2020-01-20 19:58:56.091665 | > DO_CALL (0.019s wait)
.2020-01-20 19:58:56.453941 | eval'd: drake::cmq_buildtargetmetadepsspecht_is_subtargetconfig
2020-01-20 19:58:56.846374 | > DO_CALL (0.011s wait)
.2020-01-20 19:58:57.954056 | eval'd: drake::cmq_buildtargetmetadepsspecht_is_subtargetconfig
2020-01-20 19:58:58.153857 | > DO_CALL (0.009s wait)
.2020-01-20 19:58:58.501174 | eval'd: drake::cmq_buildtargetmetadepsspecht_is_subtargetconfig
2020-01-20 19:58:58.693445 | > DO_CALL (0.010s wait)
.2020-01-20 19:58:59.033335 | eval'd: drake::cmq_buildtargetmetadepsspecht_is_subtargetconfig
2020-01-20 19:59:00.059175 | > DO_CALL (0.015s wait)
.2020-01-20 19:59:00.400494 | eval'd: drake::cmq_buildtargetmetadepsspecht_is_subtargetconfig
2020-01-20 19:59:00.851696 | > DO_CALL (0.015s wait)
.2020-01-20 19:59:01.845851 | eval'd: drake::cmq_buildtargetmetadepsspecht_is_subtargetconfig
2020-01-20 19:59:02.123887 | > DO_CALL (0.012s wait)
.2020-01-20 19:59:02.467450 | eval'd: drake::cmq_buildtargetmetadepsspecht_is_subtargetconfig
2020-01-20 19:59:02.616133 | > DO_CALL (0.012s wait)
.2020-01-20 19:59:02.954269 | eval'd: drake::cmq_buildtargetmetadepsspecht_is_subtargetconfig
2020-01-20 19:59:03.245921 | > DO_CALL (0.020s wait)
.2020-01-20 19:59:03.611333 | eval'd: drake::cmq_buildtargetmetadepsspecht_is_subtargetconfig
2020-01-20 19:59:04.664583 | > DO_CALL (0.011s wait)
.2020-01-20 19:59:05.013819 | eval'd: drake::cmq_buildtargetmetadepsspecht_is_subtargetconfig
2020-01-20 19:59:05.469517 | > DO_CALL (0.004s wait)
.2020-01-20 19:59:06.494330 | eval'd: drake::cmq_buildtargetmetadepsspecht_is_subtargetconfig
2020-01-20 19:59:06.665117 | > DO_CALL (0.001s wait)
.2020-01-20 19:59:06.674200 | eval'd: drake::cmq_buildtargetmetadepsspecht_is_subtargetconfig
2020-01-20 19:59:07.348854 | > DO_CALL (0.015s wait)
.2020-01-20 19:59:07.710321 | eval'd: drake::cmq_buildtargetmetadepsspecht_is_subtargetconfig
2020-01-20 19:59:07.991599 | > DO_CALL (0.013s wait)
.2020-01-20 19:59:08.355774 | eval'd: drake::cmq_buildtargetmetadepsspecht_is_subtargetconfig
2020-01-20 19:59:09.236669 | > DO_CALL (0.012s wait)
.2020-01-20 19:59:09.577126 | eval'd: drake::cmq_buildtargetmetadepsspecht_is_subtargetconfig
2020-01-20 19:59:09.663851 | > DO_CALL (0.010s wait)
.2020-01-20 19:59:10.630827 | eval'd: drake::cmq_buildtargetmetadepsspecht_is_subtargetconfig
2020-01-20 19:59:10.720808 | > DO_CALL (0.005s wait)
.2020-01-20 19:59:11.036330 | eval'd: drake::cmq_buildtargetmetadepsspecht_is_subtargetconfig
2020-01-20 19:59:11.369102 | > DO_CALL (0.014s wait)
.2020-01-20 19:59:11.709436 | eval'd: drake::cmq_buildtargetmetadepsspecht_is_subtargetconfig
2020-01-20 19:59:12.041039 | > DO_CALL (0.001s wait)
.2020-01-20 19:59:12.046539 | eval'd: drake::cmq_buildtargetmetadepsspecht_is_subtargetconfig
2020-01-20 19:59:12.550886 | > DO_CALL (0.000s wait)
..2020-01-20 19:59:15.066996 | eval'd: drake::cmq_buildtargetmetadepsspecht_is_subtargetconfig
2020-01-20 19:59:15.114703 | > DO_CALL (0.001s wait)
2020-01-20 19:59:15.120673 | eval'd: drake::cmq_buildtargetmetadepsspecht_is_subtargetconfig
2020-01-20 19:59:15.165782 | > DO_CALL (0.001s wait)
.2020-01-20 19:59:15.171853 | eval'd: drake::cmq_buildtargetmetadepsspecht_is_subtargetconfig
2020-01-20 19:59:15.219288 | > DO_CALL (0.001s wait)
2020-01-20 19:59:15.225195 | eval'd: drake::cmq_buildtargetmetadepsspecht_is_subtargetconfig
2020-01-20 19:59:15.272699 | > DO_CALL (0.001s wait)
.2020-01-20 19:59:15.278618 | eval'd: drake::cmq_buildtargetmetadepsspecht_is_subtargetconfig
2020-01-20 19:59:15.324984 | > DO_CALL (0.001s wait)
2020-01-20 19:59:15.330955 | eval'd: drake::cmq_buildtargetmetadepsspecht_is_subtargetconfig
2020-01-20 19:59:15.376106 | > DO_CALL (0.001s wait)
.2020-01-20 19:59:15.381969 | eval'd: drake::cmq_buildtargetmetadepsspecht_is_subtargetconfig
2020-01-20 19:59:15.428161 | > DO_CALL (0.001s wait)
2020-01-20 19:59:15.434110 | eval'd: drake::cmq_buildtargetmetadepsspecht_is_subtargetconfig
2020-01-20 19:59:15.478883 | > DO_CALL (0.000s wait)
.2020-01-20 19:59:15.484810 | eval'd: drake::cmq_buildtargetmetadepsspecht_is_subtargetconfig
2020-01-20 19:59:15.529490 | > DO_CALL (0.001s wait)
2020-01-20 19:59:15.535319 | eval'd: drake::cmq_buildtargetmetadepsspecht_is_subtargetconfig
2020-01-20 19:59:15.584179 | > DO_CALL (0.001s wait)
.2020-01-20 19:59:15.590005 | eval'd: drake::cmq_buildtargetmetadepsspecht_is_subtargetconfig
2020-01-20 19:59:15.633661 | > DO_CALL (0.001s wait)
2020-01-20 19:59:15.639639 | eval'd: drake::cmq_buildtargetmetadepsspecht_is_subtargetconfig
2020-01-20 19:59:15.715945 | > DO_CALL (0.014s wait)
.2020-01-20 19:59:16.065869 | eval'd: drake::cmq_buildtargetmetadepsspecht_is_subtargetconfig
2020-01-20 19:59:16.262861 | > DO_CALL (0.000s wait)
.2020-01-20 19:59:16.268476 | eval'd: drake::cmq_buildtargetmetadepsspecht_is_subtargetconfig
2020-01-20 19:59:16.604930 | > DO_CALL (0.000s wait)
.2020-01-20 19:59:16.610334 | eval'd: drake::cmq_buildtargetmetadepsspecht_is_subtargetconfig
2020-01-20 19:59:17.088308 | > DO_CALL (0.001s wait)
.2020-01-20 19:59:17.093685 | eval'd: drake::cmq_buildtargetmetadepsspecht_is_subtargetconfig
2020-01-20 19:59:18.305645 | > DO_CALL (0.001s wait)
.2020-01-20 19:59:18.311092 | eval'd: drake::cmq_buildtargetmetadepsspecht_is_subtargetconfig
2020-01-20 19:59:18.898524 | > DO_CALL (0.001s wait)
.2020-01-20 19:59:18.904020 | eval'd: drake::cmq_buildtargetmetadepsspecht_is_subtargetconfig
2020-01-20 19:59:19.490293 | > DO_CALL (0.001s wait)
.2020-01-20 19:59:19.495640 | eval'd: drake::cmq_buildtargetmetadepsspecht_is_subtargetconfig
2020-01-20 19:59:20.075426 | > DO_CALL (0.001s wait)
.2020-01-20 19:59:20.080662 | eval'd: drake::cmq_buildtargetmetadepsspecht_is_subtargetconfig
2020-01-20 19:59:20.670413 | > DO_CALL (0.001s wait)
.2020-01-20 19:59:20.675850 | eval'd: drake::cmq_buildtargetmetadepsspecht_is_subtargetconfig
2020-01-20 19:59:21.892037 | > DO_CALL (0.001s wait)
.2020-01-20 19:59:21.897404 | eval'd: drake::cmq_buildtargetmetadepsspecht_is_subtargetconfig
2020-01-20 19:59:22.521638 | > DO_CALL (0.000s wait)
.2020-01-20 19:59:22.526590 | eval'd: drake::cmq_buildtargetmetadepsspecht_is_subtargetconfig
2020-01-20 19:59:23.103074 | > DO_CALL (0.001s wait)
.2020-01-20 19:59:23.108368 | eval'd: drake::cmq_buildtargetmetadepsspecht_is_subtargetconfig
2020-01-20 19:59:23.689948 | > DO_CALL (0.000s wait)
.2020-01-20 19:59:23.695292 | eval'd: drake::cmq_buildtargetmetadepsspecht_is_subtargetconfig
2020-01-20 19:59:24.281921 | > DO_CALL (0.000s wait)
.2020-01-20 19:59:24.287277 | eval'd: drake::cmq_buildtargetmetadepsspecht_is_subtargetconfig
2020-01-20 19:59:25.503945 | > DO_CALL (0.000s wait)
.2020-01-20 19:59:25.509386 | eval'd: drake::cmq_buildtargetmetadepsspecht_is_subtargetconfig
2020-01-20 19:59:26.097365 | > DO_CALL (0.001s wait)
.2020-01-20 19:59:26.102760 | eval'd: drake::cmq_buildtargetmetadepsspecht_is_subtargetconfig
2020-01-20 19:59:26.685317 | > DO_CALL (0.001s wait)
.
2020-01-20 19:59:26.690761 | eval'd: drake::cmq_buildtargetmetadepsspecht_is_subtargetconfig
2020-01-20 19:59:27.263153 | > DO_CALL (0.001s wait)
.2020-01-20 19:59:27.268532 | eval'd: drake::cmq_buildtargetmetadepsspecht_is_subtargetconfig
2020-01-20 19:59:27.852724 | > DO_CALL (0.001s wait)
.2020-01-20 19:59:27.858107 | eval'd: drake::cmq_buildtargetmetadepsspecht_is_subtargetconfig
2020-01-20 19:59:29.099304 | > DO_CALL (0.001s wait)
.2020-01-20 19:59:29.104602 | eval'd: drake::cmq_buildtargetmetadepsspecht_is_subtargetconfig
2020-01-20 19:59:29.697581 | > DO_CALL (0.001s wait)
.2020-01-20 19:59:29.702855 | eval'd: drake::cmq_buildtargetmetadepsspecht_is_subtargetconfig
2020-01-20 19:59:30.286654 | > DO_CALL (0.001s wait)
.2020-01-20 19:59:30.292050 | eval'd: drake::cmq_buildtargetmetadepsspecht_is_subtargetconfig
2020-01-20 19:59:30.877083 | > DO_CALL (0.001s wait)
.2020-01-20 19:59:30.881138 | eval'd: drake::cmq_buildtargetmetadepsspecht_is_subtargetconfig
2020-01-20 19:59:31.478402 | > DO_CALL (0.001s wait)
.2020-01-20 19:59:31.483887 | eval'd: drake::cmq_buildtargetmetadepsspecht_is_subtargetconfig
2020-01-20 19:59:32.705414 | > DO_CALL (0.001s wait)
.2020-01-20 19:59:32.710807 | eval'd: drake::cmq_buildtargetmetadepsspecht_is_subtargetconfig
2020-01-20 19:59:33.306095 | > DO_CALL (0.001s wait)
.2020-01-20 19:59:33.311429 | eval'd: drake::cmq_buildtargetmetadepsspecht_is_subtargetconfig
2020-01-20 19:59:33.906432 | > DO_CALL (0.000s wait)
.2020-01-20 19:59:33.910366 | eval'd: drake::cmq_buildtargetmetadepsspecht_is_subtargetconfig
2020-01-20 19:59:34.511473 | > DO_CALL (0.001s wait)
.2020-01-20 19:59:34.516882 | eval'd: drake::cmq_buildtargetmetadepsspecht_is_subtargetconfig
2020-01-20 19:59:35.124545 | > DO_CALL (0.001s wait)
.2020-01-20 19:59:35.129951 | eval'd: drake::cmq_buildtargetmetadepsspecht_is_subtargetconfig
2020-01-20 19:59:36.348987 | > DO_CALL (0.001s wait)
.2020-01-20 19:59:36.354326 | eval'd: drake::cmq_buildtargetmetadepsspecht_is_subtargetconfig
2020-01-20 19:59:36.934491 | > DO_CALL (0.001s wait)
.2020-01-20 19:59:36.939876 | eval'd: drake::cmq_buildtargetmetadepsspecht_is_subtargetconfig
2020-01-20 19:59:37.559517 | > DO_CALL (0.001s wait)
.2020-01-20 19:59:37.564950 | eval'd: drake::cmq_buildtargetmetadepsspecht_is_subtargetconfig
2020-01-20 19:59:38.161038 | > DO_CALL (0.001s wait)
.2020-01-20 19:59:38.166342 | eval'd: drake::cmq_buildtargetmetadepsspecht_is_subtargetconfig
2020-01-20 19:59:38.754532 | > DO_CALL (0.001s wait)
.2020-01-20 19:59:38.759844 | eval'd: drake::cmq_buildtargetmetadepsspecht_is_subtargetconfig
2020-01-20 19:59:39.997565 | > DO_CALL (0.001s wait)
.2020-01-20 19:59:40.002981 | eval'd: drake::cmq_buildtargetmetadepsspecht_is_subtargetconfig
2020-01-20 19:59:40.589136 | > DO_CALL (0.001s wait)
.2020-01-20 19:59:40.594556 | eval'd: drake::cmq_buildtargetmetadepsspecht_is_subtargetconfig
2020-01-20 19:59:41.191173 | > DO_CALL (0.001s wait)
.2020-01-20 19:59:41.196510 | eval'd: drake::cmq_buildtargetmetadepsspecht_is_subtargetconfig
2020-01-20 19:59:41.776843 | > DO_CALL (0.001s wait)
.2020-01-20 19:59:41.782193 | eval'd: drake::cmq_buildtargetmetadepsspecht_is_subtargetconfig
2020-01-20 19:59:42.358523 | > DO_CALL (0.001s wait)
.2020-01-20 19:59:42.363978 | eval'd: drake::cmq_buildtargetmetadepsspecht_is_subtargetconfig
2020-01-20 19:59:43.581959 | > DO_CALL (0.001s wait)
.2020-01-20 19:59:43.587390 | eval'd: drake::cmq_buildtargetmetadepsspecht_is_subtargetconfig
2020-01-20 19:59:44.196850 | > DO_CALL (0.001s wait)
.2020-01-20 19:59:44.202287 | eval'd: drake::cmq_buildtargetmetadepsspecht_is_subtargetconfig
2020-01-20 19:59:44.790324 | > DO_CALL (0.001s wait)
.2020-01-20 19:59:44.797465 | eval'd: drake::cmq_buildtargetmetadepsspecht_is_subtargetconfig
2020-01-20 19:59:45.372725 | > DO_CALL (0.001s wait)
.2020-01-20 19:59:45.378136 | eval'd: drake::cmq_buildtargetmetadepsspecht_is_subtargetconfig
2020-01-20 19:59:45.962310 | > DO_CALL (0.001s wait)
.2020-01-20 19:59:45.967653 | eval'd: drake::cmq_buildtargetmetadepsspecht_is_subtargetconfig
2020-01-20 19:59:47.356519 | > DO_CALL (0.001s wait)
.2020-01-20 19:59:47.362011 | eval'd: drake::cmq_buildtargetmetadepsspecht_is_subtargetconfig
2020-01-20 19:59:47.947472 | > DO_CALL (0.000s wait)
.2020-01-20 19:59:47.951428 | eval'd: drake::cmq_buildtargetmetadepsspecht_is_subtargetconfig
2020-01-20 19:59:48.539739 | > DO_CALL (0.001s wait)
.2020-01-20 19:59:48.545194 | eval'd: drake::cmq_buildtargetmetadepsspecht_is_subtargetconfig
2020-01-20 19:59:49.142539 | > DO_CALL (0.001s wait)
.2020-01-20 19:59:49.147924 | eval'd: drake::cmq_buildtargetmetadepsspecht_is_subtargetconfig
2020-01-20 19:59:49.741069 | > DO_CALL (0.001s wait)
.2020-01-20 19:59:49.745074 | eval'd: drake::cmq_buildtargetmetadepsspecht_is_subtargetconfig
2020-01-20 19:59:51.027108 | > DO_CALL (0.001s wait)
.2020-01-20 19:59:51.032433 | eval'd: drake::cmq_buildtargetmetadepsspecht_is_subtargetconfig
2020-01-20 19:59:51.625915 | > DO_CALL (0.000s wait)
.2020-01-20 19:59:51.631252 | eval'd: drake::cmq_buildtargetmetadepsspecht_is_subtargetconfig
2020-01-20 19:59:52.213480 | > DO_CALL (0.001s wait)
.2020-01-20 19:59:52.218886 | eval'd: drake::cmq_buildtargetmetadepsspecht_is_subtargetconfig
2020-01-20 19:59:52.817287 | > DO_CALL (0.001s wait)
.2020-01-20 19:59:52.822682 | eval'd: drake::cmq_buildtargetmetadepsspecht_is_subtargetconfig
2020-01-20 19:59:53.444401 | > DO_CALL (0.019s wait)
.2020-01-20 19:59:53.778103 | eval'd: drake::cmq_buildtargetmetadepsspecht_is_subtargetconfig
2020-01-20 19:59:54.728591 | > DO_CALL (0.001s wait)
.2020-01-20 19:59:54.734013 | eval'd: drake::cmq_buildtargetmetadepsspecht_is_subtargetconfig
2020-01-20 19:59:55.318685 | > DO_CALL (0.001s wait)
.2020-01-20 19:59:55.324108 | eval'd: drake::cmq_buildtargetmetadepsspecht_is_subtargetconfig
2020-01-20 19:59:55.905765 | > DO_CALL (0.001s wait)
.2020-01-20 19:59:55.911078 | eval'd: drake::cmq_buildtargetmetadepsspecht_is_subtargetconfig
2020-01-20 19:59:56.494772 | > DO_CALL (0.001s wait)
.2020-01-20 19:59:56.500232 | eval'd: drake::cmq_buildtargetmetadepsspecht_is_subtargetconfig
2020-01-20 19:59:57.085665 | > DO_CALL (0.001s wait)
.2020-01-20 19:59:57.091110 | eval'd: drake::cmq_buildtargetmetadepsspecht_is_subtargetconfig
2020-01-20 19:59:58.442732 | > DO_CALL (0.001s wait)
.2020-01-20 19:59:58.448099 | eval'd: drake::cmq_buildtargetmetadepsspecht_is_subtargetconfig
2020-01-20 19:59:59.051397 | > DO_CALL (0.001s wait)
.2020-01-20 19:59:59.056891 | eval'd: drake::cmq_buildtargetmetadepsspecht_is_subtargetconfig
2020-01-20 19:59:59.639654 | > DO_CALL (0.001s wait)
.2020-01-20 19:59:59.645197 | eval'd: drake::cmq_buildtargetmetadepsspecht_is_subtargetconfig
2020-01-20 20:00:00.219027 | > DO_CALL (0.001s wait)
.2020-01-20 20:00:00.224416 | eval'd: drake::cmq_buildtargetmetadepsspecht_is_subtargetconfig
2020-01-20 20:00:00.798173 | > DO_CALL (0.001s wait)
.2020-01-20 20:00:00.803552 | eval'd: drake::cmq_buildtargetmetadepsspecht_is_subtargetconfig
2020-01-20 20:00:02.051018 | > DO_CALL (0.001s wait)
.2020-01-20 20:00:02.056360 | eval'd: drake::cmq_buildtargetmetadepsspecht_is_subtargetconfig
2020-01-20 20:00:02.646237 | > DO_CALL (0.001s wait)
.2020-01-20 20:00:02.651581 | eval'd: drake::cmq_buildtargetmetadepsspecht_is_subtargetconfig
2020-01-20 20:00:03.232174 | > DO_CALL (0.001s wait)
.2020-01-20 20:00:03.237533 | eval'd: drake::cmq_buildtargetmetadepsspecht_is_subtargetconfig
2020-01-20 20:00:03.812772 | > DO_CALL (0.001s wait)
.2020-01-20 20:00:03.818367 | eval'd: drake::cmq_buildtargetmetadepsspecht_is_subtargetconfig
2020-01-20 20:00:04.402316 | > DO_CALL (0.001s wait)
.2020-01-20 20:00:04.407768 | eval'd: drake::cmq_buildtargetmetadepsspecht_is_subtargetconfig
2020-01-20 20:00:05.605756 | > DO_CALL (0.001s wait)
.2020-01-20 20:00:05.610972 | eval'd: drake::cmq_buildtargetmetadepsspecht_is_subtargetconfig
2020-01-20 20:00:06.197856 | > DO_CALL (0.001s wait)
.2020-01-20 20:00:06.203251 | eval'd: drake::cmq_buildtargetmetadepsspecht_is_subtargetconfig
2020-01-20 20:00:06.789110 | > DO_CALL (0.001s wait)
.2020-01-20 20:00:06.794379 | eval'd: drake::cmq_buildtargetmetadepsspecht_is_subtargetconfig
2020-01-20 20:00:07.381068 | > DO_CALL (0.001s wait)
.2020-01-20 20:00:07.386396 | eval'd: drake::cmq_buildtargetmetadepsspecht_is_subtargetconfig
2020-01-20 20:00:07.971667 | > DO_CALL (0.001s wait)
.2020-01-20 20:00:07.976954 | eval'd: drake::cmq_buildtargetmetadepsspecht_is_subtargetconfig
2020-01-20 20:00:09.192175 | > DO_CALL (0.001s wait)
.2020-01-20 20:00:09.197671 | eval'd: drake::cmq_buildtargetmetadepsspecht_is_subtargetconfig
2020-01-20 20:00:09.790725 | > DO_CALL (0.001s wait)
.2020-01-20 20:00:09.795902 | eval'd: drake::cmq_buildtargetmetadepsspecht_is_subtargetconfig
2020-01-20 20:00:10.383530 | > DO_CALL (0.001s wait)
.2020-01-20 20:00:10.388954 | eval'd: drake::cmq_buildtargetmetadepsspecht_is_subtargetconfig
2020-01-20 20:00:10.968861 | > DO_CALL (0.001s wait)
.2020-01-20 20:00:10.974197 | eval'd: drake::cmq_buildtargetmetadepsspecht_is_subtargetconfig
2020-01-20 20:00:11.555602 | > DO_CALL (0.001s wait)
.2020-01-20 20:00:11.560986 | eval'd: drake::cmq_buildtargetmetadepsspecht_is_subtargetconfig
2020-01-20 20:00:12.760170 | > DO_CALL (0.001s wait)
.2020-01-20 20:00:12.765507 | eval'd: drake::cmq_buildtargetmetadepsspecht_is_subtargetconfig
2020-01-20 20:00:13.365130 | > DO_CALL (0.001s wait)
.2020-01-20 20:00:13.370514 | eval'd: drake::cmq_buildtargetmetadepsspecht_is_subtargetconfig
2020-01-20 20:00:13.961006 | > DO_CALL (0.001s wait)
.2020-01-20 20:00:13.965134 | eval'd: drake::cmq_buildtargetmetadepsspecht_is_subtargetconfig
2020-01-20 20:00:14.551118 | > DO_CALL (0.001s wait)
.2020-01-20 20:00:14.556494 | eval'd: drake::cmq_buildtargetmetadepsspecht_is_subtargetconfig
2020-01-20 20:00:15.131264 | > DO_CALL (0.001s wait)
.2020-01-20 20:00:15.136701 | eval'd: drake::cmq_buildtargetmetadepsspecht_is_subtargetconfig
2020-01-20 20:00:16.339098 | > DO_CALL (0.001s wait)
.2020-01-20 20:00:16.344526 | eval'd: drake::cmq_buildtargetmetadepsspecht_is_subtargetconfig
2020-01-20 20:00:16.932315 | > DO_CALL (0.001s wait)
.2020-01-20 20:00:16.937717 | eval'd: drake::cmq_buildtargetmetadepsspecht_is_subtargetconfig
2020-01-20 20:00:17.521537 | > DO_CALL (0.001s wait)
.2020-01-20 20:00:17.526901 | eval'd: drake::cmq_buildtargetmetadepsspecht_is_subtargetconfig
2020-01-20 20:00:18.099346 | > DO_CALL (0.001s wait)
.2020-01-20 20:00:18.104720 | eval'd: drake::cmq_buildtargetmetadepsspecht_is_subtargetconfig
2020-01-20 20:00:18.672616 | > DO_CALL (0.001s wait)
.2020-01-20 20:00:18.678046 | eval'd: drake::cmq_buildtargetmetadepsspecht_is_subtargetconfig
2020-01-20 20:00:19.870632 | > DO_CALL (0.001s wait)
.2020-01-20 20:00:19.876093 | eval'd: drake::cmq_buildtargetmetadepsspecht_is_subtargetconfig
2020-01-20 20:00:20.466824 | > DO_CALL (0.001s wait)
.2020-01-20 20:00:20.472203 | eval'd: drake::cmq_buildtargetmetadepsspecht_is_subtargetconfig
2020-01-20 20:00:21.047223 | > DO_CALL (0.001s wait)
.2020-01-20 20:00:21.052630 | eval'd: drake::cmq_buildtargetmetadepsspecht_is_subtargetconfig
2020-01-20 20:00:21.632102 | > DO_CALL (0.001s wait)
.2020-01-20 20:00:21.637544 | eval'd: drake::cmq_buildtargetmetadepsspecht_is_subtargetconfig
2020-01-20 20:00:22.206291 | > DO_CALL (0.001s wait)
.2020-01-20 20:00:22.211860 | eval'd: drake::cmq_buildtargetmetadepsspecht_is_subtargetconfig
2020-01-20 20:00:23.421441 | > DO_CALL (0.001s wait)
.2020-01-20 20:00:23.426865 | eval'd: drake::cmq_buildtargetmetadepsspecht_is_subtargetconfig
2020-01-20 20:00:24.014904 | > DO_CALL (0.000s wait)
.
2020-01-20 20:00:24.020373 | eval'd: drake::cmq_buildtargetmetadepsspecht_is_subtargetconfig
2020-01-20 20:00:24.596717 | > DO_CALL (0.001s wait)
.2020-01-20 20:00:24.602226 | eval'd: drake::cmq_buildtargetmetadepsspecht_is_subtargetconfig
2020-01-20 20:00:25.182242 | > DO_CALL (0.001s wait)
.2020-01-20 20:00:25.187696 | eval'd: drake::cmq_buildtargetmetadepsspecht_is_subtargetconfig
2020-01-20 20:00:25.771748 | > DO_CALL (0.001s wait)
.2020-01-20 20:00:25.777199 | eval'd: drake::cmq_buildtargetmetadepsspecht_is_subtargetconfig
2020-01-20 20:00:26.992737 | > DO_CALL (0.001s wait)
.2020-01-20 20:00:26.998274 | eval'd: drake::cmq_buildtargetmetadepsspecht_is_subtargetconfig
2020-01-20 20:00:27.578505 | > DO_CALL (0.001s wait)
.2020-01-20 20:00:27.584374 | eval'd: drake::cmq_buildtargetmetadepsspecht_is_subtargetconfig
2020-01-20 20:00:28.167612 | > DO_CALL (0.001s wait)
.2020-01-20 20:00:28.173174 | eval'd: drake::cmq_buildtargetmetadepsspecht_is_subtargetconfig
2020-01-20 20:00:28.749379 | > DO_CALL (0.001s wait)
.2020-01-20 20:00:28.754957 | eval'd: drake::cmq_buildtargetmetadepsspecht_is_subtargetconfig
2020-01-20 20:00:29.350816 | > DO_CALL (0.001s wait)
.2020-01-20 20:00:29.356304 | eval'd: drake::cmq_buildtargetmetadepsspecht_is_subtargetconfig
2020-01-20 20:00:30.575388 | > DO_CALL (0.001s wait)
.2020-01-20 20:00:30.580792 | eval'd: drake::cmq_buildtargetmetadepsspecht_is_subtargetconfig
2020-01-20 20:00:31.170671 | > DO_CALL (0.001s wait)
.2020-01-20 20:00:31.176069 | eval'd: drake::cmq_buildtargetmetadepsspecht_is_subtargetconfig
2020-01-20 20:00:31.762596 | > DO_CALL (0.001s wait)
.2020-01-20 20:00:31.767995 | eval'd: drake::cmq_buildtargetmetadepsspecht_is_subtargetconfig
2020-01-20 20:00:32.347957 | > DO_CALL (0.001s wait)
.2020-01-20 20:00:32.353351 | eval'd: drake::cmq_buildtargetmetadepsspecht_is_subtargetconfig
2020-01-20 20:00:32.932162 | > DO_CALL (0.001s wait)
.2020-01-20 20:00:32.937704 | eval'd: drake::cmq_buildtargetmetadepsspecht_is_subtargetconfig
2020-01-20 20:00:34.147653 | > DO_CALL (0.001s wait)
.2020-01-20 20:00:34.153086 | eval'd: drake::cmq_buildtargetmetadepsspecht_is_subtargetconfig
2020-01-20 20:00:34.739818 | > DO_CALL (0.001s wait)
.2020-01-20 20:00:34.745273 | eval'd: drake::cmq_buildtargetmetadepsspecht_is_subtargetconfig
2020-01-20 20:00:35.323812 | > DO_CALL (0.001s wait)
.2020-01-20 20:00:35.329292 | eval'd: drake::cmq_buildtargetmetadepsspecht_is_subtargetconfig
2020-01-20 20:00:35.904730 | > DO_CALL (0.001s wait)
.2020-01-20 20:00:35.911079 | eval'd: drake::cmq_buildtargetmetadepsspecht_is_subtargetconfig
2020-01-20 20:00:36.495526 | > DO_CALL (0.001s wait)
.2020-01-20 20:00:36.501673 | eval'd: drake::cmq_buildtargetmetadepsspecht_is_subtargetconfig
2020-01-20 20:00:37.734155 | > DO_CALL (0.001s wait)
.2020-01-20 20:00:37.740326 | eval'd: drake::cmq_buildtargetmetadepsspecht_is_subtargetconfig
2020-01-20 20:00:38.317958 | > DO_CALL (0.000s wait)
.2020-01-20 20:00:38.324031 | eval'd: drake::cmq_buildtargetmetadepsspecht_is_subtargetconfig
2020-01-20 20:00:38.910244 | > DO_CALL (0.001s wait)
.2020-01-20 20:00:38.916358 | eval'd: drake::cmq_buildtargetmetadepsspecht_is_subtargetconfig
2020-01-20 20:00:39.511214 | > DO_CALL (0.001s wait)
.2020-01-20 20:00:39.517407 | eval'd: drake::cmq_buildtargetmetadepsspecht_is_subtargetconfig
2020-01-20 20:00:40.095036 | > DO_CALL (0.001s wait)
.2020-01-20 20:00:40.101282 | eval'd: drake::cmq_buildtargetmetadepsspecht_is_subtargetconfig
2020-01-20 20:00:41.305358 | > DO_CALL (0.001s wait)
.2020-01-20 20:00:41.311472 | eval'd: drake::cmq_buildtargetmetadepsspecht_is_subtargetconfig
2020-01-20 20:00:41.889430 | > DO_CALL (0.001s wait)
.2020-01-20 20:00:41.895539 | eval'd: drake::cmq_buildtargetmetadepsspecht_is_subtargetconfig
2020-01-20 20:00:42.476757 | > DO_CALL (0.001s wait)
.2020-01-20 20:00:42.482858 | eval'd: drake::cmq_buildtargetmetadepsspecht_is_subtargetconfig
2020-01-20 20:00:43.061067 | > DO_CALL (0.001s wait)
.2020-01-20 20:00:43.660792 | eval'd: drake::cmq_buildtargetmetadepsspecht_is_subtargetconfig
2020-01-20 20:00:44.639639 | > DO_CALL (0.001s wait)
.2020-01-20 20:00:44.645139 | eval'd: drake::cmq_buildtargetmetadepsspecht_is_subtargetconfig
2020-01-20 20:00:45.229766 | > DO_CALL (0.001s wait)
.2020-01-20 20:00:45.235291 | eval'd: drake::cmq_buildtargetmetadepsspecht_is_subtargetconfig
2020-01-20 20:00:45.815705 | > DO_CALL (0.001s wait)
.2020-01-20 20:00:45.821179 | eval'd: drake::cmq_buildtargetmetadepsspecht_is_subtargetconfig
2020-01-20 20:00:46.406475 | > DO_CALL (0.001s wait)
.2020-01-20 20:00:46.412293 | eval'd: drake::cmq_buildtargetmetadepsspecht_is_subtargetconfig
2020-01-20 20:00:46.986017 | > DO_CALL (0.001s wait)
.2020-01-20 20:00:46.991683 | eval'd: drake::cmq_buildtargetmetadepsspecht_is_subtargetconfig
2020-01-20 20:00:48.236921 | > DO_CALL (0.000s wait)
.2020-01-20 20:00:48.242418 | eval'd: drake::cmq_buildtargetmetadepsspecht_is_subtargetconfig
2020-01-20 20:00:48.824185 | > DO_CALL (0.001s wait)
.2020-01-20 20:00:48.829867 | eval'd: drake::cmq_buildtargetmetadepsspecht_is_subtargetconfig
2020-01-20 20:00:49.417655 | > DO_CALL (0.001s wait)
.2020-01-20 20:00:49.423385 | eval'd: drake::cmq_buildtargetmetadepsspecht_is_subtargetconfig
2020-01-20 20:00:50.010419 | > DO_CALL (0.001s wait)
.2020-01-20 20:00:50.016004 | eval'd: drake::cmq_buildtargetmetadepsspecht_is_subtargetconfig
2020-01-20 20:00:50.606782 | > DO_CALL (0.001s wait)
.2020-01-20 20:00:50.612394 | eval'd: drake::cmq_buildtargetmetadepsspecht_is_subtargetconfig
2020-01-20 20:00:50.688721 | > DO_CALL (0.000s wait)
.2020-01-20 20:00:50.693315 | eval'd: drake::cmq_buildtargetmetadepsspecht_is_subtargetconfig
2020-01-20 20:00:51.917385 | > DO_CALL (0.001s wait)
.2020-01-20 20:00:51.922971 | eval'd: drake::cmq_buildtargetmetadepsspecht_is_subtargetconfig
2020-01-20 20:00:52.507324 | > DO_CALL (0.001s wait)
.2020-01-20 20:00:52.512752 | eval'd: drake::cmq_buildtargetmetadepsspecht_is_subtargetconfig
2020-01-20 20:00:53.105422 | > DO_CALL (0.001s wait)
.2020-01-20 20:00:53.110704 | eval'd: drake::cmq_buildtargetmetadepsspecht_is_subtargetconfig
2020-01-20 20:00:53.704721 | > DO_CALL (0.001s wait)
.2020-01-20 20:00:53.710180 | eval'd: drake::cmq_buildtargetmetadepsspecht_is_subtargetconfig
2020-01-20 20:00:54.293987 | > DO_CALL (0.001s wait)
.2020-01-20 20:00:54.299498 | eval'd: drake::cmq_buildtargetmetadepsspecht_is_subtargetconfig
2020-01-20 20:00:55.542185 | > DO_CALL (0.001s wait)
.2020-01-20 20:00:55.547935 | eval'd: drake::cmq_buildtargetmetadepsspecht_is_subtargetconfig
2020-01-20 20:00:56.136543 | > DO_CALL (0.000s wait)
.2020-01-20 20:00:56.140399 | eval'd: drake::cmq_buildtargetmetadepsspecht_is_subtargetconfig
2020-01-20 20:00:56.722125 | > DO_CALL (0.001s wait)
.2020-01-20 20:00:56.727998 | eval'd: drake::cmq_buildtargetmetadepsspecht_is_subtargetconfig
2020-01-20 20:00:57.311408 | > DO_CALL (0.001s wait)
.2020-01-20 20:00:57.317004 | eval'd: drake::cmq_buildtargetmetadepsspecht_is_subtargetconfig
2020-01-20 20:00:58.040982 | > DO_CALL (0.001s wait)
.2020-01-20 20:00:58.046478 | eval'd: drake::cmq_buildtargetmetadepsspecht_is_subtargetconfig
2020-01-20 20:00:59.304423 | > DO_CALL (0.001s wait)
.2020-01-20 20:00:59.309850 | eval'd: drake::cmq_buildtargetmetadepsspecht_is_subtargetconfig
2020-01-20 20:00:59.898289 | > DO_CALL (0.001s wait)
.2020-01-20 20:00:59.903684 | eval'd: drake::cmq_buildtargetmetadepsspecht_is_subtargetconfig
2020-01-20 20:01:00.486426 | > DO_CALL (0.001s wait)
.2020-01-20 20:01:00.492163 | eval'd: drake::cmq_buildtargetmetadepsspecht_is_subtargetconfig
2020-01-20 20:01:01.054740 | > DO_CALL (0.001s wait)
.2020-01-20 20:01:01.060366 | eval'd: drake::cmq_buildtargetmetadepsspecht_is_subtargetconfig
2020-01-20 20:01:01.646143 | > DO_CALL (0.001s wait)
.2020-01-20 20:01:01.651721 | eval'd: drake::cmq_buildtargetmetadepsspecht_is_subtargetconfig
2020-01-20 20:01:02.943096 | > DO_CALL (0.001s wait)
.2020-01-20 20:01:02.948962 | eval'd: drake::cmq_buildtargetmetadepsspecht_is_subtargetconfig
2020-01-20 20:01:03.584502 | > DO_CALL (0.001s wait)
.2020-01-20 20:01:03.589893 | eval'd: drake::cmq_buildtargetmetadepsspecht_is_subtargetconfig
2020-01-20 20:01:04.204604 | > DO_CALL (0.001s wait)
.2020-01-20 20:01:04.210077 | eval'd: drake::cmq_buildtargetmetadepsspecht_is_subtargetconfig
2020-01-20 20:01:04.819506 | > DO_CALL (0.001s wait)
.2020-01-20 20:01:04.825067 | eval'd: drake::cmq_buildtargetmetadepsspecht_is_subtargetconfig
2020-01-20 20:01:06.095037 | > DO_CALL (0.001s wait)
.2020-01-20 20:01:06.100566 | eval'd: drake::cmq_buildtargetmetadepsspecht_is_subtargetconfig
2020-01-20 20:01:06.729658 | > DO_CALL (0.001s wait)
.2020-01-20 20:01:06.735130 | eval'd: drake::cmq_buildtargetmetadepsspecht_is_subtargetconfig
2020-01-20 20:01:07.366938 | > DO_CALL (0.000s wait)
.2020-01-20 20:01:07.372743 | eval'd: drake::cmq_buildtargetmetadepsspecht_is_subtargetconfig
2020-01-20 20:01:07.996570 | > DO_CALL (0.001s wait)
.2020-01-20 20:01:08.002087 | eval'd: drake::cmq_buildtargetmetadepsspecht_is_subtargetconfig
2020-01-20 20:01:08.629815 | > DO_CALL (0.000s wait)
.2020-01-20 20:01:08.635381 | eval'd: drake::cmq_buildtargetmetadepsspecht_is_subtargetconfig
2020-01-20 20:01:09.968610 | > DO_CALL (0.001s wait)
.2020-01-20 20:01:09.974002 | eval'd: drake::cmq_buildtargetmetadepsspecht_is_subtargetconfig
2020-01-20 20:01:10.606340 | > DO_CALL (0.001s wait)
.2020-01-20 20:01:10.612003 | eval'd: drake::cmq_buildtargetmetadepsspecht_is_subtargetconfig
2020-01-20 20:01:11.229336 | > DO_CALL (0.001s wait)
.2020-01-20 20:01:11.234840 | eval'd: drake::cmq_buildtargetmetadepsspecht_is_subtargetconfig
2020-01-20 20:01:11.852161 | > DO_CALL (0.001s wait)
.2020-01-20 20:01:11.857473 | eval'd: drake::cmq_buildtargetmetadepsspecht_is_subtargetconfig
2020-01-20 20:01:13.156513 | > DO_CALL (0.001s wait)
.2020-01-20 20:01:13.161989 | eval'd: drake::cmq_buildtargetmetadepsspecht_is_subtargetconfig
2020-01-20 20:01:13.809979 | > DO_CALL (0.001s wait)
.2020-01-20 20:01:13.815482 | eval'd: drake::cmq_buildtargetmetadepsspecht_is_subtargetconfig
2020-01-20 20:01:14.439597 | > DO_CALL (0.001s wait)
.2020-01-20 20:01:14.444811 | eval'd: drake::cmq_buildtargetmetadepsspecht_is_subtargetconfig
2020-01-20 20:01:15.067057 | > DO_CALL (0.001s wait)
.2020-01-20 20:01:15.072727 | eval'd: drake::cmq_buildtargetmetadepsspecht_is_subtargetconfig
2020-01-20 20:01:15.688013 | > DO_CALL (0.001s wait)
.2020-01-20 20:01:15.693553 | eval'd: drake::cmq_buildtargetmetadepsspecht_is_subtargetconfig
2020-01-20 20:01:17.066599 | > DO_CALL (0.001s wait)
.2020-01-20 20:01:17.072122 | eval'd: drake::cmq_buildtargetmetadepsspecht_is_subtargetconfig
2020-01-20 20:01:17.702509 | > DO_CALL (0.001s wait)
.2020-01-20 20:01:17.708014 | eval'd: drake::cmq_buildtargetmetadepsspecht_is_subtargetconfig
2020-01-20 20:01:18.324228 | > DO_CALL (0.001s wait)
.2020-01-20 20:01:18.329753 | eval'd: drake::cmq_buildtargetmetadepsspecht_is_subtargetconfig
2020-01-20 20:01:18.941254 | > DO_CALL (0.001s wait)
.2020-01-20 20:01:18.946751 | eval'd: drake::cmq_buildtargetmetadepsspecht_is_subtargetconfig
2020-01-20 20:01:19.575069 | > DO_CALL (0.001s wait)
.2020-01-20 20:01:19.580695 | eval'd: drake::cmq_buildtargetmetadepsspecht_is_subtargetconfig
2020-01-20 20:01:20.905708 | > DO_CALL (0.001s wait)
.2020-01-20 20:01:20.911182 | eval'd: drake::cmq_buildtargetmetadepsspecht_is_subtargetconfig
2020-01-20 20:01:21.529827 | > DO_CALL (0.000s wait)
.2020-01-20 20:01:21.535312 | eval'd: drake::cmq_buildtargetmetadepsspecht_is_subtargetconfig
2020-01-20 20:01:22.148632 | > DO_CALL (0.001s wait)
.
2020-01-20 20:01:22.154235 | eval'd: drake::cmq_buildtargetmetadepsspecht_is_subtargetconfig
2020-01-20 20:01:22.780250 | > DO_CALL (0.001s wait)
.2020-01-20 20:01:22.785595 | eval'd: drake::cmq_buildtargetmetadepsspecht_is_subtargetconfig
2020-01-20 20:01:23.340328 | > WORKER_WAIT (0.000s wait)
2020-01-20 20:01:23.340751 | waiting 0.75s
2020-01-20 20:01:27.772724 | > WORKER_WAIT (0.000s wait)
2020-01-20 20:01:27.773150 | waiting 0.75s
2020-01-20 20:01:31.956248 | > WORKER_WAIT (0.000s wait)
2020-01-20 20:01:31.956648 | waiting 0.75s
2020-01-20 20:04:05.730336 | > WORKER_STOP (0.000s wait)
2020-01-20 20:04:05.733547 | shutting down worker
2020-01-20 20:04:08.539796 | 
Total: 537 in 6837.61s [user], 229.05s [system], 8839.55s [elapsed]
