2020-01-21 10:48:11.434928 | Master: tcp://c24a-s1:7958
2020-01-21 10:48:11.454422 | WORKER_UP to: tcp://c24a-s1:7958
2020-01-21 10:48:16.904971 | > DO_SETUP (2.873s wait)
2020-01-21 10:48:16.906569 | token from msg: set_common_data_token
2020-01-21 10:48:18.112920 | > DO_CALL (0.000s wait)
.* Option 'clustermq.scheduler' not set, defaulting to ‘SLURM’
--- see: https://mschubert.github.io/clustermq/articles/userguide.html#configuration
2020-01-21 10:48:18.295553 | eval'd: drake::cmq_buildtargetmetadepsspecht_is_subtargetconfig
2020-01-21 10:48:23.400134 | > DO_CALL (0.001s wait)
.2020-01-21 10:48:23.706225 | eval'd: drake::cmq_buildtargetmetadepsspecht_is_subtargetconfig
2020-01-21 10:48:30.705891 | > DO_CALL (0.000s wait)
.2020-01-21 10:48:30.711765 | eval'd: drake::cmq_buildtargetmetadepsspecht_is_subtargetconfig
2020-01-21 10:48:37.509158 | > DO_CALL (0.001s wait)
.2020-01-21 10:48:37.515003 | eval'd: drake::cmq_buildtargetmetadepsspecht_is_subtargetconfig
2020-01-21 10:48:43.515366 | > DO_CALL (0.000s wait)
.2020-01-21 10:48:43.519948 | eval'd: drake::cmq_buildtargetmetadepsspecht_is_subtargetconfig
2020-01-21 10:48:50.178031 | > DO_CALL (0.001s wait)
.2020-01-21 10:48:50.183727 | eval'd: drake::cmq_buildtargetmetadepsspecht_is_subtargetconfig
2020-01-21 10:48:57.448653 | > DO_CALL (0.000s wait)
.2020-01-21 10:48:57.454443 | eval'd: drake::cmq_buildtargetmetadepsspecht_is_subtargetconfig
2020-01-21 10:49:03.974399 | > DO_CALL (0.000s wait)
.2020-01-21 10:49:03.978864 | eval'd: drake::cmq_buildtargetmetadepsspecht_is_subtargetconfig
2020-01-21 10:49:11.363980 | > DO_CALL (0.001s wait)
.2020-01-21 10:49:11.370073 | eval'd: drake::cmq_buildtargetmetadepsspecht_is_subtargetconfig
2020-01-21 10:49:19.820177 | > DO_CALL (0.001s wait)
.2020-01-21 10:49:19.825044 | eval'd: drake::cmq_buildtargetmetadepsspecht_is_subtargetconfig
2020-01-21 10:49:26.285573 | > DO_CALL (0.000s wait)
.2020-01-21 10:49:26.290703 | eval'd: drake::cmq_buildtargetmetadepsspecht_is_subtargetconfig
2020-01-21 10:49:31.823917 | > DO_CALL (0.000s wait)
.2020-01-21 10:49:31.828958 | eval'd: drake::cmq_buildtargetmetadepsspecht_is_subtargetconfig
2020-01-21 10:49:38.244279 | > DO_CALL (0.000s wait)
.2020-01-21 10:49:38.249108 | eval'd: drake::cmq_buildtargetmetadepsspecht_is_subtargetconfig
2020-01-21 10:49:44.787897 | > DO_CALL (0.000s wait)
.2020-01-21 10:49:44.793031 | eval'd: drake::cmq_buildtargetmetadepsspecht_is_subtargetconfig
2020-01-21 10:49:51.266162 | > DO_CALL (0.001s wait)
.2020-01-21 10:49:51.274295 | eval'd: drake::cmq_buildtargetmetadepsspecht_is_subtargetconfig
2020-01-21 10:49:57.571847 | > DO_CALL (0.000s wait)
.2020-01-21 10:49:57.577375 | eval'd: drake::cmq_buildtargetmetadepsspecht_is_subtargetconfig
2020-01-21 10:50:03.352089 | > DO_CALL (0.001s wait)
.2020-01-21 10:50:03.356395 | eval'd: drake::cmq_buildtargetmetadepsspecht_is_subtargetconfig
2020-01-21 10:50:08.721290 | > DO_CALL (0.000s wait)
.2020-01-21 10:50:08.726248 | eval'd: drake::cmq_buildtargetmetadepsspecht_is_subtargetconfig
2020-01-21 10:50:14.105718 | > DO_CALL (0.000s wait)
.2020-01-21 10:50:14.110915 | eval'd: drake::cmq_buildtargetmetadepsspecht_is_subtargetconfig
2020-01-21 10:50:21.179062 | > DO_CALL (0.001s wait)
.2020-01-21 10:50:21.183752 | eval'd: drake::cmq_buildtargetmetadepsspecht_is_subtargetconfig
2020-01-21 10:50:26.227186 | > DO_CALL (0.001s wait)
.2020-01-21 10:50:26.231871 | eval'd: drake::cmq_buildtargetmetadepsspecht_is_subtargetconfig
2020-01-21 10:50:31.793631 | > DO_CALL (0.000s wait)
.2020-01-21 10:50:31.798496 | eval'd: drake::cmq_buildtargetmetadepsspecht_is_subtargetconfig
2020-01-21 10:50:38.357159 | > DO_CALL (0.001s wait)
.2020-01-21 10:50:38.361698 | eval'd: drake::cmq_buildtargetmetadepsspecht_is_subtargetconfig
2020-01-21 10:50:44.225481 | > DO_CALL (0.000s wait)
.2020-01-21 10:50:44.230473 | eval'd: drake::cmq_buildtargetmetadepsspecht_is_subtargetconfig
2020-01-21 10:50:49.860013 | > DO_CALL (0.001s wait)
.2020-01-21 10:50:49.864944 | eval'd: drake::cmq_buildtargetmetadepsspecht_is_subtargetconfig
2020-01-21 10:50:55.078840 | > DO_CALL (0.000s wait)
.2020-01-21 10:50:55.084116 | eval'd: drake::cmq_buildtargetmetadepsspecht_is_subtargetconfig
2020-01-21 10:51:00.039127 | > DO_CALL (0.001s wait)
.2020-01-21 10:51:00.043356 | eval'd: drake::cmq_buildtargetmetadepsspecht_is_subtargetconfig
2020-01-21 10:51:05.977062 | > DO_CALL (0.001s wait)
.2020-01-21 10:51:05.981659 | eval'd: drake::cmq_buildtargetmetadepsspecht_is_subtargetconfig
2020-01-21 10:51:11.804203 | > DO_CALL (0.001s wait)
.2020-01-21 10:51:11.810290 | eval'd: drake::cmq_buildtargetmetadepsspecht_is_subtargetconfig
2020-01-21 10:51:17.442820 | > DO_CALL (0.000s wait)
.2020-01-21 10:51:17.448625 | eval'd: drake::cmq_buildtargetmetadepsspecht_is_subtargetconfig
2020-01-21 10:51:24.103363 | > DO_CALL (0.000s wait)
.2020-01-21 10:51:24.107868 | eval'd: drake::cmq_buildtargetmetadepsspecht_is_subtargetconfig
2020-01-21 10:51:29.457926 | > DO_CALL (0.000s wait)
.2020-01-21 10:51:29.462749 | eval'd: drake::cmq_buildtargetmetadepsspecht_is_subtargetconfig
2020-01-21 10:51:34.307849 | > DO_CALL (0.000s wait)
.2020-01-21 10:51:34.314155 | eval'd: drake::cmq_buildtargetmetadepsspecht_is_subtargetconfig
2020-01-21 10:51:38.893980 | > DO_CALL (0.001s wait)
.2020-01-21 10:51:38.901001 | eval'd: drake::cmq_buildtargetmetadepsspecht_is_subtargetconfig
2020-01-21 10:51:43.938877 | > DO_CALL (0.000s wait)
.2020-01-21 10:51:43.945554 | eval'd: drake::cmq_buildtargetmetadepsspecht_is_subtargetconfig
2020-01-21 10:51:48.954535 | > DO_CALL (0.000s wait)
.2020-01-21 10:51:48.960516 | eval'd: drake::cmq_buildtargetmetadepsspecht_is_subtargetconfig
2020-01-21 10:51:54.544911 | > DO_CALL (0.000s wait)
.2020-01-21 10:51:54.551673 | eval'd: drake::cmq_buildtargetmetadepsspecht_is_subtargetconfig
2020-01-21 10:51:59.536090 | > DO_CALL (0.001s wait)
.2020-01-21 10:51:59.541489 | eval'd: drake::cmq_buildtargetmetadepsspecht_is_subtargetconfig
2020-01-21 10:52:04.433036 | > DO_CALL (0.001s wait)
.2020-01-21 10:52:04.440051 | eval'd: drake::cmq_buildtargetmetadepsspecht_is_subtargetconfig
2020-01-21 10:52:09.841943 | > DO_CALL (0.000s wait)
.2020-01-21 10:52:09.849434 | eval'd: drake::cmq_buildtargetmetadepsspecht_is_subtargetconfig
2020-01-21 10:52:14.886983 | > DO_CALL (0.001s wait)
.2020-01-21 10:52:14.891661 | eval'd: drake::cmq_buildtargetmetadepsspecht_is_subtargetconfig
2020-01-21 10:52:19.737888 | > DO_CALL (0.000s wait)
.2020-01-21 10:52:19.744796 | eval'd: drake::cmq_buildtargetmetadepsspecht_is_subtargetconfig
2020-01-21 10:52:26.450005 | > DO_CALL (0.001s wait)
.2020-01-21 10:52:26.454909 | eval'd: drake::cmq_buildtargetmetadepsspecht_is_subtargetconfig
2020-01-21 10:52:31.734073 | > DO_CALL (0.001s wait)
.2020-01-21 10:52:31.738718 | eval'd: drake::cmq_buildtargetmetadepsspecht_is_subtargetconfig
2020-01-21 10:52:37.358801 | > DO_CALL (0.000s wait)
.2020-01-21 10:52:37.365576 | eval'd: drake::cmq_buildtargetmetadepsspecht_is_subtargetconfig
2020-01-21 10:52:42.003864 | > DO_CALL (0.000s wait)
.2020-01-21 10:52:42.009935 | eval'd: drake::cmq_buildtargetmetadepsspecht_is_subtargetconfig
2020-01-21 10:52:46.606909 | > DO_CALL (0.000s wait)
.2020-01-21 10:52:46.611690 | eval'd: drake::cmq_buildtargetmetadepsspecht_is_subtargetconfig
2020-01-21 10:52:50.979998 | > DO_CALL (0.001s wait)
.2020-01-21 10:52:50.984297 | eval'd: drake::cmq_buildtargetmetadepsspecht_is_subtargetconfig
2020-01-21 10:52:55.955348 | > DO_CALL (0.001s wait)
.2020-01-21 10:52:55.960999 | eval'd: drake::cmq_buildtargetmetadepsspecht_is_subtargetconfig
2020-01-21 10:53:00.577935 | > DO_CALL (0.000s wait)
.2020-01-21 10:53:00.582317 | eval'd: drake::cmq_buildtargetmetadepsspecht_is_subtargetconfig
2020-01-21 10:53:05.058489 | > DO_CALL (0.001s wait)
.2020-01-21 10:53:05.064248 | eval'd: drake::cmq_buildtargetmetadepsspecht_is_subtargetconfig
2020-01-21 10:53:10.298019 | > DO_CALL (0.001s wait)
.2020-01-21 10:53:10.302773 | eval'd: drake::cmq_buildtargetmetadepsspecht_is_subtargetconfig
2020-01-21 10:53:14.637620 | > DO_CALL (0.000s wait)
.2020-01-21 10:53:14.643167 | eval'd: drake::cmq_buildtargetmetadepsspecht_is_subtargetconfig
2020-01-21 10:53:19.109056 | > DO_CALL (0.001s wait)
.2020-01-21 10:53:19.113664 | eval'd: drake::cmq_buildtargetmetadepsspecht_is_subtargetconfig
2020-01-21 10:53:24.454712 | > DO_CALL (0.000s wait)
.2020-01-21 10:53:24.460646 | eval'd: drake::cmq_buildtargetmetadepsspecht_is_subtargetconfig
2020-01-21 10:53:30.667801 | > DO_CALL (0.000s wait)
.
2020-01-21 10:53:30.674520 | eval'd: drake::cmq_buildtargetmetadepsspecht_is_subtargetconfig
2020-01-21 10:53:35.403346 | > DO_CALL (0.001s wait)
.2020-01-21 10:53:35.408542 | eval'd: drake::cmq_buildtargetmetadepsspecht_is_subtargetconfig
2020-01-21 10:53:39.589374 | > DO_CALL (0.001s wait)
.2020-01-21 10:53:39.594739 | eval'd: drake::cmq_buildtargetmetadepsspecht_is_subtargetconfig
2020-01-21 10:53:44.391378 | > DO_CALL (0.001s wait)
.2020-01-21 10:53:44.396612 | eval'd: drake::cmq_buildtargetmetadepsspecht_is_subtargetconfig
2020-01-21 10:53:48.966106 | > DO_CALL (0.001s wait)
.2020-01-21 10:53:48.971243 | eval'd: drake::cmq_buildtargetmetadepsspecht_is_subtargetconfig
2020-01-21 10:53:53.312950 | > DO_CALL (0.001s wait)
.2020-01-21 10:53:53.317175 | eval'd: drake::cmq_buildtargetmetadepsspecht_is_subtargetconfig
2020-01-21 10:53:57.327845 | > DO_CALL (0.000s wait)
.2020-01-21 10:53:57.332612 | eval'd: drake::cmq_buildtargetmetadepsspecht_is_subtargetconfig
2020-01-21 10:54:01.571260 | > DO_CALL (0.001s wait)
.2020-01-21 10:54:01.576553 | eval'd: drake::cmq_buildtargetmetadepsspecht_is_subtargetconfig
2020-01-21 10:54:06.340697 | > DO_CALL (0.000s wait)
.2020-01-21 10:54:06.347137 | eval'd: drake::cmq_buildtargetmetadepsspecht_is_subtargetconfig
2020-01-21 10:54:10.552013 | > DO_CALL (0.001s wait)
.2020-01-21 10:54:10.556524 | eval'd: drake::cmq_buildtargetmetadepsspecht_is_subtargetconfig
2020-01-21 10:54:15.313719 | > DO_CALL (0.000s wait)
.2020-01-21 10:54:15.317605 | eval'd: drake::cmq_buildtargetmetadepsspecht_is_subtargetconfig
2020-01-21 10:54:19.502093 | > DO_CALL (0.001s wait)
.2020-01-21 10:54:19.507070 | eval'd: drake::cmq_buildtargetmetadepsspecht_is_subtargetconfig
2020-01-21 10:54:24.956765 | > DO_CALL (0.000s wait)
.2020-01-21 10:54:24.960844 | eval'd: drake::cmq_buildtargetmetadepsspecht_is_subtargetconfig
2020-01-21 10:54:31.324866 | > DO_CALL (0.000s wait)
.2020-01-21 10:54:31.329201 | eval'd: drake::cmq_buildtargetmetadepsspecht_is_subtargetconfig
2020-01-21 10:54:35.547972 | > DO_CALL (0.001s wait)
.2020-01-21 10:54:35.552482 | eval'd: drake::cmq_buildtargetmetadepsspecht_is_subtargetconfig
2020-01-21 10:54:39.685139 | > DO_CALL (0.001s wait)
.2020-01-21 10:54:39.689944 | eval'd: drake::cmq_buildtargetmetadepsspecht_is_subtargetconfig
2020-01-21 10:54:43.894765 | > DO_CALL (0.000s wait)
.2020-01-21 10:54:43.898938 | eval'd: drake::cmq_buildtargetmetadepsspecht_is_subtargetconfig
2020-01-21 10:54:47.885725 | > DO_CALL (0.000s wait)
.2020-01-21 10:54:47.890238 | eval'd: drake::cmq_buildtargetmetadepsspecht_is_subtargetconfig
2020-01-21 10:54:51.726816 | > DO_CALL (0.000s wait)
.2020-01-21 10:54:51.730947 | eval'd: drake::cmq_buildtargetmetadepsspecht_is_subtargetconfig
2020-01-21 10:54:55.837775 | > DO_CALL (0.001s wait)
.2020-01-21 10:54:55.844147 | eval'd: drake::cmq_buildtargetmetadepsspecht_is_subtargetconfig
2020-01-21 10:55:00.120540 | > DO_CALL (0.001s wait)
.2020-01-21 10:55:00.126365 | eval'd: drake::cmq_buildtargetmetadepsspecht_is_subtargetconfig
2020-01-21 10:55:04.393849 | > DO_CALL (0.000s wait)
.2020-01-21 10:55:04.398376 | eval'd: drake::cmq_buildtargetmetadepsspecht_is_subtargetconfig
2020-01-21 10:55:08.713602 | > DO_CALL (0.001s wait)
.2020-01-21 10:55:08.730731 | eval'd: drake::cmq_buildtargetmetadepsspecht_is_subtargetconfig
2020-01-21 10:55:12.583407 | > DO_CALL (0.001s wait)
.2020-01-21 10:55:12.588077 | eval'd: drake::cmq_buildtargetmetadepsspecht_is_subtargetconfig
2020-01-21 10:55:16.502697 | > DO_CALL (0.000s wait)
.2020-01-21 10:55:16.506502 | eval'd: drake::cmq_buildtargetmetadepsspecht_is_subtargetconfig
2020-01-21 10:55:20.716708 | > DO_CALL (0.000s wait)
.2020-01-21 10:55:20.720046 | eval'd: drake::cmq_buildtargetmetadepsspecht_is_subtargetconfig
2020-01-21 10:55:24.657273 | > DO_CALL (0.001s wait)
.2020-01-21 10:55:24.661583 | eval'd: drake::cmq_buildtargetmetadepsspecht_is_subtargetconfig
2020-01-21 10:55:28.478606 | > DO_CALL (0.000s wait)
.2020-01-21 10:55:28.483141 | eval'd: drake::cmq_buildtargetmetadepsspecht_is_subtargetconfig
2020-01-21 10:55:35.475375 | > DO_CALL (0.001s wait)
.2020-01-21 10:55:35.479976 | eval'd: drake::cmq_buildtargetmetadepsspecht_is_subtargetconfig
2020-01-21 10:55:40.208587 | > DO_CALL (0.001s wait)
.2020-01-21 10:55:40.213431 | eval'd: drake::cmq_buildtargetmetadepsspecht_is_subtargetconfig
2020-01-21 10:55:44.366662 | > DO_CALL (0.000s wait)
.2020-01-21 10:55:44.370087 | eval'd: drake::cmq_buildtargetmetadepsspecht_is_subtargetconfig
2020-01-21 10:55:48.301670 | > DO_CALL (0.000s wait)
.2020-01-21 10:55:48.305554 | eval'd: drake::cmq_buildtargetmetadepsspecht_is_subtargetconfig
2020-01-21 10:55:52.355122 | > DO_CALL (0.001s wait)
.2020-01-21 10:55:52.359112 | eval'd: drake::cmq_buildtargetmetadepsspecht_is_subtargetconfig
2020-01-21 10:55:56.420758 | > DO_CALL (0.000s wait)
.2020-01-21 10:55:56.424890 | eval'd: drake::cmq_buildtargetmetadepsspecht_is_subtargetconfig
2020-01-21 10:56:00.145450 | > DO_CALL (0.001s wait)
.2020-01-21 10:56:00.150214 | eval'd: drake::cmq_buildtargetmetadepsspecht_is_subtargetconfig
2020-01-21 10:56:04.157771 | > DO_CALL (0.000s wait)
.2020-01-21 10:56:04.161682 | eval'd: drake::cmq_buildtargetmetadepsspecht_is_subtargetconfig
2020-01-21 10:56:08.265714 | > DO_CALL (0.000s wait)
.2020-01-21 10:56:08.269235 | eval'd: drake::cmq_buildtargetmetadepsspecht_is_subtargetconfig
2020-01-21 10:56:12.453648 | > DO_CALL (0.000s wait)
.2020-01-21 10:56:12.457082 | eval'd: drake::cmq_buildtargetmetadepsspecht_is_subtargetconfig
2020-01-21 10:56:16.596909 | > DO_CALL (0.000s wait)
.2020-01-21 10:56:16.601001 | eval'd: drake::cmq_buildtargetmetadepsspecht_is_subtargetconfig
2020-01-21 10:56:21.154679 | > DO_CALL (0.000s wait)
.2020-01-21 10:56:21.157997 | eval'd: drake::cmq_buildtargetmetadepsspecht_is_subtargetconfig
2020-01-21 10:56:25.198417 | > DO_CALL (0.001s wait)
.2020-01-21 10:56:25.203034 | eval'd: drake::cmq_buildtargetmetadepsspecht_is_subtargetconfig
2020-01-21 10:56:29.491631 | > DO_CALL (0.000s wait)
.2020-01-21 10:56:29.496573 | eval'd: drake::cmq_buildtargetmetadepsspecht_is_subtargetconfig
2020-01-21 10:56:34.888986 | > DO_CALL (0.001s wait)
.2020-01-21 10:56:34.893081 | eval'd: drake::cmq_buildtargetmetadepsspecht_is_subtargetconfig
2020-01-21 10:56:39.627014 | > DO_CALL (0.001s wait)
.2020-01-21 10:56:39.631746 | eval'd: drake::cmq_buildtargetmetadepsspecht_is_subtargetconfig
2020-01-21 10:56:44.268129 | > DO_CALL (0.001s wait)
.2020-01-21 10:56:44.272641 | eval'd: drake::cmq_buildtargetmetadepsspecht_is_subtargetconfig
2020-01-21 10:56:48.507162 | > DO_CALL (0.001s wait)
.2020-01-21 10:56:48.512224 | eval'd: drake::cmq_buildtargetmetadepsspecht_is_subtargetconfig
2020-01-21 10:56:52.296790 | > DO_CALL (0.000s wait)
.2020-01-21 10:56:52.300653 | eval'd: drake::cmq_buildtargetmetadepsspecht_is_subtargetconfig
2020-01-21 10:56:55.921108 | > DO_CALL (0.001s wait)
.2020-01-21 10:56:55.925462 | eval'd: drake::cmq_buildtargetmetadepsspecht_is_subtargetconfig
2020-01-21 10:57:00.473268 | > DO_CALL (0.001s wait)
.2020-01-21 10:57:00.477905 | eval'd: drake::cmq_buildtargetmetadepsspecht_is_subtargetconfig
2020-01-21 10:57:05.002597 | > DO_CALL (0.001s wait)
.2020-01-21 10:57:05.007752 | eval'd: drake::cmq_buildtargetmetadepsspecht_is_subtargetconfig
2020-01-21 10:57:09.155612 | > DO_CALL (0.001s wait)
.2020-01-21 10:57:09.160903 | eval'd: drake::cmq_buildtargetmetadepsspecht_is_subtargetconfig
2020-01-21 10:57:12.997488 | > DO_CALL (0.001s wait)
.2020-01-21 10:57:13.002577 | eval'd: drake::cmq_buildtargetmetadepsspecht_is_subtargetconfig
2020-01-21 10:57:17.149716 | > DO_CALL (0.000s wait)
.2020-01-21 10:57:17.154005 | eval'd: drake::cmq_buildtargetmetadepsspecht_is_subtargetconfig
2020-01-21 10:57:21.569345 | > DO_CALL (0.001s wait)
.2020-01-21 10:57:21.574214 | eval'd: drake::cmq_buildtargetmetadepsspecht_is_subtargetconfig
2020-01-21 10:57:25.812652 | > DO_CALL (0.001s wait)
.2020-01-21 10:57:25.818064 | eval'd: drake::cmq_buildtargetmetadepsspecht_is_subtargetconfig
2020-01-21 10:57:30.020408 | > DO_CALL (0.001s wait)
.2020-01-21 10:57:30.025367 | eval'd: drake::cmq_buildtargetmetadepsspecht_is_subtargetconfig
2020-01-21 10:57:33.780783 | > DO_CALL (0.000s wait)
.2020-01-21 10:57:33.784771 | eval'd: drake::cmq_buildtargetmetadepsspecht_is_subtargetconfig
2020-01-21 10:57:39.667707 | > DO_CALL (0.000s wait)
.2020-01-21 10:57:39.672092 | eval'd: drake::cmq_buildtargetmetadepsspecht_is_subtargetconfig
2020-01-21 10:57:43.923596 | > DO_CALL (0.001s wait)
.2020-01-21 10:57:43.928893 | eval'd: drake::cmq_buildtargetmetadepsspecht_is_subtargetconfig
2020-01-21 10:57:47.876538 | > DO_CALL (0.001s wait)
.2020-01-21 10:57:47.882253 | eval'd: drake::cmq_buildtargetmetadepsspecht_is_subtargetconfig
2020-01-21 10:57:52.153622 | > DO_CALL (0.001s wait)
.2020-01-21 10:57:52.158947 | eval'd: drake::cmq_buildtargetmetadepsspecht_is_subtargetconfig
2020-01-21 10:57:56.261662 | > DO_CALL (0.000s wait)
.2020-01-21 10:57:56.266068 | eval'd: drake::cmq_buildtargetmetadepsspecht_is_subtargetconfig
2020-01-21 10:58:01.020509 | > DO_CALL (0.001s wait)
.2020-01-21 10:58:01.025617 | eval'd: drake::cmq_buildtargetmetadepsspecht_is_subtargetconfig
2020-01-21 10:58:04.771425 | > DO_CALL (0.001s wait)
.2020-01-21 10:58:04.776298 | eval'd: drake::cmq_buildtargetmetadepsspecht_is_subtargetconfig
2020-01-21 10:58:08.871865 | > DO_CALL (0.000s wait)
.2020-01-21 10:58:08.876523 | eval'd: drake::cmq_buildtargetmetadepsspecht_is_subtargetconfig
2020-01-21 10:58:12.882445 | > DO_CALL (0.001s wait)
.2020-01-21 10:58:12.887543 | eval'd: drake::cmq_buildtargetmetadepsspecht_is_subtargetconfig
2020-01-21 10:58:16.583643 | > DO_CALL (0.001s wait)
.2020-01-21 10:58:16.589321 | eval'd: drake::cmq_buildtargetmetadepsspecht_is_subtargetconfig
2020-01-21 10:58:20.358963 | > DO_CALL (0.001s wait)
.2020-01-21 10:58:20.363249 | eval'd: drake::cmq_buildtargetmetadepsspecht_is_subtargetconfig
2020-01-21 10:58:24.017866 | > DO_CALL (0.000s wait)
.2020-01-21 10:58:24.021887 | eval'd: drake::cmq_buildtargetmetadepsspecht_is_subtargetconfig
2020-01-21 10:58:28.215243 | > DO_CALL (0.001s wait)
.2020-01-21 10:58:28.220030 | eval'd: drake::cmq_buildtargetmetadepsspecht_is_subtargetconfig
2020-01-21 10:58:31.835222 | > DO_CALL (0.001s wait)
.2020-01-21 10:58:31.840033 | eval'd: drake::cmq_buildtargetmetadepsspecht_is_subtargetconfig
2020-01-21 10:58:35.761948 | > DO_CALL (0.001s wait)
.2020-01-21 10:58:35.766194 | eval'd: drake::cmq_buildtargetmetadepsspecht_is_subtargetconfig
2020-01-21 10:58:40.016592 | > DO_CALL (0.001s wait)
.2020-01-21 10:58:40.021700 | eval'd: drake::cmq_buildtargetmetadepsspecht_is_subtargetconfig
2020-01-21 10:58:45.813482 | > DO_CALL (0.001s wait)
.2020-01-21 10:58:45.818631 | eval'd: drake::cmq_buildtargetmetadepsspecht_is_subtargetconfig
2020-01-21 10:58:49.749382 | > DO_CALL (0.001s wait)
.2020-01-21 10:58:49.754291 | eval'd: drake::cmq_buildtargetmetadepsspecht_is_subtargetconfig
2020-01-21 10:58:53.792733 | > DO_CALL (0.000s wait)
.2020-01-21 10:58:53.796750 | eval'd: drake::cmq_buildtargetmetadepsspecht_is_subtargetconfig
2020-01-21 10:58:58.710841 | > DO_CALL (0.000s wait)
.2020-01-21 10:58:58.715448 | eval'd: drake::cmq_buildtargetmetadepsspecht_is_subtargetconfig
2020-01-21 10:59:02.754761 | > DO_CALL (0.000s wait)
.2020-01-21 10:59:02.758737 | eval'd: drake::cmq_buildtargetmetadepsspecht_is_subtargetconfig
2020-01-21 10:59:06.627713 | > DO_CALL (0.000s wait)
.2020-01-21 10:59:06.632012 | eval'd: drake::cmq_buildtargetmetadepsspecht_is_subtargetconfig
2020-01-21 10:59:10.505335 | > DO_CALL (0.001s wait)
.
2020-01-21 10:59:10.510419 | eval'd: drake::cmq_buildtargetmetadepsspecht_is_subtargetconfig
2020-01-21 10:59:14.416098 | > DO_CALL (0.001s wait)
.2020-01-21 10:59:14.420744 | eval'd: drake::cmq_buildtargetmetadepsspecht_is_subtargetconfig
2020-01-21 10:59:18.367816 | > DO_CALL (0.000s wait)
.2020-01-21 10:59:18.372344 | eval'd: drake::cmq_buildtargetmetadepsspecht_is_subtargetconfig
2020-01-21 10:59:22.345589 | > DO_CALL (0.001s wait)
.2020-01-21 10:59:22.351190 | eval'd: drake::cmq_buildtargetmetadepsspecht_is_subtargetconfig
2020-01-21 10:59:26.385978 | > DO_CALL (0.001s wait)
.2020-01-21 10:59:26.390840 | eval'd: drake::cmq_buildtargetmetadepsspecht_is_subtargetconfig
2020-01-21 10:59:30.934739 | > DO_CALL (0.001s wait)
.2020-01-21 10:59:30.940545 | eval'd: drake::cmq_buildtargetmetadepsspecht_is_subtargetconfig
2020-01-21 10:59:34.723340 | > DO_CALL (0.001s wait)
.2020-01-21 10:59:34.728395 | eval'd: drake::cmq_buildtargetmetadepsspecht_is_subtargetconfig
2020-01-21 10:59:38.542685 | > DO_CALL (0.001s wait)
.2020-01-21 10:59:38.548225 | eval'd: drake::cmq_buildtargetmetadepsspecht_is_subtargetconfig
2020-01-21 10:59:42.440428 | > DO_CALL (0.001s wait)
.2020-01-21 10:59:42.445759 | eval'd: drake::cmq_buildtargetmetadepsspecht_is_subtargetconfig
2020-01-21 10:59:48.719015 | > DO_CALL (0.001s wait)
.2020-01-21 10:59:48.724018 | eval'd: drake::cmq_buildtargetmetadepsspecht_is_subtargetconfig
2020-01-21 10:59:52.436028 | > DO_CALL (0.001s wait)
.2020-01-21 10:59:52.440606 | eval'd: drake::cmq_buildtargetmetadepsspecht_is_subtargetconfig
2020-01-21 10:59:56.297863 | > DO_CALL (0.001s wait)
.2020-01-21 10:59:56.304254 | eval'd: drake::cmq_buildtargetmetadepsspecht_is_subtargetconfig
2020-01-21 11:00:00.083829 | > DO_CALL (0.000s wait)
.2020-01-21 11:00:00.088093 | eval'd: drake::cmq_buildtargetmetadepsspecht_is_subtargetconfig
2020-01-21 11:00:03.934087 | > DO_CALL (0.001s wait)
.2020-01-21 11:00:03.938753 | eval'd: drake::cmq_buildtargetmetadepsspecht_is_subtargetconfig
2020-01-21 11:00:07.544050 | > DO_CALL (0.001s wait)
.2020-01-21 11:00:07.549123 | eval'd: drake::cmq_buildtargetmetadepsspecht_is_subtargetconfig
2020-01-21 11:00:11.046161 | > DO_CALL (0.001s wait)
.2020-01-21 11:00:11.050925 | eval'd: drake::cmq_buildtargetmetadepsspecht_is_subtargetconfig
2020-01-21 11:00:14.821889 | > DO_CALL (0.001s wait)
.2020-01-21 11:00:14.827819 | eval'd: drake::cmq_buildtargetmetadepsspecht_is_subtargetconfig
2020-01-21 11:00:18.598835 | > DO_CALL (0.000s wait)
.2020-01-21 11:00:18.603212 | eval'd: drake::cmq_buildtargetmetadepsspecht_is_subtargetconfig
2020-01-21 11:00:22.513305 | > DO_CALL (0.001s wait)
.2020-01-21 11:00:22.530533 | eval'd: drake::cmq_buildtargetmetadepsspecht_is_subtargetconfig
2020-01-21 11:00:26.434974 | > DO_CALL (0.001s wait)
.2020-01-21 11:00:26.439803 | eval'd: drake::cmq_buildtargetmetadepsspecht_is_subtargetconfig
2020-01-21 11:00:30.958208 | > DO_CALL (0.001s wait)
.2020-01-21 11:00:30.964951 | eval'd: drake::cmq_buildtargetmetadepsspecht_is_subtargetconfig
2020-01-21 11:00:34.845697 | > DO_CALL (0.001s wait)
.2020-01-21 11:00:34.851182 | eval'd: drake::cmq_buildtargetmetadepsspecht_is_subtargetconfig
2020-01-21 11:00:38.964099 | > DO_CALL (0.001s wait)
.2020-01-21 11:00:38.969309 | eval'd: drake::cmq_buildtargetmetadepsspecht_is_subtargetconfig
2020-01-21 11:00:42.692117 | > DO_CALL (0.001s wait)
.2020-01-21 11:00:42.696756 | eval'd: drake::cmq_buildtargetmetadepsspecht_is_subtargetconfig
2020-01-21 11:00:48.311786 | > DO_CALL (0.000s wait)
.2020-01-21 11:00:48.316652 | eval'd: drake::cmq_buildtargetmetadepsspecht_is_subtargetconfig
2020-01-21 11:00:52.322901 | > DO_CALL (0.000s wait)
.2020-01-21 11:00:52.327465 | eval'd: drake::cmq_buildtargetmetadepsspecht_is_subtargetconfig
2020-01-21 11:00:56.418058 | > DO_CALL (0.001s wait)
.2020-01-21 11:00:56.423103 | eval'd: drake::cmq_buildtargetmetadepsspecht_is_subtargetconfig
2020-01-21 11:01:00.207031 | > DO_CALL (0.001s wait)
.2020-01-21 11:01:00.211457 | eval'd: drake::cmq_buildtargetmetadepsspecht_is_subtargetconfig
2020-01-21 11:01:04.877885 | > DO_CALL (0.000s wait)
.2020-01-21 11:01:04.882176 | eval'd: drake::cmq_buildtargetmetadepsspecht_is_subtargetconfig
2020-01-21 11:01:08.848932 | > DO_CALL (0.000s wait)
.2020-01-21 11:01:08.853883 | eval'd: drake::cmq_buildtargetmetadepsspecht_is_subtargetconfig
2020-01-21 11:01:13.004601 | > DO_CALL (0.001s wait)
.2020-01-21 11:01:13.010031 | eval'd: drake::cmq_buildtargetmetadepsspecht_is_subtargetconfig
2020-01-21 11:01:16.854606 | > DO_CALL (0.001s wait)
.2020-01-21 11:01:16.860615 | eval'd: drake::cmq_buildtargetmetadepsspecht_is_subtargetconfig
2020-01-21 11:01:20.673117 | > DO_CALL (0.001s wait)
.2020-01-21 11:01:20.677830 | eval'd: drake::cmq_buildtargetmetadepsspecht_is_subtargetconfig
2020-01-21 11:01:24.392550 | > DO_CALL (0.001s wait)
.2020-01-21 11:01:24.397933 | eval'd: drake::cmq_buildtargetmetadepsspecht_is_subtargetconfig
2020-01-21 11:01:28.120259 | > DO_CALL (0.001s wait)
.2020-01-21 11:01:28.125072 | eval'd: drake::cmq_buildtargetmetadepsspecht_is_subtargetconfig
2020-01-21 11:01:31.862524 | > DO_CALL (0.001s wait)
.2020-01-21 11:01:31.867756 | eval'd: drake::cmq_buildtargetmetadepsspecht_is_subtargetconfig
2020-01-21 11:01:36.107060 | > DO_CALL (0.001s wait)
.2020-01-21 11:01:36.112145 | eval'd: drake::cmq_buildtargetmetadepsspecht_is_subtargetconfig
2020-01-21 11:01:39.788707 | > DO_CALL (0.001s wait)
.2020-01-21 11:01:39.794246 | eval'd: drake::cmq_buildtargetmetadepsspecht_is_subtargetconfig
2020-01-21 11:01:43.421984 | > DO_CALL (0.001s wait)
.2020-01-21 11:01:43.426420 | eval'd: drake::cmq_buildtargetmetadepsspecht_is_subtargetconfig
2020-01-21 11:01:47.134843 | > DO_CALL (0.000s wait)
.2020-01-21 11:01:47.139640 | eval'd: drake::cmq_buildtargetmetadepsspecht_is_subtargetconfig
2020-01-21 11:01:52.787445 | > DO_CALL (0.001s wait)
.2020-01-21 11:01:52.792685 | eval'd: drake::cmq_buildtargetmetadepsspecht_is_subtargetconfig
2020-01-21 11:01:56.588057 | > DO_CALL (0.001s wait)
.2020-01-21 11:01:56.593219 | eval'd: drake::cmq_buildtargetmetadepsspecht_is_subtargetconfig
2020-01-21 11:02:00.573068 | > DO_CALL (0.001s wait)
.2020-01-21 11:02:00.577649 | eval'd: drake::cmq_buildtargetmetadepsspecht_is_subtargetconfig
2020-01-21 11:02:04.195725 | > DO_CALL (0.000s wait)
.2020-01-21 11:02:04.199783 | eval'd: drake::cmq_buildtargetmetadepsspecht_is_subtargetconfig
2020-01-21 11:02:07.832885 | > DO_CALL (0.000s wait)
.2020-01-21 11:02:07.837191 | eval'd: drake::cmq_buildtargetmetadepsspecht_is_subtargetconfig
2020-01-21 11:02:11.566302 | > DO_CALL (0.001s wait)
.2020-01-21 11:02:11.571497 | eval'd: drake::cmq_buildtargetmetadepsspecht_is_subtargetconfig
2020-01-21 11:02:15.490501 | > DO_CALL (0.001s wait)
.2020-01-21 11:02:15.495897 | eval'd: drake::cmq_buildtargetmetadepsspecht_is_subtargetconfig
2020-01-21 11:02:19.274174 | > DO_CALL (0.001s wait)
.2020-01-21 11:02:19.279005 | eval'd: drake::cmq_buildtargetmetadepsspecht_is_subtargetconfig
2020-01-21 11:02:23.282706 | > DO_CALL (0.000s wait)
.2020-01-21 11:02:23.287000 | eval'd: drake::cmq_buildtargetmetadepsspecht_is_subtargetconfig
2020-01-21 11:02:26.865604 | > DO_CALL (0.001s wait)
.2020-01-21 11:02:26.871712 | eval'd: drake::cmq_buildtargetmetadepsspecht_is_subtargetconfig
2020-01-21 11:02:30.456385 | > DO_CALL (0.001s wait)
.2020-01-21 11:02:30.461547 | eval'd: drake::cmq_buildtargetmetadepsspecht_is_subtargetconfig
2020-01-21 11:02:34.950752 | > DO_CALL (0.000s wait)
.2020-01-21 11:02:34.955074 | eval'd: drake::cmq_buildtargetmetadepsspecht_is_subtargetconfig
2020-01-21 11:02:39.239626 | > DO_CALL (0.000s wait)
.2020-01-21 11:02:39.244634 | eval'd: drake::cmq_buildtargetmetadepsspecht_is_subtargetconfig
2020-01-21 11:02:43.028807 | > DO_CALL (0.000s wait)
.2020-01-21 11:02:43.033126 | eval'd: drake::cmq_buildtargetmetadepsspecht_is_subtargetconfig
2020-01-21 11:02:46.956274 | > DO_CALL (0.001s wait)
.2020-01-21 11:02:46.961732 | eval'd: drake::cmq_buildtargetmetadepsspecht_is_subtargetconfig
2020-01-21 11:02:50.748802 | > DO_CALL (0.000s wait)
.2020-01-21 11:02:50.753021 | eval'd: drake::cmq_buildtargetmetadepsspecht_is_subtargetconfig
2020-01-21 11:02:56.051053 | > DO_CALL (0.001s wait)
.2020-01-21 11:02:56.056192 | eval'd: drake::cmq_buildtargetmetadepsspecht_is_subtargetconfig
2020-01-21 11:02:59.616611 | > DO_CALL (0.001s wait)
.2020-01-21 11:02:59.622209 | eval'd: drake::cmq_buildtargetmetadepsspecht_is_subtargetconfig
2020-01-21 11:03:03.247261 | > DO_CALL (0.001s wait)
.2020-01-21 11:03:03.252228 | eval'd: drake::cmq_buildtargetmetadepsspecht_is_subtargetconfig
2020-01-21 11:03:06.941817 | > DO_CALL (0.000s wait)
.2020-01-21 11:03:06.946572 | eval'd: drake::cmq_buildtargetmetadepsspecht_is_subtargetconfig
2020-01-21 11:03:10.606258 | > DO_CALL (0.001s wait)
.2020-01-21 11:03:10.611393 | eval'd: drake::cmq_buildtargetmetadepsspecht_is_subtargetconfig
2020-01-21 11:03:14.345408 | > DO_CALL (0.001s wait)
.2020-01-21 11:03:14.350636 | eval'd: drake::cmq_buildtargetmetadepsspecht_is_subtargetconfig
2020-01-21 11:03:18.664894 | > DO_CALL (0.000s wait)
.2020-01-21 11:03:18.669249 | eval'd: drake::cmq_buildtargetmetadepsspecht_is_subtargetconfig
2020-01-21 11:03:22.221499 | > DO_CALL (0.001s wait)
.2020-01-21 11:03:22.226881 | eval'd: drake::cmq_buildtargetmetadepsspecht_is_subtargetconfig
2020-01-21 11:03:25.748728 | > DO_CALL (0.000s wait)
.2020-01-21 11:03:25.752953 | eval'd: drake::cmq_buildtargetmetadepsspecht_is_subtargetconfig
2020-01-21 11:03:29.794922 | > DO_CALL (0.000s wait)
.2020-01-21 11:03:29.799374 | eval'd: drake::cmq_buildtargetmetadepsspecht_is_subtargetconfig
2020-01-21 11:03:34.201134 | > DO_CALL (0.001s wait)
.2020-01-21 11:03:34.205954 | eval'd: drake::cmq_buildtargetmetadepsspecht_is_subtargetconfig
2020-01-21 11:03:38.511578 | > DO_CALL (0.001s wait)
.2020-01-21 11:03:38.517554 | eval'd: drake::cmq_buildtargetmetadepsspecht_is_subtargetconfig
2020-01-21 11:03:42.954992 | > DO_CALL (0.001s wait)
.2020-01-21 11:03:42.959652 | eval'd: drake::cmq_buildtargetmetadepsspecht_is_subtargetconfig
2020-01-21 11:03:46.711166 | > DO_CALL (0.001s wait)
.2020-01-21 11:03:46.716540 | eval'd: drake::cmq_buildtargetmetadepsspecht_is_subtargetconfig
2020-01-21 11:03:50.317339 | > DO_CALL (0.001s wait)
.2020-01-21 11:03:50.322456 | eval'd: drake::cmq_buildtargetmetadepsspecht_is_subtargetconfig
2020-01-21 11:03:54.188395 | > DO_CALL (0.001s wait)
.2020-01-21 11:03:54.193698 | eval'd: drake::cmq_buildtargetmetadepsspecht_is_subtargetconfig
2020-01-21 11:03:59.986993 | > DO_CALL (0.001s wait)
.2020-01-21 11:03:59.991577 | eval'd: drake::cmq_buildtargetmetadepsspecht_is_subtargetconfig
2020-01-21 11:04:04.711788 | > DO_CALL (0.000s wait)
.2020-01-21 11:04:04.716068 | eval'd: drake::cmq_buildtargetmetadepsspecht_is_subtargetconfig
2020-01-21 11:04:08.422252 | > DO_CALL (0.001s wait)
.2020-01-21 11:04:08.427809 | eval'd: drake::cmq_buildtargetmetadepsspecht_is_subtargetconfig
2020-01-21 11:04:12.150902 | > DO_CALL (0.000s wait)
.2020-01-21 11:04:12.155381 | eval'd: drake::cmq_buildtargetmetadepsspecht_is_subtargetconfig
2020-01-21 11:04:15.949660 | > DO_CALL (0.000s wait)
.2020-01-21 11:04:15.954086 | eval'd: drake::cmq_buildtargetmetadepsspecht_is_subtargetconfig
2020-01-21 11:04:19.664960 | > DO_CALL (0.001s wait)
.2020-01-21 11:04:19.669659 | eval'd: drake::cmq_buildtargetmetadepsspecht_is_subtargetconfig
2020-01-21 11:04:23.514391 | > DO_CALL (0.001s wait)
.2020-01-21 11:04:23.519679 | eval'd: drake::cmq_buildtargetmetadepsspecht_is_subtargetconfig
2020-01-21 11:04:27.206498 | > DO_CALL (0.001s wait)
.
2020-01-21 11:04:27.214710 | eval'd: drake::cmq_buildtargetmetadepsspecht_is_subtargetconfig
2020-01-21 11:04:30.772742 | > DO_CALL (0.000s wait)
.2020-01-21 11:04:30.776954 | eval'd: drake::cmq_buildtargetmetadepsspecht_is_subtargetconfig
2020-01-21 11:04:34.438787 | > DO_CALL (0.000s wait)
.2020-01-21 11:04:34.443069 | eval'd: drake::cmq_buildtargetmetadepsspecht_is_subtargetconfig
2020-01-21 11:04:38.232593 | > DO_CALL (0.001s wait)
.2020-01-21 11:04:38.239058 | eval'd: drake::cmq_buildtargetmetadepsspecht_is_subtargetconfig
2020-01-21 11:04:42.147777 | > DO_CALL (0.000s wait)
.2020-01-21 11:04:42.152113 | eval'd: drake::cmq_buildtargetmetadepsspecht_is_subtargetconfig
2020-01-21 11:04:46.445228 | > DO_CALL (0.001s wait)
.2020-01-21 11:04:46.450814 | eval'd: drake::cmq_buildtargetmetadepsspecht_is_subtargetconfig
2020-01-21 11:04:50.138893 | > DO_CALL (0.000s wait)
.2020-01-21 11:04:50.143298 | eval'd: drake::cmq_buildtargetmetadepsspecht_is_subtargetconfig
2020-01-21 11:04:54.045804 | > DO_CALL (0.000s wait)
.2020-01-21 11:04:54.050162 | eval'd: drake::cmq_buildtargetmetadepsspecht_is_subtargetconfig
2020-01-21 11:04:57.622780 | > DO_CALL (0.001s wait)
.2020-01-21 11:04:57.628889 | eval'd: drake::cmq_buildtargetmetadepsspecht_is_subtargetconfig
2020-01-21 11:05:03.295804 | > DO_CALL (0.000s wait)
.2020-01-21 11:05:03.300140 | eval'd: drake::cmq_buildtargetmetadepsspecht_is_subtargetconfig
2020-01-21 11:05:06.830690 | > DO_CALL (0.000s wait)
.2020-01-21 11:05:06.835408 | eval'd: drake::cmq_buildtargetmetadepsspecht_is_subtargetconfig
2020-01-21 11:05:10.593668 | > DO_CALL (0.001s wait)
.2020-01-21 11:05:10.599417 | eval'd: drake::cmq_buildtargetmetadepsspecht_is_subtargetconfig
2020-01-21 11:05:14.308847 | > DO_CALL (0.000s wait)
.2020-01-21 11:05:14.313290 | eval'd: drake::cmq_buildtargetmetadepsspecht_is_subtargetconfig
2020-01-21 11:05:18.699933 | > DO_CALL (0.000s wait)
.2020-01-21 11:05:18.704488 | eval'd: drake::cmq_buildtargetmetadepsspecht_is_subtargetconfig
2020-01-21 11:05:22.276928 | > DO_CALL (0.001s wait)
.2020-01-21 11:05:22.283406 | eval'd: drake::cmq_buildtargetmetadepsspecht_is_subtargetconfig
2020-01-21 11:05:25.903692 | > DO_CALL (0.001s wait)
.2020-01-21 11:05:25.921850 | eval'd: drake::cmq_buildtargetmetadepsspecht_is_subtargetconfig
2020-01-21 11:05:29.598117 | > DO_CALL (0.001s wait)
.2020-01-21 11:05:29.603081 | eval'd: drake::cmq_buildtargetmetadepsspecht_is_subtargetconfig
2020-01-21 11:05:33.466192 | > DO_CALL (0.001s wait)
.2020-01-21 11:05:33.471033 | eval'd: drake::cmq_buildtargetmetadepsspecht_is_subtargetconfig
2020-01-21 11:05:36.945205 | > DO_CALL (0.001s wait)
.2020-01-21 11:05:36.950634 | eval'd: drake::cmq_buildtargetmetadepsspecht_is_subtargetconfig
2020-01-21 11:05:40.805904 | > DO_CALL (0.000s wait)
.2020-01-21 11:05:40.810319 | eval'd: drake::cmq_buildtargetmetadepsspecht_is_subtargetconfig
2020-01-21 11:05:44.581929 | > DO_CALL (0.000s wait)
.2020-01-21 11:05:44.586424 | eval'd: drake::cmq_buildtargetmetadepsspecht_is_subtargetconfig
2020-01-21 11:05:48.901657 | > DO_CALL (0.000s wait)
.2020-01-21 11:05:48.905769 | eval'd: drake::cmq_buildtargetmetadepsspecht_is_subtargetconfig
2020-01-21 11:05:52.668502 | > DO_CALL (0.001s wait)
.2020-01-21 11:05:52.674333 | eval'd: drake::cmq_buildtargetmetadepsspecht_is_subtargetconfig
2020-01-21 11:05:56.146522 | > DO_CALL (0.001s wait)
.2020-01-21 11:05:56.152675 | eval'd: drake::cmq_buildtargetmetadepsspecht_is_subtargetconfig
2020-01-21 11:05:59.678968 | > DO_CALL (0.001s wait)
.2020-01-21 11:05:59.683461 | eval'd: drake::cmq_buildtargetmetadepsspecht_is_subtargetconfig
2020-01-21 11:06:04.508659 | > DO_CALL (0.000s wait)
.2020-01-21 11:06:04.512819 | eval'd: drake::cmq_buildtargetmetadepsspecht_is_subtargetconfig
2020-01-21 11:06:08.121156 | > DO_CALL (0.001s wait)
.2020-01-21 11:06:08.126524 | eval'd: drake::cmq_buildtargetmetadepsspecht_is_subtargetconfig
2020-01-21 11:06:11.575954 | > DO_CALL (0.001s wait)
.2020-01-21 11:06:11.580530 | eval'd: drake::cmq_buildtargetmetadepsspecht_is_subtargetconfig
2020-01-21 11:06:15.489408 | > DO_CALL (0.001s wait)
.2020-01-21 11:06:15.494878 | eval'd: drake::cmq_buildtargetmetadepsspecht_is_subtargetconfig
2020-01-21 11:06:19.958317 | > DO_CALL (0.001s wait)
.2020-01-21 11:06:19.963509 | eval'd: drake::cmq_buildtargetmetadepsspecht_is_subtargetconfig
2020-01-21 11:06:23.318633 | > DO_CALL (0.000s wait)
.2020-01-21 11:06:23.322764 | eval'd: drake::cmq_buildtargetmetadepsspecht_is_subtargetconfig
2020-01-21 11:06:26.956971 | > DO_CALL (0.001s wait)
.2020-01-21 11:06:26.962104 | eval'd: drake::cmq_buildtargetmetadepsspecht_is_subtargetconfig
2020-01-21 11:06:30.490509 | > DO_CALL (0.001s wait)
.2020-01-21 11:06:30.495893 | eval'd: drake::cmq_buildtargetmetadepsspecht_is_subtargetconfig
2020-01-21 11:06:34.253815 | > DO_CALL (0.000s wait)
.2020-01-21 11:06:34.258166 | eval'd: drake::cmq_buildtargetmetadepsspecht_is_subtargetconfig
2020-01-21 11:06:37.837507 | > DO_CALL (0.001s wait)
.2020-01-21 11:06:37.843492 | eval'd: drake::cmq_buildtargetmetadepsspecht_is_subtargetconfig
2020-01-21 11:06:41.446696 | > DO_CALL (0.000s wait)
.2020-01-21 11:06:41.450901 | eval'd: drake::cmq_buildtargetmetadepsspecht_is_subtargetconfig
2020-01-21 11:06:45.037631 | > DO_CALL (0.000s wait)
.2020-01-21 11:06:45.041732 | eval'd: drake::cmq_buildtargetmetadepsspecht_is_subtargetconfig
2020-01-21 11:06:49.239928 | > DO_CALL (0.000s wait)
.2020-01-21 11:06:49.245584 | eval'd: drake::cmq_buildtargetmetadepsspecht_is_subtargetconfig
2020-01-21 11:06:52.941496 | > DO_CALL (0.001s wait)
.2020-01-21 11:06:52.947043 | eval'd: drake::cmq_buildtargetmetadepsspecht_is_subtargetconfig
2020-01-21 11:06:56.574600 | > DO_CALL (0.001s wait)
.2020-01-21 11:06:56.581033 | eval'd: drake::cmq_buildtargetmetadepsspecht_is_subtargetconfig
2020-01-21 11:07:00.394534 | > DO_CALL (0.001s wait)
.2020-01-21 11:07:00.400056 | eval'd: drake::cmq_buildtargetmetadepsspecht_is_subtargetconfig
2020-01-21 11:07:05.603372 | > DO_CALL (0.001s wait)
.2020-01-21 11:07:05.608695 | eval'd: drake::cmq_buildtargetmetadepsspecht_is_subtargetconfig
2020-01-21 11:07:09.766298 | > DO_CALL (0.001s wait)
.2020-01-21 11:07:09.771410 | eval'd: drake::cmq_buildtargetmetadepsspecht_is_subtargetconfig
2020-01-21 11:07:13.108958 | > DO_CALL (0.001s wait)
.2020-01-21 11:07:13.113703 | eval'd: drake::cmq_buildtargetmetadepsspecht_is_subtargetconfig
2020-01-21 11:07:16.572785 | > DO_CALL (0.000s wait)
.2020-01-21 11:07:16.577770 | eval'd: drake::cmq_buildtargetmetadepsspecht_is_subtargetconfig
2020-01-21 11:07:20.124348 | > DO_CALL (0.001s wait)
.2020-01-21 11:07:20.129999 | eval'd: drake::cmq_buildtargetmetadepsspecht_is_subtargetconfig
2020-01-21 11:07:23.476753 | > DO_CALL (0.000s wait)
.2020-01-21 11:07:23.481069 | eval'd: drake::cmq_buildtargetmetadepsspecht_is_subtargetconfig
2020-01-21 11:07:27.761478 | > DO_CALL (0.001s wait)
.2020-01-21 11:07:27.767619 | eval'd: drake::cmq_buildtargetmetadepsspecht_is_subtargetconfig
2020-01-21 11:07:31.441755 | > DO_CALL (0.000s wait)
.2020-01-21 11:07:31.446120 | eval'd: drake::cmq_buildtargetmetadepsspecht_is_subtargetconfig
2020-01-21 11:07:34.912706 | > DO_CALL (0.000s wait)
.2020-01-21 11:07:34.916953 | eval'd: drake::cmq_buildtargetmetadepsspecht_is_subtargetconfig
2020-01-21 11:07:38.442517 | > DO_CALL (0.001s wait)
.2020-01-21 11:07:38.448891 | eval'd: drake::cmq_buildtargetmetadepsspecht_is_subtargetconfig
2020-01-21 11:07:42.059211 | > DO_CALL (0.001s wait)
.2020-01-21 11:07:42.064592 | eval'd: drake::cmq_buildtargetmetadepsspecht_is_subtargetconfig
2020-01-21 11:07:45.782498 | > DO_CALL (0.001s wait)
.2020-01-21 11:07:45.788363 | eval'd: drake::cmq_buildtargetmetadepsspecht_is_subtargetconfig
2020-01-21 11:07:49.456781 | > DO_CALL (0.000s wait)
.2020-01-21 11:07:49.461117 | eval'd: drake::cmq_buildtargetmetadepsspecht_is_subtargetconfig
2020-01-21 11:07:53.527448 | > DO_CALL (0.001s wait)
.2020-01-21 11:07:53.533036 | eval'd: drake::cmq_buildtargetmetadepsspecht_is_subtargetconfig
2020-01-21 11:07:57.826759 | > DO_CALL (0.000s wait)
.2020-01-21 11:07:57.831590 | eval'd: drake::cmq_buildtargetmetadepsspecht_is_subtargetconfig
2020-01-21 11:08:01.383077 | > DO_CALL (0.001s wait)
.2020-01-21 11:08:01.387986 | eval'd: drake::cmq_buildtargetmetadepsspecht_is_subtargetconfig
2020-01-21 11:08:05.000261 | > DO_CALL (0.001s wait)
.2020-01-21 11:08:05.005498 | eval'd: drake::cmq_buildtargetmetadepsspecht_is_subtargetconfig
2020-01-21 11:08:10.577849 | > DO_CALL (0.000s wait)
.2020-01-21 11:08:10.582643 | eval'd: drake::cmq_buildtargetmetadepsspecht_is_subtargetconfig
2020-01-21 11:08:14.158684 | > DO_CALL (0.000s wait)
.2020-01-21 11:08:14.162955 | eval'd: drake::cmq_buildtargetmetadepsspecht_is_subtargetconfig
2020-01-21 11:08:17.544740 | > DO_CALL (0.000s wait)
.2020-01-21 11:08:17.549081 | eval'd: drake::cmq_buildtargetmetadepsspecht_is_subtargetconfig
2020-01-21 11:08:21.117974 | > DO_CALL (0.001s wait)
.2020-01-21 11:08:21.122645 | eval'd: drake::cmq_buildtargetmetadepsspecht_is_subtargetconfig
2020-01-21 11:08:24.644779 | > DO_CALL (0.000s wait)
.2020-01-21 11:08:24.649198 | eval'd: drake::cmq_buildtargetmetadepsspecht_is_subtargetconfig
2020-01-21 11:08:28.207628 | > DO_CALL (0.000s wait)
.2020-01-21 11:08:28.212625 | eval'd: drake::cmq_buildtargetmetadepsspecht_is_subtargetconfig
2020-01-21 11:08:31.714051 | > DO_CALL (0.001s wait)
.2020-01-21 11:08:31.718924 | eval'd: drake::cmq_buildtargetmetadepsspecht_is_subtargetconfig
2020-01-21 11:08:36.334443 | > DO_CALL (0.001s wait)
.2020-01-21 11:08:36.340359 | eval'd: drake::cmq_buildtargetmetadepsspecht_is_subtargetconfig
2020-01-21 11:08:39.863581 | > DO_CALL (0.000s wait)
.2020-01-21 11:08:39.867956 | eval'd: drake::cmq_buildtargetmetadepsspecht_is_subtargetconfig
2020-01-21 11:08:43.601801 | > DO_CALL (0.000s wait)
.2020-01-21 11:08:43.606371 | eval'd: drake::cmq_buildtargetmetadepsspecht_is_subtargetconfig
2020-01-21 11:08:47.268800 | > DO_CALL (0.000s wait)
.2020-01-21 11:08:47.273880 | eval'd: drake::cmq_buildtargetmetadepsspecht_is_subtargetconfig
2020-01-21 11:08:50.771430 | > DO_CALL (0.001s wait)
.2020-01-21 11:08:50.776841 | eval'd: drake::cmq_buildtargetmetadepsspecht_is_subtargetconfig
2020-01-21 11:08:54.661882 | > DO_CALL (0.000s wait)
.2020-01-21 11:08:54.666762 | eval'd: drake::cmq_buildtargetmetadepsspecht_is_subtargetconfig
2020-01-21 11:08:58.299430 | > DO_CALL (0.001s wait)
.2020-01-21 11:08:58.305682 | eval'd: drake::cmq_buildtargetmetadepsspecht_is_subtargetconfig
2020-01-21 11:09:02.120627 | > DO_CALL (0.000s wait)
.2020-01-21 11:09:02.125055 | eval'd: drake::cmq_buildtargetmetadepsspecht_is_subtargetconfig
2020-01-21 11:09:05.929038 | > DO_CALL (0.016s wait)
.2020-01-21 11:09:05.933223 | eval'd: drake::cmq_buildtargetmetadepsspecht_is_subtargetconfig
2020-01-21 11:09:09.783680 | > DO_CALL (0.001s wait)
.2020-01-21 11:09:09.789886 | eval'd: drake::cmq_buildtargetmetadepsspecht_is_subtargetconfig
2020-01-21 11:09:15.113883 | > DO_CALL (0.000s wait)
.2020-01-21 11:09:15.118627 | eval'd: drake::cmq_buildtargetmetadepsspecht_is_subtargetconfig
2020-01-21 11:09:18.493586 | > DO_CALL (0.000s wait)
.2020-01-21 11:09:18.497862 | eval'd: drake::cmq_buildtargetmetadepsspecht_is_subtargetconfig
2020-01-21 11:09:21.958625 | > DO_CALL (0.001s wait)
.2020-01-21 11:09:21.964393 | eval'd: drake::cmq_buildtargetmetadepsspecht_is_subtargetconfig
2020-01-21 11:09:25.466874 | > DO_CALL (0.000s wait)
.2020-01-21 11:09:25.471418 | eval'd: drake::cmq_buildtargetmetadepsspecht_is_subtargetconfig
2020-01-21 11:09:29.121553 | > DO_CALL (0.001s wait)
.
2020-01-21 11:09:29.127341 | eval'd: drake::cmq_buildtargetmetadepsspecht_is_subtargetconfig
2020-01-21 11:09:32.889702 | > DO_CALL (0.000s wait)
.2020-01-21 11:09:32.894111 | eval'd: drake::cmq_buildtargetmetadepsspecht_is_subtargetconfig
2020-01-21 11:09:36.675981 | > DO_CALL (0.001s wait)
.2020-01-21 11:09:36.681255 | eval'd: drake::cmq_buildtargetmetadepsspecht_is_subtargetconfig
2020-01-21 11:09:41.069893 | > DO_CALL (0.000s wait)
.2020-01-21 11:09:41.074475 | eval'd: drake::cmq_buildtargetmetadepsspecht_is_subtargetconfig
2020-01-21 11:09:44.857083 | > DO_CALL (0.001s wait)
.2020-01-21 11:09:44.862341 | eval'd: drake::cmq_buildtargetmetadepsspecht_is_subtargetconfig
2020-01-21 11:09:48.432506 | > DO_CALL (0.000s wait)
.2020-01-21 11:09:48.437403 | eval'd: drake::cmq_buildtargetmetadepsspecht_is_subtargetconfig
2020-01-21 11:09:51.874423 | > DO_CALL (0.001s wait)
.2020-01-21 11:09:51.879957 | eval'd: drake::cmq_buildtargetmetadepsspecht_is_subtargetconfig
2020-01-21 11:09:55.434685 | > DO_CALL (0.000s wait)
.2020-01-21 11:09:55.439028 | eval'd: drake::cmq_buildtargetmetadepsspecht_is_subtargetconfig
2020-01-21 11:09:59.464735 | > DO_CALL (0.000s wait)
.2020-01-21 11:09:59.469353 | eval'd: drake::cmq_buildtargetmetadepsspecht_is_subtargetconfig
2020-01-21 11:10:02.911299 | > DO_CALL (0.001s wait)
.2020-01-21 11:10:02.916489 | eval'd: drake::cmq_buildtargetmetadepsspecht_is_subtargetconfig
2020-01-21 11:10:06.359533 | > DO_CALL (0.000s wait)
.2020-01-21 11:10:06.364426 | eval'd: drake::cmq_buildtargetmetadepsspecht_is_subtargetconfig
2020-01-21 11:10:09.895544 | > DO_CALL (0.001s wait)
.2020-01-21 11:10:09.915458 | eval'd: drake::cmq_buildtargetmetadepsspecht_is_subtargetconfig
2020-01-21 11:10:15.204715 | > DO_CALL (0.000s wait)
.2020-01-21 11:10:15.209256 | eval'd: drake::cmq_buildtargetmetadepsspecht_is_subtargetconfig
2020-01-21 11:10:18.708478 | > DO_CALL (0.001s wait)
.2020-01-21 11:10:18.718388 | eval'd: drake::cmq_buildtargetmetadepsspecht_is_subtargetconfig
2020-01-21 11:10:22.258584 | > DO_CALL (0.000s wait)
.2020-01-21 11:10:22.263518 | eval'd: drake::cmq_buildtargetmetadepsspecht_is_subtargetconfig
2020-01-21 11:10:25.708588 | > DO_CALL (0.000s wait)
.2020-01-21 11:10:25.713507 | eval'd: drake::cmq_buildtargetmetadepsspecht_is_subtargetconfig
2020-01-21 11:10:29.255689 | > DO_CALL (0.000s wait)
.2020-01-21 11:10:29.260492 | eval'd: drake::cmq_buildtargetmetadepsspecht_is_subtargetconfig
2020-01-21 11:10:32.838925 | > DO_CALL (0.000s wait)
.2020-01-21 11:10:32.844085 | eval'd: drake::cmq_buildtargetmetadepsspecht_is_subtargetconfig
2020-01-21 11:10:36.443601 | > DO_CALL (0.001s wait)
.2020-01-21 11:10:36.450319 | eval'd: drake::cmq_buildtargetmetadepsspecht_is_subtargetconfig
2020-01-21 11:10:40.177147 | > DO_CALL (0.001s wait)
.2020-01-21 11:10:40.182883 | eval'd: drake::cmq_buildtargetmetadepsspecht_is_subtargetconfig
2020-01-21 11:10:43.679550 | > DO_CALL (0.000s wait)
.2020-01-21 11:10:43.684406 | eval'd: drake::cmq_buildtargetmetadepsspecht_is_subtargetconfig
2020-01-21 11:10:47.294799 | > DO_CALL (0.000s wait)
.2020-01-21 11:10:47.300710 | eval'd: drake::cmq_buildtargetmetadepsspecht_is_subtargetconfig
2020-01-21 11:10:50.704575 | > DO_CALL (0.001s wait)
.2020-01-21 11:10:50.711047 | eval'd: drake::cmq_buildtargetmetadepsspecht_is_subtargetconfig
2020-01-21 11:10:54.271142 | > DO_CALL (0.001s wait)
.2020-01-21 11:10:54.277004 | eval'd: drake::cmq_buildtargetmetadepsspecht_is_subtargetconfig
2020-01-21 11:10:58.820446 | > DO_CALL (0.001s wait)
.2020-01-21 11:10:58.826641 | eval'd: drake::cmq_buildtargetmetadepsspecht_is_subtargetconfig
2020-01-21 11:11:02.994545 | > DO_CALL (0.001s wait)
.2020-01-21 11:11:03.000844 | eval'd: drake::cmq_buildtargetmetadepsspecht_is_subtargetconfig
2020-01-21 11:11:06.712644 | > DO_CALL (0.001s wait)
.2020-01-21 11:11:06.719677 | eval'd: drake::cmq_buildtargetmetadepsspecht_is_subtargetconfig
2020-01-21 11:11:10.191550 | > DO_CALL (0.000s wait)
.2020-01-21 11:11:10.196332 | eval'd: drake::cmq_buildtargetmetadepsspecht_is_subtargetconfig
2020-01-21 11:11:13.895574 | > DO_CALL (0.000s wait)
.2020-01-21 11:11:13.900251 | eval'd: drake::cmq_buildtargetmetadepsspecht_is_subtargetconfig
2020-01-21 11:11:19.394132 | > DO_CALL (0.001s wait)
.2020-01-21 11:11:19.400212 | eval'd: drake::cmq_buildtargetmetadepsspecht_is_subtargetconfig
2020-01-21 11:11:22.968643 | > DO_CALL (0.000s wait)
.2020-01-21 11:11:22.973254 | eval'd: drake::cmq_buildtargetmetadepsspecht_is_subtargetconfig
2020-01-21 11:11:26.479600 | > DO_CALL (0.001s wait)
.2020-01-21 11:11:26.486548 | eval'd: drake::cmq_buildtargetmetadepsspecht_is_subtargetconfig
2020-01-21 11:11:29.957375 | > DO_CALL (0.001s wait)
.2020-01-21 11:11:29.963582 | eval'd: drake::cmq_buildtargetmetadepsspecht_is_subtargetconfig
2020-01-21 11:11:33.570516 | > DO_CALL (0.001s wait)
.2020-01-21 11:11:33.576952 | eval'd: drake::cmq_buildtargetmetadepsspecht_is_subtargetconfig
2020-01-21 11:11:37.299467 | > DO_CALL (0.001s wait)
.2020-01-21 11:11:37.306380 | eval'd: drake::cmq_buildtargetmetadepsspecht_is_subtargetconfig
2020-01-21 11:11:41.112442 | > DO_CALL (0.001s wait)
.2020-01-21 11:11:41.118639 | eval'd: drake::cmq_buildtargetmetadepsspecht_is_subtargetconfig
2020-01-21 11:11:44.774338 | > DO_CALL (0.001s wait)
.2020-01-21 11:11:44.780691 | eval'd: drake::cmq_buildtargetmetadepsspecht_is_subtargetconfig
2020-01-21 11:11:48.358420 | > DO_CALL (0.001s wait)
.2020-01-21 11:11:48.365240 | eval'd: drake::cmq_buildtargetmetadepsspecht_is_subtargetconfig
2020-01-21 11:11:51.820549 | > DO_CALL (0.000s wait)
.2020-01-21 11:11:51.824809 | eval'd: drake::cmq_buildtargetmetadepsspecht_is_subtargetconfig
2020-01-21 11:11:56.207342 | > DO_CALL (0.001s wait)
.2020-01-21 11:11:56.213618 | eval'd: drake::cmq_buildtargetmetadepsspecht_is_subtargetconfig
2020-01-21 11:11:59.728122 | > DO_CALL (0.001s wait)
.2020-01-21 11:11:59.733924 | eval'd: drake::cmq_buildtargetmetadepsspecht_is_subtargetconfig
2020-01-21 11:12:03.862485 | > DO_CALL (0.001s wait)
.2020-01-21 11:12:03.869169 | eval'd: drake::cmq_buildtargetmetadepsspecht_is_subtargetconfig
2020-01-21 11:12:07.312469 | > DO_CALL (0.001s wait)
.2020-01-21 11:12:07.319414 | eval'd: drake::cmq_buildtargetmetadepsspecht_is_subtargetconfig
2020-01-21 11:12:10.792075 | > DO_CALL (0.001s wait)
.2020-01-21 11:12:10.797487 | eval'd: drake::cmq_buildtargetmetadepsspecht_is_subtargetconfig
2020-01-21 11:12:14.226161 | > DO_CALL (0.001s wait)
.2020-01-21 11:12:14.232093 | eval'd: drake::cmq_buildtargetmetadepsspecht_is_subtargetconfig
2020-01-21 11:12:17.816424 | > DO_CALL (0.001s wait)
.2020-01-21 11:12:17.822463 | eval'd: drake::cmq_buildtargetmetadepsspecht_is_subtargetconfig
2020-01-21 11:12:23.101477 | > DO_CALL (0.001s wait)
.2020-01-21 11:12:23.107844 | eval'd: drake::cmq_buildtargetmetadepsspecht_is_subtargetconfig
2020-01-21 11:12:26.412261 | > DO_CALL (0.001s wait)
.2020-01-21 11:12:26.419138 | eval'd: drake::cmq_buildtargetmetadepsspecht_is_subtargetconfig
2020-01-21 11:12:29.994179 | > DO_CALL (0.001s wait)
.2020-01-21 11:12:29.999927 | eval'd: drake::cmq_buildtargetmetadepsspecht_is_subtargetconfig
2020-01-21 11:12:34.422087 | > DO_CALL (0.001s wait)
.2020-01-21 11:12:34.427859 | eval'd: drake::cmq_buildtargetmetadepsspecht_is_subtargetconfig
2020-01-21 11:12:37.912625 | > DO_CALL (0.000s wait)
.2020-01-21 11:12:37.918018 | eval'd: drake::cmq_buildtargetmetadepsspecht_is_subtargetconfig
2020-01-21 11:12:41.446973 | > DO_CALL (0.001s wait)
.2020-01-21 11:12:41.452302 | eval'd: drake::cmq_buildtargetmetadepsspecht_is_subtargetconfig
2020-01-21 11:12:44.937509 | > DO_CALL (0.000s wait)
.2020-01-21 11:12:44.942088 | eval'd: drake::cmq_buildtargetmetadepsspecht_is_subtargetconfig
2020-01-21 11:12:48.560435 | > DO_CALL (0.001s wait)
.2020-01-21 11:12:48.567466 | eval'd: drake::cmq_buildtargetmetadepsspecht_is_subtargetconfig
2020-01-21 11:12:52.092534 | > DO_CALL (0.001s wait)
.2020-01-21 11:12:52.098956 | eval'd: drake::cmq_buildtargetmetadepsspecht_is_subtargetconfig
2020-01-21 11:12:55.552296 | > DO_CALL (0.001s wait)
.2020-01-21 11:12:55.558412 | eval'd: drake::cmq_buildtargetmetadepsspecht_is_subtargetconfig
2020-01-21 11:12:59.028450 | > DO_CALL (0.001s wait)
.2020-01-21 11:12:59.034890 | eval'd: drake::cmq_buildtargetmetadepsspecht_is_subtargetconfig
2020-01-21 11:13:02.432868 | > DO_CALL (0.000s wait)
.2020-01-21 11:13:02.437875 | eval'd: drake::cmq_buildtargetmetadepsspecht_is_subtargetconfig
2020-01-21 11:13:06.119832 | > DO_CALL (0.000s wait)
.2020-01-21 11:13:06.125388 | eval'd: drake::cmq_buildtargetmetadepsspecht_is_subtargetconfig
2020-01-21 11:13:09.893522 | > DO_CALL (0.001s wait)
.2020-01-21 11:13:09.899868 | eval'd: drake::cmq_buildtargetmetadepsspecht_is_subtargetconfig
2020-01-21 11:13:13.366729 | > DO_CALL (0.000s wait)
.2020-01-21 11:13:13.371832 | eval'd: drake::cmq_buildtargetmetadepsspecht_is_subtargetconfig
2020-01-21 11:13:17.024579 | > DO_CALL (0.001s wait)
.2020-01-21 11:13:17.031554 | eval'd: drake::cmq_buildtargetmetadepsspecht_is_subtargetconfig
2020-01-21 11:13:20.655610 | > DO_CALL (0.001s wait)
.2020-01-21 11:13:20.662080 | eval'd: drake::cmq_buildtargetmetadepsspecht_is_subtargetconfig
2020-01-21 11:13:25.748980 | > DO_CALL (0.001s wait)
.2020-01-21 11:13:25.754209 | eval'd: drake::cmq_buildtargetmetadepsspecht_is_subtargetconfig
2020-01-21 11:13:29.152163 | > DO_CALL (0.001s wait)
.2020-01-21 11:13:29.158060 | eval'd: drake::cmq_buildtargetmetadepsspecht_is_subtargetconfig
2020-01-21 11:13:32.798134 | > DO_CALL (0.001s wait)
.2020-01-21 11:13:32.803847 | eval'd: drake::cmq_buildtargetmetadepsspecht_is_subtargetconfig
2020-01-21 11:13:36.333620 | > DO_CALL (0.000s wait)
.2020-01-21 11:13:36.338765 | eval'd: drake::cmq_buildtargetmetadepsspecht_is_subtargetconfig
2020-01-21 11:13:39.801192 | > DO_CALL (0.001s wait)
.2020-01-21 11:13:39.806864 | eval'd: drake::cmq_buildtargetmetadepsspecht_is_subtargetconfig
2020-01-21 11:13:44.100552 | > DO_CALL (0.001s wait)
.2020-01-21 11:13:44.106882 | eval'd: drake::cmq_buildtargetmetadepsspecht_is_subtargetconfig
2020-01-21 11:13:47.559664 | > DO_CALL (0.000s wait)
.2020-01-21 11:13:47.564846 | eval'd: drake::cmq_buildtargetmetadepsspecht_is_subtargetconfig
2020-01-21 11:13:51.182313 | > DO_CALL (0.001s wait)
.2020-01-21 11:13:51.188622 | eval'd: drake::cmq_buildtargetmetadepsspecht_is_subtargetconfig
2020-01-21 11:13:54.693574 | > DO_CALL (0.001s wait)
.2020-01-21 11:13:54.700278 | eval'd: drake::cmq_buildtargetmetadepsspecht_is_subtargetconfig
2020-01-21 11:13:58.095721 | > DO_CALL (0.000s wait)
.2020-01-21 11:13:58.101029 | eval'd: drake::cmq_buildtargetmetadepsspecht_is_subtargetconfig
2020-01-21 11:14:01.546807 | > DO_CALL (0.000s wait)
.2020-01-21 11:14:01.551821 | eval'd: drake::cmq_buildtargetmetadepsspecht_is_subtargetconfig
2020-01-21 11:14:05.087227 | > DO_CALL (0.001s wait)
.2020-01-21 11:14:05.092904 | eval'd: drake::cmq_buildtargetmetadepsspecht_is_subtargetconfig
2020-01-21 11:14:09.178664 | > DO_CALL (0.000s wait)
.2020-01-21 11:14:09.183512 | eval'd: drake::cmq_buildtargetmetadepsspecht_is_subtargetconfig
2020-01-21 11:14:12.681350 | > DO_CALL (0.001s wait)
.2020-01-21 11:14:12.687345 | eval'd: drake::cmq_buildtargetmetadepsspecht_is_subtargetconfig
2020-01-21 11:14:16.048584 | > DO_CALL (0.000s wait)
.2020-01-21 11:14:16.053682 | eval'd: drake::cmq_buildtargetmetadepsspecht_is_subtargetconfig
2020-01-21 11:14:19.461461 | > DO_CALL (0.001s wait)
.2020-01-21 11:14:19.467576 | eval'd: drake::cmq_buildtargetmetadepsspecht_is_subtargetconfig
2020-01-21 11:14:23.648368 | > DO_CALL (0.001s wait)
.
2020-01-21 11:14:23.654501 | eval'd: drake::cmq_buildtargetmetadepsspecht_is_subtargetconfig
2020-01-21 11:14:29.149510 | > DO_CALL (0.001s wait)
.2020-01-21 11:14:29.175851 | eval'd: drake::cmq_buildtargetmetadepsspecht_is_subtargetconfig
2020-01-21 11:14:32.768487 | > DO_CALL (0.000s wait)
.2020-01-21 11:14:32.772886 | eval'd: drake::cmq_buildtargetmetadepsspecht_is_subtargetconfig
2020-01-21 11:14:36.301711 | > DO_CALL (0.000s wait)
.2020-01-21 11:14:36.306833 | eval'd: drake::cmq_buildtargetmetadepsspecht_is_subtargetconfig
2020-01-21 11:14:39.765677 | > DO_CALL (0.000s wait)
.2020-01-21 11:14:39.770193 | eval'd: drake::cmq_buildtargetmetadepsspecht_is_subtargetconfig
2020-01-21 11:14:43.247767 | > DO_CALL (0.000s wait)
.2020-01-21 11:14:43.252213 | eval'd: drake::cmq_buildtargetmetadepsspecht_is_subtargetconfig
2020-01-21 11:14:46.597449 | > DO_CALL (0.001s wait)
.2020-01-21 11:14:46.603903 | eval'd: drake::cmq_buildtargetmetadepsspecht_is_subtargetconfig
2020-01-21 11:14:49.946313 | > DO_CALL (0.000s wait)
.2020-01-21 11:14:49.950730 | eval'd: drake::cmq_buildtargetmetadepsspecht_is_subtargetconfig
2020-01-21 11:14:53.395214 | > DO_CALL (0.001s wait)
.2020-01-21 11:14:53.400670 | eval'd: drake::cmq_buildtargetmetadepsspecht_is_subtargetconfig
2020-01-21 11:14:56.770273 | > DO_CALL (0.001s wait)
.2020-01-21 11:14:56.776204 | eval'd: drake::cmq_buildtargetmetadepsspecht_is_subtargetconfig
2020-01-21 11:15:00.286453 | > DO_CALL (0.001s wait)
.2020-01-21 11:15:00.292283 | eval'd: drake::cmq_buildtargetmetadepsspecht_is_subtargetconfig
2020-01-21 11:15:03.698318 | > DO_CALL (0.001s wait)
.2020-01-21 11:15:03.703948 | eval'd: drake::cmq_buildtargetmetadepsspecht_is_subtargetconfig
2020-01-21 11:15:07.166623 | > DO_CALL (0.000s wait)
.2020-01-21 11:15:07.171801 | eval'd: drake::cmq_buildtargetmetadepsspecht_is_subtargetconfig
2020-01-21 11:15:10.577808 | > DO_CALL (0.000s wait)
.2020-01-21 11:15:10.582649 | eval'd: drake::cmq_buildtargetmetadepsspecht_is_subtargetconfig
2020-01-21 11:15:14.703213 | > DO_CALL (0.001s wait)
.2020-01-21 11:15:14.708536 | eval'd: drake::cmq_buildtargetmetadepsspecht_is_subtargetconfig
2020-01-21 11:15:18.180632 | > DO_CALL (0.000s wait)
.2020-01-21 11:15:18.185039 | eval'd: drake::cmq_buildtargetmetadepsspecht_is_subtargetconfig
2020-01-21 11:15:22.333448 | > DO_CALL (0.000s wait)
.2020-01-21 11:15:22.337604 | eval'd: drake::cmq_buildtargetmetadepsspecht_is_subtargetconfig
2020-01-21 11:15:25.802784 | > DO_CALL (0.000s wait)
.2020-01-21 11:15:25.807325 | eval'd: drake::cmq_buildtargetmetadepsspecht_is_subtargetconfig
2020-01-21 11:15:31.384661 | > DO_CALL (0.000s wait)
.2020-01-21 11:15:31.388992 | eval'd: drake::cmq_buildtargetmetadepsspecht_is_subtargetconfig
2020-01-21 11:15:34.714326 | > DO_CALL (0.001s wait)
.2020-01-21 11:15:34.720015 | eval'd: drake::cmq_buildtargetmetadepsspecht_is_subtargetconfig
2020-01-21 11:15:38.096533 | > DO_CALL (0.000s wait)
.2020-01-21 11:15:38.101259 | eval'd: drake::cmq_buildtargetmetadepsspecht_is_subtargetconfig
2020-01-21 11:15:41.621517 | > DO_CALL (0.000s wait)
.2020-01-21 11:15:41.625661 | eval'd: drake::cmq_buildtargetmetadepsspecht_is_subtargetconfig
2020-01-21 11:15:45.034008 | > DO_CALL (0.001s wait)
.2020-01-21 11:15:45.038875 | eval'd: drake::cmq_buildtargetmetadepsspecht_is_subtargetconfig
2020-01-21 11:15:48.564758 | > DO_CALL (0.000s wait)
.2020-01-21 11:15:48.569257 | eval'd: drake::cmq_buildtargetmetadepsspecht_is_subtargetconfig
2020-01-21 11:15:52.785535 | > DO_CALL (0.000s wait)
.2020-01-21 11:15:52.789765 | eval'd: drake::cmq_buildtargetmetadepsspecht_is_subtargetconfig
2020-01-21 11:15:56.177899 | > DO_CALL (0.000s wait)
.2020-01-21 11:15:56.183460 | eval'd: drake::cmq_buildtargetmetadepsspecht_is_subtargetconfig
2020-01-21 11:15:59.408348 | > DO_CALL (0.001s wait)
.2020-01-21 11:15:59.413749 | eval'd: drake::cmq_buildtargetmetadepsspecht_is_subtargetconfig
2020-01-21 11:16:02.822830 | > DO_CALL (0.000s wait)
.2020-01-21 11:16:02.827445 | eval'd: drake::cmq_buildtargetmetadepsspecht_is_subtargetconfig
2020-01-21 11:16:06.181315 | > DO_CALL (0.001s wait)
.2020-01-21 11:16:06.187263 | eval'd: drake::cmq_buildtargetmetadepsspecht_is_subtargetconfig
2020-01-21 11:16:09.702391 | > DO_CALL (0.001s wait)
.2020-01-21 11:16:09.707782 | eval'd: drake::cmq_buildtargetmetadepsspecht_is_subtargetconfig
2020-01-21 11:16:12.976751 | > DO_CALL (0.000s wait)
.2020-01-21 11:16:12.981343 | eval'd: drake::cmq_buildtargetmetadepsspecht_is_subtargetconfig
2020-01-21 11:16:16.822103 | > DO_CALL (0.001s wait)
.2020-01-21 11:16:16.827792 | eval'd: drake::cmq_buildtargetmetadepsspecht_is_subtargetconfig
2020-01-21 11:16:20.235336 | > DO_CALL (0.001s wait)
.2020-01-21 11:16:20.241147 | eval'd: drake::cmq_buildtargetmetadepsspecht_is_subtargetconfig
2020-01-21 11:16:23.625238 | > DO_CALL (0.001s wait)
.2020-01-21 11:16:23.630988 | eval'd: drake::cmq_buildtargetmetadepsspecht_is_subtargetconfig
2020-01-21 11:16:27.159515 | > DO_CALL (0.000s wait)
.2020-01-21 11:16:27.163964 | eval'd: drake::cmq_buildtargetmetadepsspecht_is_subtargetconfig
2020-01-21 11:16:31.147092 | > DO_CALL (0.001s wait)
.2020-01-21 11:16:31.152429 | eval'd: drake::cmq_buildtargetmetadepsspecht_is_subtargetconfig
2020-01-21 11:16:35.597939 | > DO_CALL (0.000s wait)
.2020-01-21 11:16:35.602824 | eval'd: drake::cmq_buildtargetmetadepsspecht_is_subtargetconfig
2020-01-21 11:16:39.857850 | > DO_CALL (0.000s wait)
.2020-01-21 11:16:39.862792 | eval'd: drake::cmq_buildtargetmetadepsspecht_is_subtargetconfig
2020-01-21 11:16:43.256443 | > DO_CALL (0.000s wait)
.2020-01-21 11:16:43.260669 | eval'd: drake::cmq_buildtargetmetadepsspecht_is_subtargetconfig
2020-01-21 11:16:46.572033 | > DO_CALL (0.001s wait)
.2020-01-21 11:16:46.577656 | eval'd: drake::cmq_buildtargetmetadepsspecht_is_subtargetconfig
2020-01-21 11:16:50.051394 | > DO_CALL (0.000s wait)
.2020-01-21 11:16:50.055626 | eval'd: drake::cmq_buildtargetmetadepsspecht_is_subtargetconfig
2020-01-21 11:16:53.473737 | > DO_CALL (0.000s wait)
.2020-01-21 11:16:53.478263 | eval'd: drake::cmq_buildtargetmetadepsspecht_is_subtargetconfig
2020-01-21 11:16:56.928303 | > DO_CALL (0.001s wait)
.2020-01-21 11:16:56.934088 | eval'd: drake::cmq_buildtargetmetadepsspecht_is_subtargetconfig
2020-01-21 11:16:59.700276 | > WORKER_WAIT (0.000s wait)
2020-01-21 11:16:59.961202 | waiting 2.50s
2020-01-21 11:19:41.995394 | > WORKER_WAIT (0.000s wait)
2020-01-21 11:19:41.999541 | waiting 2.50s
Error in clustermq:::worker("tcp://c24a-s1:7958") : 
  Timeout reached, terminating
Execution halted
