2020-01-21 10:07:40.288376 | Master: tcp://c24a-s1:7484
2020-01-21 10:07:40.330333 | WORKER_UP to: tcp://c24a-s1:7484
2020-01-21 10:07:43.196518 | > DO_SETUP (2.813s wait)
2020-01-21 10:07:43.197009 | token from msg: set_common_data_token
2020-01-21 10:07:43.615192 | > DO_CALL (0.000s wait)
.* Option 'clustermq.scheduler' not set, defaulting to ‘SLURM’
--- see: https://mschubert.github.io/clustermq/articles/userguide.html#configuration
.2020-01-21 10:07:43.772446 | eval'd: drake::cmq_buildtargetmetadepsspecht_is_subtargetconfig
2020-01-21 10:07:45.093323 | > DO_CALL (0.000s wait)
.2020-01-21 10:07:45.307899 | eval'd: drake::cmq_buildtargetmetadepsspecht_is_subtargetconfig
2020-01-21 10:07:46.478104 | > DO_CALL (0.000s wait)
.2020-01-21 10:07:46.482265 | eval'd: drake::cmq_buildtargetmetadepsspecht_is_subtargetconfig
2020-01-21 10:07:47.844836 | > DO_CALL (0.001s wait)
.2020-01-21 10:07:47.850397 | eval'd: drake::cmq_buildtargetmetadepsspecht_is_subtargetconfig
2020-01-21 10:07:49.120424 | > DO_CALL (0.001s wait)
.2020-01-21 10:07:49.125772 | eval'd: drake::cmq_buildtargetmetadepsspecht_is_subtargetconfig
2020-01-21 10:07:50.395369 | > DO_CALL (0.000s wait)
.2020-01-21 10:07:50.400838 | eval'd: drake::cmq_buildtargetmetadepsspecht_is_subtargetconfig
2020-01-21 10:07:51.658514 | > DO_CALL (0.001s wait)
.2020-01-21 10:07:51.664508 | eval'd: drake::cmq_buildtargetmetadepsspecht_is_subtargetconfig
2020-01-21 10:07:53.054752 | > DO_CALL (0.001s wait)
.2020-01-21 10:07:53.061148 | eval'd: drake::cmq_buildtargetmetadepsspecht_is_subtargetconfig
2020-01-21 10:07:54.401108 | > DO_CALL (0.001s wait)
.2020-01-21 10:07:54.407062 | eval'd: drake::cmq_buildtargetmetadepsspecht_is_subtargetconfig
2020-01-21 10:07:55.659078 | > DO_CALL (0.001s wait)
.2020-01-21 10:07:55.665489 | eval'd: drake::cmq_buildtargetmetadepsspecht_is_subtargetconfig
2020-01-21 10:07:56.827459 | > DO_CALL (0.001s wait)
.2020-01-21 10:07:56.833521 | eval'd: drake::cmq_buildtargetmetadepsspecht_is_subtargetconfig
2020-01-21 10:07:57.932098 | > DO_CALL (0.000s wait)
.2020-01-21 10:07:57.936495 | eval'd: drake::cmq_buildtargetmetadepsspecht_is_subtargetconfig
2020-01-21 10:07:59.069157 | > DO_CALL (0.000s wait)
.2020-01-21 10:07:59.074244 | eval'd: drake::cmq_buildtargetmetadepsspecht_is_subtargetconfig
2020-01-21 10:08:00.332439 | > DO_CALL (0.001s wait)
.2020-01-21 10:08:00.336866 | eval'd: drake::cmq_buildtargetmetadepsspecht_is_subtargetconfig
2020-01-21 10:08:01.393481 | > DO_CALL (0.001s wait)
.2020-01-21 10:08:01.399356 | eval'd: drake::cmq_buildtargetmetadepsspecht_is_subtargetconfig
2020-01-21 10:08:02.483829 | > DO_CALL (0.000s wait)
.2020-01-21 10:08:02.488644 | eval'd: drake::cmq_buildtargetmetadepsspecht_is_subtargetconfig
2020-01-21 10:08:03.607232 | > DO_CALL (0.001s wait)
.2020-01-21 10:08:03.613340 | eval'd: drake::cmq_buildtargetmetadepsspecht_is_subtargetconfig
2020-01-21 10:08:04.793051 | > DO_CALL (0.000s wait)
.2020-01-21 10:08:04.797356 | eval'd: drake::cmq_buildtargetmetadepsspecht_is_subtargetconfig
2020-01-21 10:08:05.960151 | > DO_CALL (0.000s wait)
.2020-01-21 10:08:05.964726 | eval'd: drake::cmq_buildtargetmetadepsspecht_is_subtargetconfig
2020-01-21 10:08:07.192686 | > DO_CALL (0.001s wait)
.2020-01-21 10:08:07.200231 | eval'd: drake::cmq_buildtargetmetadepsspecht_is_subtargetconfig
2020-01-21 10:08:09.180658 | > DO_CALL (0.000s wait)
.2020-01-21 10:08:09.185408 | eval'd: drake::cmq_buildtargetmetadepsspecht_is_subtargetconfig
2020-01-21 10:08:10.402641 | > DO_CALL (0.000s wait)
.2020-01-21 10:08:10.407351 | eval'd: drake::cmq_buildtargetmetadepsspecht_is_subtargetconfig
2020-01-21 10:08:11.530716 | > DO_CALL (0.001s wait)
.2020-01-21 10:08:11.537942 | eval'd: drake::cmq_buildtargetmetadepsspecht_is_subtargetconfig
2020-01-21 10:08:12.600250 | > DO_CALL (0.000s wait)
.2020-01-21 10:08:12.607433 | eval'd: drake::cmq_buildtargetmetadepsspecht_is_subtargetconfig
2020-01-21 10:08:13.653743 | > DO_CALL (0.001s wait)
.2020-01-21 10:08:13.660655 | eval'd: drake::cmq_buildtargetmetadepsspecht_is_subtargetconfig
2020-01-21 10:08:14.720726 | > DO_CALL (0.001s wait)
.2020-01-21 10:08:14.727072 | eval'd: drake::cmq_buildtargetmetadepsspecht_is_subtargetconfig
2020-01-21 10:08:15.816666 | > DO_CALL (0.000s wait)
.2020-01-21 10:08:15.821633 | eval'd: drake::cmq_buildtargetmetadepsspecht_is_subtargetconfig
2020-01-21 10:08:17.085540 | > DO_CALL (0.001s wait)
.2020-01-21 10:08:17.090719 | eval'd: drake::cmq_buildtargetmetadepsspecht_is_subtargetconfig
2020-01-21 10:08:18.110674 | > DO_CALL (0.001s wait)
.2020-01-21 10:08:18.118090 | eval'd: drake::cmq_buildtargetmetadepsspecht_is_subtargetconfig
2020-01-21 10:08:19.081405 | > DO_CALL (0.001s wait)
.2020-01-21 10:08:19.086091 | eval'd: drake::cmq_buildtargetmetadepsspecht_is_subtargetconfig
2020-01-21 10:08:20.184756 | > DO_CALL (0.000s wait)
.2020-01-21 10:08:20.189594 | eval'd: drake::cmq_buildtargetmetadepsspecht_is_subtargetconfig
2020-01-21 10:08:21.220866 | > DO_CALL (0.000s wait)
.2020-01-21 10:08:21.225643 | eval'd: drake::cmq_buildtargetmetadepsspecht_is_subtargetconfig
2020-01-21 10:08:22.199351 | > DO_CALL (0.000s wait)
.2020-01-21 10:08:22.204894 | eval'd: drake::cmq_buildtargetmetadepsspecht_is_subtargetconfig
2020-01-21 10:08:24.673917 | > DO_CALL (0.000s wait)
.2020-01-21 10:08:24.678862 | eval'd: drake::cmq_buildtargetmetadepsspecht_is_subtargetconfig
2020-01-21 10:08:26.675868 | > DO_CALL (0.000s wait)
.2020-01-21 10:08:26.680684 | eval'd: drake::cmq_buildtargetmetadepsspecht_is_subtargetconfig
2020-01-21 10:08:27.755144 | > DO_CALL (0.000s wait)
.2020-01-21 10:08:27.759936 | eval'd: drake::cmq_buildtargetmetadepsspecht_is_subtargetconfig
2020-01-21 10:08:28.778153 | > DO_CALL (0.000s wait)
.2020-01-21 10:08:28.782926 | eval'd: drake::cmq_buildtargetmetadepsspecht_is_subtargetconfig
2020-01-21 10:08:29.919013 | > DO_CALL (0.001s wait)
.2020-01-21 10:08:29.925910 | eval'd: drake::cmq_buildtargetmetadepsspecht_is_subtargetconfig
2020-01-21 10:08:31.023967 | > DO_CALL (0.001s wait)
.2020-01-21 10:08:31.030958 | eval'd: drake::cmq_buildtargetmetadepsspecht_is_subtargetconfig
2020-01-21 10:08:32.226283 | > DO_CALL (0.000s wait)
.2020-01-21 10:08:32.231447 | eval'd: drake::cmq_buildtargetmetadepsspecht_is_subtargetconfig
2020-01-21 10:08:33.239104 | > DO_CALL (0.001s wait)
.2020-01-21 10:08:33.246172 | eval'd: drake::cmq_buildtargetmetadepsspecht_is_subtargetconfig
2020-01-21 10:08:34.228562 | > DO_CALL (0.001s wait)
.2020-01-21 10:08:34.233450 | eval'd: drake::cmq_buildtargetmetadepsspecht_is_subtargetconfig
2020-01-21 10:08:35.253431 | > DO_CALL (0.001s wait)
.2020-01-21 10:08:35.260495 | eval'd: drake::cmq_buildtargetmetadepsspecht_is_subtargetconfig
2020-01-21 10:08:36.283908 | > DO_CALL (0.001s wait)
.2020-01-21 10:08:36.291138 | eval'd: drake::cmq_buildtargetmetadepsspecht_is_subtargetconfig
2020-01-21 10:08:37.338836 | > DO_CALL (0.001s wait)
.2020-01-21 10:08:37.344807 | eval'd: drake::cmq_buildtargetmetadepsspecht_is_subtargetconfig
2020-01-21 10:08:38.418174 | > DO_CALL (0.001s wait)
.2020-01-21 10:08:38.425481 | eval'd: drake::cmq_buildtargetmetadepsspecht_is_subtargetconfig
2020-01-21 10:08:39.694298 | > DO_CALL (0.000s wait)
.2020-01-21 10:08:39.700904 | eval'd: drake::cmq_buildtargetmetadepsspecht_is_subtargetconfig
2020-01-21 10:08:40.733719 | > DO_CALL (0.001s wait)
.2020-01-21 10:08:40.739077 | eval'd: drake::cmq_buildtargetmetadepsspecht_is_subtargetconfig
2020-01-21 10:08:41.809666 | > DO_CALL (0.000s wait)
.2020-01-21 10:08:41.814618 | eval'd: drake::cmq_buildtargetmetadepsspecht_is_subtargetconfig
2020-01-21 10:08:42.861060 | > DO_CALL (0.001s wait)
.2020-01-21 10:08:42.868014 | eval'd: drake::cmq_buildtargetmetadepsspecht_is_subtargetconfig
2020-01-21 10:08:43.975731 | > DO_CALL (0.001s wait)
.2020-01-21 10:08:43.982647 | eval'd: drake::cmq_buildtargetmetadepsspecht_is_subtargetconfig
2020-01-21 10:08:45.012477 | > DO_CALL (0.001s wait)
.2020-01-21 10:08:45.019204 | eval'd: drake::cmq_buildtargetmetadepsspecht_is_subtargetconfig
2020-01-21 10:08:46.024555 | > DO_CALL (0.001s wait)
.2020-01-21 10:08:46.029237 | eval'd: drake::cmq_buildtargetmetadepsspecht_is_subtargetconfig
2020-01-21 10:08:47.055022 | > DO_CALL (0.001s wait)
.2020-01-21 10:08:47.061962 | eval'd: drake::cmq_buildtargetmetadepsspecht_is_subtargetconfig
2020-01-21 10:08:48.125396 | > DO_CALL (0.001s wait)
.2020-01-21 10:08:48.132438 | eval'd: drake::cmq_buildtargetmetadepsspecht_is_subtargetconfig
2020-01-21 10:08:49.096247 | > DO_CALL (0.003s wait)
.2020-01-21 10:08:49.105448 | eval'd: drake::cmq_buildtargetmetadepsspecht_is_subtargetconfig
2020-01-21 10:08:50.088825 | > DO_CALL (0.001s wait)
.2020-01-21 10:08:50.095848 | eval'd: drake::cmq_buildtargetmetadepsspecht_is_subtargetconfig
2020-01-21 10:08:51.053448 | > DO_CALL (0.001s wait)
.2020-01-21 10:08:51.058367 | eval'd: drake::cmq_buildtargetmetadepsspecht_is_subtargetconfig
2020-01-21 10:08:52.036483 | > DO_CALL (0.001s wait)
.2020-01-21 10:08:52.041312 | eval'd: drake::cmq_buildtargetmetadepsspecht_is_subtargetconfig
2020-01-21 10:08:53.108736 | > DO_CALL (0.001s wait)
.2020-01-21 10:08:53.115743 | eval'd: drake::cmq_buildtargetmetadepsspecht_is_subtargetconfig
2020-01-21 10:08:54.424813 | > DO_CALL (0.001s wait)
.2020-01-21 10:08:54.432262 | eval'd: drake::cmq_buildtargetmetadepsspecht_is_subtargetconfig
2020-01-21 10:08:55.469888 | > DO_CALL (0.001s wait)
.2020-01-21 10:08:55.476910 | eval'd: drake::cmq_buildtargetmetadepsspecht_is_subtargetconfig
2020-01-21 10:08:56.676527 | > DO_CALL (0.001s wait)
.2020-01-21 10:08:56.681250 | eval'd: drake::cmq_buildtargetmetadepsspecht_is_subtargetconfig
2020-01-21 10:08:57.852134 | > DO_CALL (0.001s wait)
.2020-01-21 10:08:57.875842 | eval'd: drake::cmq_buildtargetmetadepsspecht_is_subtargetconfig
2020-01-21 10:08:59.129090 | > DO_CALL (0.000s wait)
.2020-01-21 10:08:59.135335 | eval'd: drake::cmq_buildtargetmetadepsspecht_is_subtargetconfig
2020-01-21 10:09:00.414396 | > DO_CALL (0.001s wait)
.2020-01-21 10:09:00.420696 | eval'd: drake::cmq_buildtargetmetadepsspecht_is_subtargetconfig
2020-01-21 10:09:01.585621 | > DO_CALL (0.001s wait)
.2020-01-21 10:09:01.591967 | eval'd: drake::cmq_buildtargetmetadepsspecht_is_subtargetconfig
2020-01-21 10:09:02.749374 | > DO_CALL (0.000s wait)
.2020-01-21 10:09:02.755859 | eval'd: drake::cmq_buildtargetmetadepsspecht_is_subtargetconfig
2020-01-21 10:09:03.951734 | > DO_CALL (0.000s wait)
.2020-01-21 10:09:03.956449 | eval'd: drake::cmq_buildtargetmetadepsspecht_is_subtargetconfig
2020-01-21 10:09:05.179557 | > DO_CALL (0.001s wait)
.2020-01-21 10:09:05.185815 | eval'd: drake::cmq_buildtargetmetadepsspecht_is_subtargetconfig
2020-01-21 10:09:06.350021 | > DO_CALL (0.001s wait)
.2020-01-21 10:09:06.356178 | eval'd: drake::cmq_buildtargetmetadepsspecht_is_subtargetconfig
2020-01-21 10:09:07.338080 | > WORKER_WAIT (0.000s wait)
2020-01-21 10:09:07.338589 | waiting 1.00s
2020-01-21 10:09:11.522455 | > WORKER_WAIT (0.001s wait)
2020-01-21 10:09:11.522937 | waiting 1.00s
2020-01-21 10:10:13.953030 | > WORKER_STOP (0.000s wait)
2020-01-21 10:10:13.957282 | shutting down worker
2020-01-21 10:10:14.219120 | 
Total: 71 in 2.60s [user], 0.32s [system], 153.63s [elapsed]
