2020-01-20 17:36:46.027552 | Master: tcp://c23a-s37:7983
2020-01-20 17:36:46.181677 | WORKER_UP to: tcp://c23a-s37:7983
2020-01-20 17:37:23.252572 | > DO_SETUP (24.313s wait)
2020-01-20 17:37:23.253815 | token from msg: set_common_data_token
2020-01-20 17:37:54.616591 | > DO_CALL (9.191s wait)
.* Option 'clustermq.scheduler' not set, defaulting to ‘SLURM’
--- see: https://mschubert.github.io/clustermq/articles/userguide.html#configuration
2020-01-20 17:37:55.069028 | eval'd: drake::cmq_buildtargetmetadepsspecht_is_subtargetconfig
2020-01-20 17:38:33.928966 | > DO_CALL (5.683s wait)
.2020-01-20 17:38:50.141136 | eval'd: drake::cmq_buildtargetmetadepsspecht_is_subtargetconfig
2020-01-20 17:39:10.653259 | > DO_CALL (5.014s wait)
.2020-01-20 17:39:18.651530 | eval'd: drake::cmq_buildtargetmetadepsspecht_is_subtargetconfig
2020-01-20 17:39:31.122689 | > DO_CALL (4.866s wait)
.2020-01-20 17:39:31.811908 | eval'd: drake::cmq_buildtargetmetadepsspecht_is_subtargetconfig
2020-01-20 17:39:44.652523 | > DO_CALL (5.895s wait)
.2020-01-20 17:40:13.264092 | eval'd: drake::cmq_buildtargetmetadepsspecht_is_subtargetconfig
2020-01-20 17:40:23.400228 | > DO_CALL (4.843s wait)
.2020-01-20 17:40:40.783746 | eval'd: drake::cmq_buildtargetmetadepsspecht_is_subtargetconfig
2020-01-20 17:40:57.198569 | > DO_CALL (5.018s wait)
.2020-01-20 17:41:00.367133 | eval'd: drake::cmq_buildtargetmetadepsspecht_is_subtargetconfig
2020-01-20 17:41:10.096970 | > DO_CALL (4.836s wait)
.2020-01-20 17:41:20.919776 | eval'd: drake::cmq_buildtargetmetadepsspecht_is_subtargetconfig
2020-01-20 17:41:37.393590 | > DO_CALL (5.015s wait)
.2020-01-20 17:41:42.200106 | eval'd: drake::cmq_buildtargetmetadepsspecht_is_subtargetconfig
2020-01-20 17:41:53.427718 | > DO_CALL (4.874s wait)
.2020-01-20 17:42:01.309583 | eval'd: drake::cmq_buildtargetmetadepsspecht_is_subtargetconfig
2020-01-20 17:42:09.996546 | > DO_CALL (4.848s wait)
.2020-01-20 17:42:38.765335 | eval'd: drake::cmq_buildtargetmetadepsspecht_is_subtargetconfig
2020-01-20 17:43:01.939914 | > DO_CALL (4.863s wait)
.2020-01-20 17:44:26.018947 | eval'd: drake::cmq_buildtargetmetadepsspecht_is_subtargetconfig
2020-01-20 17:44:38.340099 | > DO_CALL (5.044s wait)
.2020-01-20 17:44:53.548589 | eval'd: drake::cmq_buildtargetmetadepsspecht_is_subtargetconfig
2020-01-20 17:45:13.341049 | > DO_CALL (4.925s wait)
.2020-01-20 17:52:41.329527 | eval'd: drake::cmq_buildtargetmetadepsspecht_is_subtargetconfig
2020-01-20 17:52:59.719420 | > DO_CALL (5.772s wait)
.2020-01-20 17:53:15.860116 | eval'd: drake::cmq_buildtargetmetadepsspecht_is_subtargetconfig
2020-01-20 17:53:32.615964 | > DO_CALL (4.893s wait)
.2020-01-20 17:53:43.404946 | eval'd: drake::cmq_buildtargetmetadepsspecht_is_subtargetconfig
2020-01-20 17:53:55.244556 | > DO_CALL (4.917s wait)
.2020-01-20 17:54:04.925315 | eval'd: drake::cmq_buildtargetmetadepsspecht_is_subtargetconfig
2020-01-20 17:54:14.503152 | > DO_CALL (4.787s wait)
.2020-01-20 17:54:45.919157 | eval'd: drake::cmq_buildtargetmetadepsspecht_is_subtargetconfig
2020-01-20 17:55:06.138040 | > DO_CALL (4.880s wait)
.2020-01-20 17:55:06.379931 | eval'd: drake::cmq_buildtargetmetadepsspecht_is_subtargetconfig
2020-01-20 17:55:25.176594 | > DO_CALL (5.678s wait)
.2020-01-20 17:55:29.852245 | eval'd: drake::cmq_buildtargetmetadepsspecht_is_subtargetconfig
2020-01-20 17:55:49.202798 | > DO_CALL (5.715s wait)
.2020-01-20 17:56:00.951099 | eval'd: drake::cmq_buildtargetmetadepsspecht_is_subtargetconfig
2020-01-20 17:56:11.588639 | > DO_CALL (4.938s wait)
.2020-01-20 17:56:16.711021 | eval'd: drake::cmq_buildtargetmetadepsspecht_is_subtargetconfig
2020-01-20 17:56:27.937588 | > DO_CALL (4.959s wait)
.2020-01-20 17:56:36.914218 | eval'd: drake::cmq_buildtargetmetadepsspecht_is_subtargetconfig
2020-01-20 17:56:56.660904 | > DO_CALL (4.960s wait)
.2020-01-20 17:57:55.734352 | eval'd: drake::cmq_buildtargetmetadepsspecht_is_subtargetconfig
2020-01-20 17:58:13.382755 | > DO_CALL (5.007s wait)
.2020-01-20 17:58:37.752490 | eval'd: drake::cmq_buildtargetmetadepsspecht_is_subtargetconfig
2020-01-20 17:58:57.781024 | > DO_CALL (4.836s wait)
.2020-01-20 17:59:04.094254 | eval'd: drake::cmq_buildtargetmetadepsspecht_is_subtargetconfig
2020-01-20 17:59:13.580241 | > DO_CALL (4.917s wait)
.2020-01-20 17:59:36.908511 | eval'd: drake::cmq_buildtargetmetadepsspecht_is_subtargetconfig
2020-01-20 17:59:54.816262 | > DO_CALL (4.823s wait)
.2020-01-20 18:00:01.291010 | eval'd: drake::cmq_buildtargetmetadepsspecht_is_subtargetconfig
2020-01-20 18:00:16.484889 | > DO_CALL (4.867s wait)
.2020-01-20 18:01:59.545977 | eval'd: drake::cmq_buildtargetmetadepsspecht_is_subtargetconfig
2020-01-20 18:02:13.373921 | > DO_CALL (4.874s wait)
.2020-01-20 18:02:20.221545 | eval'd: drake::cmq_buildtargetmetadepsspecht_is_subtargetconfig
2020-01-20 18:02:31.547183 | > DO_CALL (4.853s wait)
.2020-01-20 18:03:11.045107 | eval'd: drake::cmq_buildtargetmetadepsspecht_is_subtargetconfig
2020-01-20 18:03:22.397707 | > DO_CALL (4.902s wait)
.2020-01-20 18:04:03.984100 | eval'd: drake::cmq_buildtargetmetadepsspecht_is_subtargetconfig
2020-01-20 18:04:27.951410 | > DO_CALL (4.957s wait)
.2020-01-20 18:05:31.300915 | eval'd: drake::cmq_buildtargetmetadepsspecht_is_subtargetconfig
2020-01-20 18:05:46.445959 | > DO_CALL (6.988s wait)
.2020-01-20 18:07:16.313317 | eval'd: drake::cmq_buildtargetmetadepsspecht_is_subtargetconfig
2020-01-20 18:07:31.729606 | > DO_CALL (5.060s wait)
.2020-01-20 18:08:35.142512 | eval'd: drake::cmq_buildtargetmetadepsspecht_is_subtargetconfig
2020-01-20 18:08:46.271033 | > DO_CALL (5.131s wait)
.2020-01-20 18:09:33.367464 | eval'd: drake::cmq_buildtargetmetadepsspecht_is_subtargetconfig
2020-01-20 18:09:48.581494 | > DO_CALL (5.057s wait)
.2020-01-20 18:11:00.775658 | eval'd: drake::cmq_buildtargetmetadepsspecht_is_subtargetconfig
2020-01-20 18:11:26.001458 | > DO_CALL (4.993s wait)
.2020-01-20 18:13:07.233921 | eval'd: drake::cmq_buildtargetmetadepsspecht_is_subtargetconfig
2020-01-20 18:13:25.605572 | > DO_CALL (4.955s wait)
.2020-01-20 18:13:27.758367 | eval'd: drake::cmq_buildtargetmetadepsspecht_is_subtargetconfig
2020-01-20 18:13:46.329531 | > DO_CALL (5.675s wait)
.2020-01-20 18:13:49.382881 | eval'd: drake::cmq_buildtargetmetadepsspecht_is_subtargetconfig
2020-01-20 18:14:22.899820 | > DO_CALL (4.819s wait)
.2020-01-20 18:14:48.278137 | eval'd: drake::cmq_buildtargetmetadepsspecht_is_subtargetconfig
2020-01-20 18:15:01.933888 | > DO_CALL (4.854s wait)
.2020-01-20 18:15:27.479724 | eval'd: drake::cmq_buildtargetmetadepsspecht_is_subtargetconfig
2020-01-20 18:15:40.567085 | > DO_CALL (4.932s wait)
.2020-01-20 18:16:00.677629 | eval'd: drake::cmq_buildtargetmetadepsspecht_is_subtargetconfig
2020-01-20 18:16:11.813981 | > DO_CALL (4.812s wait)
.2020-01-20 18:16:13.866153 | eval'd: drake::cmq_buildtargetmetadepsspecht_is_subtargetconfig
2020-01-20 18:16:34.819790 | > DO_CALL (4.861s wait)
.2020-01-20 18:16:51.426004 | eval'd: drake::cmq_buildtargetmetadepsspecht_is_subtargetconfig
2020-01-20 18:17:20.132619 | > DO_CALL (4.850s wait)
.2020-01-20 18:17:22.148683 | eval'd: drake::cmq_buildtargetmetadepsspecht_is_subtargetconfig
2020-01-20 18:18:03.765659 | > DO_CALL (5.578s wait)
.2020-01-20 18:19:37.188141 | eval'd: drake::cmq_buildtargetmetadepsspecht_is_subtargetconfig
2020-01-20 18:19:54.267995 | > DO_CALL (5.116s wait)
.2020-01-20 18:20:00.422714 | eval'd: drake::cmq_buildtargetmetadepsspecht_is_subtargetconfig
2020-01-20 18:20:28.915738 | > DO_CALL (4.846s wait)
.2020-01-20 18:20:39.068281 | eval'd: drake::cmq_buildtargetmetadepsspecht_is_subtargetconfig
2020-01-20 18:20:49.945300 | > DO_CALL (5.649s wait)
.2020-01-20 18:20:51.000608 | eval'd: drake::cmq_buildtargetmetadepsspecht_is_subtargetconfig
2020-01-20 18:21:05.325850 | > DO_CALL (5.607s wait)
.2020-01-20 18:21:36.122182 | eval'd: drake::cmq_buildtargetmetadepsspecht_is_subtargetconfig
2020-01-20 18:21:48.104765 | > DO_CALL (4.817s wait)
.2020-01-20 18:22:12.058370 | eval'd: drake::cmq_buildtargetmetadepsspecht_is_subtargetconfig
2020-01-20 18:22:37.780931 | > DO_CALL (4.945s wait)
.2020-01-20 18:22:44.320046 | eval'd: drake::cmq_buildtargetmetadepsspecht_is_subtargetconfig
2020-01-20 18:23:06.436111 | > DO_CALL (4.803s wait)
.2020-01-20 18:25:21.946762 | eval'd: drake::cmq_buildtargetmetadepsspecht_is_subtargetconfig
2020-01-20 18:25:36.433058 | > DO_CALL (5.030s wait)
.2020-01-20 18:27:31.529816 | eval'd: drake::cmq_buildtargetmetadepsspecht_is_subtargetconfig
2020-01-20 18:27:45.294808 | > DO_CALL (5.022s wait)
.2020-01-20 18:27:47.677084 | eval'd: drake::cmq_buildtargetmetadepsspecht_is_subtargetconfig
2020-01-20 18:28:01.839485 | > DO_CALL (4.808s wait)
.
2020-01-20 18:28:08.118694 | eval'd: drake::cmq_buildtargetmetadepsspecht_is_subtargetconfig
2020-01-20 18:28:18.237777 | > DO_CALL (4.878s wait)
.2020-01-20 18:28:34.555455 | eval'd: drake::cmq_buildtargetmetadepsspecht_is_subtargetconfig
2020-01-20 18:28:45.024090 | > DO_CALL (4.990s wait)
.2020-01-20 18:28:50.709433 | eval'd: drake::cmq_buildtargetmetadepsspecht_is_subtargetconfig
2020-01-20 18:29:00.313414 | > DO_CALL (4.884s wait)
.2020-01-20 18:29:05.626817 | eval'd: drake::cmq_buildtargetmetadepsspecht_is_subtargetconfig
2020-01-20 18:29:15.753704 | > DO_CALL (4.902s wait)
.2020-01-20 18:30:15.820246 | eval'd: drake::cmq_buildtargetmetadepsspecht_is_subtargetconfig
2020-01-20 18:30:27.060626 | > DO_CALL (4.845s wait)
.2020-01-20 18:30:36.958670 | eval'd: drake::cmq_buildtargetmetadepsspecht_is_subtargetconfig
2020-01-20 18:30:51.421275 | > DO_CALL (4.920s wait)
.2020-01-20 18:31:02.560774 | eval'd: drake::cmq_buildtargetmetadepsspecht_is_subtargetconfig
2020-01-20 18:31:15.056071 | > DO_CALL (4.869s wait)
.2020-01-20 18:31:22.458054 | eval'd: drake::cmq_buildtargetmetadepsspecht_is_subtargetconfig
2020-01-20 18:31:41.346946 | > DO_CALL (4.813s wait)
.2020-01-20 18:32:02.006403 | eval'd: drake::cmq_buildtargetmetadepsspecht_is_subtargetconfig
2020-01-20 18:32:18.638654 | > DO_CALL (4.911s wait)
.2020-01-20 18:34:10.939504 | eval'd: drake::cmq_buildtargetmetadepsspecht_is_subtargetconfig
2020-01-20 18:34:30.292978 | > DO_CALL (5.104s wait)
.2020-01-20 18:34:57.900642 | eval'd: drake::cmq_buildtargetmetadepsspecht_is_subtargetconfig
2020-01-20 18:35:10.554139 | > DO_CALL (4.850s wait)
.2020-01-20 18:37:29.943751 | eval'd: drake::cmq_buildtargetmetadepsspecht_is_subtargetconfig
2020-01-20 18:37:39.285737 | > DO_CALL (5.172s wait)
.2020-01-20 18:38:04.846524 | eval'd: drake::cmq_buildtargetmetadepsspecht_is_subtargetconfig
2020-01-20 18:38:13.558977 | > DO_CALL (4.844s wait)
.2020-01-20 18:38:16.215494 | eval'd: drake::cmq_buildtargetmetadepsspecht_is_subtargetconfig
2020-01-20 18:38:27.295439 | > DO_CALL (4.866s wait)
.2020-01-20 18:38:49.938919 | eval'd: drake::cmq_buildtargetmetadepsspecht_is_subtargetconfig
2020-01-20 18:39:02.678554 | > DO_CALL (4.977s wait)
.2020-01-20 18:41:13.470746 | eval'd: drake::cmq_buildtargetmetadepsspecht_is_subtargetconfig
2020-01-20 18:41:24.213438 | > DO_CALL (5.876s wait)
.2020-01-20 18:41:26.979034 | eval'd: drake::cmq_buildtargetmetadepsspecht_is_subtargetconfig
2020-01-20 18:41:40.881824 | > DO_CALL (4.849s wait)
.2020-01-20 18:41:42.601287 | eval'd: drake::cmq_buildtargetmetadepsspecht_is_subtargetconfig
2020-01-20 18:41:54.411586 | > DO_CALL (4.919s wait)
.2020-01-20 18:42:32.357184 | eval'd: drake::cmq_buildtargetmetadepsspecht_is_subtargetconfig
2020-01-20 18:42:44.630163 | > DO_CALL (4.840s wait)
.2020-01-20 18:42:57.006783 | eval'd: drake::cmq_buildtargetmetadepsspecht_is_subtargetconfig
2020-01-20 18:43:10.718206 | > DO_CALL (4.909s wait)
.2020-01-20 18:43:34.801669 | eval'd: drake::cmq_buildtargetmetadepsspecht_is_subtargetconfig
2020-01-20 18:43:51.248720 | > DO_CALL (4.976s wait)
.2020-01-20 18:43:51.516918 | eval'd: drake::cmq_buildtargetmetadepsspecht_is_subtargetconfig
2020-01-20 18:44:05.438445 | > DO_CALL (5.571s wait)
.2020-01-20 18:44:48.794637 | eval'd: drake::cmq_buildtargetmetadepsspecht_is_subtargetconfig
2020-01-20 18:44:58.741153 | > DO_CALL (5.011s wait)
.2020-01-20 18:46:10.716111 | eval'd: drake::cmq_buildtargetmetadepsspecht_is_subtargetconfig
2020-01-20 18:46:33.246515 | > DO_CALL (4.747s wait)
.2020-01-20 18:47:06.168596 | eval'd: drake::cmq_buildtargetmetadepsspecht_is_subtargetconfig
2020-01-20 18:47:17.836455 | > DO_CALL (4.860s wait)
.2020-01-20 18:47:57.678274 | eval'd: drake::cmq_buildtargetmetadepsspecht_is_subtargetconfig
2020-01-20 18:48:18.913922 | > DO_CALL (4.830s wait)
.2020-01-20 18:48:45.012428 | eval'd: drake::cmq_buildtargetmetadepsspecht_is_subtargetconfig
2020-01-20 18:49:00.709881 | > DO_CALL (4.874s wait)
.2020-01-20 18:49:09.272113 | eval'd: drake::cmq_buildtargetmetadepsspecht_is_subtargetconfig
2020-01-20 18:49:24.150819 | > DO_CALL (4.937s wait)
.2020-01-20 18:49:26.706083 | eval'd: drake::cmq_buildtargetmetadepsspecht_is_subtargetconfig
2020-01-20 18:49:41.388558 | > DO_CALL (4.793s wait)
.2020-01-20 18:49:45.366189 | eval'd: drake::cmq_buildtargetmetadepsspecht_is_subtargetconfig
2020-01-20 18:49:57.947961 | > DO_CALL (4.929s wait)
.2020-01-20 18:50:05.029732 | eval'd: drake::cmq_buildtargetmetadepsspecht_is_subtargetconfig
2020-01-20 18:50:20.870626 | > DO_CALL (4.962s wait)
.2020-01-20 18:50:43.912849 | eval'd: drake::cmq_buildtargetmetadepsspecht_is_subtargetconfig
2020-01-20 18:50:54.165198 | > DO_CALL (4.762s wait)
.2020-01-20 18:51:12.345273 | eval'd: drake::cmq_buildtargetmetadepsspecht_is_subtargetconfig
2020-01-20 18:51:29.399098 | > DO_CALL (4.888s wait)
.2020-01-20 18:51:58.102113 | eval'd: drake::cmq_buildtargetmetadepsspecht_is_subtargetconfig
2020-01-20 18:52:16.168695 | > DO_CALL (4.874s wait)
.2020-01-20 18:52:38.036565 | eval'd: drake::cmq_buildtargetmetadepsspecht_is_subtargetconfig
2020-01-20 18:52:57.369746 | > DO_CALL (4.906s wait)
.2020-01-20 18:53:24.035565 | eval'd: drake::cmq_buildtargetmetadepsspecht_is_subtargetconfig
2020-01-20 18:53:38.616700 | > DO_CALL (4.854s wait)
.2020-01-20 18:58:02.172547 | eval'd: drake::cmq_buildtargetmetadepsspecht_is_subtargetconfig
2020-01-20 18:58:15.280434 | > DO_CALL (5.937s wait)
.2020-01-20 18:59:16.941587 | eval'd: drake::cmq_buildtargetmetadepsspecht_is_subtargetconfig
2020-01-20 18:59:32.428665 | > DO_CALL (4.500s wait)
.2020-01-20 18:59:49.754368 | eval'd: drake::cmq_buildtargetmetadepsspecht_is_subtargetconfig
2020-01-20 19:00:05.816517 | > DO_CALL (4.815s wait)
.2020-01-20 19:00:12.216758 | eval'd: drake::cmq_buildtargetmetadepsspecht_is_subtargetconfig
2020-01-20 19:00:25.578465 | > DO_CALL (4.511s wait)
.2020-01-20 19:00:59.079067 | eval'd: drake::cmq_buildtargetmetadepsspecht_is_subtargetconfig
2020-01-20 19:01:14.478683 | > DO_CALL (4.825s wait)
.2020-01-20 19:01:26.491685 | eval'd: drake::cmq_buildtargetmetadepsspecht_is_subtargetconfig
2020-01-20 19:01:36.139247 | > DO_CALL (4.739s wait)
.2020-01-20 19:02:46.386593 | eval'd: drake::cmq_buildtargetmetadepsspecht_is_subtargetconfig
2020-01-20 19:03:05.189074 | > DO_CALL (6.157s wait)
.2020-01-20 19:03:05.423336 | eval'd: drake::cmq_buildtargetmetadepsspecht_is_subtargetconfig
2020-01-20 19:03:26.981163 | > DO_CALL (5.675s wait)
.2020-01-20 19:03:38.899819 | eval'd: drake::cmq_buildtargetmetadepsspecht_is_subtargetconfig
2020-01-20 19:03:50.125199 | > DO_CALL (4.818s wait)
.2020-01-20 19:04:07.384983 | eval'd: drake::cmq_buildtargetmetadepsspecht_is_subtargetconfig
2020-01-20 19:04:16.815994 | > DO_CALL (4.832s wait)
.2020-01-20 19:04:26.656267 | eval'd: drake::cmq_buildtargetmetadepsspecht_is_subtargetconfig
2020-01-20 19:04:37.058879 | > DO_CALL (4.943s wait)
.2020-01-20 19:06:32.861477 | eval'd: drake::cmq_buildtargetmetadepsspecht_is_subtargetconfig
2020-01-20 19:06:51.215178 | > DO_CALL (4.950s wait)
.2020-01-20 19:07:03.998842 | eval'd: drake::cmq_buildtargetmetadepsspecht_is_subtargetconfig
2020-01-20 19:07:22.393378 | > DO_CALL (4.937s wait)
.2020-01-20 19:07:41.908480 | eval'd: drake::cmq_buildtargetmetadepsspecht_is_subtargetconfig
2020-01-20 19:07:53.252817 | > DO_CALL (4.861s wait)
.2020-01-20 19:07:58.808545 | eval'd: drake::cmq_buildtargetmetadepsspecht_is_subtargetconfig
2020-01-20 19:08:08.290204 | > DO_CALL (4.921s wait)
.2020-01-20 19:08:12.524054 | eval'd: drake::cmq_buildtargetmetadepsspecht_is_subtargetconfig
2020-01-20 19:08:30.130263 | > DO_CALL (4.941s wait)
.2020-01-20 19:13:52.457333 | eval'd: drake::cmq_buildtargetmetadepsspecht_is_subtargetconfig
2020-01-20 19:14:09.354585 | > DO_CALL (5.082s wait)
.2020-01-20 19:14:17.644218 | eval'd: drake::cmq_buildtargetmetadepsspecht_is_subtargetconfig
2020-01-20 19:14:26.665176 | > DO_CALL (5.021s wait)
.2020-01-20 19:14:43.896003 | eval'd: drake::cmq_buildtargetmetadepsspecht_is_subtargetconfig
2020-01-20 19:15:01.620473 | > DO_CALL (5.016s wait)
.2020-01-20 19:15:19.857583 | eval'd: drake::cmq_buildtargetmetadepsspecht_is_subtargetconfig
2020-01-20 19:15:38.361017 | > DO_CALL (4.857s wait)
.2020-01-20 19:15:39.409651 | eval'd: drake::cmq_buildtargetmetadepsspecht_is_subtargetconfig
2020-01-20 19:15:58.667499 | > DO_CALL (5.746s wait)
.2020-01-20 19:16:04.386859 | eval'd: drake::cmq_buildtargetmetadepsspecht_is_subtargetconfig
2020-01-20 19:16:29.026851 | > DO_CALL (4.922s wait)
.2020-01-20 19:17:24.145255 | eval'd: drake::cmq_buildtargetmetadepsspecht_is_subtargetconfig
2020-01-20 19:17:40.095712 | > DO_CALL (4.991s wait)
.2020-01-20 19:17:59.154112 | eval'd: drake::cmq_buildtargetmetadepsspecht_is_subtargetconfig
2020-01-20 19:18:16.899692 | > DO_CALL (4.971s wait)
.2020-01-20 19:18:19.983777 | eval'd: drake::cmq_buildtargetmetadepsspecht_is_subtargetconfig
2020-01-20 19:18:57.532364 | > DO_CALL (4.861s wait)
.2020-01-20 19:19:02.815638 | eval'd: drake::cmq_buildtargetmetadepsspecht_is_subtargetconfig
2020-01-20 19:19:26.310567 | > DO_CALL (4.981s wait)
.2020-01-20 19:19:59.873296 | eval'd: drake::cmq_buildtargetmetadepsspecht_is_subtargetconfig
2020-01-20 19:20:12.410701 | > DO_CALL (5.053s wait)
.2020-01-20 19:22:38.366047 | eval'd: drake::cmq_buildtargetmetadepsspecht_is_subtargetconfig
2020-01-20 19:22:59.667070 | > DO_CALL (4.935s wait)
.2020-01-20 19:25:04.144294 | eval'd: drake::cmq_buildtargetmetadepsspecht_is_subtargetconfig
2020-01-20 19:25:16.337348 | > DO_CALL (4.992s wait)
.2020-01-20 19:25:36.203119 | eval'd: drake::cmq_buildtargetmetadepsspecht_is_subtargetconfig
2020-01-20 19:25:45.011657 | > DO_CALL (4.988s wait)
.2020-01-20 19:29:25.674985 | eval'd: drake::cmq_buildtargetmetadepsspecht_is_subtargetconfig
2020-01-20 19:29:41.032089 | > DO_CALL (5.097s wait)
.2020-01-20 19:29:48.472582 | eval'd: drake::cmq_buildtargetmetadepsspecht_is_subtargetconfig
2020-01-20 19:30:06.433509 | > DO_CALL (4.872s wait)
.2020-01-20 19:30:06.882215 | eval'd: drake::cmq_buildtargetmetadepsspecht_is_subtargetconfig
2020-01-20 19:30:23.838395 | > DO_CALL (5.807s wait)
.2020-01-20 19:31:27.133578 | eval'd: drake::cmq_buildtargetmetadepsspecht_is_subtargetconfig
2020-01-20 19:31:51.177824 | > DO_CALL (6.644s wait)
.2020-01-20 19:32:01.265137 | eval'd: drake::cmq_buildtargetmetadepsspecht_is_subtargetconfig
2020-01-20 19:32:15.786298 | > DO_CALL (4.859s wait)
.2020-01-20 19:32:18.422610 | eval'd: drake::cmq_buildtargetmetadepsspecht_is_subtargetconfig
2020-01-20 19:32:57.817519 | > DO_CALL (4.929s wait)
.2020-01-20 19:33:15.499763 | eval'd: drake::cmq_buildtargetmetadepsspecht_is_subtargetconfig
2020-01-20 19:33:32.795571 | > DO_CALL (6.573s wait)
.2020-01-20 19:33:43.779185 | eval'd: drake::cmq_buildtargetmetadepsspecht_is_subtargetconfig
2020-01-20 19:33:56.123229 | > DO_CALL (5.066s wait)
.2020-01-20 19:34:07.351978 | eval'd: drake::cmq_buildtargetmetadepsspecht_is_subtargetconfig
2020-01-20 19:34:26.362733 | > DO_CALL (4.898s wait)
.2020-01-20 19:34:28.215491 | eval'd: drake::cmq_buildtargetmetadepsspecht_is_subtargetconfig
2020-01-20 19:34:43.376845 | > DO_CALL (5.018s wait)
.2020-01-20 19:35:16.557662 | eval'd: drake::cmq_buildtargetmetadepsspecht_is_subtargetconfig
2020-01-20 19:35:30.205197 | > DO_CALL (5.171s wait)
.2020-01-20 19:35:33.488983 | eval'd: drake::cmq_buildtargetmetadepsspecht_is_subtargetconfig
2020-01-20 19:35:42.495581 | > DO_CALL (4.948s wait)
.2020-01-20 19:36:04.344560 | eval'd: drake::cmq_buildtargetmetadepsspecht_is_subtargetconfig
2020-01-20 19:36:15.367352 | > DO_CALL (5.062s wait)
.
2020-01-20 19:36:38.841773 | eval'd: drake::cmq_buildtargetmetadepsspecht_is_subtargetconfig
2020-01-20 19:36:46.909024 | > DO_CALL (5.010s wait)
.2020-01-20 19:37:02.144086 | eval'd: drake::cmq_buildtargetmetadepsspecht_is_subtargetconfig
2020-01-20 19:37:16.908391 | > DO_CALL (4.990s wait)
.2020-01-20 19:37:25.846296 | eval'd: drake::cmq_buildtargetmetadepsspecht_is_subtargetconfig
2020-01-20 19:37:34.697756 | > DO_CALL (5.012s wait)
.2020-01-20 19:38:37.861727 | eval'd: drake::cmq_buildtargetmetadepsspecht_is_subtargetconfig
2020-01-20 19:38:53.975722 | > DO_CALL (5.187s wait)
.2020-01-20 19:38:54.232611 | eval'd: drake::cmq_buildtargetmetadepsspecht_is_subtargetconfig
2020-01-20 19:39:10.686522 | > DO_CALL (4.981s wait)
.2020-01-20 19:39:39.256357 | eval'd: drake::cmq_buildtargetmetadepsspecht_is_subtargetconfig
2020-01-20 19:40:06.583369 | > DO_CALL (4.806s wait)
.2020-01-20 19:40:20.394801 | eval'd: drake::cmq_buildtargetmetadepsspecht_is_subtargetconfig
2020-01-20 19:40:42.947759 | > DO_CALL (4.913s wait)
.2020-01-20 19:40:43.428042 | eval'd: drake::cmq_buildtargetmetadepsspecht_is_subtargetconfig
2020-01-20 19:40:55.814516 | > DO_CALL (4.891s wait)
.2020-01-20 19:41:14.241726 | eval'd: drake::cmq_buildtargetmetadepsspecht_is_subtargetconfig
2020-01-20 19:41:22.446036 | > DO_CALL (5.194s wait)
.2020-01-20 19:41:37.683697 | eval'd: drake::cmq_buildtargetmetadepsspecht_is_subtargetconfig
2020-01-20 19:41:57.985240 | > DO_CALL (4.962s wait)
.2020-01-20 19:42:24.472740 | eval'd: drake::cmq_buildtargetmetadepsspecht_is_subtargetconfig
2020-01-20 19:42:47.615947 | > DO_CALL (5.038s wait)
.2020-01-20 19:43:06.995271 | eval'd: drake::cmq_buildtargetmetadepsspecht_is_subtargetconfig
2020-01-20 19:43:21.730574 | > DO_CALL (4.929s wait)
.2020-01-20 19:43:24.401487 | eval'd: drake::cmq_buildtargetmetadepsspecht_is_subtargetconfig
2020-01-20 19:43:38.438224 | > DO_CALL (4.912s wait)
.2020-01-20 19:44:05.046098 | eval'd: drake::cmq_buildtargetmetadepsspecht_is_subtargetconfig
2020-01-20 19:44:19.528856 | > DO_CALL (5.052s wait)
.2020-01-20 19:44:26.000818 | eval'd: drake::cmq_buildtargetmetadepsspecht_is_subtargetconfig
2020-01-20 19:44:41.614914 | > DO_CALL (4.994s wait)
.2020-01-20 19:45:08.250091 | eval'd: drake::cmq_buildtargetmetadepsspecht_is_subtargetconfig
2020-01-20 19:45:17.819885 | > DO_CALL (4.945s wait)
.2020-01-20 19:45:35.568143 | eval'd: drake::cmq_buildtargetmetadepsspecht_is_subtargetconfig
2020-01-20 19:45:49.150059 | > DO_CALL (4.925s wait)
.2020-01-20 19:47:01.862203 | eval'd: drake::cmq_buildtargetmetadepsspecht_is_subtargetconfig
2020-01-20 19:47:37.663360 | > DO_CALL (4.872s wait)
.2020-01-20 19:48:02.198022 | eval'd: drake::cmq_buildtargetmetadepsspecht_is_subtargetconfig
2020-01-20 19:48:12.359565 | > DO_CALL (4.998s wait)
.2020-01-20 19:48:44.779095 | eval'd: drake::cmq_buildtargetmetadepsspecht_is_subtargetconfig
2020-01-20 19:49:00.495644 | > DO_CALL (4.929s wait)
.2020-01-20 19:49:38.284897 | eval'd: drake::cmq_buildtargetmetadepsspecht_is_subtargetconfig
2020-01-20 19:49:48.574455 | > DO_CALL (5.020s wait)
.2020-01-20 19:49:54.637945 | eval'd: drake::cmq_buildtargetmetadepsspecht_is_subtargetconfig
2020-01-20 19:50:04.050153 | > DO_CALL (5.038s wait)
.2020-01-20 19:50:04.515368 | eval'd: drake::cmq_buildtargetmetadepsspecht_is_subtargetconfig
2020-01-20 19:50:16.640543 | > DO_CALL (5.705s wait)
.2020-01-20 19:51:40.708370 | eval'd: drake::cmq_buildtargetmetadepsspecht_is_subtargetconfig
2020-01-20 19:52:02.341481 | > DO_CALL (6.330s wait)
.2020-01-20 19:52:32.191527 | eval'd: drake::cmq_buildtargetmetadepsspecht_is_subtargetconfig
2020-01-20 19:52:45.499033 | > DO_CALL (5.709s wait)
.2020-01-20 19:53:02.848999 | eval'd: drake::cmq_buildtargetmetadepsspecht_is_subtargetconfig
2020-01-20 19:53:22.089400 | > DO_CALL (8.202s wait)
.2020-01-20 19:53:30.680310 | eval'd: drake::cmq_buildtargetmetadepsspecht_is_subtargetconfig
2020-01-20 19:53:52.932699 | > DO_CALL (4.910s wait)
.2020-01-20 19:53:59.131669 | eval'd: drake::cmq_buildtargetmetadepsspecht_is_subtargetconfig
2020-01-20 19:54:24.530890 | > DO_CALL (5.053s wait)
.2020-01-20 19:54:28.320694 | eval'd: drake::cmq_buildtargetmetadepsspecht_is_subtargetconfig
2020-01-20 19:54:45.900631 | > DO_CALL (4.909s wait)
.2020-01-20 19:55:06.427107 | eval'd: drake::cmq_buildtargetmetadepsspecht_is_subtargetconfig
2020-01-20 19:55:25.266307 | > DO_CALL (5.086s wait)
.2020-01-20 19:56:21.582321 | eval'd: drake::cmq_buildtargetmetadepsspecht_is_subtargetconfig
2020-01-20 19:56:21.801400 | > DO_CALL (0.014s wait)
.2020-01-20 19:56:22.164370 | eval'd: drake::cmq_buildtargetmetadepsspecht_is_subtargetconfig
2020-01-20 19:56:22.239184 | > DO_CALL (0.006s wait)
.2020-01-20 19:56:24.862386 | eval'd: drake::cmq_buildtargetmetadepsspecht_is_subtargetconfig
2020-01-20 19:56:25.893498 | > DO_CALL (0.011s wait)
.2020-01-20 19:56:26.263797 | eval'd: drake::cmq_buildtargetmetadepsspecht_is_subtargetconfig
2020-01-20 19:56:26.337582 | > DO_CALL (0.011s wait)
.2020-01-20 19:56:26.703830 | eval'd: drake::cmq_buildtargetmetadepsspecht_is_subtargetconfig
2020-01-20 19:56:26.828063 | > DO_CALL (0.007s wait)
.2020-01-20 19:56:27.183871 | eval'd: drake::cmq_buildtargetmetadepsspecht_is_subtargetconfig
2020-01-20 19:56:27.246457 | > DO_CALL (0.006s wait)
.2020-01-20 19:56:28.339036 | eval'd: drake::cmq_buildtargetmetadepsspecht_is_subtargetconfig
2020-01-20 19:56:28.462979 | > DO_CALL (0.009s wait)
.2020-01-20 19:56:28.790989 | eval'd: drake::cmq_buildtargetmetadepsspecht_is_subtargetconfig
2020-01-20 19:56:28.863009 | > DO_CALL (0.009s wait)
.2020-01-20 19:56:29.192915 | eval'd: drake::cmq_buildtargetmetadepsspecht_is_subtargetconfig
2020-01-20 19:56:29.362065 | > DO_CALL (0.002s wait)
.2020-01-20 19:56:29.667449 | eval'd: drake::cmq_buildtargetmetadepsspecht_is_subtargetconfig
2020-01-20 19:56:29.771086 | > DO_CALL (0.019s wait)
.2020-01-20 19:56:30.816007 | eval'd: drake::cmq_buildtargetmetadepsspecht_is_subtargetconfig
2020-01-20 19:56:30.968348 | > DO_CALL (0.005s wait)
.2020-01-20 19:56:31.287017 | eval'd: drake::cmq_buildtargetmetadepsspecht_is_subtargetconfig
2020-01-20 19:56:32.099149 | > DO_CALL (0.002s wait)
.2020-01-20 19:56:32.408884 | eval'd: drake::cmq_buildtargetmetadepsspecht_is_subtargetconfig
2020-01-20 19:56:32.487750 | > DO_CALL (0.006s wait)
.2020-01-20 19:56:32.810645 | eval'd: drake::cmq_buildtargetmetadepsspecht_is_subtargetconfig
2020-01-20 19:56:32.981425 | > DO_CALL (0.010s wait)
.2020-01-20 19:56:33.317020 | eval'd: drake::cmq_buildtargetmetadepsspecht_is_subtargetconfig
2020-01-20 19:56:33.617717 | > DO_CALL (0.020s wait)
.2020-01-20 19:56:34.785511 | eval'd: drake::cmq_buildtargetmetadepsspecht_is_subtargetconfig
2020-01-20 19:56:34.865042 | > DO_CALL (0.012s wait)
.2020-01-20 19:56:35.215702 | eval'd: drake::cmq_buildtargetmetadepsspecht_is_subtargetconfig
2020-01-20 19:56:35.325555 | > DO_CALL (0.018s wait)
.2020-01-20 19:56:35.686591 | eval'd: drake::cmq_buildtargetmetadepsspecht_is_subtargetconfig
2020-01-20 19:56:35.906224 | > DO_CALL (0.026s wait)
.2020-01-20 19:56:36.269999 | eval'd: drake::cmq_buildtargetmetadepsspecht_is_subtargetconfig
2020-01-20 19:56:36.358288 | > DO_CALL (0.010s wait)
.2020-01-20 19:56:37.386709 | eval'd: drake::cmq_buildtargetmetadepsspecht_is_subtargetconfig
2020-01-20 19:56:38.065552 | > DO_CALL (0.001s wait)
.2020-01-20 19:56:38.133542 | eval'd: drake::cmq_buildtargetmetadepsspecht_is_subtargetconfig
2020-01-20 19:56:38.429388 | > DO_CALL (0.015s wait)
.2020-01-20 19:56:38.783631 | eval'd: drake::cmq_buildtargetmetadepsspecht_is_subtargetconfig
2020-01-20 19:56:38.952366 | > DO_CALL (0.016s wait)
.2020-01-20 19:56:39.307609 | eval'd: drake::cmq_buildtargetmetadepsspecht_is_subtargetconfig
2020-01-20 19:56:39.389139 | > DO_CALL (0.013s wait)
.2020-01-20 19:56:39.739395 | eval'd: drake::cmq_buildtargetmetadepsspecht_is_subtargetconfig
2020-01-20 19:56:39.853307 | > DO_CALL (0.011s wait)
.2020-01-20 19:56:40.201559 | eval'd: drake::cmq_buildtargetmetadepsspecht_is_subtargetconfig
2020-01-20 19:56:40.344659 | > DO_CALL (0.009s wait)
.2020-01-20 19:56:41.508291 | eval'd: drake::cmq_buildtargetmetadepsspecht_is_subtargetconfig
2020-01-20 19:56:41.741916 | > DO_CALL (0.015s wait)
.2020-01-20 19:56:42.092541 | eval'd: drake::cmq_buildtargetmetadepsspecht_is_subtargetconfig
2020-01-20 19:56:42.198883 | > DO_CALL (0.014s wait)
.2020-01-20 19:56:42.539786 | eval'd: drake::cmq_buildtargetmetadepsspecht_is_subtargetconfig
2020-01-20 19:56:43.459338 | > DO_CALL (0.004s wait)
.2020-01-20 19:56:43.771520 | eval'd: drake::cmq_buildtargetmetadepsspecht_is_subtargetconfig
2020-01-20 19:56:43.869021 | > DO_CALL (0.005s wait)
.2020-01-20 19:56:44.891652 | eval'd: drake::cmq_buildtargetmetadepsspecht_is_subtargetconfig
2020-01-20 19:56:44.999848 | > DO_CALL (0.009s wait)
.2020-01-20 19:56:45.327121 | eval'd: drake::cmq_buildtargetmetadepsspecht_is_subtargetconfig
2020-01-20 19:56:45.473638 | > DO_CALL (0.012s wait)
.2020-01-20 19:56:45.820038 | eval'd: drake::cmq_buildtargetmetadepsspecht_is_subtargetconfig
2020-01-20 19:56:45.986533 | > DO_CALL (0.000s wait)
.2020-01-20 19:56:46.007707 | eval'd: drake::cmq_buildtargetmetadepsspecht_is_subtargetconfig
2020-01-20 19:56:46.104852 | > DO_CALL (0.012s wait)
.2020-01-20 19:56:46.454562 | eval'd: drake::cmq_buildtargetmetadepsspecht_is_subtargetconfig
2020-01-20 19:56:46.524606 | > DO_CALL (0.008s wait)
.2020-01-20 19:56:47.696164 | eval'd: drake::cmq_buildtargetmetadepsspecht_is_subtargetconfig
2020-01-20 19:56:48.400193 | > DO_CALL (0.009s wait)
.2020-01-20 19:56:48.718991 | eval'd: drake::cmq_buildtargetmetadepsspecht_is_subtargetconfig
2020-01-20 19:56:49.167716 | > DO_CALL (0.015s wait)
.2020-01-20 19:56:49.515986 | eval'd: drake::cmq_buildtargetmetadepsspecht_is_subtargetconfig
2020-01-20 19:56:49.815326 | > DO_CALL (0.019s wait)
.2020-01-20 19:56:50.168626 | eval'd: drake::cmq_buildtargetmetadepsspecht_is_subtargetconfig
2020-01-20 19:56:50.440638 | > DO_CALL (0.003s wait)
.2020-01-20 19:56:50.607044 | eval'd: drake::cmq_buildtargetmetadepsspecht_is_subtargetconfig
2020-01-20 19:56:50.793123 | > DO_CALL (0.036s wait)
.2020-01-20 19:56:51.902090 | eval'd: drake::cmq_buildtargetmetadepsspecht_is_subtargetconfig
2020-01-20 19:56:52.131505 | > DO_CALL (0.013s wait)
.2020-01-20 19:56:52.468986 | eval'd: drake::cmq_buildtargetmetadepsspecht_is_subtargetconfig
2020-01-20 19:56:53.381367 | > DO_CALL (0.016s wait)
.2020-01-20 19:56:53.728882 | eval'd: drake::cmq_buildtargetmetadepsspecht_is_subtargetconfig
2020-01-20 19:56:54.103982 | > DO_CALL (0.006s wait)
.2020-01-20 19:56:54.426706 | eval'd: drake::cmq_buildtargetmetadepsspecht_is_subtargetconfig
2020-01-20 19:56:54.698441 | > DO_CALL (0.013s wait)
.2020-01-20 19:56:55.067703 | eval'd: drake::cmq_buildtargetmetadepsspecht_is_subtargetconfig
2020-01-20 19:56:55.150333 | > DO_CALL (0.007s wait)
.2020-01-20 19:56:56.226377 | eval'd: drake::cmq_buildtargetmetadepsspecht_is_subtargetconfig
2020-01-20 19:56:56.635404 | > DO_CALL (0.012s wait)
.2020-01-20 19:56:56.988736 | eval'd: drake::cmq_buildtargetmetadepsspecht_is_subtargetconfig
2020-01-20 19:56:57.375938 | > DO_CALL (0.014s wait)
.2020-01-20 19:56:57.731701 | eval'd: drake::cmq_buildtargetmetadepsspecht_is_subtargetconfig
2020-01-20 19:56:58.731114 | > DO_CALL (0.017s wait)
.2020-01-20 19:56:59.086414 | eval'd: drake::cmq_buildtargetmetadepsspecht_is_subtargetconfig
2020-01-20 19:56:59.275671 | > DO_CALL (0.008s wait)
.2020-01-20 19:57:00.311706 | eval'd: drake::cmq_buildtargetmetadepsspecht_is_subtargetconfig
2020-01-20 19:57:00.833586 | > DO_CALL (0.018s wait)
.
2020-01-20 19:57:01.190855 | eval'd: drake::cmq_buildtargetmetadepsspecht_is_subtargetconfig
2020-01-20 19:57:01.438915 | > DO_CALL (0.007s wait)
.2020-01-20 19:57:01.761895 | eval'd: drake::cmq_buildtargetmetadepsspecht_is_subtargetconfig
2020-01-20 19:57:02.182694 | > DO_CALL (0.014s wait)
.2020-01-20 19:57:02.535661 | eval'd: drake::cmq_buildtargetmetadepsspecht_is_subtargetconfig
2020-01-20 19:57:03.439869 | > DO_CALL (0.002s wait)
.2020-01-20 19:57:03.757685 | eval'd: drake::cmq_buildtargetmetadepsspecht_is_subtargetconfig
2020-01-20 19:57:04.213937 | > DO_CALL (0.008s wait)
.2020-01-20 19:57:05.295261 | eval'd: drake::cmq_buildtargetmetadepsspecht_is_subtargetconfig
2020-01-20 19:57:05.662876 | > DO_CALL (0.008s wait)
.2020-01-20 19:57:06.009533 | eval'd: drake::cmq_buildtargetmetadepsspecht_is_subtargetconfig
2020-01-20 19:57:06.158875 | > DO_CALL (0.004s wait)
.2020-01-20 19:57:06.420723 | eval'd: drake::cmq_buildtargetmetadepsspecht_is_subtargetconfig
2020-01-20 19:57:06.512355 | > DO_CALL (0.014s wait)
.2020-01-20 19:57:06.867958 | eval'd: drake::cmq_buildtargetmetadepsspecht_is_subtargetconfig
2020-01-20 19:57:07.035218 | > DO_CALL (0.014s wait)
.2020-01-20 19:57:07.996964 | eval'd: drake::cmq_buildtargetmetadepsspecht_is_subtargetconfig
2020-01-20 19:57:08.201865 | > DO_CALL (0.000s wait)
.2020-01-20 19:57:08.210613 | eval'd: drake::cmq_buildtargetmetadepsspecht_is_subtargetconfig
2020-01-20 19:57:09.012686 | > DO_CALL (0.008s wait)
.2020-01-20 19:57:09.339542 | eval'd: drake::cmq_buildtargetmetadepsspecht_is_subtargetconfig
2020-01-20 19:57:09.834256 | > DO_CALL (0.001s wait)
.2020-01-20 19:57:09.842543 | eval'd: drake::cmq_buildtargetmetadepsspecht_is_subtargetconfig
2020-01-20 19:57:10.162842 | > DO_CALL (0.018s wait)
.2020-01-20 19:57:10.530943 | eval'd: drake::cmq_buildtargetmetadepsspecht_is_subtargetconfig
2020-01-20 19:57:10.731416 | > DO_CALL (0.013s wait)
.2020-01-20 19:57:11.080209 | eval'd: drake::cmq_buildtargetmetadepsspecht_is_subtargetconfig
2020-01-20 19:57:11.412314 | > DO_CALL (0.003s wait)
.2020-01-20 19:57:11.732206 | eval'd: drake::cmq_buildtargetmetadepsspecht_is_subtargetconfig
2020-01-20 19:57:11.873737 | > DO_CALL (0.000s wait)
.2020-01-20 19:57:11.882949 | eval'd: drake::cmq_buildtargetmetadepsspecht_is_subtargetconfig
2020-01-20 19:57:12.025560 | > DO_CALL (0.008s wait)
.2020-01-20 19:57:13.057363 | eval'd: drake::cmq_buildtargetmetadepsspecht_is_subtargetconfig
2020-01-20 19:57:13.581102 | > DO_CALL (0.015s wait)
.2020-01-20 19:57:13.945601 | eval'd: drake::cmq_buildtargetmetadepsspecht_is_subtargetconfig
2020-01-20 19:57:14.370142 | > DO_CALL (0.013s wait)
.2020-01-20 19:57:14.726462 | eval'd: drake::cmq_buildtargetmetadepsspecht_is_subtargetconfig
2020-01-20 19:57:15.115580 | > DO_CALL (0.010s wait)
.2020-01-20 19:57:15.461392 | eval'd: drake::cmq_buildtargetmetadepsspecht_is_subtargetconfig
2020-01-20 19:57:15.613707 | > DO_CALL (0.005s wait)
.2020-01-20 19:57:16.701051 | eval'd: drake::cmq_buildtargetmetadepsspecht_is_subtargetconfig
2020-01-20 19:57:16.941319 | > DO_CALL (0.012s wait)
.2020-01-20 19:57:17.286046 | eval'd: drake::cmq_buildtargetmetadepsspecht_is_subtargetconfig
2020-01-20 19:57:18.396904 | > DO_CALL (0.013s wait)
.2020-01-20 19:57:18.733428 | eval'd: drake::cmq_buildtargetmetadepsspecht_is_subtargetconfig
2020-01-20 19:57:19.157938 | > DO_CALL (0.007s wait)
.2020-01-20 19:57:19.481735 | eval'd: drake::cmq_buildtargetmetadepsspecht_is_subtargetconfig
2020-01-20 19:57:19.819492 | > DO_CALL (0.005s wait)
.2020-01-20 19:57:20.142039 | eval'd: drake::cmq_buildtargetmetadepsspecht_is_subtargetconfig
2020-01-20 19:57:20.409762 | > DO_CALL (0.021s wait)
.2020-01-20 19:57:21.445192 | eval'd: drake::cmq_buildtargetmetadepsspecht_is_subtargetconfig
2020-01-20 19:57:21.571422 | > DO_CALL (0.007s wait)
.2020-01-20 19:57:21.891180 | eval'd: drake::cmq_buildtargetmetadepsspecht_is_subtargetconfig
2020-01-20 19:57:22.270915 | > DO_CALL (0.017s wait)
.2020-01-20 19:57:22.627087 | eval'd: drake::cmq_buildtargetmetadepsspecht_is_subtargetconfig
2020-01-20 19:57:23.798339 | > DO_CALL (0.013s wait)
.2020-01-20 19:57:24.142849 | eval'd: drake::cmq_buildtargetmetadepsspecht_is_subtargetconfig
2020-01-20 19:57:24.580606 | > DO_CALL (0.000s wait)
.2020-01-20 19:57:24.589408 | eval'd: drake::cmq_buildtargetmetadepsspecht_is_subtargetconfig
2020-01-20 19:57:25.051959 | > DO_CALL (0.007s wait)
.2020-01-20 19:57:26.055497 | eval'd: drake::cmq_buildtargetmetadepsspecht_is_subtargetconfig
2020-01-20 19:57:26.385084 | > DO_CALL (0.016s wait)
.2020-01-20 19:57:26.733249 | eval'd: drake::cmq_buildtargetmetadepsspecht_is_subtargetconfig
2020-01-20 19:57:27.139192 | > DO_CALL (0.012s wait)
.2020-01-20 19:57:27.483546 | eval'd: drake::cmq_buildtargetmetadepsspecht_is_subtargetconfig
2020-01-20 19:57:28.562332 | > DO_CALL (0.010s wait)
.2020-01-20 19:57:28.890223 | eval'd: drake::cmq_buildtargetmetadepsspecht_is_subtargetconfig
2020-01-20 19:57:29.271285 | > DO_CALL (0.006s wait)
.2020-01-20 19:57:30.318219 | eval'd: drake::cmq_buildtargetmetadepsspecht_is_subtargetconfig
2020-01-20 19:57:30.434526 | > DO_CALL (0.015s wait)
.2020-01-20 19:57:30.788820 | eval'd: drake::cmq_buildtargetmetadepsspecht_is_subtargetconfig
2020-01-20 19:57:31.032507 | > DO_CALL (0.010s wait)
.2020-01-20 19:57:31.365363 | eval'd: drake::cmq_buildtargetmetadepsspecht_is_subtargetconfig
2020-01-20 19:57:31.888876 | > DO_CALL (0.008s wait)
.2020-01-20 19:57:32.207933 | eval'd: drake::cmq_buildtargetmetadepsspecht_is_subtargetconfig
2020-01-20 19:57:33.297665 | > DO_CALL (0.004s wait)
.2020-01-20 19:57:33.605527 | eval'd: drake::cmq_buildtargetmetadepsspecht_is_subtargetconfig
2020-01-20 19:57:34.207495 | > DO_CALL (0.036s wait)
.2020-01-20 19:57:35.245758 | eval'd: drake::cmq_buildtargetmetadepsspecht_is_subtargetconfig
2020-01-20 19:57:35.345512 | > DO_CALL (0.004s wait)
.2020-01-20 19:57:35.556429 | eval'd: drake::cmq_buildtargetmetadepsspecht_is_subtargetconfig
2020-01-20 19:57:36.130534 | > DO_CALL (0.006s wait)
.2020-01-20 19:57:36.453136 | eval'd: drake::cmq_buildtargetmetadepsspecht_is_subtargetconfig
2020-01-20 19:57:36.773195 | > DO_CALL (0.005s wait)
.2020-01-20 19:57:37.096333 | eval'd: drake::cmq_buildtargetmetadepsspecht_is_subtargetconfig
2020-01-20 19:57:38.249633 | > DO_CALL (0.011s wait)
.2020-01-20 19:57:38.589497 | eval'd: drake::cmq_buildtargetmetadepsspecht_is_subtargetconfig
2020-01-20 19:57:39.033527 | > DO_CALL (0.010s wait)
.2020-01-20 19:57:40.011630 | eval'd: drake::cmq_buildtargetmetadepsspecht_is_subtargetconfig
2020-01-20 19:57:40.343654 | > DO_CALL (0.011s wait)
.2020-01-20 19:57:40.677812 | eval'd: drake::cmq_buildtargetmetadepsspecht_is_subtargetconfig
2020-01-20 19:57:40.801420 | > DO_CALL (0.024s wait)
.2020-01-20 19:57:41.170041 | eval'd: drake::cmq_buildtargetmetadepsspecht_is_subtargetconfig
2020-01-20 19:57:41.309348 | > DO_CALL (0.012s wait)
.2020-01-20 19:57:41.657160 | eval'd: drake::cmq_buildtargetmetadepsspecht_is_subtargetconfig
2020-01-20 19:57:41.879402 | > DO_CALL (0.004s wait)
.2020-01-20 19:57:42.783664 | eval'd: drake::cmq_buildtargetmetadepsspecht_is_subtargetconfig
2020-01-20 19:57:43.304333 | > DO_CALL (0.011s wait)
.2020-01-20 19:57:43.641276 | eval'd: drake::cmq_buildtargetmetadepsspecht_is_subtargetconfig
2020-01-20 19:57:44.079877 | > DO_CALL (0.011s wait)
.2020-01-20 19:57:44.418970 | eval'd: drake::cmq_buildtargetmetadepsspecht_is_subtargetconfig
2020-01-20 19:57:44.749874 | > DO_CALL (0.009s wait)
.2020-01-20 19:57:45.074142 | eval'd: drake::cmq_buildtargetmetadepsspecht_is_subtargetconfig
2020-01-20 19:57:45.637101 | > DO_CALL (0.014s wait)
.2020-01-20 19:57:45.996217 | eval'd: drake::cmq_buildtargetmetadepsspecht_is_subtargetconfig
2020-01-20 19:57:46.109427 | > DO_CALL (0.012s wait)
.2020-01-20 19:57:47.164517 | eval'd: drake::cmq_buildtargetmetadepsspecht_is_subtargetconfig
2020-01-20 19:57:47.770607 | > DO_CALL (0.013s wait)
.2020-01-20 19:57:48.111518 | eval'd: drake::cmq_buildtargetmetadepsspecht_is_subtargetconfig
2020-01-20 19:57:48.509019 | > DO_CALL (0.015s wait)
.2020-01-20 19:57:48.854145 | eval'd: drake::cmq_buildtargetmetadepsspecht_is_subtargetconfig
2020-01-20 19:57:49.291826 | > DO_CALL (0.007s wait)
.2020-01-20 19:57:49.619211 | eval'd: drake::cmq_buildtargetmetadepsspecht_is_subtargetconfig
2020-01-20 19:57:49.963444 | > DO_CALL (0.008s wait)
.2020-01-20 19:57:51.033018 | eval'd: drake::cmq_buildtargetmetadepsspecht_is_subtargetconfig
2020-01-20 19:57:51.240068 | > DO_CALL (0.009s wait)
.2020-01-20 19:57:51.570492 | eval'd: drake::cmq_buildtargetmetadepsspecht_is_subtargetconfig
2020-01-20 19:57:52.575413 | > DO_CALL (0.015s wait)
.2020-01-20 19:57:52.919193 | eval'd: drake::cmq_buildtargetmetadepsspecht_is_subtargetconfig
2020-01-20 19:57:53.037850 | > DO_CALL (0.013s wait)
.2020-01-20 19:57:53.380098 | eval'd: drake::cmq_buildtargetmetadepsspecht_is_subtargetconfig
2020-01-20 19:57:53.869111 | > DO_CALL (0.010s wait)
.2020-01-20 19:57:54.853010 | eval'd: drake::cmq_buildtargetmetadepsspecht_is_subtargetconfig
2020-01-20 19:57:55.092055 | > DO_CALL (0.002s wait)
.2020-01-20 19:57:55.413211 | eval'd: drake::cmq_buildtargetmetadepsspecht_is_subtargetconfig
2020-01-20 19:57:55.777334 | > DO_CALL (0.003s wait)
.2020-01-20 19:57:56.086542 | eval'd: drake::cmq_buildtargetmetadepsspecht_is_subtargetconfig
2020-01-20 19:57:57.256843 | > DO_CALL (0.012s wait)
.2020-01-20 19:57:57.606209 | eval'd: drake::cmq_buildtargetmetadepsspecht_is_subtargetconfig
2020-01-20 19:57:58.084665 | > DO_CALL (0.012s wait)
.2020-01-20 19:57:58.427986 | eval'd: drake::cmq_buildtargetmetadepsspecht_is_subtargetconfig
2020-01-20 19:57:58.882635 | > DO_CALL (0.008s wait)
.2020-01-20 19:57:59.910077 | eval'd: drake::cmq_buildtargetmetadepsspecht_is_subtargetconfig
2020-01-20 19:58:00.212446 | > DO_CALL (0.000s wait)
.2020-01-20 19:58:00.221683 | eval'd: drake::cmq_buildtargetmetadepsspecht_is_subtargetconfig
2020-01-20 19:58:00.588309 | > DO_CALL (0.006s wait)
.2020-01-20 19:58:00.913689 | eval'd: drake::cmq_buildtargetmetadepsspecht_is_subtargetconfig
2020-01-20 19:58:02.100670 | > DO_CALL (0.027s wait)
.2020-01-20 19:58:02.479226 | eval'd: drake::cmq_buildtargetmetadepsspecht_is_subtargetconfig
2020-01-20 19:58:02.911364 | > DO_CALL (0.023s wait)
.2020-01-20 19:58:03.271186 | eval'd: drake::cmq_buildtargetmetadepsspecht_is_subtargetconfig
2020-01-20 19:58:03.665875 | > DO_CALL (0.008s wait)
.2020-01-20 19:58:04.645739 | eval'd: drake::cmq_buildtargetmetadepsspecht_is_subtargetconfig
2020-01-20 19:58:04.809900 | > DO_CALL (0.018s wait)
.2020-01-20 19:58:05.171455 | eval'd: drake::cmq_buildtargetmetadepsspecht_is_subtargetconfig
2020-01-20 19:58:05.556211 | > DO_CALL (0.018s wait)
.2020-01-20 19:58:05.912159 | eval'd: drake::cmq_buildtargetmetadepsspecht_is_subtargetconfig
2020-01-20 19:58:06.851836 | > DO_CALL (0.007s wait)
.2020-01-20 19:58:07.170900 | eval'd: drake::cmq_buildtargetmetadepsspecht_is_subtargetconfig
2020-01-20 19:58:07.664278 | > DO_CALL (0.014s wait)
.2020-01-20 19:58:08.015751 | eval'd: drake::cmq_buildtargetmetadepsspecht_is_subtargetconfig
2020-01-20 19:58:08.492211 | > DO_CALL (0.017s wait)
.2020-01-20 19:58:09.559625 | eval'd: drake::cmq_buildtargetmetadepsspecht_is_subtargetconfig
2020-01-20 19:58:09.750359 | > DO_CALL (0.011s wait)
.2020-01-20 19:58:10.096387 | eval'd: drake::cmq_buildtargetmetadepsspecht_is_subtargetconfig
2020-01-20 19:58:10.337879 | > DO_CALL (0.011s wait)
.2020-01-20 19:58:10.678759 | eval'd: drake::cmq_buildtargetmetadepsspecht_is_subtargetconfig
2020-01-20 19:58:11.663814 | > DO_CALL (0.009s wait)
.
2020-01-20 19:58:11.991444 | eval'd: drake::cmq_buildtargetmetadepsspecht_is_subtargetconfig
2020-01-20 19:58:12.451108 | > DO_CALL (0.014s wait)
.2020-01-20 19:58:13.473964 | eval'd: drake::cmq_buildtargetmetadepsspecht_is_subtargetconfig
2020-01-20 19:58:13.900485 | > DO_CALL (0.021s wait)
.2020-01-20 19:58:14.262635 | eval'd: drake::cmq_buildtargetmetadepsspecht_is_subtargetconfig
2020-01-20 19:58:14.663335 | > DO_CALL (0.016s wait)
.2020-01-20 19:58:15.011647 | eval'd: drake::cmq_buildtargetmetadepsspecht_is_subtargetconfig
2020-01-20 19:58:15.194539 | > DO_CALL (0.012s wait)
.2020-01-20 19:58:15.533399 | eval'd: drake::cmq_buildtargetmetadepsspecht_is_subtargetconfig
2020-01-20 19:58:16.478398 | > DO_CALL (0.010s wait)
.2020-01-20 19:58:16.818735 | eval'd: drake::cmq_buildtargetmetadepsspecht_is_subtargetconfig
2020-01-20 19:58:17.324540 | > DO_CALL (0.010s wait)
.2020-01-20 19:58:18.430871 | eval'd: drake::cmq_buildtargetmetadepsspecht_is_subtargetconfig
2020-01-20 19:58:18.605855 | > DO_CALL (0.007s wait)
.2020-01-20 19:58:18.936373 | eval'd: drake::cmq_buildtargetmetadepsspecht_is_subtargetconfig
2020-01-20 19:58:19.345347 | > DO_CALL (0.006s wait)
.2020-01-20 19:58:19.668260 | eval'd: drake::cmq_buildtargetmetadepsspecht_is_subtargetconfig
2020-01-20 19:58:19.932630 | > DO_CALL (0.011s wait)
.2020-01-20 19:58:20.271404 | eval'd: drake::cmq_buildtargetmetadepsspecht_is_subtargetconfig
2020-01-20 19:58:20.535142 | > DO_CALL (0.004s wait)
.2020-01-20 19:58:21.461848 | eval'd: drake::cmq_buildtargetmetadepsspecht_is_subtargetconfig
2020-01-20 19:58:22.009135 | > DO_CALL (0.010s wait)
.2020-01-20 19:58:22.353984 | eval'd: drake::cmq_buildtargetmetadepsspecht_is_subtargetconfig
2020-01-20 19:58:22.834512 | > DO_CALL (0.010s wait)
.2020-01-20 19:58:23.164970 | eval'd: drake::cmq_buildtargetmetadepsspecht_is_subtargetconfig
2020-01-20 19:58:23.691928 | > DO_CALL (0.013s wait)
.2020-01-20 19:58:24.040606 | eval'd: drake::cmq_buildtargetmetadepsspecht_is_subtargetconfig
2020-01-20 19:58:24.455819 | > DO_CALL (0.021s wait)
.2020-01-20 19:58:25.613786 | eval'd: drake::cmq_buildtargetmetadepsspecht_is_subtargetconfig
2020-01-20 19:58:26.456037 | > DO_CALL (0.015s wait)
.2020-01-20 19:58:26.801414 | eval'd: drake::cmq_buildtargetmetadepsspecht_is_subtargetconfig
2020-01-20 19:58:27.248358 | > DO_CALL (0.014s wait)
.2020-01-20 19:58:27.596014 | eval'd: drake::cmq_buildtargetmetadepsspecht_is_subtargetconfig
2020-01-20 19:58:28.083424 | > DO_CALL (0.021s wait)
.2020-01-20 19:58:28.438242 | eval'd: drake::cmq_buildtargetmetadepsspecht_is_subtargetconfig
2020-01-20 19:58:28.881503 | > DO_CALL (0.013s wait)
.2020-01-20 19:58:29.223174 | eval'd: drake::cmq_buildtargetmetadepsspecht_is_subtargetconfig
2020-01-20 19:58:29.629757 | > DO_CALL (0.011s wait)
.2020-01-20 19:58:30.671343 | eval'd: drake::cmq_buildtargetmetadepsspecht_is_subtargetconfig
2020-01-20 19:58:31.410879 | > DO_CALL (0.008s wait)
.2020-01-20 19:58:31.738331 | eval'd: drake::cmq_buildtargetmetadepsspecht_is_subtargetconfig
2020-01-20 19:58:32.215034 | > DO_CALL (0.011s wait)
.2020-01-20 19:58:32.557801 | eval'd: drake::cmq_buildtargetmetadepsspecht_is_subtargetconfig
2020-01-20 19:58:32.988647 | > DO_CALL (0.009s wait)
.2020-01-20 19:58:33.314084 | eval'd: drake::cmq_buildtargetmetadepsspecht_is_subtargetconfig
2020-01-20 19:58:33.771733 | > DO_CALL (0.009s wait)
.2020-01-20 19:58:34.810764 | eval'd: drake::cmq_buildtargetmetadepsspecht_is_subtargetconfig
2020-01-20 19:58:34.883746 | > DO_CALL (0.010s wait)
.2020-01-20 19:58:35.222568 | eval'd: drake::cmq_buildtargetmetadepsspecht_is_subtargetconfig
2020-01-20 19:58:35.381493 | > DO_CALL (0.014s wait)
.2020-01-20 19:58:35.734680 | eval'd: drake::cmq_buildtargetmetadepsspecht_is_subtargetconfig
2020-01-20 19:58:36.925776 | > DO_CALL (0.017s wait)
.2020-01-20 19:58:37.279774 | eval'd: drake::cmq_buildtargetmetadepsspecht_is_subtargetconfig
2020-01-20 19:58:37.770620 | > DO_CALL (0.008s wait)
.2020-01-20 19:58:38.103789 | eval'd: drake::cmq_buildtargetmetadepsspecht_is_subtargetconfig
2020-01-20 19:58:38.548280 | > DO_CALL (0.003s wait)
.2020-01-20 19:58:39.419055 | eval'd: drake::cmq_buildtargetmetadepsspecht_is_subtargetconfig
2020-01-20 19:58:39.602656 | > DO_CALL (0.009s wait)
.2020-01-20 19:58:39.936725 | eval'd: drake::cmq_buildtargetmetadepsspecht_is_subtargetconfig
2020-01-20 19:58:40.114303 | > DO_CALL (0.003s wait)
.2020-01-20 19:58:40.431333 | eval'd: drake::cmq_buildtargetmetadepsspecht_is_subtargetconfig
2020-01-20 19:58:41.075982 | > DO_CALL (0.007s wait)
.2020-01-20 19:58:41.395381 | eval'd: drake::cmq_buildtargetmetadepsspecht_is_subtargetconfig
2020-01-20 19:58:41.849990 | > DO_CALL (0.000s wait)
.2020-01-20 19:58:41.858359 | eval'd: drake::cmq_buildtargetmetadepsspecht_is_subtargetconfig
2020-01-20 19:58:42.644047 | > DO_CALL (0.008s wait)
.2020-01-20 19:58:43.725995 | eval'd: drake::cmq_buildtargetmetadepsspecht_is_subtargetconfig
2020-01-20 19:58:43.899880 | > DO_CALL (0.007s wait)
.2020-01-20 19:58:44.224679 | eval'd: drake::cmq_buildtargetmetadepsspecht_is_subtargetconfig
2020-01-20 19:58:44.558075 | > DO_CALL (0.005s wait)
.2020-01-20 19:58:44.879853 | eval'd: drake::cmq_buildtargetmetadepsspecht_is_subtargetconfig
2020-01-20 19:58:45.969368 | > DO_CALL (0.014s wait)
.2020-01-20 19:58:46.312631 | eval'd: drake::cmq_buildtargetmetadepsspecht_is_subtargetconfig
2020-01-20 19:58:46.796580 | > DO_CALL (0.013s wait)
.2020-01-20 19:58:47.137899 | eval'd: drake::cmq_buildtargetmetadepsspecht_is_subtargetconfig
2020-01-20 19:58:47.547320 | > DO_CALL (0.007s wait)
.2020-01-20 19:58:48.659467 | eval'd: drake::cmq_buildtargetmetadepsspecht_is_subtargetconfig
2020-01-20 19:58:48.775881 | > DO_CALL (0.022s wait)
.2020-01-20 19:58:49.166689 | eval'd: drake::cmq_buildtargetmetadepsspecht_is_subtargetconfig
2020-01-20 19:58:49.303328 | > DO_CALL (0.009s wait)
.2020-01-20 19:58:49.669044 | eval'd: drake::cmq_buildtargetmetadepsspecht_is_subtargetconfig
2020-01-20 19:58:50.435338 | > DO_CALL (0.001s wait)
.2020-01-20 19:58:50.445232 | eval'd: drake::cmq_buildtargetmetadepsspecht_is_subtargetconfig
2020-01-20 19:58:51.246198 | > DO_CALL (0.010s wait)
.2020-01-20 19:58:51.616005 | eval'd: drake::cmq_buildtargetmetadepsspecht_is_subtargetconfig
2020-01-20 19:58:52.019571 | > DO_CALL (0.010s wait)
.2020-01-20 19:58:53.074851 | eval'd: drake::cmq_buildtargetmetadepsspecht_is_subtargetconfig
2020-01-20 19:58:53.274715 | > DO_CALL (0.012s wait)
.2020-01-20 19:58:53.639157 | eval'd: drake::cmq_buildtargetmetadepsspecht_is_subtargetconfig
2020-01-20 19:58:53.912841 | > DO_CALL (0.027s wait)
.2020-01-20 19:58:54.297960 | eval'd: drake::cmq_buildtargetmetadepsspecht_is_subtargetconfig
2020-01-20 19:58:54.409287 | > DO_CALL (0.009s wait)
.2020-01-20 19:58:54.738399 | eval'd: drake::cmq_buildtargetmetadepsspecht_is_subtargetconfig
2020-01-20 19:58:55.792913 | > DO_CALL (0.001s wait)
.2020-01-20 19:58:55.888744 | eval'd: drake::cmq_buildtargetmetadepsspecht_is_subtargetconfig
2020-01-20 19:58:56.569143 | > DO_CALL (0.007s wait)
.2020-01-20 19:58:57.627624 | eval'd: drake::cmq_buildtargetmetadepsspecht_is_subtargetconfig
2020-01-20 19:58:57.952289 | > DO_CALL (0.019s wait)
.2020-01-20 19:58:58.309024 | eval'd: drake::cmq_buildtargetmetadepsspecht_is_subtargetconfig
2020-01-20 19:58:58.479896 | > DO_CALL (0.011s wait)
.2020-01-20 19:58:58.820582 | eval'd: drake::cmq_buildtargetmetadepsspecht_is_subtargetconfig
2020-01-20 19:58:59.830596 | > DO_CALL (0.019s wait)
.2020-01-20 19:59:00.200842 | eval'd: drake::cmq_buildtargetmetadepsspecht_is_subtargetconfig
2020-01-20 19:59:00.591093 | > DO_CALL (0.010s wait)
.2020-01-20 19:59:00.936631 | eval'd: drake::cmq_buildtargetmetadepsspecht_is_subtargetconfig
2020-01-20 19:59:01.304543 | > DO_CALL (0.005s wait)
.2020-01-20 19:59:02.312569 | eval'd: drake::cmq_buildtargetmetadepsspecht_is_subtargetconfig
2020-01-20 19:59:02.383077 | > DO_CALL (0.000s wait)
.2020-01-20 19:59:02.392245 | eval'd: drake::cmq_buildtargetmetadepsspecht_is_subtargetconfig
2020-01-20 19:59:02.559174 | > DO_CALL (0.010s wait)
.2020-01-20 19:59:02.911686 | eval'd: drake::cmq_buildtargetmetadepsspecht_is_subtargetconfig
2020-01-20 19:59:03.162010 | > DO_CALL (0.010s wait)
.2020-01-20 19:59:03.516171 | eval'd: drake::cmq_buildtargetmetadepsspecht_is_subtargetconfig
2020-01-20 19:59:04.610765 | > DO_CALL (0.014s wait)
.2020-01-20 19:59:04.954057 | eval'd: drake::cmq_buildtargetmetadepsspecht_is_subtargetconfig
2020-01-20 19:59:05.424246 | > DO_CALL (0.010s wait)
.2020-01-20 19:59:06.455060 | eval'd: drake::cmq_buildtargetmetadepsspecht_is_subtargetconfig
2020-01-20 19:59:06.623457 | > DO_CALL (0.006s wait)
.2020-01-20 19:59:06.948195 | eval'd: drake::cmq_buildtargetmetadepsspecht_is_subtargetconfig
2020-01-20 19:59:07.281958 | > DO_CALL (0.007s wait)
.2020-01-20 19:59:07.607935 | eval'd: drake::cmq_buildtargetmetadepsspecht_is_subtargetconfig
2020-01-20 19:59:07.871055 | > DO_CALL (0.009s wait)
.2020-01-20 19:59:08.210334 | eval'd: drake::cmq_buildtargetmetadepsspecht_is_subtargetconfig
2020-01-20 19:59:09.120151 | > DO_CALL (0.016s wait)
.2020-01-20 19:59:09.488005 | eval'd: drake::cmq_buildtargetmetadepsspecht_is_subtargetconfig
2020-01-20 19:59:09.895133 | > DO_CALL (0.007s wait)
.2020-01-20 19:59:10.882354 | eval'd: drake::cmq_buildtargetmetadepsspecht_is_subtargetconfig
2020-01-20 19:59:10.963373 | > DO_CALL (0.010s wait)
.2020-01-20 19:59:11.311675 | eval'd: drake::cmq_buildtargetmetadepsspecht_is_subtargetconfig
2020-01-20 19:59:11.682731 | > DO_CALL (0.012s wait)
.2020-01-20 19:59:12.036008 | eval'd: drake::cmq_buildtargetmetadepsspecht_is_subtargetconfig
2020-01-20 19:59:12.242672 | > DO_CALL (0.001s wait)
.2020-01-20 19:59:12.248409 | eval'd: drake::cmq_buildtargetmetadepsspecht_is_subtargetconfig
2020-01-20 19:59:13.451222 | > DO_CALL (0.001s wait)
.2020-01-20 19:59:16.016982 | eval'd: drake::cmq_buildtargetmetadepsspecht_is_subtargetconfig
2020-01-20 19:59:16.087107 | > DO_CALL (0.000s wait)
.2020-01-20 19:59:16.093601 | eval'd: drake::cmq_buildtargetmetadepsspecht_is_subtargetconfig
2020-01-20 19:59:16.434913 | > DO_CALL (0.001s wait)
.2020-01-20 19:59:16.441119 | eval'd: drake::cmq_buildtargetmetadepsspecht_is_subtargetconfig
2020-01-20 19:59:16.923070 | > DO_CALL (0.000s wait)
.2020-01-20 19:59:16.928740 | eval'd: drake::cmq_buildtargetmetadepsspecht_is_subtargetconfig
2020-01-20 19:59:18.131922 | > DO_CALL (0.001s wait)
.2020-01-20 19:59:18.137362 | eval'd: drake::cmq_buildtargetmetadepsspecht_is_subtargetconfig
2020-01-20 19:59:18.726752 | > DO_CALL (0.000s wait)
.2020-01-20 19:59:18.730870 | eval'd: drake::cmq_buildtargetmetadepsspecht_is_subtargetconfig
2020-01-20 19:59:19.318384 | > DO_CALL (0.001s wait)
.2020-01-20 19:59:19.324755 | eval'd: drake::cmq_buildtargetmetadepsspecht_is_subtargetconfig
2020-01-20 19:59:19.907642 | > DO_CALL (0.001s wait)
.2020-01-20 19:59:19.913427 | eval'd: drake::cmq_buildtargetmetadepsspecht_is_subtargetconfig
2020-01-20 19:59:20.498335 | > DO_CALL (0.001s wait)
.2020-01-20 19:59:20.503718 | eval'd: drake::cmq_buildtargetmetadepsspecht_is_subtargetconfig
2020-01-20 19:59:21.719129 | > DO_CALL (0.000s wait)
.2020-01-20 19:59:21.724542 | eval'd: drake::cmq_buildtargetmetadepsspecht_is_subtargetconfig
2020-01-20 19:59:22.332059 | > DO_CALL (0.000s wait)
.2020-01-20 19:59:22.337432 | eval'd: drake::cmq_buildtargetmetadepsspecht_is_subtargetconfig
2020-01-20 19:59:22.939177 | > DO_CALL (0.000s wait)
.2020-01-20 19:59:22.944562 | eval'd: drake::cmq_buildtargetmetadepsspecht_is_subtargetconfig
2020-01-20 19:59:23.523022 | > DO_CALL (0.000s wait)
.
2020-01-20 19:59:23.528429 | eval'd: drake::cmq_buildtargetmetadepsspecht_is_subtargetconfig
2020-01-20 19:59:24.116342 | > DO_CALL (0.001s wait)
.2020-01-20 19:59:24.121812 | eval'd: drake::cmq_buildtargetmetadepsspecht_is_subtargetconfig
2020-01-20 19:59:25.328260 | > DO_CALL (0.001s wait)
.2020-01-20 19:59:25.333702 | eval'd: drake::cmq_buildtargetmetadepsspecht_is_subtargetconfig
2020-01-20 19:59:25.929327 | > DO_CALL (0.001s wait)
.2020-01-20 19:59:25.934828 | eval'd: drake::cmq_buildtargetmetadepsspecht_is_subtargetconfig
2020-01-20 19:59:26.519802 | > DO_CALL (0.001s wait)
.2020-01-20 19:59:26.525229 | eval'd: drake::cmq_buildtargetmetadepsspecht_is_subtargetconfig
2020-01-20 19:59:27.097491 | > DO_CALL (0.001s wait)
.2020-01-20 19:59:27.102939 | eval'd: drake::cmq_buildtargetmetadepsspecht_is_subtargetconfig
2020-01-20 19:59:27.682360 | > DO_CALL (0.001s wait)
.2020-01-20 19:59:27.687878 | eval'd: drake::cmq_buildtargetmetadepsspecht_is_subtargetconfig
2020-01-20 19:59:28.921555 | > DO_CALL (0.001s wait)
.2020-01-20 19:59:28.927446 | eval'd: drake::cmq_buildtargetmetadepsspecht_is_subtargetconfig
2020-01-20 19:59:29.527378 | > DO_CALL (0.001s wait)
.2020-01-20 19:59:29.532944 | eval'd: drake::cmq_buildtargetmetadepsspecht_is_subtargetconfig
2020-01-20 19:59:30.119426 | > DO_CALL (0.001s wait)
.2020-01-20 19:59:30.125321 | eval'd: drake::cmq_buildtargetmetadepsspecht_is_subtargetconfig
2020-01-20 19:59:30.708085 | > DO_CALL (0.000s wait)
.2020-01-20 19:59:30.713533 | eval'd: drake::cmq_buildtargetmetadepsspecht_is_subtargetconfig
2020-01-20 19:59:31.308126 | > DO_CALL (0.000s wait)
.2020-01-20 19:59:31.313619 | eval'd: drake::cmq_buildtargetmetadepsspecht_is_subtargetconfig
2020-01-20 19:59:32.530847 | > DO_CALL (0.001s wait)
.2020-01-20 19:59:32.536542 | eval'd: drake::cmq_buildtargetmetadepsspecht_is_subtargetconfig
2020-01-20 19:59:33.136501 | > DO_CALL (0.001s wait)
.2020-01-20 19:59:33.142421 | eval'd: drake::cmq_buildtargetmetadepsspecht_is_subtargetconfig
2020-01-20 19:59:33.731185 | > DO_CALL (0.001s wait)
.2020-01-20 19:59:33.736606 | eval'd: drake::cmq_buildtargetmetadepsspecht_is_subtargetconfig
2020-01-20 19:59:34.338807 | > DO_CALL (0.000s wait)
.2020-01-20 19:59:34.343803 | eval'd: drake::cmq_buildtargetmetadepsspecht_is_subtargetconfig
2020-01-20 19:59:34.950083 | > DO_CALL (0.000s wait)
.2020-01-20 19:59:34.955708 | eval'd: drake::cmq_buildtargetmetadepsspecht_is_subtargetconfig
2020-01-20 19:59:36.170898 | > DO_CALL (0.001s wait)
.2020-01-20 19:59:36.176375 | eval'd: drake::cmq_buildtargetmetadepsspecht_is_subtargetconfig
2020-01-20 19:59:36.766947 | > DO_CALL (0.001s wait)
.2020-01-20 19:59:36.772624 | eval'd: drake::cmq_buildtargetmetadepsspecht_is_subtargetconfig
2020-01-20 19:59:37.364201 | > DO_CALL (0.001s wait)
.2020-01-20 19:59:37.369781 | eval'd: drake::cmq_buildtargetmetadepsspecht_is_subtargetconfig
2020-01-20 19:59:37.989996 | > DO_CALL (0.001s wait)
.2020-01-20 19:59:37.995660 | eval'd: drake::cmq_buildtargetmetadepsspecht_is_subtargetconfig
2020-01-20 19:59:38.587756 | > DO_CALL (0.001s wait)
.2020-01-20 19:59:38.593477 | eval'd: drake::cmq_buildtargetmetadepsspecht_is_subtargetconfig
2020-01-20 19:59:39.818569 | > DO_CALL (0.001s wait)
.2020-01-20 19:59:39.824322 | eval'd: drake::cmq_buildtargetmetadepsspecht_is_subtargetconfig
2020-01-20 19:59:40.420917 | > DO_CALL (0.001s wait)
.2020-01-20 19:59:40.426761 | eval'd: drake::cmq_buildtargetmetadepsspecht_is_subtargetconfig
2020-01-20 19:59:41.024198 | > DO_CALL (0.001s wait)
.2020-01-20 19:59:41.029689 | eval'd: drake::cmq_buildtargetmetadepsspecht_is_subtargetconfig
2020-01-20 19:59:41.609739 | > DO_CALL (0.001s wait)
.2020-01-20 19:59:41.615411 | eval'd: drake::cmq_buildtargetmetadepsspecht_is_subtargetconfig
2020-01-20 19:59:42.190587 | > DO_CALL (0.001s wait)
.2020-01-20 19:59:42.196254 | eval'd: drake::cmq_buildtargetmetadepsspecht_is_subtargetconfig
2020-01-20 19:59:43.389684 | > DO_CALL (0.001s wait)
.2020-01-20 19:59:43.395256 | eval'd: drake::cmq_buildtargetmetadepsspecht_is_subtargetconfig
2020-01-20 19:59:44.010460 | > DO_CALL (0.001s wait)
.2020-01-20 19:59:44.015961 | eval'd: drake::cmq_buildtargetmetadepsspecht_is_subtargetconfig
2020-01-20 19:59:44.620051 | > DO_CALL (0.000s wait)
.2020-01-20 19:59:44.625607 | eval'd: drake::cmq_buildtargetmetadepsspecht_is_subtargetconfig
2020-01-20 19:59:45.202500 | > DO_CALL (0.001s wait)
.2020-01-20 19:59:45.208017 | eval'd: drake::cmq_buildtargetmetadepsspecht_is_subtargetconfig
2020-01-20 19:59:45.795193 | > DO_CALL (0.001s wait)
.2020-01-20 19:59:45.800648 | eval'd: drake::cmq_buildtargetmetadepsspecht_is_subtargetconfig
2020-01-20 19:59:47.184304 | > DO_CALL (0.001s wait)
.2020-01-20 19:59:47.189712 | eval'd: drake::cmq_buildtargetmetadepsspecht_is_subtargetconfig
2020-01-20 19:59:47.781188 | > DO_CALL (0.001s wait)
.2020-01-20 19:59:47.786603 | eval'd: drake::cmq_buildtargetmetadepsspecht_is_subtargetconfig
2020-01-20 19:59:48.374890 | > DO_CALL (0.001s wait)
.2020-01-20 19:59:48.380359 | eval'd: drake::cmq_buildtargetmetadepsspecht_is_subtargetconfig
2020-01-20 19:59:48.965546 | > DO_CALL (0.001s wait)
.2020-01-20 19:59:48.970991 | eval'd: drake::cmq_buildtargetmetadepsspecht_is_subtargetconfig
2020-01-20 19:59:49.573231 | > DO_CALL (0.001s wait)
.2020-01-20 19:59:49.578716 | eval'd: drake::cmq_buildtargetmetadepsspecht_is_subtargetconfig
2020-01-20 19:59:50.851957 | > DO_CALL (0.001s wait)
.2020-01-20 19:59:50.857393 | eval'd: drake::cmq_buildtargetmetadepsspecht_is_subtargetconfig
2020-01-20 19:59:51.456665 | > DO_CALL (0.001s wait)
.2020-01-20 19:59:51.462036 | eval'd: drake::cmq_buildtargetmetadepsspecht_is_subtargetconfig
2020-01-20 19:59:52.048794 | > DO_CALL (0.001s wait)
.2020-01-20 19:59:52.054214 | eval'd: drake::cmq_buildtargetmetadepsspecht_is_subtargetconfig
2020-01-20 19:59:52.645139 | > DO_CALL (0.000s wait)
.2020-01-20 19:59:52.650498 | eval'd: drake::cmq_buildtargetmetadepsspecht_is_subtargetconfig
2020-01-20 19:59:53.235962 | > DO_CALL (0.001s wait)
.2020-01-20 19:59:53.241441 | eval'd: drake::cmq_buildtargetmetadepsspecht_is_subtargetconfig
2020-01-20 19:59:53.854370 | > DO_CALL (0.001s wait)
.2020-01-20 19:59:53.859724 | eval'd: drake::cmq_buildtargetmetadepsspecht_is_subtargetconfig
2020-01-20 19:59:55.151334 | > DO_CALL (0.001s wait)
.2020-01-20 19:59:55.156828 | eval'd: drake::cmq_buildtargetmetadepsspecht_is_subtargetconfig
2020-01-20 19:59:55.734876 | > DO_CALL (0.001s wait)
.2020-01-20 19:59:55.740309 | eval'd: drake::cmq_buildtargetmetadepsspecht_is_subtargetconfig
2020-01-20 19:59:56.329587 | > DO_CALL (0.001s wait)
.2020-01-20 19:59:56.335023 | eval'd: drake::cmq_buildtargetmetadepsspecht_is_subtargetconfig
2020-01-20 19:59:56.919435 | > DO_CALL (0.001s wait)
.2020-01-20 19:59:56.924977 | eval'd: drake::cmq_buildtargetmetadepsspecht_is_subtargetconfig
2020-01-20 19:59:57.500358 | > DO_CALL (0.001s wait)
.2020-01-20 19:59:57.505783 | eval'd: drake::cmq_buildtargetmetadepsspecht_is_subtargetconfig
2020-01-20 19:59:58.878487 | > DO_CALL (0.001s wait)
.2020-01-20 19:59:58.883966 | eval'd: drake::cmq_buildtargetmetadepsspecht_is_subtargetconfig
2020-01-20 19:59:59.469801 | > DO_CALL (0.001s wait)
.2020-01-20 19:59:59.475229 | eval'd: drake::cmq_buildtargetmetadepsspecht_is_subtargetconfig
2020-01-20 20:00:00.052823 | > DO_CALL (0.001s wait)
.2020-01-20 20:00:00.058232 | eval'd: drake::cmq_buildtargetmetadepsspecht_is_subtargetconfig
2020-01-20 20:00:00.630399 | > DO_CALL (0.001s wait)
.2020-01-20 20:00:00.635817 | eval'd: drake::cmq_buildtargetmetadepsspecht_is_subtargetconfig
2020-01-20 20:00:01.210009 | > DO_CALL (0.001s wait)
.2020-01-20 20:00:01.215437 | eval'd: drake::cmq_buildtargetmetadepsspecht_is_subtargetconfig
2020-01-20 20:00:02.477340 | > DO_CALL (0.001s wait)
.2020-01-20 20:00:02.482859 | eval'd: drake::cmq_buildtargetmetadepsspecht_is_subtargetconfig
2020-01-20 20:00:03.067961 | > DO_CALL (0.001s wait)
.2020-01-20 20:00:03.073326 | eval'd: drake::cmq_buildtargetmetadepsspecht_is_subtargetconfig
2020-01-20 20:00:03.645436 | > DO_CALL (0.001s wait)
.2020-01-20 20:00:03.650821 | eval'd: drake::cmq_buildtargetmetadepsspecht_is_subtargetconfig
2020-01-20 20:00:04.232779 | > DO_CALL (0.000s wait)
.2020-01-20 20:00:04.237172 | eval'd: drake::cmq_buildtargetmetadepsspecht_is_subtargetconfig
2020-01-20 20:00:04.807822 | > DO_CALL (0.001s wait)
.2020-01-20 20:00:04.813264 | eval'd: drake::cmq_buildtargetmetadepsspecht_is_subtargetconfig
2020-01-20 20:00:06.031464 | > DO_CALL (0.001s wait)
.2020-01-20 20:00:06.036828 | eval'd: drake::cmq_buildtargetmetadepsspecht_is_subtargetconfig
2020-01-20 20:00:06.619821 | > DO_CALL (0.001s wait)
.2020-01-20 20:00:06.625195 | eval'd: drake::cmq_buildtargetmetadepsspecht_is_subtargetconfig
2020-01-20 20:00:07.209693 | > DO_CALL (0.001s wait)
.2020-01-20 20:00:07.215103 | eval'd: drake::cmq_buildtargetmetadepsspecht_is_subtargetconfig
2020-01-20 20:00:07.805520 | > DO_CALL (0.001s wait)
.2020-01-20 20:00:07.811035 | eval'd: drake::cmq_buildtargetmetadepsspecht_is_subtargetconfig
2020-01-20 20:00:08.387179 | > DO_CALL (0.000s wait)
.2020-01-20 20:00:08.392573 | eval'd: drake::cmq_buildtargetmetadepsspecht_is_subtargetconfig
2020-01-20 20:00:09.623669 | > DO_CALL (0.001s wait)
.2020-01-20 20:00:09.629082 | eval'd: drake::cmq_buildtargetmetadepsspecht_is_subtargetconfig
2020-01-20 20:00:10.213460 | > DO_CALL (0.001s wait)
.2020-01-20 20:00:10.218928 | eval'd: drake::cmq_buildtargetmetadepsspecht_is_subtargetconfig
2020-01-20 20:00:10.800968 | > DO_CALL (0.000s wait)
.2020-01-20 20:00:10.804925 | eval'd: drake::cmq_buildtargetmetadepsspecht_is_subtargetconfig
2020-01-20 20:00:11.388021 | > DO_CALL (0.000s wait)
.2020-01-20 20:00:11.393534 | eval'd: drake::cmq_buildtargetmetadepsspecht_is_subtargetconfig
2020-01-20 20:00:11.968137 | > DO_CALL (0.000s wait)
.2020-01-20 20:00:11.973617 | eval'd: drake::cmq_buildtargetmetadepsspecht_is_subtargetconfig
2020-01-20 20:00:13.195642 | > DO_CALL (0.001s wait)
.2020-01-20 20:00:13.201265 | eval'd: drake::cmq_buildtargetmetadepsspecht_is_subtargetconfig
2020-01-20 20:00:13.788587 | > DO_CALL (0.001s wait)
.2020-01-20 20:00:13.794004 | eval'd: drake::cmq_buildtargetmetadepsspecht_is_subtargetconfig
2020-01-20 20:00:14.384104 | > DO_CALL (0.000s wait)
.2020-01-20 20:00:14.389432 | eval'd: drake::cmq_buildtargetmetadepsspecht_is_subtargetconfig
2020-01-20 20:00:14.966372 | > DO_CALL (0.001s wait)
.2020-01-20 20:00:14.971740 | eval'd: drake::cmq_buildtargetmetadepsspecht_is_subtargetconfig
2020-01-20 20:00:15.552277 | > DO_CALL (0.001s wait)
.2020-01-20 20:00:15.557670 | eval'd: drake::cmq_buildtargetmetadepsspecht_is_subtargetconfig
2020-01-20 20:00:16.766111 | > DO_CALL (0.000s wait)
.2020-01-20 20:00:16.771561 | eval'd: drake::cmq_buildtargetmetadepsspecht_is_subtargetconfig
2020-01-20 20:00:17.347972 | > DO_CALL (0.001s wait)
.2020-01-20 20:00:17.353516 | eval'd: drake::cmq_buildtargetmetadepsspecht_is_subtargetconfig
2020-01-20 20:00:17.934254 | > DO_CALL (0.001s wait)
.2020-01-20 20:00:17.939641 | eval'd: drake::cmq_buildtargetmetadepsspecht_is_subtargetconfig
2020-01-20 20:00:18.505447 | > DO_CALL (0.001s wait)
.2020-01-20 20:00:18.510920 | eval'd: drake::cmq_buildtargetmetadepsspecht_is_subtargetconfig
2020-01-20 20:00:19.090040 | > DO_CALL (0.000s wait)
.2020-01-20 20:00:19.095515 | eval'd: drake::cmq_buildtargetmetadepsspecht_is_subtargetconfig
2020-01-20 20:00:20.300155 | > DO_CALL (0.000s wait)
.2020-01-20 20:00:20.305644 | eval'd: drake::cmq_buildtargetmetadepsspecht_is_subtargetconfig
2020-01-20 20:00:20.884789 | > DO_CALL (0.001s wait)
.
2020-01-20 20:00:20.890357 | eval'd: drake::cmq_buildtargetmetadepsspecht_is_subtargetconfig
2020-01-20 20:00:21.467452 | > DO_CALL (0.001s wait)
.2020-01-20 20:00:21.473129 | eval'd: drake::cmq_buildtargetmetadepsspecht_is_subtargetconfig
2020-01-20 20:00:22.035541 | > DO_CALL (0.001s wait)
.2020-01-20 20:00:22.041021 | eval'd: drake::cmq_buildtargetmetadepsspecht_is_subtargetconfig
2020-01-20 20:00:22.626534 | > DO_CALL (0.001s wait)
.2020-01-20 20:00:22.632159 | eval'd: drake::cmq_buildtargetmetadepsspecht_is_subtargetconfig
2020-01-20 20:00:23.843660 | > DO_CALL (0.001s wait)
.2020-01-20 20:00:23.849146 | eval'd: drake::cmq_buildtargetmetadepsspecht_is_subtargetconfig
2020-01-20 20:00:24.427011 | > DO_CALL (0.001s wait)
.2020-01-20 20:00:24.432587 | eval'd: drake::cmq_buildtargetmetadepsspecht_is_subtargetconfig
2020-01-20 20:00:25.015093 | > DO_CALL (0.000s wait)
.2020-01-20 20:00:25.020508 | eval'd: drake::cmq_buildtargetmetadepsspecht_is_subtargetconfig
2020-01-20 20:00:25.603780 | > DO_CALL (0.001s wait)
.2020-01-20 20:00:25.609281 | eval'd: drake::cmq_buildtargetmetadepsspecht_is_subtargetconfig
2020-01-20 20:00:26.193626 | > DO_CALL (0.000s wait)
.2020-01-20 20:00:26.197612 | eval'd: drake::cmq_buildtargetmetadepsspecht_is_subtargetconfig
2020-01-20 20:00:27.405883 | > DO_CALL (0.001s wait)
.2020-01-20 20:00:27.411450 | eval'd: drake::cmq_buildtargetmetadepsspecht_is_subtargetconfig
2020-01-20 20:00:27.999214 | > DO_CALL (0.001s wait)
.2020-01-20 20:00:28.004857 | eval'd: drake::cmq_buildtargetmetadepsspecht_is_subtargetconfig
2020-01-20 20:00:28.584451 | > DO_CALL (0.001s wait)
.2020-01-20 20:00:28.589957 | eval'd: drake::cmq_buildtargetmetadepsspecht_is_subtargetconfig
2020-01-20 20:00:29.183245 | > DO_CALL (0.001s wait)
.2020-01-20 20:00:29.188747 | eval'd: drake::cmq_buildtargetmetadepsspecht_is_subtargetconfig
2020-01-20 20:00:29.784399 | > DO_CALL (0.001s wait)
.2020-01-20 20:00:29.789828 | eval'd: drake::cmq_buildtargetmetadepsspecht_is_subtargetconfig
2020-01-20 20:00:30.999963 | > DO_CALL (0.001s wait)
.2020-01-20 20:00:31.005551 | eval'd: drake::cmq_buildtargetmetadepsspecht_is_subtargetconfig
2020-01-20 20:00:31.593133 | > DO_CALL (0.000s wait)
.2020-01-20 20:00:31.598668 | eval'd: drake::cmq_buildtargetmetadepsspecht_is_subtargetconfig
2020-01-20 20:00:32.181845 | > DO_CALL (0.001s wait)
.2020-01-20 20:00:32.187208 | eval'd: drake::cmq_buildtargetmetadepsspecht_is_subtargetconfig
2020-01-20 20:00:32.766258 | > DO_CALL (0.001s wait)
.2020-01-20 20:00:32.771744 | eval'd: drake::cmq_buildtargetmetadepsspecht_is_subtargetconfig
2020-01-20 20:00:33.971202 | > DO_CALL (0.001s wait)
.2020-01-20 20:00:33.976685 | eval'd: drake::cmq_buildtargetmetadepsspecht_is_subtargetconfig
2020-01-20 20:00:34.572646 | > DO_CALL (0.001s wait)
.2020-01-20 20:00:34.578205 | eval'd: drake::cmq_buildtargetmetadepsspecht_is_subtargetconfig
2020-01-20 20:00:35.156516 | > DO_CALL (0.001s wait)
.2020-01-20 20:00:35.162174 | eval'd: drake::cmq_buildtargetmetadepsspecht_is_subtargetconfig
2020-01-20 20:00:35.739747 | > DO_CALL (0.001s wait)
.2020-01-20 20:00:35.745319 | eval'd: drake::cmq_buildtargetmetadepsspecht_is_subtargetconfig
2020-01-20 20:00:36.325535 | > DO_CALL (0.000s wait)
.2020-01-20 20:00:36.329520 | eval'd: drake::cmq_buildtargetmetadepsspecht_is_subtargetconfig
2020-01-20 20:00:37.564076 | > DO_CALL (0.000s wait)
.2020-01-20 20:00:37.569580 | eval'd: drake::cmq_buildtargetmetadepsspecht_is_subtargetconfig
2020-01-20 20:00:38.153041 | > DO_CALL (0.000s wait)
.2020-01-20 20:00:38.158411 | eval'd: drake::cmq_buildtargetmetadepsspecht_is_subtargetconfig
2020-01-20 20:00:38.735484 | > DO_CALL (0.001s wait)
.2020-01-20 20:00:38.740825 | eval'd: drake::cmq_buildtargetmetadepsspecht_is_subtargetconfig
2020-01-20 20:00:39.337743 | > DO_CALL (0.001s wait)
.2020-01-20 20:00:39.343137 | eval'd: drake::cmq_buildtargetmetadepsspecht_is_subtargetconfig
2020-01-20 20:00:39.928277 | > DO_CALL (0.001s wait)
.2020-01-20 20:00:39.933664 | eval'd: drake::cmq_buildtargetmetadepsspecht_is_subtargetconfig
2020-01-20 20:00:41.135534 | > DO_CALL (0.001s wait)
.2020-01-20 20:00:41.140984 | eval'd: drake::cmq_buildtargetmetadepsspecht_is_subtargetconfig
2020-01-20 20:00:41.721470 | > DO_CALL (0.001s wait)
.2020-01-20 20:00:41.726878 | eval'd: drake::cmq_buildtargetmetadepsspecht_is_subtargetconfig
2020-01-20 20:00:42.308737 | > DO_CALL (0.001s wait)
.2020-01-20 20:00:42.314090 | eval'd: drake::cmq_buildtargetmetadepsspecht_is_subtargetconfig
2020-01-20 20:00:42.894290 | > DO_CALL (0.001s wait)
.2020-01-20 20:00:42.899667 | eval'd: drake::cmq_buildtargetmetadepsspecht_is_subtargetconfig
2020-01-20 20:00:43.475280 | > DO_CALL (0.001s wait)
.2020-01-20 20:00:43.480699 | eval'd: drake::cmq_buildtargetmetadepsspecht_is_subtargetconfig
2020-01-20 20:00:44.682752 | > DO_CALL (0.001s wait)
.2020-01-20 20:00:44.688216 | eval'd: drake::cmq_buildtargetmetadepsspecht_is_subtargetconfig
2020-01-20 20:00:45.271502 | > DO_CALL (0.001s wait)
.2020-01-20 20:00:45.276898 | eval'd: drake::cmq_buildtargetmetadepsspecht_is_subtargetconfig
2020-01-20 20:00:45.856753 | > DO_CALL (0.001s wait)
.2020-01-20 20:00:45.862151 | eval'd: drake::cmq_buildtargetmetadepsspecht_is_subtargetconfig
2020-01-20 20:00:46.449719 | > DO_CALL (0.001s wait)
.2020-01-20 20:00:46.455148 | eval'd: drake::cmq_buildtargetmetadepsspecht_is_subtargetconfig
2020-01-20 20:00:47.027024 | > DO_CALL (0.000s wait)
.2020-01-20 20:00:47.032355 | eval'd: drake::cmq_buildtargetmetadepsspecht_is_subtargetconfig
2020-01-20 20:00:48.280829 | > DO_CALL (0.001s wait)
.2020-01-20 20:00:48.286244 | eval'd: drake::cmq_buildtargetmetadepsspecht_is_subtargetconfig
2020-01-20 20:00:48.864690 | > DO_CALL (0.001s wait)
.2020-01-20 20:00:48.870017 | eval'd: drake::cmq_buildtargetmetadepsspecht_is_subtargetconfig
2020-01-20 20:00:49.460093 | > DO_CALL (0.000s wait)
.2020-01-20 20:00:49.465544 | eval'd: drake::cmq_buildtargetmetadepsspecht_is_subtargetconfig
2020-01-20 20:00:50.055797 | > DO_CALL (0.001s wait)
.2020-01-20 20:00:50.061207 | eval'd: drake::cmq_buildtargetmetadepsspecht_is_subtargetconfig
2020-01-20 20:00:50.648560 | > DO_CALL (0.001s wait)
.2020-01-20 20:00:50.654024 | eval'd: drake::cmq_buildtargetmetadepsspecht_is_subtargetconfig
2020-01-20 20:00:51.872578 | > DO_CALL (0.001s wait)
.2020-01-20 20:00:51.877912 | eval'd: drake::cmq_buildtargetmetadepsspecht_is_subtargetconfig
2020-01-20 20:00:52.465760 | > DO_CALL (0.001s wait)
.2020-01-20 20:00:52.471108 | eval'd: drake::cmq_buildtargetmetadepsspecht_is_subtargetconfig
2020-01-20 20:00:53.063744 | > DO_CALL (0.001s wait)
.2020-01-20 20:00:53.068914 | eval'd: drake::cmq_buildtargetmetadepsspecht_is_subtargetconfig
2020-01-20 20:00:53.660426 | > DO_CALL (0.001s wait)
.2020-01-20 20:00:53.665637 | eval'd: drake::cmq_buildtargetmetadepsspecht_is_subtargetconfig
2020-01-20 20:00:54.250065 | > DO_CALL (0.000s wait)
.2020-01-20 20:00:54.255440 | eval'd: drake::cmq_buildtargetmetadepsspecht_is_subtargetconfig
2020-01-20 20:00:55.499732 | > DO_CALL (0.001s wait)
.2020-01-20 20:00:55.505155 | eval'd: drake::cmq_buildtargetmetadepsspecht_is_subtargetconfig
2020-01-20 20:00:56.098922 | > DO_CALL (0.001s wait)
.2020-01-20 20:00:56.104187 | eval'd: drake::cmq_buildtargetmetadepsspecht_is_subtargetconfig
2020-01-20 20:00:56.679059 | > DO_CALL (0.001s wait)
.2020-01-20 20:00:56.684322 | eval'd: drake::cmq_buildtargetmetadepsspecht_is_subtargetconfig
2020-01-20 20:00:57.269737 | > DO_CALL (0.001s wait)
.2020-01-20 20:00:57.275268 | eval'd: drake::cmq_buildtargetmetadepsspecht_is_subtargetconfig
2020-01-20 20:00:57.998723 | > DO_CALL (0.001s wait)
.2020-01-20 20:00:58.004119 | eval'd: drake::cmq_buildtargetmetadepsspecht_is_subtargetconfig
2020-01-20 20:00:59.265027 | > DO_CALL (0.001s wait)
.2020-01-20 20:00:59.270370 | eval'd: drake::cmq_buildtargetmetadepsspecht_is_subtargetconfig
2020-01-20 20:00:59.855771 | > DO_CALL (0.001s wait)
.2020-01-20 20:00:59.861098 | eval'd: drake::cmq_buildtargetmetadepsspecht_is_subtargetconfig
2020-01-20 20:01:00.437870 | > DO_CALL (0.000s wait)
.2020-01-20 20:01:00.442977 | eval'd: drake::cmq_buildtargetmetadepsspecht_is_subtargetconfig
2020-01-20 20:01:01.010507 | > DO_CALL (0.001s wait)
.2020-01-20 20:01:01.016068 | eval'd: drake::cmq_buildtargetmetadepsspecht_is_subtargetconfig
2020-01-20 20:01:01.603879 | > DO_CALL (0.001s wait)
.2020-01-20 20:01:01.609254 | eval'd: drake::cmq_buildtargetmetadepsspecht_is_subtargetconfig
2020-01-20 20:01:02.901517 | > DO_CALL (0.001s wait)
.2020-01-20 20:01:02.907383 | eval'd: drake::cmq_buildtargetmetadepsspecht_is_subtargetconfig
2020-01-20 20:01:03.544504 | > DO_CALL (0.001s wait)
.2020-01-20 20:01:03.549925 | eval'd: drake::cmq_buildtargetmetadepsspecht_is_subtargetconfig
2020-01-20 20:01:04.160512 | > DO_CALL (0.001s wait)
.2020-01-20 20:01:04.165961 | eval'd: drake::cmq_buildtargetmetadepsspecht_is_subtargetconfig
2020-01-20 20:01:04.777656 | > DO_CALL (0.000s wait)
.2020-01-20 20:01:04.781550 | eval'd: drake::cmq_buildtargetmetadepsspecht_is_subtargetconfig
2020-01-20 20:01:06.051975 | > DO_CALL (0.001s wait)
.2020-01-20 20:01:06.057578 | eval'd: drake::cmq_buildtargetmetadepsspecht_is_subtargetconfig
2020-01-20 20:01:06.688162 | > DO_CALL (0.000s wait)
.2020-01-20 20:01:06.693590 | eval'd: drake::cmq_buildtargetmetadepsspecht_is_subtargetconfig
2020-01-20 20:01:07.326659 | > DO_CALL (0.001s wait)
.2020-01-20 20:01:07.332259 | eval'd: drake::cmq_buildtargetmetadepsspecht_is_subtargetconfig
2020-01-20 20:01:07.955554 | > DO_CALL (0.001s wait)
.2020-01-20 20:01:07.960939 | eval'd: drake::cmq_buildtargetmetadepsspecht_is_subtargetconfig
2020-01-20 20:01:08.588210 | > DO_CALL (0.001s wait)
.2020-01-20 20:01:08.593630 | eval'd: drake::cmq_buildtargetmetadepsspecht_is_subtargetconfig
2020-01-20 20:01:09.926375 | > DO_CALL (0.001s wait)
.2020-01-20 20:01:09.931807 | eval'd: drake::cmq_buildtargetmetadepsspecht_is_subtargetconfig
2020-01-20 20:01:10.565702 | > DO_CALL (0.001s wait)
.2020-01-20 20:01:10.571251 | eval'd: drake::cmq_buildtargetmetadepsspecht_is_subtargetconfig
2020-01-20 20:01:11.186199 | > DO_CALL (0.001s wait)
.2020-01-20 20:01:11.190265 | eval'd: drake::cmq_buildtargetmetadepsspecht_is_subtargetconfig
2020-01-20 20:01:11.810038 | > DO_CALL (0.000s wait)
.2020-01-20 20:01:11.814039 | eval'd: drake::cmq_buildtargetmetadepsspecht_is_subtargetconfig
2020-01-20 20:01:12.442245 | > DO_CALL (0.001s wait)
.2020-01-20 20:01:12.447777 | eval'd: drake::cmq_buildtargetmetadepsspecht_is_subtargetconfig
2020-01-20 20:01:13.766386 | > DO_CALL (0.000s wait)
.2020-01-20 20:01:13.770361 | eval'd: drake::cmq_buildtargetmetadepsspecht_is_subtargetconfig
2020-01-20 20:01:14.397135 | > DO_CALL (0.000s wait)
.2020-01-20 20:01:14.400959 | eval'd: drake::cmq_buildtargetmetadepsspecht_is_subtargetconfig
2020-01-20 20:01:15.025821 | > DO_CALL (0.001s wait)
.2020-01-20 20:01:15.031138 | eval'd: drake::cmq_buildtargetmetadepsspecht_is_subtargetconfig
2020-01-20 20:01:15.647994 | > DO_CALL (0.001s wait)
.2020-01-20 20:01:15.653367 | eval'd: drake::cmq_buildtargetmetadepsspecht_is_subtargetconfig
2020-01-20 20:01:17.025874 | > DO_CALL (0.001s wait)
.2020-01-20 20:01:17.031284 | eval'd: drake::cmq_buildtargetmetadepsspecht_is_subtargetconfig
2020-01-20 20:01:17.661976 | > DO_CALL (0.001s wait)
.2020-01-20 20:01:17.667398 | eval'd: drake::cmq_buildtargetmetadepsspecht_is_subtargetconfig
2020-01-20 20:01:18.283116 | > DO_CALL (0.000s wait)
.2020-01-20 20:01:18.288473 | eval'd: drake::cmq_buildtargetmetadepsspecht_is_subtargetconfig
2020-01-20 20:01:18.899369 | > DO_CALL (0.001s wait)
.
2020-01-20 20:01:18.904772 | eval'd: drake::cmq_buildtargetmetadepsspecht_is_subtargetconfig
2020-01-20 20:01:19.533794 | > DO_CALL (0.001s wait)
.2020-01-20 20:01:19.539213 | eval'd: drake::cmq_buildtargetmetadepsspecht_is_subtargetconfig
2020-01-20 20:01:20.863962 | > DO_CALL (0.001s wait)
.2020-01-20 20:01:20.869414 | eval'd: drake::cmq_buildtargetmetadepsspecht_is_subtargetconfig
2020-01-20 20:01:21.487129 | > DO_CALL (0.000s wait)
.2020-01-20 20:01:21.492558 | eval'd: drake::cmq_buildtargetmetadepsspecht_is_subtargetconfig
2020-01-20 20:01:22.105483 | > DO_CALL (0.001s wait)
.2020-01-20 20:01:22.110868 | eval'd: drake::cmq_buildtargetmetadepsspecht_is_subtargetconfig
2020-01-20 20:01:22.740814 | > DO_CALL (0.001s wait)
.2020-01-20 20:01:22.746228 | eval'd: drake::cmq_buildtargetmetadepsspecht_is_subtargetconfig
2020-01-20 20:01:23.301646 | > WORKER_WAIT (0.000s wait)
2020-01-20 20:01:23.302109 | waiting 0.75s
2020-01-20 20:01:27.772713 | > WORKER_WAIT (0.000s wait)
2020-01-20 20:01:27.773150 | waiting 0.75s
2020-01-20 20:01:31.956241 | > WORKER_WAIT (0.001s wait)
2020-01-20 20:01:31.956647 | waiting 0.75s
2020-01-20 20:04:05.730309 | > WORKER_STOP (0.000s wait)
2020-01-20 20:04:05.733534 | shutting down worker
2020-01-20 20:04:08.542597 | 
Total: 536 in 6479.09s [user], 241.78s [system], 8839.55s [elapsed]
