2020-08-01 14:27:06.247076 | Master: tcp://c22a-s1.ufhpc:8674
2020-08-01 14:27:06.268409 | WORKER_UP to: tcp://c22a-s1.ufhpc:8674
2020-08-01 14:27:08.653736 | > DO_SETUP (1.972s wait)
2020-08-01 14:27:08.654202 | token from msg: set_common_data_token
2020-08-01 14:28:07.270976 | > DO_CALL (22.455s wait)
* Option 'clustermq.scheduler' not set, defaulting to ‘SLURM’
--- see: https://mschubert.github.io/clustermq/articles/userguide.html#configuration
2020-08-01 14:29:14.335334 | eval'd: drake::cmq_buildtargetmetadepsspecconfig_tmpconfig
2020-08-01 14:29:28.845273 | > DO_CALL (5.010s wait)
2020-08-01 14:29:50.604075 | eval'd: drake::cmq_buildtargetmetadepsspecconfig_tmpconfig
2020-08-01 14:30:19.119971 | > DO_CALL (5.031s wait)
2020-08-01 14:30:46.717819 | eval'd: drake::cmq_buildtargetmetadepsspecconfig_tmpconfig
2020-08-01 14:31:06.649762 | > DO_CALL (5.083s wait)
2020-08-01 14:31:22.138529 | eval'd: drake::cmq_buildtargetmetadepsspecconfig_tmpconfig
2020-08-01 14:31:44.985837 | > DO_CALL (5.000s wait)
2020-08-01 14:33:56.698597 | eval'd: drake::cmq_buildtargetmetadepsspecconfig_tmpconfig
2020-08-01 14:34:10.315643 | > DO_CALL (5.085s wait)
2020-08-01 14:34:33.419586 | eval'd: drake::cmq_buildtargetmetadepsspecconfig_tmpconfig
2020-08-01 14:34:55.830561 | > DO_CALL (5.052s wait)
2020-08-01 14:35:18.681101 | eval'd: drake::cmq_buildtargetmetadepsspecconfig_tmpconfig
2020-08-01 14:35:41.312559 | > DO_CALL (5.152s wait)
2020-08-01 14:36:57.823993 | eval'd: drake::cmq_buildtargetmetadepsspecconfig_tmpconfig
2020-08-01 14:37:15.151622 | > DO_CALL (5.081s wait)
2020-08-01 14:37:28.810244 | eval'd: drake::cmq_buildtargetmetadepsspecconfig_tmpconfig
2020-08-01 14:37:40.348255 | > DO_CALL (5.207s wait)
2020-08-01 14:38:10.428816 | eval'd: drake::cmq_buildtargetmetadepsspecconfig_tmpconfig
2020-08-01 14:38:22.219396 | > DO_CALL (4.976s wait)
2020-08-01 14:41:20.515153 | eval'd: drake::cmq_buildtargetmetadepsspecconfig_tmpconfig
2020-08-01 14:41:33.992841 | > DO_CALL (5.142s wait)
2020-08-01 14:41:43.306826 | eval'd: drake::cmq_buildtargetmetadepsspecconfig_tmpconfig
2020-08-01 14:41:51.963605 | > DO_CALL (5.028s wait)
2020-08-01 14:42:01.750393 | eval'd: drake::cmq_buildtargetmetadepsspecconfig_tmpconfig
2020-08-01 14:42:10.593222 | > DO_CALL (5.145s wait)
2020-08-01 14:42:14.723425 | eval'd: drake::cmq_buildtargetmetadepsspecconfig_tmpconfig
2020-08-01 14:42:26.992441 | > DO_CALL (5.128s wait)
2020-08-01 14:43:00.454617 | eval'd: drake::cmq_buildtargetmetadepsspecconfig_tmpconfig
2020-08-01 14:43:15.662659 | > DO_CALL (5.088s wait)
2020-08-01 14:43:25.636063 | eval'd: drake::cmq_buildtargetmetadepsspecconfig_tmpconfig
2020-08-01 14:43:37.359535 | > DO_CALL (5.003s wait)
2020-08-01 14:43:46.605612 | eval'd: drake::cmq_buildtargetmetadepsspecconfig_tmpconfig
2020-08-01 14:44:01.093029 | > DO_CALL (4.986s wait)
2020-08-01 14:44:27.942418 | eval'd: drake::cmq_buildtargetmetadepsspecconfig_tmpconfig
2020-08-01 14:44:39.032253 | > DO_CALL (5.128s wait)
2020-08-01 14:55:06.869486 | eval'd: drake::cmq_buildtargetmetadepsspecconfig_tmpconfig
2020-08-01 14:55:18.671272 | > DO_CALL (5.019s wait)
2020-08-01 14:56:04.009233 | eval'd: drake::cmq_buildtargetmetadepsspecconfig_tmpconfig
2020-08-01 14:56:14.384968 | > DO_CALL (4.954s wait)
2020-08-01 14:56:53.289060 | eval'd: drake::cmq_buildtargetmetadepsspecconfig_tmpconfig
2020-08-01 14:57:08.660870 | > DO_CALL (4.949s wait)
2020-08-01 14:57:55.403782 | eval'd: drake::cmq_buildtargetmetadepsspecconfig_tmpconfig
2020-08-01 14:58:03.636787 | > DO_CALL (4.907s wait)
2020-08-01 14:58:35.951754 | eval'd: drake::cmq_buildtargetmetadepsspecconfig_tmpconfig
2020-08-01 14:58:44.468688 | > DO_CALL (4.924s wait)
2020-08-01 14:58:53.517216 | eval'd: drake::cmq_buildtargetmetadepsspecconfig_tmpconfig
2020-08-01 14:59:01.609564 | > DO_CALL (4.981s wait)
2020-08-01 14:59:11.943199 | eval'd: drake::cmq_buildtargetmetadepsspecconfig_tmpconfig
2020-08-01 14:59:19.988319 | > DO_CALL (4.940s wait)
2020-08-01 14:59:53.239307 | eval'd: drake::cmq_buildtargetmetadepsspecconfig_tmpconfig
2020-08-01 15:00:05.891967 | > DO_CALL (5.016s wait)
2020-08-01 15:00:31.357743 | eval'd: drake::cmq_buildtargetmetadepsspecconfig_tmpconfig
2020-08-01 15:00:41.413882 | > DO_CALL (4.954s wait)
2020-08-01 15:00:52.316385 | eval'd: drake::cmq_buildtargetmetadepsspecconfig_tmpconfig
2020-08-01 15:01:08.695392 | > DO_CALL (5.075s wait)
2020-08-01 15:01:35.981930 | eval'd: drake::cmq_buildtargetmetadepsspecconfig_tmpconfig
2020-08-01 15:01:47.550437 | > DO_CALL (4.976s wait)
2020-08-01 15:02:05.913628 | eval'd: drake::cmq_buildtargetmetadepsspecconfig_tmpconfig
2020-08-01 15:02:14.735891 | > DO_CALL (4.987s wait)
2020-08-01 15:02:22.718680 | eval'd: drake::cmq_buildtargetmetadepsspecconfig_tmpconfig
2020-08-01 15:02:36.934848 | > DO_CALL (4.993s wait)
2020-08-01 15:02:59.525816 | eval'd: drake::cmq_buildtargetmetadepsspecconfig_tmpconfig
2020-08-01 15:03:18.221249 | > DO_CALL (4.887s wait)
2020-08-01 15:03:28.870149 | eval'd: drake::cmq_buildtargetmetadepsspecconfig_tmpconfig
2020-08-01 15:03:40.031947 | > DO_CALL (4.900s wait)
2020-08-01 15:04:18.990166 | eval'd: drake::cmq_buildtargetmetadepsspecconfig_tmpconfig
2020-08-01 15:04:30.855113 | > DO_CALL (4.850s wait)
2020-08-01 15:04:49.963625 | eval'd: drake::cmq_buildtargetmetadepsspecconfig_tmpconfig
2020-08-01 15:05:03.412552 | > DO_CALL (4.887s wait)
2020-08-01 15:05:20.203563 | eval'd: drake::cmq_buildtargetmetadepsspecconfig_tmpconfig
2020-08-01 15:05:30.621156 | > DO_CALL (4.881s wait)
2020-08-01 15:05:58.472583 | eval'd: drake::cmq_buildtargetmetadepsspecconfig_tmpconfig
2020-08-01 15:06:19.545018 | > DO_CALL (5.000s wait)
2020-08-01 15:07:46.541770 | eval'd: drake::cmq_buildtargetmetadepsspecconfig_tmpconfig
2020-08-01 15:08:04.760704 | > DO_CALL (4.765s wait)
2020-08-01 15:08:22.154548 | eval'd: drake::cmq_buildtargetmetadepsspecconfig_tmpconfig
2020-08-01 15:08:42.777416 | > DO_CALL (4.953s wait)
2020-08-01 15:12:41.194904 | eval'd: drake::cmq_buildtargetmetadepsspecconfig_tmpconfig
2020-08-01 15:13:01.185590 | > DO_CALL (4.891s wait)
2020-08-01 15:13:16.611251 | eval'd: drake::cmq_buildtargetmetadepsspecconfig_tmpconfig
2020-08-01 15:13:29.137024 | > DO_CALL (4.944s wait)
2020-08-01 15:13:51.688490 | eval'd: drake::cmq_buildtargetmetadepsspecconfig_tmpconfig
2020-08-01 15:14:07.239083 | > DO_CALL (5.029s wait)
2020-08-01 15:14:14.709509 | eval'd: drake::cmq_buildtargetmetadepsspecconfig_tmpconfig
2020-08-01 15:14:35.954160 | > DO_CALL (4.896s wait)
2020-08-01 15:14:46.906945 | eval'd: drake::cmq_buildtargetmetadepsspecconfig_tmpconfig
2020-08-01 15:15:00.610072 | > DO_CALL (4.913s wait)
2020-08-01 15:15:16.799377 | eval'd: drake::cmq_buildtargetmetadepsspecconfig_tmpconfig
2020-08-01 15:15:37.377633 | > DO_CALL (5.037s wait)
2020-08-01 15:16:06.535883 | eval'd: drake::cmq_buildtargetmetadepsspecconfig_tmpconfig
2020-08-01 15:16:22.568997 | > DO_CALL (4.908s wait)
2020-08-01 15:16:39.446115 | eval'd: drake::cmq_buildtargetmetadepsspecconfig_tmpconfig
2020-08-01 15:17:05.263804 | > DO_CALL (5.061s wait)
2020-08-01 15:17:08.998657 | eval'd: drake::cmq_buildtargetmetadepsspecconfig_tmpconfig
2020-08-01 15:17:21.224355 | > DO_CALL (4.942s wait)
2020-08-01 15:45:11.856050 | eval'd: drake::cmq_buildtargetmetadepsspecconfig_tmpconfig
2020-08-01 15:45:23.688611 | > DO_CALL (5.057s wait)
2020-08-01 15:47:17.253111 | eval'd: drake::cmq_buildtargetmetadepsspecconfig_tmpconfig
2020-08-01 15:47:17.582044 | > DO_CALL (0.033s wait)
2020-08-01 15:47:24.100880 | eval'd: drake::cmq_buildtargetmetadepsspecconfig_tmpconfig
2020-08-01 15:47:24.239273 | > DO_CALL (0.024s wait)
2020-08-01 15:47:32.715383 | eval'd: drake::cmq_buildtargetmetadepsspecconfig_tmpconfig
2020-08-01 15:47:33.309031 | > DO_CALL (0.005s wait)
2020-08-01 15:47:39.474087 | eval'd: drake::cmq_buildtargetmetadepsspecconfig_tmpconfig
2020-08-01 15:47:39.863154 | > DO_CALL (0.107s wait)
2020-08-01 15:47:46.331724 | eval'd: drake::cmq_buildtargetmetadepsspecconfig_tmpconfig
2020-08-01 15:47:46.466873 | > DO_CALL (0.027s wait)
2020-08-01 15:47:53.000022 | eval'd: drake::cmq_buildtargetmetadepsspecconfig_tmpconfig
2020-08-01 15:47:53.285598 | > DO_CALL (0.012s wait)
2020-08-01 15:47:59.582908 | eval'd: drake::cmq_buildtargetmetadepsspecconfig_tmpconfig
2020-08-01 15:47:59.642990 | > DO_CALL (0.000s wait)
2020-08-01 15:48:05.520066 | eval'd: drake::cmq_buildtargetmetadepsspecconfig_tmpconfig
2020-08-01 15:48:05.794356 | > DO_CALL (0.032s wait)
2020-08-01 15:48:12.797392 | eval'd: drake::cmq_buildtargetmetadepsspecconfig_tmpconfig
2020-08-01 15:48:12.932954 | > DO_CALL (0.010s wait)
2020-08-01 15:48:19.831298 | eval'd: drake::cmq_buildtargetmetadepsspecconfig_tmpconfig
2020-08-01 15:48:20.258471 | > DO_CALL (0.096s wait)
2020-08-01 15:48:27.353206 | eval'd: drake::cmq_buildtargetmetadepsspecconfig_tmpconfig
2020-08-01 15:48:27.499736 | > DO_CALL (0.029s wait)
2020-08-01 15:48:34.603464 | eval'd: drake::cmq_buildtargetmetadepsspecconfig_tmpconfig
2020-08-01 15:48:34.768478 | > DO_CALL (0.034s wait)
2020-08-01 15:48:41.873033 | eval'd: drake::cmq_buildtargetmetadepsspecconfig_tmpconfig
2020-08-01 15:48:41.982877 | > DO_CALL (0.019s wait)
2020-08-01 15:48:48.936495 | eval'd: drake::cmq_buildtargetmetadepsspecconfig_tmpconfig
2020-08-01 15:48:49.437019 | > DO_CALL (0.010s wait)
2020-08-01 15:48:56.345210 | eval'd: drake::cmq_buildtargetmetadepsspecconfig_tmpconfig
2020-08-01 15:48:56.833145 | > DO_CALL (0.061s wait)
2020-08-01 15:49:03.838503 | eval'd: drake::cmq_buildtargetmetadepsspecconfig_tmpconfig
2020-08-01 15:49:03.975537 | > DO_CALL (0.000s wait)
2020-08-01 15:49:10.327331 | eval'd: drake::cmq_buildtargetmetadepsspecconfig_tmpconfig
2020-08-01 15:49:10.568386 | > DO_CALL (0.058s wait)
2020-08-01 15:49:17.750694 | eval'd: drake::cmq_buildtargetmetadepsspecconfig_tmpconfig
2020-08-01 15:49:17.880010 | > DO_CALL (0.025s wait)
2020-08-01 15:49:25.096278 | eval'd: drake::cmq_buildtargetmetadepsspecconfig_tmpconfig
2020-08-01 15:49:25.144470 | > DO_CALL (0.000s wait)
2020-08-01 15:49:31.845314 | eval'd: drake::cmq_buildtargetmetadepsspecconfig_tmpconfig
2020-08-01 15:49:31.931040 | > DO_CALL (0.015s wait)
2020-08-01 15:49:39.260478 | eval'd: drake::cmq_buildtargetmetadepsspecconfig_tmpconfig
2020-08-01 15:49:39.654915 | > DO_CALL (0.107s wait)
2020-08-01 15:49:46.791052 | eval'd: drake::cmq_buildtargetmetadepsspecconfig_tmpconfig
2020-08-01 15:49:46.888778 | > DO_CALL (0.010s wait)
2020-08-01 15:49:54.040365 | eval'd: drake::cmq_buildtargetmetadepsspecconfig_tmpconfig
2020-08-01 15:49:54.190376 | > DO_CALL (0.035s wait)
2020-08-01 15:50:01.777908 | eval'd: drake::cmq_buildtargetmetadepsspecconfig_tmpconfig
2020-08-01 15:50:02.037164 | > DO_CALL (0.055s wait)
2020-08-01 15:50:09.609817 | eval'd: drake::cmq_buildtargetmetadepsspecconfig_tmpconfig
2020-08-01 15:50:10.170979 | > DO_CALL (0.035s wait)
2020-08-01 15:50:17.630512 | eval'd: drake::cmq_buildtargetmetadepsspecconfig_tmpconfig
2020-08-01 15:50:17.745758 | > DO_CALL (0.020s wait)
2020-08-01 15:50:25.305379 | eval'd: drake::cmq_buildtargetmetadepsspecconfig_tmpconfig
2020-08-01 15:50:25.608659 | > DO_CALL (0.068s wait)
2020-08-01 15:50:33.235055 | eval'd: drake::cmq_buildtargetmetadepsspecconfig_tmpconfig
2020-08-01 15:50:34.082503 | > DO_CALL (0.039s wait)
2020-08-01 15:50:41.732343 | eval'd: drake::cmq_buildtargetmetadepsspecconfig_tmpconfig
2020-08-01 15:50:41.975190 | > DO_CALL (0.058s wait)
2020-08-01 15:50:49.571207 | eval'd: drake::cmq_buildtargetmetadepsspecconfig_tmpconfig
2020-08-01 15:50:49.935495 | > DO_CALL (0.097s wait)
2020-08-01 15:50:57.362591 | eval'd: drake::cmq_buildtargetmetadepsspecconfig_tmpconfig
2020-08-01 15:50:57.535176 | > DO_CALL (0.038s wait)
2020-08-01 15:51:05.004028 | eval'd: drake::cmq_buildtargetmetadepsspecconfig_tmpconfig
2020-08-01 15:51:05.062653 | > DO_CALL (0.001s wait)
2020-08-01 15:51:11.879813 | eval'd: drake::cmq_buildtargetmetadepsspecconfig_tmpconfig
2020-08-01 15:51:11.970976 | > DO_CALL (0.013s wait)
2020-08-01 15:51:19.357597 | eval'd: drake::cmq_buildtargetmetadepsspecconfig_tmpconfig
2020-08-01 15:51:19.618479 | > DO_CALL (0.071s wait)
2020-08-01 15:51:27.235455 | eval'd: drake::cmq_buildtargetmetadepsspecconfig_tmpconfig
2020-08-01 15:51:27.364530 | > DO_CALL (0.000s wait)
2020-08-01 15:51:34.344038 | eval'd: drake::cmq_buildtargetmetadepsspecconfig_tmpconfig
2020-08-01 15:51:34.448898 | > DO_CALL (0.021s wait)
2020-08-01 15:51:41.966828 | eval'd: drake::cmq_buildtargetmetadepsspecconfig_tmpconfig
2020-08-01 15:51:42.017398 | > DO_CALL (0.000s wait)
2020-08-01 15:51:49.015748 | eval'd: drake::cmq_buildtargetmetadepsspecconfig_tmpconfig
2020-08-01 15:51:49.132183 | > DO_CALL (0.018s wait)
2020-08-01 15:51:56.626082 | eval'd: drake::cmq_buildtargetmetadepsspecconfig_tmpconfig
2020-08-01 15:51:56.817889 | > DO_CALL (0.045s wait)
2020-08-01 15:52:04.368461 | eval'd: drake::cmq_buildtargetmetadepsspecconfig_tmpconfig
2020-08-01 15:52:04.610335 | > DO_CALL (0.045s wait)
2020-08-01 15:52:12.085031 | eval'd: drake::cmq_buildtargetmetadepsspecconfig_tmpconfig
2020-08-01 15:52:12.209484 | > DO_CALL (0.024s wait)
2020-08-01 15:52:19.575602 | eval'd: drake::cmq_buildtargetmetadepsspecconfig_tmpconfig
2020-08-01 15:52:19.963510 | > DO_CALL (0.021s wait)
2020-08-01 15:52:27.342416 | eval'd: drake::cmq_buildtargetmetadepsspecconfig_tmpconfig
2020-08-01 15:52:27.523709 | > DO_CALL (0.038s wait)
2020-08-01 15:52:35.002349 | eval'd: drake::cmq_buildtargetmetadepsspecconfig_tmpconfig
2020-08-01 15:52:35.050785 | > DO_CALL (0.001s wait)
2020-08-01 15:52:42.056253 | eval'd: drake::cmq_buildtargetmetadepsspecconfig_tmpconfig
2020-08-01 15:52:42.155041 | > DO_CALL (0.006s wait)
2020-08-01 15:52:49.203467 | eval'd: drake::cmq_buildtargetmetadepsspecconfig_tmpconfig
2020-08-01 15:52:49.861682 | > DO_CALL (0.112s wait)
2020-08-01 15:52:57.365742 | eval'd: drake::cmq_buildtargetmetadepsspecconfig_tmpconfig
2020-08-01 15:52:57.630628 | > DO_CALL (0.061s wait)
2020-08-01 15:53:04.985083 | eval'd: drake::cmq_buildtargetmetadepsspecconfig_tmpconfig
2020-08-01 15:53:05.053773 | > DO_CALL (0.001s wait)
2020-08-01 15:53:11.869817 | eval'd: drake::cmq_buildtargetmetadepsspecconfig_tmpconfig
2020-08-01 15:53:11.960590 | > DO_CALL (0.014s wait)
2020-08-01 15:53:19.279055 | eval'd: drake::cmq_buildtargetmetadepsspecconfig_tmpconfig
2020-08-01 15:53:20.694191 | > DO_CALL (0.048s wait)
2020-08-01 15:53:28.186137 | eval'd: drake::cmq_buildtargetmetadepsspecconfig_tmpconfig
2020-08-01 15:53:28.235504 | > DO_CALL (0.000s wait)
2020-08-01 15:53:35.131536 | eval'd: drake::cmq_buildtargetmetadepsspecconfig_tmpconfig
2020-08-01 15:53:35.179668 | > DO_CALL (0.003s wait)
2020-08-01 15:53:42.100004 | eval'd: drake::cmq_buildtargetmetadepsspecconfig_tmpconfig
2020-08-01 15:53:42.139098 | > DO_CALL (0.000s wait)
2020-08-01 15:53:49.068856 | eval'd: drake::cmq_buildtargetmetadepsspecconfig_tmpconfig
2020-08-01 15:53:49.254682 | > DO_CALL (0.035s wait)
2020-08-01 15:53:56.680643 | eval'd: drake::cmq_buildtargetmetadepsspecconfig_tmpconfig
2020-08-01 15:53:57.008517 | > DO_CALL (0.023s wait)
2020-08-01 15:54:04.385706 | eval'd: drake::cmq_buildtargetmetadepsspecconfig_tmpconfig
2020-08-01 15:54:04.515973 | > DO_CALL (0.024s wait)
2020-08-01 15:54:11.812073 | eval'd: drake::cmq_buildtargetmetadepsspecconfig_tmpconfig
2020-08-01 15:54:12.145151 | > DO_CALL (0.084s wait)
2020-08-01 15:54:19.450895 | eval'd: drake::cmq_buildtargetmetadepsspecconfig_tmpconfig
2020-08-01 15:54:19.517549 | > DO_CALL (0.004s wait)
2020-08-01 15:54:26.548323 | eval'd: drake::cmq_buildtargetmetadepsspecconfig_tmpconfig
2020-08-01 15:54:27.500946 | > DO_CALL (0.091s wait)
2020-08-01 15:54:34.938368 | eval'd: drake::cmq_buildtargetmetadepsspecconfig_tmpconfig
2020-08-01 15:54:35.351309 | > DO_CALL (0.109s wait)
2020-08-01 15:54:42.899819 | eval'd: drake::cmq_buildtargetmetadepsspecconfig_tmpconfig
2020-08-01 15:54:43.336101 | > DO_CALL (0.118s wait)
2020-08-01 15:54:50.902203 | eval'd: drake::cmq_buildtargetmetadepsspecconfig_tmpconfig
2020-08-01 15:54:50.972979 | > DO_CALL (0.003s wait)
Joining, by = c("dat", "site", "s0", "n0")
2020-08-01 15:54:55.492236 | eval'd: drake::cmq_buildtargetmetadepsspecconfig_tmpconfig
2020-08-01 15:54:55.529150 | > DO_CALL (0.000s wait)
Joining, by = c("dat", "site", "s0", "n0")
2020-08-01 15:55:02.597100 | eval'd: drake::cmq_buildtargetmetadepsspecconfig_tmpconfig
2020-08-01 15:55:02.634086 | > DO_CALL (0.000s wait)
Joining, by = c("dat", "site", "s0", "n0")
2020-08-01 15:55:07.245742 | eval'd: drake::cmq_buildtargetmetadepsspecconfig_tmpconfig
2020-08-01 15:55:07.331464 | > DO_CALL (0.002s wait)
Joining, by = c("dat", "site", "s0", "n0")
2020-08-01 15:55:11.958487 | eval'd: drake::cmq_buildtargetmetadepsspecconfig_tmpconfig
2020-08-01 15:55:12.462862 | > DO_CALL (0.002s wait)
Joining, by = c("dat", "site", "s0", "n0")
2020-08-01 15:55:17.122125 | eval'd: drake::cmq_buildtargetmetadepsspecconfig_tmpconfig
2020-08-01 15:55:17.173565 | > DO_CALL (0.002s wait)
Joining, by = c("dat", "site", "s0", "n0")
2020-08-01 15:55:21.836003 | eval'd: drake::cmq_buildtargetmetadepsspecconfig_tmpconfig
2020-08-01 15:55:21.956507 | > DO_CALL (0.002s wait)
Joining, by = c("dat", "site", "s0", "n0")
2020-08-01 15:55:26.590936 | eval'd: drake::cmq_buildtargetmetadepsspecconfig_tmpconfig
2020-08-01 15:55:26.634624 | > DO_CALL (0.003s wait)
Joining, by = c("dat", "site", "s0", "n0")
2020-08-01 15:55:31.170208 | eval'd: drake::cmq_buildtargetmetadepsspecconfig_tmpconfig
2020-08-01 15:55:31.215095 | > DO_CALL (0.002s wait)
Joining, by = c("dat", "site", "s0", "n0")
2020-08-01 15:55:35.894369 | eval'd: drake::cmq_buildtargetmetadepsspecconfig_tmpconfig
2020-08-01 15:55:35.931001 | > DO_CALL (0.000s wait)
Joining, by = c("dat", "site", "s0", "n0")
2020-08-01 15:55:40.601045 | eval'd: drake::cmq_buildtargetmetadepsspecconfig_tmpconfig
2020-08-01 15:55:40.650227 | > DO_CALL (0.002s wait)
Joining, by = c("dat", "site", "s0", "n0")
2020-08-01 15:55:45.347824 | eval'd: drake::cmq_buildtargetmetadepsspecconfig_tmpconfig
2020-08-01 15:55:45.391395 | > DO_CALL (0.002s wait)
Joining, by = c("dat", "site", "s0", "n0")
2020-08-01 15:55:50.076323 | eval'd: drake::cmq_buildtargetmetadepsspecconfig_tmpconfig
2020-08-01 15:55:50.201479 | > DO_CALL (0.002s wait)
Joining, by = c("dat", "site", "s0", "n0")
2020-08-01 15:55:54.933311 | eval'd: drake::cmq_buildtargetmetadepsspecconfig_tmpconfig
2020-08-01 15:55:54.979909 | > DO_CALL (0.003s wait)
Joining, by = c("dat", "site", "s0", "n0")
2020-08-01 15:55:59.640576 | eval'd: drake::cmq_buildtargetmetadepsspecconfig_tmpconfig
2020-08-01 15:55:59.684422 | > DO_CALL (0.002s wait)
Joining, by = c("dat", "site", "s0", "n0")
2020-08-01 15:56:04.418385 | eval'd: drake::cmq_buildtargetmetadepsspecconfig_tmpconfig
2020-08-01 15:56:04.469564 | > DO_CALL (0.002s wait)
Joining, by = c("dat", "site", "s0", "n0")
2020-08-01 15:56:09.186849 | eval'd: drake::cmq_buildtargetmetadepsspecconfig_tmpconfig
2020-08-01 15:56:09.231512 | > DO_CALL (0.002s wait)
Joining, by = c("dat", "site", "s0", "n0")
2020-08-01 15:56:13.919036 | eval'd: drake::cmq_buildtargetmetadepsspecconfig_tmpconfig
2020-08-01 15:56:14.003028 | > DO_CALL (0.003s wait)
Joining, by = c("dat", "site", "s0", "n0")
2020-08-01 15:56:18.671531 | eval'd: drake::cmq_buildtargetmetadepsspecconfig_tmpconfig
2020-08-01 15:56:18.716269 | > DO_CALL (0.002s wait)
Joining, by = c("dat", "site", "s0", "n0")
2020-08-01 15:56:23.361312 | eval'd: drake::cmq_buildtargetmetadepsspecconfig_tmpconfig
2020-08-01 15:56:23.418179 | > DO_CALL (0.000s wait)
Joining, by = c("dat", "site", "s0", "n0")
2020-08-01 15:56:28.045705 | eval'd: drake::cmq_buildtargetmetadepsspecconfig_tmpconfig
2020-08-01 15:56:28.088812 | > DO_CALL (0.002s wait)
Joining, by = c("dat", "site", "s0", "n0")
2020-08-01 15:56:32.920327 | eval'd: drake::cmq_buildtargetmetadepsspecconfig_tmpconfig
2020-08-01 15:56:32.975395 | > DO_CALL (0.002s wait)
Joining, by = c("dat", "site", "s0", "n0")
2020-08-01 15:56:37.921336 | eval'd: drake::cmq_buildtargetmetadepsspecconfig_tmpconfig
2020-08-01 15:56:37.963232 | > DO_CALL (0.000s wait)
Joining, by = c("dat", "site", "s0", "n0")
2020-08-01 15:56:42.788871 | eval'd: drake::cmq_buildtargetmetadepsspecconfig_tmpconfig
2020-08-01 15:56:43.538336 | > DO_CALL (0.002s wait)
Joining, by = c("dat", "site", "s0", "n0")
2020-08-01 15:56:48.309924 | eval'd: drake::cmq_buildtargetmetadepsspecconfig_tmpconfig
2020-08-01 15:56:48.815162 | > DO_CALL (0.002s wait)
Joining, by = c("dat", "site", "s0", "n0")
2020-08-01 15:56:53.599952 | eval'd: drake::cmq_buildtargetmetadepsspecconfig_tmpconfig
2020-08-01 15:56:53.648051 | > DO_CALL (0.002s wait)
Joining, by = c("dat", "site", "s0", "n0")
2020-08-01 15:56:58.442358 | eval'd: drake::cmq_buildtargetmetadepsspecconfig_tmpconfig
2020-08-01 15:56:58.499791 | > DO_CALL (0.002s wait)
Joining, by = c("dat", "site", "s0", "n0")
2020-08-01 15:57:03.312593 | eval'd: drake::cmq_buildtargetmetadepsspecconfig_tmpconfig
2020-08-01 15:57:04.021591 | > DO_CALL (0.003s wait)
Joining, by = c("dat", "site", "s0", "n0")
2020-08-01 15:57:08.780036 | eval'd: drake::cmq_buildtargetmetadepsspecconfig_tmpconfig
2020-08-01 15:57:08.823921 | > DO_CALL (0.003s wait)
Joining, by = c("dat", "site", "s0", "n0")
2020-08-01 15:57:13.612325 | eval'd: drake::cmq_buildtargetmetadepsspecconfig_tmpconfig
2020-08-01 15:57:13.655950 | > DO_CALL (0.001s wait)
Joining, by = c("dat", "site", "s0", "n0")
2020-08-01 15:57:18.473906 | eval'd: drake::cmq_buildtargetmetadepsspecconfig_tmpconfig
2020-08-01 15:57:18.517861 | > DO_CALL (0.002s wait)
Joining, by = c("dat", "site", "s0", "n0")
2020-08-01 15:57:23.356306 | eval'd: drake::cmq_buildtargetmetadepsspecconfig_tmpconfig
2020-08-01 15:57:23.401000 | > DO_CALL (0.002s wait)
Joining, by = c("dat", "site", "s0", "n0")
2020-08-01 15:57:28.186794 | eval'd: drake::cmq_buildtargetmetadepsspecconfig_tmpconfig
2020-08-01 15:57:28.230080 | > DO_CALL (0.002s wait)
Joining, by = c("dat", "site", "s0", "n0")
2020-08-01 15:57:33.074988 | eval'd: drake::cmq_buildtargetmetadepsspecconfig_tmpconfig
2020-08-01 15:57:33.755245 | > DO_CALL (0.002s wait)
Joining, by = c("dat", "site", "s0", "n0")
2020-08-01 15:57:38.585812 | eval'd: drake::cmq_buildtargetmetadepsspecconfig_tmpconfig
2020-08-01 15:57:38.641896 | > DO_CALL (0.003s wait)
Joining, by = c("dat", "site", "s0", "n0")
2020-08-01 15:57:43.432605 | eval'd: drake::cmq_buildtargetmetadepsspecconfig_tmpconfig
2020-08-01 15:57:43.478288 | > DO_CALL (0.002s wait)
Joining, by = c("dat", "site", "s0", "n0")
2020-08-01 15:57:48.308091 | eval'd: drake::cmq_buildtargetmetadepsspecconfig_tmpconfig
2020-08-01 15:57:48.813982 | > DO_CALL (0.002s wait)
Joining, by = c("dat", "site", "s0", "n0")
2020-08-01 15:57:53.665761 | eval'd: drake::cmq_buildtargetmetadepsspecconfig_tmpconfig
2020-08-01 15:57:53.711072 | > DO_CALL (0.002s wait)
Joining, by = c("dat", "site", "s0", "n0")
2020-08-01 15:57:58.461066 | eval'd: drake::cmq_buildtargetmetadepsspecconfig_tmpconfig
2020-08-01 15:57:58.505635 | > DO_CALL (0.003s wait)
Joining, by = c("dat", "site", "s0", "n0")
2020-08-01 15:58:03.299554 | eval'd: drake::cmq_buildtargetmetadepsspecconfig_tmpconfig
2020-08-01 15:58:03.344172 | > DO_CALL (0.001s wait)
Joining, by = c("dat", "site", "s0", "n0")
2020-08-01 15:58:08.131656 | eval'd: drake::cmq_buildtargetmetadepsspecconfig_tmpconfig
2020-08-01 15:58:08.183153 | > DO_CALL (0.000s wait)
Joining, by = c("dat", "site", "s0", "n0")
2020-08-01 15:58:12.959491 | eval'd: drake::cmq_buildtargetmetadepsspecconfig_tmpconfig
2020-08-01 15:58:13.005755 | > DO_CALL (0.003s wait)
Joining, by = c("dat", "site", "s0", "n0")
2020-08-01 15:58:17.742076 | eval'd: drake::cmq_buildtargetmetadepsspecconfig_tmpconfig
2020-08-01 15:58:17.779778 | > DO_CALL (0.001s wait)
Joining, by = c("dat", "site", "s0", "n0")
2020-08-01 15:58:22.559861 | eval'd: drake::cmq_buildtargetmetadepsspecconfig_tmpconfig
2020-08-01 15:58:22.604756 | > DO_CALL (0.003s wait)
Joining, by = c("dat", "site", "s0", "n0")
2020-08-01 15:58:27.425875 | eval'd: drake::cmq_buildtargetmetadepsspecconfig_tmpconfig
2020-08-01 15:58:27.478569 | > DO_CALL (0.001s wait)
Joining, by = c("dat", "site", "s0", "n0")
2020-08-01 15:58:32.289684 | eval'd: drake::cmq_buildtargetmetadepsspecconfig_tmpconfig
2020-08-01 15:58:32.334578 | > DO_CALL (0.002s wait)
Joining, by = c("dat", "site", "s0", "n0")
2020-08-01 15:58:37.170306 | eval'd: drake::cmq_buildtargetmetadepsspecconfig_tmpconfig
2020-08-01 15:58:37.246495 | > DO_CALL (0.002s wait)
Joining, by = c("dat", "site", "s0", "n0")
2020-08-01 15:58:42.133679 | eval'd: drake::cmq_buildtargetmetadepsspecconfig_tmpconfig
2020-08-01 15:58:42.201084 | > DO_CALL (0.002s wait)
Joining, by = c("dat", "site", "s0", "n0")
2020-08-01 15:58:47.064533 | eval'd: drake::cmq_buildtargetmetadepsspecconfig_tmpconfig
2020-08-01 15:58:47.110216 | > DO_CALL (0.002s wait)
Joining, by = c("dat", "site", "s0", "n0")
2020-08-01 15:58:51.976922 | eval'd: drake::cmq_buildtargetmetadepsspecconfig_tmpconfig
2020-08-01 15:58:52.015928 | > DO_CALL (0.000s wait)
Joining, by = c("dat", "site", "s0", "n0")
2020-08-01 15:58:56.922837 | eval'd: drake::cmq_buildtargetmetadepsspecconfig_tmpconfig
2020-08-01 15:58:56.967426 | > DO_CALL (0.002s wait)
Joining, by = c("dat", "site", "s0", "n0")
2020-08-01 15:59:01.808988 | eval'd: drake::cmq_buildtargetmetadepsspecconfig_tmpconfig
2020-08-01 15:59:01.853910 | > DO_CALL (0.002s wait)
Joining, by = c("dat", "site", "s0", "n0")
2020-08-01 15:59:06.720293 | eval'd: drake::cmq_buildtargetmetadepsspecconfig_tmpconfig
2020-08-01 15:59:06.782643 | > DO_CALL (0.003s wait)
Joining, by = c("dat", "site", "s0", "n0")
2020-08-01 15:59:11.664769 | eval'd: drake::cmq_buildtargetmetadepsspecconfig_tmpconfig
2020-08-01 15:59:11.710573 | > DO_CALL (0.002s wait)
Joining, by = c("dat", "site", "s0", "n0")
2020-08-01 15:59:16.553228 | eval'd: drake::cmq_buildtargetmetadepsspecconfig_tmpconfig
2020-08-01 15:59:16.598553 | > DO_CALL (0.002s wait)
Joining, by = c("dat", "site", "s0", "n0")
2020-08-01 15:59:21.431024 | eval'd: drake::cmq_buildtargetmetadepsspecconfig_tmpconfig
2020-08-01 15:59:21.867058 | > WORKER_WAIT (0.000s wait)
2020-08-01 15:59:21.867481 | waiting 1.00s
2020-08-01 15:59:22.870062 | > WORKER_WAIT (0.000s wait)
2020-08-01 15:59:22.870372 | waiting 1.00s
2020-08-01 15:59:23.872601 | > WORKER_WAIT (0.001s wait)
2020-08-01 15:59:23.872847 | waiting 1.00s
2020-08-01 15:59:24.875169 | > WORKER_WAIT (0.000s wait)
2020-08-01 15:59:24.875401 | waiting 1.00s
2020-08-01 15:59:25.877710 | > WORKER_WAIT (0.000s wait)
2020-08-01 15:59:25.877939 | waiting 1.00s
2020-08-01 15:59:26.903318 | > WORKER_WAIT (0.000s wait)
2020-08-01 15:59:26.903560 | waiting 1.00s
2020-08-01 15:59:27.906198 | > WORKER_WAIT (0.000s wait)
2020-08-01 15:59:27.906431 | waiting 1.00s
2020-08-01 15:59:28.909057 | > WORKER_WAIT (0.000s wait)
2020-08-01 15:59:28.909289 | waiting 1.00s
2020-08-01 15:59:29.911918 | > WORKER_WAIT (0.000s wait)
2020-08-01 15:59:29.912154 | waiting 1.00s
2020-08-01 15:59:41.211843 | > WORKER_WAIT (0.000s wait)
2020-08-01 15:59:41.212116 | waiting 1.00s
2020-08-01 16:00:33.235137 | > WORKER_STOP (0.000s wait)
2020-08-01 16:00:33.235579 | shutting down worker
2020-08-01 16:00:35.547806 | 
Total: 166 in 4949.60s [user], 88.40s [system], 5606.97s [elapsed]
Warning messages:
1: In max(skew, na.rm = T) :
  no non-missing arguments to max; returning -Inf
2: In min(skew, na.rm = T) :
  no non-missing arguments to min; returning Inf
3: In min(skew, na.rm = T) :
  no non-missing arguments to min; returning Inf
