2020-01-20 17:36:46.027513 | Master: tcp://c23a-s37:7983
2020-01-20 17:36:46.182947 | WORKER_UP to: tcp://c23a-s37:7983
2020-01-20 17:37:22.790735 | > DO_SETUP (23.709s wait)
2020-01-20 17:37:22.791919 | token from msg: set_common_data_token
2020-01-20 17:37:45.908312 | > DO_CALL (8.939s wait)
.* Option 'clustermq.scheduler' not set, defaulting to ‘SLURM’
--- see: https://mschubert.github.io/clustermq/articles/userguide.html#configuration
2020-01-20 17:37:57.284972 | eval'd: drake::cmq_buildtargetmetadepsspecht_is_subtargetconfig
2020-01-20 17:38:23.374928 | > DO_CALL (4.829s wait)
.2020-01-20 17:38:26.611017 | eval'd: drake::cmq_buildtargetmetadepsspecht_is_subtargetconfig
2020-01-20 17:39:02.006581 | > DO_CALL (4.963s wait)
.2020-01-20 17:39:18.114964 | eval'd: drake::cmq_buildtargetmetadepsspecht_is_subtargetconfig
2020-01-20 17:39:33.444422 | > DO_CALL (4.777s wait)
.2020-01-20 17:39:59.863798 | eval'd: drake::cmq_buildtargetmetadepsspecht_is_subtargetconfig
2020-01-20 17:40:12.497401 | > DO_CALL (4.944s wait)
.2020-01-20 17:40:13.839609 | eval'd: drake::cmq_buildtargetmetadepsspecht_is_subtargetconfig
2020-01-20 17:40:29.553697 | > DO_CALL (4.829s wait)
.2020-01-20 17:40:44.172991 | eval'd: drake::cmq_buildtargetmetadepsspecht_is_subtargetconfig
2020-01-20 17:40:59.725765 | > DO_CALL (4.980s wait)
.2020-01-20 17:41:07.078614 | eval'd: drake::cmq_buildtargetmetadepsspecht_is_subtargetconfig
2020-01-20 17:41:21.512682 | > DO_CALL (4.845s wait)
.2020-01-20 17:41:28.181334 | eval'd: drake::cmq_buildtargetmetadepsspecht_is_subtargetconfig
2020-01-20 17:41:40.193040 | > DO_CALL (4.847s wait)
.2020-01-20 17:41:50.175937 | eval'd: drake::cmq_buildtargetmetadepsspecht_is_subtargetconfig
2020-01-20 17:42:02.633183 | > DO_CALL (4.933s wait)
.2020-01-20 17:42:17.358180 | eval'd: drake::cmq_buildtargetmetadepsspecht_is_subtargetconfig
2020-01-20 17:42:27.201812 | > DO_CALL (4.751s wait)
.2020-01-20 17:43:37.015939 | eval'd: drake::cmq_buildtargetmetadepsspecht_is_subtargetconfig
2020-01-20 17:43:55.230457 | > DO_CALL (4.755s wait)
.2020-01-20 17:44:24.287586 | eval'd: drake::cmq_buildtargetmetadepsspecht_is_subtargetconfig
2020-01-20 17:44:34.779487 | > DO_CALL (4.748s wait)
.2020-01-20 17:44:49.255995 | eval'd: drake::cmq_buildtargetmetadepsspecht_is_subtargetconfig
2020-01-20 17:45:04.302436 | > DO_CALL (4.784s wait)
.2020-01-20 17:45:18.517643 | eval'd: drake::cmq_buildtargetmetadepsspecht_is_subtargetconfig
2020-01-20 17:45:37.322406 | > DO_CALL (4.775s wait)
.2020-01-20 17:45:47.602258 | eval'd: drake::cmq_buildtargetmetadepsspecht_is_subtargetconfig
2020-01-20 17:46:03.378441 | > DO_CALL (4.708s wait)
.2020-01-20 17:46:04.903308 | eval'd: drake::cmq_buildtargetmetadepsspecht_is_subtargetconfig
2020-01-20 17:46:25.340235 | > DO_CALL (4.734s wait)
.2020-01-20 17:46:29.735853 | eval'd: drake::cmq_buildtargetmetadepsspecht_is_subtargetconfig
2020-01-20 17:46:55.748788 | > DO_CALL (5.563s wait)
.2020-01-20 17:46:59.253960 | eval'd: drake::cmq_buildtargetmetadepsspecht_is_subtargetconfig
2020-01-20 17:47:08.278017 | > DO_CALL (4.894s wait)
.2020-01-20 17:47:23.487395 | eval'd: drake::cmq_buildtargetmetadepsspecht_is_subtargetconfig
2020-01-20 17:47:35.727879 | > DO_CALL (4.773s wait)
.2020-01-20 17:47:40.869983 | eval'd: drake::cmq_buildtargetmetadepsspecht_is_subtargetconfig
2020-01-20 17:47:49.383292 | > DO_CALL (4.825s wait)
.2020-01-20 17:48:23.052213 | eval'd: drake::cmq_buildtargetmetadepsspecht_is_subtargetconfig
2020-01-20 17:48:33.206567 | > DO_CALL (4.948s wait)
.2020-01-20 17:48:52.696883 | eval'd: drake::cmq_buildtargetmetadepsspecht_is_subtargetconfig
2020-01-20 17:49:22.575676 | > DO_CALL (4.726s wait)
.2020-01-20 17:49:49.848784 | eval'd: drake::cmq_buildtargetmetadepsspecht_is_subtargetconfig
2020-01-20 17:50:03.404045 | > DO_CALL (4.818s wait)
.2020-01-20 17:50:10.658994 | eval'd: drake::cmq_buildtargetmetadepsspecht_is_subtargetconfig
2020-01-20 17:50:21.325272 | > DO_CALL (4.718s wait)
.2020-01-20 17:51:41.302951 | eval'd: drake::cmq_buildtargetmetadepsspecht_is_subtargetconfig
2020-01-20 17:51:54.496660 | > DO_CALL (4.985s wait)
.2020-01-20 17:52:29.699781 | eval'd: drake::cmq_buildtargetmetadepsspecht_is_subtargetconfig
2020-01-20 17:52:48.084395 | > DO_CALL (4.681s wait)
.2020-01-20 17:52:55.044098 | eval'd: drake::cmq_buildtargetmetadepsspecht_is_subtargetconfig
2020-01-20 17:53:14.202371 | > DO_CALL (4.788s wait)
.2020-01-20 17:54:15.319371 | eval'd: drake::cmq_buildtargetmetadepsspecht_is_subtargetconfig
2020-01-20 17:54:30.589374 | > DO_CALL (4.807s wait)
.2020-01-20 17:54:57.045734 | eval'd: drake::cmq_buildtargetmetadepsspecht_is_subtargetconfig
2020-01-20 17:55:11.729446 | > DO_CALL (4.699s wait)
.2020-01-20 17:55:48.142482 | eval'd: drake::cmq_buildtargetmetadepsspecht_is_subtargetconfig
2020-01-20 17:56:07.067724 | > DO_CALL (4.832s wait)
.2020-01-20 17:56:16.453038 | eval'd: drake::cmq_buildtargetmetadepsspecht_is_subtargetconfig
2020-01-20 17:56:31.052112 | > DO_CALL (4.772s wait)
.2020-01-20 17:57:47.173672 | eval'd: drake::cmq_buildtargetmetadepsspecht_is_subtargetconfig
2020-01-20 17:57:56.745049 | > DO_CALL (4.892s wait)
.2020-01-20 17:58:05.695182 | eval'd: drake::cmq_buildtargetmetadepsspecht_is_subtargetconfig
2020-01-20 17:58:25.510967 | > DO_CALL (4.779s wait)
.2020-01-20 17:59:05.040488 | eval'd: drake::cmq_buildtargetmetadepsspecht_is_subtargetconfig
2020-01-20 17:59:15.111609 | > DO_CALL (4.748s wait)
.2020-01-20 17:59:33.910282 | eval'd: drake::cmq_buildtargetmetadepsspecht_is_subtargetconfig
2020-01-20 17:59:51.454599 | > DO_CALL (4.787s wait)
.2020-01-20 18:00:45.358418 | eval'd: drake::cmq_buildtargetmetadepsspecht_is_subtargetconfig
2020-01-20 18:00:59.420481 | > DO_CALL (4.892s wait)
.2020-01-20 18:01:06.343497 | eval'd: drake::cmq_buildtargetmetadepsspecht_is_subtargetconfig
2020-01-20 18:01:16.390096 | > DO_CALL (4.709s wait)
.2020-01-20 18:01:26.816946 | eval'd: drake::cmq_buildtargetmetadepsspecht_is_subtargetconfig
2020-01-20 18:01:35.305152 | > DO_CALL (4.711s wait)
.2020-01-20 18:01:48.876241 | eval'd: drake::cmq_buildtargetmetadepsspecht_is_subtargetconfig
2020-01-20 18:01:57.681989 | > DO_CALL (4.811s wait)
.2020-01-20 18:02:04.499394 | eval'd: drake::cmq_buildtargetmetadepsspecht_is_subtargetconfig
2020-01-20 18:02:15.899838 | > DO_CALL (4.882s wait)
.2020-01-20 18:02:38.535237 | eval'd: drake::cmq_buildtargetmetadepsspecht_is_subtargetconfig
2020-01-20 18:02:50.241973 | > DO_CALL (4.833s wait)
.2020-01-20 18:03:12.240643 | eval'd: drake::cmq_buildtargetmetadepsspecht_is_subtargetconfig
2020-01-20 18:03:24.027364 | > DO_CALL (4.853s wait)
.2020-01-20 18:03:31.066384 | eval'd: drake::cmq_buildtargetmetadepsspecht_is_subtargetconfig
2020-01-20 18:03:41.041204 | > DO_CALL (4.845s wait)
.2020-01-20 18:04:00.976583 | eval'd: drake::cmq_buildtargetmetadepsspecht_is_subtargetconfig
2020-01-20 18:04:10.577660 | > DO_CALL (4.773s wait)
.2020-01-20 18:05:23.089419 | eval'd: drake::cmq_buildtargetmetadepsspecht_is_subtargetconfig
2020-01-20 18:05:33.363979 | > DO_CALL (4.771s wait)
.2020-01-20 18:05:55.423251 | eval'd: drake::cmq_buildtargetmetadepsspecht_is_subtargetconfig
2020-01-20 18:06:03.200609 | > DO_CALL (4.786s wait)
.2020-01-20 18:06:06.922972 | eval'd: drake::cmq_buildtargetmetadepsspecht_is_subtargetconfig
2020-01-20 18:06:26.357296 | > DO_CALL (4.702s wait)
.2020-01-20 18:06:38.715089 | eval'd: drake::cmq_buildtargetmetadepsspecht_is_subtargetconfig
2020-01-20 18:06:51.532532 | > DO_CALL (4.939s wait)
.2020-01-20 18:06:56.455304 | eval'd: drake::cmq_buildtargetmetadepsspecht_is_subtargetconfig
2020-01-20 18:07:12.126619 | > DO_CALL (4.787s wait)
.2020-01-20 18:07:23.181699 | eval'd: drake::cmq_buildtargetmetadepsspecht_is_subtargetconfig
2020-01-20 18:07:40.387954 | > DO_CALL (4.689s wait)
.2020-01-20 18:08:07.407069 | eval'd: drake::cmq_buildtargetmetadepsspecht_is_subtargetconfig
2020-01-20 18:08:17.578303 | > DO_CALL (4.774s wait)
.2020-01-20 18:08:24.654874 | eval'd: drake::cmq_buildtargetmetadepsspecht_is_subtargetconfig
2020-01-20 18:08:36.479008 | > DO_CALL (4.739s wait)
.2020-01-20 18:09:19.573724 | eval'd: drake::cmq_buildtargetmetadepsspecht_is_subtargetconfig
2020-01-20 18:09:31.952072 | > DO_CALL (5.499s wait)
.2020-01-20 18:09:38.890511 | eval'd: drake::cmq_buildtargetmetadepsspecht_is_subtargetconfig
2020-01-20 18:09:56.649849 | > DO_CALL (4.863s wait)
.2020-01-20 18:10:03.202192 | eval'd: drake::cmq_buildtargetmetadepsspecht_is_subtargetconfig
2020-01-20 18:10:13.966723 | > DO_CALL (4.790s wait)
.2020-01-20 18:10:27.981176 | eval'd: drake::cmq_buildtargetmetadepsspecht_is_subtargetconfig
2020-01-20 18:10:45.676650 | > DO_CALL (4.723s wait)
.
2020-01-20 18:10:53.350225 | eval'd: drake::cmq_buildtargetmetadepsspecht_is_subtargetconfig
2020-01-20 18:11:14.730271 | > DO_CALL (4.773s wait)
.2020-01-20 18:11:21.533074 | eval'd: drake::cmq_buildtargetmetadepsspecht_is_subtargetconfig
2020-01-20 18:11:53.472045 | > DO_CALL (4.793s wait)
.2020-01-20 18:12:20.217918 | eval'd: drake::cmq_buildtargetmetadepsspecht_is_subtargetconfig
2020-01-20 18:12:38.581890 | > DO_CALL (4.783s wait)
.2020-01-20 18:12:39.816186 | eval'd: drake::cmq_buildtargetmetadepsspecht_is_subtargetconfig
2020-01-20 18:13:05.082600 | > DO_CALL (5.581s wait)
.2020-01-20 18:13:10.320229 | eval'd: drake::cmq_buildtargetmetadepsspecht_is_subtargetconfig
2020-01-20 18:13:36.070643 | > DO_CALL (4.679s wait)
.2020-01-20 18:13:45.030093 | eval'd: drake::cmq_buildtargetmetadepsspecht_is_subtargetconfig
2020-01-20 18:14:13.530482 | > DO_CALL (4.724s wait)
.2020-01-20 18:14:29.399274 | eval'd: drake::cmq_buildtargetmetadepsspecht_is_subtargetconfig
2020-01-20 18:14:52.319079 | > DO_CALL (4.793s wait)
.2020-01-20 18:15:12.386363 | eval'd: drake::cmq_buildtargetmetadepsspecht_is_subtargetconfig
2020-01-20 18:15:25.300055 | > DO_CALL (4.814s wait)
.2020-01-20 18:15:46.164805 | eval'd: drake::cmq_buildtargetmetadepsspecht_is_subtargetconfig
2020-01-20 18:15:59.248028 | > DO_CALL (4.916s wait)
.2020-01-20 18:16:05.199800 | eval'd: drake::cmq_buildtargetmetadepsspecht_is_subtargetconfig
2020-01-20 18:16:41.607816 | > DO_CALL (4.858s wait)
.2020-01-20 18:16:43.009786 | eval'd: drake::cmq_buildtargetmetadepsspecht_is_subtargetconfig
2020-01-20 18:17:25.760342 | > DO_CALL (4.703s wait)
.2020-01-20 18:17:30.054787 | eval'd: drake::cmq_buildtargetmetadepsspecht_is_subtargetconfig
2020-01-20 18:18:08.750969 | > DO_CALL (4.718s wait)
.2020-01-20 18:18:21.174615 | eval'd: drake::cmq_buildtargetmetadepsspecht_is_subtargetconfig
2020-01-20 18:18:44.508682 | > DO_CALL (5.394s wait)
.2020-01-20 18:18:59.512064 | eval'd: drake::cmq_buildtargetmetadepsspecht_is_subtargetconfig
2020-01-20 18:19:13.472438 | > DO_CALL (4.852s wait)
.2020-01-20 18:19:47.413875 | eval'd: drake::cmq_buildtargetmetadepsspecht_is_subtargetconfig
2020-01-20 18:20:10.952578 | > DO_CALL (4.835s wait)
.2020-01-20 18:22:32.656724 | eval'd: drake::cmq_buildtargetmetadepsspecht_is_subtargetconfig
2020-01-20 18:22:48.582723 | > DO_CALL (4.739s wait)
.2020-01-20 18:25:22.001562 | eval'd: drake::cmq_buildtargetmetadepsspecht_is_subtargetconfig
2020-01-20 18:25:33.718019 | > DO_CALL (5.618s wait)
.2020-01-20 18:26:08.900433 | eval'd: drake::cmq_buildtargetmetadepsspecht_is_subtargetconfig
2020-01-20 18:26:23.883191 | > DO_CALL (4.658s wait)
.2020-01-20 18:26:53.322473 | eval'd: drake::cmq_buildtargetmetadepsspecht_is_subtargetconfig
2020-01-20 18:27:04.958651 | > DO_CALL (4.950s wait)
.2020-01-20 18:27:08.351480 | eval'd: drake::cmq_buildtargetmetadepsspecht_is_subtargetconfig
2020-01-20 18:27:17.859410 | > DO_CALL (4.804s wait)
.2020-01-20 18:27:35.925507 | eval'd: drake::cmq_buildtargetmetadepsspecht_is_subtargetconfig
2020-01-20 18:27:47.692305 | > DO_CALL (4.736s wait)
.2020-01-20 18:28:05.318168 | eval'd: drake::cmq_buildtargetmetadepsspecht_is_subtargetconfig
2020-01-20 18:28:13.413860 | > DO_CALL (4.847s wait)
.2020-01-20 18:28:54.376979 | eval'd: drake::cmq_buildtargetmetadepsspecht_is_subtargetconfig
2020-01-20 18:29:03.147258 | > DO_CALL (4.804s wait)
.2020-01-20 18:29:18.932526 | eval'd: drake::cmq_buildtargetmetadepsspecht_is_subtargetconfig
2020-01-20 18:29:28.587525 | > DO_CALL (4.791s wait)
.2020-01-20 18:29:40.881305 | eval'd: drake::cmq_buildtargetmetadepsspecht_is_subtargetconfig
2020-01-20 18:29:56.195489 | > DO_CALL (4.719s wait)
.2020-01-20 18:30:22.955874 | eval'd: drake::cmq_buildtargetmetadepsspecht_is_subtargetconfig
2020-01-20 18:30:34.091740 | > DO_CALL (5.482s wait)
.2020-01-20 18:30:58.716013 | eval'd: drake::cmq_buildtargetmetadepsspecht_is_subtargetconfig
2020-01-20 18:31:21.240206 | > DO_CALL (4.921s wait)
.2020-01-20 18:31:30.815805 | eval'd: drake::cmq_buildtargetmetadepsspecht_is_subtargetconfig
2020-01-20 18:31:49.670402 | > DO_CALL (4.716s wait)
.2020-01-20 18:31:54.113640 | eval'd: drake::cmq_buildtargetmetadepsspecht_is_subtargetconfig
2020-01-20 18:32:24.647778 | > DO_CALL (4.721s wait)
.2020-01-20 18:33:02.119573 | eval'd: drake::cmq_buildtargetmetadepsspecht_is_subtargetconfig
2020-01-20 18:33:11.749777 | > DO_CALL (4.883s wait)
.2020-01-20 18:33:13.440274 | eval'd: drake::cmq_buildtargetmetadepsspecht_is_subtargetconfig
2020-01-20 18:33:23.859723 | > DO_CALL (4.792s wait)
.2020-01-20 18:34:02.084067 | eval'd: drake::cmq_buildtargetmetadepsspecht_is_subtargetconfig
2020-01-20 18:34:18.829886 | > DO_CALL (4.810s wait)
.2020-01-20 18:34:26.609163 | eval'd: drake::cmq_buildtargetmetadepsspecht_is_subtargetconfig
2020-01-20 18:34:50.205912 | > DO_CALL (4.862s wait)
.2020-01-20 18:35:01.631327 | eval'd: drake::cmq_buildtargetmetadepsspecht_is_subtargetconfig
2020-01-20 18:35:13.080046 | > DO_CALL (4.747s wait)
.2020-01-20 18:35:20.455236 | eval'd: drake::cmq_buildtargetmetadepsspecht_is_subtargetconfig
2020-01-20 18:35:41.752416 | > DO_CALL (4.743s wait)
.2020-01-20 18:35:52.027754 | eval'd: drake::cmq_buildtargetmetadepsspecht_is_subtargetconfig
2020-01-20 18:36:07.866969 | > DO_CALL (4.901s wait)
.2020-01-20 18:36:29.581424 | eval'd: drake::cmq_buildtargetmetadepsspecht_is_subtargetconfig
2020-01-20 18:36:41.421805 | > DO_CALL (4.754s wait)
.2020-01-20 18:36:51.867459 | eval'd: drake::cmq_buildtargetmetadepsspecht_is_subtargetconfig
2020-01-20 18:37:00.457145 | > DO_CALL (4.787s wait)
.2020-01-20 18:37:40.428735 | eval'd: drake::cmq_buildtargetmetadepsspecht_is_subtargetconfig
2020-01-20 18:37:55.605291 | > DO_CALL (4.737s wait)
.2020-01-20 18:38:08.751746 | eval'd: drake::cmq_buildtargetmetadepsspecht_is_subtargetconfig
2020-01-20 18:38:16.656813 | > DO_CALL (4.787s wait)
.2020-01-20 18:39:49.857373 | eval'd: drake::cmq_buildtargetmetadepsspecht_is_subtargetconfig
2020-01-20 18:40:00.516243 | > DO_CALL (4.799s wait)
.2020-01-20 18:40:00.881647 | eval'd: drake::cmq_buildtargetmetadepsspecht_is_subtargetconfig
2020-01-20 18:40:12.884233 | > DO_CALL (5.452s wait)
.2020-01-20 18:40:34.569254 | eval'd: drake::cmq_buildtargetmetadepsspecht_is_subtargetconfig
2020-01-20 18:40:45.616257 | > DO_CALL (4.899s wait)
.2020-01-20 18:41:00.985185 | eval'd: drake::cmq_buildtargetmetadepsspecht_is_subtargetconfig
2020-01-20 18:41:11.124690 | > DO_CALL (4.766s wait)
.2020-01-20 18:42:46.758442 | eval'd: drake::cmq_buildtargetmetadepsspecht_is_subtargetconfig
2020-01-20 18:42:57.116544 | > DO_CALL (4.868s wait)
.2020-01-20 18:43:17.327634 | eval'd: drake::cmq_buildtargetmetadepsspecht_is_subtargetconfig
2020-01-20 18:43:30.338810 | > DO_CALL (4.695s wait)
.2020-01-20 18:43:34.583782 | eval'd: drake::cmq_buildtargetmetadepsspecht_is_subtargetconfig
2020-01-20 18:43:48.415501 | > DO_CALL (4.683s wait)
.2020-01-20 18:44:12.434215 | eval'd: drake::cmq_buildtargetmetadepsspecht_is_subtargetconfig
2020-01-20 18:44:26.436636 | > DO_CALL (4.866s wait)
.2020-01-20 18:44:46.569193 | eval'd: drake::cmq_buildtargetmetadepsspecht_is_subtargetconfig
2020-01-20 18:44:55.791049 | > DO_CALL (4.746s wait)
.2020-01-20 18:45:15.790788 | eval'd: drake::cmq_buildtargetmetadepsspecht_is_subtargetconfig
2020-01-20 18:45:24.442301 | > DO_CALL (4.775s wait)
.2020-01-20 18:45:52.449544 | eval'd: drake::cmq_buildtargetmetadepsspecht_is_subtargetconfig
2020-01-20 18:46:01.935630 | > DO_CALL (4.865s wait)
.2020-01-20 18:46:10.636453 | eval'd: drake::cmq_buildtargetmetadepsspecht_is_subtargetconfig
2020-01-20 18:46:29.685154 | > DO_CALL (4.677s wait)
.2020-01-20 18:47:02.641022 | eval'd: drake::cmq_buildtargetmetadepsspecht_is_subtargetconfig
2020-01-20 18:47:26.437240 | > DO_CALL (4.794s wait)
.2020-01-20 18:47:38.321705 | eval'd: drake::cmq_buildtargetmetadepsspecht_is_subtargetconfig
2020-01-20 18:47:58.604207 | > DO_CALL (4.690s wait)
.2020-01-20 18:48:08.863381 | eval'd: drake::cmq_buildtargetmetadepsspecht_is_subtargetconfig
2020-01-20 18:48:24.059359 | > DO_CALL (4.807s wait)
.2020-01-20 18:51:34.170697 | eval'd: drake::cmq_buildtargetmetadepsspecht_is_subtargetconfig
2020-01-20 18:51:52.485199 | > DO_CALL (4.805s wait)
.2020-01-20 18:52:26.352745 | eval'd: drake::cmq_buildtargetmetadepsspecht_is_subtargetconfig
2020-01-20 18:52:45.266782 | > DO_CALL (4.674s wait)
.2020-01-20 18:53:16.715857 | eval'd: drake::cmq_buildtargetmetadepsspecht_is_subtargetconfig
2020-01-20 18:53:32.777397 | > DO_CALL (4.807s wait)
.2020-01-20 18:53:52.336202 | eval'd: drake::cmq_buildtargetmetadepsspecht_is_subtargetconfig
2020-01-20 18:54:05.476460 | > DO_CALL (4.703s wait)
.2020-01-20 18:54:33.263843 | eval'd: drake::cmq_buildtargetmetadepsspecht_is_subtargetconfig
2020-01-20 18:55:09.047285 | > DO_CALL (4.764s wait)
.2020-01-20 18:56:05.840908 | eval'd: drake::cmq_buildtargetmetadepsspecht_is_subtargetconfig
2020-01-20 18:56:21.968874 | > DO_CALL (4.751s wait)
.2020-01-20 18:56:41.603891 | eval'd: drake::cmq_buildtargetmetadepsspecht_is_subtargetconfig
2020-01-20 18:56:51.005446 | > DO_CALL (4.794s wait)
.2020-01-20 18:57:07.371911 | eval'd: drake::cmq_buildtargetmetadepsspecht_is_subtargetconfig
2020-01-20 18:57:18.591673 | > DO_CALL (4.752s wait)
.2020-01-20 18:57:29.447529 | eval'd: drake::cmq_buildtargetmetadepsspecht_is_subtargetconfig
2020-01-20 18:57:38.739681 | > DO_CALL (4.683s wait)
.2020-01-20 18:57:47.073579 | eval'd: drake::cmq_buildtargetmetadepsspecht_is_subtargetconfig
2020-01-20 18:57:56.431170 | > DO_CALL (4.830s wait)
.2020-01-20 18:58:56.734014 | eval'd: drake::cmq_buildtargetmetadepsspecht_is_subtargetconfig
2020-01-20 18:59:07.723143 | > DO_CALL (5.653s wait)
.2020-01-20 18:59:30.703360 | eval'd: drake::cmq_buildtargetmetadepsspecht_is_subtargetconfig
2020-01-20 18:59:47.673980 | > DO_CALL (4.472s wait)
.2020-01-20 19:00:36.076198 | eval'd: drake::cmq_buildtargetmetadepsspecht_is_subtargetconfig
2020-01-20 19:00:50.170108 | > DO_CALL (4.415s wait)
.2020-01-20 19:01:25.871515 | eval'd: drake::cmq_buildtargetmetadepsspecht_is_subtargetconfig
2020-01-20 19:01:35.362899 | > DO_CALL (4.904s wait)
.2020-01-20 19:01:43.077874 | eval'd: drake::cmq_buildtargetmetadepsspecht_is_subtargetconfig
2020-01-20 19:01:59.759326 | > DO_CALL (4.370s wait)
.2020-01-20 19:02:47.176207 | eval'd: drake::cmq_buildtargetmetadepsspecht_is_subtargetconfig
2020-01-20 19:03:04.968788 | > DO_CALL (4.945s wait)
.2020-01-20 19:03:22.585521 | eval'd: drake::cmq_buildtargetmetadepsspecht_is_subtargetconfig
2020-01-20 19:03:30.720391 | > DO_CALL (4.790s wait)
.2020-01-20 19:03:34.819203 | eval'd: drake::cmq_buildtargetmetadepsspecht_is_subtargetconfig
2020-01-20 19:03:47.496884 | > DO_CALL (4.762s wait)
.2020-01-20 19:04:19.524669 | eval'd: drake::cmq_buildtargetmetadepsspecht_is_subtargetconfig
2020-01-20 19:04:31.572703 | > DO_CALL (6.633s wait)
.2020-01-20 19:04:55.639112 | eval'd: drake::cmq_buildtargetmetadepsspecht_is_subtargetconfig
2020-01-20 19:05:08.637890 | > DO_CALL (4.796s wait)
.2020-01-20 19:06:37.363689 | eval'd: drake::cmq_buildtargetmetadepsspecht_is_subtargetconfig
2020-01-20 19:06:57.267424 | > DO_CALL (4.724s wait)
.2020-01-20 19:06:58.070684 | eval'd: drake::cmq_buildtargetmetadepsspecht_is_subtargetconfig
2020-01-20 19:07:16.530858 | > DO_CALL (5.438s wait)
.2020-01-20 19:07:35.947145 | eval'd: drake::cmq_buildtargetmetadepsspecht_is_subtargetconfig
2020-01-20 19:07:50.494720 | > DO_CALL (4.890s wait)
.2020-01-20 19:08:05.631723 | eval'd: drake::cmq_buildtargetmetadepsspecht_is_subtargetconfig
2020-01-20 19:08:15.475322 | > DO_CALL (4.671s wait)
.
2020-01-20 19:08:36.556081 | eval'd: drake::cmq_buildtargetmetadepsspecht_is_subtargetconfig
2020-01-20 19:08:46.960370 | > DO_CALL (4.889s wait)
.2020-01-20 19:08:58.213278 | eval'd: drake::cmq_buildtargetmetadepsspecht_is_subtargetconfig
2020-01-20 19:09:07.149730 | > DO_CALL (4.849s wait)
.2020-01-20 19:11:46.834651 | eval'd: drake::cmq_buildtargetmetadepsspecht_is_subtargetconfig
2020-01-20 19:11:57.714767 | > DO_CALL (5.014s wait)
.2020-01-20 19:12:05.477580 | eval'd: drake::cmq_buildtargetmetadepsspecht_is_subtargetconfig
2020-01-20 19:12:21.219631 | > DO_CALL (5.017s wait)
.2020-01-20 19:12:28.382216 | eval'd: drake::cmq_buildtargetmetadepsspecht_is_subtargetconfig
2020-01-20 19:12:44.599976 | > DO_CALL (4.782s wait)
.2020-01-20 19:12:57.781941 | eval'd: drake::cmq_buildtargetmetadepsspecht_is_subtargetconfig
2020-01-20 19:13:09.167711 | > DO_CALL (4.820s wait)
.2020-01-20 19:13:14.725735 | eval'd: drake::cmq_buildtargetmetadepsspecht_is_subtargetconfig
2020-01-20 19:13:24.935029 | > DO_CALL (4.914s wait)
.2020-01-20 19:13:37.472330 | eval'd: drake::cmq_buildtargetmetadepsspecht_is_subtargetconfig
2020-01-20 19:13:48.058327 | > DO_CALL (5.049s wait)
.2020-01-20 19:13:56.769411 | eval'd: drake::cmq_buildtargetmetadepsspecht_is_subtargetconfig
2020-01-20 19:14:11.649112 | > DO_CALL (4.817s wait)
.2020-01-20 19:14:20.114718 | eval'd: drake::cmq_buildtargetmetadepsspecht_is_subtargetconfig
2020-01-20 19:14:28.289850 | > DO_CALL (4.972s wait)
.2020-01-20 19:15:13.708024 | eval'd: drake::cmq_buildtargetmetadepsspecht_is_subtargetconfig
2020-01-20 19:15:26.767534 | > DO_CALL (4.762s wait)
.2020-01-20 19:15:53.583285 | eval'd: drake::cmq_buildtargetmetadepsspecht_is_subtargetconfig
2020-01-20 19:16:03.081560 | > DO_CALL (4.957s wait)
.2020-01-20 19:16:04.313446 | eval'd: drake::cmq_buildtargetmetadepsspecht_is_subtargetconfig
2020-01-20 19:16:26.006076 | > DO_CALL (4.855s wait)
.2020-01-20 19:17:01.309730 | eval'd: drake::cmq_buildtargetmetadepsspecht_is_subtargetconfig
2020-01-20 19:17:16.301761 | > DO_CALL (4.845s wait)
.2020-01-20 19:17:26.793918 | eval'd: drake::cmq_buildtargetmetadepsspecht_is_subtargetconfig
2020-01-20 19:17:42.758823 | > DO_CALL (4.895s wait)
.2020-01-20 19:17:57.059410 | eval'd: drake::cmq_buildtargetmetadepsspecht_is_subtargetconfig
2020-01-20 19:18:19.467897 | > DO_CALL (4.842s wait)
.2020-01-20 19:21:23.958426 | eval'd: drake::cmq_buildtargetmetadepsspecht_is_subtargetconfig
2020-01-20 19:21:35.927165 | > DO_CALL (5.761s wait)
.2020-01-20 19:21:49.839848 | eval'd: drake::cmq_buildtargetmetadepsspecht_is_subtargetconfig
2020-01-20 19:21:59.794922 | > DO_CALL (4.787s wait)
.2020-01-20 19:22:10.155614 | eval'd: drake::cmq_buildtargetmetadepsspecht_is_subtargetconfig
2020-01-20 19:22:33.111747 | > DO_CALL (4.945s wait)
.2020-01-20 19:22:34.684827 | eval'd: drake::cmq_buildtargetmetadepsspecht_is_subtargetconfig
2020-01-20 19:23:03.016538 | > DO_CALL (5.598s wait)
.2020-01-20 19:23:36.873749 | eval'd: drake::cmq_buildtargetmetadepsspecht_is_subtargetconfig
2020-01-20 19:23:46.463988 | > DO_CALL (4.928s wait)
.2020-01-20 19:23:51.817231 | eval'd: drake::cmq_buildtargetmetadepsspecht_is_subtargetconfig
2020-01-20 19:24:01.349910 | > DO_CALL (4.934s wait)
.2020-01-20 19:24:04.654176 | eval'd: drake::cmq_buildtargetmetadepsspecht_is_subtargetconfig
2020-01-20 19:24:14.653844 | > DO_CALL (4.917s wait)
.2020-01-20 19:25:16.810081 | eval'd: drake::cmq_buildtargetmetadepsspecht_is_subtargetconfig
2020-01-20 19:25:28.619992 | > DO_CALL (5.661s wait)
.2020-01-20 19:25:41.143030 | eval'd: drake::cmq_buildtargetmetadepsspecht_is_subtargetconfig
2020-01-20 19:25:50.414497 | > DO_CALL (4.766s wait)
.2020-01-20 19:32:15.540202 | eval'd: drake::cmq_buildtargetmetadepsspecht_is_subtargetconfig
2020-01-20 19:32:33.186312 | > DO_CALL (5.625s wait)
.2020-01-20 19:32:38.908862 | eval'd: drake::cmq_buildtargetmetadepsspecht_is_subtargetconfig
2020-01-20 19:33:03.904584 | > DO_CALL (4.880s wait)
.2020-01-20 19:33:15.891435 | eval'd: drake::cmq_buildtargetmetadepsspecht_is_subtargetconfig
2020-01-20 19:33:27.491903 | > DO_CALL (4.842s wait)
.2020-01-20 19:33:52.594812 | eval'd: drake::cmq_buildtargetmetadepsspecht_is_subtargetconfig
2020-01-20 19:34:04.831683 | > DO_CALL (4.799s wait)
.2020-01-20 19:34:57.638789 | eval'd: drake::cmq_buildtargetmetadepsspecht_is_subtargetconfig
2020-01-20 19:35:08.741407 | > DO_CALL (4.933s wait)
.2020-01-20 19:35:14.276815 | eval'd: drake::cmq_buildtargetmetadepsspecht_is_subtargetconfig
2020-01-20 19:35:29.132156 | > DO_CALL (4.967s wait)
.2020-01-20 19:36:50.960600 | eval'd: drake::cmq_buildtargetmetadepsspecht_is_subtargetconfig
2020-01-20 19:36:58.994734 | > DO_CALL (4.873s wait)
.2020-01-20 19:37:04.500699 | eval'd: drake::cmq_buildtargetmetadepsspecht_is_subtargetconfig
2020-01-20 19:37:19.327062 | > DO_CALL (4.928s wait)
.2020-01-20 19:37:28.818341 | eval'd: drake::cmq_buildtargetmetadepsspecht_is_subtargetconfig
2020-01-20 19:37:37.027116 | > DO_CALL (4.894s wait)
.2020-01-20 19:38:36.346691 | eval'd: drake::cmq_buildtargetmetadepsspecht_is_subtargetconfig
2020-01-20 19:38:47.664677 | > DO_CALL (4.831s wait)
.2020-01-20 19:39:38.053567 | eval'd: drake::cmq_buildtargetmetadepsspecht_is_subtargetconfig
2020-01-20 19:40:03.582085 | > DO_CALL (5.307s wait)
.2020-01-20 19:40:07.709239 | eval'd: drake::cmq_buildtargetmetadepsspecht_is_subtargetconfig
2020-01-20 19:40:23.151954 | > DO_CALL (4.869s wait)
.2020-01-20 19:41:04.800227 | eval'd: drake::cmq_buildtargetmetadepsspecht_is_subtargetconfig
2020-01-20 19:41:18.193748 | > DO_CALL (4.908s wait)
.2020-01-20 19:41:55.372697 | eval'd: drake::cmq_buildtargetmetadepsspecht_is_subtargetconfig
2020-01-20 19:42:07.550184 | > DO_CALL (4.718s wait)
.2020-01-20 19:42:11.752729 | eval'd: drake::cmq_buildtargetmetadepsspecht_is_subtargetconfig
2020-01-20 19:42:27.255963 | > DO_CALL (4.801s wait)
.2020-01-20 19:42:50.358100 | eval'd: drake::cmq_buildtargetmetadepsspecht_is_subtargetconfig
2020-01-20 19:42:59.120003 | > DO_CALL (4.804s wait)
.2020-01-20 19:43:28.981880 | eval'd: drake::cmq_buildtargetmetadepsspecht_is_subtargetconfig
2020-01-20 19:43:44.336205 | > DO_CALL (4.917s wait)
.2020-01-20 19:43:49.131722 | eval'd: drake::cmq_buildtargetmetadepsspecht_is_subtargetconfig
2020-01-20 19:43:58.550719 | > DO_CALL (4.920s wait)
.2020-01-20 19:45:15.673811 | eval'd: drake::cmq_buildtargetmetadepsspecht_is_subtargetconfig
2020-01-20 19:45:36.030847 | > DO_CALL (5.505s wait)
.2020-01-20 19:45:42.071911 | eval'd: drake::cmq_buildtargetmetadepsspecht_is_subtargetconfig
2020-01-20 19:46:00.314949 | > DO_CALL (4.813s wait)
.2020-01-20 19:46:12.419547 | eval'd: drake::cmq_buildtargetmetadepsspecht_is_subtargetconfig
2020-01-20 19:46:21.297524 | > DO_CALL (5.050s wait)
.2020-01-20 19:46:25.168716 | eval'd: drake::cmq_buildtargetmetadepsspecht_is_subtargetconfig
2020-01-20 19:46:39.963863 | > DO_CALL (4.868s wait)
.2020-01-20 19:48:11.758291 | eval'd: drake::cmq_buildtargetmetadepsspecht_is_subtargetconfig
2020-01-20 19:48:28.619580 | > DO_CALL (4.779s wait)
.2020-01-20 19:48:41.103853 | eval'd: drake::cmq_buildtargetmetadepsspecht_is_subtargetconfig
2020-01-20 19:48:54.232681 | > DO_CALL (4.885s wait)
.2020-01-20 19:49:08.810063 | eval'd: drake::cmq_buildtargetmetadepsspecht_is_subtargetconfig
2020-01-20 19:49:22.864924 | > DO_CALL (4.938s wait)
.2020-01-20 19:49:27.398504 | eval'd: drake::cmq_buildtargetmetadepsspecht_is_subtargetconfig
2020-01-20 19:49:43.207749 | > DO_CALL (4.815s wait)
.2020-01-20 19:49:44.161956 | eval'd: drake::cmq_buildtargetmetadepsspecht_is_subtargetconfig
2020-01-20 19:49:55.266896 | > DO_CALL (5.582s wait)
.2020-01-20 19:50:35.561739 | eval'd: drake::cmq_buildtargetmetadepsspecht_is_subtargetconfig
2020-01-20 19:50:51.577117 | > DO_CALL (4.773s wait)
.2020-01-20 19:52:37.522497 | eval'd: drake::cmq_buildtargetmetadepsspecht_is_subtargetconfig
2020-01-20 19:52:49.908267 | > DO_CALL (5.081s wait)
.2020-01-20 19:53:07.142046 | eval'd: drake::cmq_buildtargetmetadepsspecht_is_subtargetconfig
2020-01-20 19:53:24.117525 | > DO_CALL (4.821s wait)
.2020-01-20 19:53:39.183699 | eval'd: drake::cmq_buildtargetmetadepsspecht_is_subtargetconfig
2020-01-20 19:53:55.471257 | > DO_CALL (4.896s wait)
.2020-01-20 19:54:32.333930 | eval'd: drake::cmq_buildtargetmetadepsspecht_is_subtargetconfig
2020-01-20 19:54:48.358712 | > DO_CALL (4.747s wait)
.2020-01-20 19:55:05.662311 | eval'd: drake::cmq_buildtargetmetadepsspecht_is_subtargetconfig
2020-01-20 19:55:28.137811 | > DO_CALL (4.984s wait)
.2020-01-20 19:55:48.329326 | eval'd: drake::cmq_buildtargetmetadepsspecht_is_subtargetconfig
2020-01-20 19:56:04.408792 | > DO_CALL (4.882s wait)
.2020-01-20 19:56:14.685470 | eval'd: drake::cmq_buildtargetmetadepsspecht_is_subtargetconfig
2020-01-20 19:56:14.824609 | > DO_CALL (0.008s wait)
.2020-01-20 19:56:15.186544 | eval'd: drake::cmq_buildtargetmetadepsspecht_is_subtargetconfig
2020-01-20 19:56:15.273233 | > DO_CALL (0.014s wait)
.2020-01-20 19:56:17.918241 | eval'd: drake::cmq_buildtargetmetadepsspecht_is_subtargetconfig
2020-01-20 19:56:17.975220 | > DO_CALL (0.001s wait)
.2020-01-20 19:56:18.046281 | eval'd: drake::cmq_buildtargetmetadepsspecht_is_subtargetconfig
2020-01-20 19:56:18.135738 | > DO_CALL (0.017s wait)
.2020-01-20 19:56:18.506483 | eval'd: drake::cmq_buildtargetmetadepsspecht_is_subtargetconfig
2020-01-20 19:56:18.576572 | > DO_CALL (0.008s wait)
.2020-01-20 19:56:18.919391 | eval'd: drake::cmq_buildtargetmetadepsspecht_is_subtargetconfig
2020-01-20 19:56:18.998197 | > DO_CALL (0.010s wait)
.2020-01-20 19:56:19.358349 | eval'd: drake::cmq_buildtargetmetadepsspecht_is_subtargetconfig
2020-01-20 19:56:19.530645 | > DO_CALL (0.007s wait)
.2020-01-20 19:56:20.499594 | eval'd: drake::cmq_buildtargetmetadepsspecht_is_subtargetconfig
2020-01-20 19:56:20.610298 | > DO_CALL (0.014s wait)
.2020-01-20 19:56:20.959415 | eval'd: drake::cmq_buildtargetmetadepsspecht_is_subtargetconfig
2020-01-20 19:56:21.091178 | > DO_CALL (0.012s wait)
.2020-01-20 19:56:21.426059 | eval'd: drake::cmq_buildtargetmetadepsspecht_is_subtargetconfig
2020-01-20 19:56:21.546537 | > DO_CALL (0.021s wait)
.2020-01-20 19:56:21.885181 | eval'd: drake::cmq_buildtargetmetadepsspecht_is_subtargetconfig
2020-01-20 19:56:21.947137 | > DO_CALL (0.005s wait)
.2020-01-20 19:56:23.017269 | eval'd: drake::cmq_buildtargetmetadepsspecht_is_subtargetconfig
2020-01-20 19:56:23.166947 | > DO_CALL (0.024s wait)
.2020-01-20 19:56:23.525048 | eval'd: drake::cmq_buildtargetmetadepsspecht_is_subtargetconfig
2020-01-20 19:56:23.614487 | > DO_CALL (0.015s wait)
.2020-01-20 19:56:23.954228 | eval'd: drake::cmq_buildtargetmetadepsspecht_is_subtargetconfig
2020-01-20 19:56:24.075937 | > DO_CALL (0.022s wait)
.2020-01-20 19:56:24.421442 | eval'd: drake::cmq_buildtargetmetadepsspecht_is_subtargetconfig
2020-01-20 19:56:24.488065 | > DO_CALL (0.006s wait)
.2020-01-20 19:56:24.814600 | eval'd: drake::cmq_buildtargetmetadepsspecht_is_subtargetconfig
2020-01-20 19:56:25.835794 | > DO_CALL (0.010s wait)
.2020-01-20 19:56:26.860137 | eval'd: drake::cmq_buildtargetmetadepsspecht_is_subtargetconfig
2020-01-20 19:56:27.093485 | > DO_CALL (0.019s wait)
.2020-01-20 19:56:27.443632 | eval'd: drake::cmq_buildtargetmetadepsspecht_is_subtargetconfig
2020-01-20 19:56:27.557202 | > DO_CALL (0.009s wait)
.2020-01-20 19:56:27.879320 | eval'd: drake::cmq_buildtargetmetadepsspecht_is_subtargetconfig
2020-01-20 19:56:27.993989 | > DO_CALL (0.014s wait)
.2020-01-20 19:56:28.338670 | eval'd: drake::cmq_buildtargetmetadepsspecht_is_subtargetconfig
2020-01-20 19:56:28.395015 | > DO_CALL (0.001s wait)
.
2020-01-20 19:56:28.481365 | eval'd: drake::cmq_buildtargetmetadepsspecht_is_subtargetconfig
2020-01-20 19:56:28.750890 | > DO_CALL (0.018s wait)
.2020-01-20 19:56:29.770246 | eval'd: drake::cmq_buildtargetmetadepsspecht_is_subtargetconfig
2020-01-20 19:56:29.923720 | > DO_CALL (0.004s wait)
.2020-01-20 19:56:30.211194 | eval'd: drake::cmq_buildtargetmetadepsspecht_is_subtargetconfig
2020-01-20 19:56:30.328818 | > DO_CALL (0.019s wait)
.2020-01-20 19:56:30.669397 | eval'd: drake::cmq_buildtargetmetadepsspecht_is_subtargetconfig
2020-01-20 19:56:30.724668 | > DO_CALL (0.001s wait)
.2020-01-20 19:56:31.000203 | eval'd: drake::cmq_buildtargetmetadepsspecht_is_subtargetconfig
2020-01-20 19:56:31.926509 | > DO_CALL (0.021s wait)
.2020-01-20 19:56:32.898793 | eval'd: drake::cmq_buildtargetmetadepsspecht_is_subtargetconfig
2020-01-20 19:56:33.048948 | > DO_CALL (0.017s wait)
.2020-01-20 19:56:33.385383 | eval'd: drake::cmq_buildtargetmetadepsspecht_is_subtargetconfig
2020-01-20 19:56:33.668059 | > DO_CALL (0.011s wait)
.2020-01-20 19:56:33.994057 | eval'd: drake::cmq_buildtargetmetadepsspecht_is_subtargetconfig
2020-01-20 19:56:34.287333 | > DO_CALL (0.009s wait)
.2020-01-20 19:56:34.613778 | eval'd: drake::cmq_buildtargetmetadepsspecht_is_subtargetconfig
2020-01-20 19:56:34.737100 | > DO_CALL (0.010s wait)
.2020-01-20 19:56:35.060753 | eval'd: drake::cmq_buildtargetmetadepsspecht_is_subtargetconfig
2020-01-20 19:56:35.245716 | > DO_CALL (0.006s wait)
.2020-01-20 19:56:36.301396 | eval'd: drake::cmq_buildtargetmetadepsspecht_is_subtargetconfig
2020-01-20 19:56:36.414666 | > DO_CALL (0.008s wait)
.2020-01-20 19:56:36.732635 | eval'd: drake::cmq_buildtargetmetadepsspecht_is_subtargetconfig
2020-01-20 19:56:36.813277 | > DO_CALL (0.012s wait)
.2020-01-20 19:56:37.149069 | eval'd: drake::cmq_buildtargetmetadepsspecht_is_subtargetconfig
2020-01-20 19:56:37.862390 | > DO_CALL (0.019s wait)
.2020-01-20 19:56:38.203034 | eval'd: drake::cmq_buildtargetmetadepsspecht_is_subtargetconfig
2020-01-20 19:56:38.484017 | > DO_CALL (0.014s wait)
.2020-01-20 19:56:39.511620 | eval'd: drake::cmq_buildtargetmetadepsspecht_is_subtargetconfig
2020-01-20 19:56:39.734132 | > DO_CALL (0.006s wait)
.2020-01-20 19:56:40.044785 | eval'd: drake::cmq_buildtargetmetadepsspecht_is_subtargetconfig
2020-01-20 19:56:40.281377 | > DO_CALL (0.000s wait)
.2020-01-20 19:56:40.289649 | eval'd: drake::cmq_buildtargetmetadepsspecht_is_subtargetconfig
2020-01-20 19:56:40.392256 | > DO_CALL (0.009s wait)
.2020-01-20 19:56:40.705321 | eval'd: drake::cmq_buildtargetmetadepsspecht_is_subtargetconfig
2020-01-20 19:56:40.803903 | > DO_CALL (0.023s wait)
.2020-01-20 19:56:41.155173 | eval'd: drake::cmq_buildtargetmetadepsspecht_is_subtargetconfig
2020-01-20 19:56:41.269263 | > DO_CALL (0.014s wait)
.2020-01-20 19:56:41.599745 | eval'd: drake::cmq_buildtargetmetadepsspecht_is_subtargetconfig
2020-01-20 19:56:41.773972 | > DO_CALL (0.000s wait)
.2020-01-20 19:56:41.783002 | eval'd: drake::cmq_buildtargetmetadepsspecht_is_subtargetconfig
2020-01-20 19:56:42.880090 | > DO_CALL (0.013s wait)
.2020-01-20 19:56:43.864068 | eval'd: drake::cmq_buildtargetmetadepsspecht_is_subtargetconfig
2020-01-20 19:56:44.012329 | > DO_CALL (0.017s wait)
.2020-01-20 19:56:44.351525 | eval'd: drake::cmq_buildtargetmetadepsspecht_is_subtargetconfig
2020-01-20 19:56:44.660244 | > DO_CALL (0.012s wait)
.2020-01-20 19:56:44.996668 | eval'd: drake::cmq_buildtargetmetadepsspecht_is_subtargetconfig
2020-01-20 19:56:45.250209 | > DO_CALL (0.009s wait)
.2020-01-20 19:56:45.572133 | eval'd: drake::cmq_buildtargetmetadepsspecht_is_subtargetconfig
2020-01-20 19:56:45.637110 | > DO_CALL (0.005s wait)
.2020-01-20 19:56:46.632605 | eval'd: drake::cmq_buildtargetmetadepsspecht_is_subtargetconfig
2020-01-20 19:56:46.679723 | > DO_CALL (0.000s wait)
.2020-01-20 19:56:46.688492 | eval'd: drake::cmq_buildtargetmetadepsspecht_is_subtargetconfig
2020-01-20 19:56:46.894491 | > DO_CALL (0.015s wait)
.2020-01-20 19:56:47.243016 | eval'd: drake::cmq_buildtargetmetadepsspecht_is_subtargetconfig
2020-01-20 19:56:47.922100 | > DO_CALL (0.010s wait)
.2020-01-20 19:56:48.242188 | eval'd: drake::cmq_buildtargetmetadepsspecht_is_subtargetconfig
2020-01-20 19:56:48.638315 | > DO_CALL (0.015s wait)
.2020-01-20 19:56:48.984527 | eval'd: drake::cmq_buildtargetmetadepsspecht_is_subtargetconfig
2020-01-20 19:56:49.406243 | > DO_CALL (0.016s wait)
.2020-01-20 19:56:49.748051 | eval'd: drake::cmq_buildtargetmetadepsspecht_is_subtargetconfig
2020-01-20 19:56:50.092161 | > DO_CALL (0.007s wait)
.2020-01-20 19:56:51.073315 | eval'd: drake::cmq_buildtargetmetadepsspecht_is_subtargetconfig
2020-01-20 19:56:51.168343 | > DO_CALL (0.013s wait)
.2020-01-20 19:56:51.514426 | eval'd: drake::cmq_buildtargetmetadepsspecht_is_subtargetconfig
2020-01-20 19:56:51.771843 | > DO_CALL (0.013s wait)
.2020-01-20 19:56:52.103977 | eval'd: drake::cmq_buildtargetmetadepsspecht_is_subtargetconfig
2020-01-20 19:56:53.148225 | > DO_CALL (0.013s wait)
.2020-01-20 19:56:53.471367 | eval'd: drake::cmq_buildtargetmetadepsspecht_is_subtargetconfig
2020-01-20 19:56:53.880489 | > DO_CALL (0.013s wait)
.2020-01-20 19:56:54.848411 | eval'd: drake::cmq_buildtargetmetadepsspecht_is_subtargetconfig
2020-01-20 19:56:55.009154 | > DO_CALL (0.001s wait)
.2020-01-20 19:56:55.032943 | eval'd: drake::cmq_buildtargetmetadepsspecht_is_subtargetconfig
2020-01-20 19:56:55.100534 | > DO_CALL (0.010s wait)
.2020-01-20 19:56:55.420658 | eval'd: drake::cmq_buildtargetmetadepsspecht_is_subtargetconfig
2020-01-20 19:56:55.510313 | > DO_CALL (0.017s wait)
.2020-01-20 19:56:55.866057 | eval'd: drake::cmq_buildtargetmetadepsspecht_is_subtargetconfig
2020-01-20 19:56:56.130264 | > DO_CALL (0.013s wait)
.2020-01-20 19:56:56.478910 | eval'd: drake::cmq_buildtargetmetadepsspecht_is_subtargetconfig
2020-01-20 19:56:56.843396 | > DO_CALL (0.008s wait)
.2020-01-20 19:56:57.768503 | eval'd: drake::cmq_buildtargetmetadepsspecht_is_subtargetconfig
2020-01-20 19:56:58.204983 | > DO_CALL (0.007s wait)
.2020-01-20 19:56:58.516061 | eval'd: drake::cmq_buildtargetmetadepsspecht_is_subtargetconfig
2020-01-20 19:56:58.964177 | > DO_CALL (0.012s wait)
.2020-01-20 19:56:59.307500 | eval'd: drake::cmq_buildtargetmetadepsspecht_is_subtargetconfig
2020-01-20 19:56:59.468895 | > DO_CALL (0.014s wait)
.2020-01-20 19:56:59.802464 | eval'd: drake::cmq_buildtargetmetadepsspecht_is_subtargetconfig
2020-01-20 19:56:59.921662 | > DO_CALL (0.013s wait)
.2020-01-20 19:57:00.256965 | eval'd: drake::cmq_buildtargetmetadepsspecht_is_subtargetconfig
2020-01-20 19:57:00.551602 | > DO_CALL (0.013s wait)
.2020-01-20 19:57:01.496199 | eval'd: drake::cmq_buildtargetmetadepsspecht_is_subtargetconfig
2020-01-20 19:57:01.669648 | > DO_CALL (0.008s wait)
.2020-01-20 19:57:01.980074 | eval'd: drake::cmq_buildtargetmetadepsspecht_is_subtargetconfig
2020-01-20 19:57:02.310698 | > DO_CALL (0.019s wait)
.2020-01-20 19:57:02.662933 | eval'd: drake::cmq_buildtargetmetadepsspecht_is_subtargetconfig
2020-01-20 19:57:03.568388 | > DO_CALL (0.009s wait)
.2020-01-20 19:57:03.903866 | eval'd: drake::cmq_buildtargetmetadepsspecht_is_subtargetconfig
2020-01-20 19:57:04.036721 | > DO_CALL (0.009s wait)
.2020-01-20 19:57:05.071074 | eval'd: drake::cmq_buildtargetmetadepsspecht_is_subtargetconfig
2020-01-20 19:57:05.704423 | > DO_CALL (0.002s wait)
.2020-01-20 19:57:05.883060 | eval'd: drake::cmq_buildtargetmetadepsspecht_is_subtargetconfig
2020-01-20 19:57:06.118613 | > DO_CALL (0.015s wait)
.2020-01-20 19:57:06.473273 | eval'd: drake::cmq_buildtargetmetadepsspecht_is_subtargetconfig
2020-01-20 19:57:06.822995 | > DO_CALL (0.018s wait)
.2020-01-20 19:57:07.168699 | eval'd: drake::cmq_buildtargetmetadepsspecht_is_subtargetconfig
2020-01-20 19:57:07.336719 | > DO_CALL (0.013s wait)
.2020-01-20 19:57:07.670137 | eval'd: drake::cmq_buildtargetmetadepsspecht_is_subtargetconfig
2020-01-20 19:57:08.800109 | > DO_CALL (0.012s wait)
.2020-01-20 19:57:09.724057 | eval'd: drake::cmq_buildtargetmetadepsspecht_is_subtargetconfig
2020-01-20 19:57:10.093845 | > DO_CALL (0.013s wait)
.2020-01-20 19:57:10.434653 | eval'd: drake::cmq_buildtargetmetadepsspecht_is_subtargetconfig
2020-01-20 19:57:10.681137 | > DO_CALL (0.018s wait)
.2020-01-20 19:57:11.032205 | eval'd: drake::cmq_buildtargetmetadepsspecht_is_subtargetconfig
2020-01-20 19:57:11.297806 | > DO_CALL (0.004s wait)
.2020-01-20 19:57:11.610075 | eval'd: drake::cmq_buildtargetmetadepsspecht_is_subtargetconfig
2020-01-20 19:57:11.713624 | > DO_CALL (0.011s wait)
.2020-01-20 19:57:12.057202 | eval'd: drake::cmq_buildtargetmetadepsspecht_is_subtargetconfig
2020-01-20 19:57:12.137695 | > DO_CALL (0.010s wait)
.2020-01-20 19:57:13.100513 | eval'd: drake::cmq_buildtargetmetadepsspecht_is_subtargetconfig
2020-01-20 19:57:13.624427 | > DO_CALL (0.005s wait)
.2020-01-20 19:57:13.929622 | eval'd: drake::cmq_buildtargetmetadepsspecht_is_subtargetconfig
2020-01-20 19:57:14.409589 | > DO_CALL (0.002s wait)
.2020-01-20 19:57:14.703292 | eval'd: drake::cmq_buildtargetmetadepsspecht_is_subtargetconfig
2020-01-20 19:57:14.892855 | > DO_CALL (0.014s wait)
.2020-01-20 19:57:15.227787 | eval'd: drake::cmq_buildtargetmetadepsspecht_is_subtargetconfig
2020-01-20 19:57:15.358886 | > DO_CALL (0.012s wait)
.2020-01-20 19:57:16.427459 | eval'd: drake::cmq_buildtargetmetadepsspecht_is_subtargetconfig
2020-01-20 19:57:16.690250 | > DO_CALL (0.004s wait)
.2020-01-20 19:57:16.990087 | eval'd: drake::cmq_buildtargetmetadepsspecht_is_subtargetconfig
2020-01-20 19:57:17.459803 | > DO_CALL (0.014s wait)
.2020-01-20 19:57:17.788989 | eval'd: drake::cmq_buildtargetmetadepsspecht_is_subtargetconfig
2020-01-20 19:57:18.932720 | > DO_CALL (0.001s wait)
.2020-01-20 19:57:19.216873 | eval'd: drake::cmq_buildtargetmetadepsspecht_is_subtargetconfig
2020-01-20 19:57:19.716694 | > DO_CALL (0.010s wait)
.2020-01-20 19:57:20.717593 | eval'd: drake::cmq_buildtargetmetadepsspecht_is_subtargetconfig
2020-01-20 19:57:20.881754 | > DO_CALL (0.003s wait)
.2020-01-20 19:57:21.115682 | eval'd: drake::cmq_buildtargetmetadepsspecht_is_subtargetconfig
2020-01-20 19:57:21.467287 | > DO_CALL (0.009s wait)
.2020-01-20 19:57:21.783086 | eval'd: drake::cmq_buildtargetmetadepsspecht_is_subtargetconfig
2020-01-20 19:57:22.150086 | > DO_CALL (0.014s wait)
.2020-01-20 19:57:22.481692 | eval'd: drake::cmq_buildtargetmetadepsspecht_is_subtargetconfig
2020-01-20 19:57:23.683969 | > DO_CALL (0.015s wait)
.2020-01-20 19:57:24.011032 | eval'd: drake::cmq_buildtargetmetadepsspecht_is_subtargetconfig
2020-01-20 19:57:24.477995 | > DO_CALL (0.008s wait)
.2020-01-20 19:57:25.373353 | eval'd: drake::cmq_buildtargetmetadepsspecht_is_subtargetconfig
2020-01-20 19:57:25.723891 | > DO_CALL (0.008s wait)
.2020-01-20 19:57:26.037541 | eval'd: drake::cmq_buildtargetmetadepsspecht_is_subtargetconfig
2020-01-20 19:57:26.310930 | > DO_CALL (0.009s wait)
.2020-01-20 19:57:26.624443 | eval'd: drake::cmq_buildtargetmetadepsspecht_is_subtargetconfig
2020-01-20 19:57:26.755094 | > DO_CALL (0.011s wait)
.2020-01-20 19:57:27.081189 | eval'd: drake::cmq_buildtargetmetadepsspecht_is_subtargetconfig
2020-01-20 19:57:28.202547 | > DO_CALL (0.005s wait)
.2020-01-20 19:57:28.513759 | eval'd: drake::cmq_buildtargetmetadepsspecht_is_subtargetconfig
2020-01-20 19:57:29.059744 | > DO_CALL (0.011s wait)
.2020-01-20 19:57:30.019591 | eval'd: drake::cmq_buildtargetmetadepsspecht_is_subtargetconfig
2020-01-20 19:57:30.196965 | > DO_CALL (0.009s wait)
.2020-01-20 19:57:30.509084 | eval'd: drake::cmq_buildtargetmetadepsspecht_is_subtargetconfig
2020-01-20 19:57:30.927453 | > DO_CALL (0.022s wait)
.
2020-01-20 19:57:31.277223 | eval'd: drake::cmq_buildtargetmetadepsspecht_is_subtargetconfig
2020-01-20 19:57:31.499073 | > DO_CALL (0.016s wait)
.2020-01-20 19:57:31.832733 | eval'd: drake::cmq_buildtargetmetadepsspecht_is_subtargetconfig
2020-01-20 19:57:32.968751 | > DO_CALL (0.012s wait)
.2020-01-20 19:57:33.880658 | eval'd: drake::cmq_buildtargetmetadepsspecht_is_subtargetconfig
2020-01-20 19:57:34.106820 | > DO_CALL (0.020s wait)
.2020-01-20 19:57:34.449183 | eval'd: drake::cmq_buildtargetmetadepsspecht_is_subtargetconfig
2020-01-20 19:57:34.923013 | > DO_CALL (0.007s wait)
.2020-01-20 19:57:35.235490 | eval'd: drake::cmq_buildtargetmetadepsspecht_is_subtargetconfig
2020-01-20 19:57:35.795054 | > DO_CALL (0.018s wait)
.2020-01-20 19:57:36.143696 | eval'd: drake::cmq_buildtargetmetadepsspecht_is_subtargetconfig
2020-01-20 19:57:36.310057 | > DO_CALL (0.011s wait)
.2020-01-20 19:57:37.290213 | eval'd: drake::cmq_buildtargetmetadepsspecht_is_subtargetconfig
2020-01-20 19:57:38.146985 | > DO_CALL (0.012s wait)
.2020-01-20 19:57:38.470687 | eval'd: drake::cmq_buildtargetmetadepsspecht_is_subtargetconfig
2020-01-20 19:57:38.939489 | > DO_CALL (0.015s wait)
.2020-01-20 19:57:39.266302 | eval'd: drake::cmq_buildtargetmetadepsspecht_is_subtargetconfig
2020-01-20 19:57:39.729881 | > DO_CALL (0.014s wait)
.2020-01-20 19:57:40.062165 | eval'd: drake::cmq_buildtargetmetadepsspecht_is_subtargetconfig
2020-01-20 19:57:40.165467 | > DO_CALL (0.001s wait)
.2020-01-20 19:57:40.287538 | eval'd: drake::cmq_buildtargetmetadepsspecht_is_subtargetconfig
2020-01-20 19:57:40.594972 | > DO_CALL (0.001s wait)
.2020-01-20 19:57:40.608358 | eval'd: drake::cmq_buildtargetmetadepsspecht_is_subtargetconfig
2020-01-20 19:57:40.701376 | > DO_CALL (0.000s wait)
.2020-01-20 19:57:40.709867 | eval'd: drake::cmq_buildtargetmetadepsspecht_is_subtargetconfig
2020-01-20 19:57:40.903762 | > DO_CALL (0.017s wait)
.2020-01-20 19:57:41.872449 | eval'd: drake::cmq_buildtargetmetadepsspecht_is_subtargetconfig
2020-01-20 19:57:43.176621 | > DO_CALL (0.002s wait)
.2020-01-20 19:57:43.401499 | eval'd: drake::cmq_buildtargetmetadepsspecht_is_subtargetconfig
2020-01-20 19:57:43.909625 | > DO_CALL (0.000s wait)
.2020-01-20 19:57:43.941109 | eval'd: drake::cmq_buildtargetmetadepsspecht_is_subtargetconfig
2020-01-20 19:57:44.588525 | > DO_CALL (0.021s wait)
.2020-01-20 19:57:44.936317 | eval'd: drake::cmq_buildtargetmetadepsspecht_is_subtargetconfig
2020-01-20 19:57:45.240201 | > DO_CALL (0.011s wait)
.2020-01-20 19:57:45.565305 | eval'd: drake::cmq_buildtargetmetadepsspecht_is_subtargetconfig
2020-01-20 19:57:45.698308 | > DO_CALL (0.014s wait)
.2020-01-20 19:57:46.037575 | eval'd: drake::cmq_buildtargetmetadepsspecht_is_subtargetconfig
2020-01-20 19:57:46.202823 | > DO_CALL (0.026s wait)
.2020-01-20 19:57:47.262537 | eval'd: drake::cmq_buildtargetmetadepsspecht_is_subtargetconfig
2020-01-20 19:57:47.829776 | > DO_CALL (0.014s wait)
.2020-01-20 19:57:48.164036 | eval'd: drake::cmq_buildtargetmetadepsspecht_is_subtargetconfig
2020-01-20 19:57:48.579965 | > DO_CALL (0.021s wait)
.2020-01-20 19:57:48.925673 | eval'd: drake::cmq_buildtargetmetadepsspecht_is_subtargetconfig
2020-01-20 19:57:49.347004 | > DO_CALL (0.009s wait)
.2020-01-20 19:57:49.643718 | eval'd: drake::cmq_buildtargetmetadepsspecht_is_subtargetconfig
2020-01-20 19:57:50.025274 | > DO_CALL (0.012s wait)
.2020-01-20 19:57:51.076905 | eval'd: drake::cmq_buildtargetmetadepsspecht_is_subtargetconfig
2020-01-20 19:57:51.301997 | > DO_CALL (0.008s wait)
.2020-01-20 19:57:51.613215 | eval'd: drake::cmq_buildtargetmetadepsspecht_is_subtargetconfig
2020-01-20 19:57:52.632348 | > DO_CALL (0.012s wait)
.2020-01-20 19:57:52.960685 | eval'd: drake::cmq_buildtargetmetadepsspecht_is_subtargetconfig
2020-01-20 19:57:53.418872 | > DO_CALL (0.021s wait)
.2020-01-20 19:57:53.760708 | eval'd: drake::cmq_buildtargetmetadepsspecht_is_subtargetconfig
2020-01-20 19:57:54.218540 | > DO_CALL (0.008s wait)
.2020-01-20 19:57:54.538713 | eval'd: drake::cmq_buildtargetmetadepsspecht_is_subtargetconfig
2020-01-20 19:57:54.637084 | > DO_CALL (0.016s wait)
.2020-01-20 19:57:55.678292 | eval'd: drake::cmq_buildtargetmetadepsspecht_is_subtargetconfig
2020-01-20 19:57:56.024541 | > DO_CALL (0.018s wait)
.2020-01-20 19:57:56.370173 | eval'd: drake::cmq_buildtargetmetadepsspecht_is_subtargetconfig
2020-01-20 19:57:57.434241 | > DO_CALL (0.011s wait)
.2020-01-20 19:57:57.765825 | eval'd: drake::cmq_buildtargetmetadepsspecht_is_subtargetconfig
2020-01-20 19:57:58.134136 | > DO_CALL (0.008s wait)
.2020-01-20 19:57:58.444067 | eval'd: drake::cmq_buildtargetmetadepsspecht_is_subtargetconfig
2020-01-20 19:57:58.949057 | > DO_CALL (0.012s wait)
.2020-01-20 19:57:59.902675 | eval'd: drake::cmq_buildtargetmetadepsspecht_is_subtargetconfig
2020-01-20 19:58:00.041318 | > DO_CALL (0.009s wait)
.2020-01-20 19:58:00.360177 | eval'd: drake::cmq_buildtargetmetadepsspecht_is_subtargetconfig
2020-01-20 19:58:00.705201 | > DO_CALL (0.011s wait)
.2020-01-20 19:58:01.032042 | eval'd: drake::cmq_buildtargetmetadepsspecht_is_subtargetconfig
2020-01-20 19:58:02.197391 | > DO_CALL (0.011s wait)
.2020-01-20 19:58:02.521865 | eval'd: drake::cmq_buildtargetmetadepsspecht_is_subtargetconfig
2020-01-20 19:58:02.991761 | > DO_CALL (0.001s wait)
.2020-01-20 19:58:03.007151 | eval'd: drake::cmq_buildtargetmetadepsspecht_is_subtargetconfig
2020-01-20 19:58:03.774572 | > DO_CALL (0.008s wait)
.2020-01-20 19:58:04.087883 | eval'd: drake::cmq_buildtargetmetadepsspecht_is_subtargetconfig
2020-01-20 19:58:04.607217 | > DO_CALL (0.010s wait)
.2020-01-20 19:58:05.681357 | eval'd: drake::cmq_buildtargetmetadepsspecht_is_subtargetconfig
2020-01-20 19:58:06.023158 | > DO_CALL (0.011s wait)
.2020-01-20 19:58:06.351430 | eval'd: drake::cmq_buildtargetmetadepsspecht_is_subtargetconfig
2020-01-20 19:58:07.301274 | > DO_CALL (0.003s wait)
.2020-01-20 19:58:07.589824 | eval'd: drake::cmq_buildtargetmetadepsspecht_is_subtargetconfig
2020-01-20 19:58:07.831192 | > DO_CALL (0.005s wait)
.2020-01-20 19:58:08.131554 | eval'd: drake::cmq_buildtargetmetadepsspecht_is_subtargetconfig
2020-01-20 19:58:08.674422 | > DO_CALL (0.014s wait)
.2020-01-20 19:58:09.648460 | eval'd: drake::cmq_buildtargetmetadepsspecht_is_subtargetconfig
2020-01-20 19:58:09.800144 | > DO_CALL (0.007s wait)
.2020-01-20 19:58:10.116717 | eval'd: drake::cmq_buildtargetmetadepsspecht_is_subtargetconfig
2020-01-20 19:58:10.416688 | > DO_CALL (0.018s wait)
.2020-01-20 19:58:10.761307 | eval'd: drake::cmq_buildtargetmetadepsspecht_is_subtargetconfig
2020-01-20 19:58:11.801489 | > DO_CALL (0.016s wait)
.2020-01-20 19:58:12.147361 | eval'd: drake::cmq_buildtargetmetadepsspecht_is_subtargetconfig
2020-01-20 19:58:12.280325 | > DO_CALL (0.016s wait)
.2020-01-20 19:58:13.424687 | eval'd: drake::cmq_buildtargetmetadepsspecht_is_subtargetconfig
2020-01-20 19:58:13.814174 | > DO_CALL (0.003s wait)
.2020-01-20 19:58:14.127265 | eval'd: drake::cmq_buildtargetmetadepsspecht_is_subtargetconfig
2020-01-20 19:58:14.594608 | > DO_CALL (0.016s wait)
.2020-01-20 19:58:14.959408 | eval'd: drake::cmq_buildtargetmetadepsspecht_is_subtargetconfig
2020-01-20 19:58:15.081664 | > DO_CALL (0.014s wait)
.2020-01-20 19:58:15.439128 | eval'd: drake::cmq_buildtargetmetadepsspecht_is_subtargetconfig
2020-01-20 19:58:16.354645 | > DO_CALL (0.015s wait)
.2020-01-20 19:58:16.715119 | eval'd: drake::cmq_buildtargetmetadepsspecht_is_subtargetconfig
2020-01-20 19:58:17.179461 | > DO_CALL (0.004s wait)
.2020-01-20 19:58:18.150390 | eval'd: drake::cmq_buildtargetmetadepsspecht_is_subtargetconfig
2020-01-20 19:58:18.469505 | > DO_CALL (0.004s wait)
.2020-01-20 19:58:18.771217 | eval'd: drake::cmq_buildtargetmetadepsspecht_is_subtargetconfig
2020-01-20 19:58:19.242205 | > DO_CALL (0.013s wait)
.2020-01-20 19:58:19.580181 | eval'd: drake::cmq_buildtargetmetadepsspecht_is_subtargetconfig
2020-01-20 19:58:19.678100 | > DO_CALL (0.010s wait)
.2020-01-20 19:58:19.993554 | eval'd: drake::cmq_buildtargetmetadepsspecht_is_subtargetconfig
2020-01-20 19:58:20.412881 | > DO_CALL (0.015s wait)
.2020-01-20 19:58:21.402032 | eval'd: drake::cmq_buildtargetmetadepsspecht_is_subtargetconfig
2020-01-20 19:58:21.895717 | > DO_CALL (0.008s wait)
.2020-01-20 19:58:22.205557 | eval'd: drake::cmq_buildtargetmetadepsspecht_is_subtargetconfig
2020-01-20 19:58:22.729494 | > DO_CALL (0.002s wait)
.2020-01-20 19:58:23.023226 | eval'd: drake::cmq_buildtargetmetadepsspecht_is_subtargetconfig
2020-01-20 19:58:23.555162 | > DO_CALL (0.010s wait)
.2020-01-20 19:58:23.868776 | eval'd: drake::cmq_buildtargetmetadepsspecht_is_subtargetconfig
2020-01-20 19:58:24.318986 | > DO_CALL (0.007s wait)
.2020-01-20 19:58:24.630014 | eval'd: drake::cmq_buildtargetmetadepsspecht_is_subtargetconfig
2020-01-20 19:58:25.040695 | > DO_CALL (0.019s wait)
.2020-01-20 19:58:26.039327 | eval'd: drake::cmq_buildtargetmetadepsspecht_is_subtargetconfig
2020-01-20 19:58:26.796183 | > DO_CALL (0.014s wait)
.2020-01-20 19:58:27.122824 | eval'd: drake::cmq_buildtargetmetadepsspecht_is_subtargetconfig
2020-01-20 19:58:27.566067 | > DO_CALL (0.003s wait)
.2020-01-20 19:58:27.828462 | eval'd: drake::cmq_buildtargetmetadepsspecht_is_subtargetconfig
2020-01-20 19:58:28.387277 | > DO_CALL (0.005s wait)
.2020-01-20 19:58:28.688186 | eval'd: drake::cmq_buildtargetmetadepsspecht_is_subtargetconfig
2020-01-20 19:58:29.239405 | > DO_CALL (0.011s wait)
.2020-01-20 19:58:30.317543 | eval'd: drake::cmq_buildtargetmetadepsspecht_is_subtargetconfig
2020-01-20 19:58:30.482609 | > DO_CALL (0.012s wait)
.2020-01-20 19:58:30.813768 | eval'd: drake::cmq_buildtargetmetadepsspecht_is_subtargetconfig
2020-01-20 19:58:31.935016 | > DO_CALL (0.012s wait)
.2020-01-20 19:58:32.260528 | eval'd: drake::cmq_buildtargetmetadepsspecht_is_subtargetconfig
2020-01-20 19:58:32.709693 | > DO_CALL (0.007s wait)
.2020-01-20 19:58:33.020399 | eval'd: drake::cmq_buildtargetmetadepsspecht_is_subtargetconfig
2020-01-20 19:58:33.502305 | > DO_CALL (0.013s wait)
.2020-01-20 19:58:33.835903 | eval'd: drake::cmq_buildtargetmetadepsspecht_is_subtargetconfig
2020-01-20 19:58:34.273037 | > DO_CALL (0.001s wait)
.2020-01-20 19:58:34.325406 | eval'd: drake::cmq_buildtargetmetadepsspecht_is_subtargetconfig
2020-01-20 19:58:34.786709 | > DO_CALL (0.015s wait)
.2020-01-20 19:58:35.828446 | eval'd: drake::cmq_buildtargetmetadepsspecht_is_subtargetconfig
2020-01-20 19:58:36.697741 | > DO_CALL (0.012s wait)
.2020-01-20 19:58:37.024806 | eval'd: drake::cmq_buildtargetmetadepsspecht_is_subtargetconfig
2020-01-20 19:58:37.565138 | > DO_CALL (0.018s wait)
.2020-01-20 19:58:37.915527 | eval'd: drake::cmq_buildtargetmetadepsspecht_is_subtargetconfig
2020-01-20 19:58:38.346198 | > DO_CALL (0.017s wait)
.2020-01-20 19:58:38.695740 | eval'd: drake::cmq_buildtargetmetadepsspecht_is_subtargetconfig
2020-01-20 19:58:39.112754 | > DO_CALL (0.015s wait)
.2020-01-20 19:58:40.149437 | eval'd: drake::cmq_buildtargetmetadepsspecht_is_subtargetconfig
2020-01-20 19:58:40.950859 | > DO_CALL (0.008s wait)
.2020-01-20 19:58:41.273447 | eval'd: drake::cmq_buildtargetmetadepsspecht_is_subtargetconfig
2020-01-20 19:58:41.744200 | > DO_CALL (0.007s wait)
.2020-01-20 19:58:42.060844 | eval'd: drake::cmq_buildtargetmetadepsspecht_is_subtargetconfig
2020-01-20 19:58:42.535115 | > DO_CALL (0.006s wait)
.2020-01-20 19:58:42.844265 | eval'd: drake::cmq_buildtargetmetadepsspecht_is_subtargetconfig
2020-01-20 19:58:43.315165 | > DO_CALL (0.007s wait)
.2020-01-20 19:58:43.634724 | eval'd: drake::cmq_buildtargetmetadepsspecht_is_subtargetconfig
2020-01-20 19:58:43.998165 | > DO_CALL (0.001s wait)
.
2020-01-20 19:58:44.715147 | eval'd: drake::cmq_buildtargetmetadepsspecht_is_subtargetconfig
2020-01-20 19:58:46.081492 | > DO_CALL (0.010s wait)
.2020-01-20 19:58:46.395858 | eval'd: drake::cmq_buildtargetmetadepsspecht_is_subtargetconfig
2020-01-20 19:58:46.906675 | > DO_CALL (0.013s wait)
.2020-01-20 19:58:47.236442 | eval'd: drake::cmq_buildtargetmetadepsspecht_is_subtargetconfig
2020-01-20 19:58:47.671892 | > DO_CALL (0.018s wait)
.2020-01-20 19:58:48.029221 | eval'd: drake::cmq_buildtargetmetadepsspecht_is_subtargetconfig
2020-01-20 19:58:48.281603 | > DO_CALL (0.009s wait)
.2020-01-20 19:58:48.612929 | eval'd: drake::cmq_buildtargetmetadepsspecht_is_subtargetconfig
2020-01-20 19:58:48.832590 | > DO_CALL (0.015s wait)
.2020-01-20 19:58:49.857120 | eval'd: drake::cmq_buildtargetmetadepsspecht_is_subtargetconfig
2020-01-20 19:58:50.790174 | > DO_CALL (0.013s wait)
.2020-01-20 19:58:51.130425 | eval'd: drake::cmq_buildtargetmetadepsspecht_is_subtargetconfig
2020-01-20 19:58:51.594790 | > DO_CALL (0.012s wait)
.2020-01-20 19:58:51.920357 | eval'd: drake::cmq_buildtargetmetadepsspecht_is_subtargetconfig
2020-01-20 19:58:52.259449 | > DO_CALL (0.012s wait)
.2020-01-20 19:58:52.585612 | eval'd: drake::cmq_buildtargetmetadepsspecht_is_subtargetconfig
2020-01-20 19:58:52.711998 | > DO_CALL (0.016s wait)
.2020-01-20 19:58:53.762140 | eval'd: drake::cmq_buildtargetmetadepsspecht_is_subtargetconfig
2020-01-20 19:58:53.948269 | > DO_CALL (0.010s wait)
.2020-01-20 19:58:54.264058 | eval'd: drake::cmq_buildtargetmetadepsspecht_is_subtargetconfig
2020-01-20 19:58:55.086913 | > DO_CALL (0.014s wait)
.2020-01-20 19:58:55.425933 | eval'd: drake::cmq_buildtargetmetadepsspecht_is_subtargetconfig
2020-01-20 19:58:55.859459 | > DO_CALL (0.011s wait)
.2020-01-20 19:58:56.195977 | eval'd: drake::cmq_buildtargetmetadepsspecht_is_subtargetconfig
2020-01-20 19:58:56.624568 | > DO_CALL (0.009s wait)
.2020-01-20 19:58:57.669764 | eval'd: drake::cmq_buildtargetmetadepsspecht_is_subtargetconfig
2020-01-20 19:58:57.755858 | > DO_CALL (0.011s wait)
.2020-01-20 19:58:58.091479 | eval'd: drake::cmq_buildtargetmetadepsspecht_is_subtargetconfig
2020-01-20 19:58:58.314798 | > DO_CALL (0.012s wait)
.2020-01-20 19:58:58.656813 | eval'd: drake::cmq_buildtargetmetadepsspecht_is_subtargetconfig
2020-01-20 19:58:59.611369 | > DO_CALL (0.002s wait)
.2020-01-20 19:58:59.835977 | eval'd: drake::cmq_buildtargetmetadepsspecht_is_subtargetconfig
2020-01-20 19:59:00.433093 | > DO_CALL (0.007s wait)
.2020-01-20 19:59:00.742733 | eval'd: drake::cmq_buildtargetmetadepsspecht_is_subtargetconfig
2020-01-20 19:59:01.133422 | > DO_CALL (0.000s wait)
.2020-01-20 19:59:01.142343 | eval'd: drake::cmq_buildtargetmetadepsspecht_is_subtargetconfig
2020-01-20 19:59:01.731914 | > DO_CALL (0.007s wait)
.2020-01-20 19:59:02.741352 | eval'd: drake::cmq_buildtargetmetadepsspecht_is_subtargetconfig
2020-01-20 19:59:02.881019 | > DO_CALL (0.009s wait)
.2020-01-20 19:59:03.198983 | eval'd: drake::cmq_buildtargetmetadepsspecht_is_subtargetconfig
2020-01-20 19:59:03.497362 | > DO_CALL (0.009s wait)
.2020-01-20 19:59:03.814892 | eval'd: drake::cmq_buildtargetmetadepsspecht_is_subtargetconfig
2020-01-20 19:59:04.984151 | > DO_CALL (0.024s wait)
.2020-01-20 19:59:05.352189 | eval'd: drake::cmq_buildtargetmetadepsspecht_is_subtargetconfig
2020-01-20 19:59:05.807991 | > DO_CALL (0.029s wait)
.2020-01-20 19:59:06.182969 | eval'd: drake::cmq_buildtargetmetadepsspecht_is_subtargetconfig
2020-01-20 19:59:06.349017 | > DO_CALL (0.017s wait)
.2020-01-20 19:59:07.329038 | eval'd: drake::cmq_buildtargetmetadepsspecht_is_subtargetconfig
2020-01-20 19:59:07.445566 | > DO_CALL (0.010s wait)
.2020-01-20 19:59:07.763890 | eval'd: drake::cmq_buildtargetmetadepsspecht_is_subtargetconfig
2020-01-20 19:59:08.046223 | > DO_CALL (0.011s wait)
.2020-01-20 19:59:08.378042 | eval'd: drake::cmq_buildtargetmetadepsspecht_is_subtargetconfig
2020-01-20 19:59:09.434310 | > DO_CALL (0.006s wait)
.2020-01-20 19:59:09.743662 | eval'd: drake::cmq_buildtargetmetadepsspecht_is_subtargetconfig
2020-01-20 19:59:10.241096 | > DO_CALL (0.011s wait)
.2020-01-20 19:59:11.178978 | eval'd: drake::cmq_buildtargetmetadepsspecht_is_subtargetconfig
2020-01-20 19:59:11.501267 | > DO_CALL (0.000s wait)
.2020-01-20 19:59:11.521233 | eval'd: drake::cmq_buildtargetmetadepsspecht_is_subtargetconfig
2020-01-20 19:59:11.893075 | > DO_CALL (0.004s wait)
.2020-01-20 19:59:12.192266 | eval'd: drake::cmq_buildtargetmetadepsspecht_is_subtargetconfig
2020-01-20 19:59:12.423304 | > DO_CALL (0.000s wait)
.2020-01-20 19:59:12.427366 | eval'd: drake::cmq_buildtargetmetadepsspecht_is_subtargetconfig
2020-01-20 19:59:13.622145 | > DO_CALL (0.001s wait)
.2020-01-20 19:59:16.196224 | eval'd: drake::cmq_buildtargetmetadepsspecht_is_subtargetconfig
2020-01-20 19:59:16.346860 | > DO_CALL (0.001s wait)
.2020-01-20 19:59:16.351945 | eval'd: drake::cmq_buildtargetmetadepsspecht_is_subtargetconfig
2020-01-20 19:59:16.694853 | > DO_CALL (0.001s wait)
.2020-01-20 19:59:16.700125 | eval'd: drake::cmq_buildtargetmetadepsspecht_is_subtargetconfig
2020-01-20 19:59:17.170045 | > DO_CALL (0.001s wait)
.2020-01-20 19:59:17.175324 | eval'd: drake::cmq_buildtargetmetadepsspecht_is_subtargetconfig
2020-01-20 19:59:18.392606 | > DO_CALL (0.000s wait)
.2020-01-20 19:59:18.397982 | eval'd: drake::cmq_buildtargetmetadepsspecht_is_subtargetconfig
2020-01-20 19:59:18.984384 | > DO_CALL (0.001s wait)
.2020-01-20 19:59:18.989749 | eval'd: drake::cmq_buildtargetmetadepsspecht_is_subtargetconfig
2020-01-20 19:59:19.574829 | > DO_CALL (0.001s wait)
.2020-01-20 19:59:19.580217 | eval'd: drake::cmq_buildtargetmetadepsspecht_is_subtargetconfig
2020-01-20 19:59:20.157936 | > DO_CALL (0.001s wait)
.2020-01-20 19:59:20.163211 | eval'd: drake::cmq_buildtargetmetadepsspecht_is_subtargetconfig
2020-01-20 19:59:20.755626 | > DO_CALL (0.000s wait)
.2020-01-20 19:59:20.760983 | eval'd: drake::cmq_buildtargetmetadepsspecht_is_subtargetconfig
2020-01-20 19:59:21.977871 | > DO_CALL (0.001s wait)
.2020-01-20 19:59:21.983076 | eval'd: drake::cmq_buildtargetmetadepsspecht_is_subtargetconfig
2020-01-20 19:59:22.602411 | > DO_CALL (0.001s wait)
.2020-01-20 19:59:22.607711 | eval'd: drake::cmq_buildtargetmetadepsspecht_is_subtargetconfig
2020-01-20 19:59:23.185307 | > DO_CALL (0.001s wait)
.2020-01-20 19:59:23.190628 | eval'd: drake::cmq_buildtargetmetadepsspecht_is_subtargetconfig
2020-01-20 19:59:23.775539 | > DO_CALL (0.001s wait)
.2020-01-20 19:59:23.780889 | eval'd: drake::cmq_buildtargetmetadepsspecht_is_subtargetconfig
2020-01-20 19:59:24.365411 | > DO_CALL (0.001s wait)
.2020-01-20 19:59:24.370598 | eval'd: drake::cmq_buildtargetmetadepsspecht_is_subtargetconfig
2020-01-20 19:59:25.587766 | > DO_CALL (0.001s wait)
.2020-01-20 19:59:25.593003 | eval'd: drake::cmq_buildtargetmetadepsspecht_is_subtargetconfig
2020-01-20 19:59:26.181512 | > DO_CALL (0.001s wait)
.2020-01-20 19:59:26.186850 | eval'd: drake::cmq_buildtargetmetadepsspecht_is_subtargetconfig
2020-01-20 19:59:26.765899 | > DO_CALL (0.001s wait)
.2020-01-20 19:59:26.771145 | eval'd: drake::cmq_buildtargetmetadepsspecht_is_subtargetconfig
2020-01-20 19:59:27.347172 | > DO_CALL (0.000s wait)
.2020-01-20 19:59:27.350991 | eval'd: drake::cmq_buildtargetmetadepsspecht_is_subtargetconfig
2020-01-20 19:59:27.956341 | > DO_CALL (0.000s wait)
.2020-01-20 19:59:27.960096 | eval'd: drake::cmq_buildtargetmetadepsspecht_is_subtargetconfig
2020-01-20 19:59:29.183228 | > DO_CALL (0.001s wait)
.2020-01-20 19:59:29.188390 | eval'd: drake::cmq_buildtargetmetadepsspecht_is_subtargetconfig
2020-01-20 19:59:29.780070 | > DO_CALL (0.000s wait)
.2020-01-20 19:59:29.783732 | eval'd: drake::cmq_buildtargetmetadepsspecht_is_subtargetconfig
2020-01-20 19:59:30.370082 | > DO_CALL (0.001s wait)
.2020-01-20 19:59:30.375537 | eval'd: drake::cmq_buildtargetmetadepsspecht_is_subtargetconfig
2020-01-20 19:59:30.958390 | > DO_CALL (0.001s wait)
.2020-01-20 19:59:30.963777 | eval'd: drake::cmq_buildtargetmetadepsspecht_is_subtargetconfig
2020-01-20 19:59:31.563158 | > DO_CALL (0.001s wait)
.2020-01-20 19:59:31.568557 | eval'd: drake::cmq_buildtargetmetadepsspecht_is_subtargetconfig
2020-01-20 19:59:32.791365 | > DO_CALL (0.001s wait)
.2020-01-20 19:59:32.797029 | eval'd: drake::cmq_buildtargetmetadepsspecht_is_subtargetconfig
2020-01-20 19:59:33.391917 | > DO_CALL (0.001s wait)
.2020-01-20 19:59:33.397112 | eval'd: drake::cmq_buildtargetmetadepsspecht_is_subtargetconfig
2020-01-20 19:59:33.993455 | > DO_CALL (0.001s wait)
.2020-01-20 19:59:33.998766 | eval'd: drake::cmq_buildtargetmetadepsspecht_is_subtargetconfig
2020-01-20 19:59:34.596940 | > DO_CALL (0.000s wait)
.2020-01-20 19:59:34.600785 | eval'd: drake::cmq_buildtargetmetadepsspecht_is_subtargetconfig
2020-01-20 19:59:35.206516 | > DO_CALL (0.001s wait)
.2020-01-20 19:59:35.211749 | eval'd: drake::cmq_buildtargetmetadepsspecht_is_subtargetconfig
2020-01-20 19:59:36.434907 | > DO_CALL (0.001s wait)
.2020-01-20 19:59:36.440178 | eval'd: drake::cmq_buildtargetmetadepsspecht_is_subtargetconfig
2020-01-20 19:59:37.016505 | > DO_CALL (0.001s wait)
.2020-01-20 19:59:37.021811 | eval'd: drake::cmq_buildtargetmetadepsspecht_is_subtargetconfig
2020-01-20 19:59:37.643634 | > DO_CALL (0.000s wait)
.2020-01-20 19:59:37.648864 | eval'd: drake::cmq_buildtargetmetadepsspecht_is_subtargetconfig
2020-01-20 19:59:38.246570 | > DO_CALL (0.000s wait)
.2020-01-20 19:59:38.251780 | eval'd: drake::cmq_buildtargetmetadepsspecht_is_subtargetconfig
2020-01-20 19:59:38.840720 | > DO_CALL (0.000s wait)
.2020-01-20 19:59:38.845972 | eval'd: drake::cmq_buildtargetmetadepsspecht_is_subtargetconfig
2020-01-20 19:59:40.083947 | > DO_CALL (0.001s wait)
.2020-01-20 19:59:40.089103 | eval'd: drake::cmq_buildtargetmetadepsspecht_is_subtargetconfig
2020-01-20 19:59:40.671446 | > DO_CALL (0.001s wait)
.2020-01-20 19:59:40.676702 | eval'd: drake::cmq_buildtargetmetadepsspecht_is_subtargetconfig
2020-01-20 19:59:41.271699 | > DO_CALL (0.000s wait)
.2020-01-20 19:59:41.276860 | eval'd: drake::cmq_buildtargetmetadepsspecht_is_subtargetconfig
2020-01-20 19:59:41.858709 | > DO_CALL (0.000s wait)
.2020-01-20 19:59:41.862762 | eval'd: drake::cmq_buildtargetmetadepsspecht_is_subtargetconfig
2020-01-20 19:59:42.439204 | > DO_CALL (0.001s wait)
.2020-01-20 19:59:42.444403 | eval'd: drake::cmq_buildtargetmetadepsspecht_is_subtargetconfig
2020-01-20 19:59:43.664039 | > DO_CALL (0.001s wait)
.2020-01-20 19:59:43.669415 | eval'd: drake::cmq_buildtargetmetadepsspecht_is_subtargetconfig
2020-01-20 19:59:44.280624 | > DO_CALL (0.000s wait)
.2020-01-20 19:59:44.285810 | eval'd: drake::cmq_buildtargetmetadepsspecht_is_subtargetconfig
2020-01-20 19:59:44.870578 | > DO_CALL (0.000s wait)
.2020-01-20 19:59:44.874464 | eval'd: drake::cmq_buildtargetmetadepsspecht_is_subtargetconfig
2020-01-20 19:59:45.455673 | > DO_CALL (0.000s wait)
.2020-01-20 19:59:45.460949 | eval'd: drake::cmq_buildtargetmetadepsspecht_is_subtargetconfig
2020-01-20 19:59:46.046137 | > DO_CALL (0.001s wait)
.2020-01-20 19:59:46.051385 | eval'd: drake::cmq_buildtargetmetadepsspecht_is_subtargetconfig
2020-01-20 19:59:47.441064 | > DO_CALL (0.001s wait)
.2020-01-20 19:59:47.446361 | eval'd: drake::cmq_buildtargetmetadepsspecht_is_subtargetconfig
2020-01-20 19:59:48.032469 | > DO_CALL (0.001s wait)
.2020-01-20 19:59:48.037763 | eval'd: drake::cmq_buildtargetmetadepsspecht_is_subtargetconfig
2020-01-20 19:59:48.622760 | > DO_CALL (0.001s wait)
.2020-01-20 19:59:48.627974 | eval'd: drake::cmq_buildtargetmetadepsspecht_is_subtargetconfig
2020-01-20 19:59:49.227292 | > DO_CALL (0.000s wait)
.
2020-01-20 19:59:49.231309 | eval'd: drake::cmq_buildtargetmetadepsspecht_is_subtargetconfig
2020-01-20 19:59:49.828855 | > DO_CALL (0.001s wait)
.2020-01-20 19:59:49.834053 | eval'd: drake::cmq_buildtargetmetadepsspecht_is_subtargetconfig
2020-01-20 19:59:51.112918 | > DO_CALL (0.001s wait)
.2020-01-20 19:59:51.118089 | eval'd: drake::cmq_buildtargetmetadepsspecht_is_subtargetconfig
2020-01-20 19:59:51.709459 | > DO_CALL (0.001s wait)
.2020-01-20 19:59:51.714633 | eval'd: drake::cmq_buildtargetmetadepsspecht_is_subtargetconfig
2020-01-20 19:59:52.299978 | > DO_CALL (0.001s wait)
.2020-01-20 19:59:52.305212 | eval'd: drake::cmq_buildtargetmetadepsspecht_is_subtargetconfig
2020-01-20 19:59:52.900165 | > DO_CALL (0.000s wait)
.2020-01-20 19:59:52.903939 | eval'd: drake::cmq_buildtargetmetadepsspecht_is_subtargetconfig
2020-01-20 19:59:53.512307 | > DO_CALL (0.001s wait)
.2020-01-20 19:59:53.517530 | eval'd: drake::cmq_buildtargetmetadepsspecht_is_subtargetconfig
2020-01-20 19:59:54.813982 | > DO_CALL (0.001s wait)
.2020-01-20 19:59:54.819110 | eval'd: drake::cmq_buildtargetmetadepsspecht_is_subtargetconfig
2020-01-20 19:59:55.403319 | > DO_CALL (0.001s wait)
.2020-01-20 19:59:55.408620 | eval'd: drake::cmq_buildtargetmetadepsspecht_is_subtargetconfig
2020-01-20 19:59:55.990527 | > DO_CALL (0.001s wait)
.2020-01-20 19:59:55.995716 | eval'd: drake::cmq_buildtargetmetadepsspecht_is_subtargetconfig
2020-01-20 19:59:56.578895 | > DO_CALL (0.001s wait)
.2020-01-20 19:59:56.584120 | eval'd: drake::cmq_buildtargetmetadepsspecht_is_subtargetconfig
2020-01-20 19:59:57.168570 | > DO_CALL (0.000s wait)
.2020-01-20 19:59:57.173569 | eval'd: drake::cmq_buildtargetmetadepsspecht_is_subtargetconfig
2020-01-20 19:59:58.531505 | > DO_CALL (0.001s wait)
.2020-01-20 19:59:58.536858 | eval'd: drake::cmq_buildtargetmetadepsspecht_is_subtargetconfig
2020-01-20 19:59:59.136382 | > DO_CALL (0.001s wait)
.2020-01-20 19:59:59.141365 | eval'd: drake::cmq_buildtargetmetadepsspecht_is_subtargetconfig
2020-01-20 19:59:59.723859 | > DO_CALL (0.001s wait)
.2020-01-20 19:59:59.729147 | eval'd: drake::cmq_buildtargetmetadepsspecht_is_subtargetconfig
2020-01-20 20:00:00.301527 | > DO_CALL (0.001s wait)
.2020-01-20 20:00:00.306769 | eval'd: drake::cmq_buildtargetmetadepsspecht_is_subtargetconfig
2020-01-20 20:00:00.881942 | > DO_CALL (0.001s wait)
.2020-01-20 20:00:00.887211 | eval'd: drake::cmq_buildtargetmetadepsspecht_is_subtargetconfig
2020-01-20 20:00:02.142524 | > DO_CALL (0.001s wait)
.2020-01-20 20:00:02.147724 | eval'd: drake::cmq_buildtargetmetadepsspecht_is_subtargetconfig
2020-01-20 20:00:02.732037 | > DO_CALL (0.001s wait)
.2020-01-20 20:00:02.737289 | eval'd: drake::cmq_buildtargetmetadepsspecht_is_subtargetconfig
2020-01-20 20:00:03.313580 | > DO_CALL (0.001s wait)
.2020-01-20 20:00:03.318828 | eval'd: drake::cmq_buildtargetmetadepsspecht_is_subtargetconfig
2020-01-20 20:00:03.899055 | > DO_CALL (0.001s wait)
.2020-01-20 20:00:03.904309 | eval'd: drake::cmq_buildtargetmetadepsspecht_is_subtargetconfig
2020-01-20 20:00:04.487369 | > DO_CALL (0.001s wait)
.2020-01-20 20:00:04.492607 | eval'd: drake::cmq_buildtargetmetadepsspecht_is_subtargetconfig
2020-01-20 20:00:05.691459 | > DO_CALL (0.000s wait)
.2020-01-20 20:00:05.695164 | eval'd: drake::cmq_buildtargetmetadepsspecht_is_subtargetconfig
2020-01-20 20:00:06.283695 | > DO_CALL (0.000s wait)
.2020-01-20 20:00:06.288825 | eval'd: drake::cmq_buildtargetmetadepsspecht_is_subtargetconfig
2020-01-20 20:00:06.872557 | > DO_CALL (0.001s wait)
.2020-01-20 20:00:06.877797 | eval'd: drake::cmq_buildtargetmetadepsspecht_is_subtargetconfig
2020-01-20 20:00:07.464244 | > DO_CALL (0.001s wait)
.2020-01-20 20:00:07.469505 | eval'd: drake::cmq_buildtargetmetadepsspecht_is_subtargetconfig
2020-01-20 20:00:08.053946 | > DO_CALL (0.001s wait)
.2020-01-20 20:00:08.059193 | eval'd: drake::cmq_buildtargetmetadepsspecht_is_subtargetconfig
2020-01-20 20:00:09.278765 | > DO_CALL (0.001s wait)
.2020-01-20 20:00:09.284162 | eval'd: drake::cmq_buildtargetmetadepsspecht_is_subtargetconfig
2020-01-20 20:00:09.871574 | > DO_CALL (0.001s wait)
.2020-01-20 20:00:09.876768 | eval'd: drake::cmq_buildtargetmetadepsspecht_is_subtargetconfig
2020-01-20 20:00:10.466584 | > DO_CALL (0.000s wait)
.2020-01-20 20:00:10.471434 | eval'd: drake::cmq_buildtargetmetadepsspecht_is_subtargetconfig
2020-01-20 20:00:11.049753 | > DO_CALL (0.001s wait)
.2020-01-20 20:00:11.053450 | eval'd: drake::cmq_buildtargetmetadepsspecht_is_subtargetconfig
2020-01-20 20:00:11.636375 | > DO_CALL (0.000s wait)
.2020-01-20 20:00:11.640518 | eval'd: drake::cmq_buildtargetmetadepsspecht_is_subtargetconfig
2020-01-20 20:00:12.847494 | > DO_CALL (0.001s wait)
.2020-01-20 20:00:12.852705 | eval'd: drake::cmq_buildtargetmetadepsspecht_is_subtargetconfig
2020-01-20 20:00:13.452122 | > DO_CALL (0.001s wait)
.2020-01-20 20:00:13.457356 | eval'd: drake::cmq_buildtargetmetadepsspecht_is_subtargetconfig
2020-01-20 20:00:14.046942 | > DO_CALL (0.001s wait)
.2020-01-20 20:00:14.052233 | eval'd: drake::cmq_buildtargetmetadepsspecht_is_subtargetconfig
2020-01-20 20:00:14.630913 | > DO_CALL (0.001s wait)
.2020-01-20 20:00:14.636213 | eval'd: drake::cmq_buildtargetmetadepsspecht_is_subtargetconfig
2020-01-20 20:00:15.216351 | > DO_CALL (0.001s wait)
.2020-01-20 20:00:15.221616 | eval'd: drake::cmq_buildtargetmetadepsspecht_is_subtargetconfig
2020-01-20 20:00:16.425303 | > DO_CALL (0.001s wait)
.2020-01-20 20:00:16.430529 | eval'd: drake::cmq_buildtargetmetadepsspecht_is_subtargetconfig
2020-01-20 20:00:17.014716 | > DO_CALL (0.000s wait)
.2020-01-20 20:00:17.020125 | eval'd: drake::cmq_buildtargetmetadepsspecht_is_subtargetconfig
2020-01-20 20:00:17.606561 | > DO_CALL (0.001s wait)
.2020-01-20 20:00:17.611752 | eval'd: drake::cmq_buildtargetmetadepsspecht_is_subtargetconfig
2020-01-20 20:00:18.177505 | > DO_CALL (0.000s wait)
.2020-01-20 20:00:18.181377 | eval'd: drake::cmq_buildtargetmetadepsspecht_is_subtargetconfig
2020-01-20 20:00:18.754975 | > DO_CALL (0.001s wait)
.2020-01-20 20:00:18.760240 | eval'd: drake::cmq_buildtargetmetadepsspecht_is_subtargetconfig
2020-01-20 20:00:19.957670 | > DO_CALL (0.000s wait)
.2020-01-20 20:00:19.962937 | eval'd: drake::cmq_buildtargetmetadepsspecht_is_subtargetconfig
2020-01-20 20:00:20.552681 | > DO_CALL (0.000s wait)
.2020-01-20 20:00:20.557954 | eval'd: drake::cmq_buildtargetmetadepsspecht_is_subtargetconfig
2020-01-20 20:00:21.129937 | > DO_CALL (0.001s wait)
.2020-01-20 20:00:21.135102 | eval'd: drake::cmq_buildtargetmetadepsspecht_is_subtargetconfig
2020-01-20 20:00:21.713991 | > DO_CALL (0.001s wait)
.2020-01-20 20:00:21.719221 | eval'd: drake::cmq_buildtargetmetadepsspecht_is_subtargetconfig
2020-01-20 20:00:22.288529 | > DO_CALL (0.001s wait)
.2020-01-20 20:00:22.293637 | eval'd: drake::cmq_buildtargetmetadepsspecht_is_subtargetconfig
2020-01-20 20:00:23.507201 | > DO_CALL (0.001s wait)
.2020-01-20 20:00:23.512391 | eval'd: drake::cmq_buildtargetmetadepsspecht_is_subtargetconfig
2020-01-20 20:00:24.096202 | > DO_CALL (0.000s wait)
.2020-01-20 20:00:24.100205 | eval'd: drake::cmq_buildtargetmetadepsspecht_is_subtargetconfig
2020-01-20 20:00:24.680042 | > DO_CALL (0.001s wait)
.2020-01-20 20:00:24.685477 | eval'd: drake::cmq_buildtargetmetadepsspecht_is_subtargetconfig
2020-01-20 20:00:25.266655 | > DO_CALL (0.000s wait)
.2020-01-20 20:00:25.271983 | eval'd: drake::cmq_buildtargetmetadepsspecht_is_subtargetconfig
2020-01-20 20:00:25.854824 | > DO_CALL (0.001s wait)
.2020-01-20 20:00:25.860128 | eval'd: drake::cmq_buildtargetmetadepsspecht_is_subtargetconfig
2020-01-20 20:00:27.074063 | > DO_CALL (0.001s wait)
.2020-01-20 20:00:27.079434 | eval'd: drake::cmq_buildtargetmetadepsspecht_is_subtargetconfig
2020-01-20 20:00:27.664650 | > DO_CALL (0.000s wait)
.2020-01-20 20:00:27.669934 | eval'd: drake::cmq_buildtargetmetadepsspecht_is_subtargetconfig
2020-01-20 20:00:28.251385 | > DO_CALL (0.001s wait)
.2020-01-20 20:00:28.256658 | eval'd: drake::cmq_buildtargetmetadepsspecht_is_subtargetconfig
2020-01-20 20:00:28.833801 | > DO_CALL (0.001s wait)
.2020-01-20 20:00:28.839171 | eval'd: drake::cmq_buildtargetmetadepsspecht_is_subtargetconfig
2020-01-20 20:00:29.437494 | > DO_CALL (0.001s wait)
.2020-01-20 20:00:29.442916 | eval'd: drake::cmq_buildtargetmetadepsspecht_is_subtargetconfig
2020-01-20 20:00:30.659960 | > DO_CALL (0.001s wait)
.2020-01-20 20:00:30.665356 | eval'd: drake::cmq_buildtargetmetadepsspecht_is_subtargetconfig
2020-01-20 20:00:31.253726 | > DO_CALL (0.001s wait)
.2020-01-20 20:00:31.259070 | eval'd: drake::cmq_buildtargetmetadepsspecht_is_subtargetconfig
2020-01-20 20:00:31.845763 | > DO_CALL (0.001s wait)
.2020-01-20 20:00:31.851100 | eval'd: drake::cmq_buildtargetmetadepsspecht_is_subtargetconfig
2020-01-20 20:00:32.432968 | > DO_CALL (0.001s wait)
.2020-01-20 20:00:32.438129 | eval'd: drake::cmq_buildtargetmetadepsspecht_is_subtargetconfig
2020-01-20 20:00:33.017134 | > DO_CALL (0.001s wait)
.2020-01-20 20:00:33.022620 | eval'd: drake::cmq_buildtargetmetadepsspecht_is_subtargetconfig
2020-01-20 20:00:34.235998 | > DO_CALL (0.001s wait)
.2020-01-20 20:00:34.241248 | eval'd: drake::cmq_buildtargetmetadepsspecht_is_subtargetconfig
2020-01-20 20:00:34.822589 | > DO_CALL (0.001s wait)
.2020-01-20 20:00:34.827874 | eval'd: drake::cmq_buildtargetmetadepsspecht_is_subtargetconfig
2020-01-20 20:00:35.405628 | > DO_CALL (0.000s wait)
.2020-01-20 20:00:35.409429 | eval'd: drake::cmq_buildtargetmetadepsspecht_is_subtargetconfig
2020-01-20 20:00:35.986962 | > DO_CALL (0.001s wait)
.2020-01-20 20:00:35.992210 | eval'd: drake::cmq_buildtargetmetadepsspecht_is_subtargetconfig
2020-01-20 20:00:36.577227 | > DO_CALL (0.001s wait)
.2020-01-20 20:00:36.582358 | eval'd: drake::cmq_buildtargetmetadepsspecht_is_subtargetconfig
2020-01-20 20:00:37.817711 | > DO_CALL (0.000s wait)
.2020-01-20 20:00:37.822907 | eval'd: drake::cmq_buildtargetmetadepsspecht_is_subtargetconfig
2020-01-20 20:00:38.400462 | > DO_CALL (0.001s wait)
.2020-01-20 20:00:38.405601 | eval'd: drake::cmq_buildtargetmetadepsspecht_is_subtargetconfig
2020-01-20 20:00:38.998890 | > DO_CALL (0.001s wait)
.2020-01-20 20:00:39.004246 | eval'd: drake::cmq_buildtargetmetadepsspecht_is_subtargetconfig
2020-01-20 20:00:39.598122 | > DO_CALL (0.001s wait)
.2020-01-20 20:00:39.603269 | eval'd: drake::cmq_buildtargetmetadepsspecht_is_subtargetconfig
2020-01-20 20:00:40.176526 | > DO_CALL (0.001s wait)
.2020-01-20 20:00:40.181696 | eval'd: drake::cmq_buildtargetmetadepsspecht_is_subtargetconfig
2020-01-20 20:00:41.387893 | > DO_CALL (0.001s wait)
.2020-01-20 20:00:41.391718 | eval'd: drake::cmq_buildtargetmetadepsspecht_is_subtargetconfig
2020-01-20 20:00:41.973529 | > DO_CALL (0.001s wait)
.2020-01-20 20:00:41.978713 | eval'd: drake::cmq_buildtargetmetadepsspecht_is_subtargetconfig
2020-01-20 20:00:42.558168 | > DO_CALL (0.001s wait)
.2020-01-20 20:00:42.563509 | eval'd: drake::cmq_buildtargetmetadepsspecht_is_subtargetconfig
2020-01-20 20:00:43.144237 | > DO_CALL (0.001s wait)
.2020-01-20 20:00:43.149516 | eval'd: drake::cmq_buildtargetmetadepsspecht_is_subtargetconfig
2020-01-20 20:00:43.721459 | > DO_CALL (0.001s wait)
.2020-01-20 20:00:43.726598 | eval'd: drake::cmq_buildtargetmetadepsspecht_is_subtargetconfig
2020-01-20 20:00:44.941485 | > DO_CALL (0.001s wait)
.2020-01-20 20:00:44.946673 | eval'd: drake::cmq_buildtargetmetadepsspecht_is_subtargetconfig
2020-01-20 20:00:45.525087 | > DO_CALL (0.001s wait)
.2020-01-20 20:00:45.530031 | eval'd: drake::cmq_buildtargetmetadepsspecht_is_subtargetconfig
2020-01-20 20:00:46.111879 | > DO_CALL (0.001s wait)
.
2020-01-20 20:00:46.116952 | eval'd: drake::cmq_buildtargetmetadepsspecht_is_subtargetconfig
2020-01-20 20:00:46.698041 | > DO_CALL (0.001s wait)
.2020-01-20 20:00:46.703267 | eval'd: drake::cmq_buildtargetmetadepsspecht_is_subtargetconfig
2020-01-20 20:00:47.281458 | > DO_CALL (0.001s wait)
.2020-01-20 20:00:47.286425 | eval'd: drake::cmq_buildtargetmetadepsspecht_is_subtargetconfig
2020-01-20 20:00:48.533784 | > DO_CALL (0.001s wait)
.2020-01-20 20:00:48.538774 | eval'd: drake::cmq_buildtargetmetadepsspecht_is_subtargetconfig
2020-01-20 20:00:49.119245 | > DO_CALL (0.000s wait)
.2020-01-20 20:00:49.122946 | eval'd: drake::cmq_buildtargetmetadepsspecht_is_subtargetconfig
2020-01-20 20:00:49.718316 | > DO_CALL (0.001s wait)
.2020-01-20 20:00:49.723521 | eval'd: drake::cmq_buildtargetmetadepsspecht_is_subtargetconfig
2020-01-20 20:00:50.310093 | > DO_CALL (0.001s wait)
.2020-01-20 20:00:50.315373 | eval'd: drake::cmq_buildtargetmetadepsspecht_is_subtargetconfig
2020-01-20 20:00:50.922022 | > DO_CALL (0.001s wait)
.2020-01-20 20:00:50.927005 | eval'd: drake::cmq_buildtargetmetadepsspecht_is_subtargetconfig
2020-01-20 20:00:52.129581 | > DO_CALL (0.001s wait)
.2020-01-20 20:00:52.134765 | eval'd: drake::cmq_buildtargetmetadepsspecht_is_subtargetconfig
2020-01-20 20:00:52.723534 | > DO_CALL (0.001s wait)
.2020-01-20 20:00:52.728753 | eval'd: drake::cmq_buildtargetmetadepsspecht_is_subtargetconfig
2020-01-20 20:00:53.319911 | > DO_CALL (0.001s wait)
.2020-01-20 20:00:53.325199 | eval'd: drake::cmq_buildtargetmetadepsspecht_is_subtargetconfig
2020-01-20 20:00:53.913770 | > DO_CALL (0.001s wait)
.2020-01-20 20:00:53.919077 | eval'd: drake::cmq_buildtargetmetadepsspecht_is_subtargetconfig
2020-01-20 20:00:54.507373 | > DO_CALL (0.001s wait)
.2020-01-20 20:00:54.512629 | eval'd: drake::cmq_buildtargetmetadepsspecht_is_subtargetconfig
2020-01-20 20:00:55.758713 | > DO_CALL (0.000s wait)
.2020-01-20 20:00:55.763992 | eval'd: drake::cmq_buildtargetmetadepsspecht_is_subtargetconfig
2020-01-20 20:00:56.344760 | > DO_CALL (0.001s wait)
.2020-01-20 20:00:56.349633 | eval'd: drake::cmq_buildtargetmetadepsspecht_is_subtargetconfig
2020-01-20 20:00:56.930057 | > DO_CALL (0.001s wait)
.2020-01-20 20:00:56.935220 | eval'd: drake::cmq_buildtargetmetadepsspecht_is_subtargetconfig
2020-01-20 20:00:57.526981 | > DO_CALL (0.001s wait)
.2020-01-20 20:00:57.532132 | eval'd: drake::cmq_buildtargetmetadepsspecht_is_subtargetconfig
2020-01-20 20:00:58.881102 | > DO_CALL (0.001s wait)
.2020-01-20 20:00:58.886378 | eval'd: drake::cmq_buildtargetmetadepsspecht_is_subtargetconfig
2020-01-20 20:00:59.513674 | > DO_CALL (0.000s wait)
.2020-01-20 20:00:59.518816 | eval'd: drake::cmq_buildtargetmetadepsspecht_is_subtargetconfig
2020-01-20 20:01:00.104712 | > DO_CALL (0.000s wait)
.2020-01-20 20:01:00.109965 | eval'd: drake::cmq_buildtargetmetadepsspecht_is_subtargetconfig
2020-01-20 20:01:00.687011 | > DO_CALL (0.001s wait)
.2020-01-20 20:01:00.692176 | eval'd: drake::cmq_buildtargetmetadepsspecht_is_subtargetconfig
2020-01-20 20:01:01.263283 | > DO_CALL (0.001s wait)
.2020-01-20 20:01:01.268528 | eval'd: drake::cmq_buildtargetmetadepsspecht_is_subtargetconfig
2020-01-20 20:01:02.518073 | > DO_CALL (0.001s wait)
.2020-01-20 20:01:02.523280 | eval'd: drake::cmq_buildtargetmetadepsspecht_is_subtargetconfig
2020-01-20 20:01:03.150639 | > DO_CALL (0.000s wait)
.2020-01-20 20:01:03.155714 | eval'd: drake::cmq_buildtargetmetadepsspecht_is_subtargetconfig
2020-01-20 20:01:03.784883 | > DO_CALL (0.001s wait)
.2020-01-20 20:01:03.790003 | eval'd: drake::cmq_buildtargetmetadepsspecht_is_subtargetconfig
2020-01-20 20:01:04.411069 | > DO_CALL (0.001s wait)
.2020-01-20 20:01:04.416319 | eval'd: drake::cmq_buildtargetmetadepsspecht_is_subtargetconfig
2020-01-20 20:01:05.024534 | > DO_CALL (0.001s wait)
.2020-01-20 20:01:05.029713 | eval'd: drake::cmq_buildtargetmetadepsspecht_is_subtargetconfig
2020-01-20 20:01:06.305886 | > DO_CALL (0.001s wait)
.2020-01-20 20:01:06.311119 | eval'd: drake::cmq_buildtargetmetadepsspecht_is_subtargetconfig
2020-01-20 20:01:06.939031 | > DO_CALL (0.001s wait)
.2020-01-20 20:01:06.944413 | eval'd: drake::cmq_buildtargetmetadepsspecht_is_subtargetconfig
2020-01-20 20:01:07.580972 | > DO_CALL (0.001s wait)
.2020-01-20 20:01:07.586253 | eval'd: drake::cmq_buildtargetmetadepsspecht_is_subtargetconfig
2020-01-20 20:01:08.213481 | > DO_CALL (0.001s wait)
.2020-01-20 20:01:08.218686 | eval'd: drake::cmq_buildtargetmetadepsspecht_is_subtargetconfig
2020-01-20 20:01:08.839807 | > DO_CALL (0.001s wait)
.2020-01-20 20:01:08.844984 | eval'd: drake::cmq_buildtargetmetadepsspecht_is_subtargetconfig
2020-01-20 20:01:10.186223 | > DO_CALL (0.001s wait)
.2020-01-20 20:01:10.191572 | eval'd: drake::cmq_buildtargetmetadepsspecht_is_subtargetconfig
2020-01-20 20:01:10.813758 | > DO_CALL (0.001s wait)
.2020-01-20 20:01:10.818999 | eval'd: drake::cmq_buildtargetmetadepsspecht_is_subtargetconfig
2020-01-20 20:01:11.441065 | > DO_CALL (0.001s wait)
.2020-01-20 20:01:11.446313 | eval'd: drake::cmq_buildtargetmetadepsspecht_is_subtargetconfig
2020-01-20 20:01:12.060384 | > DO_CALL (0.001s wait)
.2020-01-20 20:01:12.065368 | eval'd: drake::cmq_buildtargetmetadepsspecht_is_subtargetconfig
2020-01-20 20:01:13.385777 | > DO_CALL (0.001s wait)
.2020-01-20 20:01:13.390953 | eval'd: drake::cmq_buildtargetmetadepsspecht_is_subtargetconfig
2020-01-20 20:01:14.027720 | > DO_CALL (0.000s wait)
.2020-01-20 20:01:14.033015 | eval'd: drake::cmq_buildtargetmetadepsspecht_is_subtargetconfig
2020-01-20 20:01:14.650469 | > DO_CALL (0.001s wait)
.2020-01-20 20:01:14.655717 | eval'd: drake::cmq_buildtargetmetadepsspecht_is_subtargetconfig
2020-01-20 20:01:15.276562 | > DO_CALL (0.000s wait)
.2020-01-20 20:01:15.281602 | eval'd: drake::cmq_buildtargetmetadepsspecht_is_subtargetconfig
2020-01-20 20:01:15.893224 | > DO_CALL (0.001s wait)
.2020-01-20 20:01:15.898524 | eval'd: drake::cmq_buildtargetmetadepsspecht_is_subtargetconfig
2020-01-20 20:01:17.272027 | > DO_CALL (0.001s wait)
.2020-01-20 20:01:17.277197 | eval'd: drake::cmq_buildtargetmetadepsspecht_is_subtargetconfig
2020-01-20 20:01:17.907345 | > DO_CALL (0.001s wait)
.2020-01-20 20:01:17.912610 | eval'd: drake::cmq_buildtargetmetadepsspecht_is_subtargetconfig
2020-01-20 20:01:18.524196 | > DO_CALL (0.000s wait)
.2020-01-20 20:01:18.528310 | eval'd: drake::cmq_buildtargetmetadepsspecht_is_subtargetconfig
2020-01-20 20:01:19.151466 | > DO_CALL (0.001s wait)
.2020-01-20 20:01:19.156641 | eval'd: drake::cmq_buildtargetmetadepsspecht_is_subtargetconfig
2020-01-20 20:01:20.480475 | > DO_CALL (0.001s wait)
.2020-01-20 20:01:20.485630 | eval'd: drake::cmq_buildtargetmetadepsspecht_is_subtargetconfig
2020-01-20 20:01:21.112854 | > DO_CALL (0.001s wait)
.2020-01-20 20:01:21.118083 | eval'd: drake::cmq_buildtargetmetadepsspecht_is_subtargetconfig
2020-01-20 20:01:21.738737 | > DO_CALL (0.001s wait)
.2020-01-20 20:01:21.743982 | eval'd: drake::cmq_buildtargetmetadepsspecht_is_subtargetconfig
2020-01-20 20:01:22.353563 | > DO_CALL (0.000s wait)
.2020-01-20 20:01:22.358681 | eval'd: drake::cmq_buildtargetmetadepsspecht_is_subtargetconfig
2020-01-20 20:01:22.981244 | > DO_CALL (0.001s wait)
.2020-01-20 20:01:22.986586 | eval'd: drake::cmq_buildtargetmetadepsspecht_is_subtargetconfig
2020-01-20 20:01:27.722201 | > WORKER_WAIT (0.000s wait)
2020-01-20 20:01:27.722644 | waiting 0.75s
2020-01-20 20:01:31.956198 | > WORKER_WAIT (0.000s wait)
2020-01-20 20:01:31.956647 | waiting 0.75s
2020-01-20 20:04:05.730279 | > WORKER_STOP (0.000s wait)
2020-01-20 20:04:05.733491 | shutting down worker
2020-01-20 20:04:08.406869 | 
Total: 580 in 6307.19s [user], 268.31s [system], 8839.55s [elapsed]
