2020-08-01 13:51:09.050528 | Master: tcp://c3a-s3.ufhpc:9532
2020-08-01 13:51:09.063588 | WORKER_UP to: tcp://c3a-s3.ufhpc:9532
2020-08-01 13:51:11.186854 | > DO_SETUP (1.979s wait)
2020-08-01 13:51:11.187425 | token from msg: set_common_data_token
2020-08-01 13:51:16.418709 | > DO_CALL (1.085s wait)
* Option 'clustermq.scheduler' not set, defaulting to ‘SLURM’
--- see: https://mschubert.github.io/clustermq/articles/userguide.html#configuration
2020-08-01 13:51:18.346614 | eval'd: drake::cmq_buildtargetmetadepsspecconfig_tmpconfig
2020-08-01 13:51:19.523599 | > DO_CALL (0.306s wait)
2020-08-01 13:51:21.443324 | eval'd: drake::cmq_buildtargetmetadepsspecconfig_tmpconfig
2020-08-01 13:51:22.179937 | > DO_CALL (0.240s wait)
2020-08-01 13:52:18.466285 | eval'd: drake::cmq_buildtargetmetadepsspecconfig_tmpconfig
2020-08-01 13:52:19.963172 | > DO_CALL (0.256s wait)
2020-08-01 13:52:23.998261 | eval'd: drake::cmq_buildtargetmetadepsspecconfig_tmpconfig
2020-08-01 13:52:25.639514 | > DO_CALL (0.245s wait)
2020-08-01 13:52:33.535428 | eval'd: drake::cmq_buildtargetmetadepsspecconfig_tmpconfig
2020-08-01 13:52:34.898572 | > DO_CALL (0.253s wait)
2020-08-01 13:52:43.656014 | eval'd: drake::cmq_buildtargetmetadepsspecconfig_tmpconfig
2020-08-01 13:52:45.083051 | > DO_CALL (0.228s wait)
2020-08-01 13:52:53.798940 | eval'd: drake::cmq_buildtargetmetadepsspecconfig_tmpconfig
2020-08-01 13:52:55.399420 | > DO_CALL (0.238s wait)
2020-08-01 13:52:57.760767 | eval'd: drake::cmq_buildtargetmetadepsspecconfig_tmpconfig
2020-08-01 13:52:59.557981 | > DO_CALL (0.228s wait)
2020-08-01 13:53:01.299783 | eval'd: drake::cmq_buildtargetmetadepsspecconfig_tmpconfig
2020-08-01 13:53:02.327619 | > DO_CALL (0.252s wait)
2020-08-01 13:53:04.832825 | eval'd: drake::cmq_buildtargetmetadepsspecconfig_tmpconfig
2020-08-01 13:53:05.650801 | > DO_CALL (0.250s wait)
2020-08-01 13:53:08.000351 | eval'd: drake::cmq_buildtargetmetadepsspecconfig_tmpconfig
2020-08-01 13:53:08.908985 | > DO_CALL (0.243s wait)
2020-08-01 13:53:15.108874 | eval'd: drake::cmq_buildtargetmetadepsspecconfig_tmpconfig
2020-08-01 13:53:16.847359 | > DO_CALL (0.244s wait)
2020-08-01 13:53:22.623793 | eval'd: drake::cmq_buildtargetmetadepsspecconfig_tmpconfig
2020-08-01 13:53:23.643239 | > DO_CALL (0.255s wait)
2020-08-01 13:53:27.148273 | eval'd: drake::cmq_buildtargetmetadepsspecconfig_tmpconfig
2020-08-01 13:53:28.775682 | > DO_CALL (0.229s wait)
2020-08-01 13:53:29.317025 | eval'd: drake::cmq_buildtargetmetadepsspecconfig_tmpconfig
2020-08-01 13:53:30.340461 | > DO_CALL (0.217s wait)
2020-08-01 13:53:31.756638 | eval'd: drake::cmq_buildtargetmetadepsspecconfig_tmpconfig
2020-08-01 13:53:33.213418 | > DO_CALL (0.221s wait)
2020-08-01 13:53:33.760653 | eval'd: drake::cmq_buildtargetmetadepsspecconfig_tmpconfig
2020-08-01 13:53:34.514363 | > DO_CALL (0.223s wait)
2020-08-01 13:53:35.905016 | eval'd: drake::cmq_buildtargetmetadepsspecconfig_tmpconfig
2020-08-01 13:53:38.013006 | > DO_CALL (0.226s wait)
2020-08-01 13:53:44.178178 | eval'd: drake::cmq_buildtargetmetadepsspecconfig_tmpconfig
2020-08-01 13:53:45.974347 | > DO_CALL (0.219s wait)
2020-08-01 13:53:48.483459 | eval'd: drake::cmq_buildtargetmetadepsspecconfig_tmpconfig
2020-08-01 13:53:49.263474 | > DO_CALL (0.245s wait)
2020-08-01 13:53:49.847416 | eval'd: drake::cmq_buildtargetmetadepsspecconfig_tmpconfig
2020-08-01 13:53:51.309977 | > DO_CALL (0.220s wait)
2020-08-01 13:53:54.442964 | eval'd: drake::cmq_buildtargetmetadepsspecconfig_tmpconfig
2020-08-01 13:53:55.360415 | > DO_CALL (0.242s wait)
2020-08-01 13:54:02.822401 | eval'd: drake::cmq_buildtargetmetadepsspecconfig_tmpconfig
2020-08-01 13:54:05.100248 | > DO_CALL (0.241s wait)
2020-08-01 13:54:06.975861 | eval'd: drake::cmq_buildtargetmetadepsspecconfig_tmpconfig
2020-08-01 13:54:07.680759 | > DO_CALL (0.235s wait)
2020-08-01 13:54:08.747135 | eval'd: drake::cmq_buildtargetmetadepsspecconfig_tmpconfig
2020-08-01 13:54:10.246639 | > DO_CALL (0.249s wait)
2020-08-01 13:54:15.409709 | eval'd: drake::cmq_buildtargetmetadepsspecconfig_tmpconfig
2020-08-01 13:54:16.900000 | > DO_CALL (0.251s wait)
2020-08-01 13:54:22.249050 | eval'd: drake::cmq_buildtargetmetadepsspecconfig_tmpconfig
2020-08-01 13:54:23.210881 | > DO_CALL (0.246s wait)
2020-08-01 13:54:27.608995 | eval'd: drake::cmq_buildtargetmetadepsspecconfig_tmpconfig
2020-08-01 13:54:28.473047 | > DO_CALL (0.220s wait)
2020-08-01 13:54:29.568108 | eval'd: drake::cmq_buildtargetmetadepsspecconfig_tmpconfig
2020-08-01 13:54:30.623314 | > DO_CALL (0.230s wait)
2020-08-01 13:54:39.117454 | eval'd: drake::cmq_buildtargetmetadepsspecconfig_tmpconfig
2020-08-01 13:54:40.007371 | > DO_CALL (0.230s wait)
2020-08-01 13:54:53.245525 | eval'd: drake::cmq_buildtargetmetadepsspecconfig_tmpconfig
2020-08-01 13:54:55.328727 | > DO_CALL (0.225s wait)
2020-08-01 13:54:59.125763 | eval'd: drake::cmq_buildtargetmetadepsspecconfig_tmpconfig
2020-08-01 13:55:00.157520 | > DO_CALL (0.249s wait)
2020-08-01 13:55:05.455685 | eval'd: drake::cmq_buildtargetmetadepsspecconfig_tmpconfig
2020-08-01 13:55:07.131473 | > DO_CALL (0.248s wait)
2020-08-01 13:55:11.092188 | eval'd: drake::cmq_buildtargetmetadepsspecconfig_tmpconfig
2020-08-01 13:55:12.109549 | > DO_CALL (0.254s wait)
2020-08-01 13:55:16.664695 | eval'd: drake::cmq_buildtargetmetadepsspecconfig_tmpconfig
2020-08-01 13:55:17.555490 | > DO_CALL (0.240s wait)
2020-08-01 13:55:21.444338 | eval'd: drake::cmq_buildtargetmetadepsspecconfig_tmpconfig
2020-08-01 13:55:23.764809 | > DO_CALL (0.231s wait)
2020-08-01 13:55:28.534596 | eval'd: drake::cmq_buildtargetmetadepsspecconfig_tmpconfig
2020-08-01 13:55:29.570478 | > DO_CALL (0.279s wait)
2020-08-01 13:55:39.610692 | eval'd: drake::cmq_buildtargetmetadepsspecconfig_tmpconfig
2020-08-01 13:55:41.063349 | > DO_CALL (0.232s wait)
2020-08-01 13:55:43.433469 | eval'd: drake::cmq_buildtargetmetadepsspecconfig_tmpconfig
2020-08-01 13:55:44.869255 | > DO_CALL (0.206s wait)
2020-08-01 13:55:46.626142 | eval'd: drake::cmq_buildtargetmetadepsspecconfig_tmpconfig
2020-08-01 13:55:47.343552 | > DO_CALL (0.222s wait)
2020-08-01 13:55:52.263186 | eval'd: drake::cmq_buildtargetmetadepsspecconfig_tmpconfig
2020-08-01 13:55:54.321849 | > DO_CALL (0.221s wait)
2020-08-01 13:55:55.587506 | eval'd: drake::cmq_buildtargetmetadepsspecconfig_tmpconfig
2020-08-01 13:55:56.318506 | > DO_CALL (0.238s wait)
2020-08-01 13:56:03.559932 | eval'd: drake::cmq_buildtargetmetadepsspecconfig_tmpconfig
2020-08-01 13:56:04.834303 | > DO_CALL (0.248s wait)
2020-08-01 13:56:37.964589 | eval'd: drake::cmq_buildtargetmetadepsspecconfig_tmpconfig
2020-08-01 13:56:40.954744 | > DO_CALL (0.252s wait)
2020-08-01 13:56:42.768640 | eval'd: drake::cmq_buildtargetmetadepsspecconfig_tmpconfig
2020-08-01 13:56:43.492082 | > DO_CALL (0.248s wait)
2020-08-01 13:56:48.734741 | eval'd: drake::cmq_buildtargetmetadepsspecconfig_tmpconfig
2020-08-01 13:56:50.015340 | > DO_CALL (0.217s wait)
2020-08-01 13:56:51.730142 | eval'd: drake::cmq_buildtargetmetadepsspecconfig_tmpconfig
2020-08-01 13:56:52.448412 | > DO_CALL (0.238s wait)
2020-08-01 13:56:59.354874 | eval'd: drake::cmq_buildtargetmetadepsspecconfig_tmpconfig
2020-08-01 13:57:00.151584 | > DO_CALL (0.228s wait)
2020-08-01 13:57:16.631154 | eval'd: drake::cmq_buildtargetmetadepsspecconfig_tmpconfig
2020-08-01 13:57:17.821959 | > DO_CALL (0.227s wait)
2020-08-01 13:57:20.400119 | eval'd: drake::cmq_buildtargetmetadepsspecconfig_tmpconfig
2020-08-01 13:57:21.889594 | > DO_CALL (0.236s wait)
2020-08-01 13:57:24.555565 | eval'd: drake::cmq_buildtargetmetadepsspecconfig_tmpconfig
2020-08-01 13:57:25.741014 | > DO_CALL (0.236s wait)
2020-08-01 13:57:29.069491 | eval'd: drake::cmq_buildtargetmetadepsspecconfig_tmpconfig
2020-08-01 13:57:29.786877 | > DO_CALL (0.242s wait)
2020-08-01 13:57:32.005705 | eval'd: drake::cmq_buildtargetmetadepsspecconfig_tmpconfig
2020-08-01 13:57:32.736586 | > DO_CALL (0.251s wait)
2020-08-01 13:57:34.835219 | eval'd: drake::cmq_buildtargetmetadepsspecconfig_tmpconfig
2020-08-01 13:57:35.695725 | > DO_CALL (0.248s wait)
2020-08-01 13:57:37.065136 | eval'd: drake::cmq_buildtargetmetadepsspecconfig_tmpconfig
2020-08-01 13:57:37.807144 | > DO_CALL (0.254s wait)
2020-08-01 13:57:39.455774 | eval'd: drake::cmq_buildtargetmetadepsspecconfig_tmpconfig
2020-08-01 13:57:41.059179 | > DO_CALL (0.215s wait)
2020-08-01 13:57:44.638661 | eval'd: drake::cmq_buildtargetmetadepsspecconfig_tmpconfig
2020-08-01 13:57:45.394591 | > DO_CALL (0.222s wait)
2020-08-01 13:57:49.369017 | eval'd: drake::cmq_buildtargetmetadepsspecconfig_tmpconfig
2020-08-01 13:57:50.486086 | > DO_CALL (0.244s wait)
2020-08-01 13:57:54.193940 | eval'd: drake::cmq_buildtargetmetadepsspecconfig_tmpconfig
2020-08-01 13:57:55.210586 | > DO_CALL (0.238s wait)
2020-08-01 13:58:05.080834 | eval'd: drake::cmq_buildtargetmetadepsspecconfig_tmpconfig
2020-08-01 13:58:06.201511 | > DO_CALL (0.224s wait)
2020-08-01 13:58:07.677556 | eval'd: drake::cmq_buildtargetmetadepsspecconfig_tmpconfig
2020-08-01 13:58:08.369073 | > DO_CALL (0.224s wait)
2020-08-01 13:58:11.469531 | eval'd: drake::cmq_buildtargetmetadepsspecconfig_tmpconfig
2020-08-01 13:58:12.935075 | > DO_CALL (0.223s wait)
2020-08-01 13:58:14.425586 | eval'd: drake::cmq_buildtargetmetadepsspecconfig_tmpconfig
2020-08-01 13:58:15.535466 | > DO_CALL (0.211s wait)
2020-08-01 13:58:21.007346 | eval'd: drake::cmq_buildtargetmetadepsspecconfig_tmpconfig
2020-08-01 13:58:21.869982 | > DO_CALL (0.224s wait)
2020-08-01 13:58:36.444688 | eval'd: drake::cmq_buildtargetmetadepsspecconfig_tmpconfig
2020-08-01 13:58:37.881111 | > DO_CALL (0.235s wait)
2020-08-01 13:58:39.062685 | eval'd: drake::cmq_buildtargetmetadepsspecconfig_tmpconfig
2020-08-01 13:58:39.951698 | > DO_CALL (0.245s wait)
2020-08-01 13:58:50.229721 | eval'd: drake::cmq_buildtargetmetadepsspecconfig_tmpconfig
2020-08-01 13:58:52.105644 | > DO_CALL (0.253s wait)
2020-08-01 13:58:54.284447 | eval'd: drake::cmq_buildtargetmetadepsspecconfig_tmpconfig
2020-08-01 13:58:55.827374 | > DO_CALL (0.215s wait)
2020-08-01 13:58:56.401661 | eval'd: drake::cmq_buildtargetmetadepsspecconfig_tmpconfig
2020-08-01 13:58:57.138087 | > DO_CALL (0.231s wait)
2020-08-01 13:58:58.552238 | eval'd: drake::cmq_buildtargetmetadepsspecconfig_tmpconfig
2020-08-01 13:58:59.419351 | > DO_CALL (0.222s wait)
2020-08-01 13:59:01.803601 | eval'd: drake::cmq_buildtargetmetadepsspecconfig_tmpconfig
2020-08-01 13:59:02.584076 | > DO_CALL (0.205s wait)
2020-08-01 13:59:06.017127 | eval'd: drake::cmq_buildtargetmetadepsspecconfig_tmpconfig
2020-08-01 13:59:08.614079 | > DO_CALL (0.218s wait)
2020-08-01 13:59:12.564208 | eval'd: drake::cmq_buildtargetmetadepsspecconfig_tmpconfig
2020-08-01 13:59:13.593902 | > DO_CALL (0.236s wait)
2020-08-01 13:59:15.974587 | eval'd: drake::cmq_buildtargetmetadepsspecconfig_tmpconfig
2020-08-01 13:59:18.570895 | > DO_CALL (0.246s wait)
2020-08-01 13:59:19.213665 | eval'd: drake::cmq_buildtargetmetadepsspecconfig_tmpconfig
2020-08-01 13:59:20.386585 | > DO_CALL (0.243s wait)
2020-08-01 13:59:21.434406 | eval'd: drake::cmq_buildtargetmetadepsspecconfig_tmpconfig
2020-08-01 13:59:22.932324 | > DO_CALL (0.219s wait)
2020-08-01 13:59:26.617803 | eval'd: drake::cmq_buildtargetmetadepsspecconfig_tmpconfig
2020-08-01 13:59:27.411539 | > DO_CALL (0.216s wait)
2020-08-01 13:59:32.813105 | eval'd: drake::cmq_buildtargetmetadepsspecconfig_tmpconfig
2020-08-01 13:59:35.105256 | > DO_CALL (0.250s wait)
2020-08-01 13:59:37.925754 | eval'd: drake::cmq_buildtargetmetadepsspecconfig_tmpconfig
2020-08-01 13:59:38.640606 | > DO_CALL (0.200s wait)
2020-08-01 13:59:44.240103 | eval'd: drake::cmq_buildtargetmetadepsspecconfig_tmpconfig
2020-08-01 13:59:45.063503 | > DO_CALL (0.247s wait)
2020-08-01 13:59:49.510498 | eval'd: drake::cmq_buildtargetmetadepsspecconfig_tmpconfig
2020-08-01 13:59:50.356190 | > DO_CALL (0.230s wait)
2020-08-01 13:59:52.780177 | eval'd: drake::cmq_buildtargetmetadepsspecconfig_tmpconfig
2020-08-01 13:59:53.502400 | > DO_CALL (0.229s wait)
2020-08-01 13:59:59.991315 | eval'd: drake::cmq_buildtargetmetadepsspecconfig_tmpconfig
2020-08-01 14:00:00.930484 | > DO_CALL (0.218s wait)
2020-08-01 14:00:11.624878 | eval'd: drake::cmq_buildtargetmetadepsspecconfig_tmpconfig
2020-08-01 14:00:12.471244 | > DO_CALL (0.264s wait)
2020-08-01 14:00:28.056966 | eval'd: drake::cmq_buildtargetmetadepsspecconfig_tmpconfig
2020-08-01 14:00:29.030741 | > DO_CALL (0.215s wait)
2020-08-01 14:00:30.725927 | eval'd: drake::cmq_buildtargetmetadepsspecconfig_tmpconfig
2020-08-01 14:00:31.470306 | > DO_CALL (0.229s wait)
2020-08-01 14:00:35.442338 | eval'd: drake::cmq_buildtargetmetadepsspecconfig_tmpconfig
2020-08-01 14:00:36.432245 | > DO_CALL (0.203s wait)
2020-08-01 14:00:39.645102 | eval'd: drake::cmq_buildtargetmetadepsspecconfig_tmpconfig
2020-08-01 14:00:40.624717 | > DO_CALL (0.228s wait)
2020-08-01 14:00:44.353661 | eval'd: drake::cmq_buildtargetmetadepsspecconfig_tmpconfig
2020-08-01 14:00:45.428346 | > DO_CALL (0.243s wait)
2020-08-01 14:00:48.749701 | eval'd: drake::cmq_buildtargetmetadepsspecconfig_tmpconfig
2020-08-01 14:00:49.795884 | > DO_CALL (0.228s wait)
2020-08-01 14:00:56.861847 | eval'd: drake::cmq_buildtargetmetadepsspecconfig_tmpconfig
2020-08-01 14:00:57.644961 | > DO_CALL (0.214s wait)
2020-08-01 14:01:01.269051 | eval'd: drake::cmq_buildtargetmetadepsspecconfig_tmpconfig
2020-08-01 14:01:02.423553 | > DO_CALL (0.214s wait)
2020-08-01 14:01:05.626168 | eval'd: drake::cmq_buildtargetmetadepsspecconfig_tmpconfig
2020-08-01 14:01:06.428933 | > DO_CALL (0.234s wait)
2020-08-01 14:01:10.544473 | eval'd: drake::cmq_buildtargetmetadepsspecconfig_tmpconfig
2020-08-01 14:01:12.107807 | > DO_CALL (0.234s wait)
2020-08-01 14:01:23.085788 | eval'd: drake::cmq_buildtargetmetadepsspecconfig_tmpconfig
2020-08-01 14:01:24.803319 | > DO_CALL (0.212s wait)
2020-08-01 14:01:29.691085 | eval'd: drake::cmq_buildtargetmetadepsspecconfig_tmpconfig
2020-08-01 14:01:30.625583 | > DO_CALL (0.223s wait)
2020-08-01 14:01:31.812303 | eval'd: drake::cmq_buildtargetmetadepsspecconfig_tmpconfig
2020-08-01 14:01:33.045981 | > DO_CALL (0.230s wait)
2020-08-01 14:01:38.163509 | eval'd: drake::cmq_buildtargetmetadepsspecconfig_tmpconfig
2020-08-01 14:01:39.029128 | > DO_CALL (0.207s wait)
2020-08-01 14:01:48.841814 | eval'd: drake::cmq_buildtargetmetadepsspecconfig_tmpconfig
2020-08-01 14:01:49.882185 | > DO_CALL (0.201s wait)
2020-08-01 14:01:54.631976 | eval'd: drake::cmq_buildtargetmetadepsspecconfig_tmpconfig
2020-08-01 14:01:55.381943 | > DO_CALL (0.207s wait)
2020-08-01 14:02:03.685304 | eval'd: drake::cmq_buildtargetmetadepsspecconfig_tmpconfig
2020-08-01 14:02:04.472125 | > DO_CALL (0.260s wait)
2020-08-01 14:02:07.862971 | eval'd: drake::cmq_buildtargetmetadepsspecconfig_tmpconfig
2020-08-01 14:02:08.606083 | > DO_CALL (0.245s wait)
2020-08-01 14:02:09.687225 | eval'd: drake::cmq_buildtargetmetadepsspecconfig_tmpconfig
2020-08-01 14:02:10.396816 | > DO_CALL (0.219s wait)
2020-08-01 14:02:12.351985 | eval'd: drake::cmq_buildtargetmetadepsspecconfig_tmpconfig
2020-08-01 14:02:14.639912 | > DO_CALL (0.248s wait)
2020-08-01 14:02:21.004539 | eval'd: drake::cmq_buildtargetmetadepsspecconfig_tmpconfig
2020-08-01 14:02:21.126361 | > DO_CALL (0.001s wait)
2020-08-01 14:02:22.078184 | eval'd: drake::cmq_buildtargetmetadepsspecconfig_tmpconfig
2020-08-01 14:02:22.410099 | > DO_CALL (0.031s wait)
2020-08-01 14:02:24.292432 | eval'd: drake::cmq_buildtargetmetadepsspecconfig_tmpconfig
2020-08-01 14:02:24.471491 | > DO_CALL (0.016s wait)
2020-08-01 14:02:25.962212 | eval'd: drake::cmq_buildtargetmetadepsspecconfig_tmpconfig
2020-08-01 14:02:26.242924 | > DO_CALL (0.000s wait)
2020-08-01 14:02:27.198981 | eval'd: drake::cmq_buildtargetmetadepsspecconfig_tmpconfig
2020-08-01 14:02:27.565873 | > DO_CALL (0.042s wait)
2020-08-01 14:02:29.165316 | eval'd: drake::cmq_buildtargetmetadepsspecconfig_tmpconfig
2020-08-01 14:02:29.739443 | > DO_CALL (0.023s wait)
2020-08-01 14:02:31.130961 | eval'd: drake::cmq_buildtargetmetadepsspecconfig_tmpconfig
2020-08-01 14:02:31.549370 | > DO_CALL (0.013s wait)
2020-08-01 14:02:32.774025 | eval'd: drake::cmq_buildtargetmetadepsspecconfig_tmpconfig
2020-08-01 14:02:32.881127 | > DO_CALL (0.003s wait)
2020-08-01 14:02:33.859219 | eval'd: drake::cmq_buildtargetmetadepsspecconfig_tmpconfig
2020-08-01 14:02:34.017617 | > DO_CALL (0.000s wait)
2020-08-01 14:02:34.939893 | eval'd: drake::cmq_buildtargetmetadepsspecconfig_tmpconfig
2020-08-01 14:02:35.155654 | > DO_CALL (0.005s wait)
2020-08-01 14:02:36.414361 | eval'd: drake::cmq_buildtargetmetadepsspecconfig_tmpconfig
2020-08-01 14:02:36.634305 | > DO_CALL (0.021s wait)
2020-08-01 14:02:38.080535 | eval'd: drake::cmq_buildtargetmetadepsspecconfig_tmpconfig
2020-08-01 14:02:38.465467 | > DO_CALL (0.000s wait)
2020-08-01 14:02:39.373101 | eval'd: drake::cmq_buildtargetmetadepsspecconfig_tmpconfig
2020-08-01 14:02:39.491603 | > DO_CALL (0.006s wait)
2020-08-01 14:02:40.866557 | eval'd: drake::cmq_buildtargetmetadepsspecconfig_tmpconfig
2020-08-01 14:02:41.749222 | > DO_CALL (0.007s wait)
2020-08-01 14:02:43.066234 | eval'd: drake::cmq_buildtargetmetadepsspecconfig_tmpconfig
2020-08-01 14:02:43.413229 | > DO_CALL (0.001s wait)
2020-08-01 14:02:44.308032 | eval'd: drake::cmq_buildtargetmetadepsspecconfig_tmpconfig
2020-08-01 14:02:44.544409 | > DO_CALL (0.013s wait)
2020-08-01 14:02:45.990318 | eval'd: drake::cmq_buildtargetmetadepsspecconfig_tmpconfig
2020-08-01 14:02:46.200231 | > DO_CALL (0.013s wait)
2020-08-01 14:02:47.644686 | eval'd: drake::cmq_buildtargetmetadepsspecconfig_tmpconfig
2020-08-01 14:02:47.929337 | > DO_CALL (0.001s wait)
2020-08-01 14:02:48.847743 | eval'd: drake::cmq_buildtargetmetadepsspecconfig_tmpconfig
2020-08-01 14:02:49.561327 | > DO_CALL (0.018s wait)
2020-08-01 14:02:50.994834 | eval'd: drake::cmq_buildtargetmetadepsspecconfig_tmpconfig
2020-08-01 14:02:51.639124 | > DO_CALL (0.005s wait)
2020-08-01 14:02:52.782605 | eval'd: drake::cmq_buildtargetmetadepsspecconfig_tmpconfig
2020-08-01 14:02:53.028251 | > DO_CALL (0.001s wait)
2020-08-01 14:02:53.944130 | eval'd: drake::cmq_buildtargetmetadepsspecconfig_tmpconfig
2020-08-01 14:02:54.214963 | > DO_CALL (0.000s wait)
2020-08-01 14:02:55.129557 | eval'd: drake::cmq_buildtargetmetadepsspecconfig_tmpconfig
2020-08-01 14:02:55.787013 | > DO_CALL (0.000s wait)
2020-08-01 14:02:56.698175 | eval'd: drake::cmq_buildtargetmetadepsspecconfig_tmpconfig
2020-08-01 14:02:57.076903 | > DO_CALL (0.000s wait)
2020-08-01 14:02:58.003779 | eval'd: drake::cmq_buildtargetmetadepsspecconfig_tmpconfig
2020-08-01 14:02:58.381394 | > DO_CALL (0.000s wait)
2020-08-01 14:02:59.303922 | eval'd: drake::cmq_buildtargetmetadepsspecconfig_tmpconfig
2020-08-01 14:02:59.725157 | > DO_CALL (0.001s wait)
2020-08-01 14:03:00.701498 | eval'd: drake::cmq_buildtargetmetadepsspecconfig_tmpconfig
2020-08-01 14:03:00.938935 | > DO_CALL (0.011s wait)
2020-08-01 14:03:02.454610 | eval'd: drake::cmq_buildtargetmetadepsspecconfig_tmpconfig
2020-08-01 14:03:02.995559 | > DO_CALL (0.001s wait)
2020-08-01 14:03:03.951353 | eval'd: drake::cmq_buildtargetmetadepsspecconfig_tmpconfig
2020-08-01 14:03:05.031550 | > DO_CALL (0.013s wait)
2020-08-01 14:03:06.530529 | eval'd: drake::cmq_buildtargetmetadepsspecconfig_tmpconfig
2020-08-01 14:03:06.911173 | > DO_CALL (0.001s wait)
2020-08-01 14:03:07.793444 | eval'd: drake::cmq_buildtargetmetadepsspecconfig_tmpconfig
2020-08-01 14:03:08.789827 | > DO_CALL (0.002s wait)
2020-08-01 14:03:09.750698 | eval'd: drake::cmq_buildtargetmetadepsspecconfig_tmpconfig
2020-08-01 14:03:10.597995 | > DO_CALL (0.000s wait)
2020-08-01 14:03:11.502928 | eval'd: drake::cmq_buildtargetmetadepsspecconfig_tmpconfig
2020-08-01 14:03:12.470001 | > DO_CALL (0.000s wait)
2020-08-01 14:03:13.365081 | eval'd: drake::cmq_buildtargetmetadepsspecconfig_tmpconfig
2020-08-01 14:03:14.237997 | > DO_CALL (0.000s wait)
2020-08-01 14:03:15.190705 | eval'd: drake::cmq_buildtargetmetadepsspecconfig_tmpconfig
2020-08-01 14:03:16.408162 | > DO_CALL (0.024s wait)
2020-08-01 14:03:17.911435 | eval'd: drake::cmq_buildtargetmetadepsspecconfig_tmpconfig
2020-08-01 14:03:18.429047 | > DO_CALL (0.000s wait)
2020-08-01 14:03:19.372096 | eval'd: drake::cmq_buildtargetmetadepsspecconfig_tmpconfig
2020-08-01 14:03:20.329964 | > DO_CALL (0.000s wait)
2020-08-01 14:03:21.221781 | eval'd: drake::cmq_buildtargetmetadepsspecconfig_tmpconfig
2020-08-01 14:03:21.918121 | > DO_CALL (0.006s wait)
2020-08-01 14:03:23.256255 | eval'd: drake::cmq_buildtargetmetadepsspecconfig_tmpconfig
2020-08-01 14:03:23.797678 | > DO_CALL (0.000s wait)
2020-08-01 14:03:24.720097 | eval'd: drake::cmq_buildtargetmetadepsspecconfig_tmpconfig
2020-08-01 14:03:25.384431 | > DO_CALL (0.011s wait)
2020-08-01 14:03:26.948825 | eval'd: drake::cmq_buildtargetmetadepsspecconfig_tmpconfig
2020-08-01 14:03:29.116022 | > DO_CALL (0.001s wait)
2020-08-01 14:03:30.143803 | eval'd: drake::cmq_buildtargetmetadepsspecconfig_tmpconfig
2020-08-01 14:03:31.250348 | > DO_CALL (0.006s wait)
2020-08-01 14:03:32.537721 | eval'd: drake::cmq_buildtargetmetadepsspecconfig_tmpconfig
2020-08-01 14:03:33.227460 | > DO_CALL (0.019s wait)
2020-08-01 14:03:34.763939 | eval'd: drake::cmq_buildtargetmetadepsspecconfig_tmpconfig
2020-08-01 14:03:35.368410 | > DO_CALL (0.015s wait)
2020-08-01 14:03:36.952092 | eval'd: drake::cmq_buildtargetmetadepsspecconfig_tmpconfig
2020-08-01 14:03:37.343726 | > DO_CALL (0.001s wait)
2020-08-01 14:03:38.323884 | eval'd: drake::cmq_buildtargetmetadepsspecconfig_tmpconfig
2020-08-01 14:03:38.862615 | > DO_CALL (0.011s wait)
2020-08-01 14:03:40.421590 | eval'd: drake::cmq_buildtargetmetadepsspecconfig_tmpconfig
2020-08-01 14:03:40.947628 | > DO_CALL (0.019s wait)
2020-08-01 14:03:42.737677 | eval'd: drake::cmq_buildtargetmetadepsspecconfig_tmpconfig
2020-08-01 14:03:42.889128 | > DO_CALL (0.001s wait)
2020-08-01 14:03:43.856588 | eval'd: drake::cmq_buildtargetmetadepsspecconfig_tmpconfig
2020-08-01 14:03:44.307846 | > DO_CALL (0.001s wait)
2020-08-01 14:03:45.458522 | eval'd: drake::cmq_buildtargetmetadepsspecconfig_tmpconfig
2020-08-01 14:03:46.115382 | > DO_CALL (0.041s wait)
2020-08-01 14:03:47.671768 | eval'd: drake::cmq_buildtargetmetadepsspecconfig_tmpconfig
2020-08-01 14:03:48.012227 | > DO_CALL (0.001s wait)
2020-08-01 14:03:48.966458 | eval'd: drake::cmq_buildtargetmetadepsspecconfig_tmpconfig
2020-08-01 14:03:49.572150 | > DO_CALL (0.001s wait)
2020-08-01 14:03:50.482095 | eval'd: drake::cmq_buildtargetmetadepsspecconfig_tmpconfig
2020-08-01 14:03:50.914938 | > DO_CALL (0.006s wait)
2020-08-01 14:03:52.393325 | eval'd: drake::cmq_buildtargetmetadepsspecconfig_tmpconfig
2020-08-01 14:03:52.957481 | > DO_CALL (0.044s wait)
2020-08-01 14:03:54.512426 | eval'd: drake::cmq_buildtargetmetadepsspecconfig_tmpconfig
2020-08-01 14:03:54.754763 | > DO_CALL (0.000s wait)
2020-08-01 14:03:55.766202 | eval'd: drake::cmq_buildtargetmetadepsspecconfig_tmpconfig
2020-08-01 14:03:55.968680 | > DO_CALL (0.000s wait)
2020-08-01 14:03:56.951458 | eval'd: drake::cmq_buildtargetmetadepsspecconfig_tmpconfig
2020-08-01 14:03:57.516361 | > DO_CALL (0.012s wait)
2020-08-01 14:03:59.076474 | eval'd: drake::cmq_buildtargetmetadepsspecconfig_tmpconfig
2020-08-01 14:03:59.343194 | > DO_CALL (0.008s wait)
2020-08-01 14:04:00.689329 | eval'd: drake::cmq_buildtargetmetadepsspecconfig_tmpconfig
2020-08-01 14:04:00.981440 | > DO_CALL (0.015s wait)
2020-08-01 14:04:02.460608 | eval'd: drake::cmq_buildtargetmetadepsspecconfig_tmpconfig
2020-08-01 14:04:02.731548 | > DO_CALL (0.032s wait)
2020-08-01 14:04:04.264899 | eval'd: drake::cmq_buildtargetmetadepsspecconfig_tmpconfig
2020-08-01 14:04:04.658136 | > DO_CALL (0.016s wait)
2020-08-01 14:04:06.098327 | eval'd: drake::cmq_buildtargetmetadepsspecconfig_tmpconfig
2020-08-01 14:04:06.453372 | > DO_CALL (0.011s wait)
2020-08-01 14:04:07.877541 | eval'd: drake::cmq_buildtargetmetadepsspecconfig_tmpconfig
2020-08-01 14:04:08.069126 | > DO_CALL (0.001s wait)
2020-08-01 14:04:08.985247 | eval'd: drake::cmq_buildtargetmetadepsspecconfig_tmpconfig
2020-08-01 14:04:09.447839 | > DO_CALL (0.000s wait)
2020-08-01 14:04:10.354285 | eval'd: drake::cmq_buildtargetmetadepsspecconfig_tmpconfig
2020-08-01 14:04:11.145137 | > DO_CALL (0.002s wait)
2020-08-01 14:04:12.102505 | eval'd: drake::cmq_buildtargetmetadepsspecconfig_tmpconfig
2020-08-01 14:04:12.362594 | > DO_CALL (0.019s wait)
2020-08-01 14:04:13.840541 | eval'd: drake::cmq_buildtargetmetadepsspecconfig_tmpconfig
2020-08-01 14:04:14.010628 | > DO_CALL (0.001s wait)
2020-08-01 14:04:14.979961 | eval'd: drake::cmq_buildtargetmetadepsspecconfig_tmpconfig
2020-08-01 14:04:15.643320 | > DO_CALL (0.008s wait)
2020-08-01 14:04:17.143868 | eval'd: drake::cmq_buildtargetmetadepsspecconfig_tmpconfig
2020-08-01 14:04:17.520486 | > DO_CALL (0.001s wait)
2020-08-01 14:04:18.432713 | eval'd: drake::cmq_buildtargetmetadepsspecconfig_tmpconfig
2020-08-01 14:04:19.302473 | > DO_CALL (0.016s wait)
2020-08-01 14:04:20.809415 | eval'd: drake::cmq_buildtargetmetadepsspecconfig_tmpconfig
2020-08-01 14:04:21.133925 | > DO_CALL (0.031s wait)
2020-08-01 14:04:22.689284 | eval'd: drake::cmq_buildtargetmetadepsspecconfig_tmpconfig
2020-08-01 14:04:23.037699 | > DO_CALL (0.000s wait)
2020-08-01 14:04:23.950137 | eval'd: drake::cmq_buildtargetmetadepsspecconfig_tmpconfig
2020-08-01 14:04:24.982202 | > DO_CALL (0.019s wait)
2020-08-01 14:04:26.365307 | eval'd: drake::cmq_buildtargetmetadepsspecconfig_tmpconfig
2020-08-01 14:04:26.975821 | > DO_CALL (0.014s wait)
2020-08-01 14:04:28.498986 | eval'd: drake::cmq_buildtargetmetadepsspecconfig_tmpconfig
2020-08-01 14:04:30.373508 | > DO_CALL (0.010s wait)
2020-08-01 14:04:32.062925 | eval'd: drake::cmq_buildtargetmetadepsspecconfig_tmpconfig
2020-08-01 14:04:32.243454 | > DO_CALL (0.011s wait)
2020-08-01 14:04:33.835321 | eval'd: drake::cmq_buildtargetmetadepsspecconfig_tmpconfig
2020-08-01 14:04:34.298853 | > DO_CALL (0.000s wait)
2020-08-01 14:04:35.331126 | eval'd: drake::cmq_buildtargetmetadepsspecconfig_tmpconfig
2020-08-01 14:04:35.682303 | > DO_CALL (0.033s wait)
2020-08-01 14:04:37.304386 | eval'd: drake::cmq_buildtargetmetadepsspecconfig_tmpconfig
2020-08-01 14:04:37.585105 | > DO_CALL (0.018s wait)
2020-08-01 14:04:39.185529 | eval'd: drake::cmq_buildtargetmetadepsspecconfig_tmpconfig
2020-08-01 14:04:39.582118 | > DO_CALL (0.014s wait)
2020-08-01 14:04:41.186406 | eval'd: drake::cmq_buildtargetmetadepsspecconfig_tmpconfig
2020-08-01 14:04:41.676899 | > DO_CALL (0.025s wait)
2020-08-01 14:04:43.307411 | eval'd: drake::cmq_buildtargetmetadepsspecconfig_tmpconfig
2020-08-01 14:04:43.839794 | > WORKER_WAIT (0.000s wait)
2020-08-01 14:04:43.840247 | waiting 1.00s
2020-08-01 14:04:44.979383 | > DO_CALL (0.001s wait)
Joining, by = c("dat", "site", "s0", "n0")
2020-08-01 14:04:45.627840 | eval'd: drake::cmq_buildtargetmetadepsspecconfig_tmpconfig
2020-08-01 14:04:46.149415 | > DO_CALL (0.000s wait)
Joining, by = c("dat", "site", "s0", "n0")
2020-08-01 14:04:47.106674 | eval'd: drake::cmq_buildtargetmetadepsspecconfig_tmpconfig
2020-08-01 14:04:47.267005 | > DO_CALL (0.002s wait)
Joining, by = c("dat", "site", "s0", "n0")
2020-08-01 14:04:47.905222 | eval'd: drake::cmq_buildtargetmetadepsspecconfig_tmpconfig
2020-08-01 14:04:48.285598 | > DO_CALL (0.000s wait)
Joining, by = c("dat", "site", "s0", "n0")
2020-08-01 14:04:48.924294 | eval'd: drake::cmq_buildtargetmetadepsspecconfig_tmpconfig
2020-08-01 14:04:49.375848 | > DO_CALL (0.000s wait)
Joining, by = c("dat", "site", "s0", "n0")
2020-08-01 14:04:50.037669 | eval'd: drake::cmq_buildtargetmetadepsspecconfig_tmpconfig
2020-08-01 14:04:50.421695 | > DO_CALL (0.002s wait)
Joining, by = c("dat", "site", "s0", "n0")
2020-08-01 14:04:51.080547 | eval'd: drake::cmq_buildtargetmetadepsspecconfig_tmpconfig
2020-08-01 14:04:51.406450 | > DO_CALL (0.002s wait)
Joining, by = c("dat", "site", "s0", "n0")
2020-08-01 14:04:52.071045 | eval'd: drake::cmq_buildtargetmetadepsspecconfig_tmpconfig
2020-08-01 14:04:52.477743 | > DO_CALL (0.000s wait)
Joining, by = c("dat", "site", "s0", "n0")
2020-08-01 14:04:53.128931 | eval'd: drake::cmq_buildtargetmetadepsspecconfig_tmpconfig
2020-08-01 14:04:53.771424 | > DO_CALL (0.001s wait)
Joining, by = c("dat", "site", "s0", "n0")
2020-08-01 14:04:54.454690 | eval'd: drake::cmq_buildtargetmetadepsspecconfig_tmpconfig
2020-08-01 14:04:54.851646 | > DO_CALL (0.002s wait)
Joining, by = c("dat", "site", "s0", "n0")
2020-08-01 14:04:55.549742 | eval'd: drake::cmq_buildtargetmetadepsspecconfig_tmpconfig
2020-08-01 14:04:56.061245 | > DO_CALL (0.002s wait)
Joining, by = c("dat", "site", "s0", "n0")
2020-08-01 14:04:56.836733 | eval'd: drake::cmq_buildtargetmetadepsspecconfig_tmpconfig
2020-08-01 14:04:57.353586 | > DO_CALL (0.002s wait)
Joining, by = c("dat", "site", "s0", "n0")
2020-08-01 14:04:58.064832 | eval'd: drake::cmq_buildtargetmetadepsspecconfig_tmpconfig
2020-08-01 14:04:58.411677 | > DO_CALL (0.002s wait)
Joining, by = c("dat", "site", "s0", "n0")
2020-08-01 14:04:59.025239 | eval'd: drake::cmq_buildtargetmetadepsspecconfig_tmpconfig
2020-08-01 14:04:59.494738 | > DO_CALL (0.002s wait)
Joining, by = c("dat", "site", "s0", "n0")
2020-08-01 14:05:00.116786 | eval'd: drake::cmq_buildtargetmetadepsspecconfig_tmpconfig
2020-08-01 14:05:00.543112 | > DO_CALL (0.003s wait)
Joining, by = c("dat", "site", "s0", "n0")
2020-08-01 14:05:01.203426 | eval'd: drake::cmq_buildtargetmetadepsspecconfig_tmpconfig
2020-08-01 14:05:01.643562 | > DO_CALL (0.001s wait)
Joining, by = c("dat", "site", "s0", "n0")
2020-08-01 14:05:02.265217 | eval'd: drake::cmq_buildtargetmetadepsspecconfig_tmpconfig
2020-08-01 14:05:02.744846 | > DO_CALL (0.000s wait)
Joining, by = c("dat", "site", "s0", "n0")
2020-08-01 14:05:03.357379 | eval'd: drake::cmq_buildtargetmetadepsspecconfig_tmpconfig
2020-08-01 14:05:03.775863 | > DO_CALL (0.002s wait)
Joining, by = c("dat", "site", "s0", "n0")
2020-08-01 14:05:04.381579 | eval'd: drake::cmq_buildtargetmetadepsspecconfig_tmpconfig
2020-08-01 14:05:04.919730 | > DO_CALL (0.001s wait)
Joining, by = c("dat", "site", "s0", "n0")
2020-08-01 14:05:05.529652 | eval'd: drake::cmq_buildtargetmetadepsspecconfig_tmpconfig
2020-08-01 14:05:05.996212 | > DO_CALL (0.002s wait)
Joining, by = c("dat", "site", "s0", "n0")
2020-08-01 14:05:06.610125 | eval'd: drake::cmq_buildtargetmetadepsspecconfig_tmpconfig
2020-08-01 14:05:07.041238 | > DO_CALL (0.001s wait)
Joining, by = c("dat", "site", "s0", "n0")
2020-08-01 14:05:07.651533 | eval'd: drake::cmq_buildtargetmetadepsspecconfig_tmpconfig
2020-08-01 14:05:08.092349 | > DO_CALL (0.001s wait)
Joining, by = c("dat", "site", "s0", "n0")
2020-08-01 14:05:08.701820 | eval'd: drake::cmq_buildtargetmetadepsspecconfig_tmpconfig
2020-08-01 14:05:09.090636 | > DO_CALL (0.002s wait)
Joining, by = c("dat", "site", "s0", "n0")
2020-08-01 14:05:09.702100 | eval'd: drake::cmq_buildtargetmetadepsspecconfig_tmpconfig
2020-08-01 14:05:10.123615 | > DO_CALL (0.000s wait)
Joining, by = c("dat", "site", "s0", "n0")
2020-08-01 14:05:10.737658 | eval'd: drake::cmq_buildtargetmetadepsspecconfig_tmpconfig
2020-08-01 14:05:11.189638 | > DO_CALL (0.000s wait)
Joining, by = c("dat", "site", "s0", "n0")
2020-08-01 14:05:11.803685 | eval'd: drake::cmq_buildtargetmetadepsspecconfig_tmpconfig
2020-08-01 14:05:12.270513 | > DO_CALL (0.002s wait)
Joining, by = c("dat", "site", "s0", "n0")
2020-08-01 14:05:12.885596 | eval'd: drake::cmq_buildtargetmetadepsspecconfig_tmpconfig
2020-08-01 14:05:13.377562 | > DO_CALL (0.002s wait)
Joining, by = c("dat", "site", "s0", "n0")
2020-08-01 14:05:13.982071 | eval'd: drake::cmq_buildtargetmetadepsspecconfig_tmpconfig
2020-08-01 14:05:14.536433 | > DO_CALL (0.001s wait)
Joining, by = c("dat", "site", "s0", "n0")
2020-08-01 14:05:15.146466 | eval'd: drake::cmq_buildtargetmetadepsspecconfig_tmpconfig
2020-08-01 14:05:15.644731 | > DO_CALL (0.000s wait)
Joining, by = c("dat", "site", "s0", "n0")
2020-08-01 14:05:16.280087 | eval'd: drake::cmq_buildtargetmetadepsspecconfig_tmpconfig
2020-08-01 14:05:16.848151 | > DO_CALL (0.001s wait)
Joining, by = c("dat", "site", "s0", "n0")
2020-08-01 14:05:17.456411 | eval'd: drake::cmq_buildtargetmetadepsspecconfig_tmpconfig
2020-08-01 14:05:18.135663 | > DO_CALL (0.002s wait)
Joining, by = c("dat", "site", "s0", "n0")
2020-08-01 14:05:18.744016 | eval'd: drake::cmq_buildtargetmetadepsspecconfig_tmpconfig
2020-08-01 14:05:19.432903 | > DO_CALL (0.002s wait)
Joining, by = c("dat", "site", "s0", "n0")
2020-08-01 14:05:20.035166 | eval'd: drake::cmq_buildtargetmetadepsspecconfig_tmpconfig
2020-08-01 14:05:21.212266 | > DO_CALL (0.001s wait)
Joining, by = c("dat", "site", "s0", "n0")
2020-08-01 14:05:21.842491 | eval'd: drake::cmq_buildtargetmetadepsspecconfig_tmpconfig
2020-08-01 14:05:22.548142 | > DO_CALL (0.003s wait)
Joining, by = c("dat", "site", "s0", "n0")
2020-08-01 14:05:23.166587 | eval'd: drake::cmq_buildtargetmetadepsspecconfig_tmpconfig
2020-08-01 14:05:23.878576 | > DO_CALL (0.002s wait)
Joining, by = c("dat", "site", "s0", "n0")
2020-08-01 14:05:24.482960 | eval'd: drake::cmq_buildtargetmetadepsspecconfig_tmpconfig
2020-08-01 14:05:25.160463 | > DO_CALL (0.002s wait)
Joining, by = c("dat", "site", "s0", "n0")
2020-08-01 14:05:25.785581 | eval'd: drake::cmq_buildtargetmetadepsspecconfig_tmpconfig
2020-08-01 14:05:26.452588 | > WORKER_WAIT (0.000s wait)
2020-08-01 14:05:26.453068 | waiting 1.00s
2020-08-01 14:05:27.775048 | > DO_CALL (0.000s wait)
Joining, by = c("dat", "site", "s0", "n0")
2020-08-01 14:05:28.418143 | eval'd: drake::cmq_buildtargetmetadepsspecconfig_tmpconfig
2020-08-01 14:05:29.146385 | > DO_CALL (0.001s wait)
Joining, by = c("dat", "site", "s0", "n0")
2020-08-01 14:05:29.753857 | eval'd: drake::cmq_buildtargetmetadepsspecconfig_tmpconfig
2020-08-01 14:05:30.500066 | > DO_CALL (0.001s wait)
Joining, by = c("dat", "site", "s0", "n0")
2020-08-01 14:05:31.109118 | eval'd: drake::cmq_buildtargetmetadepsspecconfig_tmpconfig
2020-08-01 14:05:31.883993 | > DO_CALL (0.002s wait)
Joining, by = c("dat", "site", "s0", "n0")
2020-08-01 14:05:32.490086 | eval'd: drake::cmq_buildtargetmetadepsspecconfig_tmpconfig
2020-08-01 14:05:33.283620 | > DO_CALL (0.000s wait)
Joining, by = c("dat", "site", "s0", "n0")
2020-08-01 14:05:33.883626 | eval'd: drake::cmq_buildtargetmetadepsspecconfig_tmpconfig
2020-08-01 14:05:34.593773 | > DO_CALL (0.001s wait)
Joining, by = c("dat", "site", "s0", "n0")
2020-08-01 14:05:35.222736 | eval'd: drake::cmq_buildtargetmetadepsspecconfig_tmpconfig
2020-08-01 14:05:35.911060 | > DO_CALL (0.002s wait)
Joining, by = c("dat", "site", "s0", "n0")
2020-08-01 14:05:36.512647 | eval'd: drake::cmq_buildtargetmetadepsspecconfig_tmpconfig
2020-08-01 14:05:37.324597 | > DO_CALL (0.002s wait)
Joining, by = c("dat", "site", "s0", "n0")
2020-08-01 14:05:37.945609 | eval'd: drake::cmq_buildtargetmetadepsspecconfig_tmpconfig
2020-08-01 14:05:38.741977 | > DO_CALL (0.000s wait)
Joining, by = c("dat", "site", "s0", "n0")
2020-08-01 14:05:39.372856 | eval'd: drake::cmq_buildtargetmetadepsspecconfig_tmpconfig
2020-08-01 14:05:40.020082 | > DO_CALL (0.002s wait)
Joining, by = c("dat", "site", "s0", "n0")
2020-08-01 14:05:40.670740 | eval'd: drake::cmq_buildtargetmetadepsspecconfig_tmpconfig
2020-08-01 14:05:41.287547 | > DO_CALL (0.000s wait)
Joining, by = c("dat", "site", "s0", "n0")
2020-08-01 14:05:41.928240 | eval'd: drake::cmq_buildtargetmetadepsspecconfig_tmpconfig
2020-08-01 14:05:42.651999 | > DO_CALL (0.002s wait)
Joining, by = c("dat", "site", "s0", "n0")
2020-08-01 14:05:43.260218 | eval'd: drake::cmq_buildtargetmetadepsspecconfig_tmpconfig
2020-08-01 14:05:44.098284 | > DO_CALL (0.001s wait)
Joining, by = c("dat", "site", "s0", "n0")
2020-08-01 14:05:44.705703 | eval'd: drake::cmq_buildtargetmetadepsspecconfig_tmpconfig
2020-08-01 14:05:45.469644 | > DO_CALL (0.002s wait)
Joining, by = c("dat", "site", "s0", "n0")
2020-08-01 14:05:46.070399 | eval'd: drake::cmq_buildtargetmetadepsspecconfig_tmpconfig
2020-08-01 14:05:46.817105 | > DO_CALL (0.003s wait)
Joining, by = c("dat", "site", "s0", "n0")
2020-08-01 14:05:47.460945 | eval'd: drake::cmq_buildtargetmetadepsspecconfig_tmpconfig
2020-08-01 14:05:48.170055 | > DO_CALL (0.000s wait)
Joining, by = c("dat", "site", "s0", "n0")
2020-08-01 14:05:48.841810 | eval'd: drake::cmq_buildtargetmetadepsspecconfig_tmpconfig
2020-08-01 14:05:49.501351 | > DO_CALL (0.003s wait)
Joining, by = c("dat", "site", "s0", "n0")
2020-08-01 14:05:50.170587 | eval'd: drake::cmq_buildtargetmetadepsspecconfig_tmpconfig
2020-08-01 14:05:50.827821 | > DO_CALL (0.000s wait)
Joining, by = c("dat", "site", "s0", "n0")
2020-08-01 14:05:51.450673 | eval'd: drake::cmq_buildtargetmetadepsspecconfig_tmpconfig
2020-08-01 14:05:52.202463 | > DO_CALL (0.000s wait)
Joining, by = c("dat", "site", "s0", "n0")
2020-08-01 14:05:52.809679 | eval'd: drake::cmq_buildtargetmetadepsspecconfig_tmpconfig
2020-08-01 14:05:53.522179 | > DO_CALL (0.001s wait)
Joining, by = c("dat", "site", "s0", "n0")
2020-08-01 14:05:54.177636 | eval'd: drake::cmq_buildtargetmetadepsspecconfig_tmpconfig
2020-08-01 14:05:54.824905 | > DO_CALL (0.000s wait)
Joining, by = c("dat", "site", "s0", "n0")
2020-08-01 14:05:55.488275 | eval'd: drake::cmq_buildtargetmetadepsspecconfig_tmpconfig
2020-08-01 14:05:56.071480 | > DO_CALL (0.000s wait)
Joining, by = c("dat", "site", "s0", "n0")
2020-08-01 14:05:56.696671 | eval'd: drake::cmq_buildtargetmetadepsspecconfig_tmpconfig
2020-08-01 14:05:57.390122 | > DO_CALL (0.001s wait)
Joining, by = c("dat", "site", "s0", "n0")
2020-08-01 14:05:58.011512 | eval'd: drake::cmq_buildtargetmetadepsspecconfig_tmpconfig
2020-08-01 14:05:58.769928 | > DO_CALL (0.000s wait)
Joining, by = c("dat", "site", "s0", "n0")
2020-08-01 14:05:59.372692 | eval'd: drake::cmq_buildtargetmetadepsspecconfig_tmpconfig
2020-08-01 14:06:00.152322 | > DO_CALL (0.001s wait)
Joining, by = c("dat", "site", "s0", "n0")
2020-08-01 14:06:00.812755 | eval'd: drake::cmq_buildtargetmetadepsspecconfig_tmpconfig
2020-08-01 14:06:01.500237 | > DO_CALL (0.002s wait)
Joining, by = c("dat", "site", "s0", "n0")
2020-08-01 14:06:02.172057 | eval'd: drake::cmq_buildtargetmetadepsspecconfig_tmpconfig
2020-08-01 14:06:02.891903 | > DO_CALL (0.002s wait)
Joining, by = c("dat", "site", "s0", "n0")
2020-08-01 14:06:03.525540 | eval'd: drake::cmq_buildtargetmetadepsspecconfig_tmpconfig
2020-08-01 14:06:04.219525 | > DO_CALL (0.002s wait)
Joining, by = c("dat", "site", "s0", "n0")
2020-08-01 14:06:04.896736 | eval'd: drake::cmq_buildtargetmetadepsspecconfig_tmpconfig
2020-08-01 14:06:05.556705 | > DO_CALL (0.000s wait)
Joining, by = c("dat", "site", "s0", "n0")
2020-08-01 14:06:06.217099 | eval'd: drake::cmq_buildtargetmetadepsspecconfig_tmpconfig
2020-08-01 14:06:06.937629 | > DO_CALL (0.002s wait)
Joining, by = c("dat", "site", "s0", "n0")
2020-08-01 14:06:07.696097 | eval'd: drake::cmq_buildtargetmetadepsspecconfig_tmpconfig
2020-08-01 14:06:08.286067 | > DO_CALL (0.000s wait)
Joining, by = c("dat", "site", "s0", "n0")
2020-08-01 14:06:08.917098 | eval'd: drake::cmq_buildtargetmetadepsspecconfig_tmpconfig
2020-08-01 14:06:09.619659 | > DO_CALL (0.002s wait)
Joining, by = c("dat", "site", "s0", "n0")
2020-08-01 14:06:10.245699 | eval'd: drake::cmq_buildtargetmetadepsspecconfig_tmpconfig
2020-08-01 14:06:10.944695 | > DO_CALL (0.000s wait)
Joining, by = c("dat", "site", "s0", "n0")
2020-08-01 14:06:11.541873 | eval'd: drake::cmq_buildtargetmetadepsspecconfig_tmpconfig
2020-08-01 14:06:12.289561 | > DO_CALL (0.002s wait)
Joining, by = c("dat", "site", "s0", "n0")
2020-08-01 14:06:12.969119 | eval'd: drake::cmq_buildtargetmetadepsspecconfig_tmpconfig
2020-08-01 14:06:13.652295 | > DO_CALL (0.001s wait)
Joining, by = c("dat", "site", "s0", "n0")
2020-08-01 14:06:14.331178 | eval'd: drake::cmq_buildtargetmetadepsspecconfig_tmpconfig
2020-08-01 14:06:14.902260 | > DO_CALL (0.003s wait)
Joining, by = c("dat", "site", "s0", "n0")
2020-08-01 14:06:15.542572 | eval'd: drake::cmq_buildtargetmetadepsspecconfig_tmpconfig
2020-08-01 14:06:16.230325 | > DO_CALL (0.003s wait)
Joining, by = c("dat", "site", "s0", "n0")
2020-08-01 14:06:16.940340 | eval'd: drake::cmq_buildtargetmetadepsspecconfig_tmpconfig
2020-08-01 14:06:17.597255 | > DO_CALL (0.001s wait)
Joining, by = c("dat", "site", "s0", "n0")
2020-08-01 14:06:18.257653 | eval'd: drake::cmq_buildtargetmetadepsspecconfig_tmpconfig
2020-08-01 14:06:18.931732 | > DO_CALL (0.002s wait)
Joining, by = c("dat", "site", "s0", "n0")
2020-08-01 14:06:19.580102 | eval'd: drake::cmq_buildtargetmetadepsspecconfig_tmpconfig
2020-08-01 14:06:20.219529 | > WORKER_WAIT (0.000s wait)
2020-08-01 14:06:20.219979 | waiting 1.00s
2020-08-01 14:06:23.713463 | > WORKER_WAIT (0.000s wait)
2020-08-01 14:06:23.713889 | waiting 1.00s
2020-08-01 14:06:27.776970 | > WORKER_WAIT (0.000s wait)
2020-08-01 14:06:27.777388 | waiting 1.00s
2020-08-01 14:08:21.493607 | > WORKER_STOP (0.000s wait)
2020-08-01 14:08:21.494088 | shutting down worker
2020-08-01 14:08:21.835118 | 
Total: 261 in 718.24s [user], 9.34s [system], 1032.43s [elapsed]
There were 12 warnings (use warnings() to see them)
