2020-01-21 10:48:11.791126 | Master: tcp://c24a-s1:7958
2020-01-21 10:48:11.811014 | WORKER_UP to: tcp://c24a-s1:7958
2020-01-21 10:48:16.222325 | > DO_SETUP (2.743s wait)
2020-01-21 10:48:16.223013 | token from msg: set_common_data_token
2020-01-21 10:48:16.658818 | > DO_CALL (0.001s wait)
.* Option 'clustermq.scheduler' not set, defaulting to ‘SLURM’
--- see: https://mschubert.github.io/clustermq/articles/userguide.html#configuration
2020-01-21 10:48:16.873114 | eval'd: drake::cmq_buildtargetmetadepsspecht_is_subtargetconfig
2020-01-21 10:48:20.644335 | > DO_CALL (0.000s wait)
.2020-01-21 10:48:20.926526 | eval'd: drake::cmq_buildtargetmetadepsspecht_is_subtargetconfig
2020-01-21 10:48:27.583051 | > DO_CALL (0.001s wait)
.2020-01-21 10:48:27.591564 | eval'd: drake::cmq_buildtargetmetadepsspecht_is_subtargetconfig
2020-01-21 10:48:34.782081 | > DO_CALL (0.001s wait)
.2020-01-21 10:48:34.788742 | eval'd: drake::cmq_buildtargetmetadepsspecht_is_subtargetconfig
2020-01-21 10:48:41.132395 | > DO_CALL (0.001s wait)
.2020-01-21 10:48:41.137671 | eval'd: drake::cmq_buildtargetmetadepsspecht_is_subtargetconfig
2020-01-21 10:48:47.858379 | > DO_CALL (0.000s wait)
.2020-01-21 10:48:47.862521 | eval'd: drake::cmq_buildtargetmetadepsspecht_is_subtargetconfig
2020-01-21 10:48:54.161102 | > DO_CALL (0.001s wait)
.2020-01-21 10:48:54.166772 | eval'd: drake::cmq_buildtargetmetadepsspecht_is_subtargetconfig
2020-01-21 10:49:01.597728 | > DO_CALL (0.001s wait)
.2020-01-21 10:49:01.602846 | eval'd: drake::cmq_buildtargetmetadepsspecht_is_subtargetconfig
2020-01-21 10:49:08.867287 | > DO_CALL (0.001s wait)
.2020-01-21 10:49:08.872607 | eval'd: drake::cmq_buildtargetmetadepsspecht_is_subtargetconfig
2020-01-21 10:49:17.138665 | > DO_CALL (0.000s wait)
.2020-01-21 10:49:17.147893 | eval'd: drake::cmq_buildtargetmetadepsspecht_is_subtargetconfig
2020-01-21 10:49:23.695394 | > DO_CALL (0.001s wait)
.2020-01-21 10:49:23.702307 | eval'd: drake::cmq_buildtargetmetadepsspecht_is_subtargetconfig
2020-01-21 10:49:29.542599 | > DO_CALL (0.000s wait)
.2020-01-21 10:49:29.547051 | eval'd: drake::cmq_buildtargetmetadepsspecht_is_subtargetconfig
2020-01-21 10:49:35.831304 | > DO_CALL (0.000s wait)
.2020-01-21 10:49:35.836109 | eval'd: drake::cmq_buildtargetmetadepsspecht_is_subtargetconfig
2020-01-21 10:49:42.174368 | > DO_CALL (0.000s wait)
.2020-01-21 10:49:42.178568 | eval'd: drake::cmq_buildtargetmetadepsspecht_is_subtargetconfig
2020-01-21 10:49:48.638105 | > DO_CALL (0.001s wait)
.2020-01-21 10:49:48.643213 | eval'd: drake::cmq_buildtargetmetadepsspecht_is_subtargetconfig
2020-01-21 10:49:55.032751 | > DO_CALL (0.001s wait)
.2020-01-21 10:49:55.038120 | eval'd: drake::cmq_buildtargetmetadepsspecht_is_subtargetconfig
2020-01-21 10:50:01.335280 | > DO_CALL (0.001s wait)
.2020-01-21 10:50:01.342168 | eval'd: drake::cmq_buildtargetmetadepsspecht_is_subtargetconfig
2020-01-21 10:50:06.273501 | > DO_CALL (0.000s wait)
.2020-01-21 10:50:06.278999 | eval'd: drake::cmq_buildtargetmetadepsspecht_is_subtargetconfig
2020-01-21 10:50:11.955296 | > DO_CALL (0.001s wait)
.2020-01-21 10:50:11.961627 | eval'd: drake::cmq_buildtargetmetadepsspecht_is_subtargetconfig
2020-01-21 10:50:19.222588 | > DO_CALL (0.000s wait)
.2020-01-21 10:50:19.228795 | eval'd: drake::cmq_buildtargetmetadepsspecht_is_subtargetconfig
2020-01-21 10:50:24.330376 | > DO_CALL (0.000s wait)
.2020-01-21 10:50:24.335285 | eval'd: drake::cmq_buildtargetmetadepsspecht_is_subtargetconfig
2020-01-21 10:50:29.398027 | > DO_CALL (0.001s wait)
.2020-01-21 10:50:29.403403 | eval'd: drake::cmq_buildtargetmetadepsspecht_is_subtargetconfig
2020-01-21 10:50:35.767446 | > DO_CALL (0.000s wait)
.2020-01-21 10:50:35.772843 | eval'd: drake::cmq_buildtargetmetadepsspecht_is_subtargetconfig
2020-01-21 10:50:42.023210 | > DO_CALL (0.001s wait)
.2020-01-21 10:50:42.028819 | eval'd: drake::cmq_buildtargetmetadepsspecht_is_subtargetconfig
2020-01-21 10:50:47.445035 | > DO_CALL (0.001s wait)
.2020-01-21 10:50:47.450476 | eval'd: drake::cmq_buildtargetmetadepsspecht_is_subtargetconfig
2020-01-21 10:50:52.981973 | > DO_CALL (0.001s wait)
.2020-01-21 10:50:52.987752 | eval'd: drake::cmq_buildtargetmetadepsspecht_is_subtargetconfig
2020-01-21 10:50:58.141978 | > DO_CALL (0.001s wait)
.2020-01-21 10:50:58.147160 | eval'd: drake::cmq_buildtargetmetadepsspecht_is_subtargetconfig
2020-01-21 10:51:03.270408 | > DO_CALL (0.000s wait)
.2020-01-21 10:51:03.275124 | eval'd: drake::cmq_buildtargetmetadepsspecht_is_subtargetconfig
2020-01-21 10:51:09.449979 | > DO_CALL (0.001s wait)
.2020-01-21 10:51:09.455603 | eval'd: drake::cmq_buildtargetmetadepsspecht_is_subtargetconfig
2020-01-21 10:51:15.589260 | > DO_CALL (0.000s wait)
.2020-01-21 10:51:15.594401 | eval'd: drake::cmq_buildtargetmetadepsspecht_is_subtargetconfig
2020-01-21 10:51:22.010313 | > DO_CALL (0.000s wait)
.2020-01-21 10:51:22.017554 | eval'd: drake::cmq_buildtargetmetadepsspecht_is_subtargetconfig
2020-01-21 10:51:27.319486 | > DO_CALL (0.000s wait)
.2020-01-21 10:51:27.324817 | eval'd: drake::cmq_buildtargetmetadepsspecht_is_subtargetconfig
2020-01-21 10:51:32.710209 | > DO_CALL (0.001s wait)
.2020-01-21 10:51:32.717378 | eval'd: drake::cmq_buildtargetmetadepsspecht_is_subtargetconfig
2020-01-21 10:51:36.986239 | > DO_CALL (0.000s wait)
.2020-01-21 10:51:36.991184 | eval'd: drake::cmq_buildtargetmetadepsspecht_is_subtargetconfig
2020-01-21 10:51:42.055385 | > DO_CALL (0.000s wait)
.2020-01-21 10:51:42.060747 | eval'd: drake::cmq_buildtargetmetadepsspecht_is_subtargetconfig
2020-01-21 10:51:46.711530 | > DO_CALL (0.000s wait)
.2020-01-21 10:51:46.716565 | eval'd: drake::cmq_buildtargetmetadepsspecht_is_subtargetconfig
2020-01-21 10:51:52.132694 | > DO_CALL (0.001s wait)
.2020-01-21 10:51:52.138757 | eval'd: drake::cmq_buildtargetmetadepsspecht_is_subtargetconfig
2020-01-21 10:51:57.584523 | > DO_CALL (0.000s wait)
.2020-01-21 10:51:57.589854 | eval'd: drake::cmq_buildtargetmetadepsspecht_is_subtargetconfig
2020-01-21 10:52:02.321307 | > DO_CALL (0.001s wait)
.2020-01-21 10:52:02.328530 | eval'd: drake::cmq_buildtargetmetadepsspecht_is_subtargetconfig
2020-01-21 10:52:07.762837 | > DO_CALL (0.001s wait)
.2020-01-21 10:52:07.768566 | eval'd: drake::cmq_buildtargetmetadepsspecht_is_subtargetconfig
2020-01-21 10:52:12.915263 | > DO_CALL (0.000s wait)
.2020-01-21 10:52:12.920609 | eval'd: drake::cmq_buildtargetmetadepsspecht_is_subtargetconfig
2020-01-21 10:52:17.610284 | > DO_CALL (0.000s wait)
.2020-01-21 10:52:17.615018 | eval'd: drake::cmq_buildtargetmetadepsspecht_is_subtargetconfig
2020-01-21 10:52:24.545387 | > DO_CALL (0.001s wait)
.2020-01-21 10:52:24.555167 | eval'd: drake::cmq_buildtargetmetadepsspecht_is_subtargetconfig
2020-01-21 10:52:29.644829 | > DO_CALL (0.001s wait)
.2020-01-21 10:52:29.650965 | eval'd: drake::cmq_buildtargetmetadepsspecht_is_subtargetconfig
2020-01-21 10:52:35.365279 | > DO_CALL (0.001s wait)
.2020-01-21 10:52:35.372474 | eval'd: drake::cmq_buildtargetmetadepsspecht_is_subtargetconfig
2020-01-21 10:52:40.136309 | > DO_CALL (0.001s wait)
.2020-01-21 10:52:40.143320 | eval'd: drake::cmq_buildtargetmetadepsspecht_is_subtargetconfig
2020-01-21 10:52:44.758740 | > DO_CALL (0.001s wait)
.2020-01-21 10:52:44.764452 | eval'd: drake::cmq_buildtargetmetadepsspecht_is_subtargetconfig
2020-01-21 10:52:49.340878 | > DO_CALL (0.001s wait)
.2020-01-21 10:52:49.346773 | eval'd: drake::cmq_buildtargetmetadepsspecht_is_subtargetconfig
2020-01-21 10:52:54.020172 | > DO_CALL (0.000s wait)
.2020-01-21 10:52:54.025283 | eval'd: drake::cmq_buildtargetmetadepsspecht_is_subtargetconfig
2020-01-21 10:52:58.495530 | > DO_CALL (0.000s wait)
.2020-01-21 10:52:58.501006 | eval'd: drake::cmq_buildtargetmetadepsspecht_is_subtargetconfig
2020-01-21 10:53:03.451014 | > DO_CALL (0.001s wait)
.2020-01-21 10:53:03.457750 | eval'd: drake::cmq_buildtargetmetadepsspecht_is_subtargetconfig
2020-01-21 10:53:07.854237 | > DO_CALL (0.000s wait)
.2020-01-21 10:53:07.858972 | eval'd: drake::cmq_buildtargetmetadepsspecht_is_subtargetconfig
2020-01-21 10:53:12.893822 | > DO_CALL (0.001s wait)
.2020-01-21 10:53:12.900225 | eval'd: drake::cmq_buildtargetmetadepsspecht_is_subtargetconfig
2020-01-21 10:53:17.263276 | > DO_CALL (0.000s wait)
.2020-01-21 10:53:17.268193 | eval'd: drake::cmq_buildtargetmetadepsspecht_is_subtargetconfig
2020-01-21 10:53:21.835578 | > DO_CALL (0.000s wait)
.2020-01-21 10:53:21.841813 | eval'd: drake::cmq_buildtargetmetadepsspecht_is_subtargetconfig
2020-01-21 10:53:28.623195 | > DO_CALL (0.000s wait)
.
2020-01-21 10:53:28.629875 | eval'd: drake::cmq_buildtargetmetadepsspecht_is_subtargetconfig
2020-01-21 10:53:33.294480 | > DO_CALL (0.000s wait)
.2020-01-21 10:53:33.302155 | eval'd: drake::cmq_buildtargetmetadepsspecht_is_subtargetconfig
2020-01-21 10:53:37.967144 | > DO_CALL (0.000s wait)
.2020-01-21 10:53:37.971822 | eval'd: drake::cmq_buildtargetmetadepsspecht_is_subtargetconfig
2020-01-21 10:53:42.613167 | > DO_CALL (0.000s wait)
.2020-01-21 10:53:42.618408 | eval'd: drake::cmq_buildtargetmetadepsspecht_is_subtargetconfig
2020-01-21 10:53:46.992383 | > DO_CALL (0.000s wait)
.2020-01-21 10:53:46.997452 | eval'd: drake::cmq_buildtargetmetadepsspecht_is_subtargetconfig
2020-01-21 10:53:51.769751 | > DO_CALL (0.001s wait)
.2020-01-21 10:53:51.775968 | eval'd: drake::cmq_buildtargetmetadepsspecht_is_subtargetconfig
2020-01-21 10:53:55.742629 | > DO_CALL (0.000s wait)
.2020-01-21 10:53:55.748395 | eval'd: drake::cmq_buildtargetmetadepsspecht_is_subtargetconfig
2020-01-21 10:53:59.845505 | > DO_CALL (0.000s wait)
.2020-01-21 10:53:59.851568 | eval'd: drake::cmq_buildtargetmetadepsspecht_is_subtargetconfig
2020-01-21 10:54:04.457216 | > DO_CALL (0.000s wait)
.2020-01-21 10:54:04.462984 | eval'd: drake::cmq_buildtargetmetadepsspecht_is_subtargetconfig
2020-01-21 10:54:08.765059 | > DO_CALL (0.000s wait)
.2020-01-21 10:54:08.769659 | eval'd: drake::cmq_buildtargetmetadepsspecht_is_subtargetconfig
2020-01-21 10:54:13.680244 | > DO_CALL (0.001s wait)
.2020-01-21 10:54:13.687498 | eval'd: drake::cmq_buildtargetmetadepsspecht_is_subtargetconfig
2020-01-21 10:54:17.851367 | > DO_CALL (0.001s wait)
.2020-01-21 10:54:17.858716 | eval'd: drake::cmq_buildtargetmetadepsspecht_is_subtargetconfig
2020-01-21 10:54:22.141028 | > DO_CALL (0.001s wait)
.2020-01-21 10:54:22.147995 | eval'd: drake::cmq_buildtargetmetadepsspecht_is_subtargetconfig
2020-01-21 10:54:27.861316 | > DO_CALL (0.001s wait)
.2020-01-21 10:54:27.868831 | eval'd: drake::cmq_buildtargetmetadepsspecht_is_subtargetconfig
2020-01-21 10:54:33.843158 | > DO_CALL (0.001s wait)
.2020-01-21 10:54:33.851914 | eval'd: drake::cmq_buildtargetmetadepsspecht_is_subtargetconfig
2020-01-21 10:54:38.037934 | > DO_CALL (0.001s wait)
.2020-01-21 10:54:38.044147 | eval'd: drake::cmq_buildtargetmetadepsspecht_is_subtargetconfig
2020-01-21 10:54:42.275731 | > DO_CALL (0.001s wait)
.2020-01-21 10:54:42.282197 | eval'd: drake::cmq_buildtargetmetadepsspecht_is_subtargetconfig
2020-01-21 10:54:46.409104 | > DO_CALL (0.000s wait)
.2020-01-21 10:54:46.413977 | eval'd: drake::cmq_buildtargetmetadepsspecht_is_subtargetconfig
2020-01-21 10:54:50.240710 | > DO_CALL (0.001s wait)
.2020-01-21 10:54:50.245706 | eval'd: drake::cmq_buildtargetmetadepsspecht_is_subtargetconfig
2020-01-21 10:54:54.202579 | > DO_CALL (0.000s wait)
.2020-01-21 10:54:54.208276 | eval'd: drake::cmq_buildtargetmetadepsspecht_is_subtargetconfig
2020-01-21 10:54:58.324055 | > DO_CALL (0.000s wait)
.2020-01-21 10:54:58.328717 | eval'd: drake::cmq_buildtargetmetadepsspecht_is_subtargetconfig
2020-01-21 10:55:02.529133 | > DO_CALL (0.001s wait)
.2020-01-21 10:55:02.557214 | eval'd: drake::cmq_buildtargetmetadepsspecht_is_subtargetconfig
2020-01-21 10:55:06.890047 | > DO_CALL (0.000s wait)
.2020-01-21 10:55:06.894134 | eval'd: drake::cmq_buildtargetmetadepsspecht_is_subtargetconfig
2020-01-21 10:55:11.093205 | > DO_CALL (0.000s wait)
.2020-01-21 10:55:11.097525 | eval'd: drake::cmq_buildtargetmetadepsspecht_is_subtargetconfig
2020-01-21 10:55:14.915039 | > DO_CALL (0.001s wait)
.2020-01-21 10:55:14.920422 | eval'd: drake::cmq_buildtargetmetadepsspecht_is_subtargetconfig
2020-01-21 10:55:18.984974 | > DO_CALL (0.001s wait)
.2020-01-21 10:55:18.990222 | eval'd: drake::cmq_buildtargetmetadepsspecht_is_subtargetconfig
2020-01-21 10:55:22.990073 | > DO_CALL (0.000s wait)
.2020-01-21 10:55:22.994666 | eval'd: drake::cmq_buildtargetmetadepsspecht_is_subtargetconfig
2020-01-21 10:55:26.999020 | > DO_CALL (0.001s wait)
.2020-01-21 10:55:27.004590 | eval'd: drake::cmq_buildtargetmetadepsspecht_is_subtargetconfig
2020-01-21 10:55:32.852136 | > DO_CALL (0.000s wait)
.2020-01-21 10:55:32.857159 | eval'd: drake::cmq_buildtargetmetadepsspecht_is_subtargetconfig
2020-01-21 10:55:38.207252 | > DO_CALL (0.000s wait)
.2020-01-21 10:55:38.213235 | eval'd: drake::cmq_buildtargetmetadepsspecht_is_subtargetconfig
2020-01-21 10:55:42.869076 | > DO_CALL (0.000s wait)
.2020-01-21 10:55:42.873723 | eval'd: drake::cmq_buildtargetmetadepsspecht_is_subtargetconfig
2020-01-21 10:55:46.818023 | > DO_CALL (0.000s wait)
.2020-01-21 10:55:46.822510 | eval'd: drake::cmq_buildtargetmetadepsspecht_is_subtargetconfig
2020-01-21 10:55:50.739045 | > DO_CALL (0.000s wait)
.2020-01-21 10:55:50.743223 | eval'd: drake::cmq_buildtargetmetadepsspecht_is_subtargetconfig
2020-01-21 10:55:54.938068 | > DO_CALL (0.000s wait)
.2020-01-21 10:55:54.942164 | eval'd: drake::cmq_buildtargetmetadepsspecht_is_subtargetconfig
2020-01-21 10:55:58.581947 | > DO_CALL (0.001s wait)
.2020-01-21 10:55:58.587324 | eval'd: drake::cmq_buildtargetmetadepsspecht_is_subtargetconfig
2020-01-21 10:56:02.599867 | > DO_CALL (0.001s wait)
.2020-01-21 10:56:02.606894 | eval'd: drake::cmq_buildtargetmetadepsspecht_is_subtargetconfig
2020-01-21 10:56:06.577945 | > DO_CALL (0.000s wait)
.2020-01-21 10:56:06.581812 | eval'd: drake::cmq_buildtargetmetadepsspecht_is_subtargetconfig
2020-01-21 10:56:10.679430 | > DO_CALL (0.000s wait)
.2020-01-21 10:56:10.684072 | eval'd: drake::cmq_buildtargetmetadepsspecht_is_subtargetconfig
2020-01-21 10:56:14.877014 | > DO_CALL (0.000s wait)
.2020-01-21 10:56:14.881072 | eval'd: drake::cmq_buildtargetmetadepsspecht_is_subtargetconfig
2020-01-21 10:56:19.678619 | > DO_CALL (0.000s wait)
.2020-01-21 10:56:19.683423 | eval'd: drake::cmq_buildtargetmetadepsspecht_is_subtargetconfig
2020-01-21 10:56:23.633583 | > DO_CALL (0.000s wait)
.2020-01-21 10:56:23.638938 | eval'd: drake::cmq_buildtargetmetadepsspecht_is_subtargetconfig
2020-01-21 10:56:27.697170 | > DO_CALL (0.000s wait)
.2020-01-21 10:56:27.701887 | eval'd: drake::cmq_buildtargetmetadepsspecht_is_subtargetconfig
2020-01-21 10:56:32.037949 | > DO_CALL (0.001s wait)
.2020-01-21 10:56:32.043785 | eval'd: drake::cmq_buildtargetmetadepsspecht_is_subtargetconfig
2020-01-21 10:56:38.127961 | > DO_CALL (0.000s wait)
.2020-01-21 10:56:38.132013 | eval'd: drake::cmq_buildtargetmetadepsspecht_is_subtargetconfig
2020-01-21 10:56:42.051054 | > DO_CALL (0.000s wait)
.2020-01-21 10:56:42.057408 | eval'd: drake::cmq_buildtargetmetadepsspecht_is_subtargetconfig
2020-01-21 10:56:46.964984 | > DO_CALL (0.000s wait)
.2020-01-21 10:56:46.968969 | eval'd: drake::cmq_buildtargetmetadepsspecht_is_subtargetconfig
2020-01-21 10:56:50.697942 | > DO_CALL (0.001s wait)
.2020-01-21 10:56:50.703252 | eval'd: drake::cmq_buildtargetmetadepsspecht_is_subtargetconfig
2020-01-21 10:56:54.447996 | > DO_CALL (0.000s wait)
.2020-01-21 10:56:54.452114 | eval'd: drake::cmq_buildtargetmetadepsspecht_is_subtargetconfig
2020-01-21 10:56:58.522486 | > DO_CALL (0.000s wait)
.2020-01-21 10:56:58.528227 | eval'd: drake::cmq_buildtargetmetadepsspecht_is_subtargetconfig
2020-01-21 10:57:03.148050 | > DO_CALL (0.000s wait)
.2020-01-21 10:57:03.152683 | eval'd: drake::cmq_buildtargetmetadepsspecht_is_subtargetconfig
2020-01-21 10:57:07.556685 | > DO_CALL (0.001s wait)
.2020-01-21 10:57:07.561876 | eval'd: drake::cmq_buildtargetmetadepsspecht_is_subtargetconfig
2020-01-21 10:57:11.423200 | > DO_CALL (0.000s wait)
.2020-01-21 10:57:11.428145 | eval'd: drake::cmq_buildtargetmetadepsspecht_is_subtargetconfig
2020-01-21 10:57:15.440917 | > DO_CALL (0.000s wait)
.2020-01-21 10:57:15.445286 | eval'd: drake::cmq_buildtargetmetadepsspecht_is_subtargetconfig
2020-01-21 10:57:19.726027 | > DO_CALL (0.000s wait)
.2020-01-21 10:57:19.730814 | eval'd: drake::cmq_buildtargetmetadepsspecht_is_subtargetconfig
2020-01-21 10:57:24.297254 | > DO_CALL (0.000s wait)
.2020-01-21 10:57:24.302366 | eval'd: drake::cmq_buildtargetmetadepsspecht_is_subtargetconfig
2020-01-21 10:57:28.423638 | > DO_CALL (0.000s wait)
.2020-01-21 10:57:28.429153 | eval'd: drake::cmq_buildtargetmetadepsspecht_is_subtargetconfig
2020-01-21 10:57:32.314914 | > DO_CALL (0.000s wait)
.2020-01-21 10:57:32.319509 | eval'd: drake::cmq_buildtargetmetadepsspecht_is_subtargetconfig
2020-01-21 10:57:36.158856 | > DO_CALL (0.001s wait)
.2020-01-21 10:57:36.164171 | eval'd: drake::cmq_buildtargetmetadepsspecht_is_subtargetconfig
2020-01-21 10:57:42.419313 | > DO_CALL (0.000s wait)
.2020-01-21 10:57:42.426460 | eval'd: drake::cmq_buildtargetmetadepsspecht_is_subtargetconfig
2020-01-21 10:57:46.455712 | > DO_CALL (0.001s wait)
.2020-01-21 10:57:46.460885 | eval'd: drake::cmq_buildtargetmetadepsspecht_is_subtargetconfig
2020-01-21 10:57:50.368318 | > DO_CALL (0.000s wait)
.2020-01-21 10:57:50.372892 | eval'd: drake::cmq_buildtargetmetadepsspecht_is_subtargetconfig
2020-01-21 10:57:54.594200 | > DO_CALL (0.000s wait)
.2020-01-21 10:57:54.598590 | eval'd: drake::cmq_buildtargetmetadepsspecht_is_subtargetconfig
2020-01-21 10:57:59.540694 | > DO_CALL (0.001s wait)
.2020-01-21 10:57:59.545897 | eval'd: drake::cmq_buildtargetmetadepsspecht_is_subtargetconfig
2020-01-21 10:58:03.234987 | > DO_CALL (0.000s wait)
.2020-01-21 10:58:03.239604 | eval'd: drake::cmq_buildtargetmetadepsspecht_is_subtargetconfig
2020-01-21 10:58:07.368882 | > DO_CALL (0.001s wait)
.2020-01-21 10:58:07.374472 | eval'd: drake::cmq_buildtargetmetadepsspecht_is_subtargetconfig
2020-01-21 10:58:11.263935 | > DO_CALL (0.000s wait)
.2020-01-21 10:58:11.268618 | eval'd: drake::cmq_buildtargetmetadepsspecht_is_subtargetconfig
2020-01-21 10:58:15.093820 | > DO_CALL (0.001s wait)
.2020-01-21 10:58:15.099089 | eval'd: drake::cmq_buildtargetmetadepsspecht_is_subtargetconfig
2020-01-21 10:58:18.857525 | > DO_CALL (0.000s wait)
.2020-01-21 10:58:18.862329 | eval'd: drake::cmq_buildtargetmetadepsspecht_is_subtargetconfig
2020-01-21 10:58:22.658180 | > DO_CALL (0.000s wait)
.2020-01-21 10:58:22.663068 | eval'd: drake::cmq_buildtargetmetadepsspecht_is_subtargetconfig
2020-01-21 10:58:26.807936 | > DO_CALL (0.000s wait)
.2020-01-21 10:58:26.811983 | eval'd: drake::cmq_buildtargetmetadepsspecht_is_subtargetconfig
2020-01-21 10:58:30.394081 | > DO_CALL (0.000s wait)
.2020-01-21 10:58:30.399000 | eval'd: drake::cmq_buildtargetmetadepsspecht_is_subtargetconfig
2020-01-21 10:58:34.202524 | > DO_CALL (0.000s wait)
.2020-01-21 10:58:34.207312 | eval'd: drake::cmq_buildtargetmetadepsspecht_is_subtargetconfig
2020-01-21 10:58:38.235944 | > DO_CALL (0.000s wait)
.2020-01-21 10:58:38.240074 | eval'd: drake::cmq_buildtargetmetadepsspecht_is_subtargetconfig
2020-01-21 10:58:44.253976 | > DO_CALL (0.000s wait)
.2020-01-21 10:58:44.260287 | eval'd: drake::cmq_buildtargetmetadepsspecht_is_subtargetconfig
2020-01-21 10:58:48.237567 | > DO_CALL (0.000s wait)
.2020-01-21 10:58:48.242458 | eval'd: drake::cmq_buildtargetmetadepsspecht_is_subtargetconfig
2020-01-21 10:58:52.174945 | > DO_CALL (0.000s wait)
.2020-01-21 10:58:52.182201 | eval'd: drake::cmq_buildtargetmetadepsspecht_is_subtargetconfig
2020-01-21 10:58:56.266512 | > DO_CALL (0.000s wait)
.2020-01-21 10:58:56.271412 | eval'd: drake::cmq_buildtargetmetadepsspecht_is_subtargetconfig
2020-01-21 10:59:01.211832 | > DO_CALL (0.001s wait)
.2020-01-21 10:59:01.217685 | eval'd: drake::cmq_buildtargetmetadepsspecht_is_subtargetconfig
2020-01-21 10:59:05.052621 | > DO_CALL (0.000s wait)
.2020-01-21 10:59:05.057705 | eval'd: drake::cmq_buildtargetmetadepsspecht_is_subtargetconfig
2020-01-21 10:59:08.871154 | > DO_CALL (0.000s wait)
.
2020-01-21 10:59:08.875605 | eval'd: drake::cmq_buildtargetmetadepsspecht_is_subtargetconfig
2020-01-21 10:59:12.904037 | > DO_CALL (0.000s wait)
.2020-01-21 10:59:12.908834 | eval'd: drake::cmq_buildtargetmetadepsspecht_is_subtargetconfig
2020-01-21 10:59:16.826889 | > DO_CALL (0.000s wait)
.2020-01-21 10:59:16.830902 | eval'd: drake::cmq_buildtargetmetadepsspecht_is_subtargetconfig
2020-01-21 10:59:20.691796 | > DO_CALL (0.001s wait)
.2020-01-21 10:59:20.697187 | eval'd: drake::cmq_buildtargetmetadepsspecht_is_subtargetconfig
2020-01-21 10:59:24.784334 | > DO_CALL (0.000s wait)
.2020-01-21 10:59:24.789387 | eval'd: drake::cmq_buildtargetmetadepsspecht_is_subtargetconfig
2020-01-21 10:59:29.391030 | > DO_CALL (0.000s wait)
.2020-01-21 10:59:29.395349 | eval'd: drake::cmq_buildtargetmetadepsspecht_is_subtargetconfig
2020-01-21 10:59:33.184700 | > DO_CALL (0.001s wait)
.2020-01-21 10:59:33.190705 | eval'd: drake::cmq_buildtargetmetadepsspecht_is_subtargetconfig
2020-01-21 10:59:37.099894 | > DO_CALL (0.000s wait)
.2020-01-21 10:59:37.104044 | eval'd: drake::cmq_buildtargetmetadepsspecht_is_subtargetconfig
2020-01-21 10:59:40.858201 | > DO_CALL (0.000s wait)
.2020-01-21 10:59:40.862696 | eval'd: drake::cmq_buildtargetmetadepsspecht_is_subtargetconfig
2020-01-21 10:59:46.445046 | > DO_CALL (0.000s wait)
.2020-01-21 10:59:46.451361 | eval'd: drake::cmq_buildtargetmetadepsspecht_is_subtargetconfig
2020-01-21 10:59:50.887799 | > DO_CALL (0.001s wait)
.2020-01-21 10:59:50.893109 | eval'd: drake::cmq_buildtargetmetadepsspecht_is_subtargetconfig
2020-01-21 10:59:54.738848 | > DO_CALL (0.001s wait)
.2020-01-21 10:59:54.744347 | eval'd: drake::cmq_buildtargetmetadepsspecht_is_subtargetconfig
2020-01-21 10:59:58.543835 | > DO_CALL (0.001s wait)
.2020-01-21 10:59:58.549373 | eval'd: drake::cmq_buildtargetmetadepsspecht_is_subtargetconfig
2020-01-21 11:00:02.383023 | > DO_CALL (0.000s wait)
.2020-01-21 11:00:02.387856 | eval'd: drake::cmq_buildtargetmetadepsspecht_is_subtargetconfig
2020-01-21 11:00:06.148020 | > DO_CALL (0.001s wait)
.2020-01-21 11:00:06.153792 | eval'd: drake::cmq_buildtargetmetadepsspecht_is_subtargetconfig
2020-01-21 11:00:09.667512 | > DO_CALL (0.000s wait)
.2020-01-21 11:00:09.672551 | eval'd: drake::cmq_buildtargetmetadepsspecht_is_subtargetconfig
2020-01-21 11:00:13.332185 | > DO_CALL (0.000s wait)
.2020-01-21 11:00:13.337296 | eval'd: drake::cmq_buildtargetmetadepsspecht_is_subtargetconfig
2020-01-21 11:00:17.112337 | > DO_CALL (0.000s wait)
.2020-01-21 11:00:17.117331 | eval'd: drake::cmq_buildtargetmetadepsspecht_is_subtargetconfig
2020-01-21 11:00:20.852145 | > DO_CALL (0.012s wait)
.2020-01-21 11:00:20.857439 | eval'd: drake::cmq_buildtargetmetadepsspecht_is_subtargetconfig
2020-01-21 11:00:24.925238 | > DO_CALL (0.000s wait)
.2020-01-21 11:00:24.929789 | eval'd: drake::cmq_buildtargetmetadepsspecht_is_subtargetconfig
2020-01-21 11:00:28.772556 | > DO_CALL (0.000s wait)
.2020-01-21 11:00:28.777433 | eval'd: drake::cmq_buildtargetmetadepsspecht_is_subtargetconfig
2020-01-21 11:00:33.291717 | > DO_CALL (0.001s wait)
.2020-01-21 11:00:33.297784 | eval'd: drake::cmq_buildtargetmetadepsspecht_is_subtargetconfig
2020-01-21 11:00:37.379800 | > DO_CALL (0.001s wait)
.2020-01-21 11:00:37.385485 | eval'd: drake::cmq_buildtargetmetadepsspecht_is_subtargetconfig
2020-01-21 11:00:41.233980 | > DO_CALL (0.000s wait)
.2020-01-21 11:00:41.238703 | eval'd: drake::cmq_buildtargetmetadepsspecht_is_subtargetconfig
2020-01-21 11:00:44.946778 | > DO_CALL (0.001s wait)
.2020-01-21 11:00:44.952067 | eval'd: drake::cmq_buildtargetmetadepsspecht_is_subtargetconfig
2020-01-21 11:00:50.722760 | > DO_CALL (0.001s wait)
.2020-01-21 11:00:50.729512 | eval'd: drake::cmq_buildtargetmetadepsspecht_is_subtargetconfig
2020-01-21 11:00:54.738573 | > DO_CALL (0.000s wait)
.2020-01-21 11:00:54.743577 | eval'd: drake::cmq_buildtargetmetadepsspecht_is_subtargetconfig
2020-01-21 11:00:58.673649 | > DO_CALL (0.000s wait)
.2020-01-21 11:00:58.678704 | eval'd: drake::cmq_buildtargetmetadepsspecht_is_subtargetconfig
2020-01-21 11:01:03.300360 | > DO_CALL (0.000s wait)
.2020-01-21 11:01:03.305524 | eval'd: drake::cmq_buildtargetmetadepsspecht_is_subtargetconfig
2020-01-21 11:01:07.313580 | > DO_CALL (0.000s wait)
.2020-01-21 11:01:07.318474 | eval'd: drake::cmq_buildtargetmetadepsspecht_is_subtargetconfig
2020-01-21 11:01:11.404491 | > DO_CALL (0.000s wait)
.2020-01-21 11:01:11.410092 | eval'd: drake::cmq_buildtargetmetadepsspecht_is_subtargetconfig
2020-01-21 11:01:15.302305 | > DO_CALL (0.000s wait)
.2020-01-21 11:01:15.307265 | eval'd: drake::cmq_buildtargetmetadepsspecht_is_subtargetconfig
2020-01-21 11:01:19.215316 | > DO_CALL (0.000s wait)
.2020-01-21 11:01:19.219925 | eval'd: drake::cmq_buildtargetmetadepsspecht_is_subtargetconfig
2020-01-21 11:01:22.837844 | > DO_CALL (0.001s wait)
.2020-01-21 11:01:22.841856 | eval'd: drake::cmq_buildtargetmetadepsspecht_is_subtargetconfig
2020-01-21 11:01:26.629877 | > DO_CALL (0.001s wait)
.2020-01-21 11:01:26.633972 | eval'd: drake::cmq_buildtargetmetadepsspecht_is_subtargetconfig
2020-01-21 11:01:30.422835 | > DO_CALL (0.001s wait)
.2020-01-21 11:01:30.426792 | eval'd: drake::cmq_buildtargetmetadepsspecht_is_subtargetconfig
2020-01-21 11:01:34.729836 | > DO_CALL (0.001s wait)
.2020-01-21 11:01:34.734080 | eval'd: drake::cmq_buildtargetmetadepsspecht_is_subtargetconfig
2020-01-21 11:01:38.342851 | > DO_CALL (0.001s wait)
.2020-01-21 11:01:38.346872 | eval'd: drake::cmq_buildtargetmetadepsspecht_is_subtargetconfig
2020-01-21 11:01:41.967482 | > DO_CALL (0.000s wait)
.2020-01-21 11:01:41.972827 | eval'd: drake::cmq_buildtargetmetadepsspecht_is_subtargetconfig
2020-01-21 11:01:45.653922 | > DO_CALL (0.001s wait)
.2020-01-21 11:01:45.659422 | eval'd: drake::cmq_buildtargetmetadepsspecht_is_subtargetconfig
2020-01-21 11:01:51.184942 | > DO_CALL (0.000s wait)
.2020-01-21 11:01:51.190958 | eval'd: drake::cmq_buildtargetmetadepsspecht_is_subtargetconfig
2020-01-21 11:01:55.067063 | > DO_CALL (0.000s wait)
.2020-01-21 11:01:55.071388 | eval'd: drake::cmq_buildtargetmetadepsspecht_is_subtargetconfig
2020-01-21 11:01:58.932413 | > DO_CALL (0.000s wait)
.2020-01-21 11:01:58.937191 | eval'd: drake::cmq_buildtargetmetadepsspecht_is_subtargetconfig
2020-01-21 11:02:02.735393 | > DO_CALL (0.000s wait)
.2020-01-21 11:02:02.740532 | eval'd: drake::cmq_buildtargetmetadepsspecht_is_subtargetconfig
2020-01-21 11:02:06.423632 | > DO_CALL (0.000s wait)
.2020-01-21 11:02:06.428556 | eval'd: drake::cmq_buildtargetmetadepsspecht_is_subtargetconfig
2020-01-21 11:02:10.038409 | > DO_CALL (0.000s wait)
.2020-01-21 11:02:10.043189 | eval'd: drake::cmq_buildtargetmetadepsspecht_is_subtargetconfig
2020-01-21 11:02:13.913511 | > DO_CALL (0.000s wait)
.2020-01-21 11:02:13.918895 | eval'd: drake::cmq_buildtargetmetadepsspecht_is_subtargetconfig
2020-01-21 11:02:17.730335 | > DO_CALL (0.000s wait)
.2020-01-21 11:02:17.734938 | eval'd: drake::cmq_buildtargetmetadepsspecht_is_subtargetconfig
2020-01-21 11:02:21.673840 | > DO_CALL (0.001s wait)
.2020-01-21 11:02:21.679596 | eval'd: drake::cmq_buildtargetmetadepsspecht_is_subtargetconfig
2020-01-21 11:02:25.372461 | > DO_CALL (0.000s wait)
.2020-01-21 11:02:25.377336 | eval'd: drake::cmq_buildtargetmetadepsspecht_is_subtargetconfig
2020-01-21 11:02:29.009293 | > DO_CALL (0.000s wait)
.2020-01-21 11:02:29.014111 | eval'd: drake::cmq_buildtargetmetadepsspecht_is_subtargetconfig
2020-01-21 11:02:33.547824 | > DO_CALL (0.001s wait)
.2020-01-21 11:02:33.554559 | eval'd: drake::cmq_buildtargetmetadepsspecht_is_subtargetconfig
2020-01-21 11:02:37.874047 | > DO_CALL (0.000s wait)
.2020-01-21 11:02:37.878663 | eval'd: drake::cmq_buildtargetmetadepsspecht_is_subtargetconfig
2020-01-21 11:02:41.653839 | > DO_CALL (0.001s wait)
.2020-01-21 11:02:41.660150 | eval'd: drake::cmq_buildtargetmetadepsspecht_is_subtargetconfig
2020-01-21 11:02:45.355916 | > DO_CALL (0.000s wait)
.2020-01-21 11:02:45.360176 | eval'd: drake::cmq_buildtargetmetadepsspecht_is_subtargetconfig
2020-01-21 11:02:49.346923 | > DO_CALL (0.000s wait)
.2020-01-21 11:02:49.351190 | eval'd: drake::cmq_buildtargetmetadepsspecht_is_subtargetconfig
2020-01-21 11:02:54.685197 | > DO_CALL (0.000s wait)
.2020-01-21 11:02:54.691528 | eval'd: drake::cmq_buildtargetmetadepsspecht_is_subtargetconfig
2020-01-21 11:02:58.256871 | > DO_CALL (0.001s wait)
.2020-01-21 11:02:58.261012 | eval'd: drake::cmq_buildtargetmetadepsspecht_is_subtargetconfig
2020-01-21 11:03:01.834872 | > DO_CALL (0.001s wait)
.2020-01-21 11:03:01.839632 | eval'd: drake::cmq_buildtargetmetadepsspecht_is_subtargetconfig
2020-01-21 11:03:05.395135 | > DO_CALL (0.000s wait)
.2020-01-21 11:03:05.399826 | eval'd: drake::cmq_buildtargetmetadepsspecht_is_subtargetconfig
2020-01-21 11:03:09.155800 | > DO_CALL (0.001s wait)
.2020-01-21 11:03:09.159819 | eval'd: drake::cmq_buildtargetmetadepsspecht_is_subtargetconfig
2020-01-21 11:03:12.744147 | > DO_CALL (0.000s wait)
.2020-01-21 11:03:12.749207 | eval'd: drake::cmq_buildtargetmetadepsspecht_is_subtargetconfig
2020-01-21 11:03:17.184970 | > DO_CALL (0.000s wait)
.2020-01-21 11:03:17.189296 | eval'd: drake::cmq_buildtargetmetadepsspecht_is_subtargetconfig
2020-01-21 11:03:20.899811 | > DO_CALL (0.001s wait)
.2020-01-21 11:03:20.905170 | eval'd: drake::cmq_buildtargetmetadepsspecht_is_subtargetconfig
2020-01-21 11:03:24.367791 | > DO_CALL (0.001s wait)
.2020-01-21 11:03:24.371849 | eval'd: drake::cmq_buildtargetmetadepsspecht_is_subtargetconfig
2020-01-21 11:03:28.274756 | > DO_CALL (0.001s wait)
.2020-01-21 11:03:28.280064 | eval'd: drake::cmq_buildtargetmetadepsspecht_is_subtargetconfig
2020-01-21 11:03:32.552502 | > DO_CALL (0.000s wait)
.2020-01-21 11:03:32.557915 | eval'd: drake::cmq_buildtargetmetadepsspecht_is_subtargetconfig
2020-01-21 11:03:36.448276 | > DO_CALL (0.000s wait)
.2020-01-21 11:03:36.452969 | eval'd: drake::cmq_buildtargetmetadepsspecht_is_subtargetconfig
2020-01-21 11:03:41.497437 | > DO_CALL (0.000s wait)
.2020-01-21 11:03:41.503009 | eval'd: drake::cmq_buildtargetmetadepsspecht_is_subtargetconfig
2020-01-21 11:03:45.273105 | > DO_CALL (0.000s wait)
.2020-01-21 11:03:45.277978 | eval'd: drake::cmq_buildtargetmetadepsspecht_is_subtargetconfig
2020-01-21 11:03:48.876767 | > DO_CALL (0.001s wait)
.2020-01-21 11:03:48.882179 | eval'd: drake::cmq_buildtargetmetadepsspecht_is_subtargetconfig
2020-01-21 11:03:52.651345 | > DO_CALL (0.000s wait)
.2020-01-21 11:03:52.657046 | eval'd: drake::cmq_buildtargetmetadepsspecht_is_subtargetconfig
2020-01-21 11:03:58.326074 | > DO_CALL (0.000s wait)
.2020-01-21 11:03:58.332199 | eval'd: drake::cmq_buildtargetmetadepsspecht_is_subtargetconfig
2020-01-21 11:04:03.108783 | > DO_CALL (0.001s wait)
.2020-01-21 11:04:03.114841 | eval'd: drake::cmq_buildtargetmetadepsspecht_is_subtargetconfig
2020-01-21 11:04:06.928049 | > DO_CALL (0.000s wait)
.2020-01-21 11:04:06.932468 | eval'd: drake::cmq_buildtargetmetadepsspecht_is_subtargetconfig
2020-01-21 11:04:10.655933 | > DO_CALL (0.001s wait)
.2020-01-21 11:04:10.661449 | eval'd: drake::cmq_buildtargetmetadepsspecht_is_subtargetconfig
2020-01-21 11:04:14.368901 | > DO_CALL (0.001s wait)
.2020-01-21 11:04:14.374552 | eval'd: drake::cmq_buildtargetmetadepsspecht_is_subtargetconfig
2020-01-21 11:04:18.203893 | > DO_CALL (0.001s wait)
.2020-01-21 11:04:18.208019 | eval'd: drake::cmq_buildtargetmetadepsspecht_is_subtargetconfig
2020-01-21 11:04:22.049780 | > DO_CALL (0.001s wait)
.2020-01-21 11:04:22.054286 | eval'd: drake::cmq_buildtargetmetadepsspecht_is_subtargetconfig
2020-01-21 11:04:25.728016 | > DO_CALL (0.001s wait)
.
2020-01-21 11:04:25.733667 | eval'd: drake::cmq_buildtargetmetadepsspecht_is_subtargetconfig
2020-01-21 11:04:29.340593 | > DO_CALL (0.000s wait)
.2020-01-21 11:04:29.345642 | eval'd: drake::cmq_buildtargetmetadepsspecht_is_subtargetconfig
2020-01-21 11:04:32.907778 | > DO_CALL (0.001s wait)
.2020-01-21 11:04:32.912302 | eval'd: drake::cmq_buildtargetmetadepsspecht_is_subtargetconfig
2020-01-21 11:04:36.770800 | > DO_CALL (0.001s wait)
.2020-01-21 11:04:36.774835 | eval'd: drake::cmq_buildtargetmetadepsspecht_is_subtargetconfig
2020-01-21 11:04:40.638904 | > DO_CALL (0.001s wait)
.2020-01-21 11:04:40.643115 | eval'd: drake::cmq_buildtargetmetadepsspecht_is_subtargetconfig
2020-01-21 11:04:44.909879 | > DO_CALL (0.001s wait)
.2020-01-21 11:04:44.914436 | eval'd: drake::cmq_buildtargetmetadepsspecht_is_subtargetconfig
2020-01-21 11:04:48.697782 | > DO_CALL (0.001s wait)
.2020-01-21 11:04:48.703253 | eval'd: drake::cmq_buildtargetmetadepsspecht_is_subtargetconfig
2020-01-21 11:04:52.436773 | > DO_CALL (0.001s wait)
.2020-01-21 11:04:52.441294 | eval'd: drake::cmq_buildtargetmetadepsspecht_is_subtargetconfig
2020-01-21 11:04:56.101892 | > DO_CALL (0.001s wait)
.2020-01-21 11:04:56.107417 | eval'd: drake::cmq_buildtargetmetadepsspecht_is_subtargetconfig
2020-01-21 11:05:01.803800 | > DO_CALL (0.001s wait)
.2020-01-21 11:05:01.810043 | eval'd: drake::cmq_buildtargetmetadepsspecht_is_subtargetconfig
2020-01-21 11:05:05.440157 | > DO_CALL (0.000s wait)
.2020-01-21 11:05:05.444780 | eval'd: drake::cmq_buildtargetmetadepsspecht_is_subtargetconfig
2020-01-21 11:05:09.021257 | > DO_CALL (0.000s wait)
.2020-01-21 11:05:09.026034 | eval'd: drake::cmq_buildtargetmetadepsspecht_is_subtargetconfig
2020-01-21 11:05:12.798779 | > DO_CALL (0.001s wait)
.2020-01-21 11:05:12.803300 | eval'd: drake::cmq_buildtargetmetadepsspecht_is_subtargetconfig
2020-01-21 11:05:16.536753 | > DO_CALL (0.001s wait)
.2020-01-21 11:05:16.552226 | eval'd: drake::cmq_buildtargetmetadepsspecht_is_subtargetconfig
2020-01-21 11:05:20.901844 | > DO_CALL (0.001s wait)
.2020-01-21 11:05:20.905952 | eval'd: drake::cmq_buildtargetmetadepsspecht_is_subtargetconfig
2020-01-21 11:05:24.524633 | > DO_CALL (0.000s wait)
.2020-01-21 11:05:24.529743 | eval'd: drake::cmq_buildtargetmetadepsspecht_is_subtargetconfig
2020-01-21 11:05:28.182813 | > DO_CALL (0.001s wait)
.2020-01-21 11:05:28.188756 | eval'd: drake::cmq_buildtargetmetadepsspecht_is_subtargetconfig
2020-01-21 11:05:31.871751 | > DO_CALL (0.001s wait)
.2020-01-21 11:05:31.878186 | eval'd: drake::cmq_buildtargetmetadepsspecht_is_subtargetconfig
2020-01-21 11:05:35.621923 | > DO_CALL (0.001s wait)
.2020-01-21 11:05:35.627760 | eval'd: drake::cmq_buildtargetmetadepsspecht_is_subtargetconfig
2020-01-21 11:05:39.184591 | > DO_CALL (0.000s wait)
.2020-01-21 11:05:39.189524 | eval'd: drake::cmq_buildtargetmetadepsspecht_is_subtargetconfig
2020-01-21 11:05:43.119307 | > DO_CALL (0.000s wait)
.2020-01-21 11:05:43.125111 | eval'd: drake::cmq_buildtargetmetadepsspecht_is_subtargetconfig
2020-01-21 11:05:47.558099 | > DO_CALL (0.000s wait)
.2020-01-21 11:05:47.563143 | eval'd: drake::cmq_buildtargetmetadepsspecht_is_subtargetconfig
2020-01-21 11:05:51.126687 | > DO_CALL (0.001s wait)
.2020-01-21 11:05:51.131898 | eval'd: drake::cmq_buildtargetmetadepsspecht_is_subtargetconfig
2020-01-21 11:05:54.833841 | > DO_CALL (0.001s wait)
.2020-01-21 11:05:54.839125 | eval'd: drake::cmq_buildtargetmetadepsspecht_is_subtargetconfig
2020-01-21 11:05:58.372903 | > DO_CALL (0.001s wait)
.2020-01-21 11:05:58.377220 | eval'd: drake::cmq_buildtargetmetadepsspecht_is_subtargetconfig
2020-01-21 11:06:03.072810 | > DO_CALL (0.001s wait)
.2020-01-21 11:06:03.080529 | eval'd: drake::cmq_buildtargetmetadepsspecht_is_subtargetconfig
2020-01-21 11:06:06.647977 | > DO_CALL (0.001s wait)
.2020-01-21 11:06:06.652281 | eval'd: drake::cmq_buildtargetmetadepsspecht_is_subtargetconfig
2020-01-21 11:06:10.229893 | > DO_CALL (0.001s wait)
.2020-01-21 11:06:10.234633 | eval'd: drake::cmq_buildtargetmetadepsspecht_is_subtargetconfig
2020-01-21 11:06:13.969856 | > DO_CALL (0.001s wait)
.2020-01-21 11:06:13.974096 | eval'd: drake::cmq_buildtargetmetadepsspecht_is_subtargetconfig
2020-01-21 11:06:17.836054 | > DO_CALL (0.000s wait)
.2020-01-21 11:06:17.840427 | eval'd: drake::cmq_buildtargetmetadepsspecht_is_subtargetconfig
2020-01-21 11:06:22.020810 | > DO_CALL (0.001s wait)
.2020-01-21 11:06:22.025560 | eval'd: drake::cmq_buildtargetmetadepsspecht_is_subtargetconfig
2020-01-21 11:06:25.523560 | > DO_CALL (0.000s wait)
.2020-01-21 11:06:25.528543 | eval'd: drake::cmq_buildtargetmetadepsspecht_is_subtargetconfig
2020-01-21 11:06:28.968559 | > DO_CALL (0.000s wait)
.2020-01-21 11:06:28.973706 | eval'd: drake::cmq_buildtargetmetadepsspecht_is_subtargetconfig
2020-01-21 11:06:32.762947 | > DO_CALL (0.001s wait)
.2020-01-21 11:06:32.767239 | eval'd: drake::cmq_buildtargetmetadepsspecht_is_subtargetconfig
2020-01-21 11:06:36.476672 | > DO_CALL (0.001s wait)
.2020-01-21 11:06:36.481817 | eval'd: drake::cmq_buildtargetmetadepsspecht_is_subtargetconfig
2020-01-21 11:06:40.057976 | > DO_CALL (0.001s wait)
.2020-01-21 11:06:40.065885 | eval'd: drake::cmq_buildtargetmetadepsspecht_is_subtargetconfig
2020-01-21 11:06:43.638184 | > DO_CALL (0.000s wait)
.2020-01-21 11:06:43.643327 | eval'd: drake::cmq_buildtargetmetadepsspecht_is_subtargetconfig
2020-01-21 11:06:47.205756 | > DO_CALL (0.001s wait)
.2020-01-21 11:06:47.211008 | eval'd: drake::cmq_buildtargetmetadepsspecht_is_subtargetconfig
2020-01-21 11:06:51.466901 | > DO_CALL (0.001s wait)
.2020-01-21 11:06:51.472019 | eval'd: drake::cmq_buildtargetmetadepsspecht_is_subtargetconfig
2020-01-21 11:06:55.172287 | > DO_CALL (0.000s wait)
.2020-01-21 11:06:55.177069 | eval'd: drake::cmq_buildtargetmetadepsspecht_is_subtargetconfig
2020-01-21 11:06:58.894196 | > DO_CALL (0.000s wait)
.2020-01-21 11:06:58.899317 | eval'd: drake::cmq_buildtargetmetadepsspecht_is_subtargetconfig
2020-01-21 11:07:02.582093 | > DO_CALL (0.000s wait)
.2020-01-21 11:07:02.586657 | eval'd: drake::cmq_buildtargetmetadepsspecht_is_subtargetconfig
2020-01-21 11:07:08.360395 | > DO_CALL (0.000s wait)
.2020-01-21 11:07:08.366852 | eval'd: drake::cmq_buildtargetmetadepsspecht_is_subtargetconfig
2020-01-21 11:07:11.834759 | > DO_CALL (0.001s wait)
.2020-01-21 11:07:11.840710 | eval'd: drake::cmq_buildtargetmetadepsspecht_is_subtargetconfig
2020-01-21 11:07:15.256397 | > DO_CALL (0.000s wait)
.2020-01-21 11:07:15.262136 | eval'd: drake::cmq_buildtargetmetadepsspecht_is_subtargetconfig
2020-01-21 11:07:18.708107 | > DO_CALL (0.000s wait)
.2020-01-21 11:07:18.712676 | eval'd: drake::cmq_buildtargetmetadepsspecht_is_subtargetconfig
2020-01-21 11:07:22.176291 | > DO_CALL (0.000s wait)
.2020-01-21 11:07:22.181199 | eval'd: drake::cmq_buildtargetmetadepsspecht_is_subtargetconfig
2020-01-21 11:07:26.466055 | > DO_CALL (0.000s wait)
.2020-01-21 11:07:26.470545 | eval'd: drake::cmq_buildtargetmetadepsspecht_is_subtargetconfig
2020-01-21 11:07:29.967744 | > DO_CALL (0.001s wait)
.2020-01-21 11:07:29.973033 | eval'd: drake::cmq_buildtargetmetadepsspecht_is_subtargetconfig
2020-01-21 11:07:33.533780 | > DO_CALL (0.001s wait)
.2020-01-21 11:07:33.538390 | eval'd: drake::cmq_buildtargetmetadepsspecht_is_subtargetconfig
2020-01-21 11:07:37.099893 | > DO_CALL (0.001s wait)
.2020-01-21 11:07:37.105137 | eval'd: drake::cmq_buildtargetmetadepsspecht_is_subtargetconfig
2020-01-21 11:07:40.572621 | > DO_CALL (0.000s wait)
.2020-01-21 11:07:40.577876 | eval'd: drake::cmq_buildtargetmetadepsspecht_is_subtargetconfig
2020-01-21 11:07:44.399915 | > DO_CALL (0.001s wait)
.2020-01-21 11:07:44.404266 | eval'd: drake::cmq_buildtargetmetadepsspecht_is_subtargetconfig
2020-01-21 11:07:47.952806 | > DO_CALL (0.001s wait)
.2020-01-21 11:07:47.958196 | eval'd: drake::cmq_buildtargetmetadepsspecht_is_subtargetconfig
2020-01-21 11:07:52.055877 | > DO_CALL (0.001s wait)
.2020-01-21 11:07:52.061641 | eval'd: drake::cmq_buildtargetmetadepsspecht_is_subtargetconfig
2020-01-21 11:07:56.472836 | > DO_CALL (0.001s wait)
.2020-01-21 11:07:56.477475 | eval'd: drake::cmq_buildtargetmetadepsspecht_is_subtargetconfig
2020-01-21 11:08:00.025348 | > DO_CALL (0.000s wait)
.2020-01-21 11:08:00.030258 | eval'd: drake::cmq_buildtargetmetadepsspecht_is_subtargetconfig
2020-01-21 11:08:03.581165 | > DO_CALL (0.000s wait)
.2020-01-21 11:08:03.586457 | eval'd: drake::cmq_buildtargetmetadepsspecht_is_subtargetconfig
2020-01-21 11:08:09.128649 | > DO_CALL (0.000s wait)
.2020-01-21 11:08:09.134155 | eval'd: drake::cmq_buildtargetmetadepsspecht_is_subtargetconfig
2020-01-21 11:08:12.731415 | > DO_CALL (0.000s wait)
.2020-01-21 11:08:12.737459 | eval'd: drake::cmq_buildtargetmetadepsspecht_is_subtargetconfig
2020-01-21 11:08:16.230822 | > DO_CALL (0.001s wait)
.2020-01-21 11:08:16.235083 | eval'd: drake::cmq_buildtargetmetadepsspecht_is_subtargetconfig
2020-01-21 11:08:19.768703 | > DO_CALL (0.001s wait)
.2020-01-21 11:08:19.772736 | eval'd: drake::cmq_buildtargetmetadepsspecht_is_subtargetconfig
2020-01-21 11:08:23.240141 | > DO_CALL (0.000s wait)
.2020-01-21 11:08:23.244733 | eval'd: drake::cmq_buildtargetmetadepsspecht_is_subtargetconfig
2020-01-21 11:08:26.789072 | > DO_CALL (0.000s wait)
.2020-01-21 11:08:26.793563 | eval'd: drake::cmq_buildtargetmetadepsspecht_is_subtargetconfig
2020-01-21 11:08:30.306614 | > DO_CALL (0.000s wait)
.2020-01-21 11:08:30.311755 | eval'd: drake::cmq_buildtargetmetadepsspecht_is_subtargetconfig
2020-01-21 11:08:34.865661 | > DO_CALL (0.000s wait)
.2020-01-21 11:08:34.869755 | eval'd: drake::cmq_buildtargetmetadepsspecht_is_subtargetconfig
2020-01-21 11:08:38.445925 | > DO_CALL (0.001s wait)
.2020-01-21 11:08:38.450422 | eval'd: drake::cmq_buildtargetmetadepsspecht_is_subtargetconfig
2020-01-21 11:08:42.145712 | > DO_CALL (0.001s wait)
.2020-01-21 11:08:42.151776 | eval'd: drake::cmq_buildtargetmetadepsspecht_is_subtargetconfig
2020-01-21 11:08:45.648058 | > DO_CALL (0.001s wait)
.2020-01-21 11:08:45.652632 | eval'd: drake::cmq_buildtargetmetadepsspecht_is_subtargetconfig
2020-01-21 11:08:49.343901 | > DO_CALL (0.001s wait)
.2020-01-21 11:08:49.348343 | eval'd: drake::cmq_buildtargetmetadepsspecht_is_subtargetconfig
2020-01-21 11:08:52.902681 | > DO_CALL (0.001s wait)
.2020-01-21 11:08:52.907269 | eval'd: drake::cmq_buildtargetmetadepsspecht_is_subtargetconfig
2020-01-21 11:08:56.864728 | > DO_CALL (0.001s wait)
.2020-01-21 11:08:56.868850 | eval'd: drake::cmq_buildtargetmetadepsspecht_is_subtargetconfig
2020-01-21 11:09:00.539426 | > DO_CALL (0.000s wait)
.2020-01-21 11:09:00.544415 | eval'd: drake::cmq_buildtargetmetadepsspecht_is_subtargetconfig
2020-01-21 11:09:04.434641 | > DO_CALL (0.000s wait)
.2020-01-21 11:09:04.440097 | eval'd: drake::cmq_buildtargetmetadepsspecht_is_subtargetconfig
2020-01-21 11:09:08.133903 | > DO_CALL (0.001s wait)
.2020-01-21 11:09:08.139549 | eval'd: drake::cmq_buildtargetmetadepsspecht_is_subtargetconfig
2020-01-21 11:09:13.707905 | > DO_CALL (0.001s wait)
.2020-01-21 11:09:13.715634 | eval'd: drake::cmq_buildtargetmetadepsspecht_is_subtargetconfig
2020-01-21 11:09:17.142888 | > DO_CALL (0.001s wait)
.2020-01-21 11:09:17.148758 | eval'd: drake::cmq_buildtargetmetadepsspecht_is_subtargetconfig
2020-01-21 11:09:20.475869 | > DO_CALL (0.001s wait)
.2020-01-21 11:09:20.481413 | eval'd: drake::cmq_buildtargetmetadepsspecht_is_subtargetconfig
2020-01-21 11:09:24.028792 | > DO_CALL (0.001s wait)
.2020-01-21 11:09:24.034773 | eval'd: drake::cmq_buildtargetmetadepsspecht_is_subtargetconfig
2020-01-21 11:09:27.597746 | > DO_CALL (0.001s wait)
.
2020-01-21 11:09:27.602035 | eval'd: drake::cmq_buildtargetmetadepsspecht_is_subtargetconfig
2020-01-21 11:09:31.487271 | > DO_CALL (0.000s wait)
.2020-01-21 11:09:31.492577 | eval'd: drake::cmq_buildtargetmetadepsspecht_is_subtargetconfig
2020-01-21 11:09:35.260087 | > DO_CALL (0.001s wait)
.2020-01-21 11:09:35.265867 | eval'd: drake::cmq_buildtargetmetadepsspecht_is_subtargetconfig
2020-01-21 11:09:39.699082 | > DO_CALL (0.001s wait)
.2020-01-21 11:09:39.705283 | eval'd: drake::cmq_buildtargetmetadepsspecht_is_subtargetconfig
2020-01-21 11:09:43.413729 | > DO_CALL (0.001s wait)
.2020-01-21 11:09:43.417829 | eval'd: drake::cmq_buildtargetmetadepsspecht_is_subtargetconfig
2020-01-21 11:09:46.929776 | > DO_CALL (0.001s wait)
.2020-01-21 11:09:46.933983 | eval'd: drake::cmq_buildtargetmetadepsspecht_is_subtargetconfig
2020-01-21 11:09:50.492687 | > DO_CALL (0.001s wait)
.2020-01-21 11:09:50.509268 | eval'd: drake::cmq_buildtargetmetadepsspecht_is_subtargetconfig
2020-01-21 11:09:54.004655 | > DO_CALL (0.000s wait)
.2020-01-21 11:09:54.008874 | eval'd: drake::cmq_buildtargetmetadepsspecht_is_subtargetconfig
2020-01-21 11:09:58.000861 | > DO_CALL (0.001s wait)
.2020-01-21 11:09:58.005460 | eval'd: drake::cmq_buildtargetmetadepsspecht_is_subtargetconfig
2020-01-21 11:10:01.540030 | > DO_CALL (0.015s wait)
.2020-01-21 11:10:01.545462 | eval'd: drake::cmq_buildtargetmetadepsspecht_is_subtargetconfig
2020-01-21 11:10:05.004603 | > DO_CALL (0.000s wait)
.2020-01-21 11:10:05.008502 | eval'd: drake::cmq_buildtargetmetadepsspecht_is_subtargetconfig
2020-01-21 11:10:08.491272 | > DO_CALL (0.000s wait)
.2020-01-21 11:10:08.496129 | eval'd: drake::cmq_buildtargetmetadepsspecht_is_subtargetconfig
2020-01-21 11:10:11.957819 | > DO_CALL (0.001s wait)
.2020-01-21 11:10:11.963383 | eval'd: drake::cmq_buildtargetmetadepsspecht_is_subtargetconfig
2020-01-21 11:10:17.261844 | > DO_CALL (0.001s wait)
.2020-01-21 11:10:17.269032 | eval'd: drake::cmq_buildtargetmetadepsspecht_is_subtargetconfig
2020-01-21 11:10:20.800781 | > DO_CALL (0.001s wait)
.2020-01-21 11:10:20.804896 | eval'd: drake::cmq_buildtargetmetadepsspecht_is_subtargetconfig
2020-01-21 11:10:24.362094 | > DO_CALL (0.001s wait)
.2020-01-21 11:10:24.366727 | eval'd: drake::cmq_buildtargetmetadepsspecht_is_subtargetconfig
2020-01-21 11:10:27.807255 | > DO_CALL (0.000s wait)
.2020-01-21 11:10:27.812296 | eval'd: drake::cmq_buildtargetmetadepsspecht_is_subtargetconfig
2020-01-21 11:10:31.383167 | > DO_CALL (0.000s wait)
.2020-01-21 11:10:31.388501 | eval'd: drake::cmq_buildtargetmetadepsspecht_is_subtargetconfig
2020-01-21 11:10:35.007669 | > DO_CALL (0.000s wait)
.2020-01-21 11:10:35.011884 | eval'd: drake::cmq_buildtargetmetadepsspecht_is_subtargetconfig
2020-01-21 11:10:38.630020 | > DO_CALL (0.001s wait)
.2020-01-21 11:10:38.634957 | eval'd: drake::cmq_buildtargetmetadepsspecht_is_subtargetconfig
2020-01-21 11:10:42.252567 | > DO_CALL (0.000s wait)
.2020-01-21 11:10:42.258228 | eval'd: drake::cmq_buildtargetmetadepsspecht_is_subtargetconfig
2020-01-21 11:10:45.880467 | > DO_CALL (0.000s wait)
.2020-01-21 11:10:45.885650 | eval'd: drake::cmq_buildtargetmetadepsspecht_is_subtargetconfig
2020-01-21 11:10:49.307992 | > DO_CALL (0.001s wait)
.2020-01-21 11:10:49.312460 | eval'd: drake::cmq_buildtargetmetadepsspecht_is_subtargetconfig
2020-01-21 11:10:52.844624 | > DO_CALL (0.000s wait)
.2020-01-21 11:10:52.848590 | eval'd: drake::cmq_buildtargetmetadepsspecht_is_subtargetconfig
2020-01-21 11:10:57.206578 | > DO_CALL (0.000s wait)
.2020-01-21 11:10:57.212150 | eval'd: drake::cmq_buildtargetmetadepsspecht_is_subtargetconfig
2020-01-21 11:11:01.526771 | > DO_CALL (0.001s wait)
.2020-01-21 11:11:01.531418 | eval'd: drake::cmq_buildtargetmetadepsspecht_is_subtargetconfig
2020-01-21 11:11:05.222822 | > DO_CALL (0.001s wait)
.2020-01-21 11:11:05.227032 | eval'd: drake::cmq_buildtargetmetadepsspecht_is_subtargetconfig
2020-01-21 11:11:08.787960 | > DO_CALL (0.001s wait)
.2020-01-21 11:11:08.792374 | eval'd: drake::cmq_buildtargetmetadepsspecht_is_subtargetconfig
2020-01-21 11:11:12.345713 | > DO_CALL (0.001s wait)
.2020-01-21 11:11:12.350323 | eval'd: drake::cmq_buildtargetmetadepsspecht_is_subtargetconfig
2020-01-21 11:11:17.907318 | > DO_CALL (0.000s wait)
.2020-01-21 11:11:17.913842 | eval'd: drake::cmq_buildtargetmetadepsspecht_is_subtargetconfig
2020-01-21 11:11:21.496703 | > DO_CALL (0.001s wait)
.2020-01-21 11:11:21.501233 | eval'd: drake::cmq_buildtargetmetadepsspecht_is_subtargetconfig
2020-01-21 11:11:25.064550 | > DO_CALL (0.000s wait)
.2020-01-21 11:11:25.069740 | eval'd: drake::cmq_buildtargetmetadepsspecht_is_subtargetconfig
2020-01-21 11:11:28.510533 | > DO_CALL (0.000s wait)
.2020-01-21 11:11:28.515738 | eval'd: drake::cmq_buildtargetmetadepsspecht_is_subtargetconfig
2020-01-21 11:11:32.171194 | > DO_CALL (0.000s wait)
.2020-01-21 11:11:32.176523 | eval'd: drake::cmq_buildtargetmetadepsspecht_is_subtargetconfig
2020-01-21 11:11:35.902982 | > DO_CALL (0.001s wait)
.2020-01-21 11:11:35.907721 | eval'd: drake::cmq_buildtargetmetadepsspecht_is_subtargetconfig
2020-01-21 11:11:39.622639 | > DO_CALL (0.000s wait)
.2020-01-21 11:11:39.626616 | eval'd: drake::cmq_buildtargetmetadepsspecht_is_subtargetconfig
2020-01-21 11:11:43.307306 | > DO_CALL (0.000s wait)
.2020-01-21 11:11:43.312917 | eval'd: drake::cmq_buildtargetmetadepsspecht_is_subtargetconfig
2020-01-21 11:11:46.965993 | > DO_CALL (0.001s wait)
.2020-01-21 11:11:46.970740 | eval'd: drake::cmq_buildtargetmetadepsspecht_is_subtargetconfig
2020-01-21 11:11:50.518107 | > DO_CALL (0.001s wait)
.2020-01-21 11:11:50.525900 | eval'd: drake::cmq_buildtargetmetadepsspecht_is_subtargetconfig
2020-01-21 11:11:53.976814 | > DO_CALL (0.001s wait)
.2020-01-21 11:11:53.983194 | eval'd: drake::cmq_buildtargetmetadepsspecht_is_subtargetconfig
2020-01-21 11:11:58.298286 | > DO_CALL (0.000s wait)
.2020-01-21 11:11:58.304150 | eval'd: drake::cmq_buildtargetmetadepsspecht_is_subtargetconfig
2020-01-21 11:12:01.819708 | > DO_CALL (0.001s wait)
.2020-01-21 11:12:01.824930 | eval'd: drake::cmq_buildtargetmetadepsspecht_is_subtargetconfig
2020-01-21 11:12:05.900073 | > DO_CALL (0.001s wait)
.2020-01-21 11:12:05.905227 | eval'd: drake::cmq_buildtargetmetadepsspecht_is_subtargetconfig
2020-01-21 11:12:09.450736 | > DO_CALL (0.001s wait)
.2020-01-21 11:12:09.456725 | eval'd: drake::cmq_buildtargetmetadepsspecht_is_subtargetconfig
2020-01-21 11:12:12.893821 | > DO_CALL (0.001s wait)
.2020-01-21 11:12:12.899089 | eval'd: drake::cmq_buildtargetmetadepsspecht_is_subtargetconfig
2020-01-21 11:12:16.367670 | > DO_CALL (0.000s wait)
.2020-01-21 11:12:16.372127 | eval'd: drake::cmq_buildtargetmetadepsspecht_is_subtargetconfig
2020-01-21 11:12:21.660707 | > DO_CALL (0.001s wait)
.2020-01-21 11:12:21.669227 | eval'd: drake::cmq_buildtargetmetadepsspecht_is_subtargetconfig
2020-01-21 11:12:25.138333 | > DO_CALL (0.000s wait)
.2020-01-21 11:12:25.142879 | eval'd: drake::cmq_buildtargetmetadepsspecht_is_subtargetconfig
2020-01-21 11:12:28.603663 | > DO_CALL (0.000s wait)
.2020-01-21 11:12:28.609631 | eval'd: drake::cmq_buildtargetmetadepsspecht_is_subtargetconfig
2020-01-21 11:12:33.084946 | > DO_CALL (0.001s wait)
.2020-01-21 11:12:33.090503 | eval'd: drake::cmq_buildtargetmetadepsspecht_is_subtargetconfig
2020-01-21 11:12:36.513704 | > DO_CALL (0.001s wait)
.2020-01-21 11:12:36.518287 | eval'd: drake::cmq_buildtargetmetadepsspecht_is_subtargetconfig
2020-01-21 11:12:40.005924 | > DO_CALL (0.001s wait)
.2020-01-21 11:12:40.010818 | eval'd: drake::cmq_buildtargetmetadepsspecht_is_subtargetconfig
2020-01-21 11:12:43.500432 | > DO_CALL (0.000s wait)
.2020-01-21 11:12:43.506801 | eval'd: drake::cmq_buildtargetmetadepsspecht_is_subtargetconfig
2020-01-21 11:12:47.123517 | > DO_CALL (0.000s wait)
.2020-01-21 11:12:47.129250 | eval'd: drake::cmq_buildtargetmetadepsspecht_is_subtargetconfig
2020-01-21 11:12:50.606464 | > DO_CALL (0.000s wait)
.2020-01-21 11:12:50.610852 | eval'd: drake::cmq_buildtargetmetadepsspecht_is_subtargetconfig
2020-01-21 11:12:54.134668 | > DO_CALL (0.000s wait)
.2020-01-21 11:12:54.140636 | eval'd: drake::cmq_buildtargetmetadepsspecht_is_subtargetconfig
2020-01-21 11:12:57.678700 | > DO_CALL (0.001s wait)
.2020-01-21 11:12:57.684681 | eval'd: drake::cmq_buildtargetmetadepsspecht_is_subtargetconfig
2020-01-21 11:13:01.090191 | > DO_CALL (0.001s wait)
.2020-01-21 11:13:01.095798 | eval'd: drake::cmq_buildtargetmetadepsspecht_is_subtargetconfig
2020-01-21 11:13:04.448611 | > DO_CALL (0.000s wait)
.2020-01-21 11:13:04.454625 | eval'd: drake::cmq_buildtargetmetadepsspecht_is_subtargetconfig
2020-01-21 11:13:08.367837 | > DO_CALL (0.001s wait)
.2020-01-21 11:13:08.372557 | eval'd: drake::cmq_buildtargetmetadepsspecht_is_subtargetconfig
2020-01-21 11:13:11.974726 | > DO_CALL (0.001s wait)
.2020-01-21 11:13:11.981418 | eval'd: drake::cmq_buildtargetmetadepsspecht_is_subtargetconfig
2020-01-21 11:13:15.644885 | > DO_CALL (0.001s wait)
.2020-01-21 11:13:15.649697 | eval'd: drake::cmq_buildtargetmetadepsspecht_is_subtargetconfig
2020-01-21 11:13:19.150986 | > DO_CALL (0.001s wait)
.2020-01-21 11:13:19.155920 | eval'd: drake::cmq_buildtargetmetadepsspecht_is_subtargetconfig
2020-01-21 11:13:24.312742 | > DO_CALL (0.001s wait)
.2020-01-21 11:13:24.322836 | eval'd: drake::cmq_buildtargetmetadepsspecht_is_subtargetconfig
2020-01-21 11:13:27.780597 | > DO_CALL (0.000s wait)
.2020-01-21 11:13:27.786517 | eval'd: drake::cmq_buildtargetmetadepsspecht_is_subtargetconfig
2020-01-21 11:13:31.445171 | > DO_CALL (0.001s wait)
.2020-01-21 11:13:31.451147 | eval'd: drake::cmq_buildtargetmetadepsspecht_is_subtargetconfig
2020-01-21 11:13:34.954583 | > DO_CALL (0.000s wait)
.2020-01-21 11:13:34.960298 | eval'd: drake::cmq_buildtargetmetadepsspecht_is_subtargetconfig
2020-01-21 11:13:38.359368 | > DO_CALL (0.000s wait)
.2020-01-21 11:13:38.364962 | eval'd: drake::cmq_buildtargetmetadepsspecht_is_subtargetconfig
2020-01-21 11:13:41.851572 | > DO_CALL (0.000s wait)
.2020-01-21 11:13:41.858554 | eval'd: drake::cmq_buildtargetmetadepsspecht_is_subtargetconfig
2020-01-21 11:13:46.137615 | > DO_CALL (0.000s wait)
.2020-01-21 11:13:46.141945 | eval'd: drake::cmq_buildtargetmetadepsspecht_is_subtargetconfig
2020-01-21 11:13:49.643779 | > DO_CALL (0.001s wait)
.2020-01-21 11:13:49.649986 | eval'd: drake::cmq_buildtargetmetadepsspecht_is_subtargetconfig
2020-01-21 11:13:53.202102 | > DO_CALL (0.001s wait)
.2020-01-21 11:13:53.207906 | eval'd: drake::cmq_buildtargetmetadepsspecht_is_subtargetconfig
2020-01-21 11:13:56.710780 | > DO_CALL (0.001s wait)
.2020-01-21 11:13:56.715435 | eval'd: drake::cmq_buildtargetmetadepsspecht_is_subtargetconfig
2020-01-21 11:14:00.234395 | > DO_CALL (0.001s wait)
.2020-01-21 11:14:00.240108 | eval'd: drake::cmq_buildtargetmetadepsspecht_is_subtargetconfig
2020-01-21 11:14:03.630742 | > DO_CALL (0.001s wait)
.2020-01-21 11:14:03.635580 | eval'd: drake::cmq_buildtargetmetadepsspecht_is_subtargetconfig
2020-01-21 11:14:07.126606 | > DO_CALL (0.000s wait)
.2020-01-21 11:14:07.130984 | eval'd: drake::cmq_buildtargetmetadepsspecht_is_subtargetconfig
2020-01-21 11:14:11.299634 | > DO_CALL (0.000s wait)
.2020-01-21 11:14:11.304519 | eval'd: drake::cmq_buildtargetmetadepsspecht_is_subtargetconfig
2020-01-21 11:14:14.608955 | > DO_CALL (0.001s wait)
.2020-01-21 11:14:14.613891 | eval'd: drake::cmq_buildtargetmetadepsspecht_is_subtargetconfig
2020-01-21 11:14:18.058227 | > DO_CALL (0.001s wait)
.2020-01-21 11:14:18.063624 | eval'd: drake::cmq_buildtargetmetadepsspecht_is_subtargetconfig
2020-01-21 11:14:22.336870 | > DO_CALL (0.001s wait)
.
2020-01-21 11:14:22.361718 | eval'd: drake::cmq_buildtargetmetadepsspecht_is_subtargetconfig
2020-01-21 11:14:27.704135 | > DO_CALL (0.001s wait)
.2020-01-21 11:14:27.710871 | eval'd: drake::cmq_buildtargetmetadepsspecht_is_subtargetconfig
2020-01-21 11:14:31.421166 | > DO_CALL (0.001s wait)
.2020-01-21 11:14:31.427058 | eval'd: drake::cmq_buildtargetmetadepsspecht_is_subtargetconfig
2020-01-21 11:14:34.865185 | > DO_CALL (0.001s wait)
.2020-01-21 11:14:34.870459 | eval'd: drake::cmq_buildtargetmetadepsspecht_is_subtargetconfig
2020-01-21 11:14:38.294454 | > DO_CALL (0.000s wait)
.2020-01-21 11:14:38.300014 | eval'd: drake::cmq_buildtargetmetadepsspecht_is_subtargetconfig
2020-01-21 11:14:41.887660 | > DO_CALL (0.000s wait)
.2020-01-21 11:14:41.892718 | eval'd: drake::cmq_buildtargetmetadepsspecht_is_subtargetconfig
2020-01-21 11:14:45.323767 | > DO_CALL (0.001s wait)
.2020-01-21 11:14:45.330087 | eval'd: drake::cmq_buildtargetmetadepsspecht_is_subtargetconfig
2020-01-21 11:14:48.649152 | > DO_CALL (0.001s wait)
.2020-01-21 11:14:48.654549 | eval'd: drake::cmq_buildtargetmetadepsspecht_is_subtargetconfig
2020-01-21 11:14:51.982307 | > DO_CALL (0.000s wait)
.2020-01-21 11:14:51.988601 | eval'd: drake::cmq_buildtargetmetadepsspecht_is_subtargetconfig
2020-01-21 11:14:55.368618 | > DO_CALL (0.000s wait)
.2020-01-21 11:14:55.374510 | eval'd: drake::cmq_buildtargetmetadepsspecht_is_subtargetconfig
2020-01-21 11:14:58.897535 | > DO_CALL (0.000s wait)
.2020-01-21 11:14:58.903380 | eval'd: drake::cmq_buildtargetmetadepsspecht_is_subtargetconfig
2020-01-21 11:15:02.248473 | > DO_CALL (0.000s wait)
.2020-01-21 11:15:02.254156 | eval'd: drake::cmq_buildtargetmetadepsspecht_is_subtargetconfig
2020-01-21 11:15:05.718522 | > DO_CALL (0.000s wait)
.2020-01-21 11:15:05.724515 | eval'd: drake::cmq_buildtargetmetadepsspecht_is_subtargetconfig
2020-01-21 11:15:09.192623 | > DO_CALL (0.000s wait)
.2020-01-21 11:15:09.196999 | eval'd: drake::cmq_buildtargetmetadepsspecht_is_subtargetconfig
2020-01-21 11:15:13.240805 | > DO_CALL (0.001s wait)
.2020-01-21 11:15:13.246764 | eval'd: drake::cmq_buildtargetmetadepsspecht_is_subtargetconfig
2020-01-21 11:15:16.828694 | > DO_CALL (0.001s wait)
.2020-01-21 11:15:16.833192 | eval'd: drake::cmq_buildtargetmetadepsspecht_is_subtargetconfig
2020-01-21 11:15:21.051859 | > DO_CALL (0.001s wait)
.2020-01-21 11:15:21.056662 | eval'd: drake::cmq_buildtargetmetadepsspecht_is_subtargetconfig
2020-01-21 11:15:24.390226 | > DO_CALL (0.001s wait)
.2020-01-21 11:15:24.395512 | eval'd: drake::cmq_buildtargetmetadepsspecht_is_subtargetconfig
2020-01-21 11:15:29.986714 | > DO_CALL (0.001s wait)
.2020-01-21 11:15:29.992794 | eval'd: drake::cmq_buildtargetmetadepsspecht_is_subtargetconfig
2020-01-21 11:15:33.444847 | > DO_CALL (0.001s wait)
.2020-01-21 11:15:33.450154 | eval'd: drake::cmq_buildtargetmetadepsspecht_is_subtargetconfig
2020-01-21 11:15:36.760886 | > DO_CALL (0.000s wait)
.2020-01-21 11:15:36.765185 | eval'd: drake::cmq_buildtargetmetadepsspecht_is_subtargetconfig
2020-01-21 11:15:40.184617 | > DO_CALL (0.000s wait)
.2020-01-21 11:15:40.189558 | eval'd: drake::cmq_buildtargetmetadepsspecht_is_subtargetconfig
2020-01-21 11:15:43.650006 | > DO_CALL (0.001s wait)
.2020-01-21 11:15:43.655091 | eval'd: drake::cmq_buildtargetmetadepsspecht_is_subtargetconfig
2020-01-21 11:15:47.234752 | > DO_CALL (0.001s wait)
.2020-01-21 11:15:47.239293 | eval'd: drake::cmq_buildtargetmetadepsspecht_is_subtargetconfig
2020-01-21 11:15:51.403367 | > DO_CALL (0.000s wait)
.2020-01-21 11:15:51.409247 | eval'd: drake::cmq_buildtargetmetadepsspecht_is_subtargetconfig
2020-01-21 11:15:54.765474 | > DO_CALL (0.000s wait)
.2020-01-21 11:15:54.771001 | eval'd: drake::cmq_buildtargetmetadepsspecht_is_subtargetconfig
2020-01-21 11:15:58.138607 | > DO_CALL (0.000s wait)
.2020-01-21 11:15:58.142923 | eval'd: drake::cmq_buildtargetmetadepsspecht_is_subtargetconfig
2020-01-21 11:16:01.529962 | > DO_CALL (0.001s wait)
.2020-01-21 11:16:01.536920 | eval'd: drake::cmq_buildtargetmetadepsspecht_is_subtargetconfig
2020-01-21 11:16:04.825542 | > DO_CALL (0.000s wait)
.2020-01-21 11:16:04.829549 | eval'd: drake::cmq_buildtargetmetadepsspecht_is_subtargetconfig
2020-01-21 11:16:08.291766 | > DO_CALL (0.001s wait)
.2020-01-21 11:16:08.296338 | eval'd: drake::cmq_buildtargetmetadepsspecht_is_subtargetconfig
2020-01-21 11:16:11.692177 | > DO_CALL (0.001s wait)
.2020-01-21 11:16:11.697979 | eval'd: drake::cmq_buildtargetmetadepsspecht_is_subtargetconfig
2020-01-21 11:16:15.510080 | > DO_CALL (0.001s wait)
.2020-01-21 11:16:15.514827 | eval'd: drake::cmq_buildtargetmetadepsspecht_is_subtargetconfig
2020-01-21 11:16:18.882057 | > DO_CALL (0.001s wait)
.2020-01-21 11:16:18.887344 | eval'd: drake::cmq_buildtargetmetadepsspecht_is_subtargetconfig
2020-01-21 11:16:22.340486 | > DO_CALL (0.000s wait)
.2020-01-21 11:16:22.345074 | eval'd: drake::cmq_buildtargetmetadepsspecht_is_subtargetconfig
2020-01-21 11:16:25.728488 | > DO_CALL (0.000s wait)
.2020-01-21 11:16:25.733857 | eval'd: drake::cmq_buildtargetmetadepsspecht_is_subtargetconfig
2020-01-21 11:16:29.165309 | > DO_CALL (0.000s wait)
.2020-01-21 11:16:29.171089 | eval'd: drake::cmq_buildtargetmetadepsspecht_is_subtargetconfig
2020-01-21 11:16:34.196517 | > DO_CALL (0.000s wait)
.2020-01-21 11:16:34.203551 | eval'd: drake::cmq_buildtargetmetadepsspecht_is_subtargetconfig
2020-01-21 11:16:37.644555 | > DO_CALL (0.000s wait)
.2020-01-21 11:16:37.648536 | eval'd: drake::cmq_buildtargetmetadepsspecht_is_subtargetconfig
2020-01-21 11:16:41.904783 | > DO_CALL (0.001s wait)
.2020-01-21 11:16:41.910637 | eval'd: drake::cmq_buildtargetmetadepsspecht_is_subtargetconfig
2020-01-21 11:16:45.215578 | > DO_CALL (0.000s wait)
.2020-01-21 11:16:45.220955 | eval'd: drake::cmq_buildtargetmetadepsspecht_is_subtargetconfig
2020-01-21 11:16:48.653243 | > DO_CALL (0.001s wait)
.2020-01-21 11:16:48.658163 | eval'd: drake::cmq_buildtargetmetadepsspecht_is_subtargetconfig
2020-01-21 11:16:52.162691 | > DO_CALL (0.001s wait)
.2020-01-21 11:16:52.167398 | eval'd: drake::cmq_buildtargetmetadepsspecht_is_subtargetconfig
2020-01-21 11:16:55.496614 | > DO_CALL (0.000s wait)
.2020-01-21 11:16:55.500731 | eval'd: drake::cmq_buildtargetmetadepsspecht_is_subtargetconfig
2020-01-21 11:16:58.766266 | > WORKER_WAIT (0.000s wait)
2020-01-21 11:16:58.766753 | waiting 2.50s
2020-01-21 11:19:41.996434 | > WORKER_WAIT (0.000s wait)
2020-01-21 11:19:42.001065 | waiting 2.50s
Error in clustermq:::worker("tcp://c24a-s1:7958") : 
  Timeout reached, terminating
Execution halted
