2020-01-21 10:12:28.995014 | Master: tcp://c30a-s2:6917
2020-01-21 10:12:29.018792 | WORKER_UP to: tcp://c30a-s2:6917
2020-01-21 10:12:31.610841 | > DO_SETUP (2.074s wait)
2020-01-21 10:12:31.611742 | token from msg: set_common_data_token
2020-01-21 10:12:31.680921 | > DO_CALL (0.001s wait)
.* Option 'clustermq.scheduler' not set, defaulting to ‘SLURM’
--- see: https://mschubert.github.io/clustermq/articles/userguide.html#configuration
2020-01-21 10:12:32.036392 | eval'd: drake::cmq_buildtargetmetadepsspecht_is_subtargetconfig
2020-01-21 10:12:32.886556 | > DO_CALL (0.000s wait)
.2020-01-21 10:12:33.061184 | eval'd: drake::cmq_buildtargetmetadepsspecht_is_subtargetconfig
2020-01-21 10:12:34.930112 | > DO_CALL (0.001s wait)
.2020-01-21 10:12:34.935729 | eval'd: drake::cmq_buildtargetmetadepsspecht_is_subtargetconfig
2020-01-21 10:12:37.592856 | > DO_CALL (0.001s wait)
.2020-01-21 10:12:37.598686 | eval'd: drake::cmq_buildtargetmetadepsspecht_is_subtargetconfig
2020-01-21 10:12:39.472059 | > DO_CALL (0.001s wait)
.2020-01-21 10:12:39.478131 | eval'd: drake::cmq_buildtargetmetadepsspecht_is_subtargetconfig
2020-01-21 10:12:41.313812 | > DO_CALL (0.001s wait)
.2020-01-21 10:12:41.320196 | eval'd: drake::cmq_buildtargetmetadepsspecht_is_subtargetconfig
2020-01-21 10:12:43.277008 | > DO_CALL (0.001s wait)
.2020-01-21 10:12:43.282963 | eval'd: drake::cmq_buildtargetmetadepsspecht_is_subtargetconfig
2020-01-21 10:12:44.962385 | > DO_CALL (0.001s wait)
.2020-01-21 10:12:44.968384 | eval'd: drake::cmq_buildtargetmetadepsspecht_is_subtargetconfig
2020-01-21 10:12:46.689872 | > DO_CALL (0.001s wait)
.2020-01-21 10:12:46.695960 | eval'd: drake::cmq_buildtargetmetadepsspecht_is_subtargetconfig
2020-01-21 10:12:48.363880 | > DO_CALL (0.001s wait)
.2020-01-21 10:12:48.369929 | eval'd: drake::cmq_buildtargetmetadepsspecht_is_subtargetconfig
2020-01-21 10:12:50.437571 | > DO_CALL (0.000s wait)
.2020-01-21 10:12:50.443683 | eval'd: drake::cmq_buildtargetmetadepsspecht_is_subtargetconfig
2020-01-21 10:12:52.332102 | > DO_CALL (0.001s wait)
.2020-01-21 10:12:52.339085 | eval'd: drake::cmq_buildtargetmetadepsspecht_is_subtargetconfig
2020-01-21 10:12:53.852899 | > DO_CALL (0.001s wait)
.2020-01-21 10:12:53.859838 | eval'd: drake::cmq_buildtargetmetadepsspecht_is_subtargetconfig
2020-01-21 10:12:55.596243 | > DO_CALL (0.001s wait)
.2020-01-21 10:12:55.603156 | eval'd: drake::cmq_buildtargetmetadepsspecht_is_subtargetconfig
2020-01-21 10:12:57.501022 | > DO_CALL (0.001s wait)
.2020-01-21 10:12:57.508093 | eval'd: drake::cmq_buildtargetmetadepsspecht_is_subtargetconfig
2020-01-21 10:12:59.424692 | > DO_CALL (0.001s wait)
.2020-01-21 10:12:59.431634 | eval'd: drake::cmq_buildtargetmetadepsspecht_is_subtargetconfig
2020-01-21 10:13:01.202815 | > DO_CALL (0.001s wait)
.2020-01-21 10:13:01.209739 | eval'd: drake::cmq_buildtargetmetadepsspecht_is_subtargetconfig
2020-01-21 10:13:02.954333 | > DO_CALL (0.001s wait)
.2020-01-21 10:13:02.961314 | eval'd: drake::cmq_buildtargetmetadepsspecht_is_subtargetconfig
2020-01-21 10:13:04.744248 | > DO_CALL (0.001s wait)
.
2020-01-21 10:13:04.751403 | eval'd: drake::cmq_buildtargetmetadepsspecht_is_subtargetconfig
2020-01-21 10:13:06.450144 | > DO_CALL (0.001s wait)
.2020-01-21 10:13:06.457230 | eval'd: drake::cmq_buildtargetmetadepsspecht_is_subtargetconfig
2020-01-21 10:13:08.291738 | > DO_CALL (0.001s wait)
.2020-01-21 10:13:08.299238 | eval'd: drake::cmq_buildtargetmetadepsspecht_is_subtargetconfig
2020-01-21 10:13:09.922831 | > DO_CALL (0.001s wait)
.2020-01-21 10:13:09.929517 | eval'd: drake::cmq_buildtargetmetadepsspecht_is_subtargetconfig
2020-01-21 10:13:11.888843 | > DO_CALL (0.001s wait)
.2020-01-21 10:13:11.895567 | eval'd: drake::cmq_buildtargetmetadepsspecht_is_subtargetconfig
2020-01-21 10:13:13.831085 | > DO_CALL (0.001s wait)
.2020-01-21 10:13:13.837897 | eval'd: drake::cmq_buildtargetmetadepsspecht_is_subtargetconfig
2020-01-21 10:13:15.943333 | > DO_CALL (0.001s wait)
.2020-01-21 10:13:15.950019 | eval'd: drake::cmq_buildtargetmetadepsspecht_is_subtargetconfig
2020-01-21 10:13:17.893819 | > DO_CALL (0.001s wait)
.2020-01-21 10:13:17.900451 | eval'd: drake::cmq_buildtargetmetadepsspecht_is_subtargetconfig
2020-01-21 10:13:19.643605 | > DO_CALL (0.000s wait)
.2020-01-21 10:13:19.650234 | eval'd: drake::cmq_buildtargetmetadepsspecht_is_subtargetconfig
2020-01-21 10:13:22.061294 | > DO_CALL (0.001s wait)
.2020-01-21 10:13:22.067845 | eval'd: drake::cmq_buildtargetmetadepsspecht_is_subtargetconfig
2020-01-21 10:13:24.211377 | > DO_CALL (0.001s wait)
.2020-01-21 10:13:24.218350 | eval'd: drake::cmq_buildtargetmetadepsspecht_is_subtargetconfig
2020-01-21 10:13:25.823251 | > DO_CALL (0.001s wait)
.2020-01-21 10:13:25.834843 | eval'd: drake::cmq_buildtargetmetadepsspecht_is_subtargetconfig
2020-01-21 10:13:27.616895 | > DO_CALL (0.001s wait)
.2020-01-21 10:13:27.622144 | eval'd: drake::cmq_buildtargetmetadepsspecht_is_subtargetconfig
2020-01-21 10:13:29.417808 | > DO_CALL (0.001s wait)
.2020-01-21 10:13:29.424929 | eval'd: drake::cmq_buildtargetmetadepsspecht_is_subtargetconfig
2020-01-21 10:13:31.226928 | > DO_CALL (0.001s wait)
.2020-01-21 10:13:31.232195 | eval'd: drake::cmq_buildtargetmetadepsspecht_is_subtargetconfig
2020-01-21 10:13:33.124416 | > DO_CALL (0.000s wait)
.2020-01-21 10:13:33.129587 | eval'd: drake::cmq_buildtargetmetadepsspecht_is_subtargetconfig
2020-01-21 10:13:35.428896 | > DO_CALL (0.001s wait)
.2020-01-21 10:13:35.434858 | eval'd: drake::cmq_buildtargetmetadepsspecht_is_subtargetconfig
2020-01-21 10:13:37.246767 | > DO_CALL (0.001s wait)
.2020-01-21 10:13:37.252049 | eval'd: drake::cmq_buildtargetmetadepsspecht_is_subtargetconfig
2020-01-21 10:13:39.051662 | > DO_CALL (0.000s wait)
.2020-01-21 10:13:39.056932 | eval'd: drake::cmq_buildtargetmetadepsspecht_is_subtargetconfig
2020-01-21 10:13:41.221871 | > DO_CALL (0.001s wait)
.2020-01-21 10:13:41.227198 | eval'd: drake::cmq_buildtargetmetadepsspecht_is_subtargetconfig
2020-01-21 10:13:42.886143 | > DO_CALL (0.001s wait)
.2020-01-21 10:13:42.891456 | eval'd: drake::cmq_buildtargetmetadepsspecht_is_subtargetconfig
2020-01-21 10:13:44.628992 | > DO_CALL (0.001s wait)
.2020-01-21 10:13:44.634840 | eval'd: drake::cmq_buildtargetmetadepsspecht_is_subtargetconfig
2020-01-21 10:13:46.208461 | > DO_CALL (0.000s wait)
.2020-01-21 10:13:46.213762 | eval'd: drake::cmq_buildtargetmetadepsspecht_is_subtargetconfig
2020-01-21 10:13:47.696261 | > DO_CALL (0.001s wait)
.2020-01-21 10:13:47.701518 | eval'd: drake::cmq_buildtargetmetadepsspecht_is_subtargetconfig
2020-01-21 10:13:49.317276 | > DO_CALL (0.001s wait)
.2020-01-21 10:13:49.322510 | eval'd: drake::cmq_buildtargetmetadepsspecht_is_subtargetconfig
2020-01-21 10:13:50.820096 | > DO_CALL (0.001s wait)
.2020-01-21 10:13:50.825331 | eval'd: drake::cmq_buildtargetmetadepsspecht_is_subtargetconfig
2020-01-21 10:13:52.500874 | > DO_CALL (0.001s wait)
.2020-01-21 10:13:52.506176 | eval'd: drake::cmq_buildtargetmetadepsspecht_is_subtargetconfig
2020-01-21 10:13:54.126376 | > DO_CALL (0.000s wait)
.2020-01-21 10:13:54.131624 | eval'd: drake::cmq_buildtargetmetadepsspecht_is_subtargetconfig
2020-01-21 10:13:55.725777 | > DO_CALL (0.001s wait)
.2020-01-21 10:13:55.731060 | eval'd: drake::cmq_buildtargetmetadepsspecht_is_subtargetconfig
2020-01-21 10:13:57.420399 | > DO_CALL (0.000s wait)
.2020-01-21 10:13:57.425664 | eval'd: drake::cmq_buildtargetmetadepsspecht_is_subtargetconfig
2020-01-21 10:13:59.052825 | > DO_CALL (0.001s wait)
.2020-01-21 10:13:59.058053 | eval'd: drake::cmq_buildtargetmetadepsspecht_is_subtargetconfig
2020-01-21 10:14:01.053415 | > DO_CALL (0.000s wait)
.2020-01-21 10:14:01.058730 | eval'd: drake::cmq_buildtargetmetadepsspecht_is_subtargetconfig
2020-01-21 10:14:02.908105 | > DO_CALL (0.001s wait)
.2020-01-21 10:14:02.913392 | eval'd: drake::cmq_buildtargetmetadepsspecht_is_subtargetconfig
2020-01-21 10:14:04.694564 | > DO_CALL (0.000s wait)
.2020-01-21 10:14:04.700558 | eval'd: drake::cmq_buildtargetmetadepsspecht_is_subtargetconfig
2020-01-21 10:14:06.531969 | > DO_CALL (0.001s wait)
.2020-01-21 10:14:06.543370 | eval'd: drake::cmq_buildtargetmetadepsspecht_is_subtargetconfig
2020-01-21 10:14:08.287820 | > DO_CALL (0.001s wait)
.2020-01-21 10:14:08.293148 | eval'd: drake::cmq_buildtargetmetadepsspecht_is_subtargetconfig
2020-01-21 10:14:10.106339 | > DO_CALL (0.000s wait)
.2020-01-21 10:14:10.111512 | eval'd: drake::cmq_buildtargetmetadepsspecht_is_subtargetconfig
2020-01-21 10:14:11.817368 | > DO_CALL (0.000s wait)
.2020-01-21 10:14:11.822747 | eval'd: drake::cmq_buildtargetmetadepsspecht_is_subtargetconfig
2020-01-21 10:14:13.374269 | > DO_CALL (0.001s wait)
.2020-01-21 10:14:13.379554 | eval'd: drake::cmq_buildtargetmetadepsspecht_is_subtargetconfig
2020-01-21 10:14:15.025068 | > DO_CALL (0.001s wait)
.2020-01-21 10:14:15.030403 | eval'd: drake::cmq_buildtargetmetadepsspecht_is_subtargetconfig
2020-01-21 10:14:16.534278 | > DO_CALL (0.001s wait)
.2020-01-21 10:14:16.539561 | eval'd: drake::cmq_buildtargetmetadepsspecht_is_subtargetconfig
2020-01-21 10:14:18.351837 | > DO_CALL (0.001s wait)
.2020-01-21 10:14:18.357165 | eval'd: drake::cmq_buildtargetmetadepsspecht_is_subtargetconfig
2020-01-21 10:14:19.763377 | > DO_CALL (0.000s wait)
.2020-01-21 10:14:19.768671 | eval'd: drake::cmq_buildtargetmetadepsspecht_is_subtargetconfig
2020-01-21 10:14:21.196997 | > DO_CALL (0.001s wait)
.2020-01-21 10:14:21.202306 | eval'd: drake::cmq_buildtargetmetadepsspecht_is_subtargetconfig
2020-01-21 10:14:23.232446 | > DO_CALL (0.000s wait)
.2020-01-21 10:14:23.237796 | eval'd: drake::cmq_buildtargetmetadepsspecht_is_subtargetconfig
2020-01-21 10:14:25.727771 | > DO_CALL (0.001s wait)
.2020-01-21 10:14:25.733053 | eval'd: drake::cmq_buildtargetmetadepsspecht_is_subtargetconfig
2020-01-21 10:14:26.977346 | > DO_CALL (0.000s wait)
.2020-01-21 10:14:26.982728 | eval'd: drake::cmq_buildtargetmetadepsspecht_is_subtargetconfig
2020-01-21 10:14:28.775626 | > DO_CALL (0.000s wait)
.2020-01-21 10:14:28.780858 | eval'd: drake::cmq_buildtargetmetadepsspecht_is_subtargetconfig
2020-01-21 10:14:30.174350 | > DO_CALL (0.000s wait)
.2020-01-21 10:14:30.181144 | eval'd: drake::cmq_buildtargetmetadepsspecht_is_subtargetconfig
2020-01-21 10:14:31.521750 | > DO_CALL (0.001s wait)
.2020-01-21 10:14:31.526976 | eval'd: drake::cmq_buildtargetmetadepsspecht_is_subtargetconfig
2020-01-21 10:14:33.060960 | > DO_CALL (0.001s wait)
.2020-01-21 10:14:33.066237 | eval'd: drake::cmq_buildtargetmetadepsspecht_is_subtargetconfig
2020-01-21 10:14:34.400515 | > DO_CALL (0.000s wait)
.2020-01-21 10:14:34.406260 | eval'd: drake::cmq_buildtargetmetadepsspecht_is_subtargetconfig
2020-01-21 10:14:35.774638 | > DO_CALL (0.000s wait)
.2020-01-21 10:14:35.783215 | eval'd: drake::cmq_buildtargetmetadepsspecht_is_subtargetconfig
2020-01-21 10:14:37.275040 | > DO_CALL (0.001s wait)
.2020-01-21 10:14:37.296766 | eval'd: drake::cmq_buildtargetmetadepsspecht_is_subtargetconfig
2020-01-21 10:14:38.742444 | > DO_CALL (0.000s wait)
.2020-01-21 10:14:38.748323 | eval'd: drake::cmq_buildtargetmetadepsspecht_is_subtargetconfig
2020-01-21 10:14:40.272371 | > DO_CALL (0.000s wait)
.2020-01-21 10:14:40.278264 | eval'd: drake::cmq_buildtargetmetadepsspecht_is_subtargetconfig
2020-01-21 10:14:41.921432 | > DO_CALL (0.000s wait)
.2020-01-21 10:14:41.927098 | eval'd: drake::cmq_buildtargetmetadepsspecht_is_subtargetconfig
2020-01-21 10:14:43.621749 | > DO_CALL (0.001s wait)
.2020-01-21 10:14:43.627676 | eval'd: drake::cmq_buildtargetmetadepsspecht_is_subtargetconfig
2020-01-21 10:14:45.110502 | > DO_CALL (0.000s wait)
.2020-01-21 10:14:45.116389 | eval'd: drake::cmq_buildtargetmetadepsspecht_is_subtargetconfig
2020-01-21 10:14:46.615736 | > DO_CALL (0.001s wait)
.2020-01-21 10:14:46.621786 | eval'd: drake::cmq_buildtargetmetadepsspecht_is_subtargetconfig
2020-01-21 10:14:48.133652 | > DO_CALL (0.000s wait)
.2020-01-21 10:14:48.139782 | eval'd: drake::cmq_buildtargetmetadepsspecht_is_subtargetconfig
2020-01-21 10:14:49.481297 | > DO_CALL (0.001s wait)
.2020-01-21 10:14:49.487175 | eval'd: drake::cmq_buildtargetmetadepsspecht_is_subtargetconfig
2020-01-21 10:14:51.149205 | > DO_CALL (0.001s wait)
.2020-01-21 10:14:51.155147 | eval'd: drake::cmq_buildtargetmetadepsspecht_is_subtargetconfig
2020-01-21 10:14:52.659143 | > DO_CALL (0.001s wait)
.2020-01-21 10:14:52.664751 | eval'd: drake::cmq_buildtargetmetadepsspecht_is_subtargetconfig
2020-01-21 10:14:53.961523 | > DO_CALL (0.000s wait)
.2020-01-21 10:14:53.966869 | eval'd: drake::cmq_buildtargetmetadepsspecht_is_subtargetconfig
2020-01-21 10:14:55.772389 | > DO_CALL (0.000s wait)
.2020-01-21 10:14:55.777743 | eval'd: drake::cmq_buildtargetmetadepsspecht_is_subtargetconfig
2020-01-21 10:14:57.226434 | > DO_CALL (0.000s wait)
.2020-01-21 10:14:57.231718 | eval'd: drake::cmq_buildtargetmetadepsspecht_is_subtargetconfig
2020-01-21 10:14:58.600499 | > DO_CALL (0.000s wait)
.2020-01-21 10:14:58.605794 | eval'd: drake::cmq_buildtargetmetadepsspecht_is_subtargetconfig
2020-01-21 10:14:59.945832 | > DO_CALL (0.001s wait)
.2020-01-21 10:14:59.951147 | eval'd: drake::cmq_buildtargetmetadepsspecht_is_subtargetconfig
2020-01-21 10:15:01.490720 | > DO_CALL (0.011s wait)
.2020-01-21 10:15:01.496227 | eval'd: drake::cmq_buildtargetmetadepsspecht_is_subtargetconfig
2020-01-21 10:15:02.839191 | > DO_CALL (0.001s wait)
.2020-01-21 10:15:02.844462 | eval'd: drake::cmq_buildtargetmetadepsspecht_is_subtargetconfig
2020-01-21 10:15:04.436975 | > DO_CALL (0.001s wait)
.2020-01-21 10:15:04.442747 | eval'd: drake::cmq_buildtargetmetadepsspecht_is_subtargetconfig
2020-01-21 10:15:05.853643 | > DO_CALL (0.000s wait)
.2020-01-21 10:15:05.859018 | eval'd: drake::cmq_buildtargetmetadepsspecht_is_subtargetconfig
2020-01-21 10:15:07.176841 | > DO_CALL (0.001s wait)
.2020-01-21 10:15:07.182195 | eval'd: drake::cmq_buildtargetmetadepsspecht_is_subtargetconfig
2020-01-21 10:15:08.706501 | > DO_CALL (0.000s wait)
.2020-01-21 10:15:08.711740 | eval'd: drake::cmq_buildtargetmetadepsspecht_is_subtargetconfig
2020-01-21 10:15:10.044329 | > DO_CALL (0.000s wait)
.2020-01-21 10:15:10.049762 | eval'd: drake::cmq_buildtargetmetadepsspecht_is_subtargetconfig
2020-01-21 10:15:11.509759 | > DO_CALL (0.001s wait)
.2020-01-21 10:15:11.515100 | eval'd: drake::cmq_buildtargetmetadepsspecht_is_subtargetconfig
2020-01-21 10:15:12.821269 | > DO_CALL (0.001s wait)
.2020-01-21 10:15:12.826526 | eval'd: drake::cmq_buildtargetmetadepsspecht_is_subtargetconfig
2020-01-21 10:15:14.348512 | > DO_CALL (0.000s wait)
.2020-01-21 10:15:14.354210 | eval'd: drake::cmq_buildtargetmetadepsspecht_is_subtargetconfig
2020-01-21 10:15:15.590548 | > DO_CALL (0.000s wait)
.
2020-01-21 10:15:15.595961 | eval'd: drake::cmq_buildtargetmetadepsspecht_is_subtargetconfig
2020-01-21 10:15:16.914988 | > DO_CALL (0.001s wait)
.2020-01-21 10:15:16.920340 | eval'd: drake::cmq_buildtargetmetadepsspecht_is_subtargetconfig
2020-01-21 10:15:18.276641 | > DO_CALL (0.000s wait)
.2020-01-21 10:15:18.281963 | eval'd: drake::cmq_buildtargetmetadepsspecht_is_subtargetconfig
2020-01-21 10:15:19.552771 | > DO_CALL (0.006s wait)
.2020-01-21 10:15:19.558154 | eval'd: drake::cmq_buildtargetmetadepsspecht_is_subtargetconfig
2020-01-21 10:15:20.928727 | > DO_CALL (0.001s wait)
.2020-01-21 10:15:20.934078 | eval'd: drake::cmq_buildtargetmetadepsspecht_is_subtargetconfig
2020-01-21 10:15:22.201436 | > DO_CALL (0.000s wait)
.2020-01-21 10:15:22.206759 | eval'd: drake::cmq_buildtargetmetadepsspecht_is_subtargetconfig
2020-01-21 10:15:23.700389 | > DO_CALL (0.000s wait)
.2020-01-21 10:15:23.705726 | eval'd: drake::cmq_buildtargetmetadepsspecht_is_subtargetconfig
2020-01-21 10:15:25.946445 | > DO_CALL (0.000s wait)
.2020-01-21 10:15:25.951714 | eval'd: drake::cmq_buildtargetmetadepsspecht_is_subtargetconfig
2020-01-21 10:15:28.002168 | > DO_CALL (0.001s wait)
.2020-01-21 10:15:28.007488 | eval'd: drake::cmq_buildtargetmetadepsspecht_is_subtargetconfig
2020-01-21 10:15:29.327456 | > DO_CALL (0.000s wait)
.2020-01-21 10:15:29.332835 | eval'd: drake::cmq_buildtargetmetadepsspecht_is_subtargetconfig
2020-01-21 10:15:30.947067 | > DO_CALL (0.001s wait)
.2020-01-21 10:15:30.954453 | eval'd: drake::cmq_buildtargetmetadepsspecht_is_subtargetconfig
2020-01-21 10:15:32.329550 | > DO_CALL (0.000s wait)
.2020-01-21 10:15:32.334886 | eval'd: drake::cmq_buildtargetmetadepsspecht_is_subtargetconfig
2020-01-21 10:15:33.855487 | > DO_CALL (0.000s wait)
.2020-01-21 10:15:33.860803 | eval'd: drake::cmq_buildtargetmetadepsspecht_is_subtargetconfig
2020-01-21 10:15:35.356872 | > DO_CALL (0.001s wait)
.2020-01-21 10:15:35.368211 | eval'd: drake::cmq_buildtargetmetadepsspecht_is_subtargetconfig
2020-01-21 10:15:36.700959 | > DO_CALL (0.001s wait)
.2020-01-21 10:15:36.706244 | eval'd: drake::cmq_buildtargetmetadepsspecht_is_subtargetconfig
2020-01-21 10:15:38.110822 | > DO_CALL (0.001s wait)
.2020-01-21 10:15:38.116105 | eval'd: drake::cmq_buildtargetmetadepsspecht_is_subtargetconfig
2020-01-21 10:15:39.561572 | > DO_CALL (0.000s wait)
.2020-01-21 10:15:39.566895 | eval'd: drake::cmq_buildtargetmetadepsspecht_is_subtargetconfig
2020-01-21 10:15:41.109733 | > DO_CALL (0.001s wait)
.2020-01-21 10:15:41.114997 | eval'd: drake::cmq_buildtargetmetadepsspecht_is_subtargetconfig
2020-01-21 10:15:42.432305 | > DO_CALL (0.001s wait)
.2020-01-21 10:15:42.437608 | eval'd: drake::cmq_buildtargetmetadepsspecht_is_subtargetconfig
2020-01-21 10:15:43.673937 | > DO_CALL (0.001s wait)
.2020-01-21 10:15:43.679272 | eval'd: drake::cmq_buildtargetmetadepsspecht_is_subtargetconfig
2020-01-21 10:15:45.231494 | > DO_CALL (0.000s wait)
.2020-01-21 10:15:45.236830 | eval'd: drake::cmq_buildtargetmetadepsspecht_is_subtargetconfig
2020-01-21 10:15:46.596922 | > DO_CALL (0.001s wait)
.2020-01-21 10:15:46.602210 | eval'd: drake::cmq_buildtargetmetadepsspecht_is_subtargetconfig
2020-01-21 10:15:47.955690 | > DO_CALL (0.001s wait)
.2020-01-21 10:15:48.149520 | eval'd: drake::cmq_buildtargetmetadepsspecht_is_subtargetconfig
2020-01-21 10:15:49.282489 | > DO_CALL (0.000s wait)
.2020-01-21 10:15:49.287696 | eval'd: drake::cmq_buildtargetmetadepsspecht_is_subtargetconfig
2020-01-21 10:15:50.744381 | > DO_CALL (0.000s wait)
.2020-01-21 10:15:50.749536 | eval'd: drake::cmq_buildtargetmetadepsspecht_is_subtargetconfig
2020-01-21 10:15:52.117525 | > DO_CALL (0.000s wait)
.2020-01-21 10:15:52.122683 | eval'd: drake::cmq_buildtargetmetadepsspecht_is_subtargetconfig
2020-01-21 10:15:53.402008 | > DO_CALL (0.001s wait)
.2020-01-21 10:15:53.407237 | eval'd: drake::cmq_buildtargetmetadepsspecht_is_subtargetconfig
2020-01-21 10:15:54.798862 | > DO_CALL (0.001s wait)
.2020-01-21 10:15:54.804075 | eval'd: drake::cmq_buildtargetmetadepsspecht_is_subtargetconfig
2020-01-21 10:15:56.314134 | > DO_CALL (0.001s wait)
.2020-01-21 10:15:56.319428 | eval'd: drake::cmq_buildtargetmetadepsspecht_is_subtargetconfig
2020-01-21 10:15:57.783198 | > DO_CALL (0.001s wait)
.2020-01-21 10:15:57.788471 | eval'd: drake::cmq_buildtargetmetadepsspecht_is_subtargetconfig
2020-01-21 10:15:59.224776 | > DO_CALL (0.001s wait)
.2020-01-21 10:15:59.229982 | eval'd: drake::cmq_buildtargetmetadepsspecht_is_subtargetconfig
2020-01-21 10:16:00.500351 | > DO_CALL (0.000s wait)
.2020-01-21 10:16:00.505566 | eval'd: drake::cmq_buildtargetmetadepsspecht_is_subtargetconfig
2020-01-21 10:16:01.847810 | > DO_CALL (0.001s wait)
.2020-01-21 10:16:01.852961 | eval'd: drake::cmq_buildtargetmetadepsspecht_is_subtargetconfig
2020-01-21 10:16:03.543439 | > DO_CALL (0.000s wait)
.2020-01-21 10:16:03.548702 | eval'd: drake::cmq_buildtargetmetadepsspecht_is_subtargetconfig
2020-01-21 10:16:04.835133 | > DO_CALL (0.001s wait)
.2020-01-21 10:16:04.840399 | eval'd: drake::cmq_buildtargetmetadepsspecht_is_subtargetconfig
2020-01-21 10:16:06.158239 | > DO_CALL (0.001s wait)
.2020-01-21 10:16:06.163414 | eval'd: drake::cmq_buildtargetmetadepsspecht_is_subtargetconfig
2020-01-21 10:16:07.440849 | > DO_CALL (0.001s wait)
.2020-01-21 10:16:07.446078 | eval'd: drake::cmq_buildtargetmetadepsspecht_is_subtargetconfig
2020-01-21 10:16:08.727793 | > DO_CALL (0.001s wait)
.2020-01-21 10:16:08.732967 | eval'd: drake::cmq_buildtargetmetadepsspecht_is_subtargetconfig
2020-01-21 10:16:10.091503 | > DO_CALL (0.000s wait)
.2020-01-21 10:16:10.096800 | eval'd: drake::cmq_buildtargetmetadepsspecht_is_subtargetconfig
2020-01-21 10:16:11.417991 | > DO_CALL (0.001s wait)
.2020-01-21 10:16:11.423228 | eval'd: drake::cmq_buildtargetmetadepsspecht_is_subtargetconfig
2020-01-21 10:16:12.812198 | > DO_CALL (0.001s wait)
.2020-01-21 10:16:12.817401 | eval'd: drake::cmq_buildtargetmetadepsspecht_is_subtargetconfig
2020-01-21 10:16:14.037541 | > DO_CALL (0.000s wait)
.2020-01-21 10:16:14.043004 | eval'd: drake::cmq_buildtargetmetadepsspecht_is_subtargetconfig
2020-01-21 10:16:15.317418 | > DO_CALL (0.000s wait)
.2020-01-21 10:16:15.323026 | eval'd: drake::cmq_buildtargetmetadepsspecht_is_subtargetconfig
2020-01-21 10:16:16.804185 | > DO_CALL (0.001s wait)
.2020-01-21 10:16:16.810771 | eval'd: drake::cmq_buildtargetmetadepsspecht_is_subtargetconfig
2020-01-21 10:16:18.170385 | > DO_CALL (0.001s wait)
.2020-01-21 10:16:18.176971 | eval'd: drake::cmq_buildtargetmetadepsspecht_is_subtargetconfig
2020-01-21 10:16:19.535663 | > DO_CALL (0.000s wait)
.2020-01-21 10:16:19.542261 | eval'd: drake::cmq_buildtargetmetadepsspecht_is_subtargetconfig
2020-01-21 10:16:20.876563 | > DO_CALL (0.000s wait)
.2020-01-21 10:16:20.887464 | eval'd: drake::cmq_buildtargetmetadepsspecht_is_subtargetconfig
2020-01-21 10:16:22.435493 | > DO_CALL (0.000s wait)
.2020-01-21 10:16:22.440712 | eval'd: drake::cmq_buildtargetmetadepsspecht_is_subtargetconfig
2020-01-21 10:16:23.817993 | > DO_CALL (0.001s wait)
.2020-01-21 10:16:23.823148 | eval'd: drake::cmq_buildtargetmetadepsspecht_is_subtargetconfig
2020-01-21 10:16:25.136949 | > DO_CALL (0.001s wait)
.2020-01-21 10:16:25.142202 | eval'd: drake::cmq_buildtargetmetadepsspecht_is_subtargetconfig
2020-01-21 10:16:26.475816 | > DO_CALL (0.001s wait)
.2020-01-21 10:16:26.481061 | eval'd: drake::cmq_buildtargetmetadepsspecht_is_subtargetconfig
2020-01-21 10:16:29.469534 | > DO_CALL (0.000s wait)
.2020-01-21 10:16:29.474875 | eval'd: drake::cmq_buildtargetmetadepsspecht_is_subtargetconfig
2020-01-21 10:16:30.719216 | > DO_CALL (0.001s wait)
.2020-01-21 10:16:30.724506 | eval'd: drake::cmq_buildtargetmetadepsspecht_is_subtargetconfig
2020-01-21 10:16:32.108824 | > DO_CALL (0.001s wait)
.2020-01-21 10:16:32.114028 | eval'd: drake::cmq_buildtargetmetadepsspecht_is_subtargetconfig
2020-01-21 10:16:33.394212 | > DO_CALL (0.001s wait)
.2020-01-21 10:16:33.399519 | eval'd: drake::cmq_buildtargetmetadepsspecht_is_subtargetconfig
2020-01-21 10:16:34.822036 | > DO_CALL (0.001s wait)
.2020-01-21 10:16:34.827275 | eval'd: drake::cmq_buildtargetmetadepsspecht_is_subtargetconfig
2020-01-21 10:16:36.131606 | > DO_CALL (0.000s wait)
.2020-01-21 10:16:36.136857 | eval'd: drake::cmq_buildtargetmetadepsspecht_is_subtargetconfig
2020-01-21 10:16:37.683032 | > DO_CALL (0.001s wait)
.2020-01-21 10:16:37.688295 | eval'd: drake::cmq_buildtargetmetadepsspecht_is_subtargetconfig
2020-01-21 10:16:38.920453 | > DO_CALL (0.000s wait)
.2020-01-21 10:16:38.925737 | eval'd: drake::cmq_buildtargetmetadepsspecht_is_subtargetconfig
2020-01-21 10:16:40.221448 | > DO_CALL (0.000s wait)
.2020-01-21 10:16:40.226684 | eval'd: drake::cmq_buildtargetmetadepsspecht_is_subtargetconfig
2020-01-21 10:16:41.672435 | > DO_CALL (0.000s wait)
.2020-01-21 10:16:41.677658 | eval'd: drake::cmq_buildtargetmetadepsspecht_is_subtargetconfig
2020-01-21 10:16:42.896416 | > DO_CALL (0.000s wait)
.2020-01-21 10:16:42.901616 | eval'd: drake::cmq_buildtargetmetadepsspecht_is_subtargetconfig
2020-01-21 10:16:44.258000 | > DO_CALL (0.001s wait)
.2020-01-21 10:16:44.263639 | eval'd: drake::cmq_buildtargetmetadepsspecht_is_subtargetconfig
2020-01-21 10:16:45.701574 | > DO_CALL (0.000s wait)
.2020-01-21 10:16:45.706892 | eval'd: drake::cmq_buildtargetmetadepsspecht_is_subtargetconfig
2020-01-21 10:16:47.105611 | > DO_CALL (0.000s wait)
.2020-01-21 10:16:47.110814 | eval'd: drake::cmq_buildtargetmetadepsspecht_is_subtargetconfig
2020-01-21 10:16:48.484172 | > DO_CALL (0.001s wait)
.2020-01-21 10:16:48.495277 | eval'd: drake::cmq_buildtargetmetadepsspecht_is_subtargetconfig
2020-01-21 10:16:49.987066 | > DO_CALL (0.001s wait)
.2020-01-21 10:16:49.992332 | eval'd: drake::cmq_buildtargetmetadepsspecht_is_subtargetconfig
2020-01-21 10:16:51.244611 | > DO_CALL (0.000s wait)
.2020-01-21 10:16:51.249882 | eval'd: drake::cmq_buildtargetmetadepsspecht_is_subtargetconfig
2020-01-21 10:16:52.470427 | > DO_CALL (0.000s wait)
.2020-01-21 10:16:52.475558 | eval'd: drake::cmq_buildtargetmetadepsspecht_is_subtargetconfig
2020-01-21 10:16:53.838154 | > DO_CALL (0.001s wait)
.2020-01-21 10:16:53.843343 | eval'd: drake::cmq_buildtargetmetadepsspecht_is_subtargetconfig
2020-01-21 10:16:55.180663 | > DO_CALL (0.000s wait)
.2020-01-21 10:16:55.185844 | eval'd: drake::cmq_buildtargetmetadepsspecht_is_subtargetconfig
2020-01-21 10:16:56.442965 | > DO_CALL (0.001s wait)
.2020-01-21 10:16:56.448188 | eval'd: drake::cmq_buildtargetmetadepsspecht_is_subtargetconfig
2020-01-21 10:16:57.663909 | > DO_CALL (0.001s wait)
.2020-01-21 10:16:57.669178 | eval'd: drake::cmq_buildtargetmetadepsspecht_is_subtargetconfig
2020-01-21 10:16:59.226993 | > DO_CALL (0.001s wait)
.2020-01-21 10:16:59.232208 | eval'd: drake::cmq_buildtargetmetadepsspecht_is_subtargetconfig
2020-01-21 10:17:00.485856 | > DO_CALL (0.001s wait)
.2020-01-21 10:17:00.491084 | eval'd: drake::cmq_buildtargetmetadepsspecht_is_subtargetconfig
2020-01-21 10:17:01.706363 | > DO_CALL (0.000s wait)
.2020-01-21 10:17:01.711539 | eval'd: drake::cmq_buildtargetmetadepsspecht_is_subtargetconfig
2020-01-21 10:17:02.962432 | > DO_CALL (0.000s wait)
.2020-01-21 10:17:02.967681 | eval'd: drake::cmq_buildtargetmetadepsspecht_is_subtargetconfig
2020-01-21 10:17:04.243048 | > DO_CALL (0.001s wait)
.2020-01-21 10:17:04.248666 | eval'd: drake::cmq_buildtargetmetadepsspecht_is_subtargetconfig
2020-01-21 10:17:05.484003 | > DO_CALL (0.001s wait)
.2020-01-21 10:17:05.489305 | eval'd: drake::cmq_buildtargetmetadepsspecht_is_subtargetconfig
2020-01-21 10:17:06.699913 | > DO_CALL (0.001s wait)
.
2020-01-21 10:17:06.705170 | eval'd: drake::cmq_buildtargetmetadepsspecht_is_subtargetconfig
2020-01-21 10:17:07.985411 | > DO_CALL (0.000s wait)
.2020-01-21 10:17:07.990636 | eval'd: drake::cmq_buildtargetmetadepsspecht_is_subtargetconfig
2020-01-21 10:17:09.290914 | > DO_CALL (0.001s wait)
.2020-01-21 10:17:09.302047 | eval'd: drake::cmq_buildtargetmetadepsspecht_is_subtargetconfig
2020-01-21 10:17:10.479225 | > DO_CALL (0.001s wait)
.2020-01-21 10:17:10.484462 | eval'd: drake::cmq_buildtargetmetadepsspecht_is_subtargetconfig
2020-01-21 10:17:11.771819 | > DO_CALL (0.001s wait)
.2020-01-21 10:17:11.777012 | eval'd: drake::cmq_buildtargetmetadepsspecht_is_subtargetconfig
2020-01-21 10:17:13.036933 | > DO_CALL (0.001s wait)
.2020-01-21 10:17:13.042071 | eval'd: drake::cmq_buildtargetmetadepsspecht_is_subtargetconfig
2020-01-21 10:17:14.276909 | > DO_CALL (0.001s wait)
.2020-01-21 10:17:14.282095 | eval'd: drake::cmq_buildtargetmetadepsspecht_is_subtargetconfig
2020-01-21 10:17:15.540270 | > DO_CALL (0.001s wait)
.2020-01-21 10:17:15.545456 | eval'd: drake::cmq_buildtargetmetadepsspecht_is_subtargetconfig
2020-01-21 10:17:16.771420 | > DO_CALL (0.000s wait)
.2020-01-21 10:17:16.776600 | eval'd: drake::cmq_buildtargetmetadepsspecht_is_subtargetconfig
2020-01-21 10:17:17.968348 | > DO_CALL (0.000s wait)
.2020-01-21 10:17:17.973548 | eval'd: drake::cmq_buildtargetmetadepsspecht_is_subtargetconfig
2020-01-21 10:17:19.225737 | > DO_CALL (0.001s wait)
.2020-01-21 10:17:19.231023 | eval'd: drake::cmq_buildtargetmetadepsspecht_is_subtargetconfig
2020-01-21 10:17:20.536516 | > DO_CALL (0.000s wait)
.2020-01-21 10:17:20.541706 | eval'd: drake::cmq_buildtargetmetadepsspecht_is_subtargetconfig
2020-01-21 10:17:21.797328 | > DO_CALL (0.000s wait)
.2020-01-21 10:17:21.802486 | eval'd: drake::cmq_buildtargetmetadepsspecht_is_subtargetconfig
2020-01-21 10:17:23.019732 | > DO_CALL (0.001s wait)
.2020-01-21 10:17:23.024981 | eval'd: drake::cmq_buildtargetmetadepsspecht_is_subtargetconfig
2020-01-21 10:17:24.355484 | > DO_CALL (0.000s wait)
.2020-01-21 10:17:24.360673 | eval'd: drake::cmq_buildtargetmetadepsspecht_is_subtargetconfig
2020-01-21 10:17:25.665759 | > DO_CALL (0.001s wait)
.2020-01-21 10:17:25.843102 | eval'd: drake::cmq_buildtargetmetadepsspecht_is_subtargetconfig
2020-01-21 10:17:26.992786 | > DO_CALL (0.001s wait)
.2020-01-21 10:17:26.998011 | eval'd: drake::cmq_buildtargetmetadepsspecht_is_subtargetconfig
2020-01-21 10:17:28.243172 | > DO_CALL (0.001s wait)
.2020-01-21 10:17:28.248435 | eval'd: drake::cmq_buildtargetmetadepsspecht_is_subtargetconfig
2020-01-21 10:17:30.197895 | > DO_CALL (0.001s wait)
.2020-01-21 10:17:30.203258 | eval'd: drake::cmq_buildtargetmetadepsspecht_is_subtargetconfig
2020-01-21 10:17:32.317385 | > DO_CALL (0.000s wait)
.2020-01-21 10:17:32.322586 | eval'd: drake::cmq_buildtargetmetadepsspecht_is_subtargetconfig
2020-01-21 10:17:33.606144 | > DO_CALL (0.001s wait)
.2020-01-21 10:17:33.611414 | eval'd: drake::cmq_buildtargetmetadepsspecht_is_subtargetconfig
2020-01-21 10:17:34.937718 | > DO_CALL (0.001s wait)
.2020-01-21 10:17:34.942897 | eval'd: drake::cmq_buildtargetmetadepsspecht_is_subtargetconfig
2020-01-21 10:17:36.226703 | > DO_CALL (0.001s wait)
.2020-01-21 10:17:36.232126 | eval'd: drake::cmq_buildtargetmetadepsspecht_is_subtargetconfig
2020-01-21 10:17:37.856621 | > DO_CALL (0.000s wait)
.2020-01-21 10:17:37.862014 | eval'd: drake::cmq_buildtargetmetadepsspecht_is_subtargetconfig
2020-01-21 10:17:39.180070 | > DO_CALL (0.001s wait)
.2020-01-21 10:17:39.185289 | eval'd: drake::cmq_buildtargetmetadepsspecht_is_subtargetconfig
2020-01-21 10:17:40.522345 | > DO_CALL (0.000s wait)
.2020-01-21 10:17:40.527529 | eval'd: drake::cmq_buildtargetmetadepsspecht_is_subtargetconfig
2020-01-21 10:17:41.791298 | > DO_CALL (0.001s wait)
.2020-01-21 10:17:41.796787 | eval'd: drake::cmq_buildtargetmetadepsspecht_is_subtargetconfig
2020-01-21 10:17:43.102259 | > DO_CALL (0.001s wait)
.2020-01-21 10:17:43.107765 | eval'd: drake::cmq_buildtargetmetadepsspecht_is_subtargetconfig
2020-01-21 10:17:44.332785 | > DO_CALL (0.001s wait)
.2020-01-21 10:17:44.338317 | eval'd: drake::cmq_buildtargetmetadepsspecht_is_subtargetconfig
2020-01-21 10:17:45.625255 | > DO_CALL (0.001s wait)
.2020-01-21 10:17:45.630905 | eval'd: drake::cmq_buildtargetmetadepsspecht_is_subtargetconfig
2020-01-21 10:17:46.867082 | > DO_CALL (0.001s wait)
.2020-01-21 10:17:46.872702 | eval'd: drake::cmq_buildtargetmetadepsspecht_is_subtargetconfig
2020-01-21 10:17:48.132694 | > DO_CALL (0.001s wait)
.2020-01-21 10:17:48.138327 | eval'd: drake::cmq_buildtargetmetadepsspecht_is_subtargetconfig
2020-01-21 10:17:49.477829 | > DO_CALL (0.001s wait)
.2020-01-21 10:17:49.483410 | eval'd: drake::cmq_buildtargetmetadepsspecht_is_subtargetconfig
2020-01-21 10:17:50.742847 | > DO_CALL (0.001s wait)
.2020-01-21 10:17:50.748419 | eval'd: drake::cmq_buildtargetmetadepsspecht_is_subtargetconfig
2020-01-21 10:17:52.014076 | > DO_CALL (0.001s wait)
.2020-01-21 10:17:52.019615 | eval'd: drake::cmq_buildtargetmetadepsspecht_is_subtargetconfig
2020-01-21 10:17:53.334328 | > DO_CALL (0.001s wait)
.2020-01-21 10:17:53.339934 | eval'd: drake::cmq_buildtargetmetadepsspecht_is_subtargetconfig
2020-01-21 10:17:54.561733 | > DO_CALL (0.001s wait)
.2020-01-21 10:17:54.567316 | eval'd: drake::cmq_buildtargetmetadepsspecht_is_subtargetconfig
2020-01-21 10:17:55.846695 | > DO_CALL (0.001s wait)
.2020-01-21 10:17:55.852307 | eval'd: drake::cmq_buildtargetmetadepsspecht_is_subtargetconfig
2020-01-21 10:17:57.143879 | > DO_CALL (0.001s wait)
.2020-01-21 10:17:57.149477 | eval'd: drake::cmq_buildtargetmetadepsspecht_is_subtargetconfig
2020-01-21 10:17:58.389194 | > DO_CALL (0.001s wait)
.2020-01-21 10:17:58.395605 | eval'd: drake::cmq_buildtargetmetadepsspecht_is_subtargetconfig
2020-01-21 10:17:59.809995 | > DO_CALL (0.001s wait)
.2020-01-21 10:17:59.816673 | eval'd: drake::cmq_buildtargetmetadepsspecht_is_subtargetconfig
2020-01-21 10:18:01.115692 | > DO_CALL (0.001s wait)
.2020-01-21 10:18:01.128167 | eval'd: drake::cmq_buildtargetmetadepsspecht_is_subtargetconfig
2020-01-21 10:18:02.619045 | > DO_CALL (0.001s wait)
.2020-01-21 10:18:02.624212 | eval'd: drake::cmq_buildtargetmetadepsspecht_is_subtargetconfig
2020-01-21 10:18:03.858169 | > DO_CALL (0.001s wait)
.2020-01-21 10:18:03.863384 | eval'd: drake::cmq_buildtargetmetadepsspecht_is_subtargetconfig
2020-01-21 10:18:05.143928 | > DO_CALL (0.001s wait)
.2020-01-21 10:18:05.149081 | eval'd: drake::cmq_buildtargetmetadepsspecht_is_subtargetconfig
2020-01-21 10:18:06.496030 | > DO_CALL (0.001s wait)
.2020-01-21 10:18:06.501287 | eval'd: drake::cmq_buildtargetmetadepsspecht_is_subtargetconfig
2020-01-21 10:18:07.775663 | > DO_CALL (0.000s wait)
.2020-01-21 10:18:07.780833 | eval'd: drake::cmq_buildtargetmetadepsspecht_is_subtargetconfig
2020-01-21 10:18:09.005995 | > DO_CALL (0.001s wait)
.2020-01-21 10:18:09.011171 | eval'd: drake::cmq_buildtargetmetadepsspecht_is_subtargetconfig
2020-01-21 10:18:10.261354 | > DO_CALL (0.000s wait)
.2020-01-21 10:18:10.266660 | eval'd: drake::cmq_buildtargetmetadepsspecht_is_subtargetconfig
2020-01-21 10:18:11.904855 | > DO_CALL (0.001s wait)
.2020-01-21 10:18:11.910079 | eval'd: drake::cmq_buildtargetmetadepsspecht_is_subtargetconfig
2020-01-21 10:18:13.158221 | > DO_CALL (0.001s wait)
.2020-01-21 10:18:13.163466 | eval'd: drake::cmq_buildtargetmetadepsspecht_is_subtargetconfig
2020-01-21 10:18:14.397706 | > DO_CALL (0.001s wait)
.2020-01-21 10:18:14.402932 | eval'd: drake::cmq_buildtargetmetadepsspecht_is_subtargetconfig
2020-01-21 10:18:15.717949 | > DO_CALL (0.001s wait)
.2020-01-21 10:18:15.723123 | eval'd: drake::cmq_buildtargetmetadepsspecht_is_subtargetconfig
2020-01-21 10:18:16.986586 | > DO_CALL (0.000s wait)
.2020-01-21 10:18:16.991784 | eval'd: drake::cmq_buildtargetmetadepsspecht_is_subtargetconfig
2020-01-21 10:18:18.166018 | > DO_CALL (0.001s wait)
.2020-01-21 10:18:18.171213 | eval'd: drake::cmq_buildtargetmetadepsspecht_is_subtargetconfig
2020-01-21 10:18:19.403556 | > DO_CALL (0.000s wait)
.2020-01-21 10:18:19.408721 | eval'd: drake::cmq_buildtargetmetadepsspecht_is_subtargetconfig
2020-01-21 10:18:20.765719 | > DO_CALL (0.001s wait)
.2020-01-21 10:18:20.770941 | eval'd: drake::cmq_buildtargetmetadepsspecht_is_subtargetconfig
2020-01-21 10:18:22.087510 | > DO_CALL (0.000s wait)
.2020-01-21 10:18:22.092831 | eval'd: drake::cmq_buildtargetmetadepsspecht_is_subtargetconfig
2020-01-21 10:18:23.341236 | > DO_CALL (0.001s wait)
.2020-01-21 10:18:23.346473 | eval'd: drake::cmq_buildtargetmetadepsspecht_is_subtargetconfig
2020-01-21 10:18:24.574788 | > DO_CALL (0.001s wait)
.2020-01-21 10:18:24.580018 | eval'd: drake::cmq_buildtargetmetadepsspecht_is_subtargetconfig
2020-01-21 10:18:25.831583 | > DO_CALL (0.000s wait)
.2020-01-21 10:18:25.836755 | eval'd: drake::cmq_buildtargetmetadepsspecht_is_subtargetconfig
2020-01-21 10:18:27.053531 | > DO_CALL (0.000s wait)
.2020-01-21 10:18:27.058780 | eval'd: drake::cmq_buildtargetmetadepsspecht_is_subtargetconfig
2020-01-21 10:18:28.301137 | > DO_CALL (0.001s wait)
.2020-01-21 10:18:28.306379 | eval'd: drake::cmq_buildtargetmetadepsspecht_is_subtargetconfig
2020-01-21 10:18:29.566539 | > DO_CALL (0.000s wait)
.2020-01-21 10:18:29.577571 | eval'd: drake::cmq_buildtargetmetadepsspecht_is_subtargetconfig
2020-01-21 10:18:30.767766 | > DO_CALL (0.001s wait)
.2020-01-21 10:18:30.772912 | eval'd: drake::cmq_buildtargetmetadepsspecht_is_subtargetconfig
2020-01-21 10:18:33.194712 | > DO_CALL (0.001s wait)
.2020-01-21 10:18:33.201485 | eval'd: drake::cmq_buildtargetmetadepsspecht_is_subtargetconfig
2020-01-21 10:18:34.535566 | > DO_CALL (0.000s wait)
.2020-01-21 10:18:34.541379 | eval'd: drake::cmq_buildtargetmetadepsspecht_is_subtargetconfig
2020-01-21 10:18:35.754534 | > DO_CALL (0.000s wait)
.2020-01-21 10:18:35.759737 | eval'd: drake::cmq_buildtargetmetadepsspecht_is_subtargetconfig
2020-01-21 10:18:37.150785 | > DO_CALL (0.001s wait)
.2020-01-21 10:18:37.156015 | eval'd: drake::cmq_buildtargetmetadepsspecht_is_subtargetconfig
2020-01-21 10:18:38.375616 | > DO_CALL (0.000s wait)
.2020-01-21 10:18:38.380858 | eval'd: drake::cmq_buildtargetmetadepsspecht_is_subtargetconfig
2020-01-21 10:18:39.591963 | > DO_CALL (0.001s wait)
.2020-01-21 10:18:39.597165 | eval'd: drake::cmq_buildtargetmetadepsspecht_is_subtargetconfig
2020-01-21 10:18:40.842510 | > DO_CALL (0.000s wait)
.2020-01-21 10:18:40.847739 | eval'd: drake::cmq_buildtargetmetadepsspecht_is_subtargetconfig
2020-01-21 10:18:42.215101 | > DO_CALL (0.001s wait)
.2020-01-21 10:18:42.220360 | eval'd: drake::cmq_buildtargetmetadepsspecht_is_subtargetconfig
2020-01-21 10:18:43.471892 | > DO_CALL (0.001s wait)
.2020-01-21 10:18:43.477222 | eval'd: drake::cmq_buildtargetmetadepsspecht_is_subtargetconfig
2020-01-21 10:18:44.704466 | > DO_CALL (0.000s wait)
.2020-01-21 10:18:44.709658 | eval'd: drake::cmq_buildtargetmetadepsspecht_is_subtargetconfig
2020-01-21 10:18:45.913672 | > DO_CALL (0.000s wait)
.2020-01-21 10:18:45.918913 | eval'd: drake::cmq_buildtargetmetadepsspecht_is_subtargetconfig
2020-01-21 10:18:47.128483 | > DO_CALL (0.000s wait)
.2020-01-21 10:18:47.133642 | eval'd: drake::cmq_buildtargetmetadepsspecht_is_subtargetconfig
2020-01-21 10:18:48.427042 | > DO_CALL (0.001s wait)
.2020-01-21 10:18:48.432224 | eval'd: drake::cmq_buildtargetmetadepsspecht_is_subtargetconfig
2020-01-21 10:18:49.770343 | > DO_CALL (0.000s wait)
.2020-01-21 10:18:49.775681 | eval'd: drake::cmq_buildtargetmetadepsspecht_is_subtargetconfig
2020-01-21 10:18:51.103461 | > DO_CALL (0.000s wait)
.
2020-01-21 10:18:51.108716 | eval'd: drake::cmq_buildtargetmetadepsspecht_is_subtargetconfig
2020-01-21 10:18:52.337984 | > DO_CALL (0.001s wait)
.2020-01-21 10:18:52.343261 | eval'd: drake::cmq_buildtargetmetadepsspecht_is_subtargetconfig
2020-01-21 10:18:53.574805 | > DO_CALL (0.007s wait)
.2020-01-21 10:18:53.580042 | eval'd: drake::cmq_buildtargetmetadepsspecht_is_subtargetconfig
2020-01-21 10:18:54.891298 | > DO_CALL (0.001s wait)
.2020-01-21 10:18:54.896465 | eval'd: drake::cmq_buildtargetmetadepsspecht_is_subtargetconfig
2020-01-21 10:18:56.186768 | > DO_CALL (0.001s wait)
.2020-01-21 10:18:56.191971 | eval'd: drake::cmq_buildtargetmetadepsspecht_is_subtargetconfig
2020-01-21 10:18:57.423882 | > DO_CALL (0.001s wait)
.2020-01-21 10:18:57.429120 | eval'd: drake::cmq_buildtargetmetadepsspecht_is_subtargetconfig
2020-01-21 10:18:58.650586 | > DO_CALL (0.000s wait)
.2020-01-21 10:18:58.655756 | eval'd: drake::cmq_buildtargetmetadepsspecht_is_subtargetconfig
2020-01-21 10:18:59.920451 | > DO_CALL (0.000s wait)
.2020-01-21 10:18:59.925738 | eval'd: drake::cmq_buildtargetmetadepsspecht_is_subtargetconfig
2020-01-21 10:19:01.183817 | > DO_CALL (0.001s wait)
.2020-01-21 10:19:01.189027 | eval'd: drake::cmq_buildtargetmetadepsspecht_is_subtargetconfig
2020-01-21 10:19:02.539782 | > DO_CALL (0.001s wait)
.2020-01-21 10:19:02.544928 | eval'd: drake::cmq_buildtargetmetadepsspecht_is_subtargetconfig
2020-01-21 10:19:03.761372 | > DO_CALL (0.000s wait)
.2020-01-21 10:19:03.766569 | eval'd: drake::cmq_buildtargetmetadepsspecht_is_subtargetconfig
2020-01-21 10:19:05.121285 | > DO_CALL (0.001s wait)
.2020-01-21 10:19:05.126528 | eval'd: drake::cmq_buildtargetmetadepsspecht_is_subtargetconfig
2020-01-21 10:19:06.430604 | > DO_CALL (0.000s wait)
.2020-01-21 10:19:06.435805 | eval'd: drake::cmq_buildtargetmetadepsspecht_is_subtargetconfig
2020-01-21 10:19:07.786529 | > DO_CALL (0.000s wait)
.2020-01-21 10:19:07.791677 | eval'd: drake::cmq_buildtargetmetadepsspecht_is_subtargetconfig
2020-01-21 10:19:09.069578 | > DO_CALL (0.000s wait)
.2020-01-21 10:19:09.074728 | eval'd: drake::cmq_buildtargetmetadepsspecht_is_subtargetconfig
2020-01-21 10:19:10.362305 | > DO_CALL (0.001s wait)
.2020-01-21 10:19:10.367490 | eval'd: drake::cmq_buildtargetmetadepsspecht_is_subtargetconfig
2020-01-21 10:19:11.662544 | > DO_CALL (0.000s wait)
.2020-01-21 10:19:11.677639 | eval'd: drake::cmq_buildtargetmetadepsspecht_is_subtargetconfig
2020-01-21 10:19:13.041653 | > DO_CALL (0.000s wait)
.2020-01-21 10:19:13.046894 | eval'd: drake::cmq_buildtargetmetadepsspecht_is_subtargetconfig
2020-01-21 10:19:14.490874 | > DO_CALL (0.001s wait)
.2020-01-21 10:19:14.496619 | eval'd: drake::cmq_buildtargetmetadepsspecht_is_subtargetconfig
2020-01-21 10:19:15.907859 | > DO_CALL (0.001s wait)
.2020-01-21 10:19:15.913102 | eval'd: drake::cmq_buildtargetmetadepsspecht_is_subtargetconfig
2020-01-21 10:19:17.257992 | > DO_CALL (0.001s wait)
.2020-01-21 10:19:17.263161 | eval'd: drake::cmq_buildtargetmetadepsspecht_is_subtargetconfig
2020-01-21 10:19:18.564899 | > DO_CALL (0.001s wait)
.2020-01-21 10:19:18.570048 | eval'd: drake::cmq_buildtargetmetadepsspecht_is_subtargetconfig
2020-01-21 10:19:19.875743 | > DO_CALL (0.001s wait)
.2020-01-21 10:19:19.881040 | eval'd: drake::cmq_buildtargetmetadepsspecht_is_subtargetconfig
2020-01-21 10:19:20.880127 | > WORKER_WAIT (0.000s wait)
2020-01-21 10:19:20.880510 | waiting 1.00s
2020-01-21 10:20:04.113755 | > WORKER_WAIT (0.000s wait)
2020-01-21 10:20:04.117309 | waiting 1.00s
2020-01-21 10:23:30.839560 | > WORKER_STOP (0.000s wait)
2020-01-21 10:23:30.842491 | shutting down worker
2020-01-21 10:23:31.023436 | 
Total: 278 in 4.34s [user], 0.36s [system], 661.82s [elapsed]
