2020-08-01 13:51:18.122415 | Master: tcp://c3a-s3.ufhpc:9532
2020-08-01 13:51:18.160514 | WORKER_UP to: tcp://c3a-s3.ufhpc:9532
2020-08-01 13:51:22.525777 | > DO_SETUP (3.856s wait)
2020-08-01 13:51:22.526278 | token from msg: set_common_data_token
2020-08-01 13:51:26.559474 | > DO_CALL (1.212s wait)
* Option 'clustermq.scheduler' not set, defaulting to ‘SLURM’
--- see: https://mschubert.github.io/clustermq/articles/userguide.html#configuration
2020-08-01 13:52:15.869238 | eval'd: drake::cmq_buildtargetmetadepsspecconfig_tmpconfig
2020-08-01 13:52:17.082916 | > DO_CALL (0.258s wait)
2020-08-01 13:52:25.967726 | eval'd: drake::cmq_buildtargetmetadepsspecconfig_tmpconfig
2020-08-01 13:52:27.846490 | > DO_CALL (0.260s wait)
2020-08-01 13:52:30.890033 | eval'd: drake::cmq_buildtargetmetadepsspecconfig_tmpconfig
2020-08-01 13:52:32.958742 | > DO_CALL (0.256s wait)
2020-08-01 13:52:39.942636 | eval'd: drake::cmq_buildtargetmetadepsspecconfig_tmpconfig
2020-08-01 13:52:41.938934 | > DO_CALL (0.254s wait)
2020-08-01 13:52:50.082980 | eval'd: drake::cmq_buildtargetmetadepsspecconfig_tmpconfig
2020-08-01 13:52:52.896453 | > DO_CALL (0.261s wait)
2020-08-01 13:52:54.466516 | eval'd: drake::cmq_buildtargetmetadepsspecconfig_tmpconfig
2020-08-01 13:52:56.307350 | > DO_CALL (0.250s wait)
2020-08-01 13:53:02.046402 | eval'd: drake::cmq_buildtargetmetadepsspecconfig_tmpconfig
2020-08-01 13:53:03.265815 | > DO_CALL (0.252s wait)
2020-08-01 13:53:05.323718 | eval'd: drake::cmq_buildtargetmetadepsspecconfig_tmpconfig
2020-08-01 13:53:06.227221 | > DO_CALL (0.254s wait)
2020-08-01 13:53:07.333250 | eval'd: drake::cmq_buildtargetmetadepsspecconfig_tmpconfig
2020-08-01 13:53:08.169368 | > DO_CALL (0.246s wait)
2020-08-01 13:53:09.332796 | eval'd: drake::cmq_buildtargetmetadepsspecconfig_tmpconfig
2020-08-01 13:53:10.705234 | > DO_CALL (0.254s wait)
2020-08-01 13:53:17.415242 | eval'd: drake::cmq_buildtargetmetadepsspecconfig_tmpconfig
2020-08-01 13:53:19.218605 | > DO_CALL (0.246s wait)
2020-08-01 13:53:33.511802 | eval'd: drake::cmq_buildtargetmetadepsspecconfig_tmpconfig
2020-08-01 13:53:35.276355 | > DO_CALL (0.258s wait)
2020-08-01 13:53:42.282140 | eval'd: drake::cmq_buildtargetmetadepsspecconfig_tmpconfig
2020-08-01 13:53:43.714432 | > DO_CALL (0.234s wait)
2020-08-01 13:53:44.776018 | eval'd: drake::cmq_buildtargetmetadepsspecconfig_tmpconfig
2020-08-01 13:53:47.079441 | > DO_CALL (0.241s wait)
2020-08-01 13:53:49.594718 | eval'd: drake::cmq_buildtargetmetadepsspecconfig_tmpconfig
2020-08-01 13:53:50.441101 | > DO_CALL (0.231s wait)
2020-08-01 13:53:59.433679 | eval'd: drake::cmq_buildtargetmetadepsspecconfig_tmpconfig
2020-08-01 13:54:02.099200 | > DO_CALL (0.235s wait)
2020-08-01 13:54:07.445964 | eval'd: drake::cmq_buildtargetmetadepsspecconfig_tmpconfig
2020-08-01 13:54:08.672803 | > DO_CALL (0.239s wait)
2020-08-01 13:54:15.391118 | eval'd: drake::cmq_buildtargetmetadepsspecconfig_tmpconfig
2020-08-01 13:54:16.302982 | > DO_CALL (0.260s wait)
2020-08-01 13:54:39.682774 | eval'd: drake::cmq_buildtargetmetadepsspecconfig_tmpconfig
2020-08-01 13:54:40.661134 | > DO_CALL (0.262s wait)
2020-08-01 13:54:53.036225 | eval'd: drake::cmq_buildtargetmetadepsspecconfig_tmpconfig
2020-08-01 13:54:54.238561 | > DO_CALL (0.248s wait)
2020-08-01 13:54:56.914810 | eval'd: drake::cmq_buildtargetmetadepsspecconfig_tmpconfig
2020-08-01 13:54:57.781284 | > DO_CALL (0.249s wait)
2020-08-01 13:55:00.051564 | eval'd: drake::cmq_buildtargetmetadepsspecconfig_tmpconfig
2020-08-01 13:55:01.625405 | > DO_CALL (0.255s wait)
2020-08-01 13:55:03.716816 | eval'd: drake::cmq_buildtargetmetadepsspecconfig_tmpconfig
2020-08-01 13:55:04.602795 | > DO_CALL (0.257s wait)
2020-08-01 13:55:07.752406 | eval'd: drake::cmq_buildtargetmetadepsspecconfig_tmpconfig
2020-08-01 13:55:08.498385 | > DO_CALL (0.263s wait)
2020-08-01 13:55:15.216967 | eval'd: drake::cmq_buildtargetmetadepsspecconfig_tmpconfig
2020-08-01 13:55:16.100214 | > DO_CALL (0.254s wait)
2020-08-01 13:55:20.078013 | eval'd: drake::cmq_buildtargetmetadepsspecconfig_tmpconfig
2020-08-01 13:55:21.109749 | > DO_CALL (0.256s wait)
2020-08-01 13:55:29.137500 | eval'd: drake::cmq_buildtargetmetadepsspecconfig_tmpconfig
2020-08-01 13:55:30.254578 | > DO_CALL (0.258s wait)
2020-08-01 13:55:38.914450 | eval'd: drake::cmq_buildtargetmetadepsspecconfig_tmpconfig
2020-08-01 13:55:40.100483 | > DO_CALL (0.255s wait)
2020-08-01 13:55:42.890552 | eval'd: drake::cmq_buildtargetmetadepsspecconfig_tmpconfig
2020-08-01 13:55:44.195530 | > DO_CALL (0.249s wait)
2020-08-01 13:55:56.191815 | eval'd: drake::cmq_buildtargetmetadepsspecconfig_tmpconfig
2020-08-01 13:55:57.435065 | > DO_CALL (0.254s wait)
2020-08-01 13:56:00.194254 | eval'd: drake::cmq_buildtargetmetadepsspecconfig_tmpconfig
2020-08-01 13:56:01.168226 | > DO_CALL (0.254s wait)
2020-08-01 13:56:09.779125 | eval'd: drake::cmq_buildtargetmetadepsspecconfig_tmpconfig
2020-08-01 13:56:11.181592 | > DO_CALL (0.249s wait)
2020-08-01 13:56:20.572159 | eval'd: drake::cmq_buildtargetmetadepsspecconfig_tmpconfig
2020-08-01 13:56:21.521138 | > DO_CALL (0.254s wait)
2020-08-01 13:56:26.892876 | eval'd: drake::cmq_buildtargetmetadepsspecconfig_tmpconfig
2020-08-01 13:56:27.801396 | > DO_CALL (0.253s wait)
2020-08-01 13:56:30.222509 | eval'd: drake::cmq_buildtargetmetadepsspecconfig_tmpconfig
2020-08-01 13:56:31.094956 | > DO_CALL (0.238s wait)
2020-08-01 13:56:35.235018 | eval'd: drake::cmq_buildtargetmetadepsspecconfig_tmpconfig
2020-08-01 13:56:36.307976 | > DO_CALL (0.248s wait)
2020-08-01 13:56:38.883978 | eval'd: drake::cmq_buildtargetmetadepsspecconfig_tmpconfig
2020-08-01 13:56:41.674386 | > DO_CALL (0.249s wait)
2020-08-01 13:56:44.852515 | eval'd: drake::cmq_buildtargetmetadepsspecconfig_tmpconfig
2020-08-01 13:56:46.614841 | > DO_CALL (0.230s wait)
2020-08-01 13:56:48.936755 | eval'd: drake::cmq_buildtargetmetadepsspecconfig_tmpconfig
2020-08-01 13:56:49.756642 | > DO_CALL (0.236s wait)
2020-08-01 13:56:51.999313 | eval'd: drake::cmq_buildtargetmetadepsspecconfig_tmpconfig
2020-08-01 13:56:52.965318 | > DO_CALL (0.243s wait)
2020-08-01 13:57:32.482773 | eval'd: drake::cmq_buildtargetmetadepsspecconfig_tmpconfig
2020-08-01 13:57:33.801604 | > DO_CALL (0.267s wait)
2020-08-01 13:57:51.882360 | eval'd: drake::cmq_buildtargetmetadepsspecconfig_tmpconfig
2020-08-01 13:57:53.656705 | > DO_CALL (0.261s wait)
2020-08-01 13:57:54.802152 | eval'd: drake::cmq_buildtargetmetadepsspecconfig_tmpconfig
2020-08-01 13:57:55.741395 | > DO_CALL (0.256s wait)
2020-08-01 13:57:58.707647 | eval'd: drake::cmq_buildtargetmetadepsspecconfig_tmpconfig
2020-08-01 13:57:59.775116 | > DO_CALL (0.248s wait)
2020-08-01 13:58:14.833654 | eval'd: drake::cmq_buildtargetmetadepsspecconfig_tmpconfig
2020-08-01 13:58:16.360542 | > DO_CALL (0.266s wait)
2020-08-01 13:58:20.127305 | eval'd: drake::cmq_buildtargetmetadepsspecconfig_tmpconfig
2020-08-01 13:58:21.053031 | > DO_CALL (0.270s wait)
2020-08-01 13:58:23.378429 | eval'd: drake::cmq_buildtargetmetadepsspecconfig_tmpconfig
2020-08-01 13:58:24.476915 | > DO_CALL (0.254s wait)
2020-08-01 13:58:35.789382 | eval'd: drake::cmq_buildtargetmetadepsspecconfig_tmpconfig
2020-08-01 13:58:36.604789 | > DO_CALL (0.254s wait)
2020-08-01 13:58:39.850452 | eval'd: drake::cmq_buildtargetmetadepsspecconfig_tmpconfig
2020-08-01 13:58:40.693292 | > DO_CALL (0.268s wait)
2020-08-01 13:58:42.651193 | eval'd: drake::cmq_buildtargetmetadepsspecconfig_tmpconfig
2020-08-01 13:58:44.000200 | > DO_CALL (0.265s wait)
2020-08-01 13:59:31.354966 | eval'd: drake::cmq_buildtargetmetadepsspecconfig_tmpconfig
2020-08-01 13:59:32.834631 | > DO_CALL (0.258s wait)
2020-08-01 13:59:35.570284 | eval'd: drake::cmq_buildtargetmetadepsspecconfig_tmpconfig
2020-08-01 13:59:36.681286 | > DO_CALL (0.242s wait)
2020-08-01 13:59:44.353676 | eval'd: drake::cmq_buildtargetmetadepsspecconfig_tmpconfig
2020-08-01 13:59:45.345241 | > DO_CALL (0.244s wait)
2020-08-01 13:59:50.248719 | eval'd: drake::cmq_buildtargetmetadepsspecconfig_tmpconfig
2020-08-01 13:59:52.346540 | > DO_CALL (0.235s wait)
2020-08-01 13:59:56.455212 | eval'd: drake::cmq_buildtargetmetadepsspecconfig_tmpconfig
2020-08-01 13:59:57.271464 | > DO_CALL (0.232s wait)
2020-08-01 14:00:00.669898 | eval'd: drake::cmq_buildtargetmetadepsspecconfig_tmpconfig
2020-08-01 14:00:01.492211 | > DO_CALL (0.232s wait)
2020-08-01 14:00:04.944841 | eval'd: drake::cmq_buildtargetmetadepsspecconfig_tmpconfig
2020-08-01 14:00:05.693184 | > DO_CALL (0.237s wait)
2020-08-01 14:00:07.252856 | eval'd: drake::cmq_buildtargetmetadepsspecconfig_tmpconfig
2020-08-01 14:00:08.005767 | > DO_CALL (0.260s wait)
2020-08-01 14:00:18.217256 | eval'd: drake::cmq_buildtargetmetadepsspecconfig_tmpconfig
2020-08-01 14:00:19.552128 | > DO_CALL (0.254s wait)
2020-08-01 14:00:22.711548 | eval'd: drake::cmq_buildtargetmetadepsspecconfig_tmpconfig
2020-08-01 14:00:23.762595 | > DO_CALL (0.250s wait)
2020-08-01 14:01:20.962588 | eval'd: drake::cmq_buildtargetmetadepsspecconfig_tmpconfig
2020-08-01 14:01:22.009302 | > DO_CALL (0.268s wait)
2020-08-01 14:01:29.881468 | eval'd: drake::cmq_buildtargetmetadepsspecconfig_tmpconfig
2020-08-01 14:01:31.032584 | > DO_CALL (0.256s wait)
2020-08-01 14:01:42.544347 | eval'd: drake::cmq_buildtargetmetadepsspecconfig_tmpconfig
2020-08-01 14:01:43.470593 | > DO_CALL (0.250s wait)
2020-08-01 14:01:45.783441 | eval'd: drake::cmq_buildtargetmetadepsspecconfig_tmpconfig
2020-08-01 14:01:48.554188 | > DO_CALL (0.262s wait)
2020-08-01 14:02:09.705235 | eval'd: drake::cmq_buildtargetmetadepsspecconfig_tmpconfig
2020-08-01 14:02:11.557588 | > DO_CALL (0.261s wait)
2020-08-01 14:02:13.584911 | eval'd: drake::cmq_buildtargetmetadepsspecconfig_tmpconfig
2020-08-01 14:02:14.952072 | > DO_CALL (0.274s wait)
2020-08-01 14:02:25.915576 | eval'd: drake::cmq_buildtargetmetadepsspecconfig_tmpconfig
2020-08-01 14:02:26.423484 | > DO_CALL (0.000s wait)
2020-08-01 14:02:27.401501 | eval'd: drake::cmq_buildtargetmetadepsspecconfig_tmpconfig
2020-08-01 14:02:27.607811 | > DO_CALL (0.001s wait)
2020-08-01 14:02:28.968884 | eval'd: drake::cmq_buildtargetmetadepsspecconfig_tmpconfig
2020-08-01 14:02:29.237119 | > DO_CALL (0.000s wait)
2020-08-01 14:02:30.190810 | eval'd: drake::cmq_buildtargetmetadepsspecconfig_tmpconfig
2020-08-01 14:02:30.307000 | > DO_CALL (0.000s wait)
2020-08-01 14:02:31.317939 | eval'd: drake::cmq_buildtargetmetadepsspecconfig_tmpconfig
2020-08-01 14:02:31.773367 | > DO_CALL (0.001s wait)
2020-08-01 14:02:32.717596 | eval'd: drake::cmq_buildtargetmetadepsspecconfig_tmpconfig
2020-08-01 14:02:32.793057 | > DO_CALL (0.000s wait)
2020-08-01 14:02:33.746707 | eval'd: drake::cmq_buildtargetmetadepsspecconfig_tmpconfig
2020-08-01 14:02:33.975484 | > DO_CALL (0.010s wait)
2020-08-01 14:02:35.484622 | eval'd: drake::cmq_buildtargetmetadepsspecconfig_tmpconfig
2020-08-01 14:02:35.899742 | > DO_CALL (0.013s wait)
2020-08-01 14:02:37.440515 | eval'd: drake::cmq_buildtargetmetadepsspecconfig_tmpconfig
2020-08-01 14:02:37.863315 | > DO_CALL (0.010s wait)
2020-08-01 14:02:39.405549 | eval'd: drake::cmq_buildtargetmetadepsspecconfig_tmpconfig
2020-08-01 14:02:39.576012 | > DO_CALL (0.000s wait)
2020-08-01 14:02:40.572849 | eval'd: drake::cmq_buildtargetmetadepsspecconfig_tmpconfig
2020-08-01 14:02:40.710309 | > DO_CALL (0.009s wait)
2020-08-01 14:02:42.181313 | eval'd: drake::cmq_buildtargetmetadepsspecconfig_tmpconfig
2020-08-01 14:02:42.661508 | > DO_CALL (0.001s wait)
2020-08-01 14:02:43.698937 | eval'd: drake::cmq_buildtargetmetadepsspecconfig_tmpconfig
2020-08-01 14:02:43.772238 | > DO_CALL (0.001s wait)
2020-08-01 14:02:44.744945 | eval'd: drake::cmq_buildtargetmetadepsspecconfig_tmpconfig
2020-08-01 14:02:44.839240 | > DO_CALL (0.001s wait)
2020-08-01 14:02:45.836148 | eval'd: drake::cmq_buildtargetmetadepsspecconfig_tmpconfig
2020-08-01 14:02:46.432358 | > DO_CALL (0.001s wait)
2020-08-01 14:02:47.453005 | eval'd: drake::cmq_buildtargetmetadepsspecconfig_tmpconfig
2020-08-01 14:02:47.736806 | > DO_CALL (0.000s wait)
2020-08-01 14:02:48.722158 | eval'd: drake::cmq_buildtargetmetadepsspecconfig_tmpconfig
2020-08-01 14:02:49.407480 | > DO_CALL (0.000s wait)
2020-08-01 14:02:50.351741 | eval'd: drake::cmq_buildtargetmetadepsspecconfig_tmpconfig
2020-08-01 14:02:51.537945 | > DO_CALL (0.000s wait)
2020-08-01 14:02:52.492421 | eval'd: drake::cmq_buildtargetmetadepsspecconfig_tmpconfig
2020-08-01 14:02:52.844550 | > DO_CALL (0.012s wait)
2020-08-01 14:02:54.417493 | eval'd: drake::cmq_buildtargetmetadepsspecconfig_tmpconfig
2020-08-01 14:02:54.714929 | > DO_CALL (0.035s wait)
2020-08-01 14:02:56.317743 | eval'd: drake::cmq_buildtargetmetadepsspecconfig_tmpconfig
2020-08-01 14:02:56.406515 | > DO_CALL (0.001s wait)
2020-08-01 14:02:57.475482 | eval'd: drake::cmq_buildtargetmetadepsspecconfig_tmpconfig
2020-08-01 14:02:57.845315 | > DO_CALL (0.001s wait)
2020-08-01 14:02:58.922589 | eval'd: drake::cmq_buildtargetmetadepsspecconfig_tmpconfig
2020-08-01 14:02:59.222747 | > DO_CALL (0.020s wait)
2020-08-01 14:03:00.837473 | eval'd: drake::cmq_buildtargetmetadepsspecconfig_tmpconfig
2020-08-01 14:03:01.051925 | > DO_CALL (0.000s wait)
2020-08-01 14:03:02.054042 | eval'd: drake::cmq_buildtargetmetadepsspecconfig_tmpconfig
2020-08-01 14:03:02.327035 | > DO_CALL (0.008s wait)
2020-08-01 14:03:03.879565 | eval'd: drake::cmq_buildtargetmetadepsspecconfig_tmpconfig
2020-08-01 14:03:04.030469 | > DO_CALL (0.001s wait)
2020-08-01 14:03:05.014552 | eval'd: drake::cmq_buildtargetmetadepsspecconfig_tmpconfig
2020-08-01 14:03:05.898587 | > DO_CALL (0.000s wait)
2020-08-01 14:03:06.917823 | eval'd: drake::cmq_buildtargetmetadepsspecconfig_tmpconfig
2020-08-01 14:03:07.863229 | > DO_CALL (0.004s wait)
2020-08-01 14:03:08.924734 | eval'd: drake::cmq_buildtargetmetadepsspecconfig_tmpconfig
2020-08-01 14:03:09.926644 | > DO_CALL (0.000s wait)
2020-08-01 14:03:10.980742 | eval'd: drake::cmq_buildtargetmetadepsspecconfig_tmpconfig
2020-08-01 14:03:11.479520 | > DO_CALL (0.001s wait)
2020-08-01 14:03:12.537865 | eval'd: drake::cmq_buildtargetmetadepsspecconfig_tmpconfig
2020-08-01 14:03:13.352482 | > DO_CALL (0.026s wait)
2020-08-01 14:03:14.969721 | eval'd: drake::cmq_buildtargetmetadepsspecconfig_tmpconfig
2020-08-01 14:03:15.182598 | > DO_CALL (0.000s wait)
2020-08-01 14:03:16.204224 | eval'd: drake::cmq_buildtargetmetadepsspecconfig_tmpconfig
2020-08-01 14:03:17.354100 | > DO_CALL (0.012s wait)
2020-08-01 14:03:18.997590 | eval'd: drake::cmq_buildtargetmetadepsspecconfig_tmpconfig
2020-08-01 14:03:19.178996 | > DO_CALL (0.004s wait)
2020-08-01 14:03:20.532254 | eval'd: drake::cmq_buildtargetmetadepsspecconfig_tmpconfig
2020-08-01 14:03:21.029380 | > DO_CALL (0.002s wait)
2020-08-01 14:03:22.140323 | eval'd: drake::cmq_buildtargetmetadepsspecconfig_tmpconfig
2020-08-01 14:03:22.682744 | > DO_CALL (0.059s wait)
2020-08-01 14:03:24.324826 | eval'd: drake::cmq_buildtargetmetadepsspecconfig_tmpconfig
2020-08-01 14:03:24.806786 | > DO_CALL (0.018s wait)
2020-08-01 14:03:26.758824 | eval'd: drake::cmq_buildtargetmetadepsspecconfig_tmpconfig
2020-08-01 14:03:29.069674 | > DO_CALL (0.018s wait)
2020-08-01 14:03:30.654241 | eval'd: drake::cmq_buildtargetmetadepsspecconfig_tmpconfig
2020-08-01 14:03:31.158749 | > DO_CALL (0.000s wait)
2020-08-01 14:03:32.149353 | eval'd: drake::cmq_buildtargetmetadepsspecconfig_tmpconfig
2020-08-01 14:03:33.131719 | > DO_CALL (0.030s wait)
2020-08-01 14:03:34.791965 | eval'd: drake::cmq_buildtargetmetadepsspecconfig_tmpconfig
2020-08-01 14:03:35.405498 | > DO_CALL (0.001s wait)
2020-08-01 14:03:36.457317 | eval'd: drake::cmq_buildtargetmetadepsspecconfig_tmpconfig
2020-08-01 14:03:37.187917 | > DO_CALL (0.009s wait)
2020-08-01 14:03:38.879866 | eval'd: drake::cmq_buildtargetmetadepsspecconfig_tmpconfig
2020-08-01 14:03:39.291970 | > DO_CALL (0.000s wait)
2020-08-01 14:03:40.351643 | eval'd: drake::cmq_buildtargetmetadepsspecconfig_tmpconfig
2020-08-01 14:03:41.432077 | > DO_CALL (0.005s wait)
2020-08-01 14:03:42.680373 | eval'd: drake::cmq_buildtargetmetadepsspecconfig_tmpconfig
2020-08-01 14:03:43.166839 | > DO_CALL (0.013s wait)
2020-08-01 14:03:44.813017 | eval'd: drake::cmq_buildtargetmetadepsspecconfig_tmpconfig
2020-08-01 14:03:45.377276 | > DO_CALL (0.026s wait)
2020-08-01 14:03:47.039913 | eval'd: drake::cmq_buildtargetmetadepsspecconfig_tmpconfig
2020-08-01 14:03:47.229508 | > DO_CALL (0.001s wait)
2020-08-01 14:03:48.278604 | eval'd: drake::cmq_buildtargetmetadepsspecconfig_tmpconfig
2020-08-01 14:03:48.954792 | > DO_CALL (0.000s wait)
2020-08-01 14:03:49.981858 | eval'd: drake::cmq_buildtargetmetadepsspecconfig_tmpconfig
2020-08-01 14:03:50.421860 | > DO_CALL (0.001s wait)
2020-08-01 14:03:51.533734 | eval'd: drake::cmq_buildtargetmetadepsspecconfig_tmpconfig
2020-08-01 14:03:51.986085 | > DO_CALL (0.009s wait)
2020-08-01 14:03:53.692877 | eval'd: drake::cmq_buildtargetmetadepsspecconfig_tmpconfig
2020-08-01 14:03:54.297624 | > DO_CALL (0.001s wait)
2020-08-01 14:03:55.303544 | eval'd: drake::cmq_buildtargetmetadepsspecconfig_tmpconfig
2020-08-01 14:03:55.891928 | > DO_CALL (0.028s wait)
2020-08-01 14:03:57.584007 | eval'd: drake::cmq_buildtargetmetadepsspecconfig_tmpconfig
2020-08-01 14:03:57.949868 | > DO_CALL (0.000s wait)
2020-08-01 14:03:59.009759 | eval'd: drake::cmq_buildtargetmetadepsspecconfig_tmpconfig
2020-08-01 14:03:59.772056 | > DO_CALL (0.005s wait)
2020-08-01 14:04:01.023059 | eval'd: drake::cmq_buildtargetmetadepsspecconfig_tmpconfig
2020-08-01 14:04:01.198035 | > DO_CALL (0.006s wait)
2020-08-01 14:04:02.596955 | eval'd: drake::cmq_buildtargetmetadepsspecconfig_tmpconfig
2020-08-01 14:04:02.836565 | > DO_CALL (0.000s wait)
2020-08-01 14:04:03.837477 | eval'd: drake::cmq_buildtargetmetadepsspecconfig_tmpconfig
2020-08-01 14:04:04.791175 | > DO_CALL (0.000s wait)
2020-08-01 14:04:05.850442 | eval'd: drake::cmq_buildtargetmetadepsspecconfig_tmpconfig
2020-08-01 14:04:06.160925 | > DO_CALL (0.000s wait)
2020-08-01 14:04:07.206269 | eval'd: drake::cmq_buildtargetmetadepsspecconfig_tmpconfig
2020-08-01 14:04:07.709660 | > DO_CALL (0.015s wait)
2020-08-01 14:04:09.363162 | eval'd: drake::cmq_buildtargetmetadepsspecconfig_tmpconfig
2020-08-01 14:04:09.666199 | > DO_CALL (0.000s wait)
2020-08-01 14:04:10.719435 | eval'd: drake::cmq_buildtargetmetadepsspecconfig_tmpconfig
2020-08-01 14:04:11.346251 | > DO_CALL (0.001s wait)
2020-08-01 14:04:12.418400 | eval'd: drake::cmq_buildtargetmetadepsspecconfig_tmpconfig
2020-08-01 14:04:12.864832 | > DO_CALL (0.000s wait)
2020-08-01 14:04:13.871232 | eval'd: drake::cmq_buildtargetmetadepsspecconfig_tmpconfig
2020-08-01 14:04:14.587275 | > DO_CALL (0.001s wait)
2020-08-01 14:04:15.609199 | eval'd: drake::cmq_buildtargetmetadepsspecconfig_tmpconfig
2020-08-01 14:04:16.109523 | > DO_CALL (0.000s wait)
2020-08-01 14:04:17.148948 | eval'd: drake::cmq_buildtargetmetadepsspecconfig_tmpconfig
2020-08-01 14:04:18.090986 | > DO_CALL (0.001s wait)
2020-08-01 14:04:19.169917 | eval'd: drake::cmq_buildtargetmetadepsspecconfig_tmpconfig
2020-08-01 14:04:19.761693 | > DO_CALL (0.000s wait)
2020-08-01 14:04:20.769140 | eval'd: drake::cmq_buildtargetmetadepsspecconfig_tmpconfig
2020-08-01 14:04:21.723931 | > DO_CALL (0.001s wait)
2020-08-01 14:04:22.775891 | eval'd: drake::cmq_buildtargetmetadepsspecconfig_tmpconfig
2020-08-01 14:04:23.550355 | > DO_CALL (0.001s wait)
2020-08-01 14:04:24.577925 | eval'd: drake::cmq_buildtargetmetadepsspecconfig_tmpconfig
2020-08-01 14:04:25.797617 | > DO_CALL (0.052s wait)
2020-08-01 14:04:27.534614 | eval'd: drake::cmq_buildtargetmetadepsspecconfig_tmpconfig
2020-08-01 14:04:27.833628 | > DO_CALL (0.001s wait)
2020-08-01 14:04:28.887739 | eval'd: drake::cmq_buildtargetmetadepsspecconfig_tmpconfig
2020-08-01 14:04:29.693594 | > DO_CALL (0.001s wait)
2020-08-01 14:04:30.775889 | eval'd: drake::cmq_buildtargetmetadepsspecconfig_tmpconfig
2020-08-01 14:04:31.690592 | > DO_CALL (0.016s wait)
2020-08-01 14:04:33.383451 | eval'd: drake::cmq_buildtargetmetadepsspecconfig_tmpconfig
2020-08-01 14:04:33.933048 | > DO_CALL (0.003s wait)
2020-08-01 14:04:35.177425 | eval'd: drake::cmq_buildtargetmetadepsspecconfig_tmpconfig
2020-08-01 14:04:35.389480 | > DO_CALL (0.000s wait)
2020-08-01 14:04:36.494014 | eval'd: drake::cmq_buildtargetmetadepsspecconfig_tmpconfig
2020-08-01 14:04:36.930256 | > DO_CALL (0.041s wait)
2020-08-01 14:04:38.640023 | eval'd: drake::cmq_buildtargetmetadepsspecconfig_tmpconfig
2020-08-01 14:04:39.063797 | > DO_CALL (0.041s wait)
2020-08-01 14:04:40.781369 | eval'd: drake::cmq_buildtargetmetadepsspecconfig_tmpconfig
2020-08-01 14:04:40.979607 | > DO_CALL (0.026s wait)
2020-08-01 14:04:42.652274 | eval'd: drake::cmq_buildtargetmetadepsspecconfig_tmpconfig
2020-08-01 14:04:43.204248 | > DO_CALL (0.010s wait)
2020-08-01 14:04:44.860682 | eval'd: drake::cmq_buildtargetmetadepsspecconfig_tmpconfig
2020-08-01 14:04:45.106098 | > DO_CALL (0.000s wait)
Joining, by = c("dat", "site", "s0", "n0")
2020-08-01 14:04:45.813242 | eval'd: drake::cmq_buildtargetmetadepsspecconfig_tmpconfig
2020-08-01 14:04:46.320017 | > DO_CALL (0.002s wait)
Joining, by = c("dat", "site", "s0", "n0")
2020-08-01 14:04:47.428300 | eval'd: drake::cmq_buildtargetmetadepsspecconfig_tmpconfig
2020-08-01 14:04:47.570563 | > DO_CALL (0.002s wait)
Joining, by = c("dat", "site", "s0", "n0")
2020-08-01 14:04:48.275382 | eval'd: drake::cmq_buildtargetmetadepsspecconfig_tmpconfig
2020-08-01 14:04:48.648931 | > DO_CALL (0.000s wait)
Joining, by = c("dat", "site", "s0", "n0")
2020-08-01 14:04:49.359728 | eval'd: drake::cmq_buildtargetmetadepsspecconfig_tmpconfig
2020-08-01 14:04:49.740065 | > DO_CALL (0.001s wait)
Joining, by = c("dat", "site", "s0", "n0")
2020-08-01 14:04:50.453288 | eval'd: drake::cmq_buildtargetmetadepsspecconfig_tmpconfig
2020-08-01 14:04:50.895343 | > DO_CALL (0.003s wait)
Joining, by = c("dat", "site", "s0", "n0")
2020-08-01 14:04:51.614506 | eval'd: drake::cmq_buildtargetmetadepsspecconfig_tmpconfig
2020-08-01 14:04:51.951170 | > DO_CALL (0.001s wait)
Joining, by = c("dat", "site", "s0", "n0")
2020-08-01 14:04:52.660760 | eval'd: drake::cmq_buildtargetmetadepsspecconfig_tmpconfig
2020-08-01 14:04:53.284420 | > DO_CALL (0.003s wait)
Joining, by = c("dat", "site", "s0", "n0")
2020-08-01 14:04:53.956176 | eval'd: drake::cmq_buildtargetmetadepsspecconfig_tmpconfig
2020-08-01 14:04:54.289756 | > DO_CALL (0.002s wait)
Joining, by = c("dat", "site", "s0", "n0")
2020-08-01 14:04:54.990620 | eval'd: drake::cmq_buildtargetmetadepsspecconfig_tmpconfig
2020-08-01 14:04:55.457172 | > DO_CALL (0.002s wait)
Joining, by = c("dat", "site", "s0", "n0")
2020-08-01 14:04:56.147876 | eval'd: drake::cmq_buildtargetmetadepsspecconfig_tmpconfig
2020-08-01 14:04:56.820268 | > DO_CALL (0.003s wait)
Joining, by = c("dat", "site", "s0", "n0")
2020-08-01 14:04:57.496126 | eval'd: drake::cmq_buildtargetmetadepsspecconfig_tmpconfig
2020-08-01 14:04:57.995321 | > DO_CALL (0.001s wait)
Joining, by = c("dat", "site", "s0", "n0")
2020-08-01 14:04:58.703483 | eval'd: drake::cmq_buildtargetmetadepsspecconfig_tmpconfig
2020-08-01 14:04:59.071399 | > DO_CALL (0.001s wait)
Joining, by = c("dat", "site", "s0", "n0")
2020-08-01 14:04:59.761038 | eval'd: drake::cmq_buildtargetmetadepsspecconfig_tmpconfig
2020-08-01 14:05:00.124070 | > DO_CALL (0.002s wait)
Joining, by = c("dat", "site", "s0", "n0")
2020-08-01 14:05:00.817886 | eval'd: drake::cmq_buildtargetmetadepsspecconfig_tmpconfig
2020-08-01 14:05:01.167111 | > DO_CALL (0.002s wait)
Joining, by = c("dat", "site", "s0", "n0")
2020-08-01 14:05:01.851372 | eval'd: drake::cmq_buildtargetmetadepsspecconfig_tmpconfig
2020-08-01 14:05:02.330399 | > DO_CALL (0.003s wait)
Joining, by = c("dat", "site", "s0", "n0")
2020-08-01 14:05:03.035943 | eval'd: drake::cmq_buildtargetmetadepsspecconfig_tmpconfig
2020-08-01 14:05:03.340625 | > DO_CALL (0.001s wait)
Joining, by = c("dat", "site", "s0", "n0")
2020-08-01 14:05:04.028584 | eval'd: drake::cmq_buildtargetmetadepsspecconfig_tmpconfig
2020-08-01 14:05:04.557492 | > DO_CALL (0.001s wait)
Joining, by = c("dat", "site", "s0", "n0")
2020-08-01 14:05:05.298041 | eval'd: drake::cmq_buildtargetmetadepsspecconfig_tmpconfig
2020-08-01 14:05:05.609157 | > DO_CALL (0.000s wait)
Joining, by = c("dat", "site", "s0", "n0")
2020-08-01 14:05:06.299642 | eval'd: drake::cmq_buildtargetmetadepsspecconfig_tmpconfig
2020-08-01 14:05:06.604546 | > DO_CALL (0.001s wait)
Joining, by = c("dat", "site", "s0", "n0")
2020-08-01 14:05:07.291672 | eval'd: drake::cmq_buildtargetmetadepsspecconfig_tmpconfig
2020-08-01 14:05:07.661647 | > DO_CALL (0.000s wait)
Joining, by = c("dat", "site", "s0", "n0")
2020-08-01 14:05:08.356897 | eval'd: drake::cmq_buildtargetmetadepsspecconfig_tmpconfig
2020-08-01 14:05:08.697885 | > DO_CALL (0.000s wait)
Joining, by = c("dat", "site", "s0", "n0")
2020-08-01 14:05:09.393198 | eval'd: drake::cmq_buildtargetmetadepsspecconfig_tmpconfig
2020-08-01 14:05:09.763745 | > DO_CALL (0.000s wait)
Joining, by = c("dat", "site", "s0", "n0")
2020-08-01 14:05:10.468362 | eval'd: drake::cmq_buildtargetmetadepsspecconfig_tmpconfig
2020-08-01 14:05:10.818444 | > DO_CALL (0.003s wait)
Joining, by = c("dat", "site", "s0", "n0")
2020-08-01 14:05:11.515674 | eval'd: drake::cmq_buildtargetmetadepsspecconfig_tmpconfig
2020-08-01 14:05:11.900186 | > DO_CALL (0.002s wait)
Joining, by = c("dat", "site", "s0", "n0")
2020-08-01 14:05:12.590981 | eval'd: drake::cmq_buildtargetmetadepsspecconfig_tmpconfig
2020-08-01 14:05:12.879965 | > DO_CALL (0.001s wait)
Joining, by = c("dat", "site", "s0", "n0")
2020-08-01 14:05:13.565316 | eval'd: drake::cmq_buildtargetmetadepsspecconfig_tmpconfig
2020-08-01 14:05:14.072298 | > DO_CALL (0.003s wait)
Joining, by = c("dat", "site", "s0", "n0")
2020-08-01 14:05:14.756357 | eval'd: drake::cmq_buildtargetmetadepsspecconfig_tmpconfig
2020-08-01 14:05:15.263092 | > DO_CALL (0.002s wait)
Joining, by = c("dat", "site", "s0", "n0")
2020-08-01 14:05:15.951613 | eval'd: drake::cmq_buildtargetmetadepsspecconfig_tmpconfig
2020-08-01 14:05:16.409798 | > DO_CALL (0.001s wait)
Joining, by = c("dat", "site", "s0", "n0")
2020-08-01 14:05:17.088218 | eval'd: drake::cmq_buildtargetmetadepsspecconfig_tmpconfig
2020-08-01 14:05:17.670244 | > DO_CALL (0.001s wait)
Joining, by = c("dat", "site", "s0", "n0")
2020-08-01 14:05:18.336665 | eval'd: drake::cmq_buildtargetmetadepsspecconfig_tmpconfig
2020-08-01 14:05:18.980135 | > DO_CALL (0.002s wait)
Joining, by = c("dat", "site", "s0", "n0")
2020-08-01 14:05:19.641873 | eval'd: drake::cmq_buildtargetmetadepsspecconfig_tmpconfig
2020-08-01 14:05:20.779746 | > DO_CALL (0.001s wait)
Joining, by = c("dat", "site", "s0", "n0")
2020-08-01 14:05:21.428040 | eval'd: drake::cmq_buildtargetmetadepsspecconfig_tmpconfig
2020-08-01 14:05:22.029282 | > DO_CALL (0.003s wait)
Joining, by = c("dat", "site", "s0", "n0")
2020-08-01 14:05:22.690849 | eval'd: drake::cmq_buildtargetmetadepsspecconfig_tmpconfig
2020-08-01 14:05:23.355826 | > DO_CALL (0.000s wait)
Joining, by = c("dat", "site", "s0", "n0")
2020-08-01 14:05:24.015951 | eval'd: drake::cmq_buildtargetmetadepsspecconfig_tmpconfig
2020-08-01 14:05:24.652797 | > DO_CALL (0.002s wait)
Joining, by = c("dat", "site", "s0", "n0")
2020-08-01 14:05:25.324897 | eval'd: drake::cmq_buildtargetmetadepsspecconfig_tmpconfig
2020-08-01 14:05:26.004109 | > DO_CALL (0.002s wait)
Joining, by = c("dat", "site", "s0", "n0")
2020-08-01 14:05:26.675421 | eval'd: drake::cmq_buildtargetmetadepsspecconfig_tmpconfig
2020-08-01 14:05:27.383252 | > DO_CALL (0.002s wait)
Joining, by = c("dat", "site", "s0", "n0")
2020-08-01 14:05:28.059683 | eval'd: drake::cmq_buildtargetmetadepsspecconfig_tmpconfig
2020-08-01 14:05:28.714189 | > DO_CALL (0.002s wait)
Joining, by = c("dat", "site", "s0", "n0")
2020-08-01 14:05:29.382400 | eval'd: drake::cmq_buildtargetmetadepsspecconfig_tmpconfig
2020-08-01 14:05:30.046799 | > DO_CALL (0.000s wait)
Joining, by = c("dat", "site", "s0", "n0")
2020-08-01 14:05:30.705010 | eval'd: drake::cmq_buildtargetmetadepsspecconfig_tmpconfig
2020-08-01 14:05:31.425877 | > DO_CALL (0.002s wait)
Joining, by = c("dat", "site", "s0", "n0")
2020-08-01 14:05:32.071311 | eval'd: drake::cmq_buildtargetmetadepsspecconfig_tmpconfig
2020-08-01 14:05:32.843713 | > DO_CALL (0.002s wait)
Joining, by = c("dat", "site", "s0", "n0")
2020-08-01 14:05:33.476203 | eval'd: drake::cmq_buildtargetmetadepsspecconfig_tmpconfig
2020-08-01 14:05:34.215636 | > DO_CALL (0.002s wait)
Joining, by = c("dat", "site", "s0", "n0")
2020-08-01 14:05:34.869620 | eval'd: drake::cmq_buildtargetmetadepsspecconfig_tmpconfig
2020-08-01 14:05:35.393784 | > DO_CALL (0.001s wait)
Joining, by = c("dat", "site", "s0", "n0")
2020-08-01 14:05:36.044767 | eval'd: drake::cmq_buildtargetmetadepsspecconfig_tmpconfig
2020-08-01 14:05:36.778149 | > DO_CALL (0.002s wait)
Joining, by = c("dat", "site", "s0", "n0")
2020-08-01 14:05:37.432387 | eval'd: drake::cmq_buildtargetmetadepsspecconfig_tmpconfig
2020-08-01 14:05:38.204169 | > DO_CALL (0.002s wait)
Joining, by = c("dat", "site", "s0", "n0")
2020-08-01 14:05:38.857631 | eval'd: drake::cmq_buildtargetmetadepsspecconfig_tmpconfig
2020-08-01 14:05:39.505795 | > DO_CALL (0.000s wait)
Joining, by = c("dat", "site", "s0", "n0")
2020-08-01 14:05:40.154800 | eval'd: drake::cmq_buildtargetmetadepsspecconfig_tmpconfig
2020-08-01 14:05:40.842959 | > DO_CALL (0.000s wait)
Joining, by = c("dat", "site", "s0", "n0")
2020-08-01 14:05:41.490616 | eval'd: drake::cmq_buildtargetmetadepsspecconfig_tmpconfig
2020-08-01 14:05:42.200562 | > DO_CALL (0.000s wait)
Joining, by = c("dat", "site", "s0", "n0")
2020-08-01 14:05:42.834959 | eval'd: drake::cmq_buildtargetmetadepsspecconfig_tmpconfig
2020-08-01 14:05:43.714556 | > DO_CALL (0.002s wait)
Joining, by = c("dat", "site", "s0", "n0")
2020-08-01 14:05:44.348884 | eval'd: drake::cmq_buildtargetmetadepsspecconfig_tmpconfig
2020-08-01 14:05:45.006725 | > DO_CALL (0.000s wait)
Joining, by = c("dat", "site", "s0", "n0")
2020-08-01 14:05:45.630217 | eval'd: drake::cmq_buildtargetmetadepsspecconfig_tmpconfig
2020-08-01 14:05:46.376745 | > DO_CALL (0.002s wait)
Joining, by = c("dat", "site", "s0", "n0")
2020-08-01 14:05:47.005385 | eval'd: drake::cmq_buildtargetmetadepsspecconfig_tmpconfig
2020-08-01 14:05:47.661095 | > DO_CALL (0.000s wait)
Joining, by = c("dat", "site", "s0", "n0")
2020-08-01 14:05:48.283279 | eval'd: drake::cmq_buildtargetmetadepsspecconfig_tmpconfig
2020-08-01 14:05:49.058018 | > DO_CALL (0.000s wait)
Joining, by = c("dat", "site", "s0", "n0")
2020-08-01 14:05:49.694275 | eval'd: drake::cmq_buildtargetmetadepsspecconfig_tmpconfig
2020-08-01 14:05:50.324072 | > DO_CALL (0.002s wait)
Joining, by = c("dat", "site", "s0", "n0")
2020-08-01 14:05:50.962671 | eval'd: drake::cmq_buildtargetmetadepsspecconfig_tmpconfig
2020-08-01 14:05:51.676011 | > DO_CALL (0.002s wait)
Joining, by = c("dat", "site", "s0", "n0")
2020-08-01 14:05:52.308924 | eval'd: drake::cmq_buildtargetmetadepsspecconfig_tmpconfig
2020-08-01 14:05:53.018895 | > DO_CALL (0.002s wait)
Joining, by = c("dat", "site", "s0", "n0")
2020-08-01 14:05:53.656469 | eval'd: drake::cmq_buildtargetmetadepsspecconfig_tmpconfig
2020-08-01 14:05:54.317898 | > DO_CALL (0.000s wait)
Joining, by = c("dat", "site", "s0", "n0")
2020-08-01 14:05:54.963575 | eval'd: drake::cmq_buildtargetmetadepsspecconfig_tmpconfig
2020-08-01 14:05:55.630785 | > DO_CALL (0.000s wait)
Joining, by = c("dat", "site", "s0", "n0")
2020-08-01 14:05:56.269310 | eval'd: drake::cmq_buildtargetmetadepsspecconfig_tmpconfig
2020-08-01 14:05:56.959396 | > DO_CALL (0.001s wait)
Joining, by = c("dat", "site", "s0", "n0")
2020-08-01 14:05:57.596946 | eval'd: drake::cmq_buildtargetmetadepsspecconfig_tmpconfig
2020-08-01 14:05:58.314709 | > DO_CALL (0.000s wait)
Joining, by = c("dat", "site", "s0", "n0")
2020-08-01 14:05:58.945526 | eval'd: drake::cmq_buildtargetmetadepsspecconfig_tmpconfig
2020-08-01 14:05:59.682770 | > DO_CALL (0.000s wait)
Joining, by = c("dat", "site", "s0", "n0")
2020-08-01 14:06:00.325618 | eval'd: drake::cmq_buildtargetmetadepsspecconfig_tmpconfig
2020-08-01 14:06:01.057143 | > DO_CALL (0.000s wait)
Joining, by = c("dat", "site", "s0", "n0")
2020-08-01 14:06:01.694871 | eval'd: drake::cmq_buildtargetmetadepsspecconfig_tmpconfig
2020-08-01 14:06:02.416223 | > DO_CALL (0.003s wait)
Joining, by = c("dat", "site", "s0", "n0")
2020-08-01 14:06:03.052962 | eval'd: drake::cmq_buildtargetmetadepsspecconfig_tmpconfig
2020-08-01 14:06:03.785975 | > DO_CALL (0.002s wait)
Joining, by = c("dat", "site", "s0", "n0")
2020-08-01 14:06:04.422086 | eval'd: drake::cmq_buildtargetmetadepsspecconfig_tmpconfig
2020-08-01 14:06:05.124493 | > DO_CALL (0.002s wait)
Joining, by = c("dat", "site", "s0", "n0")
2020-08-01 14:06:05.764329 | eval'd: drake::cmq_buildtargetmetadepsspecconfig_tmpconfig
2020-08-01 14:06:06.480742 | > DO_CALL (0.000s wait)
Joining, by = c("dat", "site", "s0", "n0")
2020-08-01 14:06:07.127133 | eval'd: drake::cmq_buildtargetmetadepsspecconfig_tmpconfig
2020-08-01 14:06:07.851718 | > DO_CALL (0.002s wait)
Joining, by = c("dat", "site", "s0", "n0")
2020-08-01 14:06:08.510330 | eval'd: drake::cmq_buildtargetmetadepsspecconfig_tmpconfig
2020-08-01 14:06:09.108433 | > DO_CALL (0.001s wait)
Joining, by = c("dat", "site", "s0", "n0")
2020-08-01 14:06:09.775585 | eval'd: drake::cmq_buildtargetmetadepsspecconfig_tmpconfig
2020-08-01 14:06:10.413236 | > DO_CALL (0.002s wait)
Joining, by = c("dat", "site", "s0", "n0")
2020-08-01 14:06:11.085655 | eval'd: drake::cmq_buildtargetmetadepsspecconfig_tmpconfig
2020-08-01 14:06:11.755443 | > DO_CALL (0.001s wait)
Joining, by = c("dat", "site", "s0", "n0")
2020-08-01 14:06:12.431746 | eval'd: drake::cmq_buildtargetmetadepsspecconfig_tmpconfig
2020-08-01 14:06:13.132164 | > DO_CALL (0.000s wait)
Joining, by = c("dat", "site", "s0", "n0")
2020-08-01 14:06:13.801072 | eval'd: drake::cmq_buildtargetmetadepsspecconfig_tmpconfig
2020-08-01 14:06:14.463612 | > DO_CALL (0.002s wait)
Joining, by = c("dat", "site", "s0", "n0")
2020-08-01 14:06:15.142424 | eval'd: drake::cmq_buildtargetmetadepsspecconfig_tmpconfig
2020-08-01 14:06:15.770621 | > DO_CALL (0.000s wait)
Joining, by = c("dat", "site", "s0", "n0")
2020-08-01 14:06:16.438201 | eval'd: drake::cmq_buildtargetmetadepsspecconfig_tmpconfig
2020-08-01 14:06:17.130116 | > DO_CALL (0.002s wait)
Joining, by = c("dat", "site", "s0", "n0")
2020-08-01 14:06:17.804105 | eval'd: drake::cmq_buildtargetmetadepsspecconfig_tmpconfig
2020-08-01 14:06:18.468960 | > DO_CALL (0.000s wait)
Joining, by = c("dat", "site", "s0", "n0")
2020-08-01 14:06:19.151241 | eval'd: drake::cmq_buildtargetmetadepsspecconfig_tmpconfig
2020-08-01 14:06:19.902156 | > WORKER_WAIT (0.000s wait)
2020-08-01 14:06:19.902587 | waiting 1.00s
2020-08-01 14:06:23.712470 | > WORKER_WAIT (0.000s wait)
2020-08-01 14:06:23.715854 | waiting 1.00s
2020-08-01 14:06:27.776426 | > WORKER_WAIT (0.000s wait)
2020-08-01 14:06:27.776839 | waiting 1.00s
2020-08-01 14:08:21.493020 | > WORKER_STOP (0.000s wait)
2020-08-01 14:08:21.493407 | shutting down worker
2020-08-01 14:08:21.879655 | 
Total: 220 in 742.75s [user], 6.99s [system], 1023.33s [elapsed]
Warning messages:
1: In max(skew, na.rm = T) :
  no non-missing arguments to max; returning -Inf
2: In min(skew, na.rm = T) :
  no non-missing arguments to min; returning Inf
3: In min(skew, na.rm = T) :
  no non-missing arguments to min; returning Inf
4: In max(skew, na.rm = T) :
  no non-missing arguments to max; returning -Inf
5: In min(skew, na.rm = T) :
  no non-missing arguments to min; returning Inf
6: In min(skew, na.rm = T) :
  no non-missing arguments to min; returning Inf
