2020-08-01 14:27:06.698970 | Master: tcp://c22a-s1.ufhpc:8674
2020-08-01 14:27:06.712545 | WORKER_UP to: tcp://c22a-s1.ufhpc:8674
2020-08-01 14:27:09.361911 | > DO_SETUP (2.629s wait)
2020-08-01 14:27:09.362459 | token from msg: set_common_data_token
2020-08-01 14:28:30.674736 | > DO_CALL (20.131s wait)
* Option 'clustermq.scheduler' not set, defaulting to ‘SLURM’
--- see: https://mschubert.github.io/clustermq/articles/userguide.html#configuration
2020-08-01 14:34:08.874780 | eval'd: drake::cmq_buildtargetmetadepsspecconfig_tmpconfig
2020-08-01 14:34:26.917445 | > DO_CALL (4.764s wait)
2020-08-01 14:34:43.491646 | eval'd: drake::cmq_buildtargetmetadepsspecconfig_tmpconfig
2020-08-01 14:35:10.946831 | > DO_CALL (4.820s wait)
2020-08-01 14:35:29.635523 | eval'd: drake::cmq_buildtargetmetadepsspecconfig_tmpconfig
2020-08-01 14:35:50.501634 | > DO_CALL (5.205s wait)
2020-08-01 14:35:58.223083 | eval'd: drake::cmq_buildtargetmetadepsspecconfig_tmpconfig
2020-08-01 14:36:38.897561 | > DO_CALL (5.058s wait)
2020-08-01 14:36:47.036491 | eval'd: drake::cmq_buildtargetmetadepsspecconfig_tmpconfig
2020-08-01 14:36:58.051285 | > DO_CALL (5.161s wait)
2020-08-01 14:38:19.480157 | eval'd: drake::cmq_buildtargetmetadepsspecconfig_tmpconfig
2020-08-01 14:38:32.358301 | > DO_CALL (5.202s wait)
2020-08-01 14:38:43.656368 | eval'd: drake::cmq_buildtargetmetadepsspecconfig_tmpconfig
2020-08-01 14:39:04.860711 | > DO_CALL (4.939s wait)
2020-08-01 14:41:33.244606 | eval'd: drake::cmq_buildtargetmetadepsspecconfig_tmpconfig
2020-08-01 14:41:46.683072 | > DO_CALL (4.773s wait)
2020-08-01 14:41:52.951138 | eval'd: drake::cmq_buildtargetmetadepsspecconfig_tmpconfig
2020-08-01 14:42:01.295356 | > DO_CALL (5.085s wait)
2020-08-01 14:42:17.897198 | eval'd: drake::cmq_buildtargetmetadepsspecconfig_tmpconfig
2020-08-01 14:42:29.226105 | > DO_CALL (4.979s wait)
2020-08-01 14:42:40.501981 | eval'd: drake::cmq_buildtargetmetadepsspecconfig_tmpconfig
2020-08-01 14:42:50.325915 | > DO_CALL (4.752s wait)
2020-08-01 14:42:59.219026 | eval'd: drake::cmq_buildtargetmetadepsspecconfig_tmpconfig
2020-08-01 14:43:09.948334 | > DO_CALL (5.104s wait)
2020-08-01 14:43:17.537888 | eval'd: drake::cmq_buildtargetmetadepsspecconfig_tmpconfig
2020-08-01 14:43:27.566833 | > DO_CALL (5.235s wait)
2020-08-01 14:44:02.267997 | eval'd: drake::cmq_buildtargetmetadepsspecconfig_tmpconfig
2020-08-01 14:44:16.905890 | > DO_CALL (4.808s wait)
2020-08-01 14:44:47.340227 | eval'd: drake::cmq_buildtargetmetadepsspecconfig_tmpconfig
2020-08-01 14:45:00.861112 | > DO_CALL (5.014s wait)
2020-08-01 14:45:12.116379 | eval'd: drake::cmq_buildtargetmetadepsspecconfig_tmpconfig
2020-08-01 14:45:20.519347 | > DO_CALL (4.765s wait)
2020-08-01 14:45:33.825213 | eval'd: drake::cmq_buildtargetmetadepsspecconfig_tmpconfig
2020-08-01 14:45:43.945445 | > DO_CALL (4.835s wait)
2020-08-01 15:07:32.647434 | eval'd: drake::cmq_buildtargetmetadepsspecconfig_tmpconfig
2020-08-01 15:07:43.985129 | > DO_CALL (5.407s wait)
2020-08-01 15:07:52.211594 | eval'd: drake::cmq_buildtargetmetadepsspecconfig_tmpconfig
2020-08-01 15:08:14.522684 | > DO_CALL (4.778s wait)
2020-08-01 15:08:24.491115 | eval'd: drake::cmq_buildtargetmetadepsspecconfig_tmpconfig
2020-08-01 15:08:50.205445 | > DO_CALL (5.133s wait)
2020-08-01 15:09:10.583602 | eval'd: drake::cmq_buildtargetmetadepsspecconfig_tmpconfig
2020-08-01 15:09:27.638856 | > DO_CALL (4.785s wait)
2020-08-01 15:09:37.720548 | eval'd: drake::cmq_buildtargetmetadepsspecconfig_tmpconfig
2020-08-01 15:09:58.662629 | > DO_CALL (5.329s wait)
2020-08-01 15:10:15.523504 | eval'd: drake::cmq_buildtargetmetadepsspecconfig_tmpconfig
2020-08-01 15:10:35.727930 | > DO_CALL (4.771s wait)
2020-08-01 15:11:08.264943 | eval'd: drake::cmq_buildtargetmetadepsspecconfig_tmpconfig
2020-08-01 15:11:45.029105 | > DO_CALL (4.981s wait)
2020-08-01 15:11:59.040352 | eval'd: drake::cmq_buildtargetmetadepsspecconfig_tmpconfig
2020-08-01 15:12:15.583032 | > DO_CALL (4.906s wait)
2020-08-01 15:12:41.634401 | eval'd: drake::cmq_buildtargetmetadepsspecconfig_tmpconfig
2020-08-01 15:12:58.164833 | > DO_CALL (4.819s wait)
2020-08-01 15:13:23.272138 | eval'd: drake::cmq_buildtargetmetadepsspecconfig_tmpconfig
2020-08-01 15:13:46.654556 | > DO_CALL (5.047s wait)
2020-08-01 15:14:04.152556 | eval'd: drake::cmq_buildtargetmetadepsspecconfig_tmpconfig
2020-08-01 15:14:17.646026 | > DO_CALL (4.796s wait)
2020-08-01 15:14:43.126271 | eval'd: drake::cmq_buildtargetmetadepsspecconfig_tmpconfig
2020-08-01 15:14:57.410105 | > DO_CALL (5.132s wait)
2020-08-01 15:15:19.971472 | eval'd: drake::cmq_buildtargetmetadepsspecconfig_tmpconfig
2020-08-01 15:15:39.394685 | > DO_CALL (4.763s wait)
2020-08-01 15:15:46.649528 | eval'd: drake::cmq_buildtargetmetadepsspecconfig_tmpconfig
2020-08-01 15:15:56.984610 | > DO_CALL (4.803s wait)
2020-08-01 15:16:07.863367 | eval'd: drake::cmq_buildtargetmetadepsspecconfig_tmpconfig
2020-08-01 15:16:19.521142 | > DO_CALL (5.045s wait)
2020-08-01 15:16:49.619439 | eval'd: drake::cmq_buildtargetmetadepsspecconfig_tmpconfig
2020-08-01 15:17:01.485692 | > DO_CALL (4.739s wait)
2020-08-01 15:17:07.229537 | eval'd: drake::cmq_buildtargetmetadepsspecconfig_tmpconfig
2020-08-01 15:17:23.755662 | > DO_CALL (5.103s wait)
2020-08-01 15:17:46.969852 | eval'd: drake::cmq_buildtargetmetadepsspecconfig_tmpconfig
2020-08-01 15:18:04.145458 | > DO_CALL (4.745s wait)
2020-08-01 15:18:14.848722 | eval'd: drake::cmq_buildtargetmetadepsspecconfig_tmpconfig
2020-08-01 15:18:30.164617 | > DO_CALL (4.858s wait)
2020-08-01 15:18:36.331546 | eval'd: drake::cmq_buildtargetmetadepsspecconfig_tmpconfig
2020-08-01 15:18:44.767266 | > DO_CALL (4.831s wait)
2020-08-01 15:22:33.016746 | eval'd: drake::cmq_buildtargetmetadepsspecconfig_tmpconfig
2020-08-01 15:22:43.865375 | > DO_CALL (4.893s wait)
2020-08-01 15:22:53.374927 | eval'd: drake::cmq_buildtargetmetadepsspecconfig_tmpconfig
2020-08-01 15:23:01.979885 | > DO_CALL (4.928s wait)
2020-08-01 15:23:09.973632 | eval'd: drake::cmq_buildtargetmetadepsspecconfig_tmpconfig
2020-08-01 15:23:17.954133 | > DO_CALL (4.965s wait)
2020-08-01 15:23:48.330578 | eval'd: drake::cmq_buildtargetmetadepsspecconfig_tmpconfig
2020-08-01 15:24:00.282356 | > DO_CALL (4.893s wait)
2020-08-01 15:24:17.880272 | eval'd: drake::cmq_buildtargetmetadepsspecconfig_tmpconfig
2020-08-01 15:24:27.424566 | > DO_CALL (4.915s wait)
2020-08-01 15:25:24.268144 | eval'd: drake::cmq_buildtargetmetadepsspecconfig_tmpconfig
2020-08-01 15:25:33.360693 | > DO_CALL (5.345s wait)
2020-08-01 15:25:40.672152 | eval'd: drake::cmq_buildtargetmetadepsspecconfig_tmpconfig
2020-08-01 15:25:56.666166 | > DO_CALL (4.957s wait)
2020-08-01 15:26:10.550966 | eval'd: drake::cmq_buildtargetmetadepsspecconfig_tmpconfig
2020-08-01 15:26:20.014494 | > DO_CALL (5.273s wait)
2020-08-01 15:26:46.268989 | eval'd: drake::cmq_buildtargetmetadepsspecconfig_tmpconfig
2020-08-01 15:27:01.776715 | > DO_CALL (4.897s wait)
2020-08-01 15:27:23.255531 | eval'd: drake::cmq_buildtargetmetadepsspecconfig_tmpconfig
2020-08-01 15:27:33.775650 | > DO_CALL (5.004s wait)
2020-08-01 15:27:53.248080 | eval'd: drake::cmq_buildtargetmetadepsspecconfig_tmpconfig
2020-08-01 15:28:01.334475 | > DO_CALL (5.007s wait)
2020-08-01 15:28:22.126506 | eval'd: drake::cmq_buildtargetmetadepsspecconfig_tmpconfig
2020-08-01 15:28:32.507486 | > DO_CALL (4.978s wait)
2020-08-01 15:40:15.286795 | eval'd: drake::cmq_buildtargetmetadepsspecconfig_tmpconfig
2020-08-01 15:40:41.333393 | > DO_CALL (5.262s wait)
2020-08-01 15:40:51.653442 | eval'd: drake::cmq_buildtargetmetadepsspecconfig_tmpconfig
2020-08-01 15:41:05.337188 | > DO_CALL (4.672s wait)
2020-08-01 15:41:14.923474 | eval'd: drake::cmq_buildtargetmetadepsspecconfig_tmpconfig
2020-08-01 15:41:25.106925 | > DO_CALL (4.711s wait)
2020-08-01 15:41:36.323028 | eval'd: drake::cmq_buildtargetmetadepsspecconfig_tmpconfig
2020-08-01 15:41:47.173698 | > DO_CALL (4.777s wait)
2020-08-01 15:42:04.531638 | eval'd: drake::cmq_buildtargetmetadepsspecconfig_tmpconfig
2020-08-01 15:42:16.062223 | > DO_CALL (4.935s wait)
2020-08-01 15:43:18.360722 | eval'd: drake::cmq_buildtargetmetadepsspecconfig_tmpconfig
2020-08-01 15:43:30.894973 | > DO_CALL (4.785s wait)
2020-08-01 15:43:43.443684 | eval'd: drake::cmq_buildtargetmetadepsspecconfig_tmpconfig
2020-08-01 15:43:56.101997 | > DO_CALL (4.751s wait)
2020-08-01 15:46:35.143456 | eval'd: drake::cmq_buildtargetmetadepsspecconfig_tmpconfig
2020-08-01 15:46:52.612011 | > DO_CALL (5.379s wait)
2020-08-01 15:47:20.964876 | eval'd: drake::cmq_buildtargetmetadepsspecconfig_tmpconfig
2020-08-01 15:47:21.322797 | > DO_CALL (0.044s wait)
2020-08-01 15:47:27.732880 | eval'd: drake::cmq_buildtargetmetadepsspecconfig_tmpconfig
2020-08-01 15:47:27.781499 | > DO_CALL (0.000s wait)
2020-08-01 15:47:34.801955 | eval'd: drake::cmq_buildtargetmetadepsspecconfig_tmpconfig
2020-08-01 15:47:34.838966 | > DO_CALL (0.001s wait)
2020-08-01 15:47:40.150662 | eval'd: drake::cmq_buildtargetmetadepsspecconfig_tmpconfig
2020-08-01 15:47:40.286407 | > DO_CALL (0.029s wait)
2020-08-01 15:47:46.150439 | eval'd: drake::cmq_buildtargetmetadepsspecconfig_tmpconfig
2020-08-01 15:47:46.210472 | > DO_CALL (0.002s wait)
2020-08-01 15:47:51.603714 | eval'd: drake::cmq_buildtargetmetadepsspecconfig_tmpconfig
2020-08-01 15:47:51.776147 | > DO_CALL (0.036s wait)
2020-08-01 15:47:57.601961 | eval'd: drake::cmq_buildtargetmetadepsspecconfig_tmpconfig
2020-08-01 15:47:57.686551 | > DO_CALL (0.009s wait)
2020-08-01 15:48:03.388539 | eval'd: drake::cmq_buildtargetmetadepsspecconfig_tmpconfig
2020-08-01 15:48:03.444522 | > DO_CALL (0.000s wait)
2020-08-01 15:48:08.755840 | eval'd: drake::cmq_buildtargetmetadepsspecconfig_tmpconfig
2020-08-01 15:48:09.121623 | > DO_CALL (0.081s wait)
2020-08-01 15:48:15.149415 | eval'd: drake::cmq_buildtargetmetadepsspecconfig_tmpconfig
2020-08-01 15:48:15.565901 | > DO_CALL (0.101s wait)
2020-08-01 15:48:21.537476 | eval'd: drake::cmq_buildtargetmetadepsspecconfig_tmpconfig
2020-08-01 15:48:22.330422 | > DO_CALL (0.043s wait)
2020-08-01 15:48:28.302506 | eval'd: drake::cmq_buildtargetmetadepsspecconfig_tmpconfig
2020-08-01 15:48:28.464622 | > DO_CALL (0.015s wait)
2020-08-01 15:48:34.746127 | eval'd: drake::cmq_buildtargetmetadepsspecconfig_tmpconfig
2020-08-01 15:48:35.216892 | > DO_CALL (0.070s wait)
2020-08-01 15:48:41.609961 | eval'd: drake::cmq_buildtargetmetadepsspecconfig_tmpconfig
2020-08-01 15:48:41.941291 | > DO_CALL (0.088s wait)
2020-08-01 15:48:48.704865 | eval'd: drake::cmq_buildtargetmetadepsspecconfig_tmpconfig
2020-08-01 15:48:49.045129 | > DO_CALL (0.020s wait)
2020-08-01 15:48:54.841147 | eval'd: drake::cmq_buildtargetmetadepsspecconfig_tmpconfig
2020-08-01 15:48:54.900258 | > DO_CALL (0.000s wait)
2020-08-01 15:49:00.167325 | eval'd: drake::cmq_buildtargetmetadepsspecconfig_tmpconfig
2020-08-01 15:49:00.337868 | > DO_CALL (0.037s wait)
2020-08-01 15:49:06.228309 | eval'd: drake::cmq_buildtargetmetadepsspecconfig_tmpconfig
2020-08-01 15:49:06.320697 | > DO_CALL (0.012s wait)
2020-08-01 15:49:12.148793 | eval'd: drake::cmq_buildtargetmetadepsspecconfig_tmpconfig
2020-08-01 15:49:12.310596 | > DO_CALL (0.024s wait)
2020-08-01 15:49:18.101686 | eval'd: drake::cmq_buildtargetmetadepsspecconfig_tmpconfig
2020-08-01 15:49:18.317793 | > DO_CALL (0.051s wait)
2020-08-01 15:49:24.137672 | eval'd: drake::cmq_buildtargetmetadepsspecconfig_tmpconfig
2020-08-01 15:49:24.234420 | > DO_CALL (0.014s wait)
2020-08-01 15:49:30.033292 | eval'd: drake::cmq_buildtargetmetadepsspecconfig_tmpconfig
2020-08-01 15:49:30.271466 | > DO_CALL (0.021s wait)
2020-08-01 15:49:36.054891 | eval'd: drake::cmq_buildtargetmetadepsspecconfig_tmpconfig
2020-08-01 15:49:36.375322 | > DO_CALL (0.000s wait)
2020-08-01 15:49:41.642005 | eval'd: drake::cmq_buildtargetmetadepsspecconfig_tmpconfig
2020-08-01 15:49:41.830180 | > DO_CALL (0.045s wait)
2020-08-01 15:49:47.689989 | eval'd: drake::cmq_buildtargetmetadepsspecconfig_tmpconfig
2020-08-01 15:49:47.739596 | > DO_CALL (0.000s wait)
2020-08-01 15:49:53.024435 | eval'd: drake::cmq_buildtargetmetadepsspecconfig_tmpconfig
2020-08-01 15:49:53.085495 | > DO_CALL (0.000s wait)
2020-08-01 15:49:58.381416 | eval'd: drake::cmq_buildtargetmetadepsspecconfig_tmpconfig
2020-08-01 15:49:58.613070 | > DO_CALL (0.055s wait)
2020-08-01 15:50:04.464035 | eval'd: drake::cmq_buildtargetmetadepsspecconfig_tmpconfig
2020-08-01 15:50:04.593745 | > DO_CALL (0.023s wait)
2020-08-01 15:50:10.434765 | eval'd: drake::cmq_buildtargetmetadepsspecconfig_tmpconfig
2020-08-01 15:50:11.105184 | > DO_CALL (0.038s wait)
2020-08-01 15:50:17.017139 | eval'd: drake::cmq_buildtargetmetadepsspecconfig_tmpconfig
2020-08-01 15:50:17.166950 | > DO_CALL (0.029s wait)
2020-08-01 15:50:22.969800 | eval'd: drake::cmq_buildtargetmetadepsspecconfig_tmpconfig
2020-08-01 15:50:23.106327 | > DO_CALL (0.023s wait)
2020-08-01 15:50:28.904194 | eval'd: drake::cmq_buildtargetmetadepsspecconfig_tmpconfig
2020-08-01 15:50:28.952574 | > DO_CALL (0.000s wait)
2020-08-01 15:50:34.247940 | eval'd: drake::cmq_buildtargetmetadepsspecconfig_tmpconfig
2020-08-01 15:50:34.328706 | > DO_CALL (0.014s wait)
2020-08-01 15:50:40.223850 | eval'd: drake::cmq_buildtargetmetadepsspecconfig_tmpconfig
2020-08-01 15:50:40.345454 | > DO_CALL (0.017s wait)
2020-08-01 15:50:46.117725 | eval'd: drake::cmq_buildtargetmetadepsspecconfig_tmpconfig
2020-08-01 15:50:46.285989 | > DO_CALL (0.035s wait)
2020-08-01 15:50:52.116834 | eval'd: drake::cmq_buildtargetmetadepsspecconfig_tmpconfig
2020-08-01 15:50:52.257791 | > DO_CALL (0.025s wait)
2020-08-01 15:50:58.211422 | eval'd: drake::cmq_buildtargetmetadepsspecconfig_tmpconfig
2020-08-01 15:50:58.350329 | > DO_CALL (0.021s wait)
2020-08-01 15:51:04.565899 | eval'd: drake::cmq_buildtargetmetadepsspecconfig_tmpconfig
2020-08-01 15:51:04.696200 | > DO_CALL (0.021s wait)
2020-08-01 15:51:10.642708 | eval'd: drake::cmq_buildtargetmetadepsspecconfig_tmpconfig
2020-08-01 15:51:10.745145 | > DO_CALL (0.015s wait)
2020-08-01 15:51:16.811872 | eval'd: drake::cmq_buildtargetmetadepsspecconfig_tmpconfig
2020-08-01 15:51:17.049863 | > DO_CALL (0.030s wait)
2020-08-01 15:51:23.294944 | eval'd: drake::cmq_buildtargetmetadepsspecconfig_tmpconfig
2020-08-01 15:51:23.412821 | > DO_CALL (0.019s wait)
2020-08-01 15:51:29.613648 | eval'd: drake::cmq_buildtargetmetadepsspecconfig_tmpconfig
2020-08-01 15:51:29.841077 | > DO_CALL (0.017s wait)
2020-08-01 15:51:36.767351 | eval'd: drake::cmq_buildtargetmetadepsspecconfig_tmpconfig
2020-08-01 15:51:36.908961 | > DO_CALL (0.026s wait)
2020-08-01 15:51:43.510814 | eval'd: drake::cmq_buildtargetmetadepsspecconfig_tmpconfig
2020-08-01 15:51:43.765382 | > DO_CALL (0.016s wait)
2020-08-01 15:51:49.945240 | eval'd: drake::cmq_buildtargetmetadepsspecconfig_tmpconfig
2020-08-01 15:51:50.088804 | > DO_CALL (0.029s wait)
2020-08-01 15:51:55.928027 | eval'd: drake::cmq_buildtargetmetadepsspecconfig_tmpconfig
2020-08-01 15:51:55.991411 | > DO_CALL (0.000s wait)
2020-08-01 15:52:01.325241 | eval'd: drake::cmq_buildtargetmetadepsspecconfig_tmpconfig
2020-08-01 15:52:01.362162 | > DO_CALL (0.000s wait)
2020-08-01 15:52:06.715094 | eval'd: drake::cmq_buildtargetmetadepsspecconfig_tmpconfig
2020-08-01 15:52:06.902293 | > DO_CALL (0.018s wait)
2020-08-01 15:52:12.752310 | eval'd: drake::cmq_buildtargetmetadepsspecconfig_tmpconfig
2020-08-01 15:52:12.874194 | > DO_CALL (0.019s wait)
2020-08-01 15:52:18.439203 | eval'd: drake::cmq_buildtargetmetadepsspecconfig_tmpconfig
2020-08-01 15:52:18.638597 | > DO_CALL (0.048s wait)
2020-08-01 15:52:24.513477 | eval'd: drake::cmq_buildtargetmetadepsspecconfig_tmpconfig
2020-08-01 15:52:24.632903 | > DO_CALL (0.020s wait)
2020-08-01 15:52:30.452403 | eval'd: drake::cmq_buildtargetmetadepsspecconfig_tmpconfig
2020-08-01 15:52:30.547721 | > DO_CALL (0.012s wait)
2020-08-01 15:52:36.314316 | eval'd: drake::cmq_buildtargetmetadepsspecconfig_tmpconfig
2020-08-01 15:52:36.426063 | > DO_CALL (0.001s wait)
2020-08-01 15:52:41.833938 | eval'd: drake::cmq_buildtargetmetadepsspecconfig_tmpconfig
2020-08-01 15:52:42.234977 | > DO_CALL (0.116s wait)
2020-08-01 15:52:48.099761 | eval'd: drake::cmq_buildtargetmetadepsspecconfig_tmpconfig
2020-08-01 15:52:48.238460 | > DO_CALL (0.026s wait)
2020-08-01 15:52:54.223977 | eval'd: drake::cmq_buildtargetmetadepsspecconfig_tmpconfig
2020-08-01 15:52:54.381402 | > DO_CALL (0.022s wait)
2020-08-01 15:53:00.709631 | eval'd: drake::cmq_buildtargetmetadepsspecconfig_tmpconfig
2020-08-01 15:53:00.845149 | > DO_CALL (0.025s wait)
2020-08-01 15:53:07.537088 | eval'd: drake::cmq_buildtargetmetadepsspecconfig_tmpconfig
2020-08-01 15:53:07.725663 | > DO_CALL (0.042s wait)
2020-08-01 15:53:14.173842 | eval'd: drake::cmq_buildtargetmetadepsspecconfig_tmpconfig
2020-08-01 15:53:14.303981 | > DO_CALL (0.022s wait)
2020-08-01 15:53:20.830806 | eval'd: drake::cmq_buildtargetmetadepsspecconfig_tmpconfig
2020-08-01 15:53:21.200031 | > DO_CALL (0.048s wait)
2020-08-01 15:53:27.086696 | eval'd: drake::cmq_buildtargetmetadepsspecconfig_tmpconfig
2020-08-01 15:53:27.381124 | > DO_CALL (0.077s wait)
2020-08-01 15:53:33.318588 | eval'd: drake::cmq_buildtargetmetadepsspecconfig_tmpconfig
2020-08-01 15:53:33.739117 | > DO_CALL (0.045s wait)
2020-08-01 15:53:39.590532 | eval'd: drake::cmq_buildtargetmetadepsspecconfig_tmpconfig
2020-08-01 15:53:39.728639 | > DO_CALL (0.025s wait)
2020-08-01 15:53:45.517838 | eval'd: drake::cmq_buildtargetmetadepsspecconfig_tmpconfig
2020-08-01 15:53:45.813239 | > DO_CALL (0.069s wait)
2020-08-01 15:53:51.679064 | eval'd: drake::cmq_buildtargetmetadepsspecconfig_tmpconfig
2020-08-01 15:53:51.970729 | > DO_CALL (0.069s wait)
2020-08-01 15:53:57.907810 | eval'd: drake::cmq_buildtargetmetadepsspecconfig_tmpconfig
2020-08-01 15:53:58.246573 | > DO_CALL (0.077s wait)
2020-08-01 15:54:04.169152 | eval'd: drake::cmq_buildtargetmetadepsspecconfig_tmpconfig
2020-08-01 15:54:04.281078 | > DO_CALL (0.021s wait)
2020-08-01 15:54:10.187043 | eval'd: drake::cmq_buildtargetmetadepsspecconfig_tmpconfig
2020-08-01 15:54:10.371704 | > DO_CALL (0.021s wait)
2020-08-01 15:54:16.270498 | eval'd: drake::cmq_buildtargetmetadepsspecconfig_tmpconfig
2020-08-01 15:54:16.672109 | > DO_CALL (0.107s wait)
2020-08-01 15:54:22.614349 | eval'd: drake::cmq_buildtargetmetadepsspecconfig_tmpconfig
2020-08-01 15:54:22.823508 | > DO_CALL (0.050s wait)
2020-08-01 15:54:28.717342 | eval'd: drake::cmq_buildtargetmetadepsspecconfig_tmpconfig
2020-08-01 15:54:29.652873 | > DO_CALL (0.001s wait)
2020-08-01 15:54:34.956213 | eval'd: drake::cmq_buildtargetmetadepsspecconfig_tmpconfig
2020-08-01 15:54:35.401215 | > DO_CALL (0.043s wait)
2020-08-01 15:54:41.256154 | eval'd: drake::cmq_buildtargetmetadepsspecconfig_tmpconfig
2020-08-01 15:54:41.403699 | > DO_CALL (0.029s wait)
2020-08-01 15:54:47.261375 | eval'd: drake::cmq_buildtargetmetadepsspecconfig_tmpconfig
2020-08-01 15:54:47.328457 | > DO_CALL (0.002s wait)
Joining, by = c("dat", "site", "s0", "n0")
2020-08-01 15:54:50.878578 | eval'd: drake::cmq_buildtargetmetadepsspecconfig_tmpconfig
2020-08-01 15:54:50.927952 | > DO_CALL (0.003s wait)
Joining, by = c("dat", "site", "s0", "n0")
2020-08-01 15:54:56.237229 | eval'd: drake::cmq_buildtargetmetadepsspecconfig_tmpconfig
2020-08-01 15:54:56.288278 | > DO_CALL (0.003s wait)
Joining, by = c("dat", "site", "s0", "n0")
2020-08-01 15:54:59.877496 | eval'd: drake::cmq_buildtargetmetadepsspecconfig_tmpconfig
2020-08-01 15:54:59.922356 | > DO_CALL (0.002s wait)
Joining, by = c("dat", "site", "s0", "n0")
2020-08-01 15:55:03.562845 | eval'd: drake::cmq_buildtargetmetadepsspecconfig_tmpconfig
2020-08-01 15:55:03.606512 | > DO_CALL (0.000s wait)
Joining, by = c("dat", "site", "s0", "n0")
2020-08-01 15:55:07.228394 | eval'd: drake::cmq_buildtargetmetadepsspecconfig_tmpconfig
2020-08-01 15:55:07.283182 | > DO_CALL (0.000s wait)
Joining, by = c("dat", "site", "s0", "n0")
2020-08-01 15:55:10.927498 | eval'd: drake::cmq_buildtargetmetadepsspecconfig_tmpconfig
2020-08-01 15:55:10.974962 | > DO_CALL (0.003s wait)
Joining, by = c("dat", "site", "s0", "n0")
2020-08-01 15:55:14.604398 | eval'd: drake::cmq_buildtargetmetadepsspecconfig_tmpconfig
2020-08-01 15:55:14.660244 | > DO_CALL (0.002s wait)
Joining, by = c("dat", "site", "s0", "n0")
2020-08-01 15:55:18.250743 | eval'd: drake::cmq_buildtargetmetadepsspecconfig_tmpconfig
2020-08-01 15:55:18.296072 | > DO_CALL (0.002s wait)
Joining, by = c("dat", "site", "s0", "n0")
2020-08-01 15:55:21.834600 | eval'd: drake::cmq_buildtargetmetadepsspecconfig_tmpconfig
2020-08-01 15:55:22.044959 | > DO_CALL (0.003s wait)
Joining, by = c("dat", "site", "s0", "n0")
2020-08-01 15:55:25.656818 | eval'd: drake::cmq_buildtargetmetadepsspecconfig_tmpconfig
2020-08-01 15:55:25.701215 | > DO_CALL (0.003s wait)
Joining, by = c("dat", "site", "s0", "n0")
2020-08-01 15:55:29.382007 | eval'd: drake::cmq_buildtargetmetadepsspecconfig_tmpconfig
2020-08-01 15:55:29.426114 | > DO_CALL (0.003s wait)
Joining, by = c("dat", "site", "s0", "n0")
2020-08-01 15:55:33.231767 | eval'd: drake::cmq_buildtargetmetadepsspecconfig_tmpconfig
2020-08-01 15:55:33.318014 | > DO_CALL (0.003s wait)
Joining, by = c("dat", "site", "s0", "n0")
2020-08-01 15:55:36.870293 | eval'd: drake::cmq_buildtargetmetadepsspecconfig_tmpconfig
2020-08-01 15:55:36.931788 | > DO_CALL (0.000s wait)
Joining, by = c("dat", "site", "s0", "n0")
2020-08-01 15:55:40.604729 | eval'd: drake::cmq_buildtargetmetadepsspecconfig_tmpconfig
2020-08-01 15:55:40.688962 | > DO_CALL (0.003s wait)
Joining, by = c("dat", "site", "s0", "n0")
2020-08-01 15:55:44.493201 | eval'd: drake::cmq_buildtargetmetadepsspecconfig_tmpconfig
2020-08-01 15:55:45.241383 | > DO_CALL (0.003s wait)
Joining, by = c("dat", "site", "s0", "n0")
2020-08-01 15:55:48.844827 | eval'd: drake::cmq_buildtargetmetadepsspecconfig_tmpconfig
2020-08-01 15:55:48.881838 | > DO_CALL (0.001s wait)
Joining, by = c("dat", "site", "s0", "n0")
2020-08-01 15:55:52.712332 | eval'd: drake::cmq_buildtargetmetadepsspecconfig_tmpconfig
2020-08-01 15:55:52.756931 | > DO_CALL (0.003s wait)
Joining, by = c("dat", "site", "s0", "n0")
2020-08-01 15:55:56.642909 | eval'd: drake::cmq_buildtargetmetadepsspecconfig_tmpconfig
2020-08-01 15:55:56.686248 | > DO_CALL (0.002s wait)
Joining, by = c("dat", "site", "s0", "n0")
2020-08-01 15:56:00.766579 | eval'd: drake::cmq_buildtargetmetadepsspecconfig_tmpconfig
2020-08-01 15:56:00.811935 | > DO_CALL (0.002s wait)
Joining, by = c("dat", "site", "s0", "n0")
2020-08-01 15:56:04.730568 | eval'd: drake::cmq_buildtargetmetadepsspecconfig_tmpconfig
2020-08-01 15:56:04.774820 | > DO_CALL (0.002s wait)
Joining, by = c("dat", "site", "s0", "n0")
2020-08-01 15:56:08.899423 | eval'd: drake::cmq_buildtargetmetadepsspecconfig_tmpconfig
2020-08-01 15:56:08.945672 | > DO_CALL (0.002s wait)
Joining, by = c("dat", "site", "s0", "n0")
2020-08-01 15:56:12.881424 | eval'd: drake::cmq_buildtargetmetadepsspecconfig_tmpconfig
2020-08-01 15:56:12.928018 | > DO_CALL (0.001s wait)
Joining, by = c("dat", "site", "s0", "n0")
2020-08-01 15:56:16.520123 | eval'd: drake::cmq_buildtargetmetadepsspecconfig_tmpconfig
2020-08-01 15:56:16.566663 | > DO_CALL (0.002s wait)
Joining, by = c("dat", "site", "s0", "n0")
2020-08-01 15:56:20.170670 | eval'd: drake::cmq_buildtargetmetadepsspecconfig_tmpconfig
2020-08-01 15:56:20.211351 | > DO_CALL (0.001s wait)
Joining, by = c("dat", "site", "s0", "n0")
2020-08-01 15:56:23.746739 | eval'd: drake::cmq_buildtargetmetadepsspecconfig_tmpconfig
2020-08-01 15:56:23.790940 | > DO_CALL (0.003s wait)
Joining, by = c("dat", "site", "s0", "n0")
2020-08-01 15:56:27.376964 | eval'd: drake::cmq_buildtargetmetadepsspecconfig_tmpconfig
2020-08-01 15:56:27.427301 | > DO_CALL (0.002s wait)
Joining, by = c("dat", "site", "s0", "n0")
2020-08-01 15:56:30.972631 | eval'd: drake::cmq_buildtargetmetadepsspecconfig_tmpconfig
2020-08-01 15:56:31.024793 | > DO_CALL (0.002s wait)
Joining, by = c("dat", "site", "s0", "n0")
2020-08-01 15:56:34.530164 | eval'd: drake::cmq_buildtargetmetadepsspecconfig_tmpconfig
2020-08-01 15:56:34.573848 | > DO_CALL (0.003s wait)
Joining, by = c("dat", "site", "s0", "n0")
2020-08-01 15:56:38.126376 | eval'd: drake::cmq_buildtargetmetadepsspecconfig_tmpconfig
2020-08-01 15:56:38.170858 | > DO_CALL (0.003s wait)
Joining, by = c("dat", "site", "s0", "n0")
2020-08-01 15:56:41.712263 | eval'd: drake::cmq_buildtargetmetadepsspecconfig_tmpconfig
2020-08-01 15:56:43.457288 | > DO_CALL (0.002s wait)
Joining, by = c("dat", "site", "s0", "n0")
2020-08-01 15:56:46.982703 | eval'd: drake::cmq_buildtargetmetadepsspecconfig_tmpconfig
2020-08-01 15:56:47.040613 | > DO_CALL (0.002s wait)
Joining, by = c("dat", "site", "s0", "n0")
2020-08-01 15:56:50.597131 | eval'd: drake::cmq_buildtargetmetadepsspecconfig_tmpconfig
2020-08-01 15:56:50.645330 | > DO_CALL (0.002s wait)
Joining, by = c("dat", "site", "s0", "n0")
2020-08-01 15:56:54.193890 | eval'd: drake::cmq_buildtargetmetadepsspecconfig_tmpconfig
2020-08-01 15:56:54.237949 | > DO_CALL (0.003s wait)
Joining, by = c("dat", "site", "s0", "n0")
2020-08-01 15:56:57.776225 | eval'd: drake::cmq_buildtargetmetadepsspecconfig_tmpconfig
2020-08-01 15:56:57.813202 | > DO_CALL (0.000s wait)
Joining, by = c("dat", "site", "s0", "n0")
2020-08-01 15:57:01.370345 | eval'd: drake::cmq_buildtargetmetadepsspecconfig_tmpconfig
2020-08-01 15:57:01.416918 | > DO_CALL (0.003s wait)
Joining, by = c("dat", "site", "s0", "n0")
2020-08-01 15:57:05.004896 | eval'd: drake::cmq_buildtargetmetadepsspecconfig_tmpconfig
2020-08-01 15:57:05.042294 | > DO_CALL (0.000s wait)
Joining, by = c("dat", "site", "s0", "n0")
2020-08-01 15:57:08.637254 | eval'd: drake::cmq_buildtargetmetadepsspecconfig_tmpconfig
2020-08-01 15:57:08.694564 | > DO_CALL (0.002s wait)
Joining, by = c("dat", "site", "s0", "n0")
2020-08-01 15:57:12.234647 | eval'd: drake::cmq_buildtargetmetadepsspecconfig_tmpconfig
2020-08-01 15:57:12.279772 | > DO_CALL (0.002s wait)
Joining, by = c("dat", "site", "s0", "n0")
2020-08-01 15:57:15.866998 | eval'd: drake::cmq_buildtargetmetadepsspecconfig_tmpconfig
2020-08-01 15:57:15.911467 | > DO_CALL (0.002s wait)
Joining, by = c("dat", "site", "s0", "n0")
2020-08-01 15:57:19.517322 | eval'd: drake::cmq_buildtargetmetadepsspecconfig_tmpconfig
2020-08-01 15:57:19.568512 | > DO_CALL (0.002s wait)
Joining, by = c("dat", "site", "s0", "n0")
2020-08-01 15:57:23.142826 | eval'd: drake::cmq_buildtargetmetadepsspecconfig_tmpconfig
2020-08-01 15:57:23.186198 | > DO_CALL (0.002s wait)
Joining, by = c("dat", "site", "s0", "n0")
2020-08-01 15:57:26.706718 | eval'd: drake::cmq_buildtargetmetadepsspecconfig_tmpconfig
2020-08-01 15:57:26.750424 | > DO_CALL (0.002s wait)
Joining, by = c("dat", "site", "s0", "n0")
2020-08-01 15:57:30.426906 | eval'd: drake::cmq_buildtargetmetadepsspecconfig_tmpconfig
2020-08-01 15:57:30.483040 | > DO_CALL (0.002s wait)
Joining, by = c("dat", "site", "s0", "n0")
2020-08-01 15:57:34.032436 | eval'd: drake::cmq_buildtargetmetadepsspecconfig_tmpconfig
2020-08-01 15:57:34.077598 | > DO_CALL (0.002s wait)
Joining, by = c("dat", "site", "s0", "n0")
2020-08-01 15:57:37.609995 | eval'd: drake::cmq_buildtargetmetadepsspecconfig_tmpconfig
2020-08-01 15:57:37.653402 | > DO_CALL (0.002s wait)
Joining, by = c("dat", "site", "s0", "n0")
2020-08-01 15:57:41.194534 | eval'd: drake::cmq_buildtargetmetadepsspecconfig_tmpconfig
2020-08-01 15:57:41.239935 | > DO_CALL (0.003s wait)
Joining, by = c("dat", "site", "s0", "n0")
2020-08-01 15:57:44.887627 | eval'd: drake::cmq_buildtargetmetadepsspecconfig_tmpconfig
2020-08-01 15:57:44.941977 | > DO_CALL (0.003s wait)
Joining, by = c("dat", "site", "s0", "n0")
2020-08-01 15:57:48.554934 | eval'd: drake::cmq_buildtargetmetadepsspecconfig_tmpconfig
2020-08-01 15:57:48.691453 | > DO_CALL (0.002s wait)
Joining, by = c("dat", "site", "s0", "n0")
2020-08-01 15:57:52.341748 | eval'd: drake::cmq_buildtargetmetadepsspecconfig_tmpconfig
2020-08-01 15:57:52.396059 | > DO_CALL (0.003s wait)
Joining, by = c("dat", "site", "s0", "n0")
2020-08-01 15:57:56.345055 | eval'd: drake::cmq_buildtargetmetadepsspecconfig_tmpconfig
2020-08-01 15:57:56.396530 | > DO_CALL (0.002s wait)
Joining, by = c("dat", "site", "s0", "n0")
2020-08-01 15:58:00.452297 | eval'd: drake::cmq_buildtargetmetadepsspecconfig_tmpconfig
2020-08-01 15:58:00.515192 | > DO_CALL (0.002s wait)
Joining, by = c("dat", "site", "s0", "n0")
2020-08-01 15:58:04.774705 | eval'd: drake::cmq_buildtargetmetadepsspecconfig_tmpconfig
2020-08-01 15:58:04.835659 | > DO_CALL (0.001s wait)
Joining, by = c("dat", "site", "s0", "n0")
2020-08-01 15:58:08.739792 | eval'd: drake::cmq_buildtargetmetadepsspecconfig_tmpconfig
2020-08-01 15:58:08.781213 | > DO_CALL (0.002s wait)
Joining, by = c("dat", "site", "s0", "n0")
2020-08-01 15:58:12.993775 | eval'd: drake::cmq_buildtargetmetadepsspecconfig_tmpconfig
2020-08-01 15:58:13.039698 | > DO_CALL (0.000s wait)
Joining, by = c("dat", "site", "s0", "n0")
2020-08-01 15:58:17.183321 | eval'd: drake::cmq_buildtargetmetadepsspecconfig_tmpconfig
2020-08-01 15:58:17.230172 | > DO_CALL (0.002s wait)
Joining, by = c("dat", "site", "s0", "n0")
2020-08-01 15:58:20.891613 | eval'd: drake::cmq_buildtargetmetadepsspecconfig_tmpconfig
2020-08-01 15:58:20.934890 | > DO_CALL (0.003s wait)
Joining, by = c("dat", "site", "s0", "n0")
2020-08-01 15:58:24.555321 | eval'd: drake::cmq_buildtargetmetadepsspecconfig_tmpconfig
2020-08-01 15:58:24.611002 | > DO_CALL (0.002s wait)
Joining, by = c("dat", "site", "s0", "n0")
2020-08-01 15:58:28.215425 | eval'd: drake::cmq_buildtargetmetadepsspecconfig_tmpconfig
2020-08-01 15:58:28.261143 | > DO_CALL (0.003s wait)
Joining, by = c("dat", "site", "s0", "n0")
2020-08-01 15:58:31.938601 | eval'd: drake::cmq_buildtargetmetadepsspecconfig_tmpconfig
2020-08-01 15:58:31.983690 | > DO_CALL (0.002s wait)
Joining, by = c("dat", "site", "s0", "n0")
2020-08-01 15:58:35.599781 | eval'd: drake::cmq_buildtargetmetadepsspecconfig_tmpconfig
2020-08-01 15:58:35.644739 | > DO_CALL (0.002s wait)
Joining, by = c("dat", "site", "s0", "n0")
2020-08-01 15:58:39.221180 | eval'd: drake::cmq_buildtargetmetadepsspecconfig_tmpconfig
2020-08-01 15:58:39.277860 | > DO_CALL (0.002s wait)
Joining, by = c("dat", "site", "s0", "n0")
2020-08-01 15:58:42.882262 | eval'd: drake::cmq_buildtargetmetadepsspecconfig_tmpconfig
2020-08-01 15:58:42.930110 | > DO_CALL (0.003s wait)
Joining, by = c("dat", "site", "s0", "n0")
2020-08-01 15:58:46.529691 | eval'd: drake::cmq_buildtargetmetadepsspecconfig_tmpconfig
2020-08-01 15:58:46.636181 | > DO_CALL (0.002s wait)
Joining, by = c("dat", "site", "s0", "n0")
2020-08-01 15:58:50.229163 | eval'd: drake::cmq_buildtargetmetadepsspecconfig_tmpconfig
2020-08-01 15:58:50.276069 | > DO_CALL (0.003s wait)
Joining, by = c("dat", "site", "s0", "n0")
2020-08-01 15:58:53.872695 | eval'd: drake::cmq_buildtargetmetadepsspecconfig_tmpconfig
2020-08-01 15:58:53.924452 | > DO_CALL (0.002s wait)
Joining, by = c("dat", "site", "s0", "n0")
2020-08-01 15:58:57.510819 | eval'd: drake::cmq_buildtargetmetadepsspecconfig_tmpconfig
2020-08-01 15:58:57.556220 | > DO_CALL (0.002s wait)
Joining, by = c("dat", "site", "s0", "n0")
2020-08-01 15:59:01.164241 | eval'd: drake::cmq_buildtargetmetadepsspecconfig_tmpconfig
2020-08-01 15:59:01.212269 | > DO_CALL (0.003s wait)
Joining, by = c("dat", "site", "s0", "n0")
2020-08-01 15:59:04.836750 | eval'd: drake::cmq_buildtargetmetadepsspecconfig_tmpconfig
2020-08-01 15:59:04.875997 | > DO_CALL (0.001s wait)
Joining, by = c("dat", "site", "s0", "n0")
2020-08-01 15:59:08.521662 | eval'd: drake::cmq_buildtargetmetadepsspecconfig_tmpconfig
2020-08-01 15:59:08.560125 | > DO_CALL (0.000s wait)
Joining, by = c("dat", "site", "s0", "n0")
2020-08-01 15:59:12.202879 | eval'd: drake::cmq_buildtargetmetadepsspecconfig_tmpconfig
2020-08-01 15:59:12.252291 | > DO_CALL (0.002s wait)
Joining, by = c("dat", "site", "s0", "n0")
2020-08-01 15:59:15.872565 | eval'd: drake::cmq_buildtargetmetadepsspecconfig_tmpconfig
2020-08-01 15:59:15.918810 | > DO_CALL (0.002s wait)
Joining, by = c("dat", "site", "s0", "n0")
2020-08-01 15:59:19.532625 | eval'd: drake::cmq_buildtargetmetadepsspecconfig_tmpconfig
2020-08-01 15:59:21.678393 | > WORKER_WAIT (0.000s wait)
2020-08-01 15:59:21.678804 | waiting 1.00s
2020-08-01 15:59:22.681293 | > WORKER_WAIT (0.000s wait)
2020-08-01 15:59:22.681693 | waiting 1.00s
2020-08-01 15:59:23.684123 | > WORKER_WAIT (0.000s wait)
2020-08-01 15:59:23.684523 | waiting 1.00s
2020-08-01 15:59:24.687111 | > WORKER_WAIT (0.000s wait)
2020-08-01 15:59:24.687501 | waiting 1.00s
2020-08-01 15:59:25.689913 | > WORKER_WAIT (0.001s wait)
2020-08-01 15:59:25.690304 | waiting 1.00s
2020-08-01 15:59:26.692830 | > WORKER_WAIT (0.000s wait)
2020-08-01 15:59:26.693238 | waiting 1.00s
2020-08-01 15:59:27.695759 | > WORKER_WAIT (0.000s wait)
2020-08-01 15:59:27.696181 | waiting 1.00s
2020-08-01 15:59:28.698646 | > WORKER_WAIT (0.000s wait)
2020-08-01 15:59:28.699035 | waiting 1.00s
2020-08-01 15:59:29.701431 | > WORKER_WAIT (0.000s wait)
2020-08-01 15:59:29.701834 | waiting 1.00s
2020-08-01 15:59:41.212857 | > WORKER_WAIT (0.001s wait)
2020-08-01 15:59:41.213254 | waiting 1.00s
2020-08-01 16:00:33.236136 | > WORKER_STOP (0.000s wait)
2020-08-01 16:00:33.238331 | shutting down worker
2020-08-01 16:00:35.086697 | 
Total: 203 in 4814.34s [user], 106.19s [system], 5606.53s [elapsed]
Warning messages:
1: In max(skew, na.rm = T) :
  no non-missing arguments to max; returning -Inf
2: In min(skew, na.rm = T) :
  no non-missing arguments to min; returning Inf
3: In min(skew, na.rm = T) :
  no non-missing arguments to min; returning Inf
