2020-01-21 10:48:11.499992 | Master: tcp://c24a-s1:7958
2020-01-21 10:48:11.521119 | WORKER_UP to: tcp://c24a-s1:7958
2020-01-21 10:48:16.386525 | > DO_SETUP (3.096s wait)
2020-01-21 10:48:16.388644 | token from msg: set_common_data_token
2020-01-21 10:48:17.634932 | > DO_CALL (0.000s wait)
.* Option 'clustermq.scheduler' not set, defaulting to ‘SLURM’
--- see: https://mschubert.github.io/clustermq/articles/userguide.html#configuration
2020-01-21 10:48:17.850565 | eval'd: drake::cmq_buildtargetmetadepsspecht_is_subtargetconfig
2020-01-21 10:48:22.532894 | > DO_CALL (0.001s wait)
.2020-01-21 10:48:22.812105 | eval'd: drake::cmq_buildtargetmetadepsspecht_is_subtargetconfig
2020-01-21 10:48:29.501751 | > DO_CALL (0.001s wait)
.2020-01-21 10:48:29.510409 | eval'd: drake::cmq_buildtargetmetadepsspecht_is_subtargetconfig
2020-01-21 10:48:36.380863 | > DO_CALL (0.001s wait)
.2020-01-21 10:48:36.387924 | eval'd: drake::cmq_buildtargetmetadepsspecht_is_subtargetconfig
2020-01-21 10:48:42.647637 | > DO_CALL (0.001s wait)
.2020-01-21 10:48:42.653215 | eval'd: drake::cmq_buildtargetmetadepsspecht_is_subtargetconfig
2020-01-21 10:48:49.364329 | > DO_CALL (0.000s wait)
.2020-01-21 10:48:49.369808 | eval'd: drake::cmq_buildtargetmetadepsspecht_is_subtargetconfig
2020-01-21 10:48:56.224833 | > DO_CALL (0.001s wait)
.2020-01-21 10:48:56.231005 | eval'd: drake::cmq_buildtargetmetadepsspecht_is_subtargetconfig
2020-01-21 10:49:03.032768 | > DO_CALL (0.001s wait)
.2020-01-21 10:49:03.038354 | eval'd: drake::cmq_buildtargetmetadepsspecht_is_subtargetconfig
2020-01-21 10:49:10.477206 | > DO_CALL (0.000s wait)
.2020-01-21 10:49:10.482509 | eval'd: drake::cmq_buildtargetmetadepsspecht_is_subtargetconfig
2020-01-21 10:49:18.909003 | > DO_CALL (0.000s wait)
.2020-01-21 10:49:18.913983 | eval'd: drake::cmq_buildtargetmetadepsspecht_is_subtargetconfig
2020-01-21 10:49:25.421182 | > DO_CALL (0.000s wait)
.2020-01-21 10:49:25.425957 | eval'd: drake::cmq_buildtargetmetadepsspecht_is_subtargetconfig
2020-01-21 10:49:31.045901 | > DO_CALL (0.000s wait)
.2020-01-21 10:49:31.050328 | eval'd: drake::cmq_buildtargetmetadepsspecht_is_subtargetconfig
2020-01-21 10:49:37.540981 | > DO_CALL (0.000s wait)
.2020-01-21 10:49:37.545516 | eval'd: drake::cmq_buildtargetmetadepsspecht_is_subtargetconfig
2020-01-21 10:49:43.785932 | > DO_CALL (0.001s wait)
.2020-01-21 10:49:43.791826 | eval'd: drake::cmq_buildtargetmetadepsspecht_is_subtargetconfig
2020-01-21 10:49:50.325178 | > DO_CALL (0.000s wait)
.2020-01-21 10:49:50.330632 | eval'd: drake::cmq_buildtargetmetadepsspecht_is_subtargetconfig
2020-01-21 10:49:56.617035 | > DO_CALL (0.000s wait)
.2020-01-21 10:49:56.624285 | eval'd: drake::cmq_buildtargetmetadepsspecht_is_subtargetconfig
2020-01-21 10:50:02.731646 | > DO_CALL (0.001s wait)
.2020-01-21 10:50:02.737190 | eval'd: drake::cmq_buildtargetmetadepsspecht_is_subtargetconfig
2020-01-21 10:50:07.837800 | > DO_CALL (0.001s wait)
.2020-01-21 10:50:07.844154 | eval'd: drake::cmq_buildtargetmetadepsspecht_is_subtargetconfig
2020-01-21 10:50:13.407044 | > DO_CALL (0.000s wait)
.2020-01-21 10:50:13.411590 | eval'd: drake::cmq_buildtargetmetadepsspecht_is_subtargetconfig
2020-01-21 10:50:20.445843 | > DO_CALL (0.001s wait)
.2020-01-21 10:50:20.452285 | eval'd: drake::cmq_buildtargetmetadepsspecht_is_subtargetconfig
2020-01-21 10:50:25.607056 | > DO_CALL (0.001s wait)
.2020-01-21 10:50:25.613271 | eval'd: drake::cmq_buildtargetmetadepsspecht_is_subtargetconfig
2020-01-21 10:50:31.012563 | > DO_CALL (0.001s wait)
.2020-01-21 10:50:31.017985 | eval'd: drake::cmq_buildtargetmetadepsspecht_is_subtargetconfig
2020-01-21 10:50:37.344092 | > DO_CALL (0.000s wait)
.2020-01-21 10:50:37.348784 | eval'd: drake::cmq_buildtargetmetadepsspecht_is_subtargetconfig
2020-01-21 10:50:43.597264 | > DO_CALL (0.000s wait)
.2020-01-21 10:50:43.602149 | eval'd: drake::cmq_buildtargetmetadepsspecht_is_subtargetconfig
2020-01-21 10:50:49.015952 | > DO_CALL (0.000s wait)
.2020-01-21 10:50:49.020954 | eval'd: drake::cmq_buildtargetmetadepsspecht_is_subtargetconfig
2020-01-21 10:50:54.294020 | > DO_CALL (0.000s wait)
.2020-01-21 10:50:54.298646 | eval'd: drake::cmq_buildtargetmetadepsspecht_is_subtargetconfig
2020-01-21 10:50:59.405881 | > DO_CALL (0.000s wait)
.2020-01-21 10:50:59.410843 | eval'd: drake::cmq_buildtargetmetadepsspecht_is_subtargetconfig
2020-01-21 10:51:05.289638 | > DO_CALL (0.001s wait)
.2020-01-21 10:51:05.295265 | eval'd: drake::cmq_buildtargetmetadepsspecht_is_subtargetconfig
2020-01-21 10:51:10.858983 | > DO_CALL (0.001s wait)
.2020-01-21 10:51:10.865404 | eval'd: drake::cmq_buildtargetmetadepsspecht_is_subtargetconfig
2020-01-21 10:51:16.826920 | > DO_CALL (0.000s wait)
.2020-01-21 10:51:16.831451 | eval'd: drake::cmq_buildtargetmetadepsspecht_is_subtargetconfig
2020-01-21 10:51:23.347864 | > DO_CALL (0.000s wait)
.2020-01-21 10:51:23.352281 | eval'd: drake::cmq_buildtargetmetadepsspecht_is_subtargetconfig
2020-01-21 10:51:28.705989 | > DO_CALL (0.001s wait)
.2020-01-21 10:51:28.713854 | eval'd: drake::cmq_buildtargetmetadepsspecht_is_subtargetconfig
2020-01-21 10:51:33.818068 | > DO_CALL (0.000s wait)
.2020-01-21 10:51:33.823454 | eval'd: drake::cmq_buildtargetmetadepsspecht_is_subtargetconfig
2020-01-21 10:51:38.266077 | > DO_CALL (0.000s wait)
.2020-01-21 10:51:38.271955 | eval'd: drake::cmq_buildtargetmetadepsspecht_is_subtargetconfig
2020-01-21 10:51:43.223987 | > DO_CALL (0.001s wait)
.2020-01-21 10:51:43.231641 | eval'd: drake::cmq_buildtargetmetadepsspecht_is_subtargetconfig
2020-01-21 10:51:48.166259 | > DO_CALL (0.000s wait)
.2020-01-21 10:51:48.172574 | eval'd: drake::cmq_buildtargetmetadepsspecht_is_subtargetconfig
2020-01-21 10:51:53.637286 | > DO_CALL (0.000s wait)
.2020-01-21 10:51:53.643168 | eval'd: drake::cmq_buildtargetmetadepsspecht_is_subtargetconfig
2020-01-21 10:51:58.859641 | > DO_CALL (0.001s wait)
.2020-01-21 10:51:58.866589 | eval'd: drake::cmq_buildtargetmetadepsspecht_is_subtargetconfig
2020-01-21 10:52:03.780927 | > DO_CALL (0.001s wait)
.2020-01-21 10:52:03.788124 | eval'd: drake::cmq_buildtargetmetadepsspecht_is_subtargetconfig
2020-01-21 10:52:09.092034 | > DO_CALL (0.000s wait)
.2020-01-21 10:52:09.097959 | eval'd: drake::cmq_buildtargetmetadepsspecht_is_subtargetconfig
2020-01-21 10:52:14.182887 | > DO_CALL (0.000s wait)
.2020-01-21 10:52:14.188023 | eval'd: drake::cmq_buildtargetmetadepsspecht_is_subtargetconfig
2020-01-21 10:52:18.844983 | > DO_CALL (0.000s wait)
.2020-01-21 10:52:18.850851 | eval'd: drake::cmq_buildtargetmetadepsspecht_is_subtargetconfig
2020-01-21 10:52:25.719059 | > DO_CALL (0.000s wait)
.2020-01-21 10:52:25.724443 | eval'd: drake::cmq_buildtargetmetadepsspecht_is_subtargetconfig
2020-01-21 10:52:30.946876 | > DO_CALL (0.000s wait)
.2020-01-21 10:52:30.951987 | eval'd: drake::cmq_buildtargetmetadepsspecht_is_subtargetconfig
2020-01-21 10:52:36.605188 | > DO_CALL (0.000s wait)
.2020-01-21 10:52:36.610878 | eval'd: drake::cmq_buildtargetmetadepsspecht_is_subtargetconfig
2020-01-21 10:52:41.285289 | > DO_CALL (0.000s wait)
.2020-01-21 10:52:41.291095 | eval'd: drake::cmq_buildtargetmetadepsspecht_is_subtargetconfig
2020-01-21 10:52:46.139002 | > DO_CALL (0.001s wait)
.2020-01-21 10:52:46.147175 | eval'd: drake::cmq_buildtargetmetadepsspecht_is_subtargetconfig
2020-01-21 10:52:50.345919 | > DO_CALL (0.000s wait)
.2020-01-21 10:52:50.351033 | eval'd: drake::cmq_buildtargetmetadepsspecht_is_subtargetconfig
2020-01-21 10:52:55.366858 | > DO_CALL (0.001s wait)
.2020-01-21 10:52:55.374017 | eval'd: drake::cmq_buildtargetmetadepsspecht_is_subtargetconfig
2020-01-21 10:52:59.791308 | > DO_CALL (0.000s wait)
.2020-01-21 10:52:59.797146 | eval'd: drake::cmq_buildtargetmetadepsspecht_is_subtargetconfig
2020-01-21 10:53:04.506067 | > DO_CALL (0.000s wait)
.2020-01-21 10:53:04.511548 | eval'd: drake::cmq_buildtargetmetadepsspecht_is_subtargetconfig
2020-01-21 10:53:09.736899 | > DO_CALL (0.000s wait)
.2020-01-21 10:53:09.741975 | eval'd: drake::cmq_buildtargetmetadepsspecht_is_subtargetconfig
2020-01-21 10:53:13.955065 | > DO_CALL (0.000s wait)
.2020-01-21 10:53:13.960606 | eval'd: drake::cmq_buildtargetmetadepsspecht_is_subtargetconfig
2020-01-21 10:53:18.535359 | > DO_CALL (0.000s wait)
.2020-01-21 10:53:18.542003 | eval'd: drake::cmq_buildtargetmetadepsspecht_is_subtargetconfig
2020-01-21 10:53:23.060952 | > DO_CALL (0.000s wait)
.2020-01-21 10:53:23.066173 | eval'd: drake::cmq_buildtargetmetadepsspecht_is_subtargetconfig
2020-01-21 10:53:29.960207 | > DO_CALL (0.000s wait)
.
2020-01-21 10:53:29.968582 | eval'd: drake::cmq_buildtargetmetadepsspecht_is_subtargetconfig
2020-01-21 10:53:34.726728 | > DO_CALL (0.001s wait)
.2020-01-21 10:53:34.733629 | eval'd: drake::cmq_buildtargetmetadepsspecht_is_subtargetconfig
2020-01-21 10:53:38.950189 | > DO_CALL (0.000s wait)
.2020-01-21 10:53:38.956384 | eval'd: drake::cmq_buildtargetmetadepsspecht_is_subtargetconfig
2020-01-21 10:53:43.731909 | > DO_CALL (0.001s wait)
.2020-01-21 10:53:43.739092 | eval'd: drake::cmq_buildtargetmetadepsspecht_is_subtargetconfig
2020-01-21 10:53:48.176778 | > DO_CALL (0.001s wait)
.2020-01-21 10:53:48.184094 | eval'd: drake::cmq_buildtargetmetadepsspecht_is_subtargetconfig
2020-01-21 10:53:52.837184 | > DO_CALL (0.000s wait)
.2020-01-21 10:53:52.842847 | eval'd: drake::cmq_buildtargetmetadepsspecht_is_subtargetconfig
2020-01-21 10:53:56.763113 | > DO_CALL (0.000s wait)
.2020-01-21 10:53:56.769056 | eval'd: drake::cmq_buildtargetmetadepsspecht_is_subtargetconfig
2020-01-21 10:54:01.001553 | > DO_CALL (0.001s wait)
.2020-01-21 10:54:01.006991 | eval'd: drake::cmq_buildtargetmetadepsspecht_is_subtargetconfig
2020-01-21 10:54:05.691824 | > DO_CALL (0.001s wait)
.2020-01-21 10:54:05.698858 | eval'd: drake::cmq_buildtargetmetadepsspecht_is_subtargetconfig
2020-01-21 10:54:09.982550 | > DO_CALL (0.001s wait)
.2020-01-21 10:54:09.989054 | eval'd: drake::cmq_buildtargetmetadepsspecht_is_subtargetconfig
2020-01-21 10:54:14.749940 | > DO_CALL (0.000s wait)
.2020-01-21 10:54:14.755129 | eval'd: drake::cmq_buildtargetmetadepsspecht_is_subtargetconfig
2020-01-21 10:54:18.863861 | > DO_CALL (0.000s wait)
.2020-01-21 10:54:18.869482 | eval'd: drake::cmq_buildtargetmetadepsspecht_is_subtargetconfig
2020-01-21 10:54:24.255981 | > DO_CALL (0.000s wait)
.2020-01-21 10:54:24.261275 | eval'd: drake::cmq_buildtargetmetadepsspecht_is_subtargetconfig
2020-01-21 10:54:30.801068 | > DO_CALL (0.000s wait)
.2020-01-21 10:54:30.807161 | eval'd: drake::cmq_buildtargetmetadepsspecht_is_subtargetconfig
2020-01-21 10:54:34.903864 | > DO_CALL (0.000s wait)
.2020-01-21 10:54:34.908952 | eval'd: drake::cmq_buildtargetmetadepsspecht_is_subtargetconfig
2020-01-21 10:54:39.109557 | > DO_CALL (0.001s wait)
.2020-01-21 10:54:39.115915 | eval'd: drake::cmq_buildtargetmetadepsspecht_is_subtargetconfig
2020-01-21 10:54:43.306881 | > DO_CALL (0.000s wait)
.2020-01-21 10:54:43.312003 | eval'd: drake::cmq_buildtargetmetadepsspecht_is_subtargetconfig
2020-01-21 10:54:47.333975 | > DO_CALL (0.001s wait)
.2020-01-21 10:54:47.341926 | eval'd: drake::cmq_buildtargetmetadepsspecht_is_subtargetconfig
2020-01-21 10:54:51.260845 | > DO_CALL (0.000s wait)
.2020-01-21 10:54:51.265955 | eval'd: drake::cmq_buildtargetmetadepsspecht_is_subtargetconfig
2020-01-21 10:54:55.205806 | > DO_CALL (0.001s wait)
.2020-01-21 10:54:55.212787 | eval'd: drake::cmq_buildtargetmetadepsspecht_is_subtargetconfig
2020-01-21 10:54:59.437016 | > DO_CALL (0.000s wait)
.2020-01-21 10:54:59.442297 | eval'd: drake::cmq_buildtargetmetadepsspecht_is_subtargetconfig
2020-01-21 10:55:03.818850 | > DO_CALL (0.001s wait)
.2020-01-21 10:55:03.825933 | eval'd: drake::cmq_buildtargetmetadepsspecht_is_subtargetconfig
2020-01-21 10:55:08.073556 | > DO_CALL (0.001s wait)
.2020-01-21 10:55:08.080644 | eval'd: drake::cmq_buildtargetmetadepsspecht_is_subtargetconfig
2020-01-21 10:55:12.032864 | > DO_CALL (0.000s wait)
.2020-01-21 10:55:12.038000 | eval'd: drake::cmq_buildtargetmetadepsspecht_is_subtargetconfig
2020-01-21 10:55:15.949002 | > DO_CALL (0.001s wait)
.2020-01-21 10:55:15.969365 | eval'd: drake::cmq_buildtargetmetadepsspecht_is_subtargetconfig
2020-01-21 10:55:20.112625 | > DO_CALL (0.001s wait)
.2020-01-21 10:55:20.118236 | eval'd: drake::cmq_buildtargetmetadepsspecht_is_subtargetconfig
2020-01-21 10:55:24.002159 | > DO_CALL (0.000s wait)
.2020-01-21 10:55:24.006958 | eval'd: drake::cmq_buildtargetmetadepsspecht_is_subtargetconfig
2020-01-21 10:55:27.918727 | > DO_CALL (0.001s wait)
.2020-01-21 10:55:27.925119 | eval'd: drake::cmq_buildtargetmetadepsspecht_is_subtargetconfig
2020-01-21 10:55:34.863188 | > DO_CALL (0.000s wait)
.2020-01-21 10:55:34.868010 | eval'd: drake::cmq_buildtargetmetadepsspecht_is_subtargetconfig
2020-01-21 10:55:39.519519 | > DO_CALL (0.001s wait)
.2020-01-21 10:55:39.525477 | eval'd: drake::cmq_buildtargetmetadepsspecht_is_subtargetconfig
2020-01-21 10:55:43.844859 | > DO_CALL (0.000s wait)
.2020-01-21 10:55:43.849334 | eval'd: drake::cmq_buildtargetmetadepsspecht_is_subtargetconfig
2020-01-21 10:55:47.796271 | > DO_CALL (0.000s wait)
.2020-01-21 10:55:47.801839 | eval'd: drake::cmq_buildtargetmetadepsspecht_is_subtargetconfig
2020-01-21 10:55:51.811059 | > DO_CALL (0.000s wait)
.2020-01-21 10:55:51.815833 | eval'd: drake::cmq_buildtargetmetadepsspecht_is_subtargetconfig
2020-01-21 10:55:55.901728 | > DO_CALL (0.001s wait)
.2020-01-21 10:55:55.908046 | eval'd: drake::cmq_buildtargetmetadepsspecht_is_subtargetconfig
2020-01-21 10:55:59.604155 | > DO_CALL (0.000s wait)
.2020-01-21 10:55:59.609002 | eval'd: drake::cmq_buildtargetmetadepsspecht_is_subtargetconfig
2020-01-21 10:56:03.579532 | > DO_CALL (0.001s wait)
.2020-01-21 10:56:03.584906 | eval'd: drake::cmq_buildtargetmetadepsspecht_is_subtargetconfig
2020-01-21 10:56:07.743675 | > DO_CALL (0.001s wait)
.2020-01-21 10:56:07.749972 | eval'd: drake::cmq_buildtargetmetadepsspecht_is_subtargetconfig
2020-01-21 10:56:11.909734 | > DO_CALL (0.001s wait)
.2020-01-21 10:56:11.915503 | eval'd: drake::cmq_buildtargetmetadepsspecht_is_subtargetconfig
2020-01-21 10:56:16.064919 | > DO_CALL (0.000s wait)
.2020-01-21 10:56:16.069912 | eval'd: drake::cmq_buildtargetmetadepsspecht_is_subtargetconfig
2020-01-21 10:56:20.654589 | > DO_CALL (0.001s wait)
.2020-01-21 10:56:20.660152 | eval'd: drake::cmq_buildtargetmetadepsspecht_is_subtargetconfig
2020-01-21 10:56:24.631703 | > DO_CALL (0.001s wait)
.2020-01-21 10:56:24.637567 | eval'd: drake::cmq_buildtargetmetadepsspecht_is_subtargetconfig
2020-01-21 10:56:28.847946 | > DO_CALL (0.000s wait)
.2020-01-21 10:56:28.852536 | eval'd: drake::cmq_buildtargetmetadepsspecht_is_subtargetconfig
2020-01-21 10:56:33.136510 | > DO_CALL (0.001s wait)
.2020-01-21 10:56:33.141911 | eval'd: drake::cmq_buildtargetmetadepsspecht_is_subtargetconfig
2020-01-21 10:56:39.169980 | > DO_CALL (0.000s wait)
.2020-01-21 10:56:39.175107 | eval'd: drake::cmq_buildtargetmetadepsspecht_is_subtargetconfig
2020-01-21 10:56:43.752746 | > DO_CALL (0.001s wait)
.2020-01-21 10:56:43.758562 | eval'd: drake::cmq_buildtargetmetadepsspecht_is_subtargetconfig
2020-01-21 10:56:47.990941 | > DO_CALL (0.000s wait)
.2020-01-21 10:56:47.995988 | eval'd: drake::cmq_buildtargetmetadepsspecht_is_subtargetconfig
2020-01-21 10:56:51.600341 | > DO_CALL (0.000s wait)
.2020-01-21 10:56:51.605430 | eval'd: drake::cmq_buildtargetmetadepsspecht_is_subtargetconfig
2020-01-21 10:56:55.455644 | > DO_CALL (0.001s wait)
.2020-01-21 10:56:55.461349 | eval'd: drake::cmq_buildtargetmetadepsspecht_is_subtargetconfig
2020-01-21 10:56:59.857688 | > DO_CALL (0.001s wait)
.2020-01-21 10:56:59.863458 | eval'd: drake::cmq_buildtargetmetadepsspecht_is_subtargetconfig
2020-01-21 10:57:04.281952 | > DO_CALL (0.000s wait)
.2020-01-21 10:57:04.286538 | eval'd: drake::cmq_buildtargetmetadepsspecht_is_subtargetconfig
2020-01-21 10:57:08.603044 | > DO_CALL (0.000s wait)
.2020-01-21 10:57:08.608208 | eval'd: drake::cmq_buildtargetmetadepsspecht_is_subtargetconfig
2020-01-21 10:57:12.530013 | > DO_CALL (0.000s wait)
.2020-01-21 10:57:12.534691 | eval'd: drake::cmq_buildtargetmetadepsspecht_is_subtargetconfig
2020-01-21 10:57:16.674533 | > DO_CALL (0.001s wait)
.2020-01-21 10:57:16.680493 | eval'd: drake::cmq_buildtargetmetadepsspecht_is_subtargetconfig
2020-01-21 10:57:20.613760 | > DO_CALL (0.001s wait)
.2020-01-21 10:57:20.619707 | eval'd: drake::cmq_buildtargetmetadepsspecht_is_subtargetconfig
2020-01-21 10:57:25.190512 | > DO_CALL (0.001s wait)
.2020-01-21 10:57:25.195983 | eval'd: drake::cmq_buildtargetmetadepsspecht_is_subtargetconfig
2020-01-21 10:57:29.463831 | > DO_CALL (0.000s wait)
.2020-01-21 10:57:29.468306 | eval'd: drake::cmq_buildtargetmetadepsspecht_is_subtargetconfig
2020-01-21 10:57:33.299185 | > DO_CALL (0.000s wait)
.2020-01-21 10:57:33.304110 | eval'd: drake::cmq_buildtargetmetadepsspecht_is_subtargetconfig
2020-01-21 10:57:39.159492 | > DO_CALL (0.001s wait)
.2020-01-21 10:57:39.167402 | eval'd: drake::cmq_buildtargetmetadepsspecht_is_subtargetconfig
2020-01-21 10:57:43.414655 | > DO_CALL (0.001s wait)
.2020-01-21 10:57:43.420431 | eval'd: drake::cmq_buildtargetmetadepsspecht_is_subtargetconfig
2020-01-21 10:57:47.377861 | > DO_CALL (0.000s wait)
.2020-01-21 10:57:47.382795 | eval'd: drake::cmq_buildtargetmetadepsspecht_is_subtargetconfig
2020-01-21 10:57:51.517754 | > DO_CALL (0.001s wait)
.2020-01-21 10:57:51.523623 | eval'd: drake::cmq_buildtargetmetadepsspecht_is_subtargetconfig
2020-01-21 10:57:55.620898 | > DO_CALL (0.000s wait)
.2020-01-21 10:57:55.625445 | eval'd: drake::cmq_buildtargetmetadepsspecht_is_subtargetconfig
2020-01-21 10:58:00.481828 | > DO_CALL (0.000s wait)
.2020-01-21 10:58:00.486344 | eval'd: drake::cmq_buildtargetmetadepsspecht_is_subtargetconfig
2020-01-21 10:58:04.188866 | > DO_CALL (0.000s wait)
.2020-01-21 10:58:04.193393 | eval'd: drake::cmq_buildtargetmetadepsspecht_is_subtargetconfig
2020-01-21 10:58:08.288535 | > DO_CALL (0.001s wait)
.2020-01-21 10:58:08.293993 | eval'd: drake::cmq_buildtargetmetadepsspecht_is_subtargetconfig
2020-01-21 10:58:12.189542 | > DO_CALL (0.001s wait)
.2020-01-21 10:58:12.195038 | eval'd: drake::cmq_buildtargetmetadepsspecht_is_subtargetconfig
2020-01-21 10:58:16.072777 | > DO_CALL (0.001s wait)
.2020-01-21 10:58:16.079132 | eval'd: drake::cmq_buildtargetmetadepsspecht_is_subtargetconfig
2020-01-21 10:58:19.810927 | > DO_CALL (0.000s wait)
.2020-01-21 10:58:19.815438 | eval'd: drake::cmq_buildtargetmetadepsspecht_is_subtargetconfig
2020-01-21 10:58:23.543853 | > DO_CALL (0.000s wait)
.2020-01-21 10:58:23.548242 | eval'd: drake::cmq_buildtargetmetadepsspecht_is_subtargetconfig
2020-01-21 10:58:27.707898 | > DO_CALL (0.000s wait)
.2020-01-21 10:58:27.712915 | eval'd: drake::cmq_buildtargetmetadepsspecht_is_subtargetconfig
2020-01-21 10:58:31.395700 | > DO_CALL (0.001s wait)
.2020-01-21 10:58:31.401458 | eval'd: drake::cmq_buildtargetmetadepsspecht_is_subtargetconfig
2020-01-21 10:58:35.277352 | > DO_CALL (0.000s wait)
.2020-01-21 10:58:35.282461 | eval'd: drake::cmq_buildtargetmetadepsspecht_is_subtargetconfig
2020-01-21 10:58:39.185881 | > DO_CALL (0.000s wait)
.2020-01-21 10:58:39.192615 | eval'd: drake::cmq_buildtargetmetadepsspecht_is_subtargetconfig
2020-01-21 10:58:45.223443 | > DO_CALL (0.001s wait)
.2020-01-21 10:58:45.228704 | eval'd: drake::cmq_buildtargetmetadepsspecht_is_subtargetconfig
2020-01-21 10:58:49.178803 | > DO_CALL (0.001s wait)
.2020-01-21 10:58:49.184878 | eval'd: drake::cmq_buildtargetmetadepsspecht_is_subtargetconfig
2020-01-21 10:58:53.229953 | > DO_CALL (0.001s wait)
.2020-01-21 10:58:53.236186 | eval'd: drake::cmq_buildtargetmetadepsspecht_is_subtargetconfig
2020-01-21 10:58:57.407413 | > DO_CALL (0.000s wait)
.2020-01-21 10:58:57.413252 | eval'd: drake::cmq_buildtargetmetadepsspecht_is_subtargetconfig
2020-01-21 10:59:02.177023 | > DO_CALL (0.001s wait)
.2020-01-21 10:59:02.183383 | eval'd: drake::cmq_buildtargetmetadepsspecht_is_subtargetconfig
2020-01-21 10:59:06.102933 | > DO_CALL (0.001s wait)
.2020-01-21 10:59:06.109716 | eval'd: drake::cmq_buildtargetmetadepsspecht_is_subtargetconfig
2020-01-21 10:59:09.992015 | > DO_CALL (0.000s wait)
.
2020-01-21 10:59:09.996813 | eval'd: drake::cmq_buildtargetmetadepsspecht_is_subtargetconfig
2020-01-21 10:59:13.812386 | > DO_CALL (0.000s wait)
.2020-01-21 10:59:13.817559 | eval'd: drake::cmq_buildtargetmetadepsspecht_is_subtargetconfig
2020-01-21 10:59:17.801037 | > DO_CALL (0.001s wait)
.2020-01-21 10:59:17.807993 | eval'd: drake::cmq_buildtargetmetadepsspecht_is_subtargetconfig
2020-01-21 10:59:21.787034 | > DO_CALL (0.001s wait)
.2020-01-21 10:59:21.793287 | eval'd: drake::cmq_buildtargetmetadepsspecht_is_subtargetconfig
2020-01-21 10:59:25.775007 | > DO_CALL (0.000s wait)
.2020-01-21 10:59:25.779592 | eval'd: drake::cmq_buildtargetmetadepsspecht_is_subtargetconfig
2020-01-21 10:59:30.350257 | > DO_CALL (0.000s wait)
.2020-01-21 10:59:30.355170 | eval'd: drake::cmq_buildtargetmetadepsspecht_is_subtargetconfig
2020-01-21 10:59:34.267321 | > DO_CALL (0.000s wait)
.2020-01-21 10:59:34.272314 | eval'd: drake::cmq_buildtargetmetadepsspecht_is_subtargetconfig
2020-01-21 10:59:38.065059 | > DO_CALL (0.001s wait)
.2020-01-21 10:59:38.071797 | eval'd: drake::cmq_buildtargetmetadepsspecht_is_subtargetconfig
2020-01-21 10:59:41.850954 | > DO_CALL (0.001s wait)
.2020-01-21 10:59:41.857100 | eval'd: drake::cmq_buildtargetmetadepsspecht_is_subtargetconfig
2020-01-21 10:59:48.145011 | > DO_CALL (0.000s wait)
.2020-01-21 10:59:48.150279 | eval'd: drake::cmq_buildtargetmetadepsspecht_is_subtargetconfig
2020-01-21 10:59:51.822833 | > DO_CALL (0.001s wait)
.2020-01-21 10:59:51.828787 | eval'd: drake::cmq_buildtargetmetadepsspecht_is_subtargetconfig
2020-01-21 10:59:55.717544 | > DO_CALL (0.001s wait)
.2020-01-21 10:59:55.723012 | eval'd: drake::cmq_buildtargetmetadepsspecht_is_subtargetconfig
2020-01-21 10:59:59.633925 | > DO_CALL (0.000s wait)
.2020-01-21 10:59:59.638504 | eval'd: drake::cmq_buildtargetmetadepsspecht_is_subtargetconfig
2020-01-21 11:00:03.412772 | > DO_CALL (0.001s wait)
.2020-01-21 11:00:03.418857 | eval'd: drake::cmq_buildtargetmetadepsspecht_is_subtargetconfig
2020-01-21 11:00:07.048865 | > DO_CALL (0.000s wait)
.2020-01-21 11:00:07.053854 | eval'd: drake::cmq_buildtargetmetadepsspecht_is_subtargetconfig
2020-01-21 11:00:10.580152 | > DO_CALL (0.000s wait)
.2020-01-21 11:00:10.585015 | eval'd: drake::cmq_buildtargetmetadepsspecht_is_subtargetconfig
2020-01-21 11:00:14.300957 | > DO_CALL (0.001s wait)
.2020-01-21 11:00:14.307161 | eval'd: drake::cmq_buildtargetmetadepsspecht_is_subtargetconfig
2020-01-21 11:00:18.030444 | > DO_CALL (0.001s wait)
.2020-01-21 11:00:18.048563 | eval'd: drake::cmq_buildtargetmetadepsspecht_is_subtargetconfig
2020-01-21 11:00:22.049071 | > DO_CALL (0.000s wait)
.2020-01-21 11:00:22.053635 | eval'd: drake::cmq_buildtargetmetadepsspecht_is_subtargetconfig
2020-01-21 11:00:25.870255 | > DO_CALL (0.000s wait)
.2020-01-21 11:00:25.875192 | eval'd: drake::cmq_buildtargetmetadepsspecht_is_subtargetconfig
2020-01-21 11:00:29.808511 | > DO_CALL (0.001s wait)
.2020-01-21 11:00:29.813806 | eval'd: drake::cmq_buildtargetmetadepsspecht_is_subtargetconfig
2020-01-21 11:00:34.309849 | > DO_CALL (0.001s wait)
.2020-01-21 11:00:34.315785 | eval'd: drake::cmq_buildtargetmetadepsspecht_is_subtargetconfig
2020-01-21 11:00:38.312042 | > DO_CALL (0.000s wait)
.2020-01-21 11:00:38.317631 | eval'd: drake::cmq_buildtargetmetadepsspecht_is_subtargetconfig
2020-01-21 11:00:42.197487 | > DO_CALL (0.001s wait)
.2020-01-21 11:00:42.202694 | eval'd: drake::cmq_buildtargetmetadepsspecht_is_subtargetconfig
2020-01-21 11:00:46.665654 | > DO_CALL (0.001s wait)
.2020-01-21 11:00:46.671702 | eval'd: drake::cmq_buildtargetmetadepsspecht_is_subtargetconfig
2020-01-21 11:00:51.719300 | > DO_CALL (0.000s wait)
.2020-01-21 11:00:51.724345 | eval'd: drake::cmq_buildtargetmetadepsspecht_is_subtargetconfig
2020-01-21 11:00:55.732004 | > DO_CALL (0.000s wait)
.2020-01-21 11:00:55.736563 | eval'd: drake::cmq_buildtargetmetadepsspecht_is_subtargetconfig
2020-01-21 11:00:59.704392 | > DO_CALL (0.000s wait)
.2020-01-21 11:00:59.709522 | eval'd: drake::cmq_buildtargetmetadepsspecht_is_subtargetconfig
2020-01-21 11:01:04.283466 | > DO_CALL (0.001s wait)
.2020-01-21 11:01:04.288823 | eval'd: drake::cmq_buildtargetmetadepsspecht_is_subtargetconfig
2020-01-21 11:01:08.343442 | > DO_CALL (0.001s wait)
.2020-01-21 11:01:08.348368 | eval'd: drake::cmq_buildtargetmetadepsspecht_is_subtargetconfig
2020-01-21 11:01:12.395545 | > DO_CALL (0.001s wait)
.2020-01-21 11:01:12.400938 | eval'd: drake::cmq_buildtargetmetadepsspecht_is_subtargetconfig
2020-01-21 11:01:16.324176 | > DO_CALL (0.000s wait)
.2020-01-21 11:01:16.329329 | eval'd: drake::cmq_buildtargetmetadepsspecht_is_subtargetconfig
2020-01-21 11:01:20.245930 | > DO_CALL (0.000s wait)
.2020-01-21 11:01:20.250343 | eval'd: drake::cmq_buildtargetmetadepsspecht_is_subtargetconfig
2020-01-21 11:01:23.757372 | > DO_CALL (0.000s wait)
.2020-01-21 11:01:23.762494 | eval'd: drake::cmq_buildtargetmetadepsspecht_is_subtargetconfig
2020-01-21 11:01:27.594953 | > DO_CALL (0.000s wait)
.2020-01-21 11:01:27.599900 | eval'd: drake::cmq_buildtargetmetadepsspecht_is_subtargetconfig
2020-01-21 11:01:31.412020 | > DO_CALL (0.000s wait)
.2020-01-21 11:01:31.416584 | eval'd: drake::cmq_buildtargetmetadepsspecht_is_subtargetconfig
2020-01-21 11:01:35.668969 | > DO_CALL (0.000s wait)
.2020-01-21 11:01:35.673476 | eval'd: drake::cmq_buildtargetmetadepsspecht_is_subtargetconfig
2020-01-21 11:01:39.293795 | > DO_CALL (0.001s wait)
.2020-01-21 11:01:39.299608 | eval'd: drake::cmq_buildtargetmetadepsspecht_is_subtargetconfig
2020-01-21 11:01:42.893805 | > DO_CALL (0.001s wait)
.2020-01-21 11:01:42.899752 | eval'd: drake::cmq_buildtargetmetadepsspecht_is_subtargetconfig
2020-01-21 11:01:46.621119 | > DO_CALL (0.000s wait)
.2020-01-21 11:01:46.626355 | eval'd: drake::cmq_buildtargetmetadepsspecht_is_subtargetconfig
2020-01-21 11:01:52.229780 | > DO_CALL (0.001s wait)
.2020-01-21 11:01:52.235736 | eval'd: drake::cmq_buildtargetmetadepsspecht_is_subtargetconfig
2020-01-21 11:01:56.061922 | > DO_CALL (0.000s wait)
.2020-01-21 11:01:56.069128 | eval'd: drake::cmq_buildtargetmetadepsspecht_is_subtargetconfig
2020-01-21 11:02:00.007838 | > DO_CALL (0.001s wait)
.2020-01-21 11:02:00.013874 | eval'd: drake::cmq_buildtargetmetadepsspecht_is_subtargetconfig
2020-01-21 11:02:03.639945 | > DO_CALL (0.000s wait)
.2020-01-21 11:02:03.644391 | eval'd: drake::cmq_buildtargetmetadepsspecht_is_subtargetconfig
2020-01-21 11:02:07.377353 | > DO_CALL (0.000s wait)
.2020-01-21 11:02:07.383027 | eval'd: drake::cmq_buildtargetmetadepsspecht_is_subtargetconfig
2020-01-21 11:02:11.003767 | > DO_CALL (0.001s wait)
.2020-01-21 11:02:11.009547 | eval'd: drake::cmq_buildtargetmetadepsspecht_is_subtargetconfig
2020-01-21 11:02:14.985418 | > DO_CALL (0.000s wait)
.2020-01-21 11:02:14.990596 | eval'd: drake::cmq_buildtargetmetadepsspecht_is_subtargetconfig
2020-01-21 11:02:18.849123 | > DO_CALL (0.000s wait)
.2020-01-21 11:02:18.853850 | eval'd: drake::cmq_buildtargetmetadepsspecht_is_subtargetconfig
2020-01-21 11:02:22.780614 | > DO_CALL (0.001s wait)
.2020-01-21 11:02:22.786282 | eval'd: drake::cmq_buildtargetmetadepsspecht_is_subtargetconfig
2020-01-21 11:02:26.417742 | > DO_CALL (0.001s wait)
.2020-01-21 11:02:26.423961 | eval'd: drake::cmq_buildtargetmetadepsspecht_is_subtargetconfig
2020-01-21 11:02:29.967727 | > DO_CALL (0.001s wait)
.2020-01-21 11:02:29.973424 | eval'd: drake::cmq_buildtargetmetadepsspecht_is_subtargetconfig
2020-01-21 11:02:34.523535 | > DO_CALL (0.001s wait)
.2020-01-21 11:02:34.528904 | eval'd: drake::cmq_buildtargetmetadepsspecht_is_subtargetconfig
2020-01-21 11:02:38.810194 | > DO_CALL (0.000s wait)
.2020-01-21 11:02:38.815474 | eval'd: drake::cmq_buildtargetmetadepsspecht_is_subtargetconfig
2020-01-21 11:02:42.571336 | > DO_CALL (0.000s wait)
.2020-01-21 11:02:42.578794 | eval'd: drake::cmq_buildtargetmetadepsspecht_is_subtargetconfig
2020-01-21 11:02:46.363977 | > DO_CALL (0.000s wait)
.2020-01-21 11:02:46.369013 | eval'd: drake::cmq_buildtargetmetadepsspecht_is_subtargetconfig
2020-01-21 11:02:50.238807 | > DO_CALL (0.001s wait)
.2020-01-21 11:02:50.243845 | eval'd: drake::cmq_buildtargetmetadepsspecht_is_subtargetconfig
2020-01-21 11:02:55.547704 | > DO_CALL (0.001s wait)
.2020-01-21 11:02:55.553348 | eval'd: drake::cmq_buildtargetmetadepsspecht_is_subtargetconfig
2020-01-21 11:02:59.180435 | > DO_CALL (0.001s wait)
.2020-01-21 11:02:59.185703 | eval'd: drake::cmq_buildtargetmetadepsspecht_is_subtargetconfig
2020-01-21 11:03:02.751761 | > DO_CALL (0.001s wait)
.2020-01-21 11:03:02.757638 | eval'd: drake::cmq_buildtargetmetadepsspecht_is_subtargetconfig
2020-01-21 11:03:06.419054 | > DO_CALL (0.000s wait)
.2020-01-21 11:03:06.424203 | eval'd: drake::cmq_buildtargetmetadepsspecht_is_subtargetconfig
2020-01-21 11:03:10.039855 | > DO_CALL (0.001s wait)
.2020-01-21 11:03:10.045781 | eval'd: drake::cmq_buildtargetmetadepsspecht_is_subtargetconfig
2020-01-21 11:03:13.835527 | > DO_CALL (0.001s wait)
.2020-01-21 11:03:13.840808 | eval'd: drake::cmq_buildtargetmetadepsspecht_is_subtargetconfig
2020-01-21 11:03:18.214327 | > DO_CALL (0.000s wait)
.2020-01-21 11:03:18.219807 | eval'd: drake::cmq_buildtargetmetadepsspecht_is_subtargetconfig
2020-01-21 11:03:21.782566 | > DO_CALL (0.001s wait)
.2020-01-21 11:03:21.787920 | eval'd: drake::cmq_buildtargetmetadepsspecht_is_subtargetconfig
2020-01-21 11:03:25.219784 | > DO_CALL (0.001s wait)
.2020-01-21 11:03:25.225795 | eval'd: drake::cmq_buildtargetmetadepsspecht_is_subtargetconfig
2020-01-21 11:03:29.289974 | > DO_CALL (0.000s wait)
.2020-01-21 11:03:29.294651 | eval'd: drake::cmq_buildtargetmetadepsspecht_is_subtargetconfig
2020-01-21 11:03:33.670810 | > DO_CALL (0.001s wait)
.2020-01-21 11:03:33.676769 | eval'd: drake::cmq_buildtargetmetadepsspecht_is_subtargetconfig
2020-01-21 11:03:38.080544 | > DO_CALL (0.001s wait)
.2020-01-21 11:03:38.086395 | eval'd: drake::cmq_buildtargetmetadepsspecht_is_subtargetconfig
2020-01-21 11:03:42.421316 | > DO_CALL (0.000s wait)
.2020-01-21 11:03:42.426297 | eval'd: drake::cmq_buildtargetmetadepsspecht_is_subtargetconfig
2020-01-21 11:03:46.263883 | > DO_CALL (0.001s wait)
.2020-01-21 11:03:46.270252 | eval'd: drake::cmq_buildtargetmetadepsspecht_is_subtargetconfig
2020-01-21 11:03:49.782927 | > DO_CALL (0.000s wait)
.2020-01-21 11:03:49.787327 | eval'd: drake::cmq_buildtargetmetadepsspecht_is_subtargetconfig
2020-01-21 11:03:53.667875 | > DO_CALL (0.001s wait)
.2020-01-21 11:03:53.673785 | eval'd: drake::cmq_buildtargetmetadepsspecht_is_subtargetconfig
2020-01-21 11:03:59.414401 | > DO_CALL (0.000s wait)
.2020-01-21 11:03:59.419964 | eval'd: drake::cmq_buildtargetmetadepsspecht_is_subtargetconfig
2020-01-21 11:04:04.175320 | > DO_CALL (0.000s wait)
.2020-01-21 11:04:04.180382 | eval'd: drake::cmq_buildtargetmetadepsspecht_is_subtargetconfig
2020-01-21 11:04:07.896332 | > DO_CALL (0.000s wait)
.2020-01-21 11:04:07.901807 | eval'd: drake::cmq_buildtargetmetadepsspecht_is_subtargetconfig
2020-01-21 11:04:11.642374 | > DO_CALL (0.000s wait)
.2020-01-21 11:04:11.647512 | eval'd: drake::cmq_buildtargetmetadepsspecht_is_subtargetconfig
2020-01-21 11:04:15.324769 | > DO_CALL (0.001s wait)
.2020-01-21 11:04:15.330540 | eval'd: drake::cmq_buildtargetmetadepsspecht_is_subtargetconfig
2020-01-21 11:04:19.176458 | > DO_CALL (0.001s wait)
.2020-01-21 11:04:19.181724 | eval'd: drake::cmq_buildtargetmetadepsspecht_is_subtargetconfig
2020-01-21 11:04:22.960247 | > DO_CALL (0.000s wait)
.2020-01-21 11:04:22.965203 | eval'd: drake::cmq_buildtargetmetadepsspecht_is_subtargetconfig
2020-01-21 11:04:26.703507 | > DO_CALL (0.001s wait)
.
2020-01-21 11:04:26.709250 | eval'd: drake::cmq_buildtargetmetadepsspecht_is_subtargetconfig
2020-01-21 11:04:30.260930 | > DO_CALL (0.000s wait)
.2020-01-21 11:04:30.265369 | eval'd: drake::cmq_buildtargetmetadepsspecht_is_subtargetconfig
2020-01-21 11:04:33.889285 | > DO_CALL (0.000s wait)
.2020-01-21 11:04:33.894217 | eval'd: drake::cmq_buildtargetmetadepsspecht_is_subtargetconfig
2020-01-21 11:04:37.726062 | > DO_CALL (0.001s wait)
.2020-01-21 11:04:37.732865 | eval'd: drake::cmq_buildtargetmetadepsspecht_is_subtargetconfig
2020-01-21 11:04:41.589019 | > DO_CALL (0.000s wait)
.2020-01-21 11:04:41.593532 | eval'd: drake::cmq_buildtargetmetadepsspecht_is_subtargetconfig
2020-01-21 11:04:45.948042 | > DO_CALL (0.001s wait)
.2020-01-21 11:04:45.954744 | eval'd: drake::cmq_buildtargetmetadepsspecht_is_subtargetconfig
2020-01-21 11:04:49.613962 | > DO_CALL (0.000s wait)
.2020-01-21 11:04:49.618390 | eval'd: drake::cmq_buildtargetmetadepsspecht_is_subtargetconfig
2020-01-21 11:04:53.466062 | > DO_CALL (0.001s wait)
.2020-01-21 11:04:53.472336 | eval'd: drake::cmq_buildtargetmetadepsspecht_is_subtargetconfig
2020-01-21 11:04:57.068792 | > DO_CALL (0.001s wait)
.2020-01-21 11:04:57.075087 | eval'd: drake::cmq_buildtargetmetadepsspecht_is_subtargetconfig
2020-01-21 11:05:02.765981 | > DO_CALL (0.000s wait)
.2020-01-21 11:05:02.770500 | eval'd: drake::cmq_buildtargetmetadepsspecht_is_subtargetconfig
2020-01-21 11:05:06.386141 | > DO_CALL (0.001s wait)
.2020-01-21 11:05:06.392922 | eval'd: drake::cmq_buildtargetmetadepsspecht_is_subtargetconfig
2020-01-21 11:05:09.976904 | > DO_CALL (0.001s wait)
.2020-01-21 11:05:09.995536 | eval'd: drake::cmq_buildtargetmetadepsspecht_is_subtargetconfig
2020-01-21 11:05:13.733972 | > DO_CALL (0.000s wait)
.2020-01-21 11:05:13.738402 | eval'd: drake::cmq_buildtargetmetadepsspecht_is_subtargetconfig
2020-01-21 11:05:18.238569 | > DO_CALL (0.001s wait)
.2020-01-21 11:05:18.246449 | eval'd: drake::cmq_buildtargetmetadepsspecht_is_subtargetconfig
2020-01-21 11:05:21.819002 | > DO_CALL (0.000s wait)
.2020-01-21 11:05:21.823446 | eval'd: drake::cmq_buildtargetmetadepsspecht_is_subtargetconfig
2020-01-21 11:05:25.477446 | > DO_CALL (0.001s wait)
.2020-01-21 11:05:25.482517 | eval'd: drake::cmq_buildtargetmetadepsspecht_is_subtargetconfig
2020-01-21 11:05:29.142011 | > DO_CALL (0.000s wait)
.2020-01-21 11:05:29.146488 | eval'd: drake::cmq_buildtargetmetadepsspecht_is_subtargetconfig
2020-01-21 11:05:32.889913 | > DO_CALL (0.001s wait)
.2020-01-21 11:05:32.895908 | eval'd: drake::cmq_buildtargetmetadepsspecht_is_subtargetconfig
2020-01-21 11:05:36.505942 | > DO_CALL (0.000s wait)
.2020-01-21 11:05:36.510851 | eval'd: drake::cmq_buildtargetmetadepsspecht_is_subtargetconfig
2020-01-21 11:05:40.268908 | > DO_CALL (0.001s wait)
.2020-01-21 11:05:40.275077 | eval'd: drake::cmq_buildtargetmetadepsspecht_is_subtargetconfig
2020-01-21 11:05:44.076907 | > DO_CALL (0.001s wait)
.2020-01-21 11:05:44.082792 | eval'd: drake::cmq_buildtargetmetadepsspecht_is_subtargetconfig
2020-01-21 11:05:48.468746 | > DO_CALL (0.001s wait)
.2020-01-21 11:05:48.475240 | eval'd: drake::cmq_buildtargetmetadepsspecht_is_subtargetconfig
2020-01-21 11:05:52.187203 | > DO_CALL (0.000s wait)
.2020-01-21 11:05:52.191593 | eval'd: drake::cmq_buildtargetmetadepsspecht_is_subtargetconfig
2020-01-21 11:05:55.707005 | > DO_CALL (0.000s wait)
.2020-01-21 11:05:55.711469 | eval'd: drake::cmq_buildtargetmetadepsspecht_is_subtargetconfig
2020-01-21 11:05:59.251170 | > DO_CALL (0.000s wait)
.2020-01-21 11:05:59.255887 | eval'd: drake::cmq_buildtargetmetadepsspecht_is_subtargetconfig
2020-01-21 11:06:04.010962 | > DO_CALL (0.000s wait)
.2020-01-21 11:06:04.015444 | eval'd: drake::cmq_buildtargetmetadepsspecht_is_subtargetconfig
2020-01-21 11:06:07.571711 | > DO_CALL (0.001s wait)
.2020-01-21 11:06:07.577810 | eval'd: drake::cmq_buildtargetmetadepsspecht_is_subtargetconfig
2020-01-21 11:06:11.085947 | > DO_CALL (0.000s wait)
.2020-01-21 11:06:11.090316 | eval'd: drake::cmq_buildtargetmetadepsspecht_is_subtargetconfig
2020-01-21 11:06:14.992042 | > DO_CALL (0.000s wait)
.2020-01-21 11:06:14.996464 | eval'd: drake::cmq_buildtargetmetadepsspecht_is_subtargetconfig
2020-01-21 11:06:19.507543 | > DO_CALL (0.001s wait)
.2020-01-21 11:06:19.513268 | eval'd: drake::cmq_buildtargetmetadepsspecht_is_subtargetconfig
2020-01-21 11:06:22.893747 | > DO_CALL (0.001s wait)
.2020-01-21 11:06:22.899379 | eval'd: drake::cmq_buildtargetmetadepsspecht_is_subtargetconfig
2020-01-21 11:06:26.436196 | > DO_CALL (0.000s wait)
.2020-01-21 11:06:26.445214 | eval'd: drake::cmq_buildtargetmetadepsspecht_is_subtargetconfig
2020-01-21 11:06:30.027708 | > DO_CALL (0.001s wait)
.2020-01-21 11:06:30.033616 | eval'd: drake::cmq_buildtargetmetadepsspecht_is_subtargetconfig
2020-01-21 11:06:33.785435 | > DO_CALL (0.001s wait)
.2020-01-21 11:06:33.790565 | eval'd: drake::cmq_buildtargetmetadepsspecht_is_subtargetconfig
2020-01-21 11:06:37.387024 | > DO_CALL (0.000s wait)
.2020-01-21 11:06:37.391978 | eval'd: drake::cmq_buildtargetmetadepsspecht_is_subtargetconfig
2020-01-21 11:06:40.971410 | > DO_CALL (0.000s wait)
.2020-01-21 11:06:40.976427 | eval'd: drake::cmq_buildtargetmetadepsspecht_is_subtargetconfig
2020-01-21 11:06:44.550569 | > DO_CALL (0.001s wait)
.2020-01-21 11:06:44.555935 | eval'd: drake::cmq_buildtargetmetadepsspecht_is_subtargetconfig
2020-01-21 11:06:48.173531 | > DO_CALL (0.001s wait)
.2020-01-21 11:06:48.178798 | eval'd: drake::cmq_buildtargetmetadepsspecht_is_subtargetconfig
2020-01-21 11:06:52.465562 | > DO_CALL (0.001s wait)
.2020-01-21 11:06:52.470964 | eval'd: drake::cmq_buildtargetmetadepsspecht_is_subtargetconfig
2020-01-21 11:06:56.141339 | > DO_CALL (0.000s wait)
.2020-01-21 11:06:56.146772 | eval'd: drake::cmq_buildtargetmetadepsspecht_is_subtargetconfig
2020-01-21 11:06:59.870113 | > DO_CALL (0.000s wait)
.2020-01-21 11:06:59.874774 | eval'd: drake::cmq_buildtargetmetadepsspecht_is_subtargetconfig
2020-01-21 11:07:03.613450 | > DO_CALL (0.001s wait)
.2020-01-21 11:07:03.619296 | eval'd: drake::cmq_buildtargetmetadepsspecht_is_subtargetconfig
2020-01-21 11:07:09.271088 | > DO_CALL (0.000s wait)
.2020-01-21 11:07:09.276692 | eval'd: drake::cmq_buildtargetmetadepsspecht_is_subtargetconfig
2020-01-21 11:07:12.685045 | > DO_CALL (0.000s wait)
.2020-01-21 11:07:12.689973 | eval'd: drake::cmq_buildtargetmetadepsspecht_is_subtargetconfig
2020-01-21 11:07:16.134931 | > DO_CALL (0.001s wait)
.2020-01-21 11:07:16.141420 | eval'd: drake::cmq_buildtargetmetadepsspecht_is_subtargetconfig
2020-01-21 11:07:19.601013 | > DO_CALL (0.000s wait)
.2020-01-21 11:07:19.605499 | eval'd: drake::cmq_buildtargetmetadepsspecht_is_subtargetconfig
2020-01-21 11:07:23.042959 | > DO_CALL (0.001s wait)
.2020-01-21 11:07:23.048861 | eval'd: drake::cmq_buildtargetmetadepsspecht_is_subtargetconfig
2020-01-21 11:07:27.338217 | > DO_CALL (0.000s wait)
.2020-01-21 11:07:27.343646 | eval'd: drake::cmq_buildtargetmetadepsspecht_is_subtargetconfig
2020-01-21 11:07:30.921135 | > DO_CALL (0.000s wait)
.2020-01-21 11:07:30.925798 | eval'd: drake::cmq_buildtargetmetadepsspecht_is_subtargetconfig
2020-01-21 11:07:34.434502 | > DO_CALL (0.001s wait)
.2020-01-21 11:07:34.439772 | eval'd: drake::cmq_buildtargetmetadepsspecht_is_subtargetconfig
2020-01-21 11:07:37.982131 | > DO_CALL (0.000s wait)
.2020-01-21 11:07:37.986848 | eval'd: drake::cmq_buildtargetmetadepsspecht_is_subtargetconfig
2020-01-21 11:07:41.554914 | > DO_CALL (0.001s wait)
.2020-01-21 11:07:41.560796 | eval'd: drake::cmq_buildtargetmetadepsspecht_is_subtargetconfig
2020-01-21 11:07:45.281116 | > DO_CALL (0.000s wait)
.2020-01-21 11:07:45.285896 | eval'd: drake::cmq_buildtargetmetadepsspecht_is_subtargetconfig
2020-01-21 11:07:48.943686 | > DO_CALL (0.001s wait)
.2020-01-21 11:07:48.949149 | eval'd: drake::cmq_buildtargetmetadepsspecht_is_subtargetconfig
2020-01-21 11:07:53.008195 | > DO_CALL (0.000s wait)
.2020-01-21 11:07:53.012932 | eval'd: drake::cmq_buildtargetmetadepsspecht_is_subtargetconfig
2020-01-21 11:07:57.375910 | > DO_CALL (0.001s wait)
.2020-01-21 11:07:57.382341 | eval'd: drake::cmq_buildtargetmetadepsspecht_is_subtargetconfig
2020-01-21 11:08:00.925886 | > DO_CALL (0.001s wait)
.2020-01-21 11:08:00.931760 | eval'd: drake::cmq_buildtargetmetadepsspecht_is_subtargetconfig
2020-01-21 11:08:04.527957 | > DO_CALL (0.001s wait)
.2020-01-21 11:08:04.534105 | eval'd: drake::cmq_buildtargetmetadepsspecht_is_subtargetconfig
2020-01-21 11:08:10.042996 | > DO_CALL (0.000s wait)
.2020-01-21 11:08:10.047458 | eval'd: drake::cmq_buildtargetmetadepsspecht_is_subtargetconfig
2020-01-21 11:08:13.617060 | > DO_CALL (0.000s wait)
.2020-01-21 11:08:13.621506 | eval'd: drake::cmq_buildtargetmetadepsspecht_is_subtargetconfig
2020-01-21 11:08:17.083426 | > DO_CALL (0.001s wait)
.2020-01-21 11:08:17.089026 | eval'd: drake::cmq_buildtargetmetadepsspecht_is_subtargetconfig
2020-01-21 11:08:20.684806 | > DO_CALL (0.001s wait)
.2020-01-21 11:08:20.690578 | eval'd: drake::cmq_buildtargetmetadepsspecht_is_subtargetconfig
2020-01-21 11:08:24.211535 | > DO_CALL (0.001s wait)
.2020-01-21 11:08:24.216760 | eval'd: drake::cmq_buildtargetmetadepsspecht_is_subtargetconfig
2020-01-21 11:08:27.691186 | > DO_CALL (0.000s wait)
.2020-01-21 11:08:27.696646 | eval'd: drake::cmq_buildtargetmetadepsspecht_is_subtargetconfig
2020-01-21 11:08:31.182755 | > DO_CALL (0.001s wait)
.2020-01-21 11:08:31.188462 | eval'd: drake::cmq_buildtargetmetadepsspecht_is_subtargetconfig
2020-01-21 11:08:35.826751 | > DO_CALL (0.001s wait)
.2020-01-21 11:08:35.832372 | eval'd: drake::cmq_buildtargetmetadepsspecht_is_subtargetconfig
2020-01-21 11:08:39.305543 | > DO_CALL (0.001s wait)
.2020-01-21 11:08:39.310783 | eval'd: drake::cmq_buildtargetmetadepsspecht_is_subtargetconfig
2020-01-21 11:08:43.085800 | > DO_CALL (0.001s wait)
.2020-01-21 11:08:43.091377 | eval'd: drake::cmq_buildtargetmetadepsspecht_is_subtargetconfig
2020-01-21 11:08:46.655131 | > DO_CALL (0.000s wait)
.2020-01-21 11:08:46.660246 | eval'd: drake::cmq_buildtargetmetadepsspecht_is_subtargetconfig
2020-01-21 11:08:50.314173 | > DO_CALL (0.000s wait)
.2020-01-21 11:08:50.318891 | eval'd: drake::cmq_buildtargetmetadepsspecht_is_subtargetconfig
2020-01-21 11:08:53.755781 | > DO_CALL (0.001s wait)
.2020-01-21 11:08:53.761411 | eval'd: drake::cmq_buildtargetmetadepsspecht_is_subtargetconfig
2020-01-21 11:08:57.856271 | > DO_CALL (0.000s wait)
.2020-01-21 11:08:57.861566 | eval'd: drake::cmq_buildtargetmetadepsspecht_is_subtargetconfig
2020-01-21 11:09:01.635727 | > DO_CALL (0.001s wait)
.2020-01-21 11:09:01.641266 | eval'd: drake::cmq_buildtargetmetadepsspecht_is_subtargetconfig
2020-01-21 11:09:05.364021 | > DO_CALL (0.000s wait)
.2020-01-21 11:09:05.368572 | eval'd: drake::cmq_buildtargetmetadepsspecht_is_subtargetconfig
2020-01-21 11:09:09.075692 | > DO_CALL (0.001s wait)
.2020-01-21 11:09:09.081091 | eval'd: drake::cmq_buildtargetmetadepsspecht_is_subtargetconfig
2020-01-21 11:09:14.609096 | > DO_CALL (0.001s wait)
.2020-01-21 11:09:14.615054 | eval'd: drake::cmq_buildtargetmetadepsspecht_is_subtargetconfig
2020-01-21 11:09:17.999118 | > DO_CALL (0.000s wait)
.2020-01-21 11:09:18.004197 | eval'd: drake::cmq_buildtargetmetadepsspecht_is_subtargetconfig
2020-01-21 11:09:21.402838 | > DO_CALL (0.001s wait)
.2020-01-21 11:09:21.408489 | eval'd: drake::cmq_buildtargetmetadepsspecht_is_subtargetconfig
2020-01-21 11:09:24.946952 | > DO_CALL (0.001s wait)
.2020-01-21 11:09:24.953092 | eval'd: drake::cmq_buildtargetmetadepsspecht_is_subtargetconfig
2020-01-21 11:09:28.661027 | > DO_CALL (0.000s wait)
.
2020-01-21 11:09:28.665438 | eval'd: drake::cmq_buildtargetmetadepsspecht_is_subtargetconfig
2020-01-21 11:09:32.436305 | > DO_CALL (0.000s wait)
.2020-01-21 11:09:32.441137 | eval'd: drake::cmq_buildtargetmetadepsspecht_is_subtargetconfig
2020-01-21 11:09:36.201173 | > DO_CALL (0.001s wait)
.2020-01-21 11:09:36.209427 | eval'd: drake::cmq_buildtargetmetadepsspecht_is_subtargetconfig
2020-01-21 11:09:40.611056 | > DO_CALL (0.000s wait)
.2020-01-21 11:09:40.615633 | eval'd: drake::cmq_buildtargetmetadepsspecht_is_subtargetconfig
2020-01-21 11:09:44.381065 | > DO_CALL (0.001s wait)
.2020-01-21 11:09:44.387271 | eval'd: drake::cmq_buildtargetmetadepsspecht_is_subtargetconfig
2020-01-21 11:09:47.916066 | > DO_CALL (0.000s wait)
.2020-01-21 11:09:47.921051 | eval'd: drake::cmq_buildtargetmetadepsspecht_is_subtargetconfig
2020-01-21 11:09:51.371058 | > DO_CALL (0.001s wait)
.2020-01-21 11:09:51.377258 | eval'd: drake::cmq_buildtargetmetadepsspecht_is_subtargetconfig
2020-01-21 11:09:54.906020 | > DO_CALL (0.000s wait)
.2020-01-21 11:09:54.910430 | eval'd: drake::cmq_buildtargetmetadepsspecht_is_subtargetconfig
2020-01-21 11:09:58.937273 | > DO_CALL (0.000s wait)
.2020-01-21 11:09:58.966365 | eval'd: drake::cmq_buildtargetmetadepsspecht_is_subtargetconfig
2020-01-21 11:10:02.436591 | > DO_CALL (0.001s wait)
.2020-01-21 11:10:02.441908 | eval'd: drake::cmq_buildtargetmetadepsspecht_is_subtargetconfig
2020-01-21 11:10:05.909955 | > DO_CALL (0.001s wait)
.2020-01-21 11:10:05.916543 | eval'd: drake::cmq_buildtargetmetadepsspecht_is_subtargetconfig
2020-01-21 11:10:09.395236 | > DO_CALL (0.000s wait)
.2020-01-21 11:10:09.399838 | eval'd: drake::cmq_buildtargetmetadepsspecht_is_subtargetconfig
2020-01-21 11:10:14.010819 | > DO_CALL (0.001s wait)
.2020-01-21 11:10:14.016568 | eval'd: drake::cmq_buildtargetmetadepsspecht_is_subtargetconfig
2020-01-21 11:10:18.200542 | > DO_CALL (0.001s wait)
.2020-01-21 11:10:18.206146 | eval'd: drake::cmq_buildtargetmetadepsspecht_is_subtargetconfig
2020-01-21 11:10:21.744450 | > DO_CALL (0.019s wait)
.2020-01-21 11:10:21.750431 | eval'd: drake::cmq_buildtargetmetadepsspecht_is_subtargetconfig
2020-01-21 11:10:25.265071 | > DO_CALL (0.000s wait)
.2020-01-21 11:10:25.269449 | eval'd: drake::cmq_buildtargetmetadepsspecht_is_subtargetconfig
2020-01-21 11:10:28.756184 | > DO_CALL (0.000s wait)
.2020-01-21 11:10:28.760849 | eval'd: drake::cmq_buildtargetmetadepsspecht_is_subtargetconfig
2020-01-21 11:10:32.311944 | > DO_CALL (0.001s wait)
.2020-01-21 11:10:32.317880 | eval'd: drake::cmq_buildtargetmetadepsspecht_is_subtargetconfig
2020-01-21 11:10:35.912936 | > DO_CALL (0.001s wait)
.2020-01-21 11:10:35.919243 | eval'd: drake::cmq_buildtargetmetadepsspecht_is_subtargetconfig
2020-01-21 11:10:39.675559 | > DO_CALL (0.001s wait)
.2020-01-21 11:10:39.680642 | eval'd: drake::cmq_buildtargetmetadepsspecht_is_subtargetconfig
2020-01-21 11:10:43.139410 | > DO_CALL (0.000s wait)
.2020-01-21 11:10:43.144229 | eval'd: drake::cmq_buildtargetmetadepsspecht_is_subtargetconfig
2020-01-21 11:10:46.759468 | > DO_CALL (0.001s wait)
.2020-01-21 11:10:46.764922 | eval'd: drake::cmq_buildtargetmetadepsspecht_is_subtargetconfig
2020-01-21 11:10:50.264891 | > DO_CALL (0.001s wait)
.2020-01-21 11:10:50.270644 | eval'd: drake::cmq_buildtargetmetadepsspecht_is_subtargetconfig
2020-01-21 11:10:53.751053 | > DO_CALL (0.000s wait)
.2020-01-21 11:10:53.755391 | eval'd: drake::cmq_buildtargetmetadepsspecht_is_subtargetconfig
2020-01-21 11:10:58.304605 | > DO_CALL (0.001s wait)
.2020-01-21 11:10:58.310230 | eval'd: drake::cmq_buildtargetmetadepsspecht_is_subtargetconfig
2020-01-21 11:11:02.412372 | > DO_CALL (0.000s wait)
.2020-01-21 11:11:02.417165 | eval'd: drake::cmq_buildtargetmetadepsspecht_is_subtargetconfig
2020-01-21 11:11:06.208118 | > DO_CALL (0.000s wait)
.2020-01-21 11:11:06.213098 | eval'd: drake::cmq_buildtargetmetadepsspecht_is_subtargetconfig
2020-01-21 11:11:09.652682 | > DO_CALL (0.001s wait)
.2020-01-21 11:11:09.658125 | eval'd: drake::cmq_buildtargetmetadepsspecht_is_subtargetconfig
2020-01-21 11:11:13.294309 | > DO_CALL (0.000s wait)
.2020-01-21 11:11:13.299193 | eval'd: drake::cmq_buildtargetmetadepsspecht_is_subtargetconfig
2020-01-21 11:11:18.875361 | > DO_CALL (0.000s wait)
.2020-01-21 11:11:18.881240 | eval'd: drake::cmq_buildtargetmetadepsspecht_is_subtargetconfig
2020-01-21 11:11:22.452266 | > DO_CALL (0.000s wait)
.2020-01-21 11:11:22.456823 | eval'd: drake::cmq_buildtargetmetadepsspecht_is_subtargetconfig
2020-01-21 11:11:25.991243 | > DO_CALL (0.000s wait)
.2020-01-21 11:11:25.996537 | eval'd: drake::cmq_buildtargetmetadepsspecht_is_subtargetconfig
2020-01-21 11:11:29.391990 | > DO_CALL (0.001s wait)
.2020-01-21 11:11:29.397800 | eval'd: drake::cmq_buildtargetmetadepsspecht_is_subtargetconfig
2020-01-21 11:11:33.121508 | > DO_CALL (0.001s wait)
.2020-01-21 11:11:33.126438 | eval'd: drake::cmq_buildtargetmetadepsspecht_is_subtargetconfig
2020-01-21 11:11:36.797004 | > DO_CALL (0.001s wait)
.2020-01-21 11:11:36.803349 | eval'd: drake::cmq_buildtargetmetadepsspecht_is_subtargetconfig
2020-01-21 11:11:40.549766 | > DO_CALL (0.001s wait)
.2020-01-21 11:11:40.555330 | eval'd: drake::cmq_buildtargetmetadepsspecht_is_subtargetconfig
2020-01-21 11:11:44.352967 | > DO_CALL (0.001s wait)
.2020-01-21 11:11:44.358855 | eval'd: drake::cmq_buildtargetmetadepsspecht_is_subtargetconfig
2020-01-21 11:11:47.887744 | > DO_CALL (0.001s wait)
.2020-01-21 11:11:47.893325 | eval'd: drake::cmq_buildtargetmetadepsspecht_is_subtargetconfig
2020-01-21 11:11:51.384914 | > DO_CALL (0.000s wait)
.2020-01-21 11:11:51.389268 | eval'd: drake::cmq_buildtargetmetadepsspecht_is_subtargetconfig
2020-01-21 11:11:54.879185 | > DO_CALL (0.000s wait)
.2020-01-21 11:11:54.883697 | eval'd: drake::cmq_buildtargetmetadepsspecht_is_subtargetconfig
2020-01-21 11:11:59.217130 | > DO_CALL (0.000s wait)
.2020-01-21 11:11:59.222216 | eval'd: drake::cmq_buildtargetmetadepsspecht_is_subtargetconfig
2020-01-21 11:12:02.966372 | > DO_CALL (0.000s wait)
.2020-01-21 11:12:02.971179 | eval'd: drake::cmq_buildtargetmetadepsspecht_is_subtargetconfig
2020-01-21 11:12:06.883420 | > DO_CALL (0.000s wait)
.2020-01-21 11:12:06.888676 | eval'd: drake::cmq_buildtargetmetadepsspecht_is_subtargetconfig
2020-01-21 11:12:10.322983 | > DO_CALL (0.001s wait)
.2020-01-21 11:12:10.328784 | eval'd: drake::cmq_buildtargetmetadepsspecht_is_subtargetconfig
2020-01-21 11:12:13.757148 | > DO_CALL (0.000s wait)
.2020-01-21 11:12:13.761502 | eval'd: drake::cmq_buildtargetmetadepsspecht_is_subtargetconfig
2020-01-21 11:12:17.296903 | > DO_CALL (0.001s wait)
.2020-01-21 11:12:17.302549 | eval'd: drake::cmq_buildtargetmetadepsspecht_is_subtargetconfig
2020-01-21 11:12:22.567627 | > DO_CALL (0.001s wait)
.2020-01-21 11:12:22.572755 | eval'd: drake::cmq_buildtargetmetadepsspecht_is_subtargetconfig
2020-01-21 11:12:26.005882 | > DO_CALL (0.001s wait)
.2020-01-21 11:12:26.011797 | eval'd: drake::cmq_buildtargetmetadepsspecht_is_subtargetconfig
2020-01-21 11:12:29.550047 | > DO_CALL (0.001s wait)
.2020-01-21 11:12:29.555926 | eval'd: drake::cmq_buildtargetmetadepsspecht_is_subtargetconfig
2020-01-21 11:12:33.979580 | > DO_CALL (0.001s wait)
.2020-01-21 11:12:33.984688 | eval'd: drake::cmq_buildtargetmetadepsspecht_is_subtargetconfig
2020-01-21 11:12:37.416347 | > DO_CALL (0.000s wait)
.2020-01-21 11:12:37.421596 | eval'd: drake::cmq_buildtargetmetadepsspecht_is_subtargetconfig
2020-01-21 11:12:40.893539 | > DO_CALL (0.001s wait)
.2020-01-21 11:12:40.898470 | eval'd: drake::cmq_buildtargetmetadepsspecht_is_subtargetconfig
2020-01-21 11:12:44.411155 | > DO_CALL (0.000s wait)
.2020-01-21 11:12:44.415481 | eval'd: drake::cmq_buildtargetmetadepsspecht_is_subtargetconfig
2020-01-21 11:12:48.041189 | > DO_CALL (0.000s wait)
.2020-01-21 11:12:48.046094 | eval'd: drake::cmq_buildtargetmetadepsspecht_is_subtargetconfig
2020-01-21 11:12:51.533281 | > DO_CALL (0.000s wait)
.2020-01-21 11:12:51.537900 | eval'd: drake::cmq_buildtargetmetadepsspecht_is_subtargetconfig
2020-01-21 11:12:55.038504 | > DO_CALL (0.001s wait)
.2020-01-21 11:12:55.043480 | eval'd: drake::cmq_buildtargetmetadepsspecht_is_subtargetconfig
2020-01-21 11:12:58.583446 | > DO_CALL (0.001s wait)
.2020-01-21 11:12:58.588268 | eval'd: drake::cmq_buildtargetmetadepsspecht_is_subtargetconfig
2020-01-21 11:13:01.941072 | > DO_CALL (0.001s wait)
.2020-01-21 11:13:01.946917 | eval'd: drake::cmq_buildtargetmetadepsspecht_is_subtargetconfig
2020-01-21 11:13:05.309167 | > DO_CALL (0.000s wait)
.2020-01-21 11:13:05.313545 | eval'd: drake::cmq_buildtargetmetadepsspecht_is_subtargetconfig
2020-01-21 11:13:09.324000 | > DO_CALL (0.001s wait)
.2020-01-21 11:13:09.329716 | eval'd: drake::cmq_buildtargetmetadepsspecht_is_subtargetconfig
2020-01-21 11:13:12.845240 | > DO_CALL (0.000s wait)
.2020-01-21 11:13:12.849718 | eval'd: drake::cmq_buildtargetmetadepsspecht_is_subtargetconfig
2020-01-21 11:13:16.527204 | > DO_CALL (0.000s wait)
.2020-01-21 11:13:16.532126 | eval'd: drake::cmq_buildtargetmetadepsspecht_is_subtargetconfig
2020-01-21 11:13:20.140111 | > DO_CALL (0.001s wait)
.2020-01-21 11:13:20.145969 | eval'd: drake::cmq_buildtargetmetadepsspecht_is_subtargetconfig
2020-01-21 11:13:25.239468 | > DO_CALL (0.001s wait)
.2020-01-21 11:13:25.245306 | eval'd: drake::cmq_buildtargetmetadepsspecht_is_subtargetconfig
2020-01-21 11:13:28.651915 | > DO_CALL (0.001s wait)
.2020-01-21 11:13:28.657523 | eval'd: drake::cmq_buildtargetmetadepsspecht_is_subtargetconfig
2020-01-21 11:13:32.358778 | > DO_CALL (0.001s wait)
.2020-01-21 11:13:32.364088 | eval'd: drake::cmq_buildtargetmetadepsspecht_is_subtargetconfig
2020-01-21 11:13:35.819180 | > DO_CALL (0.000s wait)
.2020-01-21 11:13:35.823543 | eval'd: drake::cmq_buildtargetmetadepsspecht_is_subtargetconfig
2020-01-21 11:13:39.271546 | > DO_CALL (0.001s wait)
.2020-01-21 11:13:39.276501 | eval'd: drake::cmq_buildtargetmetadepsspecht_is_subtargetconfig
2020-01-21 11:13:43.590514 | > DO_CALL (0.001s wait)
.2020-01-21 11:13:43.595472 | eval'd: drake::cmq_buildtargetmetadepsspecht_is_subtargetconfig
2020-01-21 11:13:47.002161 | > DO_CALL (0.000s wait)
.2020-01-21 11:13:47.006969 | eval'd: drake::cmq_buildtargetmetadepsspecht_is_subtargetconfig
2020-01-21 11:13:50.578824 | > DO_CALL (0.001s wait)
.2020-01-21 11:13:50.584197 | eval'd: drake::cmq_buildtargetmetadepsspecht_is_subtargetconfig
2020-01-21 11:13:54.184209 | > DO_CALL (0.001s wait)
.2020-01-21 11:13:54.190219 | eval'd: drake::cmq_buildtargetmetadepsspecht_is_subtargetconfig
2020-01-21 11:13:57.646214 | > DO_CALL (0.000s wait)
.2020-01-21 11:13:57.651200 | eval'd: drake::cmq_buildtargetmetadepsspecht_is_subtargetconfig
2020-01-21 11:14:01.104412 | > DO_CALL (0.000s wait)
.2020-01-21 11:14:01.109115 | eval'd: drake::cmq_buildtargetmetadepsspecht_is_subtargetconfig
2020-01-21 11:14:04.644712 | > DO_CALL (0.001s wait)
.2020-01-21 11:14:04.649884 | eval'd: drake::cmq_buildtargetmetadepsspecht_is_subtargetconfig
2020-01-21 11:14:08.087353 | > DO_CALL (0.001s wait)
.2020-01-21 11:14:08.093615 | eval'd: drake::cmq_buildtargetmetadepsspecht_is_subtargetconfig
2020-01-21 11:14:12.167126 | > DO_CALL (0.001s wait)
.2020-01-21 11:14:12.172982 | eval'd: drake::cmq_buildtargetmetadepsspecht_is_subtargetconfig
2020-01-21 11:14:15.465394 | > DO_CALL (0.001s wait)
.2020-01-21 11:14:15.471603 | eval'd: drake::cmq_buildtargetmetadepsspecht_is_subtargetconfig
2020-01-21 11:14:18.954042 | > DO_CALL (0.001s wait)
.2020-01-21 11:14:18.959781 | eval'd: drake::cmq_buildtargetmetadepsspecht_is_subtargetconfig
2020-01-21 11:14:23.220421 | > DO_CALL (0.001s wait)
.
2020-01-21 11:14:23.226717 | eval'd: drake::cmq_buildtargetmetadepsspecht_is_subtargetconfig
2020-01-21 11:14:28.723259 | > DO_CALL (0.001s wait)
.2020-01-21 11:14:28.743174 | eval'd: drake::cmq_buildtargetmetadepsspecht_is_subtargetconfig
2020-01-21 11:14:32.320683 | > DO_CALL (0.001s wait)
.2020-01-21 11:14:32.340701 | eval'd: drake::cmq_buildtargetmetadepsspecht_is_subtargetconfig
2020-01-21 11:14:35.760321 | > DO_CALL (0.000s wait)
.2020-01-21 11:14:35.764722 | eval'd: drake::cmq_buildtargetmetadepsspecht_is_subtargetconfig
2020-01-21 11:14:39.239429 | > DO_CALL (0.001s wait)
.2020-01-21 11:14:39.244926 | eval'd: drake::cmq_buildtargetmetadepsspecht_is_subtargetconfig
2020-01-21 11:14:42.745165 | > DO_CALL (0.001s wait)
.2020-01-21 11:14:42.750953 | eval'd: drake::cmq_buildtargetmetadepsspecht_is_subtargetconfig
2020-01-21 11:14:46.187233 | > DO_CALL (0.000s wait)
.2020-01-21 11:14:46.192004 | eval'd: drake::cmq_buildtargetmetadepsspecht_is_subtargetconfig
2020-01-21 11:14:49.532481 | > DO_CALL (0.001s wait)
.2020-01-21 11:14:49.537178 | eval'd: drake::cmq_buildtargetmetadepsspecht_is_subtargetconfig
2020-01-21 11:14:52.884013 | > DO_CALL (0.001s wait)
.2020-01-21 11:14:52.889866 | eval'd: drake::cmq_buildtargetmetadepsspecht_is_subtargetconfig
2020-01-21 11:14:56.359548 | > DO_CALL (0.001s wait)
.2020-01-21 11:14:56.365708 | eval'd: drake::cmq_buildtargetmetadepsspecht_is_subtargetconfig
2020-01-21 11:14:59.792519 | > DO_CALL (0.001s wait)
.2020-01-21 11:14:59.797288 | eval'd: drake::cmq_buildtargetmetadepsspecht_is_subtargetconfig
2020-01-21 11:15:03.181827 | > DO_CALL (0.001s wait)
.2020-01-21 11:15:03.187044 | eval'd: drake::cmq_buildtargetmetadepsspecht_is_subtargetconfig
2020-01-21 11:15:06.619168 | > DO_CALL (0.001s wait)
.2020-01-21 11:15:06.625516 | eval'd: drake::cmq_buildtargetmetadepsspecht_is_subtargetconfig
2020-01-21 11:15:10.054217 | > DO_CALL (0.000s wait)
.2020-01-21 11:15:10.058591 | eval'd: drake::cmq_buildtargetmetadepsspecht_is_subtargetconfig
2020-01-21 11:15:14.157007 | > DO_CALL (0.001s wait)
.2020-01-21 11:15:14.162714 | eval'd: drake::cmq_buildtargetmetadepsspecht_is_subtargetconfig
2020-01-21 11:15:17.684311 | > DO_CALL (0.000s wait)
.2020-01-21 11:15:17.689290 | eval'd: drake::cmq_buildtargetmetadepsspecht_is_subtargetconfig
2020-01-21 11:15:21.910577 | > DO_CALL (0.001s wait)
.2020-01-21 11:15:21.915396 | eval'd: drake::cmq_buildtargetmetadepsspecht_is_subtargetconfig
2020-01-21 11:15:25.251459 | > DO_CALL (0.001s wait)
.2020-01-21 11:15:25.256036 | eval'd: drake::cmq_buildtargetmetadepsspecht_is_subtargetconfig
2020-01-21 11:15:30.834340 | > DO_CALL (0.000s wait)
.2020-01-21 11:15:30.838868 | eval'd: drake::cmq_buildtargetmetadepsspecht_is_subtargetconfig
2020-01-21 11:15:34.303248 | > DO_CALL (0.000s wait)
.2020-01-21 11:15:34.307620 | eval'd: drake::cmq_buildtargetmetadepsspecht_is_subtargetconfig
2020-01-21 11:15:37.620432 | > DO_CALL (0.001s wait)
.2020-01-21 11:15:37.625067 | eval'd: drake::cmq_buildtargetmetadepsspecht_is_subtargetconfig
2020-01-21 11:15:41.105153 | > DO_CALL (0.001s wait)
.2020-01-21 11:15:41.110866 | eval'd: drake::cmq_buildtargetmetadepsspecht_is_subtargetconfig
2020-01-21 11:15:44.530206 | > DO_CALL (0.001s wait)
.2020-01-21 11:15:44.536006 | eval'd: drake::cmq_buildtargetmetadepsspecht_is_subtargetconfig
2020-01-21 11:15:48.131309 | > DO_CALL (0.000s wait)
.2020-01-21 11:15:48.136157 | eval'd: drake::cmq_buildtargetmetadepsspecht_is_subtargetconfig
2020-01-21 11:15:52.295173 | > DO_CALL (0.001s wait)
.2020-01-21 11:15:52.301066 | eval'd: drake::cmq_buildtargetmetadepsspecht_is_subtargetconfig
2020-01-21 11:15:55.669199 | > DO_CALL (0.000s wait)
.2020-01-21 11:15:55.674970 | eval'd: drake::cmq_buildtargetmetadepsspecht_is_subtargetconfig
2020-01-21 11:15:58.994498 | > DO_CALL (0.001s wait)
.2020-01-21 11:15:58.999150 | eval'd: drake::cmq_buildtargetmetadepsspecht_is_subtargetconfig
2020-01-21 11:16:02.306308 | > DO_CALL (0.000s wait)
.2020-01-21 11:16:02.310623 | eval'd: drake::cmq_buildtargetmetadepsspecht_is_subtargetconfig
2020-01-21 11:16:05.687056 | > DO_CALL (0.001s wait)
.2020-01-21 11:16:05.692670 | eval'd: drake::cmq_buildtargetmetadepsspecht_is_subtargetconfig
2020-01-21 11:16:09.191584 | > DO_CALL (0.001s wait)
.2020-01-21 11:16:09.196352 | eval'd: drake::cmq_buildtargetmetadepsspecht_is_subtargetconfig
2020-01-21 11:16:12.565275 | > DO_CALL (0.000s wait)
.2020-01-21 11:16:12.569734 | eval'd: drake::cmq_buildtargetmetadepsspecht_is_subtargetconfig
2020-01-21 11:16:16.366524 | > DO_CALL (0.001s wait)
.2020-01-21 11:16:16.371762 | eval'd: drake::cmq_buildtargetmetadepsspecht_is_subtargetconfig
2020-01-21 11:16:19.754833 | > DO_CALL (0.001s wait)
.2020-01-21 11:16:19.760230 | eval'd: drake::cmq_buildtargetmetadepsspecht_is_subtargetconfig
2020-01-21 11:16:23.214172 | > DO_CALL (0.001s wait)
.2020-01-21 11:16:23.219989 | eval'd: drake::cmq_buildtargetmetadepsspecht_is_subtargetconfig
2020-01-21 11:16:26.594524 | > DO_CALL (0.001s wait)
.2020-01-21 11:16:26.599776 | eval'd: drake::cmq_buildtargetmetadepsspecht_is_subtargetconfig
2020-01-21 11:16:30.072332 | > DO_CALL (0.000s wait)
.2020-01-21 11:16:30.077066 | eval'd: drake::cmq_buildtargetmetadepsspecht_is_subtargetconfig
2020-01-21 11:16:35.059402 | > DO_CALL (0.000s wait)
.2020-01-21 11:16:35.063985 | eval'd: drake::cmq_buildtargetmetadepsspecht_is_subtargetconfig
2020-01-21 11:16:38.534536 | > DO_CALL (0.001s wait)
.2020-01-21 11:16:38.539257 | eval'd: drake::cmq_buildtargetmetadepsspecht_is_subtargetconfig
2020-01-21 11:16:42.755532 | > DO_CALL (0.001s wait)
.2020-01-21 11:16:42.760240 | eval'd: drake::cmq_buildtargetmetadepsspecht_is_subtargetconfig
2020-01-21 11:16:46.063916 | > DO_CALL (0.000s wait)
.2020-01-21 11:16:46.068904 | eval'd: drake::cmq_buildtargetmetadepsspecht_is_subtargetconfig
2020-01-21 11:16:49.621461 | > DO_CALL (0.001s wait)
.2020-01-21 11:16:49.626271 | eval'd: drake::cmq_buildtargetmetadepsspecht_is_subtargetconfig
2020-01-21 11:16:52.980332 | > DO_CALL (0.000s wait)
.2020-01-21 11:16:52.984685 | eval'd: drake::cmq_buildtargetmetadepsspecht_is_subtargetconfig
2020-01-21 11:16:56.377959 | > DO_CALL (0.001s wait)
.2020-01-21 11:16:56.383945 | eval'd: drake::cmq_buildtargetmetadepsspecht_is_subtargetconfig
2020-01-21 11:16:59.345790 | > WORKER_WAIT (0.000s wait)
2020-01-21 11:16:59.346292 | waiting 2.50s
2020-01-21 11:19:41.995378 | > WORKER_WAIT (0.000s wait)
2020-01-21 11:19:41.999822 | waiting 2.50s
Error in clustermq:::worker("tcp://c24a-s1:7958") : 
  Timeout reached, terminating
Execution halted
