2020-01-21 10:48:11.729973 | Master: tcp://c24a-s1:7958
2020-01-21 10:48:11.765793 | WORKER_UP to: tcp://c24a-s1:7958
2020-01-21 10:48:17.465548 | > DO_SETUP (3.531s wait)
2020-01-21 10:48:17.468173 | token from msg: set_common_data_token
2020-01-21 10:48:18.815310 | > DO_CALL (0.001s wait)
.* Option 'clustermq.scheduler' not set, defaulting to ‘SLURM’
--- see: https://mschubert.github.io/clustermq/articles/userguide.html#configuration
2020-01-21 10:48:19.075421 | eval'd: drake::cmq_buildtargetmetadepsspecht_is_subtargetconfig
2020-01-21 10:48:24.456531 | > DO_CALL (0.001s wait)
.2020-01-21 10:48:24.757144 | eval'd: drake::cmq_buildtargetmetadepsspecht_is_subtargetconfig
2020-01-21 10:48:31.817298 | > DO_CALL (0.001s wait)
.2020-01-21 10:48:31.823159 | eval'd: drake::cmq_buildtargetmetadepsspecht_is_subtargetconfig
2020-01-21 10:48:38.652586 | > DO_CALL (0.001s wait)
.2020-01-21 10:48:38.658885 | eval'd: drake::cmq_buildtargetmetadepsspecht_is_subtargetconfig
2020-01-21 10:48:44.715319 | > DO_CALL (0.001s wait)
.2020-01-21 10:48:44.720510 | eval'd: drake::cmq_buildtargetmetadepsspecht_is_subtargetconfig
2020-01-21 10:48:51.322926 | > DO_CALL (0.000s wait)
.2020-01-21 10:48:51.328134 | eval'd: drake::cmq_buildtargetmetadepsspecht_is_subtargetconfig
2020-01-21 10:48:58.694595 | > DO_CALL (0.000s wait)
.2020-01-21 10:48:58.699440 | eval'd: drake::cmq_buildtargetmetadepsspecht_is_subtargetconfig
2020-01-21 10:49:06.001485 | > DO_CALL (0.001s wait)
.2020-01-21 10:49:06.007552 | eval'd: drake::cmq_buildtargetmetadepsspecht_is_subtargetconfig
2020-01-21 10:49:12.485074 | > DO_CALL (0.000s wait)
.2020-01-21 10:49:12.492036 | eval'd: drake::cmq_buildtargetmetadepsspecht_is_subtargetconfig
2020-01-21 10:49:21.055170 | > DO_CALL (0.000s wait)
.2020-01-21 10:49:21.060744 | eval'd: drake::cmq_buildtargetmetadepsspecht_is_subtargetconfig
2020-01-21 10:49:27.225469 | > DO_CALL (0.001s wait)
.2020-01-21 10:49:27.231454 | eval'd: drake::cmq_buildtargetmetadepsspecht_is_subtargetconfig
2020-01-21 10:49:32.918077 | > DO_CALL (0.000s wait)
.2020-01-21 10:49:32.922950 | eval'd: drake::cmq_buildtargetmetadepsspecht_is_subtargetconfig
2020-01-21 10:49:39.337327 | > DO_CALL (0.001s wait)
.2020-01-21 10:49:39.343177 | eval'd: drake::cmq_buildtargetmetadepsspecht_is_subtargetconfig
2020-01-21 10:49:45.948796 | > DO_CALL (0.001s wait)
.2020-01-21 10:49:45.955402 | eval'd: drake::cmq_buildtargetmetadepsspecht_is_subtargetconfig
2020-01-21 10:49:52.355722 | > DO_CALL (0.000s wait)
.2020-01-21 10:49:52.360108 | eval'd: drake::cmq_buildtargetmetadepsspecht_is_subtargetconfig
2020-01-21 10:49:58.730086 | > DO_CALL (0.000s wait)
.2020-01-21 10:49:58.735357 | eval'd: drake::cmq_buildtargetmetadepsspecht_is_subtargetconfig
2020-01-21 10:50:04.220729 | > DO_CALL (0.001s wait)
.2020-01-21 10:50:04.226546 | eval'd: drake::cmq_buildtargetmetadepsspecht_is_subtargetconfig
2020-01-21 10:50:09.789818 | > DO_CALL (0.000s wait)
.2020-01-21 10:50:09.794866 | eval'd: drake::cmq_buildtargetmetadepsspecht_is_subtargetconfig
2020-01-21 10:50:15.236787 | > DO_CALL (0.001s wait)
.2020-01-21 10:50:15.244831 | eval'd: drake::cmq_buildtargetmetadepsspecht_is_subtargetconfig
2020-01-21 10:50:22.160236 | > DO_CALL (0.000s wait)
.2020-01-21 10:50:22.165335 | eval'd: drake::cmq_buildtargetmetadepsspecht_is_subtargetconfig
2020-01-21 10:50:27.145933 | > DO_CALL (0.000s wait)
.2020-01-21 10:50:27.151098 | eval'd: drake::cmq_buildtargetmetadepsspecht_is_subtargetconfig
2020-01-21 10:50:32.763781 | > DO_CALL (0.001s wait)
.2020-01-21 10:50:32.769913 | eval'd: drake::cmq_buildtargetmetadepsspecht_is_subtargetconfig
2020-01-21 10:50:39.424644 | > DO_CALL (0.000s wait)
.2020-01-21 10:50:39.429463 | eval'd: drake::cmq_buildtargetmetadepsspecht_is_subtargetconfig
2020-01-21 10:50:45.297655 | > DO_CALL (0.001s wait)
.2020-01-21 10:50:45.303352 | eval'd: drake::cmq_buildtargetmetadepsspecht_is_subtargetconfig
2020-01-21 10:50:50.727973 | > DO_CALL (0.000s wait)
.2020-01-21 10:50:50.732726 | eval'd: drake::cmq_buildtargetmetadepsspecht_is_subtargetconfig
2020-01-21 10:50:55.970223 | > DO_CALL (0.000s wait)
.2020-01-21 10:50:55.975383 | eval'd: drake::cmq_buildtargetmetadepsspecht_is_subtargetconfig
2020-01-21 10:51:01.047723 | > DO_CALL (0.000s wait)
.2020-01-21 10:51:01.052002 | eval'd: drake::cmq_buildtargetmetadepsspecht_is_subtargetconfig
2020-01-21 10:51:07.141748 | > DO_CALL (0.001s wait)
.2020-01-21 10:51:07.148324 | eval'd: drake::cmq_buildtargetmetadepsspecht_is_subtargetconfig
2020-01-21 10:51:12.963876 | > DO_CALL (0.000s wait)
.2020-01-21 10:51:12.968228 | eval'd: drake::cmq_buildtargetmetadepsspecht_is_subtargetconfig
2020-01-21 10:51:18.278777 | > DO_CALL (0.001s wait)
.2020-01-21 10:51:18.288388 | eval'd: drake::cmq_buildtargetmetadepsspecht_is_subtargetconfig
2020-01-21 10:51:25.087875 | > DO_CALL (0.001s wait)
.2020-01-21 10:51:25.095202 | eval'd: drake::cmq_buildtargetmetadepsspecht_is_subtargetconfig
2020-01-21 10:51:30.523995 | > DO_CALL (0.000s wait)
.2020-01-21 10:51:30.529476 | eval'd: drake::cmq_buildtargetmetadepsspecht_is_subtargetconfig
2020-01-21 10:51:34.991808 | > DO_CALL (0.001s wait)
.2020-01-21 10:51:34.999048 | eval'd: drake::cmq_buildtargetmetadepsspecht_is_subtargetconfig
2020-01-21 10:51:39.816747 | > DO_CALL (0.000s wait)
.2020-01-21 10:51:39.821576 | eval'd: drake::cmq_buildtargetmetadepsspecht_is_subtargetconfig
2020-01-21 10:51:44.875625 | > DO_CALL (0.001s wait)
.2020-01-21 10:51:44.882476 | eval'd: drake::cmq_buildtargetmetadepsspecht_is_subtargetconfig
2020-01-21 10:51:49.823917 | > DO_CALL (0.000s wait)
.2020-01-21 10:51:49.829244 | eval'd: drake::cmq_buildtargetmetadepsspecht_is_subtargetconfig
2020-01-21 10:51:55.479713 | > DO_CALL (0.001s wait)
.2020-01-21 10:51:55.486946 | eval'd: drake::cmq_buildtargetmetadepsspecht_is_subtargetconfig
2020-01-21 10:52:00.417530 | > DO_CALL (0.001s wait)
.2020-01-21 10:52:00.424147 | eval'd: drake::cmq_buildtargetmetadepsspecht_is_subtargetconfig
2020-01-21 10:52:05.472757 | > DO_CALL (0.001s wait)
.2020-01-21 10:52:05.479778 | eval'd: drake::cmq_buildtargetmetadepsspecht_is_subtargetconfig
2020-01-21 10:52:10.780502 | > DO_CALL (0.001s wait)
.2020-01-21 10:52:10.787193 | eval'd: drake::cmq_buildtargetmetadepsspecht_is_subtargetconfig
2020-01-21 10:52:15.635630 | > DO_CALL (0.001s wait)
.2020-01-21 10:52:15.642398 | eval'd: drake::cmq_buildtargetmetadepsspecht_is_subtargetconfig
2020-01-21 10:52:20.757799 | > DO_CALL (0.000s wait)
.2020-01-21 10:52:20.764939 | eval'd: drake::cmq_buildtargetmetadepsspecht_is_subtargetconfig
2020-01-21 10:52:27.394546 | > DO_CALL (0.001s wait)
.2020-01-21 10:52:27.401864 | eval'd: drake::cmq_buildtargetmetadepsspecht_is_subtargetconfig
2020-01-21 10:52:32.696486 | > DO_CALL (0.001s wait)
.2020-01-21 10:52:32.703124 | eval'd: drake::cmq_buildtargetmetadepsspecht_is_subtargetconfig
2020-01-21 10:52:38.193431 | > DO_CALL (0.001s wait)
.2020-01-21 10:52:38.200407 | eval'd: drake::cmq_buildtargetmetadepsspecht_is_subtargetconfig
2020-01-21 10:52:42.751011 | > DO_CALL (0.000s wait)
.2020-01-21 10:52:42.756320 | eval'd: drake::cmq_buildtargetmetadepsspecht_is_subtargetconfig
2020-01-21 10:52:47.295289 | > DO_CALL (0.001s wait)
.2020-01-21 10:52:47.301898 | eval'd: drake::cmq_buildtargetmetadepsspecht_is_subtargetconfig
2020-01-21 10:52:51.808769 | > DO_CALL (0.000s wait)
.2020-01-21 10:52:51.813723 | eval'd: drake::cmq_buildtargetmetadepsspecht_is_subtargetconfig
2020-01-21 10:52:56.626627 | > DO_CALL (0.000s wait)
.2020-01-21 10:52:56.631985 | eval'd: drake::cmq_buildtargetmetadepsspecht_is_subtargetconfig
2020-01-21 10:53:01.436507 | > DO_CALL (0.001s wait)
.2020-01-21 10:53:01.443186 | eval'd: drake::cmq_buildtargetmetadepsspecht_is_subtargetconfig
2020-01-21 10:53:05.807626 | > DO_CALL (0.000s wait)
.2020-01-21 10:53:05.812494 | eval'd: drake::cmq_buildtargetmetadepsspecht_is_subtargetconfig
2020-01-21 10:53:11.102263 | > DO_CALL (0.001s wait)
.2020-01-21 10:53:11.108457 | eval'd: drake::cmq_buildtargetmetadepsspecht_is_subtargetconfig
2020-01-21 10:53:15.369738 | > DO_CALL (0.000s wait)
.2020-01-21 10:53:15.374749 | eval'd: drake::cmq_buildtargetmetadepsspecht_is_subtargetconfig
2020-01-21 10:53:20.024664 | > DO_CALL (0.001s wait)
.2020-01-21 10:53:20.031616 | eval'd: drake::cmq_buildtargetmetadepsspecht_is_subtargetconfig
2020-01-21 10:53:26.827768 | > DO_CALL (0.000s wait)
.2020-01-21 10:53:26.835123 | eval'd: drake::cmq_buildtargetmetadepsspecht_is_subtargetconfig
2020-01-21 10:53:31.440670 | > DO_CALL (0.000s wait)
.
2020-01-21 10:53:31.445643 | eval'd: drake::cmq_buildtargetmetadepsspecht_is_subtargetconfig
2020-01-21 10:53:36.154694 | > DO_CALL (0.001s wait)
.2020-01-21 10:53:36.162288 | eval'd: drake::cmq_buildtargetmetadepsspecht_is_subtargetconfig
2020-01-21 10:53:40.593757 | > DO_CALL (0.001s wait)
.2020-01-21 10:53:40.600929 | eval'd: drake::cmq_buildtargetmetadepsspecht_is_subtargetconfig
2020-01-21 10:53:45.185397 | > DO_CALL (0.001s wait)
.2020-01-21 10:53:45.191622 | eval'd: drake::cmq_buildtargetmetadepsspecht_is_subtargetconfig
2020-01-21 10:53:49.650349 | > DO_CALL (0.001s wait)
.2020-01-21 10:53:49.656582 | eval'd: drake::cmq_buildtargetmetadepsspecht_is_subtargetconfig
2020-01-21 10:53:53.984468 | > DO_CALL (0.001s wait)
.2020-01-21 10:53:53.990828 | eval'd: drake::cmq_buildtargetmetadepsspecht_is_subtargetconfig
2020-01-21 10:53:58.095777 | > DO_CALL (0.000s wait)
.2020-01-21 10:53:58.101594 | eval'd: drake::cmq_buildtargetmetadepsspecht_is_subtargetconfig
2020-01-21 10:54:02.344567 | > DO_CALL (0.001s wait)
.2020-01-21 10:54:02.351293 | eval'd: drake::cmq_buildtargetmetadepsspecht_is_subtargetconfig
2020-01-21 10:54:06.957748 | > DO_CALL (0.000s wait)
.2020-01-21 10:54:06.963251 | eval'd: drake::cmq_buildtargetmetadepsspecht_is_subtargetconfig
2020-01-21 10:54:11.409539 | > DO_CALL (0.001s wait)
.2020-01-21 10:54:11.416054 | eval'd: drake::cmq_buildtargetmetadepsspecht_is_subtargetconfig
2020-01-21 10:54:15.913627 | > DO_CALL (0.001s wait)
.2020-01-21 10:54:15.921094 | eval'd: drake::cmq_buildtargetmetadepsspecht_is_subtargetconfig
2020-01-21 10:54:20.243048 | > DO_CALL (0.001s wait)
.2020-01-21 10:54:20.249737 | eval'd: drake::cmq_buildtargetmetadepsspecht_is_subtargetconfig
2020-01-21 10:54:25.572970 | > DO_CALL (0.000s wait)
.2020-01-21 10:54:25.578310 | eval'd: drake::cmq_buildtargetmetadepsspecht_is_subtargetconfig
2020-01-21 10:54:32.131141 | > DO_CALL (0.000s wait)
.2020-01-21 10:54:32.139137 | eval'd: drake::cmq_buildtargetmetadepsspecht_is_subtargetconfig
2020-01-21 10:54:36.403786 | > DO_CALL (0.000s wait)
.2020-01-21 10:54:36.409534 | eval'd: drake::cmq_buildtargetmetadepsspecht_is_subtargetconfig
2020-01-21 10:54:40.452697 | > DO_CALL (0.000s wait)
.2020-01-21 10:54:40.457808 | eval'd: drake::cmq_buildtargetmetadepsspecht_is_subtargetconfig
2020-01-21 10:54:44.605797 | > DO_CALL (0.000s wait)
.2020-01-21 10:54:44.610915 | eval'd: drake::cmq_buildtargetmetadepsspecht_is_subtargetconfig
2020-01-21 10:54:48.696782 | > DO_CALL (0.001s wait)
.2020-01-21 10:54:48.703721 | eval'd: drake::cmq_buildtargetmetadepsspecht_is_subtargetconfig
2020-01-21 10:54:52.456907 | > DO_CALL (0.001s wait)
.2020-01-21 10:54:52.475487 | eval'd: drake::cmq_buildtargetmetadepsspecht_is_subtargetconfig
2020-01-21 10:54:56.678517 | > DO_CALL (0.001s wait)
.2020-01-21 10:54:56.684643 | eval'd: drake::cmq_buildtargetmetadepsspecht_is_subtargetconfig
2020-01-21 10:55:00.941299 | > DO_CALL (0.001s wait)
.2020-01-21 10:55:00.946449 | eval'd: drake::cmq_buildtargetmetadepsspecht_is_subtargetconfig
2020-01-21 10:55:05.209707 | > DO_CALL (0.000s wait)
.2020-01-21 10:55:05.214041 | eval'd: drake::cmq_buildtargetmetadepsspecht_is_subtargetconfig
2020-01-21 10:55:09.586861 | > DO_CALL (0.000s wait)
.2020-01-21 10:55:09.591330 | eval'd: drake::cmq_buildtargetmetadepsspecht_is_subtargetconfig
2020-01-21 10:55:13.272770 | > DO_CALL (0.000s wait)
.2020-01-21 10:55:13.277230 | eval'd: drake::cmq_buildtargetmetadepsspecht_is_subtargetconfig
2020-01-21 10:55:17.256281 | > DO_CALL (0.001s wait)
.2020-01-21 10:55:17.262146 | eval'd: drake::cmq_buildtargetmetadepsspecht_is_subtargetconfig
2020-01-21 10:55:21.357093 | > DO_CALL (0.000s wait)
.2020-01-21 10:55:21.361876 | eval'd: drake::cmq_buildtargetmetadepsspecht_is_subtargetconfig
2020-01-21 10:55:25.316718 | > DO_CALL (0.000s wait)
.2020-01-21 10:55:25.321103 | eval'd: drake::cmq_buildtargetmetadepsspecht_is_subtargetconfig
2020-01-21 10:55:29.139541 | > DO_CALL (0.001s wait)
.2020-01-21 10:55:29.145124 | eval'd: drake::cmq_buildtargetmetadepsspecht_is_subtargetconfig
2020-01-21 10:55:36.311626 | > DO_CALL (0.001s wait)
.2020-01-21 10:55:36.320275 | eval'd: drake::cmq_buildtargetmetadepsspecht_is_subtargetconfig
2020-01-21 10:55:41.087602 | > DO_CALL (0.001s wait)
.2020-01-21 10:55:41.093171 | eval'd: drake::cmq_buildtargetmetadepsspecht_is_subtargetconfig
2020-01-21 10:55:45.108761 | > DO_CALL (0.000s wait)
.2020-01-21 10:55:45.112950 | eval'd: drake::cmq_buildtargetmetadepsspecht_is_subtargetconfig
2020-01-21 10:55:49.086451 | > DO_CALL (0.001s wait)
.2020-01-21 10:55:49.091823 | eval'd: drake::cmq_buildtargetmetadepsspecht_is_subtargetconfig
2020-01-21 10:55:53.136492 | > DO_CALL (0.001s wait)
.2020-01-21 10:55:53.142011 | eval'd: drake::cmq_buildtargetmetadepsspecht_is_subtargetconfig
2020-01-21 10:55:57.068387 | > DO_CALL (0.001s wait)
.2020-01-21 10:55:57.074045 | eval'd: drake::cmq_buildtargetmetadepsspecht_is_subtargetconfig
2020-01-21 10:56:00.857638 | > DO_CALL (0.001s wait)
.2020-01-21 10:56:00.863314 | eval'd: drake::cmq_buildtargetmetadepsspecht_is_subtargetconfig
2020-01-21 10:56:04.808884 | > DO_CALL (0.000s wait)
.2020-01-21 10:56:04.813302 | eval'd: drake::cmq_buildtargetmetadepsspecht_is_subtargetconfig
2020-01-21 10:56:08.963804 | > DO_CALL (0.000s wait)
.2020-01-21 10:56:08.968894 | eval'd: drake::cmq_buildtargetmetadepsspecht_is_subtargetconfig
2020-01-21 10:56:13.190879 | > DO_CALL (0.000s wait)
.2020-01-21 10:56:13.195424 | eval'd: drake::cmq_buildtargetmetadepsspecht_is_subtargetconfig
2020-01-21 10:56:17.284037 | > DO_CALL (0.000s wait)
.2020-01-21 10:56:17.292383 | eval'd: drake::cmq_buildtargetmetadepsspecht_is_subtargetconfig
2020-01-21 10:56:21.816792 | > DO_CALL (0.000s wait)
.2020-01-21 10:56:21.821045 | eval'd: drake::cmq_buildtargetmetadepsspecht_is_subtargetconfig
2020-01-21 10:56:25.892516 | > DO_CALL (0.001s wait)
.2020-01-21 10:56:25.898484 | eval'd: drake::cmq_buildtargetmetadepsspecht_is_subtargetconfig
2020-01-21 10:56:30.208376 | > DO_CALL (0.001s wait)
.2020-01-21 10:56:30.213646 | eval'd: drake::cmq_buildtargetmetadepsspecht_is_subtargetconfig
2020-01-21 10:56:36.437448 | > DO_CALL (0.001s wait)
.2020-01-21 10:56:36.445389 | eval'd: drake::cmq_buildtargetmetadepsspecht_is_subtargetconfig
2020-01-21 10:56:40.314965 | > DO_CALL (0.000s wait)
.2020-01-21 10:56:40.319602 | eval'd: drake::cmq_buildtargetmetadepsspecht_is_subtargetconfig
2020-01-21 10:56:45.098976 | > DO_CALL (0.000s wait)
.2020-01-21 10:56:45.103660 | eval'd: drake::cmq_buildtargetmetadepsspecht_is_subtargetconfig
2020-01-21 10:56:49.213536 | > DO_CALL (0.001s wait)
.2020-01-21 10:56:49.218918 | eval'd: drake::cmq_buildtargetmetadepsspecht_is_subtargetconfig
2020-01-21 10:56:52.902896 | > DO_CALL (0.000s wait)
.2020-01-21 10:56:52.907453 | eval'd: drake::cmq_buildtargetmetadepsspecht_is_subtargetconfig
2020-01-21 10:56:56.835224 | > DO_CALL (0.000s wait)
.2020-01-21 10:56:56.840868 | eval'd: drake::cmq_buildtargetmetadepsspecht_is_subtargetconfig
2020-01-21 10:57:01.348403 | > DO_CALL (0.001s wait)
.2020-01-21 10:57:01.353757 | eval'd: drake::cmq_buildtargetmetadepsspecht_is_subtargetconfig
2020-01-21 10:57:05.826438 | > DO_CALL (0.001s wait)
.2020-01-21 10:57:05.831885 | eval'd: drake::cmq_buildtargetmetadepsspecht_is_subtargetconfig
2020-01-21 10:57:09.840644 | > DO_CALL (0.001s wait)
.2020-01-21 10:57:09.846240 | eval'd: drake::cmq_buildtargetmetadepsspecht_is_subtargetconfig
2020-01-21 10:57:13.821597 | > DO_CALL (0.001s wait)
.2020-01-21 10:57:13.827133 | eval'd: drake::cmq_buildtargetmetadepsspecht_is_subtargetconfig
2020-01-21 10:57:17.827908 | > DO_CALL (0.000s wait)
.2020-01-21 10:57:17.832544 | eval'd: drake::cmq_buildtargetmetadepsspecht_is_subtargetconfig
2020-01-21 10:57:22.510071 | > DO_CALL (0.000s wait)
.2020-01-21 10:57:22.514816 | eval'd: drake::cmq_buildtargetmetadepsspecht_is_subtargetconfig
2020-01-21 10:57:26.668624 | > DO_CALL (0.000s wait)
.2020-01-21 10:57:26.673379 | eval'd: drake::cmq_buildtargetmetadepsspecht_is_subtargetconfig
2020-01-21 10:57:30.822090 | > DO_CALL (0.000s wait)
.2020-01-21 10:57:30.826984 | eval'd: drake::cmq_buildtargetmetadepsspecht_is_subtargetconfig
2020-01-21 10:57:34.592541 | > DO_CALL (0.001s wait)
.2020-01-21 10:57:34.597876 | eval'd: drake::cmq_buildtargetmetadepsspecht_is_subtargetconfig
2020-01-21 10:57:40.441438 | > DO_CALL (0.001s wait)
.2020-01-21 10:57:40.458585 | eval'd: drake::cmq_buildtargetmetadepsspecht_is_subtargetconfig
2020-01-21 10:57:44.754751 | > DO_CALL (0.000s wait)
.2020-01-21 10:57:44.758974 | eval'd: drake::cmq_buildtargetmetadepsspecht_is_subtargetconfig
2020-01-21 10:57:48.513154 | > DO_CALL (0.000s wait)
.2020-01-21 10:57:48.518087 | eval'd: drake::cmq_buildtargetmetadepsspecht_is_subtargetconfig
2020-01-21 10:57:52.874974 | > DO_CALL (0.000s wait)
.2020-01-21 10:57:52.879427 | eval'd: drake::cmq_buildtargetmetadepsspecht_is_subtargetconfig
2020-01-21 10:57:57.022683 | > DO_CALL (0.000s wait)
.2020-01-21 10:57:57.027427 | eval'd: drake::cmq_buildtargetmetadepsspecht_is_subtargetconfig
2020-01-21 10:58:01.713887 | > DO_CALL (0.000s wait)
.2020-01-21 10:58:01.718513 | eval'd: drake::cmq_buildtargetmetadepsspecht_is_subtargetconfig
2020-01-21 10:58:05.686986 | > DO_CALL (0.000s wait)
.2020-01-21 10:58:05.691522 | eval'd: drake::cmq_buildtargetmetadepsspecht_is_subtargetconfig
2020-01-21 10:58:09.660915 | > DO_CALL (0.001s wait)
.2020-01-21 10:58:09.666605 | eval'd: drake::cmq_buildtargetmetadepsspecht_is_subtargetconfig
2020-01-21 10:58:13.538352 | > DO_CALL (0.001s wait)
.2020-01-21 10:58:13.543596 | eval'd: drake::cmq_buildtargetmetadepsspecht_is_subtargetconfig
2020-01-21 10:58:17.243095 | > DO_CALL (0.000s wait)
.2020-01-21 10:58:17.249147 | eval'd: drake::cmq_buildtargetmetadepsspecht_is_subtargetconfig
2020-01-21 10:58:21.043922 | > DO_CALL (0.000s wait)
.2020-01-21 10:58:21.048645 | eval'd: drake::cmq_buildtargetmetadepsspecht_is_subtargetconfig
2020-01-21 10:58:25.157696 | > DO_CALL (0.000s wait)
.2020-01-21 10:58:25.162039 | eval'd: drake::cmq_buildtargetmetadepsspecht_is_subtargetconfig
2020-01-21 10:58:28.915515 | > DO_CALL (0.001s wait)
.2020-01-21 10:58:28.921165 | eval'd: drake::cmq_buildtargetmetadepsspecht_is_subtargetconfig
2020-01-21 10:58:32.506107 | > DO_CALL (0.000s wait)
.2020-01-21 10:58:32.510920 | eval'd: drake::cmq_buildtargetmetadepsspecht_is_subtargetconfig
2020-01-21 10:58:36.470392 | > DO_CALL (0.001s wait)
.2020-01-21 10:58:36.476324 | eval'd: drake::cmq_buildtargetmetadepsspecht_is_subtargetconfig
2020-01-21 10:58:42.657658 | > DO_CALL (0.000s wait)
.2020-01-21 10:58:42.663789 | eval'd: drake::cmq_buildtargetmetadepsspecht_is_subtargetconfig
2020-01-21 10:58:46.574026 | > DO_CALL (0.000s wait)
.2020-01-21 10:58:46.579237 | eval'd: drake::cmq_buildtargetmetadepsspecht_is_subtargetconfig
2020-01-21 10:58:50.340872 | > DO_CALL (0.000s wait)
.2020-01-21 10:58:50.345313 | eval'd: drake::cmq_buildtargetmetadepsspecht_is_subtargetconfig
2020-01-21 10:58:54.576429 | > DO_CALL (0.001s wait)
.2020-01-21 10:58:54.581595 | eval'd: drake::cmq_buildtargetmetadepsspecht_is_subtargetconfig
2020-01-21 10:58:59.331706 | > DO_CALL (0.000s wait)
.2020-01-21 10:58:59.335811 | eval'd: drake::cmq_buildtargetmetadepsspecht_is_subtargetconfig
2020-01-21 10:59:03.434728 | > DO_CALL (0.000s wait)
.2020-01-21 10:59:03.438824 | eval'd: drake::cmq_buildtargetmetadepsspecht_is_subtargetconfig
2020-01-21 10:59:07.300978 | > DO_CALL (0.000s wait)
.2020-01-21 10:59:07.306077 | eval'd: drake::cmq_buildtargetmetadepsspecht_is_subtargetconfig
2020-01-21 10:59:11.193711 | > DO_CALL (0.000s wait)
.
2020-01-21 10:59:11.198043 | eval'd: drake::cmq_buildtargetmetadepsspecht_is_subtargetconfig
2020-01-21 10:59:15.122319 | > DO_CALL (0.001s wait)
.2020-01-21 10:59:15.127438 | eval'd: drake::cmq_buildtargetmetadepsspecht_is_subtargetconfig
2020-01-21 10:59:19.041806 | > DO_CALL (0.000s wait)
.2020-01-21 10:59:19.046241 | eval'd: drake::cmq_buildtargetmetadepsspecht_is_subtargetconfig
2020-01-21 10:59:23.088757 | > DO_CALL (0.000s wait)
.2020-01-21 10:59:23.093056 | eval'd: drake::cmq_buildtargetmetadepsspecht_is_subtargetconfig
2020-01-21 10:59:27.187878 | > DO_CALL (0.000s wait)
.2020-01-21 10:59:27.192761 | eval'd: drake::cmq_buildtargetmetadepsspecht_is_subtargetconfig
2020-01-21 10:59:31.711635 | > DO_CALL (0.001s wait)
.2020-01-21 10:59:31.717262 | eval'd: drake::cmq_buildtargetmetadepsspecht_is_subtargetconfig
2020-01-21 10:59:35.413773 | > DO_CALL (0.000s wait)
.2020-01-21 10:59:35.418095 | eval'd: drake::cmq_buildtargetmetadepsspecht_is_subtargetconfig
2020-01-21 10:59:39.233032 | > DO_CALL (0.000s wait)
.2020-01-21 10:59:39.237595 | eval'd: drake::cmq_buildtargetmetadepsspecht_is_subtargetconfig
2020-01-21 10:59:43.065678 | > DO_CALL (0.000s wait)
.2020-01-21 10:59:43.071953 | eval'd: drake::cmq_buildtargetmetadepsspecht_is_subtargetconfig
2020-01-21 10:59:49.409731 | > DO_CALL (0.000s wait)
.2020-01-21 10:59:49.414614 | eval'd: drake::cmq_buildtargetmetadepsspecht_is_subtargetconfig
2020-01-21 10:59:53.101833 | > DO_CALL (0.000s wait)
.2020-01-21 10:59:53.106096 | eval'd: drake::cmq_buildtargetmetadepsspecht_is_subtargetconfig
2020-01-21 10:59:56.937235 | > DO_CALL (0.000s wait)
.2020-01-21 10:59:56.942788 | eval'd: drake::cmq_buildtargetmetadepsspecht_is_subtargetconfig
2020-01-21 11:00:00.796889 | > DO_CALL (0.001s wait)
.2020-01-21 11:00:00.802818 | eval'd: drake::cmq_buildtargetmetadepsspecht_is_subtargetconfig
2020-01-21 11:00:04.627106 | > DO_CALL (0.000s wait)
.2020-01-21 11:00:04.631953 | eval'd: drake::cmq_buildtargetmetadepsspecht_is_subtargetconfig
2020-01-21 11:00:08.183632 | > DO_CALL (0.001s wait)
.2020-01-21 11:00:08.202343 | eval'd: drake::cmq_buildtargetmetadepsspecht_is_subtargetconfig
2020-01-21 11:00:11.700945 | > DO_CALL (0.000s wait)
.2020-01-21 11:00:11.705352 | eval'd: drake::cmq_buildtargetmetadepsspecht_is_subtargetconfig
2020-01-21 11:00:15.546863 | > DO_CALL (0.000s wait)
.2020-01-21 11:00:15.551180 | eval'd: drake::cmq_buildtargetmetadepsspecht_is_subtargetconfig
2020-01-21 11:00:19.192240 | > DO_CALL (0.001s wait)
.2020-01-21 11:00:19.197236 | eval'd: drake::cmq_buildtargetmetadepsspecht_is_subtargetconfig
2020-01-21 11:00:23.230885 | > DO_CALL (0.000s wait)
.2020-01-21 11:00:23.235229 | eval'd: drake::cmq_buildtargetmetadepsspecht_is_subtargetconfig
2020-01-21 11:00:27.053731 | > DO_CALL (0.000s wait)
.2020-01-21 11:00:27.058613 | eval'd: drake::cmq_buildtargetmetadepsspecht_is_subtargetconfig
2020-01-21 11:00:31.705950 | > DO_CALL (0.000s wait)
.2020-01-21 11:00:31.710206 | eval'd: drake::cmq_buildtargetmetadepsspecht_is_subtargetconfig
2020-01-21 11:00:35.623243 | > DO_CALL (0.001s wait)
.2020-01-21 11:00:35.627928 | eval'd: drake::cmq_buildtargetmetadepsspecht_is_subtargetconfig
2020-01-21 11:00:39.661673 | > DO_CALL (0.001s wait)
.2020-01-21 11:00:39.667194 | eval'd: drake::cmq_buildtargetmetadepsspecht_is_subtargetconfig
2020-01-21 11:00:43.424919 | > DO_CALL (0.000s wait)
.2020-01-21 11:00:43.431192 | eval'd: drake::cmq_buildtargetmetadepsspecht_is_subtargetconfig
2020-01-21 11:00:49.030256 | > DO_CALL (0.001s wait)
.2020-01-21 11:00:49.035736 | eval'd: drake::cmq_buildtargetmetadepsspecht_is_subtargetconfig
2020-01-21 11:00:52.979973 | > DO_CALL (0.000s wait)
.2020-01-21 11:00:52.984427 | eval'd: drake::cmq_buildtargetmetadepsspecht_is_subtargetconfig
2020-01-21 11:00:57.127963 | > DO_CALL (0.000s wait)
.2020-01-21 11:00:57.133099 | eval'd: drake::cmq_buildtargetmetadepsspecht_is_subtargetconfig
2020-01-21 11:01:00.905088 | > DO_CALL (0.000s wait)
.2020-01-21 11:01:00.909697 | eval'd: drake::cmq_buildtargetmetadepsspecht_is_subtargetconfig
2020-01-21 11:01:05.636260 | > DO_CALL (0.001s wait)
.2020-01-21 11:01:05.641222 | eval'd: drake::cmq_buildtargetmetadepsspecht_is_subtargetconfig
2020-01-21 11:01:09.614985 | > DO_CALL (0.000s wait)
.2020-01-21 11:01:09.619539 | eval'd: drake::cmq_buildtargetmetadepsspecht_is_subtargetconfig
2020-01-21 11:01:13.621726 | > DO_CALL (0.001s wait)
.2020-01-21 11:01:13.627195 | eval'd: drake::cmq_buildtargetmetadepsspecht_is_subtargetconfig
2020-01-21 11:01:17.672632 | > DO_CALL (0.001s wait)
.2020-01-21 11:01:17.678769 | eval'd: drake::cmq_buildtargetmetadepsspecht_is_subtargetconfig
2020-01-21 11:01:21.360702 | > DO_CALL (0.001s wait)
.2020-01-21 11:01:21.366391 | eval'd: drake::cmq_buildtargetmetadepsspecht_is_subtargetconfig
2020-01-21 11:01:25.056103 | > DO_CALL (0.000s wait)
.2020-01-21 11:01:25.060490 | eval'd: drake::cmq_buildtargetmetadepsspecht_is_subtargetconfig
2020-01-21 11:01:28.795539 | > DO_CALL (0.001s wait)
.2020-01-21 11:01:28.800749 | eval'd: drake::cmq_buildtargetmetadepsspecht_is_subtargetconfig
2020-01-21 11:01:32.498538 | > DO_CALL (0.001s wait)
.2020-01-21 11:01:32.503861 | eval'd: drake::cmq_buildtargetmetadepsspecht_is_subtargetconfig
2020-01-21 11:01:36.780689 | > DO_CALL (0.001s wait)
.2020-01-21 11:01:36.787431 | eval'd: drake::cmq_buildtargetmetadepsspecht_is_subtargetconfig
2020-01-21 11:01:40.496300 | > DO_CALL (0.001s wait)
.2020-01-21 11:01:40.501153 | eval'd: drake::cmq_buildtargetmetadepsspecht_is_subtargetconfig
2020-01-21 11:01:44.054726 | > DO_CALL (0.001s wait)
.2020-01-21 11:01:44.062318 | eval'd: drake::cmq_buildtargetmetadepsspecht_is_subtargetconfig
2020-01-21 11:01:47.768957 | > DO_CALL (0.000s wait)
.2020-01-21 11:01:47.774007 | eval'd: drake::cmq_buildtargetmetadepsspecht_is_subtargetconfig
2020-01-21 11:01:53.462714 | > DO_CALL (0.001s wait)
.2020-01-21 11:01:53.468289 | eval'd: drake::cmq_buildtargetmetadepsspecht_is_subtargetconfig
2020-01-21 11:01:57.283591 | > DO_CALL (0.001s wait)
.2020-01-21 11:01:57.289633 | eval'd: drake::cmq_buildtargetmetadepsspecht_is_subtargetconfig
2020-01-21 11:02:01.236538 | > DO_CALL (0.001s wait)
.2020-01-21 11:02:01.241664 | eval'd: drake::cmq_buildtargetmetadepsspecht_is_subtargetconfig
2020-01-21 11:02:04.856863 | > DO_CALL (0.000s wait)
.2020-01-21 11:02:04.861165 | eval'd: drake::cmq_buildtargetmetadepsspecht_is_subtargetconfig
2020-01-21 11:02:08.502301 | > DO_CALL (0.001s wait)
.2020-01-21 11:02:08.507363 | eval'd: drake::cmq_buildtargetmetadepsspecht_is_subtargetconfig
2020-01-21 11:02:12.270972 | > DO_CALL (0.000s wait)
.2020-01-21 11:02:12.275496 | eval'd: drake::cmq_buildtargetmetadepsspecht_is_subtargetconfig
2020-01-21 11:02:16.164406 | > DO_CALL (0.001s wait)
.2020-01-21 11:02:16.171623 | eval'd: drake::cmq_buildtargetmetadepsspecht_is_subtargetconfig
2020-01-21 11:02:20.019158 | > DO_CALL (0.000s wait)
.2020-01-21 11:02:20.023805 | eval'd: drake::cmq_buildtargetmetadepsspecht_is_subtargetconfig
2020-01-21 11:02:23.858067 | > DO_CALL (0.000s wait)
.2020-01-21 11:02:23.862745 | eval'd: drake::cmq_buildtargetmetadepsspecht_is_subtargetconfig
2020-01-21 11:02:27.533760 | > DO_CALL (0.000s wait)
.2020-01-21 11:02:27.538442 | eval'd: drake::cmq_buildtargetmetadepsspecht_is_subtargetconfig
2020-01-21 11:02:31.098703 | > DO_CALL (0.001s wait)
.2020-01-21 11:02:31.104264 | eval'd: drake::cmq_buildtargetmetadepsspecht_is_subtargetconfig
2020-01-21 11:02:35.735331 | > DO_CALL (0.001s wait)
.2020-01-21 11:02:35.740255 | eval'd: drake::cmq_buildtargetmetadepsspecht_is_subtargetconfig
2020-01-21 11:02:40.081093 | > DO_CALL (0.000s wait)
.2020-01-21 11:02:40.085700 | eval'd: drake::cmq_buildtargetmetadepsspecht_is_subtargetconfig
2020-01-21 11:02:43.791907 | > DO_CALL (0.000s wait)
.2020-01-21 11:02:43.796168 | eval'd: drake::cmq_buildtargetmetadepsspecht_is_subtargetconfig
2020-01-21 11:02:47.619236 | > DO_CALL (0.000s wait)
.2020-01-21 11:02:47.626799 | eval'd: drake::cmq_buildtargetmetadepsspecht_is_subtargetconfig
2020-01-21 11:02:51.339825 | > DO_CALL (0.000s wait)
.2020-01-21 11:02:51.344072 | eval'd: drake::cmq_buildtargetmetadepsspecht_is_subtargetconfig
2020-01-21 11:02:56.733705 | > DO_CALL (0.001s wait)
.2020-01-21 11:02:56.739754 | eval'd: drake::cmq_buildtargetmetadepsspecht_is_subtargetconfig
2020-01-21 11:03:00.262794 | > DO_CALL (0.001s wait)
.2020-01-21 11:03:00.268218 | eval'd: drake::cmq_buildtargetmetadepsspecht_is_subtargetconfig
2020-01-21 11:03:03.930298 | > DO_CALL (0.001s wait)
.2020-01-21 11:03:03.935168 | eval'd: drake::cmq_buildtargetmetadepsspecht_is_subtargetconfig
2020-01-21 11:03:07.536760 | > DO_CALL (0.001s wait)
.2020-01-21 11:03:07.542911 | eval'd: drake::cmq_buildtargetmetadepsspecht_is_subtargetconfig
2020-01-21 11:03:11.221966 | > DO_CALL (0.000s wait)
.2020-01-21 11:03:11.226216 | eval'd: drake::cmq_buildtargetmetadepsspecht_is_subtargetconfig
2020-01-21 11:03:14.969179 | > DO_CALL (0.000s wait)
.2020-01-21 11:03:14.973882 | eval'd: drake::cmq_buildtargetmetadepsspecht_is_subtargetconfig
2020-01-21 11:03:19.403904 | > DO_CALL (0.000s wait)
.2020-01-21 11:03:19.408121 | eval'd: drake::cmq_buildtargetmetadepsspecht_is_subtargetconfig
2020-01-21 11:03:22.878979 | > DO_CALL (0.000s wait)
.2020-01-21 11:03:22.883257 | eval'd: drake::cmq_buildtargetmetadepsspecht_is_subtargetconfig
2020-01-21 11:03:26.309601 | > DO_CALL (0.001s wait)
.2020-01-21 11:03:26.315386 | eval'd: drake::cmq_buildtargetmetadepsspecht_is_subtargetconfig
2020-01-21 11:03:30.390707 | > DO_CALL (0.001s wait)
.2020-01-21 11:03:30.396331 | eval'd: drake::cmq_buildtargetmetadepsspecht_is_subtargetconfig
2020-01-21 11:03:34.957591 | > DO_CALL (0.001s wait)
.2020-01-21 11:03:34.963015 | eval'd: drake::cmq_buildtargetmetadepsspecht_is_subtargetconfig
2020-01-21 11:03:39.199715 | > DO_CALL (0.001s wait)
.2020-01-21 11:03:39.205285 | eval'd: drake::cmq_buildtargetmetadepsspecht_is_subtargetconfig
2020-01-21 11:03:43.715749 | > DO_CALL (0.001s wait)
.2020-01-21 11:03:43.721390 | eval'd: drake::cmq_buildtargetmetadepsspecht_is_subtargetconfig
2020-01-21 11:03:47.340013 | > DO_CALL (0.000s wait)
.2020-01-21 11:03:47.345005 | eval'd: drake::cmq_buildtargetmetadepsspecht_is_subtargetconfig
2020-01-21 11:03:51.101787 | > DO_CALL (0.001s wait)
.2020-01-21 11:03:51.109682 | eval'd: drake::cmq_buildtargetmetadepsspecht_is_subtargetconfig
2020-01-21 11:03:54.842691 | > DO_CALL (0.001s wait)
.2020-01-21 11:03:54.848342 | eval'd: drake::cmq_buildtargetmetadepsspecht_is_subtargetconfig
2020-01-21 11:04:00.650598 | > DO_CALL (0.001s wait)
.2020-01-21 11:04:00.655982 | eval'd: drake::cmq_buildtargetmetadepsspecht_is_subtargetconfig
2020-01-21 11:04:05.307938 | > DO_CALL (0.000s wait)
.2020-01-21 11:04:05.312259 | eval'd: drake::cmq_buildtargetmetadepsspecht_is_subtargetconfig
2020-01-21 11:04:09.085861 | > DO_CALL (0.001s wait)
.2020-01-21 11:04:09.091334 | eval'd: drake::cmq_buildtargetmetadepsspecht_is_subtargetconfig
2020-01-21 11:04:12.824034 | > DO_CALL (0.000s wait)
.2020-01-21 11:04:12.828231 | eval'd: drake::cmq_buildtargetmetadepsspecht_is_subtargetconfig
2020-01-21 11:04:16.613001 | > DO_CALL (0.001s wait)
.2020-01-21 11:04:16.623672 | eval'd: drake::cmq_buildtargetmetadepsspecht_is_subtargetconfig
2020-01-21 11:04:20.346025 | > DO_CALL (0.001s wait)
.2020-01-21 11:04:20.351777 | eval'd: drake::cmq_buildtargetmetadepsspecht_is_subtargetconfig
2020-01-21 11:04:24.066965 | > DO_CALL (0.000s wait)
.2020-01-21 11:04:24.071268 | eval'd: drake::cmq_buildtargetmetadepsspecht_is_subtargetconfig
2020-01-21 11:04:27.795422 | > DO_CALL (0.001s wait)
.
2020-01-21 11:04:27.801149 | eval'd: drake::cmq_buildtargetmetadepsspecht_is_subtargetconfig
2020-01-21 11:04:31.425107 | > DO_CALL (0.000s wait)
.2020-01-21 11:04:31.429687 | eval'd: drake::cmq_buildtargetmetadepsspecht_is_subtargetconfig
2020-01-21 11:04:35.143127 | > DO_CALL (0.000s wait)
.2020-01-21 11:04:35.147668 | eval'd: drake::cmq_buildtargetmetadepsspecht_is_subtargetconfig
2020-01-21 11:04:38.878894 | > DO_CALL (0.001s wait)
.2020-01-21 11:04:38.884632 | eval'd: drake::cmq_buildtargetmetadepsspecht_is_subtargetconfig
2020-01-21 11:04:43.407143 | > DO_CALL (0.000s wait)
.2020-01-21 11:04:43.411792 | eval'd: drake::cmq_buildtargetmetadepsspecht_is_subtargetconfig
2020-01-21 11:04:47.132034 | > DO_CALL (0.000s wait)
.2020-01-21 11:04:47.137016 | eval'd: drake::cmq_buildtargetmetadepsspecht_is_subtargetconfig
2020-01-21 11:04:50.799077 | > DO_CALL (0.000s wait)
.2020-01-21 11:04:50.803631 | eval'd: drake::cmq_buildtargetmetadepsspecht_is_subtargetconfig
2020-01-21 11:04:54.711110 | > DO_CALL (0.000s wait)
.2020-01-21 11:04:54.717420 | eval'd: drake::cmq_buildtargetmetadepsspecht_is_subtargetconfig
2020-01-21 11:04:59.578967 | > DO_CALL (0.001s wait)
.2020-01-21 11:04:59.585454 | eval'd: drake::cmq_buildtargetmetadepsspecht_is_subtargetconfig
2020-01-21 11:05:03.918997 | > DO_CALL (0.000s wait)
.2020-01-21 11:05:03.923382 | eval'd: drake::cmq_buildtargetmetadepsspecht_is_subtargetconfig
2020-01-21 11:05:07.465881 | > DO_CALL (0.000s wait)
.2020-01-21 11:05:07.482583 | eval'd: drake::cmq_buildtargetmetadepsspecht_is_subtargetconfig
2020-01-21 11:05:11.262962 | > DO_CALL (0.000s wait)
.2020-01-21 11:05:11.267095 | eval'd: drake::cmq_buildtargetmetadepsspecht_is_subtargetconfig
2020-01-21 11:05:14.975854 | > DO_CALL (0.001s wait)
.2020-01-21 11:05:14.981455 | eval'd: drake::cmq_buildtargetmetadepsspecht_is_subtargetconfig
2020-01-21 11:05:19.336071 | > DO_CALL (0.000s wait)
.2020-01-21 11:05:19.340451 | eval'd: drake::cmq_buildtargetmetadepsspecht_is_subtargetconfig
2020-01-21 11:05:22.926261 | > DO_CALL (0.001s wait)
.2020-01-21 11:05:22.930615 | eval'd: drake::cmq_buildtargetmetadepsspecht_is_subtargetconfig
2020-01-21 11:05:26.594426 | > DO_CALL (0.001s wait)
.2020-01-21 11:05:26.599900 | eval'd: drake::cmq_buildtargetmetadepsspecht_is_subtargetconfig
2020-01-21 11:05:30.259888 | > DO_CALL (0.000s wait)
.2020-01-21 11:05:30.264014 | eval'd: drake::cmq_buildtargetmetadepsspecht_is_subtargetconfig
2020-01-21 11:05:34.092704 | > DO_CALL (0.001s wait)
.2020-01-21 11:05:34.098103 | eval'd: drake::cmq_buildtargetmetadepsspecht_is_subtargetconfig
2020-01-21 11:05:37.624494 | > DO_CALL (0.001s wait)
.2020-01-21 11:05:37.629398 | eval'd: drake::cmq_buildtargetmetadepsspecht_is_subtargetconfig
2020-01-21 11:05:41.450231 | > DO_CALL (0.000s wait)
.2020-01-21 11:05:41.454741 | eval'd: drake::cmq_buildtargetmetadepsspecht_is_subtargetconfig
2020-01-21 11:05:45.233314 | > DO_CALL (0.001s wait)
.2020-01-21 11:05:45.237856 | eval'd: drake::cmq_buildtargetmetadepsspecht_is_subtargetconfig
2020-01-21 11:05:49.551135 | > DO_CALL (0.000s wait)
.2020-01-21 11:05:49.555499 | eval'd: drake::cmq_buildtargetmetadepsspecht_is_subtargetconfig
2020-01-21 11:05:53.309248 | > DO_CALL (0.001s wait)
.2020-01-21 11:05:53.313597 | eval'd: drake::cmq_buildtargetmetadepsspecht_is_subtargetconfig
2020-01-21 11:05:56.803567 | > DO_CALL (0.001s wait)
.2020-01-21 11:05:56.811331 | eval'd: drake::cmq_buildtargetmetadepsspecht_is_subtargetconfig
2020-01-21 11:06:00.315966 | > DO_CALL (0.000s wait)
.2020-01-21 11:06:00.320008 | eval'd: drake::cmq_buildtargetmetadepsspecht_is_subtargetconfig
2020-01-21 11:06:05.185523 | > DO_CALL (0.001s wait)
.2020-01-21 11:06:05.190667 | eval'd: drake::cmq_buildtargetmetadepsspecht_is_subtargetconfig
2020-01-21 11:06:08.698701 | > DO_CALL (0.001s wait)
.2020-01-21 11:06:08.703998 | eval'd: drake::cmq_buildtargetmetadepsspecht_is_subtargetconfig
2020-01-21 11:06:12.277349 | > DO_CALL (0.001s wait)
.2020-01-21 11:06:12.281886 | eval'd: drake::cmq_buildtargetmetadepsspecht_is_subtargetconfig
2020-01-21 11:06:16.237299 | > DO_CALL (0.001s wait)
.2020-01-21 11:06:16.242603 | eval'd: drake::cmq_buildtargetmetadepsspecht_is_subtargetconfig
2020-01-21 11:06:20.549971 | > DO_CALL (0.000s wait)
.2020-01-21 11:06:20.554073 | eval'd: drake::cmq_buildtargetmetadepsspecht_is_subtargetconfig
2020-01-21 11:06:23.929132 | > DO_CALL (0.000s wait)
.2020-01-21 11:06:23.933429 | eval'd: drake::cmq_buildtargetmetadepsspecht_is_subtargetconfig
2020-01-21 11:06:27.533978 | > DO_CALL (0.000s wait)
.2020-01-21 11:06:27.538753 | eval'd: drake::cmq_buildtargetmetadepsspecht_is_subtargetconfig
2020-01-21 11:06:31.177198 | > DO_CALL (0.000s wait)
.2020-01-21 11:06:31.181508 | eval'd: drake::cmq_buildtargetmetadepsspecht_is_subtargetconfig
2020-01-21 11:06:34.921568 | > DO_CALL (0.001s wait)
.2020-01-21 11:06:34.926641 | eval'd: drake::cmq_buildtargetmetadepsspecht_is_subtargetconfig
2020-01-21 11:06:38.554116 | > DO_CALL (0.000s wait)
.2020-01-21 11:06:38.558464 | eval'd: drake::cmq_buildtargetmetadepsspecht_is_subtargetconfig
2020-01-21 11:06:42.159270 | > DO_CALL (0.001s wait)
.2020-01-21 11:06:42.163738 | eval'd: drake::cmq_buildtargetmetadepsspecht_is_subtargetconfig
2020-01-21 11:06:45.729030 | > DO_CALL (0.000s wait)
.2020-01-21 11:06:45.733283 | eval'd: drake::cmq_buildtargetmetadepsspecht_is_subtargetconfig
2020-01-21 11:06:49.949854 | > DO_CALL (0.001s wait)
.2020-01-21 11:06:49.955348 | eval'd: drake::cmq_buildtargetmetadepsspecht_is_subtargetconfig
2020-01-21 11:06:53.644376 | > DO_CALL (0.001s wait)
.2020-01-21 11:06:53.648990 | eval'd: drake::cmq_buildtargetmetadepsspecht_is_subtargetconfig
2020-01-21 11:06:57.278701 | > DO_CALL (0.001s wait)
.2020-01-21 11:06:57.286494 | eval'd: drake::cmq_buildtargetmetadepsspecht_is_subtargetconfig
2020-01-21 11:07:01.051656 | > DO_CALL (0.001s wait)
.2020-01-21 11:07:01.056768 | eval'd: drake::cmq_buildtargetmetadepsspecht_is_subtargetconfig
2020-01-21 11:07:06.805185 | > DO_CALL (0.000s wait)
.2020-01-21 11:07:06.810295 | eval'd: drake::cmq_buildtargetmetadepsspecht_is_subtargetconfig
2020-01-21 11:07:10.384883 | > DO_CALL (0.001s wait)
.2020-01-21 11:07:10.390663 | eval'd: drake::cmq_buildtargetmetadepsspecht_is_subtargetconfig
2020-01-21 11:07:13.790942 | > DO_CALL (0.001s wait)
.2020-01-21 11:07:13.796748 | eval'd: drake::cmq_buildtargetmetadepsspecht_is_subtargetconfig
2020-01-21 11:07:17.192247 | > DO_CALL (0.001s wait)
.2020-01-21 11:07:17.197457 | eval'd: drake::cmq_buildtargetmetadepsspecht_is_subtargetconfig
2020-01-21 11:07:20.675275 | > DO_CALL (0.001s wait)
.2020-01-21 11:07:20.679953 | eval'd: drake::cmq_buildtargetmetadepsspecht_is_subtargetconfig
2020-01-21 11:07:24.151961 | > DO_CALL (0.001s wait)
.2020-01-21 11:07:24.157668 | eval'd: drake::cmq_buildtargetmetadepsspecht_is_subtargetconfig
2020-01-21 11:07:28.443049 | > DO_CALL (0.000s wait)
.2020-01-21 11:07:28.447235 | eval'd: drake::cmq_buildtargetmetadepsspecht_is_subtargetconfig
2020-01-21 11:07:32.064912 | > DO_CALL (0.001s wait)
.2020-01-21 11:07:32.070500 | eval'd: drake::cmq_buildtargetmetadepsspecht_is_subtargetconfig
2020-01-21 11:07:35.575310 | > DO_CALL (0.001s wait)
.2020-01-21 11:07:35.580065 | eval'd: drake::cmq_buildtargetmetadepsspecht_is_subtargetconfig
2020-01-21 11:07:39.098957 | > DO_CALL (0.000s wait)
.2020-01-21 11:07:39.103239 | eval'd: drake::cmq_buildtargetmetadepsspecht_is_subtargetconfig
2020-01-21 11:07:42.767987 | > DO_CALL (0.000s wait)
.2020-01-21 11:07:42.772313 | eval'd: drake::cmq_buildtargetmetadepsspecht_is_subtargetconfig
2020-01-21 11:07:46.399923 | > DO_CALL (0.001s wait)
.2020-01-21 11:07:46.406088 | eval'd: drake::cmq_buildtargetmetadepsspecht_is_subtargetconfig
2020-01-21 11:07:50.103943 | > DO_CALL (0.001s wait)
.2020-01-21 11:07:50.109471 | eval'd: drake::cmq_buildtargetmetadepsspecht_is_subtargetconfig
2020-01-21 11:07:54.117986 | > DO_CALL (0.000s wait)
.2020-01-21 11:07:54.122221 | eval'd: drake::cmq_buildtargetmetadepsspecht_is_subtargetconfig
2020-01-21 11:07:58.500613 | > DO_CALL (0.001s wait)
.2020-01-21 11:07:58.507820 | eval'd: drake::cmq_buildtargetmetadepsspecht_is_subtargetconfig
2020-01-21 11:08:02.032124 | > DO_CALL (0.000s wait)
.2020-01-21 11:08:02.036458 | eval'd: drake::cmq_buildtargetmetadepsspecht_is_subtargetconfig
2020-01-21 11:08:05.725177 | > DO_CALL (0.000s wait)
.2020-01-21 11:08:05.729654 | eval'd: drake::cmq_buildtargetmetadepsspecht_is_subtargetconfig
2020-01-21 11:08:11.204075 | > DO_CALL (0.000s wait)
.2020-01-21 11:08:11.208242 | eval'd: drake::cmq_buildtargetmetadepsspecht_is_subtargetconfig
2020-01-21 11:08:14.708036 | > DO_CALL (0.000s wait)
.2020-01-21 11:08:14.712334 | eval'd: drake::cmq_buildtargetmetadepsspecht_is_subtargetconfig
2020-01-21 11:08:18.221954 | > DO_CALL (0.001s wait)
.2020-01-21 11:08:18.228094 | eval'd: drake::cmq_buildtargetmetadepsspecht_is_subtargetconfig
2020-01-21 11:08:21.773614 | > DO_CALL (0.001s wait)
.2020-01-21 11:08:21.778701 | eval'd: drake::cmq_buildtargetmetadepsspecht_is_subtargetconfig
2020-01-21 11:08:25.297436 | > DO_CALL (0.001s wait)
.2020-01-21 11:08:25.302215 | eval'd: drake::cmq_buildtargetmetadepsspecht_is_subtargetconfig
2020-01-21 11:08:28.860006 | > DO_CALL (0.000s wait)
.2020-01-21 11:08:28.864245 | eval'd: drake::cmq_buildtargetmetadepsspecht_is_subtargetconfig
2020-01-21 11:08:32.312014 | > DO_CALL (0.000s wait)
.2020-01-21 11:08:32.317083 | eval'd: drake::cmq_buildtargetmetadepsspecht_is_subtargetconfig
2020-01-21 11:08:36.894463 | > DO_CALL (0.001s wait)
.2020-01-21 11:08:36.899920 | eval'd: drake::cmq_buildtargetmetadepsspecht_is_subtargetconfig
2020-01-21 11:08:40.541433 | > DO_CALL (0.001s wait)
.2020-01-21 11:08:40.546422 | eval'd: drake::cmq_buildtargetmetadepsspecht_is_subtargetconfig
2020-01-21 11:08:44.169995 | > DO_CALL (0.000s wait)
.2020-01-21 11:08:44.174183 | eval'd: drake::cmq_buildtargetmetadepsspecht_is_subtargetconfig
2020-01-21 11:08:47.908109 | > DO_CALL (0.000s wait)
.2020-01-21 11:08:47.912294 | eval'd: drake::cmq_buildtargetmetadepsspecht_is_subtargetconfig
2020-01-21 11:08:51.387807 | > DO_CALL (0.001s wait)
.2020-01-21 11:08:51.393497 | eval'd: drake::cmq_buildtargetmetadepsspecht_is_subtargetconfig
2020-01-21 11:08:55.312803 | > DO_CALL (0.001s wait)
.2020-01-21 11:08:55.318261 | eval'd: drake::cmq_buildtargetmetadepsspecht_is_subtargetconfig
2020-01-21 11:08:58.985662 | > DO_CALL (0.001s wait)
.2020-01-21 11:08:58.992523 | eval'd: drake::cmq_buildtargetmetadepsspecht_is_subtargetconfig
2020-01-21 11:09:02.824824 | > DO_CALL (0.001s wait)
.2020-01-21 11:09:02.830464 | eval'd: drake::cmq_buildtargetmetadepsspecht_is_subtargetconfig
2020-01-21 11:09:06.517093 | > DO_CALL (0.000s wait)
.2020-01-21 11:09:06.525241 | eval'd: drake::cmq_buildtargetmetadepsspecht_is_subtargetconfig
2020-01-21 11:09:12.176384 | > DO_CALL (0.001s wait)
.2020-01-21 11:09:12.181856 | eval'd: drake::cmq_buildtargetmetadepsspecht_is_subtargetconfig
2020-01-21 11:09:15.675087 | > DO_CALL (0.000s wait)
.2020-01-21 11:09:15.679662 | eval'd: drake::cmq_buildtargetmetadepsspecht_is_subtargetconfig
2020-01-21 11:09:19.121081 | > DO_CALL (0.000s wait)
.2020-01-21 11:09:19.125945 | eval'd: drake::cmq_buildtargetmetadepsspecht_is_subtargetconfig
2020-01-21 11:09:22.506411 | > DO_CALL (0.001s wait)
.2020-01-21 11:09:22.511646 | eval'd: drake::cmq_buildtargetmetadepsspecht_is_subtargetconfig
2020-01-21 11:09:26.120358 | > DO_CALL (0.001s wait)
.2020-01-21 11:09:26.126204 | eval'd: drake::cmq_buildtargetmetadepsspecht_is_subtargetconfig
2020-01-21 11:09:29.915576 | > DO_CALL (0.001s wait)
.
2020-01-21 11:09:29.921305 | eval'd: drake::cmq_buildtargetmetadepsspecht_is_subtargetconfig
2020-01-21 11:09:33.643282 | > DO_CALL (0.001s wait)
.2020-01-21 11:09:33.648211 | eval'd: drake::cmq_buildtargetmetadepsspecht_is_subtargetconfig
2020-01-21 11:09:37.337238 | > DO_CALL (0.000s wait)
.2020-01-21 11:09:37.346225 | eval'd: drake::cmq_buildtargetmetadepsspecht_is_subtargetconfig
2020-01-21 11:09:41.840157 | > DO_CALL (0.000s wait)
.2020-01-21 11:09:41.844740 | eval'd: drake::cmq_buildtargetmetadepsspecht_is_subtargetconfig
2020-01-21 11:09:45.528048 | > DO_CALL (0.000s wait)
.2020-01-21 11:09:45.532529 | eval'd: drake::cmq_buildtargetmetadepsspecht_is_subtargetconfig
2020-01-21 11:09:49.042237 | > DO_CALL (0.001s wait)
.2020-01-21 11:09:49.048732 | eval'd: drake::cmq_buildtargetmetadepsspecht_is_subtargetconfig
2020-01-21 11:09:52.493083 | > DO_CALL (0.000s wait)
.2020-01-21 11:09:52.497651 | eval'd: drake::cmq_buildtargetmetadepsspecht_is_subtargetconfig
2020-01-21 11:09:56.054690 | > DO_CALL (0.001s wait)
.2020-01-21 11:09:56.061125 | eval'd: drake::cmq_buildtargetmetadepsspecht_is_subtargetconfig
2020-01-21 11:10:00.084063 | > DO_CALL (0.000s wait)
.2020-01-21 11:10:00.090742 | eval'd: drake::cmq_buildtargetmetadepsspecht_is_subtargetconfig
2020-01-21 11:10:03.542958 | > DO_CALL (0.001s wait)
.2020-01-21 11:10:03.572472 | eval'd: drake::cmq_buildtargetmetadepsspecht_is_subtargetconfig
2020-01-21 11:10:07.014825 | > DO_CALL (0.001s wait)
.2020-01-21 11:10:07.020911 | eval'd: drake::cmq_buildtargetmetadepsspecht_is_subtargetconfig
2020-01-21 11:10:10.505048 | > DO_CALL (0.001s wait)
.2020-01-21 11:10:10.511135 | eval'd: drake::cmq_buildtargetmetadepsspecht_is_subtargetconfig
2020-01-21 11:10:15.778911 | > DO_CALL (0.001s wait)
.2020-01-21 11:10:15.784709 | eval'd: drake::cmq_buildtargetmetadepsspecht_is_subtargetconfig
2020-01-21 11:10:19.266489 | > DO_CALL (0.001s wait)
.2020-01-21 11:10:19.271620 | eval'd: drake::cmq_buildtargetmetadepsspecht_is_subtargetconfig
2020-01-21 11:10:22.883066 | > DO_CALL (0.001s wait)
.2020-01-21 11:10:22.889216 | eval'd: drake::cmq_buildtargetmetadepsspecht_is_subtargetconfig
2020-01-21 11:10:26.368617 | > DO_CALL (0.001s wait)
.2020-01-21 11:10:26.375268 | eval'd: drake::cmq_buildtargetmetadepsspecht_is_subtargetconfig
2020-01-21 11:10:29.899180 | > DO_CALL (0.000s wait)
.2020-01-21 11:10:29.904036 | eval'd: drake::cmq_buildtargetmetadepsspecht_is_subtargetconfig
2020-01-21 11:10:33.474466 | > DO_CALL (0.001s wait)
.2020-01-21 11:10:33.479550 | eval'd: drake::cmq_buildtargetmetadepsspecht_is_subtargetconfig
2020-01-21 11:10:37.152901 | > DO_CALL (0.001s wait)
.2020-01-21 11:10:37.158689 | eval'd: drake::cmq_buildtargetmetadepsspecht_is_subtargetconfig
2020-01-21 11:10:40.784540 | > DO_CALL (0.001s wait)
.2020-01-21 11:10:40.789640 | eval'd: drake::cmq_buildtargetmetadepsspecht_is_subtargetconfig
2020-01-21 11:10:44.293058 | > DO_CALL (0.000s wait)
.2020-01-21 11:10:44.297585 | eval'd: drake::cmq_buildtargetmetadepsspecht_is_subtargetconfig
2020-01-21 11:10:47.935483 | > DO_CALL (0.001s wait)
.2020-01-21 11:10:47.941145 | eval'd: drake::cmq_buildtargetmetadepsspecht_is_subtargetconfig
2020-01-21 11:10:51.370146 | > DO_CALL (0.000s wait)
.2020-01-21 11:10:51.374752 | eval'd: drake::cmq_buildtargetmetadepsspecht_is_subtargetconfig
2020-01-21 11:10:55.755023 | > DO_CALL (0.001s wait)
.2020-01-21 11:10:55.761067 | eval'd: drake::cmq_buildtargetmetadepsspecht_is_subtargetconfig
2020-01-21 11:10:59.404248 | > DO_CALL (0.001s wait)
.2020-01-21 11:10:59.409028 | eval'd: drake::cmq_buildtargetmetadepsspecht_is_subtargetconfig
2020-01-21 11:11:03.688091 | > DO_CALL (0.000s wait)
.2020-01-21 11:11:03.695824 | eval'd: drake::cmq_buildtargetmetadepsspecht_is_subtargetconfig
2020-01-21 11:11:07.243393 | > DO_CALL (0.001s wait)
.2020-01-21 11:11:07.249921 | eval'd: drake::cmq_buildtargetmetadepsspecht_is_subtargetconfig
2020-01-21 11:11:10.850144 | > DO_CALL (0.000s wait)
.2020-01-21 11:11:10.856338 | eval'd: drake::cmq_buildtargetmetadepsspecht_is_subtargetconfig
2020-01-21 11:11:14.588156 | > DO_CALL (0.000s wait)
.2020-01-21 11:11:14.592898 | eval'd: drake::cmq_buildtargetmetadepsspecht_is_subtargetconfig
2020-01-21 11:11:20.020941 | > DO_CALL (0.001s wait)
.2020-01-21 11:11:20.027746 | eval'd: drake::cmq_buildtargetmetadepsspecht_is_subtargetconfig
2020-01-21 11:11:23.516676 | > DO_CALL (0.001s wait)
.2020-01-21 11:11:23.522406 | eval'd: drake::cmq_buildtargetmetadepsspecht_is_subtargetconfig
2020-01-21 11:11:27.131028 | > DO_CALL (0.001s wait)
.2020-01-21 11:11:27.137156 | eval'd: drake::cmq_buildtargetmetadepsspecht_is_subtargetconfig
2020-01-21 11:11:30.628094 | > DO_CALL (0.000s wait)
.2020-01-21 11:11:30.634246 | eval'd: drake::cmq_buildtargetmetadepsspecht_is_subtargetconfig
2020-01-21 11:11:34.247036 | > DO_CALL (0.000s wait)
.2020-01-21 11:11:34.251563 | eval'd: drake::cmq_buildtargetmetadepsspecht_is_subtargetconfig
2020-01-21 11:11:38.050366 | > DO_CALL (0.001s wait)
.2020-01-21 11:11:38.055915 | eval'd: drake::cmq_buildtargetmetadepsspecht_is_subtargetconfig
2020-01-21 11:11:41.784046 | > DO_CALL (0.000s wait)
.2020-01-21 11:11:41.788621 | eval'd: drake::cmq_buildtargetmetadepsspecht_is_subtargetconfig
2020-01-21 11:11:45.445891 | > DO_CALL (0.001s wait)
.2020-01-21 11:11:45.451240 | eval'd: drake::cmq_buildtargetmetadepsspecht_is_subtargetconfig
2020-01-21 11:11:49.020435 | > DO_CALL (0.001s wait)
.2020-01-21 11:11:49.025418 | eval'd: drake::cmq_buildtargetmetadepsspecht_is_subtargetconfig
2020-01-21 11:11:52.490693 | > DO_CALL (0.001s wait)
.2020-01-21 11:11:52.496081 | eval'd: drake::cmq_buildtargetmetadepsspecht_is_subtargetconfig
2020-01-21 11:11:56.856199 | > DO_CALL (0.000s wait)
.2020-01-21 11:11:56.861946 | eval'd: drake::cmq_buildtargetmetadepsspecht_is_subtargetconfig
2020-01-21 11:12:00.305817 | > DO_CALL (0.001s wait)
.2020-01-21 11:12:00.311362 | eval'd: drake::cmq_buildtargetmetadepsspecht_is_subtargetconfig
2020-01-21 11:12:04.445070 | > DO_CALL (0.000s wait)
.2020-01-21 11:12:04.451855 | eval'd: drake::cmq_buildtargetmetadepsspecht_is_subtargetconfig
2020-01-21 11:12:08.002286 | > DO_CALL (0.001s wait)
.2020-01-21 11:12:08.007551 | eval'd: drake::cmq_buildtargetmetadepsspecht_is_subtargetconfig
2020-01-21 11:12:11.446432 | > DO_CALL (0.001s wait)
.2020-01-21 11:12:11.451496 | eval'd: drake::cmq_buildtargetmetadepsspecht_is_subtargetconfig
2020-01-21 11:12:14.898239 | > DO_CALL (0.000s wait)
.2020-01-21 11:12:14.902942 | eval'd: drake::cmq_buildtargetmetadepsspecht_is_subtargetconfig
2020-01-21 11:12:18.443383 | > DO_CALL (0.001s wait)
.2020-01-21 11:12:18.448298 | eval'd: drake::cmq_buildtargetmetadepsspecht_is_subtargetconfig
2020-01-21 11:12:23.661449 | > DO_CALL (0.001s wait)
.2020-01-21 11:12:23.666425 | eval'd: drake::cmq_buildtargetmetadepsspecht_is_subtargetconfig
2020-01-21 11:12:27.067583 | > DO_CALL (0.001s wait)
.2020-01-21 11:12:27.073399 | eval'd: drake::cmq_buildtargetmetadepsspecht_is_subtargetconfig
2020-01-21 11:12:30.666832 | > DO_CALL (0.000s wait)
.2020-01-21 11:12:30.672385 | eval'd: drake::cmq_buildtargetmetadepsspecht_is_subtargetconfig
2020-01-21 11:12:35.116492 | > DO_CALL (0.001s wait)
.2020-01-21 11:12:35.121719 | eval'd: drake::cmq_buildtargetmetadepsspecht_is_subtargetconfig
2020-01-21 11:12:38.572132 | > DO_CALL (0.000s wait)
.2020-01-21 11:12:38.576783 | eval'd: drake::cmq_buildtargetmetadepsspecht_is_subtargetconfig
2020-01-21 11:12:42.071534 | > DO_CALL (0.001s wait)
.2020-01-21 11:12:42.076611 | eval'd: drake::cmq_buildtargetmetadepsspecht_is_subtargetconfig
2020-01-21 11:12:45.481111 | > DO_CALL (0.000s wait)
.2020-01-21 11:12:45.487287 | eval'd: drake::cmq_buildtargetmetadepsspecht_is_subtargetconfig
2020-01-21 11:12:49.111480 | > DO_CALL (0.001s wait)
.2020-01-21 11:12:49.116455 | eval'd: drake::cmq_buildtargetmetadepsspecht_is_subtargetconfig
2020-01-21 11:12:52.634325 | > DO_CALL (0.001s wait)
.2020-01-21 11:12:52.639184 | eval'd: drake::cmq_buildtargetmetadepsspecht_is_subtargetconfig
2020-01-21 11:12:56.179118 | > DO_CALL (0.000s wait)
.2020-01-21 11:12:56.184079 | eval'd: drake::cmq_buildtargetmetadepsspecht_is_subtargetconfig
2020-01-21 11:12:59.697929 | > DO_CALL (0.000s wait)
.2020-01-21 11:12:59.702298 | eval'd: drake::cmq_buildtargetmetadepsspecht_is_subtargetconfig
2020-01-21 11:13:02.970696 | > DO_CALL (0.000s wait)
.2020-01-21 11:13:02.975279 | eval'd: drake::cmq_buildtargetmetadepsspecht_is_subtargetconfig
2020-01-21 11:13:06.919565 | > DO_CALL (0.001s wait)
.2020-01-21 11:13:06.926991 | eval'd: drake::cmq_buildtargetmetadepsspecht_is_subtargetconfig
2020-01-21 11:13:10.457348 | > DO_CALL (0.001s wait)
.2020-01-21 11:13:10.462332 | eval'd: drake::cmq_buildtargetmetadepsspecht_is_subtargetconfig
2020-01-21 11:13:14.059097 | > DO_CALL (0.000s wait)
.2020-01-21 11:13:14.065370 | eval'd: drake::cmq_buildtargetmetadepsspecht_is_subtargetconfig
2020-01-21 11:13:17.759580 | > DO_CALL (0.001s wait)
.2020-01-21 11:13:17.765211 | eval'd: drake::cmq_buildtargetmetadepsspecht_is_subtargetconfig
2020-01-21 11:13:21.276063 | > DO_CALL (0.000s wait)
.2020-01-21 11:13:21.282047 | eval'd: drake::cmq_buildtargetmetadepsspecht_is_subtargetconfig
2020-01-21 11:13:26.370913 | > DO_CALL (0.000s wait)
.2020-01-21 11:13:26.377110 | eval'd: drake::cmq_buildtargetmetadepsspecht_is_subtargetconfig
2020-01-21 11:13:29.873244 | > DO_CALL (0.001s wait)
.2020-01-21 11:13:29.877911 | eval'd: drake::cmq_buildtargetmetadepsspecht_is_subtargetconfig
2020-01-21 11:13:33.451920 | > DO_CALL (0.000s wait)
.2020-01-21 11:13:33.457941 | eval'd: drake::cmq_buildtargetmetadepsspecht_is_subtargetconfig
2020-01-21 11:13:36.971331 | > DO_CALL (0.001s wait)
.2020-01-21 11:13:36.976418 | eval'd: drake::cmq_buildtargetmetadepsspecht_is_subtargetconfig
2020-01-21 11:13:40.425230 | > DO_CALL (0.000s wait)
.2020-01-21 11:13:40.431446 | eval'd: drake::cmq_buildtargetmetadepsspecht_is_subtargetconfig
2020-01-21 11:13:44.670315 | > DO_CALL (0.001s wait)
.2020-01-21 11:13:44.675261 | eval'd: drake::cmq_buildtargetmetadepsspecht_is_subtargetconfig
2020-01-21 11:13:48.204178 | > DO_CALL (0.000s wait)
.2020-01-21 11:13:48.208499 | eval'd: drake::cmq_buildtargetmetadepsspecht_is_subtargetconfig
2020-01-21 11:13:51.740406 | > DO_CALL (0.001s wait)
.2020-01-21 11:13:51.746958 | eval'd: drake::cmq_buildtargetmetadepsspecht_is_subtargetconfig
2020-01-21 11:13:55.358651 | > DO_CALL (0.001s wait)
.2020-01-21 11:13:55.363487 | eval'd: drake::cmq_buildtargetmetadepsspecht_is_subtargetconfig
2020-01-21 11:13:58.754952 | > DO_CALL (0.000s wait)
.2020-01-21 11:13:58.760251 | eval'd: drake::cmq_buildtargetmetadepsspecht_is_subtargetconfig
2020-01-21 11:14:02.232307 | > DO_CALL (0.001s wait)
.2020-01-21 11:14:02.236534 | eval'd: drake::cmq_buildtargetmetadepsspecht_is_subtargetconfig
2020-01-21 11:14:05.726366 | > DO_CALL (0.001s wait)
.2020-01-21 11:14:05.732455 | eval'd: drake::cmq_buildtargetmetadepsspecht_is_subtargetconfig
2020-01-21 11:14:09.804392 | > DO_CALL (0.001s wait)
.2020-01-21 11:14:09.812658 | eval'd: drake::cmq_buildtargetmetadepsspecht_is_subtargetconfig
2020-01-21 11:14:13.218318 | > DO_CALL (0.001s wait)
.2020-01-21 11:14:13.222701 | eval'd: drake::cmq_buildtargetmetadepsspecht_is_subtargetconfig
2020-01-21 11:14:16.625215 | > DO_CALL (0.000s wait)
.2020-01-21 11:14:16.631515 | eval'd: drake::cmq_buildtargetmetadepsspecht_is_subtargetconfig
2020-01-21 11:14:20.003301 | > DO_CALL (0.001s wait)
.2020-01-21 11:14:20.009438 | eval'd: drake::cmq_buildtargetmetadepsspecht_is_subtargetconfig
2020-01-21 11:14:24.922208 | > DO_CALL (0.000s wait)
.
2020-01-21 11:14:24.928245 | eval'd: drake::cmq_buildtargetmetadepsspecht_is_subtargetconfig
2020-01-21 11:14:29.812162 | > DO_CALL (0.000s wait)
.2020-01-21 11:14:29.816253 | eval'd: drake::cmq_buildtargetmetadepsspecht_is_subtargetconfig
2020-01-21 11:14:33.421194 | > DO_CALL (0.000s wait)
.2020-01-21 11:14:33.425368 | eval'd: drake::cmq_buildtargetmetadepsspecht_is_subtargetconfig
2020-01-21 11:14:36.835664 | > DO_CALL (0.001s wait)
.2020-01-21 11:14:36.840719 | eval'd: drake::cmq_buildtargetmetadepsspecht_is_subtargetconfig
2020-01-21 11:14:40.359927 | > DO_CALL (0.000s wait)
.2020-01-21 11:14:40.378423 | eval'd: drake::cmq_buildtargetmetadepsspecht_is_subtargetconfig
2020-01-21 11:14:43.828126 | > DO_CALL (0.000s wait)
.2020-01-21 11:14:43.833674 | eval'd: drake::cmq_buildtargetmetadepsspecht_is_subtargetconfig
2020-01-21 11:14:47.233362 | > DO_CALL (0.001s wait)
.2020-01-21 11:14:47.238949 | eval'd: drake::cmq_buildtargetmetadepsspecht_is_subtargetconfig
2020-01-21 11:14:50.620131 | > DO_CALL (0.000s wait)
.2020-01-21 11:14:50.624353 | eval'd: drake::cmq_buildtargetmetadepsspecht_is_subtargetconfig
2020-01-21 11:14:54.010317 | > DO_CALL (0.001s wait)
.2020-01-21 11:14:54.014555 | eval'd: drake::cmq_buildtargetmetadepsspecht_is_subtargetconfig
2020-01-21 11:14:57.467262 | > DO_CALL (0.001s wait)
.2020-01-21 11:14:57.471483 | eval'd: drake::cmq_buildtargetmetadepsspecht_is_subtargetconfig
2020-01-21 11:15:00.899063 | > DO_CALL (0.000s wait)
.2020-01-21 11:15:00.904614 | eval'd: drake::cmq_buildtargetmetadepsspecht_is_subtargetconfig
2020-01-21 11:15:04.325911 | > DO_CALL (0.000s wait)
.2020-01-21 11:15:04.331106 | eval'd: drake::cmq_buildtargetmetadepsspecht_is_subtargetconfig
2020-01-21 11:15:07.718072 | > DO_CALL (0.000s wait)
.2020-01-21 11:15:07.723961 | eval'd: drake::cmq_buildtargetmetadepsspecht_is_subtargetconfig
2020-01-21 11:15:11.201288 | > DO_CALL (0.001s wait)
.2020-01-21 11:15:11.207506 | eval'd: drake::cmq_buildtargetmetadepsspecht_is_subtargetconfig
2020-01-21 11:15:15.258058 | > DO_CALL (0.000s wait)
.2020-01-21 11:15:15.263763 | eval'd: drake::cmq_buildtargetmetadepsspecht_is_subtargetconfig
2020-01-21 11:15:18.797818 | > DO_CALL (0.000s wait)
.2020-01-21 11:15:18.802111 | eval'd: drake::cmq_buildtargetmetadepsspecht_is_subtargetconfig
2020-01-21 11:15:23.005198 | > DO_CALL (0.000s wait)
.2020-01-21 11:15:23.010676 | eval'd: drake::cmq_buildtargetmetadepsspecht_is_subtargetconfig
2020-01-21 11:15:26.396350 | > DO_CALL (0.001s wait)
.2020-01-21 11:15:26.401118 | eval'd: drake::cmq_buildtargetmetadepsspecht_is_subtargetconfig
2020-01-21 11:15:31.918109 | > DO_CALL (0.000s wait)
.2020-01-21 11:15:31.922292 | eval'd: drake::cmq_buildtargetmetadepsspecht_is_subtargetconfig
2020-01-21 11:15:35.337287 | > DO_CALL (0.001s wait)
.2020-01-21 11:15:35.341721 | eval'd: drake::cmq_buildtargetmetadepsspecht_is_subtargetconfig
2020-01-21 11:15:38.717235 | > DO_CALL (0.000s wait)
.2020-01-21 11:15:38.721288 | eval'd: drake::cmq_buildtargetmetadepsspecht_is_subtargetconfig
2020-01-21 11:15:42.290595 | > DO_CALL (0.001s wait)
.2020-01-21 11:15:42.295064 | eval'd: drake::cmq_buildtargetmetadepsspecht_is_subtargetconfig
2020-01-21 11:15:45.610197 | > DO_CALL (0.000s wait)
.2020-01-21 11:15:45.615612 | eval'd: drake::cmq_buildtargetmetadepsspecht_is_subtargetconfig
2020-01-21 11:15:50.075241 | > DO_CALL (0.000s wait)
.2020-01-21 11:15:50.079444 | eval'd: drake::cmq_buildtargetmetadepsspecht_is_subtargetconfig
2020-01-21 11:15:53.437126 | > DO_CALL (0.000s wait)
.2020-01-21 11:15:53.442779 | eval'd: drake::cmq_buildtargetmetadepsspecht_is_subtargetconfig
2020-01-21 11:15:56.722494 | > DO_CALL (0.001s wait)
.2020-01-21 11:15:56.727581 | eval'd: drake::cmq_buildtargetmetadepsspecht_is_subtargetconfig
2020-01-21 11:16:00.037174 | > DO_CALL (0.000s wait)
.2020-01-21 11:16:00.041243 | eval'd: drake::cmq_buildtargetmetadepsspecht_is_subtargetconfig
2020-01-21 11:16:03.457123 | > DO_CALL (0.000s wait)
.2020-01-21 11:16:03.462646 | eval'd: drake::cmq_buildtargetmetadepsspecht_is_subtargetconfig
2020-01-21 11:16:06.692143 | > DO_CALL (0.000s wait)
.2020-01-21 11:16:06.697720 | eval'd: drake::cmq_buildtargetmetadepsspecht_is_subtargetconfig
2020-01-21 11:16:10.254709 | > DO_CALL (0.000s wait)
.2020-01-21 11:16:10.259527 | eval'd: drake::cmq_buildtargetmetadepsspecht_is_subtargetconfig
2020-01-21 11:16:13.625365 | > DO_CALL (0.001s wait)
.2020-01-21 11:16:13.632104 | eval'd: drake::cmq_buildtargetmetadepsspecht_is_subtargetconfig
2020-01-21 11:16:17.458511 | > DO_CALL (0.001s wait)
.2020-01-21 11:16:17.463649 | eval'd: drake::cmq_buildtargetmetadepsspecht_is_subtargetconfig
2020-01-21 11:16:20.869454 | > DO_CALL (0.001s wait)
.2020-01-21 11:16:20.873950 | eval'd: drake::cmq_buildtargetmetadepsspecht_is_subtargetconfig
2020-01-21 11:16:24.263317 | > DO_CALL (0.001s wait)
.2020-01-21 11:16:24.267393 | eval'd: drake::cmq_buildtargetmetadepsspecht_is_subtargetconfig
2020-01-21 11:16:27.743171 | > DO_CALL (0.000s wait)
.2020-01-21 11:16:27.747969 | eval'd: drake::cmq_buildtargetmetadepsspecht_is_subtargetconfig
2020-01-21 11:16:32.777499 | > DO_CALL (0.001s wait)
.2020-01-21 11:16:32.781914 | eval'd: drake::cmq_buildtargetmetadepsspecht_is_subtargetconfig
2020-01-21 11:16:36.156114 | > DO_CALL (0.000s wait)
.2020-01-21 11:16:36.165990 | eval'd: drake::cmq_buildtargetmetadepsspecht_is_subtargetconfig
2020-01-21 11:16:40.408315 | > DO_CALL (0.001s wait)
.2020-01-21 11:16:40.412442 | eval'd: drake::cmq_buildtargetmetadepsspecht_is_subtargetconfig
2020-01-21 11:16:43.875991 | > DO_CALL (0.000s wait)
.2020-01-21 11:16:43.880071 | eval'd: drake::cmq_buildtargetmetadepsspecht_is_subtargetconfig
2020-01-21 11:16:47.203966 | > DO_CALL (0.000s wait)
.2020-01-21 11:16:47.209233 | eval'd: drake::cmq_buildtargetmetadepsspecht_is_subtargetconfig
2020-01-21 11:16:50.673734 | > DO_CALL (0.000s wait)
.2020-01-21 11:16:50.678628 | eval'd: drake::cmq_buildtargetmetadepsspecht_is_subtargetconfig
2020-01-21 11:16:54.140141 | > DO_CALL (0.000s wait)
.2020-01-21 11:16:54.145803 | eval'd: drake::cmq_buildtargetmetadepsspecht_is_subtargetconfig
2020-01-21 11:16:57.478094 | > DO_CALL (0.000s wait)
.2020-01-21 11:16:57.484009 | eval'd: drake::cmq_buildtargetmetadepsspecht_is_subtargetconfig
2020-01-21 11:17:00.047783 | > WORKER_WAIT (0.000s wait)
2020-01-21 11:17:00.048266 | waiting 2.50s
2020-01-21 11:19:41.999557 | > WORKER_WAIT (0.000s wait)
2020-01-21 11:19:42.003054 | waiting 2.50s
Error in clustermq:::worker("tcp://c24a-s1:7958") : 
  Timeout reached, terminating
Execution halted
