2020-08-01 13:51:08.381663 | Master: tcp://c3a-s3.ufhpc:9532
2020-08-01 13:51:08.403477 | WORKER_UP to: tcp://c3a-s3.ufhpc:9532
2020-08-01 13:51:10.779579 | > DO_SETUP (1.883s wait)
2020-08-01 13:51:10.780101 | token from msg: set_common_data_token
2020-08-01 13:51:14.191745 | > DO_CALL (0.921s wait)
* Option 'clustermq.scheduler' not set, defaulting to ‘SLURM’
--- see: https://mschubert.github.io/clustermq/articles/userguide.html#configuration
2020-08-01 13:51:22.743284 | eval'd: drake::cmq_buildtargetmetadepsspecconfig_tmpconfig
2020-08-01 13:51:26.453237 | > DO_CALL (0.243s wait)
2020-08-01 13:52:22.796390 | eval'd: drake::cmq_buildtargetmetadepsspecconfig_tmpconfig
2020-08-01 13:52:25.054179 | > DO_CALL (0.230s wait)
2020-08-01 13:52:26.501903 | eval'd: drake::cmq_buildtargetmetadepsspecconfig_tmpconfig
2020-08-01 13:52:29.820223 | > DO_CALL (0.226s wait)
2020-08-01 13:52:40.327975 | eval'd: drake::cmq_buildtargetmetadepsspecconfig_tmpconfig
2020-08-01 13:52:42.622722 | > DO_CALL (0.236s wait)
2020-08-01 13:52:45.989357 | eval'd: drake::cmq_buildtargetmetadepsspecconfig_tmpconfig
2020-08-01 13:52:47.796530 | > DO_CALL (0.241s wait)
2020-08-01 13:52:54.044557 | eval'd: drake::cmq_buildtargetmetadepsspecconfig_tmpconfig
2020-08-01 13:52:56.017735 | > DO_CALL (0.220s wait)
2020-08-01 13:52:56.973542 | eval'd: drake::cmq_buildtargetmetadepsspecconfig_tmpconfig
2020-08-01 13:52:58.217603 | > DO_CALL (0.234s wait)
2020-08-01 13:52:59.678065 | eval'd: drake::cmq_buildtargetmetadepsspecconfig_tmpconfig
2020-08-01 13:53:00.979257 | > DO_CALL (0.227s wait)
2020-08-01 13:53:06.996401 | eval'd: drake::cmq_buildtargetmetadepsspecconfig_tmpconfig
2020-08-01 13:53:07.889709 | > DO_CALL (0.222s wait)
2020-08-01 13:53:15.014845 | eval'd: drake::cmq_buildtargetmetadepsspecconfig_tmpconfig
2020-08-01 13:53:16.502553 | > DO_CALL (0.232s wait)
2020-08-01 13:53:17.072492 | eval'd: drake::cmq_buildtargetmetadepsspecconfig_tmpconfig
2020-08-01 13:53:19.773712 | > DO_CALL (0.226s wait)
2020-08-01 13:53:24.878937 | eval'd: drake::cmq_buildtargetmetadepsspecconfig_tmpconfig
2020-08-01 13:53:25.835587 | > DO_CALL (0.244s wait)
2020-08-01 13:53:27.311976 | eval'd: drake::cmq_buildtargetmetadepsspecconfig_tmpconfig
2020-08-01 13:53:28.966334 | > DO_CALL (0.220s wait)
2020-08-01 13:53:30.911431 | eval'd: drake::cmq_buildtargetmetadepsspecconfig_tmpconfig
2020-08-01 13:53:32.236891 | > DO_CALL (0.219s wait)
2020-08-01 13:53:35.588911 | eval'd: drake::cmq_buildtargetmetadepsspecconfig_tmpconfig
2020-08-01 13:53:37.762109 | > DO_CALL (0.229s wait)
2020-08-01 13:53:38.339691 | eval'd: drake::cmq_buildtargetmetadepsspecconfig_tmpconfig
2020-08-01 13:53:41.488616 | > DO_CALL (0.234s wait)
2020-08-01 13:53:44.334619 | eval'd: drake::cmq_buildtargetmetadepsspecconfig_tmpconfig
2020-08-01 13:53:45.519903 | > DO_CALL (0.216s wait)
2020-08-01 13:53:46.971099 | eval'd: drake::cmq_buildtargetmetadepsspecconfig_tmpconfig
2020-08-01 13:53:48.180820 | > DO_CALL (0.209s wait)
2020-08-01 13:53:49.591940 | eval'd: drake::cmq_buildtargetmetadepsspecconfig_tmpconfig
2020-08-01 13:53:51.031325 | > DO_CALL (0.227s wait)
2020-08-01 13:53:51.588384 | eval'd: drake::cmq_buildtargetmetadepsspecconfig_tmpconfig
2020-08-01 13:53:52.823763 | > DO_CALL (0.218s wait)
2020-08-01 13:54:00.393891 | eval'd: drake::cmq_buildtargetmetadepsspecconfig_tmpconfig
2020-08-01 13:54:02.548542 | > DO_CALL (0.226s wait)
2020-08-01 13:54:24.850203 | eval'd: drake::cmq_buildtargetmetadepsspecconfig_tmpconfig
2020-08-01 13:54:25.582605 | > DO_CALL (0.223s wait)
2020-08-01 13:54:31.010134 | eval'd: drake::cmq_buildtargetmetadepsspecconfig_tmpconfig
2020-08-01 13:54:31.924819 | > DO_CALL (0.234s wait)
2020-08-01 13:54:34.987839 | eval'd: drake::cmq_buildtargetmetadepsspecconfig_tmpconfig
2020-08-01 13:54:36.372572 | > DO_CALL (0.240s wait)
2020-08-01 13:54:46.522111 | eval'd: drake::cmq_buildtargetmetadepsspecconfig_tmpconfig
2020-08-01 13:54:47.642781 | > DO_CALL (0.233s wait)
2020-08-01 13:54:50.402160 | eval'd: drake::cmq_buildtargetmetadepsspecconfig_tmpconfig
2020-08-01 13:54:51.173199 | > DO_CALL (0.224s wait)
2020-08-01 13:54:53.471441 | eval'd: drake::cmq_buildtargetmetadepsspecconfig_tmpconfig
2020-08-01 13:54:54.512903 | > DO_CALL (0.226s wait)
2020-08-01 13:55:10.464071 | eval'd: drake::cmq_buildtargetmetadepsspecconfig_tmpconfig
2020-08-01 13:55:11.520375 | > DO_CALL (0.231s wait)
2020-08-01 13:55:17.374747 | eval'd: drake::cmq_buildtargetmetadepsspecconfig_tmpconfig
2020-08-01 13:55:18.789707 | > DO_CALL (0.212s wait)
2020-08-01 13:55:20.366807 | eval'd: drake::cmq_buildtargetmetadepsspecconfig_tmpconfig
2020-08-01 13:55:21.668383 | > DO_CALL (0.231s wait)
2020-08-01 13:55:28.109207 | eval'd: drake::cmq_buildtargetmetadepsspecconfig_tmpconfig
2020-08-01 13:55:28.957759 | > DO_CALL (0.227s wait)
2020-08-01 13:55:31.007355 | eval'd: drake::cmq_buildtargetmetadepsspecconfig_tmpconfig
2020-08-01 13:55:32.637401 | > DO_CALL (0.237s wait)
2020-08-01 13:55:36.157073 | eval'd: drake::cmq_buildtargetmetadepsspecconfig_tmpconfig
2020-08-01 13:55:36.980092 | > DO_CALL (0.224s wait)
2020-08-01 13:55:41.111125 | eval'd: drake::cmq_buildtargetmetadepsspecconfig_tmpconfig
2020-08-01 13:55:42.980467 | > DO_CALL (0.229s wait)
2020-08-01 13:55:51.676316 | eval'd: drake::cmq_buildtargetmetadepsspecconfig_tmpconfig
2020-08-01 13:55:53.408849 | > DO_CALL (0.230s wait)
2020-08-01 13:55:54.863055 | eval'd: drake::cmq_buildtargetmetadepsspecconfig_tmpconfig
2020-08-01 13:55:55.600643 | > DO_CALL (0.229s wait)
2020-08-01 13:56:12.789151 | eval'd: drake::cmq_buildtargetmetadepsspecconfig_tmpconfig
2020-08-01 13:56:13.721315 | > DO_CALL (0.213s wait)
2020-08-01 13:56:36.982494 | eval'd: drake::cmq_buildtargetmetadepsspecconfig_tmpconfig
2020-08-01 13:56:39.502810 | > DO_CALL (0.206s wait)
2020-08-01 13:56:53.466347 | eval'd: drake::cmq_buildtargetmetadepsspecconfig_tmpconfig
2020-08-01 13:56:54.506090 | > DO_CALL (0.213s wait)
2020-08-01 13:57:46.486423 | eval'd: drake::cmq_buildtargetmetadepsspecconfig_tmpconfig
2020-08-01 13:57:48.024085 | > DO_CALL (0.233s wait)
2020-08-01 13:57:49.036541 | eval'd: drake::cmq_buildtargetmetadepsspecconfig_tmpconfig
2020-08-01 13:57:51.068932 | > DO_CALL (0.228s wait)
2020-08-01 13:57:59.782069 | eval'd: drake::cmq_buildtargetmetadepsspecconfig_tmpconfig
2020-08-01 13:58:00.850922 | > DO_CALL (0.229s wait)
2020-08-01 13:58:09.279054 | eval'd: drake::cmq_buildtargetmetadepsspecconfig_tmpconfig
2020-08-01 13:58:10.244161 | > DO_CALL (0.204s wait)
2020-08-01 13:58:15.975075 | eval'd: drake::cmq_buildtargetmetadepsspecconfig_tmpconfig
2020-08-01 13:58:17.912996 | > DO_CALL (0.203s wait)
2020-08-01 13:58:21.392406 | eval'd: drake::cmq_buildtargetmetadepsspecconfig_tmpconfig
2020-08-01 13:58:23.956284 | > DO_CALL (0.225s wait)
2020-08-01 13:58:25.615906 | eval'd: drake::cmq_buildtargetmetadepsspecconfig_tmpconfig
2020-08-01 13:58:26.358484 | > DO_CALL (0.206s wait)
2020-08-01 13:58:29.422379 | eval'd: drake::cmq_buildtargetmetadepsspecconfig_tmpconfig
2020-08-01 13:58:30.153001 | > DO_CALL (0.197s wait)
2020-08-01 13:58:31.122885 | eval'd: drake::cmq_buildtargetmetadepsspecconfig_tmpconfig
2020-08-01 13:58:31.979005 | > DO_CALL (0.207s wait)
2020-08-01 13:58:33.556658 | eval'd: drake::cmq_buildtargetmetadepsspecconfig_tmpconfig
2020-08-01 13:58:34.273217 | > DO_CALL (0.221s wait)
2020-08-01 13:58:37.647761 | eval'd: drake::cmq_buildtargetmetadepsspecconfig_tmpconfig
2020-08-01 13:58:39.326149 | > DO_CALL (0.197s wait)
2020-08-01 13:58:43.881548 | eval'd: drake::cmq_buildtargetmetadepsspecconfig_tmpconfig
2020-08-01 13:58:44.649288 | > DO_CALL (0.222s wait)
2020-08-01 13:58:49.129013 | eval'd: drake::cmq_buildtargetmetadepsspecconfig_tmpconfig
2020-08-01 13:58:50.966779 | > DO_CALL (0.197s wait)
2020-08-01 13:59:05.719220 | eval'd: drake::cmq_buildtargetmetadepsspecconfig_tmpconfig
2020-08-01 13:59:08.264798 | > DO_CALL (0.193s wait)
2020-08-01 13:59:11.224070 | eval'd: drake::cmq_buildtargetmetadepsspecconfig_tmpconfig
2020-08-01 13:59:12.407923 | > DO_CALL (0.207s wait)
2020-08-01 13:59:20.878536 | eval'd: drake::cmq_buildtargetmetadepsspecconfig_tmpconfig
2020-08-01 13:59:21.752044 | > DO_CALL (0.212s wait)
2020-08-01 13:59:23.001998 | eval'd: drake::cmq_buildtargetmetadepsspecconfig_tmpconfig
2020-08-01 13:59:24.116687 | > DO_CALL (0.222s wait)
2020-08-01 13:59:26.807887 | eval'd: drake::cmq_buildtargetmetadepsspecconfig_tmpconfig
2020-08-01 13:59:27.677297 | > DO_CALL (0.226s wait)
2020-08-01 13:59:28.256599 | eval'd: drake::cmq_buildtargetmetadepsspecconfig_tmpconfig
2020-08-01 13:59:29.452974 | > DO_CALL (0.226s wait)
2020-08-01 13:59:45.298797 | eval'd: drake::cmq_buildtargetmetadepsspecconfig_tmpconfig
2020-08-01 13:59:46.238732 | > DO_CALL (0.200s wait)
2020-08-01 13:59:49.050494 | eval'd: drake::cmq_buildtargetmetadepsspecconfig_tmpconfig
2020-08-01 13:59:49.922574 | > DO_CALL (0.218s wait)
2020-08-01 13:59:52.152411 | eval'd: drake::cmq_buildtargetmetadepsspecconfig_tmpconfig
2020-08-01 13:59:52.878930 | > DO_CALL (0.212s wait)
2020-08-01 13:59:59.533056 | eval'd: drake::cmq_buildtargetmetadepsspecconfig_tmpconfig
2020-08-01 14:00:00.544044 | > DO_CALL (0.225s wait)
2020-08-01 14:00:09.786649 | eval'd: drake::cmq_buildtargetmetadepsspecconfig_tmpconfig
2020-08-01 14:00:10.808172 | > DO_CALL (0.202s wait)
2020-08-01 14:00:13.795350 | eval'd: drake::cmq_buildtargetmetadepsspecconfig_tmpconfig
2020-08-01 14:00:14.558737 | > DO_CALL (0.228s wait)
2020-08-01 14:00:16.844949 | eval'd: drake::cmq_buildtargetmetadepsspecconfig_tmpconfig
2020-08-01 14:00:18.377980 | > DO_CALL (0.209s wait)
2020-08-01 14:00:19.377569 | eval'd: drake::cmq_buildtargetmetadepsspecconfig_tmpconfig
2020-08-01 14:00:20.109343 | > DO_CALL (0.194s wait)
2020-08-01 14:00:32.165401 | eval'd: drake::cmq_buildtargetmetadepsspecconfig_tmpconfig
2020-08-01 14:00:33.201524 | > DO_CALL (0.201s wait)
2020-08-01 14:00:35.116242 | eval'd: drake::cmq_buildtargetmetadepsspecconfig_tmpconfig
2020-08-01 14:00:36.122319 | > DO_CALL (0.195s wait)
2020-08-01 14:00:39.173539 | eval'd: drake::cmq_buildtargetmetadepsspecconfig_tmpconfig
2020-08-01 14:00:40.357785 | > DO_CALL (0.213s wait)
2020-08-01 14:00:40.935859 | eval'd: drake::cmq_buildtargetmetadepsspecconfig_tmpconfig
2020-08-01 14:00:42.087178 | > DO_CALL (0.196s wait)
2020-08-01 14:00:44.327335 | eval'd: drake::cmq_buildtargetmetadepsspecconfig_tmpconfig
2020-08-01 14:00:45.081466 | > DO_CALL (0.202s wait)
2020-08-01 14:00:45.640678 | eval'd: drake::cmq_buildtargetmetadepsspecconfig_tmpconfig
2020-08-01 14:00:46.752396 | > DO_CALL (0.200s wait)
2020-08-01 14:00:50.303026 | eval'd: drake::cmq_buildtargetmetadepsspecconfig_tmpconfig
2020-08-01 14:00:51.261027 | > DO_CALL (0.205s wait)
2020-08-01 14:00:55.613466 | eval'd: drake::cmq_buildtargetmetadepsspecconfig_tmpconfig
2020-08-01 14:00:56.488948 | > DO_CALL (0.205s wait)
2020-08-01 14:01:00.444002 | eval'd: drake::cmq_buildtargetmetadepsspecconfig_tmpconfig
2020-08-01 14:01:01.316553 | > DO_CALL (0.197s wait)
2020-08-01 14:01:02.983786 | eval'd: drake::cmq_buildtargetmetadepsspecconfig_tmpconfig
2020-08-01 14:01:03.716689 | > DO_CALL (0.199s wait)
2020-08-01 14:01:04.844434 | eval'd: drake::cmq_buildtargetmetadepsspecconfig_tmpconfig
2020-08-01 14:01:05.944133 | > DO_CALL (0.211s wait)
2020-08-01 14:01:07.564127 | eval'd: drake::cmq_buildtargetmetadepsspecconfig_tmpconfig
2020-08-01 14:01:08.682266 | > DO_CALL (0.194s wait)
2020-08-01 14:01:12.691239 | eval'd: drake::cmq_buildtargetmetadepsspecconfig_tmpconfig
2020-08-01 14:01:13.709783 | > DO_CALL (0.201s wait)
2020-08-01 14:01:20.423576 | eval'd: drake::cmq_buildtargetmetadepsspecconfig_tmpconfig
2020-08-01 14:01:21.561796 | > DO_CALL (0.201s wait)
2020-08-01 14:01:24.523347 | eval'd: drake::cmq_buildtargetmetadepsspecconfig_tmpconfig
2020-08-01 14:01:25.347134 | > DO_CALL (0.202s wait)
2020-08-01 14:01:25.909344 | eval'd: drake::cmq_buildtargetmetadepsspecconfig_tmpconfig
2020-08-01 14:01:26.775232 | > DO_CALL (0.201s wait)
2020-08-01 14:01:29.066404 | eval'd: drake::cmq_buildtargetmetadepsspecconfig_tmpconfig
2020-08-01 14:01:29.791659 | > DO_CALL (0.207s wait)
2020-08-01 14:01:31.260796 | eval'd: drake::cmq_buildtargetmetadepsspecconfig_tmpconfig
2020-08-01 14:01:31.976668 | > DO_CALL (0.223s wait)
2020-08-01 14:01:34.494758 | eval'd: drake::cmq_buildtargetmetadepsspecconfig_tmpconfig
2020-08-01 14:01:35.236588 | > DO_CALL (0.197s wait)
2020-08-01 14:01:40.529369 | eval'd: drake::cmq_buildtargetmetadepsspecconfig_tmpconfig
2020-08-01 14:01:41.335600 | > DO_CALL (0.204s wait)
2020-08-01 14:01:45.452780 | eval'd: drake::cmq_buildtargetmetadepsspecconfig_tmpconfig
2020-08-01 14:01:48.250709 | > DO_CALL (0.200s wait)
2020-08-01 14:01:52.921473 | eval'd: drake::cmq_buildtargetmetadepsspecconfig_tmpconfig
2020-08-01 14:01:54.043728 | > DO_CALL (0.218s wait)
2020-08-01 14:02:10.385975 | eval'd: drake::cmq_buildtargetmetadepsspecconfig_tmpconfig
2020-08-01 14:02:12.730023 | > DO_CALL (0.187s wait)
2020-08-01 14:02:15.246576 | eval'd: drake::cmq_buildtargetmetadepsspecconfig_tmpconfig
2020-08-01 14:02:15.371014 | > DO_CALL (0.000s wait)
2020-08-01 14:02:16.268310 | eval'd: drake::cmq_buildtargetmetadepsspecconfig_tmpconfig
2020-08-01 14:02:16.347691 | > DO_CALL (0.001s wait)
2020-08-01 14:02:17.518050 | eval'd: drake::cmq_buildtargetmetadepsspecconfig_tmpconfig
2020-08-01 14:02:17.596299 | > DO_CALL (0.000s wait)
2020-08-01 14:02:18.489942 | eval'd: drake::cmq_buildtargetmetadepsspecconfig_tmpconfig
2020-08-01 14:02:18.651355 | > DO_CALL (0.001s wait)
2020-08-01 14:02:19.563332 | eval'd: drake::cmq_buildtargetmetadepsspecconfig_tmpconfig
2020-08-01 14:02:19.748302 | > DO_CALL (0.013s wait)
2020-08-01 14:02:21.122462 | eval'd: drake::cmq_buildtargetmetadepsspecconfig_tmpconfig
2020-08-01 14:02:21.295045 | > DO_CALL (0.016s wait)
2020-08-01 14:02:22.663443 | eval'd: drake::cmq_buildtargetmetadepsspecconfig_tmpconfig
2020-08-01 14:02:22.771642 | > DO_CALL (0.001s wait)
2020-08-01 14:02:23.660483 | eval'd: drake::cmq_buildtargetmetadepsspecconfig_tmpconfig
2020-08-01 14:02:23.920839 | > DO_CALL (0.014s wait)
2020-08-01 14:02:25.251723 | eval'd: drake::cmq_buildtargetmetadepsspecconfig_tmpconfig
2020-08-01 14:02:25.435523 | > DO_CALL (0.016s wait)
2020-08-01 14:02:26.797355 | eval'd: drake::cmq_buildtargetmetadepsspecconfig_tmpconfig
2020-08-01 14:02:26.955299 | > DO_CALL (0.000s wait)
2020-08-01 14:02:27.845094 | eval'd: drake::cmq_buildtargetmetadepsspecconfig_tmpconfig
2020-08-01 14:02:28.026579 | > DO_CALL (0.003s wait)
2020-08-01 14:02:29.003346 | eval'd: drake::cmq_buildtargetmetadepsspecconfig_tmpconfig
2020-08-01 14:02:29.539144 | > DO_CALL (0.021s wait)
2020-08-01 14:02:30.940145 | eval'd: drake::cmq_buildtargetmetadepsspecconfig_tmpconfig
2020-08-01 14:02:31.444557 | > DO_CALL (0.010s wait)
2020-08-01 14:02:32.819782 | eval'd: drake::cmq_buildtargetmetadepsspecconfig_tmpconfig
2020-08-01 14:02:33.031555 | > DO_CALL (0.014s wait)
2020-08-01 14:02:34.400850 | eval'd: drake::cmq_buildtargetmetadepsspecconfig_tmpconfig
2020-08-01 14:02:34.739415 | > DO_CALL (0.000s wait)
2020-08-01 14:02:35.629880 | eval'd: drake::cmq_buildtargetmetadepsspecconfig_tmpconfig
2020-08-01 14:02:35.989722 | > DO_CALL (0.012s wait)
2020-08-01 14:02:37.357702 | eval'd: drake::cmq_buildtargetmetadepsspecconfig_tmpconfig
2020-08-01 14:02:37.616765 | > DO_CALL (0.011s wait)
2020-08-01 14:02:38.995216 | eval'd: drake::cmq_buildtargetmetadepsspecconfig_tmpconfig
2020-08-01 14:02:39.084784 | > DO_CALL (0.001s wait)
2020-08-01 14:02:39.997183 | eval'd: drake::cmq_buildtargetmetadepsspecconfig_tmpconfig
2020-08-01 14:02:40.288149 | > DO_CALL (0.003s wait)
2020-08-01 14:02:41.231832 | eval'd: drake::cmq_buildtargetmetadepsspecconfig_tmpconfig
2020-08-01 14:02:42.120313 | > DO_CALL (0.001s wait)
2020-08-01 14:02:43.109120 | eval'd: drake::cmq_buildtargetmetadepsspecconfig_tmpconfig
2020-08-01 14:02:43.499282 | > DO_CALL (0.005s wait)
2020-08-01 14:02:44.669523 | eval'd: drake::cmq_buildtargetmetadepsspecconfig_tmpconfig
2020-08-01 14:02:44.805135 | > DO_CALL (0.010s wait)
2020-08-01 14:02:46.186653 | eval'd: drake::cmq_buildtargetmetadepsspecconfig_tmpconfig
2020-08-01 14:02:46.313789 | > DO_CALL (0.002s wait)
2020-08-01 14:02:47.251601 | eval'd: drake::cmq_buildtargetmetadepsspecconfig_tmpconfig
2020-08-01 14:02:47.597379 | > DO_CALL (0.000s wait)
2020-08-01 14:02:48.469033 | eval'd: drake::cmq_buildtargetmetadepsspecconfig_tmpconfig
2020-08-01 14:02:48.796519 | > DO_CALL (0.002s wait)
2020-08-01 14:02:49.762545 | eval'd: drake::cmq_buildtargetmetadepsspecconfig_tmpconfig
2020-08-01 14:02:50.907116 | > DO_CALL (0.000s wait)
2020-08-01 14:02:51.802583 | eval'd: drake::cmq_buildtargetmetadepsspecconfig_tmpconfig
2020-08-01 14:02:52.572187 | > DO_CALL (0.000s wait)
2020-08-01 14:02:53.475523 | eval'd: drake::cmq_buildtargetmetadepsspecconfig_tmpconfig
2020-08-01 14:02:53.793518 | > DO_CALL (0.001s wait)
2020-08-01 14:02:54.770642 | eval'd: drake::cmq_buildtargetmetadepsspecconfig_tmpconfig
2020-08-01 14:02:54.991288 | > DO_CALL (0.000s wait)
2020-08-01 14:02:55.863740 | eval'd: drake::cmq_buildtargetmetadepsspecconfig_tmpconfig
2020-08-01 14:02:56.095262 | > DO_CALL (0.000s wait)
2020-08-01 14:02:56.994796 | eval'd: drake::cmq_buildtargetmetadepsspecconfig_tmpconfig
2020-08-01 14:02:57.486613 | > DO_CALL (0.013s wait)
2020-08-01 14:02:58.899417 | eval'd: drake::cmq_buildtargetmetadepsspecconfig_tmpconfig
2020-08-01 14:02:59.065880 | > DO_CALL (0.001s wait)
2020-08-01 14:02:59.966071 | eval'd: drake::cmq_buildtargetmetadepsspecconfig_tmpconfig
2020-08-01 14:03:00.508929 | > DO_CALL (0.006s wait)
2020-08-01 14:03:01.953364 | eval'd: drake::cmq_buildtargetmetadepsspecconfig_tmpconfig
2020-08-01 14:03:02.275699 | > DO_CALL (0.017s wait)
2020-08-01 14:03:03.735187 | eval'd: drake::cmq_buildtargetmetadepsspecconfig_tmpconfig
2020-08-01 14:03:03.996116 | > DO_CALL (0.015s wait)
2020-08-01 14:03:05.414169 | eval'd: drake::cmq_buildtargetmetadepsspecconfig_tmpconfig
2020-08-01 14:03:05.845136 | > DO_CALL (0.004s wait)
2020-08-01 14:03:06.982272 | eval'd: drake::cmq_buildtargetmetadepsspecconfig_tmpconfig
2020-08-01 14:03:07.857097 | > DO_CALL (0.025s wait)
2020-08-01 14:03:09.277981 | eval'd: drake::cmq_buildtargetmetadepsspecconfig_tmpconfig
2020-08-01 14:03:09.895481 | > DO_CALL (0.010s wait)
2020-08-01 14:03:11.279728 | eval'd: drake::cmq_buildtargetmetadepsspecconfig_tmpconfig
2020-08-01 14:03:11.844793 | > DO_CALL (0.021s wait)
2020-08-01 14:03:13.244038 | eval'd: drake::cmq_buildtargetmetadepsspecconfig_tmpconfig
2020-08-01 14:03:13.617968 | > DO_CALL (0.011s wait)
2020-08-01 14:03:15.000577 | eval'd: drake::cmq_buildtargetmetadepsspecconfig_tmpconfig
2020-08-01 14:03:15.518169 | > DO_CALL (0.000s wait)
2020-08-01 14:03:16.410653 | eval'd: drake::cmq_buildtargetmetadepsspecconfig_tmpconfig
2020-08-01 14:03:17.709982 | > DO_CALL (0.014s wait)
2020-08-01 14:03:19.118351 | eval'd: drake::cmq_buildtargetmetadepsspecconfig_tmpconfig
2020-08-01 14:03:19.541241 | > DO_CALL (0.006s wait)
2020-08-01 14:03:20.848474 | eval'd: drake::cmq_buildtargetmetadepsspecconfig_tmpconfig
2020-08-01 14:03:21.265210 | > DO_CALL (0.000s wait)
2020-08-01 14:03:22.190320 | eval'd: drake::cmq_buildtargetmetadepsspecconfig_tmpconfig
2020-08-01 14:03:22.787703 | > DO_CALL (0.022s wait)
2020-08-01 14:03:24.153599 | eval'd: drake::cmq_buildtargetmetadepsspecconfig_tmpconfig
2020-08-01 14:03:24.548894 | > DO_CALL (0.002s wait)
2020-08-01 14:03:25.510405 | eval'd: drake::cmq_buildtargetmetadepsspecconfig_tmpconfig
2020-08-01 14:03:25.978730 | > DO_CALL (0.024s wait)
2020-08-01 14:03:27.393161 | eval'd: drake::cmq_buildtargetmetadepsspecconfig_tmpconfig
2020-08-01 14:03:28.514757 | > DO_CALL (0.002s wait)
2020-08-01 14:03:29.521690 | eval'd: drake::cmq_buildtargetmetadepsspecconfig_tmpconfig
2020-08-01 14:03:30.793893 | > DO_CALL (0.037s wait)
2020-08-01 14:03:32.235761 | eval'd: drake::cmq_buildtargetmetadepsspecconfig_tmpconfig
2020-08-01 14:03:32.807004 | > DO_CALL (0.026s wait)
2020-08-01 14:03:34.276704 | eval'd: drake::cmq_buildtargetmetadepsspecconfig_tmpconfig
2020-08-01 14:03:34.872697 | > DO_CALL (0.001s wait)
2020-08-01 14:03:35.794987 | eval'd: drake::cmq_buildtargetmetadepsspecconfig_tmpconfig
2020-08-01 14:03:36.356748 | > DO_CALL (0.018s wait)
2020-08-01 14:03:37.825546 | eval'd: drake::cmq_buildtargetmetadepsspecconfig_tmpconfig
2020-08-01 14:03:38.133360 | > DO_CALL (0.010s wait)
2020-08-01 14:03:39.550945 | eval'd: drake::cmq_buildtargetmetadepsspecconfig_tmpconfig
2020-08-01 14:03:40.179970 | > DO_CALL (0.007s wait)
2020-08-01 14:03:41.555021 | eval'd: drake::cmq_buildtargetmetadepsspecconfig_tmpconfig
2020-08-01 14:03:42.313999 | > DO_CALL (0.000s wait)
2020-08-01 14:03:43.218936 | eval'd: drake::cmq_buildtargetmetadepsspecconfig_tmpconfig
2020-08-01 14:03:43.450845 | > DO_CALL (0.011s wait)
2020-08-01 14:03:44.847208 | eval'd: drake::cmq_buildtargetmetadepsspecconfig_tmpconfig
2020-08-01 14:03:45.412670 | > DO_CALL (0.004s wait)
2020-08-01 14:03:46.409142 | eval'd: drake::cmq_buildtargetmetadepsspecconfig_tmpconfig
2020-08-01 14:03:47.463664 | > DO_CALL (0.030s wait)
2020-08-01 14:03:48.906911 | eval'd: drake::cmq_buildtargetmetadepsspecconfig_tmpconfig
2020-08-01 14:03:49.113419 | > DO_CALL (0.012s wait)
2020-08-01 14:03:50.509986 | eval'd: drake::cmq_buildtargetmetadepsspecconfig_tmpconfig
2020-08-01 14:03:51.057051 | > DO_CALL (0.013s wait)
2020-08-01 14:03:52.454402 | eval'd: drake::cmq_buildtargetmetadepsspecconfig_tmpconfig
2020-08-01 14:03:52.907256 | > DO_CALL (0.000s wait)
2020-08-01 14:03:53.836296 | eval'd: drake::cmq_buildtargetmetadepsspecconfig_tmpconfig
2020-08-01 14:03:54.891122 | > DO_CALL (0.012s wait)
2020-08-01 14:03:56.317372 | eval'd: drake::cmq_buildtargetmetadepsspecconfig_tmpconfig
2020-08-01 14:03:56.974193 | > DO_CALL (0.007s wait)
2020-08-01 14:03:58.357657 | eval'd: drake::cmq_buildtargetmetadepsspecconfig_tmpconfig
2020-08-01 14:03:58.997662 | > DO_CALL (0.012s wait)
2020-08-01 14:04:00.418786 | eval'd: drake::cmq_buildtargetmetadepsspecconfig_tmpconfig
2020-08-01 14:04:00.661255 | > DO_CALL (0.010s wait)
2020-08-01 14:04:02.064496 | eval'd: drake::cmq_buildtargetmetadepsspecconfig_tmpconfig
2020-08-01 14:04:02.384420 | > DO_CALL (0.012s wait)
2020-08-01 14:04:03.822193 | eval'd: drake::cmq_buildtargetmetadepsspecconfig_tmpconfig
2020-08-01 14:04:04.350104 | > DO_CALL (0.019s wait)
2020-08-01 14:04:05.805599 | eval'd: drake::cmq_buildtargetmetadepsspecconfig_tmpconfig
2020-08-01 14:04:06.142277 | > DO_CALL (0.014s wait)
2020-08-01 14:04:07.613619 | eval'd: drake::cmq_buildtargetmetadepsspecconfig_tmpconfig
2020-08-01 14:04:08.828671 | > DO_CALL (0.001s wait)
2020-08-01 14:04:09.763400 | eval'd: drake::cmq_buildtargetmetadepsspecconfig_tmpconfig
2020-08-01 14:04:10.413404 | > DO_CALL (0.015s wait)
2020-08-01 14:04:11.837044 | eval'd: drake::cmq_buildtargetmetadepsspecconfig_tmpconfig
2020-08-01 14:04:12.072154 | > DO_CALL (0.000s wait)
2020-08-01 14:04:13.001253 | eval'd: drake::cmq_buildtargetmetadepsspecconfig_tmpconfig
2020-08-01 14:04:13.727225 | > DO_CALL (0.008s wait)
2020-08-01 14:04:14.963939 | eval'd: drake::cmq_buildtargetmetadepsspecconfig_tmpconfig
2020-08-01 14:04:15.391576 | > DO_CALL (0.000s wait)
2020-08-01 14:04:16.303297 | eval'd: drake::cmq_buildtargetmetadepsspecconfig_tmpconfig
2020-08-01 14:04:17.008640 | > DO_CALL (0.008s wait)
2020-08-01 14:04:18.444920 | eval'd: drake::cmq_buildtargetmetadepsspecconfig_tmpconfig
2020-08-01 14:04:18.815795 | > DO_CALL (0.013s wait)
2020-08-01 14:04:20.283869 | eval'd: drake::cmq_buildtargetmetadepsspecconfig_tmpconfig
2020-08-01 14:04:20.625444 | > DO_CALL (0.023s wait)
2020-08-01 14:04:22.060570 | eval'd: drake::cmq_buildtargetmetadepsspecconfig_tmpconfig
2020-08-01 14:04:22.615633 | > DO_CALL (0.001s wait)
2020-08-01 14:04:23.563127 | eval'd: drake::cmq_buildtargetmetadepsspecconfig_tmpconfig
2020-08-01 14:04:24.128185 | > DO_CALL (0.005s wait)
2020-08-01 14:04:25.362725 | eval'd: drake::cmq_buildtargetmetadepsspecconfig_tmpconfig
2020-08-01 14:04:26.116301 | > DO_CALL (0.000s wait)
2020-08-01 14:04:26.993118 | eval'd: drake::cmq_buildtargetmetadepsspecconfig_tmpconfig
2020-08-01 14:04:27.942897 | > DO_CALL (0.008s wait)
2020-08-01 14:04:29.164810 | eval'd: drake::cmq_buildtargetmetadepsspecconfig_tmpconfig
2020-08-01 14:04:29.840128 | > DO_CALL (0.011s wait)
2020-08-01 14:04:31.213558 | eval'd: drake::cmq_buildtargetmetadepsspecconfig_tmpconfig
2020-08-01 14:04:31.760098 | > DO_CALL (0.007s wait)
2020-08-01 14:04:33.158306 | eval'd: drake::cmq_buildtargetmetadepsspecconfig_tmpconfig
2020-08-01 14:04:33.420759 | > DO_CALL (0.006s wait)
2020-08-01 14:04:34.617706 | eval'd: drake::cmq_buildtargetmetadepsspecconfig_tmpconfig
2020-08-01 14:04:35.002701 | > DO_CALL (0.001s wait)
2020-08-01 14:04:35.939047 | eval'd: drake::cmq_buildtargetmetadepsspecconfig_tmpconfig
2020-08-01 14:04:36.339118 | > DO_CALL (0.010s wait)
2020-08-01 14:04:37.751375 | eval'd: drake::cmq_buildtargetmetadepsspecconfig_tmpconfig
2020-08-01 14:04:38.034902 | > DO_CALL (0.016s wait)
2020-08-01 14:04:39.418595 | eval'd: drake::cmq_buildtargetmetadepsspecconfig_tmpconfig
2020-08-01 14:04:39.634649 | > DO_CALL (0.006s wait)
2020-08-01 14:04:40.958050 | eval'd: drake::cmq_buildtargetmetadepsspecconfig_tmpconfig
2020-08-01 14:04:41.082884 | > DO_CALL (0.009s wait)
2020-08-01 14:04:42.520184 | eval'd: drake::cmq_buildtargetmetadepsspecconfig_tmpconfig
2020-08-01 14:04:43.122749 | > DO_CALL (0.010s wait)
2020-08-01 14:04:44.571382 | eval'd: drake::cmq_buildtargetmetadepsspecconfig_tmpconfig
2020-08-01 14:04:44.736490 | > DO_CALL (0.000s wait)
Joining, by = c("dat", "site", "s0", "n0")
2020-08-01 14:04:45.361377 | eval'd: drake::cmq_buildtargetmetadepsspecconfig_tmpconfig
2020-08-01 14:04:45.932492 | > DO_CALL (0.000s wait)
Joining, by = c("dat", "site", "s0", "n0")
2020-08-01 14:04:46.832033 | eval'd: drake::cmq_buildtargetmetadepsspecconfig_tmpconfig
2020-08-01 14:04:46.980970 | > DO_CALL (0.000s wait)
Joining, by = c("dat", "site", "s0", "n0")
2020-08-01 14:04:47.599047 | eval'd: drake::cmq_buildtargetmetadepsspecconfig_tmpconfig
2020-08-01 14:04:47.913076 | > DO_CALL (0.000s wait)
Joining, by = c("dat", "site", "s0", "n0")
2020-08-01 14:04:48.532261 | eval'd: drake::cmq_buildtargetmetadepsspecconfig_tmpconfig
2020-08-01 14:04:49.005194 | > DO_CALL (0.000s wait)
Joining, by = c("dat", "site", "s0", "n0")
2020-08-01 14:04:49.624094 | eval'd: drake::cmq_buildtargetmetadepsspecconfig_tmpconfig
2020-08-01 14:04:50.081451 | > DO_CALL (0.002s wait)
Joining, by = c("dat", "site", "s0", "n0")
2020-08-01 14:04:50.698388 | eval'd: drake::cmq_buildtargetmetadepsspecconfig_tmpconfig
2020-08-01 14:04:51.196062 | > DO_CALL (0.002s wait)
Joining, by = c("dat", "site", "s0", "n0")
2020-08-01 14:04:51.819137 | eval'd: drake::cmq_buildtargetmetadepsspecconfig_tmpconfig
2020-08-01 14:04:52.236896 | > DO_CALL (0.002s wait)
Joining, by = c("dat", "site", "s0", "n0")
2020-08-01 14:04:52.847079 | eval'd: drake::cmq_buildtargetmetadepsspecconfig_tmpconfig
2020-08-01 14:04:53.544453 | > DO_CALL (0.001s wait)
Joining, by = c("dat", "site", "s0", "n0")
2020-08-01 14:04:54.152308 | eval'd: drake::cmq_buildtargetmetadepsspecconfig_tmpconfig
2020-08-01 14:04:54.647782 | > DO_CALL (0.002s wait)
Joining, by = c("dat", "site", "s0", "n0")
2020-08-01 14:04:55.253307 | eval'd: drake::cmq_buildtargetmetadepsspecconfig_tmpconfig
2020-08-01 14:04:55.750178 | > DO_CALL (0.000s wait)
Joining, by = c("dat", "site", "s0", "n0")
2020-08-01 14:04:56.349004 | eval'd: drake::cmq_buildtargetmetadepsspecconfig_tmpconfig
2020-08-01 14:04:57.113056 | > DO_CALL (0.002s wait)
Joining, by = c("dat", "site", "s0", "n0")
2020-08-01 14:04:57.714061 | eval'd: drake::cmq_buildtargetmetadepsspecconfig_tmpconfig
2020-08-01 14:04:57.840592 | > DO_CALL (0.000s wait)
Joining, by = c("dat", "site", "s0", "n0")
2020-08-01 14:04:58.454740 | eval'd: drake::cmq_buildtargetmetadepsspecconfig_tmpconfig
2020-08-01 14:04:58.918085 | > DO_CALL (0.000s wait)
Joining, by = c("dat", "site", "s0", "n0")
2020-08-01 14:04:59.511843 | eval'd: drake::cmq_buildtargetmetadepsspecconfig_tmpconfig
2020-08-01 14:04:59.894433 | > DO_CALL (0.000s wait)
Joining, by = c("dat", "site", "s0", "n0")
2020-08-01 14:05:00.498498 | eval'd: drake::cmq_buildtargetmetadepsspecconfig_tmpconfig
2020-08-01 14:05:00.943669 | > DO_CALL (0.001s wait)
Joining, by = c("dat", "site", "s0", "n0")
2020-08-01 14:05:01.544259 | eval'd: drake::cmq_buildtargetmetadepsspecconfig_tmpconfig
2020-08-01 14:05:02.175077 | > DO_CALL (0.002s wait)
Joining, by = c("dat", "site", "s0", "n0")
2020-08-01 14:05:02.785488 | eval'd: drake::cmq_buildtargetmetadepsspecconfig_tmpconfig
2020-08-01 14:05:03.162763 | > DO_CALL (0.001s wait)
Joining, by = c("dat", "site", "s0", "n0")
2020-08-01 14:05:03.760373 | eval'd: drake::cmq_buildtargetmetadepsspecconfig_tmpconfig
2020-08-01 14:05:04.414809 | > DO_CALL (0.002s wait)
Joining, by = c("dat", "site", "s0", "n0")
2020-08-01 14:05:05.016591 | eval'd: drake::cmq_buildtargetmetadepsspecconfig_tmpconfig
2020-08-01 14:05:05.391903 | > DO_CALL (0.001s wait)
Joining, by = c("dat", "site", "s0", "n0")
2020-08-01 14:05:06.035599 | eval'd: drake::cmq_buildtargetmetadepsspecconfig_tmpconfig
2020-08-01 14:05:06.457587 | > DO_CALL (0.000s wait)
Joining, by = c("dat", "site", "s0", "n0")
2020-08-01 14:05:07.058717 | eval'd: drake::cmq_buildtargetmetadepsspecconfig_tmpconfig
2020-08-01 14:05:07.503110 | > DO_CALL (0.000s wait)
Joining, by = c("dat", "site", "s0", "n0")
2020-08-01 14:05:08.109651 | eval'd: drake::cmq_buildtargetmetadepsspecconfig_tmpconfig
2020-08-01 14:05:08.549575 | > DO_CALL (0.000s wait)
Joining, by = c("dat", "site", "s0", "n0")
2020-08-01 14:05:09.156789 | eval'd: drake::cmq_buildtargetmetadepsspecconfig_tmpconfig
2020-08-01 14:05:09.617166 | > DO_CALL (0.001s wait)
Joining, by = c("dat", "site", "s0", "n0")
2020-08-01 14:05:10.219655 | eval'd: drake::cmq_buildtargetmetadepsspecconfig_tmpconfig
2020-08-01 14:05:10.653340 | > DO_CALL (0.000s wait)
Joining, by = c("dat", "site", "s0", "n0")
2020-08-01 14:05:11.254910 | eval'd: drake::cmq_buildtargetmetadepsspecconfig_tmpconfig
2020-08-01 14:05:11.676998 | > DO_CALL (0.002s wait)
Joining, by = c("dat", "site", "s0", "n0")
2020-08-01 14:05:12.278470 | eval'd: drake::cmq_buildtargetmetadepsspecconfig_tmpconfig
2020-08-01 14:05:12.728584 | > DO_CALL (0.001s wait)
Joining, by = c("dat", "site", "s0", "n0")
2020-08-01 14:05:13.328084 | eval'd: drake::cmq_buildtargetmetadepsspecconfig_tmpconfig
2020-08-01 14:05:13.897708 | > DO_CALL (0.001s wait)
Joining, by = c("dat", "site", "s0", "n0")
2020-08-01 14:05:14.499065 | eval'd: drake::cmq_buildtargetmetadepsspecconfig_tmpconfig
2020-08-01 14:05:15.088210 | > DO_CALL (0.002s wait)
Joining, by = c("dat", "site", "s0", "n0")
2020-08-01 14:05:15.690209 | eval'd: drake::cmq_buildtargetmetadepsspecconfig_tmpconfig
2020-08-01 14:05:16.229435 | > DO_CALL (0.002s wait)
Joining, by = c("dat", "site", "s0", "n0")
2020-08-01 14:05:16.825930 | eval'd: drake::cmq_buildtargetmetadepsspecconfig_tmpconfig
2020-08-01 14:05:17.480686 | > DO_CALL (0.001s wait)
Joining, by = c("dat", "site", "s0", "n0")
2020-08-01 14:05:18.073052 | eval'd: drake::cmq_buildtargetmetadepsspecconfig_tmpconfig
2020-08-01 14:05:18.782824 | > DO_CALL (0.002s wait)
Joining, by = c("dat", "site", "s0", "n0")
2020-08-01 14:05:19.372069 | eval'd: drake::cmq_buildtargetmetadepsspecconfig_tmpconfig
2020-08-01 14:05:20.524727 | > DO_CALL (0.002s wait)
Joining, by = c("dat", "site", "s0", "n0")
2020-08-01 14:05:21.106320 | eval'd: drake::cmq_buildtargetmetadepsspecconfig_tmpconfig
2020-08-01 14:05:21.840732 | > DO_CALL (0.002s wait)
Joining, by = c("dat", "site", "s0", "n0")
2020-08-01 14:05:22.446720 | eval'd: drake::cmq_buildtargetmetadepsspecconfig_tmpconfig
2020-08-01 14:05:23.171823 | > WORKER_WAIT (0.000s wait)
2020-08-01 14:05:23.172221 | waiting 1.00s
2020-08-01 14:05:24.455312 | > DO_CALL (0.002s wait)
Joining, by = c("dat", "site", "s0", "n0")
2020-08-01 14:05:25.068973 | eval'd: drake::cmq_buildtargetmetadepsspecconfig_tmpconfig
2020-08-01 14:05:25.806205 | > DO_CALL (0.002s wait)
Joining, by = c("dat", "site", "s0", "n0")
2020-08-01 14:05:26.408433 | eval'd: drake::cmq_buildtargetmetadepsspecconfig_tmpconfig
2020-08-01 14:05:27.194159 | > DO_CALL (0.002s wait)
Joining, by = c("dat", "site", "s0", "n0")
2020-08-01 14:05:27.797375 | eval'd: drake::cmq_buildtargetmetadepsspecconfig_tmpconfig
2020-08-01 14:05:28.515024 | > DO_CALL (0.000s wait)
Joining, by = c("dat", "site", "s0", "n0")
2020-08-01 14:05:29.115023 | eval'd: drake::cmq_buildtargetmetadepsspecconfig_tmpconfig
2020-08-01 14:05:29.870998 | > DO_CALL (0.002s wait)
Joining, by = c("dat", "site", "s0", "n0")
2020-08-01 14:05:30.469408 | eval'd: drake::cmq_buildtargetmetadepsspecconfig_tmpconfig
2020-08-01 14:05:31.224167 | > DO_CALL (0.002s wait)
Joining, by = c("dat", "site", "s0", "n0")
2020-08-01 14:05:31.821434 | eval'd: drake::cmq_buildtargetmetadepsspecconfig_tmpconfig
2020-08-01 14:05:32.642254 | > DO_CALL (0.002s wait)
Joining, by = c("dat", "site", "s0", "n0")
2020-08-01 14:05:33.243919 | eval'd: drake::cmq_buildtargetmetadepsspecconfig_tmpconfig
2020-08-01 14:05:33.939591 | > DO_CALL (0.001s wait)
Joining, by = c("dat", "site", "s0", "n0")
2020-08-01 14:05:34.536933 | eval'd: drake::cmq_buildtargetmetadepsspecconfig_tmpconfig
2020-08-01 14:05:35.209230 | > DO_CALL (0.000s wait)
Joining, by = c("dat", "site", "s0", "n0")
2020-08-01 14:05:35.809047 | eval'd: drake::cmq_buildtargetmetadepsspecconfig_tmpconfig
2020-08-01 14:05:36.580946 | > DO_CALL (0.001s wait)
Joining, by = c("dat", "site", "s0", "n0")
2020-08-01 14:05:37.178224 | eval'd: drake::cmq_buildtargetmetadepsspecconfig_tmpconfig
2020-08-01 14:05:37.995921 | > DO_CALL (0.002s wait)
Joining, by = c("dat", "site", "s0", "n0")
2020-08-01 14:05:38.569512 | eval'd: drake::cmq_buildtargetmetadepsspecconfig_tmpconfig
2020-08-01 14:05:39.326089 | > DO_CALL (0.000s wait)
Joining, by = c("dat", "site", "s0", "n0")
2020-08-01 14:05:39.935200 | eval'd: drake::cmq_buildtargetmetadepsspecconfig_tmpconfig
2020-08-01 14:05:40.655040 | > DO_CALL (0.002s wait)
Joining, by = c("dat", "site", "s0", "n0")
2020-08-01 14:05:41.259580 | eval'd: drake::cmq_buildtargetmetadepsspecconfig_tmpconfig
2020-08-01 14:05:42.013219 | > DO_CALL (0.001s wait)
Joining, by = c("dat", "site", "s0", "n0")
2020-08-01 14:05:42.615319 | eval'd: drake::cmq_buildtargetmetadepsspecconfig_tmpconfig
2020-08-01 14:05:43.527188 | > DO_CALL (0.002s wait)
Joining, by = c("dat", "site", "s0", "n0")
2020-08-01 14:05:44.130294 | eval'd: drake::cmq_buildtargetmetadepsspecconfig_tmpconfig
2020-08-01 14:05:44.816307 | > DO_CALL (0.001s wait)
Joining, by = c("dat", "site", "s0", "n0")
2020-08-01 14:05:45.417001 | eval'd: drake::cmq_buildtargetmetadepsspecconfig_tmpconfig
2020-08-01 14:05:46.178258 | > DO_CALL (0.000s wait)
Joining, by = c("dat", "site", "s0", "n0")
2020-08-01 14:05:46.790618 | eval'd: drake::cmq_buildtargetmetadepsspecconfig_tmpconfig
2020-08-01 14:05:47.407744 | > DO_CALL (0.002s wait)
Joining, by = c("dat", "site", "s0", "n0")
2020-08-01 14:05:48.012404 | eval'd: drake::cmq_buildtargetmetadepsspecconfig_tmpconfig
2020-08-01 14:05:48.793326 | > DO_CALL (0.000s wait)
Joining, by = c("dat", "site", "s0", "n0")
2020-08-01 14:05:49.433937 | eval'd: drake::cmq_buildtargetmetadepsspecconfig_tmpconfig
2020-08-01 14:05:50.122701 | > DO_CALL (0.001s wait)
Joining, by = c("dat", "site", "s0", "n0")
2020-08-01 14:05:50.701581 | eval'd: drake::cmq_buildtargetmetadepsspecconfig_tmpconfig
2020-08-01 14:05:51.480638 | > DO_CALL (0.001s wait)
Joining, by = c("dat", "site", "s0", "n0")
2020-08-01 14:05:52.067440 | eval'd: drake::cmq_buildtargetmetadepsspecconfig_tmpconfig
2020-08-01 14:05:52.835333 | > DO_CALL (0.002s wait)
Joining, by = c("dat", "site", "s0", "n0")
2020-08-01 14:05:53.428832 | eval'd: drake::cmq_buildtargetmetadepsspecconfig_tmpconfig
2020-08-01 14:05:54.134833 | > DO_CALL (0.001s wait)
Joining, by = c("dat", "site", "s0", "n0")
2020-08-01 14:05:54.730350 | eval'd: drake::cmq_buildtargetmetadepsspecconfig_tmpconfig
2020-08-01 14:05:55.447875 | > DO_CALL (0.001s wait)
Joining, by = c("dat", "site", "s0", "n0")
2020-08-01 14:05:56.036754 | eval'd: drake::cmq_buildtargetmetadepsspecconfig_tmpconfig
2020-08-01 14:05:56.776791 | > DO_CALL (0.001s wait)
Joining, by = c("dat", "site", "s0", "n0")
2020-08-01 14:05:57.372373 | eval'd: drake::cmq_buildtargetmetadepsspecconfig_tmpconfig
2020-08-01 14:05:58.135178 | > DO_CALL (0.002s wait)
Joining, by = c("dat", "site", "s0", "n0")
2020-08-01 14:05:58.720458 | eval'd: drake::cmq_buildtargetmetadepsspecconfig_tmpconfig
2020-08-01 14:05:59.499791 | > DO_CALL (0.002s wait)
Joining, by = c("dat", "site", "s0", "n0")
2020-08-01 14:06:00.091165 | eval'd: drake::cmq_buildtargetmetadepsspecconfig_tmpconfig
2020-08-01 14:06:00.877628 | > DO_CALL (0.001s wait)
Joining, by = c("dat", "site", "s0", "n0")
2020-08-01 14:06:01.470000 | eval'd: drake::cmq_buildtargetmetadepsspecconfig_tmpconfig
2020-08-01 14:06:02.224799 | > DO_CALL (0.002s wait)
Joining, by = c("dat", "site", "s0", "n0")
2020-08-01 14:06:02.807583 | eval'd: drake::cmq_buildtargetmetadepsspecconfig_tmpconfig
2020-08-01 14:06:03.585286 | > DO_CALL (0.000s wait)
Joining, by = c("dat", "site", "s0", "n0")
2020-08-01 14:06:04.172434 | eval'd: drake::cmq_buildtargetmetadepsspecconfig_tmpconfig
2020-08-01 14:06:04.924800 | > DO_CALL (0.002s wait)
Joining, by = c("dat", "site", "s0", "n0")
2020-08-01 14:06:05.517174 | eval'd: drake::cmq_buildtargetmetadepsspecconfig_tmpconfig
2020-08-01 14:06:06.224477 | > DO_CALL (0.001s wait)
Joining, by = c("dat", "site", "s0", "n0")
2020-08-01 14:06:06.808555 | eval'd: drake::cmq_buildtargetmetadepsspecconfig_tmpconfig
2020-08-01 14:06:07.589035 | > DO_CALL (0.002s wait)
Joining, by = c("dat", "site", "s0", "n0")
2020-08-01 14:06:08.175157 | eval'd: drake::cmq_buildtargetmetadepsspecconfig_tmpconfig
2020-08-01 14:06:08.921766 | > DO_CALL (0.002s wait)
Joining, by = c("dat", "site", "s0", "n0")
2020-08-01 14:06:09.515168 | eval'd: drake::cmq_buildtargetmetadepsspecconfig_tmpconfig
2020-08-01 14:06:10.226267 | > DO_CALL (0.000s wait)
Joining, by = c("dat", "site", "s0", "n0")
2020-08-01 14:06:10.804933 | eval'd: drake::cmq_buildtargetmetadepsspecconfig_tmpconfig
2020-08-01 14:06:11.580418 | > DO_CALL (0.000s wait)
Joining, by = c("dat", "site", "s0", "n0")
2020-08-01 14:06:12.175637 | eval'd: drake::cmq_buildtargetmetadepsspecconfig_tmpconfig
2020-08-01 14:06:12.914984 | > DO_CALL (0.000s wait)
Joining, by = c("dat", "site", "s0", "n0")
2020-08-01 14:06:13.519938 | eval'd: drake::cmq_buildtargetmetadepsspecconfig_tmpconfig
2020-08-01 14:06:14.275225 | > DO_CALL (0.002s wait)
Joining, by = c("dat", "site", "s0", "n0")
2020-08-01 14:06:14.865396 | eval'd: drake::cmq_buildtargetmetadepsspecconfig_tmpconfig
2020-08-01 14:06:15.594351 | > DO_CALL (0.002s wait)
Joining, by = c("dat", "site", "s0", "n0")
2020-08-01 14:06:16.185804 | eval'd: drake::cmq_buildtargetmetadepsspecconfig_tmpconfig
2020-08-01 14:06:16.934269 | > DO_CALL (0.002s wait)
Joining, by = c("dat", "site", "s0", "n0")
2020-08-01 14:06:17.528861 | eval'd: drake::cmq_buildtargetmetadepsspecconfig_tmpconfig
2020-08-01 14:06:18.295489 | > DO_CALL (0.001s wait)
Joining, by = c("dat", "site", "s0", "n0")
2020-08-01 14:06:18.885751 | eval'd: drake::cmq_buildtargetmetadepsspecconfig_tmpconfig
2020-08-01 14:06:19.691219 | > WORKER_WAIT (0.000s wait)
2020-08-01 14:06:19.691546 | waiting 1.00s
2020-08-01 14:06:23.713219 | > WORKER_WAIT (0.000s wait)
2020-08-01 14:06:23.713588 | waiting 1.00s
2020-08-01 14:06:27.776881 | > WORKER_WAIT (0.000s wait)
2020-08-01 14:06:27.777170 | waiting 1.00s
2020-08-01 14:08:21.486988 | > WORKER_STOP (0.000s wait)
2020-08-01 14:08:21.489164 | shutting down worker
2020-08-01 14:08:21.807603 | 
Total: 254 in 714.68s [user], 11.85s [system], 1033.09s [elapsed]
There were 12 warnings (use warnings() to see them)
