2020-08-01 14:21:06.292134 | Master: tcp://c22a-s1.ufhpc:6107
2020-08-01 14:21:06.323250 | WORKER_UP to: tcp://c22a-s1.ufhpc:6107
2020-08-01 14:21:09.164168 | > DO_SETUP (2.791s wait)
2020-08-01 14:21:09.164701 | token from msg: set_common_data_token
2020-08-01 14:21:31.576337 | > DO_CALL (5.476s wait)
* Option 'clustermq.scheduler' not set, defaulting to ‘SLURM’
--- see: https://mschubert.github.io/clustermq/articles/userguide.html#configuration
2020-08-01 14:21:59.597559 | eval'd: drake::cmq_buildtargetmetadepsspecconfig_tmpconfig
2020-08-01 14:22:02.870522 | > DO_CALL (1.521s wait)
2020-08-01 14:22:13.680878 | eval'd: drake::cmq_buildtargetmetadepsspecconfig_tmpconfig
2020-08-01 14:22:15.980289 | > DO_CALL (1.323s wait)
2020-08-01 14:24:11.705338 | eval'd: drake::cmq_buildtargetmetadepsspecconfig_tmpconfig
2020-08-01 14:24:17.255504 | > DO_CALL (1.765s wait)
2020-08-01 14:26:46.860405 | eval'd: drake::cmq_buildtargetmetadepsspecconfig_tmpconfig
2020-08-01 14:27:04.441809 | > DO_CALL (1.548s wait)
2020-08-01 14:30:29.561706 | eval'd: drake::cmq_buildtargetmetadepsspecconfig_tmpconfig
2020-08-01 14:30:38.033062 | > DO_CALL (1.462s wait)
2020-08-01 14:31:39.572826 | eval'd: drake::cmq_buildtargetmetadepsspecconfig_tmpconfig
2020-08-01 14:31:43.248332 | > DO_CALL (1.333s wait)
2020-08-01 14:33:45.618829 | eval'd: drake::cmq_buildtargetmetadepsspecconfig_tmpconfig
2020-08-01 14:33:51.952730 | > DO_CALL (1.488s wait)
2020-08-01 14:34:52.460710 | eval'd: drake::cmq_buildtargetmetadepsspecconfig_tmpconfig
2020-08-01 14:34:55.512603 | > DO_CALL (1.279s wait)
2020-08-01 14:36:05.430144 | eval'd: drake::cmq_buildtargetmetadepsspecconfig_tmpconfig
2020-08-01 14:36:10.243857 | > DO_CALL (1.347s wait)
2020-08-01 14:38:14.158135 | eval'd: drake::cmq_buildtargetmetadepsspecconfig_tmpconfig
2020-08-01 14:38:19.357644 | > DO_CALL (1.463s wait)
2020-08-01 14:39:16.552338 | eval'd: drake::cmq_buildtargetmetadepsspecconfig_tmpconfig
2020-08-01 14:39:19.820571 | > DO_CALL (1.321s wait)
2020-08-01 14:40:07.210312 | eval'd: drake::cmq_buildtargetmetadepsspecconfig_tmpconfig
2020-08-01 14:40:10.468998 | > DO_CALL (1.323s wait)
2020-08-01 14:40:33.409288 | eval'd: drake::cmq_buildtargetmetadepsspecconfig_tmpconfig
2020-08-01 14:40:35.854389 | > DO_CALL (1.366s wait)
2020-08-01 14:42:38.030422 | eval'd: drake::cmq_buildtargetmetadepsspecconfig_tmpconfig
2020-08-01 14:42:42.853063 | > DO_CALL (1.584s wait)
2020-08-01 14:44:37.263237 | eval'd: drake::cmq_buildtargetmetadepsspecconfig_tmpconfig
2020-08-01 14:44:42.279742 | > DO_CALL (1.498s wait)
2020-08-01 14:45:02.263280 | eval'd: drake::cmq_buildtargetmetadepsspecconfig_tmpconfig
2020-08-01 14:45:13.294622 | > DO_CALL (1.351s wait)
2020-08-01 14:47:25.005541 | eval'd: drake::cmq_buildtargetmetadepsspecconfig_tmpconfig
2020-08-01 14:47:30.468619 | > DO_CALL (1.284s wait)
2020-08-01 14:47:50.544783 | eval'd: drake::cmq_buildtargetmetadepsspecconfig_tmpconfig
2020-08-01 14:47:51.095351 | > DO_CALL (0.070s wait)
2020-08-01 14:47:53.726400 | eval'd: drake::cmq_buildtargetmetadepsspecconfig_tmpconfig
2020-08-01 14:47:54.678848 | > DO_CALL (0.208s wait)
2020-08-01 14:47:58.109845 | eval'd: drake::cmq_buildtargetmetadepsspecconfig_tmpconfig
2020-08-01 14:47:58.890726 | > DO_CALL (0.160s wait)
2020-08-01 14:48:01.612015 | eval'd: drake::cmq_buildtargetmetadepsspecconfig_tmpconfig
2020-08-01 14:48:02.693096 | > DO_CALL (0.219s wait)
2020-08-01 14:48:05.495231 | eval'd: drake::cmq_buildtargetmetadepsspecconfig_tmpconfig
2020-08-01 14:48:05.657277 | > DO_CALL (0.035s wait)
2020-08-01 14:48:08.304563 | eval'd: drake::cmq_buildtargetmetadepsspecconfig_tmpconfig
2020-08-01 14:48:09.896073 | > DO_CALL (0.335s wait)
2020-08-01 14:48:12.832416 | eval'd: drake::cmq_buildtargetmetadepsspecconfig_tmpconfig
2020-08-01 14:48:14.754564 | > DO_CALL (0.104s wait)
2020-08-01 14:48:17.463289 | eval'd: drake::cmq_buildtargetmetadepsspecconfig_tmpconfig
2020-08-01 14:48:21.363853 | > DO_CALL (0.459s wait)
2020-08-01 14:48:24.240822 | eval'd: drake::cmq_buildtargetmetadepsspecconfig_tmpconfig
2020-08-01 14:48:32.141045 | > DO_CALL (0.027s wait)
2020-08-01 14:48:34.791838 | eval'd: drake::cmq_buildtargetmetadepsspecconfig_tmpconfig
2020-08-01 14:48:46.774567 | > DO_CALL (0.161s wait)
2020-08-01 14:48:49.499852 | eval'd: drake::cmq_buildtargetmetadepsspecconfig_tmpconfig
2020-08-01 14:49:02.335311 | > DO_CALL (0.672s wait)
2020-08-01 14:49:05.387356 | eval'd: drake::cmq_buildtargetmetadepsspecconfig_tmpconfig
2020-08-01 14:49:07.286573 | > DO_CALL (0.351s wait)
2020-08-01 14:49:10.172692 | eval'd: drake::cmq_buildtargetmetadepsspecconfig_tmpconfig
2020-08-01 14:49:14.029335 | > DO_CALL (0.208s wait)
2020-08-01 14:49:16.847676 | eval'd: drake::cmq_buildtargetmetadepsspecconfig_tmpconfig
2020-08-01 14:49:28.193972 | > DO_CALL (0.496s wait)
2020-08-01 14:49:31.206575 | eval'd: drake::cmq_buildtargetmetadepsspecconfig_tmpconfig
2020-08-01 14:49:34.742091 | > DO_CALL (0.112s wait)
2020-08-01 14:49:37.464755 | eval'd: drake::cmq_buildtargetmetadepsspecconfig_tmpconfig
2020-08-01 14:49:51.321335 | > DO_CALL (0.248s wait)
2020-08-01 14:49:54.223717 | eval'd: drake::cmq_buildtargetmetadepsspecconfig_tmpconfig
2020-08-01 14:49:59.385704 | > DO_CALL (0.153s wait)
2020-08-01 14:50:02.157649 | eval'd: drake::cmq_buildtargetmetadepsspecconfig_tmpconfig
2020-08-01 14:50:12.594318 | > DO_CALL (0.359s wait)
2020-08-01 14:50:15.537582 | eval'd: drake::cmq_buildtargetmetadepsspecconfig_tmpconfig
2020-08-01 14:50:21.524516 | > DO_CALL (0.188s wait)
2020-08-01 14:50:24.393694 | eval'd: drake::cmq_buildtargetmetadepsspecconfig_tmpconfig
2020-08-01 14:50:32.269278 | > DO_CALL (0.020s wait)
2020-08-01 14:50:34.938102 | eval'd: drake::cmq_buildtargetmetadepsspecconfig_tmpconfig
2020-08-01 14:50:41.466069 | > DO_CALL (0.358s wait)
2020-08-01 14:50:44.369086 | eval'd: drake::cmq_buildtargetmetadepsspecconfig_tmpconfig
2020-08-01 14:50:56.060806 | > DO_CALL (0.684s wait)
2020-08-01 14:50:59.244338 | eval'd: drake::cmq_buildtargetmetadepsspecconfig_tmpconfig
2020-08-01 14:51:12.747422 | > DO_CALL (0.070s wait)
2020-08-01 14:51:15.456161 | eval'd: drake::cmq_buildtargetmetadepsspecconfig_tmpconfig
2020-08-01 14:51:26.172845 | > DO_CALL (0.484s wait)
2020-08-01 14:51:29.175477 | eval'd: drake::cmq_buildtargetmetadepsspecconfig_tmpconfig
2020-08-01 14:51:35.947559 | > DO_CALL (0.032s wait)
2020-08-01 14:51:38.703285 | eval'd: drake::cmq_buildtargetmetadepsspecconfig_tmpconfig
2020-08-01 14:51:47.791725 | > DO_CALL (0.270s wait)
2020-08-01 14:51:50.759750 | eval'd: drake::cmq_buildtargetmetadepsspecconfig_tmpconfig
2020-08-01 14:52:00.257529 | > DO_CALL (0.273s wait)
2020-08-01 14:52:03.207025 | eval'd: drake::cmq_buildtargetmetadepsspecconfig_tmpconfig
2020-08-01 14:52:15.504073 | > DO_CALL (0.230s wait)
2020-08-01 14:52:18.451138 | eval'd: drake::cmq_buildtargetmetadepsspecconfig_tmpconfig
2020-08-01 14:52:31.891796 | > DO_CALL (0.390s wait)
2020-08-01 14:52:34.921056 | eval'd: drake::cmq_buildtargetmetadepsspecconfig_tmpconfig
2020-08-01 14:52:50.338310 | > DO_CALL (0.405s wait)
2020-08-01 14:52:53.483493 | eval'd: drake::cmq_buildtargetmetadepsspecconfig_tmpconfig
2020-08-01 14:53:07.467394 | > DO_CALL (0.481s wait)
2020-08-01 14:53:10.601418 | eval'd: drake::cmq_buildtargetmetadepsspecconfig_tmpconfig
2020-08-01 14:53:10.660887 | > DO_CALL (0.002s wait)
Joining, by = c("dat", "site", "s0", "n0")
2020-08-01 14:53:12.200934 | eval'd: drake::cmq_buildtargetmetadepsspecconfig_tmpconfig
2020-08-01 14:53:12.499004 | > DO_CALL (0.002s wait)
Joining, by = c("dat", "site", "s0", "n0")
2020-08-01 14:53:14.808887 | eval'd: drake::cmq_buildtargetmetadepsspecconfig_tmpconfig
2020-08-01 14:53:16.671511 | > DO_CALL (0.002s wait)
Joining, by = c("dat", "site", "s0", "n0")
2020-08-01 14:53:18.243717 | eval'd: drake::cmq_buildtargetmetadepsspecconfig_tmpconfig
2020-08-01 14:53:18.377507 | > DO_CALL (0.002s wait)
Joining, by = c("dat", "site", "s0", "n0")
2020-08-01 14:53:19.963895 | eval'd: drake::cmq_buildtargetmetadepsspecconfig_tmpconfig
2020-08-01 14:53:20.010740 | > DO_CALL (0.002s wait)
Joining, by = c("dat", "site", "s0", "n0")
2020-08-01 14:53:21.570704 | eval'd: drake::cmq_buildtargetmetadepsspecconfig_tmpconfig
2020-08-01 14:53:21.617196 | > DO_CALL (0.002s wait)
Joining, by = c("dat", "site", "s0", "n0")
2020-08-01 14:53:23.178210 | eval'd: drake::cmq_buildtargetmetadepsspecconfig_tmpconfig
2020-08-01 14:53:23.224916 | > DO_CALL (0.002s wait)
Joining, by = c("dat", "site", "s0", "n0")
2020-08-01 14:53:24.797328 | eval'd: drake::cmq_buildtargetmetadepsspecconfig_tmpconfig
2020-08-01 14:53:24.845820 | > DO_CALL (0.002s wait)
Joining, by = c("dat", "site", "s0", "n0")
2020-08-01 14:53:26.368743 | eval'd: drake::cmq_buildtargetmetadepsspecconfig_tmpconfig
2020-08-01 14:53:27.827944 | > DO_CALL (0.003s wait)
Joining, by = c("dat", "site", "s0", "n0")
2020-08-01 14:53:29.460730 | eval'd: drake::cmq_buildtargetmetadepsspecconfig_tmpconfig
2020-08-01 14:53:31.815270 | > DO_CALL (0.002s wait)
Joining, by = c("dat", "site", "s0", "n0")
2020-08-01 14:53:33.399805 | eval'd: drake::cmq_buildtargetmetadepsspecconfig_tmpconfig
2020-08-01 14:53:33.531720 | > DO_CALL (0.003s wait)
Joining, by = c("dat", "site", "s0", "n0")
2020-08-01 14:53:35.086259 | eval'd: drake::cmq_buildtargetmetadepsspecconfig_tmpconfig
2020-08-01 14:53:35.186024 | > DO_CALL (0.002s wait)
Joining, by = c("dat", "site", "s0", "n0")
2020-08-01 14:53:36.729684 | eval'd: drake::cmq_buildtargetmetadepsspecconfig_tmpconfig
2020-08-01 14:53:36.776117 | > DO_CALL (0.002s wait)
Joining, by = c("dat", "site", "s0", "n0")
2020-08-01 14:53:38.373006 | eval'd: drake::cmq_buildtargetmetadepsspecconfig_tmpconfig
2020-08-01 14:53:38.416940 | > DO_CALL (0.002s wait)
Joining, by = c("dat", "site", "s0", "n0")
2020-08-01 14:53:40.002613 | eval'd: drake::cmq_buildtargetmetadepsspecconfig_tmpconfig
2020-08-01 14:53:44.319111 | > DO_CALL (0.002s wait)
Joining, by = c("dat", "site", "s0", "n0")
2020-08-01 14:53:45.894241 | eval'd: drake::cmq_buildtargetmetadepsspecconfig_tmpconfig
2020-08-01 14:53:45.940283 | > DO_CALL (0.002s wait)
Joining, by = c("dat", "site", "s0", "n0")
2020-08-01 14:53:47.520301 | eval'd: drake::cmq_buildtargetmetadepsspecconfig_tmpconfig
2020-08-01 14:53:47.638197 | > DO_CALL (0.002s wait)
Joining, by = c("dat", "site", "s0", "n0")
2020-08-01 14:53:49.221609 | eval'd: drake::cmq_buildtargetmetadepsspecconfig_tmpconfig
2020-08-01 14:53:49.289413 | > DO_CALL (0.002s wait)
Joining, by = c("dat", "site", "s0", "n0")
2020-08-01 14:53:50.859695 | eval'd: drake::cmq_buildtargetmetadepsspecconfig_tmpconfig
2020-08-01 14:53:50.904704 | > DO_CALL (0.003s wait)
Joining, by = c("dat", "site", "s0", "n0")
2020-08-01 14:53:52.530183 | eval'd: drake::cmq_buildtargetmetadepsspecconfig_tmpconfig
2020-08-01 14:53:56.312756 | > DO_CALL (0.003s wait)
Joining, by = c("dat", "site", "s0", "n0")
2020-08-01 14:53:57.897477 | eval'd: drake::cmq_buildtargetmetadepsspecconfig_tmpconfig
2020-08-01 14:53:57.970558 | > DO_CALL (0.002s wait)
Joining, by = c("dat", "site", "s0", "n0")
2020-08-01 14:53:59.568684 | eval'd: drake::cmq_buildtargetmetadepsspecconfig_tmpconfig
2020-08-01 14:53:59.618830 | > DO_CALL (0.003s wait)
Joining, by = c("dat", "site", "s0", "n0")
2020-08-01 14:54:01.257933 | eval'd: drake::cmq_buildtargetmetadepsspecconfig_tmpconfig
2020-08-01 14:54:01.304223 | > DO_CALL (0.002s wait)
Joining, by = c("dat", "site", "s0", "n0")
2020-08-01 14:54:02.891900 | eval'd: drake::cmq_buildtargetmetadepsspecconfig_tmpconfig
2020-08-01 14:54:02.968946 | > DO_CALL (0.002s wait)
Joining, by = c("dat", "site", "s0", "n0")
2020-08-01 14:54:04.549082 | eval'd: drake::cmq_buildtargetmetadepsspecconfig_tmpconfig
2020-08-01 14:54:04.574501 | > WORKER_WAIT (0.000s wait)
2020-08-01 14:54:04.574851 | waiting 1.00s
2020-08-01 14:54:08.273308 | > WORKER_WAIT (0.000s wait)
2020-08-01 14:54:08.273765 | waiting 1.00s
2020-08-01 14:54:35.355998 | > WORKER_STOP (0.000s wait)
2020-08-01 14:54:35.358391 | shutting down worker
2020-08-01 14:54:36.161966 | 
Total: 73 in 1647.27s [user], 13.15s [system], 2009.04s [elapsed]
