2020-08-01 14:27:06.274420 | Master: tcp://c22a-s1.ufhpc:8674
2020-08-01 14:27:06.291082 | WORKER_UP to: tcp://c22a-s1.ufhpc:8674
2020-08-01 14:27:08.847852 | > DO_SETUP (2.178s wait)
2020-08-01 14:27:08.848491 | token from msg: set_common_data_token
2020-08-01 14:28:20.900010 | > DO_CALL (23.281s wait)
* Option 'clustermq.scheduler' not set, defaulting to ‘SLURM’
--- see: https://mschubert.github.io/clustermq/articles/userguide.html#configuration
2020-08-01 14:29:04.179069 | eval'd: drake::cmq_buildtargetmetadepsspecconfig_tmpconfig
2020-08-01 14:29:22.475850 | > DO_CALL (5.409s wait)
2020-08-01 14:31:21.523753 | eval'd: drake::cmq_buildtargetmetadepsspecconfig_tmpconfig
2020-08-01 14:31:36.262929 | > DO_CALL (5.374s wait)
2020-08-01 14:31:59.599227 | eval'd: drake::cmq_buildtargetmetadepsspecconfig_tmpconfig
2020-08-01 14:32:19.557037 | > DO_CALL (5.372s wait)
2020-08-01 14:32:27.020602 | eval'd: drake::cmq_buildtargetmetadepsspecconfig_tmpconfig
2020-08-01 14:32:58.228230 | > DO_CALL (5.435s wait)
2020-08-01 14:33:38.440141 | eval'd: drake::cmq_buildtargetmetadepsspecconfig_tmpconfig
2020-08-01 14:34:04.220754 | > DO_CALL (5.256s wait)
2020-08-01 14:34:13.729652 | eval'd: drake::cmq_buildtargetmetadepsspecconfig_tmpconfig
2020-08-01 14:34:42.685917 | > DO_CALL (5.087s wait)
2020-08-01 14:34:56.537253 | eval'd: drake::cmq_buildtargetmetadepsspecconfig_tmpconfig
2020-08-01 14:35:25.943852 | > DO_CALL (5.710s wait)
2020-08-01 14:35:49.251901 | eval'd: drake::cmq_buildtargetmetadepsspecconfig_tmpconfig
2020-08-01 14:36:10.549154 | > DO_CALL (5.424s wait)
2020-08-01 14:37:44.169170 | eval'd: drake::cmq_buildtargetmetadepsspecconfig_tmpconfig
2020-08-01 14:37:58.813810 | > DO_CALL (4.991s wait)
2020-08-01 14:38:13.112828 | eval'd: drake::cmq_buildtargetmetadepsspecconfig_tmpconfig
2020-08-01 14:38:38.567172 | > DO_CALL (5.284s wait)
2020-08-01 15:06:14.569606 | eval'd: drake::cmq_buildtargetmetadepsspecconfig_tmpconfig
2020-08-01 15:06:24.085258 | > DO_CALL (5.908s wait)
2020-08-01 15:06:32.621660 | eval'd: drake::cmq_buildtargetmetadepsspecconfig_tmpconfig
2020-08-01 15:06:42.798008 | > DO_CALL (4.908s wait)
2020-08-01 15:06:55.262290 | eval'd: drake::cmq_buildtargetmetadepsspecconfig_tmpconfig
2020-08-01 15:07:10.397927 | > DO_CALL (5.684s wait)
2020-08-01 15:07:37.449482 | eval'd: drake::cmq_buildtargetmetadepsspecconfig_tmpconfig
2020-08-01 15:07:57.694251 | > DO_CALL (4.691s wait)
2020-08-01 15:08:21.379082 | eval'd: drake::cmq_buildtargetmetadepsspecconfig_tmpconfig
2020-08-01 15:08:36.964999 | > DO_CALL (5.122s wait)
2020-08-01 15:09:17.023857 | eval'd: drake::cmq_buildtargetmetadepsspecconfig_tmpconfig
2020-08-01 15:09:39.434849 | > DO_CALL (6.697s wait)
2020-08-01 15:09:54.663535 | eval'd: drake::cmq_buildtargetmetadepsspecconfig_tmpconfig
2020-08-01 15:10:17.651664 | > DO_CALL (5.256s wait)
2020-08-01 15:10:25.898803 | eval'd: drake::cmq_buildtargetmetadepsspecconfig_tmpconfig
2020-08-01 15:10:46.666378 | > DO_CALL (5.041s wait)
2020-08-01 15:10:52.756395 | eval'd: drake::cmq_buildtargetmetadepsspecconfig_tmpconfig
2020-08-01 15:11:14.362103 | > DO_CALL (4.720s wait)
2020-08-01 15:11:40.860952 | eval'd: drake::cmq_buildtargetmetadepsspecconfig_tmpconfig
2020-08-01 15:11:57.239751 | > DO_CALL (5.049s wait)
2020-08-01 15:12:57.298949 | eval'd: drake::cmq_buildtargetmetadepsspecconfig_tmpconfig
2020-08-01 15:13:15.617616 | > DO_CALL (6.729s wait)
2020-08-01 15:13:43.313530 | eval'd: drake::cmq_buildtargetmetadepsspecconfig_tmpconfig
2020-08-01 15:13:57.422211 | > DO_CALL (5.968s wait)
2020-08-01 15:14:18.631458 | eval'd: drake::cmq_buildtargetmetadepsspecconfig_tmpconfig
2020-08-01 15:14:38.142776 | > DO_CALL (4.953s wait)
2020-08-01 15:14:44.895925 | eval'd: drake::cmq_buildtargetmetadepsspecconfig_tmpconfig
2020-08-01 15:15:04.812776 | > DO_CALL (5.821s wait)
2020-08-01 15:16:00.847877 | eval'd: drake::cmq_buildtargetmetadepsspecconfig_tmpconfig
2020-08-01 15:16:11.523171 | > DO_CALL (5.627s wait)
2020-08-01 15:16:30.005694 | eval'd: drake::cmq_buildtargetmetadepsspecconfig_tmpconfig
2020-08-01 15:16:43.037213 | > DO_CALL (5.147s wait)
2020-08-01 15:17:03.570502 | eval'd: drake::cmq_buildtargetmetadepsspecconfig_tmpconfig
2020-08-01 15:17:15.441848 | > DO_CALL (5.935s wait)
2020-08-01 15:33:04.799396 | eval'd: drake::cmq_buildtargetmetadepsspecconfig_tmpconfig
2020-08-01 15:33:21.618627 | > DO_CALL (5.942s wait)
2020-08-01 15:33:53.710302 | eval'd: drake::cmq_buildtargetmetadepsspecconfig_tmpconfig
2020-08-01 15:34:03.656586 | > DO_CALL (5.002s wait)
2020-08-01 15:34:11.867964 | eval'd: drake::cmq_buildtargetmetadepsspecconfig_tmpconfig
2020-08-01 15:34:21.666779 | > DO_CALL (5.300s wait)
2020-08-01 15:34:25.405210 | eval'd: drake::cmq_buildtargetmetadepsspecconfig_tmpconfig
2020-08-01 15:34:40.215627 | > DO_CALL (4.959s wait)
2020-08-01 15:34:47.087428 | eval'd: drake::cmq_buildtargetmetadepsspecconfig_tmpconfig
2020-08-01 15:34:56.663606 | > DO_CALL (5.020s wait)
2020-08-01 15:35:08.820743 | eval'd: drake::cmq_buildtargetmetadepsspecconfig_tmpconfig
2020-08-01 15:35:18.919041 | > DO_CALL (5.281s wait)
2020-08-01 15:35:40.526060 | eval'd: drake::cmq_buildtargetmetadepsspecconfig_tmpconfig
2020-08-01 15:35:53.746507 | > DO_CALL (5.075s wait)
2020-08-01 15:36:13.339428 | eval'd: drake::cmq_buildtargetmetadepsspecconfig_tmpconfig
2020-08-01 15:36:23.007298 | > DO_CALL (6.428s wait)
2020-08-01 15:37:00.210051 | eval'd: drake::cmq_buildtargetmetadepsspecconfig_tmpconfig
2020-08-01 15:37:15.919235 | > DO_CALL (6.142s wait)
2020-08-01 15:37:29.163157 | eval'd: drake::cmq_buildtargetmetadepsspecconfig_tmpconfig
2020-08-01 15:37:43.285486 | > DO_CALL (5.062s wait)
2020-08-01 15:37:49.187133 | eval'd: drake::cmq_buildtargetmetadepsspecconfig_tmpconfig
2020-08-01 15:38:03.069620 | > DO_CALL (5.754s wait)
2020-08-01 15:38:19.267623 | eval'd: drake::cmq_buildtargetmetadepsspecconfig_tmpconfig
2020-08-01 15:38:28.546945 | > DO_CALL (6.053s wait)
2020-08-01 15:38:42.292980 | eval'd: drake::cmq_buildtargetmetadepsspecconfig_tmpconfig
2020-08-01 15:38:52.852338 | > DO_CALL (5.361s wait)
2020-08-01 15:38:57.826306 | eval'd: drake::cmq_buildtargetmetadepsspecconfig_tmpconfig
2020-08-01 15:39:22.415660 | > DO_CALL (4.879s wait)
2020-08-01 15:39:29.300342 | eval'd: drake::cmq_buildtargetmetadepsspecconfig_tmpconfig
2020-08-01 15:39:42.156355 | > DO_CALL (5.420s wait)
2020-08-01 15:40:03.577931 | eval'd: drake::cmq_buildtargetmetadepsspecconfig_tmpconfig
2020-08-01 15:40:22.396214 | > DO_CALL (5.522s wait)
2020-08-01 15:40:28.358605 | eval'd: drake::cmq_buildtargetmetadepsspecconfig_tmpconfig
2020-08-01 15:40:59.939453 | > DO_CALL (5.193s wait)
2020-08-01 15:42:25.728152 | eval'd: drake::cmq_buildtargetmetadepsspecconfig_tmpconfig
2020-08-01 15:42:38.852939 | > DO_CALL (5.096s wait)
2020-08-01 15:42:56.230319 | eval'd: drake::cmq_buildtargetmetadepsspecconfig_tmpconfig
2020-08-01 15:43:07.846320 | > DO_CALL (5.103s wait)
2020-08-01 15:43:42.127877 | eval'd: drake::cmq_buildtargetmetadepsspecconfig_tmpconfig
2020-08-01 15:44:24.062521 | > DO_CALL (6.716s wait)
2020-08-01 15:46:01.016303 | eval'd: drake::cmq_buildtargetmetadepsspecconfig_tmpconfig
2020-08-01 15:46:16.235158 | > DO_CALL (6.667s wait)
2020-08-01 15:49:55.041059 | eval'd: drake::cmq_buildtargetmetadepsspecconfig_tmpconfig
2020-08-01 15:49:55.728358 | > DO_CALL (0.030s wait)
2020-08-01 15:50:03.456455 | eval'd: drake::cmq_buildtargetmetadepsspecconfig_tmpconfig
2020-08-01 15:50:03.507345 | > DO_CALL (0.000s wait)
2020-08-01 15:50:14.359512 | eval'd: drake::cmq_buildtargetmetadepsspecconfig_tmpconfig
2020-08-01 15:50:14.700919 | > DO_CALL (0.069s wait)
2020-08-01 15:50:24.052326 | eval'd: drake::cmq_buildtargetmetadepsspecconfig_tmpconfig
2020-08-01 15:50:24.235164 | > DO_CALL (0.017s wait)
2020-08-01 15:50:31.914354 | eval'd: drake::cmq_buildtargetmetadepsspecconfig_tmpconfig
2020-08-01 15:50:31.972310 | > DO_CALL (0.001s wait)
2020-08-01 15:50:38.985142 | eval'd: drake::cmq_buildtargetmetadepsspecconfig_tmpconfig
2020-08-01 15:50:39.097639 | > DO_CALL (0.019s wait)
2020-08-01 15:50:46.806883 | eval'd: drake::cmq_buildtargetmetadepsspecconfig_tmpconfig
2020-08-01 15:50:46.861601 | > DO_CALL (0.001s wait)
2020-08-01 15:50:54.563293 | eval'd: drake::cmq_buildtargetmetadepsspecconfig_tmpconfig
2020-08-01 15:50:54.757185 | > DO_CALL (0.050s wait)
2020-08-01 15:51:03.143627 | eval'd: drake::cmq_buildtargetmetadepsspecconfig_tmpconfig
2020-08-01 15:51:03.265807 | > DO_CALL (0.022s wait)
2020-08-01 15:51:11.005222 | eval'd: drake::cmq_buildtargetmetadepsspecconfig_tmpconfig
2020-08-01 15:51:11.302718 | > DO_CALL (0.001s wait)
2020-08-01 15:51:19.144026 | eval'd: drake::cmq_buildtargetmetadepsspecconfig_tmpconfig
2020-08-01 15:51:19.301228 | > DO_CALL (0.037s wait)
2020-08-01 15:51:28.675109 | eval'd: drake::cmq_buildtargetmetadepsspecconfig_tmpconfig
2020-08-01 15:51:28.865849 | > DO_CALL (0.041s wait)
2020-08-01 15:51:37.314896 | eval'd: drake::cmq_buildtargetmetadepsspecconfig_tmpconfig
2020-08-01 15:51:37.454187 | > DO_CALL (0.022s wait)
2020-08-01 15:51:45.850729 | eval'd: drake::cmq_buildtargetmetadepsspecconfig_tmpconfig
2020-08-01 15:51:46.209810 | > DO_CALL (0.042s wait)
2020-08-01 15:51:54.847284 | eval'd: drake::cmq_buildtargetmetadepsspecconfig_tmpconfig
2020-08-01 15:51:54.991562 | > DO_CALL (0.031s wait)
2020-08-01 15:52:02.713171 | eval'd: drake::cmq_buildtargetmetadepsspecconfig_tmpconfig
2020-08-01 15:52:02.962075 | > DO_CALL (0.063s wait)
2020-08-01 15:52:10.843742 | eval'd: drake::cmq_buildtargetmetadepsspecconfig_tmpconfig
2020-08-01 15:52:10.967616 | > DO_CALL (0.022s wait)
2020-08-01 15:52:19.450157 | eval'd: drake::cmq_buildtargetmetadepsspecconfig_tmpconfig
2020-08-01 15:52:19.600065 | > DO_CALL (0.023s wait)
2020-08-01 15:52:28.794045 | eval'd: drake::cmq_buildtargetmetadepsspecconfig_tmpconfig
2020-08-01 15:52:28.928255 | > DO_CALL (0.026s wait)
2020-08-01 15:52:37.380300 | eval'd: drake::cmq_buildtargetmetadepsspecconfig_tmpconfig
2020-08-01 15:52:37.683149 | > DO_CALL (0.081s wait)
2020-08-01 15:52:45.630211 | eval'd: drake::cmq_buildtargetmetadepsspecconfig_tmpconfig
2020-08-01 15:52:45.815605 | > DO_CALL (0.044s wait)
2020-08-01 15:52:54.411656 | eval'd: drake::cmq_buildtargetmetadepsspecconfig_tmpconfig
2020-08-01 15:52:54.591581 | > DO_CALL (0.039s wait)
2020-08-01 15:53:03.774549 | eval'd: drake::cmq_buildtargetmetadepsspecconfig_tmpconfig
2020-08-01 15:53:03.995962 | > DO_CALL (0.053s wait)
2020-08-01 15:53:12.084518 | eval'd: drake::cmq_buildtargetmetadepsspecconfig_tmpconfig
2020-08-01 15:53:12.203738 | > DO_CALL (0.022s wait)
2020-08-01 15:53:21.271995 | eval'd: drake::cmq_buildtargetmetadepsspecconfig_tmpconfig
2020-08-01 15:53:21.339691 | > DO_CALL (0.005s wait)
2020-08-01 15:53:28.714356 | eval'd: drake::cmq_buildtargetmetadepsspecconfig_tmpconfig
2020-08-01 15:53:28.910855 | > DO_CALL (0.048s wait)
2020-08-01 15:53:36.686820 | eval'd: drake::cmq_buildtargetmetadepsspecconfig_tmpconfig
2020-08-01 15:53:37.260036 | > DO_CALL (0.119s wait)
2020-08-01 15:53:45.818956 | eval'd: drake::cmq_buildtargetmetadepsspecconfig_tmpconfig
2020-08-01 15:53:46.277344 | > DO_CALL (0.014s wait)
2020-08-01 15:53:53.869428 | eval'd: drake::cmq_buildtargetmetadepsspecconfig_tmpconfig
2020-08-01 15:53:54.053214 | > DO_CALL (0.042s wait)
2020-08-01 15:54:01.605830 | eval'd: drake::cmq_buildtargetmetadepsspecconfig_tmpconfig
2020-08-01 15:54:01.768462 | > DO_CALL (0.032s wait)
2020-08-01 15:54:09.665303 | eval'd: drake::cmq_buildtargetmetadepsspecconfig_tmpconfig
2020-08-01 15:54:09.812942 | > DO_CALL (0.030s wait)
2020-08-01 15:54:18.217559 | eval'd: drake::cmq_buildtargetmetadepsspecconfig_tmpconfig
2020-08-01 15:54:18.286934 | > DO_CALL (0.007s wait)
2020-08-01 15:54:25.801496 | eval'd: drake::cmq_buildtargetmetadepsspecconfig_tmpconfig
2020-08-01 15:54:25.870022 | > DO_CALL (0.007s wait)
2020-08-01 15:54:33.693251 | eval'd: drake::cmq_buildtargetmetadepsspecconfig_tmpconfig
2020-08-01 15:54:33.827089 | > DO_CALL (0.030s wait)
2020-08-01 15:54:42.279329 | eval'd: drake::cmq_buildtargetmetadepsspecconfig_tmpconfig
2020-08-01 15:54:42.406233 | > DO_CALL (0.009s wait)
2020-08-01 15:54:51.552116 | eval'd: drake::cmq_buildtargetmetadepsspecconfig_tmpconfig
2020-08-01 15:54:51.607997 | > DO_CALL (0.002s wait)
Joining, by = c("dat", "site", "s0", "n0")
2020-08-01 15:54:56.277155 | eval'd: drake::cmq_buildtargetmetadepsspecconfig_tmpconfig
2020-08-01 15:54:56.427806 | > DO_CALL (0.034s wait)
2020-08-01 15:55:04.240566 | eval'd: drake::cmq_buildtargetmetadepsspecconfig_tmpconfig
2020-08-01 15:55:04.334553 | > DO_CALL (0.003s wait)
Joining, by = c("dat", "site", "s0", "n0")
2020-08-01 15:55:12.127341 | eval'd: drake::cmq_buildtargetmetadepsspecconfig_tmpconfig
2020-08-01 15:55:12.421514 | > DO_CALL (0.000s wait)
Joining, by = c("dat", "site", "s0", "n0")
2020-08-01 15:55:17.916842 | eval'd: drake::cmq_buildtargetmetadepsspecconfig_tmpconfig
2020-08-01 15:55:17.957127 | > DO_CALL (0.000s wait)
Joining, by = c("dat", "site", "s0", "n0")
2020-08-01 15:55:22.684490 | eval'd: drake::cmq_buildtargetmetadepsspecconfig_tmpconfig
2020-08-01 15:55:22.732335 | > DO_CALL (0.002s wait)
Joining, by = c("dat", "site", "s0", "n0")
2020-08-01 15:55:28.338574 | eval'd: drake::cmq_buildtargetmetadepsspecconfig_tmpconfig
2020-08-01 15:55:29.005452 | > DO_CALL (0.002s wait)
Joining, by = c("dat", "site", "s0", "n0")
2020-08-01 15:55:33.758118 | eval'd: drake::cmq_buildtargetmetadepsspecconfig_tmpconfig
2020-08-01 15:55:33.802591 | > DO_CALL (0.003s wait)
Joining, by = c("dat", "site", "s0", "n0")
2020-08-01 15:55:38.618120 | eval'd: drake::cmq_buildtargetmetadepsspecconfig_tmpconfig
2020-08-01 15:55:38.662242 | > DO_CALL (0.002s wait)
Joining, by = c("dat", "site", "s0", "n0")
2020-08-01 15:55:44.275649 | eval'd: drake::cmq_buildtargetmetadepsspecconfig_tmpconfig
2020-08-01 15:55:44.360541 | > DO_CALL (0.003s wait)
Joining, by = c("dat", "site", "s0", "n0")
2020-08-01 15:55:49.158259 | eval'd: drake::cmq_buildtargetmetadepsspecconfig_tmpconfig
2020-08-01 15:55:49.202597 | > DO_CALL (0.003s wait)
Joining, by = c("dat", "site", "s0", "n0")
2020-08-01 15:55:54.018257 | eval'd: drake::cmq_buildtargetmetadepsspecconfig_tmpconfig
2020-08-01 15:55:54.061731 | > DO_CALL (0.001s wait)
Joining, by = c("dat", "site", "s0", "n0")
2020-08-01 15:56:00.123761 | eval'd: drake::cmq_buildtargetmetadepsspecconfig_tmpconfig
2020-08-01 15:56:00.592082 | > DO_CALL (0.002s wait)
Joining, by = c("dat", "site", "s0", "n0")
2020-08-01 15:56:06.142627 | eval'd: drake::cmq_buildtargetmetadepsspecconfig_tmpconfig
2020-08-01 15:56:06.191848 | > DO_CALL (0.003s wait)
Joining, by = c("dat", "site", "s0", "n0")
2020-08-01 15:56:10.929405 | eval'd: drake::cmq_buildtargetmetadepsspecconfig_tmpconfig
2020-08-01 15:56:10.974862 | > DO_CALL (0.003s wait)
Joining, by = c("dat", "site", "s0", "n0")
2020-08-01 15:56:15.688505 | eval'd: drake::cmq_buildtargetmetadepsspecconfig_tmpconfig
2020-08-01 15:56:16.348501 | > DO_CALL (0.002s wait)
Joining, by = c("dat", "site", "s0", "n0")
2020-08-01 15:56:21.863422 | eval'd: drake::cmq_buildtargetmetadepsspecconfig_tmpconfig
2020-08-01 15:56:22.097939 | > DO_CALL (0.063s wait)
2020-08-01 15:56:30.551952 | eval'd: drake::cmq_buildtargetmetadepsspecconfig_tmpconfig
2020-08-01 15:56:30.618968 | > DO_CALL (0.003s wait)
Joining, by = c("dat", "site", "s0", "n0")
2020-08-01 15:56:35.826113 | eval'd: drake::cmq_buildtargetmetadepsspecconfig_tmpconfig
2020-08-01 15:56:35.876263 | > DO_CALL (0.002s wait)
Joining, by = c("dat", "site", "s0", "n0")
2020-08-01 15:56:41.488836 | eval'd: drake::cmq_buildtargetmetadepsspecconfig_tmpconfig
2020-08-01 15:56:41.554395 | > DO_CALL (0.002s wait)
Joining, by = c("dat", "site", "s0", "n0")
2020-08-01 15:56:47.961992 | eval'd: drake::cmq_buildtargetmetadepsspecconfig_tmpconfig
2020-08-01 15:56:48.689827 | > DO_CALL (0.002s wait)
Joining, by = c("dat", "site", "s0", "n0")
2020-08-01 15:56:53.528071 | eval'd: drake::cmq_buildtargetmetadepsspecconfig_tmpconfig
2020-08-01 15:56:53.572678 | > DO_CALL (0.003s wait)
Joining, by = c("dat", "site", "s0", "n0")
2020-08-01 15:56:58.491807 | eval'd: drake::cmq_buildtargetmetadepsspecconfig_tmpconfig
2020-08-01 15:56:58.569691 | > DO_CALL (0.001s wait)
Joining, by = c("dat", "site", "s0", "n0")
2020-08-01 15:57:03.437506 | eval'd: drake::cmq_buildtargetmetadepsspecconfig_tmpconfig
2020-08-01 15:57:04.106873 | > DO_CALL (0.002s wait)
Joining, by = c("dat", "site", "s0", "n0")
2020-08-01 15:57:08.940156 | eval'd: drake::cmq_buildtargetmetadepsspecconfig_tmpconfig
2020-08-01 15:57:08.977396 | > DO_CALL (0.000s wait)
Joining, by = c("dat", "site", "s0", "n0")
2020-08-01 15:57:13.864462 | eval'd: drake::cmq_buildtargetmetadepsspecconfig_tmpconfig
2020-08-01 15:57:13.914572 | > DO_CALL (0.003s wait)
Joining, by = c("dat", "site", "s0", "n0")
2020-08-01 15:57:18.790249 | eval'd: drake::cmq_buildtargetmetadepsspecconfig_tmpconfig
2020-08-01 15:57:19.527219 | > DO_CALL (0.002s wait)
Joining, by = c("dat", "site", "s0", "n0")
2020-08-01 15:57:25.096719 | eval'd: drake::cmq_buildtargetmetadepsspecconfig_tmpconfig
2020-08-01 15:57:25.183842 | > DO_CALL (0.005s wait)
Joining, by = c("dat", "site", "s0", "n0")
2020-08-01 15:57:30.865331 | eval'd: drake::cmq_buildtargetmetadepsspecconfig_tmpconfig
2020-08-01 15:57:30.911388 | > DO_CALL (0.002s wait)
Joining, by = c("dat", "site", "s0", "n0")
2020-08-01 15:57:36.573429 | eval'd: drake::cmq_buildtargetmetadepsspecconfig_tmpconfig
2020-08-01 15:57:36.629413 | > DO_CALL (0.002s wait)
Joining, by = c("dat", "site", "s0", "n0")
2020-08-01 15:57:41.608723 | eval'd: drake::cmq_buildtargetmetadepsspecconfig_tmpconfig
2020-08-01 15:57:41.654448 | > DO_CALL (0.002s wait)
Joining, by = c("dat", "site", "s0", "n0")
2020-08-01 15:57:47.465630 | eval'd: drake::cmq_buildtargetmetadepsspecconfig_tmpconfig
2020-08-01 15:57:47.519316 | > DO_CALL (0.002s wait)
Joining, by = c("dat", "site", "s0", "n0")
2020-08-01 15:57:52.580845 | eval'd: drake::cmq_buildtargetmetadepsspecconfig_tmpconfig
2020-08-01 15:57:52.625855 | > DO_CALL (0.002s wait)
Joining, by = c("dat", "site", "s0", "n0")
2020-08-01 15:57:58.309127 | eval'd: drake::cmq_buildtargetmetadepsspecconfig_tmpconfig
2020-08-01 15:57:58.354906 | > DO_CALL (0.002s wait)
Joining, by = c("dat", "site", "s0", "n0")
2020-08-01 15:58:03.492940 | eval'd: drake::cmq_buildtargetmetadepsspecconfig_tmpconfig
2020-08-01 15:58:03.543841 | > DO_CALL (0.003s wait)
Joining, by = c("dat", "site", "s0", "n0")
2020-08-01 15:58:08.430168 | eval'd: drake::cmq_buildtargetmetadepsspecconfig_tmpconfig
2020-08-01 15:58:08.468864 | > DO_CALL (0.001s wait)
Joining, by = c("dat", "site", "s0", "n0")
2020-08-01 15:58:14.303582 | eval'd: drake::cmq_buildtargetmetadepsspecconfig_tmpconfig
2020-08-01 15:58:14.351655 | > DO_CALL (0.003s wait)
Joining, by = c("dat", "site", "s0", "n0")
2020-08-01 15:58:19.635403 | eval'd: drake::cmq_buildtargetmetadepsspecconfig_tmpconfig
2020-08-01 15:58:19.684765 | > DO_CALL (0.003s wait)
Joining, by = c("dat", "site", "s0", "n0")
2020-08-01 15:58:25.348383 | eval'd: drake::cmq_buildtargetmetadepsspecconfig_tmpconfig
2020-08-01 15:58:25.395476 | > DO_CALL (0.002s wait)
Joining, by = c("dat", "site", "s0", "n0")
2020-08-01 15:58:31.086423 | eval'd: drake::cmq_buildtargetmetadepsspecconfig_tmpconfig
2020-08-01 15:58:31.239316 | > DO_CALL (0.002s wait)
Joining, by = c("dat", "site", "s0", "n0")
2020-08-01 15:58:36.118788 | eval'd: drake::cmq_buildtargetmetadepsspecconfig_tmpconfig
2020-08-01 15:58:36.175156 | > DO_CALL (0.002s wait)
Joining, by = c("dat", "site", "s0", "n0")
2020-08-01 15:58:41.991939 | eval'd: drake::cmq_buildtargetmetadepsspecconfig_tmpconfig
2020-08-01 15:58:42.075149 | > DO_CALL (0.002s wait)
Joining, by = c("dat", "site", "s0", "n0")
2020-08-01 15:58:46.984403 | eval'd: drake::cmq_buildtargetmetadepsspecconfig_tmpconfig
2020-08-01 15:58:47.028881 | > DO_CALL (0.003s wait)
Joining, by = c("dat", "site", "s0", "n0")
2020-08-01 15:58:52.167754 | eval'd: drake::cmq_buildtargetmetadepsspecconfig_tmpconfig
2020-08-01 15:58:52.207422 | > DO_CALL (0.000s wait)
Joining, by = c("dat", "site", "s0", "n0")
2020-08-01 15:58:58.014196 | eval'd: drake::cmq_buildtargetmetadepsspecconfig_tmpconfig
2020-08-01 15:58:58.058423 | > DO_CALL (0.002s wait)
Joining, by = c("dat", "site", "s0", "n0")
2020-08-01 15:59:03.867225 | eval'd: drake::cmq_buildtargetmetadepsspecconfig_tmpconfig
2020-08-01 15:59:03.924788 | > DO_CALL (0.002s wait)
Joining, by = c("dat", "site", "s0", "n0")
2020-08-01 15:59:08.997617 | eval'd: drake::cmq_buildtargetmetadepsspecconfig_tmpconfig
2020-08-01 15:59:09.045613 | > DO_CALL (0.003s wait)
Joining, by = c("dat", "site", "s0", "n0")
2020-08-01 15:59:14.694607 | eval'd: drake::cmq_buildtargetmetadepsspecconfig_tmpconfig
2020-08-01 15:59:15.333925 | > DO_CALL (0.002s wait)
Joining, by = c("dat", "site", "s0", "n0")
2020-08-01 15:59:21.114396 | eval'd: drake::cmq_buildtargetmetadepsspecconfig_tmpconfig
2020-08-01 15:59:21.794023 | > WORKER_WAIT (0.000s wait)
2020-08-01 15:59:21.794486 | waiting 1.00s
2020-08-01 15:59:22.796999 | > WORKER_WAIT (0.000s wait)
2020-08-01 15:59:22.797313 | waiting 1.00s
2020-08-01 15:59:23.799575 | > WORKER_WAIT (0.001s wait)
2020-08-01 15:59:23.799821 | waiting 1.00s
2020-08-01 15:59:24.801976 | > WORKER_WAIT (0.000s wait)
2020-08-01 15:59:24.802205 | waiting 1.00s
2020-08-01 15:59:25.804444 | > WORKER_WAIT (0.000s wait)
2020-08-01 15:59:25.804670 | waiting 1.00s
2020-08-01 15:59:26.806923 | > WORKER_WAIT (0.000s wait)
2020-08-01 15:59:26.807173 | waiting 1.00s
2020-08-01 15:59:27.809687 | > WORKER_WAIT (0.001s wait)
2020-08-01 15:59:27.810257 | waiting 1.00s
2020-08-01 15:59:28.822244 | > WORKER_WAIT (0.000s wait)
2020-08-01 15:59:28.822859 | waiting 1.00s
2020-08-01 15:59:29.825216 | > WORKER_WAIT (0.000s wait)
2020-08-01 15:59:29.825452 | waiting 1.00s
2020-08-01 15:59:41.211843 | > WORKER_WAIT (0.000s wait)
2020-08-01 15:59:41.212122 | waiting 1.00s
2020-08-01 16:00:33.235161 | > WORKER_STOP (0.000s wait)
2020-08-01 16:00:33.235585 | shutting down worker
2020-08-01 16:00:35.620567 | 
Total: 132 in 4556.49s [user], 378.63s [system], 5606.95s [elapsed]
Warning messages:
1: In max(skew, na.rm = T) :
  no non-missing arguments to max; returning -Inf
2: In min(skew, na.rm = T) :
  no non-missing arguments to min; returning Inf
3: In min(skew, na.rm = T) :
  no non-missing arguments to min; returning Inf
4: In max(skew, na.rm = T) :
  no non-missing arguments to max; returning -Inf
5: In min(skew, na.rm = T) :
  no non-missing arguments to min; returning Inf
6: In min(skew, na.rm = T) :
  no non-missing arguments to min; returning Inf
