2020-01-20 14:26:17.039744 | Master: tcp://c23a-s23:7746
2020-01-20 14:26:17.094396 | WORKER_UP to: tcp://c23a-s23:7746
2020-01-20 14:26:20.097418 | > DO_SETUP (2.780s wait)
2020-01-20 14:26:20.097876 | token from msg: set_common_data_token
2020-01-20 14:27:52.812615 | > DO_CALL (22.870s wait)
.* Option 'clustermq.scheduler' not set, defaulting to ‘SLURM’
--- see: https://mschubert.github.io/clustermq/articles/userguide.html#configuration
2020-01-20 14:27:59.377273 | eval'd: drake::cmq_buildtargetmetadepsspecht_is_subtargetconfig
2020-01-20 14:28:21.162129 | > DO_CALL (7.193s wait)
.2020-01-20 14:28:40.153308 | eval'd: drake::cmq_buildtargetmetadepsspecht_is_subtargetconfig
2020-01-20 14:29:06.675450 | > DO_CALL (4.972s wait)
.2020-01-20 14:29:11.829322 | eval'd: drake::cmq_buildtargetmetadepsspecht_is_subtargetconfig
2020-01-20 14:30:03.694113 | > DO_CALL (4.998s wait)
.2020-01-20 14:31:13.604732 | eval'd: drake::cmq_buildtargetmetadepsspecht_is_subtargetconfig
2020-01-20 14:31:36.604032 | > DO_CALL (4.947s wait)
.2020-01-20 14:31:37.414657 | eval'd: drake::cmq_buildtargetmetadepsspecht_is_subtargetconfig
2020-01-20 14:31:58.284058 | > DO_CALL (5.793s wait)
.2020-01-20 14:32:08.041054 | eval'd: drake::cmq_buildtargetmetadepsspecht_is_subtargetconfig
2020-01-20 14:32:58.126880 | > DO_CALL (4.997s wait)
.2020-01-20 14:33:02.545336 | eval'd: drake::cmq_buildtargetmetadepsspecht_is_subtargetconfig
2020-01-20 14:33:55.127994 | > DO_CALL (4.953s wait)
.2020-01-20 14:34:03.164172 | eval'd: drake::cmq_buildtargetmetadepsspecht_is_subtargetconfig
2020-01-20 14:34:49.007908 | > DO_CALL (5.074s wait)
.2020-01-20 14:35:06.903840 | eval'd: drake::cmq_buildtargetmetadepsspecht_is_subtargetconfig
2020-01-20 14:35:50.404661 | > DO_CALL (5.079s wait)
.2020-01-20 14:36:14.119086 | eval'd: drake::cmq_buildtargetmetadepsspecht_is_subtargetconfig
2020-01-20 14:36:44.389695 | > DO_CALL (5.087s wait)
.2020-01-20 14:36:53.698899 | eval'd: drake::cmq_buildtargetmetadepsspecht_is_subtargetconfig
2020-01-20 14:37:45.238251 | > DO_CALL (5.161s wait)
.2020-01-20 14:37:49.786372 | eval'd: drake::cmq_buildtargetmetadepsspecht_is_subtargetconfig
2020-01-20 14:38:49.858643 | > DO_CALL (4.953s wait)
.2020-01-20 14:38:59.978647 | eval'd: drake::cmq_buildtargetmetadepsspecht_is_subtargetconfig
2020-01-20 14:39:50.883774 | > DO_CALL (5.053s wait)
.2020-01-20 14:39:59.124756 | eval'd: drake::cmq_buildtargetmetadepsspecht_is_subtargetconfig
2020-01-20 14:40:49.640946 | > DO_CALL (5.181s wait)
.2020-01-20 14:40:51.079372 | eval'd: drake::cmq_buildtargetmetadepsspecht_is_subtargetconfig
2020-01-20 14:41:54.400121 | > DO_CALL (5.051s wait)
.2020-01-20 14:42:14.457979 | eval'd: drake::cmq_buildtargetmetadepsspecht_is_subtargetconfig
2020-01-20 14:42:53.294828 | > DO_CALL (5.081s wait)
.2020-01-20 14:42:59.179955 | eval'd: drake::cmq_buildtargetmetadepsspecht_is_subtargetconfig
2020-01-20 14:43:48.716974 | > DO_CALL (5.022s wait)
.2020-01-20 14:43:55.462985 | eval'd: drake::cmq_buildtargetmetadepsspecht_is_subtargetconfig
2020-01-20 14:44:56.072774 | > DO_CALL (4.983s wait)
.2020-01-20 14:45:22.581437 | eval'd: drake::cmq_buildtargetmetadepsspecht_is_subtargetconfig
2020-01-20 14:45:57.806820 | > DO_CALL (5.122s wait)
.2020-01-20 14:46:37.621314 | eval'd: drake::cmq_buildtargetmetadepsspecht_is_subtargetconfig
2020-01-20 14:47:03.001859 | > DO_CALL (5.048s wait)
.2020-01-20 14:47:05.307496 | eval'd: drake::cmq_buildtargetmetadepsspecht_is_subtargetconfig
2020-01-20 14:47:16.397849 | > DO_CALL (0.032s wait)
.2020-01-20 14:47:16.831411 | eval'd: drake::cmq_buildtargetmetadepsspecht_is_subtargetconfig
2020-01-20 14:47:18.631635 | > DO_CALL (0.016s wait)
.2020-01-20 14:47:21.390675 | eval'd: drake::cmq_buildtargetmetadepsspecht_is_subtargetconfig
2020-01-20 14:47:22.187893 | > DO_CALL (0.021s wait)
.2020-01-20 14:47:22.569838 | eval'd: drake::cmq_buildtargetmetadepsspecht_is_subtargetconfig
2020-01-20 14:47:24.179340 | > DO_CALL (0.016s wait)
.2020-01-20 14:47:24.556424 | eval'd: drake::cmq_buildtargetmetadepsspecht_is_subtargetconfig
2020-01-20 14:47:25.686097 | > DO_CALL (0.005s wait)
.2020-01-20 14:47:26.607461 | eval'd: drake::cmq_buildtargetmetadepsspecht_is_subtargetconfig
2020-01-20 14:47:27.795689 | > DO_CALL (0.010s wait)
.2020-01-20 14:47:28.140652 | eval'd: drake::cmq_buildtargetmetadepsspecht_is_subtargetconfig
2020-01-20 14:47:29.362509 | > DO_CALL (0.004s wait)
.2020-01-20 14:47:29.691432 | eval'd: drake::cmq_buildtargetmetadepsspecht_is_subtargetconfig
2020-01-20 14:47:30.963638 | > DO_CALL (0.007s wait)
.2020-01-20 14:47:31.317368 | eval'd: drake::cmq_buildtargetmetadepsspecht_is_subtargetconfig
2020-01-20 14:47:32.588756 | > DO_CALL (0.018s wait)
.2020-01-20 14:47:33.529029 | eval'd: drake::cmq_buildtargetmetadepsspecht_is_subtargetconfig
2020-01-20 14:47:34.504156 | > DO_CALL (0.030s wait)
.2020-01-20 14:47:34.889976 | eval'd: drake::cmq_buildtargetmetadepsspecht_is_subtargetconfig
2020-01-20 14:47:36.731046 | > DO_CALL (0.003s wait)
.2020-01-20 14:47:37.000363 | eval'd: drake::cmq_buildtargetmetadepsspecht_is_subtargetconfig
2020-01-20 14:47:38.605444 | > DO_CALL (0.028s wait)
.2020-01-20 14:47:39.658357 | eval'd: drake::cmq_buildtargetmetadepsspecht_is_subtargetconfig
2020-01-20 14:47:39.930044 | > DO_CALL (0.011s wait)
.2020-01-20 14:47:40.284621 | eval'd: drake::cmq_buildtargetmetadepsspecht_is_subtargetconfig
2020-01-20 14:47:41.504059 | > DO_CALL (0.011s wait)
.2020-01-20 14:47:41.847477 | eval'd: drake::cmq_buildtargetmetadepsspecht_is_subtargetconfig
2020-01-20 14:47:43.189234 | > DO_CALL (0.000s wait)
.2020-01-20 14:47:43.198561 | eval'd: drake::cmq_buildtargetmetadepsspecht_is_subtargetconfig
2020-01-20 14:47:45.573262 | > DO_CALL (0.011s wait)
.2020-01-20 14:47:45.822376 | eval'd: drake::cmq_buildtargetmetadepsspecht_is_subtargetconfig
2020-01-20 14:47:47.285929 | > DO_CALL (0.016s wait)
.2020-01-20 14:47:48.240959 | eval'd: drake::cmq_buildtargetmetadepsspecht_is_subtargetconfig
2020-01-20 14:47:49.017982 | > DO_CALL (0.002s wait)
.2020-01-20 14:47:49.078540 | eval'd: drake::cmq_buildtargetmetadepsspecht_is_subtargetconfig
2020-01-20 14:47:50.561804 | > DO_CALL (0.030s wait)
.2020-01-20 14:47:50.911614 | eval'd: drake::cmq_buildtargetmetadepsspecht_is_subtargetconfig
2020-01-20 14:47:52.095164 | > DO_CALL (0.004s wait)
.2020-01-20 14:47:52.418998 | eval'd: drake::cmq_buildtargetmetadepsspecht_is_subtargetconfig
2020-01-20 14:47:54.566761 | > DO_CALL (0.005s wait)
.2020-01-20 14:47:54.894690 | eval'd: drake::cmq_buildtargetmetadepsspecht_is_subtargetconfig
2020-01-20 14:47:55.818518 | > DO_CALL (0.001s wait)
.2020-01-20 14:47:55.824712 | eval'd: drake::cmq_buildtargetmetadepsspecht_is_subtargetconfig
2020-01-20 14:47:56.763328 | > DO_CALL (0.001s wait)
.2020-01-20 14:47:59.194749 | eval'd: drake::cmq_buildtargetmetadepsspecht_is_subtargetconfig
2020-01-20 14:48:00.039816 | > DO_CALL (0.001s wait)
.2020-01-20 14:48:00.045516 | eval'd: drake::cmq_buildtargetmetadepsspecht_is_subtargetconfig
2020-01-20 14:48:00.741704 | > DO_CALL (0.001s wait)
.2020-01-20 14:48:00.747514 | eval'd: drake::cmq_buildtargetmetadepsspecht_is_subtargetconfig
2020-01-20 14:48:01.464749 | > DO_CALL (0.001s wait)
.2020-01-20 14:48:01.470017 | eval'd: drake::cmq_buildtargetmetadepsspecht_is_subtargetconfig
2020-01-20 14:48:02.332231 | > DO_CALL (0.001s wait)
.2020-01-20 14:48:02.337982 | eval'd: drake::cmq_buildtargetmetadepsspecht_is_subtargetconfig
2020-01-20 14:48:03.145213 | > DO_CALL (0.000s wait)
.2020-01-20 14:48:03.149439 | eval'd: drake::cmq_buildtargetmetadepsspecht_is_subtargetconfig
2020-01-20 14:48:04.680780 | > DO_CALL (0.001s wait)
.2020-01-20 14:48:04.686092 | eval'd: drake::cmq_buildtargetmetadepsspecht_is_subtargetconfig
2020-01-20 14:48:05.565566 | > DO_CALL (0.001s wait)
.2020-01-20 14:48:05.571344 | eval'd: drake::cmq_buildtargetmetadepsspecht_is_subtargetconfig
2020-01-20 14:48:06.440504 | > DO_CALL (0.001s wait)
.2020-01-20 14:48:06.446038 | eval'd: drake::cmq_buildtargetmetadepsspecht_is_subtargetconfig
2020-01-20 14:48:07.313840 | > DO_CALL (0.001s wait)
.2020-01-20 14:48:07.319551 | eval'd: drake::cmq_buildtargetmetadepsspecht_is_subtargetconfig
2020-01-20 14:48:08.149680 | > DO_CALL (0.001s wait)
.2020-01-20 14:48:08.155422 | eval'd: drake::cmq_buildtargetmetadepsspecht_is_subtargetconfig
2020-01-20 14:48:09.572556 | > DO_CALL (0.001s wait)
.2020-01-20 14:48:09.576859 | eval'd: drake::cmq_buildtargetmetadepsspecht_is_subtargetconfig
2020-01-20 14:48:10.378618 | > DO_CALL (0.001s wait)
.2020-01-20 14:48:10.383893 | eval'd: drake::cmq_buildtargetmetadepsspecht_is_subtargetconfig
2020-01-20 14:48:11.203668 | > DO_CALL (0.001s wait)
.2020-01-20 14:48:11.209414 | eval'd: drake::cmq_buildtargetmetadepsspecht_is_subtargetconfig
2020-01-20 14:48:12.032599 | > DO_CALL (0.001s wait)
.2020-01-20 14:48:12.038301 | eval'd: drake::cmq_buildtargetmetadepsspecht_is_subtargetconfig
2020-01-20 14:48:12.871289 | > DO_CALL (0.001s wait)
.2020-01-20 14:48:12.876994 | eval'd: drake::cmq_buildtargetmetadepsspecht_is_subtargetconfig
2020-01-20 14:48:14.309522 | > DO_CALL (0.001s wait)
.
2020-01-20 14:48:14.314774 | eval'd: drake::cmq_buildtargetmetadepsspecht_is_subtargetconfig
2020-01-20 14:48:15.154685 | > DO_CALL (0.001s wait)
.2020-01-20 14:48:15.160459 | eval'd: drake::cmq_buildtargetmetadepsspecht_is_subtargetconfig
2020-01-20 14:48:15.976886 | > DO_CALL (0.001s wait)
.2020-01-20 14:48:15.982831 | eval'd: drake::cmq_buildtargetmetadepsspecht_is_subtargetconfig
2020-01-20 14:48:16.847230 | > DO_CALL (0.001s wait)
.2020-01-20 14:48:16.853829 | eval'd: drake::cmq_buildtargetmetadepsspecht_is_subtargetconfig
2020-01-20 14:48:17.664714 | > DO_CALL (0.001s wait)
.2020-01-20 14:48:17.671216 | eval'd: drake::cmq_buildtargetmetadepsspecht_is_subtargetconfig
2020-01-20 14:48:19.008821 | > WORKER_WAIT (0.000s wait)
2020-01-20 14:48:19.009314 | waiting 1.00s
2020-01-20 14:48:20.011773 | > WORKER_WAIT (0.000s wait)
2020-01-20 14:48:20.012266 | waiting 1.00s
2020-01-20 14:48:21.014732 | > WORKER_WAIT (0.000s wait)
2020-01-20 14:48:21.015251 | waiting 1.00s
2020-01-20 14:48:22.017695 | > WORKER_WAIT (0.000s wait)
2020-01-20 14:48:22.018157 | waiting 1.00s
2020-01-20 14:48:23.020570 | > WORKER_WAIT (0.000s wait)
2020-01-20 14:48:23.021014 | waiting 1.00s
2020-01-20 14:48:24.023412 | > WORKER_WAIT (0.000s wait)
2020-01-20 14:48:24.023855 | waiting 1.00s
2020-01-20 14:48:25.026313 | > WORKER_WAIT (0.000s wait)
2020-01-20 14:48:25.026762 | waiting 1.00s
2020-01-20 14:48:26.029176 | > WORKER_WAIT (0.000s wait)
2020-01-20 14:48:26.029635 | waiting 1.00s
2020-01-20 14:48:27.032116 | > WORKER_WAIT (0.000s wait)
2020-01-20 14:48:27.032594 | waiting 1.00s
2020-01-20 14:48:28.034930 | > WORKER_WAIT (0.000s wait)
2020-01-20 14:48:28.035364 | waiting 1.00s
2020-01-20 14:48:29.037825 | > WORKER_WAIT (0.000s wait)
2020-01-20 14:48:29.038319 | waiting 1.00s
2020-01-20 14:48:30.040752 | > WORKER_WAIT (0.000s wait)
2020-01-20 14:48:30.041189 | waiting 1.00s
2020-01-20 14:48:31.043574 | > WORKER_WAIT (0.000s wait)
2020-01-20 14:48:31.044033 | waiting 1.00s
2020-01-20 14:48:32.046476 | > WORKER_WAIT (0.000s wait)
2020-01-20 14:48:32.046918 | waiting 1.00s
2020-01-20 14:48:33.049392 | > WORKER_WAIT (0.000s wait)
2020-01-20 14:48:33.049840 | waiting 1.00s
2020-01-20 14:48:34.052275 | > WORKER_WAIT (0.000s wait)
2020-01-20 14:48:34.052744 | waiting 1.00s
2020-01-20 14:48:35.055210 | > WORKER_WAIT (0.000s wait)
2020-01-20 14:48:35.055668 | waiting 1.00s
2020-01-20 14:48:36.058142 | > WORKER_WAIT (0.000s wait)
2020-01-20 14:48:36.058637 | waiting 1.00s
2020-01-20 14:48:37.061138 | > WORKER_WAIT (0.000s wait)
2020-01-20 14:48:37.061603 | waiting 1.00s
2020-01-20 14:48:38.064062 | > WORKER_WAIT (0.000s wait)
2020-01-20 14:48:38.064547 | waiting 1.00s
2020-01-20 14:48:39.067026 | > WORKER_WAIT (0.000s wait)
2020-01-20 14:48:39.067509 | waiting 1.00s
2020-01-20 14:48:40.069947 | > WORKER_WAIT (0.000s wait)
2020-01-20 14:48:40.070418 | waiting 1.00s
2020-01-20 14:48:41.072856 | > WORKER_WAIT (0.000s wait)
2020-01-20 14:48:41.073350 | waiting 1.00s
2020-01-20 14:48:42.075821 | > WORKER_WAIT (0.000s wait)
2020-01-20 14:48:42.076315 | waiting 1.00s
2020-01-20 14:48:43.078789 | > WORKER_WAIT (0.000s wait)
2020-01-20 14:48:43.079283 | waiting 1.00s
2020-01-20 14:48:44.081763 | > WORKER_WAIT (0.000s wait)
2020-01-20 14:48:44.082246 | waiting 1.00s
2020-01-20 14:48:45.084712 | > WORKER_WAIT (0.000s wait)
2020-01-20 14:48:45.085196 | waiting 1.00s
2020-01-20 14:48:46.087563 | > WORKER_WAIT (0.001s wait)
2020-01-20 14:48:46.088053 | waiting 1.00s
2020-01-20 14:48:47.090479 | > WORKER_WAIT (0.000s wait)
2020-01-20 14:48:47.090945 | waiting 1.00s
2020-01-20 14:48:48.093291 | > WORKER_WAIT (0.000s wait)
2020-01-20 14:48:48.093672 | waiting 1.00s
2020-01-20 14:48:49.096150 | > WORKER_WAIT (0.000s wait)
2020-01-20 14:48:49.096607 | waiting 1.00s
2020-01-20 14:48:50.099071 | > WORKER_WAIT (0.000s wait)
2020-01-20 14:48:50.099532 | waiting 1.00s
2020-01-20 14:48:51.101976 | > WORKER_WAIT (0.000s wait)
2020-01-20 14:48:51.102476 | waiting 1.00s
2020-01-20 14:48:52.104909 | > WORKER_WAIT (0.000s wait)
2020-01-20 14:48:52.105397 | waiting 1.00s
2020-01-20 14:48:53.107852 | > WORKER_WAIT (0.000s wait)
2020-01-20 14:48:53.108331 | waiting 1.00s
2020-01-20 14:48:54.110826 | > WORKER_WAIT (0.000s wait)
2020-01-20 14:48:54.111311 | waiting 1.00s
2020-01-20 14:48:55.113725 | > WORKER_WAIT (0.000s wait)
2020-01-20 14:48:55.114221 | waiting 1.00s
2020-01-20 14:48:56.116615 | > WORKER_WAIT (0.000s wait)
2020-01-20 14:48:56.117102 | waiting 1.00s
2020-01-20 14:48:57.119574 | > WORKER_WAIT (0.000s wait)
2020-01-20 14:48:57.120040 | waiting 1.00s
2020-01-20 14:48:58.122467 | > WORKER_WAIT (0.000s wait)
2020-01-20 14:48:58.122950 | waiting 1.00s
2020-01-20 14:48:59.125391 | > WORKER_WAIT (0.000s wait)
2020-01-20 14:48:59.125846 | waiting 1.00s
2020-01-20 14:49:00.128293 | > WORKER_WAIT (0.000s wait)
2020-01-20 14:49:00.128766 | waiting 1.00s
2020-01-20 14:49:01.131226 | > WORKER_WAIT (0.000s wait)
2020-01-20 14:49:01.131693 | waiting 1.00s
2020-01-20 14:49:02.134134 | > WORKER_WAIT (0.000s wait)
2020-01-20 14:49:02.134595 | waiting 1.00s
2020-01-20 14:49:03.137571 | > WORKER_WAIT (0.000s wait)
2020-01-20 14:49:03.138026 | waiting 1.00s
2020-01-20 14:49:04.140475 | > WORKER_WAIT (0.000s wait)
2020-01-20 14:49:04.140940 | waiting 1.00s
2020-01-20 14:49:05.143402 | > WORKER_WAIT (0.000s wait)
2020-01-20 14:49:05.143877 | waiting 1.00s
2020-01-20 14:49:06.146329 | > WORKER_WAIT (0.000s wait)
2020-01-20 14:49:06.146781 | waiting 1.00s
2020-01-20 14:49:07.149234 | > WORKER_WAIT (0.000s wait)
2020-01-20 14:49:07.149683 | waiting 1.00s
2020-01-20 14:49:08.152148 | > WORKER_WAIT (0.000s wait)
2020-01-20 14:49:08.152613 | waiting 1.00s
2020-01-20 14:49:09.155123 | > WORKER_WAIT (0.000s wait)
2020-01-20 14:49:09.155606 | waiting 1.00s
2020-01-20 14:49:10.158034 | > WORKER_WAIT (0.000s wait)
2020-01-20 14:49:10.158513 | waiting 1.00s
2020-01-20 14:49:11.160993 | > WORKER_WAIT (0.000s wait)
2020-01-20 14:49:11.161465 | waiting 1.00s
2020-01-20 14:49:12.163879 | > WORKER_WAIT (0.000s wait)
2020-01-20 14:49:12.164343 | waiting 1.00s
2020-01-20 14:49:13.166783 | > WORKER_WAIT (0.000s wait)
2020-01-20 14:49:13.167286 | waiting 1.00s
2020-01-20 14:49:16.240945 | > WORKER_WAIT (0.000s wait)
2020-01-20 14:49:16.241914 | waiting 1.00s
2020-01-20 14:49:17.247205 | > WORKER_WAIT (0.000s wait)
2020-01-20 14:49:17.247600 | waiting 1.00s
2020-01-20 14:49:18.468727 | > WORKER_WAIT (0.000s wait)
2020-01-20 14:49:18.469131 | waiting 1.00s
2020-01-20 14:49:19.476063 | > WORKER_WAIT (0.000s wait)
2020-01-20 14:49:19.476502 | waiting 1.00s
2020-01-20 14:49:21.477153 | > WORKER_WAIT (0.000s wait)
2020-01-20 14:49:21.477615 | waiting 1.00s
2020-01-20 14:49:48.042671 | > WORKER_STOP (0.000s wait)
2020-01-20 14:49:48.048194 | shutting down worker
2020-01-20 14:49:50.433170 | 
Total: 64 in 430.07s [user], 29.64s [system], 1410.95s [elapsed]
