2020-02-12 15:52:16.931337 | Master: tcp://c28a-s7:7632
2020-02-12 15:52:16.965984 | WORKER_UP to: tcp://c28a-s7:7632
2020-02-12 15:52:19.743207 | > DO_SETUP (2.767s wait)
2020-02-12 15:52:19.743804 | token from msg: set_common_data_token
2020-02-12 15:53:53.856794 | > DO_CALL (22.750s wait)
.* Option 'clustermq.scheduler' not set, defaulting to ‘SLURM’
--- see: https://mschubert.github.io/clustermq/articles/userguide.html#configuration
2020-02-12 15:56:46.797411 | eval'd: drake::cmq_buildtargetmetadepsspecht_is_subtargetconfig
2020-02-12 15:56:57.279335 | > DO_CALL (5.297s wait)
.2020-02-12 16:03:34.482345 | eval'd: drake::cmq_buildtargetmetadepsspecht_is_subtargetconfig
2020-02-12 16:03:46.356534 | > DO_CALL (6.017s wait)
.2020-02-12 16:04:40.715098 | eval'd: drake::cmq_buildtargetmetadepsspecht_is_subtargetconfig
2020-02-12 16:04:49.199144 | > DO_CALL (5.230s wait)
.2020-02-12 16:09:27.042760 | eval'd: drake::cmq_buildtargetmetadepsspecht_is_subtargetconfig
2020-02-12 16:09:36.747516 | > DO_CALL (6.200s wait)
.2020-02-12 16:17:38.462216 | eval'd: drake::cmq_buildtargetmetadepsspecht_is_subtargetconfig
2020-02-12 16:17:38.934750 | > DO_CALL (0.051s wait)
.2020-02-12 16:17:39.419576 | eval'd: drake::cmq_buildtargetmetadepsspecht_is_subtargetconfig
2020-02-12 16:17:39.517499 | > DO_CALL (0.001s wait)
.2020-02-12 16:17:39.523830 | eval'd: drake::cmq_buildtargetmetadepsspecht_is_subtargetconfig
2020-02-12 16:17:39.554053 | > WORKER_WAIT (0.000s wait)
2020-02-12 16:17:39.554526 | waiting 0.75s
2020-02-12 16:17:40.306908 | > WORKER_WAIT (0.000s wait)
2020-02-12 16:17:40.307403 | waiting 0.75s
2020-02-12 16:17:41.059734 | > WORKER_WAIT (0.000s wait)
2020-02-12 16:17:41.060240 | waiting 0.75s
2020-02-12 16:17:41.812545 | > WORKER_WAIT (0.000s wait)
2020-02-12 16:17:41.813035 | waiting 0.75s
2020-02-12 16:17:42.565318 | > WORKER_WAIT (0.000s wait)
2020-02-12 16:17:42.565827 | waiting 0.75s
2020-02-12 16:17:43.318230 | > WORKER_WAIT (0.000s wait)
2020-02-12 16:17:43.318732 | waiting 0.75s
2020-02-12 16:17:44.071000 | > WORKER_WAIT (0.000s wait)
2020-02-12 16:17:44.071516 | waiting 0.75s
2020-02-12 16:17:44.823828 | > WORKER_WAIT (0.001s wait)
2020-02-12 16:17:44.824326 | waiting 0.75s
2020-02-12 16:17:45.576608 | > WORKER_WAIT (0.000s wait)
2020-02-12 16:17:45.577102 | waiting 0.75s
2020-02-12 16:17:46.329441 | > WORKER_WAIT (0.000s wait)
2020-02-12 16:17:46.329920 | waiting 0.75s
2020-02-12 16:17:47.082265 | > WORKER_WAIT (0.000s wait)
2020-02-12 16:17:47.082762 | waiting 0.75s
2020-02-12 16:17:47.835056 | > WORKER_WAIT (0.000s wait)
2020-02-12 16:17:47.835539 | waiting 0.75s
2020-02-12 16:17:48.587803 | > WORKER_WAIT (0.000s wait)
2020-02-12 16:17:48.588307 | waiting 0.75s
2020-02-12 16:17:49.340563 | > WORKER_WAIT (0.000s wait)
2020-02-12 16:17:49.341054 | waiting 0.75s
2020-02-12 16:17:50.093302 | > WORKER_WAIT (0.000s wait)
2020-02-12 16:17:50.093781 | waiting 0.75s
2020-02-12 16:17:50.846082 | > WORKER_WAIT (0.000s wait)
2020-02-12 16:17:50.846550 | waiting 0.75s
2020-02-12 16:17:51.598719 | > WORKER_WAIT (0.000s wait)
2020-02-12 16:17:51.599238 | waiting 0.75s
2020-02-12 16:17:52.351547 | > WORKER_WAIT (0.000s wait)
2020-02-12 16:17:52.352026 | waiting 0.75s
2020-02-12 16:17:53.104186 | > WORKER_WAIT (0.000s wait)
2020-02-12 16:17:53.104678 | waiting 0.75s
2020-02-12 16:17:53.856869 | > WORKER_WAIT (0.001s wait)
2020-02-12 16:17:53.857347 | waiting 0.75s
2020-02-12 16:17:54.609590 | > WORKER_WAIT (0.000s wait)
2020-02-12 16:17:54.610116 | waiting 0.75s
2020-02-12 16:17:55.362235 | > WORKER_WAIT (0.000s wait)
2020-02-12 16:17:55.362711 | waiting 0.75s
2020-02-12 16:17:56.114992 | > WORKER_WAIT (0.000s wait)
2020-02-12 16:17:56.115484 | waiting 0.75s
2020-02-12 16:17:56.867698 | > WORKER_WAIT (0.000s wait)
2020-02-12 16:17:56.868204 | waiting 0.75s
2020-02-12 16:17:57.620436 | > WORKER_WAIT (0.000s wait)
2020-02-12 16:17:57.620911 | waiting 0.75s
2020-02-12 16:17:58.373101 | > WORKER_WAIT (0.000s wait)
2020-02-12 16:17:58.373582 | waiting 0.75s
2020-02-12 16:17:59.125768 | > WORKER_WAIT (0.000s wait)
2020-02-12 16:17:59.126217 | waiting 0.75s
2020-02-12 16:17:59.878394 | > WORKER_WAIT (0.000s wait)
2020-02-12 16:17:59.878905 | waiting 0.75s
2020-02-12 16:18:00.631124 | > WORKER_WAIT (0.000s wait)
2020-02-12 16:18:00.631586 | waiting 0.75s
2020-02-12 16:18:01.383743 | > WORKER_WAIT (0.000s wait)
2020-02-12 16:18:01.384255 | waiting 0.75s
2020-02-12 16:18:02.136396 | > WORKER_WAIT (0.000s wait)
2020-02-12 16:18:02.136890 | waiting 0.75s
2020-02-12 16:18:02.889144 | > WORKER_WAIT (0.000s wait)
2020-02-12 16:18:02.889642 | waiting 0.75s
2020-02-12 16:18:03.641760 | > WORKER_WAIT (0.000s wait)
2020-02-12 16:18:03.642253 | waiting 0.75s
2020-02-12 16:18:04.394518 | > WORKER_WAIT (0.000s wait)
2020-02-12 16:18:04.395004 | waiting 0.75s
2020-02-12 16:18:05.147265 | > WORKER_WAIT (0.000s wait)
2020-02-12 16:18:05.147758 | waiting 0.75s
2020-02-12 16:18:05.899900 | > WORKER_WAIT (0.000s wait)
2020-02-12 16:18:05.900403 | waiting 0.75s
2020-02-12 16:18:06.652574 | > WORKER_WAIT (0.000s wait)
2020-02-12 16:18:06.653078 | waiting 0.75s
2020-02-12 16:18:07.405247 | > WORKER_WAIT (0.000s wait)
2020-02-12 16:18:07.405731 | waiting 0.75s
2020-02-12 16:18:08.157902 | > WORKER_WAIT (0.000s wait)
2020-02-12 16:18:08.158407 | waiting 0.75s
2020-02-12 16:18:08.910653 | > WORKER_WAIT (0.000s wait)
2020-02-12 16:18:08.911161 | waiting 0.75s
2020-02-12 16:18:09.663204 | > WORKER_WAIT (0.000s wait)
2020-02-12 16:18:09.663680 | waiting 0.75s
2020-02-12 16:18:10.415882 | > WORKER_WAIT (0.001s wait)
2020-02-12 16:18:10.416372 | waiting 0.75s
2020-02-12 16:18:11.168535 | > WORKER_WAIT (0.000s wait)
2020-02-12 16:18:11.169026 | waiting 0.75s
2020-02-12 16:18:11.921272 | > WORKER_WAIT (0.000s wait)
2020-02-12 16:18:11.921754 | waiting 0.75s
2020-02-12 16:18:12.673956 | > WORKER_WAIT (0.000s wait)
2020-02-12 16:18:12.674439 | waiting 0.75s
2020-02-12 16:18:13.426668 | > WORKER_WAIT (0.000s wait)
2020-02-12 16:18:13.427154 | waiting 0.75s
2020-02-12 16:18:14.179284 | > WORKER_WAIT (0.000s wait)
2020-02-12 16:18:14.179766 | waiting 0.75s
2020-02-12 16:18:14.931844 | > WORKER_WAIT (0.001s wait)
2020-02-12 16:18:14.932340 | waiting 0.75s
2020-02-12 16:18:15.684437 | > WORKER_WAIT (0.000s wait)
2020-02-12 16:18:15.684935 | waiting 0.75s
2020-02-12 16:18:16.436927 | > WORKER_WAIT (0.000s wait)
2020-02-12 16:18:16.437449 | waiting 0.75s
2020-02-12 16:18:17.189474 | > WORKER_WAIT (0.000s wait)
2020-02-12 16:18:17.189969 | waiting 0.75s
2020-02-12 16:18:17.942180 | > WORKER_WAIT (0.000s wait)
2020-02-12 16:18:17.942663 | waiting 0.75s
2020-02-12 16:18:18.694671 | > WORKER_WAIT (0.000s wait)
2020-02-12 16:18:18.695184 | waiting 0.75s
2020-02-12 16:18:19.447370 | > WORKER_WAIT (0.000s wait)
2020-02-12 16:18:19.447867 | waiting 0.75s
2020-02-12 16:18:20.200071 | > WORKER_WAIT (0.000s wait)
2020-02-12 16:18:20.200560 | waiting 0.75s
2020-02-12 16:18:20.952661 | > WORKER_WAIT (0.000s wait)
2020-02-12 16:18:20.953174 | waiting 0.75s
2020-02-12 16:18:21.705390 | > WORKER_WAIT (0.000s wait)
2020-02-12 16:18:21.705900 | waiting 0.75s
2020-02-12 16:18:22.458096 | > WORKER_WAIT (0.000s wait)
2020-02-12 16:18:22.458593 | waiting 0.75s
2020-02-12 16:18:23.210699 | > WORKER_WAIT (0.000s wait)
2020-02-12 16:18:23.211201 | waiting 0.75s
2020-02-12 16:18:23.963390 | > WORKER_WAIT (0.000s wait)
2020-02-12 16:18:23.963885 | waiting 0.75s
2020-02-12 16:18:25.463541 | > WORKER_WAIT (0.000s wait)
2020-02-12 16:18:25.464402 | waiting 0.75s
2020-02-12 16:18:26.355058 | > WORKER_WAIT (0.000s wait)
2020-02-12 16:18:26.355552 | waiting 0.75s
2020-02-12 16:18:27.110208 | > WORKER_WAIT (0.000s wait)
2020-02-12 16:18:27.110677 | waiting 0.75s
2020-02-12 16:18:27.864658 | > WORKER_WAIT (0.000s wait)
2020-02-12 16:18:27.867412 | waiting 0.75s
2020-02-12 16:18:28.619760 | > WORKER_WAIT (0.000s wait)
2020-02-12 16:18:28.620254 | waiting 0.75s
2020-02-12 16:18:29.372590 | > WORKER_WAIT (0.000s wait)
2020-02-12 16:18:29.373071 | waiting 0.75s
2020-02-12 16:18:30.125534 | > WORKER_WAIT (0.000s wait)
2020-02-12 16:18:30.126015 | waiting 0.75s
2020-02-12 16:18:30.878290 | > WORKER_WAIT (0.000s wait)
2020-02-12 16:18:30.878780 | waiting 0.75s
2020-02-12 16:18:31.631335 | > WORKER_WAIT (0.000s wait)
2020-02-12 16:18:31.631796 | waiting 0.75s
2020-02-12 16:18:32.384087 | > WORKER_WAIT (0.000s wait)
2020-02-12 16:18:32.384572 | waiting 0.75s
2020-02-12 16:18:33.136862 | > WORKER_WAIT (0.001s wait)
2020-02-12 16:18:33.137365 | waiting 0.75s
2020-02-12 16:18:33.889981 | > WORKER_WAIT (0.000s wait)
2020-02-12 16:18:33.890473 | waiting 0.75s
2020-02-12 16:18:34.642841 | > WORKER_WAIT (0.001s wait)
2020-02-12 16:18:34.643331 | waiting 0.75s
2020-02-12 16:18:35.395698 | > WORKER_WAIT (0.000s wait)
2020-02-12 16:18:35.396201 | waiting 0.75s
2020-02-12 16:18:36.148587 | > WORKER_WAIT (0.000s wait)
2020-02-12 16:18:36.149073 | waiting 0.75s
2020-02-12 16:18:36.901380 | > WORKER_WAIT (0.000s wait)
2020-02-12 16:18:36.901885 | waiting 0.75s
2020-02-12 16:18:37.654213 | > WORKER_WAIT (0.000s wait)
2020-02-12 16:18:37.654690 | waiting 0.75s
2020-02-12 16:18:38.407125 | > WORKER_WAIT (0.000s wait)
2020-02-12 16:18:38.407611 | waiting 0.75s
2020-02-12 16:18:39.160009 | > WORKER_WAIT (0.000s wait)
2020-02-12 16:18:39.160497 | waiting 0.75s
2020-02-12 16:18:39.912858 | > WORKER_WAIT (0.001s wait)
2020-02-12 16:18:39.913352 | waiting 0.75s
2020-02-12 16:18:40.665678 | > WORKER_WAIT (0.000s wait)
2020-02-12 16:18:40.666165 | waiting 0.75s
2020-02-12 16:18:41.418502 | > WORKER_WAIT (0.000s wait)
2020-02-12 16:18:41.418984 | waiting 0.75s
2020-02-12 16:18:42.171334 | > WORKER_WAIT (0.000s wait)
2020-02-12 16:18:42.171819 | waiting 0.75s
2020-02-12 16:18:42.924192 | > WORKER_WAIT (0.000s wait)
2020-02-12 16:18:42.924656 | waiting 0.75s
2020-02-12 16:18:43.676987 | > WORKER_WAIT (0.000s wait)
2020-02-12 16:18:43.677493 | waiting 0.75s
2020-02-12 16:18:44.429817 | > WORKER_WAIT (0.000s wait)
2020-02-12 16:18:44.430312 | waiting 0.75s
2020-02-12 16:18:45.182607 | > WORKER_WAIT (0.000s wait)
2020-02-12 16:18:45.183102 | waiting 0.75s
2020-02-12 16:18:45.935494 | > WORKER_WAIT (0.000s wait)
2020-02-12 16:18:45.935973 | waiting 0.75s
2020-02-12 16:18:46.688339 | > WORKER_WAIT (0.000s wait)
2020-02-12 16:18:46.688832 | waiting 0.75s
2020-02-12 16:18:47.441180 | > WORKER_WAIT (0.000s wait)
2020-02-12 16:18:47.441702 | waiting 0.75s
2020-02-12 16:18:48.193784 | > WORKER_WAIT (0.000s wait)
2020-02-12 16:18:48.194282 | waiting 0.75s
2020-02-12 16:18:48.946342 | > WORKER_WAIT (0.000s wait)
2020-02-12 16:18:48.946832 | waiting 0.75s
2020-02-12 16:18:49.698899 | > WORKER_WAIT (0.000s wait)
2020-02-12 16:18:49.699417 | waiting 0.75s
2020-02-12 16:18:50.451396 | > WORKER_WAIT (0.000s wait)
2020-02-12 16:18:50.451881 | waiting 0.75s
2020-02-12 16:18:51.203959 | > WORKER_WAIT (0.000s wait)
2020-02-12 16:18:51.204452 | waiting 0.75s
2020-02-12 16:18:51.956510 | > WORKER_WAIT (0.000s wait)
2020-02-12 16:18:51.956995 | waiting 0.75s
2020-02-12 16:18:52.709030 | > WORKER_WAIT (0.000s wait)
2020-02-12 16:18:52.709547 | waiting 0.75s
2020-02-12 16:18:53.461536 | > WORKER_WAIT (0.000s wait)
2020-02-12 16:18:53.462022 | waiting 0.75s
2020-02-12 16:18:54.214105 | > WORKER_WAIT (0.000s wait)
2020-02-12 16:18:54.214614 | waiting 0.75s
2020-02-12 16:18:54.966708 | > WORKER_WAIT (0.000s wait)
2020-02-12 16:18:54.967225 | waiting 0.75s
2020-02-12 16:18:55.719247 | > WORKER_WAIT (0.000s wait)
2020-02-12 16:18:55.719740 | waiting 0.75s
2020-02-12 16:18:56.471722 | > WORKER_WAIT (0.000s wait)
2020-02-12 16:18:56.472225 | waiting 0.75s
2020-02-12 16:18:57.224139 | > WORKER_WAIT (0.000s wait)
2020-02-12 16:18:57.224627 | waiting 0.75s
2020-02-12 16:18:57.976536 | > WORKER_WAIT (0.000s wait)
2020-02-12 16:18:57.977031 | waiting 0.75s
2020-02-12 16:18:58.728963 | > WORKER_WAIT (0.000s wait)
2020-02-12 16:18:58.729461 | waiting 0.75s
2020-02-12 16:18:59.481591 | > WORKER_WAIT (0.000s wait)
2020-02-12 16:18:59.482113 | waiting 0.75s
2020-02-12 16:19:00.234335 | > WORKER_WAIT (0.000s wait)
2020-02-12 16:19:00.234819 | waiting 0.75s
2020-02-12 16:19:00.986811 | > WORKER_WAIT (0.000s wait)
2020-02-12 16:19:00.987319 | waiting 0.75s
2020-02-12 16:19:01.739313 | > WORKER_WAIT (0.000s wait)
2020-02-12 16:19:01.739805 | waiting 0.75s
2020-02-12 16:19:02.491900 | > WORKER_WAIT (0.000s wait)
2020-02-12 16:19:02.492399 | waiting 0.75s
2020-02-12 16:19:03.244444 | > WORKER_WAIT (0.000s wait)
2020-02-12 16:19:03.244944 | waiting 0.75s
2020-02-12 16:19:03.997028 | > WORKER_WAIT (0.000s wait)
2020-02-12 16:19:03.997527 | waiting 0.75s
2020-02-12 16:19:04.749645 | > WORKER_WAIT (0.000s wait)
2020-02-12 16:19:04.750168 | waiting 0.75s
2020-02-12 16:19:05.502213 | > WORKER_WAIT (0.000s wait)
2020-02-12 16:19:05.502730 | waiting 0.75s
2020-02-12 16:19:06.254859 | > WORKER_WAIT (0.001s wait)
2020-02-12 16:19:06.255357 | waiting 0.75s
2020-02-12 16:19:07.007500 | > WORKER_WAIT (0.000s wait)
2020-02-12 16:19:07.008001 | waiting 0.75s
2020-02-12 16:19:07.760128 | > WORKER_WAIT (0.000s wait)
2020-02-12 16:19:07.760617 | waiting 0.75s
2020-02-12 16:19:08.512687 | > WORKER_WAIT (0.000s wait)
2020-02-12 16:19:08.513194 | waiting 0.75s
2020-02-12 16:19:09.265299 | > WORKER_WAIT (0.000s wait)
2020-02-12 16:19:09.265804 | waiting 0.75s
2020-02-12 16:19:10.017942 | > WORKER_WAIT (0.000s wait)
2020-02-12 16:19:10.018446 | waiting 0.75s
2020-02-12 16:19:10.770499 | > WORKER_WAIT (0.000s wait)
2020-02-12 16:19:10.770989 | waiting 0.75s
2020-02-12 16:19:11.523081 | > WORKER_WAIT (0.000s wait)
2020-02-12 16:19:11.523581 | waiting 0.75s
2020-02-12 16:19:12.275622 | > WORKER_WAIT (0.000s wait)
2020-02-12 16:19:12.276126 | waiting 0.75s
2020-02-12 16:19:13.028211 | > WORKER_WAIT (0.000s wait)
2020-02-12 16:19:13.028736 | waiting 0.75s
2020-02-12 16:19:13.780778 | > WORKER_WAIT (0.000s wait)
2020-02-12 16:19:13.781294 | waiting 0.75s
2020-02-12 16:19:14.533340 | > WORKER_WAIT (0.000s wait)
2020-02-12 16:19:14.533838 | waiting 0.75s
2020-02-12 16:19:15.592546 | > WORKER_WAIT (0.000s wait)
2020-02-12 16:19:15.593030 | waiting 0.75s
2020-02-12 16:19:16.348442 | > WORKER_WAIT (0.000s wait)
2020-02-12 16:19:16.348927 | waiting 0.75s
2020-02-12 16:19:17.102904 | > WORKER_WAIT (0.000s wait)
2020-02-12 16:19:17.103409 | waiting 0.75s
2020-02-12 16:19:17.857106 | > WORKER_WAIT (0.000s wait)
2020-02-12 16:19:17.857599 | waiting 0.75s
2020-02-12 16:19:18.610206 | > WORKER_WAIT (0.000s wait)
2020-02-12 16:19:18.610685 | waiting 0.75s
2020-02-12 16:19:19.363023 | > WORKER_WAIT (0.000s wait)
2020-02-12 16:19:19.363522 | waiting 0.75s
2020-02-12 16:19:20.115937 | > WORKER_WAIT (0.000s wait)
2020-02-12 16:19:20.116436 | waiting 0.75s
2020-02-12 16:19:20.868827 | > WORKER_WAIT (0.001s wait)
2020-02-12 16:19:20.869324 | waiting 0.75s
2020-02-12 16:19:21.621642 | > WORKER_WAIT (0.000s wait)
2020-02-12 16:19:21.622149 | waiting 0.75s
2020-02-12 16:19:22.374424 | > WORKER_WAIT (0.000s wait)
2020-02-12 16:19:22.374906 | waiting 0.75s
2020-02-12 16:19:23.127247 | > WORKER_WAIT (0.000s wait)
2020-02-12 16:19:23.127727 | waiting 0.75s
2020-02-12 16:19:23.879986 | > WORKER_WAIT (0.000s wait)
2020-02-12 16:19:23.880460 | waiting 0.75s
2020-02-12 16:19:24.633064 | > WORKER_WAIT (0.000s wait)
2020-02-12 16:19:24.633552 | waiting 0.75s
2020-02-12 16:19:25.386401 | > WORKER_WAIT (0.000s wait)
2020-02-12 16:19:25.386887 | waiting 0.75s
2020-02-12 16:19:26.139629 | > WORKER_WAIT (0.000s wait)
2020-02-12 16:19:26.140119 | waiting 0.75s
2020-02-12 16:19:26.892825 | > WORKER_WAIT (0.001s wait)
2020-02-12 16:19:26.893329 | waiting 0.75s
2020-02-12 16:19:27.646032 | > WORKER_WAIT (0.000s wait)
2020-02-12 16:19:27.646530 | waiting 0.75s
2020-02-12 16:19:28.399356 | > WORKER_WAIT (0.000s wait)
2020-02-12 16:19:28.402181 | waiting 0.75s
2020-02-12 16:19:29.154468 | > WORKER_WAIT (0.000s wait)
2020-02-12 16:19:29.154946 | waiting 0.75s
2020-02-12 16:19:29.907197 | > WORKER_WAIT (0.000s wait)
2020-02-12 16:19:29.907683 | waiting 0.75s
2020-02-12 16:19:30.659872 | > WORKER_WAIT (0.001s wait)
2020-02-12 16:19:30.660357 | waiting 0.75s
2020-02-12 16:19:31.412905 | > WORKER_WAIT (0.000s wait)
2020-02-12 16:19:31.413414 | waiting 0.75s
2020-02-12 16:19:32.165830 | > WORKER_WAIT (0.001s wait)
2020-02-12 16:19:32.166318 | waiting 0.75s
2020-02-12 16:19:32.918877 | > WORKER_WAIT (0.001s wait)
2020-02-12 16:19:32.919384 | waiting 0.75s
2020-02-12 16:19:33.671929 | > WORKER_WAIT (0.000s wait)
2020-02-12 16:19:33.672423 | waiting 0.75s
2020-02-12 16:19:34.425227 | > WORKER_WAIT (0.000s wait)
2020-02-12 16:19:34.425703 | waiting 0.75s
2020-02-12 16:19:35.178458 | > WORKER_WAIT (0.000s wait)
2020-02-12 16:19:35.178946 | waiting 0.75s
2020-02-12 16:19:35.931694 | > WORKER_WAIT (0.000s wait)
2020-02-12 16:19:35.932191 | waiting 0.75s
2020-02-12 16:19:36.684910 | > WORKER_WAIT (0.000s wait)
2020-02-12 16:19:36.685397 | waiting 0.75s
2020-02-12 16:19:37.437453 | > WORKER_WAIT (0.000s wait)
2020-02-12 16:19:37.437959 | waiting 0.75s
2020-02-12 16:19:38.190712 | > WORKER_WAIT (0.000s wait)
2020-02-12 16:19:38.191204 | waiting 0.75s
2020-02-12 16:19:38.944086 | > WORKER_WAIT (0.000s wait)
2020-02-12 16:19:38.944567 | waiting 0.75s
2020-02-12 16:19:39.696833 | > WORKER_WAIT (0.000s wait)
2020-02-12 16:19:39.697349 | waiting 0.75s
2020-02-12 16:19:40.449491 | > WORKER_WAIT (0.000s wait)
2020-02-12 16:19:40.450018 | waiting 0.75s
2020-02-12 16:19:41.202223 | > WORKER_WAIT (0.000s wait)
2020-02-12 16:19:41.202723 | waiting 0.75s
2020-02-12 16:19:41.955218 | > WORKER_WAIT (0.000s wait)
2020-02-12 16:19:41.955708 | waiting 0.75s
2020-02-12 16:19:42.707952 | > WORKER_WAIT (0.000s wait)
2020-02-12 16:19:42.708443 | waiting 0.75s
2020-02-12 16:19:43.460630 | > WORKER_WAIT (0.000s wait)
2020-02-12 16:19:43.461138 | waiting 0.75s
2020-02-12 16:19:44.213380 | > WORKER_WAIT (0.000s wait)
2020-02-12 16:19:44.213879 | waiting 0.75s
2020-02-12 16:19:44.966102 | > WORKER_WAIT (0.000s wait)
2020-02-12 16:19:44.966584 | waiting 0.75s
2020-02-12 16:19:45.718814 | > WORKER_WAIT (0.000s wait)
2020-02-12 16:19:45.719325 | waiting 0.75s
2020-02-12 16:19:46.471568 | > WORKER_WAIT (0.000s wait)
2020-02-12 16:19:46.472074 | waiting 0.75s
2020-02-12 16:19:47.224315 | > WORKER_WAIT (0.000s wait)
2020-02-12 16:19:47.224792 | waiting 0.75s
2020-02-12 16:19:47.977076 | > WORKER_WAIT (0.000s wait)
2020-02-12 16:19:47.977555 | waiting 0.75s
2020-02-12 16:19:48.729932 | > WORKER_WAIT (0.000s wait)
2020-02-12 16:19:48.730431 | waiting 0.75s
2020-02-12 16:19:49.482717 | > WORKER_WAIT (0.000s wait)
2020-02-12 16:19:49.483212 | waiting 0.75s
2020-02-12 16:19:50.235566 | > WORKER_WAIT (0.000s wait)
2020-02-12 16:19:50.236061 | waiting 0.75s
2020-02-12 16:19:50.988429 | > WORKER_WAIT (0.000s wait)
2020-02-12 16:19:50.988923 | waiting 0.75s
2020-02-12 16:19:51.741301 | > WORKER_WAIT (0.000s wait)
2020-02-12 16:19:51.741794 | waiting 0.75s
2020-02-12 16:19:52.494112 | > WORKER_WAIT (0.000s wait)
2020-02-12 16:19:52.494591 | waiting 0.75s
2020-02-12 16:19:53.246891 | > WORKER_WAIT (0.000s wait)
2020-02-12 16:19:53.247399 | waiting 0.75s
2020-02-12 16:19:53.999782 | > WORKER_WAIT (0.000s wait)
2020-02-12 16:19:54.000278 | waiting 0.75s
2020-02-12 16:19:54.752609 | > WORKER_WAIT (0.000s wait)
2020-02-12 16:19:54.753098 | waiting 0.75s
2020-02-12 16:19:55.505393 | > WORKER_WAIT (0.000s wait)
2020-02-12 16:19:55.505874 | waiting 0.75s
2020-02-12 16:19:56.258179 | > WORKER_WAIT (0.000s wait)
2020-02-12 16:19:56.258670 | waiting 0.75s
2020-02-12 16:19:57.010970 | > WORKER_WAIT (0.000s wait)
2020-02-12 16:19:57.011467 | waiting 0.75s
2020-02-12 16:19:57.763776 | > WORKER_WAIT (0.000s wait)
2020-02-12 16:19:57.764271 | waiting 0.75s
2020-02-12 16:19:58.516582 | > WORKER_WAIT (0.000s wait)
2020-02-12 16:19:58.517067 | waiting 0.75s
2020-02-12 16:19:59.269382 | > WORKER_WAIT (0.000s wait)
2020-02-12 16:19:59.269863 | waiting 0.75s
2020-02-12 16:20:00.022193 | > WORKER_WAIT (0.000s wait)
2020-02-12 16:20:00.022681 | waiting 0.75s
2020-02-12 16:20:00.774878 | > WORKER_WAIT (0.001s wait)
2020-02-12 16:20:00.775363 | waiting 0.75s
2020-02-12 16:20:01.527686 | > WORKER_WAIT (0.000s wait)
2020-02-12 16:20:01.528205 | waiting 0.75s
2020-02-12 16:20:02.280208 | > WORKER_WAIT (0.000s wait)
2020-02-12 16:20:02.280691 | waiting 0.75s
2020-02-12 16:20:03.032665 | > WORKER_WAIT (0.000s wait)
2020-02-12 16:20:03.033167 | waiting 0.75s
2020-02-12 16:20:03.785160 | > WORKER_WAIT (0.000s wait)
2020-02-12 16:20:03.785646 | waiting 0.75s
2020-02-12 16:20:04.537675 | > WORKER_WAIT (0.000s wait)
2020-02-12 16:20:04.538191 | waiting 0.75s
2020-02-12 16:20:05.290210 | > WORKER_WAIT (0.000s wait)
2020-02-12 16:20:05.290702 | waiting 0.75s
2020-02-12 16:20:06.042727 | > WORKER_WAIT (0.000s wait)
2020-02-12 16:20:06.043223 | waiting 0.75s
2020-02-12 16:20:06.795201 | > WORKER_WAIT (0.000s wait)
2020-02-12 16:20:06.795710 | waiting 0.75s
2020-02-12 16:20:07.547600 | > WORKER_WAIT (0.000s wait)
2020-02-12 16:20:07.548101 | waiting 0.75s
2020-02-12 16:20:08.300030 | > WORKER_WAIT (0.000s wait)
2020-02-12 16:20:08.300525 | waiting 0.75s
2020-02-12 16:20:09.052720 | > WORKER_WAIT (0.000s wait)
2020-02-12 16:20:09.053229 | waiting 0.75s
2020-02-12 16:20:09.805452 | > WORKER_WAIT (0.000s wait)
2020-02-12 16:20:09.805925 | waiting 0.75s
2020-02-12 16:20:10.558218 | > WORKER_WAIT (0.000s wait)
2020-02-12 16:20:10.558700 | waiting 0.75s
2020-02-12 16:20:11.311014 | > WORKER_WAIT (0.000s wait)
2020-02-12 16:20:11.311514 | waiting 0.75s
2020-02-12 16:20:12.063760 | > WORKER_WAIT (0.000s wait)
2020-02-12 16:20:12.064270 | waiting 0.75s
2020-02-12 16:20:12.816482 | > WORKER_WAIT (0.000s wait)
2020-02-12 16:20:12.816963 | waiting 0.75s
2020-02-12 16:20:13.569195 | > WORKER_WAIT (0.000s wait)
2020-02-12 16:20:13.569686 | waiting 0.75s
2020-02-12 16:20:14.321899 | > WORKER_WAIT (0.000s wait)
2020-02-12 16:20:14.322385 | waiting 0.75s
2020-02-12 16:20:15.074585 | > WORKER_WAIT (0.000s wait)
2020-02-12 16:20:15.075087 | waiting 0.75s
2020-02-12 16:20:15.827308 | > WORKER_WAIT (0.000s wait)
2020-02-12 16:20:15.827789 | waiting 0.75s
2020-02-12 16:20:16.580027 | > WORKER_WAIT (0.000s wait)
2020-02-12 16:20:16.580530 | waiting 0.75s
2020-02-12 16:20:17.332736 | > WORKER_WAIT (0.000s wait)
2020-02-12 16:20:17.333254 | waiting 0.75s
2020-02-12 16:20:18.085415 | > WORKER_WAIT (0.000s wait)
2020-02-12 16:20:18.085898 | waiting 0.75s
2020-02-12 16:20:18.838131 | > WORKER_WAIT (0.000s wait)
2020-02-12 16:20:18.838611 | waiting 0.75s
2020-02-12 16:20:19.590844 | > WORKER_WAIT (0.001s wait)
2020-02-12 16:20:19.591344 | waiting 0.75s
2020-02-12 16:20:20.343572 | > WORKER_WAIT (0.000s wait)
2020-02-12 16:20:20.344075 | waiting 0.75s
2020-02-12 16:20:21.096316 | > WORKER_WAIT (0.000s wait)
2020-02-12 16:20:21.096805 | waiting 0.75s
2020-02-12 16:20:21.849047 | > WORKER_WAIT (0.000s wait)
2020-02-12 16:20:21.849534 | waiting 0.75s
2020-02-12 16:20:22.601794 | > WORKER_WAIT (0.000s wait)
2020-02-12 16:20:22.602315 | waiting 0.75s
2020-02-12 16:20:23.354510 | > WORKER_WAIT (0.000s wait)
2020-02-12 16:20:23.354988 | waiting 0.75s
2020-02-12 16:20:24.107201 | > WORKER_WAIT (0.000s wait)
2020-02-12 16:20:24.107686 | waiting 0.75s
2020-02-12 16:20:24.859810 | > WORKER_WAIT (0.000s wait)
2020-02-12 16:20:24.860308 | waiting 0.75s
2020-02-12 16:20:25.612544 | > WORKER_WAIT (0.000s wait)
2020-02-12 16:20:25.613034 | waiting 0.75s
2020-02-12 16:20:26.365215 | > WORKER_WAIT (0.000s wait)
2020-02-12 16:20:26.365702 | waiting 0.75s
2020-02-12 16:20:27.117892 | > WORKER_WAIT (0.000s wait)
2020-02-12 16:20:27.118398 | waiting 0.75s
2020-02-12 16:20:27.870645 | > WORKER_WAIT (0.000s wait)
2020-02-12 16:20:27.871166 | waiting 0.75s
2020-02-12 16:20:28.623267 | > WORKER_WAIT (0.000s wait)
2020-02-12 16:20:28.625744 | waiting 0.75s
2020-02-12 16:20:29.378100 | > WORKER_WAIT (0.000s wait)
2020-02-12 16:20:29.378589 | waiting 0.75s
2020-02-12 16:20:30.130487 | > WORKER_WAIT (0.000s wait)
2020-02-12 16:20:30.130969 | waiting 0.75s
2020-02-12 16:20:30.883000 | > WORKER_WAIT (0.000s wait)
2020-02-12 16:20:30.883518 | waiting 0.75s
2020-02-12 16:20:31.635671 | > WORKER_WAIT (0.000s wait)
2020-02-12 16:20:31.636166 | waiting 0.75s
2020-02-12 16:20:32.388024 | > WORKER_WAIT (0.000s wait)
2020-02-12 16:20:32.388522 | waiting 0.75s
2020-02-12 16:20:33.140675 | > WORKER_WAIT (0.000s wait)
2020-02-12 16:20:33.141177 | waiting 0.75s
2020-02-12 16:20:33.893408 | > WORKER_WAIT (0.000s wait)
2020-02-12 16:20:33.893881 | waiting 0.75s
2020-02-12 16:20:34.646067 | > WORKER_WAIT (0.000s wait)
2020-02-12 16:20:34.646583 | waiting 0.75s
2020-02-12 16:20:35.398726 | > WORKER_WAIT (0.000s wait)
2020-02-12 16:20:35.399209 | waiting 0.75s
2020-02-12 16:20:36.151401 | > WORKER_WAIT (0.000s wait)
2020-02-12 16:20:36.151885 | waiting 0.75s
2020-02-12 16:20:36.904083 | > WORKER_WAIT (0.000s wait)
2020-02-12 16:20:36.904572 | waiting 0.75s
2020-02-12 16:20:37.656646 | > WORKER_WAIT (0.000s wait)
2020-02-12 16:20:37.657137 | waiting 0.75s
2020-02-12 16:20:38.409282 | > WORKER_WAIT (0.000s wait)
2020-02-12 16:20:38.409790 | waiting 0.75s
2020-02-12 16:20:39.161694 | > WORKER_WAIT (0.000s wait)
2020-02-12 16:20:39.162202 | waiting 0.75s
2020-02-12 16:20:39.914359 | > WORKER_WAIT (0.000s wait)
2020-02-12 16:20:39.914842 | waiting 0.75s
2020-02-12 16:20:40.667075 | > WORKER_WAIT (0.000s wait)
2020-02-12 16:20:40.667577 | waiting 0.75s
2020-02-12 16:20:41.420076 | > WORKER_WAIT (0.000s wait)
2020-02-12 16:20:41.420563 | waiting 0.75s
2020-02-12 16:20:42.172795 | > WORKER_WAIT (0.000s wait)
2020-02-12 16:20:42.173294 | waiting 0.75s
2020-02-12 16:20:42.925487 | > WORKER_WAIT (0.000s wait)
2020-02-12 16:20:42.925981 | waiting 0.75s
2020-02-12 16:20:43.678159 | > WORKER_WAIT (0.000s wait)
2020-02-12 16:20:43.678664 | waiting 0.75s
2020-02-12 16:20:44.430829 | > WORKER_WAIT (0.001s wait)
2020-02-12 16:20:44.431333 | waiting 0.75s
2020-02-12 16:20:45.183239 | > WORKER_WAIT (0.000s wait)
2020-02-12 16:20:45.183728 | waiting 0.75s
2020-02-12 16:20:45.935855 | > WORKER_WAIT (0.001s wait)
2020-02-12 16:20:45.936349 | waiting 0.75s
2020-02-12 16:20:46.688542 | > WORKER_WAIT (0.000s wait)
2020-02-12 16:20:46.689032 | waiting 0.75s
2020-02-12 16:20:47.441220 | > WORKER_WAIT (0.000s wait)
2020-02-12 16:20:47.441699 | waiting 0.75s
2020-02-12 16:20:48.193911 | > WORKER_WAIT (0.000s wait)
2020-02-12 16:20:48.194418 | waiting 0.75s
2020-02-12 16:20:48.946592 | > WORKER_WAIT (0.000s wait)
2020-02-12 16:20:48.947109 | waiting 0.75s
2020-02-12 16:20:49.699275 | > WORKER_WAIT (0.000s wait)
2020-02-12 16:20:49.699769 | waiting 0.75s
2020-02-12 16:20:50.451940 | > WORKER_WAIT (0.000s wait)
2020-02-12 16:20:50.452438 | waiting 0.75s
2020-02-12 16:20:51.204616 | > WORKER_WAIT (0.000s wait)
2020-02-12 16:20:51.205122 | waiting 0.75s
2020-02-12 16:20:51.957336 | > WORKER_WAIT (0.000s wait)
2020-02-12 16:20:51.957820 | waiting 0.75s
2020-02-12 16:20:52.710043 | > WORKER_WAIT (0.000s wait)
2020-02-12 16:20:52.710530 | waiting 0.75s
2020-02-12 16:20:53.462718 | > WORKER_WAIT (0.000s wait)
2020-02-12 16:20:53.463224 | waiting 0.75s
2020-02-12 16:20:54.215447 | > WORKER_WAIT (0.000s wait)
2020-02-12 16:20:54.215950 | waiting 0.75s
2020-02-12 16:20:54.968305 | > WORKER_WAIT (0.000s wait)
2020-02-12 16:20:54.968782 | waiting 0.75s
2020-02-12 16:20:55.720716 | > WORKER_WAIT (0.000s wait)
2020-02-12 16:20:55.721220 | waiting 0.75s
2020-02-12 16:20:56.473169 | > WORKER_WAIT (0.000s wait)
2020-02-12 16:20:56.473653 | waiting 0.75s
2020-02-12 16:20:57.225575 | > WORKER_WAIT (0.000s wait)
2020-02-12 16:20:57.226075 | waiting 0.75s
2020-02-12 16:20:57.978742 | > WORKER_WAIT (0.000s wait)
2020-02-12 16:20:57.979248 | waiting 0.75s
2020-02-12 16:20:58.732141 | > WORKER_WAIT (0.000s wait)
2020-02-12 16:20:58.732639 | waiting 0.75s
2020-02-12 16:20:59.484852 | > WORKER_WAIT (0.001s wait)
2020-02-12 16:20:59.485365 | waiting 0.75s
2020-02-12 16:21:00.237409 | > WORKER_WAIT (0.000s wait)
2020-02-12 16:21:00.237900 | waiting 0.75s
2020-02-12 16:21:00.990045 | > WORKER_WAIT (0.000s wait)
2020-02-12 16:21:00.990536 | waiting 0.75s
2020-02-12 16:21:01.742734 | > WORKER_WAIT (0.000s wait)
2020-02-12 16:21:01.743238 | waiting 0.75s
2020-02-12 16:21:02.495739 | > WORKER_WAIT (0.000s wait)
2020-02-12 16:21:02.496237 | waiting 0.75s
2020-02-12 16:21:03.249359 | > WORKER_WAIT (0.000s wait)
2020-02-12 16:21:03.249852 | waiting 0.75s
2020-02-12 16:21:04.698339 | > WORKER_WAIT (0.000s wait)
2020-02-12 16:21:04.698831 | waiting 0.75s
2020-02-12 16:21:05.451738 | > WORKER_WAIT (0.000s wait)
2020-02-12 16:21:05.452227 | waiting 0.75s
2020-02-12 16:21:06.204849 | > WORKER_WAIT (0.001s wait)
2020-02-12 16:21:06.205365 | waiting 0.75s
2020-02-12 16:21:06.957617 | > WORKER_WAIT (0.000s wait)
2020-02-12 16:21:06.958097 | waiting 0.75s
2020-02-12 16:21:07.710403 | > WORKER_WAIT (0.000s wait)
2020-02-12 16:21:07.710870 | waiting 0.75s
2020-02-12 16:21:08.463166 | > WORKER_WAIT (0.000s wait)
2020-02-12 16:21:08.463629 | waiting 0.75s
2020-02-12 16:21:09.215932 | > WORKER_WAIT (0.000s wait)
2020-02-12 16:21:09.216431 | waiting 0.75s
2020-02-12 16:21:09.968717 | > WORKER_WAIT (0.000s wait)
2020-02-12 16:21:09.969224 | waiting 0.75s
2020-02-12 16:21:10.721512 | > WORKER_WAIT (0.000s wait)
2020-02-12 16:21:10.721995 | waiting 0.75s
2020-02-12 16:21:11.474305 | > WORKER_WAIT (0.000s wait)
2020-02-12 16:21:11.474788 | waiting 0.75s
2020-02-12 16:21:12.227075 | > WORKER_WAIT (0.000s wait)
2020-02-12 16:21:12.227548 | waiting 0.75s
2020-02-12 16:21:12.979835 | > WORKER_WAIT (0.001s wait)
2020-02-12 16:21:12.980327 | waiting 0.75s
2020-02-12 16:21:13.732649 | > WORKER_WAIT (0.000s wait)
2020-02-12 16:21:13.733148 | waiting 0.75s
2020-02-12 16:21:14.485451 | > WORKER_WAIT (0.000s wait)
2020-02-12 16:21:14.485924 | waiting 0.75s
2020-02-12 16:21:15.238255 | > WORKER_WAIT (0.000s wait)
2020-02-12 16:21:15.238759 | waiting 0.75s
2020-02-12 16:21:15.991109 | > WORKER_WAIT (0.000s wait)
2020-02-12 16:21:15.991574 | waiting 0.75s
2020-02-12 16:21:16.743923 | > WORKER_WAIT (0.000s wait)
2020-02-12 16:21:16.744423 | waiting 0.75s
2020-02-12 16:21:17.496723 | > WORKER_WAIT (0.000s wait)
2020-02-12 16:21:17.497218 | waiting 0.75s
2020-02-12 16:21:18.249539 | > WORKER_WAIT (0.000s wait)
2020-02-12 16:21:18.250019 | waiting 0.75s
2020-02-12 16:21:19.002376 | > WORKER_WAIT (0.000s wait)
2020-02-12 16:21:19.002853 | waiting 0.75s
2020-02-12 16:21:19.755198 | > WORKER_WAIT (0.000s wait)
2020-02-12 16:21:19.755676 | waiting 0.75s
2020-02-12 16:21:20.507951 | > WORKER_WAIT (0.000s wait)
2020-02-12 16:21:20.508449 | waiting 0.75s
2020-02-12 16:21:21.260738 | > WORKER_WAIT (0.000s wait)
2020-02-12 16:21:21.261224 | waiting 0.75s
2020-02-12 16:21:22.013554 | > WORKER_WAIT (0.000s wait)
2020-02-12 16:21:22.014024 | waiting 0.75s
2020-02-12 16:21:22.766384 | > WORKER_WAIT (0.000s wait)
2020-02-12 16:21:22.766865 | waiting 0.75s
2020-02-12 16:21:23.519223 | > WORKER_WAIT (0.000s wait)
2020-02-12 16:21:23.519706 | waiting 0.75s
2020-02-12 16:21:24.272023 | > WORKER_WAIT (0.000s wait)
2020-02-12 16:21:24.272523 | waiting 0.75s
2020-02-12 16:21:25.024851 | > WORKER_WAIT (0.001s wait)
2020-02-12 16:21:25.025346 | waiting 0.75s
2020-02-12 16:21:25.777709 | > WORKER_WAIT (0.000s wait)
2020-02-12 16:21:25.778223 | waiting 0.75s
2020-02-12 16:21:26.530543 | > WORKER_WAIT (0.000s wait)
2020-02-12 16:21:26.531022 | waiting 0.75s
2020-02-12 16:21:27.283341 | > WORKER_WAIT (0.000s wait)
2020-02-12 16:21:27.283819 | waiting 0.75s
2020-02-12 16:21:28.036221 | > WORKER_WAIT (0.000s wait)
2020-02-12 16:21:28.036700 | waiting 0.75s
2020-02-12 16:21:28.789111 | > WORKER_WAIT (0.000s wait)
2020-02-12 16:21:28.791658 | waiting 0.75s
2020-02-12 16:21:29.543878 | > WORKER_WAIT (0.000s wait)
2020-02-12 16:21:29.544380 | waiting 0.75s
2020-02-12 16:21:30.296685 | > WORKER_WAIT (0.000s wait)
2020-02-12 16:21:30.297185 | waiting 0.75s
2020-02-12 16:21:31.049477 | > WORKER_WAIT (0.000s wait)
2020-02-12 16:21:31.049976 | waiting 0.75s
2020-02-12 16:21:31.802192 | > WORKER_WAIT (0.000s wait)
2020-02-12 16:21:31.802680 | waiting 0.75s
2020-02-12 16:21:32.554962 | > WORKER_WAIT (0.000s wait)
2020-02-12 16:21:32.555448 | waiting 0.75s
2020-02-12 16:21:33.307669 | > WORKER_WAIT (0.000s wait)
2020-02-12 16:21:33.308162 | waiting 0.75s
2020-02-12 16:21:34.060520 | > WORKER_WAIT (0.000s wait)
2020-02-12 16:21:34.061007 | waiting 0.75s
2020-02-12 16:21:34.813323 | > WORKER_WAIT (0.000s wait)
2020-02-12 16:21:34.813807 | waiting 0.75s
2020-02-12 16:21:35.566132 | > WORKER_WAIT (0.000s wait)
2020-02-12 16:21:35.566616 | waiting 0.75s
2020-02-12 16:21:36.318956 | > WORKER_WAIT (0.000s wait)
2020-02-12 16:21:36.319486 | waiting 0.75s
2020-02-12 16:21:37.071803 | > WORKER_WAIT (0.000s wait)
2020-02-12 16:21:37.072319 | waiting 0.75s
2020-02-12 16:21:37.824648 | > WORKER_WAIT (0.000s wait)
2020-02-12 16:21:37.825149 | waiting 0.75s
2020-02-12 16:21:38.577457 | > WORKER_WAIT (0.000s wait)
2020-02-12 16:21:38.577942 | waiting 0.75s
2020-02-12 16:21:39.330311 | > WORKER_WAIT (0.000s wait)
2020-02-12 16:21:39.330793 | waiting 0.75s
2020-02-12 16:21:40.083180 | > WORKER_WAIT (0.000s wait)
2020-02-12 16:21:40.083659 | waiting 0.75s
2020-02-12 16:21:40.835972 | > WORKER_WAIT (0.000s wait)
2020-02-12 16:21:40.836478 | waiting 0.75s
2020-02-12 16:21:41.588810 | > WORKER_WAIT (0.000s wait)
2020-02-12 16:21:41.589309 | waiting 0.75s
2020-02-12 16:21:42.341683 | > WORKER_WAIT (0.000s wait)
2020-02-12 16:21:42.342184 | waiting 0.75s
2020-02-12 16:21:43.094546 | > WORKER_WAIT (0.000s wait)
2020-02-12 16:21:43.095029 | waiting 0.75s
2020-02-12 16:21:43.847388 | > WORKER_WAIT (0.000s wait)
2020-02-12 16:21:43.847865 | waiting 0.75s
2020-02-12 16:21:44.600221 | > WORKER_WAIT (0.000s wait)
2020-02-12 16:21:44.600694 | waiting 0.75s
2020-02-12 16:21:45.353017 | > WORKER_WAIT (0.000s wait)
2020-02-12 16:21:45.353509 | waiting 0.75s
2020-02-12 16:21:46.105846 | > WORKER_WAIT (0.001s wait)
2020-02-12 16:21:46.106330 | waiting 0.75s
2020-02-12 16:21:46.858731 | > WORKER_WAIT (0.000s wait)
2020-02-12 16:21:46.859232 | waiting 0.75s
2020-02-12 16:21:47.611563 | > WORKER_WAIT (0.000s wait)
2020-02-12 16:21:47.612052 | waiting 0.75s
2020-02-12 16:21:48.364419 | > WORKER_WAIT (0.000s wait)
2020-02-12 16:21:48.364895 | waiting 0.75s
2020-02-12 16:21:49.117280 | > WORKER_WAIT (0.000s wait)
2020-02-12 16:21:49.117761 | waiting 0.75s
2020-02-12 16:21:49.870094 | > WORKER_WAIT (0.000s wait)
2020-02-12 16:21:49.870566 | waiting 0.75s
2020-02-12 16:21:50.622874 | > WORKER_WAIT (0.001s wait)
2020-02-12 16:21:50.623360 | waiting 0.75s
2020-02-12 16:21:51.375679 | > WORKER_WAIT (0.000s wait)
2020-02-12 16:21:51.376176 | waiting 0.75s
2020-02-12 16:21:52.128482 | > WORKER_WAIT (0.000s wait)
2020-02-12 16:21:52.128963 | waiting 0.75s
2020-02-12 16:21:52.881345 | > WORKER_WAIT (0.000s wait)
2020-02-12 16:21:52.881818 | waiting 0.75s
2020-02-12 16:21:53.634165 | > WORKER_WAIT (0.000s wait)
2020-02-12 16:21:53.634644 | waiting 0.75s
2020-02-12 16:21:54.387042 | > WORKER_WAIT (0.000s wait)
2020-02-12 16:21:54.387525 | waiting 0.75s
2020-02-12 16:21:55.140165 | > WORKER_WAIT (0.000s wait)
2020-02-12 16:21:55.140641 | waiting 0.75s
2020-02-12 16:21:55.893316 | > WORKER_WAIT (0.000s wait)
2020-02-12 16:21:55.893789 | waiting 0.75s
2020-02-12 16:21:56.646251 | > WORKER_WAIT (0.000s wait)
2020-02-12 16:21:56.646728 | waiting 0.75s
2020-02-12 16:21:57.399124 | > WORKER_WAIT (0.000s wait)
2020-02-12 16:21:57.399611 | waiting 0.75s
2020-02-12 16:21:58.152126 | > WORKER_WAIT (0.000s wait)
2020-02-12 16:21:58.152600 | waiting 0.75s
2020-02-12 16:21:58.904938 | > WORKER_WAIT (0.000s wait)
2020-02-12 16:21:58.905423 | waiting 0.75s
2020-02-12 16:21:59.657732 | > WORKER_WAIT (0.000s wait)
2020-02-12 16:21:59.658220 | waiting 0.75s
2020-02-12 16:22:00.410463 | > WORKER_WAIT (0.000s wait)
2020-02-12 16:22:00.410941 | waiting 0.75s
2020-02-12 16:22:01.163189 | > WORKER_WAIT (0.000s wait)
2020-02-12 16:22:01.163660 | waiting 0.75s
2020-02-12 16:22:01.916137 | > WORKER_WAIT (0.000s wait)
2020-02-12 16:22:01.916621 | waiting 0.75s
2020-02-12 16:22:02.668836 | > WORKER_WAIT (0.001s wait)
2020-02-12 16:22:02.669345 | waiting 0.75s
2020-02-12 16:22:03.421572 | > WORKER_WAIT (0.000s wait)
2020-02-12 16:22:03.422074 | waiting 0.75s
2020-02-12 16:22:04.174389 | > WORKER_WAIT (0.000s wait)
2020-02-12 16:22:04.174874 | waiting 0.75s
2020-02-12 16:22:04.927342 | > WORKER_WAIT (0.000s wait)
2020-02-12 16:22:04.927828 | waiting 0.75s
2020-02-12 16:22:05.680231 | > WORKER_WAIT (0.000s wait)
2020-02-12 16:22:05.680709 | waiting 0.75s
2020-02-12 16:22:06.433104 | > WORKER_WAIT (0.000s wait)
2020-02-12 16:22:06.433582 | waiting 0.75s
2020-02-12 16:22:07.186062 | > WORKER_WAIT (0.000s wait)
2020-02-12 16:22:07.186541 | waiting 0.75s
2020-02-12 16:22:07.938885 | > WORKER_WAIT (0.001s wait)
2020-02-12 16:22:07.939399 | waiting 0.75s
2020-02-12 16:22:08.691844 | > WORKER_WAIT (0.001s wait)
2020-02-12 16:22:08.692343 | waiting 0.75s
2020-02-12 16:22:09.444653 | > WORKER_WAIT (0.000s wait)
2020-02-12 16:22:09.445157 | waiting 0.75s
2020-02-12 16:22:10.197662 | > WORKER_WAIT (0.000s wait)
2020-02-12 16:22:10.198150 | waiting 0.75s
2020-02-12 16:22:10.950563 | > WORKER_WAIT (0.000s wait)
2020-02-12 16:22:10.951056 | waiting 0.75s
2020-02-12 16:22:11.703552 | > WORKER_WAIT (0.000s wait)
2020-02-12 16:22:11.704056 | waiting 0.75s
2020-02-12 16:22:12.456405 | > WORKER_WAIT (0.000s wait)
2020-02-12 16:22:12.456892 | waiting 0.75s
2020-02-12 16:22:13.209296 | > WORKER_WAIT (0.000s wait)
2020-02-12 16:22:13.209792 | waiting 0.75s
2020-02-12 16:22:13.962190 | > WORKER_WAIT (0.000s wait)
2020-02-12 16:22:13.962694 | waiting 0.75s
2020-02-12 16:22:14.715088 | > WORKER_WAIT (0.000s wait)
2020-02-12 16:22:14.715569 | waiting 0.75s
2020-02-12 16:22:15.467911 | > WORKER_WAIT (0.000s wait)
2020-02-12 16:22:15.468412 | waiting 0.75s
2020-02-12 16:22:16.220878 | > WORKER_WAIT (0.001s wait)
2020-02-12 16:22:16.221394 | waiting 0.75s
2020-02-12 16:22:16.974009 | > WORKER_WAIT (0.000s wait)
2020-02-12 16:22:16.974503 | waiting 0.75s
2020-02-12 16:22:17.726920 | > WORKER_WAIT (0.000s wait)
2020-02-12 16:22:17.727415 | waiting 0.75s
2020-02-12 16:22:18.479940 | > WORKER_WAIT (0.000s wait)
2020-02-12 16:22:18.480460 | waiting 0.75s
2020-02-12 16:22:19.232928 | > WORKER_WAIT (0.000s wait)
2020-02-12 16:22:19.233423 | waiting 0.75s
2020-02-12 16:22:19.985861 | > WORKER_WAIT (0.001s wait)
2020-02-12 16:22:19.986351 | waiting 0.75s
2020-02-12 16:22:20.738781 | > WORKER_WAIT (0.000s wait)
2020-02-12 16:22:20.739266 | waiting 0.75s
2020-02-12 16:22:21.491607 | > WORKER_WAIT (0.000s wait)
2020-02-12 16:22:21.492105 | waiting 0.75s
2020-02-12 16:22:22.244627 | > WORKER_WAIT (0.000s wait)
2020-02-12 16:22:22.245122 | waiting 0.75s
2020-02-12 16:22:22.997673 | > WORKER_WAIT (0.000s wait)
2020-02-12 16:22:22.998182 | waiting 0.75s
2020-02-12 16:22:23.750580 | > WORKER_WAIT (0.000s wait)
2020-02-12 16:22:23.751088 | waiting 0.75s
2020-02-12 16:22:24.503478 | > WORKER_WAIT (0.000s wait)
2020-02-12 16:22:24.503963 | waiting 0.75s
2020-02-12 16:22:25.256378 | > WORKER_WAIT (0.000s wait)
2020-02-12 16:22:25.256860 | waiting 0.75s
2020-02-12 16:22:26.009336 | > WORKER_WAIT (0.000s wait)
2020-02-12 16:22:26.009807 | waiting 0.75s
2020-02-12 16:22:26.762115 | > WORKER_WAIT (0.000s wait)
2020-02-12 16:22:26.762583 | waiting 0.75s
2020-02-12 16:22:27.514879 | > WORKER_WAIT (0.001s wait)
2020-02-12 16:22:27.515382 | waiting 0.75s
2020-02-12 16:22:28.267675 | > WORKER_WAIT (0.000s wait)
2020-02-12 16:22:28.268162 | waiting 0.75s
2020-02-12 16:22:29.020402 | > WORKER_WAIT (0.000s wait)
2020-02-12 16:22:29.023118 | waiting 0.75s
2020-02-12 16:22:29.775458 | > WORKER_WAIT (0.000s wait)
2020-02-12 16:22:29.775933 | waiting 0.75s
2020-02-12 16:22:30.528213 | > WORKER_WAIT (0.000s wait)
2020-02-12 16:22:30.528688 | waiting 0.75s
2020-02-12 16:22:31.281047 | > WORKER_WAIT (0.000s wait)
2020-02-12 16:22:31.281518 | waiting 0.75s
2020-02-12 16:22:32.033871 | > WORKER_WAIT (0.001s wait)
2020-02-12 16:22:32.034358 | waiting 0.75s
2020-02-12 16:22:32.786592 | > WORKER_WAIT (0.000s wait)
2020-02-12 16:22:32.787073 | waiting 0.75s
2020-02-12 16:22:33.539265 | > WORKER_WAIT (0.000s wait)
2020-02-12 16:22:33.539736 | waiting 0.75s
2020-02-12 16:22:34.292068 | > WORKER_WAIT (0.000s wait)
2020-02-12 16:22:34.292576 | waiting 0.75s
2020-02-12 16:22:35.044575 | > WORKER_WAIT (0.000s wait)
2020-02-12 16:22:35.045073 | waiting 0.75s
2020-02-12 16:22:35.797092 | > WORKER_WAIT (0.000s wait)
2020-02-12 16:22:35.797577 | waiting 0.75s
2020-02-12 16:22:36.549620 | > WORKER_WAIT (0.000s wait)
2020-02-12 16:22:36.550132 | waiting 0.75s
2020-02-12 16:22:37.302030 | > WORKER_WAIT (0.000s wait)
2020-02-12 16:22:37.302530 | waiting 0.75s
2020-02-12 16:22:38.054814 | > WORKER_WAIT (0.000s wait)
2020-02-12 16:22:38.055319 | waiting 0.75s
2020-02-12 16:22:38.807495 | > WORKER_WAIT (0.000s wait)
2020-02-12 16:22:38.808003 | waiting 0.75s
2020-02-12 16:22:39.560073 | > WORKER_WAIT (0.000s wait)
2020-02-12 16:22:39.560567 | waiting 0.75s
2020-02-12 16:22:40.312600 | > WORKER_WAIT (0.000s wait)
2020-02-12 16:22:40.313113 | waiting 0.75s
2020-02-12 16:22:41.065135 | > WORKER_WAIT (0.000s wait)
2020-02-12 16:22:41.065613 | waiting 0.75s
2020-02-12 16:22:41.817550 | > WORKER_WAIT (0.000s wait)
2020-02-12 16:22:41.818021 | waiting 0.75s
2020-02-12 16:22:42.569968 | > WORKER_WAIT (0.000s wait)
2020-02-12 16:22:42.570479 | waiting 0.75s
2020-02-12 16:22:43.322453 | > WORKER_WAIT (0.000s wait)
2020-02-12 16:22:43.322937 | waiting 0.75s
2020-02-12 16:22:44.074996 | > WORKER_WAIT (0.000s wait)
2020-02-12 16:22:44.075500 | waiting 0.75s
2020-02-12 16:22:44.827626 | > WORKER_WAIT (0.000s wait)
2020-02-12 16:22:44.828107 | waiting 0.75s
2020-02-12 16:22:45.580467 | > WORKER_WAIT (0.000s wait)
2020-02-12 16:22:45.580970 | waiting 0.75s
2020-02-12 16:22:46.333082 | > WORKER_WAIT (0.000s wait)
2020-02-12 16:22:46.333578 | waiting 0.75s
2020-02-12 16:22:47.085698 | > WORKER_WAIT (0.000s wait)
2020-02-12 16:22:47.086199 | waiting 0.75s
2020-02-12 16:22:47.838317 | > WORKER_WAIT (0.000s wait)
2020-02-12 16:22:47.838818 | waiting 0.75s
2020-02-12 16:22:48.590893 | > WORKER_WAIT (0.000s wait)
2020-02-12 16:22:48.591410 | waiting 0.75s
2020-02-12 16:22:49.343493 | > WORKER_WAIT (0.000s wait)
2020-02-12 16:22:49.344000 | waiting 0.75s
2020-02-12 16:22:50.096290 | > WORKER_WAIT (0.000s wait)
2020-02-12 16:22:50.096803 | waiting 0.75s
2020-02-12 16:22:50.849034 | > WORKER_WAIT (0.000s wait)
2020-02-12 16:22:50.849534 | waiting 0.75s
2020-02-12 16:22:51.601881 | > WORKER_WAIT (0.000s wait)
2020-02-12 16:22:51.602388 | waiting 0.75s
2020-02-12 16:22:52.354967 | > WORKER_WAIT (0.000s wait)
2020-02-12 16:22:52.355483 | waiting 0.75s
2020-02-12 16:22:53.108079 | > WORKER_WAIT (0.000s wait)
2020-02-12 16:22:53.108586 | waiting 0.75s
2020-02-12 16:22:53.860682 | > WORKER_WAIT (0.000s wait)
2020-02-12 16:22:53.861187 | waiting 0.75s
2020-02-12 16:22:54.613565 | > WORKER_WAIT (0.000s wait)
2020-02-12 16:22:54.614075 | waiting 0.75s
2020-02-12 16:22:55.366755 | > WORKER_WAIT (0.000s wait)
2020-02-12 16:22:55.367282 | waiting 0.75s
2020-02-12 16:22:56.119676 | > WORKER_WAIT (0.000s wait)
2020-02-12 16:22:56.120171 | waiting 0.75s
2020-02-12 16:22:56.872508 | > WORKER_WAIT (0.000s wait)
2020-02-12 16:22:56.873005 | waiting 0.75s
2020-02-12 16:22:57.625215 | > WORKER_WAIT (0.000s wait)
2020-02-12 16:22:57.625712 | waiting 0.75s
2020-02-12 16:22:58.377820 | > WORKER_WAIT (0.000s wait)
2020-02-12 16:22:58.378305 | waiting 0.75s
2020-02-12 16:22:59.130479 | > WORKER_WAIT (0.000s wait)
2020-02-12 16:22:59.130965 | waiting 0.75s
2020-02-12 16:22:59.883004 | > WORKER_WAIT (0.000s wait)
2020-02-12 16:22:59.883501 | waiting 0.75s
2020-02-12 16:23:00.635456 | > WORKER_WAIT (0.000s wait)
2020-02-12 16:23:00.635971 | waiting 0.75s
2020-02-12 16:23:01.388065 | > WORKER_WAIT (0.000s wait)
2020-02-12 16:23:01.388555 | waiting 0.75s
2020-02-12 16:23:02.140634 | > WORKER_WAIT (0.000s wait)
2020-02-12 16:23:02.141149 | waiting 0.75s
2020-02-12 16:23:02.893164 | > WORKER_WAIT (0.000s wait)
2020-02-12 16:23:02.893653 | waiting 0.75s
2020-02-12 16:23:03.721816 | > WORKER_WAIT (0.000s wait)
2020-02-12 16:23:03.722331 | waiting 0.75s
Error in clustermq:::worker("tcp://c28a-s7:7632") : 
  Timeout reached, terminating
Execution halted
