2019-11-12 16:44:41.548698 | Master: tcp://c32a-s27:6496
2019-11-12 16:44:41.571919 | WORKER_UP to: tcp://c32a-s27:6496
2019-11-12 16:45:12.204276 | > DO_SETUP (18.349s wait)
2019-11-12 16:45:12.204825 | token from msg: set_common_data_token
2019-11-12 16:45:29.978216 | > DO_CALL (11.991s wait)
.* Option 'clustermq.scheduler' not set, defaulting to ‘SLURM’
--- see: https://mschubert.github.io/clustermq/articles/userguide.html#configuration
2019-11-12 16:45:32.520406 | eval'd: drake::cmq_buildtargetmetadepslayoutconfig
2019-11-12 16:46:08.154723 | > DO_CALL (6.061s wait)
.2019-11-12 16:46:17.402306 | eval'd: drake::cmq_buildtargetmetadepslayoutconfig
2019-11-12 16:46:52.172961 | > DO_CALL (6.101s wait)
.2019-11-12 16:47:13.272830 | eval'd: drake::cmq_buildtargetmetadepslayoutconfig
2019-11-12 16:47:36.844644 | > DO_CALL (6.807s wait)
.2019-11-12 16:47:40.359489 | eval'd: drake::cmq_buildtargetmetadepslayoutconfig
2019-11-12 16:48:19.628312 | > DO_CALL (5.725s wait)
.2019-11-12 16:48:25.074853 | eval'd: drake::cmq_buildtargetmetadepslayoutconfig
2019-11-12 16:49:05.499894 | > DO_CALL (7.698s wait)
.2019-11-12 16:49:07.568707 | eval'd: drake::cmq_buildtargetmetadepslayoutconfig
2019-11-12 16:49:44.542497 | > DO_CALL (5.021s wait)
.2019-11-12 16:49:55.525348 | eval'd: drake::cmq_buildtargetmetadepslayoutconfig
2019-11-12 16:50:27.884488 | > DO_CALL (4.954s wait)
.2019-11-12 16:50:27.901234 | eval'd: drake::cmq_buildtargetmetadepslayoutconfig
2019-11-12 16:51:14.394628 | > DO_CALL (6.234s wait)
.2019-11-12 16:51:14.714795 | eval'd: drake::cmq_buildtargetmetadepslayoutconfig
2019-11-12 16:51:16.024997 | > DO_CALL (0.002s wait)
.2019-11-12 16:51:16.053600 | eval'd: drake::cmq_buildtargetmetadepslayoutconfig
2019-11-12 16:51:16.494885 | > DO_CALL (0.001s wait)
.2019-11-12 16:51:19.189446 | eval'd: drake::cmq_buildtargetmetadepslayoutconfig
2019-11-12 16:51:19.283618 | > DO_CALL (0.001s wait)
.2019-11-12 16:51:19.302187 | eval'd: drake::cmq_buildtargetmetadepslayoutconfig
2019-11-12 16:51:19.808634 | > DO_CALL (0.001s wait)
.2019-11-12 16:51:19.828327 | eval'd: drake::cmq_buildtargetmetadepslayoutconfig
2019-11-12 16:51:20.300344 | > DO_CALL (0.000s wait)
.2019-11-12 16:51:20.318687 | eval'd: drake::cmq_buildtargetmetadepslayoutconfig
2019-11-12 16:51:20.805923 | > DO_CALL (0.001s wait)
.2019-11-12 16:51:20.824796 | eval'd: drake::cmq_buildtargetmetadepslayoutconfig
2019-11-12 16:51:21.340025 | > DO_CALL (0.001s wait)
.2019-11-12 16:51:21.359663 | eval'd: drake::cmq_buildtargetmetadepslayoutconfig
2019-11-12 16:51:22.435406 | > DO_CALL (0.000s wait)
.2019-11-12 16:51:22.456915 | eval'd: drake::cmq_buildtargetmetadepslayoutconfig
2019-11-12 16:51:22.938837 | > DO_CALL (0.001s wait)
.2019-11-12 16:51:22.960916 | eval'd: drake::cmq_buildtargetmetadepslayoutconfig
2019-11-12 16:51:23.308412 | > WORKER_WAIT (0.000s wait)
2019-11-12 16:51:23.308858 | waiting 0.75s
2019-11-12 16:51:24.061111 | > WORKER_WAIT (0.000s wait)
2019-11-12 16:51:24.061586 | waiting 0.75s
2019-11-12 16:51:24.813651 | > WORKER_WAIT (0.000s wait)
2019-11-12 16:51:24.814096 | waiting 0.75s
2019-11-12 16:51:25.566228 | > WORKER_WAIT (0.000s wait)
2019-11-12 16:51:25.566714 | waiting 0.75s
2019-11-12 16:51:26.318786 | > WORKER_WAIT (0.000s wait)
2019-11-12 16:51:26.319240 | waiting 0.75s
2019-11-12 16:51:41.909550 | > WORKER_STOP (0.001s wait)
2019-11-12 16:51:41.910015 | shutting down worker
2019-11-12 16:51:43.776108 | 
Total: 18 in 128.33s [user], 14.59s [system], 420.34s [elapsed]
