2020-01-21 10:48:11.563609 | Master: tcp://c24a-s1:7958
2020-01-21 10:48:11.604911 | WORKER_UP to: tcp://c24a-s1:7958
2020-01-21 10:48:17.501765 | > DO_SETUP (3.475s wait)
2020-01-21 10:48:17.502994 | token from msg: set_common_data_token
2020-01-21 10:48:19.298264 | > DO_CALL (0.000s wait)
.* Option 'clustermq.scheduler' not set, defaulting to ‘SLURM’
--- see: https://mschubert.github.io/clustermq/articles/userguide.html#configuration
2020-01-21 10:48:19.524863 | eval'd: drake::cmq_buildtargetmetadepsspecht_is_subtargetconfig
2020-01-21 10:48:25.682093 | > DO_CALL (0.001s wait)
.2020-01-21 10:48:26.008438 | eval'd: drake::cmq_buildtargetmetadepsspecht_is_subtargetconfig
2020-01-21 10:48:32.878306 | > DO_CALL (0.001s wait)
.2020-01-21 10:48:32.884492 | eval'd: drake::cmq_buildtargetmetadepsspecht_is_subtargetconfig
2020-01-21 10:48:39.563085 | > DO_CALL (0.001s wait)
.2020-01-21 10:48:39.568342 | eval'd: drake::cmq_buildtargetmetadepsspecht_is_subtargetconfig
2020-01-21 10:48:45.951425 | > DO_CALL (0.000s wait)
.2020-01-21 10:48:45.956182 | eval'd: drake::cmq_buildtargetmetadepsspecht_is_subtargetconfig
2020-01-21 10:48:52.179493 | > DO_CALL (0.000s wait)
.2020-01-21 10:48:52.184589 | eval'd: drake::cmq_buildtargetmetadepsspecht_is_subtargetconfig
2020-01-21 10:48:59.789589 | > DO_CALL (0.000s wait)
.2020-01-21 10:48:59.794356 | eval'd: drake::cmq_buildtargetmetadepsspecht_is_subtargetconfig
2020-01-21 10:49:06.940512 | > DO_CALL (0.000s wait)
.2020-01-21 10:49:06.945211 | eval'd: drake::cmq_buildtargetmetadepsspecht_is_subtargetconfig
2020-01-21 10:49:15.284494 | > DO_CALL (0.000s wait)
.2020-01-21 10:49:15.289051 | eval'd: drake::cmq_buildtargetmetadepsspecht_is_subtargetconfig
2020-01-21 10:49:22.122325 | > DO_CALL (0.001s wait)
.2020-01-21 10:49:22.128256 | eval'd: drake::cmq_buildtargetmetadepsspecht_is_subtargetconfig
2020-01-21 10:49:28.102087 | > DO_CALL (0.001s wait)
.2020-01-21 10:49:28.107323 | eval'd: drake::cmq_buildtargetmetadepsspecht_is_subtargetconfig
2020-01-21 10:49:34.012461 | > DO_CALL (0.001s wait)
.2020-01-21 10:49:34.018936 | eval'd: drake::cmq_buildtargetmetadepsspecht_is_subtargetconfig
2020-01-21 10:49:40.339757 | > DO_CALL (0.001s wait)
.2020-01-21 10:49:40.344668 | eval'd: drake::cmq_buildtargetmetadepsspecht_is_subtargetconfig
2020-01-21 10:49:46.932784 | > DO_CALL (0.001s wait)
.2020-01-21 10:49:46.938090 | eval'd: drake::cmq_buildtargetmetadepsspecht_is_subtargetconfig
2020-01-21 10:49:53.394409 | > DO_CALL (0.001s wait)
.2020-01-21 10:49:53.400134 | eval'd: drake::cmq_buildtargetmetadepsspecht_is_subtargetconfig
2020-01-21 10:49:59.577696 | > DO_CALL (0.000s wait)
.2020-01-21 10:49:59.582811 | eval'd: drake::cmq_buildtargetmetadepsspecht_is_subtargetconfig
2020-01-21 10:50:04.975392 | > DO_CALL (0.000s wait)
.2020-01-21 10:50:04.980479 | eval'd: drake::cmq_buildtargetmetadepsspecht_is_subtargetconfig
2020-01-21 10:50:10.623494 | > DO_CALL (0.000s wait)
.2020-01-21 10:50:10.627917 | eval'd: drake::cmq_buildtargetmetadepsspecht_is_subtargetconfig
2020-01-21 10:50:16.845345 | > DO_CALL (0.001s wait)
.2020-01-21 10:50:16.851504 | eval'd: drake::cmq_buildtargetmetadepsspecht_is_subtargetconfig
2020-01-21 10:50:23.085511 | > DO_CALL (0.000s wait)
.2020-01-21 10:50:23.090649 | eval'd: drake::cmq_buildtargetmetadepsspecht_is_subtargetconfig
2020-01-21 10:50:28.032528 | > DO_CALL (0.000s wait)
.2020-01-21 10:50:28.036973 | eval'd: drake::cmq_buildtargetmetadepsspecht_is_subtargetconfig
2020-01-21 10:50:33.597465 | > DO_CALL (0.000s wait)
.2020-01-21 10:50:33.602393 | eval'd: drake::cmq_buildtargetmetadepsspecht_is_subtargetconfig
2020-01-21 10:50:40.269029 | > DO_CALL (0.001s wait)
.2020-01-21 10:50:40.274493 | eval'd: drake::cmq_buildtargetmetadepsspecht_is_subtargetconfig
2020-01-21 10:50:46.146501 | > DO_CALL (0.001s wait)
.2020-01-21 10:50:46.153483 | eval'd: drake::cmq_buildtargetmetadepsspecht_is_subtargetconfig
2020-01-21 10:50:51.627443 | > DO_CALL (0.001s wait)
.2020-01-21 10:50:51.633591 | eval'd: drake::cmq_buildtargetmetadepsspecht_is_subtargetconfig
2020-01-21 10:50:56.819350 | > DO_CALL (0.000s wait)
.2020-01-21 10:50:56.823591 | eval'd: drake::cmq_buildtargetmetadepsspecht_is_subtargetconfig
2020-01-21 10:51:01.842504 | > DO_CALL (0.000s wait)
.2020-01-21 10:51:01.847219 | eval'd: drake::cmq_buildtargetmetadepsspecht_is_subtargetconfig
2020-01-21 10:51:07.902323 | > DO_CALL (0.000s wait)
.2020-01-21 10:51:07.906587 | eval'd: drake::cmq_buildtargetmetadepsspecht_is_subtargetconfig
2020-01-21 10:51:13.972773 | > DO_CALL (0.001s wait)
.2020-01-21 10:51:13.978322 | eval'd: drake::cmq_buildtargetmetadepsspecht_is_subtargetconfig
2020-01-21 10:51:18.959440 | > DO_CALL (0.001s wait)
.2020-01-21 10:51:18.965434 | eval'd: drake::cmq_buildtargetmetadepsspecht_is_subtargetconfig
2020-01-21 10:51:26.037437 | > DO_CALL (0.001s wait)
.2020-01-21 10:51:26.044190 | eval'd: drake::cmq_buildtargetmetadepsspecht_is_subtargetconfig
2020-01-21 10:51:31.429496 | > DO_CALL (0.000s wait)
.2020-01-21 10:51:31.434266 | eval'd: drake::cmq_buildtargetmetadepsspecht_is_subtargetconfig
2020-01-21 10:51:35.684464 | > DO_CALL (0.001s wait)
.2020-01-21 10:51:35.691775 | eval'd: drake::cmq_buildtargetmetadepsspecht_is_subtargetconfig
2020-01-21 10:51:40.482352 | > DO_CALL (0.001s wait)
.2020-01-21 10:51:40.489217 | eval'd: drake::cmq_buildtargetmetadepsspecht_is_subtargetconfig
2020-01-21 10:51:45.562835 | > DO_CALL (0.001s wait)
.2020-01-21 10:51:45.569363 | eval'd: drake::cmq_buildtargetmetadepsspecht_is_subtargetconfig
2020-01-21 10:51:50.497712 | > DO_CALL (0.001s wait)
.2020-01-21 10:51:50.503298 | eval'd: drake::cmq_buildtargetmetadepsspecht_is_subtargetconfig
2020-01-21 10:51:56.382876 | > DO_CALL (0.001s wait)
.2020-01-21 10:51:56.389278 | eval'd: drake::cmq_buildtargetmetadepsspecht_is_subtargetconfig
2020-01-21 10:52:01.069222 | > DO_CALL (0.001s wait)
.2020-01-21 10:52:01.075942 | eval'd: drake::cmq_buildtargetmetadepsspecht_is_subtargetconfig
2020-01-21 10:52:06.670265 | > DO_CALL (0.001s wait)
.2020-01-21 10:52:06.677994 | eval'd: drake::cmq_buildtargetmetadepsspecht_is_subtargetconfig
2020-01-21 10:52:11.615965 | > DO_CALL (0.001s wait)
.2020-01-21 10:52:11.622365 | eval'd: drake::cmq_buildtargetmetadepsspecht_is_subtargetconfig
2020-01-21 10:52:16.334728 | > DO_CALL (0.001s wait)
.2020-01-21 10:52:16.340536 | eval'd: drake::cmq_buildtargetmetadepsspecht_is_subtargetconfig
2020-01-21 10:52:21.510150 | > DO_CALL (0.001s wait)
.2020-01-21 10:52:21.516932 | eval'd: drake::cmq_buildtargetmetadepsspecht_is_subtargetconfig
2020-01-21 10:52:28.319242 | > DO_CALL (0.001s wait)
.2020-01-21 10:52:28.326086 | eval'd: drake::cmq_buildtargetmetadepsspecht_is_subtargetconfig
2020-01-21 10:52:34.268395 | > DO_CALL (0.001s wait)
.2020-01-21 10:52:34.276360 | eval'd: drake::cmq_buildtargetmetadepsspecht_is_subtargetconfig
2020-01-21 10:52:38.929280 | > DO_CALL (0.000s wait)
.2020-01-21 10:52:38.934203 | eval'd: drake::cmq_buildtargetmetadepsspecht_is_subtargetconfig
2020-01-21 10:52:43.527716 | > DO_CALL (0.001s wait)
.2020-01-21 10:52:43.533836 | eval'd: drake::cmq_buildtargetmetadepsspecht_is_subtargetconfig
2020-01-21 10:52:48.106981 | > DO_CALL (0.001s wait)
.2020-01-21 10:52:48.113312 | eval'd: drake::cmq_buildtargetmetadepsspecht_is_subtargetconfig
2020-01-21 10:52:52.678391 | > DO_CALL (0.001s wait)
.2020-01-21 10:52:52.686176 | eval'd: drake::cmq_buildtargetmetadepsspecht_is_subtargetconfig
2020-01-21 10:52:57.279406 | > DO_CALL (0.000s wait)
.2020-01-21 10:52:57.284473 | eval'd: drake::cmq_buildtargetmetadepsspecht_is_subtargetconfig
2020-01-21 10:53:02.189578 | > DO_CALL (0.000s wait)
.2020-01-21 10:53:02.195419 | eval'd: drake::cmq_buildtargetmetadepsspecht_is_subtargetconfig
2020-01-21 10:53:06.707558 | > DO_CALL (0.000s wait)
.2020-01-21 10:53:06.712996 | eval'd: drake::cmq_buildtargetmetadepsspecht_is_subtargetconfig
2020-01-21 10:53:11.782431 | > DO_CALL (0.000s wait)
.2020-01-21 10:53:11.787687 | eval'd: drake::cmq_buildtargetmetadepsspecht_is_subtargetconfig
2020-01-21 10:53:16.016372 | > DO_CALL (0.001s wait)
.2020-01-21 10:53:16.023431 | eval'd: drake::cmq_buildtargetmetadepsspecht_is_subtargetconfig
2020-01-21 10:53:20.821642 | > DO_CALL (0.000s wait)
.2020-01-21 10:53:20.827170 | eval'd: drake::cmq_buildtargetmetadepsspecht_is_subtargetconfig
2020-01-21 10:53:27.552508 | > DO_CALL (0.000s wait)
.2020-01-21 10:53:27.558426 | eval'd: drake::cmq_buildtargetmetadepsspecht_is_subtargetconfig
2020-01-21 10:53:32.077759 | > DO_CALL (0.001s wait)
.
2020-01-21 10:53:32.083772 | eval'd: drake::cmq_buildtargetmetadepsspecht_is_subtargetconfig
2020-01-21 10:53:36.905069 | > DO_CALL (0.001s wait)
.2020-01-21 10:53:36.911492 | eval'd: drake::cmq_buildtargetmetadepsspecht_is_subtargetconfig
2020-01-21 10:53:41.439000 | > DO_CALL (0.001s wait)
.2020-01-21 10:53:41.445255 | eval'd: drake::cmq_buildtargetmetadepsspecht_is_subtargetconfig
2020-01-21 10:53:45.903370 | > DO_CALL (0.001s wait)
.2020-01-21 10:53:45.910348 | eval'd: drake::cmq_buildtargetmetadepsspecht_is_subtargetconfig
2020-01-21 10:53:50.498245 | > DO_CALL (0.001s wait)
.2020-01-21 10:53:50.504900 | eval'd: drake::cmq_buildtargetmetadepsspecht_is_subtargetconfig
2020-01-21 10:53:54.689221 | > DO_CALL (0.001s wait)
.2020-01-21 10:53:54.696505 | eval'd: drake::cmq_buildtargetmetadepsspecht_is_subtargetconfig
2020-01-21 10:53:58.821446 | > DO_CALL (0.000s wait)
.2020-01-21 10:53:58.826649 | eval'd: drake::cmq_buildtargetmetadepsspecht_is_subtargetconfig
2020-01-21 10:54:03.019106 | > DO_CALL (0.001s wait)
.2020-01-21 10:54:03.026240 | eval'd: drake::cmq_buildtargetmetadepsspecht_is_subtargetconfig
2020-01-21 10:54:07.687232 | > DO_CALL (0.000s wait)
.2020-01-21 10:54:07.692093 | eval'd: drake::cmq_buildtargetmetadepsspecht_is_subtargetconfig
2020-01-21 10:54:12.547615 | > DO_CALL (0.001s wait)
.2020-01-21 10:54:12.555562 | eval'd: drake::cmq_buildtargetmetadepsspecht_is_subtargetconfig
2020-01-21 10:54:16.686091 | > DO_CALL (0.001s wait)
.2020-01-21 10:54:16.692617 | eval'd: drake::cmq_buildtargetmetadepsspecht_is_subtargetconfig
2020-01-21 10:54:20.931470 | > DO_CALL (0.000s wait)
.2020-01-21 10:54:20.936976 | eval'd: drake::cmq_buildtargetmetadepsspecht_is_subtargetconfig
2020-01-21 10:54:26.366802 | > DO_CALL (0.001s wait)
.2020-01-21 10:54:26.372906 | eval'd: drake::cmq_buildtargetmetadepsspecht_is_subtargetconfig
2020-01-21 10:54:32.828028 | > DO_CALL (0.001s wait)
.2020-01-21 10:54:32.835030 | eval'd: drake::cmq_buildtargetmetadepsspecht_is_subtargetconfig
2020-01-21 10:54:37.041275 | > DO_CALL (0.000s wait)
.2020-01-21 10:54:37.046473 | eval'd: drake::cmq_buildtargetmetadepsspecht_is_subtargetconfig
2020-01-21 10:54:41.137139 | > DO_CALL (0.001s wait)
.2020-01-21 10:54:41.143726 | eval'd: drake::cmq_buildtargetmetadepsspecht_is_subtargetconfig
2020-01-21 10:54:45.294374 | > DO_CALL (0.001s wait)
.2020-01-21 10:54:45.301407 | eval'd: drake::cmq_buildtargetmetadepsspecht_is_subtargetconfig
2020-01-21 10:54:49.272596 | > DO_CALL (0.000s wait)
.2020-01-21 10:54:49.278258 | eval'd: drake::cmq_buildtargetmetadepsspecht_is_subtargetconfig
2020-01-21 10:54:53.081134 | > DO_CALL (0.001s wait)
.2020-01-21 10:54:53.087903 | eval'd: drake::cmq_buildtargetmetadepsspecht_is_subtargetconfig
2020-01-21 10:54:57.296456 | > DO_CALL (0.000s wait)
.2020-01-21 10:54:57.301994 | eval'd: drake::cmq_buildtargetmetadepsspecht_is_subtargetconfig
2020-01-21 10:55:01.488147 | > DO_CALL (0.001s wait)
.2020-01-21 10:55:01.507308 | eval'd: drake::cmq_buildtargetmetadepsspecht_is_subtargetconfig
2020-01-21 10:55:05.815731 | > DO_CALL (0.001s wait)
.2020-01-21 10:55:05.820792 | eval'd: drake::cmq_buildtargetmetadepsspecht_is_subtargetconfig
2020-01-21 10:55:10.188163 | > DO_CALL (0.001s wait)
.2020-01-21 10:55:10.193822 | eval'd: drake::cmq_buildtargetmetadepsspecht_is_subtargetconfig
2020-01-21 10:55:13.974700 | > DO_CALL (0.001s wait)
.2020-01-21 10:55:13.980257 | eval'd: drake::cmq_buildtargetmetadepsspecht_is_subtargetconfig
2020-01-21 10:55:17.886247 | > DO_CALL (0.000s wait)
.2020-01-21 10:55:17.890621 | eval'd: drake::cmq_buildtargetmetadepsspecht_is_subtargetconfig
2020-01-21 10:55:21.971660 | > DO_CALL (0.000s wait)
.2020-01-21 10:55:21.976613 | eval'd: drake::cmq_buildtargetmetadepsspecht_is_subtargetconfig
2020-01-21 10:55:25.932205 | > DO_CALL (0.000s wait)
.2020-01-21 10:55:25.936712 | eval'd: drake::cmq_buildtargetmetadepsspecht_is_subtargetconfig
2020-01-21 10:55:29.773403 | > DO_CALL (0.000s wait)
.2020-01-21 10:55:29.778321 | eval'd: drake::cmq_buildtargetmetadepsspecht_is_subtargetconfig
2020-01-21 10:55:37.126419 | > DO_CALL (0.000s wait)
.2020-01-21 10:55:37.131575 | eval'd: drake::cmq_buildtargetmetadepsspecht_is_subtargetconfig
2020-01-21 10:55:41.804089 | > DO_CALL (0.001s wait)
.2020-01-21 10:55:41.809900 | eval'd: drake::cmq_buildtargetmetadepsspecht_is_subtargetconfig
2020-01-21 10:55:45.804125 | > DO_CALL (0.001s wait)
.2020-01-21 10:55:45.809945 | eval'd: drake::cmq_buildtargetmetadepsspecht_is_subtargetconfig
2020-01-21 10:55:49.743325 | > DO_CALL (0.000s wait)
.2020-01-21 10:55:49.747903 | eval'd: drake::cmq_buildtargetmetadepsspecht_is_subtargetconfig
2020-01-21 10:55:53.826128 | > DO_CALL (0.000s wait)
.2020-01-21 10:55:53.830870 | eval'd: drake::cmq_buildtargetmetadepsspecht_is_subtargetconfig
2020-01-21 10:55:57.635124 | > DO_CALL (0.001s wait)
.2020-01-21 10:55:57.640644 | eval'd: drake::cmq_buildtargetmetadepsspecht_is_subtargetconfig
2020-01-21 10:56:01.496227 | > DO_CALL (0.000s wait)
.2020-01-21 10:56:01.500710 | eval'd: drake::cmq_buildtargetmetadepsspecht_is_subtargetconfig
2020-01-21 10:56:05.381758 | > DO_CALL (0.001s wait)
.2020-01-21 10:56:05.387297 | eval'd: drake::cmq_buildtargetmetadepsspecht_is_subtargetconfig
2020-01-21 10:56:09.535944 | > DO_CALL (0.001s wait)
.2020-01-21 10:56:09.541451 | eval'd: drake::cmq_buildtargetmetadepsspecht_is_subtargetconfig
2020-01-21 10:56:13.812325 | > DO_CALL (0.000s wait)
.2020-01-21 10:56:13.817532 | eval'd: drake::cmq_buildtargetmetadepsspecht_is_subtargetconfig
2020-01-21 10:56:18.488654 | > DO_CALL (0.000s wait)
.2020-01-21 10:56:18.493614 | eval'd: drake::cmq_buildtargetmetadepsspecht_is_subtargetconfig
2020-01-21 10:56:22.401175 | > DO_CALL (0.000s wait)
.2020-01-21 10:56:22.406018 | eval'd: drake::cmq_buildtargetmetadepsspecht_is_subtargetconfig
2020-01-21 10:56:26.687130 | > DO_CALL (0.001s wait)
.2020-01-21 10:56:26.692876 | eval'd: drake::cmq_buildtargetmetadepsspecht_is_subtargetconfig
2020-01-21 10:56:30.959257 | > DO_CALL (0.000s wait)
.2020-01-21 10:56:30.964159 | eval'd: drake::cmq_buildtargetmetadepsspecht_is_subtargetconfig
2020-01-21 10:56:37.043964 | > DO_CALL (0.001s wait)
.2020-01-21 10:56:37.049571 | eval'd: drake::cmq_buildtargetmetadepsspecht_is_subtargetconfig
2020-01-21 10:56:41.022975 | > DO_CALL (0.001s wait)
.2020-01-21 10:56:41.028466 | eval'd: drake::cmq_buildtargetmetadepsspecht_is_subtargetconfig
2020-01-21 10:56:45.774432 | > DO_CALL (0.000s wait)
.2020-01-21 10:56:45.779387 | eval'd: drake::cmq_buildtargetmetadepsspecht_is_subtargetconfig
2020-01-21 10:56:49.786173 | > DO_CALL (0.000s wait)
.2020-01-21 10:56:49.790565 | eval'd: drake::cmq_buildtargetmetadepsspecht_is_subtargetconfig
2020-01-21 10:56:53.433642 | > DO_CALL (0.000s wait)
.2020-01-21 10:56:53.439366 | eval'd: drake::cmq_buildtargetmetadepsspecht_is_subtargetconfig
2020-01-21 10:56:57.486618 | > DO_CALL (0.000s wait)
.2020-01-21 10:56:57.491770 | eval'd: drake::cmq_buildtargetmetadepsspecht_is_subtargetconfig
2020-01-21 10:57:02.072797 | > DO_CALL (0.001s wait)
.2020-01-21 10:57:02.078192 | eval'd: drake::cmq_buildtargetmetadepsspecht_is_subtargetconfig
2020-01-21 10:57:06.416568 | > DO_CALL (0.000s wait)
.2020-01-21 10:57:06.421709 | eval'd: drake::cmq_buildtargetmetadepsspecht_is_subtargetconfig
2020-01-21 10:57:10.497874 | > DO_CALL (0.001s wait)
.2020-01-21 10:57:10.503334 | eval'd: drake::cmq_buildtargetmetadepsspecht_is_subtargetconfig
2020-01-21 10:57:14.412118 | > DO_CALL (0.000s wait)
.2020-01-21 10:57:14.417138 | eval'd: drake::cmq_buildtargetmetadepsspecht_is_subtargetconfig
2020-01-21 10:57:18.577116 | > DO_CALL (0.000s wait)
.2020-01-21 10:57:18.581494 | eval'd: drake::cmq_buildtargetmetadepsspecht_is_subtargetconfig
2020-01-21 10:57:23.104124 | > DO_CALL (0.000s wait)
.2020-01-21 10:57:23.109229 | eval'd: drake::cmq_buildtargetmetadepsspecht_is_subtargetconfig
2020-01-21 10:57:27.366760 | > DO_CALL (0.001s wait)
.2020-01-21 10:57:27.372163 | eval'd: drake::cmq_buildtargetmetadepsspecht_is_subtargetconfig
2020-01-21 10:57:31.389998 | > DO_CALL (0.001s wait)
.2020-01-21 10:57:31.395557 | eval'd: drake::cmq_buildtargetmetadepsspecht_is_subtargetconfig
2020-01-21 10:57:35.183799 | > DO_CALL (0.001s wait)
.2020-01-21 10:57:35.189486 | eval'd: drake::cmq_buildtargetmetadepsspecht_is_subtargetconfig
2020-01-21 10:57:41.060013 | > DO_CALL (0.000s wait)
.2020-01-21 10:57:41.064275 | eval'd: drake::cmq_buildtargetmetadepsspecht_is_subtargetconfig
2020-01-21 10:57:45.366957 | > DO_CALL (0.001s wait)
.2020-01-21 10:57:45.373188 | eval'd: drake::cmq_buildtargetmetadepsspecht_is_subtargetconfig
2020-01-21 10:57:49.177108 | > DO_CALL (0.000s wait)
.2020-01-21 10:57:49.181540 | eval'd: drake::cmq_buildtargetmetadepsspecht_is_subtargetconfig
2020-01-21 10:57:53.548064 | > DO_CALL (0.000s wait)
.2020-01-21 10:57:53.553035 | eval'd: drake::cmq_buildtargetmetadepsspecht_is_subtargetconfig
2020-01-21 10:57:57.673039 | > DO_CALL (0.001s wait)
.2020-01-21 10:57:57.678747 | eval'd: drake::cmq_buildtargetmetadepsspecht_is_subtargetconfig
2020-01-21 10:58:02.305718 | > DO_CALL (0.001s wait)
.2020-01-21 10:58:02.311148 | eval'd: drake::cmq_buildtargetmetadepsspecht_is_subtargetconfig
2020-01-21 10:58:06.208899 | > DO_CALL (0.001s wait)
.2020-01-21 10:58:06.214658 | eval'd: drake::cmq_buildtargetmetadepsspecht_is_subtargetconfig
2020-01-21 10:58:10.309887 | > DO_CALL (0.001s wait)
.2020-01-21 10:58:10.315594 | eval'd: drake::cmq_buildtargetmetadepsspecht_is_subtargetconfig
2020-01-21 10:58:14.177512 | > DO_CALL (0.000s wait)
.2020-01-21 10:58:14.182984 | eval'd: drake::cmq_buildtargetmetadepsspecht_is_subtargetconfig
2020-01-21 10:58:17.917346 | > DO_CALL (0.000s wait)
.2020-01-21 10:58:17.922169 | eval'd: drake::cmq_buildtargetmetadepsspecht_is_subtargetconfig
2020-01-21 10:58:21.703099 | > DO_CALL (0.000s wait)
.2020-01-21 10:58:21.707487 | eval'd: drake::cmq_buildtargetmetadepsspecht_is_subtargetconfig
2020-01-21 10:58:25.726047 | > DO_CALL (0.001s wait)
.2020-01-21 10:58:25.731767 | eval'd: drake::cmq_buildtargetmetadepsspecht_is_subtargetconfig
2020-01-21 10:58:29.443614 | > DO_CALL (0.000s wait)
.2020-01-21 10:58:29.448872 | eval'd: drake::cmq_buildtargetmetadepsspecht_is_subtargetconfig
2020-01-21 10:58:33.132138 | > DO_CALL (0.000s wait)
.2020-01-21 10:58:33.137153 | eval'd: drake::cmq_buildtargetmetadepsspecht_is_subtargetconfig
2020-01-21 10:58:37.144150 | > DO_CALL (0.001s wait)
.2020-01-21 10:58:37.150012 | eval'd: drake::cmq_buildtargetmetadepsspecht_is_subtargetconfig
2020-01-21 10:58:43.213976 | > DO_CALL (0.001s wait)
.2020-01-21 10:58:43.220261 | eval'd: drake::cmq_buildtargetmetadepsspecht_is_subtargetconfig
2020-01-21 10:58:47.236999 | > DO_CALL (0.000s wait)
.2020-01-21 10:58:47.241266 | eval'd: drake::cmq_buildtargetmetadepsspecht_is_subtargetconfig
2020-01-21 10:58:50.993628 | > DO_CALL (0.000s wait)
.2020-01-21 10:58:50.998832 | eval'd: drake::cmq_buildtargetmetadepsspecht_is_subtargetconfig
2020-01-21 10:58:55.264136 | > DO_CALL (0.000s wait)
.2020-01-21 10:58:55.269308 | eval'd: drake::cmq_buildtargetmetadepsspecht_is_subtargetconfig
2020-01-21 10:59:00.072046 | > DO_CALL (0.001s wait)
.2020-01-21 10:59:00.077916 | eval'd: drake::cmq_buildtargetmetadepsspecht_is_subtargetconfig
2020-01-21 10:59:04.044044 | > DO_CALL (0.000s wait)
.2020-01-21 10:59:04.048791 | eval'd: drake::cmq_buildtargetmetadepsspecht_is_subtargetconfig
2020-01-21 10:59:07.872977 | > DO_CALL (0.001s wait)
.2020-01-21 10:59:07.878877 | eval'd: drake::cmq_buildtargetmetadepsspecht_is_subtargetconfig
2020-01-21 10:59:11.822415 | > DO_CALL (0.000s wait)
.
2020-01-21 10:59:11.827368 | eval'd: drake::cmq_buildtargetmetadepsspecht_is_subtargetconfig
2020-01-21 10:59:15.705270 | > DO_CALL (0.000s wait)
.2020-01-21 10:59:15.709969 | eval'd: drake::cmq_buildtargetmetadepsspecht_is_subtargetconfig
2020-01-21 10:59:19.616188 | > DO_CALL (0.001s wait)
.2020-01-21 10:59:19.622113 | eval'd: drake::cmq_buildtargetmetadepsspecht_is_subtargetconfig
2020-01-21 10:59:23.592644 | > DO_CALL (0.000s wait)
.2020-01-21 10:59:23.598583 | eval'd: drake::cmq_buildtargetmetadepsspecht_is_subtargetconfig
2020-01-21 10:59:28.326287 | > DO_CALL (0.000s wait)
.2020-01-21 10:59:28.330992 | eval'd: drake::cmq_buildtargetmetadepsspecht_is_subtargetconfig
2020-01-21 10:59:32.288986 | > DO_CALL (0.000s wait)
.2020-01-21 10:59:32.293740 | eval'd: drake::cmq_buildtargetmetadepsspecht_is_subtargetconfig
2020-01-21 10:59:36.053144 | > DO_CALL (0.000s wait)
.2020-01-21 10:59:36.057942 | eval'd: drake::cmq_buildtargetmetadepsspecht_is_subtargetconfig
2020-01-21 10:59:39.899143 | > DO_CALL (0.001s wait)
.2020-01-21 10:59:39.905181 | eval'd: drake::cmq_buildtargetmetadepsspecht_is_subtargetconfig
2020-01-21 10:59:45.438095 | > DO_CALL (0.000s wait)
.2020-01-21 10:59:45.442996 | eval'd: drake::cmq_buildtargetmetadepsspecht_is_subtargetconfig
2020-01-21 10:59:49.923016 | > DO_CALL (0.000s wait)
.2020-01-21 10:59:49.927289 | eval'd: drake::cmq_buildtargetmetadepsspecht_is_subtargetconfig
2020-01-21 10:59:53.724388 | > DO_CALL (0.000s wait)
.2020-01-21 10:59:53.729951 | eval'd: drake::cmq_buildtargetmetadepsspecht_is_subtargetconfig
2020-01-21 10:59:57.499448 | > DO_CALL (0.000s wait)
.2020-01-21 10:59:57.504487 | eval'd: drake::cmq_buildtargetmetadepsspecht_is_subtargetconfig
2020-01-21 11:00:01.486120 | > DO_CALL (0.001s wait)
.2020-01-21 11:00:01.492437 | eval'd: drake::cmq_buildtargetmetadepsspecht_is_subtargetconfig
2020-01-21 11:00:05.159122 | > DO_CALL (0.000s wait)
.2020-01-21 11:00:05.163622 | eval'd: drake::cmq_buildtargetmetadepsspecht_is_subtargetconfig
2020-01-21 11:00:08.748464 | > DO_CALL (0.000s wait)
.2020-01-21 11:00:08.753599 | eval'd: drake::cmq_buildtargetmetadepsspecht_is_subtargetconfig
2020-01-21 11:00:12.360766 | > DO_CALL (0.001s wait)
.2020-01-21 11:00:12.380223 | eval'd: drake::cmq_buildtargetmetadepsspecht_is_subtargetconfig
2020-01-21 11:00:16.081160 | > DO_CALL (0.000s wait)
.2020-01-21 11:00:16.085798 | eval'd: drake::cmq_buildtargetmetadepsspecht_is_subtargetconfig
2020-01-21 11:00:19.792876 | > DO_CALL (0.001s wait)
.2020-01-21 11:00:19.798577 | eval'd: drake::cmq_buildtargetmetadepsspecht_is_subtargetconfig
2020-01-21 11:00:23.929425 | > DO_CALL (0.000s wait)
.2020-01-21 11:00:23.934875 | eval'd: drake::cmq_buildtargetmetadepsspecht_is_subtargetconfig
2020-01-21 11:00:27.798909 | > DO_CALL (0.001s wait)
.2020-01-21 11:00:27.804393 | eval'd: drake::cmq_buildtargetmetadepsspecht_is_subtargetconfig
2020-01-21 11:00:32.322180 | > DO_CALL (0.000s wait)
.2020-01-21 11:00:32.327506 | eval'd: drake::cmq_buildtargetmetadepsspecht_is_subtargetconfig
2020-01-21 11:00:36.257568 | > DO_CALL (0.000s wait)
.2020-01-21 11:00:36.262633 | eval'd: drake::cmq_buildtargetmetadepsspecht_is_subtargetconfig
2020-01-21 11:00:40.255027 | > DO_CALL (0.000s wait)
.2020-01-21 11:00:40.259276 | eval'd: drake::cmq_buildtargetmetadepsspecht_is_subtargetconfig
2020-01-21 11:00:44.014138 | > DO_CALL (0.000s wait)
.2020-01-21 11:00:44.019315 | eval'd: drake::cmq_buildtargetmetadepsspecht_is_subtargetconfig
2020-01-21 11:00:49.621829 | > DO_CALL (0.001s wait)
.2020-01-21 11:00:49.627288 | eval'd: drake::cmq_buildtargetmetadepsspecht_is_subtargetconfig
2020-01-21 11:00:53.577074 | > DO_CALL (0.001s wait)
.2020-01-21 11:00:53.583415 | eval'd: drake::cmq_buildtargetmetadepsspecht_is_subtargetconfig
2020-01-21 11:00:57.701028 | > DO_CALL (0.000s wait)
.2020-01-21 11:00:57.705407 | eval'd: drake::cmq_buildtargetmetadepsspecht_is_subtargetconfig
2020-01-21 11:01:02.246993 | > DO_CALL (0.000s wait)
.2020-01-21 11:01:02.251754 | eval'd: drake::cmq_buildtargetmetadepsspecht_is_subtargetconfig
2020-01-21 11:01:06.264174 | > DO_CALL (0.000s wait)
.2020-01-21 11:01:06.268774 | eval'd: drake::cmq_buildtargetmetadepsspecht_is_subtargetconfig
2020-01-21 11:01:10.217032 | > DO_CALL (0.000s wait)
.2020-01-21 11:01:10.221382 | eval'd: drake::cmq_buildtargetmetadepsspecht_is_subtargetconfig
2020-01-21 11:01:14.297117 | > DO_CALL (0.000s wait)
.2020-01-21 11:01:14.301922 | eval'd: drake::cmq_buildtargetmetadepsspecht_is_subtargetconfig
2020-01-21 11:01:18.295888 | > DO_CALL (0.001s wait)
.2020-01-21 11:01:18.301220 | eval'd: drake::cmq_buildtargetmetadepsspecht_is_subtargetconfig
2020-01-21 11:01:21.939223 | > DO_CALL (0.000s wait)
.2020-01-21 11:01:21.943900 | eval'd: drake::cmq_buildtargetmetadepsspecht_is_subtargetconfig
2020-01-21 11:01:25.677330 | > DO_CALL (0.000s wait)
.2020-01-21 11:01:25.682151 | eval'd: drake::cmq_buildtargetmetadepsspecht_is_subtargetconfig
2020-01-21 11:01:29.343423 | > DO_CALL (0.000s wait)
.2020-01-21 11:01:29.348528 | eval'd: drake::cmq_buildtargetmetadepsspecht_is_subtargetconfig
2020-01-21 11:01:33.082011 | > DO_CALL (0.001s wait)
.2020-01-21 11:01:33.088225 | eval'd: drake::cmq_buildtargetmetadepsspecht_is_subtargetconfig
2020-01-21 11:01:37.383087 | > DO_CALL (0.001s wait)
.2020-01-21 11:01:37.389059 | eval'd: drake::cmq_buildtargetmetadepsspecht_is_subtargetconfig
2020-01-21 11:01:41.062127 | > DO_CALL (0.001s wait)
.2020-01-21 11:01:41.067809 | eval'd: drake::cmq_buildtargetmetadepsspecht_is_subtargetconfig
2020-01-21 11:01:44.648323 | > DO_CALL (0.000s wait)
.2020-01-21 11:01:44.653288 | eval'd: drake::cmq_buildtargetmetadepsspecht_is_subtargetconfig
2020-01-21 11:01:48.379595 | > DO_CALL (0.000s wait)
.2020-01-21 11:01:48.384739 | eval'd: drake::cmq_buildtargetmetadepsspecht_is_subtargetconfig
2020-01-21 11:01:54.124537 | > DO_CALL (0.000s wait)
.2020-01-21 11:01:54.130122 | eval'd: drake::cmq_buildtargetmetadepsspecht_is_subtargetconfig
2020-01-21 11:01:57.900021 | > DO_CALL (0.000s wait)
.2020-01-21 11:01:57.904284 | eval'd: drake::cmq_buildtargetmetadepsspecht_is_subtargetconfig
2020-01-21 11:02:01.835509 | > DO_CALL (0.000s wait)
.2020-01-21 11:02:01.840562 | eval'd: drake::cmq_buildtargetmetadepsspecht_is_subtargetconfig
2020-01-21 11:02:05.384950 | > DO_CALL (0.001s wait)
.2020-01-21 11:02:05.390727 | eval'd: drake::cmq_buildtargetmetadepsspecht_is_subtargetconfig
2020-01-21 11:02:09.119040 | > DO_CALL (0.000s wait)
.2020-01-21 11:02:09.123342 | eval'd: drake::cmq_buildtargetmetadepsspecht_is_subtargetconfig
2020-01-21 11:02:12.905519 | > DO_CALL (0.000s wait)
.2020-01-21 11:02:12.911077 | eval'd: drake::cmq_buildtargetmetadepsspecht_is_subtargetconfig
2020-01-21 11:02:16.714198 | > DO_CALL (0.000s wait)
.2020-01-21 11:02:16.718865 | eval'd: drake::cmq_buildtargetmetadepsspecht_is_subtargetconfig
2020-01-21 11:02:20.694653 | > DO_CALL (0.000s wait)
.2020-01-21 11:02:20.700014 | eval'd: drake::cmq_buildtargetmetadepsspecht_is_subtargetconfig
2020-01-21 11:02:24.476044 | > DO_CALL (0.000s wait)
.2020-01-21 11:02:24.480606 | eval'd: drake::cmq_buildtargetmetadepsspecht_is_subtargetconfig
2020-01-21 11:02:28.143129 | > DO_CALL (0.000s wait)
.2020-01-21 11:02:28.147593 | eval'd: drake::cmq_buildtargetmetadepsspecht_is_subtargetconfig
2020-01-21 11:02:31.743515 | > DO_CALL (0.000s wait)
.2020-01-21 11:02:31.748533 | eval'd: drake::cmq_buildtargetmetadepsspecht_is_subtargetconfig
2020-01-21 11:02:36.952322 | > DO_CALL (0.000s wait)
.2020-01-21 11:02:36.957130 | eval'd: drake::cmq_buildtargetmetadepsspecht_is_subtargetconfig
2020-01-21 11:02:40.756974 | > DO_CALL (0.001s wait)
.2020-01-21 11:02:40.762585 | eval'd: drake::cmq_buildtargetmetadepsspecht_is_subtargetconfig
2020-01-21 11:02:44.437904 | > DO_CALL (0.001s wait)
.2020-01-21 11:02:44.443388 | eval'd: drake::cmq_buildtargetmetadepsspecht_is_subtargetconfig
2020-01-21 11:02:48.306083 | > DO_CALL (0.001s wait)
.2020-01-21 11:02:48.311888 | eval'd: drake::cmq_buildtargetmetadepsspecht_is_subtargetconfig
2020-01-21 11:02:51.949177 | > DO_CALL (0.000s wait)
.2020-01-21 11:02:51.953693 | eval'd: drake::cmq_buildtargetmetadepsspecht_is_subtargetconfig
2020-01-21 11:02:57.267360 | > DO_CALL (0.000s wait)
.2020-01-21 11:02:57.272138 | eval'd: drake::cmq_buildtargetmetadepsspecht_is_subtargetconfig
2020-01-21 11:03:00.912014 | > DO_CALL (0.000s wait)
.2020-01-21 11:03:00.916374 | eval'd: drake::cmq_buildtargetmetadepsspecht_is_subtargetconfig
2020-01-21 11:03:04.510639 | > DO_CALL (0.000s wait)
.2020-01-21 11:03:04.515949 | eval'd: drake::cmq_buildtargetmetadepsspecht_is_subtargetconfig
2020-01-21 11:03:08.095411 | > DO_CALL (0.000s wait)
.2020-01-21 11:03:08.100634 | eval'd: drake::cmq_buildtargetmetadepsspecht_is_subtargetconfig
2020-01-21 11:03:11.784174 | > DO_CALL (0.000s wait)
.2020-01-21 11:03:11.788948 | eval'd: drake::cmq_buildtargetmetadepsspecht_is_subtargetconfig
2020-01-21 11:03:15.554163 | > DO_CALL (0.000s wait)
.2020-01-21 11:03:15.558897 | eval'd: drake::cmq_buildtargetmetadepsspecht_is_subtargetconfig
2020-01-21 11:03:20.019907 | > DO_CALL (0.001s wait)
.2020-01-21 11:03:20.025598 | eval'd: drake::cmq_buildtargetmetadepsspecht_is_subtargetconfig
2020-01-21 11:03:23.453026 | > DO_CALL (0.001s wait)
.2020-01-21 11:03:23.459316 | eval'd: drake::cmq_buildtargetmetadepsspecht_is_subtargetconfig
2020-01-21 11:03:27.320684 | > DO_CALL (0.000s wait)
.2020-01-21 11:03:27.325944 | eval'd: drake::cmq_buildtargetmetadepsspecht_is_subtargetconfig
2020-01-21 11:03:30.997018 | > DO_CALL (0.000s wait)
.2020-01-21 11:03:31.001379 | eval'd: drake::cmq_buildtargetmetadepsspecht_is_subtargetconfig
2020-01-21 11:03:35.485391 | > DO_CALL (0.000s wait)
.2020-01-21 11:03:35.490437 | eval'd: drake::cmq_buildtargetmetadepsspecht_is_subtargetconfig
2020-01-21 11:03:40.552059 | > DO_CALL (0.001s wait)
.2020-01-21 11:03:40.557630 | eval'd: drake::cmq_buildtargetmetadepsspecht_is_subtargetconfig
2020-01-21 11:03:44.317288 | > DO_CALL (0.000s wait)
.2020-01-21 11:03:44.322604 | eval'd: drake::cmq_buildtargetmetadepsspecht_is_subtargetconfig
2020-01-21 11:03:47.990928 | > DO_CALL (0.001s wait)
.2020-01-21 11:03:47.996433 | eval'd: drake::cmq_buildtargetmetadepsspecht_is_subtargetconfig
2020-01-21 11:03:51.608071 | > DO_CALL (0.000s wait)
.2020-01-21 11:03:51.612393 | eval'd: drake::cmq_buildtargetmetadepsspecht_is_subtargetconfig
2020-01-21 11:03:56.982005 | > DO_CALL (0.000s wait)
.2020-01-21 11:03:56.988190 | eval'd: drake::cmq_buildtargetmetadepsspecht_is_subtargetconfig
2020-01-21 11:04:02.072134 | > DO_CALL (0.000s wait)
.2020-01-21 11:04:02.076672 | eval'd: drake::cmq_buildtargetmetadepsspecht_is_subtargetconfig
2020-01-21 11:04:05.875131 | > DO_CALL (0.001s wait)
.2020-01-21 11:04:05.881194 | eval'd: drake::cmq_buildtargetmetadepsspecht_is_subtargetconfig
2020-01-21 11:04:09.675974 | > DO_CALL (0.001s wait)
.2020-01-21 11:04:09.681493 | eval'd: drake::cmq_buildtargetmetadepsspecht_is_subtargetconfig
2020-01-21 11:04:13.408300 | > DO_CALL (0.000s wait)
.2020-01-21 11:04:13.413354 | eval'd: drake::cmq_buildtargetmetadepsspecht_is_subtargetconfig
2020-01-21 11:04:17.120038 | > DO_CALL (0.000s wait)
.2020-01-21 11:04:17.124508 | eval'd: drake::cmq_buildtargetmetadepsspecht_is_subtargetconfig
2020-01-21 11:04:20.959633 | > DO_CALL (0.000s wait)
.2020-01-21 11:04:20.965046 | eval'd: drake::cmq_buildtargetmetadepsspecht_is_subtargetconfig
2020-01-21 11:04:24.731001 | > DO_CALL (0.001s wait)
.2020-01-21 11:04:24.736902 | eval'd: drake::cmq_buildtargetmetadepsspecht_is_subtargetconfig
2020-01-21 11:04:28.446099 | > DO_CALL (0.000s wait)
.
2020-01-21 11:04:28.450513 | eval'd: drake::cmq_buildtargetmetadepsspecht_is_subtargetconfig
2020-01-21 11:04:32.009795 | > DO_CALL (0.001s wait)
.2020-01-21 11:04:32.015260 | eval'd: drake::cmq_buildtargetmetadepsspecht_is_subtargetconfig
2020-01-21 11:04:35.831622 | > DO_CALL (0.000s wait)
.2020-01-21 11:04:35.837339 | eval'd: drake::cmq_buildtargetmetadepsspecht_is_subtargetconfig
2020-01-21 11:04:39.530417 | > DO_CALL (0.000s wait)
.2020-01-21 11:04:39.535170 | eval'd: drake::cmq_buildtargetmetadepsspecht_is_subtargetconfig
2020-01-21 11:04:43.953403 | > DO_CALL (0.000s wait)
.2020-01-21 11:04:43.958734 | eval'd: drake::cmq_buildtargetmetadepsspecht_is_subtargetconfig
2020-01-21 11:04:47.794333 | > DO_CALL (0.001s wait)
.2020-01-21 11:04:47.800641 | eval'd: drake::cmq_buildtargetmetadepsspecht_is_subtargetconfig
2020-01-21 11:04:51.411223 | > DO_CALL (0.000s wait)
.2020-01-21 11:04:51.415910 | eval'd: drake::cmq_buildtargetmetadepsspecht_is_subtargetconfig
2020-01-21 11:04:55.226378 | > DO_CALL (0.000s wait)
.2020-01-21 11:04:55.232023 | eval'd: drake::cmq_buildtargetmetadepsspecht_is_subtargetconfig
2020-01-21 11:05:00.875116 | > DO_CALL (0.000s wait)
.2020-01-21 11:05:00.879644 | eval'd: drake::cmq_buildtargetmetadepsspecht_is_subtargetconfig
2020-01-21 11:05:04.453792 | > DO_CALL (0.001s wait)
.2020-01-21 11:05:04.461109 | eval'd: drake::cmq_buildtargetmetadepsspecht_is_subtargetconfig
2020-01-21 11:05:08.062217 | > DO_CALL (0.000s wait)
.2020-01-21 11:05:08.066828 | eval'd: drake::cmq_buildtargetmetadepsspecht_is_subtargetconfig
2020-01-21 11:05:11.878233 | > DO_CALL (0.001s wait)
.2020-01-21 11:05:11.884432 | eval'd: drake::cmq_buildtargetmetadepsspecht_is_subtargetconfig
2020-01-21 11:05:15.518591 | > DO_CALL (0.000s wait)
.2020-01-21 11:05:15.554951 | eval'd: drake::cmq_buildtargetmetadepsspecht_is_subtargetconfig
2020-01-21 11:05:19.872967 | > DO_CALL (0.001s wait)
.2020-01-21 11:05:19.878254 | eval'd: drake::cmq_buildtargetmetadepsspecht_is_subtargetconfig
2020-01-21 11:05:23.551344 | > DO_CALL (0.000s wait)
.2020-01-21 11:05:23.556477 | eval'd: drake::cmq_buildtargetmetadepsspecht_is_subtargetconfig
2020-01-21 11:05:27.225840 | > DO_CALL (0.001s wait)
.2020-01-21 11:05:27.231246 | eval'd: drake::cmq_buildtargetmetadepsspecht_is_subtargetconfig
2020-01-21 11:05:30.939296 | > DO_CALL (0.001s wait)
.2020-01-21 11:05:30.945299 | eval'd: drake::cmq_buildtargetmetadepsspecht_is_subtargetconfig
2020-01-21 11:05:34.636555 | > DO_CALL (0.000s wait)
.2020-01-21 11:05:34.645924 | eval'd: drake::cmq_buildtargetmetadepsspecht_is_subtargetconfig
2020-01-21 11:05:38.212428 | > DO_CALL (0.000s wait)
.2020-01-21 11:05:38.218004 | eval'd: drake::cmq_buildtargetmetadepsspecht_is_subtargetconfig
2020-01-21 11:05:42.120291 | > DO_CALL (0.001s wait)
.2020-01-21 11:05:42.127702 | eval'd: drake::cmq_buildtargetmetadepsspecht_is_subtargetconfig
2020-01-21 11:05:46.490188 | > DO_CALL (0.000s wait)
.2020-01-21 11:05:46.495272 | eval'd: drake::cmq_buildtargetmetadepsspecht_is_subtargetconfig
2020-01-21 11:05:50.238590 | > DO_CALL (0.000s wait)
.2020-01-21 11:05:50.243577 | eval'd: drake::cmq_buildtargetmetadepsspecht_is_subtargetconfig
2020-01-21 11:05:53.861155 | > DO_CALL (0.000s wait)
.2020-01-21 11:05:53.866526 | eval'd: drake::cmq_buildtargetmetadepsspecht_is_subtargetconfig
2020-01-21 11:05:57.391761 | > DO_CALL (0.001s wait)
.2020-01-21 11:05:57.398374 | eval'd: drake::cmq_buildtargetmetadepsspecht_is_subtargetconfig
2020-01-21 11:06:00.882675 | > DO_CALL (0.000s wait)
.2020-01-21 11:06:00.888319 | eval'd: drake::cmq_buildtargetmetadepsspecht_is_subtargetconfig
2020-01-21 11:06:05.754310 | > DO_CALL (0.000s wait)
.2020-01-21 11:06:05.759806 | eval'd: drake::cmq_buildtargetmetadepsspecht_is_subtargetconfig
2020-01-21 11:06:09.320323 | > DO_CALL (0.000s wait)
.2020-01-21 11:06:09.325619 | eval'd: drake::cmq_buildtargetmetadepsspecht_is_subtargetconfig
2020-01-21 11:06:12.828290 | > DO_CALL (0.001s wait)
.2020-01-21 11:06:12.835143 | eval'd: drake::cmq_buildtargetmetadepsspecht_is_subtargetconfig
2020-01-21 11:06:16.847185 | > DO_CALL (0.000s wait)
.2020-01-21 11:06:16.852176 | eval'd: drake::cmq_buildtargetmetadepsspecht_is_subtargetconfig
2020-01-21 11:06:21.115498 | > DO_CALL (0.000s wait)
.2020-01-21 11:06:21.120790 | eval'd: drake::cmq_buildtargetmetadepsspecht_is_subtargetconfig
2020-01-21 11:06:24.607141 | > DO_CALL (0.000s wait)
.2020-01-21 11:06:24.611917 | eval'd: drake::cmq_buildtargetmetadepsspecht_is_subtargetconfig
2020-01-21 11:06:28.079933 | > DO_CALL (0.001s wait)
.2020-01-21 11:06:28.085939 | eval'd: drake::cmq_buildtargetmetadepsspecht_is_subtargetconfig
2020-01-21 11:06:31.745417 | > DO_CALL (0.000s wait)
.2020-01-21 11:06:31.750573 | eval'd: drake::cmq_buildtargetmetadepsspecht_is_subtargetconfig
2020-01-21 11:06:35.449155 | > DO_CALL (0.000s wait)
.2020-01-21 11:06:35.454102 | eval'd: drake::cmq_buildtargetmetadepsspecht_is_subtargetconfig
2020-01-21 11:06:39.099786 | > DO_CALL (0.001s wait)
.2020-01-21 11:06:39.105753 | eval'd: drake::cmq_buildtargetmetadepsspecht_is_subtargetconfig
2020-01-21 11:06:42.768274 | > DO_CALL (0.000s wait)
.2020-01-21 11:06:42.773634 | eval'd: drake::cmq_buildtargetmetadepsspecht_is_subtargetconfig
2020-01-21 11:06:46.251105 | > DO_CALL (0.000s wait)
.2020-01-21 11:06:46.255884 | eval'd: drake::cmq_buildtargetmetadepsspecht_is_subtargetconfig
2020-01-21 11:06:50.490141 | > DO_CALL (0.000s wait)
.2020-01-21 11:06:50.495015 | eval'd: drake::cmq_buildtargetmetadepsspecht_is_subtargetconfig
2020-01-21 11:06:54.200585 | > DO_CALL (0.000s wait)
.2020-01-21 11:06:54.206154 | eval'd: drake::cmq_buildtargetmetadepsspecht_is_subtargetconfig
2020-01-21 11:06:57.900512 | > DO_CALL (0.000s wait)
.2020-01-21 11:06:57.905566 | eval'd: drake::cmq_buildtargetmetadepsspecht_is_subtargetconfig
2020-01-21 11:07:01.654118 | > DO_CALL (0.000s wait)
.2020-01-21 11:07:01.658700 | eval'd: drake::cmq_buildtargetmetadepsspecht_is_subtargetconfig
2020-01-21 11:07:07.438313 | > DO_CALL (0.001s wait)
.2020-01-21 11:07:07.444451 | eval'd: drake::cmq_buildtargetmetadepsspecht_is_subtargetconfig
2020-01-21 11:07:10.957027 | > DO_CALL (0.000s wait)
.2020-01-21 11:07:10.961484 | eval'd: drake::cmq_buildtargetmetadepsspecht_is_subtargetconfig
2020-01-21 11:07:14.366026 | > DO_CALL (0.000s wait)
.2020-01-21 11:07:14.370783 | eval'd: drake::cmq_buildtargetmetadepsspecht_is_subtargetconfig
2020-01-21 11:07:17.763031 | > DO_CALL (0.000s wait)
.2020-01-21 11:07:17.767782 | eval'd: drake::cmq_buildtargetmetadepsspecht_is_subtargetconfig
2020-01-21 11:07:21.241441 | > DO_CALL (0.001s wait)
.2020-01-21 11:07:21.247974 | eval'd: drake::cmq_buildtargetmetadepsspecht_is_subtargetconfig
2020-01-21 11:07:25.498258 | > DO_CALL (0.001s wait)
.2020-01-21 11:07:25.504733 | eval'd: drake::cmq_buildtargetmetadepsspecht_is_subtargetconfig
2020-01-21 11:07:29.021893 | > DO_CALL (0.001s wait)
.2020-01-21 11:07:29.027895 | eval'd: drake::cmq_buildtargetmetadepsspecht_is_subtargetconfig
2020-01-21 11:07:32.659265 | > DO_CALL (0.001s wait)
.2020-01-21 11:07:32.666951 | eval'd: drake::cmq_buildtargetmetadepsspecht_is_subtargetconfig
2020-01-21 11:07:36.178167 | > DO_CALL (0.000s wait)
.2020-01-21 11:07:36.183076 | eval'd: drake::cmq_buildtargetmetadepsspecht_is_subtargetconfig
2020-01-21 11:07:39.655255 | > DO_CALL (0.001s wait)
.2020-01-21 11:07:39.661776 | eval'd: drake::cmq_buildtargetmetadepsspecht_is_subtargetconfig
2020-01-21 11:07:43.420056 | > DO_CALL (0.000s wait)
.2020-01-21 11:07:43.425257 | eval'd: drake::cmq_buildtargetmetadepsspecht_is_subtargetconfig
2020-01-21 11:07:47.007276 | > DO_CALL (0.000s wait)
.2020-01-21 11:07:47.012386 | eval'd: drake::cmq_buildtargetmetadepsspecht_is_subtargetconfig
2020-01-21 11:07:50.754266 | > DO_CALL (0.001s wait)
.2020-01-21 11:07:50.760806 | eval'd: drake::cmq_buildtargetmetadepsspecht_is_subtargetconfig
2020-01-21 11:07:55.544021 | > DO_CALL (0.000s wait)
.2020-01-21 11:07:55.549194 | eval'd: drake::cmq_buildtargetmetadepsspecht_is_subtargetconfig
2020-01-21 11:07:59.073118 | > DO_CALL (0.001s wait)
.2020-01-21 11:07:59.079392 | eval'd: drake::cmq_buildtargetmetadepsspecht_is_subtargetconfig
2020-01-21 11:08:02.701832 | > DO_CALL (0.001s wait)
.2020-01-21 11:08:02.708158 | eval'd: drake::cmq_buildtargetmetadepsspecht_is_subtargetconfig
2020-01-21 11:08:06.302488 | > DO_CALL (0.000s wait)
.2020-01-21 11:08:06.307839 | eval'd: drake::cmq_buildtargetmetadepsspecht_is_subtargetconfig
2020-01-21 11:08:11.693677 | > DO_CALL (0.000s wait)
.2020-01-21 11:08:11.699452 | eval'd: drake::cmq_buildtargetmetadepsspecht_is_subtargetconfig
2020-01-21 11:08:15.366152 | > DO_CALL (0.000s wait)
.2020-01-21 11:08:15.371034 | eval'd: drake::cmq_buildtargetmetadepsspecht_is_subtargetconfig
2020-01-21 11:08:18.846136 | > DO_CALL (0.001s wait)
.2020-01-21 11:08:18.852642 | eval'd: drake::cmq_buildtargetmetadepsspecht_is_subtargetconfig
2020-01-21 11:08:22.351017 | > DO_CALL (0.001s wait)
.2020-01-21 11:08:22.357879 | eval'd: drake::cmq_buildtargetmetadepsspecht_is_subtargetconfig
2020-01-21 11:08:25.893229 | > DO_CALL (0.001s wait)
.2020-01-21 11:08:25.899782 | eval'd: drake::cmq_buildtargetmetadepsspecht_is_subtargetconfig
2020-01-21 11:08:29.367236 | > DO_CALL (0.001s wait)
.2020-01-21 11:08:29.373721 | eval'd: drake::cmq_buildtargetmetadepsspecht_is_subtargetconfig
2020-01-21 11:08:33.713193 | > DO_CALL (0.000s wait)
.2020-01-21 11:08:33.718773 | eval'd: drake::cmq_buildtargetmetadepsspecht_is_subtargetconfig
2020-01-21 11:08:37.469125 | > DO_CALL (0.000s wait)
.2020-01-21 11:08:37.473916 | eval'd: drake::cmq_buildtargetmetadepsspecht_is_subtargetconfig
2020-01-21 11:08:41.098226 | > DO_CALL (0.001s wait)
.2020-01-21 11:08:41.104572 | eval'd: drake::cmq_buildtargetmetadepsspecht_is_subtargetconfig
2020-01-21 11:08:44.755119 | > DO_CALL (0.001s wait)
.2020-01-21 11:08:44.761648 | eval'd: drake::cmq_buildtargetmetadepsspecht_is_subtargetconfig
2020-01-21 11:08:48.395112 | > DO_CALL (0.000s wait)
.2020-01-21 11:08:48.400001 | eval'd: drake::cmq_buildtargetmetadepsspecht_is_subtargetconfig
2020-01-21 11:08:51.961085 | > DO_CALL (0.001s wait)
.2020-01-21 11:08:51.967351 | eval'd: drake::cmq_buildtargetmetadepsspecht_is_subtargetconfig
2020-01-21 11:08:55.907085 | > DO_CALL (0.000s wait)
.2020-01-21 11:08:55.911784 | eval'd: drake::cmq_buildtargetmetadepsspecht_is_subtargetconfig
2020-01-21 11:08:59.587271 | > DO_CALL (0.000s wait)
.2020-01-21 11:08:59.592658 | eval'd: drake::cmq_buildtargetmetadepsspecht_is_subtargetconfig
2020-01-21 11:09:03.434406 | > DO_CALL (0.000s wait)
.2020-01-21 11:09:03.440168 | eval'd: drake::cmq_buildtargetmetadepsspecht_is_subtargetconfig
2020-01-21 11:09:07.125216 | > DO_CALL (0.001s wait)
.2020-01-21 11:09:07.131722 | eval'd: drake::cmq_buildtargetmetadepsspecht_is_subtargetconfig
2020-01-21 11:09:12.783076 | > DO_CALL (0.001s wait)
.2020-01-21 11:09:12.789732 | eval'd: drake::cmq_buildtargetmetadepsspecht_is_subtargetconfig
2020-01-21 11:09:16.263247 | > DO_CALL (0.001s wait)
.2020-01-21 11:09:16.270013 | eval'd: drake::cmq_buildtargetmetadepsspecht_is_subtargetconfig
2020-01-21 11:09:19.602154 | > DO_CALL (0.001s wait)
.2020-01-21 11:09:19.608598 | eval'd: drake::cmq_buildtargetmetadepsspecht_is_subtargetconfig
2020-01-21 11:09:23.136227 | > DO_CALL (0.001s wait)
.2020-01-21 11:09:23.142999 | eval'd: drake::cmq_buildtargetmetadepsspecht_is_subtargetconfig
2020-01-21 11:09:26.608044 | > DO_CALL (0.000s wait)
.2020-01-21 11:09:26.612834 | eval'd: drake::cmq_buildtargetmetadepsspecht_is_subtargetconfig
2020-01-21 11:09:30.589152 | > DO_CALL (0.001s wait)
.
2020-01-21 11:09:30.595714 | eval'd: drake::cmq_buildtargetmetadepsspecht_is_subtargetconfig
2020-01-21 11:09:34.253229 | > DO_CALL (0.001s wait)
.2020-01-21 11:09:34.259597 | eval'd: drake::cmq_buildtargetmetadepsspecht_is_subtargetconfig
2020-01-21 11:09:37.966204 | > DO_CALL (0.000s wait)
.2020-01-21 11:09:37.971108 | eval'd: drake::cmq_buildtargetmetadepsspecht_is_subtargetconfig
2020-01-21 11:09:42.419127 | > DO_CALL (0.001s wait)
.2020-01-21 11:09:42.426441 | eval'd: drake::cmq_buildtargetmetadepsspecht_is_subtargetconfig
2020-01-21 11:09:46.016418 | > DO_CALL (0.000s wait)
.2020-01-21 11:09:46.021988 | eval'd: drake::cmq_buildtargetmetadepsspecht_is_subtargetconfig
2020-01-21 11:09:49.525176 | > DO_CALL (0.001s wait)
.2020-01-21 11:09:49.547799 | eval'd: drake::cmq_buildtargetmetadepsspecht_is_subtargetconfig
2020-01-21 11:09:53.117299 | > DO_CALL (0.000s wait)
.2020-01-21 11:09:53.122630 | eval'd: drake::cmq_buildtargetmetadepsspecht_is_subtargetconfig
2020-01-21 11:09:56.537027 | > DO_CALL (0.000s wait)
.2020-01-21 11:09:56.541864 | eval'd: drake::cmq_buildtargetmetadepsspecht_is_subtargetconfig
2020-01-21 11:10:00.647984 | > DO_CALL (0.000s wait)
.2020-01-21 11:10:00.652526 | eval'd: drake::cmq_buildtargetmetadepsspecht_is_subtargetconfig
2020-01-21 11:10:04.126069 | > DO_CALL (0.001s wait)
.2020-01-21 11:10:04.132284 | eval'd: drake::cmq_buildtargetmetadepsspecht_is_subtargetconfig
2020-01-21 11:10:07.622958 | > DO_CALL (0.001s wait)
.2020-01-21 11:10:07.629145 | eval'd: drake::cmq_buildtargetmetadepsspecht_is_subtargetconfig
2020-01-21 11:10:11.060596 | > DO_CALL (0.000s wait)
.2020-01-21 11:10:11.066084 | eval'd: drake::cmq_buildtargetmetadepsspecht_is_subtargetconfig
2020-01-21 11:10:16.366784 | > DO_CALL (0.001s wait)
.2020-01-21 11:10:16.372737 | eval'd: drake::cmq_buildtargetmetadepsspecht_is_subtargetconfig
2020-01-21 11:10:19.842065 | > DO_CALL (0.000s wait)
.2020-01-21 11:10:19.846453 | eval'd: drake::cmq_buildtargetmetadepsspecht_is_subtargetconfig
2020-01-21 11:10:23.448536 | > DO_CALL (0.000s wait)
.2020-01-21 11:10:23.454013 | eval'd: drake::cmq_buildtargetmetadepsspecht_is_subtargetconfig
2020-01-21 11:10:26.918106 | > DO_CALL (0.001s wait)
.2020-01-21 11:10:26.923976 | eval'd: drake::cmq_buildtargetmetadepsspecht_is_subtargetconfig
2020-01-21 11:10:30.486922 | > DO_CALL (0.001s wait)
.2020-01-21 11:10:30.492428 | eval'd: drake::cmq_buildtargetmetadepsspecht_is_subtargetconfig
2020-01-21 11:10:34.112322 | > DO_CALL (0.000s wait)
.2020-01-21 11:10:34.117579 | eval'd: drake::cmq_buildtargetmetadepsspecht_is_subtargetconfig
2020-01-21 11:10:37.658294 | > DO_CALL (0.000s wait)
.2020-01-21 11:10:37.662807 | eval'd: drake::cmq_buildtargetmetadepsspecht_is_subtargetconfig
2020-01-21 11:10:41.366110 | > DO_CALL (0.000s wait)
.2020-01-21 11:10:41.370531 | eval'd: drake::cmq_buildtargetmetadepsspecht_is_subtargetconfig
2020-01-21 11:10:44.926796 | > DO_CALL (0.001s wait)
.2020-01-21 11:10:44.932088 | eval'd: drake::cmq_buildtargetmetadepsspecht_is_subtargetconfig
2020-01-21 11:10:48.407141 | > DO_CALL (0.000s wait)
.2020-01-21 11:10:48.411608 | eval'd: drake::cmq_buildtargetmetadepsspecht_is_subtargetconfig
2020-01-21 11:10:51.969202 | > DO_CALL (0.000s wait)
.2020-01-21 11:10:51.973903 | eval'd: drake::cmq_buildtargetmetadepsspecht_is_subtargetconfig
2020-01-21 11:10:56.300384 | > DO_CALL (0.000s wait)
.2020-01-21 11:10:56.305135 | eval'd: drake::cmq_buildtargetmetadepsspecht_is_subtargetconfig
2020-01-21 11:11:00.585078 | > DO_CALL (0.001s wait)
.2020-01-21 11:11:00.590597 | eval'd: drake::cmq_buildtargetmetadepsspecht_is_subtargetconfig
2020-01-21 11:11:04.238666 | > DO_CALL (0.000s wait)
.2020-01-21 11:11:04.243961 | eval'd: drake::cmq_buildtargetmetadepsspecht_is_subtargetconfig
2020-01-21 11:11:07.830308 | > DO_CALL (0.000s wait)
.2020-01-21 11:11:07.834994 | eval'd: drake::cmq_buildtargetmetadepsspecht_is_subtargetconfig
2020-01-21 11:11:11.417181 | > DO_CALL (0.001s wait)
.2020-01-21 11:11:11.422986 | eval'd: drake::cmq_buildtargetmetadepsspecht_is_subtargetconfig
2020-01-21 11:11:15.077232 | > DO_CALL (0.000s wait)
.2020-01-21 11:11:15.081757 | eval'd: drake::cmq_buildtargetmetadepsspecht_is_subtargetconfig
2020-01-21 11:11:20.523073 | > DO_CALL (0.000s wait)
.2020-01-21 11:11:20.527325 | eval'd: drake::cmq_buildtargetmetadepsspecht_is_subtargetconfig
2020-01-21 11:11:24.081588 | > DO_CALL (0.000s wait)
.2020-01-21 11:11:24.087547 | eval'd: drake::cmq_buildtargetmetadepsspecht_is_subtargetconfig
2020-01-21 11:11:27.651019 | > DO_CALL (0.000s wait)
.2020-01-21 11:11:27.655228 | eval'd: drake::cmq_buildtargetmetadepsspecht_is_subtargetconfig
2020-01-21 11:11:31.238600 | > DO_CALL (0.000s wait)
.2020-01-21 11:11:31.243064 | eval'd: drake::cmq_buildtargetmetadepsspecht_is_subtargetconfig
2020-01-21 11:11:34.863155 | > DO_CALL (0.000s wait)
.2020-01-21 11:11:34.868625 | eval'd: drake::cmq_buildtargetmetadepsspecht_is_subtargetconfig
2020-01-21 11:11:38.675944 | > DO_CALL (0.001s wait)
.2020-01-21 11:11:38.681415 | eval'd: drake::cmq_buildtargetmetadepsspecht_is_subtargetconfig
2020-01-21 11:11:42.366385 | > DO_CALL (0.000s wait)
.2020-01-21 11:11:42.371880 | eval'd: drake::cmq_buildtargetmetadepsspecht_is_subtargetconfig
2020-01-21 11:11:46.059386 | > DO_CALL (0.000s wait)
.2020-01-21 11:11:46.064411 | eval'd: drake::cmq_buildtargetmetadepsspecht_is_subtargetconfig
2020-01-21 11:11:49.638150 | > DO_CALL (0.000s wait)
.2020-01-21 11:11:49.642840 | eval'd: drake::cmq_buildtargetmetadepsspecht_is_subtargetconfig
2020-01-21 11:11:53.041318 | > DO_CALL (0.000s wait)
.2020-01-21 11:11:53.046681 | eval'd: drake::cmq_buildtargetmetadepsspecht_is_subtargetconfig
2020-01-21 11:11:57.378426 | > DO_CALL (0.000s wait)
.2020-01-21 11:11:57.383487 | eval'd: drake::cmq_buildtargetmetadepsspecht_is_subtargetconfig
2020-01-21 11:12:00.898288 | > DO_CALL (0.000s wait)
.2020-01-21 11:12:00.903101 | eval'd: drake::cmq_buildtargetmetadepsspecht_is_subtargetconfig
2020-01-21 11:12:05.037823 | > DO_CALL (0.001s wait)
.2020-01-21 11:12:05.043406 | eval'd: drake::cmq_buildtargetmetadepsspecht_is_subtargetconfig
2020-01-21 11:12:08.545690 | > DO_CALL (0.000s wait)
.2020-01-21 11:12:08.550804 | eval'd: drake::cmq_buildtargetmetadepsspecht_is_subtargetconfig
2020-01-21 11:12:12.035145 | > DO_CALL (0.000s wait)
.2020-01-21 11:12:12.039593 | eval'd: drake::cmq_buildtargetmetadepsspecht_is_subtargetconfig
2020-01-21 11:12:15.466079 | > DO_CALL (0.000s wait)
.2020-01-21 11:12:15.470349 | eval'd: drake::cmq_buildtargetmetadepsspecht_is_subtargetconfig
2020-01-21 11:12:20.795026 | > DO_CALL (0.000s wait)
.2020-01-21 11:12:20.799367 | eval'd: drake::cmq_buildtargetmetadepsspecht_is_subtargetconfig
2020-01-21 11:12:24.228648 | > DO_CALL (0.000s wait)
.2020-01-21 11:12:24.233738 | eval'd: drake::cmq_buildtargetmetadepsspecht_is_subtargetconfig
2020-01-21 11:12:27.712503 | > DO_CALL (0.000s wait)
.2020-01-21 11:12:27.717602 | eval'd: drake::cmq_buildtargetmetadepsspecht_is_subtargetconfig
2020-01-21 11:12:32.174138 | > DO_CALL (0.000s wait)
.2020-01-21 11:12:32.179075 | eval'd: drake::cmq_buildtargetmetadepsspecht_is_subtargetconfig
2020-01-21 11:12:35.650988 | > DO_CALL (0.001s wait)
.2020-01-21 11:12:35.657095 | eval'd: drake::cmq_buildtargetmetadepsspecht_is_subtargetconfig
2020-01-21 11:12:39.094991 | > DO_CALL (0.001s wait)
.2020-01-21 11:12:39.100654 | eval'd: drake::cmq_buildtargetmetadepsspecht_is_subtargetconfig
2020-01-21 11:12:42.544004 | > DO_CALL (0.001s wait)
.2020-01-21 11:12:42.550197 | eval'd: drake::cmq_buildtargetmetadepsspecht_is_subtargetconfig
2020-01-21 11:12:46.079136 | > DO_CALL (0.000s wait)
.2020-01-21 11:12:46.083554 | eval'd: drake::cmq_buildtargetmetadepsspecht_is_subtargetconfig
2020-01-21 11:12:49.687119 | > DO_CALL (0.000s wait)
.2020-01-21 11:12:49.691520 | eval'd: drake::cmq_buildtargetmetadepsspecht_is_subtargetconfig
2020-01-21 11:12:53.219882 | > DO_CALL (0.001s wait)
.2020-01-21 11:12:53.225904 | eval'd: drake::cmq_buildtargetmetadepsspecht_is_subtargetconfig
2020-01-21 11:12:56.660390 | > DO_CALL (0.000s wait)
.2020-01-21 11:12:56.665263 | eval'd: drake::cmq_buildtargetmetadepsspecht_is_subtargetconfig
2020-01-21 11:13:00.254580 | > DO_CALL (0.000s wait)
.2020-01-21 11:13:00.259941 | eval'd: drake::cmq_buildtargetmetadepsspecht_is_subtargetconfig
2020-01-21 11:13:03.521301 | > DO_CALL (0.000s wait)
.2020-01-21 11:13:03.526001 | eval'd: drake::cmq_buildtargetmetadepsspecht_is_subtargetconfig
2020-01-21 11:13:07.467658 | > DO_CALL (0.000s wait)
.2020-01-21 11:13:07.472867 | eval'd: drake::cmq_buildtargetmetadepsspecht_is_subtargetconfig
2020-01-21 11:13:11.022322 | > DO_CALL (0.000s wait)
.2020-01-21 11:13:11.027056 | eval'd: drake::cmq_buildtargetmetadepsspecht_is_subtargetconfig
2020-01-21 11:13:14.636130 | > DO_CALL (0.001s wait)
.2020-01-21 11:13:14.642399 | eval'd: drake::cmq_buildtargetmetadepsspecht_is_subtargetconfig
2020-01-21 11:13:18.236931 | > DO_CALL (0.001s wait)
.2020-01-21 11:13:18.242750 | eval'd: drake::cmq_buildtargetmetadepsspecht_is_subtargetconfig
2020-01-21 11:13:23.332684 | > DO_CALL (0.000s wait)
.2020-01-21 11:13:23.338409 | eval'd: drake::cmq_buildtargetmetadepsspecht_is_subtargetconfig
2020-01-21 11:13:26.865421 | > DO_CALL (0.000s wait)
.2020-01-21 11:13:26.870563 | eval'd: drake::cmq_buildtargetmetadepsspecht_is_subtargetconfig
2020-01-21 11:13:30.399394 | > DO_CALL (0.000s wait)
.2020-01-21 11:13:30.404285 | eval'd: drake::cmq_buildtargetmetadepsspecht_is_subtargetconfig
2020-01-21 11:13:34.054165 | > DO_CALL (0.000s wait)
.2020-01-21 11:13:34.059157 | eval'd: drake::cmq_buildtargetmetadepsspecht_is_subtargetconfig
2020-01-21 11:13:37.452153 | > DO_CALL (0.001s wait)
.2020-01-21 11:13:37.458192 | eval'd: drake::cmq_buildtargetmetadepsspecht_is_subtargetconfig
2020-01-21 11:13:40.908181 | > DO_CALL (0.000s wait)
.2020-01-21 11:13:40.912773 | eval'd: drake::cmq_buildtargetmetadepsspecht_is_subtargetconfig
2020-01-21 11:13:45.237245 | > DO_CALL (0.000s wait)
.2020-01-21 11:13:45.242321 | eval'd: drake::cmq_buildtargetmetadepsspecht_is_subtargetconfig
2020-01-21 11:13:48.763165 | > DO_CALL (0.000s wait)
.2020-01-21 11:13:48.767628 | eval'd: drake::cmq_buildtargetmetadepsspecht_is_subtargetconfig
2020-01-21 11:13:52.299097 | > DO_CALL (0.000s wait)
.2020-01-21 11:13:52.304189 | eval'd: drake::cmq_buildtargetmetadepsspecht_is_subtargetconfig
2020-01-21 11:13:55.844269 | > DO_CALL (0.000s wait)
.2020-01-21 11:13:55.848935 | eval'd: drake::cmq_buildtargetmetadepsspecht_is_subtargetconfig
2020-01-21 11:13:59.306334 | > DO_CALL (0.000s wait)
.2020-01-21 11:13:59.311329 | eval'd: drake::cmq_buildtargetmetadepsspecht_is_subtargetconfig
2020-01-21 11:14:02.733830 | > DO_CALL (0.001s wait)
.2020-01-21 11:14:02.739851 | eval'd: drake::cmq_buildtargetmetadepsspecht_is_subtargetconfig
2020-01-21 11:14:06.218223 | > DO_CALL (0.000s wait)
.2020-01-21 11:14:06.222760 | eval'd: drake::cmq_buildtargetmetadepsspecht_is_subtargetconfig
2020-01-21 11:14:10.360822 | > DO_CALL (0.001s wait)
.2020-01-21 11:14:10.366053 | eval'd: drake::cmq_buildtargetmetadepsspecht_is_subtargetconfig
2020-01-21 11:14:13.768419 | > DO_CALL (0.000s wait)
.2020-01-21 11:14:13.773907 | eval'd: drake::cmq_buildtargetmetadepsspecht_is_subtargetconfig
2020-01-21 11:14:17.199104 | > DO_CALL (0.000s wait)
.2020-01-21 11:14:17.203814 | eval'd: drake::cmq_buildtargetmetadepsspecht_is_subtargetconfig
2020-01-21 11:14:20.615442 | > DO_CALL (0.000s wait)
.2020-01-21 11:14:20.620558 | eval'd: drake::cmq_buildtargetmetadepsspecht_is_subtargetconfig
2020-01-21 11:14:26.703168 | > DO_CALL (0.001s wait)
.
2020-01-21 11:14:26.709605 | eval'd: drake::cmq_buildtargetmetadepsspecht_is_subtargetconfig
2020-01-21 11:14:30.379112 | > DO_CALL (0.000s wait)
.2020-01-21 11:14:30.383749 | eval'd: drake::cmq_buildtargetmetadepsspecht_is_subtargetconfig
2020-01-21 11:14:33.977195 | > DO_CALL (0.000s wait)
.2020-01-21 11:14:33.982653 | eval'd: drake::cmq_buildtargetmetadepsspecht_is_subtargetconfig
2020-01-21 11:14:37.400310 | > DO_CALL (0.000s wait)
.2020-01-21 11:14:37.405267 | eval'd: drake::cmq_buildtargetmetadepsspecht_is_subtargetconfig
2020-01-21 11:14:40.924472 | > DO_CALL (0.000s wait)
.2020-01-21 11:14:40.929819 | eval'd: drake::cmq_buildtargetmetadepsspecht_is_subtargetconfig
2020-01-21 11:14:44.403571 | > DO_CALL (0.000s wait)
.2020-01-21 11:14:44.424937 | eval'd: drake::cmq_buildtargetmetadepsspecht_is_subtargetconfig
2020-01-21 11:14:47.791400 | > DO_CALL (0.000s wait)
.2020-01-21 11:14:47.796306 | eval'd: drake::cmq_buildtargetmetadepsspecht_is_subtargetconfig
2020-01-21 11:14:51.081112 | > DO_CALL (0.000s wait)
.2020-01-21 11:14:51.085286 | eval'd: drake::cmq_buildtargetmetadepsspecht_is_subtargetconfig
2020-01-21 11:14:54.494598 | > DO_CALL (0.000s wait)
.2020-01-21 11:14:54.500549 | eval'd: drake::cmq_buildtargetmetadepsspecht_is_subtargetconfig
2020-01-21 11:14:58.009634 | > DO_CALL (0.000s wait)
.2020-01-21 11:14:58.014965 | eval'd: drake::cmq_buildtargetmetadepsspecht_is_subtargetconfig
2020-01-21 11:15:01.366915 | > DO_CALL (0.001s wait)
.2020-01-21 11:15:01.372265 | eval'd: drake::cmq_buildtargetmetadepsspecht_is_subtargetconfig
2020-01-21 11:15:04.832781 | > DO_CALL (0.001s wait)
.2020-01-21 11:15:04.838068 | eval'd: drake::cmq_buildtargetmetadepsspecht_is_subtargetconfig
2020-01-21 11:15:08.252078 | > DO_CALL (0.001s wait)
.2020-01-21 11:15:08.258063 | eval'd: drake::cmq_buildtargetmetadepsspecht_is_subtargetconfig
2020-01-21 11:15:12.292985 | > DO_CALL (0.001s wait)
.2020-01-21 11:15:12.299301 | eval'd: drake::cmq_buildtargetmetadepsspecht_is_subtargetconfig
2020-01-21 11:15:15.852866 | > DO_CALL (0.001s wait)
.2020-01-21 11:15:15.857082 | eval'd: drake::cmq_buildtargetmetadepsspecht_is_subtargetconfig
2020-01-21 11:15:20.179204 | > DO_CALL (0.000s wait)
.2020-01-21 11:15:20.183781 | eval'd: drake::cmq_buildtargetmetadepsspecht_is_subtargetconfig
2020-01-21 11:15:23.497037 | > DO_CALL (0.001s wait)
.2020-01-21 11:15:23.503327 | eval'd: drake::cmq_buildtargetmetadepsspecht_is_subtargetconfig
2020-01-21 11:15:27.011164 | > DO_CALL (0.000s wait)
.2020-01-21 11:15:27.015425 | eval'd: drake::cmq_buildtargetmetadepsspecht_is_subtargetconfig
2020-01-21 11:15:32.482687 | > DO_CALL (0.000s wait)
.2020-01-21 11:15:32.488640 | eval'd: drake::cmq_buildtargetmetadepsspecht_is_subtargetconfig
2020-01-21 11:15:35.894739 | > DO_CALL (0.001s wait)
.2020-01-21 11:15:35.899836 | eval'd: drake::cmq_buildtargetmetadepsspecht_is_subtargetconfig
2020-01-21 11:15:39.265841 | > DO_CALL (0.001s wait)
.2020-01-21 11:15:39.271319 | eval'd: drake::cmq_buildtargetmetadepsspecht_is_subtargetconfig
2020-01-21 11:15:42.778829 | > DO_CALL (0.001s wait)
.2020-01-21 11:15:42.785094 | eval'd: drake::cmq_buildtargetmetadepsspecht_is_subtargetconfig
2020-01-21 11:15:46.224098 | > DO_CALL (0.001s wait)
.2020-01-21 11:15:46.229683 | eval'd: drake::cmq_buildtargetmetadepsspecht_is_subtargetconfig
2020-01-21 11:15:50.627323 | > DO_CALL (0.000s wait)
.2020-01-21 11:15:50.632117 | eval'd: drake::cmq_buildtargetmetadepsspecht_is_subtargetconfig
2020-01-21 11:15:53.905189 | > DO_CALL (0.000s wait)
.2020-01-21 11:15:53.910334 | eval'd: drake::cmq_buildtargetmetadepsspecht_is_subtargetconfig
2020-01-21 11:15:57.274463 | > DO_CALL (0.000s wait)
.2020-01-21 11:15:57.279381 | eval'd: drake::cmq_buildtargetmetadepsspecht_is_subtargetconfig
2020-01-21 11:16:00.648036 | > DO_CALL (0.001s wait)
.2020-01-21 11:16:00.653897 | eval'd: drake::cmq_buildtargetmetadepsspecht_is_subtargetconfig
2020-01-21 11:16:03.948914 | > DO_CALL (0.001s wait)
.2020-01-21 11:16:03.954849 | eval'd: drake::cmq_buildtargetmetadepsspecht_is_subtargetconfig
2020-01-21 11:16:07.244117 | > DO_CALL (0.000s wait)
.2020-01-21 11:16:07.248671 | eval'd: drake::cmq_buildtargetmetadepsspecht_is_subtargetconfig
2020-01-21 11:16:10.828148 | > DO_CALL (0.001s wait)
.2020-01-21 11:16:10.834113 | eval'd: drake::cmq_buildtargetmetadepsspecht_is_subtargetconfig
2020-01-21 11:16:14.183223 | > DO_CALL (0.001s wait)
.2020-01-21 11:16:14.189735 | eval'd: drake::cmq_buildtargetmetadepsspecht_is_subtargetconfig
2020-01-21 11:16:18.005210 | > DO_CALL (0.000s wait)
.2020-01-21 11:16:18.009885 | eval'd: drake::cmq_buildtargetmetadepsspecht_is_subtargetconfig
2020-01-21 11:16:21.472447 | > DO_CALL (0.000s wait)
.2020-01-21 11:16:21.477191 | eval'd: drake::cmq_buildtargetmetadepsspecht_is_subtargetconfig
2020-01-21 11:16:24.832589 | > DO_CALL (0.000s wait)
.2020-01-21 11:16:24.837919 | eval'd: drake::cmq_buildtargetmetadepsspecht_is_subtargetconfig
2020-01-21 11:16:28.291014 | > DO_CALL (0.000s wait)
.2020-01-21 11:16:28.295589 | eval'd: drake::cmq_buildtargetmetadepsspecht_is_subtargetconfig
2020-01-21 11:16:33.239604 | > DO_CALL (0.000s wait)
.2020-01-21 11:16:33.246315 | eval'd: drake::cmq_buildtargetmetadepsspecht_is_subtargetconfig
2020-01-21 11:16:36.753114 | > DO_CALL (0.001s wait)
.2020-01-21 11:16:36.758967 | eval'd: drake::cmq_buildtargetmetadepsspecht_is_subtargetconfig
2020-01-21 11:16:41.021085 | > DO_CALL (0.001s wait)
.2020-01-21 11:16:41.026530 | eval'd: drake::cmq_buildtargetmetadepsspecht_is_subtargetconfig
2020-01-21 11:16:44.365202 | > DO_CALL (0.000s wait)
.2020-01-21 11:16:44.370132 | eval'd: drake::cmq_buildtargetmetadepsspecht_is_subtargetconfig
2020-01-21 11:16:47.710268 | > DO_CALL (0.000s wait)
.2020-01-21 11:16:47.715014 | eval'd: drake::cmq_buildtargetmetadepsspecht_is_subtargetconfig
2020-01-21 11:16:51.244917 | > DO_CALL (0.001s wait)
.2020-01-21 11:16:51.250394 | eval'd: drake::cmq_buildtargetmetadepsspecht_is_subtargetconfig
2020-01-21 11:16:54.654107 | > DO_CALL (0.000s wait)
.2020-01-21 11:16:54.659080 | eval'd: drake::cmq_buildtargetmetadepsspecht_is_subtargetconfig
2020-01-21 11:16:58.034165 | > DO_CALL (0.001s wait)
.2020-01-21 11:16:58.040280 | eval'd: drake::cmq_buildtargetmetadepsspecht_is_subtargetconfig
2020-01-21 11:17:00.444988 | > WORKER_WAIT (0.000s wait)
2020-01-21 11:17:00.445461 | waiting 2.50s
2020-01-21 11:19:42.005001 | > WORKER_WAIT (0.000s wait)
2020-01-21 11:19:42.008378 | waiting 2.50s
Error in clustermq:::worker("tcp://c24a-s1:7958") : 
  Timeout reached, terminating
Execution halted
