2020-01-20 17:36:46.027540 | Master: tcp://c23a-s37:7983
2020-01-20 17:36:46.181819 | WORKER_UP to: tcp://c23a-s37:7983
2020-01-20 17:37:17.272881 | > DO_SETUP (23.314s wait)
2020-01-20 17:37:17.278191 | token from msg: set_common_data_token
2020-01-20 17:37:29.544334 | > DO_CALL (8.828s wait)
.* Option 'clustermq.scheduler' not set, defaulting to ‘SLURM’
--- see: https://mschubert.github.io/clustermq/articles/userguide.html#configuration
2020-01-20 17:37:44.426539 | eval'd: drake::cmq_buildtargetmetadepsspecht_is_subtargetconfig
2020-01-20 17:38:13.301378 | > DO_CALL (4.730s wait)
.2020-01-20 17:38:14.826582 | eval'd: drake::cmq_buildtargetmetadepsspecht_is_subtargetconfig
2020-01-20 17:38:36.706992 | > DO_CALL (5.450s wait)
.2020-01-20 17:38:57.751508 | eval'd: drake::cmq_buildtargetmetadepsspecht_is_subtargetconfig
2020-01-20 17:39:16.223664 | > DO_CALL (4.811s wait)
.2020-01-20 17:39:23.507656 | eval'd: drake::cmq_buildtargetmetadepsspecht_is_subtargetconfig
2020-01-20 17:39:39.751283 | > DO_CALL (4.820s wait)
.2020-01-20 17:40:13.576782 | eval'd: drake::cmq_buildtargetmetadepsspecht_is_subtargetconfig
2020-01-20 17:40:26.457348 | > DO_CALL (4.856s wait)
.2020-01-20 17:41:41.169161 | eval'd: drake::cmq_buildtargetmetadepsspecht_is_subtargetconfig
2020-01-20 17:41:56.701613 | > DO_CALL (5.702s wait)
.2020-01-20 17:42:25.487055 | eval'd: drake::cmq_buildtargetmetadepsspecht_is_subtargetconfig
2020-01-20 17:42:37.494198 | > DO_CALL (4.678s wait)
.2020-01-20 17:42:41.008980 | eval'd: drake::cmq_buildtargetmetadepsspecht_is_subtargetconfig
2020-01-20 17:43:04.907735 | > DO_CALL (4.794s wait)
.2020-01-20 17:43:22.372548 | eval'd: drake::cmq_buildtargetmetadepsspecht_is_subtargetconfig
2020-01-20 17:43:37.492542 | > DO_CALL (4.721s wait)
.2020-01-20 17:43:54.654201 | eval'd: drake::cmq_buildtargetmetadepsspecht_is_subtargetconfig
2020-01-20 17:44:07.076730 | > DO_CALL (4.843s wait)
.2020-01-20 17:45:42.854690 | eval'd: drake::cmq_buildtargetmetadepsspecht_is_subtargetconfig
2020-01-20 17:46:01.289450 | > DO_CALL (4.768s wait)
.2020-01-20 17:48:43.659589 | eval'd: drake::cmq_buildtargetmetadepsspecht_is_subtargetconfig
2020-01-20 17:49:02.079244 | > DO_CALL (4.954s wait)
.2020-01-20 17:49:15.738183 | eval'd: drake::cmq_buildtargetmetadepsspecht_is_subtargetconfig
2020-01-20 17:49:45.139704 | > DO_CALL (4.712s wait)
.2020-01-20 17:49:59.177798 | eval'd: drake::cmq_buildtargetmetadepsspecht_is_subtargetconfig
2020-01-20 17:50:13.121042 | > DO_CALL (5.487s wait)
.2020-01-20 17:50:47.617926 | eval'd: drake::cmq_buildtargetmetadepsspecht_is_subtargetconfig
2020-01-20 17:50:59.055213 | > DO_CALL (4.712s wait)
.2020-01-20 17:51:05.953722 | eval'd: drake::cmq_buildtargetmetadepsspecht_is_subtargetconfig
2020-01-20 17:51:17.154354 | > DO_CALL (4.711s wait)
.2020-01-20 17:51:45.752016 | eval'd: drake::cmq_buildtargetmetadepsspecht_is_subtargetconfig
2020-01-20 17:51:58.435092 | > DO_CALL (4.855s wait)
.2020-01-20 17:52:37.265142 | eval'd: drake::cmq_buildtargetmetadepsspecht_is_subtargetconfig
2020-01-20 17:52:52.723081 | > DO_CALL (4.743s wait)
.2020-01-20 17:53:04.438936 | eval'd: drake::cmq_buildtargetmetadepsspecht_is_subtargetconfig
2020-01-20 17:53:23.376255 | > DO_CALL (4.829s wait)
.2020-01-20 17:53:26.809038 | eval'd: drake::cmq_buildtargetmetadepsspecht_is_subtargetconfig
2020-01-20 17:54:00.959342 | > DO_CALL (4.820s wait)
.2020-01-20 17:54:26.754697 | eval'd: drake::cmq_buildtargetmetadepsspecht_is_subtargetconfig
2020-01-20 17:54:42.872852 | > DO_CALL (4.710s wait)
.2020-01-20 17:55:06.975526 | eval'd: drake::cmq_buildtargetmetadepsspecht_is_subtargetconfig
2020-01-20 17:55:17.792046 | > DO_CALL (4.853s wait)
.2020-01-20 17:56:18.214809 | eval'd: drake::cmq_buildtargetmetadepsspecht_is_subtargetconfig
2020-01-20 17:56:36.817291 | > DO_CALL (4.727s wait)
.2020-01-20 17:57:17.054796 | eval'd: drake::cmq_buildtargetmetadepsspecht_is_subtargetconfig
2020-01-20 17:57:28.002028 | > DO_CALL (5.407s wait)
.2020-01-20 17:57:42.304337 | eval'd: drake::cmq_buildtargetmetadepsspecht_is_subtargetconfig
2020-01-20 17:57:51.498716 | > DO_CALL (4.786s wait)
.2020-01-20 17:58:19.739854 | eval'd: drake::cmq_buildtargetmetadepsspecht_is_subtargetconfig
2020-01-20 17:58:34.798074 | > DO_CALL (4.829s wait)
.2020-01-20 17:58:35.634282 | eval'd: drake::cmq_buildtargetmetadepsspecht_is_subtargetconfig
2020-01-20 17:58:49.436301 | > DO_CALL (5.669s wait)
.2020-01-20 18:00:58.048227 | eval'd: drake::cmq_buildtargetmetadepsspecht_is_subtargetconfig
2020-01-20 18:01:07.477998 | > DO_CALL (4.812s wait)
.2020-01-20 18:02:19.207012 | eval'd: drake::cmq_buildtargetmetadepsspecht_is_subtargetconfig
2020-01-20 18:02:40.750803 | > DO_CALL (4.762s wait)
.2020-01-20 18:02:53.513243 | eval'd: drake::cmq_buildtargetmetadepsspecht_is_subtargetconfig
2020-01-20 18:03:02.284425 | > DO_CALL (4.872s wait)
.2020-01-20 18:03:28.593608 | eval'd: drake::cmq_buildtargetmetadepsspecht_is_subtargetconfig
2020-01-20 18:03:40.096141 | > DO_CALL (4.867s wait)
.2020-01-20 18:04:01.536342 | eval'd: drake::cmq_buildtargetmetadepsspecht_is_subtargetconfig
2020-01-20 18:04:17.058236 | > DO_CALL (4.693s wait)
.2020-01-20 18:05:26.721220 | eval'd: drake::cmq_buildtargetmetadepsspecht_is_subtargetconfig
2020-01-20 18:05:38.413424 | > DO_CALL (4.805s wait)
.2020-01-20 18:06:42.214353 | eval'd: drake::cmq_buildtargetmetadepsspecht_is_subtargetconfig
2020-01-20 18:06:55.726519 | > DO_CALL (5.735s wait)
.2020-01-20 18:07:07.822116 | eval'd: drake::cmq_buildtargetmetadepsspecht_is_subtargetconfig
2020-01-20 18:07:18.087287 | > DO_CALL (4.752s wait)
.2020-01-20 18:07:18.517436 | eval'd: drake::cmq_buildtargetmetadepsspecht_is_subtargetconfig
2020-01-20 18:07:29.644057 | > DO_CALL (5.420s wait)
.2020-01-20 18:07:36.889036 | eval'd: drake::cmq_buildtargetmetadepsspecht_is_subtargetconfig
2020-01-20 18:07:58.284221 | > DO_CALL (4.759s wait)
.2020-01-20 18:08:02.351024 | eval'd: drake::cmq_buildtargetmetadepsspecht_is_subtargetconfig
2020-01-20 18:08:10.075492 | > DO_CALL (4.773s wait)
.2020-01-20 18:08:26.054210 | eval'd: drake::cmq_buildtargetmetadepsspecht_is_subtargetconfig
2020-01-20 18:08:42.480692 | > DO_CALL (4.794s wait)
.2020-01-20 18:08:57.479738 | eval'd: drake::cmq_buildtargetmetadepsspecht_is_subtargetconfig
2020-01-20 18:09:14.499983 | > DO_CALL (4.743s wait)
.2020-01-20 18:09:22.279728 | eval'd: drake::cmq_buildtargetmetadepsspecht_is_subtargetconfig
2020-01-20 18:09:34.658156 | > DO_CALL (4.741s wait)
.2020-01-20 18:09:43.344655 | eval'd: drake::cmq_buildtargetmetadepsspecht_is_subtargetconfig
2020-01-20 18:10:00.325926 | > DO_CALL (5.388s wait)
.2020-01-20 18:10:26.776536 | eval'd: drake::cmq_buildtargetmetadepsspecht_is_subtargetconfig
2020-01-20 18:10:37.392053 | > DO_CALL (4.872s wait)
.2020-01-20 18:12:12.640820 | eval'd: drake::cmq_buildtargetmetadepsspecht_is_subtargetconfig
2020-01-20 18:12:23.885213 | > DO_CALL (4.894s wait)
.2020-01-20 18:12:37.186624 | eval'd: drake::cmq_buildtargetmetadepsspecht_is_subtargetconfig
2020-01-20 18:12:53.232813 | > DO_CALL (4.784s wait)
.2020-01-20 18:12:56.274265 | eval'd: drake::cmq_buildtargetmetadepsspecht_is_subtargetconfig
2020-01-20 18:13:19.485098 | > DO_CALL (4.697s wait)
.2020-01-20 18:13:27.051917 | eval'd: drake::cmq_buildtargetmetadepsspecht_is_subtargetconfig
2020-01-20 18:13:48.675348 | > DO_CALL (4.725s wait)
.2020-01-20 18:14:15.539400 | eval'd: drake::cmq_buildtargetmetadepsspecht_is_subtargetconfig
2020-01-20 18:14:33.865039 | > DO_CALL (4.761s wait)
.2020-01-20 18:14:56.134615 | eval'd: drake::cmq_buildtargetmetadepsspecht_is_subtargetconfig
2020-01-20 18:15:15.043939 | > DO_CALL (5.291s wait)
.2020-01-20 18:15:33.813827 | eval'd: drake::cmq_buildtargetmetadepsspecht_is_subtargetconfig
2020-01-20 18:15:46.610681 | > DO_CALL (4.848s wait)
.2020-01-20 18:15:46.809712 | eval'd: drake::cmq_buildtargetmetadepsspecht_is_subtargetconfig
2020-01-20 18:16:09.276452 | > DO_CALL (5.606s wait)
.2020-01-20 18:16:32.970068 | eval'd: drake::cmq_buildtargetmetadepsspecht_is_subtargetconfig
2020-01-20 18:16:50.635013 | > DO_CALL (4.764s wait)
.2020-01-20 18:16:59.935285 | eval'd: drake::cmq_buildtargetmetadepsspecht_is_subtargetconfig
2020-01-20 18:17:35.903129 | > DO_CALL (5.469s wait)
.2020-01-20 18:17:43.106539 | eval'd: drake::cmq_buildtargetmetadepsspecht_is_subtargetconfig
2020-01-20 18:18:20.385473 | > DO_CALL (5.779s wait)
.2020-01-20 18:18:20.930220 | eval'd: drake::cmq_buildtargetmetadepsspecht_is_subtargetconfig
2020-01-20 18:18:38.759618 | > DO_CALL (5.429s wait)
.2020-01-20 18:18:47.718311 | eval'd: drake::cmq_buildtargetmetadepsspecht_is_subtargetconfig
2020-01-20 18:19:05.459620 | > DO_CALL (4.704s wait)
.
2020-01-20 18:19:24.702144 | eval'd: drake::cmq_buildtargetmetadepsspecht_is_subtargetconfig
2020-01-20 18:19:38.724924 | > DO_CALL (4.723s wait)
.2020-01-20 18:19:53.443811 | eval'd: drake::cmq_buildtargetmetadepsspecht_is_subtargetconfig
2020-01-20 18:20:13.611387 | > DO_CALL (4.892s wait)
.2020-01-20 18:20:42.310939 | eval'd: drake::cmq_buildtargetmetadepsspecht_is_subtargetconfig
2020-01-20 18:20:55.311139 | > DO_CALL (4.828s wait)
.2020-01-20 18:21:17.382495 | eval'd: drake::cmq_buildtargetmetadepsspecht_is_subtargetconfig
2020-01-20 18:21:26.626492 | > DO_CALL (5.644s wait)
.2020-01-20 18:21:38.498651 | eval'd: drake::cmq_buildtargetmetadepsspecht_is_subtargetconfig
2020-01-20 18:21:51.341629 | > DO_CALL (4.704s wait)
.2020-01-20 18:21:51.883399 | eval'd: drake::cmq_buildtargetmetadepsspecht_is_subtargetconfig
2020-01-20 18:22:23.031252 | > DO_CALL (5.384s wait)
.2020-01-20 18:22:31.392753 | eval'd: drake::cmq_buildtargetmetadepsspecht_is_subtargetconfig
2020-01-20 18:22:56.177690 | > DO_CALL (5.653s wait)
.2020-01-20 18:23:32.940926 | eval'd: drake::cmq_buildtargetmetadepsspecht_is_subtargetconfig
2020-01-20 18:23:50.265486 | > DO_CALL (4.679s wait)
.2020-01-20 18:27:43.964713 | eval'd: drake::cmq_buildtargetmetadepsspecht_is_subtargetconfig
2020-01-20 18:27:53.545437 | > DO_CALL (4.713s wait)
.2020-01-20 18:28:16.841366 | eval'd: drake::cmq_buildtargetmetadepsspecht_is_subtargetconfig
2020-01-20 18:28:26.271028 | > DO_CALL (4.872s wait)
.2020-01-20 18:31:00.515654 | eval'd: drake::cmq_buildtargetmetadepsspecht_is_subtargetconfig
2020-01-20 18:31:18.363939 | > DO_CALL (5.570s wait)
.2020-01-20 18:31:42.728688 | eval'd: drake::cmq_buildtargetmetadepsspecht_is_subtargetconfig
2020-01-20 18:31:54.760205 | > DO_CALL (4.679s wait)
.2020-01-20 18:31:58.583319 | eval'd: drake::cmq_buildtargetmetadepsspecht_is_subtargetconfig
2020-01-20 18:32:21.080634 | > DO_CALL (4.706s wait)
.2020-01-20 18:32:39.757087 | eval'd: drake::cmq_buildtargetmetadepsspecht_is_subtargetconfig
2020-01-20 18:32:47.715998 | > DO_CALL (4.923s wait)
.2020-01-20 18:33:00.418651 | eval'd: drake::cmq_buildtargetmetadepsspecht_is_subtargetconfig
2020-01-20 18:33:09.914183 | > DO_CALL (4.809s wait)
.2020-01-20 18:33:41.324215 | eval'd: drake::cmq_buildtargetmetadepsspecht_is_subtargetconfig
2020-01-20 18:33:54.806198 | > DO_CALL (4.801s wait)
.2020-01-20 18:34:03.462169 | eval'd: drake::cmq_buildtargetmetadepsspecht_is_subtargetconfig
2020-01-20 18:34:24.795515 | > DO_CALL (4.725s wait)
.2020-01-20 18:35:16.266861 | eval'd: drake::cmq_buildtargetmetadepsspecht_is_subtargetconfig
2020-01-20 18:35:32.585493 | > DO_CALL (4.738s wait)
.2020-01-20 18:35:37.050677 | eval'd: drake::cmq_buildtargetmetadepsspecht_is_subtargetconfig
2020-01-20 18:36:01.742978 | > DO_CALL (4.733s wait)
.2020-01-20 18:36:25.636168 | eval'd: drake::cmq_buildtargetmetadepsspecht_is_subtargetconfig
2020-01-20 18:36:35.772571 | > DO_CALL (4.762s wait)
.2020-01-20 18:36:42.143349 | eval'd: drake::cmq_buildtargetmetadepsspecht_is_subtargetconfig
2020-01-20 18:36:52.129147 | > DO_CALL (4.708s wait)
.2020-01-20 18:36:54.600819 | eval'd: drake::cmq_buildtargetmetadepsspecht_is_subtargetconfig
2020-01-20 18:37:02.481480 | > DO_CALL (4.741s wait)
.2020-01-20 18:40:16.080559 | eval'd: drake::cmq_buildtargetmetadepsspecht_is_subtargetconfig
2020-01-20 18:40:38.708370 | > DO_CALL (5.590s wait)
.2020-01-20 18:45:52.867137 | eval'd: drake::cmq_buildtargetmetadepsspecht_is_subtargetconfig
2020-01-20 18:46:07.679400 | > DO_CALL (4.774s wait)
.2020-01-20 18:46:16.138483 | eval'd: drake::cmq_buildtargetmetadepsspecht_is_subtargetconfig
2020-01-20 18:46:41.672827 | > DO_CALL (4.836s wait)
.2020-01-20 18:48:07.441300 | eval'd: drake::cmq_buildtargetmetadepsspecht_is_subtargetconfig
2020-01-20 18:48:22.374117 | > DO_CALL (5.657s wait)
.2020-01-20 18:48:26.520024 | eval'd: drake::cmq_buildtargetmetadepsspecht_is_subtargetconfig
2020-01-20 18:48:36.904552 | > DO_CALL (4.729s wait)
.2020-01-20 18:48:50.382509 | eval'd: drake::cmq_buildtargetmetadepsspecht_is_subtargetconfig
2020-01-20 18:49:06.349751 | > DO_CALL (4.810s wait)
.2020-01-20 18:49:40.329870 | eval'd: drake::cmq_buildtargetmetadepsspecht_is_subtargetconfig
2020-01-20 18:49:52.742487 | > DO_CALL (4.736s wait)
.2020-01-20 18:50:03.481487 | eval'd: drake::cmq_buildtargetmetadepsspecht_is_subtargetconfig
2020-01-20 18:50:18.098988 | > DO_CALL (4.779s wait)
.2020-01-20 18:50:29.372390 | eval'd: drake::cmq_buildtargetmetadepsspecht_is_subtargetconfig
2020-01-20 18:50:50.027004 | > DO_CALL (4.756s wait)
.2020-01-20 18:51:14.503477 | eval'd: drake::cmq_buildtargetmetadepsspecht_is_subtargetconfig
2020-01-20 18:51:26.416480 | > DO_CALL (5.333s wait)
.2020-01-20 18:51:46.987184 | eval'd: drake::cmq_buildtargetmetadepsspecht_is_subtargetconfig
2020-01-20 18:51:58.482228 | > DO_CALL (4.879s wait)
.2020-01-20 18:53:01.008157 | eval'd: drake::cmq_buildtargetmetadepsspecht_is_subtargetconfig
2020-01-20 18:53:12.551294 | > DO_CALL (5.088s wait)
.2020-01-20 18:53:43.578939 | eval'd: drake::cmq_buildtargetmetadepsspecht_is_subtargetconfig
2020-01-20 18:53:56.056297 | > DO_CALL (4.705s wait)
.2020-01-20 18:54:42.374745 | eval'd: drake::cmq_buildtargetmetadepsspecht_is_subtargetconfig
2020-01-20 18:54:57.764817 | > DO_CALL (4.676s wait)
.2020-01-20 18:55:25.104717 | eval'd: drake::cmq_buildtargetmetadepsspecht_is_subtargetconfig
2020-01-20 18:55:35.327341 | > DO_CALL (4.802s wait)
.2020-01-20 18:55:44.286103 | eval'd: drake::cmq_buildtargetmetadepsspecht_is_subtargetconfig
2020-01-20 18:55:52.952584 | > DO_CALL (4.730s wait)
.2020-01-20 18:59:22.894052 | eval'd: drake::cmq_buildtargetmetadepsspecht_is_subtargetconfig
2020-01-20 18:59:42.868028 | > DO_CALL (5.587s wait)
.2020-01-20 18:59:49.642645 | eval'd: drake::cmq_buildtargetmetadepsspecht_is_subtargetconfig
2020-01-20 18:59:59.548607 | > DO_CALL (4.620s wait)
.2020-01-20 19:00:18.463142 | eval'd: drake::cmq_buildtargetmetadepsspecht_is_subtargetconfig
2020-01-20 19:00:30.967663 | > DO_CALL (4.610s wait)
.2020-01-20 19:00:44.736986 | eval'd: drake::cmq_buildtargetmetadepsspecht_is_subtargetconfig
2020-01-20 19:01:04.807965 | > DO_CALL (4.655s wait)
.2020-01-20 19:01:36.807733 | eval'd: drake::cmq_buildtargetmetadepsspecht_is_subtargetconfig
2020-01-20 19:01:51.349622 | > DO_CALL (4.433s wait)
.2020-01-20 19:01:58.210098 | eval'd: drake::cmq_buildtargetmetadepsspecht_is_subtargetconfig
2020-01-20 19:02:30.669381 | > DO_CALL (4.416s wait)
.2020-01-20 19:05:10.796170 | eval'd: drake::cmq_buildtargetmetadepsspecht_is_subtargetconfig
2020-01-20 19:05:18.783499 | > DO_CALL (4.760s wait)
.2020-01-20 19:05:19.044343 | eval'd: drake::cmq_buildtargetmetadepsspecht_is_subtargetconfig
2020-01-20 19:05:29.551075 | > DO_CALL (5.529s wait)
.2020-01-20 19:05:31.598526 | eval'd: drake::cmq_buildtargetmetadepsspecht_is_subtargetconfig
2020-01-20 19:05:46.711941 | > DO_CALL (5.773s wait)
.2020-01-20 19:06:22.310476 | eval'd: drake::cmq_buildtargetmetadepsspecht_is_subtargetconfig
2020-01-20 19:06:31.866522 | > DO_CALL (4.857s wait)
.2020-01-20 19:06:50.941757 | eval'd: drake::cmq_buildtargetmetadepsspecht_is_subtargetconfig
2020-01-20 19:07:12.902694 | > DO_CALL (4.737s wait)
.2020-01-20 19:07:36.376224 | eval'd: drake::cmq_buildtargetmetadepsspecht_is_subtargetconfig
2020-01-20 19:07:47.771327 | > DO_CALL (4.764s wait)
.2020-01-20 19:08:26.112973 | eval'd: drake::cmq_buildtargetmetadepsspecht_is_subtargetconfig
2020-01-20 19:08:39.143408 | > DO_CALL (4.905s wait)
.2020-01-20 19:08:49.231047 | eval'd: drake::cmq_buildtargetmetadepsspecht_is_subtargetconfig
2020-01-20 19:08:58.597240 | > DO_CALL (4.817s wait)
.2020-01-20 19:09:06.491716 | eval'd: drake::cmq_buildtargetmetadepsspecht_is_subtargetconfig
2020-01-20 19:09:18.745386 | > DO_CALL (4.807s wait)
.2020-01-20 19:10:20.920658 | eval'd: drake::cmq_buildtargetmetadepsspecht_is_subtargetconfig
2020-01-20 19:10:31.027182 | > DO_CALL (4.875s wait)
.2020-01-20 19:10:32.669810 | eval'd: drake::cmq_buildtargetmetadepsspecht_is_subtargetconfig
2020-01-20 19:10:41.790910 | > DO_CALL (4.837s wait)
.2020-01-20 19:10:59.168351 | eval'd: drake::cmq_buildtargetmetadepsspecht_is_subtargetconfig
2020-01-20 19:11:17.615026 | > DO_CALL (4.853s wait)
.2020-01-20 19:11:30.884363 | eval'd: drake::cmq_buildtargetmetadepsspecht_is_subtargetconfig
2020-01-20 19:11:40.388986 | > DO_CALL (4.832s wait)
.2020-01-20 19:11:49.859749 | eval'd: drake::cmq_buildtargetmetadepsspecht_is_subtargetconfig
2020-01-20 19:12:01.740350 | > DO_CALL (5.846s wait)
.2020-01-20 19:12:02.730139 | eval'd: drake::cmq_buildtargetmetadepsspecht_is_subtargetconfig
2020-01-20 19:12:14.398839 | > DO_CALL (7.008s wait)
.2020-01-20 19:12:27.262443 | eval'd: drake::cmq_buildtargetmetadepsspecht_is_subtargetconfig
2020-01-20 19:12:37.521917 | > DO_CALL (5.830s wait)
.2020-01-20 19:12:41.823050 | eval'd: drake::cmq_buildtargetmetadepsspecht_is_subtargetconfig
2020-01-20 19:12:55.853043 | > DO_CALL (4.918s wait)
.2020-01-20 19:13:06.401817 | eval'd: drake::cmq_buildtargetmetadepsspecht_is_subtargetconfig
2020-01-20 19:13:15.622494 | > DO_CALL (4.905s wait)
.2020-01-20 19:13:16.436277 | eval'd: drake::cmq_buildtargetmetadepsspecht_is_subtargetconfig
2020-01-20 19:13:30.829539 | > DO_CALL (5.724s wait)
.2020-01-20 19:14:35.980545 | eval'd: drake::cmq_buildtargetmetadepsspecht_is_subtargetconfig
2020-01-20 19:14:47.646091 | > DO_CALL (5.049s wait)
.2020-01-20 19:15:19.314704 | eval'd: drake::cmq_buildtargetmetadepsspecht_is_subtargetconfig
2020-01-20 19:15:35.544421 | > DO_CALL (4.812s wait)
.2020-01-20 19:16:04.174984 | eval'd: drake::cmq_buildtargetmetadepsspecht_is_subtargetconfig
2020-01-20 19:16:23.040333 | > DO_CALL (5.038s wait)
.2020-01-20 19:16:35.900851 | eval'd: drake::cmq_buildtargetmetadepsspecht_is_subtargetconfig
2020-01-20 19:16:55.355197 | > DO_CALL (4.809s wait)
.2020-01-20 19:17:00.483821 | eval'd: drake::cmq_buildtargetmetadepsspecht_is_subtargetconfig
2020-01-20 19:17:13.694690 | > DO_CALL (4.836s wait)
.2020-01-20 19:17:28.867395 | eval'd: drake::cmq_buildtargetmetadepsspecht_is_subtargetconfig
2020-01-20 19:17:49.113261 | > DO_CALL (4.926s wait)
.2020-01-20 19:17:54.213128 | eval'd: drake::cmq_buildtargetmetadepsspecht_is_subtargetconfig
2020-01-20 19:18:25.869505 | > DO_CALL (4.958s wait)
.2020-01-20 19:20:24.930587 | eval'd: drake::cmq_buildtargetmetadepsspecht_is_subtargetconfig
2020-01-20 19:20:36.243205 | > DO_CALL (4.940s wait)
.2020-01-20 19:22:00.520789 | eval'd: drake::cmq_buildtargetmetadepsspecht_is_subtargetconfig
2020-01-20 19:22:12.214079 | > DO_CALL (4.953s wait)
.2020-01-20 19:22:20.344745 | eval'd: drake::cmq_buildtargetmetadepsspecht_is_subtargetconfig
2020-01-20 19:22:44.284628 | > DO_CALL (4.759s wait)
.2020-01-20 19:22:51.921412 | eval'd: drake::cmq_buildtargetmetadepsspecht_is_subtargetconfig
2020-01-20 19:23:11.201071 | > DO_CALL (4.905s wait)
.2020-01-20 19:23:29.921161 | eval'd: drake::cmq_buildtargetmetadepsspecht_is_subtargetconfig
2020-01-20 19:23:38.056143 | > DO_CALL (5.053s wait)
.2020-01-20 19:23:52.145983 | eval'd: drake::cmq_buildtargetmetadepsspecht_is_subtargetconfig
2020-01-20 19:24:04.657802 | > DO_CALL (5.877s wait)
.2020-01-20 19:24:32.117684 | eval'd: drake::cmq_buildtargetmetadepsspecht_is_subtargetconfig
2020-01-20 19:24:40.185352 | > DO_CALL (5.005s wait)
.2020-01-20 19:25:00.781348 | eval'd: drake::cmq_buildtargetmetadepsspecht_is_subtargetconfig
2020-01-20 19:25:13.154172 | > DO_CALL (4.844s wait)
.2020-01-20 19:25:19.257516 | eval'd: drake::cmq_buildtargetmetadepsspecht_is_subtargetconfig
2020-01-20 19:25:28.833420 | > DO_CALL (4.946s wait)
.
2020-01-20 19:25:33.346679 | eval'd: drake::cmq_buildtargetmetadepsspecht_is_subtargetconfig
2020-01-20 19:25:43.705085 | > DO_CALL (4.915s wait)
.2020-01-20 19:25:52.397813 | eval'd: drake::cmq_buildtargetmetadepsspecht_is_subtargetconfig
2020-01-20 19:26:08.168041 | > DO_CALL (4.872s wait)
.2020-01-20 19:26:18.604321 | eval'd: drake::cmq_buildtargetmetadepsspecht_is_subtargetconfig
2020-01-20 19:26:28.594517 | > DO_CALL (4.860s wait)
.2020-01-20 19:27:53.582047 | eval'd: drake::cmq_buildtargetmetadepsspecht_is_subtargetconfig
2020-01-20 19:28:09.394462 | > DO_CALL (5.120s wait)
.2020-01-20 19:28:12.363595 | eval'd: drake::cmq_buildtargetmetadepsspecht_is_subtargetconfig
2020-01-20 19:28:24.172761 | > DO_CALL (4.910s wait)
.2020-01-20 19:28:29.729524 | eval'd: drake::cmq_buildtargetmetadepsspecht_is_subtargetconfig
2020-01-20 19:28:40.030884 | > DO_CALL (4.853s wait)
.2020-01-20 19:29:08.841499 | eval'd: drake::cmq_buildtargetmetadepsspecht_is_subtargetconfig
2020-01-20 19:29:20.150734 | > DO_CALL (4.984s wait)
.2020-01-20 19:29:28.096245 | eval'd: drake::cmq_buildtargetmetadepsspecht_is_subtargetconfig
2020-01-20 19:29:37.993740 | > DO_CALL (4.721s wait)
.2020-01-20 19:30:00.084856 | eval'd: drake::cmq_buildtargetmetadepsspecht_is_subtargetconfig
2020-01-20 19:30:14.733507 | > DO_CALL (4.775s wait)
.2020-01-20 19:31:13.688570 | eval'd: drake::cmq_buildtargetmetadepsspecht_is_subtargetconfig
2020-01-20 19:31:24.002061 | > DO_CALL (4.913s wait)
.2020-01-20 19:31:25.761802 | eval'd: drake::cmq_buildtargetmetadepsspecht_is_subtargetconfig
2020-01-20 19:31:42.995588 | > DO_CALL (4.857s wait)
.2020-01-20 19:31:48.284687 | eval'd: drake::cmq_buildtargetmetadepsspecht_is_subtargetconfig
2020-01-20 19:32:03.742640 | > DO_CALL (4.827s wait)
.2020-01-20 19:32:05.941430 | eval'd: drake::cmq_buildtargetmetadepsspecht_is_subtargetconfig
2020-01-20 19:32:43.796539 | > DO_CALL (4.835s wait)
.2020-01-20 19:32:59.972909 | eval'd: drake::cmq_buildtargetmetadepsspecht_is_subtargetconfig
2020-01-20 19:33:10.549855 | > DO_CALL (4.835s wait)
.2020-01-20 19:33:34.920952 | eval'd: drake::cmq_buildtargetmetadepsspecht_is_subtargetconfig
2020-01-20 19:33:45.177149 | > DO_CALL (5.713s wait)
.2020-01-20 19:33:48.570801 | eval'd: drake::cmq_buildtargetmetadepsspecht_is_subtargetconfig
2020-01-20 19:34:00.595743 | > DO_CALL (5.902s wait)
.2020-01-20 19:34:04.075807 | eval'd: drake::cmq_buildtargetmetadepsspecht_is_subtargetconfig
2020-01-20 19:34:17.751654 | > DO_CALL (4.916s wait)
.2020-01-20 19:36:55.286584 | eval'd: drake::cmq_buildtargetmetadepsspecht_is_subtargetconfig
2020-01-20 19:37:05.512983 | > DO_CALL (5.116s wait)
.2020-01-20 19:38:35.894196 | eval'd: drake::cmq_buildtargetmetadepsspecht_is_subtargetconfig
2020-01-20 19:38:45.557725 | > DO_CALL (5.093s wait)
.2020-01-20 19:39:17.569067 | eval'd: drake::cmq_buildtargetmetadepsspecht_is_subtargetconfig
2020-01-20 19:39:38.500321 | > DO_CALL (4.818s wait)
.2020-01-20 19:40:24.824723 | eval'd: drake::cmq_buildtargetmetadepsspecht_is_subtargetconfig
2020-01-20 19:40:47.962607 | > DO_CALL (4.856s wait)
.2020-01-20 19:42:08.605931 | eval'd: drake::cmq_buildtargetmetadepsspecht_is_subtargetconfig
2020-01-20 19:42:19.077914 | > DO_CALL (4.875s wait)
.2020-01-20 19:42:31.372913 | eval'd: drake::cmq_buildtargetmetadepsspecht_is_subtargetconfig
2020-01-20 19:42:53.759617 | > DO_CALL (4.971s wait)
.2020-01-20 19:44:05.906477 | eval'd: drake::cmq_buildtargetmetadepsspecht_is_subtargetconfig
2020-01-20 19:44:15.877738 | > DO_CALL (4.845s wait)
.2020-01-20 19:44:16.378120 | eval'd: drake::cmq_buildtargetmetadepsspecht_is_subtargetconfig
2020-01-20 19:44:25.076602 | > DO_CALL (5.765s wait)
.2020-01-20 19:45:56.386894 | eval'd: drake::cmq_buildtargetmetadepsspecht_is_subtargetconfig
2020-01-20 19:46:17.965023 | > DO_CALL (5.162s wait)
.2020-01-20 19:46:56.269042 | eval'd: drake::cmq_buildtargetmetadepsspecht_is_subtargetconfig
2020-01-20 19:47:11.693458 | > DO_CALL (4.820s wait)
.2020-01-20 19:47:17.977459 | eval'd: drake::cmq_buildtargetmetadepsspecht_is_subtargetconfig
2020-01-20 19:47:47.847051 | > DO_CALL (4.896s wait)
.2020-01-20 19:48:08.879942 | eval'd: drake::cmq_buildtargetmetadepsspecht_is_subtargetconfig
2020-01-20 19:48:25.901345 | > DO_CALL (4.795s wait)
.2020-01-20 19:48:32.470997 | eval'd: drake::cmq_buildtargetmetadepsspecht_is_subtargetconfig
2020-01-20 19:48:48.226049 | > DO_CALL (4.761s wait)
.2020-01-20 19:49:05.663182 | eval'd: drake::cmq_buildtargetmetadepsspecht_is_subtargetconfig
2020-01-20 19:49:17.531516 | > DO_CALL (4.976s wait)
.2020-01-20 19:50:19.639452 | eval'd: drake::cmq_buildtargetmetadepsspecht_is_subtargetconfig
2020-01-20 19:50:35.329615 | > DO_CALL (4.995s wait)
.2020-01-20 19:51:15.665914 | eval'd: drake::cmq_buildtargetmetadepsspecht_is_subtargetconfig
2020-01-20 19:51:24.442292 | > DO_CALL (4.878s wait)
.2020-01-20 19:51:58.075363 | eval'd: drake::cmq_buildtargetmetadepsspecht_is_subtargetconfig
2020-01-20 19:52:12.172761 | > DO_CALL (4.778s wait)
.2020-01-20 19:52:14.007471 | eval'd: drake::cmq_buildtargetmetadepsspecht_is_subtargetconfig
2020-01-20 19:52:29.641248 | > DO_CALL (4.841s wait)
.2020-01-20 19:52:58.794908 | eval'd: drake::cmq_buildtargetmetadepsspecht_is_subtargetconfig
2020-01-20 19:53:09.982371 | > DO_CALL (4.840s wait)
.2020-01-20 19:53:22.547682 | eval'd: drake::cmq_buildtargetmetadepsspecht_is_subtargetconfig
2020-01-20 19:53:44.357806 | > DO_CALL (4.893s wait)
.2020-01-20 19:56:33.044938 | eval'd: drake::cmq_buildtargetmetadepsspecht_is_subtargetconfig
2020-01-20 19:56:33.347939 | > DO_CALL (0.009s wait)
.2020-01-20 19:56:33.709019 | eval'd: drake::cmq_buildtargetmetadepsspecht_is_subtargetconfig
2020-01-20 19:56:34.044054 | > DO_CALL (0.023s wait)
.2020-01-20 19:56:36.967542 | eval'd: drake::cmq_buildtargetmetadepsspecht_is_subtargetconfig
2020-01-20 19:56:37.654273 | > DO_CALL (0.001s wait)
.2020-01-20 19:56:37.701731 | eval'd: drake::cmq_buildtargetmetadepsspecht_is_subtargetconfig
2020-01-20 19:56:38.183783 | > DO_CALL (0.009s wait)
.2020-01-20 19:56:38.528027 | eval'd: drake::cmq_buildtargetmetadepsspecht_is_subtargetconfig
2020-01-20 19:56:39.007986 | > DO_CALL (0.012s wait)
.2020-01-20 19:56:39.380860 | eval'd: drake::cmq_buildtargetmetadepsspecht_is_subtargetconfig
2020-01-20 19:56:39.498331 | > DO_CALL (0.008s wait)
.2020-01-20 19:56:39.821270 | eval'd: drake::cmq_buildtargetmetadepsspecht_is_subtargetconfig
2020-01-20 19:56:39.931368 | > DO_CALL (0.013s wait)
.2020-01-20 19:56:41.033057 | eval'd: drake::cmq_buildtargetmetadepsspecht_is_subtargetconfig
2020-01-20 19:56:41.113155 | > DO_CALL (0.008s wait)
.2020-01-20 19:56:41.445117 | eval'd: drake::cmq_buildtargetmetadepsspecht_is_subtargetconfig
2020-01-20 19:56:41.671143 | > DO_CALL (0.011s wait)
.2020-01-20 19:56:42.005591 | eval'd: drake::cmq_buildtargetmetadepsspecht_is_subtargetconfig
2020-01-20 19:56:42.127072 | > DO_CALL (0.006s wait)
.2020-01-20 19:56:42.438645 | eval'd: drake::cmq_buildtargetmetadepsspecht_is_subtargetconfig
2020-01-20 19:56:43.408699 | > DO_CALL (0.004s wait)
.2020-01-20 19:56:44.368096 | eval'd: drake::cmq_buildtargetmetadepsspecht_is_subtargetconfig
2020-01-20 19:56:44.531889 | > DO_CALL (0.012s wait)
.2020-01-20 19:56:44.871081 | eval'd: drake::cmq_buildtargetmetadepsspecht_is_subtargetconfig
2020-01-20 19:56:45.116961 | > DO_CALL (0.010s wait)
.2020-01-20 19:56:45.440414 | eval'd: drake::cmq_buildtargetmetadepsspecht_is_subtargetconfig
2020-01-20 19:56:45.580155 | > DO_CALL (0.011s wait)
.2020-01-20 19:56:45.921750 | eval'd: drake::cmq_buildtargetmetadepsspecht_is_subtargetconfig
2020-01-20 19:56:46.037941 | > DO_CALL (0.002s wait)
.2020-01-20 19:56:46.355592 | eval'd: drake::cmq_buildtargetmetadepsspecht_is_subtargetconfig
2020-01-20 19:56:46.470649 | > DO_CALL (0.009s wait)
.2020-01-20 19:56:47.545794 | eval'd: drake::cmq_buildtargetmetadepsspecht_is_subtargetconfig
2020-01-20 19:56:48.317674 | > DO_CALL (0.008s wait)
.2020-01-20 19:56:48.640195 | eval'd: drake::cmq_buildtargetmetadepsspecht_is_subtargetconfig
2020-01-20 19:56:49.110007 | > DO_CALL (0.025s wait)
.2020-01-20 19:56:49.477895 | eval'd: drake::cmq_buildtargetmetadepsspecht_is_subtargetconfig
2020-01-20 19:56:49.736567 | > DO_CALL (0.007s wait)
.2020-01-20 19:56:50.045993 | eval'd: drake::cmq_buildtargetmetadepsspecht_is_subtargetconfig
2020-01-20 19:56:50.399636 | > DO_CALL (0.012s wait)
.2020-01-20 19:56:51.433700 | eval'd: drake::cmq_buildtargetmetadepsspecht_is_subtargetconfig
2020-01-20 19:56:51.709235 | > DO_CALL (0.010s wait)
.2020-01-20 19:56:52.029168 | eval'd: drake::cmq_buildtargetmetadepsspecht_is_subtargetconfig
2020-01-20 19:56:52.482680 | > DO_CALL (0.014s wait)
.2020-01-20 19:56:52.821365 | eval'd: drake::cmq_buildtargetmetadepsspecht_is_subtargetconfig
2020-01-20 19:56:53.819119 | > DO_CALL (0.014s wait)
.2020-01-20 19:56:54.161176 | eval'd: drake::cmq_buildtargetmetadepsspecht_is_subtargetconfig
2020-01-20 19:56:54.410382 | > DO_CALL (0.009s wait)
.2020-01-20 19:56:54.734127 | eval'd: drake::cmq_buildtargetmetadepsspecht_is_subtargetconfig
2020-01-20 19:56:54.926680 | > DO_CALL (0.014s wait)
.2020-01-20 19:56:55.965610 | eval'd: drake::cmq_buildtargetmetadepsspecht_is_subtargetconfig
2020-01-20 19:56:56.462883 | > DO_CALL (0.017s wait)
.2020-01-20 19:56:56.804143 | eval'd: drake::cmq_buildtargetmetadepsspecht_is_subtargetconfig
2020-01-20 19:56:57.174566 | > DO_CALL (0.002s wait)
.2020-01-20 19:56:57.411352 | eval'd: drake::cmq_buildtargetmetadepsspecht_is_subtargetconfig
2020-01-20 19:56:58.296575 | > DO_CALL (0.023s wait)
.2020-01-20 19:56:58.640437 | eval'd: drake::cmq_buildtargetmetadepsspecht_is_subtargetconfig
2020-01-20 19:56:59.037543 | > DO_CALL (0.008s wait)
.2020-01-20 19:57:00.044206 | eval'd: drake::cmq_buildtargetmetadepsspecht_is_subtargetconfig
2020-01-20 19:57:00.287741 | > DO_CALL (0.010s wait)
.2020-01-20 19:57:00.612206 | eval'd: drake::cmq_buildtargetmetadepsspecht_is_subtargetconfig
2020-01-20 19:57:00.881101 | > DO_CALL (0.010s wait)
.2020-01-20 19:57:01.204576 | eval'd: drake::cmq_buildtargetmetadepsspecht_is_subtargetconfig
2020-01-20 19:57:01.479548 | > DO_CALL (0.000s wait)
.2020-01-20 19:57:01.487782 | eval'd: drake::cmq_buildtargetmetadepsspecht_is_subtargetconfig
2020-01-20 19:57:01.730171 | > DO_CALL (0.011s wait)
.2020-01-20 19:57:02.064572 | eval'd: drake::cmq_buildtargetmetadepsspecht_is_subtargetconfig
2020-01-20 19:57:02.375343 | > DO_CALL (0.019s wait)
.2020-01-20 19:57:02.730061 | eval'd: drake::cmq_buildtargetmetadepsspecht_is_subtargetconfig
2020-01-20 19:57:03.805639 | > DO_CALL (0.012s wait)
.2020-01-20 19:57:04.834446 | eval'd: drake::cmq_buildtargetmetadepsspecht_is_subtargetconfig
2020-01-20 19:57:04.988775 | > DO_CALL (0.008s wait)
.2020-01-20 19:57:05.312072 | eval'd: drake::cmq_buildtargetmetadepsspecht_is_subtargetconfig
2020-01-20 19:57:05.555674 | > DO_CALL (0.012s wait)
.2020-01-20 19:57:05.885418 | eval'd: drake::cmq_buildtargetmetadepsspecht_is_subtargetconfig
2020-01-20 19:57:05.988212 | > DO_CALL (0.005s wait)
.2020-01-20 19:57:06.297615 | eval'd: drake::cmq_buildtargetmetadepsspecht_is_subtargetconfig
2020-01-20 19:57:06.393740 | > DO_CALL (0.016s wait)
.2020-01-20 19:57:07.363409 | eval'd: drake::cmq_buildtargetmetadepsspecht_is_subtargetconfig
2020-01-20 19:57:08.394842 | > DO_CALL (0.012s wait)
.2020-01-20 19:57:08.723644 | eval'd: drake::cmq_buildtargetmetadepsspecht_is_subtargetconfig
2020-01-20 19:57:09.230084 | > DO_CALL (0.011s wait)
.2020-01-20 19:57:09.562657 | eval'd: drake::cmq_buildtargetmetadepsspecht_is_subtargetconfig
2020-01-20 19:57:09.967119 | > DO_CALL (0.008s wait)
.
2020-01-20 19:57:10.289912 | eval'd: drake::cmq_buildtargetmetadepsspecht_is_subtargetconfig
2020-01-20 19:57:10.555272 | > DO_CALL (0.011s wait)
.2020-01-20 19:57:10.901444 | eval'd: drake::cmq_buildtargetmetadepsspecht_is_subtargetconfig
2020-01-20 19:57:11.209573 | > DO_CALL (0.013s wait)
.2020-01-20 19:57:12.204255 | eval'd: drake::cmq_buildtargetmetadepsspecht_is_subtargetconfig
2020-01-20 19:57:13.209542 | > DO_CALL (0.014s wait)
.2020-01-20 19:57:13.539812 | eval'd: drake::cmq_buildtargetmetadepsspecht_is_subtargetconfig
2020-01-20 19:57:13.998915 | > DO_CALL (0.013s wait)
.2020-01-20 19:57:14.329688 | eval'd: drake::cmq_buildtargetmetadepsspecht_is_subtargetconfig
2020-01-20 19:57:14.769025 | > DO_CALL (0.016s wait)
.2020-01-20 19:57:15.113151 | eval'd: drake::cmq_buildtargetmetadepsspecht_is_subtargetconfig
2020-01-20 19:57:15.297385 | > DO_CALL (0.012s wait)
.2020-01-20 19:57:16.378546 | eval'd: drake::cmq_buildtargetmetadepsspecht_is_subtargetconfig
2020-01-20 19:57:16.650913 | > DO_CALL (0.017s wait)
.2020-01-20 19:57:16.989274 | eval'd: drake::cmq_buildtargetmetadepsspecht_is_subtargetconfig
2020-01-20 19:57:17.379851 | > DO_CALL (0.016s wait)
.2020-01-20 19:57:17.711476 | eval'd: drake::cmq_buildtargetmetadepsspecht_is_subtargetconfig
2020-01-20 19:57:18.887629 | > DO_CALL (0.009s wait)
.2020-01-20 19:57:19.200889 | eval'd: drake::cmq_buildtargetmetadepsspecht_is_subtargetconfig
2020-01-20 19:57:19.673408 | > DO_CALL (0.020s wait)
.2020-01-20 19:57:20.023108 | eval'd: drake::cmq_buildtargetmetadepsspecht_is_subtargetconfig
2020-01-20 19:57:20.098749 | > DO_CALL (0.011s wait)
.2020-01-20 19:57:21.107207 | eval'd: drake::cmq_buildtargetmetadepsspecht_is_subtargetconfig
2020-01-20 19:57:21.342713 | > DO_CALL (0.000s wait)
.2020-01-20 19:57:21.352694 | eval'd: drake::cmq_buildtargetmetadepsspecht_is_subtargetconfig
2020-01-20 19:57:22.037552 | > DO_CALL (0.014s wait)
.2020-01-20 19:57:22.372367 | eval'd: drake::cmq_buildtargetmetadepsspecht_is_subtargetconfig
2020-01-20 19:57:23.534118 | > DO_CALL (0.005s wait)
.2020-01-20 19:57:23.833299 | eval'd: drake::cmq_buildtargetmetadepsspecht_is_subtargetconfig
2020-01-20 19:57:24.361428 | > DO_CALL (0.008s wait)
.2020-01-20 19:57:24.674813 | eval'd: drake::cmq_buildtargetmetadepsspecht_is_subtargetconfig
2020-01-20 19:57:25.113092 | > DO_CALL (0.012s wait)
.2020-01-20 19:57:26.083722 | eval'd: drake::cmq_buildtargetmetadepsspecht_is_subtargetconfig
2020-01-20 19:57:26.430154 | > DO_CALL (0.007s wait)
.2020-01-20 19:57:26.742366 | eval'd: drake::cmq_buildtargetmetadepsspecht_is_subtargetconfig
2020-01-20 19:57:27.187880 | > DO_CALL (0.007s wait)
.2020-01-20 19:57:27.503568 | eval'd: drake::cmq_buildtargetmetadepsspecht_is_subtargetconfig
2020-01-20 19:57:28.622515 | > DO_CALL (0.011s wait)
.2020-01-20 19:57:28.945294 | eval'd: drake::cmq_buildtargetmetadepsspecht_is_subtargetconfig
2020-01-20 19:57:29.343716 | > DO_CALL (0.014s wait)
.2020-01-20 19:57:30.400644 | eval'd: drake::cmq_buildtargetmetadepsspecht_is_subtargetconfig
2020-01-20 19:57:30.606178 | > DO_CALL (0.007s wait)
.2020-01-20 19:57:30.928362 | eval'd: drake::cmq_buildtargetmetadepsspecht_is_subtargetconfig
2020-01-20 19:57:31.207196 | > DO_CALL (0.013s wait)
.2020-01-20 19:57:31.545758 | eval'd: drake::cmq_buildtargetmetadepsspecht_is_subtargetconfig
2020-01-20 19:57:32.080088 | > DO_CALL (0.015s wait)
.2020-01-20 19:57:32.421375 | eval'd: drake::cmq_buildtargetmetadepsspecht_is_subtargetconfig
2020-01-20 19:57:33.482146 | > DO_CALL (0.013s wait)
.2020-01-20 19:57:33.816350 | eval'd: drake::cmq_buildtargetmetadepsspecht_is_subtargetconfig
2020-01-20 19:57:34.349988 | > DO_CALL (0.012s wait)
.2020-01-20 19:57:35.317908 | eval'd: drake::cmq_buildtargetmetadepsspecht_is_subtargetconfig
2020-01-20 19:57:35.388703 | > DO_CALL (0.001s wait)
.2020-01-20 19:57:35.558917 | eval'd: drake::cmq_buildtargetmetadepsspecht_is_subtargetconfig
2020-01-20 19:57:36.207620 | > DO_CALL (0.015s wait)
.2020-01-20 19:57:36.549737 | eval'd: drake::cmq_buildtargetmetadepsspecht_is_subtargetconfig
2020-01-20 19:57:36.856484 | > DO_CALL (0.011s wait)
.2020-01-20 19:57:37.178622 | eval'd: drake::cmq_buildtargetmetadepsspecht_is_subtargetconfig
2020-01-20 19:57:38.298882 | > DO_CALL (0.006s wait)
.2020-01-20 19:57:38.611294 | eval'd: drake::cmq_buildtargetmetadepsspecht_is_subtargetconfig
2020-01-20 19:57:39.076400 | > DO_CALL (0.000s wait)
.2020-01-20 19:57:39.084591 | eval'd: drake::cmq_buildtargetmetadepsspecht_is_subtargetconfig
2020-01-20 19:57:39.880729 | > DO_CALL (0.012s wait)
.2020-01-20 19:57:40.923504 | eval'd: drake::cmq_buildtargetmetadepsspecht_is_subtargetconfig
2020-01-20 19:57:41.113934 | > DO_CALL (0.009s wait)
.2020-01-20 19:57:41.435215 | eval'd: drake::cmq_buildtargetmetadepsspecht_is_subtargetconfig
2020-01-20 19:57:41.657586 | > DO_CALL (0.012s wait)
.2020-01-20 19:57:41.986760 | eval'd: drake::cmq_buildtargetmetadepsspecht_is_subtargetconfig
2020-01-20 19:57:42.851390 | > DO_CALL (0.020s wait)
.2020-01-20 19:57:43.196214 | eval'd: drake::cmq_buildtargetmetadepsspecht_is_subtargetconfig
2020-01-20 19:57:43.657498 | > DO_CALL (0.009s wait)
.2020-01-20 19:57:44.631276 | eval'd: drake::cmq_buildtargetmetadepsspecht_is_subtargetconfig
2020-01-20 19:57:45.453552 | > DO_CALL (0.021s wait)
.2020-01-20 19:57:45.804168 | eval'd: drake::cmq_buildtargetmetadepsspecht_is_subtargetconfig
2020-01-20 19:57:46.002825 | > DO_CALL (0.013s wait)
.2020-01-20 19:57:46.339411 | eval'd: drake::cmq_buildtargetmetadepsspecht_is_subtargetconfig
2020-01-20 19:57:46.572019 | > DO_CALL (0.006s wait)
.2020-01-20 19:57:46.866399 | eval'd: drake::cmq_buildtargetmetadepsspecht_is_subtargetconfig
2020-01-20 19:57:47.940465 | > DO_CALL (0.011s wait)
.2020-01-20 19:57:48.273041 | eval'd: drake::cmq_buildtargetmetadepsspecht_is_subtargetconfig
2020-01-20 19:57:48.741563 | > DO_CALL (0.012s wait)
.2020-01-20 19:57:49.733791 | eval'd: drake::cmq_buildtargetmetadepsspecht_is_subtargetconfig
2020-01-20 19:57:50.077876 | > DO_CALL (0.008s wait)
.2020-01-20 19:57:50.398074 | eval'd: drake::cmq_buildtargetmetadepsspecht_is_subtargetconfig
2020-01-20 19:57:50.523245 | > DO_CALL (0.004s wait)
.2020-01-20 19:57:50.812556 | eval'd: drake::cmq_buildtargetmetadepsspecht_is_subtargetconfig
2020-01-20 19:57:50.883076 | > DO_CALL (0.006s wait)
.2020-01-20 19:57:51.193058 | eval'd: drake::cmq_buildtargetmetadepsspecht_is_subtargetconfig
2020-01-20 19:57:52.203656 | > DO_CALL (0.009s wait)
.2020-01-20 19:57:53.119981 | eval'd: drake::cmq_buildtargetmetadepsspecht_is_subtargetconfig
2020-01-20 19:57:53.566673 | > DO_CALL (0.010s wait)
.2020-01-20 19:57:53.887015 | eval'd: drake::cmq_buildtargetmetadepsspecht_is_subtargetconfig
2020-01-20 19:57:54.395236 | > DO_CALL (0.012s wait)
.2020-01-20 19:57:54.730729 | eval'd: drake::cmq_buildtargetmetadepsspecht_is_subtargetconfig
2020-01-20 19:57:54.974673 | > DO_CALL (0.009s wait)
.2020-01-20 19:57:55.295337 | eval'd: drake::cmq_buildtargetmetadepsspecht_is_subtargetconfig
2020-01-20 19:57:55.464560 | > DO_CALL (0.015s wait)
.2020-01-20 19:57:55.793607 | eval'd: drake::cmq_buildtargetmetadepsspecht_is_subtargetconfig
2020-01-20 19:57:56.263384 | > DO_CALL (0.019s wait)
.2020-01-20 19:57:57.224548 | eval'd: drake::cmq_buildtargetmetadepsspecht_is_subtargetconfig
2020-01-20 19:57:57.731476 | > DO_CALL (0.017s wait)
.2020-01-20 19:57:58.073509 | eval'd: drake::cmq_buildtargetmetadepsspecht_is_subtargetconfig
2020-01-20 19:57:58.535975 | > DO_CALL (0.010s wait)
.2020-01-20 19:57:58.864780 | eval'd: drake::cmq_buildtargetmetadepsspecht_is_subtargetconfig
2020-01-20 19:57:59.299709 | > DO_CALL (0.009s wait)
.2020-01-20 19:57:59.620799 | eval'd: drake::cmq_buildtargetmetadepsspecht_is_subtargetconfig
2020-01-20 19:57:59.864229 | > DO_CALL (0.010s wait)
.2020-01-20 19:58:00.836551 | eval'd: drake::cmq_buildtargetmetadepsspecht_is_subtargetconfig
2020-01-20 19:58:01.003270 | > DO_CALL (0.007s wait)
.2020-01-20 19:58:01.321808 | eval'd: drake::cmq_buildtargetmetadepsspecht_is_subtargetconfig
2020-01-20 19:58:02.493272 | > DO_CALL (0.019s wait)
.2020-01-20 19:58:02.842938 | eval'd: drake::cmq_buildtargetmetadepsspecht_is_subtargetconfig
2020-01-20 19:58:03.293761 | > DO_CALL (0.009s wait)
.2020-01-20 19:58:03.606874 | eval'd: drake::cmq_buildtargetmetadepsspecht_is_subtargetconfig
2020-01-20 19:58:04.083463 | > DO_CALL (0.008s wait)
.2020-01-20 19:58:05.079618 | eval'd: drake::cmq_buildtargetmetadepsspecht_is_subtargetconfig
2020-01-20 19:58:05.283600 | > DO_CALL (0.009s wait)
.2020-01-20 19:58:05.603885 | eval'd: drake::cmq_buildtargetmetadepsspecht_is_subtargetconfig
2020-01-20 19:58:05.909063 | > DO_CALL (0.014s wait)
.2020-01-20 19:58:06.243865 | eval'd: drake::cmq_buildtargetmetadepsspecht_is_subtargetconfig
2020-01-20 19:58:07.255687 | > DO_CALL (0.010s wait)
.2020-01-20 19:58:07.574924 | eval'd: drake::cmq_buildtargetmetadepsspecht_is_subtargetconfig
2020-01-20 19:58:08.062403 | > DO_CALL (0.013s wait)
.2020-01-20 19:58:08.398380 | eval'd: drake::cmq_buildtargetmetadepsspecht_is_subtargetconfig
2020-01-20 19:58:08.837788 | > DO_CALL (0.015s wait)
.2020-01-20 19:58:09.921003 | eval'd: drake::cmq_buildtargetmetadepsspecht_is_subtargetconfig
2020-01-20 19:58:09.975863 | > DO_CALL (0.000s wait)
.2020-01-20 19:58:09.985043 | eval'd: drake::cmq_buildtargetmetadepsspecht_is_subtargetconfig
2020-01-20 19:58:10.167274 | > DO_CALL (0.010s wait)
.2020-01-20 19:58:10.491151 | eval'd: drake::cmq_buildtargetmetadepsspecht_is_subtargetconfig
2020-01-20 19:58:10.590340 | > DO_CALL (0.013s wait)
.2020-01-20 19:58:10.922810 | eval'd: drake::cmq_buildtargetmetadepsspecht_is_subtargetconfig
2020-01-20 19:58:11.974647 | > DO_CALL (0.017s wait)
.2020-01-20 19:58:12.318732 | eval'd: drake::cmq_buildtargetmetadepsspecht_is_subtargetconfig
2020-01-20 19:58:12.736068 | > DO_CALL (0.010s wait)
.2020-01-20 19:58:13.699865 | eval'd: drake::cmq_buildtargetmetadepsspecht_is_subtargetconfig
2020-01-20 19:58:13.946365 | > DO_CALL (0.010s wait)
.2020-01-20 19:58:14.269188 | eval'd: drake::cmq_buildtargetmetadepsspecht_is_subtargetconfig
2020-01-20 19:58:14.711801 | > DO_CALL (0.011s wait)
.2020-01-20 19:58:15.053214 | eval'd: drake::cmq_buildtargetmetadepsspecht_is_subtargetconfig
2020-01-20 19:58:15.316496 | > DO_CALL (0.008s wait)
.2020-01-20 19:58:15.633805 | eval'd: drake::cmq_buildtargetmetadepsspecht_is_subtargetconfig
2020-01-20 19:58:16.595827 | > DO_CALL (0.008s wait)
.2020-01-20 19:58:16.917915 | eval'd: drake::cmq_buildtargetmetadepsspecht_is_subtargetconfig
2020-01-20 19:58:17.437648 | > DO_CALL (0.010s wait)
.2020-01-20 19:58:18.514384 | eval'd: drake::cmq_buildtargetmetadepsspecht_is_subtargetconfig
2020-01-20 19:58:19.406500 | > DO_CALL (0.010s wait)
.2020-01-20 19:58:19.731027 | eval'd: drake::cmq_buildtargetmetadepsspecht_is_subtargetconfig
2020-01-20 19:58:20.059241 | > DO_CALL (0.020s wait)
.2020-01-20 19:58:20.406429 | eval'd: drake::cmq_buildtargetmetadepsspecht_is_subtargetconfig
2020-01-20 19:58:21.346335 | > DO_CALL (0.015s wait)
.2020-01-20 19:58:21.675403 | eval'd: drake::cmq_buildtargetmetadepsspecht_is_subtargetconfig
2020-01-20 19:58:22.173806 | > DO_CALL (0.010s wait)
.2020-01-20 19:58:23.091763 | eval'd: drake::cmq_buildtargetmetadepsspecht_is_subtargetconfig
2020-01-20 19:58:23.333142 | > DO_CALL (0.011s wait)
.2020-01-20 19:58:23.658175 | eval'd: drake::cmq_buildtargetmetadepsspecht_is_subtargetconfig
2020-01-20 19:58:23.797032 | > DO_CALL (0.011s wait)
.2020-01-20 19:58:24.142517 | eval'd: drake::cmq_buildtargetmetadepsspecht_is_subtargetconfig
2020-01-20 19:58:24.559889 | > DO_CALL (0.007s wait)
.
2020-01-20 19:58:24.891026 | eval'd: drake::cmq_buildtargetmetadepsspecht_is_subtargetconfig
2020-01-20 19:58:25.076115 | > DO_CALL (0.006s wait)
.2020-01-20 19:58:25.400134 | eval'd: drake::cmq_buildtargetmetadepsspecht_is_subtargetconfig
2020-01-20 19:58:25.530435 | > DO_CALL (0.016s wait)
.2020-01-20 19:58:26.489209 | eval'd: drake::cmq_buildtargetmetadepsspecht_is_subtargetconfig
2020-01-20 19:58:27.017617 | > DO_CALL (0.011s wait)
.2020-01-20 19:58:27.360099 | eval'd: drake::cmq_buildtargetmetadepsspecht_is_subtargetconfig
2020-01-20 19:58:27.810037 | > DO_CALL (0.014s wait)
.2020-01-20 19:58:28.140542 | eval'd: drake::cmq_buildtargetmetadepsspecht_is_subtargetconfig
2020-01-20 19:58:28.627644 | > DO_CALL (0.017s wait)
.2020-01-20 19:58:28.973285 | eval'd: drake::cmq_buildtargetmetadepsspecht_is_subtargetconfig
2020-01-20 19:58:29.402543 | > DO_CALL (0.009s wait)
.2020-01-20 19:58:30.402506 | eval'd: drake::cmq_buildtargetmetadepsspecht_is_subtargetconfig
2020-01-20 19:58:31.292713 | > DO_CALL (0.004s wait)
.2020-01-20 19:58:31.546147 | eval'd: drake::cmq_buildtargetmetadepsspecht_is_subtargetconfig
2020-01-20 19:58:32.088855 | > DO_CALL (0.000s wait)
.2020-01-20 19:58:32.148387 | eval'd: drake::cmq_buildtargetmetadepsspecht_is_subtargetconfig
2020-01-20 19:58:32.879321 | > DO_CALL (0.012s wait)
.2020-01-20 19:58:33.215334 | eval'd: drake::cmq_buildtargetmetadepsspecht_is_subtargetconfig
2020-01-20 19:58:33.687339 | > DO_CALL (0.026s wait)
.2020-01-20 19:58:34.068306 | eval'd: drake::cmq_buildtargetmetadepsspecht_is_subtargetconfig
2020-01-20 19:58:34.442816 | > DO_CALL (0.004s wait)
.2020-01-20 19:58:35.476059 | eval'd: drake::cmq_buildtargetmetadepsspecht_is_subtargetconfig
2020-01-20 19:58:36.464980 | > DO_CALL (0.012s wait)
.2020-01-20 19:58:36.808597 | eval'd: drake::cmq_buildtargetmetadepsspecht_is_subtargetconfig
2020-01-20 19:58:37.298572 | > DO_CALL (0.013s wait)
.2020-01-20 19:58:37.656239 | eval'd: drake::cmq_buildtargetmetadepsspecht_is_subtargetconfig
2020-01-20 19:58:38.119429 | > DO_CALL (0.007s wait)
.2020-01-20 19:58:38.437267 | eval'd: drake::cmq_buildtargetmetadepsspecht_is_subtargetconfig
2020-01-20 19:58:38.891334 | > DO_CALL (0.010s wait)
.2020-01-20 19:58:39.214432 | eval'd: drake::cmq_buildtargetmetadepsspecht_is_subtargetconfig
2020-01-20 19:58:39.444974 | > DO_CALL (0.016s wait)
.2020-01-20 19:58:40.483271 | eval'd: drake::cmq_buildtargetmetadepsspecht_is_subtargetconfig
2020-01-20 19:58:41.422863 | > DO_CALL (0.007s wait)
.2020-01-20 19:58:41.740076 | eval'd: drake::cmq_buildtargetmetadepsspecht_is_subtargetconfig
2020-01-20 19:58:42.196698 | > DO_CALL (0.012s wait)
.2020-01-20 19:58:42.522214 | eval'd: drake::cmq_buildtargetmetadepsspecht_is_subtargetconfig
2020-01-20 19:58:43.002754 | > DO_CALL (0.007s wait)
.2020-01-20 19:58:43.334919 | eval'd: drake::cmq_buildtargetmetadepsspecht_is_subtargetconfig
2020-01-20 19:58:43.486531 | > DO_CALL (0.011s wait)
.2020-01-20 19:58:44.470135 | eval'd: drake::cmq_buildtargetmetadepsspecht_is_subtargetconfig
2020-01-20 19:58:44.644723 | > DO_CALL (0.000s wait)
.2020-01-20 19:58:44.690104 | eval'd: drake::cmq_buildtargetmetadepsspecht_is_subtargetconfig
2020-01-20 19:58:44.761538 | > DO_CALL (0.012s wait)
.2020-01-20 19:58:45.104043 | eval'd: drake::cmq_buildtargetmetadepsspecht_is_subtargetconfig
2020-01-20 19:58:46.204942 | > DO_CALL (0.011s wait)
.2020-01-20 19:58:46.548968 | eval'd: drake::cmq_buildtargetmetadepsspecht_is_subtargetconfig
2020-01-20 19:58:46.973707 | > DO_CALL (0.016s wait)
.2020-01-20 19:58:47.320011 | eval'd: drake::cmq_buildtargetmetadepsspecht_is_subtargetconfig
2020-01-20 19:58:47.742316 | > DO_CALL (0.021s wait)
.2020-01-20 19:58:48.097554 | eval'd: drake::cmq_buildtargetmetadepsspecht_is_subtargetconfig
2020-01-20 19:58:48.358523 | > DO_CALL (0.019s wait)
.2020-01-20 19:58:49.395922 | eval'd: drake::cmq_buildtargetmetadepsspecht_is_subtargetconfig
2020-01-20 19:58:49.617343 | > DO_CALL (0.011s wait)
.2020-01-20 19:58:49.951471 | eval'd: drake::cmq_buildtargetmetadepsspecht_is_subtargetconfig
2020-01-20 19:58:51.077957 | > DO_CALL (0.001s wait)
.2020-01-20 19:58:51.247158 | eval'd: drake::cmq_buildtargetmetadepsspecht_is_subtargetconfig
2020-01-20 19:58:51.855082 | > DO_CALL (0.003s wait)
.2020-01-20 19:58:52.151314 | eval'd: drake::cmq_buildtargetmetadepsspecht_is_subtargetconfig
2020-01-20 19:58:52.579708 | > DO_CALL (0.007s wait)
.2020-01-20 19:58:53.625893 | eval'd: drake::cmq_buildtargetmetadepsspecht_is_subtargetconfig
2020-01-20 19:58:54.060214 | > DO_CALL (0.007s wait)
.2020-01-20 19:58:54.372921 | eval'd: drake::cmq_buildtargetmetadepsspecht_is_subtargetconfig
2020-01-20 19:58:55.216133 | > DO_CALL (0.014s wait)
.2020-01-20 19:58:55.554321 | eval'd: drake::cmq_buildtargetmetadepsspecht_is_subtargetconfig
2020-01-20 19:58:55.957341 | > DO_CALL (0.002s wait)
.2020-01-20 19:58:56.242645 | eval'd: drake::cmq_buildtargetmetadepsspecht_is_subtargetconfig
2020-01-20 19:58:56.467485 | > DO_CALL (0.012s wait)
.2020-01-20 19:58:56.803375 | eval'd: drake::cmq_buildtargetmetadepsspecht_is_subtargetconfig
2020-01-20 19:58:57.256164 | > DO_CALL (0.015s wait)
.2020-01-20 19:58:58.296334 | eval'd: drake::cmq_buildtargetmetadepsspecht_is_subtargetconfig
2020-01-20 19:58:58.790856 | > DO_CALL (0.008s wait)
.2020-01-20 19:58:59.107679 | eval'd: drake::cmq_buildtargetmetadepsspecht_is_subtargetconfig
2020-01-20 19:59:00.161050 | > DO_CALL (0.007s wait)
.2020-01-20 19:59:00.473588 | eval'd: drake::cmq_buildtargetmetadepsspecht_is_subtargetconfig
2020-01-20 19:59:00.880881 | > DO_CALL (0.000s wait)
.2020-01-20 19:59:00.888904 | eval'd: drake::cmq_buildtargetmetadepsspecht_is_subtargetconfig
2020-01-20 19:59:01.412428 | > DO_CALL (0.011s wait)
.2020-01-20 19:59:01.745496 | eval'd: drake::cmq_buildtargetmetadepsspecht_is_subtargetconfig
2020-01-20 19:59:01.889743 | > DO_CALL (0.007s wait)
.2020-01-20 19:59:02.905623 | eval'd: drake::cmq_buildtargetmetadepsspecht_is_subtargetconfig
2020-01-20 19:59:03.035697 | > DO_CALL (0.005s wait)
.2020-01-20 19:59:03.344999 | eval'd: drake::cmq_buildtargetmetadepsspecht_is_subtargetconfig
2020-01-20 19:59:04.310396 | > DO_CALL (0.005s wait)
.2020-01-20 19:59:04.618945 | eval'd: drake::cmq_buildtargetmetadepsspecht_is_subtargetconfig
2020-01-20 19:59:05.143109 | > DO_CALL (0.011s wait)
.2020-01-20 19:59:05.480724 | eval'd: drake::cmq_buildtargetmetadepsspecht_is_subtargetconfig
2020-01-20 19:59:05.720822 | > DO_CALL (0.020s wait)
.2020-01-20 19:59:06.084579 | eval'd: drake::cmq_buildtargetmetadepsspecht_is_subtargetconfig
2020-01-20 19:59:06.166750 | > DO_CALL (0.000s wait)
.2020-01-20 19:59:06.895814 | eval'd: drake::cmq_buildtargetmetadepsspecht_is_subtargetconfig
2020-01-20 19:59:07.006122 | > DO_CALL (0.003s wait)
.2020-01-20 19:59:07.066249 | eval'd: drake::cmq_buildtargetmetadepsspecht_is_subtargetconfig
2020-01-20 19:59:07.700975 | > DO_CALL (0.006s wait)
.2020-01-20 19:59:07.989535 | eval'd: drake::cmq_buildtargetmetadepsspecht_is_subtargetconfig
2020-01-20 19:59:08.927871 | > DO_CALL (0.007s wait)
.2020-01-20 19:59:09.243358 | eval'd: drake::cmq_buildtargetmetadepsspecht_is_subtargetconfig
2020-01-20 19:59:09.721932 | > DO_CALL (0.010s wait)
.2020-01-20 19:59:10.053303 | eval'd: drake::cmq_buildtargetmetadepsspecht_is_subtargetconfig
2020-01-20 19:59:10.553688 | > DO_CALL (0.016s wait)
.2020-01-20 19:59:10.897780 | eval'd: drake::cmq_buildtargetmetadepsspecht_is_subtargetconfig
2020-01-20 19:59:11.243321 | > DO_CALL (0.013s wait)
.2020-01-20 19:59:12.174591 | eval'd: drake::cmq_buildtargetmetadepsspecht_is_subtargetconfig
2020-01-20 19:59:12.288575 | > DO_CALL (0.001s wait)
.2020-01-20 19:59:12.294114 | eval'd: drake::cmq_buildtargetmetadepsspecht_is_subtargetconfig
2020-01-20 19:59:13.493937 | > DO_CALL (0.000s wait)
.2020-01-20 19:59:16.045775 | eval'd: drake::cmq_buildtargetmetadepsspecht_is_subtargetconfig
2020-01-20 19:59:16.170247 | > DO_CALL (0.001s wait)
.2020-01-20 19:59:16.176528 | eval'd: drake::cmq_buildtargetmetadepsspecht_is_subtargetconfig
2020-01-20 19:59:16.518473 | > DO_CALL (0.001s wait)
.2020-01-20 19:59:16.524030 | eval'd: drake::cmq_buildtargetmetadepsspecht_is_subtargetconfig
2020-01-20 19:59:17.006966 | > DO_CALL (0.000s wait)
.2020-01-20 19:59:17.012238 | eval'd: drake::cmq_buildtargetmetadepsspecht_is_subtargetconfig
2020-01-20 19:59:18.219036 | > DO_CALL (0.001s wait)
.2020-01-20 19:59:18.224357 | eval'd: drake::cmq_buildtargetmetadepsspecht_is_subtargetconfig
2020-01-20 19:59:18.810109 | > DO_CALL (0.001s wait)
.2020-01-20 19:59:18.815325 | eval'd: drake::cmq_buildtargetmetadepsspecht_is_subtargetconfig
2020-01-20 19:59:19.406761 | > DO_CALL (0.001s wait)
.2020-01-20 19:59:19.412099 | eval'd: drake::cmq_buildtargetmetadepsspecht_is_subtargetconfig
2020-01-20 19:59:19.991910 | > DO_CALL (0.000s wait)
.2020-01-20 19:59:19.997272 | eval'd: drake::cmq_buildtargetmetadepsspecht_is_subtargetconfig
2020-01-20 19:59:20.584557 | > DO_CALL (0.001s wait)
.2020-01-20 19:59:20.589902 | eval'd: drake::cmq_buildtargetmetadepsspecht_is_subtargetconfig
2020-01-20 19:59:21.804961 | > DO_CALL (0.000s wait)
.2020-01-20 19:59:21.808717 | eval'd: drake::cmq_buildtargetmetadepsspecht_is_subtargetconfig
2020-01-20 19:59:22.431987 | > DO_CALL (0.000s wait)
.2020-01-20 19:59:22.437369 | eval'd: drake::cmq_buildtargetmetadepsspecht_is_subtargetconfig
2020-01-20 19:59:23.022649 | > DO_CALL (0.001s wait)
.2020-01-20 19:59:23.027927 | eval'd: drake::cmq_buildtargetmetadepsspecht_is_subtargetconfig
2020-01-20 19:59:23.607043 | > DO_CALL (0.001s wait)
.2020-01-20 19:59:23.612290 | eval'd: drake::cmq_buildtargetmetadepsspecht_is_subtargetconfig
2020-01-20 19:59:24.199685 | > DO_CALL (0.001s wait)
.2020-01-20 19:59:24.204887 | eval'd: drake::cmq_buildtargetmetadepsspecht_is_subtargetconfig
2020-01-20 19:59:25.417142 | > DO_CALL (0.001s wait)
.2020-01-20 19:59:25.422437 | eval'd: drake::cmq_buildtargetmetadepsspecht_is_subtargetconfig
2020-01-20 19:59:26.010388 | > DO_CALL (0.001s wait)
.2020-01-20 19:59:26.015625 | eval'd: drake::cmq_buildtargetmetadepsspecht_is_subtargetconfig
2020-01-20 19:59:26.602219 | > DO_CALL (0.001s wait)
.2020-01-20 19:59:26.607584 | eval'd: drake::cmq_buildtargetmetadepsspecht_is_subtargetconfig
2020-01-20 19:59:27.181683 | > DO_CALL (0.001s wait)
.2020-01-20 19:59:27.187021 | eval'd: drake::cmq_buildtargetmetadepsspecht_is_subtargetconfig
2020-01-20 19:59:27.769149 | > DO_CALL (0.001s wait)
.2020-01-20 19:59:27.774829 | eval'd: drake::cmq_buildtargetmetadepsspecht_is_subtargetconfig
2020-01-20 19:59:29.010504 | > DO_CALL (0.001s wait)
.2020-01-20 19:59:29.016478 | eval'd: drake::cmq_buildtargetmetadepsspecht_is_subtargetconfig
2020-01-20 19:59:29.611276 | > DO_CALL (0.001s wait)
.2020-01-20 19:59:29.617317 | eval'd: drake::cmq_buildtargetmetadepsspecht_is_subtargetconfig
2020-01-20 19:59:30.204375 | > DO_CALL (0.001s wait)
.2020-01-20 19:59:30.210571 | eval'd: drake::cmq_buildtargetmetadepsspecht_is_subtargetconfig
2020-01-20 19:59:30.792898 | > DO_CALL (0.001s wait)
.2020-01-20 19:59:30.799031 | eval'd: drake::cmq_buildtargetmetadepsspecht_is_subtargetconfig
2020-01-20 19:59:31.393564 | > DO_CALL (0.001s wait)
.2020-01-20 19:59:31.399626 | eval'd: drake::cmq_buildtargetmetadepsspecht_is_subtargetconfig
2020-01-20 19:59:32.620378 | > DO_CALL (0.001s wait)
.2020-01-20 19:59:32.626529 | eval'd: drake::cmq_buildtargetmetadepsspecht_is_subtargetconfig
2020-01-20 19:59:33.221206 | > DO_CALL (0.001s wait)
.2020-01-20 19:59:33.227225 | eval'd: drake::cmq_buildtargetmetadepsspecht_is_subtargetconfig
2020-01-20 19:59:33.817385 | > DO_CALL (0.001s wait)
.
2020-01-20 19:59:33.823489 | eval'd: drake::cmq_buildtargetmetadepsspecht_is_subtargetconfig
2020-01-20 19:59:34.424774 | > DO_CALL (0.001s wait)
.2020-01-20 19:59:34.430709 | eval'd: drake::cmq_buildtargetmetadepsspecht_is_subtargetconfig
2020-01-20 19:59:35.034726 | > DO_CALL (0.001s wait)
.2020-01-20 19:59:35.040608 | eval'd: drake::cmq_buildtargetmetadepsspecht_is_subtargetconfig
2020-01-20 19:59:36.261046 | > DO_CALL (0.001s wait)
.2020-01-20 19:59:36.267093 | eval'd: drake::cmq_buildtargetmetadepsspecht_is_subtargetconfig
2020-01-20 19:59:36.849486 | > DO_CALL (0.001s wait)
.2020-01-20 19:59:36.855494 | eval'd: drake::cmq_buildtargetmetadepsspecht_is_subtargetconfig
2020-01-20 19:59:37.470340 | > DO_CALL (0.000s wait)
.2020-01-20 19:59:37.474711 | eval'd: drake::cmq_buildtargetmetadepsspecht_is_subtargetconfig
2020-01-20 19:59:38.075280 | > DO_CALL (0.001s wait)
.2020-01-20 19:59:38.080311 | eval'd: drake::cmq_buildtargetmetadepsspecht_is_subtargetconfig
2020-01-20 19:59:38.671767 | > DO_CALL (0.001s wait)
.2020-01-20 19:59:38.677894 | eval'd: drake::cmq_buildtargetmetadepsspecht_is_subtargetconfig
2020-01-20 19:59:39.909200 | > DO_CALL (0.001s wait)
.2020-01-20 19:59:39.915292 | eval'd: drake::cmq_buildtargetmetadepsspecht_is_subtargetconfig
2020-01-20 19:59:40.503639 | > DO_CALL (0.001s wait)
.2020-01-20 19:59:40.509577 | eval'd: drake::cmq_buildtargetmetadepsspecht_is_subtargetconfig
2020-01-20 19:59:41.109098 | > DO_CALL (0.001s wait)
.2020-01-20 19:59:41.115093 | eval'd: drake::cmq_buildtargetmetadepsspecht_is_subtargetconfig
2020-01-20 19:59:41.692203 | > DO_CALL (0.000s wait)
.2020-01-20 19:59:41.696443 | eval'd: drake::cmq_buildtargetmetadepsspecht_is_subtargetconfig
2020-01-20 19:59:42.274772 | > DO_CALL (0.000s wait)
.2020-01-20 19:59:42.279532 | eval'd: drake::cmq_buildtargetmetadepsspecht_is_subtargetconfig
2020-01-20 19:59:43.495708 | > DO_CALL (0.001s wait)
.2020-01-20 19:59:43.501807 | eval'd: drake::cmq_buildtargetmetadepsspecht_is_subtargetconfig
2020-01-20 19:59:44.113165 | > DO_CALL (0.001s wait)
.2020-01-20 19:59:44.119166 | eval'd: drake::cmq_buildtargetmetadepsspecht_is_subtargetconfig
2020-01-20 19:59:44.704278 | > DO_CALL (0.001s wait)
.2020-01-20 19:59:44.710004 | eval'd: drake::cmq_buildtargetmetadepsspecht_is_subtargetconfig
2020-01-20 19:59:45.288536 | > DO_CALL (0.001s wait)
.2020-01-20 19:59:45.294522 | eval'd: drake::cmq_buildtargetmetadepsspecht_is_subtargetconfig
2020-01-20 19:59:45.878677 | > DO_CALL (0.001s wait)
.2020-01-20 19:59:45.884662 | eval'd: drake::cmq_buildtargetmetadepsspecht_is_subtargetconfig
2020-01-20 19:59:47.271256 | > DO_CALL (0.000s wait)
.2020-01-20 19:59:47.275574 | eval'd: drake::cmq_buildtargetmetadepsspecht_is_subtargetconfig
2020-01-20 19:59:47.864943 | > DO_CALL (0.000s wait)
.2020-01-20 19:59:47.871027 | eval'd: drake::cmq_buildtargetmetadepsspecht_is_subtargetconfig
2020-01-20 19:59:48.455036 | > DO_CALL (0.001s wait)
.2020-01-20 19:59:48.460938 | eval'd: drake::cmq_buildtargetmetadepsspecht_is_subtargetconfig
2020-01-20 19:59:49.054330 | > DO_CALL (0.001s wait)
.2020-01-20 19:59:49.060398 | eval'd: drake::cmq_buildtargetmetadepsspecht_is_subtargetconfig
2020-01-20 19:59:49.658295 | > DO_CALL (0.001s wait)
.2020-01-20 19:59:49.664276 | eval'd: drake::cmq_buildtargetmetadepsspecht_is_subtargetconfig
2020-01-20 19:59:50.940640 | > DO_CALL (0.001s wait)
.2020-01-20 19:59:50.946586 | eval'd: drake::cmq_buildtargetmetadepsspecht_is_subtargetconfig
2020-01-20 19:59:51.542557 | > DO_CALL (0.001s wait)
.2020-01-20 19:59:51.548534 | eval'd: drake::cmq_buildtargetmetadepsspecht_is_subtargetconfig
2020-01-20 19:59:52.132473 | > DO_CALL (0.001s wait)
.2020-01-20 19:59:52.138671 | eval'd: drake::cmq_buildtargetmetadepsspecht_is_subtargetconfig
2020-01-20 19:59:52.732867 | > DO_CALL (0.001s wait)
.2020-01-20 19:59:52.739024 | eval'd: drake::cmq_buildtargetmetadepsspecht_is_subtargetconfig
2020-01-20 19:59:53.319749 | > DO_CALL (0.000s wait)
.2020-01-20 19:59:53.324433 | eval'd: drake::cmq_buildtargetmetadepsspecht_is_subtargetconfig
2020-01-20 19:59:54.632518 | > DO_CALL (0.000s wait)
.2020-01-20 19:59:54.636767 | eval'd: drake::cmq_buildtargetmetadepsspecht_is_subtargetconfig
2020-01-20 19:59:55.232350 | > DO_CALL (0.000s wait)
.2020-01-20 19:59:55.236907 | eval'd: drake::cmq_buildtargetmetadepsspecht_is_subtargetconfig
2020-01-20 19:59:55.823590 | > DO_CALL (0.001s wait)
.2020-01-20 19:59:55.829466 | eval'd: drake::cmq_buildtargetmetadepsspecht_is_subtargetconfig
2020-01-20 19:59:56.411727 | > DO_CALL (0.001s wait)
.2020-01-20 19:59:56.417751 | eval'd: drake::cmq_buildtargetmetadepsspecht_is_subtargetconfig
2020-01-20 19:59:57.002641 | > DO_CALL (0.001s wait)
.2020-01-20 19:59:57.008732 | eval'd: drake::cmq_buildtargetmetadepsspecht_is_subtargetconfig
2020-01-20 19:59:58.356500 | > DO_CALL (0.001s wait)
.2020-01-20 19:59:58.362592 | eval'd: drake::cmq_buildtargetmetadepsspecht_is_subtargetconfig
2020-01-20 19:59:58.968090 | > DO_CALL (0.001s wait)
.2020-01-20 19:59:58.974009 | eval'd: drake::cmq_buildtargetmetadepsspecht_is_subtargetconfig
2020-01-20 19:59:59.554141 | > DO_CALL (0.001s wait)
.2020-01-20 19:59:59.560079 | eval'd: drake::cmq_buildtargetmetadepsspecht_is_subtargetconfig
2020-01-20 20:00:00.136721 | > DO_CALL (0.000s wait)
.2020-01-20 20:00:00.142460 | eval'd: drake::cmq_buildtargetmetadepsspecht_is_subtargetconfig
2020-01-20 20:00:00.713521 | > DO_CALL (0.001s wait)
.2020-01-20 20:00:00.719057 | eval'd: drake::cmq_buildtargetmetadepsspecht_is_subtargetconfig
2020-01-20 20:00:01.963337 | > DO_CALL (0.001s wait)
.2020-01-20 20:00:01.969148 | eval'd: drake::cmq_buildtargetmetadepsspecht_is_subtargetconfig
2020-01-20 20:00:02.560259 | > DO_CALL (0.001s wait)
.2020-01-20 20:00:02.566171 | eval'd: drake::cmq_buildtargetmetadepsspecht_is_subtargetconfig
2020-01-20 20:00:03.150594 | > DO_CALL (0.001s wait)
.2020-01-20 20:00:03.156641 | eval'd: drake::cmq_buildtargetmetadepsspecht_is_subtargetconfig
2020-01-20 20:00:03.729026 | > DO_CALL (0.001s wait)
.2020-01-20 20:00:03.734935 | eval'd: drake::cmq_buildtargetmetadepsspecht_is_subtargetconfig
2020-01-20 20:00:04.317376 | > DO_CALL (0.001s wait)
.2020-01-20 20:00:04.323436 | eval'd: drake::cmq_buildtargetmetadepsspecht_is_subtargetconfig
2020-01-20 20:00:05.516024 | > DO_CALL (0.001s wait)
.2020-01-20 20:00:05.521958 | eval'd: drake::cmq_buildtargetmetadepsspecht_is_subtargetconfig
2020-01-20 20:00:06.114036 | > DO_CALL (0.001s wait)
.2020-01-20 20:00:06.120055 | eval'd: drake::cmq_buildtargetmetadepsspecht_is_subtargetconfig
2020-01-20 20:00:06.703866 | > DO_CALL (0.000s wait)
.2020-01-20 20:00:06.709713 | eval'd: drake::cmq_buildtargetmetadepsspecht_is_subtargetconfig
2020-01-20 20:00:07.296280 | > DO_CALL (0.001s wait)
.2020-01-20 20:00:07.302158 | eval'd: drake::cmq_buildtargetmetadepsspecht_is_subtargetconfig
2020-01-20 20:00:07.887980 | > DO_CALL (0.000s wait)
.2020-01-20 20:00:07.893927 | eval'd: drake::cmq_buildtargetmetadepsspecht_is_subtargetconfig
2020-01-20 20:00:09.104553 | > DO_CALL (0.001s wait)
.2020-01-20 20:00:09.110582 | eval'd: drake::cmq_buildtargetmetadepsspecht_is_subtargetconfig
2020-01-20 20:00:09.707785 | > DO_CALL (0.001s wait)
.2020-01-20 20:00:09.713761 | eval'd: drake::cmq_buildtargetmetadepsspecht_is_subtargetconfig
2020-01-20 20:00:10.299482 | > DO_CALL (0.001s wait)
.2020-01-20 20:00:10.305497 | eval'd: drake::cmq_buildtargetmetadepsspecht_is_subtargetconfig
2020-01-20 20:00:10.881249 | > DO_CALL (0.001s wait)
.2020-01-20 20:00:10.887255 | eval'd: drake::cmq_buildtargetmetadepsspecht_is_subtargetconfig
2020-01-20 20:00:11.471445 | > DO_CALL (0.001s wait)
.2020-01-20 20:00:11.477377 | eval'd: drake::cmq_buildtargetmetadepsspecht_is_subtargetconfig
2020-01-20 20:00:12.672119 | > DO_CALL (0.001s wait)
.2020-01-20 20:00:12.678114 | eval'd: drake::cmq_buildtargetmetadepsspecht_is_subtargetconfig
2020-01-20 20:00:13.281036 | > DO_CALL (0.001s wait)
.2020-01-20 20:00:13.287064 | eval'd: drake::cmq_buildtargetmetadepsspecht_is_subtargetconfig
2020-01-20 20:00:13.871227 | > DO_CALL (0.000s wait)
.2020-01-20 20:00:13.875458 | eval'd: drake::cmq_buildtargetmetadepsspecht_is_subtargetconfig
2020-01-20 20:00:14.466600 | > DO_CALL (0.001s wait)
.2020-01-20 20:00:14.472565 | eval'd: drake::cmq_buildtargetmetadepsspecht_is_subtargetconfig
2020-01-20 20:00:15.048786 | > DO_CALL (0.001s wait)
.2020-01-20 20:00:15.054747 | eval'd: drake::cmq_buildtargetmetadepsspecht_is_subtargetconfig
2020-01-20 20:00:16.251112 | > DO_CALL (0.001s wait)
.2020-01-20 20:00:16.257065 | eval'd: drake::cmq_buildtargetmetadepsspecht_is_subtargetconfig
2020-01-20 20:00:16.849355 | > DO_CALL (0.001s wait)
.2020-01-20 20:00:16.855272 | eval'd: drake::cmq_buildtargetmetadepsspecht_is_subtargetconfig
2020-01-20 20:00:17.429705 | > DO_CALL (0.001s wait)
.2020-01-20 20:00:17.435621 | eval'd: drake::cmq_buildtargetmetadepsspecht_is_subtargetconfig
2020-01-20 20:00:18.015185 | > DO_CALL (0.001s wait)
.2020-01-20 20:00:18.019765 | eval'd: drake::cmq_buildtargetmetadepsspecht_is_subtargetconfig
2020-01-20 20:00:18.591257 | > DO_CALL (0.001s wait)
.2020-01-20 20:00:18.597250 | eval'd: drake::cmq_buildtargetmetadepsspecht_is_subtargetconfig
2020-01-20 20:00:19.784680 | > DO_CALL (0.001s wait)
.2020-01-20 20:00:19.790600 | eval'd: drake::cmq_buildtargetmetadepsspecht_is_subtargetconfig
2020-01-20 20:00:20.383793 | > DO_CALL (0.001s wait)
.2020-01-20 20:00:20.389781 | eval'd: drake::cmq_buildtargetmetadepsspecht_is_subtargetconfig
2020-01-20 20:00:20.965009 | > DO_CALL (0.001s wait)
.2020-01-20 20:00:20.970911 | eval'd: drake::cmq_buildtargetmetadepsspecht_is_subtargetconfig
2020-01-20 20:00:21.549924 | > DO_CALL (0.000s wait)
.2020-01-20 20:00:21.555801 | eval'd: drake::cmq_buildtargetmetadepsspecht_is_subtargetconfig
2020-01-20 20:00:22.121765 | > DO_CALL (0.001s wait)
.2020-01-20 20:00:22.127794 | eval'd: drake::cmq_buildtargetmetadepsspecht_is_subtargetconfig
2020-01-20 20:00:23.334816 | > DO_CALL (0.000s wait)
.2020-01-20 20:00:23.340651 | eval'd: drake::cmq_buildtargetmetadepsspecht_is_subtargetconfig
2020-01-20 20:00:23.930448 | > DO_CALL (0.001s wait)
.2020-01-20 20:00:23.936412 | eval'd: drake::cmq_buildtargetmetadepsspecht_is_subtargetconfig
2020-01-20 20:00:24.514770 | > DO_CALL (0.001s wait)
.2020-01-20 20:00:24.520756 | eval'd: drake::cmq_buildtargetmetadepsspecht_is_subtargetconfig
2020-01-20 20:00:25.099204 | > DO_CALL (0.001s wait)
.2020-01-20 20:00:25.105311 | eval'd: drake::cmq_buildtargetmetadepsspecht_is_subtargetconfig
2020-01-20 20:00:25.687160 | > DO_CALL (0.001s wait)
.2020-01-20 20:00:25.693192 | eval'd: drake::cmq_buildtargetmetadepsspecht_is_subtargetconfig
2020-01-20 20:00:26.911316 | > DO_CALL (0.001s wait)
.2020-01-20 20:00:26.917685 | eval'd: drake::cmq_buildtargetmetadepsspecht_is_subtargetconfig
2020-01-20 20:00:27.495183 | > DO_CALL (0.001s wait)
.2020-01-20 20:00:27.501327 | eval'd: drake::cmq_buildtargetmetadepsspecht_is_subtargetconfig
2020-01-20 20:00:28.082747 | > DO_CALL (0.001s wait)
.2020-01-20 20:00:28.088881 | eval'd: drake::cmq_buildtargetmetadepsspecht_is_subtargetconfig
2020-01-20 20:00:28.667661 | > DO_CALL (0.001s wait)
.2020-01-20 20:00:28.673599 | eval'd: drake::cmq_buildtargetmetadepsspecht_is_subtargetconfig
2020-01-20 20:00:29.268189 | > DO_CALL (0.001s wait)
.2020-01-20 20:00:29.274293 | eval'd: drake::cmq_buildtargetmetadepsspecht_is_subtargetconfig
2020-01-20 20:00:30.487136 | > DO_CALL (0.001s wait)
.2020-01-20 20:00:30.493141 | eval'd: drake::cmq_buildtargetmetadepsspecht_is_subtargetconfig
2020-01-20 20:00:31.085009 | > DO_CALL (0.001s wait)
.
2020-01-20 20:00:31.090905 | eval'd: drake::cmq_buildtargetmetadepsspecht_is_subtargetconfig
2020-01-20 20:00:31.677070 | > DO_CALL (0.001s wait)
.2020-01-20 20:00:31.683202 | eval'd: drake::cmq_buildtargetmetadepsspecht_is_subtargetconfig
2020-01-20 20:00:32.266163 | > DO_CALL (0.001s wait)
.2020-01-20 20:00:32.272148 | eval'd: drake::cmq_buildtargetmetadepsspecht_is_subtargetconfig
2020-01-20 20:00:32.847996 | > DO_CALL (0.000s wait)
.2020-01-20 20:00:32.852173 | eval'd: drake::cmq_buildtargetmetadepsspecht_is_subtargetconfig
2020-01-20 20:00:34.059435 | > DO_CALL (0.001s wait)
.2020-01-20 20:00:34.065354 | eval'd: drake::cmq_buildtargetmetadepsspecht_is_subtargetconfig
2020-01-20 20:00:34.655730 | > DO_CALL (0.001s wait)
.2020-01-20 20:00:34.661807 | eval'd: drake::cmq_buildtargetmetadepsspecht_is_subtargetconfig
2020-01-20 20:00:35.240112 | > DO_CALL (0.001s wait)
.2020-01-20 20:00:35.246187 | eval'd: drake::cmq_buildtargetmetadepsspecht_is_subtargetconfig
2020-01-20 20:00:35.820768 | > DO_CALL (0.001s wait)
.2020-01-20 20:00:35.826672 | eval'd: drake::cmq_buildtargetmetadepsspecht_is_subtargetconfig
2020-01-20 20:00:36.411616 | > DO_CALL (0.001s wait)
.2020-01-20 20:00:36.417664 | eval'd: drake::cmq_buildtargetmetadepsspecht_is_subtargetconfig
2020-01-20 20:00:37.649945 | > DO_CALL (0.000s wait)
.2020-01-20 20:00:37.655820 | eval'd: drake::cmq_buildtargetmetadepsspecht_is_subtargetconfig
2020-01-20 20:00:38.234672 | > DO_CALL (0.001s wait)
.2020-01-20 20:00:38.240767 | eval'd: drake::cmq_buildtargetmetadepsspecht_is_subtargetconfig
2020-01-20 20:00:38.829277 | > DO_CALL (0.001s wait)
.2020-01-20 20:00:38.835478 | eval'd: drake::cmq_buildtargetmetadepsspecht_is_subtargetconfig
2020-01-20 20:00:39.423192 | > DO_CALL (0.001s wait)
.2020-01-20 20:00:39.429171 | eval'd: drake::cmq_buildtargetmetadepsspecht_is_subtargetconfig
2020-01-20 20:00:40.010396 | > DO_CALL (0.001s wait)
.2020-01-20 20:00:40.016352 | eval'd: drake::cmq_buildtargetmetadepsspecht_is_subtargetconfig
2020-01-20 20:00:41.221024 | > DO_CALL (0.001s wait)
.2020-01-20 20:00:41.226985 | eval'd: drake::cmq_buildtargetmetadepsspecht_is_subtargetconfig
2020-01-20 20:00:41.806569 | > DO_CALL (0.001s wait)
.2020-01-20 20:00:41.812574 | eval'd: drake::cmq_buildtargetmetadepsspecht_is_subtargetconfig
2020-01-20 20:00:42.392947 | > DO_CALL (0.000s wait)
.2020-01-20 20:00:42.398960 | eval'd: drake::cmq_buildtargetmetadepsspecht_is_subtargetconfig
2020-01-20 20:00:42.978677 | > DO_CALL (0.001s wait)
.2020-01-20 20:00:42.984704 | eval'd: drake::cmq_buildtargetmetadepsspecht_is_subtargetconfig
2020-01-20 20:00:43.556258 | > DO_CALL (0.001s wait)
.2020-01-20 20:00:43.562312 | eval'd: drake::cmq_buildtargetmetadepsspecht_is_subtargetconfig
2020-01-20 20:00:44.768262 | > DO_CALL (0.001s wait)
.2020-01-20 20:00:44.774265 | eval'd: drake::cmq_buildtargetmetadepsspecht_is_subtargetconfig
2020-01-20 20:00:45.356055 | > DO_CALL (0.001s wait)
.2020-01-20 20:00:45.362079 | eval'd: drake::cmq_buildtargetmetadepsspecht_is_subtargetconfig
2020-01-20 20:00:45.940552 | > DO_CALL (0.001s wait)
.2020-01-20 20:00:45.946727 | eval'd: drake::cmq_buildtargetmetadepsspecht_is_subtargetconfig
2020-01-20 20:00:46.530145 | > DO_CALL (0.001s wait)
.2020-01-20 20:00:46.536153 | eval'd: drake::cmq_buildtargetmetadepsspecht_is_subtargetconfig
2020-01-20 20:00:47.108976 | > DO_CALL (0.000s wait)
.2020-01-20 20:00:47.113618 | eval'd: drake::cmq_buildtargetmetadepsspecht_is_subtargetconfig
2020-01-20 20:00:48.364241 | > DO_CALL (0.000s wait)
.2020-01-20 20:00:48.368990 | eval'd: drake::cmq_buildtargetmetadepsspecht_is_subtargetconfig
2020-01-20 20:00:48.947402 | > DO_CALL (0.001s wait)
.2020-01-20 20:00:48.953359 | eval'd: drake::cmq_buildtargetmetadepsspecht_is_subtargetconfig
2020-01-20 20:00:49.548869 | > DO_CALL (0.001s wait)
.2020-01-20 20:00:49.554916 | eval'd: drake::cmq_buildtargetmetadepsspecht_is_subtargetconfig
2020-01-20 20:00:50.141253 | > DO_CALL (0.001s wait)
.2020-01-20 20:00:50.147385 | eval'd: drake::cmq_buildtargetmetadepsspecht_is_subtargetconfig
2020-01-20 20:00:50.760216 | > DO_CALL (0.001s wait)
.2020-01-20 20:00:50.766376 | eval'd: drake::cmq_buildtargetmetadepsspecht_is_subtargetconfig
2020-01-20 20:00:51.962661 | > DO_CALL (0.001s wait)
.2020-01-20 20:00:51.968639 | eval'd: drake::cmq_buildtargetmetadepsspecht_is_subtargetconfig
2020-01-20 20:00:52.547946 | > DO_CALL (0.000s wait)
.2020-01-20 20:00:52.553569 | eval'd: drake::cmq_buildtargetmetadepsspecht_is_subtargetconfig
2020-01-20 20:00:53.148812 | > DO_CALL (0.000s wait)
.2020-01-20 20:00:53.154550 | eval'd: drake::cmq_buildtargetmetadepsspecht_is_subtargetconfig
2020-01-20 20:00:53.749245 | > DO_CALL (0.001s wait)
.2020-01-20 20:00:53.755033 | eval'd: drake::cmq_buildtargetmetadepsspecht_is_subtargetconfig
2020-01-20 20:00:54.337301 | > DO_CALL (0.001s wait)
.2020-01-20 20:00:54.343383 | eval'd: drake::cmq_buildtargetmetadepsspecht_is_subtargetconfig
2020-01-20 20:00:55.586039 | > DO_CALL (0.001s wait)
.2020-01-20 20:00:55.592051 | eval'd: drake::cmq_buildtargetmetadepsspecht_is_subtargetconfig
2020-01-20 20:00:56.176650 | > DO_CALL (0.000s wait)
.2020-01-20 20:00:56.180666 | eval'd: drake::cmq_buildtargetmetadepsspecht_is_subtargetconfig
2020-01-20 20:00:56.764536 | > DO_CALL (0.001s wait)
.2020-01-20 20:00:56.770561 | eval'd: drake::cmq_buildtargetmetadepsspecht_is_subtargetconfig
2020-01-20 20:00:57.354220 | > DO_CALL (0.001s wait)
.2020-01-20 20:00:57.360078 | eval'd: drake::cmq_buildtargetmetadepsspecht_is_subtargetconfig
2020-01-20 20:00:58.084198 | > DO_CALL (0.001s wait)
.2020-01-20 20:00:58.090162 | eval'd: drake::cmq_buildtargetmetadepsspecht_is_subtargetconfig
2020-01-20 20:00:59.347341 | > DO_CALL (0.001s wait)
.2020-01-20 20:00:59.353319 | eval'd: drake::cmq_buildtargetmetadepsspecht_is_subtargetconfig
2020-01-20 20:00:59.940247 | > DO_CALL (0.001s wait)
.2020-01-20 20:00:59.946214 | eval'd: drake::cmq_buildtargetmetadepsspecht_is_subtargetconfig
2020-01-20 20:01:00.526047 | > DO_CALL (0.001s wait)
.2020-01-20 20:01:00.532094 | eval'd: drake::cmq_buildtargetmetadepsspecht_is_subtargetconfig
2020-01-20 20:01:01.095463 | > DO_CALL (0.001s wait)
.2020-01-20 20:01:01.101414 | eval'd: drake::cmq_buildtargetmetadepsspecht_is_subtargetconfig
2020-01-20 20:01:01.690384 | > DO_CALL (0.001s wait)
.2020-01-20 20:01:01.696359 | eval'd: drake::cmq_buildtargetmetadepsspecht_is_subtargetconfig
2020-01-20 20:01:02.984423 | > DO_CALL (0.001s wait)
.2020-01-20 20:01:02.990950 | eval'd: drake::cmq_buildtargetmetadepsspecht_is_subtargetconfig
2020-01-20 20:01:03.625281 | > DO_CALL (0.001s wait)
.2020-01-20 20:01:03.631294 | eval'd: drake::cmq_buildtargetmetadepsspecht_is_subtargetconfig
2020-01-20 20:01:04.244467 | > DO_CALL (0.001s wait)
.2020-01-20 20:01:04.250456 | eval'd: drake::cmq_buildtargetmetadepsspecht_is_subtargetconfig
2020-01-20 20:01:04.860176 | > DO_CALL (0.001s wait)
.2020-01-20 20:01:04.866084 | eval'd: drake::cmq_buildtargetmetadepsspecht_is_subtargetconfig
2020-01-20 20:01:06.136532 | > DO_CALL (0.001s wait)
.2020-01-20 20:01:06.142529 | eval'd: drake::cmq_buildtargetmetadepsspecht_is_subtargetconfig
2020-01-20 20:01:06.771635 | > DO_CALL (0.001s wait)
.2020-01-20 20:01:06.777536 | eval'd: drake::cmq_buildtargetmetadepsspecht_is_subtargetconfig
2020-01-20 20:01:07.406966 | > DO_CALL (0.000s wait)
.2020-01-20 20:01:07.412767 | eval'd: drake::cmq_buildtargetmetadepsspecht_is_subtargetconfig
2020-01-20 20:01:08.037845 | > DO_CALL (0.001s wait)
.2020-01-20 20:01:08.043790 | eval'd: drake::cmq_buildtargetmetadepsspecht_is_subtargetconfig
2020-01-20 20:01:08.677009 | > DO_CALL (0.001s wait)
.2020-01-20 20:01:08.681917 | eval'd: drake::cmq_buildtargetmetadepsspecht_is_subtargetconfig
2020-01-20 20:01:10.010513 | > DO_CALL (0.001s wait)
.2020-01-20 20:01:10.016470 | eval'd: drake::cmq_buildtargetmetadepsspecht_is_subtargetconfig
2020-01-20 20:01:10.647624 | > DO_CALL (0.001s wait)
.2020-01-20 20:01:10.653723 | eval'd: drake::cmq_buildtargetmetadepsspecht_is_subtargetconfig
2020-01-20 20:01:11.273400 | > DO_CALL (0.001s wait)
.2020-01-20 20:01:11.279472 | eval'd: drake::cmq_buildtargetmetadepsspecht_is_subtargetconfig
2020-01-20 20:01:11.893344 | > DO_CALL (0.001s wait)
.2020-01-20 20:01:11.898446 | eval'd: drake::cmq_buildtargetmetadepsspecht_is_subtargetconfig
2020-01-20 20:01:13.214309 | > DO_CALL (0.001s wait)
.2020-01-20 20:01:13.220277 | eval'd: drake::cmq_buildtargetmetadepsspecht_is_subtargetconfig
2020-01-20 20:01:13.850802 | > DO_CALL (0.000s wait)
.2020-01-20 20:01:13.855030 | eval'd: drake::cmq_buildtargetmetadepsspecht_is_subtargetconfig
2020-01-20 20:01:14.480459 | > DO_CALL (0.001s wait)
.2020-01-20 20:01:14.485931 | eval'd: drake::cmq_buildtargetmetadepsspecht_is_subtargetconfig
2020-01-20 20:01:15.109891 | > DO_CALL (0.000s wait)
.2020-01-20 20:01:15.115711 | eval'd: drake::cmq_buildtargetmetadepsspecht_is_subtargetconfig
2020-01-20 20:01:15.727650 | > DO_CALL (0.001s wait)
.2020-01-20 20:01:15.733549 | eval'd: drake::cmq_buildtargetmetadepsspecht_is_subtargetconfig
2020-01-20 20:01:17.107807 | > DO_CALL (0.001s wait)
.2020-01-20 20:01:17.113734 | eval'd: drake::cmq_buildtargetmetadepsspecht_is_subtargetconfig
2020-01-20 20:01:17.743606 | > DO_CALL (0.001s wait)
.2020-01-20 20:01:17.749480 | eval'd: drake::cmq_buildtargetmetadepsspecht_is_subtargetconfig
2020-01-20 20:01:18.365159 | > DO_CALL (0.001s wait)
.2020-01-20 20:01:18.371111 | eval'd: drake::cmq_buildtargetmetadepsspecht_is_subtargetconfig
2020-01-20 20:01:18.981788 | > DO_CALL (0.001s wait)
.2020-01-20 20:01:18.987652 | eval'd: drake::cmq_buildtargetmetadepsspecht_is_subtargetconfig
2020-01-20 20:01:19.615003 | > DO_CALL (0.000s wait)
.2020-01-20 20:01:19.621040 | eval'd: drake::cmq_buildtargetmetadepsspecht_is_subtargetconfig
2020-01-20 20:01:20.947826 | > DO_CALL (0.001s wait)
.2020-01-20 20:01:20.953795 | eval'd: drake::cmq_buildtargetmetadepsspecht_is_subtargetconfig
2020-01-20 20:01:21.572889 | > DO_CALL (0.000s wait)
.2020-01-20 20:01:21.578867 | eval'd: drake::cmq_buildtargetmetadepsspecht_is_subtargetconfig
2020-01-20 20:01:22.189818 | > DO_CALL (0.001s wait)
.2020-01-20 20:01:22.195827 | eval'd: drake::cmq_buildtargetmetadepsspecht_is_subtargetconfig
2020-01-20 20:01:22.820818 | > DO_CALL (0.001s wait)
.2020-01-20 20:01:22.826704 | eval'd: drake::cmq_buildtargetmetadepsspecht_is_subtargetconfig
2020-01-20 20:01:24.050101 | > WORKER_WAIT (0.001s wait)
2020-01-20 20:01:24.050544 | waiting 0.75s
2020-01-20 20:01:27.772736 | > WORKER_WAIT (0.000s wait)
2020-01-20 20:01:27.773151 | waiting 0.75s
2020-01-20 20:01:31.956258 | > WORKER_WAIT (0.000s wait)
2020-01-20 20:01:31.956652 | waiting 0.75s
2020-01-20 20:04:05.730319 | > WORKER_STOP (0.000s wait)
2020-01-20 20:04:05.733531 | shutting down worker
2020-01-20 20:04:08.363786 | 
Total: 522 in 6533.40s [user], 245.98s [system], 8839.55s [elapsed]
