2020-01-21 10:07:30.118410 | Master: tcp://c24a-s1:6626
2020-01-21 10:07:30.360157 | WORKER_UP to: tcp://c24a-s1:6626
2020-01-21 10:07:32.925947 | > DO_SETUP (2.534s wait)
2020-01-21 10:07:32.926406 | token from msg: set_common_data_token
2020-01-21 10:07:33.823121 | > DO_CALL (0.001s wait)
.* Option 'clustermq.scheduler' not set, defaulting to ‘SLURM’
--- see: https://mschubert.github.io/clustermq/articles/userguide.html#configuration
2020-01-21 10:07:33.969347 | eval'd: drake::cmq_buildtargetmetadepsspecht_is_subtargetconfig
2020-01-21 10:07:35.054870 | > DO_CALL (0.000s wait)
.2020-01-21 10:07:35.246964 | eval'd: drake::cmq_buildtargetmetadepsspecht_is_subtargetconfig
2020-01-21 10:07:36.626228 | > DO_CALL (0.000s wait)
.2020-01-21 10:07:36.630070 | eval'd: drake::cmq_buildtargetmetadepsspecht_is_subtargetconfig
2020-01-21 10:07:38.295532 | > DO_CALL (0.001s wait)
.2020-01-21 10:07:38.300669 | eval'd: drake::cmq_buildtargetmetadepsspecht_is_subtargetconfig
2020-01-21 10:07:39.771952 | > DO_CALL (0.001s wait)
.2020-01-21 10:07:39.777144 | eval'd: drake::cmq_buildtargetmetadepsspecht_is_subtargetconfig
2020-01-21 10:07:41.243916 | > DO_CALL (0.001s wait)
.2020-01-21 10:07:41.249451 | eval'd: drake::cmq_buildtargetmetadepsspecht_is_subtargetconfig
2020-01-21 10:07:42.594160 | > DO_CALL (0.001s wait)
.2020-01-21 10:07:42.599597 | eval'd: drake::cmq_buildtargetmetadepsspecht_is_subtargetconfig
2020-01-21 10:07:43.875496 | > DO_CALL (0.001s wait)
.2020-01-21 10:07:43.880804 | eval'd: drake::cmq_buildtargetmetadepsspecht_is_subtargetconfig
2020-01-21 10:07:45.124726 | > DO_CALL (0.000s wait)
.
2020-01-21 10:07:45.128576 | eval'd: drake::cmq_buildtargetmetadepsspecht_is_subtargetconfig
2020-01-21 10:07:46.290480 | > DO_CALL (0.001s wait)
.2020-01-21 10:07:46.295783 | eval'd: drake::cmq_buildtargetmetadepsspecht_is_subtargetconfig
2020-01-21 10:07:47.478317 | > DO_CALL (0.001s wait)
.2020-01-21 10:07:47.483749 | eval'd: drake::cmq_buildtargetmetadepsspecht_is_subtargetconfig
2020-01-21 10:07:48.638299 | > DO_CALL (0.000s wait)
.2020-01-21 10:07:48.642503 | eval'd: drake::cmq_buildtargetmetadepsspecht_is_subtargetconfig
2020-01-21 10:07:49.885123 | > DO_CALL (0.001s wait)
.2020-01-21 10:07:49.890626 | eval'd: drake::cmq_buildtargetmetadepsspecht_is_subtargetconfig
2020-01-21 10:07:51.208809 | > DO_CALL (0.000s wait)
.2020-01-21 10:07:51.214350 | eval'd: drake::cmq_buildtargetmetadepsspecht_is_subtargetconfig
2020-01-21 10:07:52.491401 | > DO_CALL (0.000s wait)
.2020-01-21 10:07:52.495233 | eval'd: drake::cmq_buildtargetmetadepsspecht_is_subtargetconfig
2020-01-21 10:07:53.686553 | > DO_CALL (0.000s wait)
.2020-01-21 10:07:53.690417 | eval'd: drake::cmq_buildtargetmetadepsspecht_is_subtargetconfig
2020-01-21 10:07:55.058544 | > DO_CALL (0.001s wait)
.2020-01-21 10:07:55.064119 | eval'd: drake::cmq_buildtargetmetadepsspecht_is_subtargetconfig
2020-01-21 10:07:56.295445 | > DO_CALL (0.001s wait)
.2020-01-21 10:07:56.301501 | eval'd: drake::cmq_buildtargetmetadepsspecht_is_subtargetconfig
2020-01-21 10:07:57.511554 | > DO_CALL (0.001s wait)
.2020-01-21 10:07:57.518077 | eval'd: drake::cmq_buildtargetmetadepsspecht_is_subtargetconfig
2020-01-21 10:07:58.691452 | > DO_CALL (0.001s wait)
.2020-01-21 10:07:58.697966 | eval'd: drake::cmq_buildtargetmetadepsspecht_is_subtargetconfig
2020-01-21 10:07:59.910175 | > DO_CALL (0.001s wait)
.2020-01-21 10:07:59.916705 | eval'd: drake::cmq_buildtargetmetadepsspecht_is_subtargetconfig
2020-01-21 10:08:01.026458 | > DO_CALL (0.001s wait)
.2020-01-21 10:08:01.032988 | eval'd: drake::cmq_buildtargetmetadepsspecht_is_subtargetconfig
2020-01-21 10:08:02.241115 | > DO_CALL (0.001s wait)
.2020-01-21 10:08:02.247645 | eval'd: drake::cmq_buildtargetmetadepsspecht_is_subtargetconfig
2020-01-21 10:08:03.324989 | > DO_CALL (0.001s wait)
.2020-01-21 10:08:03.331503 | eval'd: drake::cmq_buildtargetmetadepsspecht_is_subtargetconfig
2020-01-21 10:08:04.477329 | > DO_CALL (0.001s wait)
.2020-01-21 10:08:04.483896 | eval'd: drake::cmq_buildtargetmetadepsspecht_is_subtargetconfig
2020-01-21 10:08:05.740395 | > DO_CALL (0.000s wait)
.2020-01-21 10:08:05.745306 | eval'd: drake::cmq_buildtargetmetadepsspecht_is_subtargetconfig
2020-01-21 10:08:06.838184 | > DO_CALL (0.001s wait)
.2020-01-21 10:08:06.844740 | eval'd: drake::cmq_buildtargetmetadepsspecht_is_subtargetconfig
2020-01-21 10:08:08.665909 | > DO_CALL (0.000s wait)
.2020-01-21 10:08:08.672397 | eval'd: drake::cmq_buildtargetmetadepsspecht_is_subtargetconfig
2020-01-21 10:08:09.678684 | > DO_CALL (0.001s wait)
.2020-01-21 10:08:09.685236 | eval'd: drake::cmq_buildtargetmetadepsspecht_is_subtargetconfig
2020-01-21 10:08:10.831265 | > DO_CALL (0.001s wait)
.2020-01-21 10:08:10.837826 | eval'd: drake::cmq_buildtargetmetadepsspecht_is_subtargetconfig
2020-01-21 10:08:11.882232 | > DO_CALL (0.001s wait)
.2020-01-21 10:08:11.888792 | eval'd: drake::cmq_buildtargetmetadepsspecht_is_subtargetconfig
2020-01-21 10:08:13.068690 | > DO_CALL (0.001s wait)
.2020-01-21 10:08:13.075289 | eval'd: drake::cmq_buildtargetmetadepsspecht_is_subtargetconfig
2020-01-21 10:08:14.179603 | > DO_CALL (0.001s wait)
.2020-01-21 10:08:14.186158 | eval'd: drake::cmq_buildtargetmetadepsspecht_is_subtargetconfig
2020-01-21 10:08:15.294768 | > DO_CALL (0.001s wait)
.2020-01-21 10:08:15.301308 | eval'd: drake::cmq_buildtargetmetadepsspecht_is_subtargetconfig
2020-01-21 10:08:16.370026 | > DO_CALL (0.001s wait)
.2020-01-21 10:08:16.374400 | eval'd: drake::cmq_buildtargetmetadepsspecht_is_subtargetconfig
2020-01-21 10:08:17.542571 | > DO_CALL (0.001s wait)
.2020-01-21 10:08:17.549114 | eval'd: drake::cmq_buildtargetmetadepsspecht_is_subtargetconfig
2020-01-21 10:08:18.565852 | > DO_CALL (0.000s wait)
.2020-01-21 10:08:18.572378 | eval'd: drake::cmq_buildtargetmetadepsspecht_is_subtargetconfig
2020-01-21 10:08:19.711619 | > DO_CALL (0.001s wait)
.2020-01-21 10:08:19.718165 | eval'd: drake::cmq_buildtargetmetadepsspecht_is_subtargetconfig
2020-01-21 10:08:20.914134 | > DO_CALL (0.001s wait)
.2020-01-21 10:08:20.920567 | eval'd: drake::cmq_buildtargetmetadepsspecht_is_subtargetconfig
2020-01-21 10:08:22.038756 | > DO_CALL (0.001s wait)
.2020-01-21 10:08:22.045386 | eval'd: drake::cmq_buildtargetmetadepsspecht_is_subtargetconfig
2020-01-21 10:08:23.074200 | > DO_CALL (0.001s wait)
.2020-01-21 10:08:23.080747 | eval'd: drake::cmq_buildtargetmetadepsspecht_is_subtargetconfig
2020-01-21 10:08:26.423253 | > DO_CALL (0.001s wait)
.2020-01-21 10:08:26.429852 | eval'd: drake::cmq_buildtargetmetadepsspecht_is_subtargetconfig
2020-01-21 10:08:27.519638 | > DO_CALL (0.001s wait)
.2020-01-21 10:08:27.530406 | eval'd: drake::cmq_buildtargetmetadepsspecht_is_subtargetconfig
2020-01-21 10:08:28.544032 | > DO_CALL (0.001s wait)
.2020-01-21 10:08:28.547753 | eval'd: drake::cmq_buildtargetmetadepsspecht_is_subtargetconfig
2020-01-21 10:08:29.632629 | > DO_CALL (0.000s wait)
.2020-01-21 10:08:29.637790 | eval'd: drake::cmq_buildtargetmetadepsspecht_is_subtargetconfig
2020-01-21 10:08:30.717321 | > DO_CALL (0.001s wait)
.2020-01-21 10:08:30.722529 | eval'd: drake::cmq_buildtargetmetadepsspecht_is_subtargetconfig
2020-01-21 10:08:31.918763 | > DO_CALL (0.000s wait)
.2020-01-21 10:08:31.923990 | eval'd: drake::cmq_buildtargetmetadepsspecht_is_subtargetconfig
2020-01-21 10:08:32.985128 | > DO_CALL (0.001s wait)
.2020-01-21 10:08:32.990276 | eval'd: drake::cmq_buildtargetmetadepsspecht_is_subtargetconfig
2020-01-21 10:08:34.072304 | > DO_CALL (0.001s wait)
.2020-01-21 10:08:34.077478 | eval'd: drake::cmq_buildtargetmetadepsspecht_is_subtargetconfig
2020-01-21 10:08:35.110222 | > DO_CALL (0.001s wait)
.2020-01-21 10:08:35.115497 | eval'd: drake::cmq_buildtargetmetadepsspecht_is_subtargetconfig
2020-01-21 10:08:36.214408 | > DO_CALL (0.001s wait)
.2020-01-21 10:08:36.219616 | eval'd: drake::cmq_buildtargetmetadepsspecht_is_subtargetconfig
2020-01-21 10:08:37.259806 | > DO_CALL (0.000s wait)
.2020-01-21 10:08:37.265061 | eval'd: drake::cmq_buildtargetmetadepsspecht_is_subtargetconfig
2020-01-21 10:08:38.335848 | > DO_CALL (0.000s wait)
.2020-01-21 10:08:38.339699 | eval'd: drake::cmq_buildtargetmetadepsspecht_is_subtargetconfig
2020-01-21 10:08:39.392996 | > DO_CALL (0.001s wait)
.2020-01-21 10:08:39.398208 | eval'd: drake::cmq_buildtargetmetadepsspecht_is_subtargetconfig
2020-01-21 10:08:40.420803 | > DO_CALL (0.000s wait)
.2020-01-21 10:08:40.424588 | eval'd: drake::cmq_buildtargetmetadepsspecht_is_subtargetconfig
2020-01-21 10:08:41.454255 | > DO_CALL (0.001s wait)
.2020-01-21 10:08:41.459432 | eval'd: drake::cmq_buildtargetmetadepsspecht_is_subtargetconfig
2020-01-21 10:08:42.261268 | > WORKER_WAIT (0.000s wait)
2020-01-21 10:08:42.261658 | waiting 1.00s
2020-01-21 10:08:50.658017 | > WORKER_WAIT (0.000s wait)
2020-01-21 10:08:50.658800 | waiting 1.00s
2020-01-21 10:09:41.665386 | > WORKER_STOP (0.000s wait)
2020-01-21 10:09:41.671945 | shutting down worker
2020-01-21 10:09:41.902885 | 
Total: 56 in 2.33s [user], 0.28s [system], 131.31s [elapsed]
