2020-01-21 10:48:11.563593 | Master: tcp://c24a-s1:7958
2020-01-21 10:48:11.604762 | WORKER_UP to: tcp://c24a-s1:7958
2020-01-21 10:48:17.487026 | > DO_SETUP (3.473s wait)
2020-01-21 10:48:17.487608 | token from msg: set_common_data_token
2020-01-21 10:48:19.225812 | > DO_CALL (0.001s wait)
.* Option 'clustermq.scheduler' not set, defaulting to ‘SLURM’
--- see: https://mschubert.github.io/clustermq/articles/userguide.html#configuration
2020-01-21 10:48:19.434662 | eval'd: drake::cmq_buildtargetmetadepsspecht_is_subtargetconfig
2020-01-21 10:48:25.344280 | > DO_CALL (0.001s wait)
.2020-01-21 10:48:25.637738 | eval'd: drake::cmq_buildtargetmetadepsspecht_is_subtargetconfig
2020-01-21 10:48:32.629230 | > DO_CALL (0.001s wait)
.2020-01-21 10:48:32.635303 | eval'd: drake::cmq_buildtargetmetadepsspecht_is_subtargetconfig
2020-01-21 10:48:39.403305 | > DO_CALL (0.001s wait)
.2020-01-21 10:48:39.409149 | eval'd: drake::cmq_buildtargetmetadepsspecht_is_subtargetconfig
2020-01-21 10:48:45.707581 | > DO_CALL (0.001s wait)
.2020-01-21 10:48:45.713690 | eval'd: drake::cmq_buildtargetmetadepsspecht_is_subtargetconfig
2020-01-21 10:48:52.020449 | > DO_CALL (0.001s wait)
.2020-01-21 10:48:52.026002 | eval'd: drake::cmq_buildtargetmetadepsspecht_is_subtargetconfig
2020-01-21 10:48:59.421264 | > DO_CALL (0.000s wait)
.2020-01-21 10:48:59.426290 | eval'd: drake::cmq_buildtargetmetadepsspecht_is_subtargetconfig
2020-01-21 10:49:06.679365 | > DO_CALL (0.001s wait)
.2020-01-21 10:49:06.685460 | eval'd: drake::cmq_buildtargetmetadepsspecht_is_subtargetconfig
2020-01-21 10:49:14.319473 | > DO_CALL (0.000s wait)
.2020-01-21 10:49:14.323746 | eval'd: drake::cmq_buildtargetmetadepsspecht_is_subtargetconfig
2020-01-21 10:49:21.809160 | > DO_CALL (0.001s wait)
.2020-01-21 10:49:21.814608 | eval'd: drake::cmq_buildtargetmetadepsspecht_is_subtargetconfig
2020-01-21 10:49:27.923327 | > DO_CALL (0.001s wait)
.2020-01-21 10:49:27.929325 | eval'd: drake::cmq_buildtargetmetadepsspecht_is_subtargetconfig
2020-01-21 10:49:33.716427 | > DO_CALL (0.001s wait)
.2020-01-21 10:49:33.723000 | eval'd: drake::cmq_buildtargetmetadepsspecht_is_subtargetconfig
2020-01-21 10:49:40.081090 | > DO_CALL (0.001s wait)
.2020-01-21 10:49:40.086518 | eval'd: drake::cmq_buildtargetmetadepsspecht_is_subtargetconfig
2020-01-21 10:49:46.541576 | > DO_CALL (0.000s wait)
.2020-01-21 10:49:46.546416 | eval'd: drake::cmq_buildtargetmetadepsspecht_is_subtargetconfig
2020-01-21 10:49:53.187422 | > DO_CALL (0.001s wait)
.2020-01-21 10:49:53.193347 | eval'd: drake::cmq_buildtargetmetadepsspecht_is_subtargetconfig
2020-01-21 10:49:59.441477 | > DO_CALL (0.000s wait)
.2020-01-21 10:49:59.445677 | eval'd: drake::cmq_buildtargetmetadepsspecht_is_subtargetconfig
2020-01-21 10:50:04.801330 | > DO_CALL (0.000s wait)
.2020-01-21 10:50:04.806003 | eval'd: drake::cmq_buildtargetmetadepsspecht_is_subtargetconfig
2020-01-21 10:50:10.414387 | > DO_CALL (0.000s wait)
.2020-01-21 10:50:10.418552 | eval'd: drake::cmq_buildtargetmetadepsspecht_is_subtargetconfig
2020-01-21 10:50:16.092336 | > DO_CALL (0.000s wait)
.2020-01-21 10:50:16.096955 | eval'd: drake::cmq_buildtargetmetadepsspecht_is_subtargetconfig
2020-01-21 10:50:22.824715 | > DO_CALL (0.001s wait)
.2020-01-21 10:50:22.830006 | eval'd: drake::cmq_buildtargetmetadepsspecht_is_subtargetconfig
2020-01-21 10:50:27.874932 | > DO_CALL (0.001s wait)
.2020-01-21 10:50:27.880017 | eval'd: drake::cmq_buildtargetmetadepsspecht_is_subtargetconfig
2020-01-21 10:50:33.459683 | > DO_CALL (0.000s wait)
.2020-01-21 10:50:33.464957 | eval'd: drake::cmq_buildtargetmetadepsspecht_is_subtargetconfig
2020-01-21 10:50:40.090316 | > DO_CALL (0.000s wait)
.2020-01-21 10:50:40.094579 | eval'd: drake::cmq_buildtargetmetadepsspecht_is_subtargetconfig
2020-01-21 10:50:45.977163 | > DO_CALL (0.001s wait)
.2020-01-21 10:50:45.983271 | eval'd: drake::cmq_buildtargetmetadepsspecht_is_subtargetconfig
2020-01-21 10:50:51.374400 | > DO_CALL (0.000s wait)
.2020-01-21 10:50:51.378673 | eval'd: drake::cmq_buildtargetmetadepsspecht_is_subtargetconfig
2020-01-21 10:50:56.557690 | > DO_CALL (0.001s wait)
.2020-01-21 10:50:56.562415 | eval'd: drake::cmq_buildtargetmetadepsspecht_is_subtargetconfig
2020-01-21 10:51:01.633439 | > DO_CALL (0.000s wait)
.2020-01-21 10:51:01.637877 | eval'd: drake::cmq_buildtargetmetadepsspecht_is_subtargetconfig
2020-01-21 10:51:07.752727 | > DO_CALL (0.001s wait)
.2020-01-21 10:51:07.757588 | eval'd: drake::cmq_buildtargetmetadepsspecht_is_subtargetconfig
2020-01-21 10:51:13.713196 | > DO_CALL (0.001s wait)
.2020-01-21 10:51:13.719361 | eval'd: drake::cmq_buildtargetmetadepsspecht_is_subtargetconfig
2020-01-21 10:51:18.822392 | > DO_CALL (0.000s wait)
.2020-01-21 10:51:18.826643 | eval'd: drake::cmq_buildtargetmetadepsspecht_is_subtargetconfig
2020-01-21 10:51:25.798359 | > DO_CALL (0.001s wait)
.2020-01-21 10:51:25.805291 | eval'd: drake::cmq_buildtargetmetadepsspecht_is_subtargetconfig
2020-01-21 10:51:31.132390 | > DO_CALL (0.000s wait)
.2020-01-21 10:51:31.137169 | eval'd: drake::cmq_buildtargetmetadepsspecht_is_subtargetconfig
2020-01-21 10:51:35.442892 | > DO_CALL (0.001s wait)
.2020-01-21 10:51:35.448946 | eval'd: drake::cmq_buildtargetmetadepsspecht_is_subtargetconfig
2020-01-21 10:51:40.270701 | > DO_CALL (0.001s wait)
.2020-01-21 10:51:40.276373 | eval'd: drake::cmq_buildtargetmetadepsspecht_is_subtargetconfig
2020-01-21 10:51:45.336383 | > DO_CALL (0.000s wait)
.2020-01-21 10:51:45.341773 | eval'd: drake::cmq_buildtargetmetadepsspecht_is_subtargetconfig
2020-01-21 10:51:50.310621 | > DO_CALL (0.000s wait)
.2020-01-21 10:51:50.315881 | eval'd: drake::cmq_buildtargetmetadepsspecht_is_subtargetconfig
2020-01-21 10:51:56.050409 | > DO_CALL (0.000s wait)
.2020-01-21 10:51:56.055795 | eval'd: drake::cmq_buildtargetmetadepsspecht_is_subtargetconfig
2020-01-21 10:52:00.857316 | > DO_CALL (0.001s wait)
.2020-01-21 10:52:00.864378 | eval'd: drake::cmq_buildtargetmetadepsspecht_is_subtargetconfig
2020-01-21 10:52:06.165373 | > DO_CALL (0.000s wait)
.2020-01-21 10:52:06.170747 | eval'd: drake::cmq_buildtargetmetadepsspecht_is_subtargetconfig
2020-01-21 10:52:11.417474 | > DO_CALL (0.000s wait)
.2020-01-21 10:52:11.422516 | eval'd: drake::cmq_buildtargetmetadepsspecht_is_subtargetconfig
2020-01-21 10:52:16.130326 | > DO_CALL (0.001s wait)
.2020-01-21 10:52:16.137276 | eval'd: drake::cmq_buildtargetmetadepsspecht_is_subtargetconfig
2020-01-21 10:52:21.367347 | > DO_CALL (0.001s wait)
.2020-01-21 10:52:21.374527 | eval'd: drake::cmq_buildtargetmetadepsspecht_is_subtargetconfig
2020-01-21 10:52:27.952091 | > DO_CALL (0.001s wait)
.2020-01-21 10:52:27.958467 | eval'd: drake::cmq_buildtargetmetadepsspecht_is_subtargetconfig
2020-01-21 10:52:34.048646 | > DO_CALL (0.000s wait)
.2020-01-21 10:52:34.054648 | eval'd: drake::cmq_buildtargetmetadepsspecht_is_subtargetconfig
2020-01-21 10:52:38.768354 | > DO_CALL (0.000s wait)
.2020-01-21 10:52:38.773506 | eval'd: drake::cmq_buildtargetmetadepsspecht_is_subtargetconfig
2020-01-21 10:52:43.381291 | > DO_CALL (0.001s wait)
.2020-01-21 10:52:43.388705 | eval'd: drake::cmq_buildtargetmetadepsspecht_is_subtargetconfig
2020-01-21 10:52:47.790355 | > DO_CALL (0.001s wait)
.2020-01-21 10:52:47.797521 | eval'd: drake::cmq_buildtargetmetadepsspecht_is_subtargetconfig
2020-01-21 10:52:52.432318 | > DO_CALL (0.001s wait)
.2020-01-21 10:52:52.439903 | eval'd: drake::cmq_buildtargetmetadepsspecht_is_subtargetconfig
2020-01-21 10:52:57.097587 | > DO_CALL (0.000s wait)
.2020-01-21 10:52:57.103176 | eval'd: drake::cmq_buildtargetmetadepsspecht_is_subtargetconfig
2020-01-21 10:53:02.062839 | > DO_CALL (0.001s wait)
.2020-01-21 10:53:02.068758 | eval'd: drake::cmq_buildtargetmetadepsspecht_is_subtargetconfig
2020-01-21 10:53:06.547373 | > DO_CALL (0.001s wait)
.2020-01-21 10:53:06.554685 | eval'd: drake::cmq_buildtargetmetadepsspecht_is_subtargetconfig
2020-01-21 10:53:11.617357 | > DO_CALL (0.001s wait)
.2020-01-21 10:53:11.624373 | eval'd: drake::cmq_buildtargetmetadepsspecht_is_subtargetconfig
2020-01-21 10:53:15.797326 | > DO_CALL (0.000s wait)
.2020-01-21 10:53:15.802284 | eval'd: drake::cmq_buildtargetmetadepsspecht_is_subtargetconfig
2020-01-21 10:53:20.689375 | > DO_CALL (0.000s wait)
.2020-01-21 10:53:20.694395 | eval'd: drake::cmq_buildtargetmetadepsspecht_is_subtargetconfig
2020-01-21 10:53:27.253210 | > DO_CALL (0.000s wait)
.2020-01-21 10:53:27.258615 | eval'd: drake::cmq_buildtargetmetadepsspecht_is_subtargetconfig
2020-01-21 10:53:31.928257 | > DO_CALL (0.000s wait)
.
2020-01-21 10:53:31.933073 | eval'd: drake::cmq_buildtargetmetadepsspecht_is_subtargetconfig
2020-01-21 10:53:36.673479 | > DO_CALL (0.000s wait)
.2020-01-21 10:53:36.678819 | eval'd: drake::cmq_buildtargetmetadepsspecht_is_subtargetconfig
2020-01-21 10:53:41.200923 | > DO_CALL (0.001s wait)
.2020-01-21 10:53:41.207264 | eval'd: drake::cmq_buildtargetmetadepsspecht_is_subtargetconfig
2020-01-21 10:53:45.763189 | > DO_CALL (0.000s wait)
.2020-01-21 10:53:45.767694 | eval'd: drake::cmq_buildtargetmetadepsspecht_is_subtargetconfig
2020-01-21 10:53:50.279109 | > DO_CALL (0.001s wait)
.2020-01-21 10:53:50.285843 | eval'd: drake::cmq_buildtargetmetadepsspecht_is_subtargetconfig
2020-01-21 10:53:54.480247 | > DO_CALL (0.000s wait)
.2020-01-21 10:53:54.485644 | eval'd: drake::cmq_buildtargetmetadepsspecht_is_subtargetconfig
2020-01-21 10:53:58.650213 | > DO_CALL (0.000s wait)
.2020-01-21 10:53:58.655143 | eval'd: drake::cmq_buildtargetmetadepsspecht_is_subtargetconfig
2020-01-21 10:54:02.890077 | > DO_CALL (0.001s wait)
.2020-01-21 10:54:02.897918 | eval'd: drake::cmq_buildtargetmetadepsspecht_is_subtargetconfig
2020-01-21 10:54:07.539139 | > DO_CALL (0.001s wait)
.2020-01-21 10:54:07.546147 | eval'd: drake::cmq_buildtargetmetadepsspecht_is_subtargetconfig
2020-01-21 10:54:11.865257 | > DO_CALL (0.000s wait)
.2020-01-21 10:54:11.870176 | eval'd: drake::cmq_buildtargetmetadepsspecht_is_subtargetconfig
2020-01-21 10:54:16.443253 | > DO_CALL (0.000s wait)
.2020-01-21 10:54:16.448190 | eval'd: drake::cmq_buildtargetmetadepsspecht_is_subtargetconfig
2020-01-21 10:54:20.783244 | > DO_CALL (0.000s wait)
.2020-01-21 10:54:20.788047 | eval'd: drake::cmq_buildtargetmetadepsspecht_is_subtargetconfig
2020-01-21 10:54:26.137465 | > DO_CALL (0.000s wait)
.2020-01-21 10:54:26.142908 | eval'd: drake::cmq_buildtargetmetadepsspecht_is_subtargetconfig
2020-01-21 10:54:32.533866 | > DO_CALL (0.001s wait)
.2020-01-21 10:54:32.540901 | eval'd: drake::cmq_buildtargetmetadepsspecht_is_subtargetconfig
2020-01-21 10:54:36.908188 | > DO_CALL (0.001s wait)
.2020-01-21 10:54:36.915706 | eval'd: drake::cmq_buildtargetmetadepsspecht_is_subtargetconfig
2020-01-21 10:54:41.008007 | > DO_CALL (0.001s wait)
.2020-01-21 10:54:41.014606 | eval'd: drake::cmq_buildtargetmetadepsspecht_is_subtargetconfig
2020-01-21 10:54:45.115136 | > DO_CALL (0.000s wait)
.2020-01-21 10:54:45.120870 | eval'd: drake::cmq_buildtargetmetadepsspecht_is_subtargetconfig
2020-01-21 10:54:49.131217 | > DO_CALL (0.000s wait)
.2020-01-21 10:54:49.136113 | eval'd: drake::cmq_buildtargetmetadepsspecht_is_subtargetconfig
2020-01-21 10:54:52.951241 | > DO_CALL (0.001s wait)
.2020-01-21 10:54:52.958699 | eval'd: drake::cmq_buildtargetmetadepsspecht_is_subtargetconfig
2020-01-21 10:54:57.171309 | > DO_CALL (0.000s wait)
.2020-01-21 10:54:57.176482 | eval'd: drake::cmq_buildtargetmetadepsspecht_is_subtargetconfig
2020-01-21 10:55:01.311077 | > DO_CALL (0.001s wait)
.2020-01-21 10:55:01.330791 | eval'd: drake::cmq_buildtargetmetadepsspecht_is_subtargetconfig
2020-01-21 10:55:05.669005 | > DO_CALL (0.001s wait)
.2020-01-21 10:55:05.674581 | eval'd: drake::cmq_buildtargetmetadepsspecht_is_subtargetconfig
2020-01-21 10:55:10.000119 | > DO_CALL (0.000s wait)
.2020-01-21 10:55:10.004325 | eval'd: drake::cmq_buildtargetmetadepsspecht_is_subtargetconfig
2020-01-21 10:55:13.813654 | > DO_CALL (0.000s wait)
.2020-01-21 10:55:13.819358 | eval'd: drake::cmq_buildtargetmetadepsspecht_is_subtargetconfig
2020-01-21 10:55:17.662513 | > DO_CALL (0.000s wait)
.2020-01-21 10:55:17.667491 | eval'd: drake::cmq_buildtargetmetadepsspecht_is_subtargetconfig
2020-01-21 10:55:21.834047 | > DO_CALL (0.001s wait)
.2020-01-21 10:55:21.839596 | eval'd: drake::cmq_buildtargetmetadepsspecht_is_subtargetconfig
2020-01-21 10:55:25.721944 | > DO_CALL (0.001s wait)
.2020-01-21 10:55:25.727361 | eval'd: drake::cmq_buildtargetmetadepsspecht_is_subtargetconfig
2020-01-21 10:55:29.609083 | > DO_CALL (0.000s wait)
.2020-01-21 10:55:29.613155 | eval'd: drake::cmq_buildtargetmetadepsspecht_is_subtargetconfig
2020-01-21 10:55:36.823395 | > DO_CALL (0.000s wait)
.2020-01-21 10:55:36.828642 | eval'd: drake::cmq_buildtargetmetadepsspecht_is_subtargetconfig
2020-01-21 10:55:41.664131 | > DO_CALL (0.000s wait)
.2020-01-21 10:55:41.668499 | eval'd: drake::cmq_buildtargetmetadepsspecht_is_subtargetconfig
2020-01-21 10:55:45.518241 | > DO_CALL (0.000s wait)
.2020-01-21 10:55:45.522587 | eval'd: drake::cmq_buildtargetmetadepsspecht_is_subtargetconfig
2020-01-21 10:55:49.583547 | > DO_CALL (0.000s wait)
.2020-01-21 10:55:49.588698 | eval'd: drake::cmq_buildtargetmetadepsspecht_is_subtargetconfig
2020-01-21 10:55:53.690086 | > DO_CALL (0.000s wait)
.2020-01-21 10:55:53.694787 | eval'd: drake::cmq_buildtargetmetadepsspecht_is_subtargetconfig
2020-01-21 10:55:57.489225 | > DO_CALL (0.000s wait)
.2020-01-21 10:55:57.493816 | eval'd: drake::cmq_buildtargetmetadepsspecht_is_subtargetconfig
2020-01-21 10:56:01.301094 | > DO_CALL (0.000s wait)
.2020-01-21 10:56:01.305244 | eval'd: drake::cmq_buildtargetmetadepsspecht_is_subtargetconfig
2020-01-21 10:56:05.254398 | > DO_CALL (0.000s wait)
.2020-01-21 10:56:05.259054 | eval'd: drake::cmq_buildtargetmetadepsspecht_is_subtargetconfig
2020-01-21 10:56:09.390356 | > DO_CALL (0.000s wait)
.2020-01-21 10:56:09.395265 | eval'd: drake::cmq_buildtargetmetadepsspecht_is_subtargetconfig
2020-01-21 10:56:13.659063 | > DO_CALL (0.000s wait)
.2020-01-21 10:56:13.663923 | eval'd: drake::cmq_buildtargetmetadepsspecht_is_subtargetconfig
2020-01-21 10:56:18.048655 | > DO_CALL (0.000s wait)
.2020-01-21 10:56:18.053842 | eval'd: drake::cmq_buildtargetmetadepsspecht_is_subtargetconfig
2020-01-21 10:56:22.272917 | > DO_CALL (0.001s wait)
.2020-01-21 10:56:22.279079 | eval'd: drake::cmq_buildtargetmetadepsspecht_is_subtargetconfig
2020-01-21 10:56:26.395797 | > DO_CALL (0.001s wait)
.2020-01-21 10:56:26.401357 | eval'd: drake::cmq_buildtargetmetadepsspecht_is_subtargetconfig
2020-01-21 10:56:30.826937 | > DO_CALL (0.001s wait)
.2020-01-21 10:56:30.832511 | eval'd: drake::cmq_buildtargetmetadepsspecht_is_subtargetconfig
2020-01-21 10:56:36.860054 | > DO_CALL (0.000s wait)
.2020-01-21 10:56:36.864248 | eval'd: drake::cmq_buildtargetmetadepsspecht_is_subtargetconfig
2020-01-21 10:56:40.762554 | > DO_CALL (0.000s wait)
.2020-01-21 10:56:40.767562 | eval'd: drake::cmq_buildtargetmetadepsspecht_is_subtargetconfig
2020-01-21 10:56:45.601107 | > DO_CALL (0.000s wait)
.2020-01-21 10:56:45.605520 | eval'd: drake::cmq_buildtargetmetadepsspecht_is_subtargetconfig
2020-01-21 10:56:49.661361 | > DO_CALL (0.000s wait)
.2020-01-21 10:56:49.665967 | eval'd: drake::cmq_buildtargetmetadepsspecht_is_subtargetconfig
2020-01-21 10:56:53.300356 | > DO_CALL (0.000s wait)
.2020-01-21 10:56:53.305705 | eval'd: drake::cmq_buildtargetmetadepsspecht_is_subtargetconfig
2020-01-21 10:56:57.356548 | > DO_CALL (0.000s wait)
.2020-01-21 10:56:57.361609 | eval'd: drake::cmq_buildtargetmetadepsspecht_is_subtargetconfig
2020-01-21 10:57:01.901351 | > DO_CALL (0.000s wait)
.2020-01-21 10:57:01.906298 | eval'd: drake::cmq_buildtargetmetadepsspecht_is_subtargetconfig
2020-01-21 10:57:06.211199 | > DO_CALL (0.000s wait)
.2020-01-21 10:57:06.215656 | eval'd: drake::cmq_buildtargetmetadepsspecht_is_subtargetconfig
2020-01-21 10:57:10.327942 | > DO_CALL (0.001s wait)
.2020-01-21 10:57:10.333529 | eval'd: drake::cmq_buildtargetmetadepsspecht_is_subtargetconfig
2020-01-21 10:57:14.259002 | > DO_CALL (0.000s wait)
.2020-01-21 10:57:14.263935 | eval'd: drake::cmq_buildtargetmetadepsspecht_is_subtargetconfig
2020-01-21 10:57:18.302808 | > DO_CALL (0.001s wait)
.2020-01-21 10:57:18.308367 | eval'd: drake::cmq_buildtargetmetadepsspecht_is_subtargetconfig
2020-01-21 10:57:22.968007 | > DO_CALL (0.000s wait)
.2020-01-21 10:57:22.973002 | eval'd: drake::cmq_buildtargetmetadepsspecht_is_subtargetconfig
2020-01-21 10:57:27.245126 | > DO_CALL (0.000s wait)
.2020-01-21 10:57:27.249580 | eval'd: drake::cmq_buildtargetmetadepsspecht_is_subtargetconfig
2020-01-21 10:57:31.196579 | > DO_CALL (0.000s wait)
.2020-01-21 10:57:31.201843 | eval'd: drake::cmq_buildtargetmetadepsspecht_is_subtargetconfig
2020-01-21 10:57:35.053539 | > DO_CALL (0.000s wait)
.2020-01-21 10:57:35.058552 | eval'd: drake::cmq_buildtargetmetadepsspecht_is_subtargetconfig
2020-01-21 10:57:40.913451 | > DO_CALL (0.000s wait)
.2020-01-21 10:57:40.918509 | eval'd: drake::cmq_buildtargetmetadepsspecht_is_subtargetconfig
2020-01-21 10:57:45.177727 | > DO_CALL (0.001s wait)
.2020-01-21 10:57:45.183824 | eval'd: drake::cmq_buildtargetmetadepsspecht_is_subtargetconfig
2020-01-21 10:57:49.042803 | > DO_CALL (0.001s wait)
.2020-01-21 10:57:49.048287 | eval'd: drake::cmq_buildtargetmetadepsspecht_is_subtargetconfig
2020-01-21 10:57:53.350339 | > DO_CALL (0.000s wait)
.2020-01-21 10:57:53.355661 | eval'd: drake::cmq_buildtargetmetadepsspecht_is_subtargetconfig
2020-01-21 10:57:57.516232 | > DO_CALL (0.000s wait)
.2020-01-21 10:57:57.520945 | eval'd: drake::cmq_buildtargetmetadepsspecht_is_subtargetconfig
2020-01-21 10:58:02.182015 | > DO_CALL (0.000s wait)
.2020-01-21 10:58:02.186655 | eval'd: drake::cmq_buildtargetmetadepsspecht_is_subtargetconfig
2020-01-21 10:58:06.084177 | > DO_CALL (0.000s wait)
.2020-01-21 10:58:06.088757 | eval'd: drake::cmq_buildtargetmetadepsspecht_is_subtargetconfig
2020-01-21 10:58:10.181306 | > DO_CALL (0.000s wait)
.2020-01-21 10:58:10.185973 | eval'd: drake::cmq_buildtargetmetadepsspecht_is_subtargetconfig
2020-01-21 10:58:14.011775 | > DO_CALL (0.001s wait)
.2020-01-21 10:58:14.017897 | eval'd: drake::cmq_buildtargetmetadepsspecht_is_subtargetconfig
2020-01-21 10:58:17.707247 | > DO_CALL (0.000s wait)
.2020-01-21 10:58:17.712113 | eval'd: drake::cmq_buildtargetmetadepsspecht_is_subtargetconfig
2020-01-21 10:58:21.476462 | > DO_CALL (0.000s wait)
.2020-01-21 10:58:21.481457 | eval'd: drake::cmq_buildtargetmetadepsspecht_is_subtargetconfig
2020-01-21 10:58:25.600591 | > DO_CALL (0.000s wait)
.2020-01-21 10:58:25.605917 | eval'd: drake::cmq_buildtargetmetadepsspecht_is_subtargetconfig
2020-01-21 10:58:29.297348 | > DO_CALL (0.000s wait)
.2020-01-21 10:58:29.302405 | eval'd: drake::cmq_buildtargetmetadepsspecht_is_subtargetconfig
2020-01-21 10:58:32.972208 | > DO_CALL (0.000s wait)
.2020-01-21 10:58:32.977383 | eval'd: drake::cmq_buildtargetmetadepsspecht_is_subtargetconfig
2020-01-21 10:58:36.978098 | > DO_CALL (0.000s wait)
.2020-01-21 10:58:36.982465 | eval'd: drake::cmq_buildtargetmetadepsspecht_is_subtargetconfig
2020-01-21 10:58:43.085424 | > DO_CALL (0.000s wait)
.2020-01-21 10:58:43.090929 | eval'd: drake::cmq_buildtargetmetadepsspecht_is_subtargetconfig
2020-01-21 10:58:47.100061 | > DO_CALL (0.000s wait)
.2020-01-21 10:58:47.104374 | eval'd: drake::cmq_buildtargetmetadepsspecht_is_subtargetconfig
2020-01-21 10:58:50.832695 | > DO_CALL (0.001s wait)
.2020-01-21 10:58:50.838015 | eval'd: drake::cmq_buildtargetmetadepsspecht_is_subtargetconfig
2020-01-21 10:58:55.118988 | > DO_CALL (0.000s wait)
.2020-01-21 10:58:55.123869 | eval'd: drake::cmq_buildtargetmetadepsspecht_is_subtargetconfig
2020-01-21 10:58:59.939591 | > DO_CALL (0.000s wait)
.2020-01-21 10:58:59.944786 | eval'd: drake::cmq_buildtargetmetadepsspecht_is_subtargetconfig
2020-01-21 10:59:03.895102 | > DO_CALL (0.000s wait)
.2020-01-21 10:59:03.900137 | eval'd: drake::cmq_buildtargetmetadepsspecht_is_subtargetconfig
2020-01-21 10:59:07.741354 | > DO_CALL (0.000s wait)
.2020-01-21 10:59:07.746146 | eval'd: drake::cmq_buildtargetmetadepsspecht_is_subtargetconfig
2020-01-21 10:59:11.695749 | > DO_CALL (0.001s wait)
.
2020-01-21 10:59:11.701273 | eval'd: drake::cmq_buildtargetmetadepsspecht_is_subtargetconfig
2020-01-21 10:59:15.574295 | > DO_CALL (0.000s wait)
.2020-01-21 10:59:15.579189 | eval'd: drake::cmq_buildtargetmetadepsspecht_is_subtargetconfig
2020-01-21 10:59:19.491007 | > DO_CALL (0.000s wait)
.2020-01-21 10:59:19.495245 | eval'd: drake::cmq_buildtargetmetadepsspecht_is_subtargetconfig
2020-01-21 10:59:23.471254 | > DO_CALL (0.000s wait)
.2020-01-21 10:59:23.476422 | eval'd: drake::cmq_buildtargetmetadepsspecht_is_subtargetconfig
2020-01-21 10:59:28.108532 | > DO_CALL (0.000s wait)
.2020-01-21 10:59:28.113784 | eval'd: drake::cmq_buildtargetmetadepsspecht_is_subtargetconfig
2020-01-21 10:59:32.169064 | > DO_CALL (0.000s wait)
.2020-01-21 10:59:32.174101 | eval'd: drake::cmq_buildtargetmetadepsspecht_is_subtargetconfig
2020-01-21 10:59:35.929521 | > DO_CALL (0.000s wait)
.2020-01-21 10:59:35.934904 | eval'd: drake::cmq_buildtargetmetadepsspecht_is_subtargetconfig
2020-01-21 10:59:39.774397 | > DO_CALL (0.000s wait)
.2020-01-21 10:59:39.779394 | eval'd: drake::cmq_buildtargetmetadepsspecht_is_subtargetconfig
2020-01-21 10:59:45.284626 | > DO_CALL (0.000s wait)
.2020-01-21 10:59:45.290419 | eval'd: drake::cmq_buildtargetmetadepsspecht_is_subtargetconfig
2020-01-21 10:59:49.798004 | > DO_CALL (0.000s wait)
.2020-01-21 10:59:49.802379 | eval'd: drake::cmq_buildtargetmetadepsspecht_is_subtargetconfig
2020-01-21 10:59:53.508637 | > DO_CALL (0.000s wait)
.2020-01-21 10:59:53.514626 | eval'd: drake::cmq_buildtargetmetadepsspecht_is_subtargetconfig
2020-01-21 10:59:57.366923 | > DO_CALL (0.001s wait)
.2020-01-21 10:59:57.373019 | eval'd: drake::cmq_buildtargetmetadepsspecht_is_subtargetconfig
2020-01-21 11:00:01.324996 | > DO_CALL (0.000s wait)
.2020-01-21 11:00:01.329173 | eval'd: drake::cmq_buildtargetmetadepsspecht_is_subtargetconfig
2020-01-21 11:00:05.018671 | > DO_CALL (0.000s wait)
.2020-01-21 11:00:05.024173 | eval'd: drake::cmq_buildtargetmetadepsspecht_is_subtargetconfig
2020-01-21 11:00:08.624007 | > DO_CALL (0.001s wait)
.2020-01-21 11:00:08.629877 | eval'd: drake::cmq_buildtargetmetadepsspecht_is_subtargetconfig
2020-01-21 11:00:12.226015 | > DO_CALL (0.000s wait)
.2020-01-21 11:00:12.231267 | eval'd: drake::cmq_buildtargetmetadepsspecht_is_subtargetconfig
2020-01-21 11:00:15.955827 | > DO_CALL (0.001s wait)
.2020-01-21 11:00:15.961608 | eval'd: drake::cmq_buildtargetmetadepsspecht_is_subtargetconfig
2020-01-21 11:00:19.653006 | > DO_CALL (0.001s wait)
.2020-01-21 11:00:19.672222 | eval'd: drake::cmq_buildtargetmetadepsspecht_is_subtargetconfig
2020-01-21 11:00:23.791803 | > DO_CALL (0.001s wait)
.2020-01-21 11:00:23.798518 | eval'd: drake::cmq_buildtargetmetadepsspecht_is_subtargetconfig
2020-01-21 11:00:27.676509 | > DO_CALL (0.000s wait)
.2020-01-21 11:00:27.681551 | eval'd: drake::cmq_buildtargetmetadepsspecht_is_subtargetconfig
2020-01-21 11:00:32.106440 | > DO_CALL (0.000s wait)
.2020-01-21 11:00:32.111721 | eval'd: drake::cmq_buildtargetmetadepsspecht_is_subtargetconfig
2020-01-21 11:00:36.080571 | > DO_CALL (0.000s wait)
.2020-01-21 11:00:36.086086 | eval'd: drake::cmq_buildtargetmetadepsspecht_is_subtargetconfig
2020-01-21 11:00:40.039964 | > DO_CALL (0.000s wait)
.2020-01-21 11:00:40.044130 | eval'd: drake::cmq_buildtargetmetadepsspecht_is_subtargetconfig
2020-01-21 11:00:43.887341 | > DO_CALL (0.000s wait)
.2020-01-21 11:00:43.892558 | eval'd: drake::cmq_buildtargetmetadepsspecht_is_subtargetconfig
2020-01-21 11:00:49.482864 | > DO_CALL (0.001s wait)
.2020-01-21 11:00:49.488551 | eval'd: drake::cmq_buildtargetmetadepsspecht_is_subtargetconfig
2020-01-21 11:00:53.444876 | > DO_CALL (0.001s wait)
.2020-01-21 11:00:53.450967 | eval'd: drake::cmq_buildtargetmetadepsspecht_is_subtargetconfig
2020-01-21 11:00:57.579028 | > DO_CALL (0.000s wait)
.2020-01-21 11:00:57.583334 | eval'd: drake::cmq_buildtargetmetadepsspecht_is_subtargetconfig
2020-01-21 11:01:02.113832 | > DO_CALL (0.001s wait)
.2020-01-21 11:01:02.119878 | eval'd: drake::cmq_buildtargetmetadepsspecht_is_subtargetconfig
2020-01-21 11:01:06.108479 | > DO_CALL (0.000s wait)
.2020-01-21 11:01:06.113475 | eval'd: drake::cmq_buildtargetmetadepsspecht_is_subtargetconfig
2020-01-21 11:01:10.019674 | > DO_CALL (0.000s wait)
.2020-01-21 11:01:10.024916 | eval'd: drake::cmq_buildtargetmetadepsspecht_is_subtargetconfig
2020-01-21 11:01:14.136771 | > DO_CALL (0.001s wait)
.2020-01-21 11:01:14.142825 | eval'd: drake::cmq_buildtargetmetadepsspecht_is_subtargetconfig
2020-01-21 11:01:18.142987 | > DO_CALL (0.000s wait)
.2020-01-21 11:01:18.147037 | eval'd: drake::cmq_buildtargetmetadepsspecht_is_subtargetconfig
2020-01-21 11:01:21.811978 | > DO_CALL (0.000s wait)
.2020-01-21 11:01:21.816151 | eval'd: drake::cmq_buildtargetmetadepsspecht_is_subtargetconfig
2020-01-21 11:01:25.546432 | > DO_CALL (0.000s wait)
.2020-01-21 11:01:25.551335 | eval'd: drake::cmq_buildtargetmetadepsspecht_is_subtargetconfig
2020-01-21 11:01:29.224815 | > DO_CALL (0.001s wait)
.2020-01-21 11:01:29.230721 | eval'd: drake::cmq_buildtargetmetadepsspecht_is_subtargetconfig
2020-01-21 11:01:32.952994 | > DO_CALL (0.000s wait)
.2020-01-21 11:01:32.957746 | eval'd: drake::cmq_buildtargetmetadepsspecht_is_subtargetconfig
2020-01-21 11:01:37.257989 | > DO_CALL (0.000s wait)
.2020-01-21 11:01:37.262047 | eval'd: drake::cmq_buildtargetmetadepsspecht_is_subtargetconfig
2020-01-21 11:01:40.934810 | > DO_CALL (0.001s wait)
.2020-01-21 11:01:40.940472 | eval'd: drake::cmq_buildtargetmetadepsspecht_is_subtargetconfig
2020-01-21 11:01:44.435994 | > DO_CALL (0.000s wait)
.2020-01-21 11:01:44.440167 | eval'd: drake::cmq_buildtargetmetadepsspecht_is_subtargetconfig
2020-01-21 11:01:48.247484 | > DO_CALL (0.000s wait)
.2020-01-21 11:01:48.252486 | eval'd: drake::cmq_buildtargetmetadepsspecht_is_subtargetconfig
2020-01-21 11:01:53.941424 | > DO_CALL (0.000s wait)
.2020-01-21 11:01:53.947091 | eval'd: drake::cmq_buildtargetmetadepsspecht_is_subtargetconfig
2020-01-21 11:01:57.770863 | > DO_CALL (0.001s wait)
.2020-01-21 11:01:57.776494 | eval'd: drake::cmq_buildtargetmetadepsspecht_is_subtargetconfig
2020-01-21 11:02:01.715393 | > DO_CALL (0.000s wait)
.2020-01-21 11:02:01.720119 | eval'd: drake::cmq_buildtargetmetadepsspecht_is_subtargetconfig
2020-01-21 11:02:05.260827 | > DO_CALL (0.001s wait)
.2020-01-21 11:02:05.266291 | eval'd: drake::cmq_buildtargetmetadepsspecht_is_subtargetconfig
2020-01-21 11:02:08.966749 | > DO_CALL (0.001s wait)
.2020-01-21 11:02:08.972433 | eval'd: drake::cmq_buildtargetmetadepsspecht_is_subtargetconfig
2020-01-21 11:02:12.678883 | > DO_CALL (0.001s wait)
.2020-01-21 11:02:12.685014 | eval'd: drake::cmq_buildtargetmetadepsspecht_is_subtargetconfig
2020-01-21 11:02:16.582773 | > DO_CALL (0.001s wait)
.2020-01-21 11:02:16.588586 | eval'd: drake::cmq_buildtargetmetadepsspecht_is_subtargetconfig
2020-01-21 11:02:20.500442 | > DO_CALL (0.000s wait)
.2020-01-21 11:02:20.505438 | eval'd: drake::cmq_buildtargetmetadepsspecht_is_subtargetconfig
2020-01-21 11:02:24.305865 | > DO_CALL (0.001s wait)
.2020-01-21 11:02:24.311462 | eval'd: drake::cmq_buildtargetmetadepsspecht_is_subtargetconfig
2020-01-21 11:02:27.993025 | > DO_CALL (0.000s wait)
.2020-01-21 11:02:27.997237 | eval'd: drake::cmq_buildtargetmetadepsspecht_is_subtargetconfig
2020-01-21 11:02:31.615239 | > DO_CALL (0.000s wait)
.2020-01-21 11:02:31.619869 | eval'd: drake::cmq_buildtargetmetadepsspecht_is_subtargetconfig
2020-01-21 11:02:36.188848 | > DO_CALL (0.001s wait)
.2020-01-21 11:02:36.194687 | eval'd: drake::cmq_buildtargetmetadepsspecht_is_subtargetconfig
2020-01-21 11:02:40.627573 | > DO_CALL (0.000s wait)
.2020-01-21 11:02:40.633041 | eval'd: drake::cmq_buildtargetmetadepsspecht_is_subtargetconfig
2020-01-21 11:02:44.311665 | > DO_CALL (0.000s wait)
.2020-01-21 11:02:44.317127 | eval'd: drake::cmq_buildtargetmetadepsspecht_is_subtargetconfig
2020-01-21 11:02:48.158978 | > DO_CALL (0.000s wait)
.2020-01-21 11:02:48.163246 | eval'd: drake::cmq_buildtargetmetadepsspecht_is_subtargetconfig
2020-01-21 11:02:51.820183 | > DO_CALL (0.000s wait)
.2020-01-21 11:02:51.824924 | eval'd: drake::cmq_buildtargetmetadepsspecht_is_subtargetconfig
2020-01-21 11:02:57.113224 | > DO_CALL (0.000s wait)
.2020-01-21 11:02:57.118204 | eval'd: drake::cmq_buildtargetmetadepsspecht_is_subtargetconfig
2020-01-21 11:03:00.699271 | > DO_CALL (0.000s wait)
.2020-01-21 11:03:00.704002 | eval'd: drake::cmq_buildtargetmetadepsspecht_is_subtargetconfig
2020-01-21 11:03:04.386302 | > DO_CALL (0.000s wait)
.2020-01-21 11:03:04.390975 | eval'd: drake::cmq_buildtargetmetadepsspecht_is_subtargetconfig
2020-01-21 11:03:07.970350 | > DO_CALL (0.000s wait)
.2020-01-21 11:03:07.975125 | eval'd: drake::cmq_buildtargetmetadepsspecht_is_subtargetconfig
2020-01-21 11:03:11.663008 | > DO_CALL (0.000s wait)
.2020-01-21 11:03:11.667375 | eval'd: drake::cmq_buildtargetmetadepsspecht_is_subtargetconfig
2020-01-21 11:03:15.360196 | > DO_CALL (0.000s wait)
.2020-01-21 11:03:15.364778 | eval'd: drake::cmq_buildtargetmetadepsspecht_is_subtargetconfig
2020-01-21 11:03:19.896458 | > DO_CALL (0.000s wait)
.2020-01-21 11:03:19.901473 | eval'd: drake::cmq_buildtargetmetadepsspecht_is_subtargetconfig
2020-01-21 11:03:23.314610 | > DO_CALL (0.000s wait)
.2020-01-21 11:03:23.320270 | eval'd: drake::cmq_buildtargetmetadepsspecht_is_subtargetconfig
2020-01-21 11:03:27.185446 | > DO_CALL (0.000s wait)
.2020-01-21 11:03:27.190417 | eval'd: drake::cmq_buildtargetmetadepsspecht_is_subtargetconfig
2020-01-21 11:03:30.869559 | > DO_CALL (0.000s wait)
.2020-01-21 11:03:30.875088 | eval'd: drake::cmq_buildtargetmetadepsspecht_is_subtargetconfig
2020-01-21 11:03:35.362992 | > DO_CALL (0.000s wait)
.2020-01-21 11:03:35.367221 | eval'd: drake::cmq_buildtargetmetadepsspecht_is_subtargetconfig
2020-01-21 11:03:40.338198 | > DO_CALL (0.000s wait)
.2020-01-21 11:03:40.342792 | eval'd: drake::cmq_buildtargetmetadepsspecht_is_subtargetconfig
2020-01-21 11:03:44.123373 | > DO_CALL (0.000s wait)
.2020-01-21 11:03:44.128844 | eval'd: drake::cmq_buildtargetmetadepsspecht_is_subtargetconfig
2020-01-21 11:03:47.849081 | > DO_CALL (0.000s wait)
.2020-01-21 11:03:47.853375 | eval'd: drake::cmq_buildtargetmetadepsspecht_is_subtargetconfig
2020-01-21 11:03:51.480002 | > DO_CALL (0.000s wait)
.2020-01-21 11:03:51.484295 | eval'd: drake::cmq_buildtargetmetadepsspecht_is_subtargetconfig
2020-01-21 11:03:56.227317 | > DO_CALL (0.000s wait)
.2020-01-21 11:03:56.232061 | eval'd: drake::cmq_buildtargetmetadepsspecht_is_subtargetconfig
2020-01-21 11:04:01.881050 | > DO_CALL (0.000s wait)
.2020-01-21 11:04:01.885417 | eval'd: drake::cmq_buildtargetmetadepsspecht_is_subtargetconfig
2020-01-21 11:04:05.732593 | > DO_CALL (0.000s wait)
.2020-01-21 11:04:05.737870 | eval'd: drake::cmq_buildtargetmetadepsspecht_is_subtargetconfig
2020-01-21 11:04:09.482043 | > DO_CALL (0.001s wait)
.2020-01-21 11:04:09.487908 | eval'd: drake::cmq_buildtargetmetadepsspecht_is_subtargetconfig
2020-01-21 11:04:13.259180 | > DO_CALL (0.000s wait)
.2020-01-21 11:04:13.264349 | eval'd: drake::cmq_buildtargetmetadepsspecht_is_subtargetconfig
2020-01-21 11:04:17.001216 | > DO_CALL (0.000s wait)
.2020-01-21 11:04:17.005917 | eval'd: drake::cmq_buildtargetmetadepsspecht_is_subtargetconfig
2020-01-21 11:04:20.835262 | > DO_CALL (0.000s wait)
.2020-01-21 11:04:20.840034 | eval'd: drake::cmq_buildtargetmetadepsspecht_is_subtargetconfig
2020-01-21 11:04:24.612066 | > DO_CALL (0.000s wait)
.2020-01-21 11:04:24.616665 | eval'd: drake::cmq_buildtargetmetadepsspecht_is_subtargetconfig
2020-01-21 11:04:28.320189 | > DO_CALL (0.001s wait)
.
2020-01-21 11:04:28.326524 | eval'd: drake::cmq_buildtargetmetadepsspecht_is_subtargetconfig
2020-01-21 11:04:31.797035 | > DO_CALL (0.000s wait)
.2020-01-21 11:04:31.801244 | eval'd: drake::cmq_buildtargetmetadepsspecht_is_subtargetconfig
2020-01-21 11:04:35.603007 | > DO_CALL (0.000s wait)
.2020-01-21 11:04:35.607255 | eval'd: drake::cmq_buildtargetmetadepsspecht_is_subtargetconfig
2020-01-21 11:04:39.382069 | > DO_CALL (0.001s wait)
.2020-01-21 11:04:39.388239 | eval'd: drake::cmq_buildtargetmetadepsspecht_is_subtargetconfig
2020-01-21 11:04:43.800696 | > DO_CALL (0.001s wait)
.2020-01-21 11:04:43.806720 | eval'd: drake::cmq_buildtargetmetadepsspecht_is_subtargetconfig
2020-01-21 11:04:47.582891 | > DO_CALL (0.001s wait)
.2020-01-21 11:04:47.588799 | eval'd: drake::cmq_buildtargetmetadepsspecht_is_subtargetconfig
2020-01-21 11:04:51.193999 | > DO_CALL (0.000s wait)
.2020-01-21 11:04:51.198353 | eval'd: drake::cmq_buildtargetmetadepsspecht_is_subtargetconfig
2020-01-21 11:04:55.099059 | > DO_CALL (0.000s wait)
.2020-01-21 11:04:55.103333 | eval'd: drake::cmq_buildtargetmetadepsspecht_is_subtargetconfig
2020-01-21 11:05:00.747284 | > DO_CALL (0.000s wait)
.2020-01-21 11:05:00.751824 | eval'd: drake::cmq_buildtargetmetadepsspecht_is_subtargetconfig
2020-01-21 11:05:04.304058 | > DO_CALL (0.001s wait)
.2020-01-21 11:05:04.310518 | eval'd: drake::cmq_buildtargetmetadepsspecht_is_subtargetconfig
2020-01-21 11:05:07.867783 | > DO_CALL (0.001s wait)
.2020-01-21 11:05:07.873250 | eval'd: drake::cmq_buildtargetmetadepsspecht_is_subtargetconfig
2020-01-21 11:05:11.700868 | > DO_CALL (0.001s wait)
.2020-01-21 11:05:11.706466 | eval'd: drake::cmq_buildtargetmetadepsspecht_is_subtargetconfig
2020-01-21 11:05:15.339195 | > DO_CALL (0.000s wait)
.2020-01-21 11:05:15.356957 | eval'd: drake::cmq_buildtargetmetadepsspecht_is_subtargetconfig
2020-01-21 11:05:19.753089 | > DO_CALL (0.000s wait)
.2020-01-21 11:05:19.757304 | eval'd: drake::cmq_buildtargetmetadepsspecht_is_subtargetconfig
2020-01-21 11:05:23.322888 | > DO_CALL (0.001s wait)
.2020-01-21 11:05:23.329063 | eval'd: drake::cmq_buildtargetmetadepsspecht_is_subtargetconfig
2020-01-21 11:05:27.099496 | > DO_CALL (0.000s wait)
.2020-01-21 11:05:27.104550 | eval'd: drake::cmq_buildtargetmetadepsspecht_is_subtargetconfig
2020-01-21 11:05:30.745237 | > DO_CALL (0.000s wait)
.2020-01-21 11:05:30.749866 | eval'd: drake::cmq_buildtargetmetadepsspecht_is_subtargetconfig
2020-01-21 11:05:34.504208 | > DO_CALL (0.000s wait)
.2020-01-21 11:05:34.509699 | eval'd: drake::cmq_buildtargetmetadepsspecht_is_subtargetconfig
2020-01-21 11:05:38.058017 | > DO_CALL (0.000s wait)
.2020-01-21 11:05:38.062284 | eval'd: drake::cmq_buildtargetmetadepsspecht_is_subtargetconfig
2020-01-21 11:05:41.975373 | > DO_CALL (0.000s wait)
.2020-01-21 11:05:41.980264 | eval'd: drake::cmq_buildtargetmetadepsspecht_is_subtargetconfig
2020-01-21 11:05:46.352929 | > DO_CALL (0.001s wait)
.2020-01-21 11:05:46.358248 | eval'd: drake::cmq_buildtargetmetadepsspecht_is_subtargetconfig
2020-01-21 11:05:50.094293 | > DO_CALL (0.000s wait)
.2020-01-21 11:05:50.098868 | eval'd: drake::cmq_buildtargetmetadepsspecht_is_subtargetconfig
2020-01-21 11:05:53.738726 | > DO_CALL (0.001s wait)
.2020-01-21 11:05:53.744517 | eval'd: drake::cmq_buildtargetmetadepsspecht_is_subtargetconfig
2020-01-21 11:05:57.238726 | > DO_CALL (0.001s wait)
.2020-01-21 11:05:57.243439 | eval'd: drake::cmq_buildtargetmetadepsspecht_is_subtargetconfig
2020-01-21 11:06:00.691298 | > DO_CALL (0.000s wait)
.2020-01-21 11:06:00.695930 | eval'd: drake::cmq_buildtargetmetadepsspecht_is_subtargetconfig
2020-01-21 11:06:05.621244 | > DO_CALL (0.000s wait)
.2020-01-21 11:06:05.626318 | eval'd: drake::cmq_buildtargetmetadepsspecht_is_subtargetconfig
2020-01-21 11:06:09.187352 | > DO_CALL (0.000s wait)
.2020-01-21 11:06:09.192023 | eval'd: drake::cmq_buildtargetmetadepsspecht_is_subtargetconfig
2020-01-21 11:06:12.696223 | > DO_CALL (0.000s wait)
.2020-01-21 11:06:12.701302 | eval'd: drake::cmq_buildtargetmetadepsspecht_is_subtargetconfig
2020-01-21 11:06:16.636389 | > DO_CALL (0.000s wait)
.2020-01-21 11:06:16.641117 | eval'd: drake::cmq_buildtargetmetadepsspecht_is_subtargetconfig
2020-01-21 11:06:20.902012 | > DO_CALL (0.000s wait)
.2020-01-21 11:06:20.906171 | eval'd: drake::cmq_buildtargetmetadepsspecht_is_subtargetconfig
2020-01-21 11:06:24.483727 | > DO_CALL (0.001s wait)
.2020-01-21 11:06:24.489619 | eval'd: drake::cmq_buildtargetmetadepsspecht_is_subtargetconfig
2020-01-21 11:06:27.956989 | > DO_CALL (0.000s wait)
.2020-01-21 11:06:27.961219 | eval'd: drake::cmq_buildtargetmetadepsspecht_is_subtargetconfig
2020-01-21 11:06:31.613081 | > DO_CALL (0.000s wait)
.2020-01-21 11:06:31.617507 | eval'd: drake::cmq_buildtargetmetadepsspecht_is_subtargetconfig
2020-01-21 11:06:35.336745 | > DO_CALL (0.001s wait)
.2020-01-21 11:06:35.341918 | eval'd: drake::cmq_buildtargetmetadepsspecht_is_subtargetconfig
2020-01-21 11:06:38.906074 | > DO_CALL (0.000s wait)
.2020-01-21 11:06:38.913358 | eval'd: drake::cmq_buildtargetmetadepsspecht_is_subtargetconfig
2020-01-21 11:06:42.626821 | > DO_CALL (0.001s wait)
.2020-01-21 11:06:42.633630 | eval'd: drake::cmq_buildtargetmetadepsspecht_is_subtargetconfig
2020-01-21 11:06:46.125098 | > DO_CALL (0.000s wait)
.2020-01-21 11:06:46.129541 | eval'd: drake::cmq_buildtargetmetadepsspecht_is_subtargetconfig
2020-01-21 11:06:50.366014 | > DO_CALL (0.000s wait)
.2020-01-21 11:06:50.370473 | eval'd: drake::cmq_buildtargetmetadepsspecht_is_subtargetconfig
2020-01-21 11:06:54.009209 | > DO_CALL (0.000s wait)
.2020-01-21 11:06:54.014478 | eval'd: drake::cmq_buildtargetmetadepsspecht_is_subtargetconfig
2020-01-21 11:06:57.710711 | > DO_CALL (0.001s wait)
.2020-01-21 11:06:57.716208 | eval'd: drake::cmq_buildtargetmetadepsspecht_is_subtargetconfig
2020-01-21 11:07:01.524427 | > DO_CALL (0.000s wait)
.2020-01-21 11:07:01.529411 | eval'd: drake::cmq_buildtargetmetadepsspecht_is_subtargetconfig
2020-01-21 11:07:07.239285 | > DO_CALL (0.001s wait)
.2020-01-21 11:07:07.244837 | eval'd: drake::cmq_buildtargetmetadepsspecht_is_subtargetconfig
2020-01-21 11:07:10.747867 | > DO_CALL (0.001s wait)
.2020-01-21 11:07:10.753904 | eval'd: drake::cmq_buildtargetmetadepsspecht_is_subtargetconfig
2020-01-21 11:07:14.177201 | > DO_CALL (0.000s wait)
.2020-01-21 11:07:14.182477 | eval'd: drake::cmq_buildtargetmetadepsspecht_is_subtargetconfig
2020-01-21 11:07:17.613668 | > DO_CALL (0.000s wait)
.2020-01-21 11:07:17.618824 | eval'd: drake::cmq_buildtargetmetadepsspecht_is_subtargetconfig
2020-01-21 11:07:21.120119 | > DO_CALL (0.000s wait)
.2020-01-21 11:07:21.124784 | eval'd: drake::cmq_buildtargetmetadepsspecht_is_subtargetconfig
2020-01-21 11:07:25.364495 | > DO_CALL (0.000s wait)
.2020-01-21 11:07:25.369637 | eval'd: drake::cmq_buildtargetmetadepsspecht_is_subtargetconfig
2020-01-21 11:07:28.881620 | > DO_CALL (0.000s wait)
.2020-01-21 11:07:28.887077 | eval'd: drake::cmq_buildtargetmetadepsspecht_is_subtargetconfig
2020-01-21 11:07:32.528021 | > DO_CALL (0.000s wait)
.2020-01-21 11:07:32.532826 | eval'd: drake::cmq_buildtargetmetadepsspecht_is_subtargetconfig
2020-01-21 11:07:36.058966 | > DO_CALL (0.001s wait)
.2020-01-21 11:07:36.064665 | eval'd: drake::cmq_buildtargetmetadepsspecht_is_subtargetconfig
2020-01-21 11:07:39.464749 | > DO_CALL (0.001s wait)
.2020-01-21 11:07:39.470154 | eval'd: drake::cmq_buildtargetmetadepsspecht_is_subtargetconfig
2020-01-21 11:07:43.245141 | > DO_CALL (0.000s wait)
.2020-01-21 11:07:43.250331 | eval'd: drake::cmq_buildtargetmetadepsspecht_is_subtargetconfig
2020-01-21 11:07:46.857757 | > DO_CALL (0.001s wait)
.2020-01-21 11:07:46.863081 | eval'd: drake::cmq_buildtargetmetadepsspecht_is_subtargetconfig
2020-01-21 11:07:50.627905 | > DO_CALL (0.001s wait)
.2020-01-21 11:07:50.633442 | eval'd: drake::cmq_buildtargetmetadepsspecht_is_subtargetconfig
2020-01-21 11:07:55.399153 | > DO_CALL (0.000s wait)
.2020-01-21 11:07:55.404120 | eval'd: drake::cmq_buildtargetmetadepsspecht_is_subtargetconfig
2020-01-21 11:07:58.952538 | > DO_CALL (0.000s wait)
.2020-01-21 11:07:58.957632 | eval'd: drake::cmq_buildtargetmetadepsspecht_is_subtargetconfig
2020-01-21 11:08:02.576877 | > DO_CALL (0.001s wait)
.2020-01-21 11:08:02.582759 | eval'd: drake::cmq_buildtargetmetadepsspecht_is_subtargetconfig
2020-01-21 11:08:06.166235 | > DO_CALL (0.000s wait)
.2020-01-21 11:08:06.170778 | eval'd: drake::cmq_buildtargetmetadepsspecht_is_subtargetconfig
2020-01-21 11:08:11.573325 | > DO_CALL (0.000s wait)
.2020-01-21 11:08:11.578381 | eval'd: drake::cmq_buildtargetmetadepsspecht_is_subtargetconfig
2020-01-21 11:08:15.158999 | > DO_CALL (0.000s wait)
.2020-01-21 11:08:15.163220 | eval'd: drake::cmq_buildtargetmetadepsspecht_is_subtargetconfig
2020-01-21 11:08:18.707458 | > DO_CALL (0.000s wait)
.2020-01-21 11:08:18.712541 | eval'd: drake::cmq_buildtargetmetadepsspecht_is_subtargetconfig
2020-01-21 11:08:22.231836 | > DO_CALL (0.001s wait)
.2020-01-21 11:08:22.237759 | eval'd: drake::cmq_buildtargetmetadepsspecht_is_subtargetconfig
2020-01-21 11:08:25.766996 | > DO_CALL (0.001s wait)
.2020-01-21 11:08:25.772573 | eval'd: drake::cmq_buildtargetmetadepsspecht_is_subtargetconfig
2020-01-21 11:08:29.244997 | > DO_CALL (0.000s wait)
.2020-01-21 11:08:29.249194 | eval'd: drake::cmq_buildtargetmetadepsspecht_is_subtargetconfig
2020-01-21 11:08:33.571787 | > DO_CALL (0.001s wait)
.2020-01-21 11:08:33.577647 | eval'd: drake::cmq_buildtargetmetadepsspecht_is_subtargetconfig
2020-01-21 11:08:37.350325 | > DO_CALL (0.000s wait)
.2020-01-21 11:08:37.355149 | eval'd: drake::cmq_buildtargetmetadepsspecht_is_subtargetconfig
2020-01-21 11:08:40.982932 | > DO_CALL (0.001s wait)
.2020-01-21 11:08:40.988467 | eval'd: drake::cmq_buildtargetmetadepsspecht_is_subtargetconfig
2020-01-21 11:08:44.634135 | > DO_CALL (0.000s wait)
.2020-01-21 11:08:44.639219 | eval'd: drake::cmq_buildtargetmetadepsspecht_is_subtargetconfig
2020-01-21 11:08:48.266312 | > DO_CALL (0.000s wait)
.2020-01-21 11:08:48.271067 | eval'd: drake::cmq_buildtargetmetadepsspecht_is_subtargetconfig
2020-01-21 11:08:51.749116 | > DO_CALL (0.000s wait)
.2020-01-21 11:08:51.753547 | eval'd: drake::cmq_buildtargetmetadepsspecht_is_subtargetconfig
2020-01-21 11:08:55.701666 | > DO_CALL (0.000s wait)
.2020-01-21 11:08:55.706849 | eval'd: drake::cmq_buildtargetmetadepsspecht_is_subtargetconfig
2020-01-21 11:08:59.447994 | > DO_CALL (0.000s wait)
.2020-01-21 11:08:59.452176 | eval'd: drake::cmq_buildtargetmetadepsspecht_is_subtargetconfig
2020-01-21 11:09:03.313959 | > DO_CALL (0.001s wait)
.2020-01-21 11:09:03.320327 | eval'd: drake::cmq_buildtargetmetadepsspecht_is_subtargetconfig
2020-01-21 11:09:06.985810 | > DO_CALL (0.001s wait)
.2020-01-21 11:09:06.991399 | eval'd: drake::cmq_buildtargetmetadepsspecht_is_subtargetconfig
2020-01-21 11:09:12.626034 | > DO_CALL (0.001s wait)
.2020-01-21 11:09:12.632478 | eval'd: drake::cmq_buildtargetmetadepsspecht_is_subtargetconfig
2020-01-21 11:09:16.147625 | > DO_CALL (0.020s wait)
.2020-01-21 11:09:16.151791 | eval'd: drake::cmq_buildtargetmetadepsspecht_is_subtargetconfig
2020-01-21 11:09:19.487758 | > DO_CALL (0.001s wait)
.2020-01-21 11:09:19.493126 | eval'd: drake::cmq_buildtargetmetadepsspecht_is_subtargetconfig
2020-01-21 11:09:22.961971 | > DO_CALL (0.000s wait)
.2020-01-21 11:09:22.966510 | eval'd: drake::cmq_buildtargetmetadepsspecht_is_subtargetconfig
2020-01-21 11:09:26.487985 | > DO_CALL (0.000s wait)
.2020-01-21 11:09:26.492255 | eval'd: drake::cmq_buildtargetmetadepsspecht_is_subtargetconfig
2020-01-21 11:09:30.366070 | > DO_CALL (0.000s wait)
.
2020-01-21 11:09:30.370429 | eval'd: drake::cmq_buildtargetmetadepsspecht_is_subtargetconfig
2020-01-21 11:09:34.042016 | > DO_CALL (0.000s wait)
.2020-01-21 11:09:34.046337 | eval'd: drake::cmq_buildtargetmetadepsspecht_is_subtargetconfig
2020-01-21 11:09:37.838055 | > DO_CALL (0.000s wait)
.2020-01-21 11:09:37.842417 | eval'd: drake::cmq_buildtargetmetadepsspecht_is_subtargetconfig
2020-01-21 11:09:42.232127 | > DO_CALL (0.001s wait)
.2020-01-21 11:09:42.238688 | eval'd: drake::cmq_buildtargetmetadepsspecht_is_subtargetconfig
2020-01-21 11:09:45.890876 | > DO_CALL (0.001s wait)
.2020-01-21 11:09:45.896508 | eval'd: drake::cmq_buildtargetmetadepsspecht_is_subtargetconfig
2020-01-21 11:09:49.398331 | > DO_CALL (0.000s wait)
.2020-01-21 11:09:49.403120 | eval'd: drake::cmq_buildtargetmetadepsspecht_is_subtargetconfig
2020-01-21 11:09:52.955168 | > DO_CALL (0.000s wait)
.2020-01-21 11:09:52.960675 | eval'd: drake::cmq_buildtargetmetadepsspecht_is_subtargetconfig
2020-01-21 11:09:56.412345 | > DO_CALL (0.000s wait)
.2020-01-21 11:09:56.417170 | eval'd: drake::cmq_buildtargetmetadepsspecht_is_subtargetconfig
2020-01-21 11:10:00.460544 | > DO_CALL (0.000s wait)
.2020-01-21 11:10:00.489982 | eval'd: drake::cmq_buildtargetmetadepsspecht_is_subtargetconfig
2020-01-21 11:10:03.898454 | > DO_CALL (0.000s wait)
.2020-01-21 11:10:03.903248 | eval'd: drake::cmq_buildtargetmetadepsspecht_is_subtargetconfig
2020-01-21 11:10:07.467015 | > DO_CALL (0.000s wait)
.2020-01-21 11:10:07.471140 | eval'd: drake::cmq_buildtargetmetadepsspecht_is_subtargetconfig
2020-01-21 11:10:10.945901 | > DO_CALL (0.001s wait)
.2020-01-21 11:10:10.951557 | eval'd: drake::cmq_buildtargetmetadepsspecht_is_subtargetconfig
2020-01-21 11:10:16.245950 | > DO_CALL (0.001s wait)
.2020-01-21 11:10:16.251987 | eval'd: drake::cmq_buildtargetmetadepsspecht_is_subtargetconfig
2020-01-21 11:10:19.705382 | > DO_CALL (0.000s wait)
.2020-01-21 11:10:19.710110 | eval'd: drake::cmq_buildtargetmetadepsspecht_is_subtargetconfig
2020-01-21 11:10:23.322829 | > DO_CALL (0.001s wait)
.2020-01-21 11:10:23.328938 | eval'd: drake::cmq_buildtargetmetadepsspecht_is_subtargetconfig
2020-01-21 11:10:26.786077 | > DO_CALL (0.000s wait)
.2020-01-21 11:10:26.790361 | eval'd: drake::cmq_buildtargetmetadepsspecht_is_subtargetconfig
2020-01-21 11:10:30.350042 | > DO_CALL (0.001s wait)
.2020-01-21 11:10:30.355819 | eval'd: drake::cmq_buildtargetmetadepsspecht_is_subtargetconfig
2020-01-21 11:10:33.908870 | > DO_CALL (0.001s wait)
.2020-01-21 11:10:33.915124 | eval'd: drake::cmq_buildtargetmetadepsspecht_is_subtargetconfig
2020-01-21 11:10:37.530281 | > DO_CALL (0.000s wait)
.2020-01-21 11:10:37.534894 | eval'd: drake::cmq_buildtargetmetadepsspecht_is_subtargetconfig
2020-01-21 11:10:41.236820 | > DO_CALL (0.001s wait)
.2020-01-21 11:10:41.242460 | eval'd: drake::cmq_buildtargetmetadepsspecht_is_subtargetconfig
2020-01-21 11:10:44.745148 | > DO_CALL (0.000s wait)
.2020-01-21 11:10:44.749934 | eval'd: drake::cmq_buildtargetmetadepsspecht_is_subtargetconfig
2020-01-21 11:10:48.289945 | > DO_CALL (0.001s wait)
.2020-01-21 11:10:48.295437 | eval'd: drake::cmq_buildtargetmetadepsspecht_is_subtargetconfig
2020-01-21 11:10:51.752667 | > DO_CALL (0.000s wait)
.2020-01-21 11:10:51.757786 | eval'd: drake::cmq_buildtargetmetadepsspecht_is_subtargetconfig
2020-01-21 11:10:56.124407 | > DO_CALL (0.000s wait)
.2020-01-21 11:10:56.129418 | eval'd: drake::cmq_buildtargetmetadepsspecht_is_subtargetconfig
2020-01-21 11:11:00.190686 | > DO_CALL (0.000s wait)
.2020-01-21 11:11:00.195926 | eval'd: drake::cmq_buildtargetmetadepsspecht_is_subtargetconfig
2020-01-21 11:11:04.125694 | > DO_CALL (0.001s wait)
.2020-01-21 11:11:04.131485 | eval'd: drake::cmq_buildtargetmetadepsspecht_is_subtargetconfig
2020-01-21 11:11:07.704929 | > DO_CALL (0.001s wait)
.2020-01-21 11:11:07.710579 | eval'd: drake::cmq_buildtargetmetadepsspecht_is_subtargetconfig
2020-01-21 11:11:11.216192 | > DO_CALL (0.000s wait)
.2020-01-21 11:11:11.220771 | eval'd: drake::cmq_buildtargetmetadepsspecht_is_subtargetconfig
2020-01-21 11:11:14.956974 | > DO_CALL (0.001s wait)
.2020-01-21 11:11:14.962404 | eval'd: drake::cmq_buildtargetmetadepsspecht_is_subtargetconfig
2020-01-21 11:11:20.405956 | > DO_CALL (0.001s wait)
.2020-01-21 11:11:20.411590 | eval'd: drake::cmq_buildtargetmetadepsspecht_is_subtargetconfig
2020-01-21 11:11:23.957103 | > DO_CALL (0.000s wait)
.2020-01-21 11:11:23.961813 | eval'd: drake::cmq_buildtargetmetadepsspecht_is_subtargetconfig
2020-01-21 11:11:27.505757 | > DO_CALL (0.001s wait)
.2020-01-21 11:11:27.510904 | eval'd: drake::cmq_buildtargetmetadepsspecht_is_subtargetconfig
2020-01-21 11:11:31.030903 | > DO_CALL (0.001s wait)
.2020-01-21 11:11:31.036479 | eval'd: drake::cmq_buildtargetmetadepsspecht_is_subtargetconfig
2020-01-21 11:11:34.728183 | > DO_CALL (0.000s wait)
.2020-01-21 11:11:34.733330 | eval'd: drake::cmq_buildtargetmetadepsspecht_is_subtargetconfig
2020-01-21 11:11:38.548038 | > DO_CALL (0.000s wait)
.2020-01-21 11:11:38.552297 | eval'd: drake::cmq_buildtargetmetadepsspecht_is_subtargetconfig
2020-01-21 11:11:42.245029 | > DO_CALL (0.000s wait)
.2020-01-21 11:11:42.250008 | eval'd: drake::cmq_buildtargetmetadepsspecht_is_subtargetconfig
2020-01-21 11:11:45.859836 | > DO_CALL (0.001s wait)
.2020-01-21 11:11:45.865397 | eval'd: drake::cmq_buildtargetmetadepsspecht_is_subtargetconfig
2020-01-21 11:11:49.436900 | > DO_CALL (0.001s wait)
.2020-01-21 11:11:49.442751 | eval'd: drake::cmq_buildtargetmetadepsspecht_is_subtargetconfig
2020-01-21 11:11:52.907994 | > DO_CALL (0.000s wait)
.2020-01-21 11:11:52.912703 | eval'd: drake::cmq_buildtargetmetadepsspecht_is_subtargetconfig
2020-01-21 11:11:57.254931 | > DO_CALL (0.001s wait)
.2020-01-21 11:11:57.260610 | eval'd: drake::cmq_buildtargetmetadepsspecht_is_subtargetconfig
2020-01-21 11:12:00.772343 | > DO_CALL (0.000s wait)
.2020-01-21 11:12:00.777107 | eval'd: drake::cmq_buildtargetmetadepsspecht_is_subtargetconfig
2020-01-21 11:12:04.918169 | > DO_CALL (0.000s wait)
.2020-01-21 11:12:04.922677 | eval'd: drake::cmq_buildtargetmetadepsspecht_is_subtargetconfig
2020-01-21 11:12:08.421151 | > DO_CALL (0.000s wait)
.2020-01-21 11:12:08.425479 | eval'd: drake::cmq_buildtargetmetadepsspecht_is_subtargetconfig
2020-01-21 11:12:11.797199 | > DO_CALL (0.000s wait)
.2020-01-21 11:12:11.801760 | eval'd: drake::cmq_buildtargetmetadepsspecht_is_subtargetconfig
2020-01-21 11:12:15.345478 | > DO_CALL (0.000s wait)
.2020-01-21 11:12:15.350451 | eval'd: drake::cmq_buildtargetmetadepsspecht_is_subtargetconfig
2020-01-21 11:12:20.488809 | > DO_CALL (0.001s wait)
.2020-01-21 11:12:20.494159 | eval'd: drake::cmq_buildtargetmetadepsspecht_is_subtargetconfig
2020-01-21 11:12:24.113909 | > DO_CALL (0.001s wait)
.2020-01-21 11:12:24.120043 | eval'd: drake::cmq_buildtargetmetadepsspecht_is_subtargetconfig
2020-01-21 11:12:27.588101 | > DO_CALL (0.000s wait)
.2020-01-21 11:12:27.592392 | eval'd: drake::cmq_buildtargetmetadepsspecht_is_subtargetconfig
2020-01-21 11:12:32.035505 | > DO_CALL (0.000s wait)
.2020-01-21 11:12:32.040410 | eval'd: drake::cmq_buildtargetmetadepsspecht_is_subtargetconfig
2020-01-21 11:12:35.529146 | > DO_CALL (0.000s wait)
.2020-01-21 11:12:35.533533 | eval'd: drake::cmq_buildtargetmetadepsspecht_is_subtargetconfig
2020-01-21 11:12:38.971066 | > DO_CALL (0.000s wait)
.2020-01-21 11:12:38.975364 | eval'd: drake::cmq_buildtargetmetadepsspecht_is_subtargetconfig
2020-01-21 11:12:42.421844 | > DO_CALL (0.001s wait)
.2020-01-21 11:12:42.428146 | eval'd: drake::cmq_buildtargetmetadepsspecht_is_subtargetconfig
2020-01-21 11:12:45.925631 | > DO_CALL (0.000s wait)
.2020-01-21 11:12:45.930747 | eval'd: drake::cmq_buildtargetmetadepsspecht_is_subtargetconfig
2020-01-21 11:12:49.565209 | > DO_CALL (0.000s wait)
.2020-01-21 11:12:49.569780 | eval'd: drake::cmq_buildtargetmetadepsspecht_is_subtargetconfig
2020-01-21 11:12:53.095468 | > DO_CALL (0.000s wait)
.2020-01-21 11:12:53.101479 | eval'd: drake::cmq_buildtargetmetadepsspecht_is_subtargetconfig
2020-01-21 11:12:56.540153 | > DO_CALL (0.000s wait)
.2020-01-21 11:12:56.544730 | eval'd: drake::cmq_buildtargetmetadepsspecht_is_subtargetconfig
2020-01-21 11:13:00.131003 | > DO_CALL (0.001s wait)
.2020-01-21 11:13:00.136691 | eval'd: drake::cmq_buildtargetmetadepsspecht_is_subtargetconfig
2020-01-21 11:13:03.406995 | > DO_CALL (0.000s wait)
.2020-01-21 11:13:03.411386 | eval'd: drake::cmq_buildtargetmetadepsspecht_is_subtargetconfig
2020-01-21 11:13:07.349001 | > DO_CALL (0.000s wait)
.2020-01-21 11:13:07.353132 | eval'd: drake::cmq_buildtargetmetadepsspecht_is_subtargetconfig
2020-01-21 11:13:10.901591 | > DO_CALL (0.000s wait)
.2020-01-21 11:13:10.906782 | eval'd: drake::cmq_buildtargetmetadepsspecht_is_subtargetconfig
2020-01-21 11:13:14.439145 | > DO_CALL (0.001s wait)
.2020-01-21 11:13:14.445670 | eval'd: drake::cmq_buildtargetmetadepsspecht_is_subtargetconfig
2020-01-21 11:13:18.115560 | > DO_CALL (0.000s wait)
.2020-01-21 11:13:18.120532 | eval'd: drake::cmq_buildtargetmetadepsspecht_is_subtargetconfig
2020-01-21 11:13:22.601142 | > DO_CALL (0.001s wait)
.2020-01-21 11:13:22.607681 | eval'd: drake::cmq_buildtargetmetadepsspecht_is_subtargetconfig
2020-01-21 11:13:26.747206 | > DO_CALL (0.001s wait)
.2020-01-21 11:13:26.753163 | eval'd: drake::cmq_buildtargetmetadepsspecht_is_subtargetconfig
2020-01-21 11:13:30.265249 | > DO_CALL (0.000s wait)
.2020-01-21 11:13:30.269834 | eval'd: drake::cmq_buildtargetmetadepsspecht_is_subtargetconfig
2020-01-21 11:13:33.927195 | > DO_CALL (0.000s wait)
.2020-01-21 11:13:33.932089 | eval'd: drake::cmq_buildtargetmetadepsspecht_is_subtargetconfig
2020-01-21 11:13:37.331124 | > DO_CALL (0.001s wait)
.2020-01-21 11:13:37.337235 | eval'd: drake::cmq_buildtargetmetadepsspecht_is_subtargetconfig
2020-01-21 11:13:40.784114 | > DO_CALL (0.001s wait)
.2020-01-21 11:13:40.789872 | eval'd: drake::cmq_buildtargetmetadepsspecht_is_subtargetconfig
2020-01-21 11:13:45.113142 | > DO_CALL (0.001s wait)
.2020-01-21 11:13:45.119569 | eval'd: drake::cmq_buildtargetmetadepsspecht_is_subtargetconfig
2020-01-21 11:13:48.646269 | > DO_CALL (0.000s wait)
.2020-01-21 11:13:48.650851 | eval'd: drake::cmq_buildtargetmetadepsspecht_is_subtargetconfig
2020-01-21 11:13:52.177148 | > DO_CALL (0.000s wait)
.2020-01-21 11:13:52.181795 | eval'd: drake::cmq_buildtargetmetadepsspecht_is_subtargetconfig
2020-01-21 11:13:55.724391 | > DO_CALL (0.000s wait)
.2020-01-21 11:13:55.729252 | eval'd: drake::cmq_buildtargetmetadepsspecht_is_subtargetconfig
2020-01-21 11:13:59.108677 | > DO_CALL (0.000s wait)
.2020-01-21 11:13:59.114112 | eval'd: drake::cmq_buildtargetmetadepsspecht_is_subtargetconfig
2020-01-21 11:14:02.613213 | > DO_CALL (0.001s wait)
.2020-01-21 11:14:02.619691 | eval'd: drake::cmq_buildtargetmetadepsspecht_is_subtargetconfig
2020-01-21 11:14:06.091914 | > DO_CALL (0.001s wait)
.2020-01-21 11:14:06.097341 | eval'd: drake::cmq_buildtargetmetadepsspecht_is_subtargetconfig
2020-01-21 11:14:10.238926 | > DO_CALL (0.001s wait)
.2020-01-21 11:14:10.243709 | eval'd: drake::cmq_buildtargetmetadepsspecht_is_subtargetconfig
2020-01-21 11:14:13.650202 | > DO_CALL (0.001s wait)
.2020-01-21 11:14:13.656781 | eval'd: drake::cmq_buildtargetmetadepsspecht_is_subtargetconfig
2020-01-21 11:14:17.080194 | > DO_CALL (0.001s wait)
.2020-01-21 11:14:17.086207 | eval'd: drake::cmq_buildtargetmetadepsspecht_is_subtargetconfig
2020-01-21 11:14:20.498076 | > DO_CALL (0.000s wait)
.2020-01-21 11:14:20.502729 | eval'd: drake::cmq_buildtargetmetadepsspecht_is_subtargetconfig
2020-01-21 11:14:26.571273 | > DO_CALL (0.000s wait)
.
2020-01-21 11:14:26.591986 | eval'd: drake::cmq_buildtargetmetadepsspecht_is_subtargetconfig
2020-01-21 11:14:30.256413 | > DO_CALL (0.000s wait)
.2020-01-21 11:14:30.261329 | eval'd: drake::cmq_buildtargetmetadepsspecht_is_subtargetconfig
2020-01-21 11:14:33.857064 | > DO_CALL (0.000s wait)
.2020-01-21 11:14:33.861778 | eval'd: drake::cmq_buildtargetmetadepsspecht_is_subtargetconfig
2020-01-21 11:14:37.281870 | > DO_CALL (0.001s wait)
.2020-01-21 11:14:37.287569 | eval'd: drake::cmq_buildtargetmetadepsspecht_is_subtargetconfig
2020-01-21 11:14:40.805202 | > DO_CALL (0.000s wait)
.2020-01-21 11:14:40.809710 | eval'd: drake::cmq_buildtargetmetadepsspecht_is_subtargetconfig
2020-01-21 11:14:44.278888 | > DO_CALL (0.001s wait)
.2020-01-21 11:14:44.284880 | eval'd: drake::cmq_buildtargetmetadepsspecht_is_subtargetconfig
2020-01-21 11:14:47.586053 | > DO_CALL (0.000s wait)
.2020-01-21 11:14:47.590609 | eval'd: drake::cmq_buildtargetmetadepsspecht_is_subtargetconfig
2020-01-21 11:14:50.964740 | > DO_CALL (0.001s wait)
.2020-01-21 11:14:50.969712 | eval'd: drake::cmq_buildtargetmetadepsspecht_is_subtargetconfig
2020-01-21 11:14:54.366292 | > DO_CALL (0.000s wait)
.2020-01-21 11:14:54.371430 | eval'd: drake::cmq_buildtargetmetadepsspecht_is_subtargetconfig
2020-01-21 11:14:57.887106 | > DO_CALL (0.000s wait)
.2020-01-21 11:14:57.891606 | eval'd: drake::cmq_buildtargetmetadepsspecht_is_subtargetconfig
2020-01-21 11:15:01.256191 | > DO_CALL (0.000s wait)
.2020-01-21 11:15:01.260504 | eval'd: drake::cmq_buildtargetmetadepsspecht_is_subtargetconfig
2020-01-21 11:15:04.700749 | > DO_CALL (0.001s wait)
.2020-01-21 11:15:04.706124 | eval'd: drake::cmq_buildtargetmetadepsspecht_is_subtargetconfig
2020-01-21 11:15:08.132736 | > DO_CALL (0.001s wait)
.2020-01-21 11:15:08.136970 | eval'd: drake::cmq_buildtargetmetadepsspecht_is_subtargetconfig
2020-01-21 11:15:12.170165 | > DO_CALL (0.000s wait)
.2020-01-21 11:15:12.174835 | eval'd: drake::cmq_buildtargetmetadepsspecht_is_subtargetconfig
2020-01-21 11:15:15.732717 | > DO_CALL (0.001s wait)
.2020-01-21 11:15:15.737180 | eval'd: drake::cmq_buildtargetmetadepsspecht_is_subtargetconfig
2020-01-21 11:15:20.053514 | > DO_CALL (0.000s wait)
.2020-01-21 11:15:20.058583 | eval'd: drake::cmq_buildtargetmetadepsspecht_is_subtargetconfig
2020-01-21 11:15:23.368210 | > DO_CALL (0.000s wait)
.2020-01-21 11:15:23.373338 | eval'd: drake::cmq_buildtargetmetadepsspecht_is_subtargetconfig
2020-01-21 11:15:26.889894 | > DO_CALL (0.001s wait)
.2020-01-21 11:15:26.895363 | eval'd: drake::cmq_buildtargetmetadepsspecht_is_subtargetconfig
2020-01-21 11:15:32.364062 | > DO_CALL (0.001s wait)
.2020-01-21 11:15:32.370633 | eval'd: drake::cmq_buildtargetmetadepsspecht_is_subtargetconfig
2020-01-21 11:15:35.775938 | > DO_CALL (0.000s wait)
.2020-01-21 11:15:35.780070 | eval'd: drake::cmq_buildtargetmetadepsspecht_is_subtargetconfig
2020-01-21 11:15:39.125984 | > DO_CALL (0.001s wait)
.2020-01-21 11:15:39.131409 | eval'd: drake::cmq_buildtargetmetadepsspecht_is_subtargetconfig
2020-01-21 11:15:42.659153 | > DO_CALL (0.000s wait)
.2020-01-21 11:15:42.664094 | eval'd: drake::cmq_buildtargetmetadepsspecht_is_subtargetconfig
2020-01-21 11:15:46.093101 | > DO_CALL (0.000s wait)
.2020-01-21 11:15:46.097513 | eval'd: drake::cmq_buildtargetmetadepsspecht_is_subtargetconfig
2020-01-21 11:15:50.421444 | > DO_CALL (0.000s wait)
.2020-01-21 11:15:50.426394 | eval'd: drake::cmq_buildtargetmetadepsspecht_is_subtargetconfig
2020-01-21 11:15:53.790056 | > DO_CALL (0.000s wait)
.2020-01-21 11:15:53.795134 | eval'd: drake::cmq_buildtargetmetadepsspecht_is_subtargetconfig
2020-01-21 11:15:57.155149 | > DO_CALL (0.001s wait)
.2020-01-21 11:15:57.161074 | eval'd: drake::cmq_buildtargetmetadepsspecht_is_subtargetconfig
2020-01-21 11:16:00.438926 | > DO_CALL (0.001s wait)
.2020-01-21 11:16:00.444790 | eval'd: drake::cmq_buildtargetmetadepsspecht_is_subtargetconfig
2020-01-21 11:16:03.821933 | > DO_CALL (0.001s wait)
.2020-01-21 11:16:03.828011 | eval'd: drake::cmq_buildtargetmetadepsspecht_is_subtargetconfig
2020-01-21 11:16:07.126707 | > DO_CALL (0.001s wait)
.2020-01-21 11:16:07.131868 | eval'd: drake::cmq_buildtargetmetadepsspecht_is_subtargetconfig
2020-01-21 11:16:10.705899 | > DO_CALL (0.001s wait)
.2020-01-21 11:16:10.710372 | eval'd: drake::cmq_buildtargetmetadepsspecht_is_subtargetconfig
2020-01-21 11:16:14.066359 | > DO_CALL (0.000s wait)
.2020-01-21 11:16:14.071869 | eval'd: drake::cmq_buildtargetmetadepsspecht_is_subtargetconfig
2020-01-21 11:16:17.808061 | > DO_CALL (0.000s wait)
.2020-01-21 11:16:17.812373 | eval'd: drake::cmq_buildtargetmetadepsspecht_is_subtargetconfig
2020-01-21 11:16:21.270879 | > DO_CALL (0.001s wait)
.2020-01-21 11:16:21.276192 | eval'd: drake::cmq_buildtargetmetadepsspecht_is_subtargetconfig
2020-01-21 11:16:24.710028 | > DO_CALL (0.001s wait)
.2020-01-21 11:16:24.716014 | eval'd: drake::cmq_buildtargetmetadepsspecht_is_subtargetconfig
2020-01-21 11:16:28.179480 | > DO_CALL (0.000s wait)
.2020-01-21 11:16:28.184814 | eval'd: drake::cmq_buildtargetmetadepsspecht_is_subtargetconfig
2020-01-21 11:16:33.128139 | > DO_CALL (0.000s wait)
.2020-01-21 11:16:33.133145 | eval'd: drake::cmq_buildtargetmetadepsspecht_is_subtargetconfig
2020-01-21 11:16:36.626795 | > DO_CALL (0.001s wait)
.2020-01-21 11:16:36.632235 | eval'd: drake::cmq_buildtargetmetadepsspecht_is_subtargetconfig
2020-01-21 11:16:40.904012 | > DO_CALL (0.001s wait)
.2020-01-21 11:16:40.909978 | eval'd: drake::cmq_buildtargetmetadepsspecht_is_subtargetconfig
2020-01-21 11:16:44.239447 | > DO_CALL (0.000s wait)
.2020-01-21 11:16:44.245878 | eval'd: drake::cmq_buildtargetmetadepsspecht_is_subtargetconfig
2020-01-21 11:16:47.585075 | > DO_CALL (0.001s wait)
.2020-01-21 11:16:47.590831 | eval'd: drake::cmq_buildtargetmetadepsspecht_is_subtargetconfig
2020-01-21 11:16:51.036619 | > DO_CALL (0.000s wait)
.2020-01-21 11:16:51.041790 | eval'd: drake::cmq_buildtargetmetadepsspecht_is_subtargetconfig
2020-01-21 11:16:54.538165 | > DO_CALL (0.001s wait)
.2020-01-21 11:16:54.544842 | eval'd: drake::cmq_buildtargetmetadepsspecht_is_subtargetconfig
2020-01-21 11:16:57.912048 | > DO_CALL (0.001s wait)
.2020-01-21 11:16:57.917664 | eval'd: drake::cmq_buildtargetmetadepsspecht_is_subtargetconfig
2020-01-21 11:17:00.365985 | > WORKER_WAIT (0.000s wait)
2020-01-21 11:17:00.366487 | waiting 2.50s
2020-01-21 11:19:42.005018 | > WORKER_WAIT (0.000s wait)
2020-01-21 11:19:42.008068 | waiting 2.50s
Error in clustermq:::worker("tcp://c24a-s1:7958") : 
  Timeout reached, terminating
Execution halted
