2019-11-11 08:06:49.927387 | Master: tcp://c7a-s1:6956
2019-11-11 08:06:49.950598 | WORKER_UP to: tcp://c7a-s1:6956
2019-11-11 08:06:52.173117 | > DO_SETUP (1.859s wait)
2019-11-11 08:06:52.173519 | token from msg: set_common_data_token
2019-11-11 08:07:50.729595 | > WORKER_WAIT (0.001s wait)
2019-11-11 08:07:50.730194 | waiting 0.50s
2019-11-11 08:07:51.232375 | > WORKER_WAIT (0.000s wait)
2019-11-11 08:07:51.232698 | waiting 0.50s
2019-11-11 08:07:51.734863 | > WORKER_WAIT (0.000s wait)
2019-11-11 08:07:51.735194 | waiting 0.50s
2019-11-11 08:07:52.237269 | > WORKER_WAIT (0.000s wait)
2019-11-11 08:07:52.237588 | waiting 0.50s
2019-11-11 08:07:52.739865 | > WORKER_WAIT (0.000s wait)
2019-11-11 08:07:52.740177 | waiting 0.50s
2019-11-11 08:07:53.242832 | > WORKER_WAIT (0.000s wait)
2019-11-11 08:07:53.243174 | waiting 0.50s
2019-11-11 08:07:53.746516 | > WORKER_WAIT (0.000s wait)
2019-11-11 08:07:53.746836 | waiting 0.50s
2019-11-11 08:07:54.248832 | > WORKER_WAIT (0.000s wait)
2019-11-11 08:07:54.249143 | waiting 0.50s
2019-11-11 08:07:54.752919 | > WORKER_WAIT (0.000s wait)
2019-11-11 08:07:54.753258 | waiting 0.50s
2019-11-11 08:07:55.256887 | > WORKER_WAIT (0.000s wait)
2019-11-11 08:07:55.257222 | waiting 0.50s
2019-11-11 08:07:55.759305 | > WORKER_WAIT (0.000s wait)
2019-11-11 08:07:55.759633 | waiting 0.50s
2019-11-11 08:07:56.261871 | > WORKER_WAIT (0.000s wait)
2019-11-11 08:07:56.262212 | waiting 0.50s
2019-11-11 08:07:56.765144 | > WORKER_WAIT (0.000s wait)
2019-11-11 08:07:56.765512 | waiting 0.50s
2019-11-11 08:07:57.268494 | > WORKER_WAIT (0.000s wait)
2019-11-11 08:07:57.268871 | waiting 0.50s
2019-11-11 08:07:57.772026 | > WORKER_WAIT (0.000s wait)
2019-11-11 08:07:57.772384 | waiting 0.50s
2019-11-11 08:07:58.275125 | > WORKER_WAIT (0.000s wait)
2019-11-11 08:07:58.275480 | waiting 0.50s
2019-11-11 08:07:58.778281 | > WORKER_WAIT (0.000s wait)
2019-11-11 08:07:58.779151 | waiting 0.50s
2019-11-11 08:07:59.281872 | > WORKER_WAIT (0.000s wait)
2019-11-11 08:07:59.282250 | waiting 0.50s
2019-11-11 08:07:59.785149 | > WORKER_WAIT (0.000s wait)
2019-11-11 08:07:59.785516 | waiting 0.50s
2019-11-11 08:08:00.288102 | > WORKER_WAIT (0.000s wait)
2019-11-11 08:08:00.288469 | waiting 0.50s
2019-11-11 08:08:00.791288 | > WORKER_WAIT (0.000s wait)
2019-11-11 08:08:00.791660 | waiting 0.50s
2019-11-11 08:08:01.294583 | > WORKER_WAIT (0.001s wait)
2019-11-11 08:08:01.294949 | waiting 0.50s
2019-11-11 08:08:01.797821 | > WORKER_WAIT (0.000s wait)
2019-11-11 08:08:01.798204 | waiting 0.50s
2019-11-11 08:08:02.301025 | > WORKER_WAIT (0.000s wait)
2019-11-11 08:08:02.301403 | waiting 0.50s
2019-11-11 08:08:02.804199 | > WORKER_WAIT (0.000s wait)
2019-11-11 08:08:02.804536 | waiting 0.50s
2019-11-11 08:08:03.308791 | > WORKER_WAIT (0.000s wait)
2019-11-11 08:08:03.309126 | waiting 0.50s
2019-11-11 08:08:03.811693 | > WORKER_WAIT (0.000s wait)
2019-11-11 08:08:03.812317 | waiting 0.50s
2019-11-11 08:08:04.314594 | > WORKER_WAIT (0.000s wait)
2019-11-11 08:08:04.314924 | waiting 0.50s
2019-11-11 08:08:04.817245 | > WORKER_WAIT (0.000s wait)
2019-11-11 08:08:04.817565 | waiting 0.50s
2019-11-11 08:08:05.319940 | > WORKER_WAIT (0.000s wait)
2019-11-11 08:08:05.320281 | waiting 0.50s
2019-11-11 08:08:05.822724 | > WORKER_WAIT (0.000s wait)
2019-11-11 08:08:05.823060 | waiting 0.50s
2019-11-11 08:08:06.325874 | > WORKER_WAIT (0.000s wait)
2019-11-11 08:08:06.326206 | waiting 0.50s
2019-11-11 08:08:06.828462 | > WORKER_WAIT (0.000s wait)
2019-11-11 08:08:06.828785 | waiting 0.50s
2019-11-11 08:08:07.330604 | > WORKER_WAIT (0.000s wait)
2019-11-11 08:08:07.330923 | waiting 0.50s
2019-11-11 08:08:07.833286 | > WORKER_WAIT (0.000s wait)
2019-11-11 08:08:07.833607 | waiting 0.50s
2019-11-11 08:08:08.335830 | > WORKER_WAIT (0.000s wait)
2019-11-11 08:08:08.336164 | waiting 0.50s
2019-11-11 08:08:08.838462 | > WORKER_WAIT (0.000s wait)
2019-11-11 08:08:08.839092 | waiting 0.50s
2019-11-11 08:08:09.342108 | > WORKER_WAIT (0.000s wait)
2019-11-11 08:08:09.342430 | waiting 0.50s
2019-11-11 08:08:09.844582 | > WORKER_WAIT (0.000s wait)
2019-11-11 08:08:09.844901 | waiting 0.50s
2019-11-11 08:08:10.346601 | > WORKER_WAIT (0.000s wait)
2019-11-11 08:08:10.346921 | waiting 0.50s
2019-11-11 08:08:10.848564 | > WORKER_WAIT (0.001s wait)
2019-11-11 08:08:10.848882 | waiting 0.50s
2019-11-11 08:08:11.350974 | > WORKER_WAIT (0.000s wait)
2019-11-11 08:08:11.351286 | waiting 0.50s
2019-11-11 08:08:11.853509 | > WORKER_WAIT (0.000s wait)
2019-11-11 08:08:11.853829 | waiting 0.50s
2019-11-11 08:08:12.356083 | > WORKER_WAIT (0.000s wait)
2019-11-11 08:08:12.356398 | waiting 0.50s
2019-11-11 08:08:12.858475 | > WORKER_WAIT (0.000s wait)
2019-11-11 08:08:12.858799 | waiting 0.50s
2019-11-11 08:08:13.361067 | > WORKER_WAIT (0.000s wait)
2019-11-11 08:08:13.361389 | waiting 0.50s
2019-11-11 08:08:13.863116 | > WORKER_WAIT (0.000s wait)
2019-11-11 08:08:13.863732 | waiting 0.50s
2019-11-11 08:08:14.365774 | > WORKER_WAIT (0.000s wait)
2019-11-11 08:08:14.366106 | waiting 0.50s
2019-11-11 08:08:14.868207 | > WORKER_WAIT (0.000s wait)
2019-11-11 08:08:14.868528 | waiting 0.50s
2019-11-11 08:08:15.370689 | > WORKER_WAIT (0.000s wait)
2019-11-11 08:08:15.371022 | waiting 0.50s
2019-11-11 08:08:15.874074 | > WORKER_WAIT (0.000s wait)
2019-11-11 08:08:15.874397 | waiting 0.50s
2019-11-11 08:08:16.376838 | > WORKER_WAIT (0.000s wait)
2019-11-11 08:08:16.377173 | waiting 0.50s
2019-11-11 08:08:16.878925 | > WORKER_WAIT (0.000s wait)
2019-11-11 08:08:16.879253 | waiting 0.50s
2019-11-11 08:08:17.380966 | > WORKER_WAIT (0.000s wait)
2019-11-11 08:08:17.381290 | waiting 0.50s
2019-11-11 08:08:17.883032 | > WORKER_WAIT (0.000s wait)
2019-11-11 08:08:17.883352 | waiting 0.50s
2019-11-11 08:08:18.385282 | > WORKER_WAIT (0.000s wait)
2019-11-11 08:08:18.385602 | waiting 0.50s
2019-11-11 08:08:18.887838 | > WORKER_WAIT (0.000s wait)
2019-11-11 08:08:18.888471 | waiting 0.50s
2019-11-11 08:08:19.390676 | > WORKER_WAIT (0.000s wait)
2019-11-11 08:08:19.391011 | waiting 0.50s
2019-11-11 08:08:19.893142 | > WORKER_WAIT (0.000s wait)
2019-11-11 08:08:19.893464 | waiting 0.50s
2019-11-11 08:08:20.437167 | > WORKER_WAIT (0.000s wait)
2019-11-11 08:08:20.437501 | waiting 0.50s
2019-11-11 08:08:50.983973 | > WORKER_STOP (0.000s wait)
2019-11-11 08:08:50.986657 | shutting down worker
2019-11-11 08:08:51.159646 | 
Total: 0 in 1.61s [user], 0.15s [system], 121.04s [elapsed]
