2019-11-11 08:20:33.509336 | Master: tcp://c10a-s10:6315
2019-11-11 08:20:33.536187 | WORKER_UP to: tcp://c10a-s10:6315
2019-11-11 08:20:41.732046 | > DO_SETUP (2.221s wait)
2019-11-11 08:20:41.732550 | token from msg: set_common_data_token
2019-11-11 08:21:39.832843 | > DO_CALL (5.484s wait)
.
* Option 'clustermq.scheduler' not set, defaulting to ‘SLURM’
--- see: https://mschubert.github.io/clustermq/articles/userguide.html#configuration
2019-11-11 08:21:41.428675 | eval'd: drake::cmq_buildtargetmetadepslayoutconfig
2019-11-11 08:22:29.122708 | > DO_CALL (2.480s wait)
.2019-11-11 08:22:29.162472 | eval'd: drake::cmq_buildtargetmetadepslayoutconfig
2019-11-11 08:23:22.302067 | > DO_CALL (3.041s wait)
.2019-11-11 08:23:22.392793 | eval'd: drake::cmq_buildtargetmetadepslayoutconfig
2019-11-11 08:24:13.750646 | > DO_CALL (2.898s wait)
.2019-11-11 08:24:13.841804 | eval'd: drake::cmq_buildtargetmetadepslayoutconfig
2019-11-11 08:25:05.038406 | > DO_CALL (2.036s wait)
.2019-11-11 08:25:05.229277 | eval'd: drake::cmq_buildtargetmetadepslayoutconfig
2019-11-11 08:25:58.568501 | > DO_CALL (3.061s wait)
.2019-11-11 08:25:58.606506 | eval'd: drake::cmq_buildtargetmetadepslayoutconfig
2019-11-11 08:26:50.448326 | > DO_CALL (1.926s wait)
.2019-11-11 08:26:50.811782 | eval'd: drake::cmq_buildtargetmetadepslayoutconfig
2019-11-11 08:27:43.250308 | > DO_CALL (2.731s wait)
.2019-11-11 08:27:43.353933 | eval'd: drake::cmq_buildtargetmetadepslayoutconfig
2019-11-11 08:28:34.651763 | > DO_CALL (2.028s wait)
.2019-11-11 08:28:34.995867 | eval'd: drake::cmq_buildtargetmetadepslayoutconfig
2019-11-11 08:29:27.306344 | > DO_CALL (2.532s wait)
.2019-11-11 08:29:27.334536 | eval'd: drake::cmq_buildtargetmetadepslayoutconfig
2019-11-11 08:30:19.245995 | > DO_CALL (2.059s wait)
.2019-11-11 08:30:19.678227 | eval'd: drake::cmq_buildtargetmetadepslayoutconfig
2019-11-11 08:31:12.251846 | > DO_CALL (2.786s wait)
.2019-11-11 08:31:12.342905 | eval'd: drake::cmq_buildtargetmetadepslayoutconfig
2019-11-11 08:32:03.348249 | > DO_CALL (1.986s wait)
.2019-11-11 08:32:03.706875 | eval'd: drake::cmq_buildtargetmetadepslayoutconfig
2019-11-11 08:32:55.882423 | > DO_CALL (2.698s wait)
.2019-11-11 08:32:56.006145 | eval'd: drake::cmq_buildtargetmetadepslayoutconfig
2019-11-11 08:33:48.730777 | > DO_CALL (1.975s wait)
.2019-11-11 08:33:49.137435 | eval'd: drake::cmq_buildtargetmetadepslayoutconfig
2019-11-11 08:34:41.400291 | > DO_CALL (2.570s wait)
.2019-11-11 08:34:41.486342 | eval'd: drake::cmq_buildtargetmetadepslayoutconfig
2019-11-11 08:35:33.048550 | > DO_CALL (1.957s wait)
.2019-11-11 08:35:33.378934 | eval'd: drake::cmq_buildtargetmetadepslayoutconfig
2019-11-11 08:36:25.876291 | > DO_CALL (2.714s wait)
.2019-11-11 08:36:25.945357 | eval'd: drake::cmq_buildtargetmetadepslayoutconfig
2019-11-11 08:37:17.466278 | > DO_CALL (1.958s wait)
.2019-11-11 08:37:17.803554 | eval'd: drake::cmq_buildtargetmetadepslayoutconfig
2019-11-11 08:38:10.750493 | > DO_CALL (2.710s wait)
.2019-11-11 08:38:10.850691 | eval'd: drake::cmq_buildtargetmetadepslayoutconfig
2019-11-11 08:39:02.363155 | > DO_CALL (1.924s wait)
.2019-11-11 08:39:02.766454 | eval'd: drake::cmq_buildtargetmetadepslayoutconfig
2019-11-11 08:39:55.548316 | > DO_CALL (2.516s wait)
.2019-11-11 08:39:55.573739 | eval'd: drake::cmq_buildtargetmetadepslayoutconfig
2019-11-11 08:40:47.577537 | > DO_CALL (1.928s wait)
.2019-11-11 08:40:48.494382 | eval'd: drake::cmq_buildtargetmetadepslayoutconfig
2019-11-11 08:41:39.782492 | > DO_CALL (1.695s wait)
.2019-11-11 08:41:40.263067 | eval'd: drake::cmq_buildtargetmetadepslayoutconfig
2019-11-11 08:42:31.776487 | > DO_CALL (1.678s wait)
.2019-11-11 08:42:31.998348 | eval'd: drake::cmq_buildtargetmetadepslayoutconfig
2019-11-11 08:43:24.605111 | > DO_CALL (1.932s wait)
.2019-11-11 08:43:24.674895 | eval'd: drake::cmq_buildtargetmetadepslayoutconfig
2019-11-11 08:44:16.909456 | > DO_CALL (1.893s wait)
.2019-11-11 08:44:16.987344 | eval'd: drake::cmq_buildtargetmetadepslayoutconfig
2019-11-11 08:45:09.260523 | > DO_CALL (1.975s wait)
.2019-11-11 08:45:09.419490 | eval'd: drake::cmq_buildtargetmetadepslayoutconfig
2019-11-11 08:46:01.675352 | > DO_CALL (1.892s wait)
.2019-11-11 08:46:01.886846 | eval'd: drake::cmq_buildtargetmetadepslayoutconfig
2019-11-11 08:46:54.439979 | > DO_CALL (1.889s wait)
.2019-11-11 08:46:54.533604 | eval'd: drake::cmq_buildtargetmetadepslayoutconfig
2019-11-11 08:47:47.368375 | > DO_CALL (1.928s wait)
.2019-11-11 08:47:47.393471 | eval'd: drake::cmq_buildtargetmetadepslayoutconfig
2019-11-11 08:48:40.346523 | > DO_CALL (1.903s wait)
.2019-11-11 08:48:40.582791 | eval'd: drake::cmq_buildtargetmetadepslayoutconfig
2019-11-11 08:49:33.096808 | > DO_CALL (1.901s wait)
.2019-11-11 08:49:33.196776 | eval'd: drake::cmq_buildtargetmetadepslayoutconfig
2019-11-11 08:50:26.116910 | > DO_CALL (2.429s wait)
.2019-11-11 08:50:26.146557 | eval'd: drake::cmq_buildtargetmetadepslayoutconfig
2019-11-11 08:51:18.522686 | > DO_CALL (2.016s wait)
.2019-11-11 08:51:18.697315 | eval'd: drake::cmq_buildtargetmetadepslayoutconfig
2019-11-11 08:52:11.191477 | > DO_CALL (2.119s wait)
.2019-11-11 08:52:11.310602 | eval'd: drake::cmq_buildtargetmetadepslayoutconfig
2019-11-11 08:53:03.509501 | > DO_CALL (2.580s wait)
.2019-11-11 08:53:03.630945 | eval'd: drake::cmq_buildtargetmetadepslayoutconfig
2019-11-11 08:53:56.315749 | > DO_CALL (1.896s wait)
.2019-11-11 08:53:56.700531 | eval'd: drake::cmq_buildtargetmetadepslayoutconfig
2019-11-11 08:54:49.007682 | > DO_CALL (2.702s wait)
.2019-11-11 08:54:49.259196 | eval'd: drake::cmq_buildtargetmetadepslayoutconfig
2019-11-11 08:55:40.320111 | > DO_CALL (1.914s wait)
.2019-11-11 08:55:40.711781 | eval'd: drake::cmq_buildtargetmetadepslayoutconfig
2019-11-11 08:56:32.694504 | > DO_CALL (2.674s wait)
.2019-11-11 08:56:32.788552 | eval'd: drake::cmq_buildtargetmetadepslayoutconfig
2019-11-11 08:57:24.733846 | > DO_CALL (1.897s wait)
.2019-11-11 08:57:25.159697 | eval'd: drake::cmq_buildtargetmetadepslayoutconfig
2019-11-11 08:58:17.279999 | > DO_CALL (2.503s wait)
.2019-11-11 08:58:17.376432 | eval'd: drake::cmq_buildtargetmetadepslayoutconfig
2019-11-11 08:59:08.842362 | > DO_CALL (1.905s wait)
.2019-11-11 08:59:09.180698 | eval'd: drake::cmq_buildtargetmetadepslayoutconfig
2019-11-11 09:00:01.790436 | > DO_CALL (2.715s wait)
.2019-11-11 09:00:01.906871 | eval'd: drake::cmq_buildtargetmetadepslayoutconfig
2019-11-11 09:00:54.162290 | > DO_CALL (1.891s wait)
.2019-11-11 09:00:54.641582 | eval'd: drake::cmq_buildtargetmetadepslayoutconfig
2019-11-11 09:01:47.102855 | > DO_CALL (2.702s wait)
.2019-11-11 09:01:47.156015 | eval'd: drake::cmq_buildtargetmetadepslayoutconfig
