2019-11-11 08:20:33.509189 | Master: tcp://c10a-s10:6315
2019-11-11 08:20:33.536109 | WORKER_UP to: tcp://c10a-s10:6315
2019-11-11 08:20:40.914538 | > DO_SETUP (2.213s wait)
2019-11-11 08:20:40.915018 | token from msg: set_common_data_token
2019-11-11 08:21:16.996251 | > DO_CALL (5.237s wait)
.
* Option 'clustermq.scheduler' not set, defaulting to ‘SLURM’
--- see: https://mschubert.github.io/clustermq/articles/userguide.html#configuration
2019-11-11 08:21:18.524475 | eval'd: drake::cmq_buildtargetmetadepslayoutconfig
2019-11-11 08:22:04.958146 | > DO_CALL (2.388s wait)
.2019-11-11 08:22:05.063984 | eval'd: drake::cmq_buildtargetmetadepslayoutconfig
2019-11-11 08:22:57.857270 | > DO_CALL (2.920s wait)
.2019-11-11 08:22:57.948054 | eval'd: drake::cmq_buildtargetmetadepslayoutconfig
2019-11-11 08:23:50.359555 | > DO_CALL (2.744s wait)
.2019-11-11 08:23:50.459929 | eval'd: drake::cmq_buildtargetmetadepslayoutconfig
2019-11-11 08:24:42.074816 | > DO_CALL (1.980s wait)
.2019-11-11 08:24:42.136008 | eval'd: drake::cmq_buildtargetmetadepslayoutconfig
2019-11-11 08:25:35.364671 | > DO_CALL (2.899s wait)
.2019-11-11 08:25:35.529424 | eval'd: drake::cmq_buildtargetmetadepslayoutconfig
2019-11-11 08:26:26.454247 | > DO_CALL (1.881s wait)
.2019-11-11 08:26:26.805843 | eval'd: drake::cmq_buildtargetmetadepslayoutconfig
2019-11-11 08:27:19.319141 | > DO_CALL (2.722s wait)
.2019-11-11 08:27:19.410808 | eval'd: drake::cmq_buildtargetmetadepslayoutconfig
2019-11-11 08:28:10.570551 | > DO_CALL (1.955s wait)
.2019-11-11 08:28:10.949713 | eval'd: drake::cmq_buildtargetmetadepslayoutconfig
2019-11-11 08:29:03.416391 | > DO_CALL (2.569s wait)
.2019-11-11 08:29:03.599322 | eval'd: drake::cmq_buildtargetmetadepslayoutconfig
2019-11-11 08:29:55.986771 | > DO_CALL (1.970s wait)
.2019-11-11 08:29:56.468703 | eval'd: drake::cmq_buildtargetmetadepslayoutconfig
2019-11-11 08:30:48.874739 | > DO_CALL (2.738s wait)
.2019-11-11 08:30:48.966561 | eval'd: drake::cmq_buildtargetmetadepslayoutconfig
2019-11-11 08:31:40.356765 | > DO_CALL (1.980s wait)
.2019-11-11 08:31:40.738656 | eval'd: drake::cmq_buildtargetmetadepslayoutconfig
2019-11-11 08:32:32.900279 | > DO_CALL (2.702s wait)
.2019-11-11 08:32:32.925706 | eval'd: drake::cmq_buildtargetmetadepslayoutconfig
2019-11-11 08:33:24.615453 | > DO_CALL (1.918s wait)
.2019-11-11 08:33:24.951390 | eval'd: drake::cmq_buildtargetmetadepslayoutconfig
2019-11-11 08:34:17.299599 | > DO_CALL (2.555s wait)
.2019-11-11 08:34:17.475694 | eval'd: drake::cmq_buildtargetmetadepslayoutconfig
2019-11-11 08:35:09.087378 | > DO_CALL (1.936s wait)
.2019-11-11 08:35:09.457633 | eval'd: drake::cmq_buildtargetmetadepslayoutconfig
2019-11-11 08:36:02.145822 | > DO_CALL (2.684s wait)
.2019-11-11 08:36:02.193636 | eval'd: drake::cmq_buildtargetmetadepslayoutconfig
2019-11-11 08:36:54.338378 | > DO_CALL (1.947s wait)
.2019-11-11 08:36:54.676551 | eval'd: drake::cmq_buildtargetmetadepslayoutconfig
2019-11-11 08:37:47.544850 | > DO_CALL (2.696s wait)
.2019-11-11 08:37:47.643767 | eval'd: drake::cmq_buildtargetmetadepslayoutconfig
2019-11-11 08:38:39.146325 | > DO_CALL (1.909s wait)
.2019-11-11 08:38:39.706113 | eval'd: drake::cmq_buildtargetmetadepslayoutconfig
2019-11-11 08:39:32.298633 | > DO_CALL (2.475s wait)
.2019-11-11 08:39:32.376564 | eval'd: drake::cmq_buildtargetmetadepslayoutconfig
2019-11-11 08:40:23.761197 | > DO_CALL (1.943s wait)
.2019-11-11 08:40:24.615108 | eval'd: drake::cmq_buildtargetmetadepslayoutconfig
2019-11-11 08:41:15.630337 | > DO_CALL (1.646s wait)
.2019-11-11 08:41:15.827207 | eval'd: drake::cmq_buildtargetmetadepslayoutconfig
2019-11-11 08:42:08.134068 | > DO_CALL (1.903s wait)
.2019-11-11 08:42:08.214960 | eval'd: drake::cmq_buildtargetmetadepslayoutconfig
2019-11-11 08:43:00.473410 | > DO_CALL (2.057s wait)
.2019-11-11 08:43:00.653701 | eval'd: drake::cmq_buildtargetmetadepslayoutconfig
2019-11-11 08:43:54.697013 | > DO_CALL (2.751s wait)
.2019-11-11 08:43:54.875517 | eval'd: drake::cmq_buildtargetmetadepslayoutconfig
2019-11-11 08:44:46.712972 | > DO_CALL (1.914s wait)
.2019-11-11 08:44:47.162293 | eval'd: drake::cmq_buildtargetmetadepslayoutconfig
2019-11-11 08:45:39.397324 | > DO_CALL (2.655s wait)
.2019-11-11 08:45:39.495013 | eval'd: drake::cmq_buildtargetmetadepslayoutconfig
2019-11-11 08:46:30.712617 | > DO_CALL (1.889s wait)
.2019-11-11 08:46:31.517637 | eval'd: drake::cmq_buildtargetmetadepslayoutconfig
2019-11-11 08:47:23.302540 | > DO_CALL (1.630s wait)
.2019-11-11 08:47:23.489402 | eval'd: drake::cmq_buildtargetmetadepslayoutconfig
2019-11-11 08:48:16.280064 | > DO_CALL (1.934s wait)
.2019-11-11 08:48:16.376300 | eval'd: drake::cmq_buildtargetmetadepslayoutconfig
2019-11-11 08:49:09.279103 | > DO_CALL (2.091s wait)
.2019-11-11 08:49:09.423477 | eval'd: drake::cmq_buildtargetmetadepslayoutconfig
2019-11-11 08:50:02.249465 | > DO_CALL (2.753s wait)
.2019-11-11 08:50:02.495682 | eval'd: drake::cmq_buildtargetmetadepslayoutconfig
2019-11-11 08:50:54.828733 | > DO_CALL (1.909s wait)
.2019-11-11 08:50:55.234087 | eval'd: drake::cmq_buildtargetmetadepslayoutconfig
2019-11-11 08:51:48.179529 | > DO_CALL (2.807s wait)
.2019-11-11 08:51:48.843313 | eval'd: drake::cmq_buildtargetmetadepslayoutconfig
2019-11-11 08:52:40.176058 | > DO_CALL (1.657s wait)
.2019-11-11 08:52:40.511813 | eval'd: drake::cmq_buildtargetmetadepslayoutconfig
2019-11-11 08:53:33.323736 | > DO_CALL (2.767s wait)
.2019-11-11 08:53:33.474360 | eval'd: drake::cmq_buildtargetmetadepslayoutconfig
2019-11-11 08:54:24.466108 | > DO_CALL (1.880s wait)
.2019-11-11 08:54:25.314624 | eval'd: drake::cmq_buildtargetmetadepslayoutconfig
2019-11-11 08:55:15.948197 | > DO_CALL (1.678s wait)
.2019-11-11 08:55:16.246038 | eval'd: drake::cmq_buildtargetmetadepslayoutconfig
2019-11-11 08:56:08.476670 | > DO_CALL (1.898s wait)
.2019-11-11 08:56:08.613063 | eval'd: drake::cmq_buildtargetmetadepslayoutconfig
2019-11-11 08:57:01.864696 | > DO_CALL (2.063s wait)
.2019-11-11 08:57:01.890136 | eval'd: drake::cmq_buildtargetmetadepslayoutconfig
2019-11-11 08:57:54.536816 | > DO_CALL (2.779s wait)
.2019-11-11 08:57:54.803433 | eval'd: drake::cmq_buildtargetmetadepslayoutconfig
2019-11-11 08:58:45.791157 | > DO_CALL (1.906s wait)
.2019-11-11 08:58:46.172782 | eval'd: drake::cmq_buildtargetmetadepslayoutconfig
2019-11-11 08:59:38.599974 | > DO_CALL (2.635s wait)
.2019-11-11 08:59:38.625366 | eval'd: drake::cmq_buildtargetmetadepslayoutconfig
2019-11-11 09:00:30.080357 | > DO_CALL (1.873s wait)
.2019-11-11 09:00:31.068245 | eval'd: drake::cmq_buildtargetmetadepslayoutconfig
2019-11-11 09:01:21.983756 | > DO_CALL (1.654s wait)
.2019-11-11 09:01:22.051249 | eval'd: drake::cmq_buildtargetmetadepslayoutconfig
2019-11-11 09:02:14.948954 | > DO_CALL (1.919s wait)
.2019-11-11 09:02:15.183190 | eval'd: drake::cmq_buildtargetmetadepslayoutconfig
