2020-08-01 14:21:06.292039 | Master: tcp://c22a-s1.ufhpc:6107
2020-08-01 14:21:06.323349 | WORKER_UP to: tcp://c22a-s1.ufhpc:6107
2020-08-01 14:21:09.164021 | > DO_SETUP (2.796s wait)
2020-08-01 14:21:09.164560 | token from msg: set_common_data_token
2020-08-01 14:21:31.368052 | > DO_CALL (5.426s wait)
* Option 'clustermq.scheduler' not set, defaulting to ‘SLURM’
--- see: https://mschubert.github.io/clustermq/articles/userguide.html#configuration
2020-08-01 14:23:44.836885 | eval'd: drake::cmq_buildtargetmetadepsspecconfig_tmpconfig
2020-08-01 14:23:49.842743 | > DO_CALL (1.492s wait)
2020-08-01 14:29:22.745093 | eval'd: drake::cmq_buildtargetmetadepsspecconfig_tmpconfig
2020-08-01 14:29:35.632572 | > DO_CALL (1.511s wait)
2020-08-01 14:29:57.657746 | eval'd: drake::cmq_buildtargetmetadepsspecconfig_tmpconfig
2020-08-01 14:30:00.402028 | > DO_CALL (1.299s wait)
2020-08-01 14:31:50.374213 | eval'd: drake::cmq_buildtargetmetadepsspecconfig_tmpconfig
2020-08-01 14:31:55.061123 | > DO_CALL (1.259s wait)
2020-08-01 14:32:44.174260 | eval'd: drake::cmq_buildtargetmetadepsspecconfig_tmpconfig
2020-08-01 14:32:47.818747 | > DO_CALL (1.339s wait)
2020-08-01 14:34:38.074854 | eval'd: drake::cmq_buildtargetmetadepsspecconfig_tmpconfig
2020-08-01 14:34:43.062814 | > DO_CALL (1.497s wait)
2020-08-01 14:34:56.158923 | eval'd: drake::cmq_buildtargetmetadepsspecconfig_tmpconfig
2020-08-01 14:34:59.482245 | > DO_CALL (1.314s wait)
2020-08-01 14:36:52.252781 | eval'd: drake::cmq_buildtargetmetadepsspecconfig_tmpconfig
2020-08-01 14:36:58.240324 | > DO_CALL (1.527s wait)
2020-08-01 14:38:06.982724 | eval'd: drake::cmq_buildtargetmetadepsspecconfig_tmpconfig
2020-08-01 14:38:13.611459 | > DO_CALL (1.356s wait)
2020-08-01 14:38:36.551522 | eval'd: drake::cmq_buildtargetmetadepsspecconfig_tmpconfig
2020-08-01 14:38:40.966685 | > DO_CALL (1.339s wait)
2020-08-01 14:39:02.597958 | eval'd: drake::cmq_buildtargetmetadepsspecconfig_tmpconfig
2020-08-01 14:39:04.854059 | > DO_CALL (1.326s wait)
2020-08-01 14:40:36.660755 | eval'd: drake::cmq_buildtargetmetadepsspecconfig_tmpconfig
2020-08-01 14:40:40.660733 | > DO_CALL (1.306s wait)
2020-08-01 14:41:26.472846 | eval'd: drake::cmq_buildtargetmetadepsspecconfig_tmpconfig
2020-08-01 14:41:31.659205 | > DO_CALL (1.332s wait)
2020-08-01 14:44:09.403551 | eval'd: drake::cmq_buildtargetmetadepsspecconfig_tmpconfig
2020-08-01 14:44:15.099952 | > DO_CALL (1.433s wait)
2020-08-01 14:45:19.781239 | eval'd: drake::cmq_buildtargetmetadepsspecconfig_tmpconfig
2020-08-01 14:45:23.222580 | > DO_CALL (1.309s wait)
2020-08-01 14:46:33.587969 | eval'd: drake::cmq_buildtargetmetadepsspecconfig_tmpconfig
2020-08-01 14:46:38.791973 | > DO_CALL (1.299s wait)
2020-08-01 14:48:19.615014 | eval'd: drake::cmq_buildtargetmetadepsspecconfig_tmpconfig
2020-08-01 14:48:30.191793 | > DO_CALL (0.211s wait)
2020-08-01 14:48:32.858552 | eval'd: drake::cmq_buildtargetmetadepsspecconfig_tmpconfig
2020-08-01 14:48:41.323091 | > DO_CALL (0.404s wait)
2020-08-01 14:48:44.730763 | eval'd: drake::cmq_buildtargetmetadepsspecconfig_tmpconfig
2020-08-01 14:48:54.451669 | > DO_CALL (0.134s wait)
2020-08-01 14:48:57.081247 | eval'd: drake::cmq_buildtargetmetadepsspecconfig_tmpconfig
2020-08-01 14:49:04.664344 | > DO_CALL (0.184s wait)
2020-08-01 14:49:07.449096 | eval'd: drake::cmq_buildtargetmetadepsspecconfig_tmpconfig
2020-08-01 14:49:10.991597 | > DO_CALL (0.191s wait)
2020-08-01 14:49:13.691021 | eval'd: drake::cmq_buildtargetmetadepsspecconfig_tmpconfig
2020-08-01 14:49:20.856500 | > DO_CALL (0.650s wait)
2020-08-01 14:49:23.976714 | eval'd: drake::cmq_buildtargetmetadepsspecconfig_tmpconfig
2020-08-01 14:49:29.796430 | > DO_CALL (0.041s wait)
2020-08-01 14:49:32.439592 | eval'd: drake::cmq_buildtargetmetadepsspecconfig_tmpconfig
2020-08-01 14:49:34.178634 | > DO_CALL (0.361s wait)
2020-08-01 14:49:37.055394 | eval'd: drake::cmq_buildtargetmetadepsspecconfig_tmpconfig
2020-08-01 14:49:49.754416 | > DO_CALL (0.124s wait)
2020-08-01 14:49:52.450996 | eval'd: drake::cmq_buildtargetmetadepsspecconfig_tmpconfig
2020-08-01 14:49:58.535123 | > DO_CALL (0.058s wait)
2020-08-01 14:50:01.179762 | eval'd: drake::cmq_buildtargetmetadepsspecconfig_tmpconfig
2020-08-01 14:50:11.389221 | > DO_CALL (0.706s wait)
2020-08-01 14:50:14.431689 | eval'd: drake::cmq_buildtargetmetadepsspecconfig_tmpconfig
2020-08-01 14:50:20.817980 | > DO_CALL (0.276s wait)
2020-08-01 14:50:23.725315 | eval'd: drake::cmq_buildtargetmetadepsspecconfig_tmpconfig
2020-08-01 14:50:32.255722 | > DO_CALL (0.160s wait)
2020-08-01 14:50:35.040378 | eval'd: drake::cmq_buildtargetmetadepsspecconfig_tmpconfig
2020-08-01 14:50:40.002031 | > DO_CALL (0.006s wait)
2020-08-01 14:50:42.541016 | eval'd: drake::cmq_buildtargetmetadepsspecconfig_tmpconfig
2020-08-01 14:50:52.354655 | > DO_CALL (0.031s wait)
2020-08-01 14:50:55.001699 | eval'd: drake::cmq_buildtargetmetadepsspecconfig_tmpconfig
2020-08-01 14:51:13.536786 | > DO_CALL (1.147s wait)
2020-08-01 14:51:17.110676 | eval'd: drake::cmq_buildtargetmetadepsspecconfig_tmpconfig
2020-08-01 14:51:24.638657 | > DO_CALL (0.406s wait)
2020-08-01 14:51:27.560675 | eval'd: drake::cmq_buildtargetmetadepsspecconfig_tmpconfig
2020-08-01 14:51:34.595782 | > DO_CALL (0.001s wait)
2020-08-01 14:51:36.735656 | eval'd: drake::cmq_buildtargetmetadepsspecconfig_tmpconfig
2020-08-01 14:51:46.746996 | > DO_CALL (0.249s wait)
2020-08-01 14:51:49.609656 | eval'd: drake::cmq_buildtargetmetadepsspecconfig_tmpconfig
2020-08-01 14:51:57.690850 | > DO_CALL (0.532s wait)
2020-08-01 14:52:00.726644 | eval'd: drake::cmq_buildtargetmetadepsspecconfig_tmpconfig
2020-08-01 14:52:13.831176 | > DO_CALL (0.013s wait)
2020-08-01 14:52:16.348126 | eval'd: drake::cmq_buildtargetmetadepsspecconfig_tmpconfig
2020-08-01 14:52:31.380786 | > DO_CALL (0.887s wait)
2020-08-01 14:52:34.690385 | eval'd: drake::cmq_buildtargetmetadepsspecconfig_tmpconfig
2020-08-01 14:52:49.126254 | > DO_CALL (0.744s wait)
2020-08-01 14:52:52.377377 | eval'd: drake::cmq_buildtargetmetadepsspecconfig_tmpconfig
2020-08-01 14:53:05.031696 | > DO_CALL (0.606s wait)
2020-08-01 14:53:08.168885 | eval'd: drake::cmq_buildtargetmetadepsspecconfig_tmpconfig
2020-08-01 14:53:09.494587 | > DO_CALL (0.002s wait)
Joining, by = c("dat", "site", "s0", "n0")
2020-08-01 14:53:11.033458 | eval'd: drake::cmq_buildtargetmetadepsspecconfig_tmpconfig
2020-08-01 14:53:11.118864 | > DO_CALL (0.003s wait)
Joining, by = c("dat", "site", "s0", "n0")
2020-08-01 14:53:13.401559 | eval'd: drake::cmq_buildtargetmetadepsspecconfig_tmpconfig
2020-08-01 14:53:16.314038 | > DO_CALL (0.179s wait)
2020-08-01 14:53:19.306609 | eval'd: drake::cmq_buildtargetmetadepsspecconfig_tmpconfig
2020-08-01 14:53:19.363272 | > DO_CALL (0.002s wait)
Joining, by = c("dat", "site", "s0", "n0")
2020-08-01 14:53:20.943243 | eval'd: drake::cmq_buildtargetmetadepsspecconfig_tmpconfig
2020-08-01 14:53:20.991304 | > DO_CALL (0.002s wait)
Joining, by = c("dat", "site", "s0", "n0")
2020-08-01 14:53:22.529698 | eval'd: drake::cmq_buildtargetmetadepsspecconfig_tmpconfig
2020-08-01 14:53:22.622500 | > DO_CALL (0.002s wait)
Joining, by = c("dat", "site", "s0", "n0")
2020-08-01 14:53:24.198332 | eval'd: drake::cmq_buildtargetmetadepsspecconfig_tmpconfig
2020-08-01 14:53:24.288603 | > DO_CALL (0.002s wait)
Joining, by = c("dat", "site", "s0", "n0")
2020-08-01 14:53:25.824183 | eval'd: drake::cmq_buildtargetmetadepsspecconfig_tmpconfig
2020-08-01 14:53:27.669110 | > DO_CALL (0.002s wait)
Joining, by = c("dat", "site", "s0", "n0")
2020-08-01 14:53:29.244084 | eval'd: drake::cmq_buildtargetmetadepsspecconfig_tmpconfig
2020-08-01 14:53:31.735545 | > DO_CALL (0.002s wait)
Joining, by = c("dat", "site", "s0", "n0")
2020-08-01 14:53:33.303642 | eval'd: drake::cmq_buildtargetmetadepsspecconfig_tmpconfig
2020-08-01 14:53:33.385336 | > DO_CALL (0.002s wait)
Joining, by = c("dat", "site", "s0", "n0")
2020-08-01 14:53:34.932542 | eval'd: drake::cmq_buildtargetmetadepsspecconfig_tmpconfig
2020-08-01 14:53:35.653709 | > DO_CALL (0.002s wait)
Joining, by = c("dat", "site", "s0", "n0")
2020-08-01 14:53:37.225326 | eval'd: drake::cmq_buildtargetmetadepsspecconfig_tmpconfig
2020-08-01 14:53:37.559502 | > DO_CALL (0.002s wait)
Joining, by = c("dat", "site", "s0", "n0")
2020-08-01 14:53:39.169659 | eval'd: drake::cmq_buildtargetmetadepsspecconfig_tmpconfig
2020-08-01 14:53:43.899578 | > DO_CALL (0.002s wait)
Joining, by = c("dat", "site", "s0", "n0")
2020-08-01 14:53:45.439274 | eval'd: drake::cmq_buildtargetmetadepsspecconfig_tmpconfig
2020-08-01 14:53:45.562680 | > DO_CALL (0.002s wait)
Joining, by = c("dat", "site", "s0", "n0")
2020-08-01 14:53:47.133593 | eval'd: drake::cmq_buildtargetmetadepsspecconfig_tmpconfig
2020-08-01 14:53:47.205579 | > DO_CALL (0.002s wait)
Joining, by = c("dat", "site", "s0", "n0")
2020-08-01 14:53:48.778841 | eval'd: drake::cmq_buildtargetmetadepsspecconfig_tmpconfig
2020-08-01 14:53:48.967982 | > DO_CALL (0.002s wait)
Joining, by = c("dat", "site", "s0", "n0")
2020-08-01 14:53:50.576113 | eval'd: drake::cmq_buildtargetmetadepsspecconfig_tmpconfig
2020-08-01 14:53:50.622275 | > DO_CALL (0.002s wait)
Joining, by = c("dat", "site", "s0", "n0")
2020-08-01 14:53:52.210305 | eval'd: drake::cmq_buildtargetmetadepsspecconfig_tmpconfig
2020-08-01 14:53:56.101848 | > DO_CALL (0.003s wait)
Joining, by = c("dat", "site", "s0", "n0")
2020-08-01 14:53:57.674794 | eval'd: drake::cmq_buildtargetmetadepsspecconfig_tmpconfig
2020-08-01 14:53:57.723523 | > DO_CALL (0.002s wait)
Joining, by = c("dat", "site", "s0", "n0")
2020-08-01 14:53:59.299546 | eval'd: drake::cmq_buildtargetmetadepsspecconfig_tmpconfig
2020-08-01 14:53:59.369165 | > DO_CALL (0.002s wait)
Joining, by = c("dat", "site", "s0", "n0")
2020-08-01 14:54:01.055301 | eval'd: drake::cmq_buildtargetmetadepsspecconfig_tmpconfig
2020-08-01 14:54:01.137755 | > DO_CALL (0.002s wait)
Joining, by = c("dat", "site", "s0", "n0")
2020-08-01 14:54:02.705386 | eval'd: drake::cmq_buildtargetmetadepsspecconfig_tmpconfig
2020-08-01 14:54:02.750872 | > DO_CALL (0.002s wait)
Joining, by = c("dat", "site", "s0", "n0")
2020-08-01 14:54:04.326278 | eval'd: drake::cmq_buildtargetmetadepsspecconfig_tmpconfig
2020-08-01 14:54:04.352988 | > WORKER_WAIT (0.000s wait)
2020-08-01 14:54:04.353440 | waiting 1.00s
2020-08-01 14:54:08.273308 | > WORKER_WAIT (0.000s wait)
2020-08-01 14:54:08.273764 | waiting 1.00s
2020-08-01 14:54:35.355998 | > WORKER_STOP (0.000s wait)
2020-08-01 14:54:35.358390 | shutting down worker
2020-08-01 14:54:36.131604 | 
Total: 63 in 1667.89s [user], 13.16s [system], 2009.04s [elapsed]
