2020-01-20 14:26:17.039793 | Master: tcp://c23a-s23:7746
2020-01-20 14:26:17.094603 | WORKER_UP to: tcp://c23a-s23:7746
2020-01-20 14:26:20.097739 | > DO_SETUP (2.773s wait)
2020-01-20 14:26:20.098214 | token from msg: set_common_data_token
2020-01-20 14:27:47.508808 | > DO_CALL (22.978s wait)
.* Option 'clustermq.scheduler' not set, defaulting to ‘SLURM’
--- see: https://mschubert.github.io/clustermq/articles/userguide.html#configuration
2020-01-20 14:27:58.236539 | eval'd: drake::cmq_buildtargetmetadepsspecht_is_subtargetconfig
2020-01-20 14:28:18.083765 | > DO_CALL (7.517s wait)
.2020-01-20 14:29:03.927190 | eval'd: drake::cmq_buildtargetmetadepsspecht_is_subtargetconfig
2020-01-20 14:29:34.687568 | > DO_CALL (5.054s wait)
.2020-01-20 14:29:42.732162 | eval'd: drake::cmq_buildtargetmetadepsspecht_is_subtargetconfig
2020-01-20 14:30:30.691147 | > DO_CALL (5.083s wait)
.2020-01-20 14:30:40.799983 | eval'd: drake::cmq_buildtargetmetadepsspecht_is_subtargetconfig
2020-01-20 14:31:03.314310 | > DO_CALL (5.023s wait)
.2020-01-20 14:31:10.712678 | eval'd: drake::cmq_buildtargetmetadepsspecht_is_subtargetconfig
2020-01-20 14:32:06.824739 | > DO_CALL (5.079s wait)
.2020-01-20 14:32:15.887824 | eval'd: drake::cmq_buildtargetmetadepsspecht_is_subtargetconfig
2020-01-20 14:33:07.202411 | > DO_CALL (5.029s wait)
.2020-01-20 14:33:23.661967 | eval'd: drake::cmq_buildtargetmetadepsspecht_is_subtargetconfig
2020-01-20 14:34:04.691403 | > DO_CALL (5.038s wait)
.2020-01-20 14:34:13.804011 | eval'd: drake::cmq_buildtargetmetadepsspecht_is_subtargetconfig
2020-01-20 14:34:58.863357 | > DO_CALL (5.334s wait)
.2020-01-20 14:35:00.907382 | eval'd: drake::cmq_buildtargetmetadepsspecht_is_subtargetconfig
2020-01-20 14:35:59.600297 | > DO_CALL (5.076s wait)
.2020-01-20 14:36:04.410288 | eval'd: drake::cmq_buildtargetmetadepsspecht_is_subtargetconfig
2020-01-20 14:36:54.049353 | > DO_CALL (5.237s wait)
.2020-01-20 14:37:17.716920 | eval'd: drake::cmq_buildtargetmetadepsspecht_is_subtargetconfig
2020-01-20 14:37:54.543367 | > DO_CALL (5.061s wait)
.2020-01-20 14:38:59.513799 | eval'd: drake::cmq_buildtargetmetadepsspecht_is_subtargetconfig
2020-01-20 14:39:29.024353 | > DO_CALL (5.141s wait)
.2020-01-20 14:39:46.536624 | eval'd: drake::cmq_buildtargetmetadepsspecht_is_subtargetconfig
2020-01-20 14:40:20.767982 | > DO_CALL (5.026s wait)
.2020-01-20 14:40:25.009948 | eval'd: drake::cmq_buildtargetmetadepsspecht_is_subtargetconfig
2020-01-20 14:41:20.236865 | > DO_CALL (5.908s wait)
.2020-01-20 14:41:23.128360 | eval'd: drake::cmq_buildtargetmetadepsspecht_is_subtargetconfig
2020-01-20 14:41:38.910267 | > DO_CALL (5.016s wait)
.2020-01-20 14:41:58.438839 | eval'd: drake::cmq_buildtargetmetadepsspecht_is_subtargetconfig
2020-01-20 14:42:37.526124 | > DO_CALL (5.089s wait)
.2020-01-20 14:42:43.479174 | eval'd: drake::cmq_buildtargetmetadepsspecht_is_subtargetconfig
2020-01-20 14:43:32.981877 | > DO_CALL (5.034s wait)
.2020-01-20 14:43:52.865613 | eval'd: drake::cmq_buildtargetmetadepsspecht_is_subtargetconfig
2020-01-20 14:44:38.300141 | > DO_CALL (5.071s wait)
.2020-01-20 14:45:01.247171 | eval'd: drake::cmq_buildtargetmetadepsspecht_is_subtargetconfig
2020-01-20 14:45:40.542424 | > DO_CALL (4.995s wait)
.2020-01-20 14:46:23.739600 | eval'd: drake::cmq_buildtargetmetadepsspecht_is_subtargetconfig
2020-01-20 14:46:45.060687 | > DO_CALL (5.113s wait)
.2020-01-20 14:46:56.876606 | eval'd: drake::cmq_buildtargetmetadepsspecht_is_subtargetconfig
2020-01-20 14:47:15.538121 | > DO_CALL (0.007s wait)
.2020-01-20 14:47:16.539407 | eval'd: drake::cmq_buildtargetmetadepsspecht_is_subtargetconfig
2020-01-20 14:47:17.387340 | > DO_CALL (0.020s wait)
.2020-01-20 14:47:20.301542 | eval'd: drake::cmq_buildtargetmetadepsspecht_is_subtargetconfig
2020-01-20 14:47:20.735379 | > DO_CALL (0.010s wait)
.2020-01-20 14:47:21.113424 | eval'd: drake::cmq_buildtargetmetadepsspecht_is_subtargetconfig
2020-01-20 14:47:21.710221 | > DO_CALL (0.009s wait)
.2020-01-20 14:47:22.105035 | eval'd: drake::cmq_buildtargetmetadepsspecht_is_subtargetconfig
2020-01-20 14:47:23.713823 | > DO_CALL (0.006s wait)
.2020-01-20 14:47:24.690971 | eval'd: drake::cmq_buildtargetmetadepsspecht_is_subtargetconfig
2020-01-20 14:47:25.353981 | > DO_CALL (0.016s wait)
.2020-01-20 14:47:25.711937 | eval'd: drake::cmq_buildtargetmetadepsspecht_is_subtargetconfig
2020-01-20 14:47:27.331702 | > DO_CALL (0.014s wait)
.2020-01-20 14:47:27.687314 | eval'd: drake::cmq_buildtargetmetadepsspecht_is_subtargetconfig
2020-01-20 14:47:28.918966 | > DO_CALL (0.006s wait)
.2020-01-20 14:47:29.257369 | eval'd: drake::cmq_buildtargetmetadepsspecht_is_subtargetconfig
2020-01-20 14:47:30.454178 | > DO_CALL (0.003s wait)
.2020-01-20 14:47:31.372778 | eval'd: drake::cmq_buildtargetmetadepsspecht_is_subtargetconfig
2020-01-20 14:47:32.090594 | > DO_CALL (0.007s wait)
.2020-01-20 14:47:32.425683 | eval'd: drake::cmq_buildtargetmetadepsspecht_is_subtargetconfig
2020-01-20 14:47:33.863292 | > DO_CALL (0.012s wait)
.2020-01-20 14:47:34.220750 | eval'd: drake::cmq_buildtargetmetadepsspecht_is_subtargetconfig
2020-01-20 14:47:36.246650 | > DO_CALL (0.011s wait)
.2020-01-20 14:47:37.227257 | eval'd: drake::cmq_buildtargetmetadepsspecht_is_subtargetconfig
2020-01-20 14:47:38.088747 | > DO_CALL (0.017s wait)
.2020-01-20 14:47:38.456673 | eval'd: drake::cmq_buildtargetmetadepsspecht_is_subtargetconfig
2020-01-20 14:47:39.545072 | > DO_CALL (0.006s wait)
.2020-01-20 14:47:39.648164 | eval'd: drake::cmq_buildtargetmetadepsspecht_is_subtargetconfig
2020-01-20 14:47:41.072939 | > DO_CALL (0.000s wait)
.2020-01-20 14:47:41.082118 | eval'd: drake::cmq_buildtargetmetadepsspecht_is_subtargetconfig
2020-01-20 14:47:42.766728 | > DO_CALL (0.001s wait)
.2020-01-20 14:47:42.801171 | eval'd: drake::cmq_buildtargetmetadepsspecht_is_subtargetconfig
2020-01-20 14:47:45.110696 | > DO_CALL (0.000s wait)
.2020-01-20 14:47:45.119916 | eval'd: drake::cmq_buildtargetmetadepsspecht_is_subtargetconfig
2020-01-20 14:47:46.877428 | > DO_CALL (0.014s wait)
.2020-01-20 14:47:47.238108 | eval'd: drake::cmq_buildtargetmetadepsspecht_is_subtargetconfig
2020-01-20 14:47:48.590540 | > DO_CALL (0.026s wait)
.2020-01-20 14:47:49.600952 | eval'd: drake::cmq_buildtargetmetadepsspecht_is_subtargetconfig
2020-01-20 14:47:50.063703 | > DO_CALL (0.008s wait)
.2020-01-20 14:47:50.413273 | eval'd: drake::cmq_buildtargetmetadepsspecht_is_subtargetconfig
2020-01-20 14:47:51.655791 | > DO_CALL (0.035s wait)
.2020-01-20 14:47:52.044487 | eval'd: drake::cmq_buildtargetmetadepsspecht_is_subtargetconfig
2020-01-20 14:47:54.100753 | > DO_CALL (0.020s wait)
.2020-01-20 14:47:54.495754 | eval'd: drake::cmq_buildtargetmetadepsspecht_is_subtargetconfig
2020-01-20 14:47:55.519642 | > DO_CALL (0.003s wait)
.2020-01-20 14:47:56.406489 | eval'd: drake::cmq_buildtargetmetadepsspecht_is_subtargetconfig
2020-01-20 14:47:56.483206 | > DO_CALL (0.000s wait)
.2020-01-20 14:47:56.489068 | eval'd: drake::cmq_buildtargetmetadepsspecht_is_subtargetconfig
2020-01-20 14:47:57.352164 | > DO_CALL (0.000s wait)
.2020-01-20 14:47:59.836346 | eval'd: drake::cmq_buildtargetmetadepsspecht_is_subtargetconfig
2020-01-20 14:48:00.372056 | > DO_CALL (0.000s wait)
.2020-01-20 14:48:00.377784 | eval'd: drake::cmq_buildtargetmetadepsspecht_is_subtargetconfig
2020-01-20 14:48:01.081760 | > DO_CALL (0.001s wait)
.2020-01-20 14:48:01.087045 | eval'd: drake::cmq_buildtargetmetadepsspecht_is_subtargetconfig
2020-01-20 14:48:01.842919 | > DO_CALL (0.001s wait)
.2020-01-20 14:48:01.848632 | eval'd: drake::cmq_buildtargetmetadepsspecht_is_subtargetconfig
2020-01-20 14:48:02.665276 | > DO_CALL (0.001s wait)
.2020-01-20 14:48:02.670394 | eval'd: drake::cmq_buildtargetmetadepsspecht_is_subtargetconfig
2020-01-20 14:48:03.483353 | > DO_CALL (0.001s wait)
.2020-01-20 14:48:03.489059 | eval'd: drake::cmq_buildtargetmetadepsspecht_is_subtargetconfig
2020-01-20 14:48:05.038507 | > DO_CALL (0.001s wait)
.2020-01-20 14:48:05.044260 | eval'd: drake::cmq_buildtargetmetadepsspecht_is_subtargetconfig
2020-01-20 14:48:05.905382 | > DO_CALL (0.001s wait)
.2020-01-20 14:48:05.910655 | eval'd: drake::cmq_buildtargetmetadepsspecht_is_subtargetconfig
2020-01-20 14:48:06.781487 | > DO_CALL (0.001s wait)
.2020-01-20 14:48:06.787261 | eval'd: drake::cmq_buildtargetmetadepsspecht_is_subtargetconfig
2020-01-20 14:48:07.664014 | > DO_CALL (0.000s wait)
.2020-01-20 14:48:07.669336 | eval'd: drake::cmq_buildtargetmetadepsspecht_is_subtargetconfig
2020-01-20 14:48:08.471535 | > DO_CALL (0.001s wait)
.2020-01-20 14:48:08.475757 | eval'd: drake::cmq_buildtargetmetadepsspecht_is_subtargetconfig
2020-01-20 14:48:09.905402 | > DO_CALL (0.001s wait)
.2020-01-20 14:48:09.910047 | eval'd: drake::cmq_buildtargetmetadepsspecht_is_subtargetconfig
2020-01-20 14:48:10.718813 | > DO_CALL (0.000s wait)
.2020-01-20 14:48:10.723016 | eval'd: drake::cmq_buildtargetmetadepsspecht_is_subtargetconfig
2020-01-20 14:48:11.541114 | > DO_CALL (0.000s wait)
.2020-01-20 14:48:11.545506 | eval'd: drake::cmq_buildtargetmetadepsspecht_is_subtargetconfig
2020-01-20 14:48:12.380018 | > DO_CALL (0.000s wait)
.
2020-01-20 14:48:12.384114 | eval'd: drake::cmq_buildtargetmetadepsspecht_is_subtargetconfig
2020-01-20 14:48:13.823554 | > DO_CALL (0.001s wait)
.2020-01-20 14:48:13.829164 | eval'd: drake::cmq_buildtargetmetadepsspecht_is_subtargetconfig
2020-01-20 14:48:14.636906 | > DO_CALL (0.001s wait)
.2020-01-20 14:48:14.642654 | eval'd: drake::cmq_buildtargetmetadepsspecht_is_subtargetconfig
2020-01-20 14:48:15.491626 | > DO_CALL (0.001s wait)
.2020-01-20 14:48:15.497309 | eval'd: drake::cmq_buildtargetmetadepsspecht_is_subtargetconfig
2020-01-20 14:48:16.332157 | > DO_CALL (0.000s wait)
.2020-01-20 14:48:16.337274 | eval'd: drake::cmq_buildtargetmetadepsspecht_is_subtargetconfig
2020-01-20 14:48:17.181505 | > DO_CALL (0.001s wait)
.2020-01-20 14:48:17.187068 | eval'd: drake::cmq_buildtargetmetadepsspecht_is_subtargetconfig
2020-01-20 14:48:18.632455 | > DO_CALL (0.001s wait)
.2020-01-20 14:48:18.638095 | eval'd: drake::cmq_buildtargetmetadepsspecht_is_subtargetconfig
2020-01-20 14:48:19.234624 | > WORKER_WAIT (0.000s wait)
2020-01-20 14:48:19.235086 | waiting 1.00s
2020-01-20 14:48:20.237445 | > WORKER_WAIT (0.000s wait)
2020-01-20 14:48:20.237823 | waiting 1.00s
2020-01-20 14:48:21.240234 | > WORKER_WAIT (0.001s wait)
2020-01-20 14:48:21.240685 | waiting 1.00s
2020-01-20 14:48:22.243039 | > WORKER_WAIT (0.000s wait)
2020-01-20 14:48:22.243427 | waiting 1.00s
2020-01-20 14:48:23.245800 | > WORKER_WAIT (0.000s wait)
2020-01-20 14:48:23.246243 | waiting 1.00s
2020-01-20 14:48:24.248642 | > WORKER_WAIT (0.000s wait)
2020-01-20 14:48:24.248987 | waiting 1.00s
2020-01-20 14:48:25.251386 | > WORKER_WAIT (0.000s wait)
2020-01-20 14:48:25.251856 | waiting 1.00s
2020-01-20 14:48:26.254159 | > WORKER_WAIT (0.000s wait)
2020-01-20 14:48:26.254505 | waiting 1.00s
2020-01-20 14:48:27.256883 | > WORKER_WAIT (0.000s wait)
2020-01-20 14:48:27.257292 | waiting 1.00s
2020-01-20 14:48:28.259745 | > WORKER_WAIT (0.000s wait)
2020-01-20 14:48:28.260175 | waiting 1.00s
2020-01-20 14:48:29.262586 | > WORKER_WAIT (0.000s wait)
2020-01-20 14:48:29.262985 | waiting 1.00s
2020-01-20 14:48:30.265409 | > WORKER_WAIT (0.000s wait)
2020-01-20 14:48:30.265850 | waiting 1.00s
2020-01-20 14:48:31.712719 | > WORKER_WAIT (0.000s wait)
2020-01-20 14:48:31.713168 | waiting 1.00s
2020-01-20 14:48:32.715614 | > WORKER_WAIT (0.000s wait)
2020-01-20 14:48:32.716046 | waiting 1.00s
2020-01-20 14:48:33.718389 | > WORKER_WAIT (0.000s wait)
2020-01-20 14:48:33.718803 | waiting 1.00s
2020-01-20 14:48:34.721213 | > WORKER_WAIT (0.000s wait)
2020-01-20 14:48:34.721646 | waiting 1.00s
2020-01-20 14:48:35.724020 | > WORKER_WAIT (0.000s wait)
2020-01-20 14:48:35.724447 | waiting 1.00s
2020-01-20 14:48:36.726886 | > WORKER_WAIT (0.000s wait)
2020-01-20 14:48:36.727338 | waiting 1.00s
2020-01-20 14:48:37.729747 | > WORKER_WAIT (0.000s wait)
2020-01-20 14:48:37.730192 | waiting 1.00s
2020-01-20 14:48:38.732640 | > WORKER_WAIT (0.000s wait)
2020-01-20 14:48:38.733109 | waiting 1.00s
2020-01-20 14:48:39.735548 | > WORKER_WAIT (0.000s wait)
2020-01-20 14:48:39.735974 | waiting 1.00s
2020-01-20 14:48:40.738375 | > WORKER_WAIT (0.000s wait)
2020-01-20 14:48:40.738802 | waiting 1.00s
2020-01-20 14:48:41.741294 | > WORKER_WAIT (0.000s wait)
2020-01-20 14:48:41.741727 | waiting 1.00s
2020-01-20 14:48:42.744215 | > WORKER_WAIT (0.000s wait)
2020-01-20 14:48:42.744675 | waiting 1.00s
2020-01-20 14:48:43.747137 | > WORKER_WAIT (0.000s wait)
2020-01-20 14:48:43.747551 | waiting 1.00s
2020-01-20 14:48:44.749922 | > WORKER_WAIT (0.000s wait)
2020-01-20 14:48:44.750370 | waiting 1.00s
2020-01-20 14:48:45.752799 | > WORKER_WAIT (0.000s wait)
2020-01-20 14:48:45.753263 | waiting 1.00s
2020-01-20 14:48:46.755702 | > WORKER_WAIT (0.000s wait)
2020-01-20 14:48:46.756154 | waiting 1.00s
2020-01-20 14:48:47.758941 | > WORKER_WAIT (0.000s wait)
2020-01-20 14:48:47.759370 | waiting 1.00s
2020-01-20 14:48:48.762269 | > WORKER_WAIT (0.001s wait)
2020-01-20 14:48:48.762698 | waiting 1.00s
2020-01-20 14:48:49.765344 | > WORKER_WAIT (0.000s wait)
2020-01-20 14:48:49.765761 | waiting 1.00s
2020-01-20 14:48:50.768399 | > WORKER_WAIT (0.000s wait)
2020-01-20 14:48:50.768813 | waiting 1.00s
2020-01-20 14:48:51.771422 | > WORKER_WAIT (0.000s wait)
2020-01-20 14:48:51.771831 | waiting 1.00s
2020-01-20 14:48:52.774729 | > WORKER_WAIT (0.000s wait)
2020-01-20 14:48:52.775152 | waiting 1.00s
2020-01-20 14:48:53.778071 | > WORKER_WAIT (0.000s wait)
2020-01-20 14:48:53.778482 | waiting 1.00s
2020-01-20 14:48:54.781403 | > WORKER_WAIT (0.000s wait)
2020-01-20 14:48:54.781826 | waiting 1.00s
2020-01-20 14:48:55.784753 | > WORKER_WAIT (0.000s wait)
2020-01-20 14:48:55.785175 | waiting 1.00s
2020-01-20 14:48:56.788005 | > WORKER_WAIT (0.000s wait)
2020-01-20 14:48:56.788446 | waiting 1.00s
2020-01-20 14:48:57.791275 | > WORKER_WAIT (0.000s wait)
2020-01-20 14:48:57.791693 | waiting 1.00s
2020-01-20 14:48:58.794270 | > WORKER_WAIT (0.000s wait)
2020-01-20 14:48:58.794621 | waiting 1.00s
2020-01-20 14:48:59.797358 | > WORKER_WAIT (0.000s wait)
2020-01-20 14:48:59.797784 | waiting 1.00s
2020-01-20 14:49:00.800672 | > WORKER_WAIT (0.000s wait)
2020-01-20 14:49:00.801098 | waiting 1.00s
2020-01-20 14:49:01.803808 | > WORKER_WAIT (0.000s wait)
2020-01-20 14:49:01.804251 | waiting 1.00s
2020-01-20 14:49:02.806881 | > WORKER_WAIT (0.000s wait)
2020-01-20 14:49:02.807275 | waiting 1.00s
2020-01-20 14:49:03.809903 | > WORKER_WAIT (0.000s wait)
2020-01-20 14:49:03.810326 | waiting 1.00s
2020-01-20 14:49:04.813091 | > WORKER_WAIT (0.000s wait)
2020-01-20 14:49:04.813510 | waiting 1.00s
2020-01-20 14:49:05.816312 | > WORKER_WAIT (0.000s wait)
2020-01-20 14:49:05.816719 | waiting 1.00s
2020-01-20 14:49:06.819310 | > WORKER_WAIT (0.000s wait)
2020-01-20 14:49:06.819714 | waiting 1.00s
2020-01-20 14:49:07.822326 | > WORKER_WAIT (0.000s wait)
2020-01-20 14:49:07.822739 | waiting 1.00s
2020-01-20 14:49:08.825356 | > WORKER_WAIT (0.000s wait)
2020-01-20 14:49:08.825735 | waiting 1.00s
2020-01-20 14:49:09.828421 | > WORKER_WAIT (0.000s wait)
2020-01-20 14:49:09.828838 | waiting 1.00s
2020-01-20 14:49:10.831667 | > WORKER_WAIT (0.000s wait)
2020-01-20 14:49:10.832049 | waiting 1.00s
2020-01-20 14:49:11.834947 | > WORKER_WAIT (0.000s wait)
2020-01-20 14:49:11.835390 | waiting 1.00s
2020-01-20 14:49:12.838111 | > WORKER_WAIT (0.000s wait)
2020-01-20 14:49:12.838501 | waiting 1.00s
2020-01-20 14:49:13.841384 | > WORKER_WAIT (0.000s wait)
2020-01-20 14:49:13.841806 | waiting 1.00s
2020-01-20 14:49:16.240936 | > WORKER_WAIT (0.000s wait)
2020-01-20 14:49:16.241909 | waiting 1.00s
2020-01-20 14:49:17.247227 | > WORKER_WAIT (0.001s wait)
2020-01-20 14:49:17.247600 | waiting 1.00s
2020-01-20 14:49:18.468658 | > WORKER_WAIT (0.000s wait)
2020-01-20 14:49:18.469103 | waiting 1.00s
2020-01-20 14:49:19.476113 | > WORKER_WAIT (0.000s wait)
2020-01-20 14:49:19.476498 | waiting 1.00s
2020-01-20 14:49:21.477172 | > WORKER_WAIT (0.000s wait)
2020-01-20 14:49:21.477613 | waiting 1.00s
2020-01-20 14:49:48.042589 | > WORKER_STOP (0.000s wait)
2020-01-20 14:49:48.046715 | shutting down worker
2020-01-20 14:49:50.678139 | 
Total: 66 in 492.10s [user], 30.47s [system], 1410.95s [elapsed]
