2020-01-20 17:36:46.027538 | Master: tcp://c23a-s37:7983
2020-01-20 17:36:46.181740 | WORKER_UP to: tcp://c23a-s37:7983
2020-01-20 17:37:22.328293 | > DO_SETUP (23.657s wait)
2020-01-20 17:37:22.331295 | token from msg: set_common_data_token
2020-01-20 17:37:36.078942 | > DO_CALL (8.619s wait)
.* Option 'clustermq.scheduler' not set, defaulting to ‘SLURM’
--- see: https://mschubert.github.io/clustermq/articles/userguide.html#configuration
2020-01-20 17:38:08.340946 | eval'd: drake::cmq_buildtargetmetadepsspecht_is_subtargetconfig
2020-01-20 17:38:27.116072 | > DO_CALL (4.872s wait)
.2020-01-20 17:39:02.814519 | eval'd: drake::cmq_buildtargetmetadepsspecht_is_subtargetconfig
2020-01-20 17:39:19.435070 | > DO_CALL (4.900s wait)
.2020-01-20 17:42:30.049023 | eval'd: drake::cmq_buildtargetmetadepsspecht_is_subtargetconfig
2020-01-20 17:42:50.958108 | > DO_CALL (4.881s wait)
.2020-01-20 17:42:55.639052 | eval'd: drake::cmq_buildtargetmetadepsspecht_is_subtargetconfig
2020-01-20 17:43:16.728649 | > DO_CALL (4.776s wait)
.2020-01-20 17:43:18.737716 | eval'd: drake::cmq_buildtargetmetadepsspecht_is_subtargetconfig
2020-01-20 17:43:40.571681 | > DO_CALL (4.634s wait)
.2020-01-20 17:43:49.421495 | eval'd: drake::cmq_buildtargetmetadepsspecht_is_subtargetconfig
2020-01-20 17:44:10.083695 | > DO_CALL (4.695s wait)
.2020-01-20 17:44:13.367354 | eval'd: drake::cmq_buildtargetmetadepsspecht_is_subtargetconfig
2020-01-20 17:44:25.407755 | > DO_CALL (5.565s wait)
.2020-01-20 17:46:22.164057 | eval'd: drake::cmq_buildtargetmetadepsspecht_is_subtargetconfig
2020-01-20 17:46:37.477133 | > DO_CALL (4.920s wait)
.2020-01-20 17:46:39.602720 | eval'd: drake::cmq_buildtargetmetadepsspecht_is_subtargetconfig
2020-01-20 17:46:51.779074 | > DO_CALL (4.833s wait)
.2020-01-20 17:47:51.079620 | eval'd: drake::cmq_buildtargetmetadepsspecht_is_subtargetconfig
2020-01-20 17:48:01.194166 | > DO_CALL (4.803s wait)
.2020-01-20 17:48:12.910207 | eval'd: drake::cmq_buildtargetmetadepsspecht_is_subtargetconfig
2020-01-20 17:48:23.331743 | > DO_CALL (4.813s wait)
.2020-01-20 17:48:43.119518 | eval'd: drake::cmq_buildtargetmetadepsspecht_is_subtargetconfig
2020-01-20 17:48:58.423681 | > DO_CALL (4.766s wait)
.2020-01-20 17:49:03.812608 | eval'd: drake::cmq_buildtargetmetadepsspecht_is_subtargetconfig
2020-01-20 17:49:20.067633 | > DO_CALL (4.753s wait)
.2020-01-20 17:49:45.680093 | eval'd: drake::cmq_buildtargetmetadepsspecht_is_subtargetconfig
2020-01-20 17:49:57.631779 | > DO_CALL (4.724s wait)
.2020-01-20 17:50:12.326283 | eval'd: drake::cmq_buildtargetmetadepsspecht_is_subtargetconfig
2020-01-20 17:50:26.383309 | > DO_CALL (4.957s wait)
.2020-01-20 17:50:54.138258 | eval'd: drake::cmq_buildtargetmetadepsspecht_is_subtargetconfig
2020-01-20 17:51:03.547852 | > DO_CALL (4.832s wait)
.2020-01-20 17:51:20.448714 | eval'd: drake::cmq_buildtargetmetadepsspecht_is_subtargetconfig
2020-01-20 17:51:38.792855 | > DO_CALL (4.826s wait)
.2020-01-20 17:51:56.251555 | eval'd: drake::cmq_buildtargetmetadepsspecht_is_subtargetconfig
2020-01-20 17:52:09.808521 | > DO_CALL (4.794s wait)
.2020-01-20 17:52:21.376703 | eval'd: drake::cmq_buildtargetmetadepsspecht_is_subtargetconfig
2020-01-20 17:52:39.004002 | > DO_CALL (4.711s wait)
.2020-01-20 17:52:43.550276 | eval'd: drake::cmq_buildtargetmetadepsspecht_is_subtargetconfig
2020-01-20 17:53:04.852817 | > DO_CALL (4.751s wait)
.2020-01-20 17:53:05.289444 | eval'd: drake::cmq_buildtargetmetadepsspecht_is_subtargetconfig
2020-01-20 17:53:42.274534 | > DO_CALL (5.550s wait)
.2020-01-20 17:54:14.297868 | eval'd: drake::cmq_buildtargetmetadepsspecht_is_subtargetconfig
2020-01-20 17:54:24.692867 | > DO_CALL (4.704s wait)
.2020-01-20 17:54:37.822471 | eval'd: drake::cmq_buildtargetmetadepsspecht_is_subtargetconfig
2020-01-20 17:54:53.623226 | > DO_CALL (4.824s wait)
.2020-01-20 17:55:06.000653 | eval'd: drake::cmq_buildtargetmetadepsspecht_is_subtargetconfig
2020-01-20 17:55:21.842681 | > DO_CALL (5.679s wait)
.2020-01-20 17:55:47.693678 | eval'd: drake::cmq_buildtargetmetadepsspecht_is_subtargetconfig
2020-01-20 17:55:57.809959 | > DO_CALL (4.840s wait)
.2020-01-20 17:56:14.951928 | eval'd: drake::cmq_buildtargetmetadepsspecht_is_subtargetconfig
2020-01-20 17:56:25.150055 | > DO_CALL (4.725s wait)
.2020-01-20 17:56:32.093587 | eval'd: drake::cmq_buildtargetmetadepsspecht_is_subtargetconfig
2020-01-20 17:56:53.683798 | > DO_CALL (4.706s wait)
.2020-01-20 17:57:26.617889 | eval'd: drake::cmq_buildtargetmetadepsspecht_is_subtargetconfig
2020-01-20 17:57:43.389338 | > DO_CALL (5.654s wait)
.2020-01-20 17:58:10.843424 | eval'd: drake::cmq_buildtargetmetadepsspecht_is_subtargetconfig
2020-01-20 17:58:29.002476 | > DO_CALL (4.826s wait)
.2020-01-20 17:58:35.248602 | eval'd: drake::cmq_buildtargetmetadepsspecht_is_subtargetconfig
2020-01-20 17:58:51.133488 | > DO_CALL (4.763s wait)
.2020-01-20 17:59:47.123099 | eval'd: drake::cmq_buildtargetmetadepsspecht_is_subtargetconfig
2020-01-20 18:00:03.892995 | > DO_CALL (4.827s wait)
.2020-01-20 18:01:52.304477 | eval'd: drake::cmq_buildtargetmetadepsspecht_is_subtargetconfig
2020-01-20 18:02:02.824594 | > DO_CALL (4.884s wait)
.2020-01-20 18:02:10.575460 | eval'd: drake::cmq_buildtargetmetadepsspecht_is_subtargetconfig
2020-01-20 18:02:22.460988 | > DO_CALL (4.738s wait)
.2020-01-20 18:06:33.545462 | eval'd: drake::cmq_buildtargetmetadepsspecht_is_subtargetconfig
2020-01-20 18:06:45.811515 | > DO_CALL (4.905s wait)
.2020-01-20 18:07:21.753206 | eval'd: drake::cmq_buildtargetmetadepsspecht_is_subtargetconfig
2020-01-20 18:07:37.272084 | > DO_CALL (4.717s wait)
.2020-01-20 18:10:03.506130 | eval'd: drake::cmq_buildtargetmetadepsspecht_is_subtargetconfig
2020-01-20 18:10:24.736940 | > DO_CALL (4.853s wait)
.2020-01-20 18:11:06.313081 | eval'd: drake::cmq_buildtargetmetadepsspecht_is_subtargetconfig
2020-01-20 18:11:17.327350 | > DO_CALL (4.887s wait)
.2020-01-20 18:11:37.042592 | eval'd: drake::cmq_buildtargetmetadepsspecht_is_subtargetconfig
2020-01-20 18:11:55.969289 | > DO_CALL (4.672s wait)
.2020-01-20 18:12:19.828537 | eval'd: drake::cmq_buildtargetmetadepsspecht_is_subtargetconfig
2020-01-20 18:12:35.096549 | > DO_CALL (4.770s wait)
.2020-01-20 18:12:42.847701 | eval'd: drake::cmq_buildtargetmetadepsspecht_is_subtargetconfig
2020-01-20 18:13:01.728302 | > DO_CALL (4.726s wait)
.2020-01-20 18:13:18.353868 | eval'd: drake::cmq_buildtargetmetadepsspecht_is_subtargetconfig
2020-01-20 18:13:33.529187 | > DO_CALL (4.727s wait)
.2020-01-20 18:13:37.366638 | eval'd: drake::cmq_buildtargetmetadepsspecht_is_subtargetconfig
2020-01-20 18:14:11.102497 | > DO_CALL (4.758s wait)
.2020-01-20 18:15:12.589446 | eval'd: drake::cmq_buildtargetmetadepsspecht_is_subtargetconfig
2020-01-20 18:15:31.140926 | > DO_CALL (4.798s wait)
.2020-01-20 18:16:06.052619 | eval'd: drake::cmq_buildtargetmetadepsspecht_is_subtargetconfig
2020-01-20 18:16:23.442382 | > DO_CALL (5.460s wait)
.2020-01-20 18:16:34.018349 | eval'd: drake::cmq_buildtargetmetadepsspecht_is_subtargetconfig
2020-01-20 18:16:53.144176 | > DO_CALL (4.680s wait)
.2020-01-20 18:17:01.511743 | eval'd: drake::cmq_buildtargetmetadepsspecht_is_subtargetconfig
2020-01-20 18:17:38.616363 | > DO_CALL (4.760s wait)
.2020-01-20 18:17:42.927415 | eval'd: drake::cmq_buildtargetmetadepsspecht_is_subtargetconfig
2020-01-20 18:18:22.767934 | > DO_CALL (4.748s wait)
.2020-01-20 18:18:34.478605 | eval'd: drake::cmq_buildtargetmetadepsspecht_is_subtargetconfig
2020-01-20 18:18:52.982378 | > DO_CALL (4.721s wait)
.2020-01-20 18:18:58.271228 | eval'd: drake::cmq_buildtargetmetadepsspecht_is_subtargetconfig
2020-01-20 18:19:10.740313 | > DO_CALL (4.719s wait)
.2020-01-20 18:22:19.671122 | eval'd: drake::cmq_buildtargetmetadepsspecht_is_subtargetconfig
2020-01-20 18:22:43.885605 | > DO_CALL (5.722s wait)
.2020-01-20 18:23:02.047557 | eval'd: drake::cmq_buildtargetmetadepsspecht_is_subtargetconfig
2020-01-20 18:23:31.071492 | > DO_CALL (4.713s wait)
.2020-01-20 18:23:43.809472 | eval'd: drake::cmq_buildtargetmetadepsspecht_is_subtargetconfig
2020-01-20 18:23:58.815396 | > DO_CALL (4.746s wait)
.2020-01-20 18:24:18.531764 | eval'd: drake::cmq_buildtargetmetadepsspecht_is_subtargetconfig
2020-01-20 18:24:28.502085 | > DO_CALL (4.700s wait)
.2020-01-20 18:24:47.315183 | eval'd: drake::cmq_buildtargetmetadepsspecht_is_subtargetconfig
2020-01-20 18:25:00.850953 | > DO_CALL (4.758s wait)
.2020-01-20 18:25:08.978117 | eval'd: drake::cmq_buildtargetmetadepsspecht_is_subtargetconfig
2020-01-20 18:25:16.984301 | > DO_CALL (4.866s wait)
.2020-01-20 18:25:37.493209 | eval'd: drake::cmq_buildtargetmetadepsspecht_is_subtargetconfig
2020-01-20 18:25:45.367577 | > DO_CALL (4.785s wait)
.
2020-01-20 18:26:14.028083 | eval'd: drake::cmq_buildtargetmetadepsspecht_is_subtargetconfig
2020-01-20 18:26:30.648559 | > DO_CALL (5.393s wait)
.2020-01-20 18:26:34.335233 | eval'd: drake::cmq_buildtargetmetadepsspecht_is_subtargetconfig
2020-01-20 18:26:45.926135 | > DO_CALL (7.121s wait)
.2020-01-20 18:26:51.831788 | eval'd: drake::cmq_buildtargetmetadepsspecht_is_subtargetconfig
2020-01-20 18:27:02.279562 | > DO_CALL (4.749s wait)
.2020-01-20 18:27:05.122896 | eval'd: drake::cmq_buildtargetmetadepsspecht_is_subtargetconfig
2020-01-20 18:27:14.328150 | > DO_CALL (4.698s wait)
.2020-01-20 18:27:16.708234 | eval'd: drake::cmq_buildtargetmetadepsspecht_is_subtargetconfig
2020-01-20 18:27:35.635954 | > DO_CALL (4.737s wait)
.2020-01-20 18:27:52.434801 | eval'd: drake::cmq_buildtargetmetadepsspecht_is_subtargetconfig
2020-01-20 18:28:04.450046 | > DO_CALL (4.878s wait)
.2020-01-20 18:28:23.299293 | eval'd: drake::cmq_buildtargetmetadepsspecht_is_subtargetconfig
2020-01-20 18:28:33.578016 | > DO_CALL (4.668s wait)
.2020-01-20 18:29:52.159552 | eval'd: drake::cmq_buildtargetmetadepsspecht_is_subtargetconfig
2020-01-20 18:30:06.416682 | > DO_CALL (4.806s wait)
.2020-01-20 18:30:59.788529 | eval'd: drake::cmq_buildtargetmetadepsspecht_is_subtargetconfig
2020-01-20 18:31:23.586001 | > DO_CALL (4.764s wait)
.2020-01-20 18:31:34.610649 | eval'd: drake::cmq_buildtargetmetadepsspecht_is_subtargetconfig
2020-01-20 18:31:52.365605 | > DO_CALL (4.824s wait)
.2020-01-20 18:31:53.556698 | eval'd: drake::cmq_buildtargetmetadepsspecht_is_subtargetconfig
2020-01-20 18:32:27.874862 | > DO_CALL (5.520s wait)
.2020-01-20 18:33:58.746885 | eval'd: drake::cmq_buildtargetmetadepsspecht_is_subtargetconfig
2020-01-20 18:34:10.556051 | > DO_CALL (4.982s wait)
.2020-01-20 18:37:38.400286 | eval'd: drake::cmq_buildtargetmetadepsspecht_is_subtargetconfig
2020-01-20 18:37:50.627069 | > DO_CALL (5.727s wait)
.2020-01-20 18:37:52.437256 | eval'd: drake::cmq_buildtargetmetadepsspecht_is_subtargetconfig
2020-01-20 18:38:05.700109 | > DO_CALL (5.474s wait)
.2020-01-20 18:39:05.786524 | eval'd: drake::cmq_buildtargetmetadepsspecht_is_subtargetconfig
2020-01-20 18:39:16.741052 | > DO_CALL (4.676s wait)
.2020-01-20 18:39:49.266544 | eval'd: drake::cmq_buildtargetmetadepsspecht_is_subtargetconfig
2020-01-20 18:40:03.193854 | > DO_CALL (4.887s wait)
.2020-01-20 18:40:09.344274 | eval'd: drake::cmq_buildtargetmetadepsspecht_is_subtargetconfig
2020-01-20 18:40:20.609200 | > DO_CALL (4.677s wait)
.2020-01-20 18:45:21.386255 | eval'd: drake::cmq_buildtargetmetadepsspecht_is_subtargetconfig
2020-01-20 18:45:31.630877 | > DO_CALL (5.013s wait)
.2020-01-20 18:45:45.860107 | eval'd: drake::cmq_buildtargetmetadepsspecht_is_subtargetconfig
2020-01-20 18:45:53.764278 | > DO_CALL (4.846s wait)
.2020-01-20 18:46:03.678716 | eval'd: drake::cmq_buildtargetmetadepsspecht_is_subtargetconfig
2020-01-20 18:46:22.779017 | > DO_CALL (5.604s wait)
.2020-01-20 18:46:35.486890 | eval'd: drake::cmq_buildtargetmetadepsspecht_is_subtargetconfig
2020-01-20 18:46:55.028061 | > DO_CALL (4.816s wait)
.2020-01-20 18:46:57.777012 | eval'd: drake::cmq_buildtargetmetadepsspecht_is_subtargetconfig
2020-01-20 18:47:12.588463 | > DO_CALL (4.721s wait)
.2020-01-20 18:47:12.845209 | eval'd: drake::cmq_buildtargetmetadepsspecht_is_subtargetconfig
2020-01-20 18:47:41.043631 | > DO_CALL (5.426s wait)
.2020-01-20 18:48:01.919418 | eval'd: drake::cmq_buildtargetmetadepsspecht_is_subtargetconfig
2020-01-20 18:48:16.456447 | > DO_CALL (4.836s wait)
.2020-01-20 18:48:56.032418 | eval'd: drake::cmq_buildtargetmetadepsspecht_is_subtargetconfig
2020-01-20 18:49:12.323479 | > DO_CALL (4.836s wait)
.2020-01-20 18:49:39.293107 | eval'd: drake::cmq_buildtargetmetadepsspecht_is_subtargetconfig
2020-01-20 18:49:55.269946 | > DO_CALL (4.788s wait)
.2020-01-20 18:50:11.703778 | eval'd: drake::cmq_buildtargetmetadepsspecht_is_subtargetconfig
2020-01-20 18:50:29.049262 | > DO_CALL (4.728s wait)
.2020-01-20 18:50:45.393409 | eval'd: drake::cmq_buildtargetmetadepsspecht_is_subtargetconfig
2020-01-20 18:51:02.339972 | > DO_CALL (4.862s wait)
.2020-01-20 18:51:17.018003 | eval'd: drake::cmq_buildtargetmetadepsspecht_is_subtargetconfig
2020-01-20 18:51:31.806309 | > DO_CALL (4.735s wait)
.2020-01-20 18:52:15.392284 | eval'd: drake::cmq_buildtargetmetadepsspecht_is_subtargetconfig
2020-01-20 18:52:25.598468 | > DO_CALL (4.753s wait)
.2020-01-20 18:52:36.125447 | eval'd: drake::cmq_buildtargetmetadepsspecht_is_subtargetconfig
2020-01-20 18:52:51.917647 | > DO_CALL (4.717s wait)
.2020-01-20 18:52:58.969383 | eval'd: drake::cmq_buildtargetmetadepsspecht_is_subtargetconfig
2020-01-20 18:53:18.208891 | > DO_CALL (4.718s wait)
.2020-01-20 18:53:33.039371 | eval'd: drake::cmq_buildtargetmetadepsspecht_is_subtargetconfig
2020-01-20 18:53:50.275671 | > DO_CALL (4.781s wait)
.2020-01-20 18:54:05.384829 | eval'd: drake::cmq_buildtargetmetadepsspecht_is_subtargetconfig
2020-01-20 18:54:25.038104 | > DO_CALL (4.752s wait)
.2020-01-20 18:54:35.735611 | eval'd: drake::cmq_buildtargetmetadepsspecht_is_subtargetconfig
2020-01-20 18:54:54.329904 | > DO_CALL (4.671s wait)
.2020-01-20 18:58:05.257009 | eval'd: drake::cmq_buildtargetmetadepsspecht_is_subtargetconfig
2020-01-20 18:58:16.406838 | > DO_CALL (4.713s wait)
.2020-01-20 18:58:34.812769 | eval'd: drake::cmq_buildtargetmetadepsspecht_is_subtargetconfig
2020-01-20 18:58:45.913637 | > DO_CALL (4.892s wait)
.2020-01-20 18:59:17.135927 | eval'd: drake::cmq_buildtargetmetadepsspecht_is_subtargetconfig
2020-01-20 18:59:39.083734 | > DO_CALL (4.619s wait)
.2020-01-20 18:59:43.381239 | eval'd: drake::cmq_buildtargetmetadepsspecht_is_subtargetconfig
2020-01-20 18:59:56.733787 | > DO_CALL (4.449s wait)
.2020-01-20 19:00:08.326804 | eval'd: drake::cmq_buildtargetmetadepsspecht_is_subtargetconfig
2020-01-20 19:00:19.822904 | > DO_CALL (4.526s wait)
.2020-01-20 19:00:45.422281 | eval'd: drake::cmq_buildtargetmetadepsspecht_is_subtargetconfig
2020-01-20 19:00:56.211316 | > DO_CALL (4.525s wait)
.2020-01-20 19:00:57.198589 | eval'd: drake::cmq_buildtargetmetadepsspecht_is_subtargetconfig
2020-01-20 19:01:08.798652 | > DO_CALL (5.248s wait)
.2020-01-20 19:01:45.405136 | eval'd: drake::cmq_buildtargetmetadepsspecht_is_subtargetconfig
2020-01-20 19:02:07.338912 | > DO_CALL (4.214s wait)
.2020-01-20 19:02:28.940060 | eval'd: drake::cmq_buildtargetmetadepsspecht_is_subtargetconfig
2020-01-20 19:02:39.770588 | > DO_CALL (4.896s wait)
.2020-01-20 19:02:46.195157 | eval'd: drake::cmq_buildtargetmetadepsspecht_is_subtargetconfig
2020-01-20 19:03:00.494937 | > DO_CALL (4.825s wait)
.2020-01-20 19:03:04.874084 | eval'd: drake::cmq_buildtargetmetadepsspecht_is_subtargetconfig
2020-01-20 19:03:20.845122 | > DO_CALL (4.704s wait)
.2020-01-20 19:03:46.348695 | eval'd: drake::cmq_buildtargetmetadepsspecht_is_subtargetconfig
2020-01-20 19:03:58.598035 | > DO_CALL (4.747s wait)
.2020-01-20 19:04:01.613427 | eval'd: drake::cmq_buildtargetmetadepsspecht_is_subtargetconfig
2020-01-20 19:04:10.169923 | > DO_CALL (4.762s wait)
.2020-01-20 19:04:55.599855 | eval'd: drake::cmq_buildtargetmetadepsspecht_is_subtargetconfig
2020-01-20 19:05:10.881416 | > DO_CALL (4.688s wait)
.2020-01-20 19:05:42.934905 | eval'd: drake::cmq_buildtargetmetadepsspecht_is_subtargetconfig
2020-01-20 19:05:57.762154 | > DO_CALL (4.822s wait)
.2020-01-20 19:06:10.896937 | eval'd: drake::cmq_buildtargetmetadepsspecht_is_subtargetconfig
2020-01-20 19:06:26.454976 | > DO_CALL (4.746s wait)
.2020-01-20 19:06:28.044497 | eval'd: drake::cmq_buildtargetmetadepsspecht_is_subtargetconfig
2020-01-20 19:06:42.620610 | > DO_CALL (4.692s wait)
.2020-01-20 19:06:46.879822 | eval'd: drake::cmq_buildtargetmetadepsspecht_is_subtargetconfig
2020-01-20 19:07:18.337946 | > DO_CALL (4.673s wait)
.2020-01-20 19:07:19.323886 | eval'd: drake::cmq_buildtargetmetadepsspecht_is_subtargetconfig
2020-01-20 19:07:27.024524 | > DO_CALL (4.779s wait)
.2020-01-20 19:08:12.798782 | eval'd: drake::cmq_buildtargetmetadepsspecht_is_subtargetconfig
2020-01-20 19:08:32.600912 | > DO_CALL (4.730s wait)
.2020-01-20 19:08:37.024348 | eval'd: drake::cmq_buildtargetmetadepsspecht_is_subtargetconfig
2020-01-20 19:08:47.846373 | > DO_CALL (4.804s wait)
.2020-01-20 19:08:52.969245 | eval'd: drake::cmq_buildtargetmetadepsspecht_is_subtargetconfig
2020-01-20 19:09:01.913904 | > DO_CALL (4.798s wait)
.2020-01-20 19:09:22.937535 | eval'd: drake::cmq_buildtargetmetadepsspecht_is_subtargetconfig
2020-01-20 19:09:30.856870 | > DO_CALL (4.786s wait)
.2020-01-20 19:10:41.212357 | eval'd: drake::cmq_buildtargetmetadepsspecht_is_subtargetconfig
2020-01-20 19:10:51.784648 | > DO_CALL (4.801s wait)
.2020-01-20 19:11:28.644433 | eval'd: drake::cmq_buildtargetmetadepsspecht_is_subtargetconfig
2020-01-20 19:11:39.318423 | > DO_CALL (4.864s wait)
.2020-01-20 19:12:30.571194 | eval'd: drake::cmq_buildtargetmetadepsspecht_is_subtargetconfig
2020-01-20 19:12:47.467451 | > DO_CALL (4.883s wait)
.2020-01-20 19:13:02.206225 | eval'd: drake::cmq_buildtargetmetadepsspecht_is_subtargetconfig
2020-01-20 19:13:14.697027 | > DO_CALL (4.892s wait)
.2020-01-20 19:13:28.744751 | eval'd: drake::cmq_buildtargetmetadepsspecht_is_subtargetconfig
2020-01-20 19:13:39.826242 | > DO_CALL (4.930s wait)
.2020-01-20 19:14:03.197103 | eval'd: drake::cmq_buildtargetmetadepsspecht_is_subtargetconfig
2020-01-20 19:14:20.671813 | > DO_CALL (4.864s wait)
.2020-01-20 19:14:40.510081 | eval'd: drake::cmq_buildtargetmetadepsspecht_is_subtargetconfig
2020-01-20 19:14:55.986910 | > DO_CALL (4.834s wait)
.2020-01-20 19:14:56.477247 | eval'd: drake::cmq_buildtargetmetadepsspecht_is_subtargetconfig
2020-01-20 19:15:22.164007 | > DO_CALL (5.626s wait)
.2020-01-20 19:15:29.786173 | eval'd: drake::cmq_buildtargetmetadepsspecht_is_subtargetconfig
2020-01-20 19:15:51.539405 | > DO_CALL (5.625s wait)
.2020-01-20 19:15:57.727341 | eval'd: drake::cmq_buildtargetmetadepsspecht_is_subtargetconfig
2020-01-20 19:16:17.539332 | > DO_CALL (4.881s wait)
.2020-01-20 19:16:45.414184 | eval'd: drake::cmq_buildtargetmetadepsspecht_is_subtargetconfig
2020-01-20 19:17:01.627670 | > DO_CALL (4.956s wait)
.2020-01-20 19:17:06.449620 | eval'd: drake::cmq_buildtargetmetadepsspecht_is_subtargetconfig
2020-01-20 19:17:22.474820 | > DO_CALL (4.891s wait)
.2020-01-20 19:17:23.293164 | eval'd: drake::cmq_buildtargetmetadepsspecht_is_subtargetconfig
2020-01-20 19:17:35.391204 | > DO_CALL (5.559s wait)
.2020-01-20 19:17:54.434678 | eval'd: drake::cmq_buildtargetmetadepsspecht_is_subtargetconfig
2020-01-20 19:18:10.479590 | > DO_CALL (4.852s wait)
.2020-01-20 19:18:39.785432 | eval'd: drake::cmq_buildtargetmetadepsspecht_is_subtargetconfig
2020-01-20 19:18:51.318275 | > DO_CALL (4.727s wait)
.2020-01-20 19:18:53.253216 | eval'd: drake::cmq_buildtargetmetadepsspecht_is_subtargetconfig
2020-01-20 19:19:20.058825 | > DO_CALL (4.793s wait)
.2020-01-20 19:19:47.337040 | eval'd: drake::cmq_buildtargetmetadepsspecht_is_subtargetconfig
2020-01-20 19:19:56.441895 | > DO_CALL (4.838s wait)
.2020-01-20 19:19:59.382766 | eval'd: drake::cmq_buildtargetmetadepsspecht_is_subtargetconfig
2020-01-20 19:20:16.658683 | > DO_CALL (4.832s wait)
.2020-01-20 19:20:35.906108 | eval'd: drake::cmq_buildtargetmetadepsspecht_is_subtargetconfig
2020-01-20 19:20:47.060455 | > DO_CALL (4.818s wait)
.2020-01-20 19:20:47.316168 | eval'd: drake::cmq_buildtargetmetadepsspecht_is_subtargetconfig
2020-01-20 19:20:59.723329 | > DO_CALL (5.664s wait)
.2020-01-20 19:22:12.365687 | eval'd: drake::cmq_buildtargetmetadepsspecht_is_subtargetconfig
2020-01-20 19:22:23.466402 | > DO_CALL (4.700s wait)
.
2020-01-20 19:22:32.216880 | eval'd: drake::cmq_buildtargetmetadepsspecht_is_subtargetconfig
2020-01-20 19:22:53.147927 | > DO_CALL (4.742s wait)
.2020-01-20 19:24:05.834483 | eval'd: drake::cmq_buildtargetmetadepsspecht_is_subtargetconfig
2020-01-20 19:24:16.535079 | > DO_CALL (4.896s wait)
.2020-01-20 19:24:39.690432 | eval'd: drake::cmq_buildtargetmetadepsspecht_is_subtargetconfig
2020-01-20 19:24:51.380542 | > DO_CALL (4.845s wait)
.2020-01-20 19:27:10.219818 | eval'd: drake::cmq_buildtargetmetadepsspecht_is_subtargetconfig
2020-01-20 19:27:20.843878 | > DO_CALL (4.965s wait)
.2020-01-20 19:27:33.918582 | eval'd: drake::cmq_buildtargetmetadepsspecht_is_subtargetconfig
2020-01-20 19:27:42.310213 | > DO_CALL (5.003s wait)
.2020-01-20 19:28:50.070897 | eval'd: drake::cmq_buildtargetmetadepsspecht_is_subtargetconfig
2020-01-20 19:29:06.498134 | > DO_CALL (4.910s wait)
.2020-01-20 19:29:07.367520 | eval'd: drake::cmq_buildtargetmetadepsspecht_is_subtargetconfig
2020-01-20 19:29:23.234872 | > DO_CALL (5.611s wait)
.2020-01-20 19:29:30.584140 | eval'd: drake::cmq_buildtargetmetadepsspecht_is_subtargetconfig
2020-01-20 19:29:52.122781 | > DO_CALL (4.862s wait)
.2020-01-20 19:30:59.969859 | eval'd: drake::cmq_buildtargetmetadepsspecht_is_subtargetconfig
2020-01-20 19:31:08.052826 | > DO_CALL (5.009s wait)
.2020-01-20 19:31:25.707808 | eval'd: drake::cmq_buildtargetmetadepsspecht_is_subtargetconfig
2020-01-20 19:31:45.632768 | > DO_CALL (4.929s wait)
.2020-01-20 19:32:03.901648 | eval'd: drake::cmq_buildtargetmetadepsspecht_is_subtargetconfig
2020-01-20 19:32:20.965018 | > DO_CALL (4.739s wait)
.2020-01-20 19:32:32.130261 | eval'd: drake::cmq_buildtargetmetadepsspecht_is_subtargetconfig
2020-01-20 19:33:01.444604 | > DO_CALL (4.884s wait)
.2020-01-20 19:34:15.407216 | eval'd: drake::cmq_buildtargetmetadepsspecht_is_subtargetconfig
2020-01-20 19:34:31.785498 | > DO_CALL (5.084s wait)
.2020-01-20 19:35:05.963798 | eval'd: drake::cmq_buildtargetmetadepsspecht_is_subtargetconfig
2020-01-20 19:35:14.847631 | > DO_CALL (4.902s wait)
.2020-01-20 19:35:45.010555 | eval'd: drake::cmq_buildtargetmetadepsspecht_is_subtargetconfig
2020-01-20 19:35:55.288383 | > DO_CALL (4.725s wait)
.2020-01-20 19:36:03.722146 | eval'd: drake::cmq_buildtargetmetadepsspecht_is_subtargetconfig
2020-01-20 19:36:16.260591 | > DO_CALL (4.900s wait)
.2020-01-20 19:36:19.610856 | eval'd: drake::cmq_buildtargetmetadepsspecht_is_subtargetconfig
2020-01-20 19:36:33.159700 | > DO_CALL (4.950s wait)
.2020-01-20 19:36:42.606394 | eval'd: drake::cmq_buildtargetmetadepsspecht_is_subtargetconfig
2020-01-20 19:36:52.012531 | > DO_CALL (4.844s wait)
.2020-01-20 19:38:06.830590 | eval'd: drake::cmq_buildtargetmetadepsspecht_is_subtargetconfig
2020-01-20 19:38:17.364242 | > DO_CALL (4.938s wait)
.2020-01-20 19:38:55.118989 | eval'd: drake::cmq_buildtargetmetadepsspecht_is_subtargetconfig
2020-01-20 19:39:06.784413 | > DO_CALL (4.823s wait)
.2020-01-20 19:39:09.731864 | eval'd: drake::cmq_buildtargetmetadepsspecht_is_subtargetconfig
2020-01-20 19:39:40.949932 | > DO_CALL (4.821s wait)
.2020-01-20 19:39:44.629817 | eval'd: drake::cmq_buildtargetmetadepsspecht_is_subtargetconfig
2020-01-20 19:40:20.614088 | > DO_CALL (4.837s wait)
.2020-01-20 19:41:37.145386 | eval'd: drake::cmq_buildtargetmetadepsspecht_is_subtargetconfig
2020-01-20 19:41:55.472008 | > DO_CALL (5.133s wait)
.2020-01-20 19:42:20.512056 | eval'd: drake::cmq_buildtargetmetadepsspecht_is_subtargetconfig
2020-01-20 19:42:41.249608 | > DO_CALL (4.728s wait)
.2020-01-20 19:46:04.248315 | eval'd: drake::cmq_buildtargetmetadepsspecht_is_subtargetconfig
2020-01-20 19:46:15.217758 | > DO_CALL (5.119s wait)
.2020-01-20 19:46:39.501095 | eval'd: drake::cmq_buildtargetmetadepsspecht_is_subtargetconfig
2020-01-20 19:46:58.036546 | > DO_CALL (4.942s wait)
.2020-01-20 19:47:11.587054 | eval'd: drake::cmq_buildtargetmetadepsspecht_is_subtargetconfig
2020-01-20 19:47:27.982081 | > DO_CALL (4.732s wait)
.2020-01-20 19:47:29.261632 | eval'd: drake::cmq_buildtargetmetadepsspecht_is_subtargetconfig
2020-01-20 19:47:42.558967 | > DO_CALL (4.787s wait)
.2020-01-20 19:47:45.787064 | eval'd: drake::cmq_buildtargetmetadepsspecht_is_subtargetconfig
2020-01-20 19:48:05.038864 | > DO_CALL (4.897s wait)
.2020-01-20 19:48:33.146370 | eval'd: drake::cmq_buildtargetmetadepsspecht_is_subtargetconfig
2020-01-20 19:48:50.967544 | > DO_CALL (4.910s wait)
.2020-01-20 19:49:01.819649 | eval'd: drake::cmq_buildtargetmetadepsspecht_is_subtargetconfig
2020-01-20 19:49:10.872977 | > DO_CALL (4.791s wait)
.2020-01-20 19:49:22.742175 | eval'd: drake::cmq_buildtargetmetadepsspecht_is_subtargetconfig
2020-01-20 19:49:32.138436 | > DO_CALL (4.863s wait)
.2020-01-20 19:49:42.028653 | eval'd: drake::cmq_buildtargetmetadepsspecht_is_subtargetconfig
2020-01-20 19:50:03.101327 | > DO_CALL (4.973s wait)
.2020-01-20 19:50:12.722778 | eval'd: drake::cmq_buildtargetmetadepsspecht_is_subtargetconfig
2020-01-20 19:50:26.376297 | > DO_CALL (4.833s wait)
.2020-01-20 19:50:48.596035 | eval'd: drake::cmq_buildtargetmetadepsspecht_is_subtargetconfig
2020-01-20 19:51:02.827828 | > DO_CALL (4.818s wait)
.2020-01-20 19:51:20.975187 | eval'd: drake::cmq_buildtargetmetadepsspecht_is_subtargetconfig
2020-01-20 19:51:36.196060 | > DO_CALL (4.876s wait)
.2020-01-20 19:51:36.648224 | eval'd: drake::cmq_buildtargetmetadepsspecht_is_subtargetconfig
2020-01-20 19:51:47.985998 | > DO_CALL (5.537s wait)
.2020-01-20 19:51:48.565809 | eval'd: drake::cmq_buildtargetmetadepsspecht_is_subtargetconfig
2020-01-20 19:52:18.875464 | > DO_CALL (5.557s wait)
.2020-01-20 19:52:31.585823 | eval'd: drake::cmq_buildtargetmetadepsspecht_is_subtargetconfig
2020-01-20 19:52:41.978805 | > DO_CALL (4.799s wait)
.2020-01-20 19:52:46.467083 | eval'd: drake::cmq_buildtargetmetadepsspecht_is_subtargetconfig
2020-01-20 19:52:59.227281 | > DO_CALL (5.622s wait)
.2020-01-20 19:53:05.731592 | eval'd: drake::cmq_buildtargetmetadepsspecht_is_subtargetconfig
2020-01-20 19:53:21.474296 | > DO_CALL (4.937s wait)
.2020-01-20 19:53:29.071795 | eval'd: drake::cmq_buildtargetmetadepsspecht_is_subtargetconfig
2020-01-20 19:53:50.247713 | > DO_CALL (4.824s wait)
.2020-01-20 19:53:57.880420 | eval'd: drake::cmq_buildtargetmetadepsspecht_is_subtargetconfig
2020-01-20 19:54:26.953269 | > DO_CALL (4.908s wait)
.2020-01-20 19:54:38.585341 | eval'd: drake::cmq_buildtargetmetadepsspecht_is_subtargetconfig
2020-01-20 19:54:59.751345 | > DO_CALL (4.783s wait)
.2020-01-20 19:55:24.889791 | eval'd: drake::cmq_buildtargetmetadepsspecht_is_subtargetconfig
2020-01-20 19:55:44.678665 | > DO_CALL (5.027s wait)
.2020-01-20 19:55:46.281484 | eval'd: drake::cmq_buildtargetmetadepsspecht_is_subtargetconfig
2020-01-20 19:55:59.032204 | > DO_CALL (4.810s wait)
.2020-01-20 19:56:13.216498 | eval'd: drake::cmq_buildtargetmetadepsspecht_is_subtargetconfig
2020-01-20 19:56:13.395113 | > DO_CALL (0.012s wait)
.2020-01-20 19:56:14.414969 | eval'd: drake::cmq_buildtargetmetadepsspecht_is_subtargetconfig
2020-01-20 19:56:14.506229 | > DO_CALL (0.015s wait)
.2020-01-20 19:56:17.045159 | eval'd: drake::cmq_buildtargetmetadepsspecht_is_subtargetconfig
2020-01-20 19:56:17.101474 | > DO_CALL (0.000s wait)
.2020-01-20 19:56:17.208729 | eval'd: drake::cmq_buildtargetmetadepsspecht_is_subtargetconfig
2020-01-20 19:56:17.265093 | > DO_CALL (0.000s wait)
.2020-01-20 19:56:17.274589 | eval'd: drake::cmq_buildtargetmetadepsspecht_is_subtargetconfig
2020-01-20 19:56:17.429865 | > DO_CALL (0.017s wait)
.2020-01-20 19:56:17.797889 | eval'd: drake::cmq_buildtargetmetadepsspecht_is_subtargetconfig
2020-01-20 19:56:17.852625 | > DO_CALL (0.001s wait)
.2020-01-20 19:56:17.860650 | eval'd: drake::cmq_buildtargetmetadepsspecht_is_subtargetconfig
2020-01-20 19:56:17.914201 | > DO_CALL (0.003s wait)
2020-01-20 19:56:18.196675 | eval'd: drake::cmq_buildtargetmetadepsspecht_is_subtargetconfig
2020-01-20 19:56:18.296974 | > DO_CALL (0.020s wait)
.2020-01-20 19:56:18.657863 | eval'd: drake::cmq_buildtargetmetadepsspecht_is_subtargetconfig
2020-01-20 19:56:18.761708 | > DO_CALL (0.022s wait)
.2020-01-20 19:56:19.742352 | eval'd: drake::cmq_buildtargetmetadepsspecht_is_subtargetconfig
2020-01-20 19:56:20.066062 | > DO_CALL (0.000s wait)
.2020-01-20 19:56:20.077291 | eval'd: drake::cmq_buildtargetmetadepsspecht_is_subtargetconfig
2020-01-20 19:56:20.203321 | > DO_CALL (0.008s wait)
.2020-01-20 19:56:20.524069 | eval'd: drake::cmq_buildtargetmetadepsspecht_is_subtargetconfig
2020-01-20 19:56:20.648945 | > DO_CALL (0.003s wait)
.2020-01-20 19:56:20.956848 | eval'd: drake::cmq_buildtargetmetadepsspecht_is_subtargetconfig
2020-01-20 19:56:21.144253 | > DO_CALL (0.005s wait)
.2020-01-20 19:56:21.457010 | eval'd: drake::cmq_buildtargetmetadepsspecht_is_subtargetconfig
2020-01-20 19:56:21.571157 | > DO_CALL (0.000s wait)
.2020-01-20 19:56:21.583890 | eval'd: drake::cmq_buildtargetmetadepsspecht_is_subtargetconfig
2020-01-20 19:56:21.872252 | > DO_CALL (0.019s wait)
.2020-01-20 19:56:22.902284 | eval'd: drake::cmq_buildtargetmetadepsspecht_is_subtargetconfig
2020-01-20 19:56:23.085969 | > DO_CALL (0.042s wait)
.2020-01-20 19:56:23.455296 | eval'd: drake::cmq_buildtargetmetadepsspecht_is_subtargetconfig
2020-01-20 19:56:23.515181 | > DO_CALL (0.003s wait)
.2020-01-20 19:56:23.807724 | eval'd: drake::cmq_buildtargetmetadepsspecht_is_subtargetconfig
2020-01-20 19:56:23.888646 | > DO_CALL (0.013s wait)
.2020-01-20 19:56:24.227009 | eval'd: drake::cmq_buildtargetmetadepsspecht_is_subtargetconfig
2020-01-20 19:56:24.373557 | > DO_CALL (0.012s wait)
.2020-01-20 19:56:25.318358 | eval'd: drake::cmq_buildtargetmetadepsspecht_is_subtargetconfig
2020-01-20 19:56:26.094719 | > DO_CALL (0.020s wait)
.2020-01-20 19:56:26.448405 | eval'd: drake::cmq_buildtargetmetadepsspecht_is_subtargetconfig
2020-01-20 19:56:26.539638 | > DO_CALL (0.011s wait)
.2020-01-20 19:56:26.860633 | eval'd: drake::cmq_buildtargetmetadepsspecht_is_subtargetconfig
2020-01-20 19:56:26.971483 | > DO_CALL (0.015s wait)
.2020-01-20 19:56:27.311597 | eval'd: drake::cmq_buildtargetmetadepsspecht_is_subtargetconfig
2020-01-20 19:56:27.489357 | > DO_CALL (0.009s wait)
.2020-01-20 19:56:27.805175 | eval'd: drake::cmq_buildtargetmetadepsspecht_is_subtargetconfig
2020-01-20 19:56:27.877186 | > DO_CALL (0.010s wait)
.2020-01-20 19:56:28.837146 | eval'd: drake::cmq_buildtargetmetadepsspecht_is_subtargetconfig
2020-01-20 19:56:28.925490 | > DO_CALL (0.011s wait)
.2020-01-20 19:56:29.258461 | eval'd: drake::cmq_buildtargetmetadepsspecht_is_subtargetconfig
2020-01-20 19:56:29.440195 | > DO_CALL (0.016s wait)
.2020-01-20 19:56:29.774579 | eval'd: drake::cmq_buildtargetmetadepsspecht_is_subtargetconfig
2020-01-20 19:56:29.980698 | > DO_CALL (0.007s wait)
.2020-01-20 19:56:30.288904 | eval'd: drake::cmq_buildtargetmetadepsspecht_is_subtargetconfig
2020-01-20 19:56:30.362741 | > DO_CALL (0.005s wait)
.2020-01-20 19:56:31.316211 | eval'd: drake::cmq_buildtargetmetadepsspecht_is_subtargetconfig
2020-01-20 19:56:32.216434 | > DO_CALL (0.006s wait)
.2020-01-20 19:56:32.525241 | eval'd: drake::cmq_buildtargetmetadepsspecht_is_subtargetconfig
2020-01-20 19:56:32.605138 | > DO_CALL (0.008s wait)
.2020-01-20 19:56:32.912303 | eval'd: drake::cmq_buildtargetmetadepsspecht_is_subtargetconfig
2020-01-20 19:56:33.117170 | > DO_CALL (0.016s wait)
.2020-01-20 19:56:33.451169 | eval'd: drake::cmq_buildtargetmetadepsspecht_is_subtargetconfig
2020-01-20 19:56:33.753129 | > DO_CALL (0.013s wait)
.2020-01-20 19:56:34.086724 | eval'd: drake::cmq_buildtargetmetadepsspecht_is_subtargetconfig
2020-01-20 19:56:34.238644 | > DO_CALL (0.018s wait)
.2020-01-20 19:56:35.286022 | eval'd: drake::cmq_buildtargetmetadepsspecht_is_subtargetconfig
2020-01-20 19:56:35.372760 | > DO_CALL (0.013s wait)
.
2020-01-20 19:56:35.704858 | eval'd: drake::cmq_buildtargetmetadepsspecht_is_subtargetconfig
2020-01-20 19:56:35.819364 | > DO_CALL (0.011s wait)
.2020-01-20 19:56:36.144364 | eval'd: drake::cmq_buildtargetmetadepsspecht_is_subtargetconfig
2020-01-20 19:56:36.247910 | > DO_CALL (0.011s wait)
.2020-01-20 19:56:36.565357 | eval'd: drake::cmq_buildtargetmetadepsspecht_is_subtargetconfig
2020-01-20 19:56:36.697755 | > DO_CALL (0.015s wait)
.2020-01-20 19:56:37.705482 | eval'd: drake::cmq_buildtargetmetadepsspecht_is_subtargetconfig
2020-01-20 19:56:38.238803 | > DO_CALL (0.008s wait)
.2020-01-20 19:56:38.544228 | eval'd: drake::cmq_buildtargetmetadepsspecht_is_subtargetconfig
2020-01-20 19:56:38.690057 | > DO_CALL (0.010s wait)
.2020-01-20 19:56:39.008693 | eval'd: drake::cmq_buildtargetmetadepsspecht_is_subtargetconfig
2020-01-20 19:56:39.176449 | > DO_CALL (0.012s wait)
.2020-01-20 19:56:39.509418 | eval'd: drake::cmq_buildtargetmetadepsspecht_is_subtargetconfig
2020-01-20 19:56:39.688755 | > DO_CALL (0.015s wait)
.2020-01-20 19:56:40.024708 | eval'd: drake::cmq_buildtargetmetadepsspecht_is_subtargetconfig
2020-01-20 19:56:40.138138 | > DO_CALL (0.024s wait)
.2020-01-20 19:56:41.235474 | eval'd: drake::cmq_buildtargetmetadepsspecht_is_subtargetconfig
2020-01-20 19:56:41.301992 | > DO_CALL (0.000s wait)
.2020-01-20 19:56:41.314157 | eval'd: drake::cmq_buildtargetmetadepsspecht_is_subtargetconfig
2020-01-20 19:56:41.427748 | > DO_CALL (0.009s wait)
.2020-01-20 19:56:41.731816 | eval'd: drake::cmq_buildtargetmetadepsspecht_is_subtargetconfig
2020-01-20 19:56:41.877969 | > DO_CALL (0.000s wait)
.2020-01-20 19:56:41.887525 | eval'd: drake::cmq_buildtargetmetadepsspecht_is_subtargetconfig
2020-01-20 19:56:43.171669 | > DO_CALL (0.010s wait)
.2020-01-20 19:56:43.483672 | eval'd: drake::cmq_buildtargetmetadepsspecht_is_subtargetconfig
2020-01-20 19:56:43.759144 | > DO_CALL (0.005s wait)
.2020-01-20 19:56:44.057639 | eval'd: drake::cmq_buildtargetmetadepsspecht_is_subtargetconfig
2020-01-20 19:56:44.423136 | > DO_CALL (0.016s wait)
.2020-01-20 19:56:45.577886 | eval'd: drake::cmq_buildtargetmetadepsspecht_is_subtargetconfig
2020-01-20 19:56:45.760966 | > DO_CALL (0.011s wait)
.2020-01-20 19:56:46.107231 | eval'd: drake::cmq_buildtargetmetadepsspecht_is_subtargetconfig
2020-01-20 19:56:46.344620 | > DO_CALL (0.015s wait)
.2020-01-20 19:56:46.700870 | eval'd: drake::cmq_buildtargetmetadepsspecht_is_subtargetconfig
2020-01-20 19:56:46.941007 | > DO_CALL (0.009s wait)
.2020-01-20 19:56:47.279750 | eval'd: drake::cmq_buildtargetmetadepsspecht_is_subtargetconfig
2020-01-20 19:56:48.047631 | > DO_CALL (0.010s wait)
.2020-01-20 19:56:48.376589 | eval'd: drake::cmq_buildtargetmetadepsspecht_is_subtargetconfig
2020-01-20 19:56:48.773402 | > DO_CALL (0.019s wait)
.2020-01-20 19:56:49.685064 | eval'd: drake::cmq_buildtargetmetadepsspecht_is_subtargetconfig
2020-01-20 19:56:49.912298 | > DO_CALL (0.005s wait)
.2020-01-20 19:56:50.210564 | eval'd: drake::cmq_buildtargetmetadepsspecht_is_subtargetconfig
2020-01-20 19:56:50.572795 | > DO_CALL (0.015s wait)
.2020-01-20 19:56:50.908609 | eval'd: drake::cmq_buildtargetmetadepsspecht_is_subtargetconfig
2020-01-20 19:56:51.072528 | > DO_CALL (0.022s wait)
.2020-01-20 19:56:51.424557 | eval'd: drake::cmq_buildtargetmetadepsspecht_is_subtargetconfig
2020-01-20 19:56:51.634696 | > DO_CALL (0.009s wait)
.2020-01-20 19:56:52.598667 | eval'd: drake::cmq_buildtargetmetadepsspecht_is_subtargetconfig
2020-01-20 19:56:53.551668 | > DO_CALL (0.013s wait)
.2020-01-20 19:56:53.883164 | eval'd: drake::cmq_buildtargetmetadepsspecht_is_subtargetconfig
2020-01-20 19:56:54.174440 | > DO_CALL (0.015s wait)
.2020-01-20 19:56:54.501767 | eval'd: drake::cmq_buildtargetmetadepsspecht_is_subtargetconfig
2020-01-20 19:56:54.624589 | > DO_CALL (0.001s wait)
.2020-01-20 19:56:54.638735 | eval'd: drake::cmq_buildtargetmetadepsspecht_is_subtargetconfig
2020-01-20 19:56:54.742289 | > DO_CALL (0.005s wait)
.2020-01-20 19:56:55.048515 | eval'd: drake::cmq_buildtargetmetadepsspecht_is_subtargetconfig
2020-01-20 19:56:55.212119 | > DO_CALL (0.010s wait)
.2020-01-20 19:56:56.177074 | eval'd: drake::cmq_buildtargetmetadepsspecht_is_subtargetconfig
2020-01-20 19:56:56.508902 | > DO_CALL (0.008s wait)
.2020-01-20 19:56:56.816574 | eval'd: drake::cmq_buildtargetmetadepsspecht_is_subtargetconfig
2020-01-20 19:56:57.239127 | > DO_CALL (0.010s wait)
.2020-01-20 19:56:57.552693 | eval'd: drake::cmq_buildtargetmetadepsspecht_is_subtargetconfig
2020-01-20 19:56:58.484083 | > DO_CALL (0.010s wait)
.2020-01-20 19:56:58.806449 | eval'd: drake::cmq_buildtargetmetadepsspecht_is_subtargetconfig
2020-01-20 19:56:59.215646 | > DO_CALL (0.004s wait)
.2020-01-20 19:56:59.511369 | eval'd: drake::cmq_buildtargetmetadepsspecht_is_subtargetconfig
2020-01-20 19:56:59.734258 | > DO_CALL (0.013s wait)
.2020-01-20 19:57:00.741541 | eval'd: drake::cmq_buildtargetmetadepsspecht_is_subtargetconfig
2020-01-20 19:57:00.992780 | > DO_CALL (0.001s wait)
.2020-01-20 19:57:01.043586 | eval'd: drake::cmq_buildtargetmetadepsspecht_is_subtargetconfig
2020-01-20 19:57:01.177239 | > DO_CALL (0.012s wait)
.2020-01-20 19:57:01.507931 | eval'd: drake::cmq_buildtargetmetadepsspecht_is_subtargetconfig
2020-01-20 19:57:01.849842 | > DO_CALL (0.008s wait)
.2020-01-20 19:57:02.155641 | eval'd: drake::cmq_buildtargetmetadepsspecht_is_subtargetconfig
2020-01-20 19:57:02.477742 | > DO_CALL (0.009s wait)
.2020-01-20 19:57:02.789211 | eval'd: drake::cmq_buildtargetmetadepsspecht_is_subtargetconfig
2020-01-20 19:57:03.900708 | > DO_CALL (0.000s wait)
.2020-01-20 19:57:03.909211 | eval'd: drake::cmq_buildtargetmetadepsspecht_is_subtargetconfig
2020-01-20 19:57:04.361485 | > DO_CALL (0.003s wait)
.2020-01-20 19:57:05.318048 | eval'd: drake::cmq_buildtargetmetadepsspecht_is_subtargetconfig
2020-01-20 19:57:05.613289 | > DO_CALL (0.011s wait)
.2020-01-20 19:57:05.935890 | eval'd: drake::cmq_buildtargetmetadepsspecht_is_subtargetconfig
2020-01-20 19:57:06.053370 | > DO_CALL (0.011s wait)
.2020-01-20 19:57:06.378142 | eval'd: drake::cmq_buildtargetmetadepsspecht_is_subtargetconfig
2020-01-20 19:57:06.439744 | > DO_CALL (0.003s wait)
.2020-01-20 19:57:06.731923 | eval'd: drake::cmq_buildtargetmetadepsspecht_is_subtargetconfig
2020-01-20 19:57:06.967339 | > DO_CALL (0.009s wait)
.2020-01-20 19:57:07.285057 | eval'd: drake::cmq_buildtargetmetadepsspecht_is_subtargetconfig
2020-01-20 19:57:08.150782 | > DO_CALL (0.001s wait)
.2020-01-20 19:57:08.771808 | eval'd: drake::cmq_buildtargetmetadepsspecht_is_subtargetconfig
2020-01-20 19:57:08.974949 | > DO_CALL (0.018s wait)
.2020-01-20 19:57:09.314629 | eval'd: drake::cmq_buildtargetmetadepsspecht_is_subtargetconfig
2020-01-20 19:57:09.792558 | > DO_CALL (0.012s wait)
.2020-01-20 19:57:10.122239 | eval'd: drake::cmq_buildtargetmetadepsspecht_is_subtargetconfig
2020-01-20 19:57:10.305440 | > DO_CALL (0.002s wait)
.2020-01-20 19:57:10.456885 | eval'd: drake::cmq_buildtargetmetadepsspecht_is_subtargetconfig
2020-01-20 19:57:10.890315 | > DO_CALL (0.010s wait)
.2020-01-20 19:57:11.210515 | eval'd: drake::cmq_buildtargetmetadepsspecht_is_subtargetconfig
2020-01-20 19:57:11.592669 | > DO_CALL (0.009s wait)
.2020-01-20 19:57:12.637712 | eval'd: drake::cmq_buildtargetmetadepsspecht_is_subtargetconfig
2020-01-20 19:57:13.417258 | > DO_CALL (0.006s wait)
.2020-01-20 19:57:13.720668 | eval'd: drake::cmq_buildtargetmetadepsspecht_is_subtargetconfig
2020-01-20 19:57:14.256563 | > DO_CALL (0.015s wait)
.2020-01-20 19:57:14.580841 | eval'd: drake::cmq_buildtargetmetadepsspecht_is_subtargetconfig
2020-01-20 19:57:15.002177 | > DO_CALL (0.011s wait)
.2020-01-20 19:57:15.325301 | eval'd: drake::cmq_buildtargetmetadepsspecht_is_subtargetconfig
2020-01-20 19:57:15.512057 | > DO_CALL (0.000s wait)
.2020-01-20 19:57:15.522465 | eval'd: drake::cmq_buildtargetmetadepsspecht_is_subtargetconfig
2020-01-20 19:57:15.667361 | > DO_CALL (0.009s wait)
.2020-01-20 19:57:15.987895 | eval'd: drake::cmq_buildtargetmetadepsspecht_is_subtargetconfig
2020-01-20 19:57:16.057008 | > DO_CALL (0.007s wait)
.2020-01-20 19:57:16.989680 | eval'd: drake::cmq_buildtargetmetadepsspecht_is_subtargetconfig
2020-01-20 19:57:18.486947 | > DO_CALL (0.002s wait)
.2020-01-20 19:57:18.600008 | eval'd: drake::cmq_buildtargetmetadepsspecht_is_subtargetconfig
2020-01-20 19:57:19.267885 | > DO_CALL (0.011s wait)
.2020-01-20 19:57:19.599575 | eval'd: drake::cmq_buildtargetmetadepsspecht_is_subtargetconfig
2020-01-20 19:57:19.768605 | > DO_CALL (0.008s wait)
.2020-01-20 19:57:20.081463 | eval'd: drake::cmq_buildtargetmetadepsspecht_is_subtargetconfig
2020-01-20 19:57:20.270661 | > DO_CALL (0.010s wait)
.2020-01-20 19:57:20.589170 | eval'd: drake::cmq_buildtargetmetadepsspecht_is_subtargetconfig
2020-01-20 19:57:20.794944 | > DO_CALL (0.013s wait)
.2020-01-20 19:57:21.798547 | eval'd: drake::cmq_buildtargetmetadepsspecht_is_subtargetconfig
2020-01-20 19:57:23.321571 | > DO_CALL (0.011s wait)
.2020-01-20 19:57:23.631764 | eval'd: drake::cmq_buildtargetmetadepsspecht_is_subtargetconfig
2020-01-20 19:57:24.142912 | > DO_CALL (0.013s wait)
.2020-01-20 19:57:24.464028 | eval'd: drake::cmq_buildtargetmetadepsspecht_is_subtargetconfig
2020-01-20 19:57:24.817951 | > DO_CALL (0.011s wait)
.2020-01-20 19:57:25.138067 | eval'd: drake::cmq_buildtargetmetadepsspecht_is_subtargetconfig
2020-01-20 19:57:25.449645 | > DO_CALL (0.009s wait)
.2020-01-20 19:57:26.370174 | eval'd: drake::cmq_buildtargetmetadepsspecht_is_subtargetconfig
2020-01-20 19:57:26.558198 | > DO_CALL (0.017s wait)
.2020-01-20 19:57:26.899087 | eval'd: drake::cmq_buildtargetmetadepsspecht_is_subtargetconfig
2020-01-20 19:57:27.264912 | > DO_CALL (0.018s wait)
.2020-01-20 19:57:27.598064 | eval'd: drake::cmq_buildtargetmetadepsspecht_is_subtargetconfig
2020-01-20 19:57:28.711797 | > DO_CALL (0.018s wait)
.2020-01-20 19:57:29.054711 | eval'd: drake::cmq_buildtargetmetadepsspecht_is_subtargetconfig
2020-01-20 19:57:29.459796 | > DO_CALL (0.010s wait)
.2020-01-20 19:57:29.787814 | eval'd: drake::cmq_buildtargetmetadepsspecht_is_subtargetconfig
2020-01-20 19:57:29.902449 | > DO_CALL (0.013s wait)
.2020-01-20 19:57:30.910600 | eval'd: drake::cmq_buildtargetmetadepsspecht_is_subtargetconfig
2020-01-20 19:57:31.711478 | > DO_CALL (0.027s wait)
.2020-01-20 19:57:32.073960 | eval'd: drake::cmq_buildtargetmetadepsspecht_is_subtargetconfig
2020-01-20 19:57:33.014158 | > DO_CALL (0.004s wait)
.2020-01-20 19:57:33.317919 | eval'd: drake::cmq_buildtargetmetadepsspecht_is_subtargetconfig
2020-01-20 19:57:33.887098 | > DO_CALL (0.025s wait)
.2020-01-20 19:57:34.236997 | eval'd: drake::cmq_buildtargetmetadepsspecht_is_subtargetconfig
2020-01-20 19:57:34.691353 | > DO_CALL (0.004s wait)
.2020-01-20 19:57:35.622328 | eval'd: drake::cmq_buildtargetmetadepsspecht_is_subtargetconfig
2020-01-20 19:57:35.910708 | > DO_CALL (0.014s wait)
.2020-01-20 19:57:36.245393 | eval'd: drake::cmq_buildtargetmetadepsspecht_is_subtargetconfig
2020-01-20 19:57:36.373099 | > DO_CALL (0.012s wait)
.2020-01-20 19:57:36.699138 | eval'd: drake::cmq_buildtargetmetadepsspecht_is_subtargetconfig
2020-01-20 19:57:37.028870 | > DO_CALL (0.008s wait)
.2020-01-20 19:57:37.336714 | eval'd: drake::cmq_buildtargetmetadepsspecht_is_subtargetconfig
2020-01-20 19:57:38.454687 | > DO_CALL (0.004s wait)
.2020-01-20 19:57:38.742216 | eval'd: drake::cmq_buildtargetmetadepsspecht_is_subtargetconfig
2020-01-20 19:57:39.265912 | > DO_CALL (0.014s wait)
.2020-01-20 19:57:40.234037 | eval'd: drake::cmq_buildtargetmetadepsspecht_is_subtargetconfig
2020-01-20 19:57:40.502505 | > DO_CALL (0.006s wait)
.
2020-01-20 19:57:40.783764 | eval'd: drake::cmq_buildtargetmetadepsspecht_is_subtargetconfig
2020-01-20 19:57:40.947419 | > DO_CALL (0.008s wait)
.2020-01-20 19:57:41.279896 | eval'd: drake::cmq_buildtargetmetadepsspecht_is_subtargetconfig
2020-01-20 19:57:41.480155 | > DO_CALL (0.010s wait)
.2020-01-20 19:57:41.810787 | eval'd: drake::cmq_buildtargetmetadepsspecht_is_subtargetconfig
2020-01-20 19:57:42.658500 | > DO_CALL (0.011s wait)
.2020-01-20 19:57:43.565222 | eval'd: drake::cmq_buildtargetmetadepsspecht_is_subtargetconfig
2020-01-20 19:57:43.964577 | > DO_CALL (0.006s wait)
.2020-01-20 19:57:44.263280 | eval'd: drake::cmq_buildtargetmetadepsspecht_is_subtargetconfig
2020-01-20 19:57:44.409061 | > DO_CALL (0.017s wait)
.2020-01-20 19:57:44.744627 | eval'd: drake::cmq_buildtargetmetadepsspecht_is_subtargetconfig
2020-01-20 19:57:45.055586 | > DO_CALL (0.013s wait)
.2020-01-20 19:57:45.377977 | eval'd: drake::cmq_buildtargetmetadepsspecht_is_subtargetconfig
2020-01-20 19:57:45.876267 | > DO_CALL (0.009s wait)
.2020-01-20 19:57:46.196923 | eval'd: drake::cmq_buildtargetmetadepsspecht_is_subtargetconfig
2020-01-20 19:57:46.474779 | > DO_CALL (0.007s wait)
.2020-01-20 19:57:47.450700 | eval'd: drake::cmq_buildtargetmetadepsspecht_is_subtargetconfig
2020-01-20 19:57:47.651647 | > DO_CALL (0.009s wait)
.2020-01-20 19:57:47.972486 | eval'd: drake::cmq_buildtargetmetadepsspecht_is_subtargetconfig
2020-01-20 19:57:48.364534 | > DO_CALL (0.009s wait)
.2020-01-20 19:57:48.685390 | eval'd: drake::cmq_buildtargetmetadepsspecht_is_subtargetconfig
2020-01-20 19:57:49.185075 | > DO_CALL (0.004s wait)
.2020-01-20 19:57:49.498525 | eval'd: drake::cmq_buildtargetmetadepsspecht_is_subtargetconfig
2020-01-20 19:57:49.587972 | > DO_CALL (0.013s wait)
.2020-01-20 19:57:50.556460 | eval'd: drake::cmq_buildtargetmetadepsspecht_is_subtargetconfig
2020-01-20 19:57:50.643813 | > DO_CALL (0.009s wait)
.2020-01-20 19:57:50.960082 | eval'd: drake::cmq_buildtargetmetadepsspecht_is_subtargetconfig
2020-01-20 19:57:51.179858 | > DO_CALL (0.003s wait)
.2020-01-20 19:57:51.473330 | eval'd: drake::cmq_buildtargetmetadepsspecht_is_subtargetconfig
2020-01-20 19:57:52.514374 | > DO_CALL (0.011s wait)
.2020-01-20 19:57:52.838221 | eval'd: drake::cmq_buildtargetmetadepsspecht_is_subtargetconfig
2020-01-20 19:57:53.343229 | > DO_CALL (0.013s wait)
.2020-01-20 19:57:54.275668 | eval'd: drake::cmq_buildtargetmetadepsspecht_is_subtargetconfig
2020-01-20 19:57:54.479260 | > DO_CALL (0.022s wait)
.2020-01-20 19:57:54.834134 | eval'd: drake::cmq_buildtargetmetadepsspecht_is_subtargetconfig
2020-01-20 19:57:55.070495 | > DO_CALL (0.029s wait)
.2020-01-20 19:57:55.423856 | eval'd: drake::cmq_buildtargetmetadepsspecht_is_subtargetconfig
2020-01-20 19:57:55.840313 | > DO_CALL (0.012s wait)
.2020-01-20 19:57:56.170647 | eval'd: drake::cmq_buildtargetmetadepsspecht_is_subtargetconfig
2020-01-20 19:57:57.316293 | > DO_CALL (0.013s wait)
.2020-01-20 19:57:57.654063 | eval'd: drake::cmq_buildtargetmetadepsspecht_is_subtargetconfig
2020-01-20 19:57:57.851402 | > DO_CALL (0.009s wait)
.2020-01-20 19:57:58.758742 | eval'd: drake::cmq_buildtargetmetadepsspecht_is_subtargetconfig
2020-01-20 19:57:59.250822 | > DO_CALL (0.015s wait)
.2020-01-20 19:57:59.588537 | eval'd: drake::cmq_buildtargetmetadepsspecht_is_subtargetconfig
2020-01-20 19:57:59.687782 | > DO_CALL (0.007s wait)
.2020-01-20 19:57:59.995384 | eval'd: drake::cmq_buildtargetmetadepsspecht_is_subtargetconfig
2020-01-20 19:58:00.282540 | > DO_CALL (0.013s wait)
.2020-01-20 19:58:00.613002 | eval'd: drake::cmq_buildtargetmetadepsspecht_is_subtargetconfig
2020-01-20 19:58:00.897505 | > DO_CALL (0.010s wait)
.2020-01-20 19:58:01.806979 | eval'd: drake::cmq_buildtargetmetadepsspecht_is_subtargetconfig
2020-01-20 19:58:02.361749 | > DO_CALL (0.005s wait)
.2020-01-20 19:58:02.656896 | eval'd: drake::cmq_buildtargetmetadepsspecht_is_subtargetconfig
2020-01-20 19:58:03.193489 | > DO_CALL (0.017s wait)
.2020-01-20 19:58:03.541393 | eval'd: drake::cmq_buildtargetmetadepsspecht_is_subtargetconfig
2020-01-20 19:58:03.946846 | > DO_CALL (0.005s wait)
.2020-01-20 19:58:04.205666 | eval'd: drake::cmq_buildtargetmetadepsspecht_is_subtargetconfig
2020-01-20 19:58:04.486764 | > DO_CALL (0.009s wait)
.2020-01-20 19:58:04.814331 | eval'd: drake::cmq_buildtargetmetadepsspecht_is_subtargetconfig
2020-01-20 19:58:05.094089 | > DO_CALL (0.015s wait)
.2020-01-20 19:58:06.060703 | eval'd: drake::cmq_buildtargetmetadepsspecht_is_subtargetconfig
2020-01-20 19:58:07.495478 | > DO_CALL (0.012s wait)
.2020-01-20 19:58:07.819961 | eval'd: drake::cmq_buildtargetmetadepsspecht_is_subtargetconfig
2020-01-20 19:58:08.235437 | > DO_CALL (0.008s wait)
.2020-01-20 19:58:08.546398 | eval'd: drake::cmq_buildtargetmetadepsspecht_is_subtargetconfig
2020-01-20 19:58:09.011506 | > DO_CALL (0.013s wait)
.2020-01-20 19:58:09.341484 | eval'd: drake::cmq_buildtargetmetadepsspecht_is_subtargetconfig
2020-01-20 19:58:09.490854 | > DO_CALL (0.011s wait)
.2020-01-20 19:58:10.515161 | eval'd: drake::cmq_buildtargetmetadepsspecht_is_subtargetconfig
2020-01-20 19:58:11.544147 | > DO_CALL (0.008s wait)
.2020-01-20 19:58:11.849429 | eval'd: drake::cmq_buildtargetmetadepsspecht_is_subtargetconfig
2020-01-20 19:58:12.324910 | > DO_CALL (0.007s wait)
.2020-01-20 19:58:12.633585 | eval'd: drake::cmq_buildtargetmetadepsspecht_is_subtargetconfig
2020-01-20 19:58:13.112866 | > DO_CALL (0.019s wait)
.2020-01-20 19:58:13.454398 | eval'd: drake::cmq_buildtargetmetadepsspecht_is_subtargetconfig
2020-01-20 19:58:13.693220 | > DO_CALL (0.003s wait)
.2020-01-20 19:58:13.986308 | eval'd: drake::cmq_buildtargetmetadepsspecht_is_subtargetconfig
2020-01-20 19:58:14.472041 | > DO_CALL (0.004s wait)
.2020-01-20 19:58:15.420218 | eval'd: drake::cmq_buildtargetmetadepsspecht_is_subtargetconfig
2020-01-20 19:58:15.542585 | > DO_CALL (0.010s wait)
.2020-01-20 19:58:15.854761 | eval'd: drake::cmq_buildtargetmetadepsspecht_is_subtargetconfig
2020-01-20 19:58:17.093996 | > DO_CALL (0.014s wait)
.2020-01-20 19:58:17.421465 | eval'd: drake::cmq_buildtargetmetadepsspecht_is_subtargetconfig
2020-01-20 19:58:17.905480 | > DO_CALL (0.011s wait)
.2020-01-20 19:58:18.230082 | eval'd: drake::cmq_buildtargetmetadepsspecht_is_subtargetconfig
2020-01-20 19:58:18.690648 | > DO_CALL (0.021s wait)
.2020-01-20 19:58:19.697051 | eval'd: drake::cmq_buildtargetmetadepsspecht_is_subtargetconfig
2020-01-20 19:58:19.977520 | > DO_CALL (0.004s wait)
.2020-01-20 19:58:20.271665 | eval'd: drake::cmq_buildtargetmetadepsspecht_is_subtargetconfig
2020-01-20 19:58:20.603188 | > DO_CALL (0.012s wait)
.2020-01-20 19:58:20.931885 | eval'd: drake::cmq_buildtargetmetadepsspecht_is_subtargetconfig
2020-01-20 19:58:22.065561 | > DO_CALL (0.011s wait)
.2020-01-20 19:58:22.379087 | eval'd: drake::cmq_buildtargetmetadepsspecht_is_subtargetconfig
2020-01-20 19:58:22.872414 | > DO_CALL (0.000s wait)
.2020-01-20 19:58:22.885740 | eval'd: drake::cmq_buildtargetmetadepsspecht_is_subtargetconfig
2020-01-20 19:58:23.732284 | > DO_CALL (0.006s wait)
.2020-01-20 19:58:24.035952 | eval'd: drake::cmq_buildtargetmetadepsspecht_is_subtargetconfig
2020-01-20 19:58:24.523009 | > DO_CALL (0.022s wait)
.2020-01-20 19:58:25.529106 | eval'd: drake::cmq_buildtargetmetadepsspecht_is_subtargetconfig
2020-01-20 19:58:26.384443 | > DO_CALL (0.011s wait)
.2020-01-20 19:58:26.705513 | eval'd: drake::cmq_buildtargetmetadepsspecht_is_subtargetconfig
2020-01-20 19:58:27.180871 | > DO_CALL (0.006s wait)
.2020-01-20 19:58:27.477828 | eval'd: drake::cmq_buildtargetmetadepsspecht_is_subtargetconfig
2020-01-20 19:58:27.964298 | > DO_CALL (0.006s wait)
.2020-01-20 19:58:28.271577 | eval'd: drake::cmq_buildtargetmetadepsspecht_is_subtargetconfig
2020-01-20 19:58:28.782105 | > DO_CALL (0.007s wait)
.2020-01-20 19:58:29.736911 | eval'd: drake::cmq_buildtargetmetadepsspecht_is_subtargetconfig
2020-01-20 19:58:29.910045 | > DO_CALL (0.013s wait)
.2020-01-20 19:58:30.244380 | eval'd: drake::cmq_buildtargetmetadepsspecht_is_subtargetconfig
2020-01-20 19:58:30.362341 | > DO_CALL (0.008s wait)
.2020-01-20 19:58:30.675802 | eval'd: drake::cmq_buildtargetmetadepsspecht_is_subtargetconfig
2020-01-20 19:58:31.466441 | > DO_CALL (0.008s wait)
.2020-01-20 19:58:31.775732 | eval'd: drake::cmq_buildtargetmetadepsspecht_is_subtargetconfig
2020-01-20 19:58:32.278823 | > DO_CALL (0.014s wait)
.2020-01-20 19:58:32.612025 | eval'd: drake::cmq_buildtargetmetadepsspecht_is_subtargetconfig
2020-01-20 19:58:33.046815 | > DO_CALL (0.011s wait)
.2020-01-20 19:58:33.965793 | eval'd: drake::cmq_buildtargetmetadepsspecht_is_subtargetconfig
2020-01-20 19:58:34.185194 | > DO_CALL (0.014s wait)
.2020-01-20 19:58:34.521206 | eval'd: drake::cmq_buildtargetmetadepsspecht_is_subtargetconfig
2020-01-20 19:58:34.685956 | > DO_CALL (0.016s wait)
.2020-01-20 19:58:35.024632 | eval'd: drake::cmq_buildtargetmetadepsspecht_is_subtargetconfig
2020-01-20 19:58:35.195651 | > DO_CALL (0.016s wait)
.2020-01-20 19:58:35.534747 | eval'd: drake::cmq_buildtargetmetadepsspecht_is_subtargetconfig
2020-01-20 19:58:36.583261 | > DO_CALL (0.009s wait)
.2020-01-20 19:58:37.503335 | eval'd: drake::cmq_buildtargetmetadepsspecht_is_subtargetconfig
2020-01-20 19:58:37.713890 | > DO_CALL (0.004s wait)
.2020-01-20 19:58:38.010042 | eval'd: drake::cmq_buildtargetmetadepsspecht_is_subtargetconfig
2020-01-20 19:58:38.446600 | > DO_CALL (0.011s wait)
.2020-01-20 19:58:38.764860 | eval'd: drake::cmq_buildtargetmetadepsspecht_is_subtargetconfig
2020-01-20 19:58:39.227232 | > DO_CALL (0.019s wait)
.2020-01-20 19:58:39.565083 | eval'd: drake::cmq_buildtargetmetadepsspecht_is_subtargetconfig
2020-01-20 19:58:39.717111 | > DO_CALL (0.009s wait)
.2020-01-20 19:58:40.655203 | eval'd: drake::cmq_buildtargetmetadepsspecht_is_subtargetconfig
2020-01-20 19:58:41.474694 | > DO_CALL (0.008s wait)
.2020-01-20 19:58:41.789431 | eval'd: drake::cmq_buildtargetmetadepsspecht_is_subtargetconfig
2020-01-20 19:58:42.244804 | > DO_CALL (0.007s wait)
.2020-01-20 19:58:42.552200 | eval'd: drake::cmq_buildtargetmetadepsspecht_is_subtargetconfig
2020-01-20 19:58:43.041024 | > DO_CALL (0.000s wait)
.2020-01-20 19:58:43.051031 | eval'd: drake::cmq_buildtargetmetadepsspecht_is_subtargetconfig
2020-01-20 19:58:43.427253 | > DO_CALL (0.010s wait)
.2020-01-20 19:58:43.747902 | eval'd: drake::cmq_buildtargetmetadepsspecht_is_subtargetconfig
2020-01-20 19:58:44.114615 | > DO_CALL (0.012s wait)
.2020-01-20 19:58:44.444724 | eval'd: drake::cmq_buildtargetmetadepsspecht_is_subtargetconfig
2020-01-20 19:58:44.871051 | > DO_CALL (0.012s wait)
.2020-01-20 19:58:45.813006 | eval'd: drake::cmq_buildtargetmetadepsspecht_is_subtargetconfig
2020-01-20 19:58:46.335036 | > DO_CALL (0.015s wait)
.2020-01-20 19:58:46.666501 | eval'd: drake::cmq_buildtargetmetadepsspecht_is_subtargetconfig
2020-01-20 19:58:47.095131 | > DO_CALL (0.013s wait)
.2020-01-20 19:58:47.421884 | eval'd: drake::cmq_buildtargetmetadepsspecht_is_subtargetconfig
2020-01-20 19:58:47.819263 | > DO_CALL (0.000s wait)
.2020-01-20 19:58:47.843794 | eval'd: drake::cmq_buildtargetmetadepsspecht_is_subtargetconfig
2020-01-20 19:58:48.459921 | > DO_CALL (0.017s wait)
.2020-01-20 19:58:48.801809 | eval'd: drake::cmq_buildtargetmetadepsspecht_is_subtargetconfig
2020-01-20 19:58:48.956689 | > DO_CALL (0.019s wait)
.2020-01-20 19:58:49.955636 | eval'd: drake::cmq_buildtargetmetadepsspecht_is_subtargetconfig
2020-01-20 19:58:50.855315 | > DO_CALL (0.016s wait)
.2020-01-20 19:58:51.182212 | eval'd: drake::cmq_buildtargetmetadepsspecht_is_subtargetconfig
2020-01-20 19:58:51.647984 | > DO_CALL (0.010s wait)
.
2020-01-20 19:58:51.957827 | eval'd: drake::cmq_buildtargetmetadepsspecht_is_subtargetconfig
2020-01-20 19:58:52.369326 | > DO_CALL (0.012s wait)
.2020-01-20 19:58:52.694037 | eval'd: drake::cmq_buildtargetmetadepsspecht_is_subtargetconfig
2020-01-20 19:58:52.831901 | > DO_CALL (0.021s wait)
.2020-01-20 19:58:53.177189 | eval'd: drake::cmq_buildtargetmetadepsspecht_is_subtargetconfig
2020-01-20 19:58:53.350945 | > DO_CALL (0.022s wait)
.2020-01-20 19:58:54.401650 | eval'd: drake::cmq_buildtargetmetadepsspecht_is_subtargetconfig
2020-01-20 19:58:55.381323 | > DO_CALL (0.005s wait)
.2020-01-20 19:58:55.680971 | eval'd: drake::cmq_buildtargetmetadepsspecht_is_subtargetconfig
2020-01-20 19:58:56.130390 | > DO_CALL (0.007s wait)
.2020-01-20 19:58:56.439820 | eval'd: drake::cmq_buildtargetmetadepsspecht_is_subtargetconfig
2020-01-20 19:58:56.795544 | > DO_CALL (0.017s wait)
.2020-01-20 19:58:57.132239 | eval'd: drake::cmq_buildtargetmetadepsspecht_is_subtargetconfig
2020-01-20 19:58:57.288511 | > DO_CALL (0.001s wait)
.2020-01-20 19:58:57.305230 | eval'd: drake::cmq_buildtargetmetadepsspecht_is_subtargetconfig
2020-01-20 19:58:57.526504 | > DO_CALL (0.014s wait)
.2020-01-20 19:58:58.502381 | eval'd: drake::cmq_buildtargetmetadepsspecht_is_subtargetconfig
2020-01-20 19:58:58.584526 | > DO_CALL (0.009s wait)
.2020-01-20 19:58:58.898080 | eval'd: drake::cmq_buildtargetmetadepsspecht_is_subtargetconfig
2020-01-20 19:58:59.943300 | > DO_CALL (0.013s wait)
.2020-01-20 19:59:00.270788 | eval'd: drake::cmq_buildtargetmetadepsspecht_is_subtargetconfig
2020-01-20 19:59:00.378011 | > DO_CALL (0.004s wait)
.2020-01-20 19:59:00.580008 | eval'd: drake::cmq_buildtargetmetadepsspecht_is_subtargetconfig
2020-01-20 19:59:01.094017 | > DO_CALL (0.006s wait)
.2020-01-20 19:59:01.398176 | eval'd: drake::cmq_buildtargetmetadepsspecht_is_subtargetconfig
2020-01-20 19:59:01.689448 | > DO_CALL (0.010s wait)
.2020-01-20 19:59:02.777966 | eval'd: drake::cmq_buildtargetmetadepsspecht_is_subtargetconfig
2020-01-20 19:59:02.935997 | > DO_CALL (0.007s wait)
.2020-01-20 19:59:03.204498 | eval'd: drake::cmq_buildtargetmetadepsspecht_is_subtargetconfig
2020-01-20 19:59:04.217092 | > DO_CALL (0.008s wait)
.2020-01-20 19:59:04.522216 | eval'd: drake::cmq_buildtargetmetadepsspecht_is_subtargetconfig
2020-01-20 19:59:05.038161 | > DO_CALL (0.013s wait)
.2020-01-20 19:59:05.366165 | eval'd: drake::cmq_buildtargetmetadepsspecht_is_subtargetconfig
2020-01-20 19:59:05.846868 | > DO_CALL (0.012s wait)
.2020-01-20 19:59:06.837191 | eval'd: drake::cmq_buildtargetmetadepsspecht_is_subtargetconfig
2020-01-20 19:59:07.384263 | > DO_CALL (0.003s wait)
.2020-01-20 19:59:07.680153 | eval'd: drake::cmq_buildtargetmetadepsspecht_is_subtargetconfig
2020-01-20 19:59:07.925415 | > DO_CALL (0.008s wait)
.2020-01-20 19:59:08.236377 | eval'd: drake::cmq_buildtargetmetadepsspecht_is_subtargetconfig
2020-01-20 19:59:09.170476 | > DO_CALL (0.010s wait)
.2020-01-20 19:59:09.486002 | eval'd: drake::cmq_buildtargetmetadepsspecht_is_subtargetconfig
2020-01-20 19:59:09.938352 | > DO_CALL (0.000s wait)
.2020-01-20 19:59:09.947335 | eval'd: drake::cmq_buildtargetmetadepsspecht_is_subtargetconfig
2020-01-20 19:59:10.768366 | > DO_CALL (0.005s wait)
.2020-01-20 19:59:11.076021 | eval'd: drake::cmq_buildtargetmetadepsspecht_is_subtargetconfig
2020-01-20 19:59:11.452029 | > DO_CALL (0.000s wait)
.2020-01-20 19:59:11.460519 | eval'd: drake::cmq_buildtargetmetadepsspecht_is_subtargetconfig
2020-01-20 19:59:11.964504 | > DO_CALL (0.016s wait)
.2020-01-20 19:59:12.931989 | eval'd: drake::cmq_buildtargetmetadepsspecht_is_subtargetconfig
2020-01-20 19:59:13.362137 | > DO_CALL (0.001s wait)
.2020-01-20 19:59:13.367698 | eval'd: drake::cmq_buildtargetmetadepsspecht_is_subtargetconfig
2020-01-20 19:59:13.861644 | > DO_CALL (0.001s wait)
.2020-01-20 19:59:16.421275 | eval'd: drake::cmq_buildtargetmetadepsspecht_is_subtargetconfig
2020-01-20 19:59:16.781098 | > DO_CALL (0.001s wait)
.2020-01-20 19:59:16.786393 | eval'd: drake::cmq_buildtargetmetadepsspecht_is_subtargetconfig
2020-01-20 19:59:17.254151 | > DO_CALL (0.001s wait)
.2020-01-20 19:59:17.259421 | eval'd: drake::cmq_buildtargetmetadepsspecht_is_subtargetconfig
2020-01-20 19:59:18.476289 | > DO_CALL (0.001s wait)
.2020-01-20 19:59:18.481531 | eval'd: drake::cmq_buildtargetmetadepsspecht_is_subtargetconfig
2020-01-20 19:59:19.068378 | > DO_CALL (0.000s wait)
.2020-01-20 19:59:19.073655 | eval'd: drake::cmq_buildtargetmetadepsspecht_is_subtargetconfig
2020-01-20 19:59:19.656227 | > DO_CALL (0.000s wait)
.2020-01-20 19:59:19.660050 | eval'd: drake::cmq_buildtargetmetadepsspecht_is_subtargetconfig
2020-01-20 19:59:20.243808 | > DO_CALL (0.001s wait)
.2020-01-20 19:59:20.249135 | eval'd: drake::cmq_buildtargetmetadepsspecht_is_subtargetconfig
2020-01-20 19:59:20.839830 | > DO_CALL (0.001s wait)
.2020-01-20 19:59:20.845230 | eval'd: drake::cmq_buildtargetmetadepsspecht_is_subtargetconfig
2020-01-20 19:59:22.093130 | > DO_CALL (0.015s wait)
.2020-01-20 19:59:22.432506 | eval'd: drake::cmq_buildtargetmetadepsspecht_is_subtargetconfig
2020-01-20 19:59:22.689158 | > DO_CALL (0.001s wait)
.2020-01-20 19:59:22.695109 | eval'd: drake::cmq_buildtargetmetadepsspecht_is_subtargetconfig
2020-01-20 19:59:23.271722 | > DO_CALL (0.001s wait)
.2020-01-20 19:59:23.277598 | eval'd: drake::cmq_buildtargetmetadepsspecht_is_subtargetconfig
2020-01-20 19:59:23.858618 | > DO_CALL (0.001s wait)
.2020-01-20 19:59:23.864559 | eval'd: drake::cmq_buildtargetmetadepsspecht_is_subtargetconfig
2020-01-20 19:59:24.460891 | > DO_CALL (0.001s wait)
.2020-01-20 19:59:24.466968 | eval'd: drake::cmq_buildtargetmetadepsspecht_is_subtargetconfig
2020-01-20 19:59:25.676527 | > DO_CALL (0.001s wait)
.2020-01-20 19:59:25.682538 | eval'd: drake::cmq_buildtargetmetadepsspecht_is_subtargetconfig
2020-01-20 19:59:26.265942 | > DO_CALL (0.001s wait)
.2020-01-20 19:59:26.271925 | eval'd: drake::cmq_buildtargetmetadepsspecht_is_subtargetconfig
2020-01-20 19:59:26.848959 | > DO_CALL (0.001s wait)
.2020-01-20 19:59:26.854937 | eval'd: drake::cmq_buildtargetmetadepsspecht_is_subtargetconfig
2020-01-20 19:59:27.433308 | > DO_CALL (0.001s wait)
.2020-01-20 19:59:27.439266 | eval'd: drake::cmq_buildtargetmetadepsspecht_is_subtargetconfig
2020-01-20 19:59:28.042208 | > DO_CALL (0.001s wait)
.2020-01-20 19:59:28.048230 | eval'd: drake::cmq_buildtargetmetadepsspecht_is_subtargetconfig
2020-01-20 19:59:29.265344 | > DO_CALL (0.000s wait)
.2020-01-20 19:59:29.271230 | eval'd: drake::cmq_buildtargetmetadepsspecht_is_subtargetconfig
2020-01-20 19:59:29.864631 | > DO_CALL (0.001s wait)
.2020-01-20 19:59:29.870689 | eval'd: drake::cmq_buildtargetmetadepsspecht_is_subtargetconfig
2020-01-20 19:59:30.457279 | > DO_CALL (0.001s wait)
.2020-01-20 19:59:30.463320 | eval'd: drake::cmq_buildtargetmetadepsspecht_is_subtargetconfig
2020-01-20 19:59:31.049049 | > DO_CALL (0.001s wait)
.2020-01-20 19:59:31.055100 | eval'd: drake::cmq_buildtargetmetadepsspecht_is_subtargetconfig
2020-01-20 19:59:31.646753 | > DO_CALL (0.001s wait)
.2020-01-20 19:59:31.652768 | eval'd: drake::cmq_buildtargetmetadepsspecht_is_subtargetconfig
2020-01-20 19:59:32.875986 | > DO_CALL (0.001s wait)
.2020-01-20 19:59:32.882572 | eval'd: drake::cmq_buildtargetmetadepsspecht_is_subtargetconfig
2020-01-20 19:59:33.475093 | > DO_CALL (0.001s wait)
.2020-01-20 19:59:33.481102 | eval'd: drake::cmq_buildtargetmetadepsspecht_is_subtargetconfig
2020-01-20 19:59:34.078275 | > DO_CALL (0.001s wait)
.2020-01-20 19:59:34.084307 | eval'd: drake::cmq_buildtargetmetadepsspecht_is_subtargetconfig
2020-01-20 19:59:34.685554 | > DO_CALL (0.001s wait)
.2020-01-20 19:59:34.691514 | eval'd: drake::cmq_buildtargetmetadepsspecht_is_subtargetconfig
2020-01-20 19:59:35.293159 | > DO_CALL (0.001s wait)
.2020-01-20 19:59:35.299115 | eval'd: drake::cmq_buildtargetmetadepsspecht_is_subtargetconfig
2020-01-20 19:59:36.521059 | > DO_CALL (0.001s wait)
.2020-01-20 19:59:36.526988 | eval'd: drake::cmq_buildtargetmetadepsspecht_is_subtargetconfig
2020-01-20 19:59:37.103911 | > DO_CALL (0.001s wait)
.2020-01-20 19:59:37.109847 | eval'd: drake::cmq_buildtargetmetadepsspecht_is_subtargetconfig
2020-01-20 19:59:37.733161 | > DO_CALL (0.001s wait)
.2020-01-20 19:59:37.739032 | eval'd: drake::cmq_buildtargetmetadepsspecht_is_subtargetconfig
2020-01-20 19:59:38.333032 | > DO_CALL (0.001s wait)
.2020-01-20 19:59:38.338963 | eval'd: drake::cmq_buildtargetmetadepsspecht_is_subtargetconfig
2020-01-20 19:59:38.931719 | > DO_CALL (0.001s wait)
.2020-01-20 19:59:38.937644 | eval'd: drake::cmq_buildtargetmetadepsspecht_is_subtargetconfig
2020-01-20 19:59:40.170991 | > DO_CALL (0.001s wait)
.2020-01-20 19:59:40.176934 | eval'd: drake::cmq_buildtargetmetadepsspecht_is_subtargetconfig
2020-01-20 19:59:40.766483 | > DO_CALL (0.000s wait)
.2020-01-20 19:59:40.772451 | eval'd: drake::cmq_buildtargetmetadepsspecht_is_subtargetconfig
2020-01-20 19:59:41.354274 | > DO_CALL (0.001s wait)
.2020-01-20 19:59:41.360108 | eval'd: drake::cmq_buildtargetmetadepsspecht_is_subtargetconfig
2020-01-20 19:59:41.940564 | > DO_CALL (0.001s wait)
.2020-01-20 19:59:41.946575 | eval'd: drake::cmq_buildtargetmetadepsspecht_is_subtargetconfig
2020-01-20 19:59:42.524682 | > DO_CALL (0.001s wait)
.2020-01-20 19:59:42.530665 | eval'd: drake::cmq_buildtargetmetadepsspecht_is_subtargetconfig
2020-01-20 19:59:43.748734 | > DO_CALL (0.001s wait)
.2020-01-20 19:59:43.754737 | eval'd: drake::cmq_buildtargetmetadepsspecht_is_subtargetconfig
2020-01-20 19:59:44.364418 | > DO_CALL (0.000s wait)
.2020-01-20 19:59:44.370364 | eval'd: drake::cmq_buildtargetmetadepsspecht_is_subtargetconfig
2020-01-20 19:59:44.953838 | > DO_CALL (0.001s wait)
.2020-01-20 19:59:44.959841 | eval'd: drake::cmq_buildtargetmetadepsspecht_is_subtargetconfig
2020-01-20 19:59:45.538505 | > DO_CALL (0.001s wait)
.2020-01-20 19:59:45.543842 | eval'd: drake::cmq_buildtargetmetadepsspecht_is_subtargetconfig
2020-01-20 19:59:46.128900 | > DO_CALL (0.001s wait)
.2020-01-20 19:59:46.134936 | eval'd: drake::cmq_buildtargetmetadepsspecht_is_subtargetconfig
2020-01-20 19:59:47.527513 | > DO_CALL (0.001s wait)
.2020-01-20 19:59:47.533405 | eval'd: drake::cmq_buildtargetmetadepsspecht_is_subtargetconfig
2020-01-20 19:59:48.117548 | > DO_CALL (0.001s wait)
.2020-01-20 19:59:48.123528 | eval'd: drake::cmq_buildtargetmetadepsspecht_is_subtargetconfig
2020-01-20 19:59:48.704464 | > DO_CALL (0.000s wait)
.2020-01-20 19:59:48.708682 | eval'd: drake::cmq_buildtargetmetadepsspecht_is_subtargetconfig
2020-01-20 19:59:49.316227 | > DO_CALL (0.001s wait)
.2020-01-20 19:59:49.322328 | eval'd: drake::cmq_buildtargetmetadepsspecht_is_subtargetconfig
2020-01-20 19:59:49.918294 | > DO_CALL (0.001s wait)
.2020-01-20 19:59:49.924231 | eval'd: drake::cmq_buildtargetmetadepsspecht_is_subtargetconfig
2020-01-20 19:59:51.198812 | > DO_CALL (0.001s wait)
.2020-01-20 19:59:51.204708 | eval'd: drake::cmq_buildtargetmetadepsspecht_is_subtargetconfig
2020-01-20 19:59:51.792057 | > DO_CALL (0.000s wait)
.2020-01-20 19:59:51.797212 | eval'd: drake::cmq_buildtargetmetadepsspecht_is_subtargetconfig
2020-01-20 19:59:52.384086 | > DO_CALL (0.001s wait)
.2020-01-20 19:59:52.390038 | eval'd: drake::cmq_buildtargetmetadepsspecht_is_subtargetconfig
2020-01-20 19:59:52.987028 | > DO_CALL (0.001s wait)
.2020-01-20 19:59:52.992971 | eval'd: drake::cmq_buildtargetmetadepsspecht_is_subtargetconfig
2020-01-20 19:59:53.595109 | > DO_CALL (0.001s wait)
.2020-01-20 19:59:53.600994 | eval'd: drake::cmq_buildtargetmetadepsspecht_is_subtargetconfig
2020-01-20 19:59:54.900228 | > DO_CALL (0.001s wait)
.
2020-01-20 19:59:54.906327 | eval'd: drake::cmq_buildtargetmetadepsspecht_is_subtargetconfig
2020-01-20 19:59:55.484459 | > DO_CALL (0.000s wait)
.2020-01-20 19:59:55.489177 | eval'd: drake::cmq_buildtargetmetadepsspecht_is_subtargetconfig
2020-01-20 19:59:56.078269 | > DO_CALL (0.001s wait)
.2020-01-20 19:59:56.084282 | eval'd: drake::cmq_buildtargetmetadepsspecht_is_subtargetconfig
2020-01-20 19:59:56.662612 | > DO_CALL (0.001s wait)
.2020-01-20 19:59:56.668603 | eval'd: drake::cmq_buildtargetmetadepsspecht_is_subtargetconfig
2020-01-20 19:59:57.250968 | > DO_CALL (0.001s wait)
.2020-01-20 19:59:57.256931 | eval'd: drake::cmq_buildtargetmetadepsspecht_is_subtargetconfig
2020-01-20 19:59:58.616926 | > DO_CALL (0.001s wait)
.2020-01-20 19:59:58.622785 | eval'd: drake::cmq_buildtargetmetadepsspecht_is_subtargetconfig
2020-01-20 19:59:59.220398 | > DO_CALL (0.000s wait)
.2020-01-20 19:59:59.226394 | eval'd: drake::cmq_buildtargetmetadepsspecht_is_subtargetconfig
2020-01-20 19:59:59.807487 | > DO_CALL (0.000s wait)
.2020-01-20 19:59:59.813433 | eval'd: drake::cmq_buildtargetmetadepsspecht_is_subtargetconfig
2020-01-20 20:00:00.382764 | > DO_CALL (0.001s wait)
.2020-01-20 20:00:00.388763 | eval'd: drake::cmq_buildtargetmetadepsspecht_is_subtargetconfig
2020-01-20 20:00:00.964189 | > DO_CALL (0.001s wait)
.2020-01-20 20:00:00.970170 | eval'd: drake::cmq_buildtargetmetadepsspecht_is_subtargetconfig
2020-01-20 20:00:02.229733 | > DO_CALL (0.001s wait)
.2020-01-20 20:00:02.235638 | eval'd: drake::cmq_buildtargetmetadepsspecht_is_subtargetconfig
2020-01-20 20:00:02.816152 | > DO_CALL (0.001s wait)
.2020-01-20 20:00:02.822116 | eval'd: drake::cmq_buildtargetmetadepsspecht_is_subtargetconfig
2020-01-20 20:00:03.400009 | > DO_CALL (0.001s wait)
.2020-01-20 20:00:03.405840 | eval'd: drake::cmq_buildtargetmetadepsspecht_is_subtargetconfig
2020-01-20 20:00:03.986937 | > DO_CALL (0.001s wait)
.2020-01-20 20:00:03.992847 | eval'd: drake::cmq_buildtargetmetadepsspecht_is_subtargetconfig
2020-01-20 20:00:04.569882 | > DO_CALL (0.001s wait)
.2020-01-20 20:00:04.575780 | eval'd: drake::cmq_buildtargetmetadepsspecht_is_subtargetconfig
2020-01-20 20:00:05.780081 | > DO_CALL (0.001s wait)
.2020-01-20 20:00:05.785986 | eval'd: drake::cmq_buildtargetmetadepsspecht_is_subtargetconfig
2020-01-20 20:00:06.368442 | > DO_CALL (0.000s wait)
.2020-01-20 20:00:06.374325 | eval'd: drake::cmq_buildtargetmetadepsspecht_is_subtargetconfig
2020-01-20 20:00:06.955586 | > DO_CALL (0.001s wait)
.2020-01-20 20:00:06.961510 | eval'd: drake::cmq_buildtargetmetadepsspecht_is_subtargetconfig
2020-01-20 20:00:07.548403 | > DO_CALL (0.000s wait)
.2020-01-20 20:00:07.554317 | eval'd: drake::cmq_buildtargetmetadepsspecht_is_subtargetconfig
2020-01-20 20:00:08.138154 | > DO_CALL (0.001s wait)
.2020-01-20 20:00:08.144066 | eval'd: drake::cmq_buildtargetmetadepsspecht_is_subtargetconfig
2020-01-20 20:00:09.368201 | > DO_CALL (0.001s wait)
.2020-01-20 20:00:09.374150 | eval'd: drake::cmq_buildtargetmetadepsspecht_is_subtargetconfig
2020-01-20 20:00:09.953989 | > DO_CALL (0.001s wait)
.2020-01-20 20:00:09.960152 | eval'd: drake::cmq_buildtargetmetadepsspecht_is_subtargetconfig
2020-01-20 20:00:10.548073 | > DO_CALL (0.001s wait)
.2020-01-20 20:00:10.553990 | eval'd: drake::cmq_buildtargetmetadepsspecht_is_subtargetconfig
2020-01-20 20:00:11.132038 | > DO_CALL (0.000s wait)
.2020-01-20 20:00:11.136267 | eval'd: drake::cmq_buildtargetmetadepsspecht_is_subtargetconfig
2020-01-20 20:00:11.719351 | > DO_CALL (0.001s wait)
.2020-01-20 20:00:11.725337 | eval'd: drake::cmq_buildtargetmetadepsspecht_is_subtargetconfig
2020-01-20 20:00:12.931888 | > DO_CALL (0.001s wait)
.2020-01-20 20:00:12.937749 | eval'd: drake::cmq_buildtargetmetadepsspecht_is_subtargetconfig
2020-01-20 20:00:13.535923 | > DO_CALL (0.001s wait)
.2020-01-20 20:00:13.541928 | eval'd: drake::cmq_buildtargetmetadepsspecht_is_subtargetconfig
2020-01-20 20:00:14.129539 | > DO_CALL (0.001s wait)
.2020-01-20 20:00:14.135674 | eval'd: drake::cmq_buildtargetmetadepsspecht_is_subtargetconfig
2020-01-20 20:00:14.713215 | > DO_CALL (0.000s wait)
.2020-01-20 20:00:14.717431 | eval'd: drake::cmq_buildtargetmetadepsspecht_is_subtargetconfig
2020-01-20 20:00:15.300659 | > DO_CALL (0.001s wait)
.2020-01-20 20:00:15.306628 | eval'd: drake::cmq_buildtargetmetadepsspecht_is_subtargetconfig
2020-01-20 20:00:16.510159 | > DO_CALL (0.001s wait)
.2020-01-20 20:00:16.516153 | eval'd: drake::cmq_buildtargetmetadepsspecht_is_subtargetconfig
2020-01-20 20:00:17.099114 | > DO_CALL (0.001s wait)
.2020-01-20 20:00:17.105074 | eval'd: drake::cmq_buildtargetmetadepsspecht_is_subtargetconfig
2020-01-20 20:00:17.687756 | > DO_CALL (0.001s wait)
.2020-01-20 20:00:17.693643 | eval'd: drake::cmq_buildtargetmetadepsspecht_is_subtargetconfig
2020-01-20 20:00:18.259608 | > DO_CALL (0.001s wait)
.2020-01-20 20:00:18.265564 | eval'd: drake::cmq_buildtargetmetadepsspecht_is_subtargetconfig
2020-01-20 20:00:18.836712 | > DO_CALL (0.001s wait)
.2020-01-20 20:00:18.842630 | eval'd: drake::cmq_buildtargetmetadepsspecht_is_subtargetconfig
2020-01-20 20:00:20.042272 | > DO_CALL (0.001s wait)
.2020-01-20 20:00:20.048149 | eval'd: drake::cmq_buildtargetmetadepsspecht_is_subtargetconfig
2020-01-20 20:00:20.638237 | > DO_CALL (0.001s wait)
.2020-01-20 20:00:20.644178 | eval'd: drake::cmq_buildtargetmetadepsspecht_is_subtargetconfig
2020-01-20 20:00:21.213358 | > DO_CALL (0.000s wait)
.2020-01-20 20:00:21.219305 | eval'd: drake::cmq_buildtargetmetadepsspecht_is_subtargetconfig
2020-01-20 20:00:21.793280 | > DO_CALL (0.001s wait)
.2020-01-20 20:00:21.799260 | eval'd: drake::cmq_buildtargetmetadepsspecht_is_subtargetconfig
2020-01-20 20:00:22.371688 | > DO_CALL (0.001s wait)
.2020-01-20 20:00:22.377355 | eval'd: drake::cmq_buildtargetmetadepsspecht_is_subtargetconfig
2020-01-20 20:00:23.592987 | > DO_CALL (0.001s wait)
.2020-01-20 20:00:23.598975 | eval'd: drake::cmq_buildtargetmetadepsspecht_is_subtargetconfig
2020-01-20 20:00:24.179799 | > DO_CALL (0.001s wait)
.2020-01-20 20:00:24.185727 | eval'd: drake::cmq_buildtargetmetadepsspecht_is_subtargetconfig
2020-01-20 20:00:24.764157 | > DO_CALL (0.001s wait)
.2020-01-20 20:00:24.770713 | eval'd: drake::cmq_buildtargetmetadepsspecht_is_subtargetconfig
2020-01-20 20:00:25.350460 | > DO_CALL (0.000s wait)
.2020-01-20 20:00:25.356466 | eval'd: drake::cmq_buildtargetmetadepsspecht_is_subtargetconfig
2020-01-20 20:00:25.940663 | > DO_CALL (0.001s wait)
.2020-01-20 20:00:25.946613 | eval'd: drake::cmq_buildtargetmetadepsspecht_is_subtargetconfig
2020-01-20 20:00:27.155903 | > DO_CALL (0.001s wait)
.2020-01-20 20:00:27.164422 | eval'd: drake::cmq_buildtargetmetadepsspecht_is_subtargetconfig
2020-01-20 20:00:27.747488 | > DO_CALL (0.000s wait)
.2020-01-20 20:00:27.753459 | eval'd: drake::cmq_buildtargetmetadepsspecht_is_subtargetconfig
2020-01-20 20:00:28.336199 | > DO_CALL (0.001s wait)
.2020-01-20 20:00:28.342192 | eval'd: drake::cmq_buildtargetmetadepsspecht_is_subtargetconfig
2020-01-20 20:00:28.923326 | > DO_CALL (0.000s wait)
.2020-01-20 20:00:28.929263 | eval'd: drake::cmq_buildtargetmetadepsspecht_is_subtargetconfig
2020-01-20 20:00:29.525248 | > DO_CALL (0.001s wait)
.2020-01-20 20:00:29.531188 | eval'd: drake::cmq_buildtargetmetadepsspecht_is_subtargetconfig
2020-01-20 20:00:30.746604 | > DO_CALL (0.001s wait)
.2020-01-20 20:00:30.752556 | eval'd: drake::cmq_buildtargetmetadepsspecht_is_subtargetconfig
2020-01-20 20:00:31.339818 | > DO_CALL (0.001s wait)
.2020-01-20 20:00:31.345895 | eval'd: drake::cmq_buildtargetmetadepsspecht_is_subtargetconfig
2020-01-20 20:00:31.929800 | > DO_CALL (0.001s wait)
.2020-01-20 20:00:31.935738 | eval'd: drake::cmq_buildtargetmetadepsspecht_is_subtargetconfig
2020-01-20 20:00:32.516183 | > DO_CALL (0.001s wait)
.2020-01-20 20:00:32.522109 | eval'd: drake::cmq_buildtargetmetadepsspecht_is_subtargetconfig
2020-01-20 20:00:33.100728 | > DO_CALL (0.001s wait)
.2020-01-20 20:00:33.106747 | eval'd: drake::cmq_buildtargetmetadepsspecht_is_subtargetconfig
2020-01-20 20:00:34.321367 | > DO_CALL (0.000s wait)
.2020-01-20 20:00:34.327328 | eval'd: drake::cmq_buildtargetmetadepsspecht_is_subtargetconfig
2020-01-20 20:00:34.905243 | > DO_CALL (0.001s wait)
.2020-01-20 20:00:34.911208 | eval'd: drake::cmq_buildtargetmetadepsspecht_is_subtargetconfig
2020-01-20 20:00:35.487859 | > DO_CALL (0.001s wait)
.2020-01-20 20:00:35.493684 | eval'd: drake::cmq_buildtargetmetadepsspecht_is_subtargetconfig
2020-01-20 20:00:36.071439 | > DO_CALL (0.000s wait)
.2020-01-20 20:00:36.077393 | eval'd: drake::cmq_buildtargetmetadepsspecht_is_subtargetconfig
2020-01-20 20:00:36.659522 | > DO_CALL (0.001s wait)
.2020-01-20 20:00:36.665350 | eval'd: drake::cmq_buildtargetmetadepsspecht_is_subtargetconfig
2020-01-20 20:00:37.902478 | > DO_CALL (0.000s wait)
.2020-01-20 20:00:37.908361 | eval'd: drake::cmq_buildtargetmetadepsspecht_is_subtargetconfig
2020-01-20 20:00:38.485641 | > DO_CALL (0.001s wait)
.2020-01-20 20:00:38.491614 | eval'd: drake::cmq_buildtargetmetadepsspecht_is_subtargetconfig
2020-01-20 20:00:39.080045 | > DO_CALL (0.001s wait)
.2020-01-20 20:00:39.085951 | eval'd: drake::cmq_buildtargetmetadepsspecht_is_subtargetconfig
2020-01-20 20:00:39.679646 | > DO_CALL (0.001s wait)
.2020-01-20 20:00:39.684170 | eval'd: drake::cmq_buildtargetmetadepsspecht_is_subtargetconfig
2020-01-20 20:00:40.258026 | > DO_CALL (0.000s wait)
.2020-01-20 20:00:40.262672 | eval'd: drake::cmq_buildtargetmetadepsspecht_is_subtargetconfig
2020-01-20 20:00:41.473532 | > DO_CALL (0.001s wait)
.2020-01-20 20:00:41.479526 | eval'd: drake::cmq_buildtargetmetadepsspecht_is_subtargetconfig
2020-01-20 20:00:42.057844 | > DO_CALL (0.001s wait)
.2020-01-20 20:00:42.063773 | eval'd: drake::cmq_buildtargetmetadepsspecht_is_subtargetconfig
2020-01-20 20:00:42.640420 | > DO_CALL (0.000s wait)
.2020-01-20 20:00:42.646450 | eval'd: drake::cmq_buildtargetmetadepsspecht_is_subtargetconfig
2020-01-20 20:00:43.227374 | > DO_CALL (0.000s wait)
.2020-01-20 20:00:43.233287 | eval'd: drake::cmq_buildtargetmetadepsspecht_is_subtargetconfig
2020-01-20 20:00:43.801865 | > DO_CALL (0.001s wait)
.2020-01-20 20:00:43.807518 | eval'd: drake::cmq_buildtargetmetadepsspecht_is_subtargetconfig
2020-01-20 20:00:45.023866 | > DO_CALL (0.001s wait)
.2020-01-20 20:00:45.029671 | eval'd: drake::cmq_buildtargetmetadepsspecht_is_subtargetconfig
2020-01-20 20:00:45.608623 | > DO_CALL (0.001s wait)
.2020-01-20 20:00:45.614312 | eval'd: drake::cmq_buildtargetmetadepsspecht_is_subtargetconfig
2020-01-20 20:00:46.198056 | > DO_CALL (0.001s wait)
.2020-01-20 20:00:46.203758 | eval'd: drake::cmq_buildtargetmetadepsspecht_is_subtargetconfig
2020-01-20 20:00:46.780715 | > DO_CALL (0.001s wait)
.2020-01-20 20:00:46.786573 | eval'd: drake::cmq_buildtargetmetadepsspecht_is_subtargetconfig
2020-01-20 20:00:47.365927 | > DO_CALL (0.001s wait)
.2020-01-20 20:00:47.371673 | eval'd: drake::cmq_buildtargetmetadepsspecht_is_subtargetconfig
2020-01-20 20:00:48.617153 | > DO_CALL (0.001s wait)
.2020-01-20 20:00:48.622948 | eval'd: drake::cmq_buildtargetmetadepsspecht_is_subtargetconfig
2020-01-20 20:00:49.205428 | > DO_CALL (0.000s wait)
.2020-01-20 20:00:49.211059 | eval'd: drake::cmq_buildtargetmetadepsspecht_is_subtargetconfig
2020-01-20 20:00:49.801439 | > DO_CALL (0.000s wait)
.2020-01-20 20:00:49.807244 | eval'd: drake::cmq_buildtargetmetadepsspecht_is_subtargetconfig
2020-01-20 20:00:50.397122 | > DO_CALL (0.001s wait)
.2020-01-20 20:00:50.402899 | eval'd: drake::cmq_buildtargetmetadepsspecht_is_subtargetconfig
2020-01-20 20:00:51.003288 | > DO_CALL (0.000s wait)
.
2020-01-20 20:00:51.009205 | eval'd: drake::cmq_buildtargetmetadepsspecht_is_subtargetconfig
2020-01-20 20:00:52.213436 | > DO_CALL (0.000s wait)
.2020-01-20 20:00:52.219170 | eval'd: drake::cmq_buildtargetmetadepsspecht_is_subtargetconfig
2020-01-20 20:00:52.809440 | > DO_CALL (0.000s wait)
.2020-01-20 20:00:52.815438 | eval'd: drake::cmq_buildtargetmetadepsspecht_is_subtargetconfig
2020-01-20 20:00:53.405228 | > DO_CALL (0.001s wait)
.2020-01-20 20:00:53.411164 | eval'd: drake::cmq_buildtargetmetadepsspecht_is_subtargetconfig
2020-01-20 20:00:54.002317 | > DO_CALL (0.000s wait)
.2020-01-20 20:00:54.008169 | eval'd: drake::cmq_buildtargetmetadepsspecht_is_subtargetconfig
2020-01-20 20:00:55.234492 | > DO_CALL (0.001s wait)
.2020-01-20 20:00:55.240450 | eval'd: drake::cmq_buildtargetmetadepsspecht_is_subtargetconfig
2020-01-20 20:00:55.844752 | > DO_CALL (0.001s wait)
.2020-01-20 20:00:55.850708 | eval'd: drake::cmq_buildtargetmetadepsspecht_is_subtargetconfig
2020-01-20 20:00:56.428219 | > DO_CALL (0.001s wait)
.2020-01-20 20:00:56.434150 | eval'd: drake::cmq_buildtargetmetadepsspecht_is_subtargetconfig
2020-01-20 20:00:57.010387 | > DO_CALL (0.000s wait)
.2020-01-20 20:00:57.016275 | eval'd: drake::cmq_buildtargetmetadepsspecht_is_subtargetconfig
2020-01-20 20:00:57.607083 | > DO_CALL (0.000s wait)
.2020-01-20 20:00:57.611324 | eval'd: drake::cmq_buildtargetmetadepsspecht_is_subtargetconfig
2020-01-20 20:00:58.966299 | > DO_CALL (0.001s wait)
.2020-01-20 20:00:58.972214 | eval'd: drake::cmq_buildtargetmetadepsspecht_is_subtargetconfig
2020-01-20 20:00:59.597781 | > DO_CALL (0.001s wait)
.2020-01-20 20:00:59.603710 | eval'd: drake::cmq_buildtargetmetadepsspecht_is_subtargetconfig
2020-01-20 20:01:00.185967 | > DO_CALL (0.001s wait)
.2020-01-20 20:01:00.191973 | eval'd: drake::cmq_buildtargetmetadepsspecht_is_subtargetconfig
2020-01-20 20:01:00.766228 | > DO_CALL (0.001s wait)
.2020-01-20 20:01:00.772241 | eval'd: drake::cmq_buildtargetmetadepsspecht_is_subtargetconfig
2020-01-20 20:01:01.352136 | > DO_CALL (0.001s wait)
.2020-01-20 20:01:01.358047 | eval'd: drake::cmq_buildtargetmetadepsspecht_is_subtargetconfig
2020-01-20 20:01:02.605672 | > DO_CALL (0.001s wait)
.2020-01-20 20:01:02.611572 | eval'd: drake::cmq_buildtargetmetadepsspecht_is_subtargetconfig
2020-01-20 20:01:03.241711 | > DO_CALL (0.000s wait)
.2020-01-20 20:01:03.245997 | eval'd: drake::cmq_buildtargetmetadepsspecht_is_subtargetconfig
2020-01-20 20:01:03.868978 | > DO_CALL (0.001s wait)
.2020-01-20 20:01:03.874887 | eval'd: drake::cmq_buildtargetmetadepsspecht_is_subtargetconfig
2020-01-20 20:01:04.494356 | > DO_CALL (0.000s wait)
.2020-01-20 20:01:04.500277 | eval'd: drake::cmq_buildtargetmetadepsspecht_is_subtargetconfig
2020-01-20 20:01:05.103638 | > DO_CALL (0.001s wait)
.2020-01-20 20:01:05.109571 | eval'd: drake::cmq_buildtargetmetadepsspecht_is_subtargetconfig
2020-01-20 20:01:06.390021 | > DO_CALL (0.001s wait)
.2020-01-20 20:01:06.395875 | eval'd: drake::cmq_buildtargetmetadepsspecht_is_subtargetconfig
2020-01-20 20:01:07.024878 | > DO_CALL (0.000s wait)
.2020-01-20 20:01:07.029057 | eval'd: drake::cmq_buildtargetmetadepsspecht_is_subtargetconfig
2020-01-20 20:01:07.665376 | > DO_CALL (0.000s wait)
.2020-01-20 20:01:07.671288 | eval'd: drake::cmq_buildtargetmetadepsspecht_is_subtargetconfig
2020-01-20 20:01:08.296075 | > DO_CALL (0.001s wait)
.2020-01-20 20:01:08.302025 | eval'd: drake::cmq_buildtargetmetadepsspecht_is_subtargetconfig
2020-01-20 20:01:09.618819 | > DO_CALL (0.001s wait)
.2020-01-20 20:01:09.623625 | eval'd: drake::cmq_buildtargetmetadepsspecht_is_subtargetconfig
2020-01-20 20:01:10.271710 | > DO_CALL (0.001s wait)
.2020-01-20 20:01:10.277720 | eval'd: drake::cmq_buildtargetmetadepsspecht_is_subtargetconfig
2020-01-20 20:01:10.898895 | > DO_CALL (0.001s wait)
.2020-01-20 20:01:10.904775 | eval'd: drake::cmq_buildtargetmetadepsspecht_is_subtargetconfig
2020-01-20 20:01:11.523106 | > DO_CALL (0.001s wait)
.2020-01-20 20:01:11.529038 | eval'd: drake::cmq_buildtargetmetadepsspecht_is_subtargetconfig
2020-01-20 20:01:12.145375 | > DO_CALL (0.000s wait)
.2020-01-20 20:01:12.151331 | eval'd: drake::cmq_buildtargetmetadepsspecht_is_subtargetconfig
2020-01-20 20:01:13.468311 | > DO_CALL (0.001s wait)
.2020-01-20 20:01:13.474292 | eval'd: drake::cmq_buildtargetmetadepsspecht_is_subtargetconfig
2020-01-20 20:01:14.110556 | > DO_CALL (0.001s wait)
.2020-01-20 20:01:14.116439 | eval'd: drake::cmq_buildtargetmetadepsspecht_is_subtargetconfig
2020-01-20 20:01:14.735705 | > DO_CALL (0.001s wait)
.2020-01-20 20:01:14.741228 | eval'd: drake::cmq_buildtargetmetadepsspecht_is_subtargetconfig
2020-01-20 20:01:15.361113 | > DO_CALL (0.001s wait)
.2020-01-20 20:01:15.367069 | eval'd: drake::cmq_buildtargetmetadepsspecht_is_subtargetconfig
2020-01-20 20:01:15.976295 | > DO_CALL (0.001s wait)
.2020-01-20 20:01:15.982189 | eval'd: drake::cmq_buildtargetmetadepsspecht_is_subtargetconfig
2020-01-20 20:01:17.361079 | > DO_CALL (0.000s wait)
.2020-01-20 20:01:17.365400 | eval'd: drake::cmq_buildtargetmetadepsspecht_is_subtargetconfig
2020-01-20 20:01:17.989176 | > DO_CALL (0.000s wait)
.2020-01-20 20:01:17.993928 | eval'd: drake::cmq_buildtargetmetadepsspecht_is_subtargetconfig
2020-01-20 20:01:18.605378 | > DO_CALL (0.000s wait)
.2020-01-20 20:01:18.611251 | eval'd: drake::cmq_buildtargetmetadepsspecht_is_subtargetconfig
2020-01-20 20:01:19.237683 | > DO_CALL (0.000s wait)
.2020-01-20 20:01:19.242073 | eval'd: drake::cmq_buildtargetmetadepsspecht_is_subtargetconfig
2020-01-20 20:01:20.564609 | > DO_CALL (0.001s wait)
.2020-01-20 20:01:20.570591 | eval'd: drake::cmq_buildtargetmetadepsspecht_is_subtargetconfig
2020-01-20 20:01:21.193516 | > DO_CALL (0.001s wait)
.2020-01-20 20:01:21.199456 | eval'd: drake::cmq_buildtargetmetadepsspecht_is_subtargetconfig
2020-01-20 20:01:21.821576 | > DO_CALL (0.001s wait)
.2020-01-20 20:01:21.827530 | eval'd: drake::cmq_buildtargetmetadepsspecht_is_subtargetconfig
2020-01-20 20:01:22.440113 | > DO_CALL (0.001s wait)
.2020-01-20 20:01:22.446035 | eval'd: drake::cmq_buildtargetmetadepsspecht_is_subtargetconfig
2020-01-20 20:01:23.073809 | > WORKER_WAIT (0.000s wait)
2020-01-20 20:01:23.074265 | waiting 0.75s
2020-01-20 20:01:27.772700 | > WORKER_WAIT (0.000s wait)
2020-01-20 20:01:27.773152 | waiting 0.75s
2020-01-20 20:01:31.956201 | > WORKER_WAIT (0.000s wait)
2020-01-20 20:01:31.956652 | waiting 0.75s
2020-01-20 20:04:05.730279 | > WORKER_STOP (0.000s wait)
2020-01-20 20:04:05.734956 | shutting down worker
2020-01-20 20:04:08.529800 | 
Total: 573 in 6298.02s [user], 252.62s [system], 8839.55s [elapsed]
