2020-01-20 14:26:17.039768 | Master: tcp://c23a-s23:7746
2020-01-20 14:26:17.094615 | WORKER_UP to: tcp://c23a-s23:7746
2020-01-20 14:26:20.098007 | > DO_SETUP (2.782s wait)
2020-01-20 14:26:20.098490 | token from msg: set_common_data_token
2020-01-20 14:28:01.971849 | > DO_CALL (22.649s wait)
.* Option 'clustermq.scheduler' not set, defaulting to ‘SLURM’
--- see: https://mschubert.github.io/clustermq/articles/userguide.html#configuration
2020-01-20 14:28:14.170988 | eval'd: drake::cmq_buildtargetmetadepsspecht_is_subtargetconfig
2020-01-20 14:28:34.738743 | > DO_CALL (5.168s wait)
.2020-01-20 14:28:43.116760 | eval'd: drake::cmq_buildtargetmetadepsspecht_is_subtargetconfig
2020-01-20 14:29:22.151580 | > DO_CALL (5.155s wait)
.2020-01-20 14:29:28.636219 | eval'd: drake::cmq_buildtargetmetadepsspecht_is_subtargetconfig
2020-01-20 14:30:18.673904 | > DO_CALL (5.040s wait)
.2020-01-20 14:30:26.148391 | eval'd: drake::cmq_buildtargetmetadepsspecht_is_subtargetconfig
2020-01-20 14:31:16.368774 | > DO_CALL (5.065s wait)
.2020-01-20 14:31:22.742427 | eval'd: drake::cmq_buildtargetmetadepsspecht_is_subtargetconfig
2020-01-20 14:32:22.231821 | > DO_CALL (7.665s wait)
.2020-01-20 14:32:30.250426 | eval'd: drake::cmq_buildtargetmetadepsspecht_is_subtargetconfig
2020-01-20 14:33:23.210181 | > DO_CALL (8.324s wait)
.2020-01-20 14:33:33.475959 | eval'd: drake::cmq_buildtargetmetadepsspecht_is_subtargetconfig
2020-01-20 14:34:17.093573 | > DO_CALL (5.162s wait)
.2020-01-20 14:34:20.286996 | eval'd: drake::cmq_buildtargetmetadepsspecht_is_subtargetconfig
2020-01-20 14:35:11.600748 | > DO_CALL (5.178s wait)
.2020-01-20 14:35:23.332412 | eval'd: drake::cmq_buildtargetmetadepsspecht_is_subtargetconfig
2020-01-20 14:36:11.641340 | > DO_CALL (5.152s wait)
.2020-01-20 14:36:44.695618 | eval'd: drake::cmq_buildtargetmetadepsspecht_is_subtargetconfig
2020-01-20 14:37:23.755285 | > DO_CALL (5.087s wait)
.2020-01-20 14:37:49.596544 | eval'd: drake::cmq_buildtargetmetadepsspecht_is_subtargetconfig
2020-01-20 14:38:23.998106 | > DO_CALL (5.127s wait)
.2020-01-20 14:38:40.262600 | eval'd: drake::cmq_buildtargetmetadepsspecht_is_subtargetconfig
2020-01-20 14:39:02.102090 | > DO_CALL (5.137s wait)
.2020-01-20 14:39:06.695008 | eval'd: drake::cmq_buildtargetmetadepsspecht_is_subtargetconfig
2020-01-20 14:39:31.843828 | > DO_CALL (5.169s wait)
.2020-01-20 14:39:34.739391 | eval'd: drake::cmq_buildtargetmetadepsspecht_is_subtargetconfig
2020-01-20 14:40:30.432140 | > DO_CALL (4.955s wait)
.2020-01-20 14:40:38.056421 | eval'd: drake::cmq_buildtargetmetadepsspecht_is_subtargetconfig
2020-01-20 14:41:35.637881 | > DO_CALL (5.067s wait)
.2020-01-20 14:43:30.703114 | eval'd: drake::cmq_buildtargetmetadepsspecht_is_subtargetconfig
2020-01-20 14:44:26.305204 | > DO_CALL (5.205s wait)
.2020-01-20 14:44:33.669123 | eval'd: drake::cmq_buildtargetmetadepsspecht_is_subtargetconfig
2020-01-20 14:45:30.751737 | > DO_CALL (5.017s wait)
.2020-01-20 14:45:36.926460 | eval'd: drake::cmq_buildtargetmetadepsspecht_is_subtargetconfig
2020-01-20 14:46:32.920067 | > DO_CALL (5.025s wait)
.2020-01-20 14:47:14.451512 | eval'd: drake::cmq_buildtargetmetadepsspecht_is_subtargetconfig
2020-01-20 14:47:15.001551 | > DO_CALL (0.009s wait)
.2020-01-20 14:47:15.363299 | eval'd: drake::cmq_buildtargetmetadepsspecht_is_subtargetconfig
2020-01-20 14:47:16.786272 | > DO_CALL (0.008s wait)
.2020-01-20 14:47:19.136867 | eval'd: drake::cmq_buildtargetmetadepsspecht_is_subtargetconfig
2020-01-20 14:47:19.273111 | > DO_CALL (0.015s wait)
.2020-01-20 14:47:19.648240 | eval'd: drake::cmq_buildtargetmetadepsspecht_is_subtargetconfig
2020-01-20 14:47:20.240067 | > DO_CALL (0.037s wait)
.2020-01-20 14:47:20.683962 | eval'd: drake::cmq_buildtargetmetadepsspecht_is_subtargetconfig
2020-01-20 14:47:21.027411 | > DO_CALL (0.004s wait)
.2020-01-20 14:47:21.266340 | eval'd: drake::cmq_buildtargetmetadepsspecht_is_subtargetconfig
2020-01-20 14:47:21.480711 | > DO_CALL (0.013s wait)
.2020-01-20 14:47:22.493306 | eval'd: drake::cmq_buildtargetmetadepsspecht_is_subtargetconfig
2020-01-20 14:47:23.482886 | > DO_CALL (0.063s wait)
.2020-01-20 14:47:23.946014 | eval'd: drake::cmq_buildtargetmetadepsspecht_is_subtargetconfig
2020-01-20 14:47:25.039521 | > DO_CALL (0.017s wait)
.2020-01-20 14:47:25.436000 | eval'd: drake::cmq_buildtargetmetadepsspecht_is_subtargetconfig
2020-01-20 14:47:26.381059 | > DO_CALL (0.000s wait)
.2020-01-20 14:47:26.416570 | eval'd: drake::cmq_buildtargetmetadepsspecht_is_subtargetconfig
2020-01-20 14:47:28.688386 | > DO_CALL (0.014s wait)
.2020-01-20 14:47:29.657803 | eval'd: drake::cmq_buildtargetmetadepsspecht_is_subtargetconfig
2020-01-20 14:47:30.228423 | > DO_CALL (0.008s wait)
.2020-01-20 14:47:30.557693 | eval'd: drake::cmq_buildtargetmetadepsspecht_is_subtargetconfig
2020-01-20 14:47:31.910656 | > DO_CALL (0.040s wait)
.2020-01-20 14:47:32.333971 | eval'd: drake::cmq_buildtargetmetadepsspecht_is_subtargetconfig
2020-01-20 14:47:33.650491 | > DO_CALL (0.045s wait)
.2020-01-20 14:47:34.124437 | eval'd: drake::cmq_buildtargetmetadepsspecht_is_subtargetconfig
2020-01-20 14:47:35.944962 | > DO_CALL (0.008s wait)
.2020-01-20 14:47:36.894359 | eval'd: drake::cmq_buildtargetmetadepsspecht_is_subtargetconfig
2020-01-20 14:47:37.809954 | > DO_CALL (0.007s wait)
.2020-01-20 14:47:38.095923 | eval'd: drake::cmq_buildtargetmetadepsspecht_is_subtargetconfig
2020-01-20 14:47:39.248172 | > DO_CALL (0.011s wait)
.2020-01-20 14:47:39.595311 | eval'd: drake::cmq_buildtargetmetadepsspecht_is_subtargetconfig
2020-01-20 14:47:40.872533 | > DO_CALL (0.006s wait)
.2020-01-20 14:47:41.189663 | eval'd: drake::cmq_buildtargetmetadepsspecht_is_subtargetconfig
2020-01-20 14:47:42.438460 | > DO_CALL (0.048s wait)
.2020-01-20 14:47:43.479123 | eval'd: drake::cmq_buildtargetmetadepsspecht_is_subtargetconfig
2020-01-20 14:47:44.793498 | > DO_CALL (0.008s wait)
.2020-01-20 14:47:45.121296 | eval'd: drake::cmq_buildtargetmetadepsspecht_is_subtargetconfig
2020-01-20 14:47:46.531092 | > DO_CALL (0.027s wait)
.2020-01-20 14:47:46.898564 | eval'd: drake::cmq_buildtargetmetadepsspecht_is_subtargetconfig
2020-01-20 14:47:48.242866 | > DO_CALL (0.049s wait)
.2020-01-20 14:47:49.306483 | eval'd: drake::cmq_buildtargetmetadepsspecht_is_subtargetconfig
2020-01-20 14:47:49.771968 | > DO_CALL (0.005s wait)
.2020-01-20 14:47:50.091936 | eval'd: drake::cmq_buildtargetmetadepsspecht_is_subtargetconfig
2020-01-20 14:47:51.316663 | > DO_CALL (0.033s wait)
.2020-01-20 14:47:51.716602 | eval'd: drake::cmq_buildtargetmetadepsspecht_is_subtargetconfig
2020-01-20 14:47:53.735769 | > DO_CALL (0.010s wait)
.2020-01-20 14:47:54.081834 | eval'd: drake::cmq_buildtargetmetadepsspecht_is_subtargetconfig
2020-01-20 14:47:55.333143 | > DO_CALL (0.008s wait)
.2020-01-20 14:47:56.281589 | eval'd: drake::cmq_buildtargetmetadepsspecht_is_subtargetconfig
2020-01-20 14:47:56.666649 | > DO_CALL (0.001s wait)
.2020-01-20 14:47:56.671935 | eval'd: drake::cmq_buildtargetmetadepsspecht_is_subtargetconfig
2020-01-20 14:47:57.518030 | > DO_CALL (0.001s wait)
.2020-01-20 14:48:00.025229 | eval'd: drake::cmq_buildtargetmetadepsspecht_is_subtargetconfig
2020-01-20 14:48:00.466227 | > DO_CALL (0.000s wait)
.2020-01-20 14:48:00.471821 | eval'd: drake::cmq_buildtargetmetadepsspecht_is_subtargetconfig
2020-01-20 14:48:01.179255 | > DO_CALL (0.000s wait)
.2020-01-20 14:48:01.184701 | eval'd: drake::cmq_buildtargetmetadepsspecht_is_subtargetconfig
2020-01-20 14:48:01.945385 | > DO_CALL (0.000s wait)
.2020-01-20 14:48:01.951042 | eval'd: drake::cmq_buildtargetmetadepsspecht_is_subtargetconfig
2020-01-20 14:48:02.764146 | > DO_CALL (0.000s wait)
.2020-01-20 14:48:02.769316 | eval'd: drake::cmq_buildtargetmetadepsspecht_is_subtargetconfig
2020-01-20 14:48:03.580021 | > DO_CALL (0.001s wait)
.2020-01-20 14:48:03.585661 | eval'd: drake::cmq_buildtargetmetadepsspecht_is_subtargetconfig
2020-01-20 14:48:05.137394 | > DO_CALL (0.000s wait)
.2020-01-20 14:48:05.143214 | eval'd: drake::cmq_buildtargetmetadepsspecht_is_subtargetconfig
2020-01-20 14:48:05.998816 | > DO_CALL (0.001s wait)
.2020-01-20 14:48:06.004681 | eval'd: drake::cmq_buildtargetmetadepsspecht_is_subtargetconfig
2020-01-20 14:48:06.892558 | > DO_CALL (0.001s wait)
.2020-01-20 14:48:06.898228 | eval'd: drake::cmq_buildtargetmetadepsspecht_is_subtargetconfig
2020-01-20 14:48:07.765013 | > DO_CALL (0.001s wait)
.2020-01-20 14:48:07.770796 | eval'd: drake::cmq_buildtargetmetadepsspecht_is_subtargetconfig
2020-01-20 14:48:08.574613 | > DO_CALL (0.001s wait)
.2020-01-20 14:48:08.579771 | eval'd: drake::cmq_buildtargetmetadepsspecht_is_subtargetconfig
2020-01-20 14:48:10.000218 | > DO_CALL (0.000s wait)
.2020-01-20 14:48:10.004994 | eval'd: drake::cmq_buildtargetmetadepsspecht_is_subtargetconfig
2020-01-20 14:48:10.813675 | > DO_CALL (0.001s wait)
.2020-01-20 14:48:10.818937 | eval'd: drake::cmq_buildtargetmetadepsspecht_is_subtargetconfig
2020-01-20 14:48:11.643863 | > DO_CALL (0.001s wait)
.2020-01-20 14:48:11.649542 | eval'd: drake::cmq_buildtargetmetadepsspecht_is_subtargetconfig
2020-01-20 14:48:12.477216 | > DO_CALL (0.000s wait)
.
2020-01-20 14:48:12.482722 | eval'd: drake::cmq_buildtargetmetadepsspecht_is_subtargetconfig
2020-01-20 14:48:13.924840 | > DO_CALL (0.001s wait)
.2020-01-20 14:48:13.930521 | eval'd: drake::cmq_buildtargetmetadepsspecht_is_subtargetconfig
2020-01-20 14:48:14.764351 | > DO_CALL (0.000s wait)
.2020-01-20 14:48:14.770035 | eval'd: drake::cmq_buildtargetmetadepsspecht_is_subtargetconfig
2020-01-20 14:48:15.591173 | > DO_CALL (0.001s wait)
.2020-01-20 14:48:15.596954 | eval'd: drake::cmq_buildtargetmetadepsspecht_is_subtargetconfig
2020-01-20 14:48:16.451126 | > DO_CALL (0.001s wait)
.2020-01-20 14:48:16.456917 | eval'd: drake::cmq_buildtargetmetadepsspecht_is_subtargetconfig
2020-01-20 14:48:17.277322 | > DO_CALL (0.000s wait)
.2020-01-20 14:48:17.283907 | eval'd: drake::cmq_buildtargetmetadepsspecht_is_subtargetconfig
2020-01-20 14:48:18.734455 | > DO_CALL (0.001s wait)
.2020-01-20 14:48:18.740934 | eval'd: drake::cmq_buildtargetmetadepsspecht_is_subtargetconfig
2020-01-20 14:48:19.298897 | > WORKER_WAIT (0.000s wait)
2020-01-20 14:48:19.299344 | waiting 1.00s
2020-01-20 14:48:20.301736 | > WORKER_WAIT (0.000s wait)
2020-01-20 14:48:20.302129 | waiting 1.00s
2020-01-20 14:48:21.304537 | > WORKER_WAIT (0.000s wait)
2020-01-20 14:48:21.304937 | waiting 1.00s
2020-01-20 14:48:22.307308 | > WORKER_WAIT (0.000s wait)
2020-01-20 14:48:22.307711 | waiting 1.00s
2020-01-20 14:48:23.310182 | > WORKER_WAIT (0.000s wait)
2020-01-20 14:48:23.310621 | waiting 1.00s
2020-01-20 14:48:24.313029 | > WORKER_WAIT (0.000s wait)
2020-01-20 14:48:24.313440 | waiting 1.00s
2020-01-20 14:48:25.315892 | > WORKER_WAIT (0.000s wait)
2020-01-20 14:48:25.316371 | waiting 1.00s
2020-01-20 14:48:26.318818 | > WORKER_WAIT (0.000s wait)
2020-01-20 14:48:26.319269 | waiting 1.00s
2020-01-20 14:48:27.321654 | > WORKER_WAIT (0.000s wait)
2020-01-20 14:48:27.322049 | waiting 1.00s
2020-01-20 14:48:28.324463 | > WORKER_WAIT (0.001s wait)
2020-01-20 14:48:28.324916 | waiting 1.00s
2020-01-20 14:48:29.327396 | > WORKER_WAIT (0.000s wait)
2020-01-20 14:48:29.327896 | waiting 1.00s
2020-01-20 14:48:30.330333 | > WORKER_WAIT (0.000s wait)
2020-01-20 14:48:30.330746 | waiting 1.00s
2020-01-20 14:48:31.713328 | > WORKER_WAIT (0.000s wait)
2020-01-20 14:48:31.713722 | waiting 1.00s
2020-01-20 14:48:32.716513 | > WORKER_WAIT (0.000s wait)
2020-01-20 14:48:32.716907 | waiting 1.00s
2020-01-20 14:48:33.719152 | > WORKER_WAIT (0.000s wait)
2020-01-20 14:48:33.719520 | waiting 1.00s
2020-01-20 14:48:34.721828 | > WORKER_WAIT (0.000s wait)
2020-01-20 14:48:34.722241 | waiting 1.00s
2020-01-20 14:48:35.724841 | > WORKER_WAIT (0.000s wait)
2020-01-20 14:48:35.725229 | waiting 1.00s
2020-01-20 14:48:36.727548 | > WORKER_WAIT (0.000s wait)
2020-01-20 14:48:36.727941 | waiting 1.00s
2020-01-20 14:48:37.730329 | > WORKER_WAIT (0.000s wait)
2020-01-20 14:48:37.730697 | waiting 1.00s
2020-01-20 14:48:38.733237 | > WORKER_WAIT (0.000s wait)
2020-01-20 14:48:38.733629 | waiting 1.00s
2020-01-20 14:48:39.736121 | > WORKER_WAIT (0.000s wait)
2020-01-20 14:48:39.736485 | waiting 1.00s
2020-01-20 14:48:40.738977 | > WORKER_WAIT (0.000s wait)
2020-01-20 14:48:40.739362 | waiting 1.00s
2020-01-20 14:48:41.741897 | > WORKER_WAIT (0.000s wait)
2020-01-20 14:48:41.742289 | waiting 1.00s
2020-01-20 14:48:42.744795 | > WORKER_WAIT (0.000s wait)
2020-01-20 14:48:42.745200 | waiting 1.00s
2020-01-20 14:48:43.747704 | > WORKER_WAIT (0.000s wait)
2020-01-20 14:48:43.748090 | waiting 1.00s
2020-01-20 14:48:44.750741 | > WORKER_WAIT (0.000s wait)
2020-01-20 14:48:44.751151 | waiting 1.00s
2020-01-20 14:48:45.753723 | > WORKER_WAIT (0.000s wait)
2020-01-20 14:48:45.754115 | waiting 1.00s
2020-01-20 14:48:46.756344 | > WORKER_WAIT (0.000s wait)
2020-01-20 14:48:46.756740 | waiting 1.00s
2020-01-20 14:48:47.759254 | > WORKER_WAIT (0.000s wait)
2020-01-20 14:48:47.759656 | waiting 1.00s
2020-01-20 14:48:48.762293 | > WORKER_WAIT (0.000s wait)
2020-01-20 14:48:48.762703 | waiting 1.00s
2020-01-20 14:48:49.765345 | > WORKER_WAIT (0.000s wait)
2020-01-20 14:48:49.765765 | waiting 1.00s
2020-01-20 14:48:50.768400 | > WORKER_WAIT (0.000s wait)
2020-01-20 14:48:50.768821 | waiting 1.00s
2020-01-20 14:48:51.771404 | > WORKER_WAIT (0.000s wait)
2020-01-20 14:48:51.771837 | waiting 1.00s
2020-01-20 14:48:52.774723 | > WORKER_WAIT (0.000s wait)
2020-01-20 14:48:52.775156 | waiting 1.00s
2020-01-20 14:48:53.778065 | > WORKER_WAIT (0.000s wait)
2020-01-20 14:48:53.778486 | waiting 1.00s
2020-01-20 14:48:54.781420 | > WORKER_WAIT (0.001s wait)
2020-01-20 14:48:54.781826 | waiting 1.00s
2020-01-20 14:48:55.784757 | > WORKER_WAIT (0.000s wait)
2020-01-20 14:48:55.785180 | waiting 1.00s
2020-01-20 14:48:56.788021 | > WORKER_WAIT (0.000s wait)
2020-01-20 14:48:56.788444 | waiting 1.00s
2020-01-20 14:48:57.791276 | > WORKER_WAIT (0.000s wait)
2020-01-20 14:48:57.791697 | waiting 1.00s
2020-01-20 14:48:58.794268 | > WORKER_WAIT (0.000s wait)
2020-01-20 14:48:58.794640 | waiting 1.00s
2020-01-20 14:48:59.797376 | > WORKER_WAIT (0.000s wait)
2020-01-20 14:48:59.797788 | waiting 1.00s
2020-01-20 14:49:00.800690 | > WORKER_WAIT (0.000s wait)
2020-01-20 14:49:00.801097 | waiting 1.00s
2020-01-20 14:49:01.803830 | > WORKER_WAIT (0.000s wait)
2020-01-20 14:49:01.804259 | waiting 1.00s
2020-01-20 14:49:02.806869 | > WORKER_WAIT (0.000s wait)
2020-01-20 14:49:02.807274 | waiting 1.00s
2020-01-20 14:49:03.809908 | > WORKER_WAIT (0.000s wait)
2020-01-20 14:49:03.810328 | waiting 1.00s
2020-01-20 14:49:04.813105 | > WORKER_WAIT (0.000s wait)
2020-01-20 14:49:04.813509 | waiting 1.00s
2020-01-20 14:49:05.816311 | > WORKER_WAIT (0.000s wait)
2020-01-20 14:49:05.816721 | waiting 1.00s
2020-01-20 14:49:06.819330 | > WORKER_WAIT (0.000s wait)
2020-01-20 14:49:06.819717 | waiting 1.00s
2020-01-20 14:49:07.822334 | > WORKER_WAIT (0.000s wait)
2020-01-20 14:49:07.822742 | waiting 1.00s
2020-01-20 14:49:08.825350 | > WORKER_WAIT (0.000s wait)
2020-01-20 14:49:08.825739 | waiting 1.00s
2020-01-20 14:49:09.828423 | > WORKER_WAIT (0.001s wait)
2020-01-20 14:49:09.828841 | waiting 1.00s
2020-01-20 14:49:10.831660 | > WORKER_WAIT (0.000s wait)
2020-01-20 14:49:10.832052 | waiting 1.00s
2020-01-20 14:49:11.834954 | > WORKER_WAIT (0.000s wait)
2020-01-20 14:49:11.835398 | waiting 1.00s
2020-01-20 14:49:12.838135 | > WORKER_WAIT (0.000s wait)
2020-01-20 14:49:12.838521 | waiting 1.00s
2020-01-20 14:49:13.841401 | > WORKER_WAIT (0.000s wait)
2020-01-20 14:49:13.841810 | waiting 1.00s
2020-01-20 14:49:16.240997 | > WORKER_WAIT (0.000s wait)
2020-01-20 14:49:16.242276 | waiting 1.00s
2020-01-20 14:49:17.247240 | > WORKER_WAIT (0.000s wait)
2020-01-20 14:49:17.247637 | waiting 1.00s
2020-01-20 14:49:18.468754 | > WORKER_WAIT (0.000s wait)
2020-01-20 14:49:18.469174 | waiting 1.00s
2020-01-20 14:49:19.476123 | > WORKER_WAIT (0.000s wait)
2020-01-20 14:49:19.476520 | waiting 1.00s
2020-01-20 14:49:21.477165 | > WORKER_WAIT (0.000s wait)
2020-01-20 14:49:21.477615 | waiting 1.00s
2020-01-20 14:49:48.042645 | > WORKER_STOP (0.000s wait)
2020-01-20 14:49:48.048179 | shutting down worker
2020-01-20 14:49:50.629789 | 
Total: 66 in 461.28s [user], 28.48s [system], 1410.95s [elapsed]
