2020-01-21 10:06:58.961049 | Master: tcp://c27a-s1:7632
2020-01-21 10:06:59.394511 | WORKER_UP to: tcp://c27a-s1:7632
2020-01-21 10:07:04.301118 | > DO_SETUP (4.874s wait)
2020-01-21 10:07:04.301566 | token from msg: set_common_data_token
2020-01-21 10:07:04.492200 | > DO_CALL (0.001s wait)
.* Option 'clustermq.scheduler' not set, defaulting to ‘SLURM’
--- see: https://mschubert.github.io/clustermq/articles/userguide.html#configuration
2020-01-21 10:07:04.867912 | eval'd: drake::cmq_buildtargetmetadepsspecht_is_subtargetconfig
2020-01-21 10:07:05.780648 | > DO_CALL (0.001s wait)
.2020-01-21 10:07:05.956520 | eval'd: drake::cmq_buildtargetmetadepsspecht_is_subtargetconfig
2020-01-21 10:07:08.750981 | > DO_CALL (0.000s wait)
.2020-01-21 10:07:08.756202 | eval'd: drake::cmq_buildtargetmetadepsspecht_is_subtargetconfig
2020-01-21 10:07:09.751326 | > DO_CALL (0.001s wait)
.2020-01-21 10:07:09.756455 | eval'd: drake::cmq_buildtargetmetadepsspecht_is_subtargetconfig
2020-01-21 10:07:10.633544 | > DO_CALL (0.001s wait)
.2020-01-21 10:07:10.638908 | eval'd: drake::cmq_buildtargetmetadepsspecht_is_subtargetconfig
2020-01-21 10:07:12.858206 | > DO_CALL (0.001s wait)
.2020-01-21 10:07:12.863749 | eval'd: drake::cmq_buildtargetmetadepsspecht_is_subtargetconfig
2020-01-21 10:07:16.975827 | > DO_CALL (0.001s wait)
.2020-01-21 10:07:16.981884 | eval'd: drake::cmq_buildtargetmetadepsspecht_is_subtargetconfig
2020-01-21 10:07:19.769358 | > DO_CALL (0.001s wait)
.2020-01-21 10:07:19.774926 | eval'd: drake::cmq_buildtargetmetadepsspecht_is_subtargetconfig
2020-01-21 10:07:20.480329 | > WORKER_WAIT (0.000s wait)
2020-01-21 10:07:20.480685 | waiting 0.75s
2020-01-21 10:07:42.311116 | > WORKER_STOP (0.001s wait)
2020-01-21 10:07:42.312086 | shutting down worker
2020-01-21 10:07:42.472443 | 
Total: 8 in 1.95s [user], 0.20s [system], 42.92s [elapsed]
