2020-08-01 13:51:08.378051 | Master: tcp://c3a-s3.ufhpc:9532
2020-08-01 13:51:08.403378 | WORKER_UP to: tcp://c3a-s3.ufhpc:9532
2020-08-01 13:51:10.780003 | > DO_SETUP (2.300s wait)
2020-08-01 13:51:10.780515 | token from msg: set_common_data_token
2020-08-01 13:51:15.296737 | > DO_CALL (1.026s wait)
* Option 'clustermq.scheduler' not set, defaulting to ‘SLURM’
--- see: https://mschubert.github.io/clustermq/articles/userguide.html#configuration
2020-08-01 13:51:18.471937 | eval'd: drake::cmq_buildtargetmetadepsspecconfig_tmpconfig
2020-08-01 13:51:20.054747 | > DO_CALL (0.250s wait)
2020-08-01 13:51:21.584743 | eval'd: drake::cmq_buildtargetmetadepsspecconfig_tmpconfig
2020-08-01 13:51:22.454990 | > DO_CALL (0.238s wait)
2020-08-01 13:51:33.795319 | eval'd: drake::cmq_buildtargetmetadepsspecconfig_tmpconfig
2020-08-01 13:51:34.772752 | > DO_CALL (0.243s wait)
2020-08-01 13:51:35.321376 | eval'd: drake::cmq_buildtargetmetadepsspecconfig_tmpconfig
2020-08-01 13:51:36.137308 | > DO_CALL (0.236s wait)
2020-08-01 13:51:38.990088 | eval'd: drake::cmq_buildtargetmetadepsspecconfig_tmpconfig
2020-08-01 13:51:40.678928 | > DO_CALL (0.232s wait)
2020-08-01 13:51:43.592703 | eval'd: drake::cmq_buildtargetmetadepsspecconfig_tmpconfig
2020-08-01 13:51:45.273895 | > DO_CALL (0.242s wait)
2020-08-01 13:51:46.693917 | eval'd: drake::cmq_buildtargetmetadepsspecconfig_tmpconfig
2020-08-01 13:51:47.864403 | > DO_CALL (0.223s wait)
2020-08-01 13:51:51.200500 | eval'd: drake::cmq_buildtargetmetadepsspecconfig_tmpconfig
2020-08-01 13:51:51.987081 | > DO_CALL (0.237s wait)
2020-08-01 13:51:58.258695 | eval'd: drake::cmq_buildtargetmetadepsspecconfig_tmpconfig
2020-08-01 13:52:01.104577 | > DO_CALL (0.233s wait)
2020-08-01 13:52:05.305759 | eval'd: drake::cmq_buildtargetmetadepsspecconfig_tmpconfig
2020-08-01 13:52:06.933302 | > DO_CALL (0.229s wait)
2020-08-01 13:52:13.549986 | eval'd: drake::cmq_buildtargetmetadepsspecconfig_tmpconfig
2020-08-01 13:52:14.891635 | > DO_CALL (0.235s wait)
2020-08-01 13:52:15.855659 | eval'd: drake::cmq_buildtargetmetadepsspecconfig_tmpconfig
2020-08-01 13:52:17.405180 | > DO_CALL (0.233s wait)
2020-08-01 13:52:24.380016 | eval'd: drake::cmq_buildtargetmetadepsspecconfig_tmpconfig
2020-08-01 13:52:26.460722 | > DO_CALL (0.243s wait)
2020-08-01 13:52:28.049070 | eval'd: drake::cmq_buildtargetmetadepsspecconfig_tmpconfig
2020-08-01 13:52:30.485601 | > DO_CALL (0.225s wait)
2020-08-01 13:52:32.990231 | eval'd: drake::cmq_buildtargetmetadepsspecconfig_tmpconfig
2020-08-01 13:52:33.778937 | > DO_CALL (0.239s wait)
2020-08-01 13:52:35.526522 | eval'd: drake::cmq_buildtargetmetadepsspecconfig_tmpconfig
2020-08-01 13:52:38.114026 | > DO_CALL (0.232s wait)
2020-08-01 13:52:40.207066 | eval'd: drake::cmq_buildtargetmetadepsspecconfig_tmpconfig
2020-08-01 13:52:42.217937 | > DO_CALL (0.223s wait)
2020-08-01 13:52:43.909186 | eval'd: drake::cmq_buildtargetmetadepsspecconfig_tmpconfig
2020-08-01 13:52:45.716199 | > DO_CALL (0.243s wait)
2020-08-01 13:52:46.267863 | eval'd: drake::cmq_buildtargetmetadepsspecconfig_tmpconfig
2020-08-01 13:52:47.462771 | > DO_CALL (0.236s wait)
2020-08-01 13:52:49.972930 | eval'd: drake::cmq_buildtargetmetadepsspecconfig_tmpconfig
2020-08-01 13:52:52.390750 | > DO_CALL (0.216s wait)
2020-08-01 13:52:55.372316 | eval'd: drake::cmq_buildtargetmetadepsspecconfig_tmpconfig
2020-08-01 13:52:57.034414 | > DO_CALL (0.236s wait)
2020-08-01 13:52:59.697528 | eval'd: drake::cmq_buildtargetmetadepsspecconfig_tmpconfig
2020-08-01 13:53:00.688561 | > DO_CALL (0.234s wait)
2020-08-01 13:53:05.290648 | eval'd: drake::cmq_buildtargetmetadepsspecconfig_tmpconfig
2020-08-01 13:53:06.763515 | > DO_CALL (0.250s wait)
2020-08-01 13:53:10.304425 | eval'd: drake::cmq_buildtargetmetadepsspecconfig_tmpconfig
2020-08-01 13:53:11.926985 | > DO_CALL (0.219s wait)
2020-08-01 13:53:15.359424 | eval'd: drake::cmq_buildtargetmetadepsspecconfig_tmpconfig
2020-08-01 13:53:17.114202 | > DO_CALL (0.236s wait)
2020-08-01 13:53:21.054186 | eval'd: drake::cmq_buildtargetmetadepsspecconfig_tmpconfig
2020-08-01 13:53:22.097423 | > DO_CALL (0.242s wait)
2020-08-01 13:53:26.361697 | eval'd: drake::cmq_buildtargetmetadepsspecconfig_tmpconfig
2020-08-01 13:53:27.740977 | > DO_CALL (0.228s wait)
2020-08-01 13:53:35.594804 | eval'd: drake::cmq_buildtargetmetadepsspecconfig_tmpconfig
2020-08-01 13:53:37.366602 | > DO_CALL (0.238s wait)
2020-08-01 13:53:56.211205 | eval'd: drake::cmq_buildtargetmetadepsspecconfig_tmpconfig
2020-08-01 13:53:57.185401 | > DO_CALL (0.226s wait)
2020-08-01 13:54:08.260117 | eval'd: drake::cmq_buildtargetmetadepsspecconfig_tmpconfig
2020-08-01 13:54:09.965434 | > DO_CALL (0.236s wait)
2020-08-01 13:54:11.624835 | eval'd: drake::cmq_buildtargetmetadepsspecconfig_tmpconfig
2020-08-01 13:54:12.358250 | > DO_CALL (0.225s wait)
2020-08-01 13:54:15.519001 | eval'd: drake::cmq_buildtargetmetadepsspecconfig_tmpconfig
2020-08-01 13:54:16.524921 | > DO_CALL (0.217s wait)
2020-08-01 13:54:19.616885 | eval'd: drake::cmq_buildtargetmetadepsspecconfig_tmpconfig
2020-08-01 13:54:21.678184 | > DO_CALL (0.224s wait)
2020-08-01 13:54:32.575733 | eval'd: drake::cmq_buildtargetmetadepsspecconfig_tmpconfig
2020-08-01 13:54:33.932352 | > DO_CALL (0.237s wait)
2020-08-01 13:54:36.504245 | eval'd: drake::cmq_buildtargetmetadepsspecconfig_tmpconfig
2020-08-01 13:54:37.427869 | > DO_CALL (0.225s wait)
2020-08-01 13:54:44.334369 | eval'd: drake::cmq_buildtargetmetadepsspecconfig_tmpconfig
2020-08-01 13:54:45.270427 | > DO_CALL (0.217s wait)
2020-08-01 13:54:46.507858 | eval'd: drake::cmq_buildtargetmetadepsspecconfig_tmpconfig
2020-08-01 13:54:47.231860 | > DO_CALL (0.219s wait)
2020-08-01 13:54:57.023305 | eval'd: drake::cmq_buildtargetmetadepsspecconfig_tmpconfig
2020-08-01 13:54:58.504258 | > DO_CALL (0.222s wait)
2020-08-01 13:55:05.366153 | eval'd: drake::cmq_buildtargetmetadepsspecconfig_tmpconfig
2020-08-01 13:55:06.317400 | > DO_CALL (0.222s wait)
2020-08-01 13:55:09.460061 | eval'd: drake::cmq_buildtargetmetadepsspecconfig_tmpconfig
2020-08-01 13:55:11.059031 | > DO_CALL (0.218s wait)
2020-08-01 13:55:13.378863 | eval'd: drake::cmq_buildtargetmetadepsspecconfig_tmpconfig
2020-08-01 13:55:14.081467 | > DO_CALL (0.223s wait)
2020-08-01 13:55:19.446801 | eval'd: drake::cmq_buildtargetmetadepsspecconfig_tmpconfig
2020-08-01 13:55:20.289942 | > DO_CALL (0.230s wait)
2020-08-01 13:55:24.925787 | eval'd: drake::cmq_buildtargetmetadepsspecconfig_tmpconfig
2020-08-01 13:55:26.178912 | > DO_CALL (0.228s wait)
2020-08-01 13:55:28.296028 | eval'd: drake::cmq_buildtargetmetadepsspecconfig_tmpconfig
2020-08-01 13:55:29.180652 | > DO_CALL (0.224s wait)
2020-08-01 13:55:32.690688 | eval'd: drake::cmq_buildtargetmetadepsspecconfig_tmpconfig
2020-08-01 13:55:33.757106 | > DO_CALL (0.231s wait)
2020-08-01 13:55:40.462521 | eval'd: drake::cmq_buildtargetmetadepsspecconfig_tmpconfig
2020-08-01 13:55:42.194370 | > DO_CALL (0.234s wait)
2020-08-01 13:55:43.908705 | eval'd: drake::cmq_buildtargetmetadepsspecconfig_tmpconfig
2020-08-01 13:55:45.910818 | > DO_CALL (0.230s wait)
2020-08-01 13:55:47.987323 | eval'd: drake::cmq_buildtargetmetadepsspecconfig_tmpconfig
2020-08-01 13:55:49.378076 | > DO_CALL (0.230s wait)
2020-08-01 13:55:51.919101 | eval'd: drake::cmq_buildtargetmetadepsspecconfig_tmpconfig
2020-08-01 13:55:52.902100 | > DO_CALL (0.218s wait)
2020-08-01 13:55:56.209786 | eval'd: drake::cmq_buildtargetmetadepsspecconfig_tmpconfig
2020-08-01 13:55:56.906382 | > DO_CALL (0.220s wait)
2020-08-01 13:56:03.076538 | eval'd: drake::cmq_buildtargetmetadepsspecconfig_tmpconfig
2020-08-01 13:56:04.503633 | > DO_CALL (0.232s wait)
2020-08-01 13:56:09.606108 | eval'd: drake::cmq_buildtargetmetadepsspecconfig_tmpconfig
2020-08-01 13:56:10.702885 | > DO_CALL (0.213s wait)
2020-08-01 13:56:17.092204 | eval'd: drake::cmq_buildtargetmetadepsspecconfig_tmpconfig
2020-08-01 13:56:17.931804 | > DO_CALL (0.203s wait)
2020-08-01 13:56:22.045181 | eval'd: drake::cmq_buildtargetmetadepsspecconfig_tmpconfig
2020-08-01 13:56:24.367853 | > DO_CALL (0.205s wait)
2020-08-01 13:56:26.995801 | eval'd: drake::cmq_buildtargetmetadepsspecconfig_tmpconfig
2020-08-01 13:56:28.075357 | > DO_CALL (0.227s wait)
2020-08-01 13:56:31.321647 | eval'd: drake::cmq_buildtargetmetadepsspecconfig_tmpconfig
2020-08-01 13:56:32.039409 | > DO_CALL (0.244s wait)
2020-08-01 13:57:08.841917 | eval'd: drake::cmq_buildtargetmetadepsspecconfig_tmpconfig
2020-08-01 13:57:10.531599 | > DO_CALL (0.202s wait)
2020-08-01 13:57:16.525977 | eval'd: drake::cmq_buildtargetmetadepsspecconfig_tmpconfig
2020-08-01 13:57:17.439961 | > DO_CALL (0.230s wait)
2020-08-01 13:57:20.253806 | eval'd: drake::cmq_buildtargetmetadepsspecconfig_tmpconfig
2020-08-01 13:57:21.644912 | > DO_CALL (0.228s wait)
2020-08-01 13:57:38.539861 | eval'd: drake::cmq_buildtargetmetadepsspecconfig_tmpconfig
2020-08-01 13:57:39.476202 | > DO_CALL (0.233s wait)
2020-08-01 13:57:41.969193 | eval'd: drake::cmq_buildtargetmetadepsspecconfig_tmpconfig
2020-08-01 13:57:42.686603 | > DO_CALL (0.226s wait)
2020-08-01 13:57:51.137043 | eval'd: drake::cmq_buildtargetmetadepsspecconfig_tmpconfig
2020-08-01 13:57:52.173471 | > DO_CALL (0.220s wait)
2020-08-01 13:58:23.798703 | eval'd: drake::cmq_buildtargetmetadepsspecconfig_tmpconfig
2020-08-01 13:58:24.887082 | > DO_CALL (0.209s wait)
2020-08-01 13:58:42.998716 | eval'd: drake::cmq_buildtargetmetadepsspecconfig_tmpconfig
2020-08-01 13:58:44.409099 | > DO_CALL (0.204s wait)
2020-08-01 13:58:44.972200 | eval'd: drake::cmq_buildtargetmetadepsspecconfig_tmpconfig
2020-08-01 13:58:45.748570 | > DO_CALL (0.201s wait)
2020-08-01 13:58:50.203017 | eval'd: drake::cmq_buildtargetmetadepsspecconfig_tmpconfig
2020-08-01 13:58:51.537051 | > DO_CALL (0.213s wait)
2020-08-01 13:58:52.101711 | eval'd: drake::cmq_buildtargetmetadepsspecconfig_tmpconfig
2020-08-01 13:58:53.567501 | > DO_CALL (0.219s wait)
2020-08-01 13:58:59.710790 | eval'd: drake::cmq_buildtargetmetadepsspecconfig_tmpconfig
2020-08-01 13:59:00.997850 | > DO_CALL (0.216s wait)
2020-08-01 13:59:02.436998 | eval'd: drake::cmq_buildtargetmetadepsspecconfig_tmpconfig
2020-08-01 13:59:03.858590 | > DO_CALL (0.205s wait)
2020-08-01 13:59:07.638566 | eval'd: drake::cmq_buildtargetmetadepsspecconfig_tmpconfig
2020-08-01 13:59:09.994510 | > DO_CALL (0.201s wait)
2020-08-01 13:59:14.785027 | eval'd: drake::cmq_buildtargetmetadepsspecconfig_tmpconfig
2020-08-01 13:59:16.826428 | > DO_CALL (0.186s wait)
2020-08-01 13:59:21.144511 | eval'd: drake::cmq_buildtargetmetadepsspecconfig_tmpconfig
2020-08-01 13:59:22.153846 | > DO_CALL (0.230s wait)
2020-08-01 13:59:38.968772 | eval'd: drake::cmq_buildtargetmetadepsspecconfig_tmpconfig
2020-08-01 13:59:40.243679 | > DO_CALL (0.231s wait)
2020-08-01 13:59:40.815292 | eval'd: drake::cmq_buildtargetmetadepsspecconfig_tmpconfig
2020-08-01 13:59:41.639929 | > DO_CALL (0.217s wait)
2020-08-01 13:59:47.059391 | eval'd: drake::cmq_buildtargetmetadepsspecconfig_tmpconfig
2020-08-01 13:59:47.905365 | > DO_CALL (0.205s wait)
2020-08-01 13:59:49.699991 | eval'd: drake::cmq_buildtargetmetadepsspecconfig_tmpconfig
2020-08-01 13:59:50.588378 | > DO_CALL (0.204s wait)
2020-08-01 13:59:58.207032 | eval'd: drake::cmq_buildtargetmetadepsspecconfig_tmpconfig
2020-08-01 13:59:59.081043 | > DO_CALL (0.225s wait)
2020-08-01 14:00:00.517522 | eval'd: drake::cmq_buildtargetmetadepsspecconfig_tmpconfig
2020-08-01 14:00:01.241368 | > DO_CALL (0.227s wait)
2020-08-01 14:00:03.412589 | eval'd: drake::cmq_buildtargetmetadepsspecconfig_tmpconfig
2020-08-01 14:00:04.273298 | > DO_CALL (0.219s wait)
2020-08-01 14:00:05.995226 | eval'd: drake::cmq_buildtargetmetadepsspecconfig_tmpconfig
2020-08-01 14:00:06.804804 | > DO_CALL (0.203s wait)
2020-08-01 14:00:07.958716 | eval'd: drake::cmq_buildtargetmetadepsspecconfig_tmpconfig
2020-08-01 14:00:09.508342 | > DO_CALL (0.221s wait)
2020-08-01 14:00:35.376917 | eval'd: drake::cmq_buildtargetmetadepsspecconfig_tmpconfig
2020-08-01 14:00:36.906597 | > DO_CALL (0.226s wait)
2020-08-01 14:00:40.926756 | eval'd: drake::cmq_buildtargetmetadepsspecconfig_tmpconfig
2020-08-01 14:00:41.859390 | > DO_CALL (0.199s wait)
2020-08-01 14:00:42.912737 | eval'd: drake::cmq_buildtargetmetadepsspecconfig_tmpconfig
2020-08-01 14:00:43.594394 | > DO_CALL (0.201s wait)
2020-08-01 14:00:53.880136 | eval'd: drake::cmq_buildtargetmetadepsspecconfig_tmpconfig
2020-08-01 14:00:54.713286 | > DO_CALL (0.208s wait)
2020-08-01 14:00:58.120185 | eval'd: drake::cmq_buildtargetmetadepsspecconfig_tmpconfig
2020-08-01 14:00:58.976661 | > DO_CALL (0.214s wait)
2020-08-01 14:01:10.682398 | eval'd: drake::cmq_buildtargetmetadepsspecconfig_tmpconfig
2020-08-01 14:01:12.473887 | > DO_CALL (0.232s wait)
2020-08-01 14:01:13.568921 | eval'd: drake::cmq_buildtargetmetadepsspecconfig_tmpconfig
2020-08-01 14:01:14.383022 | > DO_CALL (0.203s wait)
2020-08-01 14:01:16.015016 | eval'd: drake::cmq_buildtargetmetadepsspecconfig_tmpconfig
2020-08-01 14:01:16.737823 | > DO_CALL (0.202s wait)
2020-08-01 14:01:19.110428 | eval'd: drake::cmq_buildtargetmetadepsspecconfig_tmpconfig
2020-08-01 14:01:19.835171 | > DO_CALL (0.215s wait)
2020-08-01 14:01:32.112492 | eval'd: drake::cmq_buildtargetmetadepsspecconfig_tmpconfig
2020-08-01 14:01:33.427233 | > DO_CALL (0.215s wait)
2020-08-01 14:01:44.597569 | eval'd: drake::cmq_buildtargetmetadepsspecconfig_tmpconfig
2020-08-01 14:01:45.574547 | > DO_CALL (0.233s wait)
2020-08-01 14:01:51.921887 | eval'd: drake::cmq_buildtargetmetadepsspecconfig_tmpconfig
2020-08-01 14:01:52.846297 | > DO_CALL (0.235s wait)
2020-08-01 14:01:55.245015 | eval'd: drake::cmq_buildtargetmetadepsspecconfig_tmpconfig
2020-08-01 14:01:56.272254 | > DO_CALL (0.201s wait)
2020-08-01 14:02:49.219385 | eval'd: drake::cmq_buildtargetmetadepsspecconfig_tmpconfig
2020-08-01 14:02:50.281903 | > DO_CALL (0.007s wait)
2020-08-01 14:02:51.651831 | eval'd: drake::cmq_buildtargetmetadepsspecconfig_tmpconfig
2020-08-01 14:02:52.163385 | > DO_CALL (0.011s wait)
2020-08-01 14:02:53.852958 | eval'd: drake::cmq_buildtargetmetadepsspecconfig_tmpconfig
2020-08-01 14:02:54.028143 | > DO_CALL (0.007s wait)
2020-08-01 14:02:55.185252 | eval'd: drake::cmq_buildtargetmetadepsspecconfig_tmpconfig
2020-08-01 14:02:55.604779 | > DO_CALL (0.003s wait)
2020-08-01 14:02:56.596181 | eval'd: drake::cmq_buildtargetmetadepsspecconfig_tmpconfig
2020-08-01 14:02:56.816502 | > DO_CALL (0.000s wait)
2020-08-01 14:02:57.704231 | eval'd: drake::cmq_buildtargetmetadepsspecconfig_tmpconfig
2020-08-01 14:02:58.186368 | > DO_CALL (0.000s wait)
2020-08-01 14:02:59.101235 | eval'd: drake::cmq_buildtargetmetadepsspecconfig_tmpconfig
2020-08-01 14:02:59.663564 | > DO_CALL (0.020s wait)
2020-08-01 14:03:01.091617 | eval'd: drake::cmq_buildtargetmetadepsspecconfig_tmpconfig
2020-08-01 14:03:01.305553 | > DO_CALL (0.003s wait)
2020-08-01 14:03:02.433535 | eval'd: drake::cmq_buildtargetmetadepsspecconfig_tmpconfig
2020-08-01 14:03:02.664093 | > DO_CALL (0.012s wait)
2020-08-01 14:03:04.099697 | eval'd: drake::cmq_buildtargetmetadepsspecconfig_tmpconfig
2020-08-01 14:03:04.513143 | > DO_CALL (0.015s wait)
2020-08-01 14:03:05.912687 | eval'd: drake::cmq_buildtargetmetadepsspecconfig_tmpconfig
2020-08-01 14:03:06.552302 | > DO_CALL (0.021s wait)
2020-08-01 14:03:07.933271 | eval'd: drake::cmq_buildtargetmetadepsspecconfig_tmpconfig
2020-08-01 14:03:08.279514 | > DO_CALL (0.000s wait)
2020-08-01 14:03:09.196910 | eval'd: drake::cmq_buildtargetmetadepsspecconfig_tmpconfig
2020-08-01 14:03:10.338675 | > DO_CALL (0.020s wait)
2020-08-01 14:03:11.758065 | eval'd: drake::cmq_buildtargetmetadepsspecconfig_tmpconfig
2020-08-01 14:03:12.103917 | > DO_CALL (0.000s wait)
2020-08-01 14:03:13.009430 | eval'd: drake::cmq_buildtargetmetadepsspecconfig_tmpconfig
2020-08-01 14:03:13.830562 | > DO_CALL (0.000s wait)
2020-08-01 14:03:14.776447 | eval'd: drake::cmq_buildtargetmetadepsspecconfig_tmpconfig
2020-08-01 14:03:15.868587 | > DO_CALL (0.006s wait)
2020-08-01 14:03:17.140345 | eval'd: drake::cmq_buildtargetmetadepsspecconfig_tmpconfig
2020-08-01 14:03:18.039875 | > DO_CALL (0.012s wait)
2020-08-01 14:03:19.458130 | eval'd: drake::cmq_buildtargetmetadepsspecconfig_tmpconfig
2020-08-01 14:03:19.860610 | > DO_CALL (0.009s wait)
2020-08-01 14:03:21.127939 | eval'd: drake::cmq_buildtargetmetadepsspecconfig_tmpconfig
2020-08-01 14:03:21.489270 | > DO_CALL (0.000s wait)
2020-08-01 14:03:22.410861 | eval'd: drake::cmq_buildtargetmetadepsspecconfig_tmpconfig
2020-08-01 14:03:23.518562 | > DO_CALL (0.011s wait)
2020-08-01 14:03:24.946327 | eval'd: drake::cmq_buildtargetmetadepsspecconfig_tmpconfig
2020-08-01 14:03:25.710396 | > DO_CALL (0.013s wait)
2020-08-01 14:03:27.139163 | eval'd: drake::cmq_buildtargetmetadepsspecconfig_tmpconfig
2020-08-01 14:03:28.346996 | > DO_CALL (0.014s wait)
2020-08-01 14:03:29.769155 | eval'd: drake::cmq_buildtargetmetadepsspecconfig_tmpconfig
2020-08-01 14:03:30.428005 | > DO_CALL (0.011s wait)
2020-08-01 14:03:31.858306 | eval'd: drake::cmq_buildtargetmetadepsspecconfig_tmpconfig
2020-08-01 14:03:32.491387 | > DO_CALL (0.005s wait)
2020-08-01 14:03:33.906987 | eval'd: drake::cmq_buildtargetmetadepsspecconfig_tmpconfig
2020-08-01 14:03:34.321966 | > DO_CALL (0.009s wait)
2020-08-01 14:03:35.761760 | eval'd: drake::cmq_buildtargetmetadepsspecconfig_tmpconfig
2020-08-01 14:03:36.247274 | > DO_CALL (0.017s wait)
2020-08-01 14:03:37.665851 | eval'd: drake::cmq_buildtargetmetadepsspecconfig_tmpconfig
2020-08-01 14:03:38.026322 | > DO_CALL (0.011s wait)
2020-08-01 14:03:39.441035 | eval'd: drake::cmq_buildtargetmetadepsspecconfig_tmpconfig
2020-08-01 14:03:40.064867 | > DO_CALL (0.009s wait)
2020-08-01 14:03:41.465198 | eval'd: drake::cmq_buildtargetmetadepsspecconfig_tmpconfig
2020-08-01 14:03:42.257671 | > DO_CALL (0.011s wait)
2020-08-01 14:03:43.717870 | eval'd: drake::cmq_buildtargetmetadepsspecconfig_tmpconfig
2020-08-01 14:03:44.295768 | > DO_CALL (0.024s wait)
2020-08-01 14:03:45.840189 | eval'd: drake::cmq_buildtargetmetadepsspecconfig_tmpconfig
2020-08-01 14:03:46.344279 | > DO_CALL (0.000s wait)
2020-08-01 14:03:47.264967 | eval'd: drake::cmq_buildtargetmetadepsspecconfig_tmpconfig
2020-08-01 14:03:48.287458 | > WORKER_WAIT (0.000s wait)
2020-08-01 14:03:48.287871 | waiting 1.00s
2020-08-01 14:03:49.711840 | > DO_CALL (0.001s wait)
2020-08-01 14:03:50.623627 | eval'd: drake::cmq_buildtargetmetadepsspecconfig_tmpconfig
2020-08-01 14:03:51.158436 | > DO_CALL (0.000s wait)
2020-08-01 14:03:52.080583 | eval'd: drake::cmq_buildtargetmetadepsspecconfig_tmpconfig
2020-08-01 14:03:52.982545 | > DO_CALL (0.000s wait)
2020-08-01 14:03:53.918458 | eval'd: drake::cmq_buildtargetmetadepsspecconfig_tmpconfig
2020-08-01 14:03:54.978771 | > DO_CALL (0.008s wait)
2020-08-01 14:03:56.336415 | eval'd: drake::cmq_buildtargetmetadepsspecconfig_tmpconfig
2020-08-01 14:03:57.084460 | > DO_CALL (0.011s wait)
2020-08-01 14:03:58.514189 | eval'd: drake::cmq_buildtargetmetadepsspecconfig_tmpconfig
2020-08-01 14:03:59.053589 | > DO_CALL (0.000s wait)
2020-08-01 14:03:59.974210 | eval'd: drake::cmq_buildtargetmetadepsspecconfig_tmpconfig
2020-08-01 14:04:00.276859 | > DO_CALL (0.007s wait)
2020-08-01 14:04:01.612598 | eval'd: drake::cmq_buildtargetmetadepsspecconfig_tmpconfig
2020-08-01 14:04:01.991387 | > DO_CALL (0.000s wait)
2020-08-01 14:04:02.894134 | eval'd: drake::cmq_buildtargetmetadepsspecconfig_tmpconfig
2020-08-01 14:04:03.744261 | > DO_CALL (0.000s wait)
2020-08-01 14:04:04.643458 | eval'd: drake::cmq_buildtargetmetadepsspecconfig_tmpconfig
2020-08-01 14:04:05.422562 | > DO_CALL (0.000s wait)
2020-08-01 14:04:06.337696 | eval'd: drake::cmq_buildtargetmetadepsspecconfig_tmpconfig
2020-08-01 14:04:06.748582 | > DO_CALL (0.000s wait)
2020-08-01 14:04:07.668585 | eval'd: drake::cmq_buildtargetmetadepsspecconfig_tmpconfig
2020-08-01 14:04:08.437588 | > DO_CALL (0.000s wait)
2020-08-01 14:04:09.333853 | eval'd: drake::cmq_buildtargetmetadepsspecconfig_tmpconfig
2020-08-01 14:04:09.578819 | > DO_CALL (0.001s wait)
2020-08-01 14:04:10.451429 | eval'd: drake::cmq_buildtargetmetadepsspecconfig_tmpconfig
2020-08-01 14:04:11.285619 | > DO_CALL (0.002s wait)
2020-08-01 14:04:12.260526 | eval'd: drake::cmq_buildtargetmetadepsspecconfig_tmpconfig
2020-08-01 14:04:12.523757 | > DO_CALL (0.028s wait)
2020-08-01 14:04:13.957031 | eval'd: drake::cmq_buildtargetmetadepsspecconfig_tmpconfig
2020-08-01 14:04:14.090538 | > DO_CALL (0.000s wait)
2020-08-01 14:04:15.034084 | eval'd: drake::cmq_buildtargetmetadepsspecconfig_tmpconfig
2020-08-01 14:04:15.742517 | > DO_CALL (0.010s wait)
2020-08-01 14:04:17.175998 | eval'd: drake::cmq_buildtargetmetadepsspecconfig_tmpconfig
2020-08-01 14:04:17.685029 | > DO_CALL (0.011s wait)
2020-08-01 14:04:19.152351 | eval'd: drake::cmq_buildtargetmetadepsspecconfig_tmpconfig
2020-08-01 14:04:19.341978 | > DO_CALL (0.000s wait)
2020-08-01 14:04:20.263264 | eval'd: drake::cmq_buildtargetmetadepsspecconfig_tmpconfig
2020-08-01 14:04:21.126710 | > DO_CALL (0.001s wait)
2020-08-01 14:04:22.030240 | eval'd: drake::cmq_buildtargetmetadepsspecconfig_tmpconfig
2020-08-01 14:04:23.097430 | > DO_CALL (0.000s wait)
2020-08-01 14:04:24.012794 | eval'd: drake::cmq_buildtargetmetadepsspecconfig_tmpconfig
2020-08-01 14:04:25.001260 | > DO_CALL (0.000s wait)
2020-08-01 14:04:25.896912 | eval'd: drake::cmq_buildtargetmetadepsspecconfig_tmpconfig
2020-08-01 14:04:27.015825 | > DO_CALL (0.001s wait)
2020-08-01 14:04:27.922434 | eval'd: drake::cmq_buildtargetmetadepsspecconfig_tmpconfig
2020-08-01 14:04:28.774957 | > DO_CALL (0.021s wait)
2020-08-01 14:04:30.209314 | eval'd: drake::cmq_buildtargetmetadepsspecconfig_tmpconfig
2020-08-01 14:04:30.653535 | > DO_CALL (0.007s wait)
2020-08-01 14:04:31.895993 | eval'd: drake::cmq_buildtargetmetadepsspecconfig_tmpconfig
2020-08-01 14:04:32.556619 | > DO_CALL (0.019s wait)
2020-08-01 14:04:34.014168 | eval'd: drake::cmq_buildtargetmetadepsspecconfig_tmpconfig
2020-08-01 14:04:34.569924 | > DO_CALL (0.011s wait)
2020-08-01 14:04:35.994900 | eval'd: drake::cmq_buildtargetmetadepsspecconfig_tmpconfig
2020-08-01 14:04:36.118773 | > DO_CALL (0.001s wait)
2020-08-01 14:04:37.062591 | eval'd: drake::cmq_buildtargetmetadepsspecconfig_tmpconfig
2020-08-01 14:04:37.692832 | > DO_CALL (0.002s wait)
2020-08-01 14:04:38.688851 | eval'd: drake::cmq_buildtargetmetadepsspecconfig_tmpconfig
2020-08-01 14:04:39.363290 | > DO_CALL (0.010s wait)
2020-08-01 14:04:40.802582 | eval'd: drake::cmq_buildtargetmetadepsspecconfig_tmpconfig
2020-08-01 14:04:41.135304 | > DO_CALL (0.000s wait)
2020-08-01 14:04:42.055914 | eval'd: drake::cmq_buildtargetmetadepsspecconfig_tmpconfig
2020-08-01 14:04:42.425148 | > DO_CALL (0.000s wait)
2020-08-01 14:04:43.327749 | eval'd: drake::cmq_buildtargetmetadepsspecconfig_tmpconfig
2020-08-01 14:04:43.700414 | > DO_CALL (0.007s wait)
2020-08-01 14:04:45.082667 | eval'd: drake::cmq_buildtargetmetadepsspecconfig_tmpconfig
2020-08-01 14:04:45.522508 | > DO_CALL (0.015s wait)
2020-08-01 14:04:47.000787 | eval'd: drake::cmq_buildtargetmetadepsspecconfig_tmpconfig
2020-08-01 14:04:47.212091 | > DO_CALL (0.000s wait)
Joining, by = c("dat", "site", "s0", "n0")
2020-08-01 14:04:47.815850 | eval'd: drake::cmq_buildtargetmetadepsspecconfig_tmpconfig
2020-08-01 14:04:48.184560 | > DO_CALL (0.000s wait)
Joining, by = c("dat", "site", "s0", "n0")
2020-08-01 14:04:49.067556 | eval'd: drake::cmq_buildtargetmetadepsspecconfig_tmpconfig
2020-08-01 14:04:49.281513 | > DO_CALL (0.001s wait)
Joining, by = c("dat", "site", "s0", "n0")
2020-08-01 14:04:49.892158 | eval'd: drake::cmq_buildtargetmetadepsspecconfig_tmpconfig
2020-08-01 14:04:50.238545 | > DO_CALL (0.000s wait)
Joining, by = c("dat", "site", "s0", "n0")
2020-08-01 14:04:50.852807 | eval'd: drake::cmq_buildtargetmetadepsspecconfig_tmpconfig
2020-08-01 14:04:51.134568 | > DO_CALL (0.017s wait)
2020-08-01 14:04:52.567617 | eval'd: drake::cmq_buildtargetmetadepsspecconfig_tmpconfig
2020-08-01 14:04:52.866924 | > DO_CALL (0.002s wait)
Joining, by = c("dat", "site", "s0", "n0")
2020-08-01 14:04:53.458470 | eval'd: drake::cmq_buildtargetmetadepsspecconfig_tmpconfig
2020-08-01 14:04:54.031222 | > DO_CALL (0.001s wait)
Joining, by = c("dat", "site", "s0", "n0")
2020-08-01 14:04:54.634683 | eval'd: drake::cmq_buildtargetmetadepsspecconfig_tmpconfig
2020-08-01 14:04:55.142666 | > DO_CALL (0.001s wait)
Joining, by = c("dat", "site", "s0", "n0")
2020-08-01 14:04:55.741123 | eval'd: drake::cmq_buildtargetmetadepsspecconfig_tmpconfig
2020-08-01 14:04:56.406092 | > DO_CALL (0.002s wait)
Joining, by = c("dat", "site", "s0", "n0")
2020-08-01 14:04:57.003514 | eval'd: drake::cmq_buildtargetmetadepsspecconfig_tmpconfig
2020-08-01 14:04:57.737422 | > DO_CALL (0.000s wait)
Joining, by = c("dat", "site", "s0", "n0")
2020-08-01 14:04:58.351262 | eval'd: drake::cmq_buildtargetmetadepsspecconfig_tmpconfig
2020-08-01 14:04:58.606131 | > DO_CALL (0.000s wait)
Joining, by = c("dat", "site", "s0", "n0")
2020-08-01 14:04:59.216571 | eval'd: drake::cmq_buildtargetmetadepsspecconfig_tmpconfig
2020-08-01 14:04:59.693549 | > DO_CALL (0.000s wait)
Joining, by = c("dat", "site", "s0", "n0")
2020-08-01 14:05:00.308195 | eval'd: drake::cmq_buildtargetmetadepsspecconfig_tmpconfig
2020-08-01 14:05:00.743938 | > DO_CALL (0.002s wait)
Joining, by = c("dat", "site", "s0", "n0")
2020-08-01 14:05:01.357344 | eval'd: drake::cmq_buildtargetmetadepsspecconfig_tmpconfig
2020-08-01 14:05:02.024960 | > DO_CALL (0.020s wait)
2020-08-01 14:05:03.471963 | eval'd: drake::cmq_buildtargetmetadepsspecconfig_tmpconfig
2020-08-01 14:05:04.201501 | > DO_CALL (0.000s wait)
Joining, by = c("dat", "site", "s0", "n0")
2020-08-01 14:05:04.801852 | eval'd: drake::cmq_buildtargetmetadepsspecconfig_tmpconfig
2020-08-01 14:05:05.244854 | > DO_CALL (0.002s wait)
Joining, by = c("dat", "site", "s0", "n0")
2020-08-01 14:05:05.854829 | eval'd: drake::cmq_buildtargetmetadepsspecconfig_tmpconfig
2020-08-01 14:05:06.304163 | > DO_CALL (0.002s wait)
Joining, by = c("dat", "site", "s0", "n0")
2020-08-01 14:05:06.911230 | eval'd: drake::cmq_buildtargetmetadepsspecconfig_tmpconfig
2020-08-01 14:05:07.345592 | > DO_CALL (0.000s wait)
Joining, by = c("dat", "site", "s0", "n0")
2020-08-01 14:05:07.956030 | eval'd: drake::cmq_buildtargetmetadepsspecconfig_tmpconfig
2020-08-01 14:05:08.404023 | > DO_CALL (0.002s wait)
Joining, by = c("dat", "site", "s0", "n0")
2020-08-01 14:05:09.016623 | eval'd: drake::cmq_buildtargetmetadepsspecconfig_tmpconfig
2020-08-01 14:05:09.459537 | > DO_CALL (0.000s wait)
Joining, by = c("dat", "site", "s0", "n0")
2020-08-01 14:05:10.063651 | eval'd: drake::cmq_buildtargetmetadepsspecconfig_tmpconfig
2020-08-01 14:05:10.497032 | > DO_CALL (0.000s wait)
Joining, by = c("dat", "site", "s0", "n0")
2020-08-01 14:05:11.100316 | eval'd: drake::cmq_buildtargetmetadepsspecconfig_tmpconfig
2020-08-01 14:05:11.512715 | > DO_CALL (0.001s wait)
Joining, by = c("dat", "site", "s0", "n0")
2020-08-01 14:05:12.118620 | eval'd: drake::cmq_buildtargetmetadepsspecconfig_tmpconfig
2020-08-01 14:05:12.576788 | > DO_CALL (0.002s wait)
Joining, by = c("dat", "site", "s0", "n0")
2020-08-01 14:05:13.183645 | eval'd: drake::cmq_buildtargetmetadepsspecconfig_tmpconfig
2020-08-01 14:05:13.735855 | > DO_CALL (0.002s wait)
Joining, by = c("dat", "site", "s0", "n0")
2020-08-01 14:05:14.339404 | eval'd: drake::cmq_buildtargetmetadepsspecconfig_tmpconfig
2020-08-01 14:05:14.899296 | > DO_CALL (0.000s wait)
Joining, by = c("dat", "site", "s0", "n0")
2020-08-01 14:05:15.497158 | eval'd: drake::cmq_buildtargetmetadepsspecconfig_tmpconfig
2020-08-01 14:05:16.044877 | > DO_CALL (0.002s wait)
Joining, by = c("dat", "site", "s0", "n0")
2020-08-01 14:05:16.646609 | eval'd: drake::cmq_buildtargetmetadepsspecconfig_tmpconfig
2020-08-01 14:05:17.302535 | > DO_CALL (0.001s wait)
Joining, by = c("dat", "site", "s0", "n0")
2020-08-01 14:05:17.899918 | eval'd: drake::cmq_buildtargetmetadepsspecconfig_tmpconfig
2020-08-01 14:05:18.512828 | > DO_CALL (0.002s wait)
Joining, by = c("dat", "site", "s0", "n0")
2020-08-01 14:05:19.123317 | eval'd: drake::cmq_buildtargetmetadepsspecconfig_tmpconfig
2020-08-01 14:05:19.822361 | > DO_CALL (0.001s wait)
Joining, by = c("dat", "site", "s0", "n0")
2020-08-01 14:05:20.396857 | eval'd: drake::cmq_buildtargetmetadepsspecconfig_tmpconfig
2020-08-01 14:05:21.590357 | > DO_CALL (0.001s wait)
Joining, by = c("dat", "site", "s0", "n0")
2020-08-01 14:05:22.237891 | eval'd: drake::cmq_buildtargetmetadepsspecconfig_tmpconfig
2020-08-01 14:05:22.913174 | > DO_CALL (0.000s wait)
Joining, by = c("dat", "site", "s0", "n0")
2020-08-01 14:05:23.513312 | eval'd: drake::cmq_buildtargetmetadepsspecconfig_tmpconfig
2020-08-01 14:05:24.251351 | > DO_CALL (0.002s wait)
Joining, by = c("dat", "site", "s0", "n0")
2020-08-01 14:05:24.863315 | eval'd: drake::cmq_buildtargetmetadepsspecconfig_tmpconfig
2020-08-01 14:05:25.548116 | > DO_CALL (0.002s wait)
Joining, by = c("dat", "site", "s0", "n0")
2020-08-01 14:05:26.157225 | eval'd: drake::cmq_buildtargetmetadepsspecconfig_tmpconfig
2020-08-01 14:05:26.932261 | > DO_CALL (0.002s wait)
Joining, by = c("dat", "site", "s0", "n0")
2020-08-01 14:05:27.544558 | eval'd: drake::cmq_buildtargetmetadepsspecconfig_tmpconfig
2020-08-01 14:05:28.265134 | > DO_CALL (0.002s wait)
Joining, by = c("dat", "site", "s0", "n0")
2020-08-01 14:05:28.873649 | eval'd: drake::cmq_buildtargetmetadepsspecconfig_tmpconfig
2020-08-01 14:05:29.530427 | > DO_CALL (0.001s wait)
Joining, by = c("dat", "site", "s0", "n0")
2020-08-01 14:05:30.134651 | eval'd: drake::cmq_buildtargetmetadepsspecconfig_tmpconfig
2020-08-01 14:05:30.874052 | > DO_CALL (0.000s wait)
Joining, by = c("dat", "site", "s0", "n0")
2020-08-01 14:05:31.473676 | eval'd: drake::cmq_buildtargetmetadepsspecconfig_tmpconfig
2020-08-01 14:05:32.275174 | > DO_CALL (0.000s wait)
Joining, by = c("dat", "site", "s0", "n0")
2020-08-01 14:05:32.885073 | eval'd: drake::cmq_buildtargetmetadepsspecconfig_tmpconfig
2020-08-01 14:05:33.681877 | > DO_CALL (0.001s wait)
Joining, by = c("dat", "site", "s0", "n0")
2020-08-01 14:05:34.291104 | eval'd: drake::cmq_buildtargetmetadepsspecconfig_tmpconfig
2020-08-01 14:05:34.969918 | > DO_CALL (0.002s wait)
Joining, by = c("dat", "site", "s0", "n0")
2020-08-01 14:05:35.585607 | eval'd: drake::cmq_buildtargetmetadepsspecconfig_tmpconfig
2020-08-01 14:05:36.317349 | > DO_CALL (0.000s wait)
Joining, by = c("dat", "site", "s0", "n0")
2020-08-01 14:05:36.927161 | eval'd: drake::cmq_buildtargetmetadepsspecconfig_tmpconfig
2020-08-01 14:05:37.723912 | > DO_CALL (0.002s wait)
Joining, by = c("dat", "site", "s0", "n0")
2020-08-01 14:05:38.317816 | eval'd: drake::cmq_buildtargetmetadepsspecconfig_tmpconfig
2020-08-01 14:05:39.118559 | > DO_CALL (0.000s wait)
Joining, by = c("dat", "site", "s0", "n0")
2020-08-01 14:05:39.732033 | eval'd: drake::cmq_buildtargetmetadepsspecconfig_tmpconfig
2020-08-01 14:05:40.393017 | > DO_CALL (0.001s wait)
Joining, by = c("dat", "site", "s0", "n0")
2020-08-01 14:05:41.002445 | eval'd: drake::cmq_buildtargetmetadepsspecconfig_tmpconfig
2020-08-01 14:05:41.755762 | > DO_CALL (0.002s wait)
Joining, by = c("dat", "site", "s0", "n0")
2020-08-01 14:05:42.364004 | eval'd: drake::cmq_buildtargetmetadepsspecconfig_tmpconfig
2020-08-01 14:05:43.255990 | > DO_CALL (0.001s wait)
Joining, by = c("dat", "site", "s0", "n0")
2020-08-01 14:05:43.855899 | eval'd: drake::cmq_buildtargetmetadepsspecconfig_tmpconfig
2020-08-01 14:05:44.483564 | > DO_CALL (0.001s wait)
Joining, by = c("dat", "site", "s0", "n0")
2020-08-01 14:05:45.091115 | eval'd: drake::cmq_buildtargetmetadepsspecconfig_tmpconfig
2020-08-01 14:05:45.844667 | > DO_CALL (0.001s wait)
Joining, by = c("dat", "site", "s0", "n0")
2020-08-01 14:05:46.459790 | eval'd: drake::cmq_buildtargetmetadepsspecconfig_tmpconfig
2020-08-01 14:05:47.196738 | > DO_CALL (0.001s wait)
Joining, by = c("dat", "site", "s0", "n0")
2020-08-01 14:05:47.810320 | eval'd: drake::cmq_buildtargetmetadepsspecconfig_tmpconfig
2020-08-01 14:05:48.552757 | > DO_CALL (0.002s wait)
Joining, by = c("dat", "site", "s0", "n0")
2020-08-01 14:05:49.165354 | eval'd: drake::cmq_buildtargetmetadepsspecconfig_tmpconfig
2020-08-01 14:05:49.854245 | > DO_CALL (0.000s wait)
Joining, by = c("dat", "site", "s0", "n0")
2020-08-01 14:05:50.454091 | eval'd: drake::cmq_buildtargetmetadepsspecconfig_tmpconfig
2020-08-01 14:05:51.220057 | > DO_CALL (0.002s wait)
Joining, by = c("dat", "site", "s0", "n0")
2020-08-01 14:05:51.822058 | eval'd: drake::cmq_buildtargetmetadepsspecconfig_tmpconfig
2020-08-01 14:05:52.579197 | > DO_CALL (0.000s wait)
Joining, by = c("dat", "site", "s0", "n0")
2020-08-01 14:05:53.180059 | eval'd: drake::cmq_buildtargetmetadepsspecconfig_tmpconfig
2020-08-01 14:05:53.891077 | > DO_CALL (0.001s wait)
Joining, by = c("dat", "site", "s0", "n0")
2020-08-01 14:05:54.494944 | eval'd: drake::cmq_buildtargetmetadepsspecconfig_tmpconfig
2020-08-01 14:05:55.202165 | > DO_CALL (0.002s wait)
Joining, by = c("dat", "site", "s0", "n0")
2020-08-01 14:05:55.796592 | eval'd: drake::cmq_buildtargetmetadepsspecconfig_tmpconfig
2020-08-01 14:05:56.528277 | > DO_CALL (0.001s wait)
Joining, by = c("dat", "site", "s0", "n0")
2020-08-01 14:05:57.128205 | eval'd: drake::cmq_buildtargetmetadepsspecconfig_tmpconfig
2020-08-01 14:05:57.873782 | > DO_CALL (0.001s wait)
Joining, by = c("dat", "site", "s0", "n0")
2020-08-01 14:05:58.460098 | eval'd: drake::cmq_buildtargetmetadepsspecconfig_tmpconfig
2020-08-01 14:05:59.241229 | > DO_CALL (0.002s wait)
Joining, by = c("dat", "site", "s0", "n0")
2020-08-01 14:05:59.839317 | eval'd: drake::cmq_buildtargetmetadepsspecconfig_tmpconfig
2020-08-01 14:06:00.615704 | > DO_CALL (0.002s wait)
Joining, by = c("dat", "site", "s0", "n0")
2020-08-01 14:06:01.215443 | eval'd: drake::cmq_buildtargetmetadepsspecconfig_tmpconfig
2020-08-01 14:06:01.895764 | > DO_CALL (0.002s wait)
Joining, by = c("dat", "site", "s0", "n0")
2020-08-01 14:06:02.487929 | eval'd: drake::cmq_buildtargetmetadepsspecconfig_tmpconfig
2020-08-01 14:06:03.265380 | > DO_CALL (0.002s wait)
Joining, by = c("dat", "site", "s0", "n0")
2020-08-01 14:06:03.866546 | eval'd: drake::cmq_buildtargetmetadepsspecconfig_tmpconfig
2020-08-01 14:06:04.598963 | > DO_CALL (0.002s wait)
Joining, by = c("dat", "site", "s0", "n0")
2020-08-01 14:06:05.203221 | eval'd: drake::cmq_buildtargetmetadepsspecconfig_tmpconfig
2020-08-01 14:06:05.964463 | > DO_CALL (0.002s wait)
Joining, by = c("dat", "site", "s0", "n0")
2020-08-01 14:06:06.570713 | eval'd: drake::cmq_buildtargetmetadepsspecconfig_tmpconfig
2020-08-01 14:06:07.325606 | > DO_CALL (0.002s wait)
Joining, by = c("dat", "site", "s0", "n0")
2020-08-01 14:06:07.930103 | eval'd: drake::cmq_buildtargetmetadepsspecconfig_tmpconfig
2020-08-01 14:06:08.668495 | > DO_CALL (0.002s wait)
Joining, by = c("dat", "site", "s0", "n0")
2020-08-01 14:06:09.278727 | eval'd: drake::cmq_buildtargetmetadepsspecconfig_tmpconfig
2020-08-01 14:06:09.982267 | > DO_CALL (0.001s wait)
Joining, by = c("dat", "site", "s0", "n0")
2020-08-01 14:06:10.580790 | eval'd: drake::cmq_buildtargetmetadepsspecconfig_tmpconfig
2020-08-01 14:06:11.320088 | > DO_CALL (0.000s wait)
Joining, by = c("dat", "site", "s0", "n0")
2020-08-01 14:06:11.920866 | eval'd: drake::cmq_buildtargetmetadepsspecconfig_tmpconfig
2020-08-01 14:06:12.665173 | > DO_CALL (0.001s wait)
Joining, by = c("dat", "site", "s0", "n0")
2020-08-01 14:06:13.278318 | eval'd: drake::cmq_buildtargetmetadepsspecconfig_tmpconfig
2020-08-01 14:06:14.025763 | > DO_CALL (0.002s wait)
Joining, by = c("dat", "site", "s0", "n0")
2020-08-01 14:06:14.624580 | eval'd: drake::cmq_buildtargetmetadepsspecconfig_tmpconfig
2020-08-01 14:06:15.347560 | > DO_CALL (0.001s wait)
Joining, by = c("dat", "site", "s0", "n0")
2020-08-01 14:06:15.947496 | eval'd: drake::cmq_buildtargetmetadepsspecconfig_tmpconfig
2020-08-01 14:06:16.670898 | > DO_CALL (0.000s wait)
Joining, by = c("dat", "site", "s0", "n0")
2020-08-01 14:06:17.272288 | eval'd: drake::cmq_buildtargetmetadepsspecconfig_tmpconfig
2020-08-01 14:06:18.053537 | > DO_CALL (0.001s wait)
Joining, by = c("dat", "site", "s0", "n0")
2020-08-01 14:06:18.650059 | eval'd: drake::cmq_buildtargetmetadepsspecconfig_tmpconfig
2020-08-01 14:06:19.499604 | > WORKER_WAIT (0.001s wait)
2020-08-01 14:06:19.500041 | waiting 1.00s
2020-08-01 14:06:23.798722 | > WORKER_WAIT (0.001s wait)
2020-08-01 14:06:23.799061 | waiting 1.00s
2020-08-01 14:06:27.779895 | > WORKER_WAIT (0.000s wait)
2020-08-01 14:06:27.780164 | waiting 1.00s
2020-08-01 14:08:21.493665 | > WORKER_STOP (0.001s wait)
2020-08-01 14:08:21.494056 | shutting down worker
2020-08-01 14:08:21.813132 | 
Total: 232 in 720.02s [user], 9.59s [system], 1033.09s [elapsed]
Warning messages:
1: In max(skew, na.rm = T) :
  no non-missing arguments to max; returning -Inf
2: In min(skew, na.rm = T) :
  no non-missing arguments to min; returning Inf
3: In min(skew, na.rm = T) :
  no non-missing arguments to min; returning Inf
4: In max(skew, na.rm = T) :
  no non-missing arguments to max; returning -Inf
5: In min(skew, na.rm = T) :
  no non-missing arguments to min; returning Inf
6: In min(skew, na.rm = T) :
  no non-missing arguments to min; returning Inf
7: In max(skew, na.rm = T) :
  no non-missing arguments to max; returning -Inf
8: In min(skew, na.rm = T) :
  no non-missing arguments to min; returning Inf
9: In min(skew, na.rm = T) :
  no non-missing arguments to min; returning Inf
