2020-01-21 10:48:11.434704 | Master: tcp://c24a-s1:7958
2020-01-21 10:48:11.454466 | WORKER_UP to: tcp://c24a-s1:7958
2020-01-21 10:48:16.905290 | > DO_SETUP (2.875s wait)
2020-01-21 10:48:16.907236 | token from msg: set_common_data_token
2020-01-21 10:48:18.145067 | > DO_CALL (0.001s wait)
.* Option 'clustermq.scheduler' not set, defaulting to ‘SLURM’
--- see: https://mschubert.github.io/clustermq/articles/userguide.html#configuration
2020-01-21 10:48:18.323898 | eval'd: drake::cmq_buildtargetmetadepsspecht_is_subtargetconfig
2020-01-21 10:48:23.510690 | > DO_CALL (0.000s wait)
.2020-01-21 10:48:23.815038 | eval'd: drake::cmq_buildtargetmetadepsspecht_is_subtargetconfig
2020-01-21 10:48:30.820037 | > DO_CALL (0.001s wait)
.2020-01-21 10:48:30.824626 | eval'd: drake::cmq_buildtargetmetadepsspecht_is_subtargetconfig
2020-01-21 10:48:37.589102 | > DO_CALL (0.001s wait)
.2020-01-21 10:48:37.593230 | eval'd: drake::cmq_buildtargetmetadepsspecht_is_subtargetconfig
2020-01-21 10:48:43.626408 | > DO_CALL (0.000s wait)
.2020-01-21 10:48:43.630823 | eval'd: drake::cmq_buildtargetmetadepsspecht_is_subtargetconfig
2020-01-21 10:48:50.311709 | > DO_CALL (0.000s wait)
.2020-01-21 10:48:50.317273 | eval'd: drake::cmq_buildtargetmetadepsspecht_is_subtargetconfig
2020-01-21 10:48:57.781244 | > DO_CALL (0.000s wait)
.2020-01-21 10:48:57.786188 | eval'd: drake::cmq_buildtargetmetadepsspecht_is_subtargetconfig
2020-01-21 10:49:04.130270 | > DO_CALL (0.000s wait)
.2020-01-21 10:49:04.134554 | eval'd: drake::cmq_buildtargetmetadepsspecht_is_subtargetconfig
2020-01-21 10:49:11.440331 | > DO_CALL (0.000s wait)
.2020-01-21 10:49:11.445307 | eval'd: drake::cmq_buildtargetmetadepsspecht_is_subtargetconfig
2020-01-21 10:49:20.000338 | > DO_CALL (0.000s wait)
.2020-01-21 10:49:20.005450 | eval'd: drake::cmq_buildtargetmetadepsspecht_is_subtargetconfig
2020-01-21 10:49:26.354592 | > DO_CALL (0.000s wait)
.2020-01-21 10:49:26.359726 | eval'd: drake::cmq_buildtargetmetadepsspecht_is_subtargetconfig
2020-01-21 10:49:31.886891 | > DO_CALL (0.000s wait)
.2020-01-21 10:49:31.892189 | eval'd: drake::cmq_buildtargetmetadepsspecht_is_subtargetconfig
2020-01-21 10:49:38.312883 | > DO_CALL (0.000s wait)
.2020-01-21 10:49:38.318461 | eval'd: drake::cmq_buildtargetmetadepsspecht_is_subtargetconfig
2020-01-21 10:49:44.986943 | > DO_CALL (0.001s wait)
.2020-01-21 10:49:44.992082 | eval'd: drake::cmq_buildtargetmetadepsspecht_is_subtargetconfig
2020-01-21 10:49:51.422325 | > DO_CALL (0.000s wait)
.2020-01-21 10:49:51.427128 | eval'd: drake::cmq_buildtargetmetadepsspecht_is_subtargetconfig
2020-01-21 10:49:57.712143 | > DO_CALL (0.000s wait)
.2020-01-21 10:49:57.716167 | eval'd: drake::cmq_buildtargetmetadepsspecht_is_subtargetconfig
2020-01-21 10:50:03.421053 | > DO_CALL (0.001s wait)
.2020-01-21 10:50:03.425199 | eval'd: drake::cmq_buildtargetmetadepsspecht_is_subtargetconfig
2020-01-21 10:50:08.855002 | > DO_CALL (0.001s wait)
.2020-01-21 10:50:08.861266 | eval'd: drake::cmq_buildtargetmetadepsspecht_is_subtargetconfig
2020-01-21 10:50:14.268254 | > DO_CALL (0.000s wait)
.2020-01-21 10:50:14.272648 | eval'd: drake::cmq_buildtargetmetadepsspecht_is_subtargetconfig
2020-01-21 10:50:21.268038 | > DO_CALL (0.001s wait)
.2020-01-21 10:50:21.272678 | eval'd: drake::cmq_buildtargetmetadepsspecht_is_subtargetconfig
2020-01-21 10:50:26.297062 | > DO_CALL (0.001s wait)
.2020-01-21 10:50:26.301793 | eval'd: drake::cmq_buildtargetmetadepsspecht_is_subtargetconfig
2020-01-21 10:50:31.947551 | > DO_CALL (0.000s wait)
.2020-01-21 10:50:31.952453 | eval'd: drake::cmq_buildtargetmetadepsspecht_is_subtargetconfig
2020-01-21 10:50:38.454081 | > DO_CALL (0.001s wait)
.2020-01-21 10:50:38.458457 | eval'd: drake::cmq_buildtargetmetadepsspecht_is_subtargetconfig
2020-01-21 10:50:44.367039 | > DO_CALL (0.001s wait)
.2020-01-21 10:50:44.371180 | eval'd: drake::cmq_buildtargetmetadepsspecht_is_subtargetconfig
2020-01-21 10:50:49.927837 | > DO_CALL (0.000s wait)
.2020-01-21 10:50:49.933855 | eval'd: drake::cmq_buildtargetmetadepsspecht_is_subtargetconfig
2020-01-21 10:50:55.147946 | > DO_CALL (0.001s wait)
.2020-01-21 10:50:55.153631 | eval'd: drake::cmq_buildtargetmetadepsspecht_is_subtargetconfig
2020-01-21 10:51:00.102915 | > DO_CALL (0.001s wait)
.2020-01-21 10:51:00.108494 | eval'd: drake::cmq_buildtargetmetadepsspecht_is_subtargetconfig
2020-01-21 10:51:06.150936 | > DO_CALL (0.001s wait)
.2020-01-21 10:51:06.157057 | eval'd: drake::cmq_buildtargetmetadepsspecht_is_subtargetconfig
2020-01-21 10:51:11.872087 | > DO_CALL (0.001s wait)
.2020-01-21 10:51:11.877826 | eval'd: drake::cmq_buildtargetmetadepsspecht_is_subtargetconfig
2020-01-21 10:51:17.506284 | > DO_CALL (0.000s wait)
.2020-01-21 10:51:17.511264 | eval'd: drake::cmq_buildtargetmetadepsspecht_is_subtargetconfig
2020-01-21 10:51:24.225078 | > DO_CALL (0.001s wait)
.2020-01-21 10:51:24.229186 | eval'd: drake::cmq_buildtargetmetadepsspecht_is_subtargetconfig
2020-01-21 10:51:29.528960 | > DO_CALL (0.001s wait)
.2020-01-21 10:51:29.533393 | eval'd: drake::cmq_buildtargetmetadepsspecht_is_subtargetconfig
2020-01-21 10:51:34.367959 | > DO_CALL (0.001s wait)
.2020-01-21 10:51:34.374245 | eval'd: drake::cmq_buildtargetmetadepsspecht_is_subtargetconfig
2020-01-21 10:51:39.066099 | > DO_CALL (0.001s wait)
.2020-01-21 10:51:39.071313 | eval'd: drake::cmq_buildtargetmetadepsspecht_is_subtargetconfig
2020-01-21 10:51:44.125038 | > DO_CALL (0.001s wait)
.2020-01-21 10:51:44.131658 | eval'd: drake::cmq_buildtargetmetadepsspecht_is_subtargetconfig
2020-01-21 10:51:49.020031 | > DO_CALL (0.001s wait)
.2020-01-21 10:51:49.025115 | eval'd: drake::cmq_buildtargetmetadepsspecht_is_subtargetconfig
2020-01-21 10:51:54.610613 | > DO_CALL (0.000s wait)
.2020-01-21 10:51:54.616687 | eval'd: drake::cmq_buildtargetmetadepsspecht_is_subtargetconfig
2020-01-21 10:51:59.599530 | > DO_CALL (0.000s wait)
.2020-01-21 10:51:59.605643 | eval'd: drake::cmq_buildtargetmetadepsspecht_is_subtargetconfig
2020-01-21 10:52:04.548970 | > DO_CALL (0.001s wait)
.2020-01-21 10:52:04.555724 | eval'd: drake::cmq_buildtargetmetadepsspecht_is_subtargetconfig
2020-01-21 10:52:09.908292 | > DO_CALL (0.001s wait)
.2020-01-21 10:52:09.914058 | eval'd: drake::cmq_buildtargetmetadepsspecht_is_subtargetconfig
2020-01-21 10:52:14.966966 | > DO_CALL (0.001s wait)
.2020-01-21 10:52:14.973579 | eval'd: drake::cmq_buildtargetmetadepsspecht_is_subtargetconfig
2020-01-21 10:52:19.885113 | > DO_CALL (0.001s wait)
.2020-01-21 10:52:19.889866 | eval'd: drake::cmq_buildtargetmetadepsspecht_is_subtargetconfig
2020-01-21 10:52:26.519922 | > DO_CALL (0.001s wait)
.2020-01-21 10:52:26.524807 | eval'd: drake::cmq_buildtargetmetadepsspecht_is_subtargetconfig
2020-01-21 10:52:31.895957 | > DO_CALL (0.001s wait)
.2020-01-21 10:52:31.902466 | eval'd: drake::cmq_buildtargetmetadepsspecht_is_subtargetconfig
2020-01-21 10:52:37.422843 | > DO_CALL (0.000s wait)
.2020-01-21 10:52:37.429656 | eval'd: drake::cmq_buildtargetmetadepsspecht_is_subtargetconfig
2020-01-21 10:52:42.078694 | > DO_CALL (0.000s wait)
.2020-01-21 10:52:42.084406 | eval'd: drake::cmq_buildtargetmetadepsspecht_is_subtargetconfig
2020-01-21 10:52:46.675952 | > DO_CALL (0.001s wait)
.2020-01-21 10:52:46.680708 | eval'd: drake::cmq_buildtargetmetadepsspecht_is_subtargetconfig
2020-01-21 10:52:51.060154 | > DO_CALL (0.001s wait)
.2020-01-21 10:52:51.064734 | eval'd: drake::cmq_buildtargetmetadepsspecht_is_subtargetconfig
2020-01-21 10:52:56.023257 | > DO_CALL (0.001s wait)
.2020-01-21 10:52:56.028785 | eval'd: drake::cmq_buildtargetmetadepsspecht_is_subtargetconfig
2020-01-21 10:53:00.672093 | > DO_CALL (0.001s wait)
.2020-01-21 10:53:00.676799 | eval'd: drake::cmq_buildtargetmetadepsspecht_is_subtargetconfig
2020-01-21 10:53:05.230900 | > DO_CALL (0.000s wait)
.2020-01-21 10:53:05.237457 | eval'd: drake::cmq_buildtargetmetadepsspecht_is_subtargetconfig
2020-01-21 10:53:10.364909 | > DO_CALL (0.000s wait)
.2020-01-21 10:53:10.371390 | eval'd: drake::cmq_buildtargetmetadepsspecht_is_subtargetconfig
2020-01-21 10:53:14.730816 | > DO_CALL (0.000s wait)
.2020-01-21 10:53:14.736951 | eval'd: drake::cmq_buildtargetmetadepsspecht_is_subtargetconfig
2020-01-21 10:53:19.282768 | > DO_CALL (0.000s wait)
.2020-01-21 10:53:19.288750 | eval'd: drake::cmq_buildtargetmetadepsspecht_is_subtargetconfig
2020-01-21 10:53:24.517458 | > DO_CALL (0.000s wait)
.2020-01-21 10:53:24.522917 | eval'd: drake::cmq_buildtargetmetadepsspecht_is_subtargetconfig
2020-01-21 10:53:30.734071 | > DO_CALL (0.001s wait)
.
2020-01-21 10:53:30.739251 | eval'd: drake::cmq_buildtargetmetadepsspecht_is_subtargetconfig
2020-01-21 10:53:35.495888 | > DO_CALL (0.000s wait)
.2020-01-21 10:53:35.502319 | eval'd: drake::cmq_buildtargetmetadepsspecht_is_subtargetconfig
2020-01-21 10:53:39.654910 | > DO_CALL (0.001s wait)
.2020-01-21 10:53:39.659368 | eval'd: drake::cmq_buildtargetmetadepsspecht_is_subtargetconfig
2020-01-21 10:53:44.544407 | > DO_CALL (0.001s wait)
.2020-01-21 10:53:44.549733 | eval'd: drake::cmq_buildtargetmetadepsspecht_is_subtargetconfig
2020-01-21 10:53:49.030770 | > DO_CALL (0.000s wait)
.2020-01-21 10:53:49.037235 | eval'd: drake::cmq_buildtargetmetadepsspecht_is_subtargetconfig
2020-01-21 10:53:53.378922 | > DO_CALL (0.001s wait)
.2020-01-21 10:53:53.385362 | eval'd: drake::cmq_buildtargetmetadepsspecht_is_subtargetconfig
2020-01-21 10:53:57.397686 | > DO_CALL (0.000s wait)
.2020-01-21 10:53:57.404104 | eval'd: drake::cmq_buildtargetmetadepsspecht_is_subtargetconfig
2020-01-21 10:54:01.634153 | > DO_CALL (0.001s wait)
.2020-01-21 10:54:01.639088 | eval'd: drake::cmq_buildtargetmetadepsspecht_is_subtargetconfig
2020-01-21 10:54:06.405852 | > DO_CALL (0.000s wait)
.2020-01-21 10:54:06.412624 | eval'd: drake::cmq_buildtargetmetadepsspecht_is_subtargetconfig
2020-01-21 10:54:10.636872 | > DO_CALL (0.000s wait)
.2020-01-21 10:54:10.641005 | eval'd: drake::cmq_buildtargetmetadepsspecht_is_subtargetconfig
2020-01-21 10:54:15.383764 | > DO_CALL (0.000s wait)
.2020-01-21 10:54:15.387617 | eval'd: drake::cmq_buildtargetmetadepsspecht_is_subtargetconfig
2020-01-21 10:54:19.565743 | > DO_CALL (0.000s wait)
.2020-01-21 10:54:19.571839 | eval'd: drake::cmq_buildtargetmetadepsspecht_is_subtargetconfig
2020-01-21 10:54:25.020581 | > DO_CALL (0.001s wait)
.2020-01-21 10:54:25.026234 | eval'd: drake::cmq_buildtargetmetadepsspecht_is_subtargetconfig
2020-01-21 10:54:31.384020 | > DO_CALL (0.001s wait)
.2020-01-21 10:54:31.388711 | eval'd: drake::cmq_buildtargetmetadepsspecht_is_subtargetconfig
2020-01-21 10:54:35.621922 | > DO_CALL (0.001s wait)
.2020-01-21 10:54:35.626222 | eval'd: drake::cmq_buildtargetmetadepsspecht_is_subtargetconfig
2020-01-21 10:54:39.747728 | > DO_CALL (0.000s wait)
.2020-01-21 10:54:39.751742 | eval'd: drake::cmq_buildtargetmetadepsspecht_is_subtargetconfig
2020-01-21 10:54:43.958729 | > DO_CALL (0.000s wait)
.2020-01-21 10:54:43.962683 | eval'd: drake::cmq_buildtargetmetadepsspecht_is_subtargetconfig
2020-01-21 10:54:48.023749 | > DO_CALL (0.000s wait)
.2020-01-21 10:54:48.030214 | eval'd: drake::cmq_buildtargetmetadepsspecht_is_subtargetconfig
2020-01-21 10:54:51.790818 | > DO_CALL (0.000s wait)
.2020-01-21 10:54:51.796778 | eval'd: drake::cmq_buildtargetmetadepsspecht_is_subtargetconfig
2020-01-21 10:54:55.907743 | > DO_CALL (0.001s wait)
.2020-01-21 10:54:55.914100 | eval'd: drake::cmq_buildtargetmetadepsspecht_is_subtargetconfig
2020-01-21 10:55:00.186516 | > DO_CALL (0.001s wait)
.2020-01-21 10:55:00.191610 | eval'd: drake::cmq_buildtargetmetadepsspecht_is_subtargetconfig
2020-01-21 10:55:04.459544 | > DO_CALL (0.000s wait)
.2020-01-21 10:55:04.464514 | eval'd: drake::cmq_buildtargetmetadepsspecht_is_subtargetconfig
2020-01-21 10:55:08.777817 | > DO_CALL (0.000s wait)
.2020-01-21 10:55:08.782057 | eval'd: drake::cmq_buildtargetmetadepsspecht_is_subtargetconfig
2020-01-21 10:55:12.652033 | > DO_CALL (0.001s wait)
.2020-01-21 10:55:12.655952 | eval'd: drake::cmq_buildtargetmetadepsspecht_is_subtargetconfig
2020-01-21 10:55:16.582792 | > DO_CALL (0.000s wait)
.2020-01-21 10:55:16.586707 | eval'd: drake::cmq_buildtargetmetadepsspecht_is_subtargetconfig
2020-01-21 10:55:20.780997 | > DO_CALL (0.001s wait)
.2020-01-21 10:55:20.784793 | eval'd: drake::cmq_buildtargetmetadepsspecht_is_subtargetconfig
2020-01-21 10:55:24.730774 | > DO_CALL (0.000s wait)
.2020-01-21 10:55:24.736266 | eval'd: drake::cmq_buildtargetmetadepsspecht_is_subtargetconfig
2020-01-21 10:55:28.582154 | > DO_CALL (0.001s wait)
.2020-01-21 10:55:28.586289 | eval'd: drake::cmq_buildtargetmetadepsspecht_is_subtargetconfig
2020-01-21 10:55:35.540909 | > DO_CALL (0.001s wait)
.2020-01-21 10:55:35.544817 | eval'd: drake::cmq_buildtargetmetadepsspecht_is_subtargetconfig
2020-01-21 10:55:40.275545 | > DO_CALL (0.001s wait)
.2020-01-21 10:55:40.280468 | eval'd: drake::cmq_buildtargetmetadepsspecht_is_subtargetconfig
2020-01-21 10:55:44.437990 | > DO_CALL (0.001s wait)
.2020-01-21 10:55:44.441776 | eval'd: drake::cmq_buildtargetmetadepsspecht_is_subtargetconfig
2020-01-21 10:55:48.363800 | > DO_CALL (0.000s wait)
.2020-01-21 10:55:48.367828 | eval'd: drake::cmq_buildtargetmetadepsspecht_is_subtargetconfig
2020-01-21 10:55:52.415899 | > DO_CALL (0.001s wait)
.2020-01-21 10:55:52.419624 | eval'd: drake::cmq_buildtargetmetadepsspecht_is_subtargetconfig
2020-01-21 10:55:56.483830 | > DO_CALL (0.000s wait)
.2020-01-21 10:55:56.488028 | eval'd: drake::cmq_buildtargetmetadepsspecht_is_subtargetconfig
2020-01-21 10:56:00.214179 | > DO_CALL (0.001s wait)
.2020-01-21 10:56:00.218565 | eval'd: drake::cmq_buildtargetmetadepsspecht_is_subtargetconfig
2020-01-21 10:56:04.223846 | > DO_CALL (0.000s wait)
.2020-01-21 10:56:04.227838 | eval'd: drake::cmq_buildtargetmetadepsspecht_is_subtargetconfig
2020-01-21 10:56:08.388719 | > DO_CALL (0.000s wait)
.2020-01-21 10:56:08.392389 | eval'd: drake::cmq_buildtargetmetadepsspecht_is_subtargetconfig
2020-01-21 10:56:12.521705 | > DO_CALL (0.000s wait)
.2020-01-21 10:56:12.525206 | eval'd: drake::cmq_buildtargetmetadepsspecht_is_subtargetconfig
2020-01-21 10:56:16.658783 | > DO_CALL (0.000s wait)
.2020-01-21 10:56:16.662805 | eval'd: drake::cmq_buildtargetmetadepsspecht_is_subtargetconfig
2020-01-21 10:56:21.218870 | > DO_CALL (0.000s wait)
.2020-01-21 10:56:21.222493 | eval'd: drake::cmq_buildtargetmetadepsspecht_is_subtargetconfig
2020-01-21 10:56:25.261688 | > DO_CALL (0.000s wait)
.2020-01-21 10:56:25.265313 | eval'd: drake::cmq_buildtargetmetadepsspecht_is_subtargetconfig
2020-01-21 10:56:29.564955 | > DO_CALL (0.001s wait)
.2020-01-21 10:56:29.569028 | eval'd: drake::cmq_buildtargetmetadepsspecht_is_subtargetconfig
2020-01-21 10:56:35.257465 | > DO_CALL (0.001s wait)
.2020-01-21 10:56:35.262293 | eval'd: drake::cmq_buildtargetmetadepsspecht_is_subtargetconfig
2020-01-21 10:56:39.697055 | > DO_CALL (0.001s wait)
.2020-01-21 10:56:39.701470 | eval'd: drake::cmq_buildtargetmetadepsspecht_is_subtargetconfig
2020-01-21 10:56:44.554352 | > DO_CALL (0.001s wait)
.2020-01-21 10:56:44.559196 | eval'd: drake::cmq_buildtargetmetadepsspecht_is_subtargetconfig
2020-01-21 10:56:48.587960 | > DO_CALL (0.001s wait)
.2020-01-21 10:56:48.592597 | eval'd: drake::cmq_buildtargetmetadepsspecht_is_subtargetconfig
2020-01-21 10:56:52.360628 | > DO_CALL (0.000s wait)
.2020-01-21 10:56:52.365826 | eval'd: drake::cmq_buildtargetmetadepsspecht_is_subtargetconfig
2020-01-21 10:56:56.080739 | > DO_CALL (0.000s wait)
.2020-01-21 10:56:56.085018 | eval'd: drake::cmq_buildtargetmetadepsspecht_is_subtargetconfig
2020-01-21 10:57:00.541726 | > DO_CALL (0.000s wait)
.2020-01-21 10:57:00.545633 | eval'd: drake::cmq_buildtargetmetadepsspecht_is_subtargetconfig
2020-01-21 10:57:05.064581 | > DO_CALL (0.001s wait)
.2020-01-21 10:57:05.069860 | eval'd: drake::cmq_buildtargetmetadepsspecht_is_subtargetconfig
2020-01-21 10:57:09.220519 | > DO_CALL (0.001s wait)
.2020-01-21 10:57:09.225544 | eval'd: drake::cmq_buildtargetmetadepsspecht_is_subtargetconfig
2020-01-21 10:57:13.128280 | > DO_CALL (0.001s wait)
.2020-01-21 10:57:13.133070 | eval'd: drake::cmq_buildtargetmetadepsspecht_is_subtargetconfig
2020-01-21 10:57:17.214812 | > DO_CALL (0.000s wait)
.2020-01-21 10:57:17.219197 | eval'd: drake::cmq_buildtargetmetadepsspecht_is_subtargetconfig
2020-01-21 10:57:21.719082 | > DO_CALL (0.001s wait)
.2020-01-21 10:57:21.723667 | eval'd: drake::cmq_buildtargetmetadepsspecht_is_subtargetconfig
2020-01-21 10:57:25.947599 | > DO_CALL (0.001s wait)
.2020-01-21 10:57:25.953387 | eval'd: drake::cmq_buildtargetmetadepsspecht_is_subtargetconfig
2020-01-21 10:57:30.192113 | > DO_CALL (0.001s wait)
.2020-01-21 10:57:30.196590 | eval'd: drake::cmq_buildtargetmetadepsspecht_is_subtargetconfig
2020-01-21 10:57:33.986613 | > DO_CALL (0.001s wait)
.2020-01-21 10:57:33.991987 | eval'd: drake::cmq_buildtargetmetadepsspecht_is_subtargetconfig
2020-01-21 10:57:39.757974 | > DO_CALL (0.001s wait)
.2020-01-21 10:57:39.762671 | eval'd: drake::cmq_buildtargetmetadepsspecht_is_subtargetconfig
2020-01-21 10:57:43.988595 | > DO_CALL (0.001s wait)
.2020-01-21 10:57:43.993893 | eval'd: drake::cmq_buildtargetmetadepsspecht_is_subtargetconfig
2020-01-21 10:57:48.000709 | > DO_CALL (0.000s wait)
.2020-01-21 10:57:48.005040 | eval'd: drake::cmq_buildtargetmetadepsspecht_is_subtargetconfig
2020-01-21 10:57:52.217870 | > DO_CALL (0.000s wait)
.2020-01-21 10:57:52.221924 | eval'd: drake::cmq_buildtargetmetadepsspecht_is_subtargetconfig
2020-01-21 10:57:56.375775 | > DO_CALL (0.000s wait)
.2020-01-21 10:57:56.380276 | eval'd: drake::cmq_buildtargetmetadepsspecht_is_subtargetconfig
2020-01-21 10:58:01.084057 | > DO_CALL (0.001s wait)
.2020-01-21 10:58:01.088492 | eval'd: drake::cmq_buildtargetmetadepsspecht_is_subtargetconfig
2020-01-21 10:58:04.838714 | > DO_CALL (0.000s wait)
.2020-01-21 10:58:04.842718 | eval'd: drake::cmq_buildtargetmetadepsspecht_is_subtargetconfig
2020-01-21 10:58:08.994592 | > DO_CALL (0.001s wait)
.2020-01-21 10:58:09.000488 | eval'd: drake::cmq_buildtargetmetadepsspecht_is_subtargetconfig
2020-01-21 10:58:12.946834 | > DO_CALL (0.000s wait)
.2020-01-21 10:58:12.951027 | eval'd: drake::cmq_buildtargetmetadepsspecht_is_subtargetconfig
2020-01-21 10:58:16.645794 | > DO_CALL (0.000s wait)
.2020-01-21 10:58:16.650315 | eval'd: drake::cmq_buildtargetmetadepsspecht_is_subtargetconfig
2020-01-21 10:58:20.421249 | > DO_CALL (0.001s wait)
.2020-01-21 10:58:20.426026 | eval'd: drake::cmq_buildtargetmetadepsspecht_is_subtargetconfig
2020-01-21 10:58:24.083533 | > DO_CALL (0.001s wait)
.2020-01-21 10:58:24.088751 | eval'd: drake::cmq_buildtargetmetadepsspecht_is_subtargetconfig
2020-01-21 10:58:28.278357 | > DO_CALL (0.001s wait)
.2020-01-21 10:58:28.283427 | eval'd: drake::cmq_buildtargetmetadepsspecht_is_subtargetconfig
2020-01-21 10:58:31.900854 | > DO_CALL (0.000s wait)
.2020-01-21 10:58:31.905049 | eval'd: drake::cmq_buildtargetmetadepsspecht_is_subtargetconfig
2020-01-21 10:58:35.825396 | > DO_CALL (0.001s wait)
.2020-01-21 10:58:35.830325 | eval'd: drake::cmq_buildtargetmetadepsspecht_is_subtargetconfig
2020-01-21 10:58:40.377867 | > DO_CALL (0.000s wait)
.2020-01-21 10:58:40.382002 | eval'd: drake::cmq_buildtargetmetadepsspecht_is_subtargetconfig
2020-01-21 10:58:45.874700 | > DO_CALL (0.000s wait)
.2020-01-21 10:58:45.878638 | eval'd: drake::cmq_buildtargetmetadepsspecht_is_subtargetconfig
2020-01-21 10:58:49.813142 | > DO_CALL (0.001s wait)
.2020-01-21 10:58:49.817807 | eval'd: drake::cmq_buildtargetmetadepsspecht_is_subtargetconfig
2020-01-21 10:58:53.927799 | > DO_CALL (0.000s wait)
.2020-01-21 10:58:53.931886 | eval'd: drake::cmq_buildtargetmetadepsspecht_is_subtargetconfig
2020-01-21 10:58:58.773838 | > DO_CALL (0.000s wait)
.2020-01-21 10:58:58.778438 | eval'd: drake::cmq_buildtargetmetadepsspecht_is_subtargetconfig
2020-01-21 10:59:02.816741 | > DO_CALL (0.000s wait)
.2020-01-21 10:59:02.820787 | eval'd: drake::cmq_buildtargetmetadepsspecht_is_subtargetconfig
2020-01-21 10:59:06.713721 | > DO_CALL (0.000s wait)
.2020-01-21 10:59:06.718118 | eval'd: drake::cmq_buildtargetmetadepsspecht_is_subtargetconfig
2020-01-21 10:59:10.571098 | > DO_CALL (0.001s wait)
.
2020-01-21 10:59:10.575770 | eval'd: drake::cmq_buildtargetmetadepsspecht_is_subtargetconfig
2020-01-21 10:59:14.479874 | > DO_CALL (0.000s wait)
.2020-01-21 10:59:14.484153 | eval'd: drake::cmq_buildtargetmetadepsspecht_is_subtargetconfig
2020-01-21 10:59:18.432943 | > DO_CALL (0.001s wait)
.2020-01-21 10:59:18.437700 | eval'd: drake::cmq_buildtargetmetadepsspecht_is_subtargetconfig
2020-01-21 10:59:22.471465 | > DO_CALL (0.001s wait)
.2020-01-21 10:59:22.476698 | eval'd: drake::cmq_buildtargetmetadepsspecht_is_subtargetconfig
2020-01-21 10:59:26.449079 | > DO_CALL (0.001s wait)
.2020-01-21 10:59:26.454094 | eval'd: drake::cmq_buildtargetmetadepsspecht_is_subtargetconfig
2020-01-21 10:59:30.997973 | > DO_CALL (0.001s wait)
.2020-01-21 10:59:31.002587 | eval'd: drake::cmq_buildtargetmetadepsspecht_is_subtargetconfig
2020-01-21 10:59:34.785893 | > DO_CALL (0.000s wait)
.2020-01-21 10:59:34.790219 | eval'd: drake::cmq_buildtargetmetadepsspecht_is_subtargetconfig
2020-01-21 10:59:38.669064 | > DO_CALL (0.001s wait)
.2020-01-21 10:59:38.673760 | eval'd: drake::cmq_buildtargetmetadepsspecht_is_subtargetconfig
2020-01-21 10:59:42.526796 | > DO_CALL (0.000s wait)
.2020-01-21 10:59:42.531072 | eval'd: drake::cmq_buildtargetmetadepsspecht_is_subtargetconfig
2020-01-21 10:59:48.780580 | > DO_CALL (0.001s wait)
.2020-01-21 10:59:48.786554 | eval'd: drake::cmq_buildtargetmetadepsspecht_is_subtargetconfig
2020-01-21 10:59:52.498909 | > DO_CALL (0.000s wait)
.2020-01-21 10:59:52.503250 | eval'd: drake::cmq_buildtargetmetadepsspecht_is_subtargetconfig
2020-01-21 10:59:56.359858 | > DO_CALL (0.000s wait)
.2020-01-21 10:59:56.364670 | eval'd: drake::cmq_buildtargetmetadepsspecht_is_subtargetconfig
2020-01-21 11:00:00.201640 | > DO_CALL (0.001s wait)
.2020-01-21 11:00:00.207144 | eval'd: drake::cmq_buildtargetmetadepsspecht_is_subtargetconfig
2020-01-21 11:00:04.019021 | > DO_CALL (0.001s wait)
.2020-01-21 11:00:04.023532 | eval'd: drake::cmq_buildtargetmetadepsspecht_is_subtargetconfig
2020-01-21 11:00:07.606974 | > DO_CALL (0.001s wait)
.2020-01-21 11:00:07.611933 | eval'd: drake::cmq_buildtargetmetadepsspecht_is_subtargetconfig
2020-01-21 11:00:11.127018 | > DO_CALL (0.001s wait)
.2020-01-21 11:00:11.131536 | eval'd: drake::cmq_buildtargetmetadepsspecht_is_subtargetconfig
2020-01-21 11:00:14.884792 | > DO_CALL (0.000s wait)
.2020-01-21 11:00:14.889058 | eval'd: drake::cmq_buildtargetmetadepsspecht_is_subtargetconfig
2020-01-21 11:00:18.659928 | > DO_CALL (0.001s wait)
.2020-01-21 11:00:18.664379 | eval'd: drake::cmq_buildtargetmetadepsspecht_is_subtargetconfig
2020-01-21 11:00:22.578905 | > DO_CALL (0.000s wait)
.2020-01-21 11:00:22.583235 | eval'd: drake::cmq_buildtargetmetadepsspecht_is_subtargetconfig
2020-01-21 11:00:26.561324 | > DO_CALL (0.001s wait)
.2020-01-21 11:00:26.566899 | eval'd: drake::cmq_buildtargetmetadepsspecht_is_subtargetconfig
2020-01-21 11:00:31.043425 | > DO_CALL (0.001s wait)
.2020-01-21 11:00:31.048683 | eval'd: drake::cmq_buildtargetmetadepsspecht_is_subtargetconfig
2020-01-21 11:00:34.910030 | > DO_CALL (0.001s wait)
.2020-01-21 11:00:34.927721 | eval'd: drake::cmq_buildtargetmetadepsspecht_is_subtargetconfig
2020-01-21 11:00:39.025978 | > DO_CALL (0.001s wait)
.2020-01-21 11:00:39.030971 | eval'd: drake::cmq_buildtargetmetadepsspecht_is_subtargetconfig
2020-01-21 11:00:42.762645 | > DO_CALL (0.001s wait)
.2020-01-21 11:00:42.768158 | eval'd: drake::cmq_buildtargetmetadepsspecht_is_subtargetconfig
2020-01-21 11:00:48.444482 | > DO_CALL (0.001s wait)
.2020-01-21 11:00:48.450447 | eval'd: drake::cmq_buildtargetmetadepsspecht_is_subtargetconfig
2020-01-21 11:00:52.383897 | > DO_CALL (0.000s wait)
.2020-01-21 11:00:52.388413 | eval'd: drake::cmq_buildtargetmetadepsspecht_is_subtargetconfig
2020-01-21 11:00:56.492985 | > DO_CALL (0.001s wait)
.2020-01-21 11:00:56.498028 | eval'd: drake::cmq_buildtargetmetadepsspecht_is_subtargetconfig
2020-01-21 11:01:00.268899 | > DO_CALL (0.000s wait)
.2020-01-21 11:01:00.273246 | eval'd: drake::cmq_buildtargetmetadepsspecht_is_subtargetconfig
2020-01-21 11:01:04.971750 | > DO_CALL (0.000s wait)
.2020-01-21 11:01:04.975877 | eval'd: drake::cmq_buildtargetmetadepsspecht_is_subtargetconfig
2020-01-21 11:01:08.909657 | > DO_CALL (0.001s wait)
.2020-01-21 11:01:08.915211 | eval'd: drake::cmq_buildtargetmetadepsspecht_is_subtargetconfig
2020-01-21 11:01:13.070523 | > DO_CALL (0.001s wait)
.2020-01-21 11:01:13.075861 | eval'd: drake::cmq_buildtargetmetadepsspecht_is_subtargetconfig
2020-01-21 11:01:16.979537 | > DO_CALL (0.001s wait)
.2020-01-21 11:01:16.985550 | eval'd: drake::cmq_buildtargetmetadepsspecht_is_subtargetconfig
2020-01-21 11:01:20.732755 | > DO_CALL (0.000s wait)
.2020-01-21 11:01:20.736937 | eval'd: drake::cmq_buildtargetmetadepsspecht_is_subtargetconfig
2020-01-21 11:01:24.518893 | > DO_CALL (0.000s wait)
.2020-01-21 11:01:24.523232 | eval'd: drake::cmq_buildtargetmetadepsspecht_is_subtargetconfig
2020-01-21 11:01:28.192602 | > DO_CALL (0.001s wait)
.2020-01-21 11:01:28.198032 | eval'd: drake::cmq_buildtargetmetadepsspecht_is_subtargetconfig
2020-01-21 11:01:31.991759 | > DO_CALL (0.000s wait)
.2020-01-21 11:01:31.995907 | eval'd: drake::cmq_buildtargetmetadepsspecht_is_subtargetconfig
2020-01-21 11:01:36.238574 | > DO_CALL (0.001s wait)
.2020-01-21 11:01:36.244580 | eval'd: drake::cmq_buildtargetmetadepsspecht_is_subtargetconfig
2020-01-21 11:01:39.854105 | > DO_CALL (0.001s wait)
.2020-01-21 11:01:39.858810 | eval'd: drake::cmq_buildtargetmetadepsspecht_is_subtargetconfig
2020-01-21 11:01:43.488276 | > DO_CALL (0.001s wait)
.2020-01-21 11:01:43.493207 | eval'd: drake::cmq_buildtargetmetadepsspecht_is_subtargetconfig
2020-01-21 11:01:47.193882 | > DO_CALL (0.000s wait)
.2020-01-21 11:01:47.198743 | eval'd: drake::cmq_buildtargetmetadepsspecht_is_subtargetconfig
2020-01-21 11:01:52.850621 | > DO_CALL (0.001s wait)
.2020-01-21 11:01:52.856150 | eval'd: drake::cmq_buildtargetmetadepsspecht_is_subtargetconfig
2020-01-21 11:01:56.648709 | > DO_CALL (0.000s wait)
.2020-01-21 11:01:56.653396 | eval'd: drake::cmq_buildtargetmetadepsspecht_is_subtargetconfig
2020-01-21 11:02:00.661250 | > DO_CALL (0.001s wait)
.2020-01-21 11:02:00.666136 | eval'd: drake::cmq_buildtargetmetadepsspecht_is_subtargetconfig
2020-01-21 11:02:04.262956 | > DO_CALL (0.001s wait)
.2020-01-21 11:02:04.267423 | eval'd: drake::cmq_buildtargetmetadepsspecht_is_subtargetconfig
2020-01-21 11:02:07.892464 | > DO_CALL (0.001s wait)
.2020-01-21 11:02:07.897698 | eval'd: drake::cmq_buildtargetmetadepsspecht_is_subtargetconfig
2020-01-21 11:02:11.626430 | > DO_CALL (0.001s wait)
.2020-01-21 11:02:11.631855 | eval'd: drake::cmq_buildtargetmetadepsspecht_is_subtargetconfig
2020-01-21 11:02:15.551751 | > DO_CALL (0.000s wait)
.2020-01-21 11:02:15.555945 | eval'd: drake::cmq_buildtargetmetadepsspecht_is_subtargetconfig
2020-01-21 11:02:19.348194 | > DO_CALL (0.001s wait)
.2020-01-21 11:02:19.353044 | eval'd: drake::cmq_buildtargetmetadepsspecht_is_subtargetconfig
2020-01-21 11:02:23.343708 | > DO_CALL (0.001s wait)
.2020-01-21 11:02:23.349262 | eval'd: drake::cmq_buildtargetmetadepsspecht_is_subtargetconfig
2020-01-21 11:02:26.996302 | > DO_CALL (0.001s wait)
.2020-01-21 11:02:27.001963 | eval'd: drake::cmq_buildtargetmetadepsspecht_is_subtargetconfig
2020-01-21 11:02:30.585814 | > DO_CALL (0.000s wait)
.2020-01-21 11:02:30.590094 | eval'd: drake::cmq_buildtargetmetadepsspecht_is_subtargetconfig
2020-01-21 11:02:35.031273 | > DO_CALL (0.001s wait)
.2020-01-21 11:02:35.036275 | eval'd: drake::cmq_buildtargetmetadepsspecht_is_subtargetconfig
2020-01-21 11:02:39.305799 | > DO_CALL (0.000s wait)
.2020-01-21 11:02:39.310322 | eval'd: drake::cmq_buildtargetmetadepsspecht_is_subtargetconfig
2020-01-21 11:02:43.166998 | > DO_CALL (0.001s wait)
.2020-01-21 11:02:43.171540 | eval'd: drake::cmq_buildtargetmetadepsspecht_is_subtargetconfig
2020-01-21 11:02:47.043207 | > DO_CALL (0.001s wait)
.2020-01-21 11:02:47.048951 | eval'd: drake::cmq_buildtargetmetadepsspecht_is_subtargetconfig
2020-01-21 11:02:50.812667 | > DO_CALL (0.001s wait)
.2020-01-21 11:02:50.818187 | eval'd: drake::cmq_buildtargetmetadepsspecht_is_subtargetconfig
2020-01-21 11:02:56.110809 | > DO_CALL (0.000s wait)
.2020-01-21 11:02:56.115648 | eval'd: drake::cmq_buildtargetmetadepsspecht_is_subtargetconfig
2020-01-21 11:02:59.678622 | > DO_CALL (0.001s wait)
.2020-01-21 11:02:59.684212 | eval'd: drake::cmq_buildtargetmetadepsspecht_is_subtargetconfig
2020-01-21 11:03:03.311976 | > DO_CALL (0.001s wait)
.2020-01-21 11:03:03.316484 | eval'd: drake::cmq_buildtargetmetadepsspecht_is_subtargetconfig
2020-01-21 11:03:07.017113 | > DO_CALL (0.001s wait)
.2020-01-21 11:03:07.022489 | eval'd: drake::cmq_buildtargetmetadepsspecht_is_subtargetconfig
2020-01-21 11:03:10.672034 | > DO_CALL (0.001s wait)
.2020-01-21 11:03:10.677675 | eval'd: drake::cmq_buildtargetmetadepsspecht_is_subtargetconfig
2020-01-21 11:03:14.405835 | > DO_CALL (0.000s wait)
.2020-01-21 11:03:14.410142 | eval'd: drake::cmq_buildtargetmetadepsspecht_is_subtargetconfig
2020-01-21 11:03:18.737321 | > DO_CALL (0.001s wait)
.2020-01-21 11:03:18.742394 | eval'd: drake::cmq_buildtargetmetadepsspecht_is_subtargetconfig
2020-01-21 11:03:22.353456 | > DO_CALL (0.001s wait)
.2020-01-21 11:03:22.358821 | eval'd: drake::cmq_buildtargetmetadepsspecht_is_subtargetconfig
2020-01-21 11:03:25.813391 | > DO_CALL (0.001s wait)
.2020-01-21 11:03:25.818641 | eval'd: drake::cmq_buildtargetmetadepsspecht_is_subtargetconfig
2020-01-21 11:03:29.857360 | > DO_CALL (0.001s wait)
.2020-01-21 11:03:29.862591 | eval'd: drake::cmq_buildtargetmetadepsspecht_is_subtargetconfig
2020-01-21 11:03:34.288239 | > DO_CALL (0.001s wait)
.2020-01-21 11:03:34.293228 | eval'd: drake::cmq_buildtargetmetadepsspecht_is_subtargetconfig
2020-01-21 11:03:38.582895 | > DO_CALL (0.000s wait)
.2020-01-21 11:03:38.587888 | eval'd: drake::cmq_buildtargetmetadepsspecht_is_subtargetconfig
2020-01-21 11:03:43.027706 | > DO_CALL (0.000s wait)
.2020-01-21 11:03:43.031970 | eval'd: drake::cmq_buildtargetmetadepsspecht_is_subtargetconfig
2020-01-21 11:03:46.769102 | > DO_CALL (0.001s wait)
.2020-01-21 11:03:46.774416 | eval'd: drake::cmq_buildtargetmetadepsspecht_is_subtargetconfig
2020-01-21 11:03:50.415659 | > DO_CALL (0.001s wait)
.2020-01-21 11:03:50.421410 | eval'd: drake::cmq_buildtargetmetadepsspecht_is_subtargetconfig
2020-01-21 11:03:54.252235 | > DO_CALL (0.001s wait)
.2020-01-21 11:03:54.257236 | eval'd: drake::cmq_buildtargetmetadepsspecht_is_subtargetconfig
2020-01-21 11:04:00.070704 | > DO_CALL (0.000s wait)
.2020-01-21 11:04:00.074902 | eval'd: drake::cmq_buildtargetmetadepsspecht_is_subtargetconfig
2020-01-21 11:04:04.794733 | > DO_CALL (0.001s wait)
.2020-01-21 11:04:04.800467 | eval'd: drake::cmq_buildtargetmetadepsspecht_is_subtargetconfig
2020-01-21 11:04:08.489542 | > DO_CALL (0.001s wait)
.2020-01-21 11:04:08.495588 | eval'd: drake::cmq_buildtargetmetadepsspecht_is_subtargetconfig
2020-01-21 11:04:12.236679 | > DO_CALL (0.000s wait)
.2020-01-21 11:04:12.240844 | eval'd: drake::cmq_buildtargetmetadepsspecht_is_subtargetconfig
2020-01-21 11:04:16.033382 | > DO_CALL (0.001s wait)
.2020-01-21 11:04:16.038961 | eval'd: drake::cmq_buildtargetmetadepsspecht_is_subtargetconfig
2020-01-21 11:04:19.814698 | > DO_CALL (0.001s wait)
.2020-01-21 11:04:19.820475 | eval'd: drake::cmq_buildtargetmetadepsspecht_is_subtargetconfig
2020-01-21 11:04:23.576761 | > DO_CALL (0.000s wait)
.2020-01-21 11:04:23.581037 | eval'd: drake::cmq_buildtargetmetadepsspecht_is_subtargetconfig
2020-01-21 11:04:27.268789 | > DO_CALL (0.001s wait)
.
2020-01-21 11:04:27.275326 | eval'd: drake::cmq_buildtargetmetadepsspecht_is_subtargetconfig
2020-01-21 11:04:30.836117 | > DO_CALL (0.001s wait)
.2020-01-21 11:04:30.841050 | eval'd: drake::cmq_buildtargetmetadepsspecht_is_subtargetconfig
2020-01-21 11:04:34.501039 | > DO_CALL (0.001s wait)
.2020-01-21 11:04:34.505727 | eval'd: drake::cmq_buildtargetmetadepsspecht_is_subtargetconfig
2020-01-21 11:04:38.293758 | > DO_CALL (0.000s wait)
.2020-01-21 11:04:38.298472 | eval'd: drake::cmq_buildtargetmetadepsspecht_is_subtargetconfig
2020-01-21 11:04:42.211577 | > DO_CALL (0.001s wait)
.2020-01-21 11:04:42.217094 | eval'd: drake::cmq_buildtargetmetadepsspecht_is_subtargetconfig
2020-01-21 11:04:46.517532 | > DO_CALL (0.001s wait)
.2020-01-21 11:04:46.523510 | eval'd: drake::cmq_buildtargetmetadepsspecht_is_subtargetconfig
2020-01-21 11:04:50.202267 | > DO_CALL (0.001s wait)
.2020-01-21 11:04:50.207400 | eval'd: drake::cmq_buildtargetmetadepsspecht_is_subtargetconfig
2020-01-21 11:04:54.107614 | > DO_CALL (0.001s wait)
.2020-01-21 11:04:54.113300 | eval'd: drake::cmq_buildtargetmetadepsspecht_is_subtargetconfig
2020-01-21 11:04:57.707819 | > DO_CALL (0.000s wait)
.2020-01-21 11:04:57.712244 | eval'd: drake::cmq_buildtargetmetadepsspecht_is_subtargetconfig
2020-01-21 11:05:03.358168 | > DO_CALL (0.001s wait)
.2020-01-21 11:05:03.363139 | eval'd: drake::cmq_buildtargetmetadepsspecht_is_subtargetconfig
2020-01-21 11:05:06.889530 | > DO_CALL (0.001s wait)
.2020-01-21 11:05:06.895673 | eval'd: drake::cmq_buildtargetmetadepsspecht_is_subtargetconfig
2020-01-21 11:05:10.658047 | > DO_CALL (0.001s wait)
.2020-01-21 11:05:10.662812 | eval'd: drake::cmq_buildtargetmetadepsspecht_is_subtargetconfig
2020-01-21 11:05:14.367645 | > DO_CALL (0.001s wait)
.2020-01-21 11:05:14.373343 | eval'd: drake::cmq_buildtargetmetadepsspecht_is_subtargetconfig
2020-01-21 11:05:18.761688 | > DO_CALL (0.000s wait)
.2020-01-21 11:05:18.765903 | eval'd: drake::cmq_buildtargetmetadepsspecht_is_subtargetconfig
2020-01-21 11:05:22.338745 | > DO_CALL (0.000s wait)
.2020-01-21 11:05:22.343317 | eval'd: drake::cmq_buildtargetmetadepsspecht_is_subtargetconfig
2020-01-21 11:05:25.984728 | > DO_CALL (0.001s wait)
.2020-01-21 11:05:25.993222 | eval'd: drake::cmq_buildtargetmetadepsspecht_is_subtargetconfig
2020-01-21 11:05:29.665505 | > DO_CALL (0.001s wait)
.2020-01-21 11:05:29.683788 | eval'd: drake::cmq_buildtargetmetadepsspecht_is_subtargetconfig
2020-01-21 11:05:33.529937 | > DO_CALL (0.001s wait)
.2020-01-21 11:05:33.534434 | eval'd: drake::cmq_buildtargetmetadepsspecht_is_subtargetconfig
2020-01-21 11:05:37.118368 | > DO_CALL (0.001s wait)
.2020-01-21 11:05:37.124500 | eval'd: drake::cmq_buildtargetmetadepsspecht_is_subtargetconfig
2020-01-21 11:05:40.880257 | > DO_CALL (0.001s wait)
.2020-01-21 11:05:40.885320 | eval'd: drake::cmq_buildtargetmetadepsspecht_is_subtargetconfig
2020-01-21 11:05:44.644115 | > DO_CALL (0.001s wait)
.2020-01-21 11:05:44.648825 | eval'd: drake::cmq_buildtargetmetadepsspecht_is_subtargetconfig
2020-01-21 11:05:49.028785 | > DO_CALL (0.000s wait)
.2020-01-21 11:05:49.033082 | eval'd: drake::cmq_buildtargetmetadepsspecht_is_subtargetconfig
2020-01-21 11:05:52.800436 | > DO_CALL (0.001s wait)
.2020-01-21 11:05:52.805794 | eval'd: drake::cmq_buildtargetmetadepsspecht_is_subtargetconfig
2020-01-21 11:05:56.210445 | > DO_CALL (0.001s wait)
.2020-01-21 11:05:56.216490 | eval'd: drake::cmq_buildtargetmetadepsspecht_is_subtargetconfig
2020-01-21 11:05:59.752106 | > DO_CALL (0.001s wait)
.2020-01-21 11:05:59.756920 | eval'd: drake::cmq_buildtargetmetadepsspecht_is_subtargetconfig
2020-01-21 11:06:04.570468 | > DO_CALL (0.001s wait)
.2020-01-21 11:06:04.575888 | eval'd: drake::cmq_buildtargetmetadepsspecht_is_subtargetconfig
2020-01-21 11:06:08.183723 | > DO_CALL (0.000s wait)
.2020-01-21 11:06:08.188491 | eval'd: drake::cmq_buildtargetmetadepsspecht_is_subtargetconfig
2020-01-21 11:06:11.696484 | > DO_CALL (0.001s wait)
.2020-01-21 11:06:11.701795 | eval'd: drake::cmq_buildtargetmetadepsspecht_is_subtargetconfig
2020-01-21 11:06:15.556321 | > DO_CALL (0.001s wait)
.2020-01-21 11:06:15.561444 | eval'd: drake::cmq_buildtargetmetadepsspecht_is_subtargetconfig
2020-01-21 11:06:20.016210 | > DO_CALL (0.001s wait)
.2020-01-21 11:06:20.021456 | eval'd: drake::cmq_buildtargetmetadepsspecht_is_subtargetconfig
2020-01-21 11:06:23.377535 | > DO_CALL (0.001s wait)
.2020-01-21 11:06:23.383095 | eval'd: drake::cmq_buildtargetmetadepsspecht_is_subtargetconfig
2020-01-21 11:06:27.016123 | > DO_CALL (0.001s wait)
.2020-01-21 11:06:27.021500 | eval'd: drake::cmq_buildtargetmetadepsspecht_is_subtargetconfig
2020-01-21 11:06:30.561221 | > DO_CALL (0.001s wait)
.2020-01-21 11:06:30.566405 | eval'd: drake::cmq_buildtargetmetadepsspecht_is_subtargetconfig
2020-01-21 11:06:34.316408 | > DO_CALL (0.001s wait)
.2020-01-21 11:06:34.321943 | eval'd: drake::cmq_buildtargetmetadepsspecht_is_subtargetconfig
2020-01-21 11:06:37.900298 | > DO_CALL (0.001s wait)
.2020-01-21 11:06:37.906138 | eval'd: drake::cmq_buildtargetmetadepsspecht_is_subtargetconfig
2020-01-21 11:06:41.517622 | > DO_CALL (0.000s wait)
.2020-01-21 11:06:41.521788 | eval'd: drake::cmq_buildtargetmetadepsspecht_is_subtargetconfig
2020-01-21 11:06:45.101371 | > DO_CALL (0.001s wait)
.2020-01-21 11:06:45.106643 | eval'd: drake::cmq_buildtargetmetadepsspecht_is_subtargetconfig
2020-01-21 11:06:49.300786 | > DO_CALL (0.000s wait)
.2020-01-21 11:06:49.305076 | eval'd: drake::cmq_buildtargetmetadepsspecht_is_subtargetconfig
2020-01-21 11:06:53.032746 | > DO_CALL (0.000s wait)
.2020-01-21 11:06:53.037007 | eval'd: drake::cmq_buildtargetmetadepsspecht_is_subtargetconfig
2020-01-21 11:06:56.637433 | > DO_CALL (0.001s wait)
.2020-01-21 11:06:56.643201 | eval'd: drake::cmq_buildtargetmetadepsspecht_is_subtargetconfig
2020-01-21 11:07:00.529891 | > DO_CALL (0.000s wait)
.2020-01-21 11:07:00.534327 | eval'd: drake::cmq_buildtargetmetadepsspecht_is_subtargetconfig
2020-01-21 11:07:05.952838 | > DO_CALL (0.000s wait)
.2020-01-21 11:07:05.957688 | eval'd: drake::cmq_buildtargetmetadepsspecht_is_subtargetconfig
2020-01-21 11:07:09.828153 | > DO_CALL (0.001s wait)
.2020-01-21 11:07:09.833034 | eval'd: drake::cmq_buildtargetmetadepsspecht_is_subtargetconfig
2020-01-21 11:07:13.169588 | > DO_CALL (0.001s wait)
.2020-01-21 11:07:13.175348 | eval'd: drake::cmq_buildtargetmetadepsspecht_is_subtargetconfig
2020-01-21 11:07:16.631336 | > DO_CALL (0.001s wait)
.2020-01-21 11:07:16.637424 | eval'd: drake::cmq_buildtargetmetadepsspecht_is_subtargetconfig
2020-01-21 11:07:20.188034 | > DO_CALL (0.001s wait)
.2020-01-21 11:07:20.192759 | eval'd: drake::cmq_buildtargetmetadepsspecht_is_subtargetconfig
2020-01-21 11:07:23.609639 | > DO_CALL (0.000s wait)
.2020-01-21 11:07:23.614142 | eval'd: drake::cmq_buildtargetmetadepsspecht_is_subtargetconfig
2020-01-21 11:07:27.899355 | > DO_CALL (0.001s wait)
.2020-01-21 11:07:27.905140 | eval'd: drake::cmq_buildtargetmetadepsspecht_is_subtargetconfig
2020-01-21 11:07:31.504599 | > DO_CALL (0.000s wait)
.2020-01-21 11:07:31.508785 | eval'd: drake::cmq_buildtargetmetadepsspecht_is_subtargetconfig
2020-01-21 11:07:34.972700 | > DO_CALL (0.000s wait)
.2020-01-21 11:07:34.976957 | eval'd: drake::cmq_buildtargetmetadepsspecht_is_subtargetconfig
2020-01-21 11:07:38.511805 | > DO_CALL (0.000s wait)
.2020-01-21 11:07:38.516311 | eval'd: drake::cmq_buildtargetmetadepsspecht_is_subtargetconfig
2020-01-21 11:07:42.177997 | > DO_CALL (0.001s wait)
.2020-01-21 11:07:42.182996 | eval'd: drake::cmq_buildtargetmetadepsspecht_is_subtargetconfig
2020-01-21 11:07:45.843525 | > DO_CALL (0.001s wait)
.2020-01-21 11:07:45.849353 | eval'd: drake::cmq_buildtargetmetadepsspecht_is_subtargetconfig
2020-01-21 11:07:49.519325 | > DO_CALL (0.001s wait)
.2020-01-21 11:07:49.524625 | eval'd: drake::cmq_buildtargetmetadepsspecht_is_subtargetconfig
2020-01-21 11:07:53.605710 | > DO_CALL (0.000s wait)
.2020-01-21 11:07:53.610044 | eval'd: drake::cmq_buildtargetmetadepsspecht_is_subtargetconfig
2020-01-21 11:07:57.971811 | > DO_CALL (0.000s wait)
.2020-01-21 11:07:57.976933 | eval'd: drake::cmq_buildtargetmetadepsspecht_is_subtargetconfig
2020-01-21 11:08:01.444936 | > DO_CALL (0.001s wait)
.2020-01-21 11:08:01.449545 | eval'd: drake::cmq_buildtargetmetadepsspecht_is_subtargetconfig
2020-01-21 11:08:05.128407 | > DO_CALL (0.001s wait)
.2020-01-21 11:08:05.133975 | eval'd: drake::cmq_buildtargetmetadepsspecht_is_subtargetconfig
2020-01-21 11:08:10.637986 | > DO_CALL (0.001s wait)
.2020-01-21 11:08:10.642983 | eval'd: drake::cmq_buildtargetmetadepsspecht_is_subtargetconfig
2020-01-21 11:08:14.220657 | > DO_CALL (0.000s wait)
.2020-01-21 11:08:14.225006 | eval'd: drake::cmq_buildtargetmetadepsspecht_is_subtargetconfig
2020-01-21 11:08:17.602537 | > DO_CALL (0.001s wait)
.2020-01-21 11:08:17.608329 | eval'd: drake::cmq_buildtargetmetadepsspecht_is_subtargetconfig
2020-01-21 11:08:21.179405 | > DO_CALL (0.001s wait)
.2020-01-21 11:08:21.184854 | eval'd: drake::cmq_buildtargetmetadepsspecht_is_subtargetconfig
2020-01-21 11:08:24.774955 | > DO_CALL (0.001s wait)
.2020-01-21 11:08:24.779767 | eval'd: drake::cmq_buildtargetmetadepsspecht_is_subtargetconfig
2020-01-21 11:08:28.267418 | > DO_CALL (0.001s wait)
.2020-01-21 11:08:28.273725 | eval'd: drake::cmq_buildtargetmetadepsspecht_is_subtargetconfig
2020-01-21 11:08:31.787384 | > DO_CALL (0.001s wait)
.2020-01-21 11:08:31.792900 | eval'd: drake::cmq_buildtargetmetadepsspecht_is_subtargetconfig
2020-01-21 11:08:36.395527 | > DO_CALL (0.000s wait)
.2020-01-21 11:08:36.400173 | eval'd: drake::cmq_buildtargetmetadepsspecht_is_subtargetconfig
2020-01-21 11:08:39.940747 | > DO_CALL (0.000s wait)
.2020-01-21 11:08:39.945208 | eval'd: drake::cmq_buildtargetmetadepsspecht_is_subtargetconfig
2020-01-21 11:08:43.650851 | > DO_CALL (0.000s wait)
.2020-01-21 11:08:43.655336 | eval'd: drake::cmq_buildtargetmetadepsspecht_is_subtargetconfig
2020-01-21 11:08:47.330609 | > DO_CALL (0.000s wait)
.2020-01-21 11:08:47.335487 | eval'd: drake::cmq_buildtargetmetadepsspecht_is_subtargetconfig
2020-01-21 11:08:50.828297 | > DO_CALL (0.001s wait)
.2020-01-21 11:08:50.833852 | eval'd: drake::cmq_buildtargetmetadepsspecht_is_subtargetconfig
2020-01-21 11:08:54.721834 | > DO_CALL (0.000s wait)
.2020-01-21 11:08:54.726708 | eval'd: drake::cmq_buildtargetmetadepsspecht_is_subtargetconfig
2020-01-21 11:08:58.438712 | > DO_CALL (0.000s wait)
.2020-01-21 11:08:58.457839 | eval'd: drake::cmq_buildtargetmetadepsspecht_is_subtargetconfig
2020-01-21 11:09:02.181780 | > DO_CALL (0.000s wait)
.2020-01-21 11:09:02.186348 | eval'd: drake::cmq_buildtargetmetadepsspecht_is_subtargetconfig
2020-01-21 11:09:05.981722 | > DO_CALL (0.000s wait)
.2020-01-21 11:09:05.986496 | eval'd: drake::cmq_buildtargetmetadepsspecht_is_subtargetconfig
2020-01-21 11:09:10.149330 | > DO_CALL (0.001s wait)
.2020-01-21 11:09:10.154740 | eval'd: drake::cmq_buildtargetmetadepsspecht_is_subtargetconfig
2020-01-21 11:09:15.176441 | > DO_CALL (0.001s wait)
.2020-01-21 11:09:15.182284 | eval'd: drake::cmq_buildtargetmetadepsspecht_is_subtargetconfig
2020-01-21 11:09:18.553760 | > DO_CALL (0.000s wait)
.2020-01-21 11:09:18.558259 | eval'd: drake::cmq_buildtargetmetadepsspecht_is_subtargetconfig
2020-01-21 11:09:22.014769 | > DO_CALL (0.000s wait)
.2020-01-21 11:09:22.019347 | eval'd: drake::cmq_buildtargetmetadepsspecht_is_subtargetconfig
2020-01-21 11:09:25.534286 | > DO_CALL (0.001s wait)
.2020-01-21 11:09:25.539569 | eval'd: drake::cmq_buildtargetmetadepsspecht_is_subtargetconfig
2020-01-21 11:09:29.194942 | > DO_CALL (0.001s wait)
.
2020-01-21 11:09:29.199284 | eval'd: drake::cmq_buildtargetmetadepsspecht_is_subtargetconfig
2020-01-21 11:09:32.950610 | > DO_CALL (0.001s wait)
.2020-01-21 11:09:32.956160 | eval'd: drake::cmq_buildtargetmetadepsspecht_is_subtargetconfig
2020-01-21 11:09:36.729758 | > DO_CALL (0.000s wait)
.2020-01-21 11:09:36.734645 | eval'd: drake::cmq_buildtargetmetadepsspecht_is_subtargetconfig
2020-01-21 11:09:41.130893 | > DO_CALL (0.000s wait)
.2020-01-21 11:09:41.136590 | eval'd: drake::cmq_buildtargetmetadepsspecht_is_subtargetconfig
2020-01-21 11:09:44.918989 | > DO_CALL (0.001s wait)
.2020-01-21 11:09:44.923824 | eval'd: drake::cmq_buildtargetmetadepsspecht_is_subtargetconfig
2020-01-21 11:09:48.490636 | > DO_CALL (0.000s wait)
.2020-01-21 11:09:48.495570 | eval'd: drake::cmq_buildtargetmetadepsspecht_is_subtargetconfig
2020-01-21 11:09:51.944646 | > DO_CALL (0.001s wait)
.2020-01-21 11:09:51.950822 | eval'd: drake::cmq_buildtargetmetadepsspecht_is_subtargetconfig
2020-01-21 11:09:55.497713 | > DO_CALL (0.001s wait)
.2020-01-21 11:09:55.503868 | eval'd: drake::cmq_buildtargetmetadepsspecht_is_subtargetconfig
2020-01-21 11:09:59.525676 | > DO_CALL (0.000s wait)
.2020-01-21 11:09:59.530309 | eval'd: drake::cmq_buildtargetmetadepsspecht_is_subtargetconfig
2020-01-21 11:10:02.973667 | > DO_CALL (0.001s wait)
.2020-01-21 11:10:02.979590 | eval'd: drake::cmq_buildtargetmetadepsspecht_is_subtargetconfig
2020-01-21 11:10:06.420845 | > DO_CALL (0.000s wait)
.2020-01-21 11:10:06.440817 | eval'd: drake::cmq_buildtargetmetadepsspecht_is_subtargetconfig
2020-01-21 11:10:09.967394 | > DO_CALL (0.001s wait)
.2020-01-21 11:10:09.977166 | eval'd: drake::cmq_buildtargetmetadepsspecht_is_subtargetconfig
2020-01-21 11:10:15.273768 | > DO_CALL (0.000s wait)
.2020-01-21 11:10:15.278635 | eval'd: drake::cmq_buildtargetmetadepsspecht_is_subtargetconfig
2020-01-21 11:10:18.776508 | > DO_CALL (0.001s wait)
.2020-01-21 11:10:18.783101 | eval'd: drake::cmq_buildtargetmetadepsspecht_is_subtargetconfig
2020-01-21 11:10:22.311964 | > DO_CALL (0.001s wait)
.2020-01-21 11:10:22.317457 | eval'd: drake::cmq_buildtargetmetadepsspecht_is_subtargetconfig
2020-01-21 11:10:25.842633 | > DO_CALL (0.000s wait)
.2020-01-21 11:10:25.847595 | eval'd: drake::cmq_buildtargetmetadepsspecht_is_subtargetconfig
2020-01-21 11:10:29.360854 | > DO_CALL (0.000s wait)
.2020-01-21 11:10:29.366054 | eval'd: drake::cmq_buildtargetmetadepsspecht_is_subtargetconfig
2020-01-21 11:10:32.906570 | > DO_CALL (0.000s wait)
.2020-01-21 11:10:32.911271 | eval'd: drake::cmq_buildtargetmetadepsspecht_is_subtargetconfig
2020-01-21 11:10:36.533085 | > DO_CALL (0.001s wait)
.2020-01-21 11:10:36.539087 | eval'd: drake::cmq_buildtargetmetadepsspecht_is_subtargetconfig
2020-01-21 11:10:40.245657 | > DO_CALL (0.000s wait)
.2020-01-21 11:10:40.250860 | eval'd: drake::cmq_buildtargetmetadepsspecht_is_subtargetconfig
2020-01-21 11:10:43.742522 | > DO_CALL (0.000s wait)
.2020-01-21 11:10:43.747190 | eval'd: drake::cmq_buildtargetmetadepsspecht_is_subtargetconfig
2020-01-21 11:10:47.359569 | > DO_CALL (0.001s wait)
.2020-01-21 11:10:47.366325 | eval'd: drake::cmq_buildtargetmetadepsspecht_is_subtargetconfig
2020-01-21 11:10:50.765622 | > DO_CALL (0.000s wait)
.2020-01-21 11:10:50.770214 | eval'd: drake::cmq_buildtargetmetadepsspecht_is_subtargetconfig
2020-01-21 11:10:54.331679 | > DO_CALL (0.000s wait)
.2020-01-21 11:10:54.336466 | eval'd: drake::cmq_buildtargetmetadepsspecht_is_subtargetconfig
2020-01-21 11:10:58.884820 | > DO_CALL (0.000s wait)
.2020-01-21 11:10:58.889767 | eval'd: drake::cmq_buildtargetmetadepsspecht_is_subtargetconfig
2020-01-21 11:11:03.057373 | > DO_CALL (0.001s wait)
.2020-01-21 11:11:03.063218 | eval'd: drake::cmq_buildtargetmetadepsspecht_is_subtargetconfig
2020-01-21 11:11:06.778622 | > DO_CALL (0.000s wait)
.2020-01-21 11:11:06.783651 | eval'd: drake::cmq_buildtargetmetadepsspecht_is_subtargetconfig
2020-01-21 11:11:10.255211 | > DO_CALL (0.001s wait)
.2020-01-21 11:11:10.261117 | eval'd: drake::cmq_buildtargetmetadepsspecht_is_subtargetconfig
2020-01-21 11:11:13.954733 | > DO_CALL (0.000s wait)
.2020-01-21 11:11:13.959741 | eval'd: drake::cmq_buildtargetmetadepsspecht_is_subtargetconfig
2020-01-21 11:11:19.454531 | > DO_CALL (0.000s wait)
.2020-01-21 11:11:19.459515 | eval'd: drake::cmq_buildtargetmetadepsspecht_is_subtargetconfig
2020-01-21 11:11:23.031641 | > DO_CALL (0.000s wait)
.2020-01-21 11:11:23.036189 | eval'd: drake::cmq_buildtargetmetadepsspecht_is_subtargetconfig
2020-01-21 11:11:26.548805 | > DO_CALL (0.000s wait)
.2020-01-21 11:11:26.554398 | eval'd: drake::cmq_buildtargetmetadepsspecht_is_subtargetconfig
2020-01-21 11:11:30.023522 | > DO_CALL (0.001s wait)
.2020-01-21 11:11:30.029783 | eval'd: drake::cmq_buildtargetmetadepsspecht_is_subtargetconfig
2020-01-21 11:11:33.709924 | > DO_CALL (0.001s wait)
.2020-01-21 11:11:33.715373 | eval'd: drake::cmq_buildtargetmetadepsspecht_is_subtargetconfig
2020-01-21 11:11:37.470776 | > DO_CALL (0.000s wait)
.2020-01-21 11:11:37.476186 | eval'd: drake::cmq_buildtargetmetadepsspecht_is_subtargetconfig
2020-01-21 11:11:41.177947 | > DO_CALL (0.001s wait)
.2020-01-21 11:11:41.183161 | eval'd: drake::cmq_buildtargetmetadepsspecht_is_subtargetconfig
2020-01-21 11:11:44.841630 | > DO_CALL (0.001s wait)
.2020-01-21 11:11:44.848275 | eval'd: drake::cmq_buildtargetmetadepsspecht_is_subtargetconfig
2020-01-21 11:11:48.421137 | > DO_CALL (0.001s wait)
.2020-01-21 11:11:48.427137 | eval'd: drake::cmq_buildtargetmetadepsspecht_is_subtargetconfig
2020-01-21 11:11:51.880347 | > DO_CALL (0.001s wait)
.2020-01-21 11:11:51.886371 | eval'd: drake::cmq_buildtargetmetadepsspecht_is_subtargetconfig
2020-01-21 11:11:56.267863 | > DO_CALL (0.000s wait)
.2020-01-21 11:11:56.273463 | eval'd: drake::cmq_buildtargetmetadepsspecht_is_subtargetconfig
2020-01-21 11:11:59.790475 | > DO_CALL (0.001s wait)
.2020-01-21 11:11:59.796732 | eval'd: drake::cmq_buildtargetmetadepsspecht_is_subtargetconfig
2020-01-21 11:12:03.922596 | > DO_CALL (0.001s wait)
.2020-01-21 11:12:03.928813 | eval'd: drake::cmq_buildtargetmetadepsspecht_is_subtargetconfig
2020-01-21 11:12:07.422497 | > DO_CALL (0.001s wait)
.2020-01-21 11:12:07.429453 | eval'd: drake::cmq_buildtargetmetadepsspecht_is_subtargetconfig
2020-01-21 11:12:10.854761 | > DO_CALL (0.000s wait)
.2020-01-21 11:12:10.859723 | eval'd: drake::cmq_buildtargetmetadepsspecht_is_subtargetconfig
2020-01-21 11:12:14.286005 | > DO_CALL (0.001s wait)
.2020-01-21 11:12:14.291305 | eval'd: drake::cmq_buildtargetmetadepsspecht_is_subtargetconfig
2020-01-21 11:12:17.875634 | > DO_CALL (0.000s wait)
.2020-01-21 11:12:17.880259 | eval'd: drake::cmq_buildtargetmetadepsspecht_is_subtargetconfig
2020-01-21 11:12:23.164064 | > DO_CALL (0.001s wait)
.2020-01-21 11:12:23.169570 | eval'd: drake::cmq_buildtargetmetadepsspecht_is_subtargetconfig
2020-01-21 11:12:26.546924 | > DO_CALL (0.001s wait)
.2020-01-21 11:12:26.552778 | eval'd: drake::cmq_buildtargetmetadepsspecht_is_subtargetconfig
2020-01-21 11:12:30.055164 | > DO_CALL (0.001s wait)
.2020-01-21 11:12:30.060852 | eval'd: drake::cmq_buildtargetmetadepsspecht_is_subtargetconfig
2020-01-21 11:12:34.484669 | > DO_CALL (0.000s wait)
.2020-01-21 11:12:34.489533 | eval'd: drake::cmq_buildtargetmetadepsspecht_is_subtargetconfig
2020-01-21 11:12:37.976406 | > DO_CALL (0.001s wait)
.2020-01-21 11:12:37.983006 | eval'd: drake::cmq_buildtargetmetadepsspecht_is_subtargetconfig
2020-01-21 11:12:41.506618 | > DO_CALL (0.000s wait)
.2020-01-21 11:12:41.511267 | eval'd: drake::cmq_buildtargetmetadepsspecht_is_subtargetconfig
2020-01-21 11:12:44.994663 | > DO_CALL (0.000s wait)
.2020-01-21 11:12:44.999410 | eval'd: drake::cmq_buildtargetmetadepsspecht_is_subtargetconfig
2020-01-21 11:12:48.622580 | > DO_CALL (0.000s wait)
.2020-01-21 11:12:48.627413 | eval'd: drake::cmq_buildtargetmetadepsspecht_is_subtargetconfig
2020-01-21 11:12:52.155753 | > DO_CALL (0.000s wait)
.2020-01-21 11:12:52.160682 | eval'd: drake::cmq_buildtargetmetadepsspecht_is_subtargetconfig
2020-01-21 11:12:55.612604 | > DO_CALL (0.000s wait)
.2020-01-21 11:12:55.617496 | eval'd: drake::cmq_buildtargetmetadepsspecht_is_subtargetconfig
2020-01-21 11:12:59.181621 | > DO_CALL (0.000s wait)
.2020-01-21 11:12:59.186438 | eval'd: drake::cmq_buildtargetmetadepsspecht_is_subtargetconfig
2020-01-21 11:13:02.488311 | > DO_CALL (0.000s wait)
.2020-01-21 11:13:02.492996 | eval'd: drake::cmq_buildtargetmetadepsspecht_is_subtargetconfig
2020-01-21 11:13:06.378469 | > DO_CALL (0.001s wait)
.2020-01-21 11:13:06.385115 | eval'd: drake::cmq_buildtargetmetadepsspecht_is_subtargetconfig
2020-01-21 11:13:09.954509 | > DO_CALL (0.001s wait)
.2020-01-21 11:13:09.960658 | eval'd: drake::cmq_buildtargetmetadepsspecht_is_subtargetconfig
2020-01-21 11:13:13.435474 | > DO_CALL (0.001s wait)
.2020-01-21 11:13:13.441970 | eval'd: drake::cmq_buildtargetmetadepsspecht_is_subtargetconfig
2020-01-21 11:13:17.083910 | > DO_CALL (0.000s wait)
.2020-01-21 11:13:17.089794 | eval'd: drake::cmq_buildtargetmetadepsspecht_is_subtargetconfig
2020-01-21 11:13:20.715515 | > DO_CALL (0.000s wait)
.2020-01-21 11:13:20.720279 | eval'd: drake::cmq_buildtargetmetadepsspecht_is_subtargetconfig
2020-01-21 11:13:25.808514 | > DO_CALL (0.000s wait)
.2020-01-21 11:13:25.813061 | eval'd: drake::cmq_buildtargetmetadepsspecht_is_subtargetconfig
2020-01-21 11:13:29.218388 | > DO_CALL (0.001s wait)
.2020-01-21 11:13:29.224296 | eval'd: drake::cmq_buildtargetmetadepsspecht_is_subtargetconfig
2020-01-21 11:13:32.858672 | > DO_CALL (0.000s wait)
.2020-01-21 11:13:32.863409 | eval'd: drake::cmq_buildtargetmetadepsspecht_is_subtargetconfig
2020-01-21 11:13:36.393794 | > DO_CALL (0.000s wait)
.2020-01-21 11:13:36.399312 | eval'd: drake::cmq_buildtargetmetadepsspecht_is_subtargetconfig
2020-01-21 11:13:39.858795 | > DO_CALL (0.000s wait)
.2020-01-21 11:13:39.863745 | eval'd: drake::cmq_buildtargetmetadepsspecht_is_subtargetconfig
2020-01-21 11:13:44.158987 | > DO_CALL (0.001s wait)
.2020-01-21 11:13:44.164279 | eval'd: drake::cmq_buildtargetmetadepsspecht_is_subtargetconfig
2020-01-21 11:13:47.617993 | > DO_CALL (0.001s wait)
.2020-01-21 11:13:47.623909 | eval'd: drake::cmq_buildtargetmetadepsspecht_is_subtargetconfig
2020-01-21 11:13:51.239300 | > DO_CALL (0.001s wait)
.2020-01-21 11:13:51.244409 | eval'd: drake::cmq_buildtargetmetadepsspecht_is_subtargetconfig
2020-01-21 11:13:54.752575 | > DO_CALL (0.000s wait)
.2020-01-21 11:13:54.757343 | eval'd: drake::cmq_buildtargetmetadepsspecht_is_subtargetconfig
2020-01-21 11:13:58.156831 | > DO_CALL (0.000s wait)
.2020-01-21 11:13:58.162448 | eval'd: drake::cmq_buildtargetmetadepsspecht_is_subtargetconfig
2020-01-21 11:14:01.604358 | > DO_CALL (0.001s wait)
.2020-01-21 11:14:01.610415 | eval'd: drake::cmq_buildtargetmetadepsspecht_is_subtargetconfig
2020-01-21 11:14:05.149471 | > DO_CALL (0.000s wait)
.2020-01-21 11:14:05.154001 | eval'd: drake::cmq_buildtargetmetadepsspecht_is_subtargetconfig
2020-01-21 11:14:09.231364 | > DO_CALL (0.001s wait)
.2020-01-21 11:14:09.237591 | eval'd: drake::cmq_buildtargetmetadepsspecht_is_subtargetconfig
2020-01-21 11:14:12.741197 | > DO_CALL (0.001s wait)
.2020-01-21 11:14:12.746883 | eval'd: drake::cmq_buildtargetmetadepsspecht_is_subtargetconfig
2020-01-21 11:14:16.112382 | > DO_CALL (0.001s wait)
.2020-01-21 11:14:16.119287 | eval'd: drake::cmq_buildtargetmetadepsspecht_is_subtargetconfig
2020-01-21 11:14:19.517869 | > DO_CALL (0.000s wait)
.2020-01-21 11:14:19.522938 | eval'd: drake::cmq_buildtargetmetadepsspecht_is_subtargetconfig
2020-01-21 11:14:23.785459 | > DO_CALL (0.000s wait)
.
2020-01-21 11:14:23.790229 | eval'd: drake::cmq_buildtargetmetadepsspecht_is_subtargetconfig
2020-01-21 11:14:29.249543 | > DO_CALL (0.001s wait)
.2020-01-21 11:14:29.256552 | eval'd: drake::cmq_buildtargetmetadepsspecht_is_subtargetconfig
2020-01-21 11:14:32.830135 | > DO_CALL (0.001s wait)
.2020-01-21 11:14:32.836203 | eval'd: drake::cmq_buildtargetmetadepsspecht_is_subtargetconfig
2020-01-21 11:14:36.367033 | > DO_CALL (0.001s wait)
.2020-01-21 11:14:36.372959 | eval'd: drake::cmq_buildtargetmetadepsspecht_is_subtargetconfig
2020-01-21 11:14:39.827597 | > DO_CALL (0.000s wait)
.2020-01-21 11:14:39.832231 | eval'd: drake::cmq_buildtargetmetadepsspecht_is_subtargetconfig
2020-01-21 11:14:43.308592 | > DO_CALL (0.000s wait)
.2020-01-21 11:14:43.313200 | eval'd: drake::cmq_buildtargetmetadepsspecht_is_subtargetconfig
2020-01-21 11:14:46.654374 | > DO_CALL (0.000s wait)
.2020-01-21 11:14:46.659511 | eval'd: drake::cmq_buildtargetmetadepsspecht_is_subtargetconfig
2020-01-21 11:14:50.003403 | > DO_CALL (0.001s wait)
.2020-01-21 11:14:50.009420 | eval'd: drake::cmq_buildtargetmetadepsspecht_is_subtargetconfig
2020-01-21 11:14:53.455050 | > DO_CALL (0.001s wait)
.2020-01-21 11:14:53.478823 | eval'd: drake::cmq_buildtargetmetadepsspecht_is_subtargetconfig
2020-01-21 11:14:56.830173 | > DO_CALL (0.000s wait)
.2020-01-21 11:14:56.834839 | eval'd: drake::cmq_buildtargetmetadepsspecht_is_subtargetconfig
2020-01-21 11:15:00.343430 | > DO_CALL (0.000s wait)
.2020-01-21 11:15:00.347914 | eval'd: drake::cmq_buildtargetmetadepsspecht_is_subtargetconfig
2020-01-21 11:15:03.755928 | > DO_CALL (0.001s wait)
.2020-01-21 11:15:03.760900 | eval'd: drake::cmq_buildtargetmetadepsspecht_is_subtargetconfig
2020-01-21 11:15:07.228875 | > DO_CALL (0.000s wait)
.2020-01-21 11:15:07.234312 | eval'd: drake::cmq_buildtargetmetadepsspecht_is_subtargetconfig
2020-01-21 11:15:10.638430 | > DO_CALL (0.001s wait)
.2020-01-21 11:15:10.644369 | eval'd: drake::cmq_buildtargetmetadepsspecht_is_subtargetconfig
2020-01-21 11:15:14.763847 | > DO_CALL (0.000s wait)
.2020-01-21 11:15:14.768515 | eval'd: drake::cmq_buildtargetmetadepsspecht_is_subtargetconfig
2020-01-21 11:15:18.239108 | > DO_CALL (0.001s wait)
.2020-01-21 11:15:18.243479 | eval'd: drake::cmq_buildtargetmetadepsspecht_is_subtargetconfig
2020-01-21 11:15:22.390197 | > DO_CALL (0.000s wait)
.2020-01-21 11:15:22.394272 | eval'd: drake::cmq_buildtargetmetadepsspecht_is_subtargetconfig
2020-01-21 11:15:25.862993 | > DO_CALL (0.001s wait)
.2020-01-21 11:15:25.867911 | eval'd: drake::cmq_buildtargetmetadepsspecht_is_subtargetconfig
2020-01-21 11:15:31.443517 | > DO_CALL (0.000s wait)
.2020-01-21 11:15:31.447788 | eval'd: drake::cmq_buildtargetmetadepsspecht_is_subtargetconfig
2020-01-21 11:15:34.849236 | > DO_CALL (0.001s wait)
.2020-01-21 11:15:34.854503 | eval'd: drake::cmq_buildtargetmetadepsspecht_is_subtargetconfig
2020-01-21 11:15:38.158160 | > DO_CALL (0.001s wait)
.2020-01-21 11:15:38.164024 | eval'd: drake::cmq_buildtargetmetadepsspecht_is_subtargetconfig
2020-01-21 11:15:41.689991 | > DO_CALL (0.001s wait)
.2020-01-21 11:15:41.694885 | eval'd: drake::cmq_buildtargetmetadepsspecht_is_subtargetconfig
2020-01-21 11:15:45.100570 | > DO_CALL (0.000s wait)
.2020-01-21 11:15:45.104907 | eval'd: drake::cmq_buildtargetmetadepsspecht_is_subtargetconfig
2020-01-21 11:15:48.615480 | > DO_CALL (0.000s wait)
.2020-01-21 11:15:48.619654 | eval'd: drake::cmq_buildtargetmetadepsspecht_is_subtargetconfig
2020-01-21 11:15:52.841608 | > DO_CALL (0.000s wait)
.2020-01-21 11:15:52.845941 | eval'd: drake::cmq_buildtargetmetadepsspecht_is_subtargetconfig
2020-01-21 11:15:56.239417 | > DO_CALL (0.000s wait)
.2020-01-21 11:15:56.244745 | eval'd: drake::cmq_buildtargetmetadepsspecht_is_subtargetconfig
2020-01-21 11:15:59.468255 | > DO_CALL (0.001s wait)
.2020-01-21 11:15:59.473853 | eval'd: drake::cmq_buildtargetmetadepsspecht_is_subtargetconfig
2020-01-21 11:16:02.888504 | > DO_CALL (0.000s wait)
.2020-01-21 11:16:02.892772 | eval'd: drake::cmq_buildtargetmetadepsspecht_is_subtargetconfig
2020-01-21 11:16:06.238218 | > DO_CALL (0.001s wait)
.2020-01-21 11:16:06.243842 | eval'd: drake::cmq_buildtargetmetadepsspecht_is_subtargetconfig
2020-01-21 11:16:09.760689 | > DO_CALL (0.000s wait)
.2020-01-21 11:16:09.765147 | eval'd: drake::cmq_buildtargetmetadepsspecht_is_subtargetconfig
2020-01-21 11:16:13.147337 | > DO_CALL (0.001s wait)
.2020-01-21 11:16:13.152879 | eval'd: drake::cmq_buildtargetmetadepsspecht_is_subtargetconfig
2020-01-21 11:16:16.881523 | > DO_CALL (0.000s wait)
.2020-01-21 11:16:16.886381 | eval'd: drake::cmq_buildtargetmetadepsspecht_is_subtargetconfig
2020-01-21 11:16:20.298166 | > DO_CALL (0.001s wait)
.2020-01-21 11:16:20.303597 | eval'd: drake::cmq_buildtargetmetadepsspecht_is_subtargetconfig
2020-01-21 11:16:23.683428 | > DO_CALL (0.000s wait)
.2020-01-21 11:16:23.687609 | eval'd: drake::cmq_buildtargetmetadepsspecht_is_subtargetconfig
2020-01-21 11:16:27.221378 | > DO_CALL (0.001s wait)
.2020-01-21 11:16:27.227041 | eval'd: drake::cmq_buildtargetmetadepsspecht_is_subtargetconfig
2020-01-21 11:16:31.470277 | > DO_CALL (0.001s wait)
.2020-01-21 11:16:31.476020 | eval'd: drake::cmq_buildtargetmetadepsspecht_is_subtargetconfig
2020-01-21 11:16:35.659567 | > DO_CALL (0.000s wait)
.2020-01-21 11:16:35.663915 | eval'd: drake::cmq_buildtargetmetadepsspecht_is_subtargetconfig
2020-01-21 11:16:39.917953 | > DO_CALL (0.001s wait)
.2020-01-21 11:16:39.923073 | eval'd: drake::cmq_buildtargetmetadepsspecht_is_subtargetconfig
2020-01-21 11:16:43.315638 | > DO_CALL (0.000s wait)
.2020-01-21 11:16:43.320107 | eval'd: drake::cmq_buildtargetmetadepsspecht_is_subtargetconfig
2020-01-21 11:16:46.631596 | > DO_CALL (0.000s wait)
.2020-01-21 11:16:46.636481 | eval'd: drake::cmq_buildtargetmetadepsspecht_is_subtargetconfig
2020-01-21 11:16:50.111073 | > DO_CALL (0.001s wait)
.2020-01-21 11:16:50.116210 | eval'd: drake::cmq_buildtargetmetadepsspecht_is_subtargetconfig
2020-01-21 11:16:53.532440 | > DO_CALL (0.000s wait)
.2020-01-21 11:16:53.536643 | eval'd: drake::cmq_buildtargetmetadepsspecht_is_subtargetconfig
2020-01-21 11:16:56.989864 | > DO_CALL (0.000s wait)
.2020-01-21 11:16:56.994739 | eval'd: drake::cmq_buildtargetmetadepsspecht_is_subtargetconfig
2020-01-21 11:16:59.739180 | > WORKER_WAIT (0.000s wait)
2020-01-21 11:16:59.960957 | waiting 2.50s
2020-01-21 11:19:41.995394 | > WORKER_WAIT (0.000s wait)
2020-01-21 11:19:41.999567 | waiting 2.50s
Error in clustermq:::worker("tcp://c24a-s1:7958") : 
  Timeout reached, terminating
Execution halted
