2019-11-11 08:06:50.008591 | Master: tcp://c7a-s1:6956
2019-11-11 08:06:50.032470 | WORKER_UP to: tcp://c7a-s1:6956
2019-11-11 08:06:52.375093 | > DO_SETUP (2.059s wait)
2019-11-11 08:06:52.375516 | token from msg: set_common_data_token
2019-11-11 08:07:50.731745 | > WORKER_WAIT (0.001s wait)
2019-11-11 08:07:50.734414 | waiting 0.50s
2019-11-11 08:07:51.237368 | > WORKER_WAIT (0.000s wait)
2019-11-11 08:07:51.237715 | waiting 0.50s
2019-11-11 08:07:51.740826 | > WORKER_WAIT (0.000s wait)
2019-11-11 08:07:51.741184 | waiting 0.50s
2019-11-11 08:07:52.243968 | > WORKER_WAIT (0.000s wait)
2019-11-11 08:07:52.244323 | waiting 0.50s
2019-11-11 08:07:52.747057 | > WORKER_WAIT (0.000s wait)
2019-11-11 08:07:52.747409 | waiting 0.50s
2019-11-11 08:07:53.250522 | > WORKER_WAIT (0.000s wait)
2019-11-11 08:07:53.250883 | waiting 0.50s
2019-11-11 08:07:53.754038 | > WORKER_WAIT (0.000s wait)
2019-11-11 08:07:53.754385 | waiting 0.50s
2019-11-11 08:07:54.257491 | > WORKER_WAIT (0.000s wait)
2019-11-11 08:07:54.257833 | waiting 0.50s
2019-11-11 08:07:54.760958 | > WORKER_WAIT (0.000s wait)
2019-11-11 08:07:54.761318 | waiting 0.50s
2019-11-11 08:07:55.265482 | > WORKER_WAIT (0.000s wait)
2019-11-11 08:07:55.265861 | waiting 0.50s
2019-11-11 08:07:55.768977 | > WORKER_WAIT (0.000s wait)
2019-11-11 08:07:55.769335 | waiting 0.50s
2019-11-11 08:07:56.272464 | > WORKER_WAIT (0.000s wait)
2019-11-11 08:07:56.272819 | waiting 0.50s
2019-11-11 08:07:56.775974 | > WORKER_WAIT (0.000s wait)
2019-11-11 08:07:56.776352 | waiting 0.50s
2019-11-11 08:07:57.279562 | > WORKER_WAIT (0.000s wait)
2019-11-11 08:07:57.279927 | waiting 0.50s
2019-11-11 08:07:57.783174 | > WORKER_WAIT (0.000s wait)
2019-11-11 08:07:57.783550 | waiting 0.50s
2019-11-11 08:07:58.286340 | > WORKER_WAIT (0.000s wait)
2019-11-11 08:07:58.287047 | waiting 0.50s
2019-11-11 08:07:58.789824 | > WORKER_WAIT (0.000s wait)
2019-11-11 08:07:58.790200 | waiting 0.50s
2019-11-11 08:07:59.293047 | > WORKER_WAIT (0.000s wait)
2019-11-11 08:07:59.293424 | waiting 0.50s
2019-11-11 08:07:59.796096 | > WORKER_WAIT (0.000s wait)
2019-11-11 08:07:59.796473 | waiting 0.50s
2019-11-11 08:08:00.299247 | > WORKER_WAIT (0.000s wait)
2019-11-11 08:08:00.299600 | waiting 0.50s
2019-11-11 08:08:00.802350 | > WORKER_WAIT (0.000s wait)
2019-11-11 08:08:00.802754 | waiting 0.50s
2019-11-11 08:08:01.305481 | > WORKER_WAIT (0.000s wait)
2019-11-11 08:08:01.305849 | waiting 0.50s
2019-11-11 08:08:01.808803 | > WORKER_WAIT (0.000s wait)
2019-11-11 08:08:01.809165 | waiting 0.50s
2019-11-11 08:08:02.312130 | > WORKER_WAIT (0.000s wait)
2019-11-11 08:08:02.312517 | waiting 0.50s
2019-11-11 08:08:02.815377 | > WORKER_WAIT (0.000s wait)
2019-11-11 08:08:02.815750 | waiting 0.50s
2019-11-11 08:08:03.318772 | > WORKER_WAIT (0.000s wait)
2019-11-11 08:08:03.319131 | waiting 0.50s
2019-11-11 08:08:03.821979 | > WORKER_WAIT (0.000s wait)
2019-11-11 08:08:03.822311 | waiting 0.50s
2019-11-11 08:08:04.326420 | > WORKER_WAIT (0.000s wait)
2019-11-11 08:08:04.327073 | waiting 0.50s
2019-11-11 08:08:04.830259 | > WORKER_WAIT (0.000s wait)
2019-11-11 08:08:04.830641 | waiting 0.50s
2019-11-11 08:08:05.333901 | > WORKER_WAIT (0.000s wait)
2019-11-11 08:08:05.334235 | waiting 0.50s
2019-11-11 08:08:05.837556 | > WORKER_WAIT (0.000s wait)
2019-11-11 08:08:05.837919 | waiting 0.50s
2019-11-11 08:08:06.341420 | > WORKER_WAIT (0.000s wait)
2019-11-11 08:08:06.341793 | waiting 0.50s
2019-11-11 08:08:06.845117 | > WORKER_WAIT (0.000s wait)
2019-11-11 08:08:06.845469 | waiting 0.50s
2019-11-11 08:08:07.349091 | > WORKER_WAIT (0.000s wait)
2019-11-11 08:08:07.349457 | waiting 0.50s
2019-11-11 08:08:07.852735 | > WORKER_WAIT (0.001s wait)
2019-11-11 08:08:07.853109 | waiting 0.50s
2019-11-11 08:08:08.356378 | > WORKER_WAIT (0.000s wait)
2019-11-11 08:08:08.356732 | waiting 0.50s
2019-11-11 08:08:08.859980 | > WORKER_WAIT (0.000s wait)
2019-11-11 08:08:08.860347 | waiting 0.50s
2019-11-11 08:08:09.363574 | > WORKER_WAIT (0.000s wait)
2019-11-11 08:08:09.363930 | waiting 0.50s
2019-11-11 08:08:09.867408 | > WORKER_WAIT (0.000s wait)
2019-11-11 08:08:09.867757 | waiting 0.50s
2019-11-11 08:08:10.370997 | > WORKER_WAIT (0.000s wait)
2019-11-11 08:08:10.371362 | waiting 0.50s
2019-11-11 08:08:10.874537 | > WORKER_WAIT (0.000s wait)
2019-11-11 08:08:10.874893 | waiting 0.50s
2019-11-11 08:08:11.378078 | > WORKER_WAIT (0.000s wait)
2019-11-11 08:08:11.378436 | waiting 0.50s
2019-11-11 08:08:11.881898 | > WORKER_WAIT (0.000s wait)
2019-11-11 08:08:11.882266 | waiting 0.50s
2019-11-11 08:08:12.385674 | > WORKER_WAIT (0.000s wait)
2019-11-11 08:08:12.386037 | waiting 0.50s
2019-11-11 08:08:12.889275 | > WORKER_WAIT (0.000s wait)
2019-11-11 08:08:12.889658 | waiting 0.50s
2019-11-11 08:08:13.393411 | > WORKER_WAIT (0.000s wait)
2019-11-11 08:08:13.393778 | waiting 0.50s
2019-11-11 08:08:13.897078 | > WORKER_WAIT (0.000s wait)
2019-11-11 08:08:13.897454 | waiting 0.50s
2019-11-11 08:08:14.400665 | > WORKER_WAIT (0.000s wait)
2019-11-11 08:08:14.400996 | waiting 0.50s
2019-11-11 08:08:14.904220 | > WORKER_WAIT (0.000s wait)
2019-11-11 08:08:14.904584 | waiting 0.50s
2019-11-11 08:08:15.408032 | > WORKER_WAIT (0.000s wait)
2019-11-11 08:08:15.408415 | waiting 0.50s
2019-11-11 08:08:15.911938 | > WORKER_WAIT (0.000s wait)
2019-11-11 08:08:15.912277 | waiting 0.50s
2019-11-11 08:08:16.415879 | > WORKER_WAIT (0.000s wait)
2019-11-11 08:08:16.416796 | waiting 0.50s
2019-11-11 08:08:16.920510 | > WORKER_WAIT (0.000s wait)
2019-11-11 08:08:16.920871 | waiting 0.50s
2019-11-11 08:08:17.424488 | > WORKER_WAIT (0.000s wait)
2019-11-11 08:08:17.424819 | waiting 0.50s
2019-11-11 08:08:17.928135 | > WORKER_WAIT (0.000s wait)
2019-11-11 08:08:17.928514 | waiting 0.50s
2019-11-11 08:08:18.432641 | > WORKER_WAIT (0.000s wait)
2019-11-11 08:08:18.432996 | waiting 0.50s
2019-11-11 08:08:18.936517 | > WORKER_WAIT (0.000s wait)
2019-11-11 08:08:18.936824 | waiting 0.50s
2019-11-11 08:08:19.439110 | > WORKER_WAIT (0.000s wait)
2019-11-11 08:08:19.439440 | waiting 0.50s
2019-11-11 08:08:19.941748 | > WORKER_WAIT (0.000s wait)
2019-11-11 08:08:19.942066 | waiting 0.50s
2019-11-11 08:08:20.444470 | > WORKER_WAIT (0.000s wait)
2019-11-11 08:08:20.444787 | waiting 0.50s
2019-11-11 08:08:50.984840 | > WORKER_STOP (0.000s wait)
2019-11-11 08:08:50.987627 | shutting down worker
2019-11-11 08:08:51.160276 | 
Total: 0 in 1.61s [user], 0.18s [system], 120.95s [elapsed]
