2020-01-21 10:12:29.324958 | Master: tcp://c30a-s2:6917
2020-01-21 10:12:29.338431 | WORKER_UP to: tcp://c30a-s2:6917
2020-01-21 10:12:31.917820 | > DO_SETUP (2.420s wait)
2020-01-21 10:12:31.918892 | token from msg: set_common_data_token
2020-01-21 10:12:32.098283 | > DO_CALL (0.001s wait)
.* Option 'clustermq.scheduler' not set, defaulting to ‘SLURM’
--- see: https://mschubert.github.io/clustermq/articles/userguide.html#configuration
2020-01-21 10:12:32.467584 | eval'd: drake::cmq_buildtargetmetadepsspecht_is_subtargetconfig
2020-01-21 10:12:33.689611 | > DO_CALL (0.001s wait)
.2020-01-21 10:12:33.871118 | eval'd: drake::cmq_buildtargetmetadepsspecht_is_subtargetconfig
2020-01-21 10:12:36.162389 | > DO_CALL (0.000s wait)
.2020-01-21 10:12:36.168696 | eval'd: drake::cmq_buildtargetmetadepsspecht_is_subtargetconfig
2020-01-21 10:12:38.597499 | > DO_CALL (0.000s wait)
.2020-01-21 10:12:38.604084 | eval'd: drake::cmq_buildtargetmetadepsspecht_is_subtargetconfig
2020-01-21 10:12:40.281131 | > DO_CALL (0.001s wait)
.2020-01-21 10:12:40.287283 | eval'd: drake::cmq_buildtargetmetadepsspecht_is_subtargetconfig
2020-01-21 10:12:42.180678 | > DO_CALL (0.001s wait)
.2020-01-21 10:12:42.187283 | eval'd: drake::cmq_buildtargetmetadepsspecht_is_subtargetconfig
2020-01-21 10:12:44.169244 | > DO_CALL (0.001s wait)
.2020-01-21 10:12:44.175823 | eval'd: drake::cmq_buildtargetmetadepsspecht_is_subtargetconfig
2020-01-21 10:12:45.721841 | > DO_CALL (0.001s wait)
.2020-01-21 10:12:45.728168 | eval'd: drake::cmq_buildtargetmetadepsspecht_is_subtargetconfig
2020-01-21 10:12:47.476647 | > DO_CALL (0.001s wait)
.2020-01-21 10:12:47.482909 | eval'd: drake::cmq_buildtargetmetadepsspecht_is_subtargetconfig
2020-01-21 10:12:49.404198 | > DO_CALL (0.001s wait)
.2020-01-21 10:12:49.410894 | eval'd: drake::cmq_buildtargetmetadepsspecht_is_subtargetconfig
2020-01-21 10:12:51.267779 | > DO_CALL (0.001s wait)
.2020-01-21 10:12:51.274546 | eval'd: drake::cmq_buildtargetmetadepsspecht_is_subtargetconfig
2020-01-21 10:12:53.067528 | > DO_CALL (0.001s wait)
.2020-01-21 10:12:53.075368 | eval'd: drake::cmq_buildtargetmetadepsspecht_is_subtargetconfig
2020-01-21 10:12:54.543114 | > DO_CALL (0.001s wait)
.2020-01-21 10:12:54.550842 | eval'd: drake::cmq_buildtargetmetadepsspecht_is_subtargetconfig
2020-01-21 10:12:56.299063 | > DO_CALL (0.001s wait)
.2020-01-21 10:12:56.306375 | eval'd: drake::cmq_buildtargetmetadepsspecht_is_subtargetconfig
2020-01-21 10:12:58.373334 | > DO_CALL (0.001s wait)
.2020-01-21 10:12:58.381175 | eval'd: drake::cmq_buildtargetmetadepsspecht_is_subtargetconfig
2020-01-21 10:13:00.160685 | > DO_CALL (0.001s wait)
.2020-01-21 10:13:00.168548 | eval'd: drake::cmq_buildtargetmetadepsspecht_is_subtargetconfig
2020-01-21 10:13:01.906833 | > DO_CALL (0.001s wait)
.2020-01-21 10:13:01.914260 | eval'd: drake::cmq_buildtargetmetadepsspecht_is_subtargetconfig
2020-01-21 10:13:03.870200 | > DO_CALL (0.001s wait)
.2020-01-21 10:13:03.878088 | eval'd: drake::cmq_buildtargetmetadepsspecht_is_subtargetconfig
2020-01-21 10:13:05.489347 | > DO_CALL (0.001s wait)
.
2020-01-21 10:13:05.497219 | eval'd: drake::cmq_buildtargetmetadepsspecht_is_subtargetconfig
2020-01-21 10:13:07.267545 | > DO_CALL (0.001s wait)
.2020-01-21 10:13:07.275262 | eval'd: drake::cmq_buildtargetmetadepsspecht_is_subtargetconfig
2020-01-21 10:13:08.996471 | > DO_CALL (0.001s wait)
.2020-01-21 10:13:09.004262 | eval'd: drake::cmq_buildtargetmetadepsspecht_is_subtargetconfig
2020-01-21 10:13:10.865846 | > DO_CALL (0.001s wait)
.2020-01-21 10:13:10.873764 | eval'd: drake::cmq_buildtargetmetadepsspecht_is_subtargetconfig
2020-01-21 10:13:12.793734 | > DO_CALL (0.001s wait)
.2020-01-21 10:13:12.801447 | eval'd: drake::cmq_buildtargetmetadepsspecht_is_subtargetconfig
2020-01-21 10:13:14.757507 | > DO_CALL (0.001s wait)
.2020-01-21 10:13:14.765189 | eval'd: drake::cmq_buildtargetmetadepsspecht_is_subtargetconfig
2020-01-21 10:13:16.989018 | > DO_CALL (0.001s wait)
.2020-01-21 10:13:16.996312 | eval'd: drake::cmq_buildtargetmetadepsspecht_is_subtargetconfig
2020-01-21 10:13:18.730379 | > DO_CALL (0.001s wait)
.2020-01-21 10:13:18.738156 | eval'd: drake::cmq_buildtargetmetadepsspecht_is_subtargetconfig
2020-01-21 10:13:20.398953 | > DO_CALL (0.001s wait)
.2020-01-21 10:13:20.406667 | eval'd: drake::cmq_buildtargetmetadepsspecht_is_subtargetconfig
2020-01-21 10:13:23.166026 | > DO_CALL (0.001s wait)
.2020-01-21 10:13:23.177785 | eval'd: drake::cmq_buildtargetmetadepsspecht_is_subtargetconfig
2020-01-21 10:13:24.937777 | > DO_CALL (0.001s wait)
.2020-01-21 10:13:24.946235 | eval'd: drake::cmq_buildtargetmetadepsspecht_is_subtargetconfig
2020-01-21 10:13:26.546812 | > DO_CALL (0.001s wait)
.2020-01-21 10:13:26.571692 | eval'd: drake::cmq_buildtargetmetadepsspecht_is_subtargetconfig
2020-01-21 10:13:28.381251 | > DO_CALL (0.001s wait)
.2020-01-21 10:13:28.388314 | eval'd: drake::cmq_buildtargetmetadepsspecht_is_subtargetconfig
2020-01-21 10:13:30.111891 | > DO_CALL (0.001s wait)
.2020-01-21 10:13:30.118821 | eval'd: drake::cmq_buildtargetmetadepsspecht_is_subtargetconfig
2020-01-21 10:13:32.033853 | > DO_CALL (0.001s wait)
.2020-01-21 10:13:32.040438 | eval'd: drake::cmq_buildtargetmetadepsspecht_is_subtargetconfig
2020-01-21 10:13:34.426566 | > DO_CALL (0.000s wait)
.2020-01-21 10:13:34.433461 | eval'd: drake::cmq_buildtargetmetadepsspecht_is_subtargetconfig
2020-01-21 10:13:36.214545 | > DO_CALL (0.000s wait)
.2020-01-21 10:13:36.221474 | eval'd: drake::cmq_buildtargetmetadepsspecht_is_subtargetconfig
2020-01-21 10:13:38.036018 | > DO_CALL (0.001s wait)
.2020-01-21 10:13:38.042683 | eval'd: drake::cmq_buildtargetmetadepsspecht_is_subtargetconfig
2020-01-21 10:13:40.179290 | > DO_CALL (0.001s wait)
.2020-01-21 10:13:40.186552 | eval'd: drake::cmq_buildtargetmetadepsspecht_is_subtargetconfig
2020-01-21 10:13:41.866061 | > DO_CALL (0.001s wait)
.2020-01-21 10:13:41.873052 | eval'd: drake::cmq_buildtargetmetadepsspecht_is_subtargetconfig
2020-01-21 10:13:43.747881 | > DO_CALL (0.001s wait)
.2020-01-21 10:13:43.754841 | eval'd: drake::cmq_buildtargetmetadepsspecht_is_subtargetconfig
2020-01-21 10:13:45.415811 | > DO_CALL (0.001s wait)
.2020-01-21 10:13:45.422572 | eval'd: drake::cmq_buildtargetmetadepsspecht_is_subtargetconfig
2020-01-21 10:13:46.873054 | > DO_CALL (0.001s wait)
.2020-01-21 10:13:46.878849 | eval'd: drake::cmq_buildtargetmetadepsspecht_is_subtargetconfig
2020-01-21 10:13:48.432446 | > DO_CALL (0.000s wait)
.2020-01-21 10:13:48.438696 | eval'd: drake::cmq_buildtargetmetadepsspecht_is_subtargetconfig
2020-01-21 10:13:50.002927 | > DO_CALL (0.001s wait)
.2020-01-21 10:13:50.009167 | eval'd: drake::cmq_buildtargetmetadepsspecht_is_subtargetconfig
2020-01-21 10:13:51.496930 | > DO_CALL (0.001s wait)
.2020-01-21 10:13:51.503066 | eval'd: drake::cmq_buildtargetmetadepsspecht_is_subtargetconfig
2020-01-21 10:13:53.171017 | > DO_CALL (0.001s wait)
.2020-01-21 10:13:53.177188 | eval'd: drake::cmq_buildtargetmetadepsspecht_is_subtargetconfig
2020-01-21 10:13:54.820467 | > DO_CALL (0.000s wait)
.2020-01-21 10:13:54.826628 | eval'd: drake::cmq_buildtargetmetadepsspecht_is_subtargetconfig
2020-01-21 10:13:56.555067 | > DO_CALL (0.001s wait)
.2020-01-21 10:13:56.560916 | eval'd: drake::cmq_buildtargetmetadepsspecht_is_subtargetconfig
2020-01-21 10:13:58.197229 | > DO_CALL (0.001s wait)
.2020-01-21 10:13:58.203387 | eval'd: drake::cmq_buildtargetmetadepsspecht_is_subtargetconfig
2020-01-21 10:13:59.932165 | > DO_CALL (0.001s wait)
.2020-01-21 10:13:59.938321 | eval'd: drake::cmq_buildtargetmetadepsspecht_is_subtargetconfig
2020-01-21 10:14:02.031686 | > DO_CALL (0.001s wait)
.2020-01-21 10:14:02.037896 | eval'd: drake::cmq_buildtargetmetadepsspecht_is_subtargetconfig
2020-01-21 10:14:03.719636 | > DO_CALL (0.001s wait)
.2020-01-21 10:14:03.725868 | eval'd: drake::cmq_buildtargetmetadepsspecht_is_subtargetconfig
2020-01-21 10:14:05.633399 | > DO_CALL (0.000s wait)
.2020-01-21 10:14:05.639623 | eval'd: drake::cmq_buildtargetmetadepsspecht_is_subtargetconfig
2020-01-21 10:14:07.206256 | > DO_CALL (0.001s wait)
.2020-01-21 10:14:07.218343 | eval'd: drake::cmq_buildtargetmetadepsspecht_is_subtargetconfig
2020-01-21 10:14:09.046711 | > DO_CALL (0.001s wait)
.2020-01-21 10:14:09.053005 | eval'd: drake::cmq_buildtargetmetadepsspecht_is_subtargetconfig
2020-01-21 10:14:10.842025 | > DO_CALL (0.001s wait)
.2020-01-21 10:14:10.848176 | eval'd: drake::cmq_buildtargetmetadepsspecht_is_subtargetconfig
2020-01-21 10:14:12.590955 | > DO_CALL (0.001s wait)
.2020-01-21 10:14:12.596761 | eval'd: drake::cmq_buildtargetmetadepsspecht_is_subtargetconfig
2020-01-21 10:14:14.030543 | > DO_CALL (0.000s wait)
.2020-01-21 10:14:14.036700 | eval'd: drake::cmq_buildtargetmetadepsspecht_is_subtargetconfig
2020-01-21 10:14:15.581592 | > DO_CALL (0.000s wait)
.2020-01-21 10:14:15.587786 | eval'd: drake::cmq_buildtargetmetadepsspecht_is_subtargetconfig
2020-01-21 10:14:17.224501 | > DO_CALL (0.000s wait)
.2020-01-21 10:14:17.230786 | eval'd: drake::cmq_buildtargetmetadepsspecht_is_subtargetconfig
2020-01-21 10:14:19.011114 | > DO_CALL (0.001s wait)
.2020-01-21 10:14:19.017327 | eval'd: drake::cmq_buildtargetmetadepsspecht_is_subtargetconfig
2020-01-21 10:14:20.317012 | > DO_CALL (0.001s wait)
.2020-01-21 10:14:20.323164 | eval'd: drake::cmq_buildtargetmetadepsspecht_is_subtargetconfig
2020-01-21 10:14:21.780929 | > DO_CALL (0.001s wait)
.2020-01-21 10:14:21.786714 | eval'd: drake::cmq_buildtargetmetadepsspecht_is_subtargetconfig
2020-01-21 10:14:24.922274 | > DO_CALL (0.001s wait)
.2020-01-21 10:14:24.928553 | eval'd: drake::cmq_buildtargetmetadepsspecht_is_subtargetconfig
2020-01-21 10:14:26.281946 | > DO_CALL (0.001s wait)
.2020-01-21 10:14:26.288186 | eval'd: drake::cmq_buildtargetmetadepsspecht_is_subtargetconfig
2020-01-21 10:14:27.664897 | > DO_CALL (0.001s wait)
.2020-01-21 10:14:27.671134 | eval'd: drake::cmq_buildtargetmetadepsspecht_is_subtargetconfig
2020-01-21 10:14:29.462452 | > DO_CALL (0.000s wait)
.2020-01-21 10:14:29.468247 | eval'd: drake::cmq_buildtargetmetadepsspecht_is_subtargetconfig
2020-01-21 10:14:30.813088 | > DO_CALL (0.001s wait)
.2020-01-21 10:14:30.819301 | eval'd: drake::cmq_buildtargetmetadepsspecht_is_subtargetconfig
2020-01-21 10:14:32.091207 | > DO_CALL (0.001s wait)
.2020-01-21 10:14:32.097007 | eval'd: drake::cmq_buildtargetmetadepsspecht_is_subtargetconfig
2020-01-21 10:14:33.741488 | > DO_CALL (0.000s wait)
.2020-01-21 10:14:33.747835 | eval'd: drake::cmq_buildtargetmetadepsspecht_is_subtargetconfig
2020-01-21 10:14:35.040425 | > DO_CALL (0.000s wait)
.2020-01-21 10:14:35.046647 | eval'd: drake::cmq_buildtargetmetadepsspecht_is_subtargetconfig
2020-01-21 10:14:36.515310 | > DO_CALL (0.001s wait)
.2020-01-21 10:14:36.521535 | eval'd: drake::cmq_buildtargetmetadepsspecht_is_subtargetconfig
2020-01-21 10:14:37.952585 | > DO_CALL (0.000s wait)
.2020-01-21 10:14:37.964103 | eval'd: drake::cmq_buildtargetmetadepsspecht_is_subtargetconfig
2020-01-21 10:14:39.438944 | > DO_CALL (0.001s wait)
.2020-01-21 10:14:39.444703 | eval'd: drake::cmq_buildtargetmetadepsspecht_is_subtargetconfig
2020-01-21 10:14:40.969015 | > DO_CALL (0.001s wait)
.2020-01-21 10:14:40.975196 | eval'd: drake::cmq_buildtargetmetadepsspecht_is_subtargetconfig
2020-01-21 10:14:42.571380 | > DO_CALL (0.000s wait)
.2020-01-21 10:14:42.577570 | eval'd: drake::cmq_buildtargetmetadepsspecht_is_subtargetconfig
2020-01-21 10:14:44.307405 | > DO_CALL (0.000s wait)
.2020-01-21 10:14:44.313574 | eval'd: drake::cmq_buildtargetmetadepsspecht_is_subtargetconfig
2020-01-21 10:14:45.842939 | > DO_CALL (0.001s wait)
.2020-01-21 10:14:45.849140 | eval'd: drake::cmq_buildtargetmetadepsspecht_is_subtargetconfig
2020-01-21 10:14:47.293341 | > DO_CALL (0.000s wait)
.2020-01-21 10:14:47.299187 | eval'd: drake::cmq_buildtargetmetadepsspecht_is_subtargetconfig
2020-01-21 10:14:48.786978 | > DO_CALL (0.001s wait)
.2020-01-21 10:14:48.793172 | eval'd: drake::cmq_buildtargetmetadepsspecht_is_subtargetconfig
2020-01-21 10:14:50.198553 | > DO_CALL (0.000s wait)
.2020-01-21 10:14:50.204281 | eval'd: drake::cmq_buildtargetmetadepsspecht_is_subtargetconfig
2020-01-21 10:14:51.717946 | > DO_CALL (0.001s wait)
.2020-01-21 10:14:51.724117 | eval'd: drake::cmq_buildtargetmetadepsspecht_is_subtargetconfig
2020-01-21 10:14:53.273044 | > DO_CALL (0.001s wait)
.2020-01-21 10:14:53.279286 | eval'd: drake::cmq_buildtargetmetadepsspecht_is_subtargetconfig
2020-01-21 10:14:54.950439 | > DO_CALL (0.000s wait)
.2020-01-21 10:14:54.956224 | eval'd: drake::cmq_buildtargetmetadepsspecht_is_subtargetconfig
2020-01-21 10:14:56.455375 | > DO_CALL (0.000s wait)
.2020-01-21 10:14:56.461658 | eval'd: drake::cmq_buildtargetmetadepsspecht_is_subtargetconfig
2020-01-21 10:14:57.767322 | > DO_CALL (0.001s wait)
.2020-01-21 10:14:57.773472 | eval'd: drake::cmq_buildtargetmetadepsspecht_is_subtargetconfig
2020-01-21 10:14:59.257993 | > DO_CALL (0.001s wait)
.2020-01-21 10:14:59.263742 | eval'd: drake::cmq_buildtargetmetadepsspecht_is_subtargetconfig
2020-01-21 10:15:00.590273 | > DO_CALL (0.001s wait)
.2020-01-21 10:15:00.596462 | eval'd: drake::cmq_buildtargetmetadepsspecht_is_subtargetconfig
2020-01-21 10:15:02.181853 | > DO_CALL (0.012s wait)
.2020-01-21 10:15:02.187843 | eval'd: drake::cmq_buildtargetmetadepsspecht_is_subtargetconfig
2020-01-21 10:15:03.582589 | > DO_CALL (0.000s wait)
.2020-01-21 10:15:03.588872 | eval'd: drake::cmq_buildtargetmetadepsspecht_is_subtargetconfig
2020-01-21 10:15:05.057120 | > DO_CALL (0.001s wait)
.2020-01-21 10:15:05.062894 | eval'd: drake::cmq_buildtargetmetadepsspecht_is_subtargetconfig
2020-01-21 10:15:06.447772 | > DO_CALL (0.001s wait)
.2020-01-21 10:15:06.454035 | eval'd: drake::cmq_buildtargetmetadepsspecht_is_subtargetconfig
2020-01-21 10:15:07.736228 | > DO_CALL (0.001s wait)
.2020-01-21 10:15:07.741950 | eval'd: drake::cmq_buildtargetmetadepsspecht_is_subtargetconfig
2020-01-21 10:15:09.304254 | > DO_CALL (0.001s wait)
.2020-01-21 10:15:09.310438 | eval'd: drake::cmq_buildtargetmetadepsspecht_is_subtargetconfig
2020-01-21 10:15:10.622335 | > DO_CALL (0.001s wait)
.2020-01-21 10:15:10.628227 | eval'd: drake::cmq_buildtargetmetadepsspecht_is_subtargetconfig
2020-01-21 10:15:12.153600 | > DO_CALL (0.000s wait)
.2020-01-21 10:15:12.159951 | eval'd: drake::cmq_buildtargetmetadepsspecht_is_subtargetconfig
2020-01-21 10:15:13.493618 | > DO_CALL (0.001s wait)
.2020-01-21 10:15:13.499420 | eval'd: drake::cmq_buildtargetmetadepsspecht_is_subtargetconfig
2020-01-21 10:15:14.888583 | > DO_CALL (0.000s wait)
.2020-01-21 10:15:14.894851 | eval'd: drake::cmq_buildtargetmetadepsspecht_is_subtargetconfig
2020-01-21 10:15:16.268446 | > DO_CALL (0.000s wait)
.
2020-01-21 10:15:16.274766 | eval'd: drake::cmq_buildtargetmetadepsspecht_is_subtargetconfig
2020-01-21 10:15:17.547131 | > DO_CALL (0.001s wait)
.2020-01-21 10:15:17.552942 | eval'd: drake::cmq_buildtargetmetadepsspecht_is_subtargetconfig
2020-01-21 10:15:18.826890 | > DO_CALL (0.001s wait)
.2020-01-21 10:15:18.832746 | eval'd: drake::cmq_buildtargetmetadepsspecht_is_subtargetconfig
2020-01-21 10:15:20.116978 | > DO_CALL (0.006s wait)
.2020-01-21 10:15:20.122788 | eval'd: drake::cmq_buildtargetmetadepsspecht_is_subtargetconfig
2020-01-21 10:15:21.459960 | > DO_CALL (0.001s wait)
.2020-01-21 10:15:21.466135 | eval'd: drake::cmq_buildtargetmetadepsspecht_is_subtargetconfig
2020-01-21 10:15:22.819774 | > DO_CALL (0.001s wait)
.2020-01-21 10:15:22.825635 | eval'd: drake::cmq_buildtargetmetadepsspecht_is_subtargetconfig
2020-01-21 10:15:24.330194 | > DO_CALL (0.001s wait)
.2020-01-21 10:15:24.336402 | eval'd: drake::cmq_buildtargetmetadepsspecht_is_subtargetconfig
2020-01-21 10:15:27.309983 | > DO_CALL (0.001s wait)
.2020-01-21 10:15:27.316166 | eval'd: drake::cmq_buildtargetmetadepsspecht_is_subtargetconfig
2020-01-21 10:15:28.603174 | > DO_CALL (0.001s wait)
.2020-01-21 10:15:28.608989 | eval'd: drake::cmq_buildtargetmetadepsspecht_is_subtargetconfig
2020-01-21 10:15:30.067907 | > DO_CALL (0.001s wait)
.2020-01-21 10:15:30.074163 | eval'd: drake::cmq_buildtargetmetadepsspecht_is_subtargetconfig
2020-01-21 10:15:31.580887 | > DO_CALL (0.001s wait)
.2020-01-21 10:15:31.587163 | eval'd: drake::cmq_buildtargetmetadepsspecht_is_subtargetconfig
2020-01-21 10:15:33.027708 | > DO_CALL (0.001s wait)
.2020-01-21 10:15:33.034141 | eval'd: drake::cmq_buildtargetmetadepsspecht_is_subtargetconfig
2020-01-21 10:15:34.531526 | > DO_CALL (0.000s wait)
.2020-01-21 10:15:34.537878 | eval'd: drake::cmq_buildtargetmetadepsspecht_is_subtargetconfig
2020-01-21 10:15:35.936957 | > DO_CALL (0.001s wait)
.2020-01-21 10:15:35.948648 | eval'd: drake::cmq_buildtargetmetadepsspecht_is_subtargetconfig
2020-01-21 10:15:37.334157 | > DO_CALL (0.001s wait)
.2020-01-21 10:15:37.340374 | eval'd: drake::cmq_buildtargetmetadepsspecht_is_subtargetconfig
2020-01-21 10:15:38.741652 | > DO_CALL (0.001s wait)
.2020-01-21 10:15:38.747376 | eval'd: drake::cmq_buildtargetmetadepsspecht_is_subtargetconfig
2020-01-21 10:15:40.129186 | > DO_CALL (0.001s wait)
.2020-01-21 10:15:40.135369 | eval'd: drake::cmq_buildtargetmetadepsspecht_is_subtargetconfig
2020-01-21 10:15:41.764339 | > DO_CALL (0.001s wait)
.2020-01-21 10:15:41.770652 | eval'd: drake::cmq_buildtargetmetadepsspecht_is_subtargetconfig
2020-01-21 10:15:43.002325 | > DO_CALL (0.001s wait)
.2020-01-21 10:15:43.008469 | eval'd: drake::cmq_buildtargetmetadepsspecht_is_subtargetconfig
2020-01-21 10:15:44.346002 | > DO_CALL (0.001s wait)
.2020-01-21 10:15:44.352172 | eval'd: drake::cmq_buildtargetmetadepsspecht_is_subtargetconfig
2020-01-21 10:15:45.827949 | > DO_CALL (0.001s wait)
.2020-01-21 10:15:45.833781 | eval'd: drake::cmq_buildtargetmetadepsspecht_is_subtargetconfig
2020-01-21 10:15:47.238817 | > DO_CALL (0.001s wait)
.2020-01-21 10:15:47.244574 | eval'd: drake::cmq_buildtargetmetadepsspecht_is_subtargetconfig
2020-01-21 10:15:48.544773 | > DO_CALL (0.001s wait)
.2020-01-21 10:15:48.752737 | eval'd: drake::cmq_buildtargetmetadepsspecht_is_subtargetconfig
2020-01-21 10:15:50.012523 | > DO_CALL (0.000s wait)
.2020-01-21 10:15:50.018176 | eval'd: drake::cmq_buildtargetmetadepsspecht_is_subtargetconfig
2020-01-21 10:15:51.334361 | > DO_CALL (0.000s wait)
.2020-01-21 10:15:51.340156 | eval'd: drake::cmq_buildtargetmetadepsspecht_is_subtargetconfig
2020-01-21 10:15:52.673657 | > DO_CALL (0.001s wait)
.2020-01-21 10:15:52.679348 | eval'd: drake::cmq_buildtargetmetadepsspecht_is_subtargetconfig
2020-01-21 10:15:53.942296 | > DO_CALL (0.001s wait)
.2020-01-21 10:15:53.947983 | eval'd: drake::cmq_buildtargetmetadepsspecht_is_subtargetconfig
2020-01-21 10:15:55.403769 | > DO_CALL (0.001s wait)
.2020-01-21 10:15:55.410099 | eval'd: drake::cmq_buildtargetmetadepsspecht_is_subtargetconfig
2020-01-21 10:15:57.010941 | > DO_CALL (0.001s wait)
.2020-01-21 10:15:57.017146 | eval'd: drake::cmq_buildtargetmetadepsspecht_is_subtargetconfig
2020-01-21 10:15:58.477255 | > DO_CALL (0.001s wait)
.2020-01-21 10:15:58.483494 | eval'd: drake::cmq_buildtargetmetadepsspecht_is_subtargetconfig
2020-01-21 10:15:59.825624 | > DO_CALL (0.001s wait)
.2020-01-21 10:15:59.831791 | eval'd: drake::cmq_buildtargetmetadepsspecht_is_subtargetconfig
2020-01-21 10:16:01.101822 | > DO_CALL (0.001s wait)
.2020-01-21 10:16:01.108034 | eval'd: drake::cmq_buildtargetmetadepsspecht_is_subtargetconfig
2020-01-21 10:16:02.818520 | > DO_CALL (0.000s wait)
.2020-01-21 10:16:02.824609 | eval'd: drake::cmq_buildtargetmetadepsspecht_is_subtargetconfig
2020-01-21 10:16:04.138057 | > DO_CALL (0.001s wait)
.2020-01-21 10:16:04.144193 | eval'd: drake::cmq_buildtargetmetadepsspecht_is_subtargetconfig
2020-01-21 10:16:05.412171 | > DO_CALL (0.001s wait)
.2020-01-21 10:16:05.418257 | eval'd: drake::cmq_buildtargetmetadepsspecht_is_subtargetconfig
2020-01-21 10:16:06.705080 | > DO_CALL (0.001s wait)
.2020-01-21 10:16:06.711113 | eval'd: drake::cmq_buildtargetmetadepsspecht_is_subtargetconfig
2020-01-21 10:16:08.022462 | > DO_CALL (0.000s wait)
.2020-01-21 10:16:08.028227 | eval'd: drake::cmq_buildtargetmetadepsspecht_is_subtargetconfig
2020-01-21 10:16:09.375948 | > DO_CALL (0.001s wait)
.2020-01-21 10:16:09.381638 | eval'd: drake::cmq_buildtargetmetadepsspecht_is_subtargetconfig
2020-01-21 10:16:10.695319 | > DO_CALL (0.001s wait)
.2020-01-21 10:16:10.701507 | eval'd: drake::cmq_buildtargetmetadepsspecht_is_subtargetconfig
2020-01-21 10:16:12.087047 | > DO_CALL (0.001s wait)
.2020-01-21 10:16:12.092764 | eval'd: drake::cmq_buildtargetmetadepsspecht_is_subtargetconfig
2020-01-21 10:16:13.356709 | > DO_CALL (0.001s wait)
.2020-01-21 10:16:13.362478 | eval'd: drake::cmq_buildtargetmetadepsspecht_is_subtargetconfig
2020-01-21 10:16:14.594252 | > DO_CALL (0.001s wait)
.2020-01-21 10:16:14.599961 | eval'd: drake::cmq_buildtargetmetadepsspecht_is_subtargetconfig
2020-01-21 10:16:16.045432 | > DO_CALL (0.000s wait)
.2020-01-21 10:16:16.051538 | eval'd: drake::cmq_buildtargetmetadepsspecht_is_subtargetconfig
2020-01-21 10:16:17.499965 | > DO_CALL (0.001s wait)
.2020-01-21 10:16:17.507271 | eval'd: drake::cmq_buildtargetmetadepsspecht_is_subtargetconfig
2020-01-21 10:16:18.770193 | > DO_CALL (0.001s wait)
.2020-01-21 10:16:18.777863 | eval'd: drake::cmq_buildtargetmetadepsspecht_is_subtargetconfig
2020-01-21 10:16:20.057349 | > DO_CALL (0.001s wait)
.2020-01-21 10:16:20.064978 | eval'd: drake::cmq_buildtargetmetadepsspecht_is_subtargetconfig
2020-01-21 10:16:21.657475 | > DO_CALL (0.001s wait)
.2020-01-21 10:16:21.670277 | eval'd: drake::cmq_buildtargetmetadepsspecht_is_subtargetconfig
2020-01-21 10:16:23.001621 | > DO_CALL (0.001s wait)
.2020-01-21 10:16:23.007330 | eval'd: drake::cmq_buildtargetmetadepsspecht_is_subtargetconfig
2020-01-21 10:16:24.417117 | > DO_CALL (0.001s wait)
.2020-01-21 10:16:24.423293 | eval'd: drake::cmq_buildtargetmetadepsspecht_is_subtargetconfig
2020-01-21 10:16:25.721672 | > DO_CALL (0.001s wait)
.2020-01-21 10:16:25.727765 | eval'd: drake::cmq_buildtargetmetadepsspecht_is_subtargetconfig
2020-01-21 10:16:27.534799 | > DO_CALL (0.001s wait)
.2020-01-21 10:16:27.540550 | eval'd: drake::cmq_buildtargetmetadepsspecht_is_subtargetconfig
2020-01-21 10:16:30.039021 | > DO_CALL (0.001s wait)
.2020-01-21 10:16:30.044729 | eval'd: drake::cmq_buildtargetmetadepsspecht_is_subtargetconfig
2020-01-21 10:16:31.359086 | > DO_CALL (0.001s wait)
.2020-01-21 10:16:31.365251 | eval'd: drake::cmq_buildtargetmetadepsspecht_is_subtargetconfig
2020-01-21 10:16:32.710582 | > DO_CALL (0.000s wait)
.2020-01-21 10:16:32.716357 | eval'd: drake::cmq_buildtargetmetadepsspecht_is_subtargetconfig
2020-01-21 10:16:34.031849 | > DO_CALL (0.001s wait)
.2020-01-21 10:16:34.037605 | eval'd: drake::cmq_buildtargetmetadepsspecht_is_subtargetconfig
2020-01-21 10:16:35.447247 | > DO_CALL (0.001s wait)
.2020-01-21 10:16:35.453356 | eval'd: drake::cmq_buildtargetmetadepsspecht_is_subtargetconfig
2020-01-21 10:16:36.756845 | > DO_CALL (0.001s wait)
.2020-01-21 10:16:36.762564 | eval'd: drake::cmq_buildtargetmetadepsspecht_is_subtargetconfig
2020-01-21 10:16:38.219726 | > DO_CALL (0.001s wait)
.2020-01-21 10:16:38.225933 | eval'd: drake::cmq_buildtargetmetadepsspecht_is_subtargetconfig
2020-01-21 10:16:39.510281 | > DO_CALL (0.001s wait)
.2020-01-21 10:16:39.516381 | eval'd: drake::cmq_buildtargetmetadepsspecht_is_subtargetconfig
2020-01-21 10:16:40.939779 | > DO_CALL (0.001s wait)
.2020-01-21 10:16:40.945473 | eval'd: drake::cmq_buildtargetmetadepsspecht_is_subtargetconfig
2020-01-21 10:16:42.223936 | > DO_CALL (0.001s wait)
.2020-01-21 10:16:42.230144 | eval'd: drake::cmq_buildtargetmetadepsspecht_is_subtargetconfig
2020-01-21 10:16:43.518851 | > DO_CALL (0.001s wait)
.2020-01-21 10:16:43.525032 | eval'd: drake::cmq_buildtargetmetadepsspecht_is_subtargetconfig
2020-01-21 10:16:44.913080 | > DO_CALL (0.001s wait)
.2020-01-21 10:16:44.919328 | eval'd: drake::cmq_buildtargetmetadepsspecht_is_subtargetconfig
2020-01-21 10:16:46.311107 | > DO_CALL (0.001s wait)
.2020-01-21 10:16:46.317276 | eval'd: drake::cmq_buildtargetmetadepsspecht_is_subtargetconfig
2020-01-21 10:16:47.752715 | > DO_CALL (0.001s wait)
.2020-01-21 10:16:47.758489 | eval'd: drake::cmq_buildtargetmetadepsspecht_is_subtargetconfig
2020-01-21 10:16:49.217888 | > DO_CALL (0.001s wait)
.2020-01-21 10:16:49.230008 | eval'd: drake::cmq_buildtargetmetadepsspecht_is_subtargetconfig
2020-01-21 10:16:50.573389 | > DO_CALL (0.000s wait)
.2020-01-21 10:16:50.579622 | eval'd: drake::cmq_buildtargetmetadepsspecht_is_subtargetconfig
2020-01-21 10:16:51.790336 | > DO_CALL (0.000s wait)
.2020-01-21 10:16:51.796494 | eval'd: drake::cmq_buildtargetmetadepsspecht_is_subtargetconfig
2020-01-21 10:16:53.074692 | > DO_CALL (0.001s wait)
.2020-01-21 10:16:53.080446 | eval'd: drake::cmq_buildtargetmetadepsspecht_is_subtargetconfig
2020-01-21 10:16:54.447878 | > DO_CALL (0.001s wait)
.2020-01-21 10:16:54.454029 | eval'd: drake::cmq_buildtargetmetadepsspecht_is_subtargetconfig
2020-01-21 10:16:55.755369 | > DO_CALL (0.000s wait)
.2020-01-21 10:16:55.761139 | eval'd: drake::cmq_buildtargetmetadepsspecht_is_subtargetconfig
2020-01-21 10:16:56.997828 | > DO_CALL (0.001s wait)
.2020-01-21 10:16:57.004087 | eval'd: drake::cmq_buildtargetmetadepsspecht_is_subtargetconfig
2020-01-21 10:16:58.186722 | > DO_CALL (0.001s wait)
.2020-01-21 10:16:58.192418 | eval'd: drake::cmq_buildtargetmetadepsspecht_is_subtargetconfig
2020-01-21 10:16:59.821648 | > DO_CALL (0.001s wait)
.2020-01-21 10:16:59.827800 | eval'd: drake::cmq_buildtargetmetadepsspecht_is_subtargetconfig
2020-01-21 10:17:01.024175 | > DO_CALL (0.001s wait)
.2020-01-21 10:17:01.029848 | eval'd: drake::cmq_buildtargetmetadepsspecht_is_subtargetconfig
2020-01-21 10:17:02.287441 | > DO_CALL (0.000s wait)
.2020-01-21 10:17:02.293630 | eval'd: drake::cmq_buildtargetmetadepsspecht_is_subtargetconfig
2020-01-21 10:17:03.528023 | > DO_CALL (0.001s wait)
.2020-01-21 10:17:03.534211 | eval'd: drake::cmq_buildtargetmetadepsspecht_is_subtargetconfig
2020-01-21 10:17:04.820386 | > DO_CALL (0.000s wait)
.2020-01-21 10:17:04.826407 | eval'd: drake::cmq_buildtargetmetadepsspecht_is_subtargetconfig
2020-01-21 10:17:06.028977 | > DO_CALL (0.001s wait)
.2020-01-21 10:17:06.034649 | eval'd: drake::cmq_buildtargetmetadepsspecht_is_subtargetconfig
2020-01-21 10:17:07.305339 | > DO_CALL (0.000s wait)
.
2020-01-21 10:17:07.311066 | eval'd: drake::cmq_buildtargetmetadepsspecht_is_subtargetconfig
2020-01-21 10:17:08.583408 | > DO_CALL (0.000s wait)
.2020-01-21 10:17:08.589146 | eval'd: drake::cmq_buildtargetmetadepsspecht_is_subtargetconfig
2020-01-21 10:17:09.816235 | > DO_CALL (0.001s wait)
.2020-01-21 10:17:09.827965 | eval'd: drake::cmq_buildtargetmetadepsspecht_is_subtargetconfig
2020-01-21 10:17:11.092892 | > DO_CALL (0.001s wait)
.2020-01-21 10:17:11.098548 | eval'd: drake::cmq_buildtargetmetadepsspecht_is_subtargetconfig
2020-01-21 10:17:12.338663 | > DO_CALL (0.001s wait)
.2020-01-21 10:17:12.344828 | eval'd: drake::cmq_buildtargetmetadepsspecht_is_subtargetconfig
2020-01-21 10:17:13.600786 | > DO_CALL (0.001s wait)
.2020-01-21 10:17:13.606958 | eval'd: drake::cmq_buildtargetmetadepsspecht_is_subtargetconfig
2020-01-21 10:17:14.817328 | > DO_CALL (0.000s wait)
.2020-01-21 10:17:14.823402 | eval'd: drake::cmq_buildtargetmetadepsspecht_is_subtargetconfig
2020-01-21 10:17:16.083054 | > DO_CALL (0.001s wait)
.2020-01-21 10:17:16.089111 | eval'd: drake::cmq_buildtargetmetadepsspecht_is_subtargetconfig
2020-01-21 10:17:17.320205 | > DO_CALL (0.001s wait)
.2020-01-21 10:17:17.326420 | eval'd: drake::cmq_buildtargetmetadepsspecht_is_subtargetconfig
2020-01-21 10:17:18.498354 | > DO_CALL (0.000s wait)
.2020-01-21 10:17:18.504050 | eval'd: drake::cmq_buildtargetmetadepsspecht_is_subtargetconfig
2020-01-21 10:17:19.802546 | > DO_CALL (0.000s wait)
.2020-01-21 10:17:19.808672 | eval'd: drake::cmq_buildtargetmetadepsspecht_is_subtargetconfig
2020-01-21 10:17:21.126976 | > DO_CALL (0.001s wait)
.2020-01-21 10:17:21.132707 | eval'd: drake::cmq_buildtargetmetadepsspecht_is_subtargetconfig
2020-01-21 10:17:22.357537 | > DO_CALL (0.000s wait)
.2020-01-21 10:17:22.363691 | eval'd: drake::cmq_buildtargetmetadepsspecht_is_subtargetconfig
2020-01-21 10:17:23.643499 | > DO_CALL (0.000s wait)
.2020-01-21 10:17:23.649270 | eval'd: drake::cmq_buildtargetmetadepsspecht_is_subtargetconfig
2020-01-21 10:17:24.894637 | > DO_CALL (0.001s wait)
.2020-01-21 10:17:24.900818 | eval'd: drake::cmq_buildtargetmetadepsspecht_is_subtargetconfig
2020-01-21 10:17:26.254997 | > DO_CALL (0.001s wait)
.2020-01-21 10:17:26.444420 | eval'd: drake::cmq_buildtargetmetadepsspecht_is_subtargetconfig
2020-01-21 10:17:27.581725 | > DO_CALL (0.001s wait)
.2020-01-21 10:17:27.587804 | eval'd: drake::cmq_buildtargetmetadepsspecht_is_subtargetconfig
2020-01-21 10:17:28.796847 | > DO_CALL (0.001s wait)
.2020-01-21 10:17:28.802563 | eval'd: drake::cmq_buildtargetmetadepsspecht_is_subtargetconfig
2020-01-21 10:17:31.663514 | > DO_CALL (0.000s wait)
.2020-01-21 10:17:31.669780 | eval'd: drake::cmq_buildtargetmetadepsspecht_is_subtargetconfig
2020-01-21 10:17:32.917260 | > DO_CALL (0.001s wait)
.2020-01-21 10:17:32.922952 | eval'd: drake::cmq_buildtargetmetadepsspecht_is_subtargetconfig
2020-01-21 10:17:34.201308 | > DO_CALL (0.001s wait)
.2020-01-21 10:17:34.207525 | eval'd: drake::cmq_buildtargetmetadepsspecht_is_subtargetconfig
2020-01-21 10:17:35.563802 | > DO_CALL (0.001s wait)
.2020-01-21 10:17:35.570018 | eval'd: drake::cmq_buildtargetmetadepsspecht_is_subtargetconfig
2020-01-21 10:17:36.803134 | > DO_CALL (0.001s wait)
.2020-01-21 10:17:36.809298 | eval'd: drake::cmq_buildtargetmetadepsspecht_is_subtargetconfig
2020-01-21 10:17:38.418280 | > DO_CALL (0.001s wait)
.2020-01-21 10:17:38.424518 | eval'd: drake::cmq_buildtargetmetadepsspecht_is_subtargetconfig
2020-01-21 10:17:39.719882 | > DO_CALL (0.001s wait)
.2020-01-21 10:17:39.726163 | eval'd: drake::cmq_buildtargetmetadepsspecht_is_subtargetconfig
2020-01-21 10:17:41.090918 | > DO_CALL (0.001s wait)
.2020-01-21 10:17:41.097189 | eval'd: drake::cmq_buildtargetmetadepsspecht_is_subtargetconfig
2020-01-21 10:17:42.381441 | > DO_CALL (0.000s wait)
.2020-01-21 10:17:42.387434 | eval'd: drake::cmq_buildtargetmetadepsspecht_is_subtargetconfig
2020-01-21 10:17:43.641173 | > DO_CALL (0.001s wait)
.2020-01-21 10:17:43.647607 | eval'd: drake::cmq_buildtargetmetadepsspecht_is_subtargetconfig
2020-01-21 10:17:44.943699 | > DO_CALL (0.001s wait)
.2020-01-21 10:17:44.949792 | eval'd: drake::cmq_buildtargetmetadepsspecht_is_subtargetconfig
2020-01-21 10:17:46.166485 | > DO_CALL (0.001s wait)
.2020-01-21 10:17:46.172587 | eval'd: drake::cmq_buildtargetmetadepsspecht_is_subtargetconfig
2020-01-21 10:17:47.461008 | > DO_CALL (0.001s wait)
.2020-01-21 10:17:47.467066 | eval'd: drake::cmq_buildtargetmetadepsspecht_is_subtargetconfig
2020-01-21 10:17:48.769080 | > DO_CALL (0.001s wait)
.2020-01-21 10:17:48.775137 | eval'd: drake::cmq_buildtargetmetadepsspecht_is_subtargetconfig
2020-01-21 10:17:50.017717 | > DO_CALL (0.001s wait)
.2020-01-21 10:17:50.023852 | eval'd: drake::cmq_buildtargetmetadepsspecht_is_subtargetconfig
2020-01-21 10:17:51.355789 | > DO_CALL (0.001s wait)
.2020-01-21 10:17:51.362594 | eval'd: drake::cmq_buildtargetmetadepsspecht_is_subtargetconfig
2020-01-21 10:17:52.584692 | > DO_CALL (0.001s wait)
.2020-01-21 10:17:52.591333 | eval'd: drake::cmq_buildtargetmetadepsspecht_is_subtargetconfig
2020-01-21 10:17:53.883967 | > DO_CALL (0.001s wait)
.2020-01-21 10:17:53.890522 | eval'd: drake::cmq_buildtargetmetadepsspecht_is_subtargetconfig
2020-01-21 10:17:55.113491 | > DO_CALL (0.001s wait)
.2020-01-21 10:17:55.119624 | eval'd: drake::cmq_buildtargetmetadepsspecht_is_subtargetconfig
2020-01-21 10:17:56.435460 | > DO_CALL (0.001s wait)
.2020-01-21 10:17:56.441663 | eval'd: drake::cmq_buildtargetmetadepsspecht_is_subtargetconfig
2020-01-21 10:17:57.684773 | > DO_CALL (0.001s wait)
.2020-01-21 10:17:57.691261 | eval'd: drake::cmq_buildtargetmetadepsspecht_is_subtargetconfig
2020-01-21 10:17:59.026401 | > DO_CALL (0.001s wait)
.2020-01-21 10:17:59.033745 | eval'd: drake::cmq_buildtargetmetadepsspecht_is_subtargetconfig
2020-01-21 10:18:00.378791 | > DO_CALL (0.001s wait)
.2020-01-21 10:18:00.386644 | eval'd: drake::cmq_buildtargetmetadepsspecht_is_subtargetconfig
2020-01-21 10:18:01.709519 | > DO_CALL (0.001s wait)
.2020-01-21 10:18:01.723196 | eval'd: drake::cmq_buildtargetmetadepsspecht_is_subtargetconfig
2020-01-21 10:18:03.198952 | > DO_CALL (0.001s wait)
.2020-01-21 10:18:03.205169 | eval'd: drake::cmq_buildtargetmetadepsspecht_is_subtargetconfig
2020-01-21 10:18:04.434673 | > DO_CALL (0.001s wait)
.2020-01-21 10:18:04.440779 | eval'd: drake::cmq_buildtargetmetadepsspecht_is_subtargetconfig
2020-01-21 10:18:05.806211 | > DO_CALL (0.001s wait)
.2020-01-21 10:18:05.812464 | eval'd: drake::cmq_buildtargetmetadepsspecht_is_subtargetconfig
2020-01-21 10:18:07.057308 | > DO_CALL (0.001s wait)
.2020-01-21 10:18:07.063423 | eval'd: drake::cmq_buildtargetmetadepsspecht_is_subtargetconfig
2020-01-21 10:18:08.330062 | > DO_CALL (0.001s wait)
.2020-01-21 10:18:08.336209 | eval'd: drake::cmq_buildtargetmetadepsspecht_is_subtargetconfig
2020-01-21 10:18:09.571384 | > DO_CALL (0.000s wait)
.2020-01-21 10:18:09.577081 | eval'd: drake::cmq_buildtargetmetadepsspecht_is_subtargetconfig
2020-01-21 10:18:11.236591 | > DO_CALL (0.000s wait)
.2020-01-21 10:18:11.242772 | eval'd: drake::cmq_buildtargetmetadepsspecht_is_subtargetconfig
2020-01-21 10:18:12.473720 | > DO_CALL (0.001s wait)
.2020-01-21 10:18:12.479890 | eval'd: drake::cmq_buildtargetmetadepsspecht_is_subtargetconfig
2020-01-21 10:18:13.742360 | > DO_CALL (0.000s wait)
.2020-01-21 10:18:13.748494 | eval'd: drake::cmq_buildtargetmetadepsspecht_is_subtargetconfig
2020-01-21 10:18:15.023605 | > DO_CALL (0.001s wait)
.2020-01-21 10:18:15.029274 | eval'd: drake::cmq_buildtargetmetadepsspecht_is_subtargetconfig
2020-01-21 10:18:16.309570 | > DO_CALL (0.000s wait)
.2020-01-21 10:18:16.315308 | eval'd: drake::cmq_buildtargetmetadepsspecht_is_subtargetconfig
2020-01-21 10:18:17.515768 | > DO_CALL (0.001s wait)
.2020-01-21 10:18:17.521557 | eval'd: drake::cmq_buildtargetmetadepsspecht_is_subtargetconfig
2020-01-21 10:18:18.688280 | > DO_CALL (0.001s wait)
.2020-01-21 10:18:18.694006 | eval'd: drake::cmq_buildtargetmetadepsspecht_is_subtargetconfig
2020-01-21 10:18:19.982965 | > DO_CALL (0.001s wait)
.2020-01-21 10:18:19.988700 | eval'd: drake::cmq_buildtargetmetadepsspecht_is_subtargetconfig
2020-01-21 10:18:21.389988 | > DO_CALL (0.001s wait)
.2020-01-21 10:18:21.396265 | eval'd: drake::cmq_buildtargetmetadepsspecht_is_subtargetconfig
2020-01-21 10:18:22.672049 | > DO_CALL (0.001s wait)
.2020-01-21 10:18:22.678197 | eval'd: drake::cmq_buildtargetmetadepsspecht_is_subtargetconfig
2020-01-21 10:18:23.871277 | > DO_CALL (0.001s wait)
.2020-01-21 10:18:23.876977 | eval'd: drake::cmq_buildtargetmetadepsspecht_is_subtargetconfig
2020-01-21 10:18:25.129843 | > DO_CALL (0.001s wait)
.2020-01-21 10:18:25.135580 | eval'd: drake::cmq_buildtargetmetadepsspecht_is_subtargetconfig
2020-01-21 10:18:26.390956 | > DO_CALL (0.001s wait)
.2020-01-21 10:18:26.396834 | eval'd: drake::cmq_buildtargetmetadepsspecht_is_subtargetconfig
2020-01-21 10:18:27.609031 | > DO_CALL (0.001s wait)
.2020-01-21 10:18:27.614760 | eval'd: drake::cmq_buildtargetmetadepsspecht_is_subtargetconfig
2020-01-21 10:18:28.885040 | > DO_CALL (0.001s wait)
.2020-01-21 10:18:28.891256 | eval'd: drake::cmq_buildtargetmetadepsspecht_is_subtargetconfig
2020-01-21 10:18:30.103749 | > DO_CALL (0.007s wait)
.2020-01-21 10:18:30.109812 | eval'd: drake::cmq_buildtargetmetadepsspecht_is_subtargetconfig
2020-01-21 10:18:31.310947 | > DO_CALL (0.001s wait)
.2020-01-21 10:18:31.316725 | eval'd: drake::cmq_buildtargetmetadepsspecht_is_subtargetconfig
2020-01-21 10:18:33.807851 | > DO_CALL (0.001s wait)
.2020-01-21 10:18:33.814026 | eval'd: drake::cmq_buildtargetmetadepsspecht_is_subtargetconfig
2020-01-21 10:18:35.072562 | > DO_CALL (0.000s wait)
.2020-01-21 10:18:35.078730 | eval'd: drake::cmq_buildtargetmetadepsspecht_is_subtargetconfig
2020-01-21 10:18:36.348582 | > DO_CALL (0.000s wait)
.2020-01-21 10:18:36.354245 | eval'd: drake::cmq_buildtargetmetadepsspecht_is_subtargetconfig
2020-01-21 10:18:37.661961 | > DO_CALL (0.001s wait)
.2020-01-21 10:18:37.669722 | eval'd: drake::cmq_buildtargetmetadepsspecht_is_subtargetconfig
2020-01-21 10:18:38.937819 | > DO_CALL (0.001s wait)
.2020-01-21 10:18:38.944825 | eval'd: drake::cmq_buildtargetmetadepsspecht_is_subtargetconfig
2020-01-21 10:18:40.139361 | > DO_CALL (0.001s wait)
.2020-01-21 10:18:40.146011 | eval'd: drake::cmq_buildtargetmetadepsspecht_is_subtargetconfig
2020-01-21 10:18:41.407123 | > DO_CALL (0.001s wait)
.2020-01-21 10:18:41.413747 | eval'd: drake::cmq_buildtargetmetadepsspecht_is_subtargetconfig
2020-01-21 10:18:42.796165 | > DO_CALL (0.001s wait)
.2020-01-21 10:18:42.802792 | eval'd: drake::cmq_buildtargetmetadepsspecht_is_subtargetconfig
2020-01-21 10:18:44.020152 | > DO_CALL (0.001s wait)
.2020-01-21 10:18:44.026726 | eval'd: drake::cmq_buildtargetmetadepsspecht_is_subtargetconfig
2020-01-21 10:18:45.242203 | > DO_CALL (0.001s wait)
.2020-01-21 10:18:45.248746 | eval'd: drake::cmq_buildtargetmetadepsspecht_is_subtargetconfig
2020-01-21 10:18:46.434096 | > DO_CALL (0.001s wait)
.2020-01-21 10:18:46.441015 | eval'd: drake::cmq_buildtargetmetadepsspecht_is_subtargetconfig
2020-01-21 10:18:47.702077 | > DO_CALL (0.001s wait)
.2020-01-21 10:18:47.709063 | eval'd: drake::cmq_buildtargetmetadepsspecht_is_subtargetconfig
2020-01-21 10:18:49.076603 | > DO_CALL (0.001s wait)
.2020-01-21 10:18:49.082958 | eval'd: drake::cmq_buildtargetmetadepsspecht_is_subtargetconfig
2020-01-21 10:18:50.348378 | > DO_CALL (0.001s wait)
.2020-01-21 10:18:50.354776 | eval'd: drake::cmq_buildtargetmetadepsspecht_is_subtargetconfig
2020-01-21 10:18:51.628782 | > DO_CALL (0.001s wait)
.
2020-01-21 10:18:51.635240 | eval'd: drake::cmq_buildtargetmetadepsspecht_is_subtargetconfig
2020-01-21 10:18:52.889810 | > DO_CALL (0.001s wait)
.2020-01-21 10:18:52.911520 | eval'd: drake::cmq_buildtargetmetadepsspecht_is_subtargetconfig
2020-01-21 10:18:54.182634 | > DO_CALL (0.001s wait)
.2020-01-21 10:18:54.189306 | eval'd: drake::cmq_buildtargetmetadepsspecht_is_subtargetconfig
2020-01-21 10:18:55.460675 | > DO_CALL (0.001s wait)
.2020-01-21 10:18:55.466943 | eval'd: drake::cmq_buildtargetmetadepsspecht_is_subtargetconfig
2020-01-21 10:18:56.755034 | > DO_CALL (0.001s wait)
.2020-01-21 10:18:56.760822 | eval'd: drake::cmq_buildtargetmetadepsspecht_is_subtargetconfig
2020-01-21 10:18:57.979970 | > DO_CALL (0.001s wait)
.2020-01-21 10:18:57.986281 | eval'd: drake::cmq_buildtargetmetadepsspecht_is_subtargetconfig
2020-01-21 10:18:59.252508 | > DO_CALL (0.000s wait)
.2020-01-21 10:18:59.258276 | eval'd: drake::cmq_buildtargetmetadepsspecht_is_subtargetconfig
2020-01-21 10:19:00.506597 | > DO_CALL (0.000s wait)
.2020-01-21 10:19:00.512341 | eval'd: drake::cmq_buildtargetmetadepsspecht_is_subtargetconfig
2020-01-21 10:19:01.781380 | > DO_CALL (0.001s wait)
.2020-01-21 10:19:01.787504 | eval'd: drake::cmq_buildtargetmetadepsspecht_is_subtargetconfig
2020-01-21 10:19:03.099269 | > DO_CALL (0.001s wait)
.2020-01-21 10:19:03.105365 | eval'd: drake::cmq_buildtargetmetadepsspecht_is_subtargetconfig
2020-01-21 10:19:04.387931 | > DO_CALL (0.001s wait)
.2020-01-21 10:19:04.394047 | eval'd: drake::cmq_buildtargetmetadepsspecht_is_subtargetconfig
2020-01-21 10:19:05.755778 | > DO_CALL (0.001s wait)
.2020-01-21 10:19:05.762571 | eval'd: drake::cmq_buildtargetmetadepsspecht_is_subtargetconfig
2020-01-21 10:19:06.975818 | > DO_CALL (0.001s wait)
.2020-01-21 10:19:06.981565 | eval'd: drake::cmq_buildtargetmetadepsspecht_is_subtargetconfig
2020-01-21 10:19:08.338962 | > DO_CALL (0.001s wait)
.2020-01-21 10:19:08.345135 | eval'd: drake::cmq_buildtargetmetadepsspecht_is_subtargetconfig
2020-01-21 10:19:09.639084 | > DO_CALL (0.001s wait)
.2020-01-21 10:19:09.645266 | eval'd: drake::cmq_buildtargetmetadepsspecht_is_subtargetconfig
2020-01-21 10:19:10.984806 | > DO_CALL (0.001s wait)
.2020-01-21 10:19:10.991031 | eval'd: drake::cmq_buildtargetmetadepsspecht_is_subtargetconfig
2020-01-21 10:19:12.276486 | > DO_CALL (0.000s wait)
.2020-01-21 10:19:12.468398 | eval'd: drake::cmq_buildtargetmetadepsspecht_is_subtargetconfig
2020-01-21 10:19:13.794171 | > DO_CALL (0.001s wait)
.2020-01-21 10:19:13.799955 | eval'd: drake::cmq_buildtargetmetadepsspecht_is_subtargetconfig
2020-01-21 10:19:15.033195 | > DO_CALL (0.001s wait)
.2020-01-21 10:19:15.039391 | eval'd: drake::cmq_buildtargetmetadepsspecht_is_subtargetconfig
2020-01-21 10:19:16.480602 | > DO_CALL (0.001s wait)
.2020-01-21 10:19:16.486732 | eval'd: drake::cmq_buildtargetmetadepsspecht_is_subtargetconfig
2020-01-21 10:19:17.827960 | > DO_CALL (0.001s wait)
.2020-01-21 10:19:17.834028 | eval'd: drake::cmq_buildtargetmetadepsspecht_is_subtargetconfig
2020-01-21 10:19:19.164055 | > DO_CALL (0.001s wait)
.2020-01-21 10:19:19.170731 | eval'd: drake::cmq_buildtargetmetadepsspecht_is_subtargetconfig
2020-01-21 10:19:20.448058 | > DO_CALL (0.001s wait)
.2020-01-21 10:19:20.453779 | eval'd: drake::cmq_buildtargetmetadepsspecht_is_subtargetconfig
2020-01-21 10:20:04.119047 | > DO_CALL (0.017s wait)
.2020-01-21 10:20:04.223683 | eval'd: drake::cmq_buildtargetmetadepsspecht_is_subtargetconfig
2020-01-21 10:20:04.340682 | > DO_CALL (0.002s wait)
.2020-01-21 10:20:04.343454 | eval'd: drake::cmq_buildtargetmetadepsspecht_is_subtargetconfig
2020-01-21 10:20:04.398373 | > WORKER_WAIT (0.000s wait)
2020-01-21 10:20:04.398858 | waiting 1.00s
2020-01-21 10:23:30.836997 | > WORKER_STOP (0.000s wait)
2020-01-21 10:23:30.837890 | shutting down worker
2020-01-21 10:23:31.035393 | 
Total: 280 in 5.03s [user], 0.41s [system], 661.50s [elapsed]
