2020-01-21 10:12:29.325024 | Master: tcp://c30a-s2:6917
2020-01-21 10:12:29.338497 | WORKER_UP to: tcp://c30a-s2:6917
2020-01-21 10:12:31.919322 | > DO_SETUP (2.415s wait)
2020-01-21 10:12:31.920184 | token from msg: set_common_data_token
2020-01-21 10:12:32.173528 | > DO_CALL (0.000s wait)
.* Option 'clustermq.scheduler' not set, defaulting to ‘SLURM’
--- see: https://mschubert.github.io/clustermq/articles/userguide.html#configuration
2020-01-21 10:12:32.519973 | eval'd: drake::cmq_buildtargetmetadepsspecht_is_subtargetconfig
2020-01-21 10:12:33.853138 | > DO_CALL (0.001s wait)
.2020-01-21 10:12:34.037892 | eval'd: drake::cmq_buildtargetmetadepsspecht_is_subtargetconfig
2020-01-21 10:12:36.396411 | > DO_CALL (0.000s wait)
.2020-01-21 10:12:36.402832 | eval'd: drake::cmq_buildtargetmetadepsspecht_is_subtargetconfig
2020-01-21 10:12:38.661350 | > DO_CALL (0.001s wait)
.2020-01-21 10:12:38.668090 | eval'd: drake::cmq_buildtargetmetadepsspecht_is_subtargetconfig
2020-01-21 10:12:40.360301 | > DO_CALL (0.001s wait)
.2020-01-21 10:12:40.366710 | eval'd: drake::cmq_buildtargetmetadepsspecht_is_subtargetconfig
2020-01-21 10:12:42.260157 | > DO_CALL (0.001s wait)
.2020-01-21 10:12:42.266954 | eval'd: drake::cmq_buildtargetmetadepsspecht_is_subtargetconfig
2020-01-21 10:12:44.228320 | > DO_CALL (0.001s wait)
.2020-01-21 10:12:44.235038 | eval'd: drake::cmq_buildtargetmetadepsspecht_is_subtargetconfig
2020-01-21 10:12:45.787229 | > DO_CALL (0.001s wait)
.2020-01-21 10:12:45.794976 | eval'd: drake::cmq_buildtargetmetadepsspecht_is_subtargetconfig
2020-01-21 10:12:47.546187 | > DO_CALL (0.001s wait)
.2020-01-21 10:12:47.552799 | eval'd: drake::cmq_buildtargetmetadepsspecht_is_subtargetconfig
2020-01-21 10:12:49.497844 | > DO_CALL (0.001s wait)
.2020-01-21 10:12:49.504761 | eval'd: drake::cmq_buildtargetmetadepsspecht_is_subtargetconfig
2020-01-21 10:12:51.330568 | > DO_CALL (0.000s wait)
.2020-01-21 10:12:51.337465 | eval'd: drake::cmq_buildtargetmetadepsspecht_is_subtargetconfig
2020-01-21 10:12:53.125164 | > DO_CALL (0.001s wait)
.2020-01-21 10:12:53.133685 | eval'd: drake::cmq_buildtargetmetadepsspecht_is_subtargetconfig
2020-01-21 10:12:54.607697 | > DO_CALL (0.001s wait)
.2020-01-21 10:12:54.615665 | eval'd: drake::cmq_buildtargetmetadepsspecht_is_subtargetconfig
2020-01-21 10:12:56.444498 | > DO_CALL (0.001s wait)
.2020-01-21 10:12:56.452114 | eval'd: drake::cmq_buildtargetmetadepsspecht_is_subtargetconfig
2020-01-21 10:12:58.509361 | > DO_CALL (0.001s wait)
.2020-01-21 10:12:58.517441 | eval'd: drake::cmq_buildtargetmetadepsspecht_is_subtargetconfig
2020-01-21 10:13:00.296589 | > DO_CALL (0.000s wait)
.2020-01-21 10:13:00.304594 | eval'd: drake::cmq_buildtargetmetadepsspecht_is_subtargetconfig
2020-01-21 10:13:01.983202 | > DO_CALL (0.001s wait)
.2020-01-21 10:13:01.990739 | eval'd: drake::cmq_buildtargetmetadepsspecht_is_subtargetconfig
2020-01-21 10:13:03.933295 | > DO_CALL (0.001s wait)
.2020-01-21 10:13:03.945108 | eval'd: drake::cmq_buildtargetmetadepsspecht_is_subtargetconfig
2020-01-21 10:13:05.555979 | > DO_CALL (0.001s wait)
.
2020-01-21 10:13:05.564946 | eval'd: drake::cmq_buildtargetmetadepsspecht_is_subtargetconfig
2020-01-21 10:13:07.335469 | > DO_CALL (0.001s wait)
.2020-01-21 10:13:07.343398 | eval'd: drake::cmq_buildtargetmetadepsspecht_is_subtargetconfig
2020-01-21 10:13:09.056449 | > DO_CALL (0.001s wait)
.2020-01-21 10:13:09.064434 | eval'd: drake::cmq_buildtargetmetadepsspecht_is_subtargetconfig
2020-01-21 10:13:10.935259 | > DO_CALL (0.001s wait)
.2020-01-21 10:13:10.943262 | eval'd: drake::cmq_buildtargetmetadepsspecht_is_subtargetconfig
2020-01-21 10:13:12.879337 | > DO_CALL (0.001s wait)
.2020-01-21 10:13:12.887308 | eval'd: drake::cmq_buildtargetmetadepsspecht_is_subtargetconfig
2020-01-21 10:13:14.952893 | > DO_CALL (0.001s wait)
.2020-01-21 10:13:14.960880 | eval'd: drake::cmq_buildtargetmetadepsspecht_is_subtargetconfig
2020-01-21 10:13:17.052857 | > DO_CALL (0.001s wait)
.2020-01-21 10:13:17.060826 | eval'd: drake::cmq_buildtargetmetadepsspecht_is_subtargetconfig
2020-01-21 10:13:18.795875 | > DO_CALL (0.001s wait)
.2020-01-21 10:13:18.803885 | eval'd: drake::cmq_buildtargetmetadepsspecht_is_subtargetconfig
2020-01-21 10:13:20.465787 | > DO_CALL (0.001s wait)
.2020-01-21 10:13:20.473828 | eval'd: drake::cmq_buildtargetmetadepsspecht_is_subtargetconfig
2020-01-21 10:13:23.238324 | > DO_CALL (0.001s wait)
.2020-01-21 10:13:23.246441 | eval'd: drake::cmq_buildtargetmetadepsspecht_is_subtargetconfig
2020-01-21 10:13:24.998956 | > DO_CALL (0.001s wait)
.2020-01-21 10:13:25.006914 | eval'd: drake::cmq_buildtargetmetadepsspecht_is_subtargetconfig
2020-01-21 10:13:26.712149 | > DO_CALL (0.001s wait)
.2020-01-21 10:13:26.737182 | eval'd: drake::cmq_buildtargetmetadepsspecht_is_subtargetconfig
2020-01-21 10:13:28.438974 | > DO_CALL (0.001s wait)
.2020-01-21 10:13:28.446060 | eval'd: drake::cmq_buildtargetmetadepsspecht_is_subtargetconfig
2020-01-21 10:13:30.224333 | > DO_CALL (0.001s wait)
.2020-01-21 10:13:30.231549 | eval'd: drake::cmq_buildtargetmetadepsspecht_is_subtargetconfig
2020-01-21 10:13:32.121993 | > DO_CALL (0.001s wait)
.2020-01-21 10:13:32.128782 | eval'd: drake::cmq_buildtargetmetadepsspecht_is_subtargetconfig
2020-01-21 10:13:34.487300 | > DO_CALL (0.001s wait)
.2020-01-21 10:13:34.494457 | eval'd: drake::cmq_buildtargetmetadepsspecht_is_subtargetconfig
2020-01-21 10:13:36.275465 | > DO_CALL (0.000s wait)
.2020-01-21 10:13:36.282579 | eval'd: drake::cmq_buildtargetmetadepsspecht_is_subtargetconfig
2020-01-21 10:13:38.106776 | > DO_CALL (0.001s wait)
.2020-01-21 10:13:38.113759 | eval'd: drake::cmq_buildtargetmetadepsspecht_is_subtargetconfig
2020-01-21 10:13:40.241336 | > DO_CALL (0.001s wait)
.2020-01-21 10:13:40.248749 | eval'd: drake::cmq_buildtargetmetadepsspecht_is_subtargetconfig
2020-01-21 10:13:41.932992 | > DO_CALL (0.001s wait)
.2020-01-21 10:13:41.940050 | eval'd: drake::cmq_buildtargetmetadepsspecht_is_subtargetconfig
2020-01-21 10:13:43.809488 | > DO_CALL (0.000s wait)
.2020-01-21 10:13:43.816640 | eval'd: drake::cmq_buildtargetmetadepsspecht_is_subtargetconfig
2020-01-21 10:13:45.476573 | > DO_CALL (0.000s wait)
.2020-01-21 10:13:45.483512 | eval'd: drake::cmq_buildtargetmetadepsspecht_is_subtargetconfig
2020-01-21 10:13:46.932998 | > DO_CALL (0.001s wait)
.2020-01-21 10:13:46.939044 | eval'd: drake::cmq_buildtargetmetadepsspecht_is_subtargetconfig
2020-01-21 10:13:48.498381 | > DO_CALL (0.000s wait)
.2020-01-21 10:13:48.504845 | eval'd: drake::cmq_buildtargetmetadepsspecht_is_subtargetconfig
2020-01-21 10:13:50.072837 | > DO_CALL (0.001s wait)
.2020-01-21 10:13:50.079322 | eval'd: drake::cmq_buildtargetmetadepsspecht_is_subtargetconfig
2020-01-21 10:13:51.559130 | > DO_CALL (0.001s wait)
.2020-01-21 10:13:51.565620 | eval'd: drake::cmq_buildtargetmetadepsspecht_is_subtargetconfig
2020-01-21 10:13:53.271514 | > DO_CALL (0.000s wait)
.2020-01-21 10:13:53.277938 | eval'd: drake::cmq_buildtargetmetadepsspecht_is_subtargetconfig
2020-01-21 10:13:54.879225 | > DO_CALL (0.001s wait)
.2020-01-21 10:13:54.885667 | eval'd: drake::cmq_buildtargetmetadepsspecht_is_subtargetconfig
2020-01-21 10:13:56.621333 | > DO_CALL (0.000s wait)
.2020-01-21 10:13:56.627367 | eval'd: drake::cmq_buildtargetmetadepsspecht_is_subtargetconfig
2020-01-21 10:13:58.258377 | > DO_CALL (0.000s wait)
.2020-01-21 10:13:58.264842 | eval'd: drake::cmq_buildtargetmetadepsspecht_is_subtargetconfig
2020-01-21 10:14:00.099985 | > DO_CALL (0.001s wait)
.2020-01-21 10:14:00.106455 | eval'd: drake::cmq_buildtargetmetadepsspecht_is_subtargetconfig
2020-01-21 10:14:02.147718 | > DO_CALL (0.001s wait)
.2020-01-21 10:14:02.154282 | eval'd: drake::cmq_buildtargetmetadepsspecht_is_subtargetconfig
2020-01-21 10:14:03.781700 | > DO_CALL (0.001s wait)
.2020-01-21 10:14:03.788245 | eval'd: drake::cmq_buildtargetmetadepsspecht_is_subtargetconfig
2020-01-21 10:14:05.707721 | > DO_CALL (0.001s wait)
.2020-01-21 10:14:05.714244 | eval'd: drake::cmq_buildtargetmetadepsspecht_is_subtargetconfig
2020-01-21 10:14:07.332383 | > DO_CALL (0.001s wait)
.2020-01-21 10:14:07.345341 | eval'd: drake::cmq_buildtargetmetadepsspecht_is_subtargetconfig
2020-01-21 10:14:09.111614 | > DO_CALL (0.001s wait)
.2020-01-21 10:14:09.118036 | eval'd: drake::cmq_buildtargetmetadepsspecht_is_subtargetconfig
2020-01-21 10:14:10.905117 | > DO_CALL (0.001s wait)
.2020-01-21 10:14:10.911530 | eval'd: drake::cmq_buildtargetmetadepsspecht_is_subtargetconfig
2020-01-21 10:14:12.663757 | > DO_CALL (0.001s wait)
.2020-01-21 10:14:12.669814 | eval'd: drake::cmq_buildtargetmetadepsspecht_is_subtargetconfig
2020-01-21 10:14:14.090572 | > DO_CALL (0.000s wait)
.2020-01-21 10:14:14.097028 | eval'd: drake::cmq_buildtargetmetadepsspecht_is_subtargetconfig
2020-01-21 10:14:15.717294 | > DO_CALL (0.001s wait)
.2020-01-21 10:14:15.723710 | eval'd: drake::cmq_buildtargetmetadepsspecht_is_subtargetconfig
2020-01-21 10:14:17.289164 | > DO_CALL (0.001s wait)
.2020-01-21 10:14:17.295645 | eval'd: drake::cmq_buildtargetmetadepsspecht_is_subtargetconfig
2020-01-21 10:14:19.072818 | > DO_CALL (0.001s wait)
.2020-01-21 10:14:19.079274 | eval'd: drake::cmq_buildtargetmetadepsspecht_is_subtargetconfig
2020-01-21 10:14:20.402593 | > DO_CALL (0.000s wait)
.2020-01-21 10:14:20.409046 | eval'd: drake::cmq_buildtargetmetadepsspecht_is_subtargetconfig
2020-01-21 10:14:21.839971 | > DO_CALL (0.001s wait)
.2020-01-21 10:14:21.846069 | eval'd: drake::cmq_buildtargetmetadepsspecht_is_subtargetconfig
2020-01-21 10:14:24.984765 | > DO_CALL (0.001s wait)
.2020-01-21 10:14:24.991381 | eval'd: drake::cmq_buildtargetmetadepsspecht_is_subtargetconfig
2020-01-21 10:14:26.360430 | > DO_CALL (0.000s wait)
.2020-01-21 10:14:26.366970 | eval'd: drake::cmq_buildtargetmetadepsspecht_is_subtargetconfig
2020-01-21 10:14:27.822879 | > DO_CALL (0.001s wait)
.2020-01-21 10:14:27.829414 | eval'd: drake::cmq_buildtargetmetadepsspecht_is_subtargetconfig
2020-01-21 10:14:29.524446 | > DO_CALL (0.000s wait)
.2020-01-21 10:14:29.530597 | eval'd: drake::cmq_buildtargetmetadepsspecht_is_subtargetconfig
2020-01-21 10:14:30.873500 | > DO_CALL (0.000s wait)
.2020-01-21 10:14:30.879990 | eval'd: drake::cmq_buildtargetmetadepsspecht_is_subtargetconfig
2020-01-21 10:14:32.155125 | > DO_CALL (0.001s wait)
.2020-01-21 10:14:32.161614 | eval'd: drake::cmq_buildtargetmetadepsspecht_is_subtargetconfig
2020-01-21 10:14:33.802255 | > DO_CALL (0.001s wait)
.2020-01-21 10:14:33.808675 | eval'd: drake::cmq_buildtargetmetadepsspecht_is_subtargetconfig
2020-01-21 10:14:35.101958 | > DO_CALL (0.001s wait)
.2020-01-21 10:14:35.108523 | eval'd: drake::cmq_buildtargetmetadepsspecht_is_subtargetconfig
2020-01-21 10:14:36.587985 | > DO_CALL (0.001s wait)
.2020-01-21 10:14:36.594458 | eval'd: drake::cmq_buildtargetmetadepsspecht_is_subtargetconfig
2020-01-21 10:14:38.014883 | > DO_CALL (0.001s wait)
.2020-01-21 10:14:38.026922 | eval'd: drake::cmq_buildtargetmetadepsspecht_is_subtargetconfig
2020-01-21 10:14:39.499490 | > DO_CALL (0.000s wait)
.2020-01-21 10:14:39.505530 | eval'd: drake::cmq_buildtargetmetadepsspecht_is_subtargetconfig
2020-01-21 10:14:41.030985 | > DO_CALL (0.001s wait)
.2020-01-21 10:14:41.037317 | eval'd: drake::cmq_buildtargetmetadepsspecht_is_subtargetconfig
2020-01-21 10:14:42.674124 | > DO_CALL (0.001s wait)
.2020-01-21 10:14:42.680561 | eval'd: drake::cmq_buildtargetmetadepsspecht_is_subtargetconfig
2020-01-21 10:14:44.367371 | > DO_CALL (0.000s wait)
.2020-01-21 10:14:44.373755 | eval'd: drake::cmq_buildtargetmetadepsspecht_is_subtargetconfig
2020-01-21 10:14:45.928835 | > DO_CALL (0.001s wait)
.2020-01-21 10:14:45.935350 | eval'd: drake::cmq_buildtargetmetadepsspecht_is_subtargetconfig
2020-01-21 10:14:47.355151 | > DO_CALL (0.001s wait)
.2020-01-21 10:14:47.361253 | eval'd: drake::cmq_buildtargetmetadepsspecht_is_subtargetconfig
2020-01-21 10:14:48.870249 | > DO_CALL (0.001s wait)
.2020-01-21 10:14:48.876857 | eval'd: drake::cmq_buildtargetmetadepsspecht_is_subtargetconfig
2020-01-21 10:14:50.283735 | > DO_CALL (0.001s wait)
.2020-01-21 10:14:50.289813 | eval'd: drake::cmq_buildtargetmetadepsspecht_is_subtargetconfig
2020-01-21 10:14:51.778055 | > DO_CALL (0.001s wait)
.2020-01-21 10:14:51.784527 | eval'd: drake::cmq_buildtargetmetadepsspecht_is_subtargetconfig
2020-01-21 10:14:53.334373 | > DO_CALL (0.000s wait)
.2020-01-21 10:14:53.341056 | eval'd: drake::cmq_buildtargetmetadepsspecht_is_subtargetconfig
2020-01-21 10:14:55.009348 | > DO_CALL (0.000s wait)
.2020-01-21 10:14:55.015439 | eval'd: drake::cmq_buildtargetmetadepsspecht_is_subtargetconfig
2020-01-21 10:14:56.515783 | > DO_CALL (0.001s wait)
.2020-01-21 10:14:56.522418 | eval'd: drake::cmq_buildtargetmetadepsspecht_is_subtargetconfig
2020-01-21 10:14:57.823175 | > DO_CALL (0.001s wait)
.2020-01-21 10:14:57.829686 | eval'd: drake::cmq_buildtargetmetadepsspecht_is_subtargetconfig
2020-01-21 10:14:59.319787 | > DO_CALL (0.001s wait)
.2020-01-21 10:14:59.325889 | eval'd: drake::cmq_buildtargetmetadepsspecht_is_subtargetconfig
2020-01-21 10:15:00.650070 | > DO_CALL (0.001s wait)
.2020-01-21 10:15:00.656671 | eval'd: drake::cmq_buildtargetmetadepsspecht_is_subtargetconfig
2020-01-21 10:15:02.242659 | > DO_CALL (0.012s wait)
.2020-01-21 10:15:02.248938 | eval'd: drake::cmq_buildtargetmetadepsspecht_is_subtargetconfig
2020-01-21 10:15:03.646571 | > DO_CALL (0.000s wait)
.2020-01-21 10:15:03.653745 | eval'd: drake::cmq_buildtargetmetadepsspecht_is_subtargetconfig
2020-01-21 10:15:05.118367 | > DO_CALL (0.000s wait)
.2020-01-21 10:15:05.124384 | eval'd: drake::cmq_buildtargetmetadepsspecht_is_subtargetconfig
2020-01-21 10:15:06.509062 | > DO_CALL (0.001s wait)
.2020-01-21 10:15:06.515492 | eval'd: drake::cmq_buildtargetmetadepsspecht_is_subtargetconfig
2020-01-21 10:15:07.792484 | > DO_CALL (0.000s wait)
.2020-01-21 10:15:07.798910 | eval'd: drake::cmq_buildtargetmetadepsspecht_is_subtargetconfig
2020-01-21 10:15:09.366896 | > DO_CALL (0.001s wait)
.2020-01-21 10:15:09.373370 | eval'd: drake::cmq_buildtargetmetadepsspecht_is_subtargetconfig
2020-01-21 10:15:10.680349 | > DO_CALL (0.000s wait)
.2020-01-21 10:15:10.686550 | eval'd: drake::cmq_buildtargetmetadepsspecht_is_subtargetconfig
2020-01-21 10:15:12.212315 | > DO_CALL (0.001s wait)
.2020-01-21 10:15:12.218786 | eval'd: drake::cmq_buildtargetmetadepsspecht_is_subtargetconfig
2020-01-21 10:15:13.555340 | > DO_CALL (0.000s wait)
.2020-01-21 10:15:13.561415 | eval'd: drake::cmq_buildtargetmetadepsspecht_is_subtargetconfig
2020-01-21 10:15:14.967627 | > DO_CALL (0.001s wait)
.2020-01-21 10:15:14.974238 | eval'd: drake::cmq_buildtargetmetadepsspecht_is_subtargetconfig
2020-01-21 10:15:16.326908 | > DO_CALL (0.001s wait)
.
2020-01-21 10:15:16.333421 | eval'd: drake::cmq_buildtargetmetadepsspecht_is_subtargetconfig
2020-01-21 10:15:17.606417 | > DO_CALL (0.000s wait)
.2020-01-21 10:15:17.612879 | eval'd: drake::cmq_buildtargetmetadepsspecht_is_subtargetconfig
2020-01-21 10:15:18.885697 | > DO_CALL (0.001s wait)
.2020-01-21 10:15:18.891725 | eval'd: drake::cmq_buildtargetmetadepsspecht_is_subtargetconfig
2020-01-21 10:15:20.175403 | > DO_CALL (0.006s wait)
.2020-01-21 10:15:20.181699 | eval'd: drake::cmq_buildtargetmetadepsspecht_is_subtargetconfig
2020-01-21 10:15:21.536411 | > DO_CALL (0.000s wait)
.2020-01-21 10:15:21.542874 | eval'd: drake::cmq_buildtargetmetadepsspecht_is_subtargetconfig
2020-01-21 10:15:22.895950 | > DO_CALL (0.001s wait)
.2020-01-21 10:15:22.901865 | eval'd: drake::cmq_buildtargetmetadepsspecht_is_subtargetconfig
2020-01-21 10:15:24.415688 | > DO_CALL (0.001s wait)
.2020-01-21 10:15:24.422147 | eval'd: drake::cmq_buildtargetmetadepsspecht_is_subtargetconfig
2020-01-21 10:15:27.388291 | > DO_CALL (0.001s wait)
.2020-01-21 10:15:27.394691 | eval'd: drake::cmq_buildtargetmetadepsspecht_is_subtargetconfig
2020-01-21 10:15:28.665971 | > DO_CALL (0.001s wait)
.2020-01-21 10:15:28.671861 | eval'd: drake::cmq_buildtargetmetadepsspecht_is_subtargetconfig
2020-01-21 10:15:30.129891 | > DO_CALL (0.001s wait)
.2020-01-21 10:15:30.136521 | eval'd: drake::cmq_buildtargetmetadepsspecht_is_subtargetconfig
2020-01-21 10:15:31.640823 | > DO_CALL (0.001s wait)
.2020-01-21 10:15:31.647432 | eval'd: drake::cmq_buildtargetmetadepsspecht_is_subtargetconfig
2020-01-21 10:15:33.086396 | > DO_CALL (0.000s wait)
.2020-01-21 10:15:33.092961 | eval'd: drake::cmq_buildtargetmetadepsspecht_is_subtargetconfig
2020-01-21 10:15:34.597548 | > DO_CALL (0.000s wait)
.2020-01-21 10:15:34.604217 | eval'd: drake::cmq_buildtargetmetadepsspecht_is_subtargetconfig
2020-01-21 10:15:35.997509 | > DO_CALL (0.000s wait)
.2020-01-21 10:15:36.009857 | eval'd: drake::cmq_buildtargetmetadepsspecht_is_subtargetconfig
2020-01-21 10:15:37.398873 | > DO_CALL (0.001s wait)
.2020-01-21 10:15:37.405304 | eval'd: drake::cmq_buildtargetmetadepsspecht_is_subtargetconfig
2020-01-21 10:15:38.821754 | > DO_CALL (0.001s wait)
.2020-01-21 10:15:38.827879 | eval'd: drake::cmq_buildtargetmetadepsspecht_is_subtargetconfig
2020-01-21 10:15:40.188462 | > DO_CALL (0.000s wait)
.2020-01-21 10:15:40.194940 | eval'd: drake::cmq_buildtargetmetadepsspecht_is_subtargetconfig
2020-01-21 10:15:41.823585 | > DO_CALL (0.000s wait)
.2020-01-21 10:15:41.830210 | eval'd: drake::cmq_buildtargetmetadepsspecht_is_subtargetconfig
2020-01-21 10:15:43.058996 | > DO_CALL (0.001s wait)
.2020-01-21 10:15:43.065430 | eval'd: drake::cmq_buildtargetmetadepsspecht_is_subtargetconfig
2020-01-21 10:15:44.405803 | > DO_CALL (0.001s wait)
.2020-01-21 10:15:44.412362 | eval'd: drake::cmq_buildtargetmetadepsspecht_is_subtargetconfig
2020-01-21 10:15:45.890201 | > DO_CALL (0.001s wait)
.2020-01-21 10:15:45.896272 | eval'd: drake::cmq_buildtargetmetadepsspecht_is_subtargetconfig
2020-01-21 10:15:47.303127 | > DO_CALL (0.001s wait)
.2020-01-21 10:15:47.309219 | eval'd: drake::cmq_buildtargetmetadepsspecht_is_subtargetconfig
2020-01-21 10:15:48.632507 | > DO_CALL (0.000s wait)
.2020-01-21 10:15:48.845733 | eval'd: drake::cmq_buildtargetmetadepsspecht_is_subtargetconfig
2020-01-21 10:15:50.109992 | > DO_CALL (0.001s wait)
.2020-01-21 10:15:50.115777 | eval'd: drake::cmq_buildtargetmetadepsspecht_is_subtargetconfig
2020-01-21 10:15:51.425006 | > DO_CALL (0.001s wait)
.2020-01-21 10:15:51.430913 | eval'd: drake::cmq_buildtargetmetadepsspecht_is_subtargetconfig
2020-01-21 10:15:52.745959 | > DO_CALL (0.001s wait)
.2020-01-21 10:15:52.751801 | eval'd: drake::cmq_buildtargetmetadepsspecht_is_subtargetconfig
2020-01-21 10:15:54.000410 | > DO_CALL (0.000s wait)
.2020-01-21 10:15:54.006467 | eval'd: drake::cmq_buildtargetmetadepsspecht_is_subtargetconfig
2020-01-21 10:15:55.515605 | > DO_CALL (0.001s wait)
.2020-01-21 10:15:55.522174 | eval'd: drake::cmq_buildtargetmetadepsspecht_is_subtargetconfig
2020-01-21 10:15:57.070041 | > DO_CALL (0.001s wait)
.2020-01-21 10:15:57.076097 | eval'd: drake::cmq_buildtargetmetadepsspecht_is_subtargetconfig
2020-01-21 10:15:58.550415 | > DO_CALL (0.000s wait)
.2020-01-21 10:15:58.556820 | eval'd: drake::cmq_buildtargetmetadepsspecht_is_subtargetconfig
2020-01-21 10:15:59.887232 | > DO_CALL (0.001s wait)
.2020-01-21 10:15:59.893632 | eval'd: drake::cmq_buildtargetmetadepsspecht_is_subtargetconfig
2020-01-21 10:16:01.191186 | > DO_CALL (0.001s wait)
.2020-01-21 10:16:01.197567 | eval'd: drake::cmq_buildtargetmetadepsspecht_is_subtargetconfig
2020-01-21 10:16:02.885325 | > DO_CALL (0.001s wait)
.2020-01-21 10:16:02.891753 | eval'd: drake::cmq_buildtargetmetadepsspecht_is_subtargetconfig
2020-01-21 10:16:04.194705 | > DO_CALL (0.001s wait)
.2020-01-21 10:16:04.201202 | eval'd: drake::cmq_buildtargetmetadepsspecht_is_subtargetconfig
2020-01-21 10:16:05.471836 | > DO_CALL (0.001s wait)
.2020-01-21 10:16:05.478234 | eval'd: drake::cmq_buildtargetmetadepsspecht_is_subtargetconfig
2020-01-21 10:16:06.761185 | > DO_CALL (0.001s wait)
.2020-01-21 10:16:06.767644 | eval'd: drake::cmq_buildtargetmetadepsspecht_is_subtargetconfig
2020-01-21 10:16:08.084745 | > DO_CALL (0.001s wait)
.2020-01-21 10:16:08.090841 | eval'd: drake::cmq_buildtargetmetadepsspecht_is_subtargetconfig
2020-01-21 10:16:09.451653 | > DO_CALL (0.001s wait)
.2020-01-21 10:16:09.457718 | eval'd: drake::cmq_buildtargetmetadepsspecht_is_subtargetconfig
2020-01-21 10:16:10.764991 | > DO_CALL (0.001s wait)
.2020-01-21 10:16:10.771360 | eval'd: drake::cmq_buildtargetmetadepsspecht_is_subtargetconfig
2020-01-21 10:16:12.146158 | > DO_CALL (0.001s wait)
.2020-01-21 10:16:12.152651 | eval'd: drake::cmq_buildtargetmetadepsspecht_is_subtargetconfig
2020-01-21 10:16:13.414640 | > DO_CALL (0.001s wait)
.2020-01-21 10:16:13.420623 | eval'd: drake::cmq_buildtargetmetadepsspecht_is_subtargetconfig
2020-01-21 10:16:14.648694 | > DO_CALL (0.001s wait)
.2020-01-21 10:16:14.654711 | eval'd: drake::cmq_buildtargetmetadepsspecht_is_subtargetconfig
2020-01-21 10:16:16.104670 | > DO_CALL (0.001s wait)
.2020-01-21 10:16:16.111623 | eval'd: drake::cmq_buildtargetmetadepsspecht_is_subtargetconfig
2020-01-21 10:16:17.561155 | > DO_CALL (0.001s wait)
.2020-01-21 10:16:17.568790 | eval'd: drake::cmq_buildtargetmetadepsspecht_is_subtargetconfig
2020-01-21 10:16:18.848529 | > DO_CALL (0.001s wait)
.2020-01-21 10:16:18.856546 | eval'd: drake::cmq_buildtargetmetadepsspecht_is_subtargetconfig
2020-01-21 10:16:20.114752 | > DO_CALL (0.001s wait)
.2020-01-21 10:16:20.122628 | eval'd: drake::cmq_buildtargetmetadepsspecht_is_subtargetconfig
2020-01-21 10:16:21.720551 | > DO_CALL (0.001s wait)
.2020-01-21 10:16:21.732934 | eval'd: drake::cmq_buildtargetmetadepsspecht_is_subtargetconfig
2020-01-21 10:16:23.059572 | > DO_CALL (0.000s wait)
.2020-01-21 10:16:23.065578 | eval'd: drake::cmq_buildtargetmetadepsspecht_is_subtargetconfig
2020-01-21 10:16:24.474957 | > DO_CALL (0.001s wait)
.2020-01-21 10:16:24.481319 | eval'd: drake::cmq_buildtargetmetadepsspecht_is_subtargetconfig
2020-01-21 10:16:25.779584 | > DO_CALL (0.000s wait)
.2020-01-21 10:16:25.786074 | eval'd: drake::cmq_buildtargetmetadepsspecht_is_subtargetconfig
2020-01-21 10:16:27.775972 | > DO_CALL (0.001s wait)
.2020-01-21 10:16:27.781934 | eval'd: drake::cmq_buildtargetmetadepsspecht_is_subtargetconfig
2020-01-21 10:16:30.094803 | > DO_CALL (0.001s wait)
.2020-01-21 10:16:30.100799 | eval'd: drake::cmq_buildtargetmetadepsspecht_is_subtargetconfig
2020-01-21 10:16:31.484977 | > DO_CALL (0.001s wait)
.2020-01-21 10:16:31.491523 | eval'd: drake::cmq_buildtargetmetadepsspecht_is_subtargetconfig
2020-01-21 10:16:32.768535 | > DO_CALL (0.000s wait)
.2020-01-21 10:16:32.774690 | eval'd: drake::cmq_buildtargetmetadepsspecht_is_subtargetconfig
2020-01-21 10:16:34.153224 | > DO_CALL (0.001s wait)
.2020-01-21 10:16:34.159256 | eval'd: drake::cmq_buildtargetmetadepsspecht_is_subtargetconfig
2020-01-21 10:16:35.507196 | > DO_CALL (0.001s wait)
.2020-01-21 10:16:35.513650 | eval'd: drake::cmq_buildtargetmetadepsspecht_is_subtargetconfig
2020-01-21 10:16:36.834981 | > DO_CALL (0.001s wait)
.2020-01-21 10:16:36.841813 | eval'd: drake::cmq_buildtargetmetadepsspecht_is_subtargetconfig
2020-01-21 10:16:38.290956 | > DO_CALL (0.001s wait)
.2020-01-21 10:16:38.297592 | eval'd: drake::cmq_buildtargetmetadepsspecht_is_subtargetconfig
2020-01-21 10:16:39.575005 | > DO_CALL (0.001s wait)
.2020-01-21 10:16:39.581110 | eval'd: drake::cmq_buildtargetmetadepsspecht_is_subtargetconfig
2020-01-21 10:16:41.001943 | > DO_CALL (0.001s wait)
.2020-01-21 10:16:41.007921 | eval'd: drake::cmq_buildtargetmetadepsspecht_is_subtargetconfig
2020-01-21 10:16:42.304300 | > DO_CALL (0.001s wait)
.2020-01-21 10:16:42.310286 | eval'd: drake::cmq_buildtargetmetadepsspecht_is_subtargetconfig
2020-01-21 10:16:43.594156 | > DO_CALL (0.001s wait)
.2020-01-21 10:16:43.600861 | eval'd: drake::cmq_buildtargetmetadepsspecht_is_subtargetconfig
2020-01-21 10:16:44.973234 | > DO_CALL (0.001s wait)
.2020-01-21 10:16:44.979697 | eval'd: drake::cmq_buildtargetmetadepsspecht_is_subtargetconfig
2020-01-21 10:16:46.389969 | > DO_CALL (0.001s wait)
.2020-01-21 10:16:46.396281 | eval'd: drake::cmq_buildtargetmetadepsspecht_is_subtargetconfig
2020-01-21 10:16:47.811347 | > DO_CALL (0.000s wait)
.2020-01-21 10:16:47.817347 | eval'd: drake::cmq_buildtargetmetadepsspecht_is_subtargetconfig
2020-01-21 10:16:49.276898 | > DO_CALL (0.001s wait)
.2020-01-21 10:16:49.289398 | eval'd: drake::cmq_buildtargetmetadepsspecht_is_subtargetconfig
2020-01-21 10:16:50.633218 | > DO_CALL (0.001s wait)
.2020-01-21 10:16:50.639563 | eval'd: drake::cmq_buildtargetmetadepsspecht_is_subtargetconfig
2020-01-21 10:16:51.869972 | > DO_CALL (0.001s wait)
.2020-01-21 10:16:51.876409 | eval'd: drake::cmq_buildtargetmetadepsspecht_is_subtargetconfig
2020-01-21 10:16:53.144966 | > DO_CALL (0.001s wait)
.2020-01-21 10:16:53.151098 | eval'd: drake::cmq_buildtargetmetadepsspecht_is_subtargetconfig
2020-01-21 10:16:54.506266 | > DO_CALL (0.001s wait)
.2020-01-21 10:16:54.512588 | eval'd: drake::cmq_buildtargetmetadepsspecht_is_subtargetconfig
2020-01-21 10:16:55.816797 | > DO_CALL (0.001s wait)
.2020-01-21 10:16:55.822868 | eval'd: drake::cmq_buildtargetmetadepsspecht_is_subtargetconfig
2020-01-21 10:16:57.059843 | > DO_CALL (0.001s wait)
.2020-01-21 10:16:57.066331 | eval'd: drake::cmq_buildtargetmetadepsspecht_is_subtargetconfig
2020-01-21 10:16:58.247984 | > DO_CALL (0.001s wait)
.2020-01-21 10:16:58.254344 | eval'd: drake::cmq_buildtargetmetadepsspecht_is_subtargetconfig
2020-01-21 10:16:59.882946 | > DO_CALL (0.001s wait)
.2020-01-21 10:16:59.889439 | eval'd: drake::cmq_buildtargetmetadepsspecht_is_subtargetconfig
2020-01-21 10:17:01.078336 | > DO_CALL (0.000s wait)
.2020-01-21 10:17:01.084353 | eval'd: drake::cmq_buildtargetmetadepsspecht_is_subtargetconfig
2020-01-21 10:17:02.348884 | > DO_CALL (0.001s wait)
.2020-01-21 10:17:02.355299 | eval'd: drake::cmq_buildtargetmetadepsspecht_is_subtargetconfig
2020-01-21 10:17:03.618700 | > DO_CALL (0.001s wait)
.2020-01-21 10:17:03.624748 | eval'd: drake::cmq_buildtargetmetadepsspecht_is_subtargetconfig
2020-01-21 10:17:04.876138 | > DO_CALL (0.001s wait)
.2020-01-21 10:17:04.882559 | eval'd: drake::cmq_buildtargetmetadepsspecht_is_subtargetconfig
2020-01-21 10:17:06.087398 | > DO_CALL (0.000s wait)
.2020-01-21 10:17:06.093892 | eval'd: drake::cmq_buildtargetmetadepsspecht_is_subtargetconfig
2020-01-21 10:17:07.367957 | > DO_CALL (0.001s wait)
.
2020-01-21 10:17:07.373897 | eval'd: drake::cmq_buildtargetmetadepsspecht_is_subtargetconfig
2020-01-21 10:17:08.640664 | > DO_CALL (0.001s wait)
.2020-01-21 10:17:08.646697 | eval'd: drake::cmq_buildtargetmetadepsspecht_is_subtargetconfig
2020-01-21 10:17:09.872466 | > DO_CALL (0.000s wait)
.2020-01-21 10:17:09.884399 | eval'd: drake::cmq_buildtargetmetadepsspecht_is_subtargetconfig
2020-01-21 10:17:11.152468 | > DO_CALL (0.000s wait)
.2020-01-21 10:17:11.158475 | eval'd: drake::cmq_buildtargetmetadepsspecht_is_subtargetconfig
2020-01-21 10:17:12.398089 | > DO_CALL (0.001s wait)
.2020-01-21 10:17:12.404430 | eval'd: drake::cmq_buildtargetmetadepsspecht_is_subtargetconfig
2020-01-21 10:17:13.676009 | > DO_CALL (0.001s wait)
.2020-01-21 10:17:13.682386 | eval'd: drake::cmq_buildtargetmetadepsspecht_is_subtargetconfig
2020-01-21 10:17:14.873599 | > DO_CALL (0.000s wait)
.2020-01-21 10:17:14.879631 | eval'd: drake::cmq_buildtargetmetadepsspecht_is_subtargetconfig
2020-01-21 10:17:16.138529 | > DO_CALL (0.000s wait)
.2020-01-21 10:17:16.144959 | eval'd: drake::cmq_buildtargetmetadepsspecht_is_subtargetconfig
2020-01-21 10:17:17.376598 | > DO_CALL (0.000s wait)
.2020-01-21 10:17:17.382918 | eval'd: drake::cmq_buildtargetmetadepsspecht_is_subtargetconfig
2020-01-21 10:17:18.568751 | > DO_CALL (0.001s wait)
.2020-01-21 10:17:18.574752 | eval'd: drake::cmq_buildtargetmetadepsspecht_is_subtargetconfig
2020-01-21 10:17:19.874972 | > DO_CALL (0.001s wait)
.2020-01-21 10:17:19.881312 | eval'd: drake::cmq_buildtargetmetadepsspecht_is_subtargetconfig
2020-01-21 10:17:21.184745 | > DO_CALL (0.001s wait)
.2020-01-21 10:17:21.190768 | eval'd: drake::cmq_buildtargetmetadepsspecht_is_subtargetconfig
2020-01-21 10:17:22.415272 | > DO_CALL (0.001s wait)
.2020-01-21 10:17:22.421652 | eval'd: drake::cmq_buildtargetmetadepsspecht_is_subtargetconfig
2020-01-21 10:17:23.702744 | > DO_CALL (0.001s wait)
.2020-01-21 10:17:23.709178 | eval'd: drake::cmq_buildtargetmetadepsspecht_is_subtargetconfig
2020-01-21 10:17:24.956321 | > DO_CALL (0.001s wait)
.2020-01-21 10:17:24.962671 | eval'd: drake::cmq_buildtargetmetadepsspecht_is_subtargetconfig
2020-01-21 10:17:26.313273 | > DO_CALL (0.001s wait)
.2020-01-21 10:17:26.507347 | eval'd: drake::cmq_buildtargetmetadepsspecht_is_subtargetconfig
2020-01-21 10:17:27.639654 | > DO_CALL (0.001s wait)
.2020-01-21 10:17:27.646021 | eval'd: drake::cmq_buildtargetmetadepsspecht_is_subtargetconfig
2020-01-21 10:17:28.855194 | > DO_CALL (0.001s wait)
.2020-01-21 10:17:28.861192 | eval'd: drake::cmq_buildtargetmetadepsspecht_is_subtargetconfig
2020-01-21 10:17:31.724818 | > DO_CALL (0.001s wait)
.2020-01-21 10:17:31.731235 | eval'd: drake::cmq_buildtargetmetadepsspecht_is_subtargetconfig
2020-01-21 10:17:32.980028 | > DO_CALL (0.001s wait)
.2020-01-21 10:17:32.986392 | eval'd: drake::cmq_buildtargetmetadepsspecht_is_subtargetconfig
2020-01-21 10:17:34.263191 | > DO_CALL (0.001s wait)
.2020-01-21 10:17:34.269536 | eval'd: drake::cmq_buildtargetmetadepsspecht_is_subtargetconfig
2020-01-21 10:17:35.622666 | > DO_CALL (0.001s wait)
.2020-01-21 10:17:35.629070 | eval'd: drake::cmq_buildtargetmetadepsspecht_is_subtargetconfig
2020-01-21 10:17:36.865212 | > DO_CALL (0.001s wait)
.2020-01-21 10:17:36.871549 | eval'd: drake::cmq_buildtargetmetadepsspecht_is_subtargetconfig
2020-01-21 10:17:38.474370 | > DO_CALL (0.000s wait)
.2020-01-21 10:17:38.480776 | eval'd: drake::cmq_buildtargetmetadepsspecht_is_subtargetconfig
2020-01-21 10:17:39.849155 | > DO_CALL (0.001s wait)
.2020-01-21 10:17:39.855737 | eval'd: drake::cmq_buildtargetmetadepsspecht_is_subtargetconfig
2020-01-21 10:17:41.145408 | > DO_CALL (0.000s wait)
.2020-01-21 10:17:41.151795 | eval'd: drake::cmq_buildtargetmetadepsspecht_is_subtargetconfig
2020-01-21 10:17:42.440550 | > DO_CALL (0.000s wait)
.2020-01-21 10:17:42.446846 | eval'd: drake::cmq_buildtargetmetadepsspecht_is_subtargetconfig
2020-01-21 10:17:43.718966 | > DO_CALL (0.001s wait)
.2020-01-21 10:17:43.725745 | eval'd: drake::cmq_buildtargetmetadepsspecht_is_subtargetconfig
2020-01-21 10:17:45.002205 | > DO_CALL (0.001s wait)
.2020-01-21 10:17:45.008594 | eval'd: drake::cmq_buildtargetmetadepsspecht_is_subtargetconfig
2020-01-21 10:17:46.224442 | > DO_CALL (0.001s wait)
.2020-01-21 10:17:46.231179 | eval'd: drake::cmq_buildtargetmetadepsspecht_is_subtargetconfig
2020-01-21 10:17:47.520170 | > DO_CALL (0.001s wait)
.2020-01-21 10:17:47.526555 | eval'd: drake::cmq_buildtargetmetadepsspecht_is_subtargetconfig
2020-01-21 10:17:48.829364 | > DO_CALL (0.001s wait)
.2020-01-21 10:17:48.835719 | eval'd: drake::cmq_buildtargetmetadepsspecht_is_subtargetconfig
2020-01-21 10:17:50.075133 | > DO_CALL (0.001s wait)
.2020-01-21 10:17:50.081575 | eval'd: drake::cmq_buildtargetmetadepsspecht_is_subtargetconfig
2020-01-21 10:17:51.416933 | > DO_CALL (0.001s wait)
.2020-01-21 10:17:51.423738 | eval'd: drake::cmq_buildtargetmetadepsspecht_is_subtargetconfig
2020-01-21 10:17:52.644500 | > DO_CALL (0.001s wait)
.2020-01-21 10:17:52.651381 | eval'd: drake::cmq_buildtargetmetadepsspecht_is_subtargetconfig
2020-01-21 10:17:53.967567 | > DO_CALL (0.001s wait)
.2020-01-21 10:17:53.974376 | eval'd: drake::cmq_buildtargetmetadepsspecht_is_subtargetconfig
2020-01-21 10:17:55.195234 | > DO_CALL (0.001s wait)
.2020-01-21 10:17:55.201533 | eval'd: drake::cmq_buildtargetmetadepsspecht_is_subtargetconfig
2020-01-21 10:17:56.495791 | > DO_CALL (0.001s wait)
.2020-01-21 10:17:56.502221 | eval'd: drake::cmq_buildtargetmetadepsspecht_is_subtargetconfig
2020-01-21 10:17:57.743306 | > DO_CALL (0.001s wait)
.2020-01-21 10:17:57.750048 | eval'd: drake::cmq_buildtargetmetadepsspecht_is_subtargetconfig
2020-01-21 10:17:59.096032 | > DO_CALL (0.001s wait)
.2020-01-21 10:17:59.103636 | eval'd: drake::cmq_buildtargetmetadepsspecht_is_subtargetconfig
2020-01-21 10:18:00.439735 | > DO_CALL (0.001s wait)
.2020-01-21 10:18:00.447705 | eval'd: drake::cmq_buildtargetmetadepsspecht_is_subtargetconfig
2020-01-21 10:18:01.770068 | > DO_CALL (0.001s wait)
.2020-01-21 10:18:01.777603 | eval'd: drake::cmq_buildtargetmetadepsspecht_is_subtargetconfig
2020-01-21 10:18:03.262752 | > DO_CALL (0.007s wait)
.2020-01-21 10:18:03.269317 | eval'd: drake::cmq_buildtargetmetadepsspecht_is_subtargetconfig
2020-01-21 10:18:04.490702 | > DO_CALL (0.001s wait)
.2020-01-21 10:18:04.497197 | eval'd: drake::cmq_buildtargetmetadepsspecht_is_subtargetconfig
2020-01-21 10:18:05.865262 | > DO_CALL (0.001s wait)
.2020-01-21 10:18:05.871644 | eval'd: drake::cmq_buildtargetmetadepsspecht_is_subtargetconfig
2020-01-21 10:18:07.117835 | > DO_CALL (0.001s wait)
.2020-01-21 10:18:07.124233 | eval'd: drake::cmq_buildtargetmetadepsspecht_is_subtargetconfig
2020-01-21 10:18:08.390115 | > DO_CALL (0.001s wait)
.2020-01-21 10:18:08.397894 | eval'd: drake::cmq_buildtargetmetadepsspecht_is_subtargetconfig
2020-01-21 10:18:09.630069 | > DO_CALL (0.001s wait)
.2020-01-21 10:18:09.637021 | eval'd: drake::cmq_buildtargetmetadepsspecht_is_subtargetconfig
2020-01-21 10:18:11.300705 | > DO_CALL (0.001s wait)
.2020-01-21 10:18:11.308164 | eval'd: drake::cmq_buildtargetmetadepsspecht_is_subtargetconfig
2020-01-21 10:18:12.531192 | > DO_CALL (0.001s wait)
.2020-01-21 10:18:12.538063 | eval'd: drake::cmq_buildtargetmetadepsspecht_is_subtargetconfig
2020-01-21 10:18:13.799757 | > DO_CALL (0.001s wait)
.2020-01-21 10:18:13.807252 | eval'd: drake::cmq_buildtargetmetadepsspecht_is_subtargetconfig
2020-01-21 10:18:15.082634 | > DO_CALL (0.001s wait)
.2020-01-21 10:18:15.089573 | eval'd: drake::cmq_buildtargetmetadepsspecht_is_subtargetconfig
2020-01-21 10:18:16.368366 | > DO_CALL (0.001s wait)
.2020-01-21 10:18:16.375146 | eval'd: drake::cmq_buildtargetmetadepsspecht_is_subtargetconfig
2020-01-21 10:18:17.574936 | > DO_CALL (0.001s wait)
.2020-01-21 10:18:17.581762 | eval'd: drake::cmq_buildtargetmetadepsspecht_is_subtargetconfig
2020-01-21 10:18:18.743511 | > DO_CALL (0.000s wait)
.2020-01-21 10:18:18.750384 | eval'd: drake::cmq_buildtargetmetadepsspecht_is_subtargetconfig
2020-01-21 10:18:20.060612 | > DO_CALL (0.001s wait)
.2020-01-21 10:18:20.067698 | eval'd: drake::cmq_buildtargetmetadepsspecht_is_subtargetconfig
2020-01-21 10:18:21.474533 | > DO_CALL (0.000s wait)
.2020-01-21 10:18:21.480798 | eval'd: drake::cmq_buildtargetmetadepsspecht_is_subtargetconfig
2020-01-21 10:18:22.732118 | > DO_CALL (0.001s wait)
.2020-01-21 10:18:22.738738 | eval'd: drake::cmq_buildtargetmetadepsspecht_is_subtargetconfig
2020-01-21 10:18:23.934236 | > DO_CALL (0.001s wait)
.2020-01-21 10:18:23.940536 | eval'd: drake::cmq_buildtargetmetadepsspecht_is_subtargetconfig
2020-01-21 10:18:25.190073 | > DO_CALL (0.001s wait)
.2020-01-21 10:18:25.196742 | eval'd: drake::cmq_buildtargetmetadepsspecht_is_subtargetconfig
2020-01-21 10:18:26.472881 | > DO_CALL (0.001s wait)
.2020-01-21 10:18:26.479084 | eval'd: drake::cmq_buildtargetmetadepsspecht_is_subtargetconfig
2020-01-21 10:18:27.669180 | > DO_CALL (0.001s wait)
.2020-01-21 10:18:27.675456 | eval'd: drake::cmq_buildtargetmetadepsspecht_is_subtargetconfig
2020-01-21 10:18:28.941235 | > DO_CALL (0.001s wait)
.2020-01-21 10:18:28.947886 | eval'd: drake::cmq_buildtargetmetadepsspecht_is_subtargetconfig
2020-01-21 10:18:30.156688 | > DO_CALL (0.001s wait)
.2020-01-21 10:18:30.170072 | eval'd: drake::cmq_buildtargetmetadepsspecht_is_subtargetconfig
2020-01-21 10:18:31.381935 | > DO_CALL (0.001s wait)
.2020-01-21 10:18:31.388618 | eval'd: drake::cmq_buildtargetmetadepsspecht_is_subtargetconfig
2020-01-21 10:18:33.867006 | > DO_CALL (0.001s wait)
.2020-01-21 10:18:33.874011 | eval'd: drake::cmq_buildtargetmetadepsspecht_is_subtargetconfig
2020-01-21 10:18:35.134017 | > DO_CALL (0.001s wait)
.2020-01-21 10:18:35.141023 | eval'd: drake::cmq_buildtargetmetadepsspecht_is_subtargetconfig
2020-01-21 10:18:36.408023 | > DO_CALL (0.001s wait)
.2020-01-21 10:18:36.414500 | eval'd: drake::cmq_buildtargetmetadepsspecht_is_subtargetconfig
2020-01-21 10:18:37.742198 | > DO_CALL (0.001s wait)
.2020-01-21 10:18:37.748474 | eval'd: drake::cmq_buildtargetmetadepsspecht_is_subtargetconfig
2020-01-21 10:18:38.994435 | > DO_CALL (0.001s wait)
.2020-01-21 10:18:39.000826 | eval'd: drake::cmq_buildtargetmetadepsspecht_is_subtargetconfig
2020-01-21 10:18:40.199095 | > DO_CALL (0.001s wait)
.2020-01-21 10:18:40.205061 | eval'd: drake::cmq_buildtargetmetadepsspecht_is_subtargetconfig
2020-01-21 10:18:41.491474 | > DO_CALL (0.000s wait)
.2020-01-21 10:18:41.497437 | eval'd: drake::cmq_buildtargetmetadepsspecht_is_subtargetconfig
2020-01-21 10:18:42.857328 | > DO_CALL (0.001s wait)
.2020-01-21 10:18:42.863329 | eval'd: drake::cmq_buildtargetmetadepsspecht_is_subtargetconfig
2020-01-21 10:18:44.074611 | > DO_CALL (0.001s wait)
.2020-01-21 10:18:44.080589 | eval'd: drake::cmq_buildtargetmetadepsspecht_is_subtargetconfig
2020-01-21 10:18:45.302765 | > DO_CALL (0.001s wait)
.2020-01-21 10:18:45.309172 | eval'd: drake::cmq_buildtargetmetadepsspecht_is_subtargetconfig
2020-01-21 10:18:46.515763 | > DO_CALL (0.001s wait)
.2020-01-21 10:18:46.522158 | eval'd: drake::cmq_buildtargetmetadepsspecht_is_subtargetconfig
2020-01-21 10:18:47.763777 | > DO_CALL (0.001s wait)
.2020-01-21 10:18:47.770179 | eval'd: drake::cmq_buildtargetmetadepsspecht_is_subtargetconfig
2020-01-21 10:18:49.133436 | > DO_CALL (0.000s wait)
.2020-01-21 10:18:49.139802 | eval'd: drake::cmq_buildtargetmetadepsspecht_is_subtargetconfig
2020-01-21 10:18:50.408672 | > DO_CALL (0.001s wait)
.2020-01-21 10:18:50.415086 | eval'd: drake::cmq_buildtargetmetadepsspecht_is_subtargetconfig
2020-01-21 10:18:51.684267 | > DO_CALL (0.001s wait)
.
2020-01-21 10:18:51.690294 | eval'd: drake::cmq_buildtargetmetadepsspecht_is_subtargetconfig
2020-01-21 10:18:52.945932 | > DO_CALL (0.001s wait)
.2020-01-21 10:18:52.951975 | eval'd: drake::cmq_buildtargetmetadepsspecht_is_subtargetconfig
2020-01-21 10:18:54.249792 | > DO_CALL (0.007s wait)
.2020-01-21 10:18:54.256161 | eval'd: drake::cmq_buildtargetmetadepsspecht_is_subtargetconfig
2020-01-21 10:18:55.517534 | > DO_CALL (0.000s wait)
.2020-01-21 10:18:55.523605 | eval'd: drake::cmq_buildtargetmetadepsspecht_is_subtargetconfig
2020-01-21 10:18:56.813432 | > DO_CALL (0.000s wait)
.2020-01-21 10:18:56.819420 | eval'd: drake::cmq_buildtargetmetadepsspecht_is_subtargetconfig
2020-01-21 10:18:58.063401 | > DO_CALL (0.000s wait)
.2020-01-21 10:18:58.069720 | eval'd: drake::cmq_buildtargetmetadepsspecht_is_subtargetconfig
2020-01-21 10:18:59.322381 | > DO_CALL (0.000s wait)
.2020-01-21 10:18:59.328384 | eval'd: drake::cmq_buildtargetmetadepsspecht_is_subtargetconfig
2020-01-21 10:19:00.565848 | > DO_CALL (0.001s wait)
.2020-01-21 10:19:00.571822 | eval'd: drake::cmq_buildtargetmetadepsspecht_is_subtargetconfig
2020-01-21 10:19:01.839473 | > DO_CALL (0.000s wait)
.2020-01-21 10:19:01.845860 | eval'd: drake::cmq_buildtargetmetadepsspecht_is_subtargetconfig
2020-01-21 10:19:03.158808 | > DO_CALL (0.001s wait)
.2020-01-21 10:19:03.165919 | eval'd: drake::cmq_buildtargetmetadepsspecht_is_subtargetconfig
2020-01-21 10:19:04.448473 | > DO_CALL (0.000s wait)
.2020-01-21 10:19:04.455131 | eval'd: drake::cmq_buildtargetmetadepsspecht_is_subtargetconfig
2020-01-21 10:19:05.816546 | > DO_CALL (0.000s wait)
.2020-01-21 10:19:05.823851 | eval'd: drake::cmq_buildtargetmetadepsspecht_is_subtargetconfig
2020-01-21 10:19:07.035012 | > DO_CALL (0.001s wait)
.2020-01-21 10:19:07.041338 | eval'd: drake::cmq_buildtargetmetadepsspecht_is_subtargetconfig
2020-01-21 10:19:08.426138 | > DO_CALL (0.001s wait)
.2020-01-21 10:19:08.432930 | eval'd: drake::cmq_buildtargetmetadepsspecht_is_subtargetconfig
2020-01-21 10:19:09.695287 | > DO_CALL (0.001s wait)
.2020-01-21 10:19:09.702022 | eval'd: drake::cmq_buildtargetmetadepsspecht_is_subtargetconfig
2020-01-21 10:19:11.045256 | > DO_CALL (0.001s wait)
.2020-01-21 10:19:11.052022 | eval'd: drake::cmq_buildtargetmetadepsspecht_is_subtargetconfig
2020-01-21 10:19:12.338680 | > DO_CALL (0.001s wait)
.2020-01-21 10:19:12.359129 | eval'd: drake::cmq_buildtargetmetadepsspecht_is_subtargetconfig
2020-01-21 10:19:13.883009 | > DO_CALL (0.001s wait)
.2020-01-21 10:19:13.889332 | eval'd: drake::cmq_buildtargetmetadepsspecht_is_subtargetconfig
2020-01-21 10:19:15.089838 | > DO_CALL (0.001s wait)
.2020-01-21 10:19:15.096656 | eval'd: drake::cmq_buildtargetmetadepsspecht_is_subtargetconfig
2020-01-21 10:19:16.539822 | > DO_CALL (0.001s wait)
.2020-01-21 10:19:16.546566 | eval'd: drake::cmq_buildtargetmetadepsspecht_is_subtargetconfig
2020-01-21 10:19:17.883953 | > DO_CALL (0.001s wait)
.2020-01-21 10:19:17.889893 | eval'd: drake::cmq_buildtargetmetadepsspecht_is_subtargetconfig
2020-01-21 10:19:19.223805 | > DO_CALL (0.001s wait)
.2020-01-21 10:19:19.230250 | eval'd: drake::cmq_buildtargetmetadepsspecht_is_subtargetconfig
2020-01-21 10:19:20.482956 | > WORKER_WAIT (0.000s wait)
2020-01-21 10:19:20.483409 | waiting 1.00s
2020-01-21 10:20:04.111418 | > WORKER_WAIT (0.000s wait)
2020-01-21 10:20:04.112372 | waiting 1.00s
2020-01-21 10:23:30.837173 | > WORKER_STOP (0.000s wait)
2020-01-21 10:23:30.837972 | shutting down worker
2020-01-21 10:23:31.028972 | 
Total: 277 in 4.77s [user], 0.55s [system], 661.50s [elapsed]
