2020-01-21 10:07:07.361706 | Master: tcp://c24a-s1:6107
2020-01-21 10:07:07.787153 | WORKER_UP to: tcp://c24a-s1:6107
2020-01-21 10:07:11.797394 | > DO_SETUP (3.836s wait)
2020-01-21 10:07:11.797842 | token from msg: set_common_data_token
2020-01-21 10:07:12.641677 | > DO_CALL (0.000s wait)
.* Option 'clustermq.scheduler' not set, defaulting to ‘SLURM’
--- see: https://mschubert.github.io/clustermq/articles/userguide.html#configuration
2020-01-21 10:07:12.791663 | eval'd: drake::cmq_buildtargetmetadepsspecht_is_subtargetconfig
2020-01-21 10:07:13.994850 | > DO_CALL (0.000s wait)
.2020-01-21 10:07:14.186808 | eval'd: drake::cmq_buildtargetmetadepsspecht_is_subtargetconfig
2020-01-21 10:07:15.247318 | > DO_CALL (0.001s wait)
.2020-01-21 10:07:15.252609 | eval'd: drake::cmq_buildtargetmetadepsspecht_is_subtargetconfig
2020-01-21 10:07:16.611946 | > DO_CALL (0.001s wait)
.2020-01-21 10:07:16.617243 | eval'd: drake::cmq_buildtargetmetadepsspecht_is_subtargetconfig
2020-01-21 10:07:17.874649 | > DO_CALL (0.000s wait)
.2020-01-21 10:07:17.880098 | eval'd: drake::cmq_buildtargetmetadepsspecht_is_subtargetconfig
2020-01-21 10:07:19.104447 | > DO_CALL (0.001s wait)
.2020-01-21 10:07:19.110121 | eval'd: drake::cmq_buildtargetmetadepsspecht_is_subtargetconfig
2020-01-21 10:07:20.585005 | > DO_CALL (0.001s wait)
.2020-01-21 10:07:20.590642 | eval'd: drake::cmq_buildtargetmetadepsspecht_is_subtargetconfig
2020-01-21 10:07:23.143841 | > DO_CALL (0.000s wait)
.2020-01-21 10:07:23.149508 | eval'd: drake::cmq_buildtargetmetadepsspecht_is_subtargetconfig
2020-01-21 10:07:24.291672 | > DO_CALL (0.001s wait)
.2020-01-21 10:07:24.297381 | eval'd: drake::cmq_buildtargetmetadepsspecht_is_subtargetconfig
2020-01-21 10:07:25.357248 | > DO_CALL (0.001s wait)
.2020-01-21 10:07:25.362891 | eval'd: drake::cmq_buildtargetmetadepsspecht_is_subtargetconfig
2020-01-21 10:07:26.467667 | > DO_CALL (0.001s wait)
.2020-01-21 10:07:26.473336 | eval'd: drake::cmq_buildtargetmetadepsspecht_is_subtargetconfig
2020-01-21 10:07:27.539731 | > DO_CALL (0.001s wait)
.2020-01-21 10:07:27.545444 | eval'd: drake::cmq_buildtargetmetadepsspecht_is_subtargetconfig
2020-01-21 10:07:28.565411 | > DO_CALL (0.001s wait)
.2020-01-21 10:07:28.571089 | eval'd: drake::cmq_buildtargetmetadepsspecht_is_subtargetconfig
2020-01-21 10:07:29.623286 | > DO_CALL (0.001s wait)
.2020-01-21 10:07:29.628906 | eval'd: drake::cmq_buildtargetmetadepsspecht_is_subtargetconfig
2020-01-21 10:07:30.722909 | > DO_CALL (0.001s wait)
.2020-01-21 10:07:30.728613 | eval'd: drake::cmq_buildtargetmetadepsspecht_is_subtargetconfig
2020-01-21 10:07:32.011859 | > DO_CALL (0.000s wait)
.2020-01-21 10:07:32.017716 | eval'd: drake::cmq_buildtargetmetadepsspecht_is_subtargetconfig
2020-01-21 10:07:33.125862 | > DO_CALL (0.000s wait)
.2020-01-21 10:07:33.132629 | eval'd: drake::cmq_buildtargetmetadepsspecht_is_subtargetconfig
2020-01-21 10:07:34.283210 | > DO_CALL (0.001s wait)
.2020-01-21 10:07:34.289932 | eval'd: drake::cmq_buildtargetmetadepsspecht_is_subtargetconfig
2020-01-21 10:07:35.019038 | > WORKER_WAIT (0.000s wait)
2020-01-21 10:07:35.019508 | waiting 1.00s
2020-01-21 10:07:38.346015 | > WORKER_WAIT (0.000s wait)
2020-01-21 10:07:38.346443 | waiting 1.00s
2020-01-21 10:08:03.122647 | > WORKER_STOP (0.000s wait)
2020-01-21 10:08:03.123643 | shutting down worker
2020-01-21 10:08:03.302763 | 
Total: 18 in 2.11s [user], 0.22s [system], 55.34s [elapsed]
