2020-01-21 10:12:29.136253 | Master: tcp://c30a-s2:6917
2020-01-21 10:12:29.155377 | WORKER_UP to: tcp://c30a-s2:6917
2020-01-21 10:12:31.884611 | > DO_SETUP (2.261s wait)
2020-01-21 10:12:31.885588 | token from msg: set_common_data_token
2020-01-21 10:12:31.993839 | > DO_CALL (0.001s wait)
.* Option 'clustermq.scheduler' not set, defaulting to ‘SLURM’
--- see: https://mschubert.github.io/clustermq/articles/userguide.html#configuration
2020-01-21 10:12:32.342123 | eval'd: drake::cmq_buildtargetmetadepsspecht_is_subtargetconfig
2020-01-21 10:12:33.429175 | > DO_CALL (0.001s wait)
.2020-01-21 10:12:33.605002 | eval'd: drake::cmq_buildtargetmetadepsspecht_is_subtargetconfig
2020-01-21 10:12:35.837715 | > DO_CALL (0.001s wait)
.2020-01-21 10:12:35.843152 | eval'd: drake::cmq_buildtargetmetadepsspecht_is_subtargetconfig
2020-01-21 10:12:38.359368 | > DO_CALL (0.000s wait)
.2020-01-21 10:12:38.364991 | eval'd: drake::cmq_buildtargetmetadepsspecht_is_subtargetconfig
2020-01-21 10:12:40.110004 | > DO_CALL (0.001s wait)
.2020-01-21 10:12:40.115608 | eval'd: drake::cmq_buildtargetmetadepsspecht_is_subtargetconfig
2020-01-21 10:12:41.940276 | > DO_CALL (0.001s wait)
.2020-01-21 10:12:41.945922 | eval'd: drake::cmq_buildtargetmetadepsspecht_is_subtargetconfig
2020-01-21 10:12:44.036924 | > DO_CALL (0.001s wait)
.2020-01-21 10:12:44.042541 | eval'd: drake::cmq_buildtargetmetadepsspecht_is_subtargetconfig
2020-01-21 10:12:45.590259 | > DO_CALL (0.001s wait)
.2020-01-21 10:12:45.595949 | eval'd: drake::cmq_buildtargetmetadepsspecht_is_subtargetconfig
2020-01-21 10:12:47.276305 | > DO_CALL (0.001s wait)
.2020-01-21 10:12:47.281978 | eval'd: drake::cmq_buildtargetmetadepsspecht_is_subtargetconfig
2020-01-21 10:12:49.218890 | > DO_CALL (0.001s wait)
.2020-01-21 10:12:49.224587 | eval'd: drake::cmq_buildtargetmetadepsspecht_is_subtargetconfig
2020-01-21 10:12:51.122333 | > DO_CALL (0.001s wait)
.2020-01-21 10:12:51.128660 | eval'd: drake::cmq_buildtargetmetadepsspecht_is_subtargetconfig
2020-01-21 10:12:52.931639 | > DO_CALL (0.001s wait)
.2020-01-21 10:12:52.938642 | eval'd: drake::cmq_buildtargetmetadepsspecht_is_subtargetconfig
2020-01-21 10:12:54.408238 | > DO_CALL (0.001s wait)
.2020-01-21 10:12:54.415085 | eval'd: drake::cmq_buildtargetmetadepsspecht_is_subtargetconfig
2020-01-21 10:12:56.168406 | > DO_CALL (0.000s wait)
.2020-01-21 10:12:56.175162 | eval'd: drake::cmq_buildtargetmetadepsspecht_is_subtargetconfig
2020-01-21 10:12:58.146775 | > DO_CALL (0.001s wait)
.2020-01-21 10:12:58.153506 | eval'd: drake::cmq_buildtargetmetadepsspecht_is_subtargetconfig
2020-01-21 10:13:00.012091 | > DO_CALL (0.001s wait)
.2020-01-21 10:13:00.018718 | eval'd: drake::cmq_buildtargetmetadepsspecht_is_subtargetconfig
2020-01-21 10:13:01.751023 | > DO_CALL (0.001s wait)
.2020-01-21 10:13:01.757661 | eval'd: drake::cmq_buildtargetmetadepsspecht_is_subtargetconfig
2020-01-21 10:13:03.692281 | > DO_CALL (0.001s wait)
.2020-01-21 10:13:03.698973 | eval'd: drake::cmq_buildtargetmetadepsspecht_is_subtargetconfig
2020-01-21 10:13:05.327314 | > DO_CALL (0.001s wait)
.
2020-01-21 10:13:05.334145 | eval'd: drake::cmq_buildtargetmetadepsspecht_is_subtargetconfig
2020-01-21 10:13:07.107782 | > DO_CALL (0.001s wait)
.2020-01-21 10:13:07.114603 | eval'd: drake::cmq_buildtargetmetadepsspecht_is_subtargetconfig
2020-01-21 10:13:08.822199 | > DO_CALL (0.001s wait)
.2020-01-21 10:13:08.828890 | eval'd: drake::cmq_buildtargetmetadepsspecht_is_subtargetconfig
2020-01-21 10:13:10.715575 | > DO_CALL (0.001s wait)
.2020-01-21 10:13:10.722781 | eval'd: drake::cmq_buildtargetmetadepsspecht_is_subtargetconfig
2020-01-21 10:13:12.592341 | > DO_CALL (0.000s wait)
.2020-01-21 10:13:12.598984 | eval'd: drake::cmq_buildtargetmetadepsspecht_is_subtargetconfig
2020-01-21 10:13:14.568927 | > DO_CALL (0.001s wait)
.2020-01-21 10:13:14.575584 | eval'd: drake::cmq_buildtargetmetadepsspecht_is_subtargetconfig
2020-01-21 10:13:16.858686 | > DO_CALL (0.001s wait)
.2020-01-21 10:13:16.865410 | eval'd: drake::cmq_buildtargetmetadepsspecht_is_subtargetconfig
2020-01-21 10:13:18.519771 | > DO_CALL (0.001s wait)
.2020-01-21 10:13:18.526437 | eval'd: drake::cmq_buildtargetmetadepsspecht_is_subtargetconfig
2020-01-21 10:13:20.166452 | > DO_CALL (0.000s wait)
.2020-01-21 10:13:20.173112 | eval'd: drake::cmq_buildtargetmetadepsspecht_is_subtargetconfig
2020-01-21 10:13:22.962870 | > DO_CALL (0.001s wait)
.2020-01-21 10:13:22.969538 | eval'd: drake::cmq_buildtargetmetadepsspecht_is_subtargetconfig
2020-01-21 10:13:24.778614 | > DO_CALL (0.001s wait)
.2020-01-21 10:13:24.785295 | eval'd: drake::cmq_buildtargetmetadepsspecht_is_subtargetconfig
2020-01-21 10:13:26.410832 | > DO_CALL (0.001s wait)
.2020-01-21 10:13:26.422758 | eval'd: drake::cmq_buildtargetmetadepsspecht_is_subtargetconfig
2020-01-21 10:13:28.259589 | > DO_CALL (0.001s wait)
.2020-01-21 10:13:28.264807 | eval'd: drake::cmq_buildtargetmetadepsspecht_is_subtargetconfig
2020-01-21 10:13:29.991689 | > DO_CALL (0.001s wait)
.2020-01-21 10:13:29.998932 | eval'd: drake::cmq_buildtargetmetadepsspecht_is_subtargetconfig
2020-01-21 10:13:31.803714 | > DO_CALL (0.001s wait)
.2020-01-21 10:13:31.809001 | eval'd: drake::cmq_buildtargetmetadepsspecht_is_subtargetconfig
2020-01-21 10:13:34.214665 | > DO_CALL (0.001s wait)
.2020-01-21 10:13:34.219918 | eval'd: drake::cmq_buildtargetmetadepsspecht_is_subtargetconfig
2020-01-21 10:13:36.091527 | > DO_CALL (0.001s wait)
.2020-01-21 10:13:36.096759 | eval'd: drake::cmq_buildtargetmetadepsspecht_is_subtargetconfig
2020-01-21 10:13:37.916309 | > DO_CALL (0.000s wait)
.2020-01-21 10:13:37.921630 | eval'd: drake::cmq_buildtargetmetadepsspecht_is_subtargetconfig
2020-01-21 10:13:39.859046 | > DO_CALL (0.001s wait)
.2020-01-21 10:13:39.864390 | eval'd: drake::cmq_buildtargetmetadepsspecht_is_subtargetconfig
2020-01-21 10:13:41.735363 | > DO_CALL (0.000s wait)
.2020-01-21 10:13:41.740688 | eval'd: drake::cmq_buildtargetmetadepsspecht_is_subtargetconfig
2020-01-21 10:13:43.553773 | > DO_CALL (0.001s wait)
.2020-01-21 10:13:43.559142 | eval'd: drake::cmq_buildtargetmetadepsspecht_is_subtargetconfig
2020-01-21 10:13:45.227222 | > DO_CALL (0.000s wait)
.2020-01-21 10:13:45.232618 | eval'd: drake::cmq_buildtargetmetadepsspecht_is_subtargetconfig
2020-01-21 10:13:46.669604 | > DO_CALL (0.001s wait)
.2020-01-21 10:13:46.674899 | eval'd: drake::cmq_buildtargetmetadepsspecht_is_subtargetconfig
2020-01-21 10:13:48.279724 | > DO_CALL (0.001s wait)
.2020-01-21 10:13:48.285043 | eval'd: drake::cmq_buildtargetmetadepsspecht_is_subtargetconfig
2020-01-21 10:13:49.862186 | > DO_CALL (0.000s wait)
.2020-01-21 10:13:49.867488 | eval'd: drake::cmq_buildtargetmetadepsspecht_is_subtargetconfig
2020-01-21 10:13:51.325147 | > DO_CALL (0.000s wait)
.2020-01-21 10:13:51.330432 | eval'd: drake::cmq_buildtargetmetadepsspecht_is_subtargetconfig
2020-01-21 10:13:52.980702 | > DO_CALL (0.001s wait)
.2020-01-21 10:13:52.985998 | eval'd: drake::cmq_buildtargetmetadepsspecht_is_subtargetconfig
2020-01-21 10:13:54.693299 | > DO_CALL (0.000s wait)
.2020-01-21 10:13:54.698539 | eval'd: drake::cmq_buildtargetmetadepsspecht_is_subtargetconfig
2020-01-21 10:13:56.313944 | > DO_CALL (0.001s wait)
.2020-01-21 10:13:56.319253 | eval'd: drake::cmq_buildtargetmetadepsspecht_is_subtargetconfig
2020-01-21 10:13:58.062453 | > DO_CALL (0.000s wait)
.2020-01-21 10:13:58.067821 | eval'd: drake::cmq_buildtargetmetadepsspecht_is_subtargetconfig
2020-01-21 10:13:59.779663 | > DO_CALL (0.001s wait)
.2020-01-21 10:13:59.784947 | eval'd: drake::cmq_buildtargetmetadepsspecht_is_subtargetconfig
2020-01-21 10:14:01.831029 | > DO_CALL (0.001s wait)
.2020-01-21 10:14:01.836349 | eval'd: drake::cmq_buildtargetmetadepsspecht_is_subtargetconfig
2020-01-21 10:14:03.524079 | > DO_CALL (0.001s wait)
.2020-01-21 10:14:03.529343 | eval'd: drake::cmq_buildtargetmetadepsspecht_is_subtargetconfig
2020-01-21 10:14:05.397802 | > DO_CALL (0.001s wait)
.2020-01-21 10:14:05.403201 | eval'd: drake::cmq_buildtargetmetadepsspecht_is_subtargetconfig
2020-01-21 10:14:07.085927 | > DO_CALL (0.001s wait)
.2020-01-21 10:14:07.097326 | eval'd: drake::cmq_buildtargetmetadepsspecht_is_subtargetconfig
2020-01-21 10:14:08.795997 | > DO_CALL (0.001s wait)
.2020-01-21 10:14:08.801227 | eval'd: drake::cmq_buildtargetmetadepsspecht_is_subtargetconfig
2020-01-21 10:14:10.641784 | > DO_CALL (0.001s wait)
.2020-01-21 10:14:10.647544 | eval'd: drake::cmq_buildtargetmetadepsspecht_is_subtargetconfig
2020-01-21 10:14:12.424838 | > DO_CALL (0.001s wait)
.2020-01-21 10:14:12.430167 | eval'd: drake::cmq_buildtargetmetadepsspecht_is_subtargetconfig
2020-01-21 10:14:13.864182 | > DO_CALL (0.000s wait)
.2020-01-21 10:14:13.869452 | eval'd: drake::cmq_buildtargetmetadepsspecht_is_subtargetconfig
2020-01-21 10:14:15.465314 | > DO_CALL (0.000s wait)
.2020-01-21 10:14:15.470565 | eval'd: drake::cmq_buildtargetmetadepsspecht_is_subtargetconfig
2020-01-21 10:14:17.042879 | > DO_CALL (0.001s wait)
.2020-01-21 10:14:17.048173 | eval'd: drake::cmq_buildtargetmetadepsspecht_is_subtargetconfig
2020-01-21 10:14:18.853900 | > DO_CALL (0.001s wait)
.2020-01-21 10:14:18.859270 | eval'd: drake::cmq_buildtargetmetadepsspecht_is_subtargetconfig
2020-01-21 10:14:20.200059 | > DO_CALL (0.001s wait)
.2020-01-21 10:14:20.205312 | eval'd: drake::cmq_buildtargetmetadepsspecht_is_subtargetconfig
2020-01-21 10:14:21.622700 | > DO_CALL (0.001s wait)
.2020-01-21 10:14:21.627955 | eval'd: drake::cmq_buildtargetmetadepsspecht_is_subtargetconfig
2020-01-21 10:14:24.772643 | > DO_CALL (0.001s wait)
.2020-01-21 10:14:24.778021 | eval'd: drake::cmq_buildtargetmetadepsspecht_is_subtargetconfig
2020-01-21 10:14:26.162457 | > DO_CALL (0.000s wait)
.2020-01-21 10:14:26.171999 | eval'd: drake::cmq_buildtargetmetadepsspecht_is_subtargetconfig
2020-01-21 10:14:27.445670 | > DO_CALL (0.001s wait)
.2020-01-21 10:14:27.451043 | eval'd: drake::cmq_buildtargetmetadepsspecht_is_subtargetconfig
2020-01-21 10:14:29.344319 | > DO_CALL (0.000s wait)
.2020-01-21 10:14:29.349760 | eval'd: drake::cmq_buildtargetmetadepsspecht_is_subtargetconfig
2020-01-21 10:14:30.696487 | > DO_CALL (0.001s wait)
.2020-01-21 10:14:30.703619 | eval'd: drake::cmq_buildtargetmetadepsspecht_is_subtargetconfig
2020-01-21 10:14:31.975252 | > DO_CALL (0.000s wait)
.2020-01-21 10:14:31.980636 | eval'd: drake::cmq_buildtargetmetadepsspecht_is_subtargetconfig
2020-01-21 10:14:33.486808 | > DO_CALL (0.001s wait)
.2020-01-21 10:14:33.492225 | eval'd: drake::cmq_buildtargetmetadepsspecht_is_subtargetconfig
2020-01-21 10:14:34.891003 | > DO_CALL (0.001s wait)
.2020-01-21 10:14:34.896297 | eval'd: drake::cmq_buildtargetmetadepsspecht_is_subtargetconfig
2020-01-21 10:14:36.393299 | > DO_CALL (0.000s wait)
.2020-01-21 10:14:36.398706 | eval'd: drake::cmq_buildtargetmetadepsspecht_is_subtargetconfig
2020-01-21 10:14:37.731648 | > DO_CALL (0.001s wait)
.2020-01-21 10:14:37.752633 | eval'd: drake::cmq_buildtargetmetadepsspecht_is_subtargetconfig
2020-01-21 10:14:39.301305 | > DO_CALL (0.000s wait)
.2020-01-21 10:14:39.307106 | eval'd: drake::cmq_buildtargetmetadepsspecht_is_subtargetconfig
2020-01-21 10:14:40.853078 | > DO_CALL (0.001s wait)
.2020-01-21 10:14:40.859495 | eval'd: drake::cmq_buildtargetmetadepsspecht_is_subtargetconfig
2020-01-21 10:14:42.458428 | > DO_CALL (0.000s wait)
.2020-01-21 10:14:42.464098 | eval'd: drake::cmq_buildtargetmetadepsspecht_is_subtargetconfig
2020-01-21 10:14:44.177040 | > DO_CALL (0.001s wait)
.2020-01-21 10:14:44.182889 | eval'd: drake::cmq_buildtargetmetadepsspecht_is_subtargetconfig
2020-01-21 10:14:45.712985 | > DO_CALL (0.001s wait)
.2020-01-21 10:14:45.718774 | eval'd: drake::cmq_buildtargetmetadepsspecht_is_subtargetconfig
2020-01-21 10:14:47.149735 | > DO_CALL (0.001s wait)
.2020-01-21 10:14:47.155797 | eval'd: drake::cmq_buildtargetmetadepsspecht_is_subtargetconfig
2020-01-21 10:14:48.671068 | > DO_CALL (0.001s wait)
.2020-01-21 10:14:48.677318 | eval'd: drake::cmq_buildtargetmetadepsspecht_is_subtargetconfig
2020-01-21 10:14:50.046834 | > DO_CALL (0.001s wait)
.2020-01-21 10:14:50.052723 | eval'd: drake::cmq_buildtargetmetadepsspecht_is_subtargetconfig
2020-01-21 10:14:51.579561 | > DO_CALL (0.001s wait)
.2020-01-21 10:14:51.585496 | eval'd: drake::cmq_buildtargetmetadepsspecht_is_subtargetconfig
2020-01-21 10:14:53.154903 | > DO_CALL (0.001s wait)
.2020-01-21 10:14:53.160500 | eval'd: drake::cmq_buildtargetmetadepsspecht_is_subtargetconfig
2020-01-21 10:14:54.482620 | > DO_CALL (0.001s wait)
.2020-01-21 10:14:54.488123 | eval'd: drake::cmq_buildtargetmetadepsspecht_is_subtargetconfig
2020-01-21 10:14:56.320300 | > DO_CALL (0.000s wait)
.2020-01-21 10:14:56.325575 | eval'd: drake::cmq_buildtargetmetadepsspecht_is_subtargetconfig
2020-01-21 10:14:57.652256 | > DO_CALL (0.000s wait)
.2020-01-21 10:14:57.657519 | eval'd: drake::cmq_buildtargetmetadepsspecht_is_subtargetconfig
2020-01-21 10:14:59.144136 | > DO_CALL (0.000s wait)
.2020-01-21 10:14:59.149409 | eval'd: drake::cmq_buildtargetmetadepsspecht_is_subtargetconfig
2020-01-21 10:15:00.472791 | > DO_CALL (0.001s wait)
.2020-01-21 10:15:00.478213 | eval'd: drake::cmq_buildtargetmetadepsspecht_is_subtargetconfig
2020-01-21 10:15:02.046091 | > DO_CALL (0.011s wait)
.2020-01-21 10:15:02.051599 | eval'd: drake::cmq_buildtargetmetadepsspecht_is_subtargetconfig
2020-01-21 10:15:03.349561 | > DO_CALL (0.001s wait)
.2020-01-21 10:15:03.354837 | eval'd: drake::cmq_buildtargetmetadepsspecht_is_subtargetconfig
2020-01-21 10:15:04.896723 | > DO_CALL (0.001s wait)
.2020-01-21 10:15:04.901931 | eval'd: drake::cmq_buildtargetmetadepsspecht_is_subtargetconfig
2020-01-21 10:15:06.314723 | > DO_CALL (0.001s wait)
.2020-01-21 10:15:06.320089 | eval'd: drake::cmq_buildtargetmetadepsspecht_is_subtargetconfig
2020-01-21 10:15:07.622832 | > DO_CALL (0.001s wait)
.2020-01-21 10:15:07.628059 | eval'd: drake::cmq_buildtargetmetadepsspecht_is_subtargetconfig
2020-01-21 10:15:09.189297 | > DO_CALL (0.000s wait)
.2020-01-21 10:15:09.194639 | eval'd: drake::cmq_buildtargetmetadepsspecht_is_subtargetconfig
2020-01-21 10:15:10.511865 | > DO_CALL (0.001s wait)
.2020-01-21 10:15:10.517250 | eval'd: drake::cmq_buildtargetmetadepsspecht_is_subtargetconfig
2020-01-21 10:15:12.038792 | > DO_CALL (0.001s wait)
.2020-01-21 10:15:12.044092 | eval'd: drake::cmq_buildtargetmetadepsspecht_is_subtargetconfig
2020-01-21 10:15:13.354158 | > DO_CALL (0.000s wait)
.2020-01-21 10:15:13.359487 | eval'd: drake::cmq_buildtargetmetadepsspecht_is_subtargetconfig
2020-01-21 10:15:14.773523 | > DO_CALL (0.001s wait)
.2020-01-21 10:15:14.778856 | eval'd: drake::cmq_buildtargetmetadepsspecht_is_subtargetconfig
2020-01-21 10:15:16.154695 | > DO_CALL (0.001s wait)
.
2020-01-21 10:15:16.160004 | eval'd: drake::cmq_buildtargetmetadepsspecht_is_subtargetconfig
2020-01-21 10:15:17.324449 | > DO_CALL (0.000s wait)
.2020-01-21 10:15:17.329827 | eval'd: drake::cmq_buildtargetmetadepsspecht_is_subtargetconfig
2020-01-21 10:15:18.708799 | > DO_CALL (0.001s wait)
.2020-01-21 10:15:18.714108 | eval'd: drake::cmq_buildtargetmetadepsspecht_is_subtargetconfig
2020-01-21 10:15:19.980876 | > DO_CALL (0.006s wait)
.2020-01-21 10:15:19.986288 | eval'd: drake::cmq_buildtargetmetadepsspecht_is_subtargetconfig
2020-01-21 10:15:21.346027 | > DO_CALL (0.001s wait)
.2020-01-21 10:15:21.351272 | eval'd: drake::cmq_buildtargetmetadepsspecht_is_subtargetconfig
2020-01-21 10:15:22.650913 | > DO_CALL (0.001s wait)
.2020-01-21 10:15:22.656218 | eval'd: drake::cmq_buildtargetmetadepsspecht_is_subtargetconfig
2020-01-21 10:15:24.221097 | > DO_CALL (0.001s wait)
.2020-01-21 10:15:24.226504 | eval'd: drake::cmq_buildtargetmetadepsspecht_is_subtargetconfig
2020-01-21 10:15:27.155519 | > DO_CALL (0.001s wait)
.2020-01-21 10:15:27.160839 | eval'd: drake::cmq_buildtargetmetadepsspecht_is_subtargetconfig
2020-01-21 10:15:28.487326 | > DO_CALL (0.000s wait)
.2020-01-21 10:15:28.492595 | eval'd: drake::cmq_buildtargetmetadepsspecht_is_subtargetconfig
2020-01-21 10:15:29.918267 | > DO_CALL (0.000s wait)
.2020-01-21 10:15:29.923621 | eval'd: drake::cmq_buildtargetmetadepsspecht_is_subtargetconfig
2020-01-21 10:15:31.396311 | > DO_CALL (0.000s wait)
.2020-01-21 10:15:31.403785 | eval'd: drake::cmq_buildtargetmetadepsspecht_is_subtargetconfig
2020-01-21 10:15:32.914506 | > DO_CALL (0.001s wait)
.2020-01-21 10:15:32.919752 | eval'd: drake::cmq_buildtargetmetadepsspecht_is_subtargetconfig
2020-01-21 10:15:34.373736 | > DO_CALL (0.001s wait)
.2020-01-21 10:15:34.379225 | eval'd: drake::cmq_buildtargetmetadepsspecht_is_subtargetconfig
2020-01-21 10:15:35.775437 | > DO_CALL (0.000s wait)
.2020-01-21 10:15:35.786555 | eval'd: drake::cmq_buildtargetmetadepsspecht_is_subtargetconfig
2020-01-21 10:15:37.159786 | > DO_CALL (0.001s wait)
.2020-01-21 10:15:37.165103 | eval'd: drake::cmq_buildtargetmetadepsspecht_is_subtargetconfig
2020-01-21 10:15:38.566412 | > DO_CALL (0.000s wait)
.2020-01-21 10:15:38.571668 | eval'd: drake::cmq_buildtargetmetadepsspecht_is_subtargetconfig
2020-01-21 10:15:39.998757 | > DO_CALL (0.001s wait)
.2020-01-21 10:15:40.004006 | eval'd: drake::cmq_buildtargetmetadepsspecht_is_subtargetconfig
2020-01-21 10:15:41.616456 | > DO_CALL (0.000s wait)
.2020-01-21 10:15:41.621650 | eval'd: drake::cmq_buildtargetmetadepsspecht_is_subtargetconfig
2020-01-21 10:15:42.891855 | > DO_CALL (0.001s wait)
.2020-01-21 10:15:42.897111 | eval'd: drake::cmq_buildtargetmetadepsspecht_is_subtargetconfig
2020-01-21 10:15:44.144219 | > DO_CALL (0.000s wait)
.2020-01-21 10:15:44.149569 | eval'd: drake::cmq_buildtargetmetadepsspecht_is_subtargetconfig
2020-01-21 10:15:45.709575 | > DO_CALL (0.001s wait)
.2020-01-21 10:15:45.714935 | eval'd: drake::cmq_buildtargetmetadepsspecht_is_subtargetconfig
2020-01-21 10:15:47.094986 | > DO_CALL (0.001s wait)
.2020-01-21 10:15:47.100336 | eval'd: drake::cmq_buildtargetmetadepsspecht_is_subtargetconfig
2020-01-21 10:15:48.378916 | > DO_CALL (0.001s wait)
.2020-01-21 10:15:48.581174 | eval'd: drake::cmq_buildtargetmetadepsspecht_is_subtargetconfig
2020-01-21 10:15:49.878328 | > DO_CALL (0.000s wait)
.2020-01-21 10:15:49.883596 | eval'd: drake::cmq_buildtargetmetadepsspecht_is_subtargetconfig
2020-01-21 10:15:51.220887 | > DO_CALL (0.001s wait)
.2020-01-21 10:15:51.226105 | eval'd: drake::cmq_buildtargetmetadepsspecht_is_subtargetconfig
2020-01-21 10:15:52.552895 | > DO_CALL (0.001s wait)
.2020-01-21 10:15:52.558075 | eval'd: drake::cmq_buildtargetmetadepsspecht_is_subtargetconfig
2020-01-21 10:15:53.808718 | > DO_CALL (0.001s wait)
.2020-01-21 10:15:53.813911 | eval'd: drake::cmq_buildtargetmetadepsspecht_is_subtargetconfig
2020-01-21 10:15:55.256928 | > DO_CALL (0.001s wait)
.2020-01-21 10:15:55.262432 | eval'd: drake::cmq_buildtargetmetadepsspecht_is_subtargetconfig
2020-01-21 10:15:56.754820 | > DO_CALL (0.001s wait)
.2020-01-21 10:15:56.760024 | eval'd: drake::cmq_buildtargetmetadepsspecht_is_subtargetconfig
2020-01-21 10:15:58.343070 | > DO_CALL (0.001s wait)
.2020-01-21 10:15:58.348371 | eval'd: drake::cmq_buildtargetmetadepsspecht_is_subtargetconfig
2020-01-21 10:15:59.708177 | > DO_CALL (0.000s wait)
.2020-01-21 10:15:59.713406 | eval'd: drake::cmq_buildtargetmetadepsspecht_is_subtargetconfig
2020-01-21 10:16:00.922721 | > DO_CALL (0.001s wait)
.2020-01-21 10:16:00.927940 | eval'd: drake::cmq_buildtargetmetadepsspecht_is_subtargetconfig
2020-01-21 10:16:02.320028 | > DO_CALL (0.001s wait)
.2020-01-21 10:16:02.325288 | eval'd: drake::cmq_buildtargetmetadepsspecht_is_subtargetconfig
2020-01-21 10:16:04.028537 | > DO_CALL (0.001s wait)
.2020-01-21 10:16:04.033705 | eval'd: drake::cmq_buildtargetmetadepsspecht_is_subtargetconfig
2020-01-21 10:16:05.285413 | > DO_CALL (0.000s wait)
.2020-01-21 10:16:05.290678 | eval'd: drake::cmq_buildtargetmetadepsspecht_is_subtargetconfig
2020-01-21 10:16:06.594167 | > DO_CALL (0.000s wait)
.2020-01-21 10:16:06.599349 | eval'd: drake::cmq_buildtargetmetadepsspecht_is_subtargetconfig
2020-01-21 10:16:07.888926 | > DO_CALL (0.001s wait)
.2020-01-21 10:16:07.894152 | eval'd: drake::cmq_buildtargetmetadepsspecht_is_subtargetconfig
2020-01-21 10:16:09.256571 | > DO_CALL (0.001s wait)
.2020-01-21 10:16:09.261801 | eval'd: drake::cmq_buildtargetmetadepsspecht_is_subtargetconfig
2020-01-21 10:16:10.578209 | > DO_CALL (0.000s wait)
.2020-01-21 10:16:10.583425 | eval'd: drake::cmq_buildtargetmetadepsspecht_is_subtargetconfig
2020-01-21 10:16:11.947024 | > DO_CALL (0.001s wait)
.2020-01-21 10:16:11.952291 | eval'd: drake::cmq_buildtargetmetadepsspecht_is_subtargetconfig
2020-01-21 10:16:13.247375 | > DO_CALL (0.000s wait)
.2020-01-21 10:16:13.252594 | eval'd: drake::cmq_buildtargetmetadepsspecht_is_subtargetconfig
2020-01-21 10:16:14.487259 | > DO_CALL (0.000s wait)
.2020-01-21 10:16:14.492527 | eval'd: drake::cmq_buildtargetmetadepsspecht_is_subtargetconfig
2020-01-21 10:16:15.884140 | > DO_CALL (0.000s wait)
.2020-01-21 10:16:15.889798 | eval'd: drake::cmq_buildtargetmetadepsspecht_is_subtargetconfig
2020-01-21 10:16:17.263970 | > DO_CALL (0.001s wait)
.2020-01-21 10:16:17.270658 | eval'd: drake::cmq_buildtargetmetadepsspecht_is_subtargetconfig
2020-01-21 10:16:18.597914 | > DO_CALL (0.001s wait)
.2020-01-21 10:16:18.604550 | eval'd: drake::cmq_buildtargetmetadepsspecht_is_subtargetconfig
2020-01-21 10:16:19.948741 | > DO_CALL (0.001s wait)
.2020-01-21 10:16:19.955476 | eval'd: drake::cmq_buildtargetmetadepsspecht_is_subtargetconfig
2020-01-21 10:16:21.544907 | > DO_CALL (0.001s wait)
.2020-01-21 10:16:21.556081 | eval'd: drake::cmq_buildtargetmetadepsspecht_is_subtargetconfig
2020-01-21 10:16:22.892175 | > DO_CALL (0.000s wait)
.2020-01-21 10:16:22.897438 | eval'd: drake::cmq_buildtargetmetadepsspecht_is_subtargetconfig
2020-01-21 10:16:24.303264 | > DO_CALL (0.000s wait)
.2020-01-21 10:16:24.308510 | eval'd: drake::cmq_buildtargetmetadepsspecht_is_subtargetconfig
2020-01-21 10:16:25.588230 | > DO_CALL (0.000s wait)
.2020-01-21 10:16:25.593417 | eval'd: drake::cmq_buildtargetmetadepsspecht_is_subtargetconfig
2020-01-21 10:16:27.061165 | > DO_CALL (0.000s wait)
.2020-01-21 10:16:27.066353 | eval'd: drake::cmq_buildtargetmetadepsspecht_is_subtargetconfig
2020-01-21 10:16:29.926302 | > DO_CALL (0.000s wait)
.2020-01-21 10:16:29.931534 | eval'd: drake::cmq_buildtargetmetadepsspecht_is_subtargetconfig
2020-01-21 10:16:31.249218 | > DO_CALL (0.000s wait)
.2020-01-21 10:16:31.254480 | eval'd: drake::cmq_buildtargetmetadepsspecht_is_subtargetconfig
2020-01-21 10:16:32.559025 | > DO_CALL (0.001s wait)
.2020-01-21 10:16:32.566415 | eval'd: drake::cmq_buildtargetmetadepsspecht_is_subtargetconfig
2020-01-21 10:16:33.898871 | > DO_CALL (0.001s wait)
.2020-01-21 10:16:33.904175 | eval'd: drake::cmq_buildtargetmetadepsspecht_is_subtargetconfig
2020-01-21 10:16:35.296875 | > DO_CALL (0.001s wait)
.2020-01-21 10:16:35.302115 | eval'd: drake::cmq_buildtargetmetadepsspecht_is_subtargetconfig
2020-01-21 10:16:36.607642 | > DO_CALL (0.001s wait)
.2020-01-21 10:16:36.612979 | eval'd: drake::cmq_buildtargetmetadepsspecht_is_subtargetconfig
2020-01-21 10:16:38.106389 | > DO_CALL (0.000s wait)
.2020-01-21 10:16:38.111570 | eval'd: drake::cmq_buildtargetmetadepsspecht_is_subtargetconfig
2020-01-21 10:16:39.390904 | > DO_CALL (0.001s wait)
.2020-01-21 10:16:39.396173 | eval'd: drake::cmq_buildtargetmetadepsspecht_is_subtargetconfig
2020-01-21 10:16:40.766098 | > DO_CALL (0.001s wait)
.2020-01-21 10:16:40.772163 | eval'd: drake::cmq_buildtargetmetadepsspecht_is_subtargetconfig
2020-01-21 10:16:42.109602 | > DO_CALL (0.001s wait)
.2020-01-21 10:16:42.114859 | eval'd: drake::cmq_buildtargetmetadepsspecht_is_subtargetconfig
2020-01-21 10:16:43.378888 | > DO_CALL (0.001s wait)
.2020-01-21 10:16:43.384128 | eval'd: drake::cmq_buildtargetmetadepsspecht_is_subtargetconfig
2020-01-21 10:16:44.763391 | > DO_CALL (0.000s wait)
.2020-01-21 10:16:44.768684 | eval'd: drake::cmq_buildtargetmetadepsspecht_is_subtargetconfig
2020-01-21 10:16:46.178261 | > DO_CALL (0.000s wait)
.2020-01-21 10:16:46.183423 | eval'd: drake::cmq_buildtargetmetadepsspecht_is_subtargetconfig
2020-01-21 10:16:47.629640 | > DO_CALL (0.001s wait)
.2020-01-21 10:16:47.634918 | eval'd: drake::cmq_buildtargetmetadepsspecht_is_subtargetconfig
2020-01-21 10:16:49.053894 | > DO_CALL (0.001s wait)
.2020-01-21 10:16:49.064898 | eval'd: drake::cmq_buildtargetmetadepsspecht_is_subtargetconfig
2020-01-21 10:16:50.426789 | > DO_CALL (0.001s wait)
.2020-01-21 10:16:50.432054 | eval'd: drake::cmq_buildtargetmetadepsspecht_is_subtargetconfig
2020-01-21 10:16:51.671387 | > DO_CALL (0.000s wait)
.2020-01-21 10:16:51.676640 | eval'd: drake::cmq_buildtargetmetadepsspecht_is_subtargetconfig
2020-01-21 10:16:52.962659 | > DO_CALL (0.001s wait)
.2020-01-21 10:16:52.967883 | eval'd: drake::cmq_buildtargetmetadepsspecht_is_subtargetconfig
2020-01-21 10:16:54.329879 | > DO_CALL (0.001s wait)
.2020-01-21 10:16:54.335041 | eval'd: drake::cmq_buildtargetmetadepsspecht_is_subtargetconfig
2020-01-21 10:16:55.634308 | > DO_CALL (0.000s wait)
.2020-01-21 10:16:55.639489 | eval'd: drake::cmq_buildtargetmetadepsspecht_is_subtargetconfig
2020-01-21 10:16:56.858652 | > DO_CALL (0.001s wait)
.2020-01-21 10:16:56.863805 | eval'd: drake::cmq_buildtargetmetadepsspecht_is_subtargetconfig
2020-01-21 10:16:58.072772 | > DO_CALL (0.001s wait)
.2020-01-21 10:16:58.078024 | eval'd: drake::cmq_buildtargetmetadepsspecht_is_subtargetconfig
2020-01-21 10:16:59.657763 | > DO_CALL (0.001s wait)
.2020-01-21 10:16:59.663019 | eval'd: drake::cmq_buildtargetmetadepsspecht_is_subtargetconfig
2020-01-21 10:17:00.916071 | > DO_CALL (0.001s wait)
.2020-01-21 10:17:00.921290 | eval'd: drake::cmq_buildtargetmetadepsspecht_is_subtargetconfig
2020-01-21 10:17:02.151079 | > DO_CALL (0.001s wait)
.2020-01-21 10:17:02.156352 | eval'd: drake::cmq_buildtargetmetadepsspecht_is_subtargetconfig
2020-01-21 10:17:03.412766 | > DO_CALL (0.001s wait)
.2020-01-21 10:17:03.418076 | eval'd: drake::cmq_buildtargetmetadepsspecht_is_subtargetconfig
2020-01-21 10:17:04.707773 | > DO_CALL (0.001s wait)
.2020-01-21 10:17:04.713031 | eval'd: drake::cmq_buildtargetmetadepsspecht_is_subtargetconfig
2020-01-21 10:17:05.916115 | > DO_CALL (0.001s wait)
.2020-01-21 10:17:05.921386 | eval'd: drake::cmq_buildtargetmetadepsspecht_is_subtargetconfig
2020-01-21 10:17:07.193072 | > DO_CALL (0.001s wait)
.
2020-01-21 10:17:07.198496 | eval'd: drake::cmq_buildtargetmetadepsspecht_is_subtargetconfig
2020-01-21 10:17:08.468307 | > DO_CALL (0.000s wait)
.2020-01-21 10:17:08.473599 | eval'd: drake::cmq_buildtargetmetadepsspecht_is_subtargetconfig
2020-01-21 10:17:09.706054 | > DO_CALL (0.001s wait)
.2020-01-21 10:17:09.716915 | eval'd: drake::cmq_buildtargetmetadepsspecht_is_subtargetconfig
2020-01-21 10:17:10.975389 | > DO_CALL (0.000s wait)
.2020-01-21 10:17:10.980600 | eval'd: drake::cmq_buildtargetmetadepsspecht_is_subtargetconfig
2020-01-21 10:17:12.209907 | > DO_CALL (0.001s wait)
.2020-01-21 10:17:12.215079 | eval'd: drake::cmq_buildtargetmetadepsspecht_is_subtargetconfig
2020-01-21 10:17:13.457864 | > DO_CALL (0.001s wait)
.2020-01-21 10:17:13.463096 | eval'd: drake::cmq_buildtargetmetadepsspecht_is_subtargetconfig
2020-01-21 10:17:14.710477 | > DO_CALL (0.001s wait)
.2020-01-21 10:17:14.715765 | eval'd: drake::cmq_buildtargetmetadepsspecht_is_subtargetconfig
2020-01-21 10:17:15.976306 | > DO_CALL (0.000s wait)
.2020-01-21 10:17:15.981531 | eval'd: drake::cmq_buildtargetmetadepsspecht_is_subtargetconfig
2020-01-21 10:17:17.204320 | > DO_CALL (0.000s wait)
.2020-01-21 10:17:17.209547 | eval'd: drake::cmq_buildtargetmetadepsspecht_is_subtargetconfig
2020-01-21 10:17:18.364257 | > DO_CALL (0.000s wait)
.2020-01-21 10:17:18.369505 | eval'd: drake::cmq_buildtargetmetadepsspecht_is_subtargetconfig
2020-01-21 10:17:19.691299 | > DO_CALL (0.000s wait)
.2020-01-21 10:17:19.696598 | eval'd: drake::cmq_buildtargetmetadepsspecht_is_subtargetconfig
2020-01-21 10:17:21.011839 | > DO_CALL (0.001s wait)
.2020-01-21 10:17:21.017037 | eval'd: drake::cmq_buildtargetmetadepsspecht_is_subtargetconfig
2020-01-21 10:17:22.217596 | > DO_CALL (0.001s wait)
.2020-01-21 10:17:22.222909 | eval'd: drake::cmq_buildtargetmetadepsspecht_is_subtargetconfig
2020-01-21 10:17:23.510200 | > DO_CALL (0.000s wait)
.2020-01-21 10:17:23.515480 | eval'd: drake::cmq_buildtargetmetadepsspecht_is_subtargetconfig
2020-01-21 10:17:24.763546 | > DO_CALL (0.001s wait)
.2020-01-21 10:17:24.768809 | eval'd: drake::cmq_buildtargetmetadepsspecht_is_subtargetconfig
2020-01-21 10:17:26.131775 | > DO_CALL (0.001s wait)
.2020-01-21 10:17:26.315406 | eval'd: drake::cmq_buildtargetmetadepsspecht_is_subtargetconfig
2020-01-21 10:17:27.465391 | > DO_CALL (0.000s wait)
.2020-01-21 10:17:27.470608 | eval'd: drake::cmq_buildtargetmetadepsspecht_is_subtargetconfig
2020-01-21 10:17:28.686443 | > DO_CALL (0.000s wait)
.2020-01-21 10:17:28.691649 | eval'd: drake::cmq_buildtargetmetadepsspecht_is_subtargetconfig
2020-01-21 10:17:31.493186 | > DO_CALL (0.000s wait)
.2020-01-21 10:17:31.498957 | eval'd: drake::cmq_buildtargetmetadepsspecht_is_subtargetconfig
2020-01-21 10:17:32.756777 | > DO_CALL (0.001s wait)
.2020-01-21 10:17:32.763891 | eval'd: drake::cmq_buildtargetmetadepsspecht_is_subtargetconfig
2020-01-21 10:17:34.082736 | > DO_CALL (0.001s wait)
.2020-01-21 10:17:34.087914 | eval'd: drake::cmq_buildtargetmetadepsspecht_is_subtargetconfig
2020-01-21 10:17:35.438652 | > DO_CALL (0.001s wait)
.2020-01-21 10:17:35.443876 | eval'd: drake::cmq_buildtargetmetadepsspecht_is_subtargetconfig
2020-01-21 10:17:36.668303 | > DO_CALL (0.000s wait)
.2020-01-21 10:17:36.673588 | eval'd: drake::cmq_buildtargetmetadepsspecht_is_subtargetconfig
2020-01-21 10:17:38.264909 | > DO_CALL (0.001s wait)
.2020-01-21 10:17:38.270120 | eval'd: drake::cmq_buildtargetmetadepsspecht_is_subtargetconfig
2020-01-21 10:17:39.609858 | > DO_CALL (0.001s wait)
.2020-01-21 10:17:39.615039 | eval'd: drake::cmq_buildtargetmetadepsspecht_is_subtargetconfig
2020-01-21 10:17:40.981687 | > DO_CALL (0.001s wait)
.2020-01-21 10:17:40.987401 | eval'd: drake::cmq_buildtargetmetadepsspecht_is_subtargetconfig
2020-01-21 10:17:42.261251 | > DO_CALL (0.000s wait)
.2020-01-21 10:17:42.266776 | eval'd: drake::cmq_buildtargetmetadepsspecht_is_subtargetconfig
2020-01-21 10:17:43.521398 | > DO_CALL (0.000s wait)
.2020-01-21 10:17:43.526965 | eval'd: drake::cmq_buildtargetmetadepsspecht_is_subtargetconfig
2020-01-21 10:17:44.828530 | > DO_CALL (0.001s wait)
.2020-01-21 10:17:44.834129 | eval'd: drake::cmq_buildtargetmetadepsspecht_is_subtargetconfig
2020-01-21 10:17:46.047318 | > DO_CALL (0.000s wait)
.2020-01-21 10:17:46.052880 | eval'd: drake::cmq_buildtargetmetadepsspecht_is_subtargetconfig
2020-01-21 10:17:47.302794 | > DO_CALL (0.001s wait)
.2020-01-21 10:17:47.308398 | eval'd: drake::cmq_buildtargetmetadepsspecht_is_subtargetconfig
2020-01-21 10:17:48.627234 | > DO_CALL (0.001s wait)
.2020-01-21 10:17:48.633066 | eval'd: drake::cmq_buildtargetmetadepsspecht_is_subtargetconfig
2020-01-21 10:17:49.902364 | > DO_CALL (0.000s wait)
.2020-01-21 10:17:49.908050 | eval'd: drake::cmq_buildtargetmetadepsspecht_is_subtargetconfig
2020-01-21 10:17:51.208121 | > DO_CALL (0.001s wait)
.2020-01-21 10:17:51.213878 | eval'd: drake::cmq_buildtargetmetadepsspecht_is_subtargetconfig
2020-01-21 10:17:52.449074 | > DO_CALL (0.001s wait)
.2020-01-21 10:17:52.454765 | eval'd: drake::cmq_buildtargetmetadepsspecht_is_subtargetconfig
2020-01-21 10:17:53.775136 | > DO_CALL (0.001s wait)
.2020-01-21 10:17:53.780805 | eval'd: drake::cmq_buildtargetmetadepsspecht_is_subtargetconfig
2020-01-21 10:17:54.997571 | > DO_CALL (0.001s wait)
.2020-01-21 10:17:55.003262 | eval'd: drake::cmq_buildtargetmetadepsspecht_is_subtargetconfig
2020-01-21 10:17:56.317752 | > DO_CALL (0.001s wait)
.2020-01-21 10:17:56.323427 | eval'd: drake::cmq_buildtargetmetadepsspecht_is_subtargetconfig
2020-01-21 10:17:57.572760 | > DO_CALL (0.001s wait)
.2020-01-21 10:17:57.578445 | eval'd: drake::cmq_buildtargetmetadepsspecht_is_subtargetconfig
2020-01-21 10:17:58.831341 | > DO_CALL (0.000s wait)
.2020-01-21 10:17:58.838000 | eval'd: drake::cmq_buildtargetmetadepsspecht_is_subtargetconfig
2020-01-21 10:18:00.255251 | > DO_CALL (0.001s wait)
.2020-01-21 10:18:00.261915 | eval'd: drake::cmq_buildtargetmetadepsspecht_is_subtargetconfig
2020-01-21 10:18:01.547943 | > DO_CALL (0.001s wait)
.2020-01-21 10:18:01.560174 | eval'd: drake::cmq_buildtargetmetadepsspecht_is_subtargetconfig
2020-01-21 10:18:03.085504 | > DO_CALL (0.001s wait)
.2020-01-21 10:18:03.090771 | eval'd: drake::cmq_buildtargetmetadepsspecht_is_subtargetconfig
2020-01-21 10:18:04.316889 | > DO_CALL (0.001s wait)
.2020-01-21 10:18:04.322051 | eval'd: drake::cmq_buildtargetmetadepsspecht_is_subtargetconfig
2020-01-21 10:18:05.691009 | > DO_CALL (0.001s wait)
.2020-01-21 10:18:05.696248 | eval'd: drake::cmq_buildtargetmetadepsspecht_is_subtargetconfig
2020-01-21 10:18:06.940587 | > DO_CALL (0.001s wait)
.2020-01-21 10:18:06.945763 | eval'd: drake::cmq_buildtargetmetadepsspecht_is_subtargetconfig
2020-01-21 10:18:08.197090 | > DO_CALL (0.001s wait)
.2020-01-21 10:18:08.202249 | eval'd: drake::cmq_buildtargetmetadepsspecht_is_subtargetconfig
2020-01-21 10:18:09.458194 | > DO_CALL (0.000s wait)
.2020-01-21 10:18:09.463474 | eval'd: drake::cmq_buildtargetmetadepsspecht_is_subtargetconfig
2020-01-21 10:18:11.117514 | > DO_CALL (0.001s wait)
.2020-01-21 10:18:11.123345 | eval'd: drake::cmq_buildtargetmetadepsspecht_is_subtargetconfig
2020-01-21 10:18:12.341915 | > DO_CALL (0.001s wait)
.2020-01-21 10:18:12.347161 | eval'd: drake::cmq_buildtargetmetadepsspecht_is_subtargetconfig
2020-01-21 10:18:13.567248 | > DO_CALL (0.000s wait)
.2020-01-21 10:18:13.572457 | eval'd: drake::cmq_buildtargetmetadepsspecht_is_subtargetconfig
2020-01-21 10:18:14.871085 | > DO_CALL (0.001s wait)
.2020-01-21 10:18:14.876364 | eval'd: drake::cmq_buildtargetmetadepsspecht_is_subtargetconfig
2020-01-21 10:18:16.185081 | > DO_CALL (0.001s wait)
.2020-01-21 10:18:16.190308 | eval'd: drake::cmq_buildtargetmetadepsspecht_is_subtargetconfig
2020-01-21 10:18:17.385878 | > DO_CALL (0.001s wait)
.2020-01-21 10:18:17.391008 | eval'd: drake::cmq_buildtargetmetadepsspecht_is_subtargetconfig
2020-01-21 10:18:18.558071 | > DO_CALL (0.001s wait)
.2020-01-21 10:18:18.563300 | eval'd: drake::cmq_buildtargetmetadepsspecht_is_subtargetconfig
2020-01-21 10:18:19.859907 | > DO_CALL (0.001s wait)
.2020-01-21 10:18:19.865079 | eval'd: drake::cmq_buildtargetmetadepsspecht_is_subtargetconfig
2020-01-21 10:18:21.244664 | > DO_CALL (0.001s wait)
.2020-01-21 10:18:21.249865 | eval'd: drake::cmq_buildtargetmetadepsspecht_is_subtargetconfig
2020-01-21 10:18:22.525636 | > DO_CALL (0.001s wait)
.2020-01-21 10:18:22.531054 | eval'd: drake::cmq_buildtargetmetadepsspecht_is_subtargetconfig
2020-01-21 10:18:23.737941 | > DO_CALL (0.001s wait)
.2020-01-21 10:18:23.743192 | eval'd: drake::cmq_buildtargetmetadepsspecht_is_subtargetconfig
2020-01-21 10:18:25.012469 | > DO_CALL (0.001s wait)
.2020-01-21 10:18:25.017686 | eval'd: drake::cmq_buildtargetmetadepsspecht_is_subtargetconfig
2020-01-21 10:18:26.270277 | > DO_CALL (0.000s wait)
.2020-01-21 10:18:26.275522 | eval'd: drake::cmq_buildtargetmetadepsspecht_is_subtargetconfig
2020-01-21 10:18:27.499046 | > DO_CALL (0.001s wait)
.2020-01-21 10:18:27.504308 | eval'd: drake::cmq_buildtargetmetadepsspecht_is_subtargetconfig
2020-01-21 10:18:28.759201 | > DO_CALL (0.000s wait)
.2020-01-21 10:18:28.764502 | eval'd: drake::cmq_buildtargetmetadepsspecht_is_subtargetconfig
2020-01-21 10:18:29.968458 | > DO_CALL (0.006s wait)
.2020-01-21 10:18:29.973702 | eval'd: drake::cmq_buildtargetmetadepsspecht_is_subtargetconfig
2020-01-21 10:18:31.186638 | > DO_CALL (0.001s wait)
.2020-01-21 10:18:31.191832 | eval'd: drake::cmq_buildtargetmetadepsspecht_is_subtargetconfig
2020-01-21 10:18:33.698728 | > DO_CALL (0.001s wait)
.2020-01-21 10:18:33.706210 | eval'd: drake::cmq_buildtargetmetadepsspecht_is_subtargetconfig
2020-01-21 10:18:34.961374 | > DO_CALL (0.000s wait)
.2020-01-21 10:18:34.966607 | eval'd: drake::cmq_buildtargetmetadepsspecht_is_subtargetconfig
2020-01-21 10:18:36.224308 | > DO_CALL (0.000s wait)
.2020-01-21 10:18:36.229510 | eval'd: drake::cmq_buildtargetmetadepsspecht_is_subtargetconfig
2020-01-21 10:18:37.550387 | > DO_CALL (0.000s wait)
.2020-01-21 10:18:37.555555 | eval'd: drake::cmq_buildtargetmetadepsspecht_is_subtargetconfig
2020-01-21 10:18:38.803952 | > DO_CALL (0.001s wait)
.2020-01-21 10:18:38.809258 | eval'd: drake::cmq_buildtargetmetadepsspecht_is_subtargetconfig
2020-01-21 10:18:40.026405 | > DO_CALL (0.000s wait)
.2020-01-21 10:18:40.031674 | eval'd: drake::cmq_buildtargetmetadepsspecht_is_subtargetconfig
2020-01-21 10:18:41.283728 | > DO_CALL (0.001s wait)
.2020-01-21 10:18:41.289016 | eval'd: drake::cmq_buildtargetmetadepsspecht_is_subtargetconfig
2020-01-21 10:18:42.654273 | > DO_CALL (0.000s wait)
.2020-01-21 10:18:42.659598 | eval'd: drake::cmq_buildtargetmetadepsspecht_is_subtargetconfig
2020-01-21 10:18:43.910580 | > DO_CALL (0.001s wait)
.2020-01-21 10:18:43.915835 | eval'd: drake::cmq_buildtargetmetadepsspecht_is_subtargetconfig
2020-01-21 10:18:45.106913 | > DO_CALL (0.001s wait)
.2020-01-21 10:18:45.112170 | eval'd: drake::cmq_buildtargetmetadepsspecht_is_subtargetconfig
2020-01-21 10:18:46.314506 | > DO_CALL (0.001s wait)
.2020-01-21 10:18:46.319752 | eval'd: drake::cmq_buildtargetmetadepsspecht_is_subtargetconfig
2020-01-21 10:18:47.586280 | > DO_CALL (0.000s wait)
.2020-01-21 10:18:47.591440 | eval'd: drake::cmq_buildtargetmetadepsspecht_is_subtargetconfig
2020-01-21 10:18:48.922286 | > DO_CALL (0.000s wait)
.2020-01-21 10:18:48.927543 | eval'd: drake::cmq_buildtargetmetadepsspecht_is_subtargetconfig
2020-01-21 10:18:50.214912 | > DO_CALL (0.001s wait)
.2020-01-21 10:18:50.220146 | eval'd: drake::cmq_buildtargetmetadepsspecht_is_subtargetconfig
2020-01-21 10:18:51.519730 | > DO_CALL (0.001s wait)
.
2020-01-21 10:18:51.524973 | eval'd: drake::cmq_buildtargetmetadepsspecht_is_subtargetconfig
2020-01-21 10:18:52.779501 | > DO_CALL (0.001s wait)
.2020-01-21 10:18:52.794024 | eval'd: drake::cmq_buildtargetmetadepsspecht_is_subtargetconfig
2020-01-21 10:18:54.066438 | > DO_CALL (0.000s wait)
.2020-01-21 10:18:54.071665 | eval'd: drake::cmq_buildtargetmetadepsspecht_is_subtargetconfig
2020-01-21 10:18:55.347113 | > DO_CALL (0.001s wait)
.2020-01-21 10:18:55.352310 | eval'd: drake::cmq_buildtargetmetadepsspecht_is_subtargetconfig
2020-01-21 10:18:56.642096 | > DO_CALL (0.001s wait)
.2020-01-21 10:18:56.647299 | eval'd: drake::cmq_buildtargetmetadepsspecht_is_subtargetconfig
2020-01-21 10:18:57.856334 | > DO_CALL (0.000s wait)
.2020-01-21 10:18:57.861467 | eval'd: drake::cmq_buildtargetmetadepsspecht_is_subtargetconfig
2020-01-21 10:18:59.143747 | > DO_CALL (0.001s wait)
.2020-01-21 10:18:59.149020 | eval'd: drake::cmq_buildtargetmetadepsspecht_is_subtargetconfig
2020-01-21 10:19:00.397434 | > DO_CALL (0.000s wait)
.2020-01-21 10:19:00.402683 | eval'd: drake::cmq_buildtargetmetadepsspecht_is_subtargetconfig
2020-01-21 10:19:01.662346 | > DO_CALL (0.000s wait)
.2020-01-21 10:19:01.667646 | eval'd: drake::cmq_buildtargetmetadepsspecht_is_subtargetconfig
2020-01-21 10:19:02.983679 | > DO_CALL (0.001s wait)
.2020-01-21 10:19:02.988949 | eval'd: drake::cmq_buildtargetmetadepsspecht_is_subtargetconfig
2020-01-21 10:19:04.241541 | > DO_CALL (0.001s wait)
.2020-01-21 10:19:04.246709 | eval'd: drake::cmq_buildtargetmetadepsspecht_is_subtargetconfig
2020-01-21 10:19:05.627102 | > DO_CALL (0.001s wait)
.2020-01-21 10:19:05.632343 | eval'd: drake::cmq_buildtargetmetadepsspecht_is_subtargetconfig
2020-01-21 10:19:06.859943 | > DO_CALL (0.001s wait)
.2020-01-21 10:19:06.865250 | eval'd: drake::cmq_buildtargetmetadepsspecht_is_subtargetconfig
2020-01-21 10:19:08.222747 | > DO_CALL (0.001s wait)
.2020-01-21 10:19:08.227936 | eval'd: drake::cmq_buildtargetmetadepsspecht_is_subtargetconfig
2020-01-21 10:19:09.529408 | > DO_CALL (0.000s wait)
.2020-01-21 10:19:09.534744 | eval'd: drake::cmq_buildtargetmetadepsspecht_is_subtargetconfig
2020-01-21 10:19:10.866400 | > DO_CALL (0.000s wait)
.2020-01-21 10:19:10.872157 | eval'd: drake::cmq_buildtargetmetadepsspecht_is_subtargetconfig
2020-01-21 10:19:12.134853 | > DO_CALL (0.001s wait)
.2020-01-21 10:19:12.315005 | eval'd: drake::cmq_buildtargetmetadepsspecht_is_subtargetconfig
2020-01-21 10:19:13.465225 | > DO_CALL (0.000s wait)
.2020-01-21 10:19:13.470416 | eval'd: drake::cmq_buildtargetmetadepsspecht_is_subtargetconfig
2020-01-21 10:19:14.917484 | > DO_CALL (0.001s wait)
.2020-01-21 10:19:14.922748 | eval'd: drake::cmq_buildtargetmetadepsspecht_is_subtargetconfig
2020-01-21 10:19:16.367313 | > DO_CALL (0.000s wait)
.2020-01-21 10:19:16.372533 | eval'd: drake::cmq_buildtargetmetadepsspecht_is_subtargetconfig
2020-01-21 10:19:17.710174 | > DO_CALL (0.000s wait)
.2020-01-21 10:19:17.715406 | eval'd: drake::cmq_buildtargetmetadepsspecht_is_subtargetconfig
2020-01-21 10:19:19.042840 | > DO_CALL (0.001s wait)
.2020-01-21 10:19:19.048075 | eval'd: drake::cmq_buildtargetmetadepsspecht_is_subtargetconfig
2020-01-21 10:19:20.339960 | > DO_CALL (0.001s wait)
.2020-01-21 10:19:20.345150 | eval'd: drake::cmq_buildtargetmetadepsspecht_is_subtargetconfig
2020-01-21 10:19:21.154342 | > WORKER_WAIT (0.000s wait)
2020-01-21 10:19:21.154731 | waiting 1.00s
2020-01-21 10:20:04.114230 | > WORKER_WAIT (0.000s wait)
2020-01-21 10:20:04.115161 | waiting 1.00s
2020-01-21 10:23:30.840264 | > WORKER_STOP (0.000s wait)
2020-01-21 10:23:30.843322 | shutting down worker
2020-01-21 10:23:31.035351 | 
Total: 278 in 4.56s [user], 0.38s [system], 661.69s [elapsed]
