2020-01-20 10:04:54.174460 | Master: tcp://c2a-s18:7983
2020-01-20 10:04:54.196099 | WORKER_UP to: tcp://c2a-s18:7983
2020-01-20 10:06:38.702900 | > DO_SETUP (23.791s wait)
2020-01-20 10:06:38.704097 | token from msg: set_common_data_token
2020-01-20 10:07:39.687342 | > DO_CALL (10.006s wait)
.* Option 'clustermq.scheduler' not set, defaulting to ‘SLURM’
--- see: https://mschubert.github.io/clustermq/articles/userguide.html#configuration
2020-01-20 10:07:52.692970 | eval'd: drake::cmq_buildtargetmetadepsspecht_is_subtargetconfig
2020-01-20 10:08:45.172564 | > DO_CALL (5.451s wait)
.2020-01-20 10:09:00.231806 | eval'd: drake::cmq_buildtargetmetadepsspecht_is_subtargetconfig
2020-01-20 10:09:38.071349 | > DO_CALL (5.344s wait)
.2020-01-20 10:10:02.353101 | eval'd: drake::cmq_buildtargetmetadepsspecht_is_subtargetconfig
2020-01-20 10:10:51.164887 | > DO_CALL (5.341s wait)
.2020-01-20 10:10:59.684661 | eval'd: drake::cmq_buildtargetmetadepsspecht_is_subtargetconfig
2020-01-20 10:12:00.554726 | > DO_CALL (5.232s wait)
.2020-01-20 10:14:38.623863 | eval'd: drake::cmq_buildtargetmetadepsspecht_is_subtargetconfig
2020-01-20 10:15:30.121262 | > DO_CALL (6.305s wait)
.2020-01-20 10:15:31.630321 | eval'd: drake::cmq_buildtargetmetadepsspecht_is_subtargetconfig
2020-01-20 10:16:50.174959 | > DO_CALL (6.393s wait)
.2020-01-20 10:17:01.548963 | eval'd: drake::cmq_buildtargetmetadepsspecht_is_subtargetconfig
2020-01-20 10:18:09.714881 | > DO_CALL (5.227s wait)
.2020-01-20 10:18:33.978003 | eval'd: drake::cmq_buildtargetmetadepsspecht_is_subtargetconfig
2020-01-20 10:19:21.399150 | > DO_CALL (5.382s wait)
.2020-01-20 10:19:25.706257 | eval'd: drake::cmq_buildtargetmetadepsspecht_is_subtargetconfig
2020-01-20 10:20:39.180876 | > DO_CALL (5.241s wait)
.2020-01-20 10:20:44.469301 | eval'd: drake::cmq_buildtargetmetadepsspecht_is_subtargetconfig
2020-01-20 10:22:03.111753 | > DO_CALL (5.240s wait)
.2020-01-20 10:22:13.399902 | eval'd: drake::cmq_buildtargetmetadepsspecht_is_subtargetconfig
2020-01-20 10:23:40.955239 | > DO_CALL (6.135s wait)
.2020-01-20 10:24:19.069861 | eval'd: drake::cmq_buildtargetmetadepsspecht_is_subtargetconfig
2020-01-20 10:25:05.665317 | > DO_CALL (5.274s wait)
.2020-01-20 10:25:26.396475 | eval'd: drake::cmq_buildtargetmetadepsspecht_is_subtargetconfig
2020-01-20 10:26:53.434835 | > DO_CALL (5.377s wait)
.2020-01-20 10:27:07.838876 | eval'd: drake::cmq_buildtargetmetadepsspecht_is_subtargetconfig
2020-01-20 10:28:04.198611 | > DO_CALL (5.263s wait)
.2020-01-20 10:28:09.607706 | eval'd: drake::cmq_buildtargetmetadepsspecht_is_subtargetconfig
2020-01-20 10:29:13.268094 | > DO_CALL (5.415s wait)
.2020-01-20 10:29:50.251025 | eval'd: drake::cmq_buildtargetmetadepsspecht_is_subtargetconfig
2020-01-20 10:30:41.373389 | > DO_CALL (5.337s wait)
.2020-01-20 10:30:56.816671 | eval'd: drake::cmq_buildtargetmetadepsspecht_is_subtargetconfig
2020-01-20 10:32:01.114678 | > DO_CALL (5.323s wait)
.2020-01-20 10:32:06.068788 | eval'd: drake::cmq_buildtargetmetadepsspecht_is_subtargetconfig
2020-01-20 10:33:22.222624 | > DO_CALL (5.208s wait)
.2020-01-20 10:33:45.082866 | eval'd: drake::cmq_buildtargetmetadepsspecht_is_subtargetconfig
2020-01-20 10:34:35.670601 | > DO_CALL (5.249s wait)
.2020-01-20 10:34:41.805959 | eval'd: drake::cmq_buildtargetmetadepsspecht_is_subtargetconfig
2020-01-20 10:35:45.849316 | > DO_CALL (5.248s wait)
.2020-01-20 10:35:54.562015 | eval'd: drake::cmq_buildtargetmetadepsspecht_is_subtargetconfig
2020-01-20 10:36:41.967421 | > DO_CALL (5.324s wait)
.2020-01-20 10:37:40.467452 | eval'd: drake::cmq_buildtargetmetadepsspecht_is_subtargetconfig
2020-01-20 10:38:41.755440 | > DO_CALL (6.193s wait)
.2020-01-20 10:39:03.082064 | eval'd: drake::cmq_buildtargetmetadepsspecht_is_subtargetconfig
2020-01-20 10:39:50.062173 | > DO_CALL (5.267s wait)
.2020-01-20 10:39:51.313768 | eval'd: drake::cmq_buildtargetmetadepsspecht_is_subtargetconfig
2020-01-20 10:40:52.814744 | > DO_CALL (6.101s wait)
.2020-01-20 10:41:35.626119 | eval'd: drake::cmq_buildtargetmetadepsspecht_is_subtargetconfig
2020-01-20 10:42:07.694702 | > DO_CALL (5.187s wait)
.2020-01-20 10:42:18.940887 | eval'd: drake::cmq_buildtargetmetadepsspecht_is_subtargetconfig
2020-01-20 10:43:38.907416 | > DO_CALL (5.281s wait)
.2020-01-20 10:43:53.418677 | eval'd: drake::cmq_buildtargetmetadepsspecht_is_subtargetconfig
2020-01-20 10:44:56.600949 | > DO_CALL (5.293s wait)
.2020-01-20 10:45:22.574542 | eval'd: drake::cmq_buildtargetmetadepsspecht_is_subtargetconfig
2020-01-20 10:46:09.201417 | > DO_CALL (5.219s wait)
.2020-01-20 10:46:14.387698 | eval'd: drake::cmq_buildtargetmetadepsspecht_is_subtargetconfig
2020-01-20 10:47:20.799489 | > DO_CALL (5.288s wait)
.2020-01-20 10:47:42.408669 | eval'd: drake::cmq_buildtargetmetadepsspecht_is_subtargetconfig
2020-01-20 10:48:42.838988 | > DO_CALL (5.169s wait)
.2020-01-20 10:49:05.552120 | eval'd: drake::cmq_buildtargetmetadepsspecht_is_subtargetconfig
2020-01-20 10:50:24.908722 | > DO_CALL (5.226s wait)
.2020-01-20 10:56:59.159060 | eval'd: drake::cmq_buildtargetmetadepsspecht_is_subtargetconfig
2020-01-20 10:57:50.839229 | > DO_CALL (6.322s wait)
.2020-01-20 10:58:00.210565 | eval'd: drake::cmq_buildtargetmetadepsspecht_is_subtargetconfig
2020-01-20 10:59:05.040965 | > DO_CALL (5.254s wait)
.2020-01-20 10:59:32.667079 | eval'd: drake::cmq_buildtargetmetadepsspecht_is_subtargetconfig
2020-01-20 11:00:31.367721 | > DO_CALL (5.152s wait)
.2020-01-20 11:00:40.903936 | eval'd: drake::cmq_buildtargetmetadepsspecht_is_subtargetconfig
2020-01-20 11:01:43.863067 | > DO_CALL (5.204s wait)
.2020-01-20 11:02:09.945641 | eval'd: drake::cmq_buildtargetmetadepsspecht_is_subtargetconfig
2020-01-20 11:03:08.618327 | > DO_CALL (5.422s wait)
.2020-01-20 11:04:54.039690 | eval'd: drake::cmq_buildtargetmetadepsspecht_is_subtargetconfig
2020-01-20 11:06:36.974776 | > DO_CALL (6.053s wait)
.2020-01-20 11:06:37.553438 | eval'd: drake::cmq_buildtargetmetadepsspecht_is_subtargetconfig
2020-01-20 11:07:34.629246 | > DO_CALL (6.203s wait)
.2020-01-20 11:07:53.813837 | eval'd: drake::cmq_buildtargetmetadepsspecht_is_subtargetconfig
2020-01-20 11:08:48.253460 | > DO_CALL (5.191s wait)
.2020-01-20 11:09:29.779483 | eval'd: drake::cmq_buildtargetmetadepsspecht_is_subtargetconfig
2020-01-20 11:10:11.140258 | > DO_CALL (5.126s wait)
.2020-01-20 11:10:14.229812 | eval'd: drake::cmq_buildtargetmetadepsspecht_is_subtargetconfig
2020-01-20 11:11:22.569290 | > DO_CALL (5.197s wait)
.2020-01-20 11:11:30.104907 | eval'd: drake::cmq_buildtargetmetadepsspecht_is_subtargetconfig
2020-01-20 11:12:46.512450 | > DO_CALL (5.356s wait)
.2020-01-20 11:13:00.538313 | eval'd: drake::cmq_buildtargetmetadepsspecht_is_subtargetconfig
2020-01-20 11:14:04.566241 | > DO_CALL (5.170s wait)
.2020-01-20 11:14:08.525079 | eval'd: drake::cmq_buildtargetmetadepsspecht_is_subtargetconfig
2020-01-20 11:15:24.571787 | > DO_CALL (5.171s wait)
.2020-01-20 11:15:41.427059 | eval'd: drake::cmq_buildtargetmetadepsspecht_is_subtargetconfig
2020-01-20 11:16:37.727060 | > DO_CALL (5.337s wait)
.2020-01-20 11:16:42.611044 | eval'd: drake::cmq_buildtargetmetadepsspecht_is_subtargetconfig
2020-01-20 11:17:34.203626 | > DO_CALL (6.145s wait)
.2020-01-20 11:17:35.910738 | eval'd: drake::cmq_buildtargetmetadepsspecht_is_subtargetconfig
2020-01-20 11:18:22.387706 | > DO_CALL (5.925s wait)
.
2020-01-20 11:18:22.632127 | eval'd: drake::cmq_buildtargetmetadepsspecht_is_subtargetconfig
2020-01-20 11:19:25.766681 | > DO_CALL (7.460s wait)
.2020-01-20 11:20:26.697297 | eval'd: drake::cmq_buildtargetmetadepsspecht_is_subtargetconfig
2020-01-20 11:21:21.985867 | > DO_CALL (5.218s wait)
.2020-01-20 11:21:24.264662 | eval'd: drake::cmq_buildtargetmetadepsspecht_is_subtargetconfig
2020-01-20 11:22:14.798524 | > DO_CALL (5.245s wait)
.2020-01-20 11:22:18.981344 | eval'd: drake::cmq_buildtargetmetadepsspecht_is_subtargetconfig
2020-01-20 11:23:01.925779 | > DO_CALL (5.377s wait)
.2020-01-20 11:23:31.621172 | eval'd: drake::cmq_buildtargetmetadepsspecht_is_subtargetconfig
2020-01-20 11:24:24.701892 | > DO_CALL (5.173s wait)
.2020-01-20 11:29:44.216287 | eval'd: drake::cmq_buildtargetmetadepsspecht_is_subtargetconfig
2020-01-20 11:30:30.439879 | > DO_CALL (5.430s wait)
.2020-01-20 11:30:38.641815 | eval'd: drake::cmq_buildtargetmetadepsspecht_is_subtargetconfig
2020-01-20 11:31:07.631415 | > DO_CALL (5.175s wait)
.2020-01-20 11:31:19.940659 | eval'd: drake::cmq_buildtargetmetadepsspecht_is_subtargetconfig
2020-01-20 11:32:09.101619 | > DO_CALL (5.142s wait)
.2020-01-20 11:39:22.088747 | eval'd: drake::cmq_buildtargetmetadepsspecht_is_subtargetconfig
2020-01-20 11:40:43.864490 | > DO_CALL (6.339s wait)
.2020-01-20 11:41:19.828098 | eval'd: drake::cmq_buildtargetmetadepsspecht_is_subtargetconfig
2020-01-20 11:42:49.729134 | > DO_CALL (5.361s wait)
.2020-01-20 11:43:09.169528 | eval'd: drake::cmq_buildtargetmetadepsspecht_is_subtargetconfig
2020-01-20 11:43:41.906802 | > DO_CALL (6.044s wait)
.2020-01-20 11:43:43.807608 | eval'd: drake::cmq_buildtargetmetadepsspecht_is_subtargetconfig
2020-01-20 11:44:52.653471 | > DO_CALL (6.285s wait)
.2020-01-20 11:46:33.839665 | eval'd: drake::cmq_buildtargetmetadepsspecht_is_subtargetconfig
2020-01-20 11:47:03.506063 | > DO_CALL (5.516s wait)
.2020-01-20 11:47:08.460724 | eval'd: drake::cmq_buildtargetmetadepsspecht_is_subtargetconfig
2020-01-20 11:48:10.436998 | > DO_CALL (5.251s wait)
.2020-01-20 11:48:37.545451 | eval'd: drake::cmq_buildtargetmetadepsspecht_is_subtargetconfig
2020-01-20 11:49:20.556830 | > DO_CALL (5.444s wait)
.2020-01-20 11:49:21.326907 | eval'd: drake::cmq_buildtargetmetadepsspecht_is_subtargetconfig
2020-01-20 11:50:21.471924 | > DO_CALL (6.238s wait)
.2020-01-20 11:50:28.118868 | eval'd: drake::cmq_buildtargetmetadepsspecht_is_subtargetconfig
2020-01-20 11:51:23.370785 | > DO_CALL (5.247s wait)
.2020-01-20 11:54:17.913530 | eval'd: drake::cmq_buildtargetmetadepsspecht_is_subtargetconfig
2020-01-20 11:55:41.476995 | > DO_CALL (6.511s wait)
.2020-01-20 11:55:43.108823 | eval'd: drake::cmq_buildtargetmetadepsspecht_is_subtargetconfig
2020-01-20 11:56:52.262022 | > DO_CALL (6.260s wait)
.2020-01-20 11:57:07.505928 | eval'd: drake::cmq_buildtargetmetadepsspecht_is_subtargetconfig
2020-01-20 11:57:44.559424 | > DO_CALL (5.594s wait)
.2020-01-20 11:59:51.213460 | eval'd: drake::cmq_buildtargetmetadepsspecht_is_subtargetconfig
2020-01-20 12:00:36.093454 | > DO_CALL (5.335s wait)
.2020-01-20 12:01:01.340296 | eval'd: drake::cmq_buildtargetmetadepsspecht_is_subtargetconfig
2020-01-20 12:01:51.694064 | > DO_CALL (5.464s wait)
.2020-01-20 12:02:03.366362 | eval'd: drake::cmq_buildtargetmetadepsspecht_is_subtargetconfig
2020-01-20 12:03:00.907836 | > DO_CALL (5.282s wait)
.2020-01-20 12:03:15.236203 | eval'd: drake::cmq_buildtargetmetadepsspecht_is_subtargetconfig
2020-01-20 12:04:18.755891 | > DO_CALL (5.388s wait)
.2020-01-20 12:04:23.075016 | eval'd: drake::cmq_buildtargetmetadepsspecht_is_subtargetconfig
2020-01-20 12:06:06.591302 | > DO_CALL (5.576s wait)
.2020-01-20 12:06:08.955802 | eval'd: drake::cmq_buildtargetmetadepsspecht_is_subtargetconfig
2020-01-20 12:07:11.957080 | > DO_CALL (5.415s wait)
.2020-01-20 12:07:33.140112 | eval'd: drake::cmq_buildtargetmetadepsspecht_is_subtargetconfig
2020-01-20 12:08:09.838576 | > DO_CALL (5.352s wait)
.2020-01-20 12:08:18.443283 | eval'd: drake::cmq_buildtargetmetadepsspecht_is_subtargetconfig
2020-01-20 12:09:10.873554 | > DO_CALL (5.565s wait)
.2020-01-20 12:09:37.085242 | eval'd: drake::cmq_buildtargetmetadepsspecht_is_subtargetconfig
2020-01-20 12:10:08.038149 | > DO_CALL (5.483s wait)
.2020-01-20 12:10:11.063288 | eval'd: drake::cmq_buildtargetmetadepsspecht_is_subtargetconfig
2020-01-20 12:10:39.978094 | > DO_CALL (5.525s wait)
.2020-01-20 12:10:57.488452 | eval'd: drake::cmq_buildtargetmetadepsspecht_is_subtargetconfig
2020-01-20 12:12:15.141799 | > DO_CALL (5.324s wait)
.2020-01-20 12:13:11.002415 | eval'd: drake::cmq_buildtargetmetadepsspecht_is_subtargetconfig
2020-01-20 12:14:23.169478 | > DO_CALL (5.285s wait)
.2020-01-20 12:14:46.677771 | eval'd: drake::cmq_buildtargetmetadepsspecht_is_subtargetconfig
2020-01-20 12:15:28.307484 | > DO_CALL (5.526s wait)
.2020-01-20 12:15:38.821678 | eval'd: drake::cmq_buildtargetmetadepsspecht_is_subtargetconfig
2020-01-20 12:16:42.629587 | > DO_CALL (5.322s wait)
.2020-01-20 12:16:45.055824 | eval'd: drake::cmq_buildtargetmetadepsspecht_is_subtargetconfig
2020-01-20 12:17:35.875167 | > DO_CALL (6.203s wait)
.2020-01-20 12:17:59.675802 | eval'd: drake::cmq_buildtargetmetadepsspecht_is_subtargetconfig
2020-01-20 12:18:47.100844 | > DO_CALL (5.588s wait)
.2020-01-20 12:19:38.831515 | eval'd: drake::cmq_buildtargetmetadepsspecht_is_subtargetconfig
2020-01-20 12:21:16.604404 | > DO_CALL (5.495s wait)
.2020-01-20 12:21:38.720156 | eval'd: drake::cmq_buildtargetmetadepsspecht_is_subtargetconfig
2020-01-20 12:22:27.078096 | > DO_CALL (5.303s wait)
.2020-01-20 12:22:41.660917 | eval'd: drake::cmq_buildtargetmetadepsspecht_is_subtargetconfig
2020-01-20 12:23:43.154422 | > DO_CALL (5.524s wait)
.2020-01-20 12:24:15.053895 | eval'd: drake::cmq_buildtargetmetadepsspecht_is_subtargetconfig
2020-01-20 12:24:51.289612 | > DO_CALL (5.467s wait)
.2020-01-20 12:25:08.845730 | eval'd: drake::cmq_buildtargetmetadepsspecht_is_subtargetconfig
2020-01-20 12:26:11.227318 | > DO_CALL (5.321s wait)
.2020-01-20 12:27:14.194113 | eval'd: drake::cmq_buildtargetmetadepsspecht_is_subtargetconfig
2020-01-20 12:27:52.284792 | > DO_CALL (5.290s wait)
.2020-01-20 12:27:52.984965 | eval'd: drake::cmq_buildtargetmetadepsspecht_is_subtargetconfig
2020-01-20 12:28:34.519541 | > DO_CALL (6.176s wait)
.2020-01-20 12:29:00.490502 | eval'd: drake::cmq_buildtargetmetadepsspecht_is_subtargetconfig
2020-01-20 12:29:41.106716 | > DO_CALL (5.427s wait)
.2020-01-20 12:30:08.506288 | eval'd: drake::cmq_buildtargetmetadepsspecht_is_subtargetconfig
2020-01-20 12:30:57.492154 | > DO_CALL (5.360s wait)
.2020-01-20 12:31:07.346115 | eval'd: drake::cmq_buildtargetmetadepsspecht_is_subtargetconfig
2020-01-20 12:31:57.205222 | > DO_CALL (5.526s wait)
.2020-01-20 12:32:08.793791 | eval'd: drake::cmq_buildtargetmetadepsspecht_is_subtargetconfig
2020-01-20 12:33:02.691161 | > DO_CALL (5.156s wait)
.2020-01-20 12:35:30.943679 | eval'd: drake::cmq_buildtargetmetadepsspecht_is_subtargetconfig
2020-01-20 12:36:56.428731 | > DO_CALL (5.366s wait)
.2020-01-20 12:37:11.114622 | eval'd: drake::cmq_buildtargetmetadepsspecht_is_subtargetconfig
2020-01-20 12:37:51.299189 | > DO_CALL (5.552s wait)
.2020-01-20 12:38:03.607718 | eval'd: drake::cmq_buildtargetmetadepsspecht_is_subtargetconfig
2020-01-20 12:38:53.334896 | > DO_CALL (5.394s wait)
.2020-01-20 12:38:53.724499 | eval'd: drake::cmq_buildtargetmetadepsspecht_is_subtargetconfig
2020-01-20 12:39:45.294072 | > DO_CALL (6.173s wait)
.2020-01-20 12:39:56.562574 | eval'd: drake::cmq_buildtargetmetadepsspecht_is_subtargetconfig
2020-01-20 12:40:52.889631 | > DO_CALL (5.511s wait)
.2020-01-20 12:40:58.419137 | eval'd: drake::cmq_buildtargetmetadepsspecht_is_subtargetconfig
2020-01-20 12:41:42.748339 | > DO_CALL (5.475s wait)
.2020-01-20 12:41:43.713221 | eval'd: drake::cmq_buildtargetmetadepsspecht_is_subtargetconfig
2020-01-20 12:42:31.363834 | > DO_CALL (6.374s wait)
.2020-01-20 12:46:21.454764 | eval'd: drake::cmq_buildtargetmetadepsspecht_is_subtargetconfig
2020-01-20 12:47:26.878085 | > DO_CALL (5.245s wait)
.2020-01-20 12:50:39.784884 | eval'd: drake::cmq_buildtargetmetadepsspecht_is_subtargetconfig
2020-01-20 12:51:32.351139 | > DO_CALL (5.693s wait)
.2020-01-20 12:51:34.237569 | eval'd: drake::cmq_buildtargetmetadepsspecht_is_subtargetconfig
2020-01-20 12:52:30.018099 | > DO_CALL (5.308s wait)
.2020-01-20 12:52:54.055779 | eval'd: drake::cmq_buildtargetmetadepsspecht_is_subtargetconfig
2020-01-20 12:54:05.106627 | > DO_CALL (5.324s wait)
.2020-01-20 12:54:07.434042 | eval'd: drake::cmq_buildtargetmetadepsspecht_is_subtargetconfig
2020-01-20 12:55:13.845074 | > DO_CALL (6.187s wait)
.2020-01-20 12:55:21.923779 | eval'd: drake::cmq_buildtargetmetadepsspecht_is_subtargetconfig
2020-01-20 12:56:17.598762 | > DO_CALL (5.430s wait)
.2020-01-20 12:56:24.284730 | eval'd: drake::cmq_buildtargetmetadepsspecht_is_subtargetconfig
2020-01-20 12:57:18.891254 | > DO_CALL (5.545s wait)
.2020-01-20 12:57:28.670928 | eval'd: drake::cmq_buildtargetmetadepsspecht_is_subtargetconfig
2020-01-20 12:58:50.901792 | > DO_CALL (5.330s wait)
.2020-01-20 12:59:59.991629 | eval'd: drake::cmq_buildtargetmetadepsspecht_is_subtargetconfig
2020-01-20 13:01:02.021026 | > DO_CALL (5.319s wait)
.2020-01-20 13:01:13.779525 | eval'd: drake::cmq_buildtargetmetadepsspecht_is_subtargetconfig
2020-01-20 13:02:03.179301 | > DO_CALL (5.510s wait)
.2020-01-20 13:08:04.104815 | eval'd: drake::cmq_buildtargetmetadepsspecht_is_subtargetconfig
2020-01-20 13:09:04.619227 | > DO_CALL (5.310s wait)
.2020-01-20 13:09:04.892972 | eval'd: drake::cmq_buildtargetmetadepsspecht_is_subtargetconfig
2020-01-20 13:10:18.379123 | > DO_CALL (5.951s wait)
.2020-01-20 13:10:36.146029 | eval'd: drake::cmq_buildtargetmetadepsspecht_is_subtargetconfig
2020-01-20 13:11:24.429166 | > DO_CALL (7.114s wait)
.2020-01-20 13:11:26.092407 | eval'd: drake::cmq_buildtargetmetadepsspecht_is_subtargetconfig
2020-01-20 13:12:38.881063 | > DO_CALL (8.416s wait)
.2020-01-20 13:12:59.082747 | eval'd: drake::cmq_buildtargetmetadepsspecht_is_subtargetconfig
2020-01-20 13:13:28.719363 | > DO_CALL (5.401s wait)
.2020-01-20 13:14:06.716996 | eval'd: drake::cmq_buildtargetmetadepsspecht_is_subtargetconfig
2020-01-20 13:14:57.852438 | > DO_CALL (5.295s wait)
.2020-01-20 13:17:45.350356 | eval'd: drake::cmq_buildtargetmetadepsspecht_is_subtargetconfig
2020-01-20 13:18:50.283746 | > DO_CALL (6.480s wait)
.2020-01-20 13:18:57.684873 | eval'd: drake::cmq_buildtargetmetadepsspecht_is_subtargetconfig
2020-01-20 13:20:13.304858 | > DO_CALL (5.396s wait)
.2020-01-20 13:20:46.792576 | eval'd: drake::cmq_buildtargetmetadepsspecht_is_subtargetconfig
2020-01-20 13:21:51.933389 | > DO_CALL (6.123s wait)
.2020-01-20 13:22:00.222151 | eval'd: drake::cmq_buildtargetmetadepsspecht_is_subtargetconfig
2020-01-20 13:23:11.402766 | > DO_CALL (5.468s wait)
.2020-01-20 13:23:18.782691 | eval'd: drake::cmq_buildtargetmetadepsspecht_is_subtargetconfig
2020-01-20 13:24:01.722693 | > DO_CALL (6.147s wait)
.2020-01-20 13:24:13.860848 | eval'd: drake::cmq_buildtargetmetadepsspecht_is_subtargetconfig
2020-01-20 13:25:24.325305 | > DO_CALL (5.179s wait)
.2020-01-20 13:25:41.160280 | eval'd: drake::cmq_buildtargetmetadepsspecht_is_subtargetconfig
2020-01-20 13:26:25.071720 | > DO_CALL (5.378s wait)
.2020-01-20 13:27:09.367188 | eval'd: drake::cmq_buildtargetmetadepsspecht_is_subtargetconfig
2020-01-20 13:27:54.352829 | > DO_CALL (5.235s wait)
.2020-01-20 13:27:57.538476 | eval'd: drake::cmq_buildtargetmetadepsspecht_is_subtargetconfig
2020-01-20 13:28:49.907669 | > DO_CALL (5.274s wait)
.
2020-01-20 13:28:54.132869 | eval'd: drake::cmq_buildtargetmetadepsspecht_is_subtargetconfig
2020-01-20 13:30:13.926345 | > DO_CALL (5.321s wait)
.2020-01-20 13:30:44.574488 | eval'd: drake::cmq_buildtargetmetadepsspecht_is_subtargetconfig
2020-01-20 13:31:40.442749 | > DO_CALL (5.213s wait)
.2020-01-20 13:32:02.835307 | eval'd: drake::cmq_buildtargetmetadepsspecht_is_subtargetconfig
2020-01-20 13:33:10.956679 | > DO_CALL (5.277s wait)
.2020-01-20 13:33:23.922066 | eval'd: drake::cmq_buildtargetmetadepsspecht_is_subtargetconfig
2020-01-20 13:34:23.892826 | > DO_CALL (5.217s wait)
.2020-01-20 13:35:19.757039 | eval'd: drake::cmq_buildtargetmetadepsspecht_is_subtargetconfig
2020-01-20 13:36:20.245738 | > DO_CALL (5.227s wait)
.2020-01-20 13:37:34.442837 | eval'd: drake::cmq_buildtargetmetadepsspecht_is_subtargetconfig
2020-01-20 13:38:41.893930 | > DO_CALL (5.330s wait)
.2020-01-20 13:39:18.206577 | eval'd: drake::cmq_buildtargetmetadepsspecht_is_subtargetconfig
2020-01-20 13:40:08.133120 | > DO_CALL (5.229s wait)
.2020-01-20 13:40:23.202512 | eval'd: drake::cmq_buildtargetmetadepsspecht_is_subtargetconfig
2020-01-20 13:41:16.419030 | > DO_CALL (5.429s wait)
.2020-01-20 13:41:49.319148 | eval'd: drake::cmq_buildtargetmetadepsspecht_is_subtargetconfig
2020-01-20 13:42:36.142538 | > DO_CALL (5.272s wait)
.2020-01-20 13:42:38.724673 | eval'd: drake::cmq_buildtargetmetadepsspecht_is_subtargetconfig
2020-01-20 13:43:43.139092 | > DO_CALL (5.393s wait)
.2020-01-20 13:43:43.452989 | eval'd: drake::cmq_buildtargetmetadepsspecht_is_subtargetconfig
2020-01-20 13:44:43.918148 | > DO_CALL (6.372s wait)
.2020-01-20 13:47:43.486087 | eval'd: drake::cmq_buildtargetmetadepsspecht_is_subtargetconfig
2020-01-20 13:48:54.542563 | > DO_CALL (5.675s wait)
.2020-01-20 13:48:55.985181 | eval'd: drake::cmq_buildtargetmetadepsspecht_is_subtargetconfig
2020-01-20 13:50:21.954211 | > DO_CALL (5.365s wait)
.2020-01-20 13:50:43.876218 | eval'd: drake::cmq_buildtargetmetadepsspecht_is_subtargetconfig
2020-01-20 13:51:40.093747 | > DO_CALL (5.558s wait)
.2020-01-20 13:52:16.464832 | eval'd: drake::cmq_buildtargetmetadepsspecht_is_subtargetconfig
2020-01-20 13:53:01.356912 | > DO_CALL (5.292s wait)
.2020-01-20 13:53:50.260390 | eval'd: drake::cmq_buildtargetmetadepsspecht_is_subtargetconfig
2020-01-20 13:54:30.178174 | > DO_CALL (5.367s wait)
.2020-01-20 13:54:44.507550 | eval'd: drake::cmq_buildtargetmetadepsspecht_is_subtargetconfig
2020-01-20 13:55:46.738266 | > DO_CALL (5.564s wait)
.2020-01-20 13:55:57.012347 | eval'd: drake::cmq_buildtargetmetadepsspecht_is_subtargetconfig
2020-01-20 13:57:30.766153 | > DO_CALL (5.325s wait)
.2020-01-20 13:57:35.141493 | eval'd: drake::cmq_buildtargetmetadepsspecht_is_subtargetconfig
2020-01-20 13:58:32.420007 | > DO_CALL (5.357s wait)
.2020-01-20 13:58:36.763409 | eval'd: drake::cmq_buildtargetmetadepsspecht_is_subtargetconfig
2020-01-20 13:59:12.375379 | > DO_CALL (5.548s wait)
.2020-01-20 13:59:37.421027 | eval'd: drake::cmq_buildtargetmetadepsspecht_is_subtargetconfig
2020-01-20 14:00:18.640516 | > DO_CALL (5.300s wait)
.2020-01-20 14:00:40.226387 | eval'd: drake::cmq_buildtargetmetadepsspecht_is_subtargetconfig
2020-01-20 14:01:24.957448 | > DO_CALL (5.523s wait)
.2020-01-20 14:01:47.334981 | eval'd: drake::cmq_buildtargetmetadepsspecht_is_subtargetconfig
2020-01-20 14:02:47.376376 | > DO_CALL (5.334s wait)
.2020-01-20 14:02:50.031029 | eval'd: drake::cmq_buildtargetmetadepsspecht_is_subtargetconfig
2020-01-20 14:04:10.351662 | > DO_CALL (5.479s wait)
.2020-01-20 14:04:18.295203 | eval'd: drake::cmq_buildtargetmetadepsspecht_is_subtargetconfig
2020-01-20 14:05:20.713310 | > DO_CALL (5.396s wait)
.2020-01-20 14:05:32.410831 | eval'd: drake::cmq_buildtargetmetadepsspecht_is_subtargetconfig
2020-01-20 14:06:38.838082 | > DO_CALL (5.327s wait)
.2020-01-20 14:06:59.972000 | eval'd: drake::cmq_buildtargetmetadepsspecht_is_subtargetconfig
2020-01-20 14:07:43.412839 | > DO_CALL (5.466s wait)
.2020-01-20 14:07:48.727399 | eval'd: drake::cmq_buildtargetmetadepsspecht_is_subtargetconfig
2020-01-20 14:08:28.933741 | > DO_CALL (5.358s wait)
.2020-01-20 14:08:41.616927 | eval'd: drake::cmq_buildtargetmetadepsspecht_is_subtargetconfig
2020-01-20 14:09:24.461207 | > DO_CALL (5.359s wait)
.2020-01-20 14:09:32.359174 | eval'd: drake::cmq_buildtargetmetadepsspecht_is_subtargetconfig
2020-01-20 14:10:40.536190 | > DO_CALL (5.503s wait)
.2020-01-20 14:10:47.970143 | eval'd: drake::cmq_buildtargetmetadepsspecht_is_subtargetconfig
2020-01-20 14:11:48.574230 | > DO_CALL (5.438s wait)
.2020-01-20 14:12:13.067559 | eval'd: drake::cmq_buildtargetmetadepsspecht_is_subtargetconfig
2020-01-20 14:12:49.697230 | > DO_CALL (5.395s wait)
.2020-01-20 14:13:05.611462 | eval'd: drake::cmq_buildtargetmetadepsspecht_is_subtargetconfig
2020-01-20 14:14:22.342815 | > DO_CALL (5.612s wait)
.2020-01-20 14:14:29.705559 | eval'd: drake::cmq_buildtargetmetadepsspecht_is_subtargetconfig
2020-01-20 14:14:55.863747 | > DO_CALL (5.348s wait)
.2020-01-20 14:15:06.600869 | eval'd: drake::cmq_buildtargetmetadepsspecht_is_subtargetconfig
2020-01-20 14:16:34.015866 | > DO_CALL (5.311s wait)
.2020-01-20 14:16:40.915254 | eval'd: drake::cmq_buildtargetmetadepsspecht_is_subtargetconfig
2020-01-20 14:17:35.415422 | > DO_CALL (5.558s wait)
.2020-01-20 14:17:41.974040 | eval'd: drake::cmq_buildtargetmetadepsspecht_is_subtargetconfig
2020-01-20 14:18:48.072263 | > DO_CALL (5.269s wait)
.2020-01-20 14:19:08.896760 | eval'd: drake::cmq_buildtargetmetadepsspecht_is_subtargetconfig
2020-01-20 14:20:06.782835 | > DO_CALL (5.370s wait)
.2020-01-20 14:22:08.931366 | eval'd: drake::cmq_buildtargetmetadepsspecht_is_subtargetconfig
2020-01-20 14:23:08.229093 | > DO_CALL (6.500s wait)
.2020-01-20 14:23:22.958771 | eval'd: drake::cmq_buildtargetmetadepsspecht_is_subtargetconfig
2020-01-20 14:24:13.681551 | > DO_CALL (6.829s wait)
.2020-01-20 14:24:42.594355 | eval'd: drake::cmq_buildtargetmetadepsspecht_is_subtargetconfig
2020-01-20 14:25:32.674976 | > DO_CALL (5.400s wait)
.2020-01-20 14:27:34.842983 | eval'd: drake::cmq_buildtargetmetadepsspecht_is_subtargetconfig
2020-01-20 14:28:48.132925 | > DO_CALL (5.259s wait)
.2020-01-20 14:29:01.495835 | eval'd: drake::cmq_buildtargetmetadepsspecht_is_subtargetconfig
2020-01-20 14:29:47.093038 | > DO_CALL (5.564s wait)
.2020-01-20 14:30:10.279006 | eval'd: drake::cmq_buildtargetmetadepsspecht_is_subtargetconfig
2020-01-20 14:31:05.991525 | > DO_CALL (5.260s wait)
.2020-01-20 14:31:20.208950 | eval'd: drake::cmq_buildtargetmetadepsspecht_is_subtargetconfig
2020-01-20 14:32:10.995551 | > DO_CALL (5.480s wait)
.2020-01-20 14:32:25.282904 | eval'd: drake::cmq_buildtargetmetadepsspecht_is_subtargetconfig
2020-01-20 14:33:05.266232 | > DO_CALL (5.285s wait)
.2020-01-20 14:33:31.514465 | eval'd: drake::cmq_buildtargetmetadepsspecht_is_subtargetconfig
2020-01-20 14:34:11.619902 | > DO_CALL (5.506s wait)
.2020-01-20 14:35:25.886500 | eval'd: drake::cmq_buildtargetmetadepsspecht_is_subtargetconfig
2020-01-20 14:36:38.989091 | > DO_CALL (5.323s wait)
.2020-01-20 14:36:48.502517 | eval'd: drake::cmq_buildtargetmetadepsspecht_is_subtargetconfig
2020-01-20 14:37:56.472427 | > DO_CALL (5.421s wait)
.2020-01-20 14:38:52.781427 | eval'd: drake::cmq_buildtargetmetadepsspecht_is_subtargetconfig
2020-01-20 14:39:53.353366 | > DO_CALL (5.370s wait)
.2020-01-20 14:40:20.749725 | eval'd: drake::cmq_buildtargetmetadepsspecht_is_subtargetconfig
2020-01-20 14:41:02.258651 | > DO_CALL (5.417s wait)
.2020-01-20 14:41:23.130863 | eval'd: drake::cmq_buildtargetmetadepsspecht_is_subtargetconfig
2020-01-20 14:42:12.617611 | > DO_CALL (5.278s wait)
.2020-01-20 14:44:06.860880 | eval'd: drake::cmq_buildtargetmetadepsspecht_is_subtargetconfig
2020-01-20 14:44:47.256847 | > DO_CALL (5.285s wait)
.2020-01-20 14:44:59.042571 | eval'd: drake::cmq_buildtargetmetadepsspecht_is_subtargetconfig
2020-01-20 14:45:50.624926 | > DO_CALL (5.533s wait)
.2020-01-20 14:46:08.098539 | eval'd: drake::cmq_buildtargetmetadepsspecht_is_subtargetconfig
2020-01-20 14:47:27.772631 | > DO_CALL (5.274s wait)
.2020-01-20 14:47:28.103394 | eval'd: drake::cmq_buildtargetmetadepsspecht_is_subtargetconfig
2020-01-20 14:48:21.501868 | > DO_CALL (6.168s wait)
.2020-01-20 14:48:50.075258 | eval'd: drake::cmq_buildtargetmetadepsspecht_is_subtargetconfig
2020-01-20 14:49:39.685325 | > DO_CALL (5.456s wait)
.2020-01-20 14:49:50.964039 | eval'd: drake::cmq_buildtargetmetadepsspecht_is_subtargetconfig
2020-01-20 14:50:34.708821 | > DO_CALL (6.220s wait)
.2020-01-20 14:50:41.466457 | eval'd: drake::cmq_buildtargetmetadepsspecht_is_subtargetconfig
2020-01-20 14:51:30.612110 | > DO_CALL (6.208s wait)
.2020-01-20 14:52:40.116934 | eval'd: drake::cmq_buildtargetmetadepsspecht_is_subtargetconfig
2020-01-20 14:53:27.951319 | > DO_CALL (5.423s wait)
.2020-01-20 14:53:36.023088 | eval'd: drake::cmq_buildtargetmetadepsspecht_is_subtargetconfig
2020-01-20 14:54:29.921399 | > DO_CALL (5.253s wait)
.2020-01-20 14:54:33.856128 | eval'd: drake::cmq_buildtargetmetadepsspecht_is_subtargetconfig
2020-01-20 14:55:21.642081 | > DO_CALL (5.313s wait)
.2020-01-20 14:56:12.569675 | eval'd: drake::cmq_buildtargetmetadepsspecht_is_subtargetconfig
2020-01-20 14:56:51.551915 | > DO_CALL (5.323s wait)
.2020-01-20 14:57:41.815268 | eval'd: drake::cmq_buildtargetmetadepsspecht_is_subtargetconfig
2020-01-20 14:58:25.537025 | > DO_CALL (5.445s wait)
.2020-01-20 14:58:34.789454 | eval'd: drake::cmq_buildtargetmetadepsspecht_is_subtargetconfig
2020-01-20 14:59:19.108124 | > DO_CALL (5.518s wait)
.2020-01-20 14:59:21.966623 | eval'd: drake::cmq_buildtargetmetadepsspecht_is_subtargetconfig
2020-01-20 15:00:08.511671 | > DO_CALL (5.285s wait)
.2020-01-20 15:00:23.225428 | eval'd: drake::cmq_buildtargetmetadepsspecht_is_subtargetconfig
2020-01-20 15:01:03.929571 | > DO_CALL (5.292s wait)
.2020-01-20 15:01:36.434014 | eval'd: drake::cmq_buildtargetmetadepsspecht_is_subtargetconfig
2020-01-20 15:02:22.346328 | > DO_CALL (5.405s wait)
.2020-01-20 15:02:25.697072 | eval'd: drake::cmq_buildtargetmetadepsspecht_is_subtargetconfig
2020-01-20 15:03:49.319054 | > DO_CALL (5.245s wait)
.2020-01-20 15:04:24.900310 | eval'd: drake::cmq_buildtargetmetadepsspecht_is_subtargetconfig
2020-01-20 15:05:35.053568 | > DO_CALL (5.313s wait)
.2020-01-20 15:06:11.456227 | eval'd: drake::cmq_buildtargetmetadepsspecht_is_subtargetconfig
2020-01-20 15:07:32.180134 | > DO_CALL (5.261s wait)
.2020-01-20 15:08:11.282370 | eval'd: drake::cmq_buildtargetmetadepsspecht_is_subtargetconfig
2020-01-20 15:09:06.594603 | > DO_CALL (6.517s wait)
.2020-01-20 15:09:13.387522 | eval'd: drake::cmq_buildtargetmetadepsspecht_is_subtargetconfig
2020-01-20 15:10:03.896000 | > DO_CALL (5.098s wait)
.2020-01-20 15:10:23.405894 | eval'd: drake::cmq_buildtargetmetadepsspecht_is_subtargetconfig
2020-01-20 15:11:16.954963 | > DO_CALL (5.249s wait)
.2020-01-20 15:11:18.471208 | eval'd: drake::cmq_buildtargetmetadepsspecht_is_subtargetconfig
2020-01-20 15:12:14.276740 | > DO_CALL (6.054s wait)
.2020-01-20 15:12:33.542233 | eval'd: drake::cmq_buildtargetmetadepsspecht_is_subtargetconfig
2020-01-20 15:13:18.304601 | > DO_CALL (6.712s wait)
.2020-01-20 15:14:35.033627 | eval'd: drake::cmq_buildtargetmetadepsspecht_is_subtargetconfig
2020-01-20 15:14:35.567260 | > DO_CALL (0.015s wait)
.2020-01-20 15:14:35.936421 | eval'd: drake::cmq_buildtargetmetadepsspecht_is_subtargetconfig
2020-01-20 15:14:36.807945 | > DO_CALL (0.015s wait)
.2020-01-20 15:14:39.450211 | eval'd: drake::cmq_buildtargetmetadepsspecht_is_subtargetconfig
2020-01-20 15:14:39.959692 | > DO_CALL (0.023s wait)
.
2020-01-20 15:14:40.359276 | eval'd: drake::cmq_buildtargetmetadepsspecht_is_subtargetconfig
2020-01-20 15:14:42.762409 | > DO_CALL (0.012s wait)
.2020-01-20 15:14:43.140622 | eval'd: drake::cmq_buildtargetmetadepsspecht_is_subtargetconfig
2020-01-20 15:14:44.266877 | > DO_CALL (0.014s wait)
.2020-01-20 15:14:44.645821 | eval'd: drake::cmq_buildtargetmetadepsspecht_is_subtargetconfig
2020-01-20 15:14:45.684900 | > DO_CALL (0.008s wait)
.2020-01-20 15:14:46.736125 | eval'd: drake::cmq_buildtargetmetadepsspecht_is_subtargetconfig
2020-01-20 15:14:47.126149 | > DO_CALL (0.014s wait)
.2020-01-20 15:14:47.497753 | eval'd: drake::cmq_buildtargetmetadepsspecht_is_subtargetconfig
2020-01-20 15:14:48.508002 | > DO_CALL (0.015s wait)
.2020-01-20 15:14:48.863842 | eval'd: drake::cmq_buildtargetmetadepsspecht_is_subtargetconfig
2020-01-20 15:14:49.974271 | > DO_CALL (0.012s wait)
.2020-01-20 15:14:50.319245 | eval'd: drake::cmq_buildtargetmetadepsspecht_is_subtargetconfig
2020-01-20 15:14:52.512676 | > DO_CALL (0.014s wait)
.2020-01-20 15:14:53.572257 | eval'd: drake::cmq_buildtargetmetadepsspecht_is_subtargetconfig
2020-01-20 15:14:53.926864 | > DO_CALL (0.011s wait)
.2020-01-20 15:14:54.274996 | eval'd: drake::cmq_buildtargetmetadepsspecht_is_subtargetconfig
2020-01-20 15:14:55.090618 | > DO_CALL (0.000s wait)
.2020-01-20 15:14:55.099374 | eval'd: drake::cmq_buildtargetmetadepsspecht_is_subtargetconfig
2020-01-20 15:14:56.454343 | > DO_CALL (0.011s wait)
.2020-01-20 15:14:56.803940 | eval'd: drake::cmq_buildtargetmetadepsspecht_is_subtargetconfig
2020-01-20 15:14:57.816789 | > DO_CALL (0.003s wait)
.2020-01-20 15:14:58.133749 | eval'd: drake::cmq_buildtargetmetadepsspecht_is_subtargetconfig
2020-01-20 15:14:59.290266 | > DO_CALL (0.019s wait)
.2020-01-20 15:14:59.672351 | eval'd: drake::cmq_buildtargetmetadepsspecht_is_subtargetconfig
2020-01-20 15:15:01.827462 | > DO_CALL (0.017s wait)
.2020-01-20 15:15:02.822201 | eval'd: drake::cmq_buildtargetmetadepsspecht_is_subtargetconfig
2020-01-20 15:15:03.229699 | > DO_CALL (0.013s wait)
.2020-01-20 15:15:03.613632 | eval'd: drake::cmq_buildtargetmetadepsspecht_is_subtargetconfig
2020-01-20 15:15:04.629779 | > DO_CALL (0.015s wait)
.2020-01-20 15:15:05.021249 | eval'd: drake::cmq_buildtargetmetadepsspecht_is_subtargetconfig
2020-01-20 15:15:06.012972 | > DO_CALL (0.014s wait)
.2020-01-20 15:15:06.387391 | eval'd: drake::cmq_buildtargetmetadepsspecht_is_subtargetconfig
2020-01-20 15:15:07.383159 | > DO_CALL (0.012s wait)
.2020-01-20 15:15:08.395267 | eval'd: drake::cmq_buildtargetmetadepsspecht_is_subtargetconfig
2020-01-20 15:15:09.716368 | > DO_CALL (0.013s wait)
.2020-01-20 15:15:10.088952 | eval'd: drake::cmq_buildtargetmetadepsspecht_is_subtargetconfig
2020-01-20 15:15:11.093665 | > DO_CALL (0.014s wait)
.2020-01-20 15:15:11.461667 | eval'd: drake::cmq_buildtargetmetadepsspecht_is_subtargetconfig
2020-01-20 15:15:12.449780 | > DO_CALL (0.012s wait)
.2020-01-20 15:15:12.801291 | eval'd: drake::cmq_buildtargetmetadepsspecht_is_subtargetconfig
2020-01-20 15:15:13.721944 | > DO_CALL (0.005s wait)
.2020-01-20 15:15:14.060342 | eval'd: drake::cmq_buildtargetmetadepsspecht_is_subtargetconfig
2020-01-20 15:15:15.019591 | > DO_CALL (0.014s wait)
.2020-01-20 15:15:16.051815 | eval'd: drake::cmq_buildtargetmetadepsspecht_is_subtargetconfig
2020-01-20 15:15:16.465404 | > DO_CALL (0.019s wait)
.2020-01-20 15:15:16.862028 | eval'd: drake::cmq_buildtargetmetadepsspecht_is_subtargetconfig
2020-01-20 15:15:18.873394 | > DO_CALL (0.012s wait)
.2020-01-20 15:15:19.249909 | eval'd: drake::cmq_buildtargetmetadepsspecht_is_subtargetconfig
2020-01-20 15:15:20.142688 | > DO_CALL (0.003s wait)
.2020-01-20 15:15:20.479361 | eval'd: drake::cmq_buildtargetmetadepsspecht_is_subtargetconfig
2020-01-20 15:15:21.653133 | > DO_CALL (0.029s wait)
.2020-01-20 15:15:22.675306 | eval'd: drake::cmq_buildtargetmetadepsspecht_is_subtargetconfig
2020-01-20 15:15:23.023001 | > DO_CALL (0.013s wait)
.2020-01-20 15:15:23.389508 | eval'd: drake::cmq_buildtargetmetadepsspecht_is_subtargetconfig
2020-01-20 15:15:24.392095 | > DO_CALL (0.009s wait)
.2020-01-20 15:15:24.747410 | eval'd: drake::cmq_buildtargetmetadepsspecht_is_subtargetconfig
2020-01-20 15:15:26.699668 | > DO_CALL (0.000s wait)
.2020-01-20 15:15:26.708372 | eval'd: drake::cmq_buildtargetmetadepsspecht_is_subtargetconfig
2020-01-20 15:15:28.171515 | > DO_CALL (0.013s wait)
.2020-01-20 15:15:28.552669 | eval'd: drake::cmq_buildtargetmetadepsspecht_is_subtargetconfig
2020-01-20 15:15:29.690490 | > DO_CALL (0.026s wait)
.2020-01-20 15:15:30.089558 | eval'd: drake::cmq_buildtargetmetadepsspecht_is_subtargetconfig
2020-01-20 15:15:31.049146 | > DO_CALL (0.008s wait)
.2020-01-20 15:15:32.031711 | eval'd: drake::cmq_buildtargetmetadepsspecht_is_subtargetconfig
2020-01-20 15:15:32.528007 | > DO_CALL (0.015s wait)
.2020-01-20 15:15:32.906893 | eval'd: drake::cmq_buildtargetmetadepsspecht_is_subtargetconfig
2020-01-20 15:15:33.889358 | > DO_CALL (0.012s wait)
.2020-01-20 15:15:34.239247 | eval'd: drake::cmq_buildtargetmetadepsspecht_is_subtargetconfig
2020-01-20 15:15:36.368425 | > DO_CALL (0.013s wait)
.2020-01-20 15:15:36.726944 | eval'd: drake::cmq_buildtargetmetadepsspecht_is_subtargetconfig
2020-01-20 15:15:37.851764 | > DO_CALL (0.010s wait)
.2020-01-20 15:15:38.851584 | eval'd: drake::cmq_buildtargetmetadepsspecht_is_subtargetconfig
2020-01-20 15:15:39.370517 | > DO_CALL (0.019s wait)
.2020-01-20 15:15:39.749878 | eval'd: drake::cmq_buildtargetmetadepsspecht_is_subtargetconfig
2020-01-20 15:15:40.736540 | > DO_CALL (0.005s wait)
.2020-01-20 15:15:41.076093 | eval'd: drake::cmq_buildtargetmetadepsspecht_is_subtargetconfig
2020-01-20 15:15:42.117413 | > DO_CALL (0.009s wait)
.2020-01-20 15:15:42.477638 | eval'd: drake::cmq_buildtargetmetadepsspecht_is_subtargetconfig
2020-01-20 15:15:44.771198 | > DO_CALL (0.015s wait)
.2020-01-20 15:15:45.161654 | eval'd: drake::cmq_buildtargetmetadepsspecht_is_subtargetconfig
2020-01-20 15:15:46.198363 | > DO_CALL (0.018s wait)
.2020-01-20 15:15:47.187347 | eval'd: drake::cmq_buildtargetmetadepsspecht_is_subtargetconfig
2020-01-20 15:15:47.705846 | > DO_CALL (0.012s wait)
.2020-01-20 15:15:48.070988 | eval'd: drake::cmq_buildtargetmetadepsspecht_is_subtargetconfig
2020-01-20 15:15:49.036523 | > DO_CALL (0.010s wait)
.2020-01-20 15:15:49.389317 | eval'd: drake::cmq_buildtargetmetadepsspecht_is_subtargetconfig
2020-01-20 15:15:50.427541 | > DO_CALL (0.013s wait)
.2020-01-20 15:15:50.793474 | eval'd: drake::cmq_buildtargetmetadepsspecht_is_subtargetconfig
2020-01-20 15:15:51.896808 | > DO_CALL (0.018s wait)
.2020-01-20 15:15:52.902325 | eval'd: drake::cmq_buildtargetmetadepsspecht_is_subtargetconfig
2020-01-20 15:15:54.787914 | > DO_CALL (0.008s wait)
.2020-01-20 15:15:55.132529 | eval'd: drake::cmq_buildtargetmetadepsspecht_is_subtargetconfig
2020-01-20 15:15:56.141113 | > DO_CALL (0.004s wait)
.2020-01-20 15:15:56.436054 | eval'd: drake::cmq_buildtargetmetadepsspecht_is_subtargetconfig
2020-01-20 15:15:57.554091 | > DO_CALL (0.011s wait)
.2020-01-20 15:15:57.909946 | eval'd: drake::cmq_buildtargetmetadepsspecht_is_subtargetconfig
2020-01-20 15:15:58.976467 | > DO_CALL (0.009s wait)
.2020-01-20 15:15:59.322062 | eval'd: drake::cmq_buildtargetmetadepsspecht_is_subtargetconfig
2020-01-20 15:16:00.275659 | > DO_CALL (0.011s wait)
.2020-01-20 15:16:01.240850 | eval'd: drake::cmq_buildtargetmetadepsspecht_is_subtargetconfig
2020-01-20 15:16:01.682579 | > DO_CALL (0.029s wait)
.2020-01-20 15:16:02.081222 | eval'd: drake::cmq_buildtargetmetadepsspecht_is_subtargetconfig
2020-01-20 15:16:04.096115 | > DO_CALL (0.006s wait)
.2020-01-20 15:16:04.441705 | eval'd: drake::cmq_buildtargetmetadepsspecht_is_subtargetconfig
2020-01-20 15:16:04.712738 | > DO_CALL (0.017s wait)
.2020-01-20 15:16:05.091214 | eval'd: drake::cmq_buildtargetmetadepsspecht_is_subtargetconfig
2020-01-20 15:16:06.004826 | > DO_CALL (0.013s wait)
.2020-01-20 15:16:06.988797 | eval'd: drake::cmq_buildtargetmetadepsspecht_is_subtargetconfig
2020-01-20 15:16:07.415185 | > DO_CALL (0.009s wait)
.2020-01-20 15:16:07.761269 | eval'd: drake::cmq_buildtargetmetadepsspecht_is_subtargetconfig
2020-01-20 15:16:08.952561 | > DO_CALL (0.016s wait)
.2020-01-20 15:16:09.325378 | eval'd: drake::cmq_buildtargetmetadepsspecht_is_subtargetconfig
2020-01-20 15:16:10.287489 | > DO_CALL (0.006s wait)
.2020-01-20 15:16:10.632470 | eval'd: drake::cmq_buildtargetmetadepsspecht_is_subtargetconfig
2020-01-20 15:16:12.807843 | > DO_CALL (0.010s wait)
.2020-01-20 15:16:13.167595 | eval'd: drake::cmq_buildtargetmetadepsspecht_is_subtargetconfig
2020-01-20 15:16:14.208118 | > DO_CALL (0.013s wait)
.2020-01-20 15:16:15.200109 | eval'd: drake::cmq_buildtargetmetadepsspecht_is_subtargetconfig
2020-01-20 15:16:15.442797 | > DO_CALL (0.023s wait)
.2020-01-20 15:16:15.822803 | eval'd: drake::cmq_buildtargetmetadepsspecht_is_subtargetconfig
2020-01-20 15:16:16.850131 | > DO_CALL (0.018s wait)
.2020-01-20 15:16:17.222851 | eval'd: drake::cmq_buildtargetmetadepsspecht_is_subtargetconfig
2020-01-20 15:16:18.159178 | > DO_CALL (0.010s wait)
.2020-01-20 15:16:18.507869 | eval'd: drake::cmq_buildtargetmetadepsspecht_is_subtargetconfig
2020-01-20 15:16:20.502416 | > DO_CALL (0.005s wait)
.2020-01-20 15:16:21.452301 | eval'd: drake::cmq_buildtargetmetadepsspecht_is_subtargetconfig
2020-01-20 15:16:21.973617 | > DO_CALL (0.021s wait)
.2020-01-20 15:16:22.366026 | eval'd: drake::cmq_buildtargetmetadepsspecht_is_subtargetconfig
2020-01-20 15:16:23.426576 | > DO_CALL (0.013s wait)
.2020-01-20 15:16:23.798146 | eval'd: drake::cmq_buildtargetmetadepsspecht_is_subtargetconfig
2020-01-20 15:16:24.774723 | > DO_CALL (0.011s wait)
.2020-01-20 15:16:25.129449 | eval'd: drake::cmq_buildtargetmetadepsspecht_is_subtargetconfig
2020-01-20 15:16:26.224499 | > DO_CALL (0.019s wait)
.2020-01-20 15:16:27.250102 | eval'd: drake::cmq_buildtargetmetadepsspecht_is_subtargetconfig
2020-01-20 15:16:27.481725 | > DO_CALL (0.000s wait)
.2020-01-20 15:16:27.490801 | eval'd: drake::cmq_buildtargetmetadepsspecht_is_subtargetconfig
2020-01-20 15:16:29.956129 | > DO_CALL (0.009s wait)
.2020-01-20 15:16:30.277114 | eval'd: drake::cmq_buildtargetmetadepsspecht_is_subtargetconfig
2020-01-20 15:16:31.402398 | > DO_CALL (0.011s wait)
.2020-01-20 15:16:31.753941 | eval'd: drake::cmq_buildtargetmetadepsspecht_is_subtargetconfig
2020-01-20 15:16:33.198509 | > DO_CALL (0.014s wait)
.2020-01-20 15:16:33.567857 | eval'd: drake::cmq_buildtargetmetadepsspecht_is_subtargetconfig
2020-01-20 15:16:34.582965 | > DO_CALL (0.006s wait)
.2020-01-20 15:16:34.929721 | eval'd: drake::cmq_buildtargetmetadepsspecht_is_subtargetconfig
2020-01-20 15:16:36.050664 | > DO_CALL (0.026s wait)
.2020-01-20 15:16:37.069837 | eval'd: drake::cmq_buildtargetmetadepsspecht_is_subtargetconfig
2020-01-20 15:16:38.631180 | > DO_CALL (0.011s wait)
.2020-01-20 15:16:38.992520 | eval'd: drake::cmq_buildtargetmetadepsspecht_is_subtargetconfig
2020-01-20 15:16:40.116099 | > DO_CALL (0.013s wait)
.2020-01-20 15:16:40.483778 | eval'd: drake::cmq_buildtargetmetadepsspecht_is_subtargetconfig
2020-01-20 15:16:41.650141 | > DO_CALL (0.016s wait)
.2020-01-20 15:16:42.019081 | eval'd: drake::cmq_buildtargetmetadepsspecht_is_subtargetconfig
2020-01-20 15:16:43.198168 | > DO_CALL (0.017s wait)
.2020-01-20 15:16:44.255491 | eval'd: drake::cmq_buildtargetmetadepsspecht_is_subtargetconfig
2020-01-20 15:16:44.608074 | > DO_CALL (0.008s wait)
.2020-01-20 15:16:44.958896 | eval'd: drake::cmq_buildtargetmetadepsspecht_is_subtargetconfig
2020-01-20 15:16:47.235383 | > DO_CALL (0.015s wait)
.
2020-01-20 15:16:47.606143 | eval'd: drake::cmq_buildtargetmetadepsspecht_is_subtargetconfig
2020-01-20 15:16:48.727584 | > DO_CALL (0.020s wait)
.2020-01-20 15:16:49.098741 | eval'd: drake::cmq_buildtargetmetadepsspecht_is_subtargetconfig
2020-01-20 15:16:50.265342 | > DO_CALL (0.009s wait)
.2020-01-20 15:16:50.614171 | eval'd: drake::cmq_buildtargetmetadepsspecht_is_subtargetconfig
2020-01-20 15:16:51.841845 | > DO_CALL (0.010s wait)
.2020-01-20 15:16:52.802934 | eval'd: drake::cmq_buildtargetmetadepsspecht_is_subtargetconfig
2020-01-20 15:16:53.435078 | > DO_CALL (0.010s wait)
.2020-01-20 15:16:53.790225 | eval'd: drake::cmq_buildtargetmetadepsspecht_is_subtargetconfig
2020-01-20 15:16:56.250553 | > DO_CALL (0.015s wait)
.2020-01-20 15:16:56.621735 | eval'd: drake::cmq_buildtargetmetadepsspecht_is_subtargetconfig
2020-01-20 15:16:57.812977 | > DO_CALL (0.012s wait)
.2020-01-20 15:16:58.174401 | eval'd: drake::cmq_buildtargetmetadepsspecht_is_subtargetconfig
2020-01-20 15:16:59.386641 | > DO_CALL (0.006s wait)
.2020-01-20 15:17:00.405170 | eval'd: drake::cmq_buildtargetmetadepsspecht_is_subtargetconfig
2020-01-20 15:17:00.875412 | > DO_CALL (0.008s wait)
.2020-01-20 15:17:01.222138 | eval'd: drake::cmq_buildtargetmetadepsspecht_is_subtargetconfig
2020-01-20 15:17:02.494837 | > DO_CALL (0.015s wait)
.2020-01-20 15:17:02.870444 | eval'd: drake::cmq_buildtargetmetadepsspecht_is_subtargetconfig
2020-01-20 15:17:05.434847 | > DO_CALL (0.010s wait)
.2020-01-20 15:17:05.782793 | eval'd: drake::cmq_buildtargetmetadepsspecht_is_subtargetconfig
2020-01-20 15:17:06.985670 | > DO_CALL (0.017s wait)
.2020-01-20 15:17:07.360056 | eval'd: drake::cmq_buildtargetmetadepsspecht_is_subtargetconfig
2020-01-20 15:17:08.557853 | > DO_CALL (0.009s wait)
.2020-01-20 15:17:09.593331 | eval'd: drake::cmq_buildtargetmetadepsspecht_is_subtargetconfig
2020-01-20 15:17:10.025605 | > DO_CALL (0.013s wait)
.2020-01-20 15:17:10.385840 | eval'd: drake::cmq_buildtargetmetadepsspecht_is_subtargetconfig
2020-01-20 15:17:11.500408 | > DO_CALL (0.011s wait)
.2020-01-20 15:17:11.853241 | eval'd: drake::cmq_buildtargetmetadepsspecht_is_subtargetconfig
2020-01-20 15:17:13.129249 | > DO_CALL (0.017s wait)
.2020-01-20 15:17:13.503510 | eval'd: drake::cmq_buildtargetmetadepsspecht_is_subtargetconfig
2020-01-20 15:17:15.796282 | > DO_CALL (0.010s wait)
.2020-01-20 15:17:16.756071 | eval'd: drake::cmq_buildtargetmetadepsspecht_is_subtargetconfig
2020-01-20 15:17:17.371371 | > DO_CALL (0.015s wait)
.2020-01-20 15:17:17.746629 | eval'd: drake::cmq_buildtargetmetadepsspecht_is_subtargetconfig
2020-01-20 15:17:18.941423 | > DO_CALL (0.016s wait)
.2020-01-20 15:17:19.309607 | eval'd: drake::cmq_buildtargetmetadepsspecht_is_subtargetconfig
2020-01-20 15:17:20.389364 | > DO_CALL (0.012s wait)
.2020-01-20 15:17:20.747778 | eval'd: drake::cmq_buildtargetmetadepsspecht_is_subtargetconfig
2020-01-20 15:17:21.922324 | > DO_CALL (0.019s wait)
.2020-01-20 15:17:22.301844 | eval'd: drake::cmq_buildtargetmetadepsspecht_is_subtargetconfig
2020-01-20 15:17:24.357981 | > DO_CALL (0.000s wait)
.2020-01-20 15:17:25.072684 | eval'd: drake::cmq_buildtargetmetadepsspecht_is_subtargetconfig
2020-01-20 15:17:25.747822 | > DO_CALL (0.013s wait)
.2020-01-20 15:17:26.113577 | eval'd: drake::cmq_buildtargetmetadepsspecht_is_subtargetconfig
2020-01-20 15:17:27.131451 | > DO_CALL (0.021s wait)
.2020-01-20 15:17:27.517216 | eval'd: drake::cmq_buildtargetmetadepsspecht_is_subtargetconfig
2020-01-20 15:17:28.309546 | > DO_CALL (0.013s wait)
.2020-01-20 15:17:28.677843 | eval'd: drake::cmq_buildtargetmetadepsspecht_is_subtargetconfig
2020-01-20 15:17:29.541569 | > DO_CALL (0.006s wait)
.2020-01-20 15:17:29.881075 | eval'd: drake::cmq_buildtargetmetadepsspecht_is_subtargetconfig
2020-01-20 15:17:31.814995 | > DO_CALL (0.008s wait)
.2020-01-20 15:17:32.777958 | eval'd: drake::cmq_buildtargetmetadepsspecht_is_subtargetconfig
2020-01-20 15:17:33.104723 | > DO_CALL (0.011s wait)
.2020-01-20 15:17:33.454366 | eval'd: drake::cmq_buildtargetmetadepsspecht_is_subtargetconfig
2020-01-20 15:17:34.605329 | > DO_CALL (0.014s wait)
.2020-01-20 15:17:34.975899 | eval'd: drake::cmq_buildtargetmetadepsspecht_is_subtargetconfig
2020-01-20 15:17:36.051567 | > DO_CALL (0.001s wait)
.2020-01-20 15:17:36.076019 | eval'd: drake::cmq_buildtargetmetadepsspecht_is_subtargetconfig
2020-01-20 15:17:37.528809 | > DO_CALL (0.009s wait)
.2020-01-20 15:17:37.878966 | eval'd: drake::cmq_buildtargetmetadepsspecht_is_subtargetconfig
2020-01-20 15:17:40.175146 | > DO_CALL (0.013s wait)
.2020-01-20 15:17:41.229247 | eval'd: drake::cmq_buildtargetmetadepsspecht_is_subtargetconfig
2020-01-20 15:17:41.653201 | > DO_CALL (0.015s wait)
.2020-01-20 15:17:42.036438 | eval'd: drake::cmq_buildtargetmetadepsspecht_is_subtargetconfig
2020-01-20 15:17:43.203470 | > DO_CALL (0.007s wait)
.2020-01-20 15:17:43.549332 | eval'd: drake::cmq_buildtargetmetadepsspecht_is_subtargetconfig
2020-01-20 15:17:44.691341 | > DO_CALL (0.009s wait)
.2020-01-20 15:17:45.035473 | eval'd: drake::cmq_buildtargetmetadepsspecht_is_subtargetconfig
2020-01-20 15:17:46.279883 | > DO_CALL (0.010s wait)
.2020-01-20 15:17:46.632260 | eval'd: drake::cmq_buildtargetmetadepsspecht_is_subtargetconfig
2020-01-20 15:17:48.965082 | > DO_CALL (0.012s wait)
.2020-01-20 15:17:49.959359 | eval'd: drake::cmq_buildtargetmetadepsspecht_is_subtargetconfig
2020-01-20 15:17:50.459040 | > DO_CALL (0.014s wait)
.2020-01-20 15:17:50.830490 | eval'd: drake::cmq_buildtargetmetadepsspecht_is_subtargetconfig
2020-01-20 15:17:51.834841 | > DO_CALL (0.010s wait)
.2020-01-20 15:17:52.182323 | eval'd: drake::cmq_buildtargetmetadepsspecht_is_subtargetconfig
2020-01-20 15:17:53.356630 | > DO_CALL (0.011s wait)
.2020-01-20 15:17:53.713198 | eval'd: drake::cmq_buildtargetmetadepsspecht_is_subtargetconfig
2020-01-20 15:17:54.656299 | > DO_CALL (0.005s wait)
.2020-01-20 15:17:55.787972 | eval'd: drake::cmq_buildtargetmetadepsspecht_is_subtargetconfig
2020-01-20 15:17:57.171958 | > DO_CALL (0.008s wait)
.2020-01-20 15:17:57.551595 | eval'd: drake::cmq_buildtargetmetadepsspecht_is_subtargetconfig
2020-01-20 15:17:58.680021 | > DO_CALL (0.015s wait)
.2020-01-20 15:17:59.073949 | eval'd: drake::cmq_buildtargetmetadepsspecht_is_subtargetconfig
2020-01-20 15:18:00.241178 | > DO_CALL (0.008s wait)
.2020-01-20 15:18:00.615745 | eval'd: drake::cmq_buildtargetmetadepsspecht_is_subtargetconfig
2020-01-20 15:18:01.763228 | > DO_CALL (0.009s wait)
.2020-01-20 15:18:02.129999 | eval'd: drake::cmq_buildtargetmetadepsspecht_is_subtargetconfig
2020-01-20 15:18:03.322139 | > DO_CALL (0.005s wait)
.2020-01-20 15:18:04.307808 | eval'd: drake::cmq_buildtargetmetadepsspecht_is_subtargetconfig
2020-01-20 15:18:05.793790 | > DO_CALL (0.001s wait)
.2020-01-20 15:18:05.901015 | eval'd: drake::cmq_buildtargetmetadepsspecht_is_subtargetconfig
2020-01-20 15:18:07.266887 | > DO_CALL (0.010s wait)
.2020-01-20 15:18:07.616854 | eval'd: drake::cmq_buildtargetmetadepsspecht_is_subtargetconfig
2020-01-20 15:18:08.706591 | > DO_CALL (0.014s wait)
.2020-01-20 15:18:09.094144 | eval'd: drake::cmq_buildtargetmetadepsspecht_is_subtargetconfig
2020-01-20 15:18:10.154939 | > DO_CALL (0.011s wait)
.2020-01-20 15:18:10.504242 | eval'd: drake::cmq_buildtargetmetadepsspecht_is_subtargetconfig
2020-01-20 15:18:11.575084 | > DO_CALL (0.000s wait)
.2020-01-20 15:18:11.587166 | eval'd: drake::cmq_buildtargetmetadepsspecht_is_subtargetconfig
2020-01-20 15:18:14.483226 | > DO_CALL (0.015s wait)
.2020-01-20 15:18:15.485270 | eval'd: drake::cmq_buildtargetmetadepsspecht_is_subtargetconfig
2020-01-20 15:18:16.018855 | > DO_CALL (0.013s wait)
.2020-01-20 15:18:16.403667 | eval'd: drake::cmq_buildtargetmetadepsspecht_is_subtargetconfig
2020-01-20 15:18:17.527423 | > DO_CALL (0.015s wait)
.2020-01-20 15:18:17.901248 | eval'd: drake::cmq_buildtargetmetadepsspecht_is_subtargetconfig
2020-01-20 15:18:18.984737 | > DO_CALL (0.017s wait)
.2020-01-20 15:18:19.351638 | eval'd: drake::cmq_buildtargetmetadepsspecht_is_subtargetconfig
2020-01-20 15:18:20.389445 | > DO_CALL (0.007s wait)
.2020-01-20 15:18:21.367251 | eval'd: drake::cmq_buildtargetmetadepsspecht_is_subtargetconfig
2020-01-20 15:18:23.347030 | > DO_CALL (0.004s wait)
.2020-01-20 15:18:23.677600 | eval'd: drake::cmq_buildtargetmetadepsspecht_is_subtargetconfig
2020-01-20 15:18:24.918741 | > DO_CALL (0.018s wait)
.2020-01-20 15:18:25.304330 | eval'd: drake::cmq_buildtargetmetadepsspecht_is_subtargetconfig
2020-01-20 15:18:26.462643 | > DO_CALL (0.025s wait)
.2020-01-20 15:18:26.849620 | eval'd: drake::cmq_buildtargetmetadepsspecht_is_subtargetconfig
2020-01-20 15:18:27.891305 | > DO_CALL (0.008s wait)
.2020-01-20 15:18:28.252495 | eval'd: drake::cmq_buildtargetmetadepsspecht_is_subtargetconfig
2020-01-20 15:18:29.243436 | > DO_CALL (0.001s wait)
.2020-01-20 15:18:29.249590 | eval'd: drake::cmq_buildtargetmetadepsspecht_is_subtargetconfig
2020-01-20 15:18:31.677625 | > DO_CALL (0.001s wait)
.2020-01-20 15:18:33.967849 | eval'd: drake::cmq_buildtargetmetadepsspecht_is_subtargetconfig
2020-01-20 15:18:34.108522 | > DO_CALL (0.001s wait)
.2020-01-20 15:18:34.114884 | eval'd: drake::cmq_buildtargetmetadepsspecht_is_subtargetconfig
2020-01-20 15:18:34.490491 | > DO_CALL (0.001s wait)
.2020-01-20 15:18:34.496803 | eval'd: drake::cmq_buildtargetmetadepsspecht_is_subtargetconfig
2020-01-20 15:18:35.468364 | > DO_CALL (0.001s wait)
.2020-01-20 15:18:35.474191 | eval'd: drake::cmq_buildtargetmetadepsspecht_is_subtargetconfig
2020-01-20 15:18:36.545496 | > DO_CALL (0.001s wait)
.2020-01-20 15:18:36.551347 | eval'd: drake::cmq_buildtargetmetadepsspecht_is_subtargetconfig
2020-01-20 15:18:38.656538 | > DO_CALL (0.001s wait)
.2020-01-20 15:18:38.662448 | eval'd: drake::cmq_buildtargetmetadepsspecht_is_subtargetconfig
2020-01-20 15:18:39.765510 | > DO_CALL (0.001s wait)
.2020-01-20 15:18:39.771454 | eval'd: drake::cmq_buildtargetmetadepsspecht_is_subtargetconfig
2020-01-20 15:18:40.879435 | > DO_CALL (0.001s wait)
.2020-01-20 15:18:40.885354 | eval'd: drake::cmq_buildtargetmetadepsspecht_is_subtargetconfig
2020-01-20 15:18:41.966472 | > DO_CALL (0.001s wait)
.2020-01-20 15:18:41.972198 | eval'd: drake::cmq_buildtargetmetadepsspecht_is_subtargetconfig
2020-01-20 15:18:43.015193 | > DO_CALL (0.000s wait)
.2020-01-20 15:18:43.020884 | eval'd: drake::cmq_buildtargetmetadepsspecht_is_subtargetconfig
2020-01-20 15:18:45.112528 | > DO_CALL (0.001s wait)
.2020-01-20 15:18:45.118170 | eval'd: drake::cmq_buildtargetmetadepsspecht_is_subtargetconfig
2020-01-20 15:18:46.223513 | > DO_CALL (0.001s wait)
.2020-01-20 15:18:46.229451 | eval'd: drake::cmq_buildtargetmetadepsspecht_is_subtargetconfig
2020-01-20 15:18:47.330461 | > DO_CALL (0.001s wait)
.2020-01-20 15:18:47.336381 | eval'd: drake::cmq_buildtargetmetadepsspecht_is_subtargetconfig
2020-01-20 15:18:48.414448 | > DO_CALL (0.001s wait)
.2020-01-20 15:18:48.420372 | eval'd: drake::cmq_buildtargetmetadepsspecht_is_subtargetconfig
2020-01-20 15:18:49.490539 | > DO_CALL (0.001s wait)
.2020-01-20 15:18:49.496457 | eval'd: drake::cmq_buildtargetmetadepsspecht_is_subtargetconfig
2020-01-20 15:18:51.643487 | > DO_CALL (0.001s wait)
.2020-01-20 15:18:51.649435 | eval'd: drake::cmq_buildtargetmetadepsspecht_is_subtargetconfig
2020-01-20 15:18:52.746535 | > DO_CALL (0.001s wait)
.2020-01-20 15:18:52.752475 | eval'd: drake::cmq_buildtargetmetadepsspecht_is_subtargetconfig
2020-01-20 15:18:53.817496 | > DO_CALL (0.001s wait)
.2020-01-20 15:18:53.823319 | eval'd: drake::cmq_buildtargetmetadepsspecht_is_subtargetconfig
2020-01-20 15:18:54.873514 | > DO_CALL (0.001s wait)
.
2020-01-20 15:18:54.879457 | eval'd: drake::cmq_buildtargetmetadepsspecht_is_subtargetconfig
2020-01-20 15:18:55.936455 | > DO_CALL (0.001s wait)
.2020-01-20 15:18:55.942262 | eval'd: drake::cmq_buildtargetmetadepsspecht_is_subtargetconfig
2020-01-20 15:18:58.023583 | > DO_CALL (0.001s wait)
.2020-01-20 15:18:58.029268 | eval'd: drake::cmq_buildtargetmetadepsspecht_is_subtargetconfig
2020-01-20 15:18:59.131485 | > DO_CALL (0.001s wait)
.2020-01-20 15:18:59.137305 | eval'd: drake::cmq_buildtargetmetadepsspecht_is_subtargetconfig
2020-01-20 15:19:00.195515 | > DO_CALL (0.001s wait)
.2020-01-20 15:19:00.201352 | eval'd: drake::cmq_buildtargetmetadepsspecht_is_subtargetconfig
2020-01-20 15:19:01.263575 | > DO_CALL (0.001s wait)
.2020-01-20 15:19:01.269514 | eval'd: drake::cmq_buildtargetmetadepsspecht_is_subtargetconfig
2020-01-20 15:19:02.352452 | > DO_CALL (0.001s wait)
.2020-01-20 15:19:02.358281 | eval'd: drake::cmq_buildtargetmetadepsspecht_is_subtargetconfig
2020-01-20 15:19:04.463564 | > DO_CALL (0.001s wait)
.2020-01-20 15:19:04.470017 | eval'd: drake::cmq_buildtargetmetadepsspecht_is_subtargetconfig
2020-01-20 15:19:05.546423 | > DO_CALL (0.001s wait)
.2020-01-20 15:19:05.552322 | eval'd: drake::cmq_buildtargetmetadepsspecht_is_subtargetconfig
2020-01-20 15:19:06.601598 | > DO_CALL (0.001s wait)
.2020-01-20 15:19:06.607569 | eval'd: drake::cmq_buildtargetmetadepsspecht_is_subtargetconfig
2020-01-20 15:19:07.637492 | > DO_CALL (0.001s wait)
.2020-01-20 15:19:07.643346 | eval'd: drake::cmq_buildtargetmetadepsspecht_is_subtargetconfig
2020-01-20 15:19:08.710473 | > DO_CALL (0.001s wait)
.2020-01-20 15:19:08.716363 | eval'd: drake::cmq_buildtargetmetadepsspecht_is_subtargetconfig
2020-01-20 15:19:10.815438 | > DO_CALL (0.001s wait)
.2020-01-20 15:19:10.821419 | eval'd: drake::cmq_buildtargetmetadepsspecht_is_subtargetconfig
2020-01-20 15:19:12.208461 | > DO_CALL (0.001s wait)
.2020-01-20 15:19:12.214257 | eval'd: drake::cmq_buildtargetmetadepsspecht_is_subtargetconfig
2020-01-20 15:19:13.347492 | > DO_CALL (0.001s wait)
.2020-01-20 15:19:13.353448 | eval'd: drake::cmq_buildtargetmetadepsspecht_is_subtargetconfig
2020-01-20 15:19:14.472471 | > DO_CALL (0.001s wait)
.2020-01-20 15:19:14.478226 | eval'd: drake::cmq_buildtargetmetadepsspecht_is_subtargetconfig
2020-01-20 15:19:15.575291 | > DO_CALL (0.001s wait)
.2020-01-20 15:19:15.581047 | eval'd: drake::cmq_buildtargetmetadepsspecht_is_subtargetconfig
2020-01-20 15:19:17.820458 | > DO_CALL (0.001s wait)
.2020-01-20 15:19:17.826137 | eval'd: drake::cmq_buildtargetmetadepsspecht_is_subtargetconfig
2020-01-20 15:19:18.941469 | > DO_CALL (0.001s wait)
.2020-01-20 15:19:18.947248 | eval'd: drake::cmq_buildtargetmetadepsspecht_is_subtargetconfig
2020-01-20 15:19:20.043529 | > DO_CALL (0.001s wait)
.2020-01-20 15:19:20.049385 | eval'd: drake::cmq_buildtargetmetadepsspecht_is_subtargetconfig
2020-01-20 15:19:21.179477 | > DO_CALL (0.001s wait)
.2020-01-20 15:19:21.185266 | eval'd: drake::cmq_buildtargetmetadepsspecht_is_subtargetconfig
2020-01-20 15:19:22.293588 | > DO_CALL (0.001s wait)
.2020-01-20 15:19:22.299403 | eval'd: drake::cmq_buildtargetmetadepsspecht_is_subtargetconfig
2020-01-20 15:19:24.684521 | > DO_CALL (0.001s wait)
.2020-01-20 15:19:24.690980 | eval'd: drake::cmq_buildtargetmetadepsspecht_is_subtargetconfig
2020-01-20 15:19:25.866625 | > DO_CALL (0.001s wait)
.2020-01-20 15:19:25.872408 | eval'd: drake::cmq_buildtargetmetadepsspecht_is_subtargetconfig
2020-01-20 15:19:27.070547 | > DO_CALL (0.001s wait)
.2020-01-20 15:19:27.076330 | eval'd: drake::cmq_buildtargetmetadepsspecht_is_subtargetconfig
2020-01-20 15:19:28.227587 | > DO_CALL (0.001s wait)
.2020-01-20 15:19:28.233311 | eval'd: drake::cmq_buildtargetmetadepsspecht_is_subtargetconfig
2020-01-20 15:19:29.438611 | > DO_CALL (0.001s wait)
.2020-01-20 15:19:29.444497 | eval'd: drake::cmq_buildtargetmetadepsspecht_is_subtargetconfig
2020-01-20 15:19:31.803881 | > DO_CALL (0.001s wait)
.2020-01-20 15:19:31.809663 | eval'd: drake::cmq_buildtargetmetadepsspecht_is_subtargetconfig
2020-01-20 15:19:32.815672 | > DO_CALL (0.001s wait)
.2020-01-20 15:19:32.821556 | eval'd: drake::cmq_buildtargetmetadepsspecht_is_subtargetconfig
2020-01-20 15:19:33.854366 | > DO_CALL (0.001s wait)
.2020-01-20 15:19:33.860221 | eval'd: drake::cmq_buildtargetmetadepsspecht_is_subtargetconfig
2020-01-20 15:19:34.847518 | > DO_CALL (0.001s wait)
.2020-01-20 15:19:34.853272 | eval'd: drake::cmq_buildtargetmetadepsspecht_is_subtargetconfig
2020-01-20 15:19:36.952704 | > DO_CALL (0.001s wait)
.2020-01-20 15:19:36.958577 | eval'd: drake::cmq_buildtargetmetadepsspecht_is_subtargetconfig
2020-01-20 15:19:37.959751 | > DO_CALL (0.001s wait)
.2020-01-20 15:19:37.965698 | eval'd: drake::cmq_buildtargetmetadepsspecht_is_subtargetconfig
2020-01-20 15:19:38.934362 | > DO_CALL (0.001s wait)
.2020-01-20 15:19:38.940372 | eval'd: drake::cmq_buildtargetmetadepsspecht_is_subtargetconfig
2020-01-20 15:19:39.937758 | > DO_CALL (0.001s wait)
.2020-01-20 15:19:39.943674 | eval'd: drake::cmq_buildtargetmetadepsspecht_is_subtargetconfig
2020-01-20 15:19:40.925821 | > DO_CALL (0.001s wait)
.2020-01-20 15:19:40.931732 | eval'd: drake::cmq_buildtargetmetadepsspecht_is_subtargetconfig
2020-01-20 15:19:42.915441 | > DO_CALL (0.001s wait)
.2020-01-20 15:19:42.921369 | eval'd: drake::cmq_buildtargetmetadepsspecht_is_subtargetconfig
2020-01-20 15:19:43.886926 | > DO_CALL (0.001s wait)
.2020-01-20 15:19:43.892784 | eval'd: drake::cmq_buildtargetmetadepsspecht_is_subtargetconfig
2020-01-20 15:19:44.955687 | > DO_CALL (0.001s wait)
.2020-01-20 15:19:44.961585 | eval'd: drake::cmq_buildtargetmetadepsspecht_is_subtargetconfig
2020-01-20 15:19:46.088619 | > DO_CALL (0.001s wait)
.2020-01-20 15:19:46.094437 | eval'd: drake::cmq_buildtargetmetadepsspecht_is_subtargetconfig
2020-01-20 15:19:47.238634 | > DO_CALL (0.001s wait)
.2020-01-20 15:19:47.244570 | eval'd: drake::cmq_buildtargetmetadepsspecht_is_subtargetconfig
2020-01-20 15:19:49.442701 | > DO_CALL (0.001s wait)
.2020-01-20 15:19:49.448663 | eval'd: drake::cmq_buildtargetmetadepsspecht_is_subtargetconfig
2020-01-20 15:19:50.573748 | > DO_CALL (0.001s wait)
.2020-01-20 15:19:50.579655 | eval'd: drake::cmq_buildtargetmetadepsspecht_is_subtargetconfig
2020-01-20 15:19:51.706718 | > DO_CALL (0.001s wait)
.2020-01-20 15:19:51.712626 | eval'd: drake::cmq_buildtargetmetadepsspecht_is_subtargetconfig
2020-01-20 15:19:52.846700 | > DO_CALL (0.001s wait)
.2020-01-20 15:19:52.852607 | eval'd: drake::cmq_buildtargetmetadepsspecht_is_subtargetconfig
2020-01-20 15:19:55.033633 | > DO_CALL (0.001s wait)
.2020-01-20 15:19:55.040054 | eval'd: drake::cmq_buildtargetmetadepsspecht_is_subtargetconfig
2020-01-20 15:19:56.181710 | > DO_CALL (0.001s wait)
.2020-01-20 15:19:56.187476 | eval'd: drake::cmq_buildtargetmetadepsspecht_is_subtargetconfig
2020-01-20 15:19:57.327674 | > DO_CALL (0.001s wait)
.2020-01-20 15:19:57.333617 | eval'd: drake::cmq_buildtargetmetadepsspecht_is_subtargetconfig
2020-01-20 15:19:58.420078 | > DO_CALL (0.000s wait)
.2020-01-20 15:19:58.425635 | eval'd: drake::cmq_buildtargetmetadepsspecht_is_subtargetconfig
2020-01-20 15:19:59.420118 | > DO_CALL (0.001s wait)
.2020-01-20 15:19:59.426006 | eval'd: drake::cmq_buildtargetmetadepsspecht_is_subtargetconfig
2020-01-20 15:20:01.366380 | > DO_CALL (0.001s wait)
.2020-01-20 15:20:01.372362 | eval'd: drake::cmq_buildtargetmetadepsspecht_is_subtargetconfig
2020-01-20 15:20:02.336259 | > DO_CALL (0.002s wait)
.2020-01-20 15:20:02.342099 | eval'd: drake::cmq_buildtargetmetadepsspecht_is_subtargetconfig
2020-01-20 15:20:03.314481 | > DO_CALL (0.001s wait)
.2020-01-20 15:20:03.320494 | eval'd: drake::cmq_buildtargetmetadepsspecht_is_subtargetconfig
2020-01-20 15:20:04.282911 | > DO_CALL (0.001s wait)
.2020-01-20 15:20:04.288839 | eval'd: drake::cmq_buildtargetmetadepsspecht_is_subtargetconfig
2020-01-20 15:20:05.246964 | > DO_CALL (0.001s wait)
.2020-01-20 15:20:05.252881 | eval'd: drake::cmq_buildtargetmetadepsspecht_is_subtargetconfig
2020-01-20 15:20:07.157995 | > DO_CALL (0.001s wait)
.2020-01-20 15:20:07.164023 | eval'd: drake::cmq_buildtargetmetadepsspecht_is_subtargetconfig
2020-01-20 15:20:08.121464 | > DO_CALL (0.000s wait)
.2020-01-20 15:20:08.125716 | eval'd: drake::cmq_buildtargetmetadepsspecht_is_subtargetconfig
2020-01-20 15:20:09.087913 | > DO_CALL (0.001s wait)
.2020-01-20 15:20:09.094123 | eval'd: drake::cmq_buildtargetmetadepsspecht_is_subtargetconfig
2020-01-20 15:20:10.044225 | > DO_CALL (0.001s wait)
.2020-01-20 15:20:10.049891 | eval'd: drake::cmq_buildtargetmetadepsspecht_is_subtargetconfig
2020-01-20 15:20:11.954800 | > DO_CALL (0.001s wait)
.2020-01-20 15:20:11.960743 | eval'd: drake::cmq_buildtargetmetadepsspecht_is_subtargetconfig
2020-01-20 15:20:12.913556 | > DO_CALL (0.001s wait)
.2020-01-20 15:20:12.919434 | eval'd: drake::cmq_buildtargetmetadepsspecht_is_subtargetconfig
2020-01-20 15:20:13.873041 | > DO_CALL (0.001s wait)
.2020-01-20 15:20:13.878916 | eval'd: drake::cmq_buildtargetmetadepsspecht_is_subtargetconfig
2020-01-20 15:20:14.841809 | > DO_CALL (0.001s wait)
.2020-01-20 15:20:14.847684 | eval'd: drake::cmq_buildtargetmetadepsspecht_is_subtargetconfig
2020-01-20 15:20:15.789864 | > DO_CALL (0.001s wait)
.2020-01-20 15:20:15.795710 | eval'd: drake::cmq_buildtargetmetadepsspecht_is_subtargetconfig
2020-01-20 15:20:17.977564 | > DO_CALL (0.001s wait)
.2020-01-20 15:20:17.983355 | eval'd: drake::cmq_buildtargetmetadepsspecht_is_subtargetconfig
2020-01-20 15:20:19.084620 | > DO_CALL (0.001s wait)
.2020-01-20 15:20:19.090533 | eval'd: drake::cmq_buildtargetmetadepsspecht_is_subtargetconfig
2020-01-20 15:20:20.195579 | > DO_CALL (0.001s wait)
.2020-01-20 15:20:20.201528 | eval'd: drake::cmq_buildtargetmetadepsspecht_is_subtargetconfig
2020-01-20 15:20:21.310575 | > DO_CALL (0.001s wait)
.2020-01-20 15:20:21.316416 | eval'd: drake::cmq_buildtargetmetadepsspecht_is_subtargetconfig
2020-01-20 15:20:22.404545 | > DO_CALL (0.000s wait)
.2020-01-20 15:20:22.408787 | eval'd: drake::cmq_buildtargetmetadepsspecht_is_subtargetconfig
2020-01-20 15:20:24.615530 | > DO_CALL (0.001s wait)
.2020-01-20 15:20:24.621865 | eval'd: drake::cmq_buildtargetmetadepsspecht_is_subtargetconfig
2020-01-20 15:20:25.738600 | > DO_CALL (0.001s wait)
.2020-01-20 15:20:25.744448 | eval'd: drake::cmq_buildtargetmetadepsspecht_is_subtargetconfig
2020-01-20 15:20:26.882194 | > DO_CALL (0.000s wait)
.2020-01-20 15:20:26.886490 | eval'd: drake::cmq_buildtargetmetadepsspecht_is_subtargetconfig
2020-01-20 15:20:28.027549 | > DO_CALL (0.001s wait)
.2020-01-20 15:20:28.033286 | eval'd: drake::cmq_buildtargetmetadepsspecht_is_subtargetconfig
2020-01-20 15:20:30.267678 | > DO_CALL (0.001s wait)
.2020-01-20 15:20:30.273527 | eval'd: drake::cmq_buildtargetmetadepsspecht_is_subtargetconfig
2020-01-20 15:20:31.432562 | > DO_CALL (0.001s wait)
.2020-01-20 15:20:31.438353 | eval'd: drake::cmq_buildtargetmetadepsspecht_is_subtargetconfig
2020-01-20 15:20:32.571549 | > DO_CALL (0.001s wait)
.2020-01-20 15:20:32.577284 | eval'd: drake::cmq_buildtargetmetadepsspecht_is_subtargetconfig
2020-01-20 15:20:33.725584 | > DO_CALL (0.001s wait)
.2020-01-20 15:20:33.731368 | eval'd: drake::cmq_buildtargetmetadepsspecht_is_subtargetconfig
2020-01-20 15:20:34.915602 | > DO_CALL (0.001s wait)
.2020-01-20 15:20:34.921346 | eval'd: drake::cmq_buildtargetmetadepsspecht_is_subtargetconfig
2020-01-20 15:20:37.116592 | > DO_CALL (0.001s wait)
.2020-01-20 15:20:37.122356 | eval'd: drake::cmq_buildtargetmetadepsspecht_is_subtargetconfig
2020-01-20 15:20:38.288632 | > DO_CALL (0.001s wait)
.
2020-01-20 15:20:38.294363 | eval'd: drake::cmq_buildtargetmetadepsspecht_is_subtargetconfig
2020-01-20 15:20:39.439563 | > DO_CALL (0.001s wait)
.2020-01-20 15:20:39.445463 | eval'd: drake::cmq_buildtargetmetadepsspecht_is_subtargetconfig
2020-01-20 15:20:40.563662 | > DO_CALL (0.001s wait)
.2020-01-20 15:20:40.569592 | eval'd: drake::cmq_buildtargetmetadepsspecht_is_subtargetconfig
2020-01-20 15:20:41.701540 | > DO_CALL (0.001s wait)
.2020-01-20 15:20:41.707238 | eval'd: drake::cmq_buildtargetmetadepsspecht_is_subtargetconfig
2020-01-20 15:20:43.987787 | > DO_CALL (0.000s wait)
.2020-01-20 15:20:43.992829 | eval'd: drake::cmq_buildtargetmetadepsspecht_is_subtargetconfig
2020-01-20 15:20:45.121561 | > DO_CALL (0.001s wait)
.2020-01-20 15:20:45.127444 | eval'd: drake::cmq_buildtargetmetadepsspecht_is_subtargetconfig
2020-01-20 15:20:46.278677 | > DO_CALL (0.001s wait)
.2020-01-20 15:20:46.284594 | eval'd: drake::cmq_buildtargetmetadepsspecht_is_subtargetconfig
2020-01-20 15:20:47.478561 | > DO_CALL (0.001s wait)
.2020-01-20 15:20:47.484446 | eval'd: drake::cmq_buildtargetmetadepsspecht_is_subtargetconfig
2020-01-20 15:20:50.013605 | > DO_CALL (0.001s wait)
.2020-01-20 15:20:50.021313 | eval'd: drake::cmq_buildtargetmetadepsspecht_is_subtargetconfig
2020-01-20 15:20:51.142926 | > DO_CALL (0.001s wait)
.2020-01-20 15:20:51.148492 | eval'd: drake::cmq_buildtargetmetadepsspecht_is_subtargetconfig
2020-01-20 15:20:52.282545 | > DO_CALL (0.001s wait)
.2020-01-20 15:20:52.288447 | eval'd: drake::cmq_buildtargetmetadepsspecht_is_subtargetconfig
2020-01-20 15:20:53.406567 | > DO_CALL (0.001s wait)
.2020-01-20 15:20:53.412351 | eval'd: drake::cmq_buildtargetmetadepsspecht_is_subtargetconfig
2020-01-20 15:20:54.542628 | > DO_CALL (0.001s wait)
.2020-01-20 15:20:54.548348 | eval'd: drake::cmq_buildtargetmetadepsspecht_is_subtargetconfig
2020-01-20 15:20:56.948079 | > DO_CALL (0.000s wait)
.2020-01-20 15:20:56.952806 | eval'd: drake::cmq_buildtargetmetadepsspecht_is_subtargetconfig
2020-01-20 15:20:58.095593 | > DO_CALL (0.001s wait)
.2020-01-20 15:20:58.101511 | eval'd: drake::cmq_buildtargetmetadepsspecht_is_subtargetconfig
2020-01-20 15:20:59.220606 | > DO_CALL (0.001s wait)
.2020-01-20 15:20:59.226345 | eval'd: drake::cmq_buildtargetmetadepsspecht_is_subtargetconfig
2020-01-20 15:21:00.357643 | > DO_CALL (0.001s wait)
.2020-01-20 15:21:00.363526 | eval'd: drake::cmq_buildtargetmetadepsspecht_is_subtargetconfig
2020-01-20 15:21:02.569574 | > DO_CALL (0.001s wait)
.2020-01-20 15:21:02.575505 | eval'd: drake::cmq_buildtargetmetadepsspecht_is_subtargetconfig
2020-01-20 15:21:03.698582 | > DO_CALL (0.001s wait)
.2020-01-20 15:21:03.704456 | eval'd: drake::cmq_buildtargetmetadepsspecht_is_subtargetconfig
2020-01-20 15:21:04.830580 | > DO_CALL (0.001s wait)
.2020-01-20 15:21:04.836444 | eval'd: drake::cmq_buildtargetmetadepsspecht_is_subtargetconfig
2020-01-20 15:21:05.958532 | > DO_CALL (0.001s wait)
.2020-01-20 15:21:05.964195 | eval'd: drake::cmq_buildtargetmetadepsspecht_is_subtargetconfig
2020-01-20 15:21:07.079562 | > DO_CALL (0.001s wait)
.2020-01-20 15:21:07.085383 | eval'd: drake::cmq_buildtargetmetadepsspecht_is_subtargetconfig
2020-01-20 15:21:09.263615 | > DO_CALL (0.001s wait)
.2020-01-20 15:21:09.269383 | eval'd: drake::cmq_buildtargetmetadepsspecht_is_subtargetconfig
2020-01-20 15:21:10.402571 | > DO_CALL (0.001s wait)
.2020-01-20 15:21:10.408434 | eval'd: drake::cmq_buildtargetmetadepsspecht_is_subtargetconfig
2020-01-20 15:21:11.516567 | > DO_CALL (0.001s wait)
.2020-01-20 15:21:11.522425 | eval'd: drake::cmq_buildtargetmetadepsspecht_is_subtargetconfig
2020-01-20 15:21:12.625618 | > DO_CALL (0.001s wait)
.2020-01-20 15:21:12.631414 | eval'd: drake::cmq_buildtargetmetadepsspecht_is_subtargetconfig
2020-01-20 15:21:13.733593 | > DO_CALL (0.001s wait)
.2020-01-20 15:21:13.739434 | eval'd: drake::cmq_buildtargetmetadepsspecht_is_subtargetconfig
2020-01-20 15:21:15.949631 | > DO_CALL (0.001s wait)
.2020-01-20 15:21:15.955270 | eval'd: drake::cmq_buildtargetmetadepsspecht_is_subtargetconfig
2020-01-20 15:21:17.044606 | > DO_CALL (0.001s wait)
.2020-01-20 15:21:17.050467 | eval'd: drake::cmq_buildtargetmetadepsspecht_is_subtargetconfig
2020-01-20 15:21:18.152592 | > DO_CALL (0.001s wait)
.2020-01-20 15:21:18.158461 | eval'd: drake::cmq_buildtargetmetadepsspecht_is_subtargetconfig
2020-01-20 15:21:19.263628 | > DO_CALL (0.001s wait)
.2020-01-20 15:21:19.269494 | eval'd: drake::cmq_buildtargetmetadepsspecht_is_subtargetconfig
2020-01-20 15:21:21.456788 | > DO_CALL (0.001s wait)
.2020-01-20 15:21:21.462624 | eval'd: drake::cmq_buildtargetmetadepsspecht_is_subtargetconfig
2020-01-20 15:21:22.585809 | > DO_CALL (0.000s wait)
.2020-01-20 15:21:22.590005 | eval'd: drake::cmq_buildtargetmetadepsspecht_is_subtargetconfig
2020-01-20 15:21:23.717796 | > DO_CALL (0.001s wait)
.2020-01-20 15:21:23.723564 | eval'd: drake::cmq_buildtargetmetadepsspecht_is_subtargetconfig
2020-01-20 15:21:24.863790 | > DO_CALL (0.001s wait)
.2020-01-20 15:21:24.869557 | eval'd: drake::cmq_buildtargetmetadepsspecht_is_subtargetconfig
2020-01-20 15:21:25.989454 | > DO_CALL (0.001s wait)
.2020-01-20 15:21:25.994073 | eval'd: drake::cmq_buildtargetmetadepsspecht_is_subtargetconfig
2020-01-20 15:21:28.172694 | > DO_CALL (0.001s wait)
.2020-01-20 15:21:28.178536 | eval'd: drake::cmq_buildtargetmetadepsspecht_is_subtargetconfig
2020-01-20 15:21:29.334598 | > DO_CALL (0.000s wait)
.2020-01-20 15:21:29.338933 | eval'd: drake::cmq_buildtargetmetadepsspecht_is_subtargetconfig
2020-01-20 15:21:30.477640 | > DO_CALL (0.001s wait)
.2020-01-20 15:21:30.483314 | eval'd: drake::cmq_buildtargetmetadepsspecht_is_subtargetconfig
2020-01-20 15:21:31.597766 | > DO_CALL (0.001s wait)
.2020-01-20 15:21:31.603703 | eval'd: drake::cmq_buildtargetmetadepsspecht_is_subtargetconfig
2020-01-20 15:21:33.797787 | > DO_CALL (0.001s wait)
.2020-01-20 15:21:33.803475 | eval'd: drake::cmq_buildtargetmetadepsspecht_is_subtargetconfig
2020-01-20 15:21:34.969718 | > DO_CALL (0.001s wait)
.2020-01-20 15:21:34.975546 | eval'd: drake::cmq_buildtargetmetadepsspecht_is_subtargetconfig
2020-01-20 15:21:36.119785 | > DO_CALL (0.001s wait)
.2020-01-20 15:21:36.125802 | eval'd: drake::cmq_buildtargetmetadepsspecht_is_subtargetconfig
2020-01-20 15:21:37.269774 | > DO_CALL (0.001s wait)
.2020-01-20 15:21:37.275640 | eval'd: drake::cmq_buildtargetmetadepsspecht_is_subtargetconfig
2020-01-20 15:21:38.437729 | > DO_CALL (0.001s wait)
.2020-01-20 15:21:38.443564 | eval'd: drake::cmq_buildtargetmetadepsspecht_is_subtargetconfig
2020-01-20 15:21:40.640681 | > DO_CALL (0.001s wait)
.2020-01-20 15:21:40.646499 | eval'd: drake::cmq_buildtargetmetadepsspecht_is_subtargetconfig
2020-01-20 15:21:41.797255 | > DO_CALL (0.004s wait)
.2020-01-20 15:21:41.803236 | eval'd: drake::cmq_buildtargetmetadepsspecht_is_subtargetconfig
2020-01-20 15:21:42.946723 | > DO_CALL (0.001s wait)
.2020-01-20 15:21:42.952554 | eval'd: drake::cmq_buildtargetmetadepsspecht_is_subtargetconfig
2020-01-20 15:21:44.109772 | > DO_CALL (0.001s wait)
.2020-01-20 15:21:44.115701 | eval'd: drake::cmq_buildtargetmetadepsspecht_is_subtargetconfig
2020-01-20 15:21:45.254827 | > DO_CALL (0.001s wait)
.2020-01-20 15:21:45.260792 | eval'd: drake::cmq_buildtargetmetadepsspecht_is_subtargetconfig
2020-01-20 15:21:47.509690 | > DO_CALL (0.001s wait)
.2020-01-20 15:21:47.515336 | eval'd: drake::cmq_buildtargetmetadepsspecht_is_subtargetconfig
2020-01-20 15:21:48.659789 | > DO_CALL (0.001s wait)
.2020-01-20 15:21:48.665549 | eval'd: drake::cmq_buildtargetmetadepsspecht_is_subtargetconfig
2020-01-20 15:21:49.821079 | > DO_CALL (0.001s wait)
.2020-01-20 15:21:49.826821 | eval'd: drake::cmq_buildtargetmetadepsspecht_is_subtargetconfig
2020-01-20 15:21:50.969767 | > DO_CALL (0.001s wait)
.2020-01-20 15:21:50.975749 | eval'd: drake::cmq_buildtargetmetadepsspecht_is_subtargetconfig
2020-01-20 15:21:53.173806 | > DO_CALL (0.001s wait)
.2020-01-20 15:21:53.179560 | eval'd: drake::cmq_buildtargetmetadepsspecht_is_subtargetconfig
2020-01-20 15:21:54.342877 | > DO_CALL (0.001s wait)
.2020-01-20 15:21:54.348775 | eval'd: drake::cmq_buildtargetmetadepsspecht_is_subtargetconfig
2020-01-20 15:21:55.470784 | > DO_CALL (0.001s wait)
.2020-01-20 15:21:55.476663 | eval'd: drake::cmq_buildtargetmetadepsspecht_is_subtargetconfig
2020-01-20 15:21:56.611744 | > DO_CALL (0.001s wait)
.2020-01-20 15:21:56.617630 | eval'd: drake::cmq_buildtargetmetadepsspecht_is_subtargetconfig
2020-01-20 15:21:57.742124 | > DO_CALL (0.000s wait)
.2020-01-20 15:21:57.746797 | eval'd: drake::cmq_buildtargetmetadepsspecht_is_subtargetconfig
2020-01-20 15:22:00.164757 | > DO_CALL (0.001s wait)
.2020-01-20 15:22:00.170740 | eval'd: drake::cmq_buildtargetmetadepsspecht_is_subtargetconfig
2020-01-20 15:22:01.314750 | > DO_CALL (0.001s wait)
.2020-01-20 15:22:01.320698 | eval'd: drake::cmq_buildtargetmetadepsspecht_is_subtargetconfig
2020-01-20 15:22:02.436126 | > DO_CALL (0.001s wait)
.2020-01-20 15:22:02.442301 | eval'd: drake::cmq_buildtargetmetadepsspecht_is_subtargetconfig
2020-01-20 15:22:03.573748 | > DO_CALL (0.001s wait)
.2020-01-20 15:22:03.579536 | eval'd: drake::cmq_buildtargetmetadepsspecht_is_subtargetconfig
2020-01-20 15:22:04.695796 | > DO_CALL (0.001s wait)
.2020-01-20 15:22:04.701771 | eval'd: drake::cmq_buildtargetmetadepsspecht_is_subtargetconfig
2020-01-20 15:22:07.135802 | > DO_CALL (0.001s wait)
.2020-01-20 15:22:07.141797 | eval'd: drake::cmq_buildtargetmetadepsspecht_is_subtargetconfig
2020-01-20 15:22:08.283777 | > DO_CALL (0.001s wait)
.2020-01-20 15:22:08.289496 | eval'd: drake::cmq_buildtargetmetadepsspecht_is_subtargetconfig
2020-01-20 15:22:09.418977 | > DO_CALL (0.000s wait)
.2020-01-20 15:22:09.423839 | eval'd: drake::cmq_buildtargetmetadepsspecht_is_subtargetconfig
2020-01-20 15:22:10.522805 | > DO_CALL (0.001s wait)
.2020-01-20 15:22:10.528566 | eval'd: drake::cmq_buildtargetmetadepsspecht_is_subtargetconfig
2020-01-20 15:22:12.912786 | > DO_CALL (0.001s wait)
.2020-01-20 15:22:12.918658 | eval'd: drake::cmq_buildtargetmetadepsspecht_is_subtargetconfig
2020-01-20 15:22:14.042809 | > DO_CALL (0.001s wait)
.2020-01-20 15:22:14.048713 | eval'd: drake::cmq_buildtargetmetadepsspecht_is_subtargetconfig
2020-01-20 15:22:15.193814 | > DO_CALL (0.001s wait)
.2020-01-20 15:22:15.199885 | eval'd: drake::cmq_buildtargetmetadepsspecht_is_subtargetconfig
2020-01-20 15:22:16.319782 | > DO_CALL (0.001s wait)
.2020-01-20 15:22:16.325571 | eval'd: drake::cmq_buildtargetmetadepsspecht_is_subtargetconfig
2020-01-20 15:22:17.398521 | > WORKER_WAIT (0.000s wait)
2020-01-20 15:22:17.398979 | waiting 0.75s
2020-01-20 15:22:25.268527 | > WORKER_WAIT (0.000s wait)
2020-01-20 15:22:25.269617 | waiting 0.75s
2020-01-20 15:22:32.555176 | > WORKER_WAIT (0.000s wait)
2020-01-20 15:22:32.555630 | waiting 0.75s
2020-01-20 15:26:40.906045 | > WORKER_STOP (0.000s wait)
2020-01-20 15:26:40.907041 | shutting down worker
2020-01-20 15:26:43.253872 | 
Total: 514 in 8150.10s [user], 858.49s [system], 19306.71s [elapsed]
