2020-01-21 10:48:11.499833 | Master: tcp://c24a-s1:7958
2020-01-21 10:48:11.521118 | WORKER_UP to: tcp://c24a-s1:7958
2020-01-21 10:48:16.368959 | > DO_SETUP (2.823s wait)
2020-01-21 10:48:16.370017 | token from msg: set_common_data_token
2020-01-21 10:48:17.418957 | > DO_CALL (0.001s wait)
.* Option 'clustermq.scheduler' not set, defaulting to ‘SLURM’
--- see: https://mschubert.github.io/clustermq/articles/userguide.html#configuration
2020-01-21 10:48:17.640414 | eval'd: drake::cmq_buildtargetmetadepsspecht_is_subtargetconfig
2020-01-21 10:48:22.099464 | > DO_CALL (0.002s wait)
.2020-01-21 10:48:22.404167 | eval'd: drake::cmq_buildtargetmetadepsspecht_is_subtargetconfig
2020-01-21 10:48:29.095003 | > DO_CALL (0.000s wait)
.2020-01-21 10:48:29.099901 | eval'd: drake::cmq_buildtargetmetadepsspecht_is_subtargetconfig
2020-01-21 10:48:35.924799 | > DO_CALL (0.001s wait)
.2020-01-21 10:48:35.930878 | eval'd: drake::cmq_buildtargetmetadepsspecht_is_subtargetconfig
2020-01-21 10:48:42.340345 | > DO_CALL (0.000s wait)
.2020-01-21 10:48:42.345341 | eval'd: drake::cmq_buildtargetmetadepsspecht_is_subtargetconfig
2020-01-21 10:48:49.004688 | > DO_CALL (0.001s wait)
.2020-01-21 10:48:49.010876 | eval'd: drake::cmq_buildtargetmetadepsspecht_is_subtargetconfig
2020-01-21 10:48:55.755688 | > DO_CALL (0.001s wait)
.2020-01-21 10:48:55.761175 | eval'd: drake::cmq_buildtargetmetadepsspecht_is_subtargetconfig
2020-01-21 10:49:02.689843 | > DO_CALL (0.001s wait)
.2020-01-21 10:49:02.695462 | eval'd: drake::cmq_buildtargetmetadepsspecht_is_subtargetconfig
2020-01-21 10:49:10.080952 | > DO_CALL (0.001s wait)
.2020-01-21 10:49:10.087150 | eval'd: drake::cmq_buildtargetmetadepsspecht_is_subtargetconfig
2020-01-21 10:49:18.618932 | > DO_CALL (0.000s wait)
.2020-01-21 10:49:18.624328 | eval'd: drake::cmq_buildtargetmetadepsspecht_is_subtargetconfig
2020-01-21 10:49:25.019338 | > DO_CALL (0.000s wait)
.2020-01-21 10:49:25.024256 | eval'd: drake::cmq_buildtargetmetadepsspecht_is_subtargetconfig
2020-01-21 10:49:30.741878 | > DO_CALL (0.001s wait)
.2020-01-21 10:49:30.747493 | eval'd: drake::cmq_buildtargetmetadepsspecht_is_subtargetconfig
2020-01-21 10:49:37.145636 | > DO_CALL (0.001s wait)
.2020-01-21 10:49:37.150877 | eval'd: drake::cmq_buildtargetmetadepsspecht_is_subtargetconfig
2020-01-21 10:49:43.478714 | > DO_CALL (0.001s wait)
.2020-01-21 10:49:43.484198 | eval'd: drake::cmq_buildtargetmetadepsspecht_is_subtargetconfig
2020-01-21 10:49:49.991808 | > DO_CALL (0.001s wait)
.2020-01-21 10:49:49.998121 | eval'd: drake::cmq_buildtargetmetadepsspecht_is_subtargetconfig
2020-01-21 10:49:56.146897 | > DO_CALL (0.000s wait)
.2020-01-21 10:49:56.151696 | eval'd: drake::cmq_buildtargetmetadepsspecht_is_subtargetconfig
2020-01-21 10:50:02.388012 | > DO_CALL (0.000s wait)
.2020-01-21 10:50:02.392456 | eval'd: drake::cmq_buildtargetmetadepsspecht_is_subtargetconfig
2020-01-21 10:50:07.529353 | > DO_CALL (0.000s wait)
.2020-01-21 10:50:07.534723 | eval'd: drake::cmq_buildtargetmetadepsspecht_is_subtargetconfig
2020-01-21 10:50:13.042927 | > DO_CALL (0.001s wait)
.2020-01-21 10:50:13.048900 | eval'd: drake::cmq_buildtargetmetadepsspecht_is_subtargetconfig
2020-01-21 10:50:20.160059 | > DO_CALL (0.001s wait)
.2020-01-21 10:50:20.166742 | eval'd: drake::cmq_buildtargetmetadepsspecht_is_subtargetconfig
2020-01-21 10:50:25.376929 | > DO_CALL (0.000s wait)
.2020-01-21 10:50:25.381268 | eval'd: drake::cmq_buildtargetmetadepsspecht_is_subtargetconfig
2020-01-21 10:50:30.651604 | > DO_CALL (0.001s wait)
.2020-01-21 10:50:30.657009 | eval'd: drake::cmq_buildtargetmetadepsspecht_is_subtargetconfig
2020-01-21 10:50:36.806014 | > DO_CALL (0.001s wait)
.2020-01-21 10:50:36.812192 | eval'd: drake::cmq_buildtargetmetadepsspecht_is_subtargetconfig
2020-01-21 10:50:43.165330 | > DO_CALL (0.000s wait)
.2020-01-21 10:50:43.170346 | eval'd: drake::cmq_buildtargetmetadepsspecht_is_subtargetconfig
2020-01-21 10:50:48.626982 | > DO_CALL (0.001s wait)
.2020-01-21 10:50:48.633609 | eval'd: drake::cmq_buildtargetmetadepsspecht_is_subtargetconfig
2020-01-21 10:50:54.012053 | > DO_CALL (0.001s wait)
.2020-01-21 10:50:54.018152 | eval'd: drake::cmq_buildtargetmetadepsspecht_is_subtargetconfig
2020-01-21 10:50:59.114915 | > DO_CALL (0.000s wait)
.2020-01-21 10:50:59.122125 | eval'd: drake::cmq_buildtargetmetadepsspecht_is_subtargetconfig
2020-01-21 10:51:04.947885 | > DO_CALL (0.000s wait)
.2020-01-21 10:51:04.952228 | eval'd: drake::cmq_buildtargetmetadepsspecht_is_subtargetconfig
2020-01-21 10:51:10.606983 | > DO_CALL (0.000s wait)
.2020-01-21 10:51:10.611529 | eval'd: drake::cmq_buildtargetmetadepsspecht_is_subtargetconfig
2020-01-21 10:51:16.575840 | > DO_CALL (0.000s wait)
.2020-01-21 10:51:16.580177 | eval'd: drake::cmq_buildtargetmetadepsspecht_is_subtargetconfig
2020-01-21 10:51:22.949954 | > DO_CALL (0.000s wait)
.2020-01-21 10:51:22.954829 | eval'd: drake::cmq_buildtargetmetadepsspecht_is_subtargetconfig
2020-01-21 10:51:28.450854 | > DO_CALL (0.001s wait)
.2020-01-21 10:51:28.458351 | eval'd: drake::cmq_buildtargetmetadepsspecht_is_subtargetconfig
2020-01-21 10:51:33.562962 | > DO_CALL (0.000s wait)
.2020-01-21 10:51:33.567931 | eval'd: drake::cmq_buildtargetmetadepsspecht_is_subtargetconfig
2020-01-21 10:51:38.047382 | > DO_CALL (0.000s wait)
.2020-01-21 10:51:38.053689 | eval'd: drake::cmq_buildtargetmetadepsspecht_is_subtargetconfig
2020-01-21 10:51:42.879580 | > DO_CALL (0.001s wait)
.2020-01-21 10:51:42.885740 | eval'd: drake::cmq_buildtargetmetadepsspecht_is_subtargetconfig
2020-01-21 10:51:47.919016 | > DO_CALL (0.001s wait)
.2020-01-21 10:51:47.926842 | eval'd: drake::cmq_buildtargetmetadepsspecht_is_subtargetconfig
2020-01-21 10:51:53.224975 | > DO_CALL (0.000s wait)
.2020-01-21 10:51:53.230096 | eval'd: drake::cmq_buildtargetmetadepsspecht_is_subtargetconfig
2020-01-21 10:51:58.635998 | > DO_CALL (0.000s wait)
.2020-01-21 10:51:58.641587 | eval'd: drake::cmq_buildtargetmetadepsspecht_is_subtargetconfig
2020-01-21 10:52:03.353891 | > DO_CALL (0.000s wait)
.2020-01-21 10:52:03.358785 | eval'd: drake::cmq_buildtargetmetadepsspecht_is_subtargetconfig
2020-01-21 10:52:08.735506 | > DO_CALL (0.001s wait)
.2020-01-21 10:52:08.742008 | eval'd: drake::cmq_buildtargetmetadepsspecht_is_subtargetconfig
2020-01-21 10:52:13.883440 | > DO_CALL (0.001s wait)
.2020-01-21 10:52:13.889403 | eval'd: drake::cmq_buildtargetmetadepsspecht_is_subtargetconfig
2020-01-21 10:52:18.563962 | > DO_CALL (0.000s wait)
.2020-01-21 10:52:18.569555 | eval'd: drake::cmq_buildtargetmetadepsspecht_is_subtargetconfig
2020-01-21 10:52:25.383013 | > DO_CALL (0.000s wait)
.2020-01-21 10:52:25.388103 | eval'd: drake::cmq_buildtargetmetadepsspecht_is_subtargetconfig
2020-01-21 10:52:30.675933 | > DO_CALL (0.001s wait)
.2020-01-21 10:52:30.683029 | eval'd: drake::cmq_buildtargetmetadepsspecht_is_subtargetconfig
2020-01-21 10:52:36.413927 | > DO_CALL (0.001s wait)
.2020-01-21 10:52:36.421189 | eval'd: drake::cmq_buildtargetmetadepsspecht_is_subtargetconfig
2020-01-21 10:52:41.038981 | > DO_CALL (0.000s wait)
.2020-01-21 10:52:41.044041 | eval'd: drake::cmq_buildtargetmetadepsspecht_is_subtargetconfig
2020-01-21 10:52:45.634887 | > DO_CALL (0.000s wait)
.2020-01-21 10:52:45.639991 | eval'd: drake::cmq_buildtargetmetadepsspecht_is_subtargetconfig
2020-01-21 10:52:50.151035 | > DO_CALL (0.000s wait)
.2020-01-21 10:52:50.156276 | eval'd: drake::cmq_buildtargetmetadepsspecht_is_subtargetconfig
2020-01-21 10:52:55.021499 | > DO_CALL (0.001s wait)
.2020-01-21 10:52:55.027546 | eval'd: drake::cmq_buildtargetmetadepsspecht_is_subtargetconfig
2020-01-21 10:52:59.392102 | > DO_CALL (0.000s wait)
.2020-01-21 10:52:59.397401 | eval'd: drake::cmq_buildtargetmetadepsspecht_is_subtargetconfig
2020-01-21 10:53:04.298730 | > DO_CALL (0.001s wait)
.2020-01-21 10:53:04.305380 | eval'd: drake::cmq_buildtargetmetadepsspecht_is_subtargetconfig
2020-01-21 10:53:09.002747 | > DO_CALL (0.001s wait)
.2020-01-21 10:53:09.009618 | eval'd: drake::cmq_buildtargetmetadepsspecht_is_subtargetconfig
2020-01-21 10:53:13.775912 | > DO_CALL (0.001s wait)
.2020-01-21 10:53:13.783270 | eval'd: drake::cmq_buildtargetmetadepsspecht_is_subtargetconfig
2020-01-21 10:53:18.166336 | > DO_CALL (0.000s wait)
.2020-01-21 10:53:18.172621 | eval'd: drake::cmq_buildtargetmetadepsspecht_is_subtargetconfig
2020-01-21 10:53:22.717942 | > DO_CALL (0.001s wait)
.2020-01-21 10:53:22.725011 | eval'd: drake::cmq_buildtargetmetadepsspecht_is_subtargetconfig
2020-01-21 10:53:29.680713 | > DO_CALL (0.001s wait)
.
2020-01-21 10:53:29.687827 | eval'd: drake::cmq_buildtargetmetadepsspecht_is_subtargetconfig
2020-01-21 10:53:34.451956 | > DO_CALL (0.000s wait)
.2020-01-21 10:53:34.457747 | eval'd: drake::cmq_buildtargetmetadepsspecht_is_subtargetconfig
2020-01-21 10:53:38.755443 | > DO_CALL (0.001s wait)
.2020-01-21 10:53:38.762115 | eval'd: drake::cmq_buildtargetmetadepsspecht_is_subtargetconfig
2020-01-21 10:53:43.471950 | > DO_CALL (0.001s wait)
.2020-01-21 10:53:43.479221 | eval'd: drake::cmq_buildtargetmetadepsspecht_is_subtargetconfig
2020-01-21 10:53:47.869023 | > DO_CALL (0.001s wait)
.2020-01-21 10:53:47.876847 | eval'd: drake::cmq_buildtargetmetadepsspecht_is_subtargetconfig
2020-01-21 10:53:52.562969 | > DO_CALL (0.001s wait)
.2020-01-21 10:53:52.570236 | eval'd: drake::cmq_buildtargetmetadepsspecht_is_subtargetconfig
2020-01-21 10:53:56.544650 | > DO_CALL (0.001s wait)
.2020-01-21 10:53:56.551779 | eval'd: drake::cmq_buildtargetmetadepsspecht_is_subtargetconfig
2020-01-21 10:54:00.727988 | > DO_CALL (0.001s wait)
.2020-01-21 10:54:00.735203 | eval'd: drake::cmq_buildtargetmetadepsspecht_is_subtargetconfig
2020-01-21 10:54:05.438569 | > DO_CALL (0.001s wait)
.2020-01-21 10:54:05.444783 | eval'd: drake::cmq_buildtargetmetadepsspecht_is_subtargetconfig
2020-01-21 10:54:09.768224 | > DO_CALL (0.000s wait)
.2020-01-21 10:54:09.773754 | eval'd: drake::cmq_buildtargetmetadepsspecht_is_subtargetconfig
2020-01-21 10:54:14.471895 | > DO_CALL (0.000s wait)
.2020-01-21 10:54:14.476873 | eval'd: drake::cmq_buildtargetmetadepsspecht_is_subtargetconfig
2020-01-21 10:54:18.555991 | > DO_CALL (0.000s wait)
.2020-01-21 10:54:18.561659 | eval'd: drake::cmq_buildtargetmetadepsspecht_is_subtargetconfig
2020-01-21 10:54:23.932820 | > DO_CALL (0.001s wait)
.2020-01-21 10:54:23.939733 | eval'd: drake::cmq_buildtargetmetadepsspecht_is_subtargetconfig
2020-01-21 10:54:30.551918 | > DO_CALL (0.000s wait)
.2020-01-21 10:54:30.557526 | eval'd: drake::cmq_buildtargetmetadepsspecht_is_subtargetconfig
2020-01-21 10:54:34.683375 | > DO_CALL (0.000s wait)
.2020-01-21 10:54:34.688405 | eval'd: drake::cmq_buildtargetmetadepsspecht_is_subtargetconfig
2020-01-21 10:54:38.904115 | > DO_CALL (0.000s wait)
.2020-01-21 10:54:38.910037 | eval'd: drake::cmq_buildtargetmetadepsspecht_is_subtargetconfig
2020-01-21 10:54:43.050001 | > DO_CALL (0.000s wait)
.2020-01-21 10:54:43.055164 | eval'd: drake::cmq_buildtargetmetadepsspecht_is_subtargetconfig
2020-01-21 10:54:47.156309 | > DO_CALL (0.000s wait)
.2020-01-21 10:54:47.162659 | eval'd: drake::cmq_buildtargetmetadepsspecht_is_subtargetconfig
2020-01-21 10:54:51.000860 | > DO_CALL (0.000s wait)
.2020-01-21 10:54:51.005748 | eval'd: drake::cmq_buildtargetmetadepsspecht_is_subtargetconfig
2020-01-21 10:54:54.944999 | > DO_CALL (0.000s wait)
.2020-01-21 10:54:54.950165 | eval'd: drake::cmq_buildtargetmetadepsspecht_is_subtargetconfig
2020-01-21 10:54:59.206816 | > DO_CALL (0.001s wait)
.2020-01-21 10:54:59.225928 | eval'd: drake::cmq_buildtargetmetadepsspecht_is_subtargetconfig
2020-01-21 10:55:03.622984 | > DO_CALL (0.001s wait)
.2020-01-21 10:55:03.628477 | eval'd: drake::cmq_buildtargetmetadepsspecht_is_subtargetconfig
2020-01-21 10:55:07.790734 | > DO_CALL (0.001s wait)
.2020-01-21 10:55:07.797023 | eval'd: drake::cmq_buildtargetmetadepsspecht_is_subtargetconfig
2020-01-21 10:55:11.827750 | > DO_CALL (0.001s wait)
.2020-01-21 10:55:11.833622 | eval'd: drake::cmq_buildtargetmetadepsspecht_is_subtargetconfig
2020-01-21 10:55:15.752391 | > DO_CALL (0.000s wait)
.2020-01-21 10:55:15.757554 | eval'd: drake::cmq_buildtargetmetadepsspecht_is_subtargetconfig
2020-01-21 10:55:19.871367 | > DO_CALL (0.000s wait)
.2020-01-21 10:55:19.876430 | eval'd: drake::cmq_buildtargetmetadepsspecht_is_subtargetconfig
2020-01-21 10:55:23.795541 | > DO_CALL (0.001s wait)
.2020-01-21 10:55:23.800991 | eval'd: drake::cmq_buildtargetmetadepsspecht_is_subtargetconfig
2020-01-21 10:55:27.724750 | > DO_CALL (0.001s wait)
.2020-01-21 10:55:27.730992 | eval'd: drake::cmq_buildtargetmetadepsspecht_is_subtargetconfig
2020-01-21 10:55:34.562726 | > DO_CALL (0.001s wait)
.2020-01-21 10:55:34.568428 | eval'd: drake::cmq_buildtargetmetadepsspecht_is_subtargetconfig
2020-01-21 10:55:39.261956 | > DO_CALL (0.000s wait)
.2020-01-21 10:55:39.267066 | eval'd: drake::cmq_buildtargetmetadepsspecht_is_subtargetconfig
2020-01-21 10:55:43.656995 | > DO_CALL (0.000s wait)
.2020-01-21 10:55:43.661527 | eval'd: drake::cmq_buildtargetmetadepsspecht_is_subtargetconfig
2020-01-21 10:55:47.521810 | > DO_CALL (0.000s wait)
.2020-01-21 10:55:47.526602 | eval'd: drake::cmq_buildtargetmetadepsspecht_is_subtargetconfig
2020-01-21 10:55:51.604931 | > DO_CALL (0.000s wait)
.2020-01-21 10:55:51.609382 | eval'd: drake::cmq_buildtargetmetadepsspecht_is_subtargetconfig
2020-01-21 10:55:55.704179 | > DO_CALL (0.000s wait)
.2020-01-21 10:55:55.708982 | eval'd: drake::cmq_buildtargetmetadepsspecht_is_subtargetconfig
2020-01-21 10:55:59.332563 | > DO_CALL (0.001s wait)
.2020-01-21 10:55:59.337983 | eval'd: drake::cmq_buildtargetmetadepsspecht_is_subtargetconfig
2020-01-21 10:56:03.341856 | > DO_CALL (0.000s wait)
.2020-01-21 10:56:03.346120 | eval'd: drake::cmq_buildtargetmetadepsspecht_is_subtargetconfig
2020-01-21 10:56:07.481466 | > DO_CALL (0.001s wait)
.2020-01-21 10:56:07.487171 | eval'd: drake::cmq_buildtargetmetadepsspecht_is_subtargetconfig
2020-01-21 10:56:11.576171 | > DO_CALL (0.000s wait)
.2020-01-21 10:56:11.580865 | eval'd: drake::cmq_buildtargetmetadepsspecht_is_subtargetconfig
2020-01-21 10:56:15.808641 | > DO_CALL (0.001s wait)
.2020-01-21 10:56:15.814174 | eval'd: drake::cmq_buildtargetmetadepsspecht_is_subtargetconfig
2020-01-21 10:56:20.361624 | > DO_CALL (0.001s wait)
.2020-01-21 10:56:20.367137 | eval'd: drake::cmq_buildtargetmetadepsspecht_is_subtargetconfig
2020-01-21 10:56:24.396873 | > DO_CALL (0.000s wait)
.2020-01-21 10:56:24.401213 | eval'd: drake::cmq_buildtargetmetadepsspecht_is_subtargetconfig
2020-01-21 10:56:28.503177 | > DO_CALL (0.000s wait)
.2020-01-21 10:56:28.507903 | eval'd: drake::cmq_buildtargetmetadepsspecht_is_subtargetconfig
2020-01-21 10:56:32.919780 | > DO_CALL (0.001s wait)
.2020-01-21 10:56:32.925561 | eval'd: drake::cmq_buildtargetmetadepsspecht_is_subtargetconfig
2020-01-21 10:56:38.892773 | > DO_CALL (0.001s wait)
.2020-01-21 10:56:38.899047 | eval'd: drake::cmq_buildtargetmetadepsspecht_is_subtargetconfig
2020-01-21 10:56:43.547951 | > DO_CALL (0.000s wait)
.2020-01-21 10:56:43.552435 | eval'd: drake::cmq_buildtargetmetadepsspecht_is_subtargetconfig
2020-01-21 10:56:47.742840 | > DO_CALL (0.000s wait)
.2020-01-21 10:56:47.747604 | eval'd: drake::cmq_buildtargetmetadepsspecht_is_subtargetconfig
2020-01-21 10:56:51.395807 | > DO_CALL (0.000s wait)
.2020-01-21 10:56:51.400015 | eval'd: drake::cmq_buildtargetmetadepsspecht_is_subtargetconfig
2020-01-21 10:56:55.169824 | > DO_CALL (0.000s wait)
.2020-01-21 10:56:55.174091 | eval'd: drake::cmq_buildtargetmetadepsspecht_is_subtargetconfig
2020-01-21 10:56:59.592804 | > DO_CALL (0.000s wait)
.2020-01-21 10:56:59.596991 | eval'd: drake::cmq_buildtargetmetadepsspecht_is_subtargetconfig
2020-01-21 10:57:04.060485 | > DO_CALL (0.001s wait)
.2020-01-21 10:57:04.065805 | eval'd: drake::cmq_buildtargetmetadepsspecht_is_subtargetconfig
2020-01-21 10:57:08.291271 | > DO_CALL (0.000s wait)
.2020-01-21 10:57:08.296885 | eval'd: drake::cmq_buildtargetmetadepsspecht_is_subtargetconfig
2020-01-21 10:57:12.245274 | > DO_CALL (0.000s wait)
.2020-01-21 10:57:12.250313 | eval'd: drake::cmq_buildtargetmetadepsspecht_is_subtargetconfig
2020-01-21 10:57:16.366460 | > DO_CALL (0.001s wait)
.2020-01-21 10:57:16.372231 | eval'd: drake::cmq_buildtargetmetadepsspecht_is_subtargetconfig
2020-01-21 10:57:20.420997 | > DO_CALL (0.000s wait)
.2020-01-21 10:57:20.425585 | eval'd: drake::cmq_buildtargetmetadepsspecht_is_subtargetconfig
2020-01-21 10:57:25.002902 | > DO_CALL (0.000s wait)
.2020-01-21 10:57:25.007333 | eval'd: drake::cmq_buildtargetmetadepsspecht_is_subtargetconfig
2020-01-21 10:57:29.267115 | > DO_CALL (0.000s wait)
.2020-01-21 10:57:29.271963 | eval'd: drake::cmq_buildtargetmetadepsspecht_is_subtargetconfig
2020-01-21 10:57:33.106297 | > DO_CALL (0.000s wait)
.2020-01-21 10:57:33.111435 | eval'd: drake::cmq_buildtargetmetadepsspecht_is_subtargetconfig
2020-01-21 10:57:38.023156 | > DO_CALL (0.000s wait)
.2020-01-21 10:57:38.028558 | eval'd: drake::cmq_buildtargetmetadepsspecht_is_subtargetconfig
2020-01-21 10:57:43.157358 | > DO_CALL (0.000s wait)
.2020-01-21 10:57:43.162707 | eval'd: drake::cmq_buildtargetmetadepsspecht_is_subtargetconfig
2020-01-21 10:57:47.154810 | > DO_CALL (0.000s wait)
.2020-01-21 10:57:47.159596 | eval'd: drake::cmq_buildtargetmetadepsspecht_is_subtargetconfig
2020-01-21 10:57:51.270022 | > DO_CALL (0.000s wait)
.2020-01-21 10:57:51.274674 | eval'd: drake::cmq_buildtargetmetadepsspecht_is_subtargetconfig
2020-01-21 10:57:55.432737 | > DO_CALL (0.001s wait)
.2020-01-21 10:57:55.438407 | eval'd: drake::cmq_buildtargetmetadepsspecht_is_subtargetconfig
2020-01-21 10:58:00.293332 | > DO_CALL (0.000s wait)
.2020-01-21 10:58:00.298438 | eval'd: drake::cmq_buildtargetmetadepsspecht_is_subtargetconfig
2020-01-21 10:58:03.975819 | > DO_CALL (0.000s wait)
.2020-01-21 10:58:03.980202 | eval'd: drake::cmq_buildtargetmetadepsspecht_is_subtargetconfig
2020-01-21 10:58:08.014791 | > DO_CALL (0.001s wait)
.2020-01-21 10:58:08.020534 | eval'd: drake::cmq_buildtargetmetadepsspecht_is_subtargetconfig
2020-01-21 10:58:11.976734 | > DO_CALL (0.001s wait)
.2020-01-21 10:58:11.982510 | eval'd: drake::cmq_buildtargetmetadepsspecht_is_subtargetconfig
2020-01-21 10:58:15.839746 | > DO_CALL (0.001s wait)
.2020-01-21 10:58:15.845501 | eval'd: drake::cmq_buildtargetmetadepsspecht_is_subtargetconfig
2020-01-21 10:58:19.556958 | > DO_CALL (0.000s wait)
.2020-01-21 10:58:19.561460 | eval'd: drake::cmq_buildtargetmetadepsspecht_is_subtargetconfig
2020-01-21 10:58:23.351833 | > DO_CALL (0.000s wait)
.2020-01-21 10:58:23.356152 | eval'd: drake::cmq_buildtargetmetadepsspecht_is_subtargetconfig
2020-01-21 10:58:27.523483 | > DO_CALL (0.001s wait)
.2020-01-21 10:58:27.529540 | eval'd: drake::cmq_buildtargetmetadepsspecht_is_subtargetconfig
2020-01-21 10:58:31.136629 | > DO_CALL (0.001s wait)
.2020-01-21 10:58:31.142276 | eval'd: drake::cmq_buildtargetmetadepsspecht_is_subtargetconfig
2020-01-21 10:58:35.026282 | > DO_CALL (0.000s wait)
.2020-01-21 10:58:35.031233 | eval'd: drake::cmq_buildtargetmetadepsspecht_is_subtargetconfig
2020-01-21 10:58:38.983933 | > DO_CALL (0.000s wait)
.2020-01-21 10:58:38.988419 | eval'd: drake::cmq_buildtargetmetadepsspecht_is_subtargetconfig
2020-01-21 10:58:45.030855 | > DO_CALL (0.000s wait)
.2020-01-21 10:58:45.035221 | eval'd: drake::cmq_buildtargetmetadepsspecht_is_subtargetconfig
2020-01-21 10:58:48.949037 | > DO_CALL (0.000s wait)
.2020-01-21 10:58:48.953645 | eval'd: drake::cmq_buildtargetmetadepsspecht_is_subtargetconfig
2020-01-21 10:58:52.950073 | > DO_CALL (0.000s wait)
.2020-01-21 10:58:52.954654 | eval'd: drake::cmq_buildtargetmetadepsspecht_is_subtargetconfig
2020-01-21 10:58:57.115880 | > DO_CALL (0.000s wait)
.2020-01-21 10:58:57.120693 | eval'd: drake::cmq_buildtargetmetadepsspecht_is_subtargetconfig
2020-01-21 10:59:01.971051 | > DO_CALL (0.000s wait)
.2020-01-21 10:59:01.975803 | eval'd: drake::cmq_buildtargetmetadepsspecht_is_subtargetconfig
2020-01-21 10:59:05.904856 | > DO_CALL (0.000s wait)
.2020-01-21 10:59:05.909466 | eval'd: drake::cmq_buildtargetmetadepsspecht_is_subtargetconfig
2020-01-21 10:59:09.705388 | > DO_CALL (0.000s wait)
.
2020-01-21 10:59:09.710631 | eval'd: drake::cmq_buildtargetmetadepsspecht_is_subtargetconfig
2020-01-21 10:59:13.605958 | > DO_CALL (0.000s wait)
.2020-01-21 10:59:13.610493 | eval'd: drake::cmq_buildtargetmetadepsspecht_is_subtargetconfig
2020-01-21 10:59:17.621732 | > DO_CALL (0.001s wait)
.2020-01-21 10:59:17.628004 | eval'd: drake::cmq_buildtargetmetadepsspecht_is_subtargetconfig
2020-01-21 10:59:21.586756 | > DO_CALL (0.001s wait)
.2020-01-21 10:59:21.592480 | eval'd: drake::cmq_buildtargetmetadepsspecht_is_subtargetconfig
2020-01-21 10:59:25.573219 | > DO_CALL (0.000s wait)
.2020-01-21 10:59:25.578120 | eval'd: drake::cmq_buildtargetmetadepsspecht_is_subtargetconfig
2020-01-21 10:59:30.131873 | > DO_CALL (0.000s wait)
.2020-01-21 10:59:30.136269 | eval'd: drake::cmq_buildtargetmetadepsspecht_is_subtargetconfig
2020-01-21 10:59:34.014720 | > DO_CALL (0.001s wait)
.2020-01-21 10:59:34.020363 | eval'd: drake::cmq_buildtargetmetadepsspecht_is_subtargetconfig
2020-01-21 10:59:37.850054 | > DO_CALL (0.000s wait)
.2020-01-21 10:59:37.855211 | eval'd: drake::cmq_buildtargetmetadepsspecht_is_subtargetconfig
2020-01-21 10:59:41.587337 | > DO_CALL (0.000s wait)
.2020-01-21 10:59:41.592371 | eval'd: drake::cmq_buildtargetmetadepsspecht_is_subtargetconfig
2020-01-21 10:59:47.871973 | > DO_CALL (0.001s wait)
.2020-01-21 10:59:47.878568 | eval'd: drake::cmq_buildtargetmetadepsspecht_is_subtargetconfig
2020-01-21 10:59:51.619918 | > DO_CALL (0.000s wait)
.2020-01-21 10:59:51.624240 | eval'd: drake::cmq_buildtargetmetadepsspecht_is_subtargetconfig
2020-01-21 10:59:55.528904 | > DO_CALL (0.001s wait)
.2020-01-21 10:59:55.534866 | eval'd: drake::cmq_buildtargetmetadepsspecht_is_subtargetconfig
2020-01-21 10:59:59.378011 | > DO_CALL (0.001s wait)
.2020-01-21 10:59:59.384146 | eval'd: drake::cmq_buildtargetmetadepsspecht_is_subtargetconfig
2020-01-21 11:00:03.198105 | > DO_CALL (0.000s wait)
.2020-01-21 11:00:03.202795 | eval'd: drake::cmq_buildtargetmetadepsspecht_is_subtargetconfig
2020-01-21 11:00:06.789341 | > DO_CALL (0.000s wait)
.2020-01-21 11:00:06.794849 | eval'd: drake::cmq_buildtargetmetadepsspecht_is_subtargetconfig
2020-01-21 11:00:10.376098 | > DO_CALL (0.000s wait)
.2020-01-21 11:00:10.380769 | eval'd: drake::cmq_buildtargetmetadepsspecht_is_subtargetconfig
2020-01-21 11:00:14.104192 | > DO_CALL (0.000s wait)
.2020-01-21 11:00:14.109059 | eval'd: drake::cmq_buildtargetmetadepsspecht_is_subtargetconfig
2020-01-21 11:00:17.836406 | > DO_CALL (0.000s wait)
.2020-01-21 11:00:17.854597 | eval'd: drake::cmq_buildtargetmetadepsspecht_is_subtargetconfig
2020-01-21 11:00:21.740761 | > DO_CALL (0.001s wait)
.2020-01-21 11:00:21.746396 | eval'd: drake::cmq_buildtargetmetadepsspecht_is_subtargetconfig
2020-01-21 11:00:25.685219 | > DO_CALL (0.000s wait)
.2020-01-21 11:00:25.689916 | eval'd: drake::cmq_buildtargetmetadepsspecht_is_subtargetconfig
2020-01-21 11:00:29.613337 | > DO_CALL (0.000s wait)
.2020-01-21 11:00:29.618272 | eval'd: drake::cmq_buildtargetmetadepsspecht_is_subtargetconfig
2020-01-21 11:00:34.116679 | > DO_CALL (0.001s wait)
.2020-01-21 11:00:34.122263 | eval'd: drake::cmq_buildtargetmetadepsspecht_is_subtargetconfig
2020-01-21 11:00:38.121628 | > DO_CALL (0.001s wait)
.2020-01-21 11:00:38.127622 | eval'd: drake::cmq_buildtargetmetadepsspecht_is_subtargetconfig
2020-01-21 11:00:41.947937 | > DO_CALL (0.000s wait)
.2020-01-21 11:00:41.952266 | eval'd: drake::cmq_buildtargetmetadepsspecht_is_subtargetconfig
2020-01-21 11:00:45.872909 | > DO_CALL (0.000s wait)
.2020-01-21 11:00:45.877209 | eval'd: drake::cmq_buildtargetmetadepsspecht_is_subtargetconfig
2020-01-21 11:00:51.525968 | > DO_CALL (0.000s wait)
.2020-01-21 11:00:51.530414 | eval'd: drake::cmq_buildtargetmetadepsspecht_is_subtargetconfig
2020-01-21 11:00:55.505354 | > DO_CALL (0.000s wait)
.2020-01-21 11:00:55.510349 | eval'd: drake::cmq_buildtargetmetadepsspecht_is_subtargetconfig
2020-01-21 11:00:59.490785 | > DO_CALL (0.001s wait)
.2020-01-21 11:00:59.496406 | eval'd: drake::cmq_buildtargetmetadepsspecht_is_subtargetconfig
2020-01-21 11:01:04.081390 | > DO_CALL (0.000s wait)
.2020-01-21 11:01:04.086442 | eval'd: drake::cmq_buildtargetmetadepsspecht_is_subtargetconfig
2020-01-21 11:01:08.086508 | > DO_CALL (0.001s wait)
.2020-01-21 11:01:08.092222 | eval'd: drake::cmq_buildtargetmetadepsspecht_is_subtargetconfig
2020-01-21 11:01:12.186923 | > DO_CALL (0.000s wait)
.2020-01-21 11:01:12.191278 | eval'd: drake::cmq_buildtargetmetadepsspecht_is_subtargetconfig
2020-01-21 11:01:16.021348 | > DO_CALL (0.000s wait)
.2020-01-21 11:01:16.026909 | eval'd: drake::cmq_buildtargetmetadepsspecht_is_subtargetconfig
2020-01-21 11:01:19.973614 | > DO_CALL (0.001s wait)
.2020-01-21 11:01:19.978982 | eval'd: drake::cmq_buildtargetmetadepsspecht_is_subtargetconfig
2020-01-21 11:01:23.562823 | > DO_CALL (0.001s wait)
.2020-01-21 11:01:23.568486 | eval'd: drake::cmq_buildtargetmetadepsspecht_is_subtargetconfig
2020-01-21 11:01:27.334847 | > DO_CALL (0.001s wait)
.2020-01-21 11:01:27.341252 | eval'd: drake::cmq_buildtargetmetadepsspecht_is_subtargetconfig
2020-01-21 11:01:31.181368 | > DO_CALL (0.000s wait)
.2020-01-21 11:01:31.186306 | eval'd: drake::cmq_buildtargetmetadepsspecht_is_subtargetconfig
2020-01-21 11:01:35.418717 | > DO_CALL (0.001s wait)
.2020-01-21 11:01:35.424325 | eval'd: drake::cmq_buildtargetmetadepsspecht_is_subtargetconfig
2020-01-21 11:01:39.108830 | > DO_CALL (0.001s wait)
.2020-01-21 11:01:39.114604 | eval'd: drake::cmq_buildtargetmetadepsspecht_is_subtargetconfig
2020-01-21 11:01:42.644030 | > DO_CALL (0.000s wait)
.2020-01-21 11:01:42.648633 | eval'd: drake::cmq_buildtargetmetadepsspecht_is_subtargetconfig
2020-01-21 11:01:46.336462 | > DO_CALL (0.001s wait)
.2020-01-21 11:01:46.342144 | eval'd: drake::cmq_buildtargetmetadepsspecht_is_subtargetconfig
2020-01-21 11:01:51.880064 | > DO_CALL (0.000s wait)
.2020-01-21 11:01:51.884584 | eval'd: drake::cmq_buildtargetmetadepsspecht_is_subtargetconfig
2020-01-21 11:01:55.867944 | > DO_CALL (0.000s wait)
.2020-01-21 11:01:55.872239 | eval'd: drake::cmq_buildtargetmetadepsspecht_is_subtargetconfig
2020-01-21 11:01:59.819534 | > DO_CALL (0.001s wait)
.2020-01-21 11:01:59.824792 | eval'd: drake::cmq_buildtargetmetadepsspecht_is_subtargetconfig
2020-01-21 11:02:03.434489 | > DO_CALL (0.001s wait)
.2020-01-21 11:02:03.439629 | eval'd: drake::cmq_buildtargetmetadepsspecht_is_subtargetconfig
2020-01-21 11:02:07.124673 | > DO_CALL (0.001s wait)
.2020-01-21 11:02:07.130787 | eval'd: drake::cmq_buildtargetmetadepsspecht_is_subtargetconfig
2020-01-21 11:02:10.817805 | > DO_CALL (0.001s wait)
.2020-01-21 11:02:10.823597 | eval'd: drake::cmq_buildtargetmetadepsspecht_is_subtargetconfig
2020-01-21 11:02:14.753209 | > DO_CALL (0.000s wait)
.2020-01-21 11:02:14.757960 | eval'd: drake::cmq_buildtargetmetadepsspecht_is_subtargetconfig
2020-01-21 11:02:18.538852 | > DO_CALL (0.001s wait)
.2020-01-21 11:02:18.545325 | eval'd: drake::cmq_buildtargetmetadepsspecht_is_subtargetconfig
2020-01-21 11:02:22.439997 | > DO_CALL (0.000s wait)
.2020-01-21 11:02:22.444441 | eval'd: drake::cmq_buildtargetmetadepsspecht_is_subtargetconfig
2020-01-21 11:02:26.135852 | > DO_CALL (0.001s wait)
.2020-01-21 11:02:26.142690 | eval'd: drake::cmq_buildtargetmetadepsspecht_is_subtargetconfig
2020-01-21 11:02:29.704870 | > DO_CALL (0.000s wait)
.2020-01-21 11:02:29.709130 | eval'd: drake::cmq_buildtargetmetadepsspecht_is_subtargetconfig
2020-01-21 11:02:34.271894 | > DO_CALL (0.000s wait)
.2020-01-21 11:02:34.276266 | eval'd: drake::cmq_buildtargetmetadepsspecht_is_subtargetconfig
2020-01-21 11:02:38.570427 | > DO_CALL (0.000s wait)
.2020-01-21 11:02:38.576004 | eval'd: drake::cmq_buildtargetmetadepsspecht_is_subtargetconfig
2020-01-21 11:02:42.342089 | > DO_CALL (0.000s wait)
.2020-01-21 11:02:42.346628 | eval'd: drake::cmq_buildtargetmetadepsspecht_is_subtargetconfig
2020-01-21 11:02:46.159919 | > DO_CALL (0.000s wait)
.2020-01-21 11:02:46.164768 | eval'd: drake::cmq_buildtargetmetadepsspecht_is_subtargetconfig
2020-01-21 11:02:50.036793 | > DO_CALL (0.001s wait)
.2020-01-21 11:02:50.042501 | eval'd: drake::cmq_buildtargetmetadepsspecht_is_subtargetconfig
2020-01-21 11:02:55.361101 | > DO_CALL (0.000s wait)
.2020-01-21 11:02:55.365716 | eval'd: drake::cmq_buildtargetmetadepsspecht_is_subtargetconfig
2020-01-21 11:02:58.926102 | > DO_CALL (0.000s wait)
.2020-01-21 11:02:58.930718 | eval'd: drake::cmq_buildtargetmetadepsspecht_is_subtargetconfig
2020-01-21 11:03:02.465109 | > DO_CALL (0.000s wait)
.2020-01-21 11:03:02.469693 | eval'd: drake::cmq_buildtargetmetadepsspecht_is_subtargetconfig
2020-01-21 11:03:06.225302 | > DO_CALL (0.000s wait)
.2020-01-21 11:03:06.230760 | eval'd: drake::cmq_buildtargetmetadepsspecht_is_subtargetconfig
2020-01-21 11:03:09.834948 | > DO_CALL (0.000s wait)
.2020-01-21 11:03:09.839336 | eval'd: drake::cmq_buildtargetmetadepsspecht_is_subtargetconfig
2020-01-21 11:03:13.607037 | > DO_CALL (0.000s wait)
.2020-01-21 11:03:13.611604 | eval'd: drake::cmq_buildtargetmetadepsspecht_is_subtargetconfig
2020-01-21 11:03:18.000762 | > DO_CALL (0.001s wait)
.2020-01-21 11:03:18.006999 | eval'd: drake::cmq_buildtargetmetadepsspecht_is_subtargetconfig
2020-01-21 11:03:21.574130 | > DO_CALL (0.000s wait)
.2020-01-21 11:03:21.578683 | eval'd: drake::cmq_buildtargetmetadepsspecht_is_subtargetconfig
2020-01-21 11:03:25.039253 | > DO_CALL (0.000s wait)
.2020-01-21 11:03:25.044010 | eval'd: drake::cmq_buildtargetmetadepsspecht_is_subtargetconfig
2020-01-21 11:03:29.091507 | > DO_CALL (0.001s wait)
.2020-01-21 11:03:29.096700 | eval'd: drake::cmq_buildtargetmetadepsspecht_is_subtargetconfig
2020-01-21 11:03:33.436595 | > DO_CALL (0.001s wait)
.2020-01-21 11:03:33.442020 | eval'd: drake::cmq_buildtargetmetadepsspecht_is_subtargetconfig
2020-01-21 11:03:37.826769 | > DO_CALL (0.001s wait)
.2020-01-21 11:03:37.833024 | eval'd: drake::cmq_buildtargetmetadepsspecht_is_subtargetconfig
2020-01-21 11:03:42.169670 | > DO_CALL (0.001s wait)
.2020-01-21 11:03:42.175272 | eval'd: drake::cmq_buildtargetmetadepsspecht_is_subtargetconfig
2020-01-21 11:03:46.067645 | > DO_CALL (0.001s wait)
.2020-01-21 11:03:46.073546 | eval'd: drake::cmq_buildtargetmetadepsspecht_is_subtargetconfig
2020-01-21 11:03:49.567789 | > DO_CALL (0.001s wait)
.2020-01-21 11:03:49.573566 | eval'd: drake::cmq_buildtargetmetadepsspecht_is_subtargetconfig
2020-01-21 11:03:53.456837 | > DO_CALL (0.001s wait)
.2020-01-21 11:03:53.462835 | eval'd: drake::cmq_buildtargetmetadepsspecht_is_subtargetconfig
2020-01-21 11:03:59.217848 | > DO_CALL (0.001s wait)
.2020-01-21 11:03:59.224105 | eval'd: drake::cmq_buildtargetmetadepsspecht_is_subtargetconfig
2020-01-21 11:04:03.988049 | > DO_CALL (0.001s wait)
.2020-01-21 11:04:03.994210 | eval'd: drake::cmq_buildtargetmetadepsspecht_is_subtargetconfig
2020-01-21 11:04:07.678744 | > DO_CALL (0.001s wait)
.2020-01-21 11:04:07.684857 | eval'd: drake::cmq_buildtargetmetadepsspecht_is_subtargetconfig
2020-01-21 11:04:11.362041 | > DO_CALL (0.000s wait)
.2020-01-21 11:04:11.366504 | eval'd: drake::cmq_buildtargetmetadepsspecht_is_subtargetconfig
2020-01-21 11:04:15.135357 | > DO_CALL (0.000s wait)
.2020-01-21 11:04:15.140342 | eval'd: drake::cmq_buildtargetmetadepsspecht_is_subtargetconfig
2020-01-21 11:04:18.860495 | > DO_CALL (0.001s wait)
.2020-01-21 11:04:18.865631 | eval'd: drake::cmq_buildtargetmetadepsspecht_is_subtargetconfig
2020-01-21 11:04:22.757998 | > DO_CALL (0.000s wait)
.2020-01-21 11:04:22.762453 | eval'd: drake::cmq_buildtargetmetadepsspecht_is_subtargetconfig
2020-01-21 11:04:26.495008 | > DO_CALL (0.001s wait)
.
2020-01-21 11:04:26.501665 | eval'd: drake::cmq_buildtargetmetadepsspecht_is_subtargetconfig
2020-01-21 11:04:30.080091 | > DO_CALL (0.001s wait)
.2020-01-21 11:04:30.086434 | eval'd: drake::cmq_buildtargetmetadepsspecht_is_subtargetconfig
2020-01-21 11:04:33.689258 | > DO_CALL (0.000s wait)
.2020-01-21 11:04:33.694133 | eval'd: drake::cmq_buildtargetmetadepsspecht_is_subtargetconfig
2020-01-21 11:04:37.498042 | > DO_CALL (0.001s wait)
.2020-01-21 11:04:37.504737 | eval'd: drake::cmq_buildtargetmetadepsspecht_is_subtargetconfig
2020-01-21 11:04:41.377595 | > DO_CALL (0.001s wait)
.2020-01-21 11:04:41.382896 | eval'd: drake::cmq_buildtargetmetadepsspecht_is_subtargetconfig
2020-01-21 11:04:45.670298 | > DO_CALL (0.000s wait)
.2020-01-21 11:04:45.675166 | eval'd: drake::cmq_buildtargetmetadepsspecht_is_subtargetconfig
2020-01-21 11:04:49.421680 | > DO_CALL (0.001s wait)
.2020-01-21 11:04:49.427121 | eval'd: drake::cmq_buildtargetmetadepsspecht_is_subtargetconfig
2020-01-21 11:04:53.273969 | > DO_CALL (0.001s wait)
.2020-01-21 11:04:53.279909 | eval'd: drake::cmq_buildtargetmetadepsspecht_is_subtargetconfig
2020-01-21 11:04:56.853864 | > DO_CALL (0.001s wait)
.2020-01-21 11:04:56.860146 | eval'd: drake::cmq_buildtargetmetadepsspecht_is_subtargetconfig
2020-01-21 11:05:02.557938 | > DO_CALL (0.000s wait)
.2020-01-21 11:05:02.562317 | eval'd: drake::cmq_buildtargetmetadepsspecht_is_subtargetconfig
2020-01-21 11:05:06.127357 | > DO_CALL (0.000s wait)
.2020-01-21 11:05:06.145826 | eval'd: drake::cmq_buildtargetmetadepsspecht_is_subtargetconfig
2020-01-21 11:05:09.735196 | > DO_CALL (0.000s wait)
.2020-01-21 11:05:09.739825 | eval'd: drake::cmq_buildtargetmetadepsspecht_is_subtargetconfig
2020-01-21 11:05:13.503375 | > DO_CALL (0.000s wait)
.2020-01-21 11:05:13.508296 | eval'd: drake::cmq_buildtargetmetadepsspecht_is_subtargetconfig
2020-01-21 11:05:17.207830 | > DO_CALL (0.001s wait)
.2020-01-21 11:05:17.213927 | eval'd: drake::cmq_buildtargetmetadepsspecht_is_subtargetconfig
2020-01-21 11:05:21.563809 | > DO_CALL (0.001s wait)
.2020-01-21 11:05:21.569427 | eval'd: drake::cmq_buildtargetmetadepsspecht_is_subtargetconfig
2020-01-21 11:05:25.193902 | > DO_CALL (0.001s wait)
.2020-01-21 11:05:25.199696 | eval'd: drake::cmq_buildtargetmetadepsspecht_is_subtargetconfig
2020-01-21 11:05:28.938376 | > DO_CALL (0.000s wait)
.2020-01-21 11:05:28.943268 | eval'd: drake::cmq_buildtargetmetadepsspecht_is_subtargetconfig
2020-01-21 11:05:32.632612 | > DO_CALL (0.001s wait)
.2020-01-21 11:05:32.637872 | eval'd: drake::cmq_buildtargetmetadepsspecht_is_subtargetconfig
2020-01-21 11:05:36.310808 | > DO_CALL (0.001s wait)
.2020-01-21 11:05:36.316828 | eval'd: drake::cmq_buildtargetmetadepsspecht_is_subtargetconfig
2020-01-21 11:05:40.028456 | > DO_CALL (0.001s wait)
.2020-01-21 11:05:40.033471 | eval'd: drake::cmq_buildtargetmetadepsspecht_is_subtargetconfig
2020-01-21 11:05:43.831055 | > DO_CALL (0.000s wait)
.2020-01-21 11:05:43.835478 | eval'd: drake::cmq_buildtargetmetadepsspecht_is_subtargetconfig
2020-01-21 11:05:48.251600 | > DO_CALL (0.001s wait)
.2020-01-21 11:05:48.257454 | eval'd: drake::cmq_buildtargetmetadepsspecht_is_subtargetconfig
2020-01-21 11:05:51.928590 | > DO_CALL (0.001s wait)
.2020-01-21 11:05:51.933736 | eval'd: drake::cmq_buildtargetmetadepsspecht_is_subtargetconfig
2020-01-21 11:05:55.444484 | > DO_CALL (0.001s wait)
.2020-01-21 11:05:55.449581 | eval'd: drake::cmq_buildtargetmetadepsspecht_is_subtargetconfig
2020-01-21 11:05:58.988758 | > DO_CALL (0.001s wait)
.2020-01-21 11:05:58.994304 | eval'd: drake::cmq_buildtargetmetadepsspecht_is_subtargetconfig
2020-01-21 11:06:03.826051 | > DO_CALL (0.000s wait)
.2020-01-21 11:06:03.830583 | eval'd: drake::cmq_buildtargetmetadepsspecht_is_subtargetconfig
2020-01-21 11:06:07.353164 | > DO_CALL (0.000s wait)
.2020-01-21 11:06:07.358432 | eval'd: drake::cmq_buildtargetmetadepsspecht_is_subtargetconfig
2020-01-21 11:06:10.908054 | > DO_CALL (0.000s wait)
.2020-01-21 11:06:10.912559 | eval'd: drake::cmq_buildtargetmetadepsspecht_is_subtargetconfig
2020-01-21 11:06:14.650961 | > DO_CALL (0.000s wait)
.2020-01-21 11:06:14.655203 | eval'd: drake::cmq_buildtargetmetadepsspecht_is_subtargetconfig
2020-01-21 11:06:18.464116 | > DO_CALL (0.000s wait)
.2020-01-21 11:06:18.468628 | eval'd: drake::cmq_buildtargetmetadepsspecht_is_subtargetconfig
2020-01-21 11:06:22.640019 | > DO_CALL (0.000s wait)
.2020-01-21 11:06:22.644348 | eval'd: drake::cmq_buildtargetmetadepsspecht_is_subtargetconfig
2020-01-21 11:06:26.250106 | > DO_CALL (0.000s wait)
.2020-01-21 11:06:26.254986 | eval'd: drake::cmq_buildtargetmetadepsspecht_is_subtargetconfig
2020-01-21 11:06:29.681827 | > DO_CALL (0.001s wait)
.2020-01-21 11:06:29.687459 | eval'd: drake::cmq_buildtargetmetadepsspecht_is_subtargetconfig
2020-01-21 11:06:33.513722 | > DO_CALL (0.001s wait)
.2020-01-21 11:06:33.519183 | eval'd: drake::cmq_buildtargetmetadepsspecht_is_subtargetconfig
2020-01-21 11:06:37.132916 | > DO_CALL (0.001s wait)
.2020-01-21 11:06:37.139129 | eval'd: drake::cmq_buildtargetmetadepsspecht_is_subtargetconfig
2020-01-21 11:06:40.687903 | > DO_CALL (0.001s wait)
.2020-01-21 11:06:40.693605 | eval'd: drake::cmq_buildtargetmetadepsspecht_is_subtargetconfig
2020-01-21 11:06:44.366496 | > DO_CALL (0.001s wait)
.2020-01-21 11:06:44.371581 | eval'd: drake::cmq_buildtargetmetadepsspecht_is_subtargetconfig
2020-01-21 11:06:47.959250 | > DO_CALL (0.000s wait)
.2020-01-21 11:06:47.963911 | eval'd: drake::cmq_buildtargetmetadepsspecht_is_subtargetconfig
2020-01-21 11:06:52.204377 | > DO_CALL (0.000s wait)
.2020-01-21 11:06:52.209285 | eval'd: drake::cmq_buildtargetmetadepsspecht_is_subtargetconfig
2020-01-21 11:06:55.864677 | > DO_CALL (0.001s wait)
.2020-01-21 11:06:55.870165 | eval'd: drake::cmq_buildtargetmetadepsspecht_is_subtargetconfig
2020-01-21 11:06:59.653844 | > DO_CALL (0.001s wait)
.2020-01-21 11:06:59.659467 | eval'd: drake::cmq_buildtargetmetadepsspecht_is_subtargetconfig
2020-01-21 11:07:03.365400 | > DO_CALL (0.000s wait)
.2020-01-21 11:07:03.370287 | eval'd: drake::cmq_buildtargetmetadepsspecht_is_subtargetconfig
2020-01-21 11:07:09.086981 | > DO_CALL (0.000s wait)
.2020-01-21 11:07:09.091732 | eval'd: drake::cmq_buildtargetmetadepsspecht_is_subtargetconfig
2020-01-21 11:07:12.432066 | > DO_CALL (0.000s wait)
.2020-01-21 11:07:12.436533 | eval'd: drake::cmq_buildtargetmetadepsspecht_is_subtargetconfig
2020-01-21 11:07:15.879768 | > DO_CALL (0.001s wait)
.2020-01-21 11:07:15.885342 | eval'd: drake::cmq_buildtargetmetadepsspecht_is_subtargetconfig
2020-01-21 11:07:19.406794 | > DO_CALL (0.001s wait)
.2020-01-21 11:07:19.412401 | eval'd: drake::cmq_buildtargetmetadepsspecht_is_subtargetconfig
2020-01-21 11:07:22.869020 | > DO_CALL (0.000s wait)
.2020-01-21 11:07:22.873487 | eval'd: drake::cmq_buildtargetmetadepsspecht_is_subtargetconfig
2020-01-21 11:07:27.149633 | > DO_CALL (0.001s wait)
.2020-01-21 11:07:27.155507 | eval'd: drake::cmq_buildtargetmetadepsspecht_is_subtargetconfig
2020-01-21 11:07:30.740023 | > DO_CALL (0.000s wait)
.2020-01-21 11:07:30.744495 | eval'd: drake::cmq_buildtargetmetadepsspecht_is_subtargetconfig
2020-01-21 11:07:34.250029 | > DO_CALL (0.000s wait)
.2020-01-21 11:07:34.254461 | eval'd: drake::cmq_buildtargetmetadepsspecht_is_subtargetconfig
2020-01-21 11:07:37.768958 | > DO_CALL (0.001s wait)
.2020-01-21 11:07:37.774837 | eval'd: drake::cmq_buildtargetmetadepsspecht_is_subtargetconfig
2020-01-21 11:07:41.344962 | > DO_CALL (0.000s wait)
.2020-01-21 11:07:41.349268 | eval'd: drake::cmq_buildtargetmetadepsspecht_is_subtargetconfig
2020-01-21 11:07:45.074543 | > DO_CALL (0.001s wait)
.2020-01-21 11:07:45.079897 | eval'd: drake::cmq_buildtargetmetadepsspecht_is_subtargetconfig
2020-01-21 11:07:48.726797 | > DO_CALL (0.001s wait)
.2020-01-21 11:07:48.732354 | eval'd: drake::cmq_buildtargetmetadepsspecht_is_subtargetconfig
2020-01-21 11:07:52.805993 | > DO_CALL (0.000s wait)
.2020-01-21 11:07:52.813943 | eval'd: drake::cmq_buildtargetmetadepsspecht_is_subtargetconfig
2020-01-21 11:07:57.197022 | > DO_CALL (0.001s wait)
.2020-01-21 11:07:57.204137 | eval'd: drake::cmq_buildtargetmetadepsspecht_is_subtargetconfig
2020-01-21 11:08:00.741796 | > DO_CALL (0.001s wait)
.2020-01-21 11:08:00.747942 | eval'd: drake::cmq_buildtargetmetadepsspecht_is_subtargetconfig
2020-01-21 11:08:04.342852 | > DO_CALL (0.001s wait)
.2020-01-21 11:08:04.349203 | eval'd: drake::cmq_buildtargetmetadepsspecht_is_subtargetconfig
2020-01-21 11:08:09.868668 | > DO_CALL (0.001s wait)
.2020-01-21 11:08:09.874575 | eval'd: drake::cmq_buildtargetmetadepsspecht_is_subtargetconfig
2020-01-21 11:08:13.424399 | > DO_CALL (0.000s wait)
.2020-01-21 11:08:13.429935 | eval'd: drake::cmq_buildtargetmetadepsspecht_is_subtargetconfig
2020-01-21 11:08:16.899418 | > DO_CALL (0.000s wait)
.2020-01-21 11:08:16.905443 | eval'd: drake::cmq_buildtargetmetadepsspecht_is_subtargetconfig
2020-01-21 11:08:20.495376 | > DO_CALL (0.000s wait)
.2020-01-21 11:08:20.500761 | eval'd: drake::cmq_buildtargetmetadepsspecht_is_subtargetconfig
2020-01-21 11:08:23.969887 | > DO_CALL (0.001s wait)
.2020-01-21 11:08:23.976428 | eval'd: drake::cmq_buildtargetmetadepsspecht_is_subtargetconfig
2020-01-21 11:08:27.499621 | > DO_CALL (0.001s wait)
.2020-01-21 11:08:27.505950 | eval'd: drake::cmq_buildtargetmetadepsspecht_is_subtargetconfig
2020-01-21 11:08:30.993038 | > DO_CALL (0.001s wait)
.2020-01-21 11:08:30.999459 | eval'd: drake::cmq_buildtargetmetadepsspecht_is_subtargetconfig
2020-01-21 11:08:35.594267 | > DO_CALL (0.000s wait)
.2020-01-21 11:08:35.599598 | eval'd: drake::cmq_buildtargetmetadepsspecht_is_subtargetconfig
2020-01-21 11:08:39.130867 | > DO_CALL (0.001s wait)
.2020-01-21 11:08:39.137356 | eval'd: drake::cmq_buildtargetmetadepsspecht_is_subtargetconfig
2020-01-21 11:08:42.906323 | > DO_CALL (0.000s wait)
.2020-01-21 11:08:42.911437 | eval'd: drake::cmq_buildtargetmetadepsspecht_is_subtargetconfig
2020-01-21 11:08:46.462005 | > DO_CALL (0.000s wait)
.2020-01-21 11:08:46.467259 | eval'd: drake::cmq_buildtargetmetadepsspecht_is_subtargetconfig
2020-01-21 11:08:50.047827 | > DO_CALL (0.001s wait)
.2020-01-21 11:08:50.054128 | eval'd: drake::cmq_buildtargetmetadepsspecht_is_subtargetconfig
2020-01-21 11:08:53.571593 | > DO_CALL (0.001s wait)
.2020-01-21 11:08:53.577418 | eval'd: drake::cmq_buildtargetmetadepsspecht_is_subtargetconfig
2020-01-21 11:08:57.669105 | > DO_CALL (0.001s wait)
.2020-01-21 11:08:57.676310 | eval'd: drake::cmq_buildtargetmetadepsspecht_is_subtargetconfig
2020-01-21 11:09:01.328865 | > DO_CALL (0.001s wait)
.2020-01-21 11:09:01.335143 | eval'd: drake::cmq_buildtargetmetadepsspecht_is_subtargetconfig
2020-01-21 11:09:05.167517 | > DO_CALL (0.001s wait)
.2020-01-21 11:09:05.173161 | eval'd: drake::cmq_buildtargetmetadepsspecht_is_subtargetconfig
2020-01-21 11:09:08.882431 | > DO_CALL (0.000s wait)
.2020-01-21 11:09:08.887921 | eval'd: drake::cmq_buildtargetmetadepsspecht_is_subtargetconfig
2020-01-21 11:09:14.421133 | > DO_CALL (0.000s wait)
.2020-01-21 11:09:14.426009 | eval'd: drake::cmq_buildtargetmetadepsspecht_is_subtargetconfig
2020-01-21 11:09:17.816104 | > DO_CALL (0.000s wait)
.2020-01-21 11:09:17.821483 | eval'd: drake::cmq_buildtargetmetadepsspecht_is_subtargetconfig
2020-01-21 11:09:21.203045 | > DO_CALL (0.000s wait)
.2020-01-21 11:09:21.207899 | eval'd: drake::cmq_buildtargetmetadepsspecht_is_subtargetconfig
2020-01-21 11:09:24.749248 | > DO_CALL (0.000s wait)
.2020-01-21 11:09:24.754321 | eval'd: drake::cmq_buildtargetmetadepsspecht_is_subtargetconfig
2020-01-21 11:09:28.401055 | > DO_CALL (0.001s wait)
.
2020-01-21 11:09:28.408148 | eval'd: drake::cmq_buildtargetmetadepsspecht_is_subtargetconfig
2020-01-21 11:09:32.174053 | > DO_CALL (0.001s wait)
.2020-01-21 11:09:32.180762 | eval'd: drake::cmq_buildtargetmetadepsspecht_is_subtargetconfig
2020-01-21 11:09:35.923166 | > DO_CALL (0.001s wait)
.2020-01-21 11:09:35.930488 | eval'd: drake::cmq_buildtargetmetadepsspecht_is_subtargetconfig
2020-01-21 11:09:40.365220 | > DO_CALL (0.000s wait)
.2020-01-21 11:09:40.392744 | eval'd: drake::cmq_buildtargetmetadepsspecht_is_subtargetconfig
2020-01-21 11:09:44.101106 | > DO_CALL (0.000s wait)
.2020-01-21 11:09:44.105729 | eval'd: drake::cmq_buildtargetmetadepsspecht_is_subtargetconfig
2020-01-21 11:09:47.732130 | > DO_CALL (0.000s wait)
.2020-01-21 11:09:47.737271 | eval'd: drake::cmq_buildtargetmetadepsspecht_is_subtargetconfig
2020-01-21 11:09:51.085448 | > DO_CALL (0.001s wait)
.2020-01-21 11:09:51.090646 | eval'd: drake::cmq_buildtargetmetadepsspecht_is_subtargetconfig
2020-01-21 11:09:54.710065 | > DO_CALL (0.000s wait)
.2020-01-21 11:09:54.714925 | eval'd: drake::cmq_buildtargetmetadepsspecht_is_subtargetconfig
2020-01-21 11:09:58.751094 | > DO_CALL (0.000s wait)
.2020-01-21 11:09:58.756255 | eval'd: drake::cmq_buildtargetmetadepsspecht_is_subtargetconfig
2020-01-21 11:10:02.149034 | > DO_CALL (0.000s wait)
.2020-01-21 11:10:02.153687 | eval'd: drake::cmq_buildtargetmetadepsspecht_is_subtargetconfig
2020-01-21 11:10:05.621116 | > DO_CALL (0.000s wait)
.2020-01-21 11:10:05.625766 | eval'd: drake::cmq_buildtargetmetadepsspecht_is_subtargetconfig
2020-01-21 11:10:09.208976 | > DO_CALL (0.001s wait)
.2020-01-21 11:10:09.215234 | eval'd: drake::cmq_buildtargetmetadepsspecht_is_subtargetconfig
2020-01-21 11:10:12.938670 | > DO_CALL (0.001s wait)
.2020-01-21 11:10:12.944398 | eval'd: drake::cmq_buildtargetmetadepsspecht_is_subtargetconfig
2020-01-21 11:10:18.022715 | > DO_CALL (0.001s wait)
.2020-01-21 11:10:18.029186 | eval'd: drake::cmq_buildtargetmetadepsspecht_is_subtargetconfig
2020-01-21 11:10:21.541353 | > DO_CALL (0.000s wait)
.2020-01-21 11:10:21.546488 | eval'd: drake::cmq_buildtargetmetadepsspecht_is_subtargetconfig
2020-01-21 11:10:25.074018 | > DO_CALL (0.001s wait)
.2020-01-21 11:10:25.080373 | eval'd: drake::cmq_buildtargetmetadepsspecht_is_subtargetconfig
2020-01-21 11:10:28.573688 | > DO_CALL (0.001s wait)
.2020-01-21 11:10:28.579406 | eval'd: drake::cmq_buildtargetmetadepsspecht_is_subtargetconfig
2020-01-21 11:10:32.113074 | > DO_CALL (0.000s wait)
.2020-01-21 11:10:32.117702 | eval'd: drake::cmq_buildtargetmetadepsspecht_is_subtargetconfig
2020-01-21 11:10:35.722818 | > DO_CALL (0.001s wait)
.2020-01-21 11:10:35.728738 | eval'd: drake::cmq_buildtargetmetadepsspecht_is_subtargetconfig
2020-01-21 11:10:39.451372 | > DO_CALL (0.000s wait)
.2020-01-21 11:10:39.456446 | eval'd: drake::cmq_buildtargetmetadepsspecht_is_subtargetconfig
2020-01-21 11:10:42.958276 | > DO_CALL (0.000s wait)
.2020-01-21 11:10:42.963141 | eval'd: drake::cmq_buildtargetmetadepsspecht_is_subtargetconfig
2020-01-21 11:10:46.584851 | > DO_CALL (0.001s wait)
.2020-01-21 11:10:46.591484 | eval'd: drake::cmq_buildtargetmetadepsspecht_is_subtargetconfig
2020-01-21 11:10:49.997775 | > DO_CALL (0.001s wait)
.2020-01-21 11:10:50.003625 | eval'd: drake::cmq_buildtargetmetadepsspecht_is_subtargetconfig
2020-01-21 11:10:53.554532 | > DO_CALL (0.001s wait)
.2020-01-21 11:10:53.559970 | eval'd: drake::cmq_buildtargetmetadepsspecht_is_subtargetconfig
2020-01-21 11:10:58.117089 | > DO_CALL (0.000s wait)
.2020-01-21 11:10:58.122208 | eval'd: drake::cmq_buildtargetmetadepsspecht_is_subtargetconfig
2020-01-21 11:11:02.231061 | > DO_CALL (0.000s wait)
.2020-01-21 11:11:02.235645 | eval'd: drake::cmq_buildtargetmetadepsspecht_is_subtargetconfig
2020-01-21 11:11:06.014151 | > DO_CALL (0.000s wait)
.2020-01-21 11:11:06.019321 | eval'd: drake::cmq_buildtargetmetadepsspecht_is_subtargetconfig
2020-01-21 11:11:09.456408 | > DO_CALL (0.000s wait)
.2020-01-21 11:11:09.461513 | eval'd: drake::cmq_buildtargetmetadepsspecht_is_subtargetconfig
2020-01-21 11:11:13.090515 | > DO_CALL (0.001s wait)
.2020-01-21 11:11:13.095880 | eval'd: drake::cmq_buildtargetmetadepsspecht_is_subtargetconfig
2020-01-21 11:11:18.667979 | > DO_CALL (0.001s wait)
.2020-01-21 11:11:18.674705 | eval'd: drake::cmq_buildtargetmetadepsspecht_is_subtargetconfig
2020-01-21 11:11:22.277113 | > DO_CALL (0.000s wait)
.2020-01-21 11:11:22.281672 | eval'd: drake::cmq_buildtargetmetadepsspecht_is_subtargetconfig
2020-01-21 11:11:25.803982 | > DO_CALL (0.001s wait)
.2020-01-21 11:11:25.810132 | eval'd: drake::cmq_buildtargetmetadepsspecht_is_subtargetconfig
2020-01-21 11:11:29.211735 | > DO_CALL (0.001s wait)
.2020-01-21 11:11:29.217581 | eval'd: drake::cmq_buildtargetmetadepsspecht_is_subtargetconfig
2020-01-21 11:11:32.933156 | > DO_CALL (0.001s wait)
.2020-01-21 11:11:32.939437 | eval'd: drake::cmq_buildtargetmetadepsspecht_is_subtargetconfig
2020-01-21 11:11:36.610733 | > DO_CALL (0.001s wait)
.2020-01-21 11:11:36.616816 | eval'd: drake::cmq_buildtargetmetadepsspecht_is_subtargetconfig
2020-01-21 11:11:40.358016 | > DO_CALL (0.001s wait)
.2020-01-21 11:11:40.364627 | eval'd: drake::cmq_buildtargetmetadepsspecht_is_subtargetconfig
2020-01-21 11:11:44.130073 | > DO_CALL (0.001s wait)
.2020-01-21 11:11:44.136485 | eval'd: drake::cmq_buildtargetmetadepsspecht_is_subtargetconfig
2020-01-21 11:11:47.604641 | > DO_CALL (0.001s wait)
.2020-01-21 11:11:47.610283 | eval'd: drake::cmq_buildtargetmetadepsspecht_is_subtargetconfig
2020-01-21 11:11:51.131233 | > DO_CALL (0.000s wait)
.2020-01-21 11:11:51.136017 | eval'd: drake::cmq_buildtargetmetadepsspecht_is_subtargetconfig
2020-01-21 11:11:54.697741 | > DO_CALL (0.001s wait)
.2020-01-21 11:11:54.703410 | eval'd: drake::cmq_buildtargetmetadepsspecht_is_subtargetconfig
2020-01-21 11:11:59.034706 | > DO_CALL (0.001s wait)
.2020-01-21 11:11:59.040758 | eval'd: drake::cmq_buildtargetmetadepsspecht_is_subtargetconfig
2020-01-21 11:12:02.522590 | > DO_CALL (0.001s wait)
.2020-01-21 11:12:02.527959 | eval'd: drake::cmq_buildtargetmetadepsspecht_is_subtargetconfig
2020-01-21 11:12:06.669220 | > DO_CALL (0.000s wait)
.2020-01-21 11:12:06.674561 | eval'd: drake::cmq_buildtargetmetadepsspecht_is_subtargetconfig
2020-01-21 11:12:10.144183 | > DO_CALL (0.000s wait)
.2020-01-21 11:12:10.148867 | eval'd: drake::cmq_buildtargetmetadepsspecht_is_subtargetconfig
2020-01-21 11:12:13.499824 | > DO_CALL (0.001s wait)
.2020-01-21 11:12:13.505843 | eval'd: drake::cmq_buildtargetmetadepsspecht_is_subtargetconfig
2020-01-21 11:12:17.104159 | > DO_CALL (0.001s wait)
.2020-01-21 11:12:17.110612 | eval'd: drake::cmq_buildtargetmetadepsspecht_is_subtargetconfig
2020-01-21 11:12:22.363256 | > DO_CALL (0.000s wait)
.2020-01-21 11:12:22.368132 | eval'd: drake::cmq_buildtargetmetadepsspecht_is_subtargetconfig
2020-01-21 11:12:25.828470 | > DO_CALL (0.001s wait)
.2020-01-21 11:12:25.833624 | eval'd: drake::cmq_buildtargetmetadepsspecht_is_subtargetconfig
2020-01-21 11:12:29.287548 | > DO_CALL (0.001s wait)
.2020-01-21 11:12:29.292970 | eval'd: drake::cmq_buildtargetmetadepsspecht_is_subtargetconfig
2020-01-21 11:12:33.720946 | > DO_CALL (0.001s wait)
.2020-01-21 11:12:33.726725 | eval'd: drake::cmq_buildtargetmetadepsspecht_is_subtargetconfig
2020-01-21 11:12:37.237010 | > DO_CALL (0.001s wait)
.2020-01-21 11:12:37.243305 | eval'd: drake::cmq_buildtargetmetadepsspecht_is_subtargetconfig
2020-01-21 11:12:40.696175 | > DO_CALL (0.000s wait)
.2020-01-21 11:12:40.700475 | eval'd: drake::cmq_buildtargetmetadepsspecht_is_subtargetconfig
2020-01-21 11:12:44.229444 | > DO_CALL (0.001s wait)
.2020-01-21 11:12:44.234177 | eval'd: drake::cmq_buildtargetmetadepsspecht_is_subtargetconfig
2020-01-21 11:12:47.854176 | > DO_CALL (0.000s wait)
.2020-01-21 11:12:47.858957 | eval'd: drake::cmq_buildtargetmetadepsspecht_is_subtargetconfig
2020-01-21 11:12:51.345008 | > DO_CALL (0.001s wait)
.2020-01-21 11:12:51.350797 | eval'd: drake::cmq_buildtargetmetadepsspecht_is_subtargetconfig
2020-01-21 11:12:54.855698 | > DO_CALL (0.001s wait)
.2020-01-21 11:12:54.861120 | eval'd: drake::cmq_buildtargetmetadepsspecht_is_subtargetconfig
2020-01-21 11:12:58.397156 | > DO_CALL (0.000s wait)
.2020-01-21 11:12:58.401889 | eval'd: drake::cmq_buildtargetmetadepsspecht_is_subtargetconfig
2020-01-21 11:13:01.769067 | > DO_CALL (0.001s wait)
.2020-01-21 11:13:01.774789 | eval'd: drake::cmq_buildtargetmetadepsspecht_is_subtargetconfig
2020-01-21 11:13:05.131337 | > DO_CALL (0.000s wait)
.2020-01-21 11:13:05.135937 | eval'd: drake::cmq_buildtargetmetadepsspecht_is_subtargetconfig
2020-01-21 11:13:09.123158 | > DO_CALL (0.000s wait)
.2020-01-21 11:13:09.127452 | eval'd: drake::cmq_buildtargetmetadepsspecht_is_subtargetconfig
2020-01-21 11:13:12.663263 | > DO_CALL (0.000s wait)
.2020-01-21 11:13:12.667690 | eval'd: drake::cmq_buildtargetmetadepsspecht_is_subtargetconfig
2020-01-21 11:13:16.346261 | > DO_CALL (0.000s wait)
.2020-01-21 11:13:16.351229 | eval'd: drake::cmq_buildtargetmetadepsspecht_is_subtargetconfig
2020-01-21 11:13:19.957302 | > DO_CALL (0.000s wait)
.2020-01-21 11:13:19.961762 | eval'd: drake::cmq_buildtargetmetadepsspecht_is_subtargetconfig
2020-01-21 11:13:25.040754 | > DO_CALL (0.001s wait)
.2020-01-21 11:13:25.045967 | eval'd: drake::cmq_buildtargetmetadepsspecht_is_subtargetconfig
2020-01-21 11:13:28.462014 | > DO_CALL (0.001s wait)
.2020-01-21 11:13:28.467695 | eval'd: drake::cmq_buildtargetmetadepsspecht_is_subtargetconfig
2020-01-21 11:13:32.103337 | > DO_CALL (0.000s wait)
.2020-01-21 11:13:32.107855 | eval'd: drake::cmq_buildtargetmetadepsspecht_is_subtargetconfig
2020-01-21 11:13:35.644338 | > DO_CALL (0.000s wait)
.2020-01-21 11:13:35.648845 | eval'd: drake::cmq_buildtargetmetadepsspecht_is_subtargetconfig
2020-01-21 11:13:39.091046 | > DO_CALL (0.001s wait)
.2020-01-21 11:13:39.096802 | eval'd: drake::cmq_buildtargetmetadepsspecht_is_subtargetconfig
2020-01-21 11:13:43.411242 | > DO_CALL (0.000s wait)
.2020-01-21 11:13:43.415629 | eval'd: drake::cmq_buildtargetmetadepsspecht_is_subtargetconfig
2020-01-21 11:13:46.819612 | > DO_CALL (0.001s wait)
.2020-01-21 11:13:46.825059 | eval'd: drake::cmq_buildtargetmetadepsspecht_is_subtargetconfig
2020-01-21 11:13:50.406614 | > DO_CALL (0.001s wait)
.2020-01-21 11:13:50.411498 | eval'd: drake::cmq_buildtargetmetadepsspecht_is_subtargetconfig
2020-01-21 11:13:53.962198 | > DO_CALL (0.000s wait)
.2020-01-21 11:13:53.966459 | eval'd: drake::cmq_buildtargetmetadepsspecht_is_subtargetconfig
2020-01-21 11:13:57.394002 | > DO_CALL (0.001s wait)
.2020-01-21 11:13:57.400145 | eval'd: drake::cmq_buildtargetmetadepsspecht_is_subtargetconfig
2020-01-21 11:14:00.851057 | > DO_CALL (0.001s wait)
.2020-01-21 11:14:00.856971 | eval'd: drake::cmq_buildtargetmetadepsspecht_is_subtargetconfig
2020-01-21 11:14:04.333192 | > DO_CALL (0.001s wait)
.2020-01-21 11:14:04.339172 | eval'd: drake::cmq_buildtargetmetadepsspecht_is_subtargetconfig
2020-01-21 11:14:07.876394 | > DO_CALL (0.001s wait)
.2020-01-21 11:14:07.882535 | eval'd: drake::cmq_buildtargetmetadepsspecht_is_subtargetconfig
2020-01-21 11:14:11.987008 | > DO_CALL (0.001s wait)
.2020-01-21 11:14:11.992640 | eval'd: drake::cmq_buildtargetmetadepsspecht_is_subtargetconfig
2020-01-21 11:14:15.284221 | > DO_CALL (0.000s wait)
.2020-01-21 11:14:15.288655 | eval'd: drake::cmq_buildtargetmetadepsspecht_is_subtargetconfig
2020-01-21 11:14:18.755612 | > DO_CALL (0.001s wait)
.2020-01-21 11:14:18.775292 | eval'd: drake::cmq_buildtargetmetadepsspecht_is_subtargetconfig
2020-01-21 11:14:23.046589 | > DO_CALL (0.001s wait)
.
2020-01-21 11:14:23.051366 | eval'd: drake::cmq_buildtargetmetadepsspecht_is_subtargetconfig
2020-01-21 11:14:28.497396 | > DO_CALL (0.000s wait)
.2020-01-21 11:14:28.513134 | eval'd: drake::cmq_buildtargetmetadepsspecht_is_subtargetconfig
2020-01-21 11:14:32.135780 | > DO_CALL (0.001s wait)
.2020-01-21 11:14:32.140894 | eval'd: drake::cmq_buildtargetmetadepsspecht_is_subtargetconfig
2020-01-21 11:14:35.583140 | > DO_CALL (0.001s wait)
.2020-01-21 11:14:35.588957 | eval'd: drake::cmq_buildtargetmetadepsspecht_is_subtargetconfig
2020-01-21 11:14:39.046234 | > DO_CALL (0.000s wait)
.2020-01-21 11:14:39.050490 | eval'd: drake::cmq_buildtargetmetadepsspecht_is_subtargetconfig
2020-01-21 11:14:42.565171 | > DO_CALL (0.001s wait)
.2020-01-21 11:14:42.570883 | eval'd: drake::cmq_buildtargetmetadepsspecht_is_subtargetconfig
2020-01-21 11:14:46.007851 | > DO_CALL (0.001s wait)
.2020-01-21 11:14:46.013507 | eval'd: drake::cmq_buildtargetmetadepsspecht_is_subtargetconfig
2020-01-21 11:14:49.261624 | > DO_CALL (0.001s wait)
.2020-01-21 11:14:49.266512 | eval'd: drake::cmq_buildtargetmetadepsspecht_is_subtargetconfig
2020-01-21 11:14:52.686771 | > DO_CALL (0.001s wait)
.2020-01-21 11:14:52.691874 | eval'd: drake::cmq_buildtargetmetadepsspecht_is_subtargetconfig
2020-01-21 11:14:56.103017 | > DO_CALL (0.001s wait)
.2020-01-21 11:14:56.108937 | eval'd: drake::cmq_buildtargetmetadepsspecht_is_subtargetconfig
2020-01-21 11:14:59.612140 | > DO_CALL (0.001s wait)
.2020-01-21 11:14:59.617766 | eval'd: drake::cmq_buildtargetmetadepsspecht_is_subtargetconfig
2020-01-21 11:15:03.006694 | > DO_CALL (0.001s wait)
.2020-01-21 11:15:03.011697 | eval'd: drake::cmq_buildtargetmetadepsspecht_is_subtargetconfig
2020-01-21 11:15:06.398530 | > DO_CALL (0.001s wait)
.2020-01-21 11:15:06.403727 | eval'd: drake::cmq_buildtargetmetadepsspecht_is_subtargetconfig
2020-01-21 11:15:09.881381 | > DO_CALL (0.000s wait)
.2020-01-21 11:15:09.885824 | eval'd: drake::cmq_buildtargetmetadepsspecht_is_subtargetconfig
2020-01-21 11:15:13.973008 | > DO_CALL (0.001s wait)
.2020-01-21 11:15:13.978418 | eval'd: drake::cmq_buildtargetmetadepsspecht_is_subtargetconfig
2020-01-21 11:15:17.509693 | > DO_CALL (0.001s wait)
.2020-01-21 11:15:17.515238 | eval'd: drake::cmq_buildtargetmetadepsspecht_is_subtargetconfig
2020-01-21 11:15:21.658099 | > DO_CALL (0.001s wait)
.2020-01-21 11:15:21.663490 | eval'd: drake::cmq_buildtargetmetadepsspecht_is_subtargetconfig
2020-01-21 11:15:25.074127 | > DO_CALL (0.001s wait)
.2020-01-21 11:15:25.079723 | eval'd: drake::cmq_buildtargetmetadepsspecht_is_subtargetconfig
2020-01-21 11:15:30.651237 | > DO_CALL (0.000s wait)
.2020-01-21 11:15:30.655447 | eval'd: drake::cmq_buildtargetmetadepsspecht_is_subtargetconfig
2020-01-21 11:15:34.126987 | > DO_CALL (0.000s wait)
.2020-01-21 11:15:34.131188 | eval'd: drake::cmq_buildtargetmetadepsspecht_is_subtargetconfig
2020-01-21 11:15:37.366988 | > DO_CALL (0.001s wait)
.2020-01-21 11:15:37.372325 | eval'd: drake::cmq_buildtargetmetadepsspecht_is_subtargetconfig
2020-01-21 11:15:40.926280 | > DO_CALL (0.000s wait)
.2020-01-21 11:15:40.930645 | eval'd: drake::cmq_buildtargetmetadepsspecht_is_subtargetconfig
2020-01-21 11:15:44.352524 | > DO_CALL (0.001s wait)
.2020-01-21 11:15:44.357134 | eval'd: drake::cmq_buildtargetmetadepsspecht_is_subtargetconfig
2020-01-21 11:15:47.943375 | > DO_CALL (0.000s wait)
.2020-01-21 11:15:47.948189 | eval'd: drake::cmq_buildtargetmetadepsspecht_is_subtargetconfig
2020-01-21 11:15:52.103778 | > DO_CALL (0.001s wait)
.2020-01-21 11:15:52.108774 | eval'd: drake::cmq_buildtargetmetadepsspecht_is_subtargetconfig
2020-01-21 11:15:55.474192 | > DO_CALL (0.001s wait)
.2020-01-21 11:15:55.479826 | eval'd: drake::cmq_buildtargetmetadepsspecht_is_subtargetconfig
2020-01-21 11:15:58.821187 | > DO_CALL (0.001s wait)
.2020-01-21 11:15:58.826867 | eval'd: drake::cmq_buildtargetmetadepsspecht_is_subtargetconfig
2020-01-21 11:16:02.134428 | > DO_CALL (0.000s wait)
.2020-01-21 11:16:02.138940 | eval'd: drake::cmq_buildtargetmetadepsspecht_is_subtargetconfig
2020-01-21 11:16:05.509777 | > DO_CALL (0.001s wait)
.2020-01-21 11:16:05.514822 | eval'd: drake::cmq_buildtargetmetadepsspecht_is_subtargetconfig
2020-01-21 11:16:09.012158 | > DO_CALL (0.001s wait)
.2020-01-21 11:16:09.017868 | eval'd: drake::cmq_buildtargetmetadepsspecht_is_subtargetconfig
2020-01-21 11:16:12.382936 | > DO_CALL (0.001s wait)
.2020-01-21 11:16:12.388259 | eval'd: drake::cmq_buildtargetmetadepsspecht_is_subtargetconfig
2020-01-21 11:16:16.184106 | > DO_CALL (0.001s wait)
.2020-01-21 11:16:16.190265 | eval'd: drake::cmq_buildtargetmetadepsspecht_is_subtargetconfig
2020-01-21 11:16:19.472279 | > DO_CALL (0.000s wait)
.2020-01-21 11:16:19.476577 | eval'd: drake::cmq_buildtargetmetadepsspecht_is_subtargetconfig
2020-01-21 11:16:22.953608 | > DO_CALL (0.001s wait)
.2020-01-21 11:16:22.958344 | eval'd: drake::cmq_buildtargetmetadepsspecht_is_subtargetconfig
2020-01-21 11:16:26.420176 | > DO_CALL (0.001s wait)
.2020-01-21 11:16:26.426307 | eval'd: drake::cmq_buildtargetmetadepsspecht_is_subtargetconfig
2020-01-21 11:16:29.895288 | > DO_CALL (0.000s wait)
.2020-01-21 11:16:29.899511 | eval'd: drake::cmq_buildtargetmetadepsspecht_is_subtargetconfig
2020-01-21 11:16:34.880196 | > DO_CALL (0.001s wait)
.2020-01-21 11:16:34.885931 | eval'd: drake::cmq_buildtargetmetadepsspecht_is_subtargetconfig
2020-01-21 11:16:38.352593 | > DO_CALL (0.001s wait)
.2020-01-21 11:16:38.358217 | eval'd: drake::cmq_buildtargetmetadepsspecht_is_subtargetconfig
2020-01-21 11:16:42.499316 | > DO_CALL (0.000s wait)
.2020-01-21 11:16:42.503727 | eval'd: drake::cmq_buildtargetmetadepsspecht_is_subtargetconfig
2020-01-21 11:16:45.889819 | > DO_CALL (0.001s wait)
.2020-01-21 11:16:45.894835 | eval'd: drake::cmq_buildtargetmetadepsspecht_is_subtargetconfig
2020-01-21 11:16:49.366321 | > DO_CALL (0.000s wait)
.2020-01-21 11:16:49.370664 | eval'd: drake::cmq_buildtargetmetadepsspecht_is_subtargetconfig
2020-01-21 11:16:52.790122 | > DO_CALL (0.000s wait)
.2020-01-21 11:16:52.795633 | eval'd: drake::cmq_buildtargetmetadepsspecht_is_subtargetconfig
2020-01-21 11:16:56.197203 | > DO_CALL (0.000s wait)
.2020-01-21 11:16:56.203495 | eval'd: drake::cmq_buildtargetmetadepsspecht_is_subtargetconfig
2020-01-21 11:16:59.231643 | > WORKER_WAIT (0.000s wait)
2020-01-21 11:16:59.232134 | waiting 2.50s
2020-01-21 11:19:41.995378 | > WORKER_WAIT (0.000s wait)
2020-01-21 11:19:41.999796 | waiting 2.50s
Error in clustermq:::worker("tcp://c24a-s1:7958") : 
  Timeout reached, terminating
Execution halted
