2020-01-20 10:04:54.173736 | Master: tcp://c2a-s18:7983
2020-01-20 10:04:54.195868 | WORKER_UP to: tcp://c2a-s18:7983
2020-01-20 10:06:09.169129 | > DO_SETUP (23.915s wait)
2020-01-20 10:06:09.170328 | token from msg: set_common_data_token
2020-01-20 10:07:05.988356 | > DO_CALL (9.586s wait)
.* Option 'clustermq.scheduler' not set, defaulting to ‘SLURM’
--- see: https://mschubert.github.io/clustermq/articles/userguide.html#configuration
2020-01-20 10:11:40.482782 | eval'd: drake::cmq_buildtargetmetadepsspecht_is_subtargetconfig
2020-01-20 10:12:36.279096 | > DO_CALL (5.143s wait)
.2020-01-20 10:12:47.616996 | eval'd: drake::cmq_buildtargetmetadepsspecht_is_subtargetconfig
2020-01-20 10:13:34.498805 | > DO_CALL (5.375s wait)
.2020-01-20 10:13:37.454601 | eval'd: drake::cmq_buildtargetmetadepsspecht_is_subtargetconfig
2020-01-20 10:14:25.312212 | > DO_CALL (5.148s wait)
.2020-01-20 10:15:35.645931 | eval'd: drake::cmq_buildtargetmetadepsspecht_is_subtargetconfig
2020-01-20 10:16:28.149897 | > DO_CALL (5.072s wait)
.2020-01-20 10:16:50.263409 | eval'd: drake::cmq_buildtargetmetadepsspecht_is_subtargetconfig
2020-01-20 10:17:48.427126 | > DO_CALL (5.288s wait)
.2020-01-20 10:18:02.009113 | eval'd: drake::cmq_buildtargetmetadepsspecht_is_subtargetconfig
2020-01-20 10:18:46.292463 | > DO_CALL (5.074s wait)
.2020-01-20 10:19:25.336888 | eval'd: drake::cmq_buildtargetmetadepsspecht_is_subtargetconfig
2020-01-20 10:20:23.319381 | > DO_CALL (5.025s wait)
.2020-01-20 10:20:41.748753 | eval'd: drake::cmq_buildtargetmetadepsspecht_is_subtargetconfig
2020-01-20 10:22:00.098531 | > DO_CALL (5.112s wait)
.2020-01-20 10:22:00.459773 | eval'd: drake::cmq_buildtargetmetadepsspecht_is_subtargetconfig
2020-01-20 10:22:47.225058 | > DO_CALL (5.936s wait)
.2020-01-20 10:22:59.694172 | eval'd: drake::cmq_buildtargetmetadepsspecht_is_subtargetconfig
2020-01-20 10:23:45.257880 | > DO_CALL (5.289s wait)
.2020-01-20 10:23:47.544198 | eval'd: drake::cmq_buildtargetmetadepsspecht_is_subtargetconfig
2020-01-20 10:24:32.572159 | > DO_CALL (5.136s wait)
.2020-01-20 10:24:46.393413 | eval'd: drake::cmq_buildtargetmetadepsspecht_is_subtargetconfig
2020-01-20 10:25:38.348275 | > DO_CALL (5.079s wait)
.2020-01-20 10:25:48.791944 | eval'd: drake::cmq_buildtargetmetadepsspecht_is_subtargetconfig
2020-01-20 10:26:39.948244 | > DO_CALL (5.293s wait)
.2020-01-20 10:28:03.224611 | eval'd: drake::cmq_buildtargetmetadepsspecht_is_subtargetconfig
2020-01-20 10:29:06.953381 | > DO_CALL (5.079s wait)
.2020-01-20 10:29:22.073870 | eval'd: drake::cmq_buildtargetmetadepsspecht_is_subtargetconfig
2020-01-20 10:30:21.467500 | > DO_CALL (5.283s wait)
.2020-01-20 10:30:26.966832 | eval'd: drake::cmq_buildtargetmetadepsspecht_is_subtargetconfig
2020-01-20 10:31:39.785047 | > DO_CALL (6.027s wait)
.2020-01-20 10:31:49.491589 | eval'd: drake::cmq_buildtargetmetadepsspecht_is_subtargetconfig
2020-01-20 10:32:53.099936 | > DO_CALL (5.057s wait)
.2020-01-20 10:32:53.360445 | eval'd: drake::cmq_buildtargetmetadepsspecht_is_subtargetconfig
2020-01-20 10:33:46.779224 | > DO_CALL (5.875s wait)
.2020-01-20 10:34:07.053864 | eval'd: drake::cmq_buildtargetmetadepsspecht_is_subtargetconfig
2020-01-20 10:35:10.553683 | > DO_CALL (5.245s wait)
.2020-01-20 10:36:29.327951 | eval'd: drake::cmq_buildtargetmetadepsspecht_is_subtargetconfig
2020-01-20 10:37:34.732341 | > DO_CALL (5.896s wait)
.2020-01-20 10:38:10.649539 | eval'd: drake::cmq_buildtargetmetadepsspecht_is_subtargetconfig
2020-01-20 10:39:04.122600 | > DO_CALL (5.062s wait)
.2020-01-20 10:39:40.514556 | eval'd: drake::cmq_buildtargetmetadepsspecht_is_subtargetconfig
2020-01-20 10:40:29.662731 | > DO_CALL (5.195s wait)
.2020-01-20 10:42:56.752901 | eval'd: drake::cmq_buildtargetmetadepsspecht_is_subtargetconfig
2020-01-20 10:43:45.472291 | > DO_CALL (6.028s wait)
.2020-01-20 10:46:15.749434 | eval'd: drake::cmq_buildtargetmetadepsspecht_is_subtargetconfig
2020-01-20 10:47:51.163742 | > DO_CALL (5.268s wait)
.2020-01-20 10:48:29.642346 | eval'd: drake::cmq_buildtargetmetadepsspecht_is_subtargetconfig
2020-01-20 10:49:31.191710 | > DO_CALL (5.061s wait)
.2020-01-20 10:49:56.514669 | eval'd: drake::cmq_buildtargetmetadepsspecht_is_subtargetconfig
2020-01-20 10:50:48.691296 | > DO_CALL (5.154s wait)
.2020-01-20 10:51:02.557391 | eval'd: drake::cmq_buildtargetmetadepsspecht_is_subtargetconfig
2020-01-20 10:51:45.855338 | > DO_CALL (5.060s wait)
.2020-01-20 10:51:57.140750 | eval'd: drake::cmq_buildtargetmetadepsspecht_is_subtargetconfig
2020-01-20 10:52:43.460054 | > DO_CALL (5.143s wait)
.2020-01-20 10:52:45.733917 | eval'd: drake::cmq_buildtargetmetadepsspecht_is_subtargetconfig
2020-01-20 10:53:46.797872 | > DO_CALL (5.161s wait)
.2020-01-20 10:53:54.219190 | eval'd: drake::cmq_buildtargetmetadepsspecht_is_subtargetconfig
2020-01-20 10:54:36.629864 | > DO_CALL (5.056s wait)
.2020-01-20 10:54:40.263906 | eval'd: drake::cmq_buildtargetmetadepsspecht_is_subtargetconfig
2020-01-20 10:55:33.593471 | > DO_CALL (5.781s wait)
.2020-01-20 11:00:58.758166 | eval'd: drake::cmq_buildtargetmetadepsspecht_is_subtargetconfig
2020-01-20 11:01:55.829974 | > DO_CALL (5.233s wait)
.2020-01-20 11:02:09.915135 | eval'd: drake::cmq_buildtargetmetadepsspecht_is_subtargetconfig
2020-01-20 11:02:51.862032 | > DO_CALL (5.048s wait)
.2020-01-20 11:05:39.517596 | eval'd: drake::cmq_buildtargetmetadepsspecht_is_subtargetconfig
2020-01-20 11:06:48.209936 | > DO_CALL (5.051s wait)
.2020-01-20 11:06:55.910029 | eval'd: drake::cmq_buildtargetmetadepsspecht_is_subtargetconfig
2020-01-20 11:07:28.634040 | > DO_CALL (5.039s wait)
.2020-01-20 11:07:31.780184 | eval'd: drake::cmq_buildtargetmetadepsspecht_is_subtargetconfig
2020-01-20 11:08:21.500446 | > DO_CALL (5.203s wait)
.2020-01-20 11:08:42.397007 | eval'd: drake::cmq_buildtargetmetadepsspecht_is_subtargetconfig
2020-01-20 11:09:30.114139 | > DO_CALL (5.053s wait)
.2020-01-20 11:13:09.448783 | eval'd: drake::cmq_buildtargetmetadepsspecht_is_subtargetconfig
2020-01-20 11:14:05.986679 | > DO_CALL (5.266s wait)
.2020-01-20 11:14:27.490304 | eval'd: drake::cmq_buildtargetmetadepsspecht_is_subtargetconfig
2020-01-20 11:15:16.553731 | > DO_CALL (5.033s wait)
.2020-01-20 11:15:31.284212 | eval'd: drake::cmq_buildtargetmetadepsspecht_is_subtargetconfig
2020-01-20 11:16:23.713655 | > DO_CALL (5.191s wait)
.2020-01-20 11:16:33.961065 | eval'd: drake::cmq_buildtargetmetadepsspecht_is_subtargetconfig
2020-01-20 11:17:26.213547 | > DO_CALL (5.026s wait)
.2020-01-20 11:17:42.075113 | eval'd: drake::cmq_buildtargetmetadepsspecht_is_subtargetconfig
2020-01-20 11:18:44.660258 | > DO_CALL (5.024s wait)
.2020-01-20 11:20:12.607610 | eval'd: drake::cmq_buildtargetmetadepsspecht_is_subtargetconfig
2020-01-20 11:21:00.801312 | > DO_CALL (5.023s wait)
.2020-01-20 11:21:03.014268 | eval'd: drake::cmq_buildtargetmetadepsspecht_is_subtargetconfig
2020-01-20 11:22:05.337111 | > DO_CALL (5.776s wait)
.2020-01-20 11:22:28.514909 | eval'd: drake::cmq_buildtargetmetadepsspecht_is_subtargetconfig
2020-01-20 11:23:24.246042 | > DO_CALL (5.215s wait)
.2020-01-20 11:23:29.442619 | eval'd: drake::cmq_buildtargetmetadepsspecht_is_subtargetconfig
2020-01-20 11:24:30.919025 | > DO_CALL (4.988s wait)
.2020-01-20 11:25:20.707602 | eval'd: drake::cmq_buildtargetmetadepsspecht_is_subtargetconfig
2020-01-20 11:25:56.941793 | > DO_CALL (4.981s wait)
.
2020-01-20 11:26:16.544113 | eval'd: drake::cmq_buildtargetmetadepsspecht_is_subtargetconfig
2020-01-20 11:26:49.978710 | > DO_CALL (5.210s wait)
.2020-01-20 11:28:33.709605 | eval'd: drake::cmq_buildtargetmetadepsspecht_is_subtargetconfig
2020-01-20 11:29:07.093098 | > DO_CALL (5.828s wait)
.2020-01-20 11:30:51.717269 | eval'd: drake::cmq_buildtargetmetadepsspecht_is_subtargetconfig
2020-01-20 11:31:24.769319 | > DO_CALL (5.267s wait)
.2020-01-20 11:31:38.982925 | eval'd: drake::cmq_buildtargetmetadepsspecht_is_subtargetconfig
2020-01-20 11:32:45.401640 | > DO_CALL (5.059s wait)
.2020-01-20 11:32:55.248640 | eval'd: drake::cmq_buildtargetmetadepsspecht_is_subtargetconfig
2020-01-20 11:34:09.419985 | > DO_CALL (5.042s wait)
.2020-01-20 11:34:15.197373 | eval'd: drake::cmq_buildtargetmetadepsspecht_is_subtargetconfig
2020-01-20 11:35:09.652248 | > DO_CALL (5.041s wait)
.2020-01-20 11:35:47.703399 | eval'd: drake::cmq_buildtargetmetadepsspecht_is_subtargetconfig
2020-01-20 11:36:56.564774 | > DO_CALL (5.045s wait)
.2020-01-20 11:36:57.482409 | eval'd: drake::cmq_buildtargetmetadepsspecht_is_subtargetconfig
2020-01-20 11:37:39.763909 | > DO_CALL (5.803s wait)
.2020-01-20 11:40:11.885218 | eval'd: drake::cmq_buildtargetmetadepsspecht_is_subtargetconfig
2020-01-20 11:41:04.435815 | > DO_CALL (5.355s wait)
.2020-01-20 11:41:17.202886 | eval'd: drake::cmq_buildtargetmetadepsspecht_is_subtargetconfig
2020-01-20 11:42:16.407328 | > DO_CALL (5.030s wait)
.2020-01-20 11:42:21.220163 | eval'd: drake::cmq_buildtargetmetadepsspecht_is_subtargetconfig
2020-01-20 11:43:07.714080 | > DO_CALL (5.090s wait)
.2020-01-20 11:43:24.831214 | eval'd: drake::cmq_buildtargetmetadepsspecht_is_subtargetconfig
2020-01-20 11:44:13.125421 | > DO_CALL (5.374s wait)
.2020-01-20 11:44:35.071082 | eval'd: drake::cmq_buildtargetmetadepsspecht_is_subtargetconfig
2020-01-20 11:45:14.779250 | > DO_CALL (5.050s wait)
.2020-01-20 11:45:24.488734 | eval'd: drake::cmq_buildtargetmetadepsspecht_is_subtargetconfig
2020-01-20 11:45:47.198460 | > DO_CALL (6.075s wait)
.2020-01-20 11:48:08.258765 | eval'd: drake::cmq_buildtargetmetadepsspecht_is_subtargetconfig
2020-01-20 11:48:55.208504 | > DO_CALL (5.244s wait)
.2020-01-20 11:49:02.038273 | eval'd: drake::cmq_buildtargetmetadepsspecht_is_subtargetconfig
2020-01-20 11:49:52.974634 | > DO_CALL (5.384s wait)
.2020-01-20 11:49:59.838220 | eval'd: drake::cmq_buildtargetmetadepsspecht_is_subtargetconfig
2020-01-20 11:50:55.446055 | > DO_CALL (5.226s wait)
.2020-01-20 11:51:13.070759 | eval'd: drake::cmq_buildtargetmetadepsspecht_is_subtargetconfig
2020-01-20 11:51:58.276485 | > DO_CALL (5.214s wait)
.2020-01-20 11:52:08.781487 | eval'd: drake::cmq_buildtargetmetadepsspecht_is_subtargetconfig
2020-01-20 11:53:11.714741 | > DO_CALL (5.332s wait)
.2020-01-20 11:53:30.019286 | eval'd: drake::cmq_buildtargetmetadepsspecht_is_subtargetconfig
2020-01-20 11:54:22.783683 | > DO_CALL (5.857s wait)
.2020-01-20 11:54:35.049027 | eval'd: drake::cmq_buildtargetmetadepsspecht_is_subtargetconfig
2020-01-20 11:55:25.939930 | > DO_CALL (5.314s wait)
.2020-01-20 11:55:29.232858 | eval'd: drake::cmq_buildtargetmetadepsspecht_is_subtargetconfig
2020-01-20 11:56:19.592181 | > DO_CALL (5.319s wait)
.2020-01-20 11:57:55.160198 | eval'd: drake::cmq_buildtargetmetadepsspecht_is_subtargetconfig
2020-01-20 11:58:55.364275 | > DO_CALL (5.185s wait)
.2020-01-20 11:59:13.820232 | eval'd: drake::cmq_buildtargetmetadepsspecht_is_subtargetconfig
2020-01-20 11:59:58.028696 | > DO_CALL (5.276s wait)
.2020-01-20 12:00:23.618256 | eval'd: drake::cmq_buildtargetmetadepsspecht_is_subtargetconfig
2020-01-20 12:01:16.212943 | > DO_CALL (5.342s wait)
.2020-01-20 12:01:24.325450 | eval'd: drake::cmq_buildtargetmetadepsspecht_is_subtargetconfig
2020-01-20 12:02:28.859225 | > DO_CALL (5.320s wait)
.2020-01-20 12:02:34.874444 | eval'd: drake::cmq_buildtargetmetadepsspecht_is_subtargetconfig
2020-01-20 12:03:16.151194 | > DO_CALL (5.148s wait)
.2020-01-20 12:03:18.375042 | eval'd: drake::cmq_buildtargetmetadepsspecht_is_subtargetconfig
2020-01-20 12:04:07.292153 | > DO_CALL (5.190s wait)
.2020-01-20 12:04:22.866445 | eval'd: drake::cmq_buildtargetmetadepsspecht_is_subtargetconfig
2020-01-20 12:05:25.252755 | > DO_CALL (5.399s wait)
.2020-01-20 12:05:31.378585 | eval'd: drake::cmq_buildtargetmetadepsspecht_is_subtargetconfig
2020-01-20 12:06:24.589425 | > DO_CALL (5.848s wait)
.2020-01-20 12:06:40.975528 | eval'd: drake::cmq_buildtargetmetadepsspecht_is_subtargetconfig
2020-01-20 12:07:34.799168 | > DO_CALL (5.392s wait)
.2020-01-20 12:08:13.235404 | eval'd: drake::cmq_buildtargetmetadepsspecht_is_subtargetconfig
2020-01-20 12:09:05.685379 | > DO_CALL (5.223s wait)
.2020-01-20 12:13:47.276428 | eval'd: drake::cmq_buildtargetmetadepsspecht_is_subtargetconfig
2020-01-20 12:14:39.137323 | > DO_CALL (5.165s wait)
.2020-01-20 12:19:05.904171 | eval'd: drake::cmq_buildtargetmetadepsspecht_is_subtargetconfig
2020-01-20 12:19:47.328870 | > DO_CALL (6.302s wait)
.2020-01-20 12:19:52.966046 | eval'd: drake::cmq_buildtargetmetadepsspecht_is_subtargetconfig
2020-01-20 12:20:44.371843 | > DO_CALL (5.308s wait)
.2020-01-20 12:25:05.182344 | eval'd: drake::cmq_buildtargetmetadepsspecht_is_subtargetconfig
2020-01-20 12:25:59.185680 | > DO_CALL (5.319s wait)
.2020-01-20 12:29:32.955538 | eval'd: drake::cmq_buildtargetmetadepsspecht_is_subtargetconfig
2020-01-20 12:30:22.471493 | > DO_CALL (6.094s wait)
.2020-01-20 12:30:36.079591 | eval'd: drake::cmq_buildtargetmetadepsspecht_is_subtargetconfig
2020-01-20 12:31:35.301881 | > DO_CALL (5.169s wait)
.2020-01-20 12:32:55.116439 | eval'd: drake::cmq_buildtargetmetadepsspecht_is_subtargetconfig
2020-01-20 12:33:35.229913 | > DO_CALL (6.204s wait)
.2020-01-20 12:34:13.568957 | eval'd: drake::cmq_buildtargetmetadepsspecht_is_subtargetconfig
2020-01-20 12:35:24.454087 | > DO_CALL (5.289s wait)
.2020-01-20 12:35:28.032103 | eval'd: drake::cmq_buildtargetmetadepsspecht_is_subtargetconfig
2020-01-20 12:36:19.129389 | > DO_CALL (5.373s wait)
.2020-01-20 12:37:59.207483 | eval'd: drake::cmq_buildtargetmetadepsspecht_is_subtargetconfig
2020-01-20 12:38:37.364233 | > DO_CALL (5.934s wait)
.2020-01-20 12:39:58.068900 | eval'd: drake::cmq_buildtargetmetadepsspecht_is_subtargetconfig
2020-01-20 12:40:41.000260 | > DO_CALL (5.545s wait)
.2020-01-20 12:40:43.524782 | eval'd: drake::cmq_buildtargetmetadepsspecht_is_subtargetconfig
2020-01-20 12:41:34.341451 | > DO_CALL (5.191s wait)
.2020-01-20 12:41:39.137345 | eval'd: drake::cmq_buildtargetmetadepsspecht_is_subtargetconfig
2020-01-20 12:42:26.285295 | > DO_CALL (5.223s wait)
.2020-01-20 12:42:50.946330 | eval'd: drake::cmq_buildtargetmetadepsspecht_is_subtargetconfig
2020-01-20 12:43:34.432115 | > DO_CALL (5.397s wait)
.2020-01-20 12:44:14.163036 | eval'd: drake::cmq_buildtargetmetadepsspecht_is_subtargetconfig
2020-01-20 12:45:18.687979 | > DO_CALL (5.381s wait)
.2020-01-20 12:48:09.934965 | eval'd: drake::cmq_buildtargetmetadepsspecht_is_subtargetconfig
2020-01-20 12:48:54.404068 | > DO_CALL (5.465s wait)
.2020-01-20 12:49:03.770189 | eval'd: drake::cmq_buildtargetmetadepsspecht_is_subtargetconfig
2020-01-20 12:49:38.235724 | > DO_CALL (5.209s wait)
.2020-01-20 12:52:48.536254 | eval'd: drake::cmq_buildtargetmetadepsspecht_is_subtargetconfig
2020-01-20 12:53:44.206051 | > DO_CALL (5.254s wait)
.2020-01-20 12:54:12.080061 | eval'd: drake::cmq_buildtargetmetadepsspecht_is_subtargetconfig
2020-01-20 12:55:01.366430 | > DO_CALL (5.344s wait)
.2020-01-20 12:56:03.153485 | eval'd: drake::cmq_buildtargetmetadepsspecht_is_subtargetconfig
2020-01-20 12:56:56.975347 | > DO_CALL (5.140s wait)
.2020-01-20 12:57:25.397217 | eval'd: drake::cmq_buildtargetmetadepsspecht_is_subtargetconfig
2020-01-20 12:58:23.520206 | > DO_CALL (5.306s wait)
.2020-01-20 12:58:31.428817 | eval'd: drake::cmq_buildtargetmetadepsspecht_is_subtargetconfig
2020-01-20 12:59:19.302633 | > DO_CALL (5.294s wait)
.2020-01-20 13:00:17.961052 | eval'd: drake::cmq_buildtargetmetadepsspecht_is_subtargetconfig
2020-01-20 13:01:05.049677 | > DO_CALL (5.353s wait)
.2020-01-20 13:01:44.296243 | eval'd: drake::cmq_buildtargetmetadepsspecht_is_subtargetconfig
2020-01-20 13:02:29.176441 | > DO_CALL (6.198s wait)
.2020-01-20 13:02:42.120074 | eval'd: drake::cmq_buildtargetmetadepsspecht_is_subtargetconfig
2020-01-20 13:03:29.641743 | > DO_CALL (5.178s wait)
.2020-01-20 13:03:51.365139 | eval'd: drake::cmq_buildtargetmetadepsspecht_is_subtargetconfig
2020-01-20 13:04:35.745316 | > DO_CALL (5.366s wait)
.2020-01-20 13:05:09.960207 | eval'd: drake::cmq_buildtargetmetadepsspecht_is_subtargetconfig
2020-01-20 13:05:49.894750 | > DO_CALL (5.197s wait)
.2020-01-20 13:05:55.542712 | eval'd: drake::cmq_buildtargetmetadepsspecht_is_subtargetconfig
2020-01-20 13:06:47.882900 | > DO_CALL (5.258s wait)
.2020-01-20 13:08:08.260573 | eval'd: drake::cmq_buildtargetmetadepsspecht_is_subtargetconfig
2020-01-20 13:09:16.502814 | > DO_CALL (5.146s wait)
.2020-01-20 13:09:33.496474 | eval'd: drake::cmq_buildtargetmetadepsspecht_is_subtargetconfig
2020-01-20 13:10:25.680323 | > DO_CALL (5.211s wait)
.2020-01-20 13:10:53.839001 | eval'd: drake::cmq_buildtargetmetadepsspecht_is_subtargetconfig
2020-01-20 13:11:49.998484 | > DO_CALL (5.133s wait)
.2020-01-20 13:12:10.307100 | eval'd: drake::cmq_buildtargetmetadepsspecht_is_subtargetconfig
2020-01-20 13:13:00.971523 | > DO_CALL (5.827s wait)
.2020-01-20 13:13:01.251521 | eval'd: drake::cmq_buildtargetmetadepsspecht_is_subtargetconfig
2020-01-20 13:13:35.539437 | > DO_CALL (6.222s wait)
.2020-01-20 13:13:55.399564 | eval'd: drake::cmq_buildtargetmetadepsspecht_is_subtargetconfig
2020-01-20 13:14:44.074193 | > DO_CALL (5.298s wait)
.2020-01-20 13:15:06.098135 | eval'd: drake::cmq_buildtargetmetadepsspecht_is_subtargetconfig
2020-01-20 13:15:50.999733 | > DO_CALL (5.166s wait)
.2020-01-20 13:15:58.527176 | eval'd: drake::cmq_buildtargetmetadepsspecht_is_subtargetconfig
2020-01-20 13:16:33.972567 | > DO_CALL (5.430s wait)
.2020-01-20 13:16:46.912139 | eval'd: drake::cmq_buildtargetmetadepsspecht_is_subtargetconfig
2020-01-20 13:17:37.145607 | > DO_CALL (5.169s wait)
.2020-01-20 13:17:58.861606 | eval'd: drake::cmq_buildtargetmetadepsspecht_is_subtargetconfig
2020-01-20 13:18:49.137873 | > DO_CALL (5.280s wait)
.2020-01-20 13:18:49.632768 | eval'd: drake::cmq_buildtargetmetadepsspecht_is_subtargetconfig
2020-01-20 13:19:43.998985 | > DO_CALL (6.020s wait)
.2020-01-20 13:24:11.401918 | eval'd: drake::cmq_buildtargetmetadepsspecht_is_subtargetconfig
2020-01-20 13:25:04.244752 | > DO_CALL (5.298s wait)
.2020-01-20 13:25:12.048996 | eval'd: drake::cmq_buildtargetmetadepsspecht_is_subtargetconfig
2020-01-20 13:25:55.029953 | > DO_CALL (5.074s wait)
.2020-01-20 13:28:01.204174 | eval'd: drake::cmq_buildtargetmetadepsspecht_is_subtargetconfig
2020-01-20 13:29:08.932287 | > DO_CALL (5.061s wait)
.2020-01-20 13:29:16.669006 | eval'd: drake::cmq_buildtargetmetadepsspecht_is_subtargetconfig
2020-01-20 13:30:06.387164 | > DO_CALL (5.189s wait)
.2020-01-20 13:30:44.623617 | eval'd: drake::cmq_buildtargetmetadepsspecht_is_subtargetconfig
2020-01-20 13:31:32.827974 | > DO_CALL (5.099s wait)
.2020-01-20 13:32:01.434687 | eval'd: drake::cmq_buildtargetmetadepsspecht_is_subtargetconfig
2020-01-20 13:32:57.722166 | > DO_CALL (5.129s wait)
.2020-01-20 13:33:37.639751 | eval'd: drake::cmq_buildtargetmetadepsspecht_is_subtargetconfig
2020-01-20 13:34:27.236565 | > DO_CALL (5.358s wait)
.2020-01-20 13:34:55.024986 | eval'd: drake::cmq_buildtargetmetadepsspecht_is_subtargetconfig
2020-01-20 13:35:50.903773 | > DO_CALL (5.081s wait)
.
2020-01-20 13:35:54.546440 | eval'd: drake::cmq_buildtargetmetadepsspecht_is_subtargetconfig
2020-01-20 13:36:45.926863 | > DO_CALL (5.223s wait)
.2020-01-20 13:38:05.545246 | eval'd: drake::cmq_buildtargetmetadepsspecht_is_subtargetconfig
2020-01-20 13:38:56.603563 | > DO_CALL (5.065s wait)
.2020-01-20 13:38:58.212400 | eval'd: drake::cmq_buildtargetmetadepsspecht_is_subtargetconfig
2020-01-20 13:39:46.714773 | > DO_CALL (5.842s wait)
.2020-01-20 13:39:55.682545 | eval'd: drake::cmq_buildtargetmetadepsspecht_is_subtargetconfig
2020-01-20 13:40:46.060397 | > DO_CALL (5.172s wait)
.2020-01-20 13:40:52.122837 | eval'd: drake::cmq_buildtargetmetadepsspecht_is_subtargetconfig
2020-01-20 13:41:45.495173 | > DO_CALL (5.273s wait)
.2020-01-20 13:42:21.035523 | eval'd: drake::cmq_buildtargetmetadepsspecht_is_subtargetconfig
2020-01-20 13:43:09.763080 | > DO_CALL (5.220s wait)
.2020-01-20 13:43:38.666632 | eval'd: drake::cmq_buildtargetmetadepsspecht_is_subtargetconfig
2020-01-20 13:44:31.009612 | > DO_CALL (5.172s wait)
.2020-01-20 13:45:44.446035 | eval'd: drake::cmq_buildtargetmetadepsspecht_is_subtargetconfig
2020-01-20 13:46:29.851287 | > DO_CALL (5.367s wait)
.2020-01-20 13:46:37.489711 | eval'd: drake::cmq_buildtargetmetadepsspecht_is_subtargetconfig
2020-01-20 13:47:21.503132 | > DO_CALL (5.190s wait)
.2020-01-20 13:47:47.223470 | eval'd: drake::cmq_buildtargetmetadepsspecht_is_subtargetconfig
2020-01-20 13:48:36.373293 | > DO_CALL (5.183s wait)
.2020-01-20 13:48:38.224464 | eval'd: drake::cmq_buildtargetmetadepsspecht_is_subtargetconfig
2020-01-20 13:49:29.909718 | > DO_CALL (6.032s wait)
.2020-01-20 13:49:34.785254 | eval'd: drake::cmq_buildtargetmetadepsspecht_is_subtargetconfig
2020-01-20 13:50:26.849925 | > DO_CALL (6.529s wait)
.2020-01-20 13:50:41.459210 | eval'd: drake::cmq_buildtargetmetadepsspecht_is_subtargetconfig
2020-01-20 13:51:34.476699 | > DO_CALL (5.183s wait)
.2020-01-20 13:51:57.114270 | eval'd: drake::cmq_buildtargetmetadepsspecht_is_subtargetconfig
2020-01-20 13:52:46.482452 | > DO_CALL (5.338s wait)
.2020-01-20 13:53:16.351481 | eval'd: drake::cmq_buildtargetmetadepsspecht_is_subtargetconfig
2020-01-20 13:54:03.979900 | > DO_CALL (5.131s wait)
.2020-01-20 13:54:24.235320 | eval'd: drake::cmq_buildtargetmetadepsspecht_is_subtargetconfig
2020-01-20 13:55:01.985235 | > DO_CALL (5.398s wait)
.2020-01-20 13:55:54.789604 | eval'd: drake::cmq_buildtargetmetadepsspecht_is_subtargetconfig
2020-01-20 13:56:52.032547 | > DO_CALL (5.273s wait)
.2020-01-20 13:57:04.324969 | eval'd: drake::cmq_buildtargetmetadepsspecht_is_subtargetconfig
2020-01-20 13:57:50.513283 | > DO_CALL (5.214s wait)
.2020-01-20 13:59:10.195765 | eval'd: drake::cmq_buildtargetmetadepsspecht_is_subtargetconfig
2020-01-20 13:59:48.573643 | > DO_CALL (5.408s wait)
.2020-01-20 14:00:28.823179 | eval'd: drake::cmq_buildtargetmetadepsspecht_is_subtargetconfig
2020-01-20 14:01:13.048887 | > DO_CALL (5.312s wait)
.2020-01-20 14:01:42.420618 | eval'd: drake::cmq_buildtargetmetadepsspecht_is_subtargetconfig
2020-01-20 14:02:32.286701 | > DO_CALL (5.149s wait)
.2020-01-20 14:02:38.715654 | eval'd: drake::cmq_buildtargetmetadepsspecht_is_subtargetconfig
2020-01-20 14:03:23.286087 | > DO_CALL (5.164s wait)
.2020-01-20 14:05:30.568137 | eval'd: drake::cmq_buildtargetmetadepsspecht_is_subtargetconfig
2020-01-20 14:06:11.819481 | > DO_CALL (6.053s wait)
.2020-01-20 14:06:16.836318 | eval'd: drake::cmq_buildtargetmetadepsspecht_is_subtargetconfig
2020-01-20 14:07:06.101099 | > DO_CALL (5.201s wait)
.2020-01-20 14:09:19.367625 | eval'd: drake::cmq_buildtargetmetadepsspecht_is_subtargetconfig
2020-01-20 14:10:12.275737 | > DO_CALL (5.240s wait)
.2020-01-20 14:11:27.613905 | eval'd: drake::cmq_buildtargetmetadepsspecht_is_subtargetconfig
2020-01-20 14:12:19.354791 | > DO_CALL (5.458s wait)
.2020-01-20 14:12:44.639377 | eval'd: drake::cmq_buildtargetmetadepsspecht_is_subtargetconfig
2020-01-20 14:13:43.861359 | > DO_CALL (5.137s wait)
.2020-01-20 14:13:54.474444 | eval'd: drake::cmq_buildtargetmetadepsspecht_is_subtargetconfig
2020-01-20 14:14:31.655584 | > DO_CALL (5.245s wait)
.2020-01-20 14:14:45.201331 | eval'd: drake::cmq_buildtargetmetadepsspecht_is_subtargetconfig
2020-01-20 14:15:38.736046 | > DO_CALL (5.284s wait)
.2020-01-20 14:15:44.432223 | eval'd: drake::cmq_buildtargetmetadepsspecht_is_subtargetconfig
2020-01-20 14:16:44.209554 | > DO_CALL (5.162s wait)
.2020-01-20 14:18:10.433804 | eval'd: drake::cmq_buildtargetmetadepsspecht_is_subtargetconfig
2020-01-20 14:19:03.589984 | > DO_CALL (5.844s wait)
.2020-01-20 14:19:17.111664 | eval'd: drake::cmq_buildtargetmetadepsspecht_is_subtargetconfig
2020-01-20 14:20:00.731401 | > DO_CALL (5.324s wait)
.2020-01-20 14:20:42.042567 | eval'd: drake::cmq_buildtargetmetadepsspecht_is_subtargetconfig
2020-01-20 14:21:32.701344 | > DO_CALL (5.446s wait)
.2020-01-20 14:23:43.159415 | eval'd: drake::cmq_buildtargetmetadepsspecht_is_subtargetconfig
2020-01-20 14:24:45.449198 | > DO_CALL (5.201s wait)
.2020-01-20 14:24:52.979535 | eval'd: drake::cmq_buildtargetmetadepsspecht_is_subtargetconfig
2020-01-20 14:25:37.981759 | > DO_CALL (5.122s wait)
.2020-01-20 14:27:40.493213 | eval'd: drake::cmq_buildtargetmetadepsspecht_is_subtargetconfig
2020-01-20 14:28:25.659379 | > DO_CALL (5.922s wait)
.2020-01-20 14:28:42.695012 | eval'd: drake::cmq_buildtargetmetadepsspecht_is_subtargetconfig
2020-01-20 14:29:28.363997 | > DO_CALL (5.352s wait)
.2020-01-20 14:29:47.761049 | eval'd: drake::cmq_buildtargetmetadepsspecht_is_subtargetconfig
2020-01-20 14:30:31.201858 | > DO_CALL (5.124s wait)
.2020-01-20 14:30:37.295310 | eval'd: drake::cmq_buildtargetmetadepsspecht_is_subtargetconfig
2020-01-20 14:31:21.957469 | > DO_CALL (5.208s wait)
.2020-01-20 14:32:31.057477 | eval'd: drake::cmq_buildtargetmetadepsspecht_is_subtargetconfig
2020-01-20 14:33:24.230515 | > DO_CALL (5.401s wait)
.2020-01-20 14:33:42.014143 | eval'd: drake::cmq_buildtargetmetadepsspecht_is_subtargetconfig
2020-01-20 14:34:28.001506 | > DO_CALL (5.156s wait)
.2020-01-20 14:34:32.447847 | eval'd: drake::cmq_buildtargetmetadepsspecht_is_subtargetconfig
2020-01-20 14:35:08.793620 | > DO_CALL (5.124s wait)
.2020-01-20 14:35:11.100399 | eval'd: drake::cmq_buildtargetmetadepsspecht_is_subtargetconfig
2020-01-20 14:36:01.012712 | > DO_CALL (5.971s wait)
.2020-01-20 14:36:07.572885 | eval'd: drake::cmq_buildtargetmetadepsspecht_is_subtargetconfig
2020-01-20 14:36:54.052986 | > DO_CALL (5.332s wait)
.2020-01-20 14:37:53.072727 | eval'd: drake::cmq_buildtargetmetadepsspecht_is_subtargetconfig
2020-01-20 14:38:35.490318 | > DO_CALL (6.145s wait)
.2020-01-20 14:38:36.254010 | eval'd: drake::cmq_buildtargetmetadepsspecht_is_subtargetconfig
2020-01-20 14:39:27.210180 | > DO_CALL (7.483s wait)
.2020-01-20 14:39:47.857880 | eval'd: drake::cmq_buildtargetmetadepsspecht_is_subtargetconfig
2020-01-20 14:40:36.219320 | > DO_CALL (5.246s wait)
.2020-01-20 14:40:48.870898 | eval'd: drake::cmq_buildtargetmetadepsspecht_is_subtargetconfig
2020-01-20 14:41:35.334486 | > DO_CALL (5.211s wait)
.2020-01-20 14:41:36.964900 | eval'd: drake::cmq_buildtargetmetadepsspecht_is_subtargetconfig
2020-01-20 14:42:33.138659 | > DO_CALL (5.201s wait)
.2020-01-20 14:43:08.668474 | eval'd: drake::cmq_buildtargetmetadepsspecht_is_subtargetconfig
2020-01-20 14:43:48.499519 | > DO_CALL (5.299s wait)
.2020-01-20 14:44:54.756324 | eval'd: drake::cmq_buildtargetmetadepsspecht_is_subtargetconfig
2020-01-20 14:45:42.543987 | > DO_CALL (5.149s wait)
.2020-01-20 14:45:55.252632 | eval'd: drake::cmq_buildtargetmetadepsspecht_is_subtargetconfig
2020-01-20 14:46:45.223551 | > DO_CALL (5.094s wait)
.2020-01-20 14:47:29.896052 | eval'd: drake::cmq_buildtargetmetadepsspecht_is_subtargetconfig
2020-01-20 14:48:24.610504 | > DO_CALL (5.199s wait)
.2020-01-20 14:48:39.384310 | eval'd: drake::cmq_buildtargetmetadepsspecht_is_subtargetconfig
2020-01-20 14:49:30.787905 | > DO_CALL (5.180s wait)
.2020-01-20 14:49:52.902621 | eval'd: drake::cmq_buildtargetmetadepsspecht_is_subtargetconfig
2020-01-20 14:50:31.253693 | > DO_CALL (5.219s wait)
.2020-01-20 14:50:41.580178 | eval'd: drake::cmq_buildtargetmetadepsspecht_is_subtargetconfig
2020-01-20 14:51:43.973655 | > DO_CALL (5.293s wait)
.2020-01-20 14:51:50.852382 | eval'd: drake::cmq_buildtargetmetadepsspecht_is_subtargetconfig
2020-01-20 14:52:25.755765 | > DO_CALL (5.119s wait)
.2020-01-20 14:52:54.540965 | eval'd: drake::cmq_buildtargetmetadepsspecht_is_subtargetconfig
2020-01-20 14:53:33.540345 | > DO_CALL (5.388s wait)
.2020-01-20 14:53:43.759711 | eval'd: drake::cmq_buildtargetmetadepsspecht_is_subtargetconfig
2020-01-20 14:54:42.119393 | > DO_CALL (5.081s wait)
.2020-01-20 14:54:53.390549 | eval'd: drake::cmq_buildtargetmetadepsspecht_is_subtargetconfig
2020-01-20 14:55:44.714526 | > DO_CALL (5.140s wait)
.2020-01-20 14:55:45.926939 | eval'd: drake::cmq_buildtargetmetadepsspecht_is_subtargetconfig
2020-01-20 14:56:28.604740 | > DO_CALL (5.959s wait)
.2020-01-20 14:56:31.066972 | eval'd: drake::cmq_buildtargetmetadepsspecht_is_subtargetconfig
2020-01-20 14:57:09.045158 | > DO_CALL (5.292s wait)
.2020-01-20 14:57:14.940988 | eval'd: drake::cmq_buildtargetmetadepsspecht_is_subtargetconfig
2020-01-20 14:57:53.919510 | > DO_CALL (5.262s wait)
.2020-01-20 14:58:22.293372 | eval'd: drake::cmq_buildtargetmetadepsspecht_is_subtargetconfig
2020-01-20 14:58:59.605631 | > DO_CALL (5.306s wait)
.2020-01-20 14:59:06.730912 | eval'd: drake::cmq_buildtargetmetadepsspecht_is_subtargetconfig
2020-01-20 14:59:51.428808 | > DO_CALL (5.214s wait)
.2020-01-20 15:00:54.711330 | eval'd: drake::cmq_buildtargetmetadepsspecht_is_subtargetconfig
2020-01-20 15:01:43.057172 | > DO_CALL (5.152s wait)
.2020-01-20 15:03:10.543476 | eval'd: drake::cmq_buildtargetmetadepsspecht_is_subtargetconfig
2020-01-20 15:04:02.226538 | > DO_CALL (5.462s wait)
.2020-01-20 15:04:08.608627 | eval'd: drake::cmq_buildtargetmetadepsspecht_is_subtargetconfig
2020-01-20 15:04:58.618808 | > DO_CALL (5.139s wait)
.2020-01-20 15:05:37.819778 | eval'd: drake::cmq_buildtargetmetadepsspecht_is_subtargetconfig
2020-01-20 15:06:14.729107 | > DO_CALL (5.321s wait)
.2020-01-20 15:06:30.713801 | eval'd: drake::cmq_buildtargetmetadepsspecht_is_subtargetconfig
2020-01-20 15:07:27.182928 | > DO_CALL (5.174s wait)
.2020-01-20 15:07:58.011665 | eval'd: drake::cmq_buildtargetmetadepsspecht_is_subtargetconfig
2020-01-20 15:08:41.795107 | > DO_CALL (5.225s wait)
.2020-01-20 15:08:42.759345 | eval'd: drake::cmq_buildtargetmetadepsspecht_is_subtargetconfig
2020-01-20 15:09:40.831715 | > DO_CALL (5.825s wait)
.2020-01-20 15:09:58.143417 | eval'd: drake::cmq_buildtargetmetadepsspecht_is_subtargetconfig
2020-01-20 15:10:47.665536 | > DO_CALL (5.196s wait)
.2020-01-20 15:10:48.934592 | eval'd: drake::cmq_buildtargetmetadepsspecht_is_subtargetconfig
2020-01-20 15:11:43.815083 | > DO_CALL (5.074s wait)
.2020-01-20 15:12:05.967923 | eval'd: drake::cmq_buildtargetmetadepsspecht_is_subtargetconfig
2020-01-20 15:12:48.009278 | > DO_CALL (5.011s wait)
.2020-01-20 15:13:00.841227 | eval'd: drake::cmq_buildtargetmetadepsspecht_is_subtargetconfig
2020-01-20 15:13:03.274122 | > DO_CALL (0.008s wait)
.2020-01-20 15:13:03.625084 | eval'd: drake::cmq_buildtargetmetadepsspecht_is_subtargetconfig
2020-01-20 15:13:03.812081 | > DO_CALL (0.006s wait)
.2020-01-20 15:13:06.227783 | eval'd: drake::cmq_buildtargetmetadepsspecht_is_subtargetconfig
2020-01-20 15:13:06.596835 | > DO_CALL (0.011s wait)
.2020-01-20 15:13:06.940380 | eval'd: drake::cmq_buildtargetmetadepsspecht_is_subtargetconfig
2020-01-20 15:13:07.238039 | > DO_CALL (0.012s wait)
.
2020-01-20 15:13:07.584272 | eval'd: drake::cmq_buildtargetmetadepsspecht_is_subtargetconfig
2020-01-20 15:13:07.931747 | > DO_CALL (0.014s wait)
.2020-01-20 15:13:08.295541 | eval'd: drake::cmq_buildtargetmetadepsspecht_is_subtargetconfig
2020-01-20 15:13:08.444991 | > DO_CALL (0.003s wait)
.2020-01-20 15:13:09.261034 | eval'd: drake::cmq_buildtargetmetadepsspecht_is_subtargetconfig
2020-01-20 15:13:09.570046 | > DO_CALL (0.013s wait)
.2020-01-20 15:13:09.921777 | eval'd: drake::cmq_buildtargetmetadepsspecht_is_subtargetconfig
2020-01-20 15:13:10.358237 | > DO_CALL (0.018s wait)
.2020-01-20 15:13:10.714390 | eval'd: drake::cmq_buildtargetmetadepsspecht_is_subtargetconfig
2020-01-20 15:13:10.968482 | > DO_CALL (0.010s wait)
.2020-01-20 15:13:11.295517 | eval'd: drake::cmq_buildtargetmetadepsspecht_is_subtargetconfig
2020-01-20 15:13:11.710192 | > DO_CALL (0.017s wait)
.2020-01-20 15:13:12.078678 | eval'd: drake::cmq_buildtargetmetadepsspecht_is_subtargetconfig
2020-01-20 15:13:12.382818 | > DO_CALL (0.013s wait)
.2020-01-20 15:13:13.501934 | eval'd: drake::cmq_buildtargetmetadepsspecht_is_subtargetconfig
2020-01-20 15:13:13.833300 | > DO_CALL (0.015s wait)
.2020-01-20 15:13:14.191257 | eval'd: drake::cmq_buildtargetmetadepsspecht_is_subtargetconfig
2020-01-20 15:13:14.515207 | > DO_CALL (0.015s wait)
.2020-01-20 15:13:14.861758 | eval'd: drake::cmq_buildtargetmetadepsspecht_is_subtargetconfig
2020-01-20 15:13:15.202388 | > DO_CALL (0.016s wait)
.2020-01-20 15:13:15.551217 | eval'd: drake::cmq_buildtargetmetadepsspecht_is_subtargetconfig
2020-01-20 15:13:15.961006 | > DO_CALL (0.020s wait)
.2020-01-20 15:13:16.984951 | eval'd: drake::cmq_buildtargetmetadepsspecht_is_subtargetconfig
2020-01-20 15:13:17.141308 | > DO_CALL (0.003s wait)
.2020-01-20 15:13:17.453291 | eval'd: drake::cmq_buildtargetmetadepsspecht_is_subtargetconfig
2020-01-20 15:13:17.873909 | > DO_CALL (0.019s wait)
.2020-01-20 15:13:18.235018 | eval'd: drake::cmq_buildtargetmetadepsspecht_is_subtargetconfig
2020-01-20 15:13:18.564366 | > DO_CALL (0.009s wait)
.2020-01-20 15:13:18.889415 | eval'd: drake::cmq_buildtargetmetadepsspecht_is_subtargetconfig
2020-01-20 15:13:19.164039 | > DO_CALL (0.011s wait)
.2020-01-20 15:13:19.514930 | eval'd: drake::cmq_buildtargetmetadepsspecht_is_subtargetconfig
2020-01-20 15:13:19.763121 | > DO_CALL (0.011s wait)
.2020-01-20 15:13:20.690407 | eval'd: drake::cmq_buildtargetmetadepsspecht_is_subtargetconfig
2020-01-20 15:13:21.069259 | > DO_CALL (0.017s wait)
.2020-01-20 15:13:21.425489 | eval'd: drake::cmq_buildtargetmetadepsspecht_is_subtargetconfig
2020-01-20 15:13:21.657564 | > DO_CALL (0.008s wait)
.2020-01-20 15:13:21.981524 | eval'd: drake::cmq_buildtargetmetadepsspecht_is_subtargetconfig
2020-01-20 15:13:22.320359 | > DO_CALL (0.011s wait)
.2020-01-20 15:13:22.665664 | eval'd: drake::cmq_buildtargetmetadepsspecht_is_subtargetconfig
2020-01-20 15:13:24.636478 | > DO_CALL (0.009s wait)
.2020-01-20 15:13:25.597114 | eval'd: drake::cmq_buildtargetmetadepsspecht_is_subtargetconfig
2020-01-20 15:13:26.148406 | > DO_CALL (0.008s wait)
.2020-01-20 15:13:26.477452 | eval'd: drake::cmq_buildtargetmetadepsspecht_is_subtargetconfig
2020-01-20 15:13:26.789670 | > DO_CALL (0.018s wait)
.2020-01-20 15:13:27.149114 | eval'd: drake::cmq_buildtargetmetadepsspecht_is_subtargetconfig
2020-01-20 15:13:27.530305 | > DO_CALL (0.020s wait)
.2020-01-20 15:13:27.896758 | eval'd: drake::cmq_buildtargetmetadepsspecht_is_subtargetconfig
2020-01-20 15:13:28.458335 | > DO_CALL (0.019s wait)
.2020-01-20 15:13:29.417149 | eval'd: drake::cmq_buildtargetmetadepsspecht_is_subtargetconfig
2020-01-20 15:13:29.854419 | > DO_CALL (0.012s wait)
.2020-01-20 15:13:30.190432 | eval'd: drake::cmq_buildtargetmetadepsspecht_is_subtargetconfig
2020-01-20 15:13:30.572755 | > DO_CALL (0.013s wait)
.2020-01-20 15:13:30.947867 | eval'd: drake::cmq_buildtargetmetadepsspecht_is_subtargetconfig
2020-01-20 15:13:31.146780 | > DO_CALL (0.009s wait)
.2020-01-20 15:13:31.497484 | eval'd: drake::cmq_buildtargetmetadepsspecht_is_subtargetconfig
2020-01-20 15:13:31.819528 | > DO_CALL (0.009s wait)
.2020-01-20 15:13:32.160942 | eval'd: drake::cmq_buildtargetmetadepsspecht_is_subtargetconfig
2020-01-20 15:13:32.418349 | > DO_CALL (0.014s wait)
.2020-01-20 15:13:33.381507 | eval'd: drake::cmq_buildtargetmetadepsspecht_is_subtargetconfig
2020-01-20 15:13:33.595950 | > DO_CALL (0.003s wait)
.2020-01-20 15:13:33.807799 | eval'd: drake::cmq_buildtargetmetadepsspecht_is_subtargetconfig
2020-01-20 15:13:34.023102 | > DO_CALL (0.013s wait)
.2020-01-20 15:13:34.375772 | eval'd: drake::cmq_buildtargetmetadepsspecht_is_subtargetconfig
2020-01-20 15:13:34.921233 | > DO_CALL (0.015s wait)
.2020-01-20 15:13:35.276034 | eval'd: drake::cmq_buildtargetmetadepsspecht_is_subtargetconfig
2020-01-20 15:13:35.580086 | > DO_CALL (0.010s wait)
.2020-01-20 15:13:35.917721 | eval'd: drake::cmq_buildtargetmetadepsspecht_is_subtargetconfig
2020-01-20 15:13:36.174070 | > DO_CALL (0.024s wait)
.2020-01-20 15:13:37.282592 | eval'd: drake::cmq_buildtargetmetadepsspecht_is_subtargetconfig
2020-01-20 15:13:37.738238 | > DO_CALL (0.009s wait)
.2020-01-20 15:13:38.103147 | eval'd: drake::cmq_buildtargetmetadepsspecht_is_subtargetconfig
2020-01-20 15:13:38.394904 | > DO_CALL (0.007s wait)
.2020-01-20 15:13:38.758664 | eval'd: drake::cmq_buildtargetmetadepsspecht_is_subtargetconfig
2020-01-20 15:13:39.021738 | > DO_CALL (0.011s wait)
.2020-01-20 15:13:39.392218 | eval'd: drake::cmq_buildtargetmetadepsspecht_is_subtargetconfig
2020-01-20 15:13:39.581351 | > DO_CALL (0.010s wait)
.2020-01-20 15:13:40.523715 | eval'd: drake::cmq_buildtargetmetadepsspecht_is_subtargetconfig
2020-01-20 15:13:40.882538 | > DO_CALL (0.012s wait)
.2020-01-20 15:13:41.217956 | eval'd: drake::cmq_buildtargetmetadepsspecht_is_subtargetconfig
2020-01-20 15:13:41.589750 | > DO_CALL (0.014s wait)
.2020-01-20 15:13:41.935940 | eval'd: drake::cmq_buildtargetmetadepsspecht_is_subtargetconfig
2020-01-20 15:13:42.190728 | > DO_CALL (0.020s wait)
.2020-01-20 15:13:42.554221 | eval'd: drake::cmq_buildtargetmetadepsspecht_is_subtargetconfig
2020-01-20 15:13:42.707379 | > DO_CALL (0.012s wait)
.2020-01-20 15:13:43.058943 | eval'd: drake::cmq_buildtargetmetadepsspecht_is_subtargetconfig
2020-01-20 15:13:43.531953 | > DO_CALL (0.011s wait)
.2020-01-20 15:13:44.472185 | eval'd: drake::cmq_buildtargetmetadepsspecht_is_subtargetconfig
2020-01-20 15:13:44.631580 | > DO_CALL (0.000s wait)
.2020-01-20 15:13:44.640768 | eval'd: drake::cmq_buildtargetmetadepsspecht_is_subtargetconfig
2020-01-20 15:13:45.063110 | > DO_CALL (0.025s wait)
.2020-01-20 15:13:45.441563 | eval'd: drake::cmq_buildtargetmetadepsspecht_is_subtargetconfig
2020-01-20 15:13:45.954602 | > DO_CALL (0.008s wait)
.2020-01-20 15:13:46.287134 | eval'd: drake::cmq_buildtargetmetadepsspecht_is_subtargetconfig
2020-01-20 15:13:48.797266 | > DO_CALL (0.011s wait)
.2020-01-20 15:13:49.146602 | eval'd: drake::cmq_buildtargetmetadepsspecht_is_subtargetconfig
2020-01-20 15:13:49.880936 | > DO_CALL (0.011s wait)
.2020-01-20 15:13:50.800387 | eval'd: drake::cmq_buildtargetmetadepsspecht_is_subtargetconfig
2020-01-20 15:13:51.248572 | > DO_CALL (0.018s wait)
.2020-01-20 15:13:51.611850 | eval'd: drake::cmq_buildtargetmetadepsspecht_is_subtargetconfig
2020-01-20 15:13:51.731065 | > DO_CALL (0.004s wait)
.2020-01-20 15:13:52.061361 | eval'd: drake::cmq_buildtargetmetadepsspecht_is_subtargetconfig
2020-01-20 15:13:52.601999 | > DO_CALL (0.017s wait)
.2020-01-20 15:13:52.964857 | eval'd: drake::cmq_buildtargetmetadepsspecht_is_subtargetconfig
2020-01-20 15:13:53.685349 | > DO_CALL (0.013s wait)
.2020-01-20 15:13:54.042822 | eval'd: drake::cmq_buildtargetmetadepsspecht_is_subtargetconfig
2020-01-20 15:13:54.831654 | > DO_CALL (0.024s wait)
.2020-01-20 15:13:55.792126 | eval'd: drake::cmq_buildtargetmetadepsspecht_is_subtargetconfig
2020-01-20 15:13:56.918797 | > DO_CALL (0.021s wait)
.2020-01-20 15:13:57.286169 | eval'd: drake::cmq_buildtargetmetadepsspecht_is_subtargetconfig
2020-01-20 15:13:58.035145 | > DO_CALL (0.022s wait)
.2020-01-20 15:13:58.403306 | eval'd: drake::cmq_buildtargetmetadepsspecht_is_subtargetconfig
2020-01-20 15:13:59.020553 | > DO_CALL (0.009s wait)
.2020-01-20 15:13:59.355431 | eval'd: drake::cmq_buildtargetmetadepsspecht_is_subtargetconfig
2020-01-20 15:13:59.994750 | > DO_CALL (0.010s wait)
.2020-01-20 15:14:00.924686 | eval'd: drake::cmq_buildtargetmetadepsspecht_is_subtargetconfig
2020-01-20 15:14:01.630848 | > DO_CALL (0.010s wait)
.2020-01-20 15:14:01.969720 | eval'd: drake::cmq_buildtargetmetadepsspecht_is_subtargetconfig
2020-01-20 15:14:02.210842 | > DO_CALL (0.013s wait)
.2020-01-20 15:14:02.567430 | eval'd: drake::cmq_buildtargetmetadepsspecht_is_subtargetconfig
2020-01-20 15:14:03.308421 | > DO_CALL (0.008s wait)
.2020-01-20 15:14:03.647457 | eval'd: drake::cmq_buildtargetmetadepsspecht_is_subtargetconfig
2020-01-20 15:14:04.757261 | > DO_CALL (0.010s wait)
.2020-01-20 15:14:05.672504 | eval'd: drake::cmq_buildtargetmetadepsspecht_is_subtargetconfig
2020-01-20 15:14:06.925105 | > DO_CALL (0.012s wait)
.2020-01-20 15:14:07.260142 | eval'd: drake::cmq_buildtargetmetadepsspecht_is_subtargetconfig
2020-01-20 15:14:07.989852 | > DO_CALL (0.015s wait)
.2020-01-20 15:14:08.344879 | eval'd: drake::cmq_buildtargetmetadepsspecht_is_subtargetconfig
2020-01-20 15:14:09.018992 | > DO_CALL (0.002s wait)
.2020-01-20 15:14:09.330129 | eval'd: drake::cmq_buildtargetmetadepsspecht_is_subtargetconfig
2020-01-20 15:14:10.315654 | > DO_CALL (0.024s wait)
.2020-01-20 15:14:10.687798 | eval'd: drake::cmq_buildtargetmetadepsspecht_is_subtargetconfig
2020-01-20 15:14:11.455178 | > DO_CALL (0.014s wait)
.2020-01-20 15:14:12.407047 | eval'd: drake::cmq_buildtargetmetadepsspecht_is_subtargetconfig
2020-01-20 15:14:12.641917 | > DO_CALL (0.013s wait)
.2020-01-20 15:14:12.997407 | eval'd: drake::cmq_buildtargetmetadepsspecht_is_subtargetconfig
2020-01-20 15:14:14.785825 | > DO_CALL (0.001s wait)
.2020-01-20 15:14:14.857911 | eval'd: drake::cmq_buildtargetmetadepsspecht_is_subtargetconfig
2020-01-20 15:14:16.031876 | > DO_CALL (0.017s wait)
.2020-01-20 15:14:16.398231 | eval'd: drake::cmq_buildtargetmetadepsspecht_is_subtargetconfig
2020-01-20 15:14:17.250408 | > DO_CALL (0.014s wait)
.2020-01-20 15:14:17.609483 | eval'd: drake::cmq_buildtargetmetadepsspecht_is_subtargetconfig
2020-01-20 15:14:18.258893 | > DO_CALL (0.012s wait)
.2020-01-20 15:14:19.187595 | eval'd: drake::cmq_buildtargetmetadepsspecht_is_subtargetconfig
2020-01-20 15:14:19.444142 | > DO_CALL (0.008s wait)
.2020-01-20 15:14:19.779065 | eval'd: drake::cmq_buildtargetmetadepsspecht_is_subtargetconfig
2020-01-20 15:14:20.638579 | > DO_CALL (0.000s wait)
.2020-01-20 15:14:20.647411 | eval'd: drake::cmq_buildtargetmetadepsspecht_is_subtargetconfig
2020-01-20 15:14:21.916983 | > DO_CALL (0.009s wait)
.2020-01-20 15:14:22.249168 | eval'd: drake::cmq_buildtargetmetadepsspecht_is_subtargetconfig
2020-01-20 15:14:24.116032 | > DO_CALL (0.009s wait)
.2020-01-20 15:14:24.455924 | eval'd: drake::cmq_buildtargetmetadepsspecht_is_subtargetconfig
2020-01-20 15:14:25.303834 | > DO_CALL (0.009s wait)
.2020-01-20 15:14:25.649971 | eval'd: drake::cmq_buildtargetmetadepsspecht_is_subtargetconfig
2020-01-20 15:14:26.453639 | > DO_CALL (0.000s wait)
.2020-01-20 15:14:27.046976 | eval'd: drake::cmq_buildtargetmetadepsspecht_is_subtargetconfig
2020-01-20 15:14:27.727104 | > DO_CALL (0.009s wait)
.2020-01-20 15:14:28.060861 | eval'd: drake::cmq_buildtargetmetadepsspecht_is_subtargetconfig
2020-01-20 15:14:28.928369 | > DO_CALL (0.015s wait)
.
2020-01-20 15:14:29.289420 | eval'd: drake::cmq_buildtargetmetadepsspecht_is_subtargetconfig
2020-01-20 15:14:30.056820 | > DO_CALL (0.003s wait)
.2020-01-20 15:14:30.246008 | eval'd: drake::cmq_buildtargetmetadepsspecht_is_subtargetconfig
2020-01-20 15:14:31.138592 | > DO_CALL (0.000s wait)
.2020-01-20 15:14:31.148365 | eval'd: drake::cmq_buildtargetmetadepsspecht_is_subtargetconfig
2020-01-20 15:14:33.689259 | > DO_CALL (0.019s wait)
.2020-01-20 15:14:34.049363 | eval'd: drake::cmq_buildtargetmetadepsspecht_is_subtargetconfig
2020-01-20 15:14:34.856939 | > DO_CALL (0.011s wait)
.2020-01-20 15:14:35.782264 | eval'd: drake::cmq_buildtargetmetadepsspecht_is_subtargetconfig
2020-01-20 15:14:36.281934 | > DO_CALL (0.010s wait)
.2020-01-20 15:14:36.616841 | eval'd: drake::cmq_buildtargetmetadepsspecht_is_subtargetconfig
2020-01-20 15:14:37.399558 | > DO_CALL (0.007s wait)
.2020-01-20 15:14:37.736421 | eval'd: drake::cmq_buildtargetmetadepsspecht_is_subtargetconfig
2020-01-20 15:14:38.640635 | > DO_CALL (0.014s wait)
.2020-01-20 15:14:38.999890 | eval'd: drake::cmq_buildtargetmetadepsspecht_is_subtargetconfig
2020-01-20 15:14:40.214850 | > DO_CALL (0.000s wait)
.2020-01-20 15:14:40.229886 | eval'd: drake::cmq_buildtargetmetadepsspecht_is_subtargetconfig
2020-01-20 15:14:43.043606 | > DO_CALL (0.003s wait)
.2020-01-20 15:14:43.367355 | eval'd: drake::cmq_buildtargetmetadepsspecht_is_subtargetconfig
2020-01-20 15:14:44.622085 | > DO_CALL (0.022s wait)
.2020-01-20 15:14:45.605439 | eval'd: drake::cmq_buildtargetmetadepsspecht_is_subtargetconfig
2020-01-20 15:14:46.039161 | > DO_CALL (0.009s wait)
.2020-01-20 15:14:46.375331 | eval'd: drake::cmq_buildtargetmetadepsspecht_is_subtargetconfig
2020-01-20 15:14:47.441678 | > DO_CALL (0.010s wait)
.2020-01-20 15:14:47.780996 | eval'd: drake::cmq_buildtargetmetadepsspecht_is_subtargetconfig
2020-01-20 15:14:48.887140 | > DO_CALL (0.021s wait)
.2020-01-20 15:14:49.252197 | eval'd: drake::cmq_buildtargetmetadepsspecht_is_subtargetconfig
2020-01-20 15:14:50.296846 | > DO_CALL (0.012s wait)
.2020-01-20 15:14:51.236212 | eval'd: drake::cmq_buildtargetmetadepsspecht_is_subtargetconfig
2020-01-20 15:14:52.850944 | > DO_CALL (0.015s wait)
.2020-01-20 15:14:53.206454 | eval'd: drake::cmq_buildtargetmetadepsspecht_is_subtargetconfig
2020-01-20 15:14:54.260044 | > DO_CALL (0.012s wait)
.2020-01-20 15:14:54.595813 | eval'd: drake::cmq_buildtargetmetadepsspecht_is_subtargetconfig
2020-01-20 15:14:55.588541 | > DO_CALL (0.013s wait)
.2020-01-20 15:14:55.938157 | eval'd: drake::cmq_buildtargetmetadepsspecht_is_subtargetconfig
2020-01-20 15:14:57.019814 | > DO_CALL (0.016s wait)
.2020-01-20 15:14:57.377260 | eval'd: drake::cmq_buildtargetmetadepsspecht_is_subtargetconfig
2020-01-20 15:14:58.398947 | > DO_CALL (0.012s wait)
.2020-01-20 15:14:59.415442 | eval'd: drake::cmq_buildtargetmetadepsspecht_is_subtargetconfig
2020-01-20 15:15:00.890891 | > DO_CALL (0.009s wait)
.2020-01-20 15:15:01.228880 | eval'd: drake::cmq_buildtargetmetadepsspecht_is_subtargetconfig
2020-01-20 15:15:02.306653 | > DO_CALL (0.006s wait)
.2020-01-20 15:15:02.626895 | eval'd: drake::cmq_buildtargetmetadepsspecht_is_subtargetconfig
2020-01-20 15:15:03.674110 | > DO_CALL (0.000s wait)
.2020-01-20 15:15:03.698735 | eval'd: drake::cmq_buildtargetmetadepsspecht_is_subtargetconfig
2020-01-20 15:15:05.168740 | > DO_CALL (0.012s wait)
.2020-01-20 15:15:05.514539 | eval'd: drake::cmq_buildtargetmetadepsspecht_is_subtargetconfig
2020-01-20 15:15:06.542238 | > DO_CALL (0.016s wait)
.2020-01-20 15:15:07.476349 | eval'd: drake::cmq_buildtargetmetadepsspecht_is_subtargetconfig
2020-01-20 15:15:07.851384 | > DO_CALL (0.021s wait)
.2020-01-20 15:15:08.217591 | eval'd: drake::cmq_buildtargetmetadepsspecht_is_subtargetconfig
2020-01-20 15:15:10.209961 | > DO_CALL (0.006s wait)
.2020-01-20 15:15:10.537625 | eval'd: drake::cmq_buildtargetmetadepsspecht_is_subtargetconfig
2020-01-20 15:15:11.587642 | > DO_CALL (0.002s wait)
.2020-01-20 15:15:11.775894 | eval'd: drake::cmq_buildtargetmetadepsspecht_is_subtargetconfig
2020-01-20 15:15:12.976481 | > DO_CALL (0.015s wait)
.2020-01-20 15:15:13.335139 | eval'd: drake::cmq_buildtargetmetadepsspecht_is_subtargetconfig
2020-01-20 15:15:14.223597 | > DO_CALL (0.010s wait)
.2020-01-20 15:15:15.230845 | eval'd: drake::cmq_buildtargetmetadepsspecht_is_subtargetconfig
2020-01-20 15:15:15.485424 | > DO_CALL (0.011s wait)
.2020-01-20 15:15:15.824484 | eval'd: drake::cmq_buildtargetmetadepsspecht_is_subtargetconfig
2020-01-20 15:15:18.049652 | > DO_CALL (0.020s wait)
.2020-01-20 15:15:18.409625 | eval'd: drake::cmq_buildtargetmetadepsspecht_is_subtargetconfig
2020-01-20 15:15:19.326458 | > DO_CALL (0.002s wait)
.2020-01-20 15:15:19.621242 | eval'd: drake::cmq_buildtargetmetadepsspecht_is_subtargetconfig
2020-01-20 15:15:20.731493 | > DO_CALL (0.018s wait)
.2020-01-20 15:15:21.687197 | eval'd: drake::cmq_buildtargetmetadepsspecht_is_subtargetconfig
2020-01-20 15:15:22.111457 | > DO_CALL (0.008s wait)
.2020-01-20 15:15:22.446682 | eval'd: drake::cmq_buildtargetmetadepsspecht_is_subtargetconfig
2020-01-20 15:15:23.540876 | > DO_CALL (0.010s wait)
.2020-01-20 15:15:23.879848 | eval'd: drake::cmq_buildtargetmetadepsspecht_is_subtargetconfig
2020-01-20 15:15:24.834243 | > DO_CALL (0.007s wait)
.2020-01-20 15:15:25.162259 | eval'd: drake::cmq_buildtargetmetadepsspecht_is_subtargetconfig
2020-01-20 15:15:27.496760 | > DO_CALL (0.051s wait)
.2020-01-20 15:15:27.910469 | eval'd: drake::cmq_buildtargetmetadepsspecht_is_subtargetconfig
2020-01-20 15:15:28.752483 | > DO_CALL (0.020s wait)
.2020-01-20 15:15:29.783473 | eval'd: drake::cmq_buildtargetmetadepsspecht_is_subtargetconfig
2020-01-20 15:15:30.184062 | > DO_CALL (0.008s wait)
.2020-01-20 15:15:30.517130 | eval'd: drake::cmq_buildtargetmetadepsspecht_is_subtargetconfig
2020-01-20 15:15:31.571809 | > DO_CALL (0.006s wait)
.2020-01-20 15:15:31.902547 | eval'd: drake::cmq_buildtargetmetadepsspecht_is_subtargetconfig
2020-01-20 15:15:32.903688 | > DO_CALL (0.000s wait)
.2020-01-20 15:15:32.912605 | eval'd: drake::cmq_buildtargetmetadepsspecht_is_subtargetconfig
2020-01-20 15:15:35.452513 | > DO_CALL (0.013s wait)
.2020-01-20 15:15:35.801521 | eval'd: drake::cmq_buildtargetmetadepsspecht_is_subtargetconfig
2020-01-20 15:15:36.905978 | > DO_CALL (0.012s wait)
.2020-01-20 15:15:37.819813 | eval'd: drake::cmq_buildtargetmetadepsspecht_is_subtargetconfig
2020-01-20 15:15:38.422662 | > DO_CALL (0.014s wait)
.2020-01-20 15:15:38.780381 | eval'd: drake::cmq_buildtargetmetadepsspecht_is_subtargetconfig
2020-01-20 15:15:39.930878 | > DO_CALL (0.014s wait)
.2020-01-20 15:15:40.285626 | eval'd: drake::cmq_buildtargetmetadepsspecht_is_subtargetconfig
2020-01-20 15:15:41.291694 | > DO_CALL (0.007s wait)
.2020-01-20 15:15:41.623433 | eval'd: drake::cmq_buildtargetmetadepsspecht_is_subtargetconfig
2020-01-20 15:15:42.562520 | > DO_CALL (0.012s wait)
.2020-01-20 15:15:43.549191 | eval'd: drake::cmq_buildtargetmetadepsspecht_is_subtargetconfig
2020-01-20 15:15:45.306168 | > DO_CALL (0.004s wait)
.2020-01-20 15:15:45.622489 | eval'd: drake::cmq_buildtargetmetadepsspecht_is_subtargetconfig
2020-01-20 15:15:46.776434 | > DO_CALL (0.008s wait)
.2020-01-20 15:15:47.109422 | eval'd: drake::cmq_buildtargetmetadepsspecht_is_subtargetconfig
2020-01-20 15:15:48.213701 | > DO_CALL (0.013s wait)
.2020-01-20 15:15:48.564313 | eval'd: drake::cmq_buildtargetmetadepsspecht_is_subtargetconfig
2020-01-20 15:15:49.563196 | > DO_CALL (0.008s wait)
.2020-01-20 15:15:49.897700 | eval'd: drake::cmq_buildtargetmetadepsspecht_is_subtargetconfig
2020-01-20 15:15:51.003659 | > DO_CALL (0.019s wait)
.2020-01-20 15:15:51.945642 | eval'd: drake::cmq_buildtargetmetadepsspecht_is_subtargetconfig
2020-01-20 15:15:52.459434 | > DO_CALL (0.014s wait)
.2020-01-20 15:15:52.808620 | eval'd: drake::cmq_buildtargetmetadepsspecht_is_subtargetconfig
2020-01-20 15:15:55.316535 | > DO_CALL (0.004s wait)
.2020-01-20 15:15:55.623941 | eval'd: drake::cmq_buildtargetmetadepsspecht_is_subtargetconfig
2020-01-20 15:15:56.653809 | > DO_CALL (0.000s wait)
.2020-01-20 15:15:56.666824 | eval'd: drake::cmq_buildtargetmetadepsspecht_is_subtargetconfig
2020-01-20 15:15:58.094528 | > DO_CALL (0.014s wait)
.2020-01-20 15:15:58.446514 | eval'd: drake::cmq_buildtargetmetadepsspecht_is_subtargetconfig
2020-01-20 15:15:59.358699 | > DO_CALL (0.000s wait)
.2020-01-20 15:15:59.367340 | eval'd: drake::cmq_buildtargetmetadepsspecht_is_subtargetconfig
2020-01-20 15:16:00.653719 | > DO_CALL (0.000s wait)
.2020-01-20 15:16:00.663508 | eval'd: drake::cmq_buildtargetmetadepsspecht_is_subtargetconfig
2020-01-20 15:16:03.236043 | > DO_CALL (0.006s wait)
.2020-01-20 15:16:05.577806 | eval'd: drake::cmq_buildtargetmetadepsspecht_is_subtargetconfig
2020-01-20 15:16:07.114131 | > DO_CALL (0.009s wait)
.2020-01-20 15:16:07.439536 | eval'd: drake::cmq_buildtargetmetadepsspecht_is_subtargetconfig
2020-01-20 15:16:08.572656 | > DO_CALL (0.011s wait)
.2020-01-20 15:16:08.897586 | eval'd: drake::cmq_buildtargetmetadepsspecht_is_subtargetconfig
2020-01-20 15:16:10.006687 | > DO_CALL (0.007s wait)
.2020-01-20 15:16:10.325394 | eval'd: drake::cmq_buildtargetmetadepsspecht_is_subtargetconfig
2020-01-20 15:16:12.437490 | > DO_CALL (0.006s wait)
.2020-01-20 15:16:12.752565 | eval'd: drake::cmq_buildtargetmetadepsspecht_is_subtargetconfig
2020-01-20 15:16:13.937162 | > DO_CALL (0.018s wait)
.2020-01-20 15:16:14.915916 | eval'd: drake::cmq_buildtargetmetadepsspecht_is_subtargetconfig
2020-01-20 15:16:16.434704 | > DO_CALL (0.026s wait)
.2020-01-20 15:16:16.806518 | eval'd: drake::cmq_buildtargetmetadepsspecht_is_subtargetconfig
2020-01-20 15:16:17.791142 | > DO_CALL (0.019s wait)
.2020-01-20 15:16:18.145115 | eval'd: drake::cmq_buildtargetmetadepsspecht_is_subtargetconfig
2020-01-20 15:16:19.091278 | > DO_CALL (0.010s wait)
.2020-01-20 15:16:19.427488 | eval'd: drake::cmq_buildtargetmetadepsspecht_is_subtargetconfig
2020-01-20 15:16:21.500939 | > DO_CALL (0.007s wait)
.2020-01-20 15:16:22.417108 | eval'd: drake::cmq_buildtargetmetadepsspecht_is_subtargetconfig
2020-01-20 15:16:22.998183 | > DO_CALL (0.011s wait)
.2020-01-20 15:16:23.332711 | eval'd: drake::cmq_buildtargetmetadepsspecht_is_subtargetconfig
2020-01-20 15:16:24.393187 | > DO_CALL (0.018s wait)
.2020-01-20 15:16:24.737658 | eval'd: drake::cmq_buildtargetmetadepsspecht_is_subtargetconfig
2020-01-20 15:16:25.763555 | > DO_CALL (0.016s wait)
.2020-01-20 15:16:26.109117 | eval'd: drake::cmq_buildtargetmetadepsspecht_is_subtargetconfig
2020-01-20 15:16:27.118278 | > DO_CALL (0.011s wait)
.2020-01-20 15:16:27.467113 | eval'd: drake::cmq_buildtargetmetadepsspecht_is_subtargetconfig
2020-01-20 15:16:29.543512 | > DO_CALL (0.012s wait)
.2020-01-20 15:16:30.517025 | eval'd: drake::cmq_buildtargetmetadepsspecht_is_subtargetconfig
2020-01-20 15:16:30.978743 | > DO_CALL (0.014s wait)
.2020-01-20 15:16:31.325906 | eval'd: drake::cmq_buildtargetmetadepsspecht_is_subtargetconfig
2020-01-20 15:16:32.650584 | > DO_CALL (0.011s wait)
.2020-01-20 15:16:32.993407 | eval'd: drake::cmq_buildtargetmetadepsspecht_is_subtargetconfig
2020-01-20 15:16:34.100829 | > DO_CALL (0.001s wait)
.2020-01-20 15:16:34.214642 | eval'd: drake::cmq_buildtargetmetadepsspecht_is_subtargetconfig
2020-01-20 15:16:35.593636 | > DO_CALL (0.022s wait)
.2020-01-20 15:16:35.968783 | eval'd: drake::cmq_buildtargetmetadepsspecht_is_subtargetconfig
2020-01-20 15:16:38.130187 | > DO_CALL (0.015s wait)
.2020-01-20 15:16:39.061412 | eval'd: drake::cmq_buildtargetmetadepsspecht_is_subtargetconfig
2020-01-20 15:16:39.605713 | > DO_CALL (0.018s wait)
.
2020-01-20 15:16:39.951168 | eval'd: drake::cmq_buildtargetmetadepsspecht_is_subtargetconfig
2020-01-20 15:16:41.104609 | > DO_CALL (0.023s wait)
.2020-01-20 15:16:41.460431 | eval'd: drake::cmq_buildtargetmetadepsspecht_is_subtargetconfig
2020-01-20 15:16:42.579785 | > DO_CALL (0.009s wait)
.2020-01-20 15:16:42.905938 | eval'd: drake::cmq_buildtargetmetadepsspecht_is_subtargetconfig
2020-01-20 15:16:44.101307 | > DO_CALL (0.007s wait)
.2020-01-20 15:16:45.038802 | eval'd: drake::cmq_buildtargetmetadepsspecht_is_subtargetconfig
2020-01-20 15:16:46.602819 | > DO_CALL (0.000s wait)
.2020-01-20 15:16:46.613218 | eval'd: drake::cmq_buildtargetmetadepsspecht_is_subtargetconfig
2020-01-20 15:16:48.197108 | > DO_CALL (0.009s wait)
.2020-01-20 15:16:48.530688 | eval'd: drake::cmq_buildtargetmetadepsspecht_is_subtargetconfig
2020-01-20 15:16:49.732116 | > DO_CALL (0.016s wait)
.2020-01-20 15:16:50.090357 | eval'd: drake::cmq_buildtargetmetadepsspecht_is_subtargetconfig
2020-01-20 15:16:51.313768 | > DO_CALL (0.010s wait)
.2020-01-20 15:16:51.644306 | eval'd: drake::cmq_buildtargetmetadepsspecht_is_subtargetconfig
2020-01-20 15:16:52.899193 | > DO_CALL (0.021s wait)
.2020-01-20 15:16:53.260832 | eval'd: drake::cmq_buildtargetmetadepsspecht_is_subtargetconfig
2020-01-20 15:16:54.442089 | > DO_CALL (0.009s wait)
.2020-01-20 15:16:55.350866 | eval'd: drake::cmq_buildtargetmetadepsspecht_is_subtargetconfig
2020-01-20 15:16:57.233902 | > DO_CALL (0.006s wait)
.2020-01-20 15:16:57.553343 | eval'd: drake::cmq_buildtargetmetadepsspecht_is_subtargetconfig
2020-01-20 15:16:58.848825 | > DO_CALL (0.019s wait)
.2020-01-20 15:16:59.201838 | eval'd: drake::cmq_buildtargetmetadepsspecht_is_subtargetconfig
2020-01-20 15:17:00.335666 | > DO_CALL (0.007s wait)
.2020-01-20 15:17:00.655609 | eval'd: drake::cmq_buildtargetmetadepsspecht_is_subtargetconfig
2020-01-20 15:17:01.922712 | > DO_CALL (0.014s wait)
.2020-01-20 15:17:02.861845 | eval'd: drake::cmq_buildtargetmetadepsspecht_is_subtargetconfig
2020-01-20 15:17:03.382283 | > DO_CALL (0.000s wait)
.2020-01-20 15:17:03.437345 | eval'd: drake::cmq_buildtargetmetadepsspecht_is_subtargetconfig
2020-01-20 15:17:06.411002 | > DO_CALL (0.008s wait)
.2020-01-20 15:17:06.739291 | eval'd: drake::cmq_buildtargetmetadepsspecht_is_subtargetconfig
2020-01-20 15:17:08.013695 | > DO_CALL (0.022s wait)
.2020-01-20 15:17:08.373642 | eval'd: drake::cmq_buildtargetmetadepsspecht_is_subtargetconfig
2020-01-20 15:17:09.448800 | > DO_CALL (0.000s wait)
.2020-01-20 15:17:09.457717 | eval'd: drake::cmq_buildtargetmetadepsspecht_is_subtargetconfig
2020-01-20 15:17:10.975090 | > DO_CALL (0.005s wait)
.2020-01-20 15:17:11.290236 | eval'd: drake::cmq_buildtargetmetadepsspecht_is_subtargetconfig
2020-01-20 15:17:12.539380 | > DO_CALL (0.008s wait)
.2020-01-20 15:17:13.454071 | eval'd: drake::cmq_buildtargetmetadepsspecht_is_subtargetconfig
2020-01-20 15:17:15.276133 | > DO_CALL (0.011s wait)
.2020-01-20 15:17:15.603758 | eval'd: drake::cmq_buildtargetmetadepsspecht_is_subtargetconfig
2020-01-20 15:17:16.758618 | > DO_CALL (0.010s wait)
.2020-01-20 15:17:17.086047 | eval'd: drake::cmq_buildtargetmetadepsspecht_is_subtargetconfig
2020-01-20 15:17:18.390294 | > DO_CALL (0.019s wait)
.2020-01-20 15:17:18.746500 | eval'd: drake::cmq_buildtargetmetadepsspecht_is_subtargetconfig
2020-01-20 15:17:19.816965 | > DO_CALL (0.005s wait)
.2020-01-20 15:17:20.132545 | eval'd: drake::cmq_buildtargetmetadepsspecht_is_subtargetconfig
2020-01-20 15:17:21.366810 | > DO_CALL (0.018s wait)
.2020-01-20 15:17:22.302563 | eval'd: drake::cmq_buildtargetmetadepsspecht_is_subtargetconfig
2020-01-20 15:17:23.870272 | > DO_CALL (0.010s wait)
.2020-01-20 15:17:24.200763 | eval'd: drake::cmq_buildtargetmetadepsspecht_is_subtargetconfig
2020-01-20 15:17:25.276729 | > DO_CALL (0.019s wait)
.2020-01-20 15:17:25.628380 | eval'd: drake::cmq_buildtargetmetadepsspecht_is_subtargetconfig
2020-01-20 15:17:26.581551 | > DO_CALL (0.004s wait)
.2020-01-20 15:17:26.899861 | eval'd: drake::cmq_buildtargetmetadepsspecht_is_subtargetconfig
2020-01-20 15:17:27.900532 | > DO_CALL (0.008s wait)
.2020-01-20 15:17:28.820136 | eval'd: drake::cmq_buildtargetmetadepsspecht_is_subtargetconfig
2020-01-20 15:17:29.076724 | > DO_CALL (0.007s wait)
.2020-01-20 15:17:29.397553 | eval'd: drake::cmq_buildtargetmetadepsspecht_is_subtargetconfig
2020-01-20 15:17:31.413636 | > DO_CALL (0.016s wait)
.2020-01-20 15:17:31.762882 | eval'd: drake::cmq_buildtargetmetadepsspecht_is_subtargetconfig
2020-01-20 15:17:32.627918 | > DO_CALL (0.007s wait)
.2020-01-20 15:17:32.948134 | eval'd: drake::cmq_buildtargetmetadepsspecht_is_subtargetconfig
2020-01-20 15:17:33.296039 | > DO_CALL (0.011s wait)
.2020-01-20 15:17:33.632580 | eval'd: drake::cmq_buildtargetmetadepsspecht_is_subtargetconfig
2020-01-20 15:17:34.817528 | > DO_CALL (0.013s wait)
.2020-01-20 15:17:35.751612 | eval'd: drake::cmq_buildtargetmetadepsspecht_is_subtargetconfig
2020-01-20 15:17:36.259132 | > DO_CALL (0.001s wait)
.2020-01-20 15:17:36.313487 | eval'd: drake::cmq_buildtargetmetadepsspecht_is_subtargetconfig
2020-01-20 15:17:37.738924 | > DO_CALL (0.015s wait)
.2020-01-20 15:17:38.088391 | eval'd: drake::cmq_buildtargetmetadepsspecht_is_subtargetconfig
2020-01-20 15:17:40.354976 | > DO_CALL (0.009s wait)
.2020-01-20 15:17:40.689353 | eval'd: drake::cmq_buildtargetmetadepsspecht_is_subtargetconfig
2020-01-20 15:17:41.857717 | > DO_CALL (0.012s wait)
.2020-01-20 15:17:42.197161 | eval'd: drake::cmq_buildtargetmetadepsspecht_is_subtargetconfig
2020-01-20 15:17:43.460058 | > DO_CALL (0.017s wait)
.2020-01-20 15:17:44.394870 | eval'd: drake::cmq_buildtargetmetadepsspecht_is_subtargetconfig
2020-01-20 15:17:44.909508 | > DO_CALL (0.013s wait)
.2020-01-20 15:17:45.242108 | eval'd: drake::cmq_buildtargetmetadepsspecht_is_subtargetconfig
2020-01-20 15:17:46.516201 | > DO_CALL (0.012s wait)
.2020-01-20 15:17:46.857400 | eval'd: drake::cmq_buildtargetmetadepsspecht_is_subtargetconfig
2020-01-20 15:17:49.180942 | > DO_CALL (0.012s wait)
.2020-01-20 15:17:49.523463 | eval'd: drake::cmq_buildtargetmetadepsspecht_is_subtargetconfig
2020-01-20 15:17:50.594258 | > DO_CALL (0.002s wait)
.2020-01-20 15:17:50.681817 | eval'd: drake::cmq_buildtargetmetadepsspecht_is_subtargetconfig
2020-01-20 15:17:52.047068 | > DO_CALL (0.011s wait)
.2020-01-20 15:17:52.977582 | eval'd: drake::cmq_buildtargetmetadepsspecht_is_subtargetconfig
2020-01-20 15:17:53.572354 | > DO_CALL (0.015s wait)
.2020-01-20 15:17:53.924443 | eval'd: drake::cmq_buildtargetmetadepsspecht_is_subtargetconfig
2020-01-20 15:17:54.860904 | > DO_CALL (0.007s wait)
.2020-01-20 15:17:55.175718 | eval'd: drake::cmq_buildtargetmetadepsspecht_is_subtargetconfig
2020-01-20 15:17:57.459542 | > DO_CALL (0.021s wait)
.2020-01-20 15:17:57.823532 | eval'd: drake::cmq_buildtargetmetadepsspecht_is_subtargetconfig
2020-01-20 15:17:58.935338 | > DO_CALL (0.019s wait)
.2020-01-20 15:17:59.297688 | eval'd: drake::cmq_buildtargetmetadepsspecht_is_subtargetconfig
2020-01-20 15:18:00.471909 | > DO_CALL (0.012s wait)
.2020-01-20 15:18:01.398372 | eval'd: drake::cmq_buildtargetmetadepsspecht_is_subtargetconfig
2020-01-20 15:18:02.001513 | > DO_CALL (0.012s wait)
.2020-01-20 15:18:02.332986 | eval'd: drake::cmq_buildtargetmetadepsspecht_is_subtargetconfig
2020-01-20 15:18:03.565083 | > DO_CALL (0.014s wait)
.2020-01-20 15:18:03.915379 | eval'd: drake::cmq_buildtargetmetadepsspecht_is_subtargetconfig
2020-01-20 15:18:06.022469 | > DO_CALL (0.012s wait)
.2020-01-20 15:18:06.349533 | eval'd: drake::cmq_buildtargetmetadepsspecht_is_subtargetconfig
2020-01-20 15:18:07.481611 | > DO_CALL (0.012s wait)
.2020-01-20 15:18:08.410836 | eval'd: drake::cmq_buildtargetmetadepsspecht_is_subtargetconfig
2020-01-20 15:18:08.900377 | > DO_CALL (0.014s wait)
.2020-01-20 15:18:09.247453 | eval'd: drake::cmq_buildtargetmetadepsspecht_is_subtargetconfig
2020-01-20 15:18:10.376807 | > DO_CALL (0.016s wait)
.2020-01-20 15:18:10.728031 | eval'd: drake::cmq_buildtargetmetadepsspecht_is_subtargetconfig
2020-01-20 15:18:11.820241 | > DO_CALL (0.009s wait)
.2020-01-20 15:18:12.147533 | eval'd: drake::cmq_buildtargetmetadepsspecht_is_subtargetconfig
2020-01-20 15:18:14.721516 | > DO_CALL (0.012s wait)
.2020-01-20 15:18:15.655835 | eval'd: drake::cmq_buildtargetmetadepsspecht_is_subtargetconfig
2020-01-20 15:18:16.255385 | > DO_CALL (0.015s wait)
.2020-01-20 15:18:16.604022 | eval'd: drake::cmq_buildtargetmetadepsspecht_is_subtargetconfig
2020-01-20 15:18:17.787078 | > DO_CALL (0.019s wait)
.2020-01-20 15:18:18.135548 | eval'd: drake::cmq_buildtargetmetadepsspecht_is_subtargetconfig
2020-01-20 15:18:19.112683 | > DO_CALL (0.000s wait)
.2020-01-20 15:18:19.121735 | eval'd: drake::cmq_buildtargetmetadepsspecht_is_subtargetconfig
2020-01-20 15:18:20.648316 | > DO_CALL (0.018s wait)
.2020-01-20 15:18:20.998475 | eval'd: drake::cmq_buildtargetmetadepsspecht_is_subtargetconfig
2020-01-20 15:18:23.619640 | > DO_CALL (0.019s wait)
.2020-01-20 15:18:23.977914 | eval'd: drake::cmq_buildtargetmetadepsspecht_is_subtargetconfig
2020-01-20 15:18:25.080702 | > DO_CALL (0.006s wait)
.2020-01-20 15:18:26.021925 | eval'd: drake::cmq_buildtargetmetadepsspecht_is_subtargetconfig
2020-01-20 15:18:26.647791 | > DO_CALL (0.015s wait)
.2020-01-20 15:18:26.993369 | eval'd: drake::cmq_buildtargetmetadepsspecht_is_subtargetconfig
2020-01-20 15:18:28.088813 | > DO_CALL (0.009s wait)
.2020-01-20 15:18:28.418425 | eval'd: drake::cmq_buildtargetmetadepsspecht_is_subtargetconfig
2020-01-20 15:18:29.403364 | > DO_CALL (0.001s wait)
.2020-01-20 15:18:29.409167 | eval'd: drake::cmq_buildtargetmetadepsspecht_is_subtargetconfig
2020-01-20 15:18:31.835393 | > DO_CALL (0.001s wait)
.2020-01-20 15:18:34.161117 | eval'd: drake::cmq_buildtargetmetadepsspecht_is_subtargetconfig
2020-01-20 15:18:34.414511 | > DO_CALL (0.001s wait)
.2020-01-20 15:18:34.420729 | eval'd: drake::cmq_buildtargetmetadepsspecht_is_subtargetconfig
2020-01-20 15:18:34.795480 | > DO_CALL (0.001s wait)
.2020-01-20 15:18:34.801279 | eval'd: drake::cmq_buildtargetmetadepsspecht_is_subtargetconfig
2020-01-20 15:18:35.783449 | > DO_CALL (0.001s wait)
.2020-01-20 15:18:35.789189 | eval'd: drake::cmq_buildtargetmetadepsspecht_is_subtargetconfig
2020-01-20 15:18:36.847456 | > DO_CALL (0.001s wait)
.2020-01-20 15:18:36.853235 | eval'd: drake::cmq_buildtargetmetadepsspecht_is_subtargetconfig
2020-01-20 15:18:38.968542 | > DO_CALL (0.001s wait)
.2020-01-20 15:18:38.974367 | eval'd: drake::cmq_buildtargetmetadepsspecht_is_subtargetconfig
2020-01-20 15:18:40.062501 | > DO_CALL (0.001s wait)
.2020-01-20 15:18:40.068299 | eval'd: drake::cmq_buildtargetmetadepsspecht_is_subtargetconfig
2020-01-20 15:18:41.181480 | > DO_CALL (0.001s wait)
.2020-01-20 15:18:41.187199 | eval'd: drake::cmq_buildtargetmetadepsspecht_is_subtargetconfig
2020-01-20 15:18:42.273494 | > DO_CALL (0.001s wait)
.2020-01-20 15:18:42.279240 | eval'd: drake::cmq_buildtargetmetadepsspecht_is_subtargetconfig
2020-01-20 15:18:43.321527 | > DO_CALL (0.001s wait)
.2020-01-20 15:18:43.327321 | eval'd: drake::cmq_buildtargetmetadepsspecht_is_subtargetconfig
2020-01-20 15:18:45.419561 | > DO_CALL (0.001s wait)
.2020-01-20 15:18:45.425371 | eval'd: drake::cmq_buildtargetmetadepsspecht_is_subtargetconfig
2020-01-20 15:18:46.527465 | > DO_CALL (0.001s wait)
.2020-01-20 15:18:46.533138 | eval'd: drake::cmq_buildtargetmetadepsspecht_is_subtargetconfig
2020-01-20 15:18:47.636472 | > DO_CALL (0.001s wait)
.2020-01-20 15:18:47.642155 | eval'd: drake::cmq_buildtargetmetadepsspecht_is_subtargetconfig
2020-01-20 15:18:48.738538 | > DO_CALL (0.001s wait)
.
2020-01-20 15:18:48.746137 | eval'd: drake::cmq_buildtargetmetadepsspecht_is_subtargetconfig
2020-01-20 15:18:49.796497 | > DO_CALL (0.001s wait)
.2020-01-20 15:18:49.802281 | eval'd: drake::cmq_buildtargetmetadepsspecht_is_subtargetconfig
2020-01-20 15:18:51.963451 | > DO_CALL (0.001s wait)
.2020-01-20 15:18:51.969012 | eval'd: drake::cmq_buildtargetmetadepsspecht_is_subtargetconfig
2020-01-20 15:18:53.059511 | > DO_CALL (0.001s wait)
.2020-01-20 15:18:53.065230 | eval'd: drake::cmq_buildtargetmetadepsspecht_is_subtargetconfig
2020-01-20 15:18:54.125467 | > DO_CALL (0.001s wait)
.2020-01-20 15:18:54.131257 | eval'd: drake::cmq_buildtargetmetadepsspecht_is_subtargetconfig
2020-01-20 15:18:55.168459 | > DO_CALL (0.001s wait)
.2020-01-20 15:18:55.174773 | eval'd: drake::cmq_buildtargetmetadepsspecht_is_subtargetconfig
2020-01-20 15:18:56.229478 | > DO_CALL (0.001s wait)
.2020-01-20 15:18:56.236224 | eval'd: drake::cmq_buildtargetmetadepsspecht_is_subtargetconfig
2020-01-20 15:18:58.340021 | > DO_CALL (0.000s wait)
.2020-01-20 15:18:58.344591 | eval'd: drake::cmq_buildtargetmetadepsspecht_is_subtargetconfig
2020-01-20 15:18:59.433548 | > DO_CALL (0.001s wait)
.2020-01-20 15:18:59.440146 | eval'd: drake::cmq_buildtargetmetadepsspecht_is_subtargetconfig
2020-01-20 15:19:00.498545 | > DO_CALL (0.001s wait)
.2020-01-20 15:19:00.505116 | eval'd: drake::cmq_buildtargetmetadepsspecht_is_subtargetconfig
2020-01-20 15:19:01.563441 | > DO_CALL (0.001s wait)
.2020-01-20 15:19:01.569900 | eval'd: drake::cmq_buildtargetmetadepsspecht_is_subtargetconfig
2020-01-20 15:19:02.648497 | > DO_CALL (0.001s wait)
.2020-01-20 15:19:02.655066 | eval'd: drake::cmq_buildtargetmetadepsspecht_is_subtargetconfig
2020-01-20 15:19:04.792455 | > DO_CALL (0.001s wait)
.2020-01-20 15:19:04.799510 | eval'd: drake::cmq_buildtargetmetadepsspecht_is_subtargetconfig
2020-01-20 15:19:05.846522 | > DO_CALL (0.001s wait)
.2020-01-20 15:19:05.853067 | eval'd: drake::cmq_buildtargetmetadepsspecht_is_subtargetconfig
2020-01-20 15:19:06.901533 | > DO_CALL (0.001s wait)
.2020-01-20 15:19:06.908005 | eval'd: drake::cmq_buildtargetmetadepsspecht_is_subtargetconfig
2020-01-20 15:19:07.949429 | > DO_CALL (0.001s wait)
.2020-01-20 15:19:07.955905 | eval'd: drake::cmq_buildtargetmetadepsspecht_is_subtargetconfig
2020-01-20 15:19:09.007943 | > DO_CALL (0.000s wait)
.2020-01-20 15:19:09.013125 | eval'd: drake::cmq_buildtargetmetadepsspecht_is_subtargetconfig
2020-01-20 15:19:11.137567 | > DO_CALL (0.001s wait)
.2020-01-20 15:19:11.144179 | eval'd: drake::cmq_buildtargetmetadepsspecht_is_subtargetconfig
2020-01-20 15:19:12.512487 | > DO_CALL (0.001s wait)
.2020-01-20 15:19:12.518784 | eval'd: drake::cmq_buildtargetmetadepsspecht_is_subtargetconfig
2020-01-20 15:19:13.669421 | > DO_CALL (0.001s wait)
.2020-01-20 15:19:13.675741 | eval'd: drake::cmq_buildtargetmetadepsspecht_is_subtargetconfig
2020-01-20 15:19:14.790454 | > DO_CALL (0.001s wait)
.2020-01-20 15:19:14.796856 | eval'd: drake::cmq_buildtargetmetadepsspecht_is_subtargetconfig
2020-01-20 15:19:15.889482 | > DO_CALL (0.001s wait)
.2020-01-20 15:19:15.896066 | eval'd: drake::cmq_buildtargetmetadepsspecht_is_subtargetconfig
2020-01-20 15:19:18.123534 | > DO_CALL (0.001s wait)
.2020-01-20 15:19:18.129888 | eval'd: drake::cmq_buildtargetmetadepsspecht_is_subtargetconfig
2020-01-20 15:19:19.232615 | > DO_CALL (0.001s wait)
.2020-01-20 15:19:19.237594 | eval'd: drake::cmq_buildtargetmetadepsspecht_is_subtargetconfig
2020-01-20 15:19:20.358808 | > DO_CALL (0.000s wait)
.2020-01-20 15:19:20.363296 | eval'd: drake::cmq_buildtargetmetadepsspecht_is_subtargetconfig
2020-01-20 15:19:21.461088 | > DO_CALL (0.000s wait)
.2020-01-20 15:19:21.465757 | eval'd: drake::cmq_buildtargetmetadepsspecht_is_subtargetconfig
2020-01-20 15:19:22.595550 | > DO_CALL (0.000s wait)
.2020-01-20 15:19:22.600052 | eval'd: drake::cmq_buildtargetmetadepsspecht_is_subtargetconfig
2020-01-20 15:19:24.998582 | > DO_CALL (0.001s wait)
.2020-01-20 15:19:25.005569 | eval'd: drake::cmq_buildtargetmetadepsspecht_is_subtargetconfig
2020-01-20 15:19:26.233545 | > DO_CALL (0.001s wait)
.2020-01-20 15:19:26.240016 | eval'd: drake::cmq_buildtargetmetadepsspecht_is_subtargetconfig
2020-01-20 15:19:27.382291 | > DO_CALL (0.000s wait)
.2020-01-20 15:19:27.386881 | eval'd: drake::cmq_buildtargetmetadepsspecht_is_subtargetconfig
2020-01-20 15:19:28.556511 | > DO_CALL (0.001s wait)
.2020-01-20 15:19:28.563073 | eval'd: drake::cmq_buildtargetmetadepsspecht_is_subtargetconfig
2020-01-20 15:19:31.071521 | > DO_CALL (0.001s wait)
.2020-01-20 15:19:31.078061 | eval'd: drake::cmq_buildtargetmetadepsspecht_is_subtargetconfig
2020-01-20 15:19:32.061283 | > DO_CALL (0.001s wait)
.2020-01-20 15:19:32.067907 | eval'd: drake::cmq_buildtargetmetadepsspecht_is_subtargetconfig
2020-01-20 15:19:33.097951 | > DO_CALL (0.001s wait)
.2020-01-20 15:19:33.104311 | eval'd: drake::cmq_buildtargetmetadepsspecht_is_subtargetconfig
2020-01-20 15:19:34.126624 | > DO_CALL (0.001s wait)
.2020-01-20 15:19:34.133263 | eval'd: drake::cmq_buildtargetmetadepsspecht_is_subtargetconfig
2020-01-20 15:19:35.105807 | > DO_CALL (0.001s wait)
.2020-01-20 15:19:35.112369 | eval'd: drake::cmq_buildtargetmetadepsspecht_is_subtargetconfig
2020-01-20 15:19:37.213805 | > DO_CALL (0.001s wait)
.2020-01-20 15:19:37.220337 | eval'd: drake::cmq_buildtargetmetadepsspecht_is_subtargetconfig
2020-01-20 15:19:38.218550 | > DO_CALL (0.001s wait)
.2020-01-20 15:19:38.224891 | eval'd: drake::cmq_buildtargetmetadepsspecht_is_subtargetconfig
2020-01-20 15:19:39.195328 | > DO_CALL (0.001s wait)
.2020-01-20 15:19:39.201857 | eval'd: drake::cmq_buildtargetmetadepsspecht_is_subtargetconfig
2020-01-20 15:19:40.208429 | > DO_CALL (0.001s wait)
.2020-01-20 15:19:40.213391 | eval'd: drake::cmq_buildtargetmetadepsspecht_is_subtargetconfig
2020-01-20 15:19:41.187000 | > DO_CALL (0.001s wait)
.2020-01-20 15:19:41.193354 | eval'd: drake::cmq_buildtargetmetadepsspecht_is_subtargetconfig
2020-01-20 15:19:43.169433 | > DO_CALL (0.001s wait)
.2020-01-20 15:19:43.175917 | eval'd: drake::cmq_buildtargetmetadepsspecht_is_subtargetconfig
2020-01-20 15:19:44.148331 | > DO_CALL (0.001s wait)
.2020-01-20 15:19:44.157782 | eval'd: drake::cmq_buildtargetmetadepsspecht_is_subtargetconfig
2020-01-20 15:19:45.253654 | > DO_CALL (0.001s wait)
.2020-01-20 15:19:45.260330 | eval'd: drake::cmq_buildtargetmetadepsspecht_is_subtargetconfig
2020-01-20 15:19:46.399499 | > DO_CALL (0.001s wait)
.2020-01-20 15:19:46.405824 | eval'd: drake::cmq_buildtargetmetadepsspecht_is_subtargetconfig
2020-01-20 15:19:48.592506 | > DO_CALL (0.001s wait)
.2020-01-20 15:19:48.598762 | eval'd: drake::cmq_buildtargetmetadepsspecht_is_subtargetconfig
2020-01-20 15:19:49.736611 | > DO_CALL (0.001s wait)
.2020-01-20 15:19:49.743162 | eval'd: drake::cmq_buildtargetmetadepsspecht_is_subtargetconfig
2020-01-20 15:19:50.874549 | > DO_CALL (0.001s wait)
.2020-01-20 15:19:50.881411 | eval'd: drake::cmq_buildtargetmetadepsspecht_is_subtargetconfig
2020-01-20 15:19:52.004522 | > DO_CALL (0.001s wait)
.2020-01-20 15:19:52.010865 | eval'd: drake::cmq_buildtargetmetadepsspecht_is_subtargetconfig
2020-01-20 15:19:53.145631 | > DO_CALL (0.001s wait)
.2020-01-20 15:19:53.152108 | eval'd: drake::cmq_buildtargetmetadepsspecht_is_subtargetconfig
2020-01-20 15:19:55.333696 | > DO_CALL (0.001s wait)
.2020-01-20 15:19:55.340217 | eval'd: drake::cmq_buildtargetmetadepsspecht_is_subtargetconfig
2020-01-20 15:19:56.499552 | > DO_CALL (0.001s wait)
.2020-01-20 15:19:56.505970 | eval'd: drake::cmq_buildtargetmetadepsspecht_is_subtargetconfig
2020-01-20 15:19:57.626525 | > DO_CALL (0.001s wait)
.2020-01-20 15:19:57.632882 | eval'd: drake::cmq_buildtargetmetadepsspecht_is_subtargetconfig
2020-01-20 15:19:58.690587 | > DO_CALL (0.001s wait)
.2020-01-20 15:19:58.697028 | eval'd: drake::cmq_buildtargetmetadepsspecht_is_subtargetconfig
2020-01-20 15:19:59.677229 | > DO_CALL (0.001s wait)
.2020-01-20 15:19:59.683596 | eval'd: drake::cmq_buildtargetmetadepsspecht_is_subtargetconfig
2020-01-20 15:20:01.625541 | > DO_CALL (0.001s wait)
.2020-01-20 15:20:01.631921 | eval'd: drake::cmq_buildtargetmetadepsspecht_is_subtargetconfig
2020-01-20 15:20:02.586270 | > DO_CALL (0.001s wait)
.2020-01-20 15:20:02.592671 | eval'd: drake::cmq_buildtargetmetadepsspecht_is_subtargetconfig
2020-01-20 15:20:03.568353 | > DO_CALL (0.001s wait)
.2020-01-20 15:20:03.574614 | eval'd: drake::cmq_buildtargetmetadepsspecht_is_subtargetconfig
2020-01-20 15:20:04.545314 | > DO_CALL (0.001s wait)
.2020-01-20 15:20:04.551712 | eval'd: drake::cmq_buildtargetmetadepsspecht_is_subtargetconfig
2020-01-20 15:20:05.495493 | > DO_CALL (0.001s wait)
.2020-01-20 15:20:05.501720 | eval'd: drake::cmq_buildtargetmetadepsspecht_is_subtargetconfig
2020-01-20 15:20:07.409700 | > DO_CALL (0.001s wait)
.2020-01-20 15:20:07.416159 | eval'd: drake::cmq_buildtargetmetadepsspecht_is_subtargetconfig
2020-01-20 15:20:08.384607 | > DO_CALL (0.001s wait)
.2020-01-20 15:20:08.391052 | eval'd: drake::cmq_buildtargetmetadepsspecht_is_subtargetconfig
2020-01-20 15:20:09.343189 | > DO_CALL (0.001s wait)
.2020-01-20 15:20:09.349725 | eval'd: drake::cmq_buildtargetmetadepsspecht_is_subtargetconfig
2020-01-20 15:20:10.301638 | > DO_CALL (0.001s wait)
.2020-01-20 15:20:10.308244 | eval'd: drake::cmq_buildtargetmetadepsspecht_is_subtargetconfig
2020-01-20 15:20:12.218454 | > DO_CALL (0.001s wait)
.2020-01-20 15:20:12.224935 | eval'd: drake::cmq_buildtargetmetadepsspecht_is_subtargetconfig
2020-01-20 15:20:13.171030 | > DO_CALL (0.001s wait)
.2020-01-20 15:20:13.177521 | eval'd: drake::cmq_buildtargetmetadepsspecht_is_subtargetconfig
2020-01-20 15:20:14.128825 | > DO_CALL (0.001s wait)
.2020-01-20 15:20:14.135183 | eval'd: drake::cmq_buildtargetmetadepsspecht_is_subtargetconfig
2020-01-20 15:20:15.098726 | > DO_CALL (0.001s wait)
.2020-01-20 15:20:15.105219 | eval'd: drake::cmq_buildtargetmetadepsspecht_is_subtargetconfig
2020-01-20 15:20:16.086625 | > DO_CALL (0.001s wait)
.2020-01-20 15:20:16.093002 | eval'd: drake::cmq_buildtargetmetadepsspecht_is_subtargetconfig
2020-01-20 15:20:18.290561 | > DO_CALL (0.001s wait)
.2020-01-20 15:20:18.296963 | eval'd: drake::cmq_buildtargetmetadepsspecht_is_subtargetconfig
2020-01-20 15:20:19.392786 | > DO_CALL (0.001s wait)
.2020-01-20 15:20:19.399333 | eval'd: drake::cmq_buildtargetmetadepsspecht_is_subtargetconfig
2020-01-20 15:20:20.502559 | > DO_CALL (0.001s wait)
.2020-01-20 15:20:20.509017 | eval'd: drake::cmq_buildtargetmetadepsspecht_is_subtargetconfig
2020-01-20 15:20:21.600069 | > DO_CALL (0.000s wait)
.2020-01-20 15:20:21.604469 | eval'd: drake::cmq_buildtargetmetadepsspecht_is_subtargetconfig
2020-01-20 15:20:23.757624 | > DO_CALL (0.001s wait)
.2020-01-20 15:20:23.764091 | eval'd: drake::cmq_buildtargetmetadepsspecht_is_subtargetconfig
2020-01-20 15:20:24.914598 | > DO_CALL (0.001s wait)
.2020-01-20 15:20:24.921072 | eval'd: drake::cmq_buildtargetmetadepsspecht_is_subtargetconfig
2020-01-20 15:20:26.037682 | > DO_CALL (0.001s wait)
.2020-01-20 15:20:26.044232 | eval'd: drake::cmq_buildtargetmetadepsspecht_is_subtargetconfig
2020-01-20 15:20:27.193558 | > DO_CALL (0.001s wait)
.2020-01-20 15:20:27.199995 | eval'd: drake::cmq_buildtargetmetadepsspecht_is_subtargetconfig
2020-01-20 15:20:28.343555 | > DO_CALL (0.001s wait)
.2020-01-20 15:20:28.349957 | eval'd: drake::cmq_buildtargetmetadepsspecht_is_subtargetconfig
2020-01-20 15:20:30.579581 | > DO_CALL (0.001s wait)
.2020-01-20 15:20:30.586025 | eval'd: drake::cmq_buildtargetmetadepsspecht_is_subtargetconfig
2020-01-20 15:20:31.733529 | > DO_CALL (0.001s wait)
.
2020-01-20 15:20:31.739814 | eval'd: drake::cmq_buildtargetmetadepsspecht_is_subtargetconfig
2020-01-20 15:20:32.873688 | > DO_CALL (0.001s wait)
.2020-01-20 15:20:32.880195 | eval'd: drake::cmq_buildtargetmetadepsspecht_is_subtargetconfig
2020-01-20 15:20:34.053624 | > DO_CALL (0.001s wait)
.2020-01-20 15:20:34.060604 | eval'd: drake::cmq_buildtargetmetadepsspecht_is_subtargetconfig
2020-01-20 15:20:35.227597 | > DO_CALL (0.001s wait)
.2020-01-20 15:20:35.234086 | eval'd: drake::cmq_buildtargetmetadepsspecht_is_subtargetconfig
2020-01-20 15:20:37.416636 | > DO_CALL (0.000s wait)
.2020-01-20 15:20:37.421164 | eval'd: drake::cmq_buildtargetmetadepsspecht_is_subtargetconfig
2020-01-20 15:20:38.587075 | > DO_CALL (0.000s wait)
.2020-01-20 15:20:38.591594 | eval'd: drake::cmq_buildtargetmetadepsspecht_is_subtargetconfig
2020-01-20 15:20:39.746628 | > DO_CALL (0.001s wait)
.2020-01-20 15:20:39.753096 | eval'd: drake::cmq_buildtargetmetadepsspecht_is_subtargetconfig
2020-01-20 15:20:40.861615 | > DO_CALL (0.001s wait)
.2020-01-20 15:20:40.868099 | eval'd: drake::cmq_buildtargetmetadepsspecht_is_subtargetconfig
2020-01-20 15:20:43.145631 | > DO_CALL (0.001s wait)
.2020-01-20 15:20:43.152200 | eval'd: drake::cmq_buildtargetmetadepsspecht_is_subtargetconfig
2020-01-20 15:20:44.296587 | > DO_CALL (0.001s wait)
.2020-01-20 15:20:44.302959 | eval'd: drake::cmq_buildtargetmetadepsspecht_is_subtargetconfig
2020-01-20 15:20:45.418536 | > DO_CALL (0.000s wait)
.2020-01-20 15:20:45.423198 | eval'd: drake::cmq_buildtargetmetadepsspecht_is_subtargetconfig
2020-01-20 15:20:46.581562 | > DO_CALL (0.001s wait)
.2020-01-20 15:20:46.587865 | eval'd: drake::cmq_buildtargetmetadepsspecht_is_subtargetconfig
2020-01-20 15:20:47.784541 | > DO_CALL (0.001s wait)
.2020-01-20 15:20:47.790784 | eval'd: drake::cmq_buildtargetmetadepsspecht_is_subtargetconfig
2020-01-20 15:20:50.316614 | > DO_CALL (0.001s wait)
.2020-01-20 15:20:50.323134 | eval'd: drake::cmq_buildtargetmetadepsspecht_is_subtargetconfig
2020-01-20 15:20:51.440618 | > DO_CALL (0.001s wait)
.2020-01-20 15:20:51.446877 | eval'd: drake::cmq_buildtargetmetadepsspecht_is_subtargetconfig
2020-01-20 15:20:52.579655 | > DO_CALL (0.001s wait)
.2020-01-20 15:20:52.585934 | eval'd: drake::cmq_buildtargetmetadepsspecht_is_subtargetconfig
2020-01-20 15:20:53.716619 | > DO_CALL (0.001s wait)
.2020-01-20 15:20:53.723058 | eval'd: drake::cmq_buildtargetmetadepsspecht_is_subtargetconfig
2020-01-20 15:20:54.841676 | > DO_CALL (0.001s wait)
.2020-01-20 15:20:54.848147 | eval'd: drake::cmq_buildtargetmetadepsspecht_is_subtargetconfig
2020-01-20 15:20:57.249677 | > DO_CALL (0.001s wait)
.2020-01-20 15:20:57.256160 | eval'd: drake::cmq_buildtargetmetadepsspecht_is_subtargetconfig
2020-01-20 15:20:58.385710 | > DO_CALL (0.001s wait)
.2020-01-20 15:20:58.392136 | eval'd: drake::cmq_buildtargetmetadepsspecht_is_subtargetconfig
2020-01-20 15:20:59.524710 | > DO_CALL (0.001s wait)
.2020-01-20 15:20:59.531112 | eval'd: drake::cmq_buildtargetmetadepsspecht_is_subtargetconfig
2020-01-20 15:21:00.689620 | > DO_CALL (0.001s wait)
.2020-01-20 15:21:00.695914 | eval'd: drake::cmq_buildtargetmetadepsspecht_is_subtargetconfig
2020-01-20 15:21:02.868153 | > DO_CALL (0.000s wait)
.2020-01-20 15:21:02.872706 | eval'd: drake::cmq_buildtargetmetadepsspecht_is_subtargetconfig
2020-01-20 15:21:03.997606 | > DO_CALL (0.001s wait)
.2020-01-20 15:21:04.004482 | eval'd: drake::cmq_buildtargetmetadepsspecht_is_subtargetconfig
2020-01-20 15:21:05.127692 | > DO_CALL (0.001s wait)
.2020-01-20 15:21:05.134175 | eval'd: drake::cmq_buildtargetmetadepsspecht_is_subtargetconfig
2020-01-20 15:21:06.257656 | > DO_CALL (0.001s wait)
.2020-01-20 15:21:06.264120 | eval'd: drake::cmq_buildtargetmetadepsspecht_is_subtargetconfig
2020-01-20 15:21:07.368605 | > DO_CALL (0.001s wait)
.2020-01-20 15:21:07.374944 | eval'd: drake::cmq_buildtargetmetadepsspecht_is_subtargetconfig
2020-01-20 15:21:09.563615 | > DO_CALL (0.001s wait)
.2020-01-20 15:21:09.570068 | eval'd: drake::cmq_buildtargetmetadepsspecht_is_subtargetconfig
2020-01-20 15:21:10.710587 | > DO_CALL (0.001s wait)
.2020-01-20 15:21:10.716929 | eval'd: drake::cmq_buildtargetmetadepsspecht_is_subtargetconfig
2020-01-20 15:21:11.804603 | > DO_CALL (0.001s wait)
.2020-01-20 15:21:11.810975 | eval'd: drake::cmq_buildtargetmetadepsspecht_is_subtargetconfig
2020-01-20 15:21:12.912697 | > DO_CALL (0.001s wait)
.2020-01-20 15:21:12.919133 | eval'd: drake::cmq_buildtargetmetadepsspecht_is_subtargetconfig
2020-01-20 15:21:15.091698 | > DO_CALL (0.001s wait)
.2020-01-20 15:21:15.098183 | eval'd: drake::cmq_buildtargetmetadepsspecht_is_subtargetconfig
2020-01-20 15:21:16.239665 | > DO_CALL (0.001s wait)
.2020-01-20 15:21:16.245914 | eval'd: drake::cmq_buildtargetmetadepsspecht_is_subtargetconfig
2020-01-20 15:21:17.337676 | > DO_CALL (0.001s wait)
.2020-01-20 15:21:17.344125 | eval'd: drake::cmq_buildtargetmetadepsspecht_is_subtargetconfig
2020-01-20 15:21:18.437736 | > DO_CALL (0.001s wait)
.2020-01-20 15:21:18.444144 | eval'd: drake::cmq_buildtargetmetadepsspecht_is_subtargetconfig
2020-01-20 15:21:19.565621 | > DO_CALL (0.001s wait)
.2020-01-20 15:21:19.572148 | eval'd: drake::cmq_buildtargetmetadepsspecht_is_subtargetconfig
2020-01-20 15:21:21.762641 | > DO_CALL (0.001s wait)
.2020-01-20 15:21:21.769227 | eval'd: drake::cmq_buildtargetmetadepsspecht_is_subtargetconfig
2020-01-20 15:21:22.892719 | > DO_CALL (0.001s wait)
.2020-01-20 15:21:22.899261 | eval'd: drake::cmq_buildtargetmetadepsspecht_is_subtargetconfig
2020-01-20 15:21:24.039733 | > DO_CALL (0.001s wait)
.2020-01-20 15:21:24.046175 | eval'd: drake::cmq_buildtargetmetadepsspecht_is_subtargetconfig
2020-01-20 15:21:25.165737 | > DO_CALL (0.001s wait)
.2020-01-20 15:21:25.172353 | eval'd: drake::cmq_buildtargetmetadepsspecht_is_subtargetconfig
2020-01-20 15:21:26.296662 | > DO_CALL (0.001s wait)
.2020-01-20 15:21:26.303004 | eval'd: drake::cmq_buildtargetmetadepsspecht_is_subtargetconfig
2020-01-20 15:21:28.477669 | > DO_CALL (0.001s wait)
.2020-01-20 15:21:28.484144 | eval'd: drake::cmq_buildtargetmetadepsspecht_is_subtargetconfig
2020-01-20 15:21:29.639739 | > DO_CALL (0.001s wait)
.2020-01-20 15:21:29.646205 | eval'd: drake::cmq_buildtargetmetadepsspecht_is_subtargetconfig
2020-01-20 15:21:30.767678 | > DO_CALL (0.001s wait)
.2020-01-20 15:21:30.773987 | eval'd: drake::cmq_buildtargetmetadepsspecht_is_subtargetconfig
2020-01-20 15:21:31.897735 | > DO_CALL (0.001s wait)
.2020-01-20 15:21:31.904210 | eval'd: drake::cmq_buildtargetmetadepsspecht_is_subtargetconfig
2020-01-20 15:21:34.106681 | > DO_CALL (0.001s wait)
.2020-01-20 15:21:34.113540 | eval'd: drake::cmq_buildtargetmetadepsspecht_is_subtargetconfig
2020-01-20 15:21:35.275770 | > DO_CALL (0.001s wait)
.2020-01-20 15:21:35.282231 | eval'd: drake::cmq_buildtargetmetadepsspecht_is_subtargetconfig
2020-01-20 15:21:36.415666 | > DO_CALL (0.000s wait)
.2020-01-20 15:21:36.420163 | eval'd: drake::cmq_buildtargetmetadepsspecht_is_subtargetconfig
2020-01-20 15:21:37.577906 | > DO_CALL (0.001s wait)
.2020-01-20 15:21:37.583890 | eval'd: drake::cmq_buildtargetmetadepsspecht_is_subtargetconfig
2020-01-20 15:21:38.756727 | > DO_CALL (0.001s wait)
.2020-01-20 15:21:38.763178 | eval'd: drake::cmq_buildtargetmetadepsspecht_is_subtargetconfig
2020-01-20 15:21:40.943691 | > DO_CALL (0.001s wait)
.2020-01-20 15:21:40.950114 | eval'd: drake::cmq_buildtargetmetadepsspecht_is_subtargetconfig
2020-01-20 15:21:42.098729 | > DO_CALL (0.001s wait)
.2020-01-20 15:21:42.105227 | eval'd: drake::cmq_buildtargetmetadepsspecht_is_subtargetconfig
2020-01-20 15:21:43.247748 | > DO_CALL (0.001s wait)
.2020-01-20 15:21:43.254130 | eval'd: drake::cmq_buildtargetmetadepsspecht_is_subtargetconfig
2020-01-20 15:21:44.424632 | > DO_CALL (0.001s wait)
.2020-01-20 15:21:44.431172 | eval'd: drake::cmq_buildtargetmetadepsspecht_is_subtargetconfig
2020-01-20 15:21:46.657697 | > DO_CALL (0.001s wait)
.2020-01-20 15:21:46.664138 | eval'd: drake::cmq_buildtargetmetadepsspecht_is_subtargetconfig
2020-01-20 15:21:47.812689 | > DO_CALL (0.001s wait)
.2020-01-20 15:21:47.819182 | eval'd: drake::cmq_buildtargetmetadepsspecht_is_subtargetconfig
2020-01-20 15:21:48.970694 | > DO_CALL (0.001s wait)
.2020-01-20 15:21:48.977068 | eval'd: drake::cmq_buildtargetmetadepsspecht_is_subtargetconfig
2020-01-20 15:21:50.127673 | > DO_CALL (0.001s wait)
.2020-01-20 15:21:50.135941 | eval'd: drake::cmq_buildtargetmetadepsspecht_is_subtargetconfig
2020-01-20 15:21:51.277672 | > DO_CALL (0.001s wait)
.2020-01-20 15:21:51.283959 | eval'd: drake::cmq_buildtargetmetadepsspecht_is_subtargetconfig
2020-01-20 15:21:53.478666 | > DO_CALL (0.001s wait)
.2020-01-20 15:21:53.485093 | eval'd: drake::cmq_buildtargetmetadepsspecht_is_subtargetconfig
2020-01-20 15:21:54.640727 | > DO_CALL (0.001s wait)
.2020-01-20 15:21:54.647114 | eval'd: drake::cmq_buildtargetmetadepsspecht_is_subtargetconfig
2020-01-20 15:21:55.776661 | > DO_CALL (0.001s wait)
.2020-01-20 15:21:55.782947 | eval'd: drake::cmq_buildtargetmetadepsspecht_is_subtargetconfig
2020-01-20 15:21:56.916751 | > DO_CALL (0.001s wait)
.2020-01-20 15:21:56.923114 | eval'd: drake::cmq_buildtargetmetadepsspecht_is_subtargetconfig
2020-01-20 15:21:58.041687 | > DO_CALL (0.001s wait)
.2020-01-20 15:21:58.048145 | eval'd: drake::cmq_buildtargetmetadepsspecht_is_subtargetconfig
2020-01-20 15:22:00.473670 | > DO_CALL (0.001s wait)
.2020-01-20 15:22:00.480158 | eval'd: drake::cmq_buildtargetmetadepsspecht_is_subtargetconfig
2020-01-20 15:22:01.623697 | > DO_CALL (0.001s wait)
.2020-01-20 15:22:01.630189 | eval'd: drake::cmq_buildtargetmetadepsspecht_is_subtargetconfig
2020-01-20 15:22:02.749697 | > DO_CALL (0.001s wait)
.2020-01-20 15:22:02.756039 | eval'd: drake::cmq_buildtargetmetadepsspecht_is_subtargetconfig
2020-01-20 15:22:03.873709 | > DO_CALL (0.001s wait)
.2020-01-20 15:22:03.880094 | eval'd: drake::cmq_buildtargetmetadepsspecht_is_subtargetconfig
2020-01-20 15:22:06.281793 | > DO_CALL (0.001s wait)
.2020-01-20 15:22:06.288261 | eval'd: drake::cmq_buildtargetmetadepsspecht_is_subtargetconfig
2020-01-20 15:22:07.446730 | > DO_CALL (0.001s wait)
.2020-01-20 15:22:07.453294 | eval'd: drake::cmq_buildtargetmetadepsspecht_is_subtargetconfig
2020-01-20 15:22:08.581673 | > DO_CALL (0.000s wait)
.2020-01-20 15:22:08.586185 | eval'd: drake::cmq_buildtargetmetadepsspecht_is_subtargetconfig
2020-01-20 15:22:09.716691 | > DO_CALL (0.001s wait)
.2020-01-20 15:22:09.723093 | eval'd: drake::cmq_buildtargetmetadepsspecht_is_subtargetconfig
2020-01-20 15:22:10.819699 | > DO_CALL (0.001s wait)
.2020-01-20 15:22:10.826144 | eval'd: drake::cmq_buildtargetmetadepsspecht_is_subtargetconfig
2020-01-20 15:22:13.217815 | > DO_CALL (0.001s wait)
.2020-01-20 15:22:13.224225 | eval'd: drake::cmq_buildtargetmetadepsspecht_is_subtargetconfig
2020-01-20 15:22:14.347700 | > DO_CALL (0.001s wait)
.2020-01-20 15:22:14.353951 | eval'd: drake::cmq_buildtargetmetadepsspecht_is_subtargetconfig
2020-01-20 15:22:15.498683 | > DO_CALL (0.001s wait)
.2020-01-20 15:22:15.505333 | eval'd: drake::cmq_buildtargetmetadepsspecht_is_subtargetconfig
2020-01-20 15:22:16.610733 | > DO_CALL (0.001s wait)
.2020-01-20 15:22:16.617089 | eval'd: drake::cmq_buildtargetmetadepsspecht_is_subtargetconfig
2020-01-20 15:22:17.616242 | > WORKER_WAIT (0.000s wait)
2020-01-20 15:22:17.616733 | waiting 0.75s
2020-01-20 15:22:25.268530 | > WORKER_WAIT (0.000s wait)
2020-01-20 15:22:25.269566 | waiting 0.75s
2020-01-20 15:22:32.555176 | > WORKER_WAIT (0.000s wait)
2020-01-20 15:22:32.555631 | waiting 0.75s
2020-01-20 15:26:40.906048 | > WORKER_STOP (0.000s wait)
2020-01-20 15:26:40.906998 | shutting down worker
2020-01-20 15:26:43.155083 | 
Total: 598 in 9499.48s [user], 657.96s [system], 19306.71s [elapsed]
