2020-01-21 10:12:28.996471 | Master: tcp://c30a-s2:6917
2020-01-21 10:12:29.017919 | WORKER_UP to: tcp://c30a-s2:6917
2020-01-21 10:12:32.006189 | > DO_SETUP (2.359s wait)
2020-01-21 10:12:32.007186 | token from msg: set_common_data_token
2020-01-21 10:12:32.663447 | > DO_CALL (0.000s wait)
.* Option 'clustermq.scheduler' not set, defaulting to ‘SLURM’
--- see: https://mschubert.github.io/clustermq/articles/userguide.html#configuration
2020-01-21 10:12:32.981212 | eval'd: drake::cmq_buildtargetmetadepsspecht_is_subtargetconfig
2020-01-21 10:12:34.698396 | > DO_CALL (0.001s wait)
.2020-01-21 10:12:34.874874 | eval'd: drake::cmq_buildtargetmetadepsspecht_is_subtargetconfig
2020-01-21 10:12:37.222561 | > DO_CALL (0.001s wait)
.2020-01-21 10:12:37.227935 | eval'd: drake::cmq_buildtargetmetadepsspecht_is_subtargetconfig
2020-01-21 10:12:39.254849 | > DO_CALL (0.001s wait)
.2020-01-21 10:12:39.260964 | eval'd: drake::cmq_buildtargetmetadepsspecht_is_subtargetconfig
2020-01-21 10:12:41.009597 | > DO_CALL (0.001s wait)
.2020-01-21 10:12:41.015710 | eval'd: drake::cmq_buildtargetmetadepsspecht_is_subtargetconfig
2020-01-21 10:12:42.979369 | > DO_CALL (0.001s wait)
.2020-01-21 10:12:42.985082 | eval'd: drake::cmq_buildtargetmetadepsspecht_is_subtargetconfig
2020-01-21 10:12:44.767431 | > DO_CALL (0.000s wait)
.2020-01-21 10:12:44.773244 | eval'd: drake::cmq_buildtargetmetadepsspecht_is_subtargetconfig
2020-01-21 10:12:46.440961 | > DO_CALL (0.001s wait)
.2020-01-21 10:12:46.446735 | eval'd: drake::cmq_buildtargetmetadepsspecht_is_subtargetconfig
2020-01-21 10:12:48.099388 | > DO_CALL (0.001s wait)
.2020-01-21 10:12:48.105149 | eval'd: drake::cmq_buildtargetmetadepsspecht_is_subtargetconfig
2020-01-21 10:12:50.172351 | > DO_CALL (0.001s wait)
.2020-01-21 10:12:50.178076 | eval'd: drake::cmq_buildtargetmetadepsspecht_is_subtargetconfig
2020-01-21 10:12:52.055875 | > DO_CALL (0.001s wait)
.2020-01-21 10:12:52.062133 | eval'd: drake::cmq_buildtargetmetadepsspecht_is_subtargetconfig
2020-01-21 10:12:53.635117 | > DO_CALL (0.001s wait)
.2020-01-21 10:12:53.641846 | eval'd: drake::cmq_buildtargetmetadepsspecht_is_subtargetconfig
2020-01-21 10:12:55.352314 | > DO_CALL (0.001s wait)
.2020-01-21 10:12:55.359611 | eval'd: drake::cmq_buildtargetmetadepsspecht_is_subtargetconfig
2020-01-21 10:12:57.153368 | > DO_CALL (0.001s wait)
.2020-01-21 10:12:57.160130 | eval'd: drake::cmq_buildtargetmetadepsspecht_is_subtargetconfig
2020-01-21 10:12:59.164570 | > DO_CALL (0.001s wait)
.2020-01-21 10:12:59.171293 | eval'd: drake::cmq_buildtargetmetadepsspecht_is_subtargetconfig
2020-01-21 10:13:00.942639 | > DO_CALL (0.001s wait)
.2020-01-21 10:13:00.950352 | eval'd: drake::cmq_buildtargetmetadepsspecht_is_subtargetconfig
2020-01-21 10:13:02.679207 | > DO_CALL (0.001s wait)
.2020-01-21 10:13:02.685970 | eval'd: drake::cmq_buildtargetmetadepsspecht_is_subtargetconfig
2020-01-21 10:13:04.449939 | > DO_CALL (0.001s wait)
.2020-01-21 10:13:04.456843 | eval'd: drake::cmq_buildtargetmetadepsspecht_is_subtargetconfig
2020-01-21 10:13:06.144602 | > DO_CALL (0.001s wait)
.
2020-01-21 10:13:06.151572 | eval'd: drake::cmq_buildtargetmetadepsspecht_is_subtargetconfig
2020-01-21 10:13:08.040187 | > DO_CALL (0.001s wait)
.2020-01-21 10:13:08.047182 | eval'd: drake::cmq_buildtargetmetadepsspecht_is_subtargetconfig
2020-01-21 10:13:09.667947 | > DO_CALL (0.001s wait)
.2020-01-21 10:13:09.674710 | eval'd: drake::cmq_buildtargetmetadepsspecht_is_subtargetconfig
2020-01-21 10:13:11.666298 | > DO_CALL (0.001s wait)
.2020-01-21 10:13:11.673407 | eval'd: drake::cmq_buildtargetmetadepsspecht_is_subtargetconfig
2020-01-21 10:13:13.570315 | > DO_CALL (0.001s wait)
.2020-01-21 10:13:13.577068 | eval'd: drake::cmq_buildtargetmetadepsspecht_is_subtargetconfig
2020-01-21 10:13:15.595737 | > DO_CALL (0.001s wait)
.2020-01-21 10:13:15.602504 | eval'd: drake::cmq_buildtargetmetadepsspecht_is_subtargetconfig
2020-01-21 10:13:17.714873 | > DO_CALL (0.001s wait)
.2020-01-21 10:13:17.721616 | eval'd: drake::cmq_buildtargetmetadepsspecht_is_subtargetconfig
2020-01-21 10:13:19.366089 | > DO_CALL (0.001s wait)
.2020-01-21 10:13:19.372840 | eval'd: drake::cmq_buildtargetmetadepsspecht_is_subtargetconfig
2020-01-21 10:13:21.308628 | > DO_CALL (0.001s wait)
.2020-01-21 10:13:21.315872 | eval'd: drake::cmq_buildtargetmetadepsspecht_is_subtargetconfig
2020-01-21 10:13:23.893250 | > DO_CALL (0.001s wait)
.2020-01-21 10:13:23.900471 | eval'd: drake::cmq_buildtargetmetadepsspecht_is_subtargetconfig
2020-01-21 10:13:25.563420 | > DO_CALL (0.001s wait)
.2020-01-21 10:13:25.570681 | eval'd: drake::cmq_buildtargetmetadepsspecht_is_subtargetconfig
2020-01-21 10:13:27.355429 | > DO_CALL (0.001s wait)
.2020-01-21 10:13:27.367534 | eval'd: drake::cmq_buildtargetmetadepsspecht_is_subtargetconfig
2020-01-21 10:13:29.123147 | > DO_CALL (0.001s wait)
.2020-01-21 10:13:29.128473 | eval'd: drake::cmq_buildtargetmetadepsspecht_is_subtargetconfig
2020-01-21 10:13:30.941602 | > DO_CALL (0.001s wait)
.2020-01-21 10:13:30.947004 | eval'd: drake::cmq_buildtargetmetadepsspecht_is_subtargetconfig
2020-01-21 10:13:32.854260 | > DO_CALL (0.000s wait)
.2020-01-21 10:13:32.859594 | eval'd: drake::cmq_buildtargetmetadepsspecht_is_subtargetconfig
2020-01-21 10:13:35.166581 | > DO_CALL (0.001s wait)
.2020-01-21 10:13:35.171911 | eval'd: drake::cmq_buildtargetmetadepsspecht_is_subtargetconfig
2020-01-21 10:13:36.843468 | > DO_CALL (0.000s wait)
.2020-01-21 10:13:36.849127 | eval'd: drake::cmq_buildtargetmetadepsspecht_is_subtargetconfig
2020-01-21 10:13:38.701042 | > DO_CALL (0.001s wait)
.2020-01-21 10:13:38.706412 | eval'd: drake::cmq_buildtargetmetadepsspecht_is_subtargetconfig
2020-01-21 10:13:40.860021 | > DO_CALL (0.001s wait)
.2020-01-21 10:13:40.866338 | eval'd: drake::cmq_buildtargetmetadepsspecht_is_subtargetconfig
2020-01-21 10:13:42.558290 | > DO_CALL (0.000s wait)
.2020-01-21 10:13:42.564107 | eval'd: drake::cmq_buildtargetmetadepsspecht_is_subtargetconfig
2020-01-21 10:13:44.416859 | > DO_CALL (0.001s wait)
.2020-01-21 10:13:44.422237 | eval'd: drake::cmq_buildtargetmetadepsspecht_is_subtargetconfig
2020-01-21 10:13:45.947138 | > DO_CALL (0.001s wait)
.2020-01-21 10:13:45.952717 | eval'd: drake::cmq_buildtargetmetadepsspecht_is_subtargetconfig
2020-01-21 10:13:47.423876 | > DO_CALL (0.001s wait)
.2020-01-21 10:13:47.429243 | eval'd: drake::cmq_buildtargetmetadepsspecht_is_subtargetconfig
2020-01-21 10:13:49.066216 | > DO_CALL (0.000s wait)
.2020-01-21 10:13:49.071963 | eval'd: drake::cmq_buildtargetmetadepsspecht_is_subtargetconfig
2020-01-21 10:13:50.558378 | > DO_CALL (0.000s wait)
.2020-01-21 10:13:50.564172 | eval'd: drake::cmq_buildtargetmetadepsspecht_is_subtargetconfig
2020-01-21 10:13:52.132919 | > DO_CALL (0.001s wait)
.2020-01-21 10:13:52.138258 | eval'd: drake::cmq_buildtargetmetadepsspecht_is_subtargetconfig
2020-01-21 10:13:53.827561 | > DO_CALL (0.001s wait)
.2020-01-21 10:13:53.832934 | eval'd: drake::cmq_buildtargetmetadepsspecht_is_subtargetconfig
2020-01-21 10:13:55.490865 | > DO_CALL (0.001s wait)
.2020-01-21 10:13:55.496223 | eval'd: drake::cmq_buildtargetmetadepsspecht_is_subtargetconfig
2020-01-21 10:13:57.235468 | > DO_CALL (0.000s wait)
.2020-01-21 10:13:57.240860 | eval'd: drake::cmq_buildtargetmetadepsspecht_is_subtargetconfig
2020-01-21 10:13:58.805227 | > DO_CALL (0.000s wait)
.2020-01-21 10:13:58.810603 | eval'd: drake::cmq_buildtargetmetadepsspecht_is_subtargetconfig
2020-01-21 10:14:00.873143 | > DO_CALL (0.001s wait)
.2020-01-21 10:14:00.878929 | eval'd: drake::cmq_buildtargetmetadepsspecht_is_subtargetconfig
2020-01-21 10:14:02.730447 | > DO_CALL (0.000s wait)
.2020-01-21 10:14:02.735837 | eval'd: drake::cmq_buildtargetmetadepsspecht_is_subtargetconfig
2020-01-21 10:14:04.371943 | > DO_CALL (0.001s wait)
.2020-01-21 10:14:04.377571 | eval'd: drake::cmq_buildtargetmetadepsspecht_is_subtargetconfig
2020-01-21 10:14:06.337248 | > DO_CALL (0.001s wait)
.2020-01-21 10:14:06.346939 | eval'd: drake::cmq_buildtargetmetadepsspecht_is_subtargetconfig
2020-01-21 10:14:08.100918 | > DO_CALL (0.001s wait)
.2020-01-21 10:14:08.123226 | eval'd: drake::cmq_buildtargetmetadepsspecht_is_subtargetconfig
2020-01-21 10:14:09.797282 | > DO_CALL (0.001s wait)
.2020-01-21 10:14:09.803527 | eval'd: drake::cmq_buildtargetmetadepsspecht_is_subtargetconfig
2020-01-21 10:14:11.618816 | > DO_CALL (0.001s wait)
.2020-01-21 10:14:11.624734 | eval'd: drake::cmq_buildtargetmetadepsspecht_is_subtargetconfig
2020-01-21 10:14:13.173776 | > DO_CALL (0.001s wait)
.2020-01-21 10:14:13.179522 | eval'd: drake::cmq_buildtargetmetadepsspecht_is_subtargetconfig
2020-01-21 10:14:14.747444 | > DO_CALL (0.000s wait)
.2020-01-21 10:14:14.753921 | eval'd: drake::cmq_buildtargetmetadepsspecht_is_subtargetconfig
2020-01-21 10:14:16.331996 | > DO_CALL (0.001s wait)
.2020-01-21 10:14:16.337947 | eval'd: drake::cmq_buildtargetmetadepsspecht_is_subtargetconfig
2020-01-21 10:14:17.811928 | > DO_CALL (0.001s wait)
.2020-01-21 10:14:17.818498 | eval'd: drake::cmq_buildtargetmetadepsspecht_is_subtargetconfig
2020-01-21 10:14:19.569480 | > DO_CALL (0.000s wait)
.2020-01-21 10:14:19.575719 | eval'd: drake::cmq_buildtargetmetadepsspecht_is_subtargetconfig
2020-01-21 10:14:20.995325 | > DO_CALL (0.000s wait)
.2020-01-21 10:14:21.001757 | eval'd: drake::cmq_buildtargetmetadepsspecht_is_subtargetconfig
2020-01-21 10:14:22.450415 | > DO_CALL (0.000s wait)
.2020-01-21 10:14:22.456579 | eval'd: drake::cmq_buildtargetmetadepsspecht_is_subtargetconfig
2020-01-21 10:14:25.507704 | > DO_CALL (0.001s wait)
.2020-01-21 10:14:25.513499 | eval'd: drake::cmq_buildtargetmetadepsspecht_is_subtargetconfig
2020-01-21 10:14:26.796371 | > DO_CALL (0.000s wait)
.2020-01-21 10:14:26.802130 | eval'd: drake::cmq_buildtargetmetadepsspecht_is_subtargetconfig
2020-01-21 10:14:28.404881 | > DO_CALL (0.001s wait)
.2020-01-21 10:14:28.412735 | eval'd: drake::cmq_buildtargetmetadepsspecht_is_subtargetconfig
2020-01-21 10:14:29.955853 | > DO_CALL (0.001s wait)
.2020-01-21 10:14:29.961612 | eval'd: drake::cmq_buildtargetmetadepsspecht_is_subtargetconfig
2020-01-21 10:14:31.329312 | > DO_CALL (0.000s wait)
.2020-01-21 10:14:31.335026 | eval'd: drake::cmq_buildtargetmetadepsspecht_is_subtargetconfig
2020-01-21 10:14:32.872162 | > DO_CALL (0.001s wait)
.2020-01-21 10:14:32.877527 | eval'd: drake::cmq_buildtargetmetadepsspecht_is_subtargetconfig
2020-01-21 10:14:34.219810 | > DO_CALL (0.001s wait)
.2020-01-21 10:14:34.225174 | eval'd: drake::cmq_buildtargetmetadepsspecht_is_subtargetconfig
2020-01-21 10:14:35.591191 | > DO_CALL (0.001s wait)
.2020-01-21 10:14:35.596599 | eval'd: drake::cmq_buildtargetmetadepsspecht_is_subtargetconfig
2020-01-21 10:14:37.092497 | > DO_CALL (0.000s wait)
.2020-01-21 10:14:37.097863 | eval'd: drake::cmq_buildtargetmetadepsspecht_is_subtargetconfig
2020-01-21 10:14:38.535354 | > DO_CALL (0.000s wait)
.2020-01-21 10:14:38.546430 | eval'd: drake::cmq_buildtargetmetadepsspecht_is_subtargetconfig
2020-01-21 10:14:39.967206 | > DO_CALL (0.001s wait)
.2020-01-21 10:14:39.972525 | eval'd: drake::cmq_buildtargetmetadepsspecht_is_subtargetconfig
2020-01-21 10:14:41.711288 | > DO_CALL (0.000s wait)
.2020-01-21 10:14:41.716634 | eval'd: drake::cmq_buildtargetmetadepsspecht_is_subtargetconfig
2020-01-21 10:14:43.339168 | > DO_CALL (0.001s wait)
.2020-01-21 10:14:43.344558 | eval'd: drake::cmq_buildtargetmetadepsspecht_is_subtargetconfig
2020-01-21 10:14:44.874502 | > DO_CALL (0.000s wait)
.2020-01-21 10:14:44.879846 | eval'd: drake::cmq_buildtargetmetadepsspecht_is_subtargetconfig
2020-01-21 10:14:46.428351 | > DO_CALL (0.000s wait)
.2020-01-21 10:14:46.433727 | eval'd: drake::cmq_buildtargetmetadepsspecht_is_subtargetconfig
2020-01-21 10:14:47.877701 | > DO_CALL (0.001s wait)
.2020-01-21 10:14:47.883145 | eval'd: drake::cmq_buildtargetmetadepsspecht_is_subtargetconfig
2020-01-21 10:14:49.293237 | > DO_CALL (0.001s wait)
.2020-01-21 10:14:49.299108 | eval'd: drake::cmq_buildtargetmetadepsspecht_is_subtargetconfig
2020-01-21 10:14:50.826399 | > DO_CALL (0.000s wait)
.2020-01-21 10:14:50.832182 | eval'd: drake::cmq_buildtargetmetadepsspecht_is_subtargetconfig
2020-01-21 10:14:52.466925 | > DO_CALL (0.001s wait)
.2020-01-21 10:14:52.472300 | eval'd: drake::cmq_buildtargetmetadepsspecht_is_subtargetconfig
2020-01-21 10:14:53.776020 | > DO_CALL (0.001s wait)
.2020-01-21 10:14:53.781431 | eval'd: drake::cmq_buildtargetmetadepsspecht_is_subtargetconfig
2020-01-21 10:14:55.506569 | > DO_CALL (0.001s wait)
.2020-01-21 10:14:55.512006 | eval'd: drake::cmq_buildtargetmetadepsspecht_is_subtargetconfig
2020-01-21 10:14:57.048950 | > DO_CALL (0.001s wait)
.2020-01-21 10:14:57.054322 | eval'd: drake::cmq_buildtargetmetadepsspecht_is_subtargetconfig
2020-01-21 10:14:58.361095 | > DO_CALL (0.001s wait)
.2020-01-21 10:14:58.366428 | eval'd: drake::cmq_buildtargetmetadepsspecht_is_subtargetconfig
2020-01-21 10:14:59.764362 | > DO_CALL (0.000s wait)
.2020-01-21 10:14:59.769720 | eval'd: drake::cmq_buildtargetmetadepsspecht_is_subtargetconfig
2020-01-21 10:15:01.246022 | > DO_CALL (0.001s wait)
.2020-01-21 10:15:01.251425 | eval'd: drake::cmq_buildtargetmetadepsspecht_is_subtargetconfig
2020-01-21 10:15:02.651163 | > DO_CALL (0.011s wait)
.2020-01-21 10:15:02.656695 | eval'd: drake::cmq_buildtargetmetadepsspecht_is_subtargetconfig
2020-01-21 10:15:04.142460 | > DO_CALL (0.000s wait)
.2020-01-21 10:15:04.148196 | eval'd: drake::cmq_buildtargetmetadepsspecht_is_subtargetconfig
2020-01-21 10:15:05.626047 | > DO_CALL (0.001s wait)
.2020-01-21 10:15:05.631394 | eval'd: drake::cmq_buildtargetmetadepsspecht_is_subtargetconfig
2020-01-21 10:15:06.981944 | > DO_CALL (0.001s wait)
.2020-01-21 10:15:06.987318 | eval'd: drake::cmq_buildtargetmetadepsspecht_is_subtargetconfig
2020-01-21 10:15:08.361690 | > DO_CALL (0.001s wait)
.2020-01-21 10:15:08.367253 | eval'd: drake::cmq_buildtargetmetadepsspecht_is_subtargetconfig
2020-01-21 10:15:09.866024 | > DO_CALL (0.001s wait)
.2020-01-21 10:15:09.871795 | eval'd: drake::cmq_buildtargetmetadepsspecht_is_subtargetconfig
2020-01-21 10:15:11.329931 | > DO_CALL (0.001s wait)
.2020-01-21 10:15:11.335760 | eval'd: drake::cmq_buildtargetmetadepsspecht_is_subtargetconfig
2020-01-21 10:15:12.640351 | > DO_CALL (0.000s wait)
.2020-01-21 10:15:12.645757 | eval'd: drake::cmq_buildtargetmetadepsspecht_is_subtargetconfig
2020-01-21 10:15:14.144576 | > DO_CALL (0.001s wait)
.2020-01-21 10:15:14.149950 | eval'd: drake::cmq_buildtargetmetadepsspecht_is_subtargetconfig
2020-01-21 10:15:15.411564 | > DO_CALL (0.001s wait)
.2020-01-21 10:15:15.416998 | eval'd: drake::cmq_buildtargetmetadepsspecht_is_subtargetconfig
2020-01-21 10:15:16.744701 | > DO_CALL (0.001s wait)
.
2020-01-21 10:15:16.750133 | eval'd: drake::cmq_buildtargetmetadepsspecht_is_subtargetconfig
2020-01-21 10:15:18.094276 | > DO_CALL (0.000s wait)
.2020-01-21 10:15:18.099819 | eval'd: drake::cmq_buildtargetmetadepsspecht_is_subtargetconfig
2020-01-21 10:15:19.342575 | > DO_CALL (0.001s wait)
.2020-01-21 10:15:19.348420 | eval'd: drake::cmq_buildtargetmetadepsspecht_is_subtargetconfig
2020-01-21 10:15:20.716293 | > DO_CALL (0.006s wait)
.2020-01-21 10:15:20.722382 | eval'd: drake::cmq_buildtargetmetadepsspecht_is_subtargetconfig
2020-01-21 10:15:21.966991 | > DO_CALL (0.001s wait)
.2020-01-21 10:15:21.972327 | eval'd: drake::cmq_buildtargetmetadepsspecht_is_subtargetconfig
2020-01-21 10:15:23.342854 | > DO_CALL (0.001s wait)
.2020-01-21 10:15:23.348217 | eval'd: drake::cmq_buildtargetmetadepsspecht_is_subtargetconfig
2020-01-21 10:15:25.221802 | > DO_CALL (0.001s wait)
.2020-01-21 10:15:25.227160 | eval'd: drake::cmq_buildtargetmetadepsspecht_is_subtargetconfig
2020-01-21 10:15:27.790022 | > DO_CALL (0.001s wait)
.2020-01-21 10:15:27.795342 | eval'd: drake::cmq_buildtargetmetadepsspecht_is_subtargetconfig
2020-01-21 10:15:29.108430 | > DO_CALL (0.000s wait)
.2020-01-21 10:15:29.113792 | eval'd: drake::cmq_buildtargetmetadepsspecht_is_subtargetconfig
2020-01-21 10:15:30.740993 | > DO_CALL (0.001s wait)
.2020-01-21 10:15:30.746835 | eval'd: drake::cmq_buildtargetmetadepsspecht_is_subtargetconfig
2020-01-21 10:15:32.154595 | > DO_CALL (0.001s wait)
.2020-01-21 10:15:32.160021 | eval'd: drake::cmq_buildtargetmetadepsspecht_is_subtargetconfig
2020-01-21 10:15:33.667057 | > DO_CALL (0.001s wait)
.2020-01-21 10:15:33.672417 | eval'd: drake::cmq_buildtargetmetadepsspecht_is_subtargetconfig
2020-01-21 10:15:35.144571 | > DO_CALL (0.001s wait)
.2020-01-21 10:15:35.150073 | eval'd: drake::cmq_buildtargetmetadepsspecht_is_subtargetconfig
2020-01-21 10:15:36.431174 | > DO_CALL (0.001s wait)
.2020-01-21 10:15:36.442882 | eval'd: drake::cmq_buildtargetmetadepsspecht_is_subtargetconfig
2020-01-21 10:15:37.911186 | > DO_CALL (0.001s wait)
.2020-01-21 10:15:37.916728 | eval'd: drake::cmq_buildtargetmetadepsspecht_is_subtargetconfig
2020-01-21 10:15:39.311749 | > DO_CALL (0.001s wait)
.2020-01-21 10:15:39.317396 | eval'd: drake::cmq_buildtargetmetadepsspecht_is_subtargetconfig
2020-01-21 10:15:40.853879 | > DO_CALL (0.001s wait)
.2020-01-21 10:15:40.859223 | eval'd: drake::cmq_buildtargetmetadepsspecht_is_subtargetconfig
2020-01-21 10:15:42.256586 | > DO_CALL (0.001s wait)
.2020-01-21 10:15:42.262129 | eval'd: drake::cmq_buildtargetmetadepsspecht_is_subtargetconfig
2020-01-21 10:15:43.494364 | > DO_CALL (0.000s wait)
.2020-01-21 10:15:43.499802 | eval'd: drake::cmq_buildtargetmetadepsspecht_is_subtargetconfig
2020-01-21 10:15:45.003473 | > DO_CALL (0.000s wait)
.2020-01-21 10:15:45.008876 | eval'd: drake::cmq_buildtargetmetadepsspecht_is_subtargetconfig
2020-01-21 10:15:46.306958 | > DO_CALL (0.001s wait)
.2020-01-21 10:15:46.312478 | eval'd: drake::cmq_buildtargetmetadepsspecht_is_subtargetconfig
2020-01-21 10:15:47.751064 | > DO_CALL (0.001s wait)
.2020-01-21 10:15:47.756428 | eval'd: drake::cmq_buildtargetmetadepsspecht_is_subtargetconfig
2020-01-21 10:15:49.104331 | > DO_CALL (0.000s wait)
.2020-01-21 10:15:49.305973 | eval'd: drake::cmq_buildtargetmetadepsspecht_is_subtargetconfig
2020-01-21 10:15:50.538580 | > DO_CALL (0.001s wait)
.2020-01-21 10:15:50.544480 | eval'd: drake::cmq_buildtargetmetadepsspecht_is_subtargetconfig
2020-01-21 10:15:51.898864 | > DO_CALL (0.001s wait)
.2020-01-21 10:15:51.904289 | eval'd: drake::cmq_buildtargetmetadepsspecht_is_subtargetconfig
2020-01-21 10:15:53.171335 | > DO_CALL (0.000s wait)
.2020-01-21 10:15:53.176623 | eval'd: drake::cmq_buildtargetmetadepsspecht_is_subtargetconfig
2020-01-21 10:15:54.422952 | > DO_CALL (0.001s wait)
.2020-01-21 10:15:54.428408 | eval'd: drake::cmq_buildtargetmetadepsspecht_is_subtargetconfig
2020-01-21 10:15:56.023317 | > DO_CALL (0.000s wait)
.2020-01-21 10:15:56.028701 | eval'd: drake::cmq_buildtargetmetadepsspecht_is_subtargetconfig
2020-01-21 10:15:57.588611 | > DO_CALL (0.001s wait)
.2020-01-21 10:15:57.593916 | eval'd: drake::cmq_buildtargetmetadepsspecht_is_subtargetconfig
2020-01-21 10:15:59.007592 | > DO_CALL (0.001s wait)
.2020-01-21 10:15:59.012890 | eval'd: drake::cmq_buildtargetmetadepsspecht_is_subtargetconfig
2020-01-21 10:16:00.314212 | > DO_CALL (0.001s wait)
.2020-01-21 10:16:00.319506 | eval'd: drake::cmq_buildtargetmetadepsspecht_is_subtargetconfig
2020-01-21 10:16:01.630742 | > DO_CALL (0.001s wait)
.2020-01-21 10:16:01.636464 | eval'd: drake::cmq_buildtargetmetadepsspecht_is_subtargetconfig
2020-01-21 10:16:03.298305 | > DO_CALL (0.000s wait)
.2020-01-21 10:16:03.303585 | eval'd: drake::cmq_buildtargetmetadepsspecht_is_subtargetconfig
2020-01-21 10:16:04.624716 | > DO_CALL (0.001s wait)
.2020-01-21 10:16:04.630002 | eval'd: drake::cmq_buildtargetmetadepsspecht_is_subtargetconfig
2020-01-21 10:16:05.957968 | > DO_CALL (0.001s wait)
.2020-01-21 10:16:05.963339 | eval'd: drake::cmq_buildtargetmetadepsspecht_is_subtargetconfig
2020-01-21 10:16:07.249943 | > DO_CALL (0.001s wait)
.2020-01-21 10:16:07.255260 | eval'd: drake::cmq_buildtargetmetadepsspecht_is_subtargetconfig
2020-01-21 10:16:08.525351 | > DO_CALL (0.000s wait)
.2020-01-21 10:16:08.530620 | eval'd: drake::cmq_buildtargetmetadepsspecht_is_subtargetconfig
2020-01-21 10:16:09.884711 | > DO_CALL (0.001s wait)
.2020-01-21 10:16:09.890343 | eval'd: drake::cmq_buildtargetmetadepsspecht_is_subtargetconfig
2020-01-21 10:16:11.239596 | > DO_CALL (0.001s wait)
.2020-01-21 10:16:11.244913 | eval'd: drake::cmq_buildtargetmetadepsspecht_is_subtargetconfig
2020-01-21 10:16:12.612062 | > DO_CALL (0.001s wait)
.2020-01-21 10:16:12.617369 | eval'd: drake::cmq_buildtargetmetadepsspecht_is_subtargetconfig
2020-01-21 10:16:13.845855 | > DO_CALL (0.001s wait)
.2020-01-21 10:16:13.851190 | eval'd: drake::cmq_buildtargetmetadepsspecht_is_subtargetconfig
2020-01-21 10:16:15.117687 | > DO_CALL (0.001s wait)
.2020-01-21 10:16:15.123047 | eval'd: drake::cmq_buildtargetmetadepsspecht_is_subtargetconfig
2020-01-21 10:16:16.580272 | > DO_CALL (0.001s wait)
.2020-01-21 10:16:16.586352 | eval'd: drake::cmq_buildtargetmetadepsspecht_is_subtargetconfig
2020-01-21 10:16:17.968272 | > DO_CALL (0.001s wait)
.2020-01-21 10:16:17.975022 | eval'd: drake::cmq_buildtargetmetadepsspecht_is_subtargetconfig
2020-01-21 10:16:19.359261 | > DO_CALL (0.001s wait)
.2020-01-21 10:16:19.366013 | eval'd: drake::cmq_buildtargetmetadepsspecht_is_subtargetconfig
2020-01-21 10:16:20.692284 | > DO_CALL (0.001s wait)
.2020-01-21 10:16:20.699469 | eval'd: drake::cmq_buildtargetmetadepsspecht_is_subtargetconfig
2020-01-21 10:16:22.207210 | > DO_CALL (0.001s wait)
.2020-01-21 10:16:22.218231 | eval'd: drake::cmq_buildtargetmetadepsspecht_is_subtargetconfig
2020-01-21 10:16:23.565501 | > DO_CALL (0.000s wait)
.2020-01-21 10:16:23.570767 | eval'd: drake::cmq_buildtargetmetadepsspecht_is_subtargetconfig
2020-01-21 10:16:24.952943 | > DO_CALL (0.001s wait)
.2020-01-21 10:16:24.958326 | eval'd: drake::cmq_buildtargetmetadepsspecht_is_subtargetconfig
2020-01-21 10:16:26.277086 | > DO_CALL (0.001s wait)
.2020-01-21 10:16:26.282482 | eval'd: drake::cmq_buildtargetmetadepsspecht_is_subtargetconfig
2020-01-21 10:16:29.288600 | > DO_CALL (0.001s wait)
.2020-01-21 10:16:29.293899 | eval'd: drake::cmq_buildtargetmetadepsspecht_is_subtargetconfig
2020-01-21 10:16:30.542083 | > DO_CALL (0.001s wait)
.2020-01-21 10:16:30.547389 | eval'd: drake::cmq_buildtargetmetadepsspecht_is_subtargetconfig
2020-01-21 10:16:31.926835 | > DO_CALL (0.001s wait)
.2020-01-21 10:16:31.932137 | eval'd: drake::cmq_buildtargetmetadepsspecht_is_subtargetconfig
2020-01-21 10:16:33.219314 | > DO_CALL (0.000s wait)
.2020-01-21 10:16:33.224712 | eval'd: drake::cmq_buildtargetmetadepsspecht_is_subtargetconfig
2020-01-21 10:16:34.642631 | > DO_CALL (0.001s wait)
.2020-01-21 10:16:34.648393 | eval'd: drake::cmq_buildtargetmetadepsspecht_is_subtargetconfig
2020-01-21 10:16:35.929045 | > DO_CALL (0.001s wait)
.2020-01-21 10:16:35.934577 | eval'd: drake::cmq_buildtargetmetadepsspecht_is_subtargetconfig
2020-01-21 10:16:37.474763 | > DO_CALL (0.001s wait)
.2020-01-21 10:16:37.480111 | eval'd: drake::cmq_buildtargetmetadepsspecht_is_subtargetconfig
2020-01-21 10:16:38.737449 | > DO_CALL (0.000s wait)
.2020-01-21 10:16:38.742735 | eval'd: drake::cmq_buildtargetmetadepsspecht_is_subtargetconfig
2020-01-21 10:16:40.042530 | > DO_CALL (0.000s wait)
.2020-01-21 10:16:40.047996 | eval'd: drake::cmq_buildtargetmetadepsspecht_is_subtargetconfig
2020-01-21 10:16:41.470592 | > DO_CALL (0.001s wait)
.2020-01-21 10:16:41.476010 | eval'd: drake::cmq_buildtargetmetadepsspecht_is_subtargetconfig
2020-01-21 10:16:42.699192 | > DO_CALL (0.001s wait)
.2020-01-21 10:16:42.704749 | eval'd: drake::cmq_buildtargetmetadepsspecht_is_subtargetconfig
2020-01-21 10:16:44.074769 | > DO_CALL (0.001s wait)
.2020-01-21 10:16:44.080395 | eval'd: drake::cmq_buildtargetmetadepsspecht_is_subtargetconfig
2020-01-21 10:16:45.477794 | > DO_CALL (0.001s wait)
.2020-01-21 10:16:45.483167 | eval'd: drake::cmq_buildtargetmetadepsspecht_is_subtargetconfig
2020-01-21 10:16:46.840874 | > DO_CALL (0.001s wait)
.2020-01-21 10:16:46.846189 | eval'd: drake::cmq_buildtargetmetadepsspecht_is_subtargetconfig
2020-01-21 10:16:48.285357 | > DO_CALL (0.000s wait)
.2020-01-21 10:16:48.290660 | eval'd: drake::cmq_buildtargetmetadepsspecht_is_subtargetconfig
2020-01-21 10:16:49.711514 | > DO_CALL (0.000s wait)
.2020-01-21 10:16:49.722685 | eval'd: drake::cmq_buildtargetmetadepsspecht_is_subtargetconfig
2020-01-21 10:16:51.034481 | > DO_CALL (0.000s wait)
.2020-01-21 10:16:51.039759 | eval'd: drake::cmq_buildtargetmetadepsspecht_is_subtargetconfig
2020-01-21 10:16:52.296865 | > DO_CALL (0.001s wait)
.2020-01-21 10:16:52.302168 | eval'd: drake::cmq_buildtargetmetadepsspecht_is_subtargetconfig
2020-01-21 10:16:53.625395 | > DO_CALL (0.000s wait)
.2020-01-21 10:16:53.630670 | eval'd: drake::cmq_buildtargetmetadepsspecht_is_subtargetconfig
2020-01-21 10:16:54.979629 | > DO_CALL (0.001s wait)
.2020-01-21 10:16:54.985357 | eval'd: drake::cmq_buildtargetmetadepsspecht_is_subtargetconfig
2020-01-21 10:16:56.254954 | > DO_CALL (0.001s wait)
.2020-01-21 10:16:56.260473 | eval'd: drake::cmq_buildtargetmetadepsspecht_is_subtargetconfig
2020-01-21 10:16:57.467205 | > DO_CALL (0.001s wait)
.2020-01-21 10:16:57.472539 | eval'd: drake::cmq_buildtargetmetadepsspecht_is_subtargetconfig
2020-01-21 10:16:59.047986 | > DO_CALL (0.001s wait)
.2020-01-21 10:16:59.053285 | eval'd: drake::cmq_buildtargetmetadepsspecht_is_subtargetconfig
2020-01-21 10:17:00.304953 | > DO_CALL (0.001s wait)
.2020-01-21 10:17:00.310306 | eval'd: drake::cmq_buildtargetmetadepsspecht_is_subtargetconfig
2020-01-21 10:17:01.481896 | > DO_CALL (0.001s wait)
.2020-01-21 10:17:01.487424 | eval'd: drake::cmq_buildtargetmetadepsspecht_is_subtargetconfig
2020-01-21 10:17:02.760560 | > DO_CALL (0.001s wait)
.2020-01-21 10:17:02.765889 | eval'd: drake::cmq_buildtargetmetadepsspecht_is_subtargetconfig
2020-01-21 10:17:04.068463 | > DO_CALL (0.000s wait)
.2020-01-21 10:17:04.073739 | eval'd: drake::cmq_buildtargetmetadepsspecht_is_subtargetconfig
2020-01-21 10:17:05.296788 | > DO_CALL (0.001s wait)
.2020-01-21 10:17:05.302185 | eval'd: drake::cmq_buildtargetmetadepsspecht_is_subtargetconfig
2020-01-21 10:17:06.493345 | > DO_CALL (0.000s wait)
.2020-01-21 10:17:06.498652 | eval'd: drake::cmq_buildtargetmetadepsspecht_is_subtargetconfig
2020-01-21 10:17:07.803743 | > DO_CALL (0.001s wait)
.
2020-01-21 10:17:07.809103 | eval'd: drake::cmq_buildtargetmetadepsspecht_is_subtargetconfig
2020-01-21 10:17:09.100090 | > DO_CALL (0.001s wait)
.2020-01-21 10:17:09.105495 | eval'd: drake::cmq_buildtargetmetadepsspecht_is_subtargetconfig
2020-01-21 10:17:10.292508 | > DO_CALL (0.000s wait)
.2020-01-21 10:17:10.303526 | eval'd: drake::cmq_buildtargetmetadepsspecht_is_subtargetconfig
2020-01-21 10:17:11.596741 | > DO_CALL (0.001s wait)
.2020-01-21 10:17:11.602037 | eval'd: drake::cmq_buildtargetmetadepsspecht_is_subtargetconfig
2020-01-21 10:17:12.807906 | > DO_CALL (0.001s wait)
.2020-01-21 10:17:12.813200 | eval'd: drake::cmq_buildtargetmetadepsspecht_is_subtargetconfig
2020-01-21 10:17:14.079838 | > DO_CALL (0.001s wait)
.2020-01-21 10:17:14.085100 | eval'd: drake::cmq_buildtargetmetadepsspecht_is_subtargetconfig
2020-01-21 10:17:15.343000 | > DO_CALL (0.001s wait)
.2020-01-21 10:17:15.348699 | eval'd: drake::cmq_buildtargetmetadepsspecht_is_subtargetconfig
2020-01-21 10:17:16.593163 | > DO_CALL (0.001s wait)
.2020-01-21 10:17:16.598461 | eval'd: drake::cmq_buildtargetmetadepsspecht_is_subtargetconfig
2020-01-21 10:17:17.795013 | > DO_CALL (0.001s wait)
.2020-01-21 10:17:17.800436 | eval'd: drake::cmq_buildtargetmetadepsspecht_is_subtargetconfig
2020-01-21 10:17:18.984604 | > DO_CALL (0.001s wait)
.2020-01-21 10:17:18.989921 | eval'd: drake::cmq_buildtargetmetadepsspecht_is_subtargetconfig
2020-01-21 10:17:20.347156 | > DO_CALL (0.001s wait)
.2020-01-21 10:17:20.352886 | eval'd: drake::cmq_buildtargetmetadepsspecht_is_subtargetconfig
2020-01-21 10:17:21.628394 | > DO_CALL (0.000s wait)
.2020-01-21 10:17:21.633695 | eval'd: drake::cmq_buildtargetmetadepsspecht_is_subtargetconfig
2020-01-21 10:17:22.807864 | > DO_CALL (0.001s wait)
.2020-01-21 10:17:22.813165 | eval'd: drake::cmq_buildtargetmetadepsspecht_is_subtargetconfig
2020-01-21 10:17:24.150024 | > DO_CALL (0.001s wait)
.2020-01-21 10:17:24.155310 | eval'd: drake::cmq_buildtargetmetadepsspecht_is_subtargetconfig
2020-01-21 10:17:25.468319 | > DO_CALL (0.000s wait)
.2020-01-21 10:17:25.473610 | eval'd: drake::cmq_buildtargetmetadepsspecht_is_subtargetconfig
2020-01-21 10:17:26.794709 | > DO_CALL (0.001s wait)
.2020-01-21 10:17:26.978972 | eval'd: drake::cmq_buildtargetmetadepsspecht_is_subtargetconfig
2020-01-21 10:17:28.060003 | > DO_CALL (0.001s wait)
.2020-01-21 10:17:28.065577 | eval'd: drake::cmq_buildtargetmetadepsspecht_is_subtargetconfig
2020-01-21 10:17:29.515278 | > DO_CALL (0.000s wait)
.2020-01-21 10:17:29.520566 | eval'd: drake::cmq_buildtargetmetadepsspecht_is_subtargetconfig
2020-01-21 10:17:32.143264 | > DO_CALL (0.001s wait)
.2020-01-21 10:17:32.149526 | eval'd: drake::cmq_buildtargetmetadepsspecht_is_subtargetconfig
2020-01-21 10:17:33.386653 | > DO_CALL (0.001s wait)
.2020-01-21 10:17:33.392116 | eval'd: drake::cmq_buildtargetmetadepsspecht_is_subtargetconfig
2020-01-21 10:17:34.707527 | > DO_CALL (0.000s wait)
.2020-01-21 10:17:34.712815 | eval'd: drake::cmq_buildtargetmetadepsspecht_is_subtargetconfig
2020-01-21 10:17:36.054209 | > DO_CALL (0.001s wait)
.2020-01-21 10:17:36.059950 | eval'd: drake::cmq_buildtargetmetadepsspecht_is_subtargetconfig
2020-01-21 10:17:37.674293 | > DO_CALL (0.000s wait)
.2020-01-21 10:17:37.680016 | eval'd: drake::cmq_buildtargetmetadepsspecht_is_subtargetconfig
2020-01-21 10:17:38.934524 | > DO_CALL (0.000s wait)
.2020-01-21 10:17:38.939841 | eval'd: drake::cmq_buildtargetmetadepsspecht_is_subtargetconfig
2020-01-21 10:17:40.286618 | > DO_CALL (0.001s wait)
.2020-01-21 10:17:40.292361 | eval'd: drake::cmq_buildtargetmetadepsspecht_is_subtargetconfig
2020-01-21 10:17:41.613574 | > DO_CALL (0.001s wait)
.2020-01-21 10:17:41.619149 | eval'd: drake::cmq_buildtargetmetadepsspecht_is_subtargetconfig
2020-01-21 10:17:42.898369 | > DO_CALL (0.000s wait)
.2020-01-21 10:17:42.903865 | eval'd: drake::cmq_buildtargetmetadepsspecht_is_subtargetconfig
2020-01-21 10:17:44.153959 | > DO_CALL (0.001s wait)
.2020-01-21 10:17:44.159620 | eval'd: drake::cmq_buildtargetmetadepsspecht_is_subtargetconfig
2020-01-21 10:17:45.429837 | > DO_CALL (0.001s wait)
.2020-01-21 10:17:45.435500 | eval'd: drake::cmq_buildtargetmetadepsspecht_is_subtargetconfig
2020-01-21 10:17:46.689484 | > DO_CALL (0.000s wait)
.2020-01-21 10:17:46.695132 | eval'd: drake::cmq_buildtargetmetadepsspecht_is_subtargetconfig
2020-01-21 10:17:47.936443 | > DO_CALL (0.000s wait)
.2020-01-21 10:17:47.942089 | eval'd: drake::cmq_buildtargetmetadepsspecht_is_subtargetconfig
2020-01-21 10:17:49.294673 | > DO_CALL (0.001s wait)
.2020-01-21 10:17:49.300378 | eval'd: drake::cmq_buildtargetmetadepsspecht_is_subtargetconfig
2020-01-21 10:17:50.549030 | > DO_CALL (0.001s wait)
.2020-01-21 10:17:50.554689 | eval'd: drake::cmq_buildtargetmetadepsspecht_is_subtargetconfig
2020-01-21 10:17:51.820158 | > DO_CALL (0.001s wait)
.2020-01-21 10:17:51.826225 | eval'd: drake::cmq_buildtargetmetadepsspecht_is_subtargetconfig
2020-01-21 10:17:53.127984 | > DO_CALL (0.001s wait)
.2020-01-21 10:17:53.133638 | eval'd: drake::cmq_buildtargetmetadepsspecht_is_subtargetconfig
2020-01-21 10:17:54.377448 | > DO_CALL (0.000s wait)
.2020-01-21 10:17:54.383139 | eval'd: drake::cmq_buildtargetmetadepsspecht_is_subtargetconfig
2020-01-21 10:17:55.631511 | > DO_CALL (0.000s wait)
.2020-01-21 10:17:55.637203 | eval'd: drake::cmq_buildtargetmetadepsspecht_is_subtargetconfig
2020-01-21 10:17:56.969310 | > DO_CALL (0.001s wait)
.2020-01-21 10:17:56.974977 | eval'd: drake::cmq_buildtargetmetadepsspecht_is_subtargetconfig
2020-01-21 10:17:58.196466 | > DO_CALL (0.000s wait)
.2020-01-21 10:17:58.202146 | eval'd: drake::cmq_buildtargetmetadepsspecht_is_subtargetconfig
2020-01-21 10:17:59.582733 | > DO_CALL (0.001s wait)
.2020-01-21 10:17:59.589257 | eval'd: drake::cmq_buildtargetmetadepsspecht_is_subtargetconfig
2020-01-21 10:18:00.937054 | > DO_CALL (0.001s wait)
.2020-01-21 10:18:00.944255 | eval'd: drake::cmq_buildtargetmetadepsspecht_is_subtargetconfig
2020-01-21 10:18:02.284325 | > DO_CALL (0.001s wait)
.2020-01-21 10:18:02.297276 | eval'd: drake::cmq_buildtargetmetadepsspecht_is_subtargetconfig
2020-01-21 10:18:03.689652 | > DO_CALL (0.001s wait)
.2020-01-21 10:18:03.695018 | eval'd: drake::cmq_buildtargetmetadepsspecht_is_subtargetconfig
2020-01-21 10:18:04.956766 | > DO_CALL (0.001s wait)
.2020-01-21 10:18:04.962080 | eval'd: drake::cmq_buildtargetmetadepsspecht_is_subtargetconfig
2020-01-21 10:18:06.317122 | > DO_CALL (0.001s wait)
.2020-01-21 10:18:06.322443 | eval'd: drake::cmq_buildtargetmetadepsspecht_is_subtargetconfig
2020-01-21 10:18:07.585564 | > DO_CALL (0.001s wait)
.2020-01-21 10:18:07.590860 | eval'd: drake::cmq_buildtargetmetadepsspecht_is_subtargetconfig
2020-01-21 10:18:08.828299 | > DO_CALL (0.000s wait)
.2020-01-21 10:18:08.833699 | eval'd: drake::cmq_buildtargetmetadepsspecht_is_subtargetconfig
2020-01-21 10:18:10.078448 | > DO_CALL (0.000s wait)
.2020-01-21 10:18:10.084156 | eval'd: drake::cmq_buildtargetmetadepsspecht_is_subtargetconfig
2020-01-21 10:18:11.729427 | > DO_CALL (0.000s wait)
.2020-01-21 10:18:11.734726 | eval'd: drake::cmq_buildtargetmetadepsspecht_is_subtargetconfig
2020-01-21 10:18:12.930158 | > DO_CALL (0.001s wait)
.2020-01-21 10:18:12.935473 | eval'd: drake::cmq_buildtargetmetadepsspecht_is_subtargetconfig
2020-01-21 10:18:14.221181 | > DO_CALL (0.001s wait)
.2020-01-21 10:18:14.226573 | eval'd: drake::cmq_buildtargetmetadepsspecht_is_subtargetconfig
2020-01-21 10:18:15.539904 | > DO_CALL (0.001s wait)
.2020-01-21 10:18:15.545200 | eval'd: drake::cmq_buildtargetmetadepsspecht_is_subtargetconfig
2020-01-21 10:18:16.799175 | > DO_CALL (0.001s wait)
.2020-01-21 10:18:16.804897 | eval'd: drake::cmq_buildtargetmetadepsspecht_is_subtargetconfig
2020-01-21 10:18:17.957858 | > DO_CALL (0.001s wait)
.2020-01-21 10:18:17.963150 | eval'd: drake::cmq_buildtargetmetadepsspecht_is_subtargetconfig
2020-01-21 10:18:19.132012 | > DO_CALL (0.001s wait)
.2020-01-21 10:18:19.137703 | eval'd: drake::cmq_buildtargetmetadepsspecht_is_subtargetconfig
2020-01-21 10:18:20.504117 | > DO_CALL (0.001s wait)
.2020-01-21 10:18:20.509533 | eval'd: drake::cmq_buildtargetmetadepsspecht_is_subtargetconfig
2020-01-21 10:18:21.888098 | > DO_CALL (0.001s wait)
.2020-01-21 10:18:21.893383 | eval'd: drake::cmq_buildtargetmetadepsspecht_is_subtargetconfig
2020-01-21 10:18:23.137902 | > DO_CALL (0.001s wait)
.2020-01-21 10:18:23.143223 | eval'd: drake::cmq_buildtargetmetadepsspecht_is_subtargetconfig
2020-01-21 10:18:24.401622 | > DO_CALL (0.001s wait)
.2020-01-21 10:18:24.406971 | eval'd: drake::cmq_buildtargetmetadepsspecht_is_subtargetconfig
2020-01-21 10:18:25.613802 | > DO_CALL (0.001s wait)
.2020-01-21 10:18:25.619102 | eval'd: drake::cmq_buildtargetmetadepsspecht_is_subtargetconfig
2020-01-21 10:18:26.877818 | > DO_CALL (0.001s wait)
.2020-01-21 10:18:26.883406 | eval'd: drake::cmq_buildtargetmetadepsspecht_is_subtargetconfig
2020-01-21 10:18:28.115973 | > DO_CALL (0.001s wait)
.2020-01-21 10:18:28.121616 | eval'd: drake::cmq_buildtargetmetadepsspecht_is_subtargetconfig
2020-01-21 10:18:29.386260 | > DO_CALL (0.000s wait)
.2020-01-21 10:18:29.391594 | eval'd: drake::cmq_buildtargetmetadepsspecht_is_subtargetconfig
2020-01-21 10:18:30.562587 | > DO_CALL (0.001s wait)
.2020-01-21 10:18:30.574061 | eval'd: drake::cmq_buildtargetmetadepsspecht_is_subtargetconfig
2020-01-21 10:18:32.524554 | > DO_CALL (0.001s wait)
.2020-01-21 10:18:32.529850 | eval'd: drake::cmq_buildtargetmetadepsspecht_is_subtargetconfig
2020-01-21 10:18:34.329547 | > DO_CALL (0.001s wait)
.2020-01-21 10:18:34.335015 | eval'd: drake::cmq_buildtargetmetadepsspecht_is_subtargetconfig
2020-01-21 10:18:35.568222 | > DO_CALL (0.000s wait)
.2020-01-21 10:18:35.573498 | eval'd: drake::cmq_buildtargetmetadepsspecht_is_subtargetconfig
2020-01-21 10:18:36.941129 | > DO_CALL (0.001s wait)
.2020-01-21 10:18:36.946714 | eval'd: drake::cmq_buildtargetmetadepsspecht_is_subtargetconfig
2020-01-21 10:18:38.171141 | > DO_CALL (0.001s wait)
.2020-01-21 10:18:38.176466 | eval'd: drake::cmq_buildtargetmetadepsspecht_is_subtargetconfig
2020-01-21 10:18:39.413948 | > DO_CALL (0.001s wait)
.2020-01-21 10:18:39.419255 | eval'd: drake::cmq_buildtargetmetadepsspecht_is_subtargetconfig
2020-01-21 10:18:40.632879 | > DO_CALL (0.001s wait)
.2020-01-21 10:18:40.638488 | eval'd: drake::cmq_buildtargetmetadepsspecht_is_subtargetconfig
2020-01-21 10:18:42.007136 | > DO_CALL (0.001s wait)
.2020-01-21 10:18:42.012887 | eval'd: drake::cmq_buildtargetmetadepsspecht_is_subtargetconfig
2020-01-21 10:18:43.299264 | > DO_CALL (0.000s wait)
.2020-01-21 10:18:43.304572 | eval'd: drake::cmq_buildtargetmetadepsspecht_is_subtargetconfig
2020-01-21 10:18:44.516351 | > DO_CALL (0.000s wait)
.2020-01-21 10:18:44.521649 | eval'd: drake::cmq_buildtargetmetadepsspecht_is_subtargetconfig
2020-01-21 10:18:45.708945 | > DO_CALL (0.001s wait)
.2020-01-21 10:18:45.714215 | eval'd: drake::cmq_buildtargetmetadepsspecht_is_subtargetconfig
2020-01-21 10:18:46.947729 | > DO_CALL (0.001s wait)
.2020-01-21 10:18:46.953001 | eval'd: drake::cmq_buildtargetmetadepsspecht_is_subtargetconfig
2020-01-21 10:18:48.218310 | > DO_CALL (0.000s wait)
.2020-01-21 10:18:48.223889 | eval'd: drake::cmq_buildtargetmetadepsspecht_is_subtargetconfig
2020-01-21 10:18:49.596009 | > DO_CALL (0.001s wait)
.2020-01-21 10:18:49.601419 | eval'd: drake::cmq_buildtargetmetadepsspecht_is_subtargetconfig
2020-01-21 10:18:50.922604 | > DO_CALL (0.001s wait)
.2020-01-21 10:18:50.928050 | eval'd: drake::cmq_buildtargetmetadepsspecht_is_subtargetconfig
2020-01-21 10:18:52.113684 | > DO_CALL (0.001s wait)
.
2020-01-21 10:18:52.119016 | eval'd: drake::cmq_buildtargetmetadepsspecht_is_subtargetconfig
2020-01-21 10:18:53.370627 | > DO_CALL (0.001s wait)
.2020-01-21 10:18:53.376071 | eval'd: drake::cmq_buildtargetmetadepsspecht_is_subtargetconfig
2020-01-21 10:18:54.727191 | > DO_CALL (0.006s wait)
.2020-01-21 10:18:54.732805 | eval'd: drake::cmq_buildtargetmetadepsspecht_is_subtargetconfig
2020-01-21 10:18:56.004364 | > DO_CALL (0.000s wait)
.2020-01-21 10:18:56.009861 | eval'd: drake::cmq_buildtargetmetadepsspecht_is_subtargetconfig
2020-01-21 10:18:57.221901 | > DO_CALL (0.001s wait)
.2020-01-21 10:18:57.227468 | eval'd: drake::cmq_buildtargetmetadepsspecht_is_subtargetconfig
2020-01-21 10:18:58.468063 | > DO_CALL (0.001s wait)
.2020-01-21 10:18:58.473343 | eval'd: drake::cmq_buildtargetmetadepsspecht_is_subtargetconfig
2020-01-21 10:18:59.741683 | > DO_CALL (0.001s wait)
.2020-01-21 10:18:59.747326 | eval'd: drake::cmq_buildtargetmetadepsspecht_is_subtargetconfig
2020-01-21 10:19:01.013233 | > DO_CALL (0.000s wait)
.2020-01-21 10:19:01.018862 | eval'd: drake::cmq_buildtargetmetadepsspecht_is_subtargetconfig
2020-01-21 10:19:02.348521 | > DO_CALL (0.000s wait)
.2020-01-21 10:19:02.354184 | eval'd: drake::cmq_buildtargetmetadepsspecht_is_subtargetconfig
2020-01-21 10:19:03.587632 | > DO_CALL (0.001s wait)
.2020-01-21 10:19:03.592941 | eval'd: drake::cmq_buildtargetmetadepsspecht_is_subtargetconfig
2020-01-21 10:19:04.913354 | > DO_CALL (0.000s wait)
.2020-01-21 10:19:04.918642 | eval'd: drake::cmq_buildtargetmetadepsspecht_is_subtargetconfig
2020-01-21 10:19:06.256548 | > DO_CALL (0.001s wait)
.2020-01-21 10:19:06.262133 | eval'd: drake::cmq_buildtargetmetadepsspecht_is_subtargetconfig
2020-01-21 10:19:07.595719 | > DO_CALL (0.001s wait)
.2020-01-21 10:19:07.601001 | eval'd: drake::cmq_buildtargetmetadepsspecht_is_subtargetconfig
2020-01-21 10:19:08.842339 | > DO_CALL (0.000s wait)
.2020-01-21 10:19:08.847608 | eval'd: drake::cmq_buildtargetmetadepsspecht_is_subtargetconfig
2020-01-21 10:19:10.180356 | > DO_CALL (0.000s wait)
.2020-01-21 10:19:10.185637 | eval'd: drake::cmq_buildtargetmetadepsspecht_is_subtargetconfig
2020-01-21 10:19:11.477231 | > DO_CALL (0.001s wait)
.2020-01-21 10:19:11.482778 | eval'd: drake::cmq_buildtargetmetadepsspecht_is_subtargetconfig
2020-01-21 10:19:12.815063 | > DO_CALL (0.001s wait)
.2020-01-21 10:19:12.830562 | eval'd: drake::cmq_buildtargetmetadepsspecht_is_subtargetconfig
2020-01-21 10:19:14.320273 | > DO_CALL (0.000s wait)
.2020-01-21 10:19:14.325594 | eval'd: drake::cmq_buildtargetmetadepsspecht_is_subtargetconfig
2020-01-21 10:19:15.721637 | > DO_CALL (0.001s wait)
.2020-01-21 10:19:15.726963 | eval'd: drake::cmq_buildtargetmetadepsspecht_is_subtargetconfig
2020-01-21 10:19:17.074621 | > DO_CALL (0.001s wait)
.2020-01-21 10:19:17.080039 | eval'd: drake::cmq_buildtargetmetadepsspecht_is_subtargetconfig
2020-01-21 10:19:18.384861 | > DO_CALL (0.001s wait)
.2020-01-21 10:19:18.390271 | eval'd: drake::cmq_buildtargetmetadepsspecht_is_subtargetconfig
2020-01-21 10:19:19.691508 | > DO_CALL (0.000s wait)
.2020-01-21 10:19:19.696798 | eval'd: drake::cmq_buildtargetmetadepsspecht_is_subtargetconfig
2020-01-21 10:19:20.764226 | > WORKER_WAIT (0.000s wait)
2020-01-21 10:19:20.764642 | waiting 1.00s
2020-01-21 10:20:04.108891 | > WORKER_WAIT (0.000s wait)
2020-01-21 10:20:04.112720 | waiting 1.00s
2020-01-21 10:23:30.834959 | > WORKER_STOP (0.000s wait)
2020-01-21 10:23:30.838430 | shutting down worker
2020-01-21 10:23:31.035336 | 
Total: 277 in 4.49s [user], 0.40s [system], 661.82s [elapsed]
