2019-11-11 08:06:49.927198 | Master: tcp://c7a-s1:6956
2019-11-11 08:06:49.950438 | WORKER_UP to: tcp://c7a-s1:6956
2019-11-11 08:06:52.172909 | > DO_SETUP (1.859s wait)
2019-11-11 08:06:52.173342 | token from msg: set_common_data_token
2019-11-11 08:07:50.725346 | > WORKER_WAIT (0.000s wait)
2019-11-11 08:07:50.727917 | waiting 0.50s
2019-11-11 08:07:51.230592 | > WORKER_WAIT (0.000s wait)
2019-11-11 08:07:51.230963 | waiting 0.50s
2019-11-11 08:07:51.733555 | > WORKER_WAIT (0.000s wait)
2019-11-11 08:07:51.733925 | waiting 0.50s
2019-11-11 08:07:52.236451 | > WORKER_WAIT (0.000s wait)
2019-11-11 08:07:52.236830 | waiting 0.50s
2019-11-11 08:07:52.739360 | > WORKER_WAIT (0.000s wait)
2019-11-11 08:07:52.739711 | waiting 0.50s
2019-11-11 08:07:53.242287 | > WORKER_WAIT (0.000s wait)
2019-11-11 08:07:53.242670 | waiting 0.50s
2019-11-11 08:07:53.745393 | > WORKER_WAIT (0.000s wait)
2019-11-11 08:07:53.745771 | waiting 0.50s
2019-11-11 08:07:54.248328 | > WORKER_WAIT (0.000s wait)
2019-11-11 08:07:54.248680 | waiting 0.50s
2019-11-11 08:07:54.752160 | > WORKER_WAIT (0.000s wait)
2019-11-11 08:07:54.752532 | waiting 0.50s
2019-11-11 08:07:55.255435 | > WORKER_WAIT (0.000s wait)
2019-11-11 08:07:55.255807 | waiting 0.50s
2019-11-11 08:07:55.758323 | > WORKER_WAIT (0.000s wait)
2019-11-11 08:07:55.758697 | waiting 0.50s
2019-11-11 08:07:56.261305 | > WORKER_WAIT (0.000s wait)
2019-11-11 08:07:56.261679 | waiting 0.50s
2019-11-11 08:07:56.765144 | > WORKER_WAIT (0.000s wait)
2019-11-11 08:07:56.765511 | waiting 0.50s
2019-11-11 08:07:57.268504 | > WORKER_WAIT (0.000s wait)
2019-11-11 08:07:57.268871 | waiting 0.50s
2019-11-11 08:07:57.771997 | > WORKER_WAIT (0.000s wait)
2019-11-11 08:07:57.772383 | waiting 0.50s
2019-11-11 08:07:58.275125 | > WORKER_WAIT (0.000s wait)
2019-11-11 08:07:58.275480 | waiting 0.50s
2019-11-11 08:07:58.778280 | > WORKER_WAIT (0.000s wait)
2019-11-11 08:07:58.779067 | waiting 0.50s
2019-11-11 08:07:59.281872 | > WORKER_WAIT (0.000s wait)
2019-11-11 08:07:59.282248 | waiting 0.50s
2019-11-11 08:07:59.785149 | > WORKER_WAIT (0.000s wait)
2019-11-11 08:07:59.785516 | waiting 0.50s
2019-11-11 08:08:00.288102 | > WORKER_WAIT (0.000s wait)
2019-11-11 08:08:00.288469 | waiting 0.50s
2019-11-11 08:08:00.791288 | > WORKER_WAIT (0.000s wait)
2019-11-11 08:08:00.791660 | waiting 0.50s
2019-11-11 08:08:01.294583 | > WORKER_WAIT (0.000s wait)
2019-11-11 08:08:01.294949 | waiting 0.50s
2019-11-11 08:08:01.797850 | > WORKER_WAIT (0.000s wait)
2019-11-11 08:08:01.798204 | waiting 0.50s
2019-11-11 08:08:02.301036 | > WORKER_WAIT (0.000s wait)
2019-11-11 08:08:02.301402 | waiting 0.50s
2019-11-11 08:08:02.804166 | > WORKER_WAIT (0.000s wait)
2019-11-11 08:08:02.804535 | waiting 0.50s
2019-11-11 08:08:03.307929 | > WORKER_WAIT (0.000s wait)
2019-11-11 08:08:03.308319 | waiting 0.50s
2019-11-11 08:08:03.810566 | > WORKER_WAIT (0.000s wait)
2019-11-11 08:08:03.811171 | waiting 0.50s
2019-11-11 08:08:04.313481 | > WORKER_WAIT (0.001s wait)
2019-11-11 08:08:04.313859 | waiting 0.50s
2019-11-11 08:08:04.816166 | > WORKER_WAIT (0.000s wait)
2019-11-11 08:08:04.816538 | waiting 0.50s
2019-11-11 08:08:05.318856 | > WORKER_WAIT (0.000s wait)
2019-11-11 08:08:05.319243 | waiting 0.50s
2019-11-11 08:08:05.821603 | > WORKER_WAIT (0.000s wait)
2019-11-11 08:08:05.821977 | waiting 0.50s
2019-11-11 08:08:06.324494 | > WORKER_WAIT (0.001s wait)
2019-11-11 08:08:06.324864 | waiting 0.50s
2019-11-11 08:08:06.827155 | > WORKER_WAIT (0.000s wait)
2019-11-11 08:08:06.827525 | waiting 0.50s
2019-11-11 08:08:07.329539 | > WORKER_WAIT (0.000s wait)
2019-11-11 08:08:07.329914 | waiting 0.50s
2019-11-11 08:08:07.832249 | > WORKER_WAIT (0.000s wait)
2019-11-11 08:08:07.832619 | waiting 0.50s
2019-11-11 08:08:08.334807 | > WORKER_WAIT (0.000s wait)
2019-11-11 08:08:08.335198 | waiting 0.50s
2019-11-11 08:08:08.837444 | > WORKER_WAIT (0.000s wait)
2019-11-11 08:08:08.838222 | waiting 0.50s
2019-11-11 08:08:09.340637 | > WORKER_WAIT (0.000s wait)
2019-11-11 08:08:09.341014 | waiting 0.50s
2019-11-11 08:08:09.843079 | > WORKER_WAIT (0.000s wait)
2019-11-11 08:08:09.843410 | waiting 0.50s
2019-11-11 08:08:10.345517 | > WORKER_WAIT (0.000s wait)
2019-11-11 08:08:10.345834 | waiting 0.50s
2019-11-11 08:08:10.847936 | > WORKER_WAIT (0.000s wait)
2019-11-11 08:08:10.848288 | waiting 0.50s
2019-11-11 08:08:11.350445 | > WORKER_WAIT (0.000s wait)
2019-11-11 08:08:11.350779 | waiting 0.50s
2019-11-11 08:08:11.852911 | > WORKER_WAIT (0.000s wait)
2019-11-11 08:08:11.853270 | waiting 0.50s
2019-11-11 08:08:12.355443 | > WORKER_WAIT (0.000s wait)
2019-11-11 08:08:12.355792 | waiting 0.50s
2019-11-11 08:08:12.857894 | > WORKER_WAIT (0.000s wait)
2019-11-11 08:08:12.858232 | waiting 0.50s
2019-11-11 08:08:13.360480 | > WORKER_WAIT (0.001s wait)
2019-11-11 08:08:13.360797 | waiting 0.50s
2019-11-11 08:08:13.862418 | > WORKER_WAIT (0.000s wait)
2019-11-11 08:08:13.863063 | waiting 0.50s
2019-11-11 08:08:14.365195 | > WORKER_WAIT (0.000s wait)
2019-11-11 08:08:14.365508 | waiting 0.50s
2019-11-11 08:08:14.867651 | > WORKER_WAIT (0.000s wait)
2019-11-11 08:08:14.867965 | waiting 0.50s
2019-11-11 08:08:15.370138 | > WORKER_WAIT (0.000s wait)
2019-11-11 08:08:15.370473 | waiting 0.50s
2019-11-11 08:08:15.872765 | > WORKER_WAIT (0.000s wait)
2019-11-11 08:08:15.873114 | waiting 0.50s
2019-11-11 08:08:16.375302 | > WORKER_WAIT (0.000s wait)
2019-11-11 08:08:16.375622 | waiting 0.50s
2019-11-11 08:08:16.877634 | > WORKER_WAIT (0.000s wait)
2019-11-11 08:08:16.877952 | waiting 0.50s
2019-11-11 08:08:17.379936 | > WORKER_WAIT (0.000s wait)
2019-11-11 08:08:17.380268 | waiting 0.50s
2019-11-11 08:08:17.882213 | > WORKER_WAIT (0.000s wait)
2019-11-11 08:08:17.882539 | waiting 0.50s
2019-11-11 08:08:18.384683 | > WORKER_WAIT (0.000s wait)
2019-11-11 08:08:18.385010 | waiting 0.50s
2019-11-11 08:08:18.887076 | > WORKER_WAIT (0.000s wait)
2019-11-11 08:08:18.887636 | waiting 0.50s
2019-11-11 08:08:19.389890 | > WORKER_WAIT (0.000s wait)
2019-11-11 08:08:19.390230 | waiting 0.50s
2019-11-11 08:08:19.892425 | > WORKER_WAIT (0.000s wait)
2019-11-11 08:08:19.892746 | waiting 0.50s
2019-11-11 08:08:20.437126 | > WORKER_WAIT (0.000s wait)
2019-11-11 08:08:20.437500 | waiting 0.50s
2019-11-11 08:08:50.983968 | > WORKER_STOP (0.000s wait)
2019-11-11 08:08:50.986668 | shutting down worker
2019-11-11 08:08:51.158923 | 
Total: 0 in 1.60s [user], 0.15s [system], 121.04s [elapsed]
