2020-01-21 10:12:28.995565 | Master: tcp://c30a-s2:6917
2020-01-21 10:12:29.018018 | WORKER_UP to: tcp://c30a-s2:6917
2020-01-21 10:12:32.007016 | > DO_SETUP (2.333s wait)
2020-01-21 10:12:32.007945 | token from msg: set_common_data_token
2020-01-21 10:12:32.698796 | > DO_CALL (0.001s wait)
.* Option 'clustermq.scheduler' not set, defaulting to ‘SLURM’
--- see: https://mschubert.github.io/clustermq/articles/userguide.html#configuration
2020-01-21 10:12:33.019158 | eval'd: drake::cmq_buildtargetmetadepsspecht_is_subtargetconfig
2020-01-21 10:12:34.770699 | > DO_CALL (0.001s wait)
.2020-01-21 10:12:34.946851 | eval'd: drake::cmq_buildtargetmetadepsspecht_is_subtargetconfig
2020-01-21 10:12:37.395195 | > DO_CALL (0.001s wait)
.2020-01-21 10:12:37.400820 | eval'd: drake::cmq_buildtargetmetadepsspecht_is_subtargetconfig
2020-01-21 10:12:39.314593 | > DO_CALL (0.001s wait)
.2020-01-21 10:12:39.320514 | eval'd: drake::cmq_buildtargetmetadepsspecht_is_subtargetconfig
2020-01-21 10:12:41.080116 | > DO_CALL (0.001s wait)
.2020-01-21 10:12:41.086192 | eval'd: drake::cmq_buildtargetmetadepsspecht_is_subtargetconfig
2020-01-21 10:12:43.053369 | > DO_CALL (0.001s wait)
.2020-01-21 10:12:43.059314 | eval'd: drake::cmq_buildtargetmetadepsspecht_is_subtargetconfig
2020-01-21 10:12:44.831749 | > DO_CALL (0.001s wait)
.2020-01-21 10:12:44.837424 | eval'd: drake::cmq_buildtargetmetadepsspecht_is_subtargetconfig
2020-01-21 10:12:46.521656 | > DO_CALL (0.001s wait)
.2020-01-21 10:12:46.527386 | eval'd: drake::cmq_buildtargetmetadepsspecht_is_subtargetconfig
2020-01-21 10:12:48.189376 | > DO_CALL (0.001s wait)
.2020-01-21 10:12:48.195422 | eval'd: drake::cmq_buildtargetmetadepsspecht_is_subtargetconfig
2020-01-21 10:12:50.232094 | > DO_CALL (0.001s wait)
.2020-01-21 10:12:50.238125 | eval'd: drake::cmq_buildtargetmetadepsspecht_is_subtargetconfig
2020-01-21 10:12:52.128523 | > DO_CALL (0.000s wait)
.2020-01-21 10:12:52.134330 | eval'd: drake::cmq_buildtargetmetadepsspecht_is_subtargetconfig
2020-01-21 10:12:53.709752 | > DO_CALL (0.001s wait)
.2020-01-21 10:12:53.716896 | eval'd: drake::cmq_buildtargetmetadepsspecht_is_subtargetconfig
2020-01-21 10:12:55.432480 | > DO_CALL (0.000s wait)
.2020-01-21 10:12:55.439603 | eval'd: drake::cmq_buildtargetmetadepsspecht_is_subtargetconfig
2020-01-21 10:12:57.306992 | > DO_CALL (0.001s wait)
.2020-01-21 10:12:57.313836 | eval'd: drake::cmq_buildtargetmetadepsspecht_is_subtargetconfig
2020-01-21 10:12:59.241197 | > DO_CALL (0.001s wait)
.2020-01-21 10:12:59.248320 | eval'd: drake::cmq_buildtargetmetadepsspecht_is_subtargetconfig
2020-01-21 10:13:01.060256 | > DO_CALL (0.001s wait)
.2020-01-21 10:13:01.068325 | eval'd: drake::cmq_buildtargetmetadepsspecht_is_subtargetconfig
2020-01-21 10:13:02.781587 | > DO_CALL (0.001s wait)
.2020-01-21 10:13:02.788309 | eval'd: drake::cmq_buildtargetmetadepsspecht_is_subtargetconfig
2020-01-21 10:13:04.518213 | > DO_CALL (0.001s wait)
.2020-01-21 10:13:04.524901 | eval'd: drake::cmq_buildtargetmetadepsspecht_is_subtargetconfig
2020-01-21 10:13:06.232993 | > DO_CALL (0.001s wait)
.
2020-01-21 10:13:06.239992 | eval'd: drake::cmq_buildtargetmetadepsspecht_is_subtargetconfig
2020-01-21 10:13:08.101415 | > DO_CALL (0.001s wait)
.2020-01-21 10:13:08.108505 | eval'd: drake::cmq_buildtargetmetadepsspecht_is_subtargetconfig
2020-01-21 10:13:09.728748 | > DO_CALL (0.001s wait)
.2020-01-21 10:13:09.735514 | eval'd: drake::cmq_buildtargetmetadepsspecht_is_subtargetconfig
2020-01-21 10:13:11.738371 | > DO_CALL (0.001s wait)
.2020-01-21 10:13:11.745265 | eval'd: drake::cmq_buildtargetmetadepsspecht_is_subtargetconfig
2020-01-21 10:13:13.638080 | > DO_CALL (0.001s wait)
.2020-01-21 10:13:13.644867 | eval'd: drake::cmq_buildtargetmetadepsspecht_is_subtargetconfig
2020-01-21 10:13:15.676620 | > DO_CALL (0.001s wait)
.2020-01-21 10:13:15.683608 | eval'd: drake::cmq_buildtargetmetadepsspecht_is_subtargetconfig
2020-01-21 10:13:17.774375 | > DO_CALL (0.001s wait)
.2020-01-21 10:13:17.781089 | eval'd: drake::cmq_buildtargetmetadepsspecht_is_subtargetconfig
2020-01-21 10:13:19.443485 | > DO_CALL (0.000s wait)
.2020-01-21 10:13:19.450208 | eval'd: drake::cmq_buildtargetmetadepsspecht_is_subtargetconfig
2020-01-21 10:13:21.594264 | > DO_CALL (0.001s wait)
.2020-01-21 10:13:21.601452 | eval'd: drake::cmq_buildtargetmetadepsspecht_is_subtargetconfig
2020-01-21 10:13:24.003269 | > DO_CALL (0.001s wait)
.2020-01-21 10:13:24.010332 | eval'd: drake::cmq_buildtargetmetadepsspecht_is_subtargetconfig
2020-01-21 10:13:25.663331 | > DO_CALL (0.001s wait)
.2020-01-21 10:13:25.670506 | eval'd: drake::cmq_buildtargetmetadepsspecht_is_subtargetconfig
2020-01-21 10:13:27.486500 | > DO_CALL (0.000s wait)
.2020-01-21 10:13:27.498485 | eval'd: drake::cmq_buildtargetmetadepsspecht_is_subtargetconfig
2020-01-21 10:13:29.183328 | > DO_CALL (0.000s wait)
.2020-01-21 10:13:29.188961 | eval'd: drake::cmq_buildtargetmetadepsspecht_is_subtargetconfig
2020-01-21 10:13:31.003143 | > DO_CALL (0.001s wait)
.2020-01-21 10:13:31.008945 | eval'd: drake::cmq_buildtargetmetadepsspecht_is_subtargetconfig
2020-01-21 10:13:32.958102 | > DO_CALL (0.001s wait)
.2020-01-21 10:13:32.963449 | eval'd: drake::cmq_buildtargetmetadepsspecht_is_subtargetconfig
2020-01-21 10:13:35.250378 | > DO_CALL (0.000s wait)
.2020-01-21 10:13:35.255613 | eval'd: drake::cmq_buildtargetmetadepsspecht_is_subtargetconfig
2020-01-21 10:13:36.979428 | > DO_CALL (0.000s wait)
.2020-01-21 10:13:36.984999 | eval'd: drake::cmq_buildtargetmetadepsspecht_is_subtargetconfig
2020-01-21 10:13:38.910785 | > DO_CALL (0.001s wait)
.2020-01-21 10:13:38.916126 | eval'd: drake::cmq_buildtargetmetadepsspecht_is_subtargetconfig
2020-01-21 10:13:40.957988 | > DO_CALL (0.001s wait)
.2020-01-21 10:13:40.964258 | eval'd: drake::cmq_buildtargetmetadepsspecht_is_subtargetconfig
2020-01-21 10:13:42.635048 | > DO_CALL (0.001s wait)
.2020-01-21 10:13:42.640323 | eval'd: drake::cmq_buildtargetmetadepsspecht_is_subtargetconfig
2020-01-21 10:13:44.506212 | > DO_CALL (0.001s wait)
.2020-01-21 10:13:44.511518 | eval'd: drake::cmq_buildtargetmetadepsspecht_is_subtargetconfig
2020-01-21 10:13:46.072776 | > DO_CALL (0.001s wait)
.2020-01-21 10:13:46.078352 | eval'd: drake::cmq_buildtargetmetadepsspecht_is_subtargetconfig
2020-01-21 10:13:47.512720 | > DO_CALL (0.001s wait)
.2020-01-21 10:13:47.518020 | eval'd: drake::cmq_buildtargetmetadepsspecht_is_subtargetconfig
2020-01-21 10:13:49.131063 | > DO_CALL (0.001s wait)
.2020-01-21 10:13:49.136381 | eval'd: drake::cmq_buildtargetmetadepsspecht_is_subtargetconfig
2020-01-21 10:13:50.617016 | > DO_CALL (0.001s wait)
.2020-01-21 10:13:50.622586 | eval'd: drake::cmq_buildtargetmetadepsspecht_is_subtargetconfig
2020-01-21 10:13:52.241585 | > DO_CALL (0.001s wait)
.2020-01-21 10:13:52.247270 | eval'd: drake::cmq_buildtargetmetadepsspecht_is_subtargetconfig
2020-01-21 10:13:53.955591 | > DO_CALL (0.001s wait)
.2020-01-21 10:13:53.960908 | eval'd: drake::cmq_buildtargetmetadepsspecht_is_subtargetconfig
2020-01-21 10:13:55.549738 | > DO_CALL (0.001s wait)
.2020-01-21 10:13:55.555038 | eval'd: drake::cmq_buildtargetmetadepsspecht_is_subtargetconfig
2020-01-21 10:13:57.296350 | > DO_CALL (0.000s wait)
.2020-01-21 10:13:57.301813 | eval'd: drake::cmq_buildtargetmetadepsspecht_is_subtargetconfig
2020-01-21 10:13:58.905888 | > DO_CALL (0.001s wait)
.2020-01-21 10:13:58.911170 | eval'd: drake::cmq_buildtargetmetadepsspecht_is_subtargetconfig
2020-01-21 10:14:00.932745 | > DO_CALL (0.001s wait)
.2020-01-21 10:14:00.938601 | eval'd: drake::cmq_buildtargetmetadepsspecht_is_subtargetconfig
2020-01-21 10:14:02.789393 | > DO_CALL (0.000s wait)
.2020-01-21 10:14:02.794789 | eval'd: drake::cmq_buildtargetmetadepsspecht_is_subtargetconfig
2020-01-21 10:14:04.444862 | > DO_CALL (0.001s wait)
.2020-01-21 10:14:04.450416 | eval'd: drake::cmq_buildtargetmetadepsspecht_is_subtargetconfig
2020-01-21 10:14:06.409547 | > DO_CALL (0.000s wait)
.2020-01-21 10:14:06.414916 | eval'd: drake::cmq_buildtargetmetadepsspecht_is_subtargetconfig
2020-01-21 10:14:08.161468 | > DO_CALL (0.000s wait)
.2020-01-21 10:14:08.175795 | eval'd: drake::cmq_buildtargetmetadepsspecht_is_subtargetconfig
2020-01-21 10:14:09.857597 | > DO_CALL (0.001s wait)
.2020-01-21 10:14:09.865007 | eval'd: drake::cmq_buildtargetmetadepsspecht_is_subtargetconfig
2020-01-21 10:14:11.678435 | > DO_CALL (0.000s wait)
.2020-01-21 10:14:11.684621 | eval'd: drake::cmq_buildtargetmetadepsspecht_is_subtargetconfig
2020-01-21 10:14:13.251048 | > DO_CALL (0.001s wait)
.2020-01-21 10:14:13.257209 | eval'd: drake::cmq_buildtargetmetadepsspecht_is_subtargetconfig
2020-01-21 10:14:14.807411 | > DO_CALL (0.000s wait)
.2020-01-21 10:14:14.813479 | eval'd: drake::cmq_buildtargetmetadepsspecht_is_subtargetconfig
2020-01-21 10:14:16.409273 | > DO_CALL (0.000s wait)
.2020-01-21 10:14:16.415888 | eval'd: drake::cmq_buildtargetmetadepsspecht_is_subtargetconfig
2020-01-21 10:14:17.875883 | > DO_CALL (0.001s wait)
.2020-01-21 10:14:17.882206 | eval'd: drake::cmq_buildtargetmetadepsspecht_is_subtargetconfig
2020-01-21 10:14:19.628072 | > DO_CALL (0.001s wait)
.2020-01-21 10:14:19.634520 | eval'd: drake::cmq_buildtargetmetadepsspecht_is_subtargetconfig
2020-01-21 10:14:21.054388 | > DO_CALL (0.000s wait)
.2020-01-21 10:14:21.061020 | eval'd: drake::cmq_buildtargetmetadepsspecht_is_subtargetconfig
2020-01-21 10:14:22.677762 | > DO_CALL (0.001s wait)
.2020-01-21 10:14:22.684096 | eval'd: drake::cmq_buildtargetmetadepsspecht_is_subtargetconfig
2020-01-21 10:14:25.588026 | > DO_CALL (0.001s wait)
.2020-01-21 10:14:25.594013 | eval'd: drake::cmq_buildtargetmetadepsspecht_is_subtargetconfig
2020-01-21 10:14:26.855762 | > DO_CALL (0.001s wait)
.2020-01-21 10:14:26.861102 | eval'd: drake::cmq_buildtargetmetadepsspecht_is_subtargetconfig
2020-01-21 10:14:28.547610 | > DO_CALL (0.001s wait)
.2020-01-21 10:14:28.552950 | eval'd: drake::cmq_buildtargetmetadepsspecht_is_subtargetconfig
2020-01-21 10:14:30.050398 | > DO_CALL (0.000s wait)
.2020-01-21 10:14:30.055718 | eval'd: drake::cmq_buildtargetmetadepsspecht_is_subtargetconfig
2020-01-21 10:14:31.394181 | > DO_CALL (0.001s wait)
.2020-01-21 10:14:31.399532 | eval'd: drake::cmq_buildtargetmetadepsspecht_is_subtargetconfig
2020-01-21 10:14:32.933343 | > DO_CALL (0.000s wait)
.2020-01-21 10:14:32.938820 | eval'd: drake::cmq_buildtargetmetadepsspecht_is_subtargetconfig
2020-01-21 10:14:34.281716 | > DO_CALL (0.001s wait)
.2020-01-21 10:14:34.287091 | eval'd: drake::cmq_buildtargetmetadepsspecht_is_subtargetconfig
2020-01-21 10:14:35.652173 | > DO_CALL (0.001s wait)
.2020-01-21 10:14:35.657486 | eval'd: drake::cmq_buildtargetmetadepsspecht_is_subtargetconfig
2020-01-21 10:14:37.152581 | > DO_CALL (0.001s wait)
.2020-01-21 10:14:37.157905 | eval'd: drake::cmq_buildtargetmetadepsspecht_is_subtargetconfig
2020-01-21 10:14:38.614347 | > DO_CALL (0.000s wait)
.2020-01-21 10:14:38.633177 | eval'd: drake::cmq_buildtargetmetadepsspecht_is_subtargetconfig
2020-01-21 10:14:40.122957 | > DO_CALL (0.001s wait)
.2020-01-21 10:14:40.128569 | eval'd: drake::cmq_buildtargetmetadepsspecht_is_subtargetconfig
2020-01-21 10:14:41.795037 | > DO_CALL (0.001s wait)
.2020-01-21 10:14:41.800346 | eval'd: drake::cmq_buildtargetmetadepsspecht_is_subtargetconfig
2020-01-21 10:14:43.413225 | > DO_CALL (0.001s wait)
.2020-01-21 10:14:43.418757 | eval'd: drake::cmq_buildtargetmetadepsspecht_is_subtargetconfig
2020-01-21 10:14:44.935580 | > DO_CALL (0.001s wait)
.2020-01-21 10:14:44.940857 | eval'd: drake::cmq_buildtargetmetadepsspecht_is_subtargetconfig
2020-01-21 10:14:46.494706 | > DO_CALL (0.001s wait)
.2020-01-21 10:14:46.500156 | eval'd: drake::cmq_buildtargetmetadepsspecht_is_subtargetconfig
2020-01-21 10:14:47.942119 | > DO_CALL (0.001s wait)
.2020-01-21 10:14:47.947455 | eval'd: drake::cmq_buildtargetmetadepsspecht_is_subtargetconfig
2020-01-21 10:14:49.362083 | > DO_CALL (0.001s wait)
.2020-01-21 10:14:49.367403 | eval'd: drake::cmq_buildtargetmetadepsspecht_is_subtargetconfig
2020-01-21 10:14:50.935131 | > DO_CALL (0.001s wait)
.2020-01-21 10:14:50.940907 | eval'd: drake::cmq_buildtargetmetadepsspecht_is_subtargetconfig
2020-01-21 10:14:52.528738 | > DO_CALL (0.001s wait)
.2020-01-21 10:14:52.534079 | eval'd: drake::cmq_buildtargetmetadepsspecht_is_subtargetconfig
2020-01-21 10:14:53.834970 | > DO_CALL (0.001s wait)
.2020-01-21 10:14:53.840296 | eval'd: drake::cmq_buildtargetmetadepsspecht_is_subtargetconfig
2020-01-21 10:14:55.565139 | > DO_CALL (0.001s wait)
.2020-01-21 10:14:55.570784 | eval'd: drake::cmq_buildtargetmetadepsspecht_is_subtargetconfig
2020-01-21 10:14:57.110359 | > DO_CALL (0.000s wait)
.2020-01-21 10:14:57.115970 | eval'd: drake::cmq_buildtargetmetadepsspecht_is_subtargetconfig
2020-01-21 10:14:58.447669 | > DO_CALL (0.001s wait)
.2020-01-21 10:14:58.453128 | eval'd: drake::cmq_buildtargetmetadepsspecht_is_subtargetconfig
2020-01-21 10:14:59.824540 | > DO_CALL (0.000s wait)
.2020-01-21 10:14:59.830103 | eval'd: drake::cmq_buildtargetmetadepsspecht_is_subtargetconfig
2020-01-21 10:15:01.336586 | > DO_CALL (0.001s wait)
.2020-01-21 10:15:01.341935 | eval'd: drake::cmq_buildtargetmetadepsspecht_is_subtargetconfig
2020-01-21 10:15:02.731245 | > DO_CALL (0.011s wait)
.2020-01-21 10:15:02.736753 | eval'd: drake::cmq_buildtargetmetadepsspecht_is_subtargetconfig
2020-01-21 10:15:04.282105 | > DO_CALL (0.001s wait)
.2020-01-21 10:15:04.287561 | eval'd: drake::cmq_buildtargetmetadepsspecht_is_subtargetconfig
2020-01-21 10:15:05.717935 | > DO_CALL (0.001s wait)
.2020-01-21 10:15:05.723225 | eval'd: drake::cmq_buildtargetmetadepsspecht_is_subtargetconfig
2020-01-21 10:15:07.049109 | > DO_CALL (0.001s wait)
.2020-01-21 10:15:07.054565 | eval'd: drake::cmq_buildtargetmetadepsspecht_is_subtargetconfig
2020-01-21 10:15:08.419899 | > DO_CALL (0.001s wait)
.2020-01-21 10:15:08.425286 | eval'd: drake::cmq_buildtargetmetadepsspecht_is_subtargetconfig
2020-01-21 10:15:09.925717 | > DO_CALL (0.001s wait)
.2020-01-21 10:15:09.931018 | eval'd: drake::cmq_buildtargetmetadepsspecht_is_subtargetconfig
2020-01-21 10:15:11.388956 | > DO_CALL (0.001s wait)
.2020-01-21 10:15:11.394283 | eval'd: drake::cmq_buildtargetmetadepsspecht_is_subtargetconfig
2020-01-21 10:15:12.699189 | > DO_CALL (0.001s wait)
.2020-01-21 10:15:12.704507 | eval'd: drake::cmq_buildtargetmetadepsspecht_is_subtargetconfig
2020-01-21 10:15:14.203353 | > DO_CALL (0.000s wait)
.2020-01-21 10:15:14.208663 | eval'd: drake::cmq_buildtargetmetadepsspecht_is_subtargetconfig
2020-01-21 10:15:15.470789 | > DO_CALL (0.001s wait)
.2020-01-21 10:15:15.476122 | eval'd: drake::cmq_buildtargetmetadepsspecht_is_subtargetconfig
2020-01-21 10:15:16.799173 | > DO_CALL (0.001s wait)
.
2020-01-21 10:15:16.804751 | eval'd: drake::cmq_buildtargetmetadepsspecht_is_subtargetconfig
2020-01-21 10:15:18.154737 | > DO_CALL (0.001s wait)
.2020-01-21 10:15:18.160228 | eval'd: drake::cmq_buildtargetmetadepsspecht_is_subtargetconfig
2020-01-21 10:15:19.423228 | > DO_CALL (0.001s wait)
.2020-01-21 10:15:19.428790 | eval'd: drake::cmq_buildtargetmetadepsspecht_is_subtargetconfig
2020-01-21 10:15:20.775528 | > DO_CALL (0.005s wait)
.2020-01-21 10:15:20.781806 | eval'd: drake::cmq_buildtargetmetadepsspecht_is_subtargetconfig
2020-01-21 10:15:22.037089 | > DO_CALL (0.001s wait)
.2020-01-21 10:15:22.042601 | eval'd: drake::cmq_buildtargetmetadepsspecht_is_subtargetconfig
2020-01-21 10:15:23.399384 | > DO_CALL (0.000s wait)
.2020-01-21 10:15:23.404690 | eval'd: drake::cmq_buildtargetmetadepsspecht_is_subtargetconfig
2020-01-21 10:15:25.430749 | > DO_CALL (0.001s wait)
.2020-01-21 10:15:25.436133 | eval'd: drake::cmq_buildtargetmetadepsspecht_is_subtargetconfig
2020-01-21 10:15:27.850966 | > DO_CALL (0.001s wait)
.2020-01-21 10:15:27.856262 | eval'd: drake::cmq_buildtargetmetadepsspecht_is_subtargetconfig
2020-01-21 10:15:29.166392 | > DO_CALL (0.000s wait)
.2020-01-21 10:15:29.171701 | eval'd: drake::cmq_buildtargetmetadepsspecht_is_subtargetconfig
2020-01-21 10:15:30.825238 | > DO_CALL (0.001s wait)
.2020-01-21 10:15:30.831343 | eval'd: drake::cmq_buildtargetmetadepsspecht_is_subtargetconfig
2020-01-21 10:15:32.211488 | > DO_CALL (0.000s wait)
.2020-01-21 10:15:32.216954 | eval'd: drake::cmq_buildtargetmetadepsspecht_is_subtargetconfig
2020-01-21 10:15:33.726802 | > DO_CALL (0.001s wait)
.2020-01-21 10:15:33.732111 | eval'd: drake::cmq_buildtargetmetadepsspecht_is_subtargetconfig
2020-01-21 10:15:35.228216 | > DO_CALL (0.001s wait)
.2020-01-21 10:15:35.233564 | eval'd: drake::cmq_buildtargetmetadepsspecht_is_subtargetconfig
2020-01-21 10:15:36.490067 | > DO_CALL (0.001s wait)
.2020-01-21 10:15:36.501609 | eval'd: drake::cmq_buildtargetmetadepsspecht_is_subtargetconfig
2020-01-21 10:15:37.970944 | > DO_CALL (0.001s wait)
.2020-01-21 10:15:37.976333 | eval'd: drake::cmq_buildtargetmetadepsspecht_is_subtargetconfig
2020-01-21 10:15:39.418698 | > DO_CALL (0.001s wait)
.2020-01-21 10:15:39.423951 | eval'd: drake::cmq_buildtargetmetadepsspecht_is_subtargetconfig
2020-01-21 10:15:40.915070 | > DO_CALL (0.001s wait)
.2020-01-21 10:15:40.920346 | eval'd: drake::cmq_buildtargetmetadepsspecht_is_subtargetconfig
2020-01-21 10:15:42.312944 | > DO_CALL (0.001s wait)
.2020-01-21 10:15:42.318341 | eval'd: drake::cmq_buildtargetmetadepsspecht_is_subtargetconfig
2020-01-21 10:15:43.551468 | > DO_CALL (0.000s wait)
.2020-01-21 10:15:43.556752 | eval'd: drake::cmq_buildtargetmetadepsspecht_is_subtargetconfig
2020-01-21 10:15:45.104133 | > DO_CALL (0.001s wait)
.2020-01-21 10:15:45.109672 | eval'd: drake::cmq_buildtargetmetadepsspecht_is_subtargetconfig
2020-01-21 10:15:46.420782 | > DO_CALL (0.001s wait)
.2020-01-21 10:15:46.426122 | eval'd: drake::cmq_buildtargetmetadepsspecht_is_subtargetconfig
2020-01-21 10:15:47.809413 | > DO_CALL (0.000s wait)
.2020-01-21 10:15:47.814751 | eval'd: drake::cmq_buildtargetmetadepsspecht_is_subtargetconfig
2020-01-21 10:15:49.161250 | > DO_CALL (0.001s wait)
.2020-01-21 10:15:49.366208 | eval'd: drake::cmq_buildtargetmetadepsspecht_is_subtargetconfig
2020-01-21 10:15:50.595950 | > DO_CALL (0.001s wait)
.2020-01-21 10:15:50.601499 | eval'd: drake::cmq_buildtargetmetadepsspecht_is_subtargetconfig
2020-01-21 10:15:51.985910 | > DO_CALL (0.001s wait)
.2020-01-21 10:15:51.991166 | eval'd: drake::cmq_buildtargetmetadepsspecht_is_subtargetconfig
2020-01-21 10:15:53.230846 | > DO_CALL (0.001s wait)
.2020-01-21 10:15:53.236035 | eval'd: drake::cmq_buildtargetmetadepsspecht_is_subtargetconfig
2020-01-21 10:15:54.547164 | > DO_CALL (0.001s wait)
.2020-01-21 10:15:54.552384 | eval'd: drake::cmq_buildtargetmetadepsspecht_is_subtargetconfig
2020-01-21 10:15:56.171540 | > DO_CALL (0.000s wait)
.2020-01-21 10:15:56.176852 | eval'd: drake::cmq_buildtargetmetadepsspecht_is_subtargetconfig
2020-01-21 10:15:57.659083 | > DO_CALL (0.001s wait)
.2020-01-21 10:15:57.664322 | eval'd: drake::cmq_buildtargetmetadepsspecht_is_subtargetconfig
2020-01-21 10:15:59.064622 | > DO_CALL (0.001s wait)
.2020-01-21 10:15:59.070116 | eval'd: drake::cmq_buildtargetmetadepsspecht_is_subtargetconfig
2020-01-21 10:16:00.375551 | > DO_CALL (0.000s wait)
.2020-01-21 10:16:00.380907 | eval'd: drake::cmq_buildtargetmetadepsspecht_is_subtargetconfig
2020-01-21 10:16:01.722029 | > DO_CALL (0.001s wait)
.2020-01-21 10:16:01.727595 | eval'd: drake::cmq_buildtargetmetadepsspecht_is_subtargetconfig
2020-01-21 10:16:03.354257 | > DO_CALL (0.000s wait)
.2020-01-21 10:16:03.359511 | eval'd: drake::cmq_buildtargetmetadepsspecht_is_subtargetconfig
2020-01-21 10:16:04.712054 | > DO_CALL (0.001s wait)
.2020-01-21 10:16:04.717455 | eval'd: drake::cmq_buildtargetmetadepsspecht_is_subtargetconfig
2020-01-21 10:16:06.013859 | > DO_CALL (0.001s wait)
.2020-01-21 10:16:06.019087 | eval'd: drake::cmq_buildtargetmetadepsspecht_is_subtargetconfig
2020-01-21 10:16:07.319961 | > DO_CALL (0.001s wait)
.2020-01-21 10:16:07.325212 | eval'd: drake::cmq_buildtargetmetadepsspecht_is_subtargetconfig
2020-01-21 10:16:08.584679 | > DO_CALL (0.001s wait)
.2020-01-21 10:16:08.589951 | eval'd: drake::cmq_buildtargetmetadepsspecht_is_subtargetconfig
2020-01-21 10:16:09.947758 | > DO_CALL (0.001s wait)
.2020-01-21 10:16:09.952979 | eval'd: drake::cmq_buildtargetmetadepsspecht_is_subtargetconfig
2020-01-21 10:16:11.297854 | > DO_CALL (0.001s wait)
.2020-01-21 10:16:11.303101 | eval'd: drake::cmq_buildtargetmetadepsspecht_is_subtargetconfig
2020-01-21 10:16:12.672452 | > DO_CALL (0.000s wait)
.2020-01-21 10:16:12.677677 | eval'd: drake::cmq_buildtargetmetadepsspecht_is_subtargetconfig
2020-01-21 10:16:13.913386 | > DO_CALL (0.000s wait)
.2020-01-21 10:16:13.919009 | eval'd: drake::cmq_buildtargetmetadepsspecht_is_subtargetconfig
2020-01-21 10:16:15.183447 | > DO_CALL (0.000s wait)
.2020-01-21 10:16:15.189074 | eval'd: drake::cmq_buildtargetmetadepsspecht_is_subtargetconfig
2020-01-21 10:16:16.681596 | > DO_CALL (0.001s wait)
.2020-01-21 10:16:16.687345 | eval'd: drake::cmq_buildtargetmetadepsspecht_is_subtargetconfig
2020-01-21 10:16:18.029097 | > DO_CALL (0.001s wait)
.2020-01-21 10:16:18.036140 | eval'd: drake::cmq_buildtargetmetadepsspecht_is_subtargetconfig
2020-01-21 10:16:19.414665 | > DO_CALL (0.001s wait)
.2020-01-21 10:16:19.421331 | eval'd: drake::cmq_buildtargetmetadepsspecht_is_subtargetconfig
2020-01-21 10:16:20.753109 | > DO_CALL (0.001s wait)
.2020-01-21 10:16:20.760260 | eval'd: drake::cmq_buildtargetmetadepsspecht_is_subtargetconfig
2020-01-21 10:16:22.312150 | > DO_CALL (0.001s wait)
.2020-01-21 10:16:22.323073 | eval'd: drake::cmq_buildtargetmetadepsspecht_is_subtargetconfig
2020-01-21 10:16:23.693412 | > DO_CALL (0.000s wait)
.2020-01-21 10:16:23.698648 | eval'd: drake::cmq_buildtargetmetadepsspecht_is_subtargetconfig
2020-01-21 10:16:25.015866 | > DO_CALL (0.001s wait)
.2020-01-21 10:16:25.021284 | eval'd: drake::cmq_buildtargetmetadepsspecht_is_subtargetconfig
2020-01-21 10:16:26.334913 | > DO_CALL (0.001s wait)
.2020-01-21 10:16:26.340114 | eval'd: drake::cmq_buildtargetmetadepsspecht_is_subtargetconfig
2020-01-21 10:16:29.346981 | > DO_CALL (0.001s wait)
.2020-01-21 10:16:29.352596 | eval'd: drake::cmq_buildtargetmetadepsspecht_is_subtargetconfig
2020-01-21 10:16:30.601143 | > DO_CALL (0.001s wait)
.2020-01-21 10:16:30.606404 | eval'd: drake::cmq_buildtargetmetadepsspecht_is_subtargetconfig
2020-01-21 10:16:31.988764 | > DO_CALL (0.001s wait)
.2020-01-21 10:16:31.994044 | eval'd: drake::cmq_buildtargetmetadepsspecht_is_subtargetconfig
2020-01-21 10:16:33.275518 | > DO_CALL (0.000s wait)
.2020-01-21 10:16:33.280755 | eval'd: drake::cmq_buildtargetmetadepsspecht_is_subtargetconfig
2020-01-21 10:16:34.702209 | > DO_CALL (0.001s wait)
.2020-01-21 10:16:34.707768 | eval'd: drake::cmq_buildtargetmetadepsspecht_is_subtargetconfig
2020-01-21 10:16:35.989981 | > DO_CALL (0.001s wait)
.2020-01-21 10:16:35.995274 | eval'd: drake::cmq_buildtargetmetadepsspecht_is_subtargetconfig
2020-01-21 10:16:37.536902 | > DO_CALL (0.001s wait)
.2020-01-21 10:16:37.542253 | eval'd: drake::cmq_buildtargetmetadepsspecht_is_subtargetconfig
2020-01-21 10:16:38.796211 | > DO_CALL (0.001s wait)
.2020-01-21 10:16:38.801435 | eval'd: drake::cmq_buildtargetmetadepsspecht_is_subtargetconfig
2020-01-21 10:16:40.101043 | > DO_CALL (0.001s wait)
.2020-01-21 10:16:40.106289 | eval'd: drake::cmq_buildtargetmetadepsspecht_is_subtargetconfig
2020-01-21 10:16:41.528771 | > DO_CALL (0.001s wait)
.2020-01-21 10:16:41.534038 | eval'd: drake::cmq_buildtargetmetadepsspecht_is_subtargetconfig
2020-01-21 10:16:42.758031 | > DO_CALL (0.001s wait)
.2020-01-21 10:16:42.763279 | eval'd: drake::cmq_buildtargetmetadepsspecht_is_subtargetconfig
2020-01-21 10:16:44.134164 | > DO_CALL (0.001s wait)
.2020-01-21 10:16:44.139673 | eval'd: drake::cmq_buildtargetmetadepsspecht_is_subtargetconfig
2020-01-21 10:16:45.551729 | > DO_CALL (0.001s wait)
.2020-01-21 10:16:45.557354 | eval'd: drake::cmq_buildtargetmetadepsspecht_is_subtargetconfig
2020-01-21 10:16:46.922627 | > DO_CALL (0.001s wait)
.2020-01-21 10:16:46.928125 | eval'd: drake::cmq_buildtargetmetadepsspecht_is_subtargetconfig
2020-01-21 10:16:48.361140 | > DO_CALL (0.001s wait)
.2020-01-21 10:16:48.366467 | eval'd: drake::cmq_buildtargetmetadepsspecht_is_subtargetconfig
2020-01-21 10:16:49.857907 | > DO_CALL (0.001s wait)
.2020-01-21 10:16:49.868964 | eval'd: drake::cmq_buildtargetmetadepsspecht_is_subtargetconfig
2020-01-21 10:16:51.100131 | > DO_CALL (0.001s wait)
.2020-01-21 10:16:51.105322 | eval'd: drake::cmq_buildtargetmetadepsspecht_is_subtargetconfig
2020-01-21 10:16:52.356681 | > DO_CALL (0.001s wait)
.2020-01-21 10:16:52.361940 | eval'd: drake::cmq_buildtargetmetadepsspecht_is_subtargetconfig
2020-01-21 10:16:53.687196 | > DO_CALL (0.001s wait)
.2020-01-21 10:16:53.692414 | eval'd: drake::cmq_buildtargetmetadepsspecht_is_subtargetconfig
2020-01-21 10:16:55.037710 | > DO_CALL (0.001s wait)
.2020-01-21 10:16:55.042916 | eval'd: drake::cmq_buildtargetmetadepsspecht_is_subtargetconfig
2020-01-21 10:16:56.318364 | > DO_CALL (0.000s wait)
.2020-01-21 10:16:56.323835 | eval'd: drake::cmq_buildtargetmetadepsspecht_is_subtargetconfig
2020-01-21 10:16:57.523088 | > DO_CALL (0.001s wait)
.2020-01-21 10:16:57.528328 | eval'd: drake::cmq_buildtargetmetadepsspecht_is_subtargetconfig
2020-01-21 10:16:59.107863 | > DO_CALL (0.001s wait)
.2020-01-21 10:16:59.113344 | eval'd: drake::cmq_buildtargetmetadepsspecht_is_subtargetconfig
2020-01-21 10:17:00.367281 | > DO_CALL (0.001s wait)
.2020-01-21 10:17:00.372570 | eval'd: drake::cmq_buildtargetmetadepsspecht_is_subtargetconfig
2020-01-21 10:17:01.565562 | > DO_CALL (0.000s wait)
.2020-01-21 10:17:01.570771 | eval'd: drake::cmq_buildtargetmetadepsspecht_is_subtargetconfig
2020-01-21 10:17:02.818793 | > DO_CALL (0.001s wait)
.2020-01-21 10:17:02.824396 | eval'd: drake::cmq_buildtargetmetadepsspecht_is_subtargetconfig
2020-01-21 10:17:04.125183 | > DO_CALL (0.001s wait)
.2020-01-21 10:17:04.130404 | eval'd: drake::cmq_buildtargetmetadepsspecht_is_subtargetconfig
2020-01-21 10:17:05.358698 | > DO_CALL (0.001s wait)
.2020-01-21 10:17:05.363969 | eval'd: drake::cmq_buildtargetmetadepsspecht_is_subtargetconfig
2020-01-21 10:17:06.557011 | > DO_CALL (0.001s wait)
.2020-01-21 10:17:06.562238 | eval'd: drake::cmq_buildtargetmetadepsspecht_is_subtargetconfig
2020-01-21 10:17:07.869919 | > DO_CALL (0.001s wait)
.
2020-01-21 10:17:07.875186 | eval'd: drake::cmq_buildtargetmetadepsspecht_is_subtargetconfig
2020-01-21 10:17:09.160684 | > DO_CALL (0.001s wait)
.2020-01-21 10:17:09.166013 | eval'd: drake::cmq_buildtargetmetadepsspecht_is_subtargetconfig
2020-01-21 10:17:10.350470 | > DO_CALL (0.000s wait)
.2020-01-21 10:17:10.361157 | eval'd: drake::cmq_buildtargetmetadepsspecht_is_subtargetconfig
2020-01-21 10:17:11.653971 | > DO_CALL (0.001s wait)
.2020-01-21 10:17:11.659189 | eval'd: drake::cmq_buildtargetmetadepsspecht_is_subtargetconfig
2020-01-21 10:17:12.893345 | > DO_CALL (0.000s wait)
.2020-01-21 10:17:12.898956 | eval'd: drake::cmq_buildtargetmetadepsspecht_is_subtargetconfig
2020-01-21 10:17:14.136703 | > DO_CALL (0.001s wait)
.2020-01-21 10:17:14.142246 | eval'd: drake::cmq_buildtargetmetadepsspecht_is_subtargetconfig
2020-01-21 10:17:15.400596 | > DO_CALL (0.001s wait)
.2020-01-21 10:17:15.405796 | eval'd: drake::cmq_buildtargetmetadepsspecht_is_subtargetconfig
2020-01-21 10:17:16.653036 | > DO_CALL (0.001s wait)
.2020-01-21 10:17:16.658460 | eval'd: drake::cmq_buildtargetmetadepsspecht_is_subtargetconfig
2020-01-21 10:17:17.851224 | > DO_CALL (0.001s wait)
.2020-01-21 10:17:17.856684 | eval'd: drake::cmq_buildtargetmetadepsspecht_is_subtargetconfig
2020-01-21 10:17:19.043056 | > DO_CALL (0.001s wait)
.2020-01-21 10:17:19.048569 | eval'd: drake::cmq_buildtargetmetadepsspecht_is_subtargetconfig
2020-01-21 10:17:20.404532 | > DO_CALL (0.000s wait)
.2020-01-21 10:17:20.409929 | eval'd: drake::cmq_buildtargetmetadepsspecht_is_subtargetconfig
2020-01-21 10:17:21.683146 | > DO_CALL (0.001s wait)
.2020-01-21 10:17:21.688635 | eval'd: drake::cmq_buildtargetmetadepsspecht_is_subtargetconfig
2020-01-21 10:17:22.896265 | > DO_CALL (0.000s wait)
.2020-01-21 10:17:22.901506 | eval'd: drake::cmq_buildtargetmetadepsspecht_is_subtargetconfig
2020-01-21 10:17:24.219089 | > DO_CALL (0.001s wait)
.2020-01-21 10:17:24.224559 | eval'd: drake::cmq_buildtargetmetadepsspecht_is_subtargetconfig
2020-01-21 10:17:25.541965 | > DO_CALL (0.001s wait)
.2020-01-21 10:17:25.547211 | eval'd: drake::cmq_buildtargetmetadepsspecht_is_subtargetconfig
2020-01-21 10:17:26.864264 | > DO_CALL (0.001s wait)
.2020-01-21 10:17:27.049938 | eval'd: drake::cmq_buildtargetmetadepsspecht_is_subtargetconfig
2020-01-21 10:17:28.117486 | > DO_CALL (0.000s wait)
.2020-01-21 10:17:28.122718 | eval'd: drake::cmq_buildtargetmetadepsspecht_is_subtargetconfig
2020-01-21 10:17:29.736315 | > DO_CALL (0.000s wait)
.2020-01-21 10:17:29.741809 | eval'd: drake::cmq_buildtargetmetadepsspecht_is_subtargetconfig
2020-01-21 10:17:32.201605 | > DO_CALL (0.001s wait)
.2020-01-21 10:17:32.206800 | eval'd: drake::cmq_buildtargetmetadepsspecht_is_subtargetconfig
2020-01-21 10:17:33.444421 | > DO_CALL (0.000s wait)
.2020-01-21 10:17:33.449653 | eval'd: drake::cmq_buildtargetmetadepsspecht_is_subtargetconfig
2020-01-21 10:17:34.764799 | > DO_CALL (0.001s wait)
.2020-01-21 10:17:34.770054 | eval'd: drake::cmq_buildtargetmetadepsspecht_is_subtargetconfig
2020-01-21 10:17:36.110969 | > DO_CALL (0.001s wait)
.2020-01-21 10:17:36.116479 | eval'd: drake::cmq_buildtargetmetadepsspecht_is_subtargetconfig
2020-01-21 10:17:37.735963 | > DO_CALL (0.001s wait)
.2020-01-21 10:17:37.741525 | eval'd: drake::cmq_buildtargetmetadepsspecht_is_subtargetconfig
2020-01-21 10:17:38.993041 | > DO_CALL (0.001s wait)
.2020-01-21 10:17:38.998267 | eval'd: drake::cmq_buildtargetmetadepsspecht_is_subtargetconfig
2020-01-21 10:17:40.368677 | > DO_CALL (0.001s wait)
.2020-01-21 10:17:40.373931 | eval'd: drake::cmq_buildtargetmetadepsspecht_is_subtargetconfig
2020-01-21 10:17:41.674218 | > DO_CALL (0.001s wait)
.2020-01-21 10:17:41.679427 | eval'd: drake::cmq_buildtargetmetadepsspecht_is_subtargetconfig
2020-01-21 10:17:42.969919 | > DO_CALL (0.001s wait)
.2020-01-21 10:17:42.975678 | eval'd: drake::cmq_buildtargetmetadepsspecht_is_subtargetconfig
2020-01-21 10:17:44.212297 | > DO_CALL (0.001s wait)
.2020-01-21 10:17:44.218219 | eval'd: drake::cmq_buildtargetmetadepsspecht_is_subtargetconfig
2020-01-21 10:17:45.486903 | > DO_CALL (0.001s wait)
.2020-01-21 10:17:45.492629 | eval'd: drake::cmq_buildtargetmetadepsspecht_is_subtargetconfig
2020-01-21 10:17:46.748538 | > DO_CALL (0.000s wait)
.2020-01-21 10:17:46.754381 | eval'd: drake::cmq_buildtargetmetadepsspecht_is_subtargetconfig
2020-01-21 10:17:47.996533 | > DO_CALL (0.000s wait)
.2020-01-21 10:17:48.002229 | eval'd: drake::cmq_buildtargetmetadepsspecht_is_subtargetconfig
2020-01-21 10:17:49.355577 | > DO_CALL (0.001s wait)
.2020-01-21 10:17:49.361250 | eval'd: drake::cmq_buildtargetmetadepsspecht_is_subtargetconfig
2020-01-21 10:17:50.616508 | > DO_CALL (0.000s wait)
.2020-01-21 10:17:50.622114 | eval'd: drake::cmq_buildtargetmetadepsspecht_is_subtargetconfig
2020-01-21 10:17:51.895159 | > DO_CALL (0.001s wait)
.2020-01-21 10:17:51.900740 | eval'd: drake::cmq_buildtargetmetadepsspecht_is_subtargetconfig
2020-01-21 10:17:53.188128 | > DO_CALL (0.001s wait)
.2020-01-21 10:17:53.193708 | eval'd: drake::cmq_buildtargetmetadepsspecht_is_subtargetconfig
2020-01-21 10:17:54.434909 | > DO_CALL (0.001s wait)
.2020-01-21 10:17:54.440770 | eval'd: drake::cmq_buildtargetmetadepsspecht_is_subtargetconfig
2020-01-21 10:17:55.690796 | > DO_CALL (0.001s wait)
.2020-01-21 10:17:55.696413 | eval'd: drake::cmq_buildtargetmetadepsspecht_is_subtargetconfig
2020-01-21 10:17:57.026604 | > DO_CALL (0.001s wait)
.2020-01-21 10:17:57.032301 | eval'd: drake::cmq_buildtargetmetadepsspecht_is_subtargetconfig
2020-01-21 10:17:58.256671 | > DO_CALL (0.001s wait)
.2020-01-21 10:17:58.262377 | eval'd: drake::cmq_buildtargetmetadepsspecht_is_subtargetconfig
2020-01-21 10:17:59.664469 | > DO_CALL (0.001s wait)
.2020-01-21 10:17:59.671150 | eval'd: drake::cmq_buildtargetmetadepsspecht_is_subtargetconfig
2020-01-21 10:18:00.995650 | > DO_CALL (0.001s wait)
.2020-01-21 10:18:01.002349 | eval'd: drake::cmq_buildtargetmetadepsspecht_is_subtargetconfig
2020-01-21 10:18:02.420388 | > DO_CALL (0.001s wait)
.2020-01-21 10:18:02.427175 | eval'd: drake::cmq_buildtargetmetadepsspecht_is_subtargetconfig
2020-01-21 10:18:03.750483 | > DO_CALL (0.006s wait)
.2020-01-21 10:18:03.755990 | eval'd: drake::cmq_buildtargetmetadepsspecht_is_subtargetconfig
2020-01-21 10:18:05.017451 | > DO_CALL (0.000s wait)
.2020-01-21 10:18:05.022701 | eval'd: drake::cmq_buildtargetmetadepsspecht_is_subtargetconfig
2020-01-21 10:18:06.374412 | > DO_CALL (0.000s wait)
.2020-01-21 10:18:06.379656 | eval'd: drake::cmq_buildtargetmetadepsspecht_is_subtargetconfig
2020-01-21 10:18:07.646562 | > DO_CALL (0.000s wait)
.2020-01-21 10:18:07.651807 | eval'd: drake::cmq_buildtargetmetadepsspecht_is_subtargetconfig
2020-01-21 10:18:08.888489 | > DO_CALL (0.000s wait)
.2020-01-21 10:18:08.893709 | eval'd: drake::cmq_buildtargetmetadepsspecht_is_subtargetconfig
2020-01-21 10:18:10.138843 | > DO_CALL (0.001s wait)
.2020-01-21 10:18:10.144083 | eval'd: drake::cmq_buildtargetmetadepsspecht_is_subtargetconfig
2020-01-21 10:18:11.786194 | > DO_CALL (0.001s wait)
.2020-01-21 10:18:11.791517 | eval'd: drake::cmq_buildtargetmetadepsspecht_is_subtargetconfig
2020-01-21 10:18:12.988020 | > DO_CALL (0.001s wait)
.2020-01-21 10:18:12.993283 | eval'd: drake::cmq_buildtargetmetadepsspecht_is_subtargetconfig
2020-01-21 10:18:14.277395 | > DO_CALL (0.000s wait)
.2020-01-21 10:18:14.282654 | eval'd: drake::cmq_buildtargetmetadepsspecht_is_subtargetconfig
2020-01-21 10:18:15.596236 | > DO_CALL (0.001s wait)
.2020-01-21 10:18:15.601566 | eval'd: drake::cmq_buildtargetmetadepsspecht_is_subtargetconfig
2020-01-21 10:18:16.856552 | > DO_CALL (0.000s wait)
.2020-01-21 10:18:16.861763 | eval'd: drake::cmq_buildtargetmetadepsspecht_is_subtargetconfig
2020-01-21 10:18:18.021834 | > DO_CALL (0.001s wait)
.2020-01-21 10:18:18.027050 | eval'd: drake::cmq_buildtargetmetadepsspecht_is_subtargetconfig
2020-01-21 10:18:19.244800 | > DO_CALL (0.001s wait)
.2020-01-21 10:18:19.250142 | eval'd: drake::cmq_buildtargetmetadepsspecht_is_subtargetconfig
2020-01-21 10:18:20.563820 | > DO_CALL (0.001s wait)
.2020-01-21 10:18:20.569382 | eval'd: drake::cmq_buildtargetmetadepsspecht_is_subtargetconfig
2020-01-21 10:18:21.945875 | > DO_CALL (0.001s wait)
.2020-01-21 10:18:21.951568 | eval'd: drake::cmq_buildtargetmetadepsspecht_is_subtargetconfig
2020-01-21 10:18:23.197912 | > DO_CALL (0.001s wait)
.2020-01-21 10:18:23.203394 | eval'd: drake::cmq_buildtargetmetadepsspecht_is_subtargetconfig
2020-01-21 10:18:24.458783 | > DO_CALL (0.001s wait)
.2020-01-21 10:18:24.464364 | eval'd: drake::cmq_buildtargetmetadepsspecht_is_subtargetconfig
2020-01-21 10:18:25.709214 | > DO_CALL (0.001s wait)
.2020-01-21 10:18:25.714715 | eval'd: drake::cmq_buildtargetmetadepsspecht_is_subtargetconfig
2020-01-21 10:18:26.935491 | > DO_CALL (0.000s wait)
.2020-01-21 10:18:26.940799 | eval'd: drake::cmq_buildtargetmetadepsspecht_is_subtargetconfig
2020-01-21 10:18:28.173331 | > DO_CALL (0.000s wait)
.2020-01-21 10:18:28.178861 | eval'd: drake::cmq_buildtargetmetadepsspecht_is_subtargetconfig
2020-01-21 10:18:29.445796 | > DO_CALL (0.001s wait)
.2020-01-21 10:18:29.451473 | eval'd: drake::cmq_buildtargetmetadepsspecht_is_subtargetconfig
2020-01-21 10:18:30.624004 | > DO_CALL (0.001s wait)
.2020-01-21 10:18:30.635303 | eval'd: drake::cmq_buildtargetmetadepsspecht_is_subtargetconfig
2020-01-21 10:18:32.729291 | > DO_CALL (0.000s wait)
.2020-01-21 10:18:32.734664 | eval'd: drake::cmq_buildtargetmetadepsspecht_is_subtargetconfig
2020-01-21 10:18:34.387671 | > DO_CALL (0.001s wait)
.2020-01-21 10:18:34.392890 | eval'd: drake::cmq_buildtargetmetadepsspecht_is_subtargetconfig
2020-01-21 10:18:35.624929 | > DO_CALL (0.001s wait)
.2020-01-21 10:18:35.630122 | eval'd: drake::cmq_buildtargetmetadepsspecht_is_subtargetconfig
2020-01-21 10:18:37.003237 | > DO_CALL (0.001s wait)
.2020-01-21 10:18:37.008470 | eval'd: drake::cmq_buildtargetmetadepsspecht_is_subtargetconfig
2020-01-21 10:18:38.234851 | > DO_CALL (0.001s wait)
.2020-01-21 10:18:38.240065 | eval'd: drake::cmq_buildtargetmetadepsspecht_is_subtargetconfig
2020-01-21 10:18:39.471001 | > DO_CALL (0.001s wait)
.2020-01-21 10:18:39.476283 | eval'd: drake::cmq_buildtargetmetadepsspecht_is_subtargetconfig
2020-01-21 10:18:40.718538 | > DO_CALL (0.000s wait)
.2020-01-21 10:18:40.723774 | eval'd: drake::cmq_buildtargetmetadepsspecht_is_subtargetconfig
2020-01-21 10:18:42.096125 | > DO_CALL (0.001s wait)
.2020-01-21 10:18:42.101353 | eval'd: drake::cmq_buildtargetmetadepsspecht_is_subtargetconfig
2020-01-21 10:18:43.355436 | > DO_CALL (0.000s wait)
.2020-01-21 10:18:43.360708 | eval'd: drake::cmq_buildtargetmetadepsspecht_is_subtargetconfig
2020-01-21 10:18:44.575004 | > DO_CALL (0.001s wait)
.2020-01-21 10:18:44.580231 | eval'd: drake::cmq_buildtargetmetadepsspecht_is_subtargetconfig
2020-01-21 10:18:45.770950 | > DO_CALL (0.001s wait)
.2020-01-21 10:18:45.776438 | eval'd: drake::cmq_buildtargetmetadepsspecht_is_subtargetconfig
2020-01-21 10:18:47.008577 | > DO_CALL (0.001s wait)
.2020-01-21 10:18:47.013992 | eval'd: drake::cmq_buildtargetmetadepsspecht_is_subtargetconfig
2020-01-21 10:18:48.304738 | > DO_CALL (0.001s wait)
.2020-01-21 10:18:48.309972 | eval'd: drake::cmq_buildtargetmetadepsspecht_is_subtargetconfig
2020-01-21 10:18:49.653343 | > DO_CALL (0.000s wait)
.2020-01-21 10:18:49.658854 | eval'd: drake::cmq_buildtargetmetadepsspecht_is_subtargetconfig
2020-01-21 10:18:50.981596 | > DO_CALL (0.001s wait)
.2020-01-21 10:18:50.986847 | eval'd: drake::cmq_buildtargetmetadepsspecht_is_subtargetconfig
2020-01-21 10:18:52.170576 | > DO_CALL (0.001s wait)
.
2020-01-21 10:18:52.175822 | eval'd: drake::cmq_buildtargetmetadepsspecht_is_subtargetconfig
2020-01-21 10:18:53.425468 | > DO_CALL (0.000s wait)
.2020-01-21 10:18:53.430806 | eval'd: drake::cmq_buildtargetmetadepsspecht_is_subtargetconfig
2020-01-21 10:18:54.782026 | > DO_CALL (0.006s wait)
.2020-01-21 10:18:54.787494 | eval'd: drake::cmq_buildtargetmetadepsspecht_is_subtargetconfig
2020-01-21 10:18:56.064072 | > DO_CALL (0.001s wait)
.2020-01-21 10:18:56.069311 | eval'd: drake::cmq_buildtargetmetadepsspecht_is_subtargetconfig
2020-01-21 10:18:57.302715 | > DO_CALL (0.001s wait)
.2020-01-21 10:18:57.307963 | eval'd: drake::cmq_buildtargetmetadepsspecht_is_subtargetconfig
2020-01-21 10:18:58.526798 | > DO_CALL (0.001s wait)
.2020-01-21 10:18:58.532061 | eval'd: drake::cmq_buildtargetmetadepsspecht_is_subtargetconfig
2020-01-21 10:18:59.797349 | > DO_CALL (0.000s wait)
.2020-01-21 10:18:59.802677 | eval'd: drake::cmq_buildtargetmetadepsspecht_is_subtargetconfig
2020-01-21 10:19:01.069679 | > DO_CALL (0.001s wait)
.2020-01-21 10:19:01.074948 | eval'd: drake::cmq_buildtargetmetadepsspecht_is_subtargetconfig
2020-01-21 10:19:02.406739 | > DO_CALL (0.001s wait)
.2020-01-21 10:19:02.412240 | eval'd: drake::cmq_buildtargetmetadepsspecht_is_subtargetconfig
2020-01-21 10:19:03.644066 | > DO_CALL (0.001s wait)
.2020-01-21 10:19:03.649504 | eval'd: drake::cmq_buildtargetmetadepsspecht_is_subtargetconfig
2020-01-21 10:19:04.986547 | > DO_CALL (0.000s wait)
.2020-01-21 10:19:04.991818 | eval'd: drake::cmq_buildtargetmetadepsspecht_is_subtargetconfig
2020-01-21 10:19:06.313964 | > DO_CALL (0.001s wait)
.2020-01-21 10:19:06.319218 | eval'd: drake::cmq_buildtargetmetadepsspecht_is_subtargetconfig
2020-01-21 10:19:07.660190 | > DO_CALL (0.001s wait)
.2020-01-21 10:19:07.665637 | eval'd: drake::cmq_buildtargetmetadepsspecht_is_subtargetconfig
2020-01-21 10:19:08.901640 | > DO_CALL (0.001s wait)
.2020-01-21 10:19:08.907101 | eval'd: drake::cmq_buildtargetmetadepsspecht_is_subtargetconfig
2020-01-21 10:19:10.241254 | > DO_CALL (0.000s wait)
.2020-01-21 10:19:10.246454 | eval'd: drake::cmq_buildtargetmetadepsspecht_is_subtargetconfig
2020-01-21 10:19:11.537213 | > DO_CALL (0.001s wait)
.2020-01-21 10:19:11.542730 | eval'd: drake::cmq_buildtargetmetadepsspecht_is_subtargetconfig
2020-01-21 10:19:12.871166 | > DO_CALL (0.001s wait)
.2020-01-21 10:19:12.886894 | eval'd: drake::cmq_buildtargetmetadepsspecht_is_subtargetconfig
2020-01-21 10:19:14.376838 | > DO_CALL (0.001s wait)
.2020-01-21 10:19:14.382307 | eval'd: drake::cmq_buildtargetmetadepsspecht_is_subtargetconfig
2020-01-21 10:19:15.783899 | > DO_CALL (0.001s wait)
.2020-01-21 10:19:15.789173 | eval'd: drake::cmq_buildtargetmetadepsspecht_is_subtargetconfig
2020-01-21 10:19:17.136377 | > DO_CALL (0.000s wait)
.2020-01-21 10:19:17.141993 | eval'd: drake::cmq_buildtargetmetadepsspecht_is_subtargetconfig
2020-01-21 10:19:18.445798 | > DO_CALL (0.001s wait)
.2020-01-21 10:19:18.451036 | eval'd: drake::cmq_buildtargetmetadepsspecht_is_subtargetconfig
2020-01-21 10:19:19.752175 | > DO_CALL (0.001s wait)
.2020-01-21 10:19:19.757422 | eval'd: drake::cmq_buildtargetmetadepsspecht_is_subtargetconfig
2020-01-21 10:19:20.800219 | > WORKER_WAIT (0.000s wait)
2020-01-21 10:19:20.800585 | waiting 1.00s
2020-01-21 10:20:04.108901 | > WORKER_WAIT (0.000s wait)
2020-01-21 10:20:04.112436 | waiting 1.00s
2020-01-21 10:23:30.834940 | > WORKER_STOP (0.000s wait)
2020-01-21 10:23:30.838305 | shutting down worker
2020-01-21 10:23:31.039271 | 
Total: 277 in 4.46s [user], 0.39s [system], 661.82s [elapsed]
