2020-01-21 10:07:04.949392 | Master: tcp://c24a-s1:6107
2020-01-21 10:07:05.062371 | WORKER_UP to: tcp://c24a-s1:6107
2020-01-21 10:07:08.220693 | > DO_SETUP (3.110s wait)
2020-01-21 10:07:08.221144 | token from msg: set_common_data_token
2020-01-21 10:07:08.702871 | > DO_CALL (0.000s wait)
.* Option 'clustermq.scheduler' not set, defaulting to ‘SLURM’
--- see: https://mschubert.github.io/clustermq/articles/userguide.html#configuration
2020-01-21 10:07:08.841635 | eval'd: drake::cmq_buildtargetmetadepsspecht_is_subtargetconfig
2020-01-21 10:07:09.629202 | > DO_CALL (0.001s wait)
.2020-01-21 10:07:09.816727 | eval'd: drake::cmq_buildtargetmetadepsspecht_is_subtargetconfig
2020-01-21 10:07:10.648058 | > DO_CALL (0.001s wait)
.2020-01-21 10:07:10.653254 | eval'd: drake::cmq_buildtargetmetadepsspecht_is_subtargetconfig
2020-01-21 10:07:11.493516 | > DO_CALL (0.001s wait)
.2020-01-21 10:07:11.498779 | eval'd: drake::cmq_buildtargetmetadepsspecht_is_subtargetconfig
2020-01-21 10:07:12.434658 | > DO_CALL (0.001s wait)
.2020-01-21 10:07:12.439885 | eval'd: drake::cmq_buildtargetmetadepsspecht_is_subtargetconfig
2020-01-21 10:07:13.595017 | > DO_CALL (0.001s wait)
.2020-01-21 10:07:13.600831 | eval'd: drake::cmq_buildtargetmetadepsspecht_is_subtargetconfig
2020-01-21 10:07:14.788082 | > DO_CALL (0.001s wait)
.2020-01-21 10:07:14.793487 | eval'd: drake::cmq_buildtargetmetadepsspecht_is_subtargetconfig
2020-01-21 10:07:16.182401 | > DO_CALL (0.001s wait)
.2020-01-21 10:07:16.187762 | eval'd: drake::cmq_buildtargetmetadepsspecht_is_subtargetconfig
2020-01-21 10:07:17.485184 | > DO_CALL (0.001s wait)
.2020-01-21 10:07:17.490828 | eval'd: drake::cmq_buildtargetmetadepsspecht_is_subtargetconfig
2020-01-21 10:07:18.666899 | > DO_CALL (0.000s wait)
.2020-01-21 10:07:18.672809 | eval'd: drake::cmq_buildtargetmetadepsspecht_is_subtargetconfig
2020-01-21 10:07:19.912570 | > DO_CALL (0.001s wait)
.2020-01-21 10:07:19.918025 | eval'd: drake::cmq_buildtargetmetadepsspecht_is_subtargetconfig
2020-01-21 10:07:22.770969 | > DO_CALL (0.001s wait)
.2020-01-21 10:07:22.776240 | eval'd: drake::cmq_buildtargetmetadepsspecht_is_subtargetconfig
2020-01-21 10:07:23.862740 | > DO_CALL (0.000s wait)
.2020-01-21 10:07:23.867826 | eval'd: drake::cmq_buildtargetmetadepsspecht_is_subtargetconfig
2020-01-21 10:07:25.005022 | > DO_CALL (0.001s wait)
.2020-01-21 10:07:25.010443 | eval'd: drake::cmq_buildtargetmetadepsspecht_is_subtargetconfig
2020-01-21 10:07:26.084271 | > DO_CALL (0.001s wait)
.2020-01-21 10:07:26.089761 | eval'd: drake::cmq_buildtargetmetadepsspecht_is_subtargetconfig
2020-01-21 10:07:27.148737 | > DO_CALL (0.001s wait)
.2020-01-21 10:07:27.154469 | eval'd: drake::cmq_buildtargetmetadepsspecht_is_subtargetconfig
2020-01-21 10:07:28.215359 | > DO_CALL (0.001s wait)
.2020-01-21 10:07:28.221710 | eval'd: drake::cmq_buildtargetmetadepsspecht_is_subtargetconfig
2020-01-21 10:07:29.228889 | > DO_CALL (0.000s wait)
.2020-01-21 10:07:29.235272 | eval'd: drake::cmq_buildtargetmetadepsspecht_is_subtargetconfig
2020-01-21 10:07:30.318616 | > DO_CALL (0.001s wait)
.2020-01-21 10:07:30.325274 | eval'd: drake::cmq_buildtargetmetadepsspecht_is_subtargetconfig
2020-01-21 10:07:31.661191 | > DO_CALL (0.001s wait)
.2020-01-21 10:07:31.667789 | eval'd: drake::cmq_buildtargetmetadepsspecht_is_subtargetconfig
2020-01-21 10:07:32.711877 | > DO_CALL (0.000s wait)
.2020-01-21 10:07:32.718444 | eval'd: drake::cmq_buildtargetmetadepsspecht_is_subtargetconfig
2020-01-21 10:07:33.858923 | > DO_CALL (0.000s wait)
.2020-01-21 10:07:33.864979 | eval'd: drake::cmq_buildtargetmetadepsspecht_is_subtargetconfig
2020-01-21 10:07:34.818299 | > WORKER_WAIT (0.000s wait)
2020-01-21 10:07:34.818678 | waiting 1.00s
2020-01-21 10:07:38.344538 | > WORKER_WAIT (0.000s wait)
2020-01-21 10:07:38.344951 | waiting 1.00s
2020-01-21 10:08:03.121073 | > WORKER_STOP (0.000s wait)
2020-01-21 10:08:03.121944 | shutting down worker
2020-01-21 10:08:03.299551 | 
Total: 22 in 2.11s [user], 0.26s [system], 58.06s [elapsed]
