2020-01-21 10:48:11.379172 | Master: tcp://c24a-s1:7958
2020-01-21 10:48:11.400489 | WORKER_UP to: tcp://c24a-s1:7958
2020-01-21 10:48:16.342221 | > DO_SETUP (2.827s wait)
2020-01-21 10:48:16.342914 | token from msg: set_common_data_token
2020-01-21 10:48:17.143835 | > DO_CALL (0.001s wait)
.* Option 'clustermq.scheduler' not set, defaulting to ‘SLURM’
--- see: https://mschubert.github.io/clustermq/articles/userguide.html#configuration
2020-01-21 10:48:17.352414 | eval'd: drake::cmq_buildtargetmetadepsspecht_is_subtargetconfig
2020-01-21 10:48:21.583296 | > DO_CALL (0.001s wait)
.2020-01-21 10:48:21.881026 | eval'd: drake::cmq_buildtargetmetadepsspecht_is_subtargetconfig
2020-01-21 10:48:28.388777 | > DO_CALL (0.001s wait)
.2020-01-21 10:48:28.394011 | eval'd: drake::cmq_buildtargetmetadepsspecht_is_subtargetconfig
2020-01-21 10:48:35.423425 | > DO_CALL (0.000s wait)
.2020-01-21 10:48:35.428244 | eval'd: drake::cmq_buildtargetmetadepsspecht_is_subtargetconfig
2020-01-21 10:48:41.813760 | > DO_CALL (0.001s wait)
.2020-01-21 10:48:41.819420 | eval'd: drake::cmq_buildtargetmetadepsspecht_is_subtargetconfig
2020-01-21 10:48:48.596281 | > DO_CALL (0.000s wait)
.2020-01-21 10:48:48.601438 | eval'd: drake::cmq_buildtargetmetadepsspecht_is_subtargetconfig
2020-01-21 10:48:55.001159 | > DO_CALL (0.001s wait)
.2020-01-21 10:48:55.006728 | eval'd: drake::cmq_buildtargetmetadepsspecht_is_subtargetconfig
2020-01-21 10:49:02.162193 | > DO_CALL (0.000s wait)
.2020-01-21 10:49:02.167391 | eval'd: drake::cmq_buildtargetmetadepsspecht_is_subtargetconfig
2020-01-21 10:49:09.686105 | > DO_CALL (0.001s wait)
.2020-01-21 10:49:09.691753 | eval'd: drake::cmq_buildtargetmetadepsspecht_is_subtargetconfig
2020-01-21 10:49:18.004960 | > DO_CALL (0.001s wait)
.2020-01-21 10:49:18.011011 | eval'd: drake::cmq_buildtargetmetadepsspecht_is_subtargetconfig
2020-01-21 10:49:24.580597 | > DO_CALL (0.000s wait)
.2020-01-21 10:49:24.585536 | eval'd: drake::cmq_buildtargetmetadepsspecht_is_subtargetconfig
2020-01-21 10:49:30.118523 | > DO_CALL (0.000s wait)
.2020-01-21 10:49:30.124171 | eval'd: drake::cmq_buildtargetmetadepsspecht_is_subtargetconfig
2020-01-21 10:49:36.541356 | > DO_CALL (0.000s wait)
.2020-01-21 10:49:36.546168 | eval'd: drake::cmq_buildtargetmetadepsspecht_is_subtargetconfig
2020-01-21 10:49:42.962168 | > DO_CALL (0.000s wait)
.2020-01-21 10:49:42.966658 | eval'd: drake::cmq_buildtargetmetadepsspecht_is_subtargetconfig
2020-01-21 10:49:49.362001 | > DO_CALL (0.001s wait)
.2020-01-21 10:49:49.367435 | eval'd: drake::cmq_buildtargetmetadepsspecht_is_subtargetconfig
2020-01-21 10:49:55.651695 | > DO_CALL (0.000s wait)
.2020-01-21 10:49:55.656773 | eval'd: drake::cmq_buildtargetmetadepsspecht_is_subtargetconfig
2020-01-21 10:50:02.002437 | > DO_CALL (0.000s wait)
.2020-01-21 10:50:02.007877 | eval'd: drake::cmq_buildtargetmetadepsspecht_is_subtargetconfig
2020-01-21 10:50:07.064697 | > DO_CALL (0.000s wait)
.2020-01-21 10:50:07.069794 | eval'd: drake::cmq_buildtargetmetadepsspecht_is_subtargetconfig
2020-01-21 10:50:12.615295 | > DO_CALL (0.000s wait)
.2020-01-21 10:50:12.619937 | eval'd: drake::cmq_buildtargetmetadepsspecht_is_subtargetconfig
2020-01-21 10:50:19.808211 | > DO_CALL (0.000s wait)
.2020-01-21 10:50:19.812848 | eval'd: drake::cmq_buildtargetmetadepsspecht_is_subtargetconfig
2020-01-21 10:50:24.947398 | > DO_CALL (0.000s wait)
.2020-01-21 10:50:24.951928 | eval'd: drake::cmq_buildtargetmetadepsspecht_is_subtargetconfig
2020-01-21 10:50:30.108292 | > DO_CALL (0.001s wait)
.2020-01-21 10:50:30.114856 | eval'd: drake::cmq_buildtargetmetadepsspecht_is_subtargetconfig
2020-01-21 10:50:36.440320 | > DO_CALL (0.000s wait)
.2020-01-21 10:50:36.444833 | eval'd: drake::cmq_buildtargetmetadepsspecht_is_subtargetconfig
2020-01-21 10:50:42.702460 | > DO_CALL (0.000s wait)
.2020-01-21 10:50:42.707354 | eval'd: drake::cmq_buildtargetmetadepsspecht_is_subtargetconfig
2020-01-21 10:50:48.294567 | > DO_CALL (0.000s wait)
.2020-01-21 10:50:48.299628 | eval'd: drake::cmq_buildtargetmetadepsspecht_is_subtargetconfig
2020-01-21 10:50:53.589169 | > DO_CALL (0.000s wait)
.2020-01-21 10:50:53.593729 | eval'd: drake::cmq_buildtargetmetadepsspecht_is_subtargetconfig
2020-01-21 10:50:58.697229 | > DO_CALL (0.000s wait)
.2020-01-21 10:50:58.702550 | eval'd: drake::cmq_buildtargetmetadepsspecht_is_subtargetconfig
2020-01-21 10:51:04.506228 | > DO_CALL (0.001s wait)
.2020-01-21 10:51:04.512069 | eval'd: drake::cmq_buildtargetmetadepsspecht_is_subtargetconfig
2020-01-21 10:51:10.047271 | > DO_CALL (0.000s wait)
.2020-01-21 10:51:10.052503 | eval'd: drake::cmq_buildtargetmetadepsspecht_is_subtargetconfig
2020-01-21 10:51:16.258091 | > DO_CALL (0.001s wait)
.2020-01-21 10:51:16.263923 | eval'd: drake::cmq_buildtargetmetadepsspecht_is_subtargetconfig
2020-01-21 10:51:22.638374 | > DO_CALL (0.000s wait)
.2020-01-21 10:51:22.643135 | eval'd: drake::cmq_buildtargetmetadepsspecht_is_subtargetconfig
2020-01-21 10:51:28.017787 | > DO_CALL (0.001s wait)
.2020-01-21 10:51:28.023031 | eval'd: drake::cmq_buildtargetmetadepsspecht_is_subtargetconfig
2020-01-21 10:51:33.273193 | > DO_CALL (0.000s wait)
.2020-01-21 10:51:33.278332 | eval'd: drake::cmq_buildtargetmetadepsspecht_is_subtargetconfig
2020-01-21 10:51:37.551141 | > DO_CALL (0.001s wait)
.2020-01-21 10:51:37.558517 | eval'd: drake::cmq_buildtargetmetadepsspecht_is_subtargetconfig
2020-01-21 10:51:42.526196 | > DO_CALL (0.000s wait)
.2020-01-21 10:51:42.531105 | eval'd: drake::cmq_buildtargetmetadepsspecht_is_subtargetconfig
2020-01-21 10:51:47.477469 | > DO_CALL (0.000s wait)
.2020-01-21 10:51:47.483721 | eval'd: drake::cmq_buildtargetmetadepsspecht_is_subtargetconfig
2020-01-21 10:51:52.874802 | > DO_CALL (0.001s wait)
.2020-01-21 10:51:52.880852 | eval'd: drake::cmq_buildtargetmetadepsspecht_is_subtargetconfig
2020-01-21 10:51:58.195195 | > DO_CALL (0.000s wait)
.2020-01-21 10:51:58.200149 | eval'd: drake::cmq_buildtargetmetadepsspecht_is_subtargetconfig
2020-01-21 10:52:02.914225 | > DO_CALL (0.001s wait)
.2020-01-21 10:52:02.921559 | eval'd: drake::cmq_buildtargetmetadepsspecht_is_subtargetconfig
2020-01-21 10:52:08.327911 | > DO_CALL (0.001s wait)
.2020-01-21 10:52:08.334738 | eval'd: drake::cmq_buildtargetmetadepsspecht_is_subtargetconfig
2020-01-21 10:52:13.605885 | > DO_CALL (0.001s wait)
.2020-01-21 10:52:13.612447 | eval'd: drake::cmq_buildtargetmetadepsspecht_is_subtargetconfig
2020-01-21 10:52:18.258424 | > DO_CALL (0.000s wait)
.2020-01-21 10:52:18.264636 | eval'd: drake::cmq_buildtargetmetadepsspecht_is_subtargetconfig
2020-01-21 10:52:25.099394 | > DO_CALL (0.000s wait)
.2020-01-21 10:52:25.104859 | eval'd: drake::cmq_buildtargetmetadepsspecht_is_subtargetconfig
2020-01-21 10:52:30.369297 | > DO_CALL (0.000s wait)
.2020-01-21 10:52:30.375075 | eval'd: drake::cmq_buildtargetmetadepsspecht_is_subtargetconfig
2020-01-21 10:52:36.057393 | > DO_CALL (0.000s wait)
.2020-01-21 10:52:36.062938 | eval'd: drake::cmq_buildtargetmetadepsspecht_is_subtargetconfig
2020-01-21 10:52:40.694150 | > DO_CALL (0.001s wait)
.2020-01-21 10:52:40.701322 | eval'd: drake::cmq_buildtargetmetadepsspecht_is_subtargetconfig
2020-01-21 10:52:45.363256 | > DO_CALL (0.000s wait)
.2020-01-21 10:52:45.368551 | eval'd: drake::cmq_buildtargetmetadepsspecht_is_subtargetconfig
2020-01-21 10:52:49.840117 | > DO_CALL (0.001s wait)
.2020-01-21 10:52:49.847499 | eval'd: drake::cmq_buildtargetmetadepsspecht_is_subtargetconfig
2020-01-21 10:52:54.624277 | > DO_CALL (0.000s wait)
.2020-01-21 10:52:54.629447 | eval'd: drake::cmq_buildtargetmetadepsspecht_is_subtargetconfig
2020-01-21 10:52:59.088263 | > DO_CALL (0.000s wait)
.2020-01-21 10:52:59.093756 | eval'd: drake::cmq_buildtargetmetadepsspecht_is_subtargetconfig
2020-01-21 10:53:03.855729 | > DO_CALL (0.000s wait)
.2020-01-21 10:53:03.861658 | eval'd: drake::cmq_buildtargetmetadepsspecht_is_subtargetconfig
2020-01-21 10:53:08.560278 | > DO_CALL (0.000s wait)
.2020-01-21 10:53:08.566512 | eval'd: drake::cmq_buildtargetmetadepsspecht_is_subtargetconfig
2020-01-21 10:53:13.447266 | > DO_CALL (0.001s wait)
.2020-01-21 10:53:13.454959 | eval'd: drake::cmq_buildtargetmetadepsspecht_is_subtargetconfig
2020-01-21 10:53:17.674290 | > DO_CALL (0.000s wait)
.2020-01-21 10:53:17.680053 | eval'd: drake::cmq_buildtargetmetadepsspecht_is_subtargetconfig
2020-01-21 10:53:22.342151 | > DO_CALL (0.001s wait)
.2020-01-21 10:53:22.349016 | eval'd: drake::cmq_buildtargetmetadepsspecht_is_subtargetconfig
2020-01-21 10:53:29.311918 | > DO_CALL (0.001s wait)
.
2020-01-21 10:53:29.319390 | eval'd: drake::cmq_buildtargetmetadepsspecht_is_subtargetconfig
2020-01-21 10:53:34.057235 | > DO_CALL (0.000s wait)
.2020-01-21 10:53:34.062356 | eval'd: drake::cmq_buildtargetmetadepsspecht_is_subtargetconfig
2020-01-21 10:53:38.505353 | > DO_CALL (0.000s wait)
.2020-01-21 10:53:38.511382 | eval'd: drake::cmq_buildtargetmetadepsspecht_is_subtargetconfig
2020-01-21 10:53:43.133235 | > DO_CALL (0.000s wait)
.2020-01-21 10:53:43.138484 | eval'd: drake::cmq_buildtargetmetadepsspecht_is_subtargetconfig
2020-01-21 10:53:47.490211 | > DO_CALL (0.001s wait)
.2020-01-21 10:53:47.497720 | eval'd: drake::cmq_buildtargetmetadepsspecht_is_subtargetconfig
2020-01-21 10:53:52.274140 | > DO_CALL (0.000s wait)
.2020-01-21 10:53:52.279297 | eval'd: drake::cmq_buildtargetmetadepsspecht_is_subtargetconfig
2020-01-21 10:53:56.235705 | > DO_CALL (0.000s wait)
.2020-01-21 10:53:56.242044 | eval'd: drake::cmq_buildtargetmetadepsspecht_is_subtargetconfig
2020-01-21 10:54:00.389034 | > DO_CALL (0.001s wait)
.2020-01-21 10:54:00.395941 | eval'd: drake::cmq_buildtargetmetadepsspecht_is_subtargetconfig
2020-01-21 10:54:05.104895 | > DO_CALL (0.001s wait)
.2020-01-21 10:54:05.111528 | eval'd: drake::cmq_buildtargetmetadepsspecht_is_subtargetconfig
2020-01-21 10:54:09.305197 | > DO_CALL (0.000s wait)
.2020-01-21 10:54:09.310735 | eval'd: drake::cmq_buildtargetmetadepsspecht_is_subtargetconfig
2020-01-21 10:54:14.159611 | > DO_CALL (0.000s wait)
.2020-01-21 10:54:14.165335 | eval'd: drake::cmq_buildtargetmetadepsspecht_is_subtargetconfig
2020-01-21 10:54:18.301880 | > DO_CALL (0.001s wait)
.2020-01-21 10:54:18.309303 | eval'd: drake::cmq_buildtargetmetadepsspecht_is_subtargetconfig
2020-01-21 10:54:22.768948 | > DO_CALL (0.001s wait)
.2020-01-21 10:54:22.775529 | eval'd: drake::cmq_buildtargetmetadepsspecht_is_subtargetconfig
2020-01-21 10:54:30.158183 | > DO_CALL (0.001s wait)
.2020-01-21 10:54:30.166589 | eval'd: drake::cmq_buildtargetmetadepsspecht_is_subtargetconfig
2020-01-21 10:54:34.328124 | > DO_CALL (0.000s wait)
.2020-01-21 10:54:34.333334 | eval'd: drake::cmq_buildtargetmetadepsspecht_is_subtargetconfig
2020-01-21 10:54:38.625270 | > DO_CALL (0.000s wait)
.2020-01-21 10:54:38.630917 | eval'd: drake::cmq_buildtargetmetadepsspecht_is_subtargetconfig
2020-01-21 10:54:42.793061 | > DO_CALL (0.001s wait)
.2020-01-21 10:54:42.799842 | eval'd: drake::cmq_buildtargetmetadepsspecht_is_subtargetconfig
2020-01-21 10:54:46.845233 | > DO_CALL (0.000s wait)
.2020-01-21 10:54:46.850672 | eval'd: drake::cmq_buildtargetmetadepsspecht_is_subtargetconfig
2020-01-21 10:54:50.743568 | > DO_CALL (0.000s wait)
.2020-01-21 10:54:50.749091 | eval'd: drake::cmq_buildtargetmetadepsspecht_is_subtargetconfig
2020-01-21 10:54:54.670804 | > DO_CALL (0.001s wait)
.2020-01-21 10:54:54.677159 | eval'd: drake::cmq_buildtargetmetadepsspecht_is_subtargetconfig
2020-01-21 10:54:58.850580 | > DO_CALL (0.000s wait)
.2020-01-21 10:54:58.856556 | eval'd: drake::cmq_buildtargetmetadepsspecht_is_subtargetconfig
2020-01-21 10:55:03.142027 | > DO_CALL (0.001s wait)
.2020-01-21 10:55:03.148741 | eval'd: drake::cmq_buildtargetmetadepsspecht_is_subtargetconfig
2020-01-21 10:55:07.355231 | > DO_CALL (0.000s wait)
.2020-01-21 10:55:07.374229 | eval'd: drake::cmq_buildtargetmetadepsspecht_is_subtargetconfig
2020-01-21 10:55:11.564161 | > DO_CALL (0.000s wait)
.2020-01-21 10:55:11.568749 | eval'd: drake::cmq_buildtargetmetadepsspecht_is_subtargetconfig
2020-01-21 10:55:15.460182 | > DO_CALL (0.000s wait)
.2020-01-21 10:55:15.464812 | eval'd: drake::cmq_buildtargetmetadepsspecht_is_subtargetconfig
2020-01-21 10:55:19.416027 | > DO_CALL (0.001s wait)
.2020-01-21 10:55:19.422520 | eval'd: drake::cmq_buildtargetmetadepsspecht_is_subtargetconfig
2020-01-21 10:55:23.468192 | > DO_CALL (0.000s wait)
.2020-01-21 10:55:23.472835 | eval'd: drake::cmq_buildtargetmetadepsspecht_is_subtargetconfig
2020-01-21 10:55:27.388193 | > DO_CALL (0.000s wait)
.2020-01-21 10:55:27.393445 | eval'd: drake::cmq_buildtargetmetadepsspecht_is_subtargetconfig
2020-01-21 10:55:34.102841 | > DO_CALL (0.001s wait)
.2020-01-21 10:55:34.108658 | eval'd: drake::cmq_buildtargetmetadepsspecht_is_subtargetconfig
2020-01-21 10:55:38.843329 | > DO_CALL (0.000s wait)
.2020-01-21 10:55:38.849135 | eval'd: drake::cmq_buildtargetmetadepsspecht_is_subtargetconfig
2020-01-21 10:55:43.340218 | > DO_CALL (0.000s wait)
.2020-01-21 10:55:43.344982 | eval'd: drake::cmq_buildtargetmetadepsspecht_is_subtargetconfig
2020-01-21 10:55:47.241716 | > DO_CALL (0.000s wait)
.2020-01-21 10:55:47.246932 | eval'd: drake::cmq_buildtargetmetadepsspecht_is_subtargetconfig
2020-01-21 10:55:51.175100 | > DO_CALL (0.000s wait)
.2020-01-21 10:55:51.179657 | eval'd: drake::cmq_buildtargetmetadepsspecht_is_subtargetconfig
2020-01-21 10:55:55.445283 | > DO_CALL (0.000s wait)
.2020-01-21 10:55:55.450100 | eval'd: drake::cmq_buildtargetmetadepsspecht_is_subtargetconfig
2020-01-21 10:55:59.040366 | > DO_CALL (0.000s wait)
.2020-01-21 10:55:59.045450 | eval'd: drake::cmq_buildtargetmetadepsspecht_is_subtargetconfig
2020-01-21 10:56:03.030948 | > DO_CALL (0.001s wait)
.2020-01-21 10:56:03.036995 | eval'd: drake::cmq_buildtargetmetadepsspecht_is_subtargetconfig
2020-01-21 10:56:07.135001 | > DO_CALL (0.001s wait)
.2020-01-21 10:56:07.141195 | eval'd: drake::cmq_buildtargetmetadepsspecht_is_subtargetconfig
2020-01-21 10:56:11.239388 | > DO_CALL (0.000s wait)
.2020-01-21 10:56:11.244122 | eval'd: drake::cmq_buildtargetmetadepsspecht_is_subtargetconfig
2020-01-21 10:56:15.393078 | > DO_CALL (0.000s wait)
.2020-01-21 10:56:15.397727 | eval'd: drake::cmq_buildtargetmetadepsspecht_is_subtargetconfig
2020-01-21 10:56:20.095450 | > DO_CALL (0.000s wait)
.2020-01-21 10:56:20.101124 | eval'd: drake::cmq_buildtargetmetadepsspecht_is_subtargetconfig
2020-01-21 10:56:24.138660 | > DO_CALL (0.000s wait)
.2020-01-21 10:56:24.144103 | eval'd: drake::cmq_buildtargetmetadepsspecht_is_subtargetconfig
2020-01-21 10:56:28.196171 | > DO_CALL (0.000s wait)
.2020-01-21 10:56:28.201564 | eval'd: drake::cmq_buildtargetmetadepsspecht_is_subtargetconfig
2020-01-21 10:56:32.649901 | > DO_CALL (0.001s wait)
.2020-01-21 10:56:32.655472 | eval'd: drake::cmq_buildtargetmetadepsspecht_is_subtargetconfig
2020-01-21 10:56:38.540585 | > DO_CALL (0.000s wait)
.2020-01-21 10:56:38.546655 | eval'd: drake::cmq_buildtargetmetadepsspecht_is_subtargetconfig
2020-01-21 10:56:42.455155 | > DO_CALL (0.000s wait)
.2020-01-21 10:56:42.459508 | eval'd: drake::cmq_buildtargetmetadepsspecht_is_subtargetconfig
2020-01-21 10:56:47.410166 | > DO_CALL (0.000s wait)
.2020-01-21 10:56:47.415246 | eval'd: drake::cmq_buildtargetmetadepsspecht_is_subtargetconfig
2020-01-21 10:56:51.143628 | > DO_CALL (0.000s wait)
.2020-01-21 10:56:51.149023 | eval'd: drake::cmq_buildtargetmetadepsspecht_is_subtargetconfig
2020-01-21 10:56:54.861129 | > DO_CALL (0.000s wait)
.2020-01-21 10:56:54.865740 | eval'd: drake::cmq_buildtargetmetadepsspecht_is_subtargetconfig
2020-01-21 10:56:59.185085 | > DO_CALL (0.000s wait)
.2020-01-21 10:56:59.190329 | eval'd: drake::cmq_buildtargetmetadepsspecht_is_subtargetconfig
2020-01-21 10:57:03.719119 | > DO_CALL (0.000s wait)
.2020-01-21 10:57:03.723710 | eval'd: drake::cmq_buildtargetmetadepsspecht_is_subtargetconfig
2020-01-21 10:57:07.940151 | > DO_CALL (0.000s wait)
.2020-01-21 10:57:07.945168 | eval'd: drake::cmq_buildtargetmetadepsspecht_is_subtargetconfig
2020-01-21 10:57:11.938810 | > DO_CALL (0.001s wait)
.2020-01-21 10:57:11.944639 | eval'd: drake::cmq_buildtargetmetadepsspecht_is_subtargetconfig
2020-01-21 10:57:16.032811 | > DO_CALL (0.001s wait)
.2020-01-21 10:57:16.038494 | eval'd: drake::cmq_buildtargetmetadepsspecht_is_subtargetconfig
2020-01-21 10:57:20.116742 | > DO_CALL (0.001s wait)
.2020-01-21 10:57:20.122723 | eval'd: drake::cmq_buildtargetmetadepsspecht_is_subtargetconfig
2020-01-21 10:57:24.751786 | > DO_CALL (0.001s wait)
.2020-01-21 10:57:24.757696 | eval'd: drake::cmq_buildtargetmetadepsspecht_is_subtargetconfig
2020-01-21 10:57:28.991745 | > DO_CALL (0.001s wait)
.2020-01-21 10:57:28.997944 | eval'd: drake::cmq_buildtargetmetadepsspecht_is_subtargetconfig
2020-01-21 10:57:32.744161 | > DO_CALL (0.000s wait)
.2020-01-21 10:57:32.750910 | eval'd: drake::cmq_buildtargetmetadepsspecht_is_subtargetconfig
2020-01-21 10:57:36.639978 | > DO_CALL (0.001s wait)
.2020-01-21 10:57:36.646171 | eval'd: drake::cmq_buildtargetmetadepsspecht_is_subtargetconfig
2020-01-21 10:57:42.903243 | > DO_CALL (0.000s wait)
.2020-01-21 10:57:42.907943 | eval'd: drake::cmq_buildtargetmetadepsspecht_is_subtargetconfig
2020-01-21 10:57:46.841371 | > DO_CALL (0.000s wait)
.2020-01-21 10:57:46.846309 | eval'd: drake::cmq_buildtargetmetadepsspecht_is_subtargetconfig
2020-01-21 10:57:50.954574 | > DO_CALL (0.000s wait)
.2020-01-21 10:57:50.959562 | eval'd: drake::cmq_buildtargetmetadepsspecht_is_subtargetconfig
2020-01-21 10:57:55.150147 | > DO_CALL (0.000s wait)
.2020-01-21 10:57:55.154756 | eval'd: drake::cmq_buildtargetmetadepsspecht_is_subtargetconfig
2020-01-21 10:57:59.939252 | > DO_CALL (0.000s wait)
.2020-01-21 10:57:59.944106 | eval'd: drake::cmq_buildtargetmetadepsspecht_is_subtargetconfig
2020-01-21 10:58:03.727766 | > DO_CALL (0.001s wait)
.2020-01-21 10:58:03.733406 | eval'd: drake::cmq_buildtargetmetadepsspecht_is_subtargetconfig
2020-01-21 10:58:07.765145 | > DO_CALL (0.000s wait)
.2020-01-21 10:58:07.770212 | eval'd: drake::cmq_buildtargetmetadepsspecht_is_subtargetconfig
2020-01-21 10:58:11.649044 | > DO_CALL (0.001s wait)
.2020-01-21 10:58:11.655190 | eval'd: drake::cmq_buildtargetmetadepsspecht_is_subtargetconfig
2020-01-21 10:58:15.585844 | > DO_CALL (0.001s wait)
.2020-01-21 10:58:15.591763 | eval'd: drake::cmq_buildtargetmetadepsspecht_is_subtargetconfig
2020-01-21 10:58:19.313157 | > DO_CALL (0.000s wait)
.2020-01-21 10:58:19.318319 | eval'd: drake::cmq_buildtargetmetadepsspecht_is_subtargetconfig
2020-01-21 10:58:23.035511 | > DO_CALL (0.000s wait)
.2020-01-21 10:58:23.040745 | eval'd: drake::cmq_buildtargetmetadepsspecht_is_subtargetconfig
2020-01-21 10:58:27.265642 | > DO_CALL (0.000s wait)
.2020-01-21 10:58:27.271901 | eval'd: drake::cmq_buildtargetmetadepsspecht_is_subtargetconfig
2020-01-21 10:58:30.887124 | > DO_CALL (0.000s wait)
.2020-01-21 10:58:30.891499 | eval'd: drake::cmq_buildtargetmetadepsspecht_is_subtargetconfig
2020-01-21 10:58:34.772595 | > DO_CALL (0.000s wait)
.2020-01-21 10:58:34.777778 | eval'd: drake::cmq_buildtargetmetadepsspecht_is_subtargetconfig
2020-01-21 10:58:38.725249 | > DO_CALL (0.000s wait)
.2020-01-21 10:58:38.730695 | eval'd: drake::cmq_buildtargetmetadepsspecht_is_subtargetconfig
2020-01-21 10:58:44.762285 | > DO_CALL (0.000s wait)
.2020-01-21 10:58:44.767103 | eval'd: drake::cmq_buildtargetmetadepsspecht_is_subtargetconfig
2020-01-21 10:58:48.629095 | > DO_CALL (0.000s wait)
.2020-01-21 10:58:48.634364 | eval'd: drake::cmq_buildtargetmetadepsspecht_is_subtargetconfig
2020-01-21 10:58:52.701465 | > DO_CALL (0.000s wait)
.2020-01-21 10:58:52.706495 | eval'd: drake::cmq_buildtargetmetadepsspecht_is_subtargetconfig
2020-01-21 10:58:56.775465 | > DO_CALL (0.000s wait)
.2020-01-21 10:58:56.780475 | eval'd: drake::cmq_buildtargetmetadepsspecht_is_subtargetconfig
2020-01-21 10:59:01.682097 | > DO_CALL (0.000s wait)
.2020-01-21 10:59:01.686754 | eval'd: drake::cmq_buildtargetmetadepsspecht_is_subtargetconfig
2020-01-21 10:59:05.536888 | > DO_CALL (0.001s wait)
.2020-01-21 10:59:05.542616 | eval'd: drake::cmq_buildtargetmetadepsspecht_is_subtargetconfig
2020-01-21 10:59:09.396390 | > DO_CALL (0.000s wait)
.
2020-01-21 10:59:09.401791 | eval'd: drake::cmq_buildtargetmetadepsspecht_is_subtargetconfig
2020-01-21 10:59:13.276947 | > DO_CALL (0.001s wait)
.2020-01-21 10:59:13.282638 | eval'd: drake::cmq_buildtargetmetadepsspecht_is_subtargetconfig
2020-01-21 10:59:17.233889 | > DO_CALL (0.001s wait)
.2020-01-21 10:59:17.240298 | eval'd: drake::cmq_buildtargetmetadepsspecht_is_subtargetconfig
2020-01-21 10:59:21.308965 | > DO_CALL (0.001s wait)
.2020-01-21 10:59:21.315002 | eval'd: drake::cmq_buildtargetmetadepsspecht_is_subtargetconfig
2020-01-21 10:59:25.284263 | > DO_CALL (0.000s wait)
.2020-01-21 10:59:25.289140 | eval'd: drake::cmq_buildtargetmetadepsspecht_is_subtargetconfig
2020-01-21 10:59:29.811661 | > DO_CALL (0.000s wait)
.2020-01-21 10:59:29.817073 | eval'd: drake::cmq_buildtargetmetadepsspecht_is_subtargetconfig
2020-01-21 10:59:33.752433 | > DO_CALL (0.000s wait)
.2020-01-21 10:59:33.757272 | eval'd: drake::cmq_buildtargetmetadepsspecht_is_subtargetconfig
2020-01-21 10:59:37.495235 | > DO_CALL (0.000s wait)
.2020-01-21 10:59:37.500257 | eval'd: drake::cmq_buildtargetmetadepsspecht_is_subtargetconfig
2020-01-21 10:59:41.309715 | > DO_CALL (0.000s wait)
.2020-01-21 10:59:41.315010 | eval'd: drake::cmq_buildtargetmetadepsspecht_is_subtargetconfig
2020-01-21 10:59:47.613112 | > DO_CALL (0.000s wait)
.2020-01-21 10:59:47.618416 | eval'd: drake::cmq_buildtargetmetadepsspecht_is_subtargetconfig
2020-01-21 10:59:51.369437 | > DO_CALL (0.000s wait)
.2020-01-21 10:59:51.374557 | eval'd: drake::cmq_buildtargetmetadepsspecht_is_subtargetconfig
2020-01-21 10:59:55.174092 | > DO_CALL (0.000s wait)
.2020-01-21 10:59:55.178680 | eval'd: drake::cmq_buildtargetmetadepsspecht_is_subtargetconfig
2020-01-21 10:59:59.052118 | > DO_CALL (0.000s wait)
.2020-01-21 10:59:59.056492 | eval'd: drake::cmq_buildtargetmetadepsspecht_is_subtargetconfig
2020-01-21 11:00:02.875111 | > DO_CALL (0.000s wait)
.2020-01-21 11:00:02.879540 | eval'd: drake::cmq_buildtargetmetadepsspecht_is_subtargetconfig
2020-01-21 11:00:06.554124 | > DO_CALL (0.000s wait)
.2020-01-21 11:00:06.558703 | eval'd: drake::cmq_buildtargetmetadepsspecht_is_subtargetconfig
2020-01-21 11:00:10.043909 | > DO_CALL (0.001s wait)
.2020-01-21 11:00:10.049408 | eval'd: drake::cmq_buildtargetmetadepsspecht_is_subtargetconfig
2020-01-21 11:00:13.855199 | > DO_CALL (0.000s wait)
.2020-01-21 11:00:13.859880 | eval'd: drake::cmq_buildtargetmetadepsspecht_is_subtargetconfig
2020-01-21 11:00:17.512128 | > DO_CALL (0.000s wait)
.2020-01-21 11:00:17.517814 | eval'd: drake::cmq_buildtargetmetadepsspecht_is_subtargetconfig
2020-01-21 11:00:21.405558 | > DO_CALL (0.000s wait)
.2020-01-21 11:00:21.410839 | eval'd: drake::cmq_buildtargetmetadepsspecht_is_subtargetconfig
2020-01-21 11:00:25.323354 | > DO_CALL (0.000s wait)
.2020-01-21 11:00:25.328063 | eval'd: drake::cmq_buildtargetmetadepsspecht_is_subtargetconfig
2020-01-21 11:00:29.303303 | > DO_CALL (0.001s wait)
.2020-01-21 11:00:29.310569 | eval'd: drake::cmq_buildtargetmetadepsspecht_is_subtargetconfig
2020-01-21 11:00:33.834923 | > DO_CALL (0.001s wait)
.2020-01-21 11:00:33.840931 | eval'd: drake::cmq_buildtargetmetadepsspecht_is_subtargetconfig
2020-01-21 11:00:37.849356 | > DO_CALL (0.000s wait)
.2020-01-21 11:00:37.869174 | eval'd: drake::cmq_buildtargetmetadepsspecht_is_subtargetconfig
2020-01-21 11:00:41.694157 | > DO_CALL (0.000s wait)
.2020-01-21 11:00:41.698645 | eval'd: drake::cmq_buildtargetmetadepsspecht_is_subtargetconfig
2020-01-21 11:00:45.458134 | > DO_CALL (0.000s wait)
.2020-01-21 11:00:45.462383 | eval'd: drake::cmq_buildtargetmetadepsspecht_is_subtargetconfig
2020-01-21 11:00:51.271329 | > DO_CALL (0.000s wait)
.2020-01-21 11:00:51.276220 | eval'd: drake::cmq_buildtargetmetadepsspecht_is_subtargetconfig
2020-01-21 11:00:55.182876 | > DO_CALL (0.001s wait)
.2020-01-21 11:00:55.188571 | eval'd: drake::cmq_buildtargetmetadepsspecht_is_subtargetconfig
2020-01-21 11:00:59.070424 | > DO_CALL (0.000s wait)
.2020-01-21 11:00:59.076147 | eval'd: drake::cmq_buildtargetmetadepsspecht_is_subtargetconfig
2020-01-21 11:01:03.837096 | > DO_CALL (0.000s wait)
.2020-01-21 11:01:03.841631 | eval'd: drake::cmq_buildtargetmetadepsspecht_is_subtargetconfig
2020-01-21 11:01:07.763131 | > DO_CALL (0.000s wait)
.2020-01-21 11:01:07.768608 | eval'd: drake::cmq_buildtargetmetadepsspecht_is_subtargetconfig
2020-01-21 11:01:11.862661 | > DO_CALL (0.000s wait)
.2020-01-21 11:01:11.868054 | eval'd: drake::cmq_buildtargetmetadepsspecht_is_subtargetconfig
2020-01-21 11:01:15.763329 | > DO_CALL (0.000s wait)
.2020-01-21 11:01:15.768117 | eval'd: drake::cmq_buildtargetmetadepsspecht_is_subtargetconfig
2020-01-21 11:01:19.704999 | > DO_CALL (0.001s wait)
.2020-01-21 11:01:19.711480 | eval'd: drake::cmq_buildtargetmetadepsspecht_is_subtargetconfig
2020-01-21 11:01:23.243476 | > DO_CALL (0.000s wait)
.2020-01-21 11:01:23.248469 | eval'd: drake::cmq_buildtargetmetadepsspecht_is_subtargetconfig
2020-01-21 11:01:27.090174 | > DO_CALL (0.000s wait)
.2020-01-21 11:01:27.095289 | eval'd: drake::cmq_buildtargetmetadepsspecht_is_subtargetconfig
2020-01-21 11:01:30.860271 | > DO_CALL (0.000s wait)
.2020-01-21 11:01:30.865000 | eval'd: drake::cmq_buildtargetmetadepsspecht_is_subtargetconfig
2020-01-21 11:01:35.174205 | > DO_CALL (0.000s wait)
.2020-01-21 11:01:35.178547 | eval'd: drake::cmq_buildtargetmetadepsspecht_is_subtargetconfig
2020-01-21 11:01:38.845525 | > DO_CALL (0.000s wait)
.2020-01-21 11:01:38.851227 | eval'd: drake::cmq_buildtargetmetadepsspecht_is_subtargetconfig
2020-01-21 11:01:42.414370 | > DO_CALL (0.000s wait)
.2020-01-21 11:01:42.419312 | eval'd: drake::cmq_buildtargetmetadepsspecht_is_subtargetconfig
2020-01-21 11:01:46.047070 | > DO_CALL (0.001s wait)
.2020-01-21 11:01:46.052632 | eval'd: drake::cmq_buildtargetmetadepsspecht_is_subtargetconfig
2020-01-21 11:01:51.559657 | > DO_CALL (0.000s wait)
.2020-01-21 11:01:51.565051 | eval'd: drake::cmq_buildtargetmetadepsspecht_is_subtargetconfig
2020-01-21 11:01:55.577478 | > DO_CALL (0.000s wait)
.2020-01-21 11:01:55.582508 | eval'd: drake::cmq_buildtargetmetadepsspecht_is_subtargetconfig
2020-01-21 11:01:59.391095 | > DO_CALL (0.000s wait)
.2020-01-21 11:01:59.396106 | eval'd: drake::cmq_buildtargetmetadepsspecht_is_subtargetconfig
2020-01-21 11:02:03.185647 | > DO_CALL (0.000s wait)
.2020-01-21 11:02:03.190841 | eval'd: drake::cmq_buildtargetmetadepsspecht_is_subtargetconfig
2020-01-21 11:02:06.875119 | > DO_CALL (0.000s wait)
.2020-01-21 11:02:06.879459 | eval'd: drake::cmq_buildtargetmetadepsspecht_is_subtargetconfig
2020-01-21 11:02:10.543120 | > DO_CALL (0.000s wait)
.2020-01-21 11:02:10.547424 | eval'd: drake::cmq_buildtargetmetadepsspecht_is_subtargetconfig
2020-01-21 11:02:14.397119 | > DO_CALL (0.001s wait)
.2020-01-21 11:02:14.403085 | eval'd: drake::cmq_buildtargetmetadepsspecht_is_subtargetconfig
2020-01-21 11:02:18.214176 | > DO_CALL (0.000s wait)
.2020-01-21 11:02:18.219341 | eval'd: drake::cmq_buildtargetmetadepsspecht_is_subtargetconfig
2020-01-21 11:02:22.093600 | > DO_CALL (0.000s wait)
.2020-01-21 11:02:22.098778 | eval'd: drake::cmq_buildtargetmetadepsspecht_is_subtargetconfig
2020-01-21 11:02:25.881932 | > DO_CALL (0.001s wait)
.2020-01-21 11:02:25.887803 | eval'd: drake::cmq_buildtargetmetadepsspecht_is_subtargetconfig
2020-01-21 11:02:29.458112 | > DO_CALL (0.000s wait)
.2020-01-21 11:02:29.462372 | eval'd: drake::cmq_buildtargetmetadepsspecht_is_subtargetconfig
2020-01-21 11:02:34.014138 | > DO_CALL (0.000s wait)
.2020-01-21 11:02:34.018614 | eval'd: drake::cmq_buildtargetmetadepsspecht_is_subtargetconfig
2020-01-21 11:02:38.343161 | > DO_CALL (0.001s wait)
.2020-01-21 11:02:38.349937 | eval'd: drake::cmq_buildtargetmetadepsspecht_is_subtargetconfig
2020-01-21 11:02:42.029816 | > DO_CALL (0.001s wait)
.2020-01-21 11:02:42.035439 | eval'd: drake::cmq_buildtargetmetadepsspecht_is_subtargetconfig
2020-01-21 11:02:45.844014 | > DO_CALL (0.001s wait)
.2020-01-21 11:02:45.849958 | eval'd: drake::cmq_buildtargetmetadepsspecht_is_subtargetconfig
2020-01-21 11:02:49.764799 | > DO_CALL (0.001s wait)
.2020-01-21 11:02:49.769939 | eval'd: drake::cmq_buildtargetmetadepsspecht_is_subtargetconfig
2020-01-21 11:02:55.118233 | > DO_CALL (0.000s wait)
.2020-01-21 11:02:55.122907 | eval'd: drake::cmq_buildtargetmetadepsspecht_is_subtargetconfig
2020-01-21 11:02:58.640690 | > DO_CALL (0.000s wait)
.2020-01-21 11:02:58.647016 | eval'd: drake::cmq_buildtargetmetadepsspecht_is_subtargetconfig
2020-01-21 11:03:02.208115 | > DO_CALL (0.000s wait)
.2020-01-21 11:03:02.212608 | eval'd: drake::cmq_buildtargetmetadepsspecht_is_subtargetconfig
2020-01-21 11:03:05.836666 | > DO_CALL (0.000s wait)
.2020-01-21 11:03:05.841749 | eval'd: drake::cmq_buildtargetmetadepsspecht_is_subtargetconfig
2020-01-21 11:03:09.522860 | > DO_CALL (0.001s wait)
.2020-01-21 11:03:09.528502 | eval'd: drake::cmq_buildtargetmetadepsspecht_is_subtargetconfig
2020-01-21 11:03:13.255593 | > DO_CALL (0.000s wait)
.2020-01-21 11:03:13.260947 | eval'd: drake::cmq_buildtargetmetadepsspecht_is_subtargetconfig
2020-01-21 11:03:17.597785 | > DO_CALL (0.001s wait)
.2020-01-21 11:03:17.604011 | eval'd: drake::cmq_buildtargetmetadepsspecht_is_subtargetconfig
2020-01-21 11:03:21.270022 | > DO_CALL (0.001s wait)
.2020-01-21 11:03:21.275530 | eval'd: drake::cmq_buildtargetmetadepsspecht_is_subtargetconfig
2020-01-21 11:03:24.732611 | > DO_CALL (0.000s wait)
.2020-01-21 11:03:24.738123 | eval'd: drake::cmq_buildtargetmetadepsspecht_is_subtargetconfig
2020-01-21 11:03:28.683257 | > DO_CALL (0.000s wait)
.2020-01-21 11:03:28.688594 | eval'd: drake::cmq_buildtargetmetadepsspecht_is_subtargetconfig
2020-01-21 11:03:33.148115 | > DO_CALL (0.001s wait)
.2020-01-21 11:03:33.154172 | eval'd: drake::cmq_buildtargetmetadepsspecht_is_subtargetconfig
2020-01-21 11:03:37.565170 | > DO_CALL (0.000s wait)
.2020-01-21 11:03:37.571112 | eval'd: drake::cmq_buildtargetmetadepsspecht_is_subtargetconfig
2020-01-21 11:03:41.929322 | > DO_CALL (0.000s wait)
.2020-01-21 11:03:41.934054 | eval'd: drake::cmq_buildtargetmetadepsspecht_is_subtargetconfig
2020-01-21 11:03:45.684249 | > DO_CALL (0.000s wait)
.2020-01-21 11:03:45.688773 | eval'd: drake::cmq_buildtargetmetadepsspecht_is_subtargetconfig
2020-01-21 11:03:49.325325 | > DO_CALL (0.000s wait)
.2020-01-21 11:03:49.329893 | eval'd: drake::cmq_buildtargetmetadepsspecht_is_subtargetconfig
2020-01-21 11:03:53.072763 | > DO_CALL (0.001s wait)
.2020-01-21 11:03:53.078017 | eval'd: drake::cmq_buildtargetmetadepsspecht_is_subtargetconfig
2020-01-21 11:03:58.873960 | > DO_CALL (0.001s wait)
.2020-01-21 11:03:58.880223 | eval'd: drake::cmq_buildtargetmetadepsspecht_is_subtargetconfig
2020-01-21 11:04:03.733131 | > DO_CALL (0.001s wait)
.2020-01-21 11:04:03.739311 | eval'd: drake::cmq_buildtargetmetadepsspecht_is_subtargetconfig
2020-01-21 11:04:07.391251 | > DO_CALL (0.000s wait)
.2020-01-21 11:04:07.396498 | eval'd: drake::cmq_buildtargetmetadepsspecht_is_subtargetconfig
2020-01-21 11:04:11.092146 | > DO_CALL (0.000s wait)
.2020-01-21 11:04:11.096736 | eval'd: drake::cmq_buildtargetmetadepsspecht_is_subtargetconfig
2020-01-21 11:04:14.789466 | > DO_CALL (0.000s wait)
.2020-01-21 11:04:14.794373 | eval'd: drake::cmq_buildtargetmetadepsspecht_is_subtargetconfig
2020-01-21 11:04:18.574593 | > DO_CALL (0.000s wait)
.2020-01-21 11:04:18.580291 | eval'd: drake::cmq_buildtargetmetadepsspecht_is_subtargetconfig
2020-01-21 11:04:22.449787 | > DO_CALL (0.001s wait)
.2020-01-21 11:04:22.455327 | eval'd: drake::cmq_buildtargetmetadepsspecht_is_subtargetconfig
2020-01-21 11:04:26.182196 | > DO_CALL (0.001s wait)
.
2020-01-21 11:04:26.187912 | eval'd: drake::cmq_buildtargetmetadepsspecht_is_subtargetconfig
2020-01-21 11:04:29.827209 | > DO_CALL (0.000s wait)
.2020-01-21 11:04:29.831650 | eval'd: drake::cmq_buildtargetmetadepsspecht_is_subtargetconfig
2020-01-21 11:04:33.310764 | > DO_CALL (0.001s wait)
.2020-01-21 11:04:33.315980 | eval'd: drake::cmq_buildtargetmetadepsspecht_is_subtargetconfig
2020-01-21 11:04:37.253171 | > DO_CALL (0.000s wait)
.2020-01-21 11:04:37.258282 | eval'd: drake::cmq_buildtargetmetadepsspecht_is_subtargetconfig
2020-01-21 11:04:41.105260 | > DO_CALL (0.000s wait)
.2020-01-21 11:04:41.109788 | eval'd: drake::cmq_buildtargetmetadepsspecht_is_subtargetconfig
2020-01-21 11:04:45.409223 | > DO_CALL (0.001s wait)
.2020-01-21 11:04:45.415510 | eval'd: drake::cmq_buildtargetmetadepsspecht_is_subtargetconfig
2020-01-21 11:04:49.179131 | > DO_CALL (0.001s wait)
.2020-01-21 11:04:49.185193 | eval'd: drake::cmq_buildtargetmetadepsspecht_is_subtargetconfig
2020-01-21 11:04:53.004459 | > DO_CALL (0.001s wait)
.2020-01-21 11:04:53.010803 | eval'd: drake::cmq_buildtargetmetadepsspecht_is_subtargetconfig
2020-01-21 11:04:56.577928 | > DO_CALL (0.001s wait)
.2020-01-21 11:04:56.583861 | eval'd: drake::cmq_buildtargetmetadepsspecht_is_subtargetconfig
2020-01-21 11:05:02.274023 | > DO_CALL (0.001s wait)
.2020-01-21 11:05:02.279912 | eval'd: drake::cmq_buildtargetmetadepsspecht_is_subtargetconfig
2020-01-21 11:05:05.887264 | > DO_CALL (0.000s wait)
.2020-01-21 11:05:05.891635 | eval'd: drake::cmq_buildtargetmetadepsspecht_is_subtargetconfig
2020-01-21 11:05:09.421135 | > DO_CALL (0.001s wait)
.2020-01-21 11:05:09.426939 | eval'd: drake::cmq_buildtargetmetadepsspecht_is_subtargetconfig
2020-01-21 11:05:13.234737 | > DO_CALL (0.001s wait)
.2020-01-21 11:05:13.239976 | eval'd: drake::cmq_buildtargetmetadepsspecht_is_subtargetconfig
2020-01-21 11:05:16.919247 | > DO_CALL (0.000s wait)
.2020-01-21 11:05:16.923974 | eval'd: drake::cmq_buildtargetmetadepsspecht_is_subtargetconfig
2020-01-21 11:05:21.284188 | > DO_CALL (0.001s wait)
.2020-01-21 11:05:21.290825 | eval'd: drake::cmq_buildtargetmetadepsspecht_is_subtargetconfig
2020-01-21 11:05:24.884389 | > DO_CALL (0.000s wait)
.2020-01-21 11:05:24.889287 | eval'd: drake::cmq_buildtargetmetadepsspecht_is_subtargetconfig
2020-01-21 11:05:28.620222 | > DO_CALL (0.000s wait)
.2020-01-21 11:05:28.624889 | eval'd: drake::cmq_buildtargetmetadepsspecht_is_subtargetconfig
2020-01-21 11:05:32.266291 | > DO_CALL (0.000s wait)
.2020-01-21 11:05:32.271154 | eval'd: drake::cmq_buildtargetmetadepsspecht_is_subtargetconfig
2020-01-21 11:05:35.995501 | > DO_CALL (0.000s wait)
.2020-01-21 11:05:36.000592 | eval'd: drake::cmq_buildtargetmetadepsspecht_is_subtargetconfig
2020-01-21 11:05:39.621218 | > DO_CALL (0.000s wait)
.2020-01-21 11:05:39.626475 | eval'd: drake::cmq_buildtargetmetadepsspecht_is_subtargetconfig
2020-01-21 11:05:43.579264 | > DO_CALL (0.000s wait)
.2020-01-21 11:05:43.583631 | eval'd: drake::cmq_buildtargetmetadepsspecht_is_subtargetconfig
2020-01-21 11:05:47.925318 | > DO_CALL (0.000s wait)
.2020-01-21 11:05:47.930923 | eval'd: drake::cmq_buildtargetmetadepsspecht_is_subtargetconfig
2020-01-21 11:05:51.672795 | > DO_CALL (0.001s wait)
.2020-01-21 11:05:51.678329 | eval'd: drake::cmq_buildtargetmetadepsspecht_is_subtargetconfig
2020-01-21 11:05:55.205322 | > DO_CALL (0.000s wait)
.2020-01-21 11:05:55.210137 | eval'd: drake::cmq_buildtargetmetadepsspecht_is_subtargetconfig
2020-01-21 11:05:58.745767 | > DO_CALL (0.001s wait)
.2020-01-21 11:05:58.751750 | eval'd: drake::cmq_buildtargetmetadepsspecht_is_subtargetconfig
2020-01-21 11:06:03.496161 | > DO_CALL (0.000s wait)
.2020-01-21 11:06:03.500669 | eval'd: drake::cmq_buildtargetmetadepsspecht_is_subtargetconfig
2020-01-21 11:06:07.039146 | > DO_CALL (0.001s wait)
.2020-01-21 11:06:07.045654 | eval'd: drake::cmq_buildtargetmetadepsspecht_is_subtargetconfig
2020-01-21 11:06:10.671769 | > DO_CALL (0.001s wait)
.2020-01-21 11:06:10.677278 | eval'd: drake::cmq_buildtargetmetadepsspecht_is_subtargetconfig
2020-01-21 11:06:14.351890 | > DO_CALL (0.001s wait)
.2020-01-21 11:06:14.357408 | eval'd: drake::cmq_buildtargetmetadepsspecht_is_subtargetconfig
2020-01-21 11:06:18.232077 | > DO_CALL (0.001s wait)
.2020-01-21 11:06:18.238550 | eval'd: drake::cmq_buildtargetmetadepsspecht_is_subtargetconfig
2020-01-21 11:06:22.403174 | > DO_CALL (0.001s wait)
.2020-01-21 11:06:22.409232 | eval'd: drake::cmq_buildtargetmetadepsspecht_is_subtargetconfig
2020-01-21 11:06:25.937386 | > DO_CALL (0.000s wait)
.2020-01-21 11:06:25.942121 | eval'd: drake::cmq_buildtargetmetadepsspecht_is_subtargetconfig
2020-01-21 11:06:29.441165 | > DO_CALL (0.001s wait)
.2020-01-21 11:06:29.447774 | eval'd: drake::cmq_buildtargetmetadepsspecht_is_subtargetconfig
2020-01-21 11:06:33.266054 | > DO_CALL (0.001s wait)
.2020-01-21 11:06:33.271957 | eval'd: drake::cmq_buildtargetmetadepsspecht_is_subtargetconfig
2020-01-21 11:06:36.883714 | > DO_CALL (0.000s wait)
.2020-01-21 11:06:36.888772 | eval'd: drake::cmq_buildtargetmetadepsspecht_is_subtargetconfig
2020-01-21 11:06:40.452141 | > DO_CALL (0.001s wait)
.2020-01-21 11:06:40.457796 | eval'd: drake::cmq_buildtargetmetadepsspecht_is_subtargetconfig
2020-01-21 11:06:44.108566 | > DO_CALL (0.000s wait)
.2020-01-21 11:06:44.113409 | eval'd: drake::cmq_buildtargetmetadepsspecht_is_subtargetconfig
2020-01-21 11:06:47.642805 | > DO_CALL (0.001s wait)
.2020-01-21 11:06:47.648789 | eval'd: drake::cmq_buildtargetmetadepsspecht_is_subtargetconfig
2020-01-21 11:06:51.916694 | > DO_CALL (0.000s wait)
.2020-01-21 11:06:51.922027 | eval'd: drake::cmq_buildtargetmetadepsspecht_is_subtargetconfig
2020-01-21 11:06:55.600020 | > DO_CALL (0.001s wait)
.2020-01-21 11:06:55.605756 | eval'd: drake::cmq_buildtargetmetadepsspecht_is_subtargetconfig
2020-01-21 11:06:59.263871 | > DO_CALL (0.001s wait)
.2020-01-21 11:06:59.269948 | eval'd: drake::cmq_buildtargetmetadepsspecht_is_subtargetconfig
2020-01-21 11:07:03.083617 | > DO_CALL (0.000s wait)
.2020-01-21 11:07:03.088910 | eval'd: drake::cmq_buildtargetmetadepsspecht_is_subtargetconfig
2020-01-21 11:07:08.819148 | > DO_CALL (0.001s wait)
.2020-01-21 11:07:08.829377 | eval'd: drake::cmq_buildtargetmetadepsspecht_is_subtargetconfig
2020-01-21 11:07:12.195410 | > DO_CALL (0.000s wait)
.2020-01-21 11:07:12.200204 | eval'd: drake::cmq_buildtargetmetadepsspecht_is_subtargetconfig
2020-01-21 11:07:15.639871 | > DO_CALL (0.001s wait)
.2020-01-21 11:07:15.645587 | eval'd: drake::cmq_buildtargetmetadepsspecht_is_subtargetconfig
2020-01-21 11:07:19.092197 | > DO_CALL (0.001s wait)
.2020-01-21 11:07:19.098953 | eval'd: drake::cmq_buildtargetmetadepsspecht_is_subtargetconfig
2020-01-21 11:07:22.558020 | > DO_CALL (0.001s wait)
.2020-01-21 11:07:22.564743 | eval'd: drake::cmq_buildtargetmetadepsspecht_is_subtargetconfig
2020-01-21 11:07:26.843101 | > DO_CALL (0.001s wait)
.2020-01-21 11:07:26.849178 | eval'd: drake::cmq_buildtargetmetadepsspecht_is_subtargetconfig
2020-01-21 11:07:30.424221 | > DO_CALL (0.000s wait)
.2020-01-21 11:07:30.428882 | eval'd: drake::cmq_buildtargetmetadepsspecht_is_subtargetconfig
2020-01-21 11:07:33.907489 | > DO_CALL (0.000s wait)
.2020-01-21 11:07:33.912599 | eval'd: drake::cmq_buildtargetmetadepsspecht_is_subtargetconfig
2020-01-21 11:07:37.476537 | > DO_CALL (0.000s wait)
.2020-01-21 11:07:37.482472 | eval'd: drake::cmq_buildtargetmetadepsspecht_is_subtargetconfig
2020-01-21 11:07:41.000729 | > DO_CALL (0.000s wait)
.2020-01-21 11:07:41.006302 | eval'd: drake::cmq_buildtargetmetadepsspecht_is_subtargetconfig
2020-01-21 11:07:44.769121 | > DO_CALL (0.001s wait)
.2020-01-21 11:07:44.775135 | eval'd: drake::cmq_buildtargetmetadepsspecht_is_subtargetconfig
2020-01-21 11:07:48.369491 | > DO_CALL (0.000s wait)
.2020-01-21 11:07:48.375075 | eval'd: drake::cmq_buildtargetmetadepsspecht_is_subtargetconfig
2020-01-21 11:07:52.475482 | > DO_CALL (0.000s wait)
.2020-01-21 11:07:52.480410 | eval'd: drake::cmq_buildtargetmetadepsspecht_is_subtargetconfig
2020-01-21 11:07:56.862322 | > DO_CALL (0.000s wait)
.2020-01-21 11:07:56.867172 | eval'd: drake::cmq_buildtargetmetadepsspecht_is_subtargetconfig
2020-01-21 11:08:00.404618 | > DO_CALL (0.000s wait)
.2020-01-21 11:08:00.409584 | eval'd: drake::cmq_buildtargetmetadepsspecht_is_subtargetconfig
2020-01-21 11:08:03.994688 | > DO_CALL (0.000s wait)
.2020-01-21 11:08:03.999864 | eval'd: drake::cmq_buildtargetmetadepsspecht_is_subtargetconfig
2020-01-21 11:08:09.624243 | > DO_CALL (0.000s wait)
.2020-01-21 11:08:09.629379 | eval'd: drake::cmq_buildtargetmetadepsspecht_is_subtargetconfig
2020-01-21 11:08:13.101277 | > DO_CALL (0.001s wait)
.2020-01-21 11:08:13.106945 | eval'd: drake::cmq_buildtargetmetadepsspecht_is_subtargetconfig
2020-01-21 11:08:16.590278 | > DO_CALL (0.000s wait)
.2020-01-21 11:08:16.595026 | eval'd: drake::cmq_buildtargetmetadepsspecht_is_subtargetconfig
2020-01-21 11:08:20.140711 | > DO_CALL (0.000s wait)
.2020-01-21 11:08:20.146157 | eval'd: drake::cmq_buildtargetmetadepsspecht_is_subtargetconfig
2020-01-21 11:08:23.651026 | > DO_CALL (0.001s wait)
.2020-01-21 11:08:23.656779 | eval'd: drake::cmq_buildtargetmetadepsspecht_is_subtargetconfig
2020-01-21 11:08:27.242220 | > DO_CALL (0.001s wait)
.2020-01-21 11:08:27.248160 | eval'd: drake::cmq_buildtargetmetadepsspecht_is_subtargetconfig
2020-01-21 11:08:30.758154 | > DO_CALL (0.001s wait)
.2020-01-21 11:08:30.764284 | eval'd: drake::cmq_buildtargetmetadepsspecht_is_subtargetconfig
2020-01-21 11:08:35.325090 | > DO_CALL (0.000s wait)
.2020-01-21 11:08:35.329682 | eval'd: drake::cmq_buildtargetmetadepsspecht_is_subtargetconfig
2020-01-21 11:08:38.888425 | > DO_CALL (0.000s wait)
.2020-01-21 11:08:38.893719 | eval'd: drake::cmq_buildtargetmetadepsspecht_is_subtargetconfig
2020-01-21 11:08:42.584276 | > DO_CALL (0.000s wait)
.2020-01-21 11:08:42.588780 | eval'd: drake::cmq_buildtargetmetadepsspecht_is_subtargetconfig
2020-01-21 11:08:46.159986 | > DO_CALL (0.001s wait)
.2020-01-21 11:08:46.166535 | eval'd: drake::cmq_buildtargetmetadepsspecht_is_subtargetconfig
2020-01-21 11:08:49.791458 | > DO_CALL (0.000s wait)
.2020-01-21 11:08:49.796350 | eval'd: drake::cmq_buildtargetmetadepsspecht_is_subtargetconfig
2020-01-21 11:08:53.265965 | > DO_CALL (0.001s wait)
.2020-01-21 11:08:53.271724 | eval'd: drake::cmq_buildtargetmetadepsspecht_is_subtargetconfig
2020-01-21 11:08:57.310751 | > DO_CALL (0.001s wait)
.2020-01-21 11:08:57.316585 | eval'd: drake::cmq_buildtargetmetadepsspecht_is_subtargetconfig
2020-01-21 11:09:00.981068 | > DO_CALL (0.001s wait)
.2020-01-21 11:09:00.986485 | eval'd: drake::cmq_buildtargetmetadepsspecht_is_subtargetconfig
2020-01-21 11:09:04.835373 | > DO_CALL (0.001s wait)
.2020-01-21 11:09:04.841350 | eval'd: drake::cmq_buildtargetmetadepsspecht_is_subtargetconfig
2020-01-21 11:09:08.623295 | > DO_CALL (0.000s wait)
.2020-01-21 11:09:08.627748 | eval'd: drake::cmq_buildtargetmetadepsspecht_is_subtargetconfig
2020-01-21 11:09:14.167760 | > DO_CALL (0.001s wait)
.2020-01-21 11:09:14.173412 | eval'd: drake::cmq_buildtargetmetadepsspecht_is_subtargetconfig
2020-01-21 11:09:17.594146 | > DO_CALL (0.001s wait)
.2020-01-21 11:09:17.600657 | eval'd: drake::cmq_buildtargetmetadepsspecht_is_subtargetconfig
2020-01-21 11:09:20.968524 | > DO_CALL (0.000s wait)
.2020-01-21 11:09:20.973634 | eval'd: drake::cmq_buildtargetmetadepsspecht_is_subtargetconfig
2020-01-21 11:09:24.490646 | > DO_CALL (0.000s wait)
.2020-01-21 11:09:24.495648 | eval'd: drake::cmq_buildtargetmetadepsspecht_is_subtargetconfig
2020-01-21 11:09:28.057971 | > DO_CALL (0.001s wait)
.
2020-01-21 11:09:28.064451 | eval'd: drake::cmq_buildtargetmetadepsspecht_is_subtargetconfig
2020-01-21 11:09:31.896170 | > DO_CALL (0.000s wait)
.2020-01-21 11:09:31.900512 | eval'd: drake::cmq_buildtargetmetadepsspecht_is_subtargetconfig
2020-01-21 11:09:35.652312 | > DO_CALL (0.000s wait)
.2020-01-21 11:09:35.656805 | eval'd: drake::cmq_buildtargetmetadepsspecht_is_subtargetconfig
2020-01-21 11:09:40.073056 | > DO_CALL (0.001s wait)
.2020-01-21 11:09:40.079507 | eval'd: drake::cmq_buildtargetmetadepsspecht_is_subtargetconfig
2020-01-21 11:09:43.818370 | > DO_CALL (0.001s wait)
.2020-01-21 11:09:43.824773 | eval'd: drake::cmq_buildtargetmetadepsspecht_is_subtargetconfig
2020-01-21 11:09:47.482227 | > DO_CALL (0.000s wait)
.2020-01-21 11:09:47.487225 | eval'd: drake::cmq_buildtargetmetadepsspecht_is_subtargetconfig
2020-01-21 11:09:50.861630 | > DO_CALL (0.000s wait)
.2020-01-21 11:09:50.867096 | eval'd: drake::cmq_buildtargetmetadepsspecht_is_subtargetconfig
2020-01-21 11:09:54.402430 | > DO_CALL (0.001s wait)
.2020-01-21 11:09:54.409235 | eval'd: drake::cmq_buildtargetmetadepsspecht_is_subtargetconfig
2020-01-21 11:09:58.425134 | > DO_CALL (0.001s wait)
.2020-01-21 11:09:58.431694 | eval'd: drake::cmq_buildtargetmetadepsspecht_is_subtargetconfig
2020-01-21 11:10:01.901231 | > DO_CALL (0.001s wait)
.2020-01-21 11:10:01.907493 | eval'd: drake::cmq_buildtargetmetadepsspecht_is_subtargetconfig
2020-01-21 11:10:05.369265 | > DO_CALL (0.000s wait)
.2020-01-21 11:10:05.374177 | eval'd: drake::cmq_buildtargetmetadepsspecht_is_subtargetconfig
2020-01-21 11:10:08.896983 | > DO_CALL (0.001s wait)
.2020-01-21 11:10:08.903056 | eval'd: drake::cmq_buildtargetmetadepsspecht_is_subtargetconfig
2020-01-21 11:10:12.413236 | > DO_CALL (0.000s wait)
.2020-01-21 11:10:12.442270 | eval'd: drake::cmq_buildtargetmetadepsspecht_is_subtargetconfig
2020-01-21 11:10:17.690755 | > DO_CALL (0.001s wait)
.2020-01-21 11:10:17.696293 | eval'd: drake::cmq_buildtargetmetadepsspecht_is_subtargetconfig
2020-01-21 11:10:21.175230 | > DO_CALL (0.000s wait)
.2020-01-21 11:10:21.179647 | eval'd: drake::cmq_buildtargetmetadepsspecht_is_subtargetconfig
2020-01-21 11:10:24.755337 | > DO_CALL (0.000s wait)
.2020-01-21 11:10:24.759781 | eval'd: drake::cmq_buildtargetmetadepsspecht_is_subtargetconfig
2020-01-21 11:10:28.242723 | > DO_CALL (0.000s wait)
.2020-01-21 11:10:28.267501 | eval'd: drake::cmq_buildtargetmetadepsspecht_is_subtargetconfig
2020-01-21 11:10:31.874394 | > DO_CALL (0.000s wait)
.2020-01-21 11:10:31.878911 | eval'd: drake::cmq_buildtargetmetadepsspecht_is_subtargetconfig
2020-01-21 11:10:35.399196 | > DO_CALL (0.000s wait)
.2020-01-21 11:10:35.403702 | eval'd: drake::cmq_buildtargetmetadepsspecht_is_subtargetconfig
2020-01-21 11:10:39.182615 | > DO_CALL (0.000s wait)
.2020-01-21 11:10:39.187733 | eval'd: drake::cmq_buildtargetmetadepsspecht_is_subtargetconfig
2020-01-21 11:10:42.698364 | > DO_CALL (0.000s wait)
.2020-01-21 11:10:42.703171 | eval'd: drake::cmq_buildtargetmetadepsspecht_is_subtargetconfig
2020-01-21 11:10:46.343284 | > DO_CALL (0.000s wait)
.2020-01-21 11:10:46.348021 | eval'd: drake::cmq_buildtargetmetadepsspecht_is_subtargetconfig
2020-01-21 11:10:49.764219 | > DO_CALL (0.000s wait)
.2020-01-21 11:10:49.768769 | eval'd: drake::cmq_buildtargetmetadepsspecht_is_subtargetconfig
2020-01-21 11:10:53.214415 | > DO_CALL (0.000s wait)
.2020-01-21 11:10:53.219326 | eval'd: drake::cmq_buildtargetmetadepsspecht_is_subtargetconfig
2020-01-21 11:10:57.794427 | > DO_CALL (0.000s wait)
.2020-01-21 11:10:57.799991 | eval'd: drake::cmq_buildtargetmetadepsspecht_is_subtargetconfig
2020-01-21 11:11:01.983714 | > DO_CALL (0.000s wait)
.2020-01-21 11:11:01.988922 | eval'd: drake::cmq_buildtargetmetadepsspecht_is_subtargetconfig
2020-01-21 11:11:05.686181 | > DO_CALL (0.000s wait)
.2020-01-21 11:11:05.690395 | eval'd: drake::cmq_buildtargetmetadepsspecht_is_subtargetconfig
2020-01-21 11:11:09.221243 | > DO_CALL (0.000s wait)
.2020-01-21 11:11:09.226319 | eval'd: drake::cmq_buildtargetmetadepsspecht_is_subtargetconfig
2020-01-21 11:11:12.760503 | > DO_CALL (0.000s wait)
.2020-01-21 11:11:12.765206 | eval'd: drake::cmq_buildtargetmetadepsspecht_is_subtargetconfig
2020-01-21 11:11:18.389266 | > DO_CALL (0.000s wait)
.2020-01-21 11:11:18.394668 | eval'd: drake::cmq_buildtargetmetadepsspecht_is_subtargetconfig
2020-01-21 11:11:21.993414 | > DO_CALL (0.000s wait)
.2020-01-21 11:11:21.998195 | eval'd: drake::cmq_buildtargetmetadepsspecht_is_subtargetconfig
2020-01-21 11:11:25.536207 | > DO_CALL (0.001s wait)
.2020-01-21 11:11:25.542157 | eval'd: drake::cmq_buildtargetmetadepsspecht_is_subtargetconfig
2020-01-21 11:11:28.948171 | > DO_CALL (0.000s wait)
.2020-01-21 11:11:28.952919 | eval'd: drake::cmq_buildtargetmetadepsspecht_is_subtargetconfig
2020-01-21 11:11:32.601215 | > DO_CALL (0.000s wait)
.2020-01-21 11:11:32.605426 | eval'd: drake::cmq_buildtargetmetadepsspecht_is_subtargetconfig
2020-01-21 11:11:36.291236 | > DO_CALL (0.000s wait)
.2020-01-21 11:11:36.295631 | eval'd: drake::cmq_buildtargetmetadepsspecht_is_subtargetconfig
2020-01-21 11:11:40.008159 | > DO_CALL (0.000s wait)
.2020-01-21 11:11:40.012376 | eval'd: drake::cmq_buildtargetmetadepsspecht_is_subtargetconfig
2020-01-21 11:11:43.758202 | > DO_CALL (0.000s wait)
.2020-01-21 11:11:43.762428 | eval'd: drake::cmq_buildtargetmetadepsspecht_is_subtargetconfig
2020-01-21 11:11:47.356330 | > DO_CALL (0.000s wait)
.2020-01-21 11:11:47.362052 | eval'd: drake::cmq_buildtargetmetadepsspecht_is_subtargetconfig
2020-01-21 11:11:50.896201 | > DO_CALL (0.000s wait)
.2020-01-21 11:11:50.900692 | eval'd: drake::cmq_buildtargetmetadepsspecht_is_subtargetconfig
2020-01-21 11:11:54.445382 | > DO_CALL (0.000s wait)
.2020-01-21 11:11:54.450156 | eval'd: drake::cmq_buildtargetmetadepsspecht_is_subtargetconfig
2020-01-21 11:11:58.778953 | > DO_CALL (0.001s wait)
.2020-01-21 11:11:58.785125 | eval'd: drake::cmq_buildtargetmetadepsspecht_is_subtargetconfig
2020-01-21 11:12:02.284962 | > DO_CALL (0.001s wait)
.2020-01-21 11:12:02.290752 | eval'd: drake::cmq_buildtargetmetadepsspecht_is_subtargetconfig
2020-01-21 11:12:06.358194 | > DO_CALL (0.000s wait)
.2020-01-21 11:12:06.362953 | eval'd: drake::cmq_buildtargetmetadepsspecht_is_subtargetconfig
2020-01-21 11:12:09.812216 | > DO_CALL (0.001s wait)
.2020-01-21 11:12:09.818243 | eval'd: drake::cmq_buildtargetmetadepsspecht_is_subtargetconfig
2020-01-21 11:12:13.268247 | > DO_CALL (0.000s wait)
.2020-01-21 11:12:13.272545 | eval'd: drake::cmq_buildtargetmetadepsspecht_is_subtargetconfig
2020-01-21 11:12:16.766555 | > DO_CALL (0.000s wait)
.2020-01-21 11:12:16.771424 | eval'd: drake::cmq_buildtargetmetadepsspecht_is_subtargetconfig
2020-01-21 11:12:22.127486 | > DO_CALL (0.000s wait)
.2020-01-21 11:12:22.132415 | eval'd: drake::cmq_buildtargetmetadepsspecht_is_subtargetconfig
2020-01-21 11:12:25.491453 | > DO_CALL (0.000s wait)
.2020-01-21 11:12:25.496428 | eval'd: drake::cmq_buildtargetmetadepsspecht_is_subtargetconfig
2020-01-21 11:12:28.975025 | > DO_CALL (0.001s wait)
.2020-01-21 11:12:28.981135 | eval'd: drake::cmq_buildtargetmetadepsspecht_is_subtargetconfig
2020-01-21 11:12:33.486347 | > DO_CALL (0.000s wait)
.2020-01-21 11:12:33.491276 | eval'd: drake::cmq_buildtargetmetadepsspecht_is_subtargetconfig
2020-01-21 11:12:36.980918 | > DO_CALL (0.001s wait)
.2020-01-21 11:12:36.986423 | eval'd: drake::cmq_buildtargetmetadepsspecht_is_subtargetconfig
2020-01-21 11:12:40.445147 | > DO_CALL (0.001s wait)
.2020-01-21 11:12:40.451198 | eval'd: drake::cmq_buildtargetmetadepsspecht_is_subtargetconfig
2020-01-21 11:12:43.970887 | > DO_CALL (0.001s wait)
.2020-01-21 11:12:43.976504 | eval'd: drake::cmq_buildtargetmetadepsspecht_is_subtargetconfig
2020-01-21 11:12:47.574457 | > DO_CALL (0.000s wait)
.2020-01-21 11:12:47.579913 | eval'd: drake::cmq_buildtargetmetadepsspecht_is_subtargetconfig
2020-01-21 11:12:51.012828 | > DO_CALL (0.001s wait)
.2020-01-21 11:12:51.018371 | eval'd: drake::cmq_buildtargetmetadepsspecht_is_subtargetconfig
2020-01-21 11:12:54.611784 | > DO_CALL (0.001s wait)
.2020-01-21 11:12:54.617207 | eval'd: drake::cmq_buildtargetmetadepsspecht_is_subtargetconfig
2020-01-21 11:12:58.088217 | > DO_CALL (0.000s wait)
.2020-01-21 11:12:58.093359 | eval'd: drake::cmq_buildtargetmetadepsspecht_is_subtargetconfig
2020-01-21 11:13:01.517755 | > DO_CALL (0.001s wait)
.2020-01-21 11:13:01.523564 | eval'd: drake::cmq_buildtargetmetadepsspecht_is_subtargetconfig
2020-01-21 11:13:04.811378 | > DO_CALL (0.000s wait)
.2020-01-21 11:13:04.816190 | eval'd: drake::cmq_buildtargetmetadepsspecht_is_subtargetconfig
2020-01-21 11:13:08.757175 | > DO_CALL (0.001s wait)
.2020-01-21 11:13:08.763824 | eval'd: drake::cmq_buildtargetmetadepsspecht_is_subtargetconfig
2020-01-21 11:13:12.411116 | > DO_CALL (0.001s wait)
.2020-01-21 11:13:12.417027 | eval'd: drake::cmq_buildtargetmetadepsspecht_is_subtargetconfig
2020-01-21 11:13:16.026676 | > DO_CALL (0.000s wait)
.2020-01-21 11:13:16.032007 | eval'd: drake::cmq_buildtargetmetadepsspecht_is_subtargetconfig
2020-01-21 11:13:19.644205 | > DO_CALL (0.000s wait)
.2020-01-21 11:13:19.648716 | eval'd: drake::cmq_buildtargetmetadepsspecht_is_subtargetconfig
2020-01-21 11:13:24.809248 | > DO_CALL (0.000s wait)
.2020-01-21 11:13:24.813651 | eval'd: drake::cmq_buildtargetmetadepsspecht_is_subtargetconfig
2020-01-21 11:13:28.228214 | > DO_CALL (0.000s wait)
.2020-01-21 11:13:28.233456 | eval'd: drake::cmq_buildtargetmetadepsspecht_is_subtargetconfig
2020-01-21 11:13:31.845289 | > DO_CALL (0.000s wait)
.2020-01-21 11:13:31.849717 | eval'd: drake::cmq_buildtargetmetadepsspecht_is_subtargetconfig
2020-01-21 11:13:35.409053 | > DO_CALL (0.001s wait)
.2020-01-21 11:13:35.414798 | eval'd: drake::cmq_buildtargetmetadepsspecht_is_subtargetconfig
2020-01-21 11:13:38.824167 | > DO_CALL (0.001s wait)
.2020-01-21 11:13:38.830211 | eval'd: drake::cmq_buildtargetmetadepsspecht_is_subtargetconfig
2020-01-21 11:13:43.150978 | > DO_CALL (0.001s wait)
.2020-01-21 11:13:43.156770 | eval'd: drake::cmq_buildtargetmetadepsspecht_is_subtargetconfig
2020-01-21 11:13:46.582263 | > DO_CALL (0.000s wait)
.2020-01-21 11:13:46.586640 | eval'd: drake::cmq_buildtargetmetadepsspecht_is_subtargetconfig
2020-01-21 11:13:50.067019 | > DO_CALL (0.001s wait)
.2020-01-21 11:13:50.072649 | eval'd: drake::cmq_buildtargetmetadepsspecht_is_subtargetconfig
2020-01-21 11:13:53.724071 | > DO_CALL (0.001s wait)
.2020-01-21 11:13:53.729658 | eval'd: drake::cmq_buildtargetmetadepsspecht_is_subtargetconfig
2020-01-21 11:13:57.151974 | > DO_CALL (0.001s wait)
.2020-01-21 11:13:57.158428 | eval'd: drake::cmq_buildtargetmetadepsspecht_is_subtargetconfig
2020-01-21 11:14:00.597942 | > DO_CALL (0.000s wait)
.2020-01-21 11:14:00.602205 | eval'd: drake::cmq_buildtargetmetadepsspecht_is_subtargetconfig
2020-01-21 11:14:04.067138 | > DO_CALL (0.001s wait)
.2020-01-21 11:14:04.073240 | eval'd: drake::cmq_buildtargetmetadepsspecht_is_subtargetconfig
2020-01-21 11:14:07.563194 | > DO_CALL (0.001s wait)
.2020-01-21 11:14:07.570384 | eval'd: drake::cmq_buildtargetmetadepsspecht_is_subtargetconfig
2020-01-21 11:14:11.757444 | > DO_CALL (0.000s wait)
.2020-01-21 11:14:11.762398 | eval'd: drake::cmq_buildtargetmetadepsspecht_is_subtargetconfig
2020-01-21 11:14:14.963553 | > DO_CALL (0.000s wait)
.2020-01-21 11:14:14.968402 | eval'd: drake::cmq_buildtargetmetadepsspecht_is_subtargetconfig
2020-01-21 11:14:18.503132 | > DO_CALL (0.001s wait)
.2020-01-21 11:14:18.509093 | eval'd: drake::cmq_buildtargetmetadepsspecht_is_subtargetconfig
2020-01-21 11:14:22.706200 | > DO_CALL (0.000s wait)
.
2020-01-21 11:14:22.710768 | eval'd: drake::cmq_buildtargetmetadepsspecht_is_subtargetconfig
2020-01-21 11:14:28.176834 | > DO_CALL (0.001s wait)
.2020-01-21 11:14:28.182792 | eval'd: drake::cmq_buildtargetmetadepsspecht_is_subtargetconfig
2020-01-21 11:14:31.821221 | > DO_CALL (0.001s wait)
.2020-01-21 11:14:31.826845 | eval'd: drake::cmq_buildtargetmetadepsspecht_is_subtargetconfig
2020-01-21 11:14:35.262132 | > DO_CALL (0.001s wait)
.2020-01-21 11:14:35.267848 | eval'd: drake::cmq_buildtargetmetadepsspecht_is_subtargetconfig
2020-01-21 11:14:38.794086 | > DO_CALL (0.001s wait)
.2020-01-21 11:14:38.800452 | eval'd: drake::cmq_buildtargetmetadepsspecht_is_subtargetconfig
2020-01-21 11:14:42.323877 | > DO_CALL (0.001s wait)
.2020-01-21 11:14:42.329289 | eval'd: drake::cmq_buildtargetmetadepsspecht_is_subtargetconfig
2020-01-21 11:14:45.688010 | > DO_CALL (0.000s wait)
.2020-01-21 11:14:45.692351 | eval'd: drake::cmq_buildtargetmetadepsspecht_is_subtargetconfig
2020-01-21 11:14:49.024524 | > DO_CALL (0.000s wait)
.2020-01-21 11:14:49.029679 | eval'd: drake::cmq_buildtargetmetadepsspecht_is_subtargetconfig
2020-01-21 11:14:52.424990 | > DO_CALL (0.001s wait)
.2020-01-21 11:14:52.430758 | eval'd: drake::cmq_buildtargetmetadepsspecht_is_subtargetconfig
2020-01-21 11:14:55.852246 | > DO_CALL (0.000s wait)
.2020-01-21 11:14:55.872982 | eval'd: drake::cmq_buildtargetmetadepsspecht_is_subtargetconfig
2020-01-21 11:14:59.369278 | > DO_CALL (0.000s wait)
.2020-01-21 11:14:59.374483 | eval'd: drake::cmq_buildtargetmetadepsspecht_is_subtargetconfig
2020-01-21 11:15:02.703584 | > DO_CALL (0.000s wait)
.2020-01-21 11:15:02.708442 | eval'd: drake::cmq_buildtargetmetadepsspecht_is_subtargetconfig
2020-01-21 11:15:06.162069 | > DO_CALL (0.001s wait)
.2020-01-21 11:15:06.167758 | eval'd: drake::cmq_buildtargetmetadepsspecht_is_subtargetconfig
2020-01-21 11:15:09.564244 | > DO_CALL (0.001s wait)
.2020-01-21 11:15:09.570393 | eval'd: drake::cmq_buildtargetmetadepsspecht_is_subtargetconfig
2020-01-21 11:15:13.699661 | > DO_CALL (0.000s wait)
.2020-01-21 11:15:13.704586 | eval'd: drake::cmq_buildtargetmetadepsspecht_is_subtargetconfig
2020-01-21 11:15:17.273027 | > DO_CALL (0.001s wait)
.2020-01-21 11:15:17.279366 | eval'd: drake::cmq_buildtargetmetadepsspecht_is_subtargetconfig
2020-01-21 11:15:21.418916 | > DO_CALL (0.001s wait)
.2020-01-21 11:15:21.424533 | eval'd: drake::cmq_buildtargetmetadepsspecht_is_subtargetconfig
2020-01-21 11:15:24.824193 | > DO_CALL (0.001s wait)
.2020-01-21 11:15:24.830235 | eval'd: drake::cmq_buildtargetmetadepsspecht_is_subtargetconfig
2020-01-21 11:15:30.336693 | > DO_CALL (0.000s wait)
.2020-01-21 11:15:30.342725 | eval'd: drake::cmq_buildtargetmetadepsspecht_is_subtargetconfig
2020-01-21 11:15:33.810552 | > DO_CALL (0.000s wait)
.2020-01-21 11:15:33.815572 | eval'd: drake::cmq_buildtargetmetadepsspecht_is_subtargetconfig
2020-01-21 11:15:37.134791 | > DO_CALL (0.001s wait)
.2020-01-21 11:15:37.140599 | eval'd: drake::cmq_buildtargetmetadepsspecht_is_subtargetconfig
2020-01-21 11:15:40.679094 | > DO_CALL (0.001s wait)
.2020-01-21 11:15:40.685072 | eval'd: drake::cmq_buildtargetmetadepsspecht_is_subtargetconfig
2020-01-21 11:15:44.110179 | > DO_CALL (0.000s wait)
.2020-01-21 11:15:44.114381 | eval'd: drake::cmq_buildtargetmetadepsspecht_is_subtargetconfig
2020-01-21 11:15:47.616339 | > DO_CALL (0.000s wait)
.2020-01-21 11:15:47.621331 | eval'd: drake::cmq_buildtargetmetadepsspecht_is_subtargetconfig
2020-01-21 11:15:51.834421 | > DO_CALL (0.000s wait)
.2020-01-21 11:15:51.839181 | eval'd: drake::cmq_buildtargetmetadepsspecht_is_subtargetconfig
2020-01-21 11:15:55.227144 | > DO_CALL (0.001s wait)
.2020-01-21 11:15:55.232765 | eval'd: drake::cmq_buildtargetmetadepsspecht_is_subtargetconfig
2020-01-21 11:15:58.493159 | > DO_CALL (0.000s wait)
.2020-01-21 11:15:58.497500 | eval'd: drake::cmq_buildtargetmetadepsspecht_is_subtargetconfig
2020-01-21 11:16:01.892147 | > DO_CALL (0.001s wait)
.2020-01-21 11:16:01.898145 | eval'd: drake::cmq_buildtargetmetadepsspecht_is_subtargetconfig
2020-01-21 11:16:05.265095 | > DO_CALL (0.000s wait)
.2020-01-21 11:16:05.269681 | eval'd: drake::cmq_buildtargetmetadepsspecht_is_subtargetconfig
2020-01-21 11:16:08.749316 | > DO_CALL (0.000s wait)
.2020-01-21 11:16:08.754255 | eval'd: drake::cmq_buildtargetmetadepsspecht_is_subtargetconfig
2020-01-21 11:16:12.053810 | > DO_CALL (0.001s wait)
.2020-01-21 11:16:12.059240 | eval'd: drake::cmq_buildtargetmetadepsspecht_is_subtargetconfig
2020-01-21 11:16:15.881241 | > DO_CALL (0.000s wait)
.2020-01-21 11:16:15.885728 | eval'd: drake::cmq_buildtargetmetadepsspecht_is_subtargetconfig
2020-01-21 11:16:19.236665 | > DO_CALL (0.000s wait)
.2020-01-21 11:16:19.241539 | eval'd: drake::cmq_buildtargetmetadepsspecht_is_subtargetconfig
2020-01-21 11:16:22.717386 | > DO_CALL (0.000s wait)
.2020-01-21 11:16:22.722138 | eval'd: drake::cmq_buildtargetmetadepsspecht_is_subtargetconfig
2020-01-21 11:16:26.097554 | > DO_CALL (0.000s wait)
.2020-01-21 11:16:26.102458 | eval'd: drake::cmq_buildtargetmetadepsspecht_is_subtargetconfig
2020-01-21 11:16:29.666170 | > DO_CALL (0.001s wait)
.2020-01-21 11:16:29.672194 | eval'd: drake::cmq_buildtargetmetadepsspecht_is_subtargetconfig
2020-01-21 11:16:34.648007 | > DO_CALL (0.001s wait)
.2020-01-21 11:16:34.653674 | eval'd: drake::cmq_buildtargetmetadepsspecht_is_subtargetconfig
2020-01-21 11:16:38.010944 | > DO_CALL (0.001s wait)
.2020-01-21 11:16:38.016863 | eval'd: drake::cmq_buildtargetmetadepsspecht_is_subtargetconfig
2020-01-21 11:16:42.264228 | > DO_CALL (0.000s wait)
.2020-01-21 11:16:42.268624 | eval'd: drake::cmq_buildtargetmetadepsspecht_is_subtargetconfig
2020-01-21 11:16:45.652976 | > DO_CALL (0.001s wait)
.2020-01-21 11:16:45.658956 | eval'd: drake::cmq_buildtargetmetadepsspecht_is_subtargetconfig
2020-01-21 11:16:49.114673 | > DO_CALL (0.000s wait)
.2020-01-21 11:16:49.120029 | eval'd: drake::cmq_buildtargetmetadepsspecht_is_subtargetconfig
2020-01-21 11:16:52.532115 | > DO_CALL (0.000s wait)
.2020-01-21 11:16:52.536411 | eval'd: drake::cmq_buildtargetmetadepsspecht_is_subtargetconfig
2020-01-21 11:16:55.936548 | > DO_CALL (0.000s wait)
.2020-01-21 11:16:55.941628 | eval'd: drake::cmq_buildtargetmetadepsspecht_is_subtargetconfig
2020-01-21 11:16:59.077363 | > WORKER_WAIT (0.000s wait)
2020-01-21 11:16:59.078459 | waiting 2.50s
2020-01-21 11:19:41.998112 | > WORKER_WAIT (0.000s wait)
2020-01-21 11:19:42.002018 | waiting 2.50s
Error in clustermq:::worker("tcp://c24a-s1:7958") : 
  Timeout reached, terminating
Execution halted
