2019-11-08 18:14:54.172202 | Master: tcp://c5a-s2:6961
2019-11-08 18:14:54.414147 | WORKER_UP to: tcp://c5a-s2:6961
2019-11-08 18:14:57.541748 | > DO_SETUP (3.077s wait)
2019-11-08 18:14:57.542425 | token from msg: set_common_data_token
2019-11-08 18:14:59.674484 | > WORKER_WAIT (0.000s wait)
2019-11-08 18:14:59.675147 | waiting 1.00s
2019-11-08 18:15:00.783010 | > WORKER_WAIT (0.000s wait)
2019-11-08 18:15:00.783390 | waiting 1.00s
2019-11-08 18:15:01.806561 | > WORKER_WAIT (0.000s wait)
2019-11-08 18:15:01.806972 | waiting 1.00s
2019-11-08 18:15:02.830653 | > WORKER_WAIT (0.001s wait)
2019-11-08 18:15:02.831023 | waiting 1.00s
2019-11-08 18:15:03.860046 | > WORKER_WAIT (0.000s wait)
2019-11-08 18:15:03.860419 | waiting 1.00s
2019-11-08 18:15:04.883331 | > WORKER_WAIT (0.000s wait)
2019-11-08 18:15:04.884068 | waiting 1.00s
2019-11-08 18:15:06.195839 | > WORKER_WAIT (0.000s wait)
2019-11-08 18:15:06.196596 | waiting 1.00s
2019-11-08 18:15:09.662707 | > DO_CALL (1.296s wait)
.* Option 'clustermq.scheduler' not set, defaulting to ‘SLURM’
--- see: https://mschubert.github.io/clustermq/articles/userguide.html#configuration
2019-11-08 18:15:36.223977 | eval'd: drake::cmq_buildtargetmetadepslayoutconfig
2019-11-08 18:15:37.525343 | > DO_CALL (0.645s wait)
.2019-11-08 18:15:46.209520 | eval'd: drake::cmq_buildtargetmetadepslayoutconfig
2019-11-08 18:15:47.549828 | > DO_CALL (0.286s wait)
.2019-11-08 18:16:12.790815 | eval'd: drake::cmq_buildtargetmetadepslayoutconfig
2019-11-08 18:16:13.948108 | > DO_CALL (0.283s wait)
.2019-11-08 18:16:29.336523 | eval'd: drake::cmq_buildtargetmetadepslayoutconfig
2019-11-08 18:16:32.201627 | > DO_CALL (0.279s wait)
.
2019-11-08 18:16:47.551062 | eval'd: drake::cmq_buildtargetmetadepslayoutconfig
2019-11-08 18:16:50.743881 | > DO_CALL (0.293s wait)
.